ifile	/scratch/csagturk/mlbp_inst/n0010_m02__045.inst
prob	MLBP
threads	1
ttime	900
instance: /scratch/csagturk/mlbp_inst/n0010_m02__045.inst
	m=2, n=[10, 7, 6]
MIP: [1;32minit CPLEX[0m
CAN: [1;35mcreated 112 x_{ijk} variables[0m
CAN: [1;35mcreated 23 y_{ij} variables[0m
MIP: [1;32mcreated decision variables[0m
CAN: [1;35madded 10 constraints to enforce the packing of each item[0m
CAN: [1;35madded 7 constraints to enforce the packing of each item[0m
CAN: [1;35madded 13 capacity constraints[0m
MIP: [1;32mcreated constraints[0m
MIP: [1;32mcreated objective function[0m
MIP: [1;32mcalling CPLEX solve ...[0m
Version identifier: 22.1.0.0 | 2022-03-09 | 1a383f8ce
CPXPARAM_Threads                                 1
CPXPARAM_TimeLimit                               900
Tried aggregator 2 times.
MIP Presolve eliminated 0 rows and 16 columns.
MIP Presolve modified 32 coefficients.
Aggregator did 21 substitutions.
Reduced MIP has 72 rows, 158 columns, and 310 nonzeros.
Reduced MIP has 137 binaries, 0 generals, 0 SOSs, and 7 indicators.
Presolve time = 0.00 sec. (0.50 ticks)
Found incumbent of value 7917.000000 after 0.01 sec. (1.02 ticks)
Probing fixed 0 vars, tightened 9 bounds.
Probing changed sense of 7 constraints.
Probing time = 0.00 sec. (0.27 ticks)
Tried aggregator 1 time.
MIP Presolve eliminated 42 rows and 49 columns.
Reduced MIP has 30 rows, 109 columns, and 212 nonzeros.
Reduced MIP has 109 binaries, 0 generals, 0 SOSs, and 0 indicators.
Presolve time = 0.00 sec. (0.27 ticks)
Probing time = 0.00 sec. (0.10 ticks)
Tried aggregator 1 time.
Detecting symmetries...
Reduced MIP has 30 rows, 109 columns, and 212 nonzeros.
Reduced MIP has 109 binaries, 0 generals, 0 SOSs, and 0 indicators.
Presolve time = 0.00 sec. (0.19 ticks)
Probing time = 0.00 sec. (0.10 ticks)
Clique table members: 75.
MIP emphasis: balance optimality and feasibility.
MIP search method: dynamic search.
Parallel mode: none, using 1 thread.
Root relaxation solution time = 0.00 sec. (0.16 ticks)

        Nodes                                         Cuts/
   Node  Left     Objective  IInf  Best Integer    Best Bound    ItCnt     Gap

*     0+    0                         7917.0000        0.0000           100.00%
      0     0     4166.9984    12     7917.0000     4166.9984       42   47.37%
      0     0     4386.2366    22     7917.0000      Cuts: 29       80   44.60%
      0     0     4469.6863    28     7917.0000      Cuts: 17      103   43.54%
*     0+    0                         6109.0000     4469.6863            26.83%
*     0+    0                         4943.0000     4469.6863             9.58%
      0     0     4485.8905    24     4943.0000       Cuts: 9      112    9.25%
      0     0     4490.1883    38     4943.0000       Cuts: 8      119    9.16%
      0     0     4492.7561    13     4943.0000       Cuts: 9      126    9.11%
      0     0     4492.7561    19     4943.0000       Cuts: 7      134    9.11%
      0     0     4492.7561    10     4943.0000      Cuts: 10      150    9.11%
      0     0     4492.7561    23     4943.0000       Cuts: 8      160    9.11%
      0     2     4492.7561    17     4943.0000     4492.7561      160    9.11%
Elapsed time = 0.02 sec. (8.53 ticks, tree = 0.01 MB, solutions = 3)
*    29    18      integral     0     4724.0000     4509.7143      358    4.54%

Clique cuts applied:  4
Cover cuts applied:  77
Flow cuts applied:  1
Mixed integer rounding cuts applied:  4
Zero-half cuts applied:  3
Gomory fractional cuts applied:  1

Root node processing (before b&c):
  Real time             =    0.02 sec. (8.54 ticks)
Sequential b&c:
  Real time             =    0.07 sec. (51.67 ticks)
                          ------------
Total (root+branch&cut) =    0.09 sec. (60.21 ticks)
MIP: [1;32mCPLEX finished.[0m
MIP: [1;32mCPLEX status: Optimal[0m
MIP: [1;32mSolution: 
[5, 6, 6, 2, 3, 5, 6, 4, 6, 4][-1, -1, 2, 2, 3, 3, 5][0m
MIP: [1;32mObjective value: 4724[0m
MIP: [1;32mLower Bound: 4724[0m
MIP: [1;32mBranch-and-Bound nodes: 616[0m

# best solution:
best objective value:	4724
best dual bound value:	4724
optimality gap:	0%
CPU time:	0.0869801
