ifile	/scratch/csagturk/mlbp_inst/n0010_m01__096.inst
prob	MLBP
threads	1
ttime	900
instance: /scratch/csagturk/mlbp_inst/n0010_m01__096.inst
	m=1, n=[10, 7]
MIP: [1;32minit CPLEX[0m
CAN: [1;35mcreated 70 x_{ijk} variables[0m
CAN: [1;35mcreated 17 y_{ij} variables[0m
MIP: [1;32mcreated decision variables[0m
CAN: [1;35madded 10 constraints to enforce the packing of each item[0m
CAN: [1;35madded 0 constraints to enforce the packing of each item[0m
CAN: [1;35madded 7 capacity constraints[0m
MIP: [1;32mcreated constraints[0m
MIP: [1;32mcreated objective function[0m
MIP: [1;32mcalling CPLEX solve ...[0m
Version identifier: 22.1.0.0 | 2022-03-09 | 1a383f8ce
CPXPARAM_Threads                                 1
CPXPARAM_TimeLimit                               900
Tried aggregator 2 times.
MIP Presolve eliminated 0 rows and 19 columns.
MIP Presolve modified 1 coefficients.
Aggregator did 1 substitutions.
Reduced MIP has 16 rows, 57 columns, and 107 nonzeros.
Reduced MIP has 57 binaries, 0 generals, 0 SOSs, and 0 indicators.
Presolve time = 0.00 sec. (0.13 ticks)
Found incumbent of value 3303.000000 after 0.00 sec. (0.25 ticks)
Probing time = 0.00 sec. (0.04 ticks)
Tried aggregator 1 time.
Detecting symmetries...
Reduced MIP has 16 rows, 57 columns, and 107 nonzeros.
Reduced MIP has 57 binaries, 0 generals, 0 SOSs, and 0 indicators.
Presolve time = 0.00 sec. (0.09 ticks)
Probing time = 0.00 sec. (0.04 ticks)
Clique table members: 45.
MIP emphasis: balance optimality and feasibility.
MIP search method: dynamic search.
Parallel mode: none, using 1 thread.
Root relaxation solution time = 0.00 sec. (0.06 ticks)

        Nodes                                         Cuts/
   Node  Left     Objective  IInf  Best Integer    Best Bound    ItCnt     Gap

*     0+    0                         3303.0000        0.0000           100.00%
      0     0     2074.0000     7     3303.0000     2074.0000       16   37.21%
*     0+    0                         2424.0000     2074.0000            14.44%
      0     0     2207.5833    11     2424.0000      Cuts: 12       40    8.93%
      0     0     2247.2941    15     2424.0000      Cuts: 18       63    7.29%
      0     0     2247.2941    17     2424.0000      Cuts: 11       85    7.29%
      0     0     2247.2941    14     2424.0000       Cuts: 5       96    7.29%
*     0+    0                         2284.0000     2247.2941             1.61%
      0     2     2247.2941    12     2284.0000     2247.2941       96    1.61%
Elapsed time = 0.01 sec. (2.76 ticks, tree = 0.01 MB, solutions = 3)
*    15     6      integral     0     2270.0000     2247.2941      168    1.00%

Cover cuts applied:  4
Flow cuts applied:  1
Gomory fractional cuts applied:  2

Root node processing (before b&c):
  Real time             =    0.01 sec. (2.76 ticks)
Sequential b&c:
  Real time             =    0.00 sec. (0.52 ticks)
                          ------------
Total (root+branch&cut) =    0.01 sec. (3.28 ticks)
MIP: [1;32mCPLEX finished.[0m
MIP: [1;32mCPLEX status: Optimal[0m
MIP: [1;32mSolution: 
[3, 5, 6, 1, 5, 6, 3, 3, 6, 3][0m
MIP: [1;32mObjective value: 2270[0m
MIP: [1;32mLower Bound: 2270[0m
MIP: [1;32mBranch-and-Bound nodes: 21[0m

# best solution:
best objective value:	2270
best dual bound value:	2270
optimality gap:	0%
CPU time:	0.0122823
