ifile	/scratch/csagturk/mlbp_inst/n0020_m02__069.inst
prob	MLBP
threads	1
ttime	900
instance: /scratch/csagturk/mlbp_inst/n0020_m02__069.inst
	m=2, n=[20, 12, 7]
MIP: [1;32minit CPLEX[0m
CAN: [1;35mcreated 324 x_{ijk} variables[0m
CAN: [1;35mcreated 39 y_{ij} variables[0m
MIP: [1;32mcreated decision variables[0m
CAN: [1;35madded 20 constraints to enforce the packing of each item[0m
CAN: [1;35madded 12 constraints to enforce the packing of each item[0m
CAN: [1;35madded 19 capacity constraints[0m
MIP: [1;32mcreated constraints[0m
MIP: [1;32mcreated objective function[0m
MIP: [1;32mcalling CPLEX solve ...[0m
Version identifier: 22.1.0.0 | 2022-03-09 | 1a383f8ce
CPXPARAM_Threads                                 1
CPXPARAM_TimeLimit                               900
Tried aggregator 2 times.
MIP Presolve eliminated 0 rows and 46 columns.
MIP Presolve modified 41 coefficients.
Aggregator did 36 substitutions.
Reduced MIP has 123 rows, 381 columns, and 755 nonzeros.
Reduced MIP has 345 binaries, 0 generals, 0 SOSs, and 12 indicators.
Presolve time = 0.00 sec. (1.41 ticks)
Found incumbent of value 12121.000000 after 0.01 sec. (2.87 ticks)
Probing fixed 0 vars, tightened 12 bounds.
Probing changed sense of 12 constraints.
Probing time = 0.00 sec. (0.79 ticks)
Tried aggregator 1 time.
MIP Presolve eliminated 72 rows and 84 columns.
Reduced MIP has 51 rows, 297 columns, and 587 nonzeros.
Reduced MIP has 297 binaries, 0 generals, 0 SOSs, and 0 indicators.
Presolve time = 0.00 sec. (0.83 ticks)
Probing time = 0.00 sec. (0.37 ticks)
Tried aggregator 1 time.
Detecting symmetries...
Reduced MIP has 51 rows, 297 columns, and 587 nonzeros.
Reduced MIP has 297 binaries, 0 generals, 0 SOSs, and 0 indicators.
Presolve time = 0.00 sec. (0.60 ticks)
Probing time = 0.00 sec. (0.37 ticks)
Clique table members: 218.
MIP emphasis: balance optimality and feasibility.
MIP search method: dynamic search.
Parallel mode: none, using 1 thread.
Root relaxation solution time = 0.00 sec. (0.61 ticks)

        Nodes                                         Cuts/
   Node  Left     Objective  IInf  Best Integer    Best Bound    ItCnt     Gap

*     0+    0                        12121.0000        0.0000           100.00%
      0     0     7479.9743    20    12121.0000     7479.9743      109   38.29%
      0     0     7571.3727    42    12121.0000      Cuts: 39      154   37.54%
*     0+    0                         8933.0000     7571.3727            15.24%
      0     0     7574.7335    46     8933.0000      Cuts: 48      205   15.21%
      0     0     7588.1069    33     8933.0000      Cuts: 40      252   15.06%
      0     0     7593.6380    46     8933.0000      Cuts: 26      282   14.99%
      0     0     7598.2357    46     8933.0000      Cuts: 30      314   14.94%
      0     0     7604.6312    41     8933.0000      Cuts: 24      366   14.87%
      0     0     7624.5115    46     8933.0000      Cuts: 24      415   14.65%
      0     0     7635.4802    50     8933.0000      Cuts: 21      470   14.53%
      0     0     7636.9267    53     8933.0000      Cuts: 22      502   14.51%
*     0+    0                         8853.0000     7636.9267            13.74%
      0     0     7641.2331    36     8853.0000      Cuts: 21      518   13.69%
      0     0     7650.6214    44     8853.0000      Cuts: 17      539   13.58%
      0     0     7664.2128    40     8853.0000      Cuts: 15      574   13.43%
      0     0     7686.8032    38     8853.0000      Cuts: 19      610   13.17%
      0     0     7686.8032    48     8853.0000      Cuts: 29      638   13.17%
      0     0     7686.8032    39     8853.0000       Cuts: 6      652   13.17%
*     0+    0                         8226.0000     7686.8032             6.55%
*     0+    0                         8076.0000     7686.8032             4.82%
      0     2     7686.8032    36     8076.0000     7695.1857      652    4.72%
Elapsed time = 0.06 sec. (42.79 ticks, tree = 0.01 MB, solutions = 5)
*   280   178      integral     0     7906.0000     7695.1857     2677    2.67%
*   729   307      integral     0     7825.0000     7695.1857     9370    1.66%
   1388   125        cutoff           7825.0000     7800.3764    22810    0.31%

Clique cuts applied:  10
Cover cuts applied:  120
Flow cuts applied:  2
Mixed integer rounding cuts applied:  13
Zero-half cuts applied:  7
Gomory fractional cuts applied:  2

Root node processing (before b&c):
  Real time             =    0.07 sec. (42.81 ticks)
Sequential b&c:
  Real time             =    0.46 sec. (449.45 ticks)
                          ------------
Total (root+branch&cut) =    0.52 sec. (492.26 ticks)
MIP: [1;32mCPLEX finished.[0m
MIP: [1;32mCPLEX status: Optimal[0m
MIP: [1;32mSolution: 
[4, 8, 1, 8, 5, 11, 7, 8, 8, 1, 2, 1, 11, 5, 2, 7, 2, 11, 11, 4][-1, 1, 5, -1, 1, 5, -1, 4, 0, -1, -1, 4][0m
MIP: [1;32mObjective value: 7825[0m
MIP: [1;32mLower Bound: 7825[0m
MIP: [1;32mBranch-and-Bound nodes: 1623[0m

# best solution:
best objective value:	7825
best dual bound value:	7824
optimality gap:	0.0127796%
CPU time:	0.501817
