ifile	/scratch/csagturk/mlbp_inst/n0030_m02__007.inst
prob	MLBP
threads	1
ttime	900
instance: /scratch/csagturk/mlbp_inst/n0030_m02__007.inst
	m=2, n=[30, 18, 11]
MIP: [1;32minit CPLEX[0m
CAN: [1;35mcreated 738 x_{ijk} variables[0m
CAN: [1;35mcreated 59 y_{ij} variables[0m
MIP: [1;32mcreated decision variables[0m
CAN: [1;35madded 30 constraints to enforce the packing of each item[0m
CAN: [1;35madded 18 constraints to enforce the packing of each item[0m
CAN: [1;35madded 29 capacity constraints[0m
MIP: [1;32mcreated constraints[0m
MIP: [1;32mcreated objective function[0m
MIP: [1;32mcalling CPLEX solve ...[0m
Version identifier: 22.1.0.0 | 2022-03-09 | 1a383f8ce
CPXPARAM_Threads                                 1
CPXPARAM_TimeLimit                               900
Tried aggregator 2 times.
MIP Presolve eliminated 0 rows and 126 columns.
MIP Presolve modified 59 coefficients.
Aggregator did 54 substitutions.
Reduced MIP has 185 rows, 767 columns, and 1523 nonzeros.
Reduced MIP has 713 binaries, 0 generals, 0 SOSs, and 29 indicators.
Presolve time = 0.00 sec. (2.99 ticks)
Found incumbent of value 17840.000000 after 0.01 sec. (7.63 ticks)
Probing fixed 0 vars, tightened 18 bounds.
Probing changed sense of 18 constraints.
Probing time = 0.00 sec. (2.05 ticks)
Tried aggregator 1 time.
MIP Presolve eliminated 108 rows and 126 columns.
Reduced MIP has 77 rows, 641 columns, and 1271 nonzeros.
Reduced MIP has 641 binaries, 0 generals, 0 SOSs, and 0 indicators.
Presolve time = 0.00 sec. (1.67 ticks)
Probing time = 0.00 sec. (1.09 ticks)
Tried aggregator 1 time.
Detecting symmetries...
Reduced MIP has 77 rows, 641 columns, and 1271 nonzeros.
Reduced MIP has 641 binaries, 0 generals, 0 SOSs, and 0 indicators.
Presolve time = 0.00 sec. (1.30 ticks)
Probing time = 0.00 sec. (1.09 ticks)
Clique table members: 431.
MIP emphasis: balance optimality and feasibility.
MIP search method: dynamic search.
Parallel mode: none, using 1 thread.
Root relaxation solution time = 0.00 sec. (1.46 ticks)

        Nodes                                         Cuts/
   Node  Left     Objective  IInf  Best Integer    Best Bound    ItCnt     Gap

*     0+    0                        17840.0000        0.0000           100.00%
      0     0    13359.0889    39    17840.0000    13359.0889      165   25.12%
      0     0    13368.3659    34    17840.0000      Cuts: 55      242   25.07%
      0     0    13371.4829    45    17840.0000      Cuts: 70      326   25.05%
      0     0    13371.4829    58    17840.0000      Cuts: 67      437   25.05%
      0     0    13371.4829    60    17840.0000      Cuts: 29      542   25.05%
*     0+    0                        16550.0000    13371.4829            19.21%
      0     0  -1.00000e+75     0    16550.0000    13371.4829      542   19.21%
      0     2    13371.4829    25    16550.0000    13371.4829      542   19.21%
Elapsed time = 0.07 sec. (60.69 ticks, tree = 0.01 MB, solutions = 2)
*    30+   30                        15417.0000    13371.4829            13.27%
*    40+   40                        14793.0000    13371.4829             9.61%
*    70+   70                        14354.0000    13371.4829             6.84%
*   170+  150                        14310.0000    13371.4829             6.56%
*   524+  466                        14269.0000    13371.4829             6.29%
*   524+  465                        14257.0000    13371.4829             6.21%
    524   467    13371.4829    62    14257.0000    13371.4829     7411    6.21%

Performing restart 1

Repeating presolve.
Tried aggregator 1 time.
MIP Presolve modified 311 coefficients.
Reduced MIP has 77 rows, 641 columns, and 1271 nonzeros.
Reduced MIP has 641 binaries, 0 generals, 0 SOSs, and 0 indicators.
Presolve time = 0.01 sec. (2.79 ticks)
Tried aggregator 1 time.
MIP Presolve modified 230 coefficients.
Reduced MIP has 77 rows, 641 columns, and 1271 nonzeros.
Reduced MIP has 641 binaries, 0 generals, 0 SOSs, and 0 indicators.
Presolve time = 0.01 sec. (2.89 ticks)
Represolve time = 0.02 sec. (10.49 ticks)
    634     0    13366.5281    64    14257.0000      Cuts: 79    10550    6.21%
    634     0    13367.1873    71    14257.0000      Cuts: 77    10675    6.21%
    634     0    13367.5536    78    14257.0000      Cuts: 82    10821    6.21%
    634     0    13369.9277    62    14257.0000      Cuts: 30    10957    6.21%
    634     0    13370.4110    58    14257.0000      Cuts: 78    11092    6.21%
    634     0    13373.8053    82    14257.0000      Cuts: 79    11222    6.19%
    634     0    13374.5947    84    14257.0000      Cuts: 74    11382    6.19%
    634     0    13375.6415    88    14257.0000      Cuts: 70    11491    6.18%
    634     0    13376.6684    92    14257.0000      Cuts: 79    11634    6.17%
    634     0    13376.8085    85    14257.0000      Cuts: 71    11781    6.17%
    634     0    13377.0846    94    14257.0000      Cuts: 44    11900    6.17%
    634     0    13378.9637    98    14257.0000      Cuts: 44    11992    6.16%
    634     0    13380.9709   104    14257.0000      Cuts: 49    12116    6.14%
    634     0    13382.3217   108    14257.0000      Cuts: 49    12216    6.14%
    634     0    13385.5262    94    14257.0000      Cuts: 57    12343    6.11%
    634     0    13389.0057    83    14257.0000      Cuts: 54    12434    6.09%
    634     0    13390.4743    85    14257.0000      Cuts: 36    12491    6.08%
    634     0    13391.4956    87    14257.0000      Cuts: 33    12534    6.07%
    634     0    13391.8890    69    14257.0000      Cuts: 21    12575    6.07%
    634     0    13391.9409    67    14257.0000      Cuts: 22    12598    6.07%
*   634+    0                        13874.0000    13391.9409             3.47%
    634     2    13391.9409    61    13874.0000    13391.9899    12598    3.47%
*   734+   89                        13792.0000    13398.2203             2.86%
    734    91    13438.6437    45    13792.0000    13398.2203    14141    2.86%
    932   238    13473.3998    68    13792.0000    13406.4053    17150    2.80%
*   934+  154                        13582.0000    13406.4053             1.29%
*   934+  150                        13570.0000    13406.4053             1.21%
*   934+  139                        13558.0000    13406.4053             1.12%
    934   141    13496.7368    41    13558.0000    13406.4053    17186    1.12%
   1034   208    13428.4272    72    13558.0000    13409.5755    19498    1.09%
*  1134+  227                        13530.0000    13416.7239             0.84%
   1134   229    13499.5711    80    13530.0000    13416.7239    22379    0.84%
   1234   270    13468.6019    71    13530.0000    13421.2917    25683    0.80%
   1368   323    13468.4319    81    13530.0000    13430.5921    30009    0.73%
*  1938   123      integral     0    13485.0000    13461.9592    46985    0.17%

Clique cuts applied:  15
Cover cuts applied:  124
Flow cuts applied:  6
Mixed integer rounding cuts applied:  79
Zero-half cuts applied:  17
Gomory fractional cuts applied:  6

Root node processing (before b&c):
  Real time             =    0.07 sec. (60.80 ticks)
Sequential b&c:
  Real time             =    3.33 sec. (4023.59 ticks)
                          ------------
Total (root+branch&cut) =    3.40 sec. (4084.38 ticks)
MIP: [1;32mCPLEX finished.[0m
MIP: [1;32mCPLEX status: Optimal[0m
MIP: [1;32mSolution: 
[15, 14, 6, 6, 14, 2, 15, 12, 8, 1, 9, 15, 10, 5, 16, 7, 14, 11, 13, 15, 12, 1, 16, 8, 11, 9, 7, 10, 13, 5][-1, 7, 1, -1, -1, 10, 5, 4, 5, 10, 0, 7, 1, 4, 6, 0, 7, -1][0m
MIP: [1;32mObjective value: 13485[0m
MIP: [1;32mLower Bound: 13483.7[0m
MIP: [1;32mBranch-and-Bound nodes: 2093[0m

# best solution:
best objective value:	13485
best dual bound value:	13485
optimality gap:	0%
CPU time:	3.37029
