ifile	/scratch/csagturk/mlbp_inst/n0030_m03__088.inst
prob	MLBP
threads	1
ttime	900
instance: /scratch/csagturk/mlbp_inst/n0030_m03__088.inst
	m=3, n=[30, 19, 13, 12]
MIP: [1;32minit CPLEX[0m
CAN: [1;35mcreated 973 x_{ijk} variables[0m
CAN: [1;35mcreated 74 y_{ij} variables[0m
MIP: [1;32mcreated decision variables[0m
CAN: [1;35madded 30 constraints to enforce the packing of each item[0m
CAN: [1;35madded 32 constraints to enforce the packing of each item[0m
CAN: [1;35madded 44 capacity constraints[0m
MIP: [1;32mcreated constraints[0m
MIP: [1;32mcreated objective function[0m
MIP: [1;32mcalling CPLEX solve ...[0m
Version identifier: 22.1.0.0 | 2022-03-09 | 1a383f8ce
CPXPARAM_Threads                                 1
CPXPARAM_TimeLimit                               900
Tried aggregator 2 times.
MIP Presolve eliminated 0 rows and 138 columns.
MIP Presolve modified 240 coefficients.
Aggregator did 97 substitutions.
Reduced MIP has 298 rows, 1102 columns, and 2194 nonzeros.
Reduced MIP has 1007 binaries, 0 generals, 0 SOSs, and 56 indicators.
Presolve time = 0.00 sec. (4.17 ticks)
Found incumbent of value 32639.000000 after 0.02 sec. (11.39 ticks)
Probing fixed 0 vars, tightened 35 bounds.
Probing changed sense of 34 constraints.
Probing time = 0.01 sec. (3.45 ticks)
Tried aggregator 1 time.
MIP Presolve eliminated 193 rows and 224 columns.
Reduced MIP has 105 rows, 878 columns, and 1744 nonzeros.
Reduced MIP has 878 binaries, 0 generals, 0 SOSs, and 0 indicators.
Presolve time = 0.00 sec. (2.19 ticks)
Probing time = 0.00 sec. (1.64 ticks)
Tried aggregator 1 time.
Detecting symmetries...
Reduced MIP has 105 rows, 878 columns, and 1744 nonzeros.
Reduced MIP has 878 binaries, 0 generals, 0 SOSs, and 0 indicators.
Presolve time = 0.00 sec. (1.71 ticks)
Probing time = 0.00 sec. (1.64 ticks)
Clique table members: 496.
MIP emphasis: balance optimality and feasibility.
MIP search method: dynamic search.
Parallel mode: none, using 1 thread.
Root relaxation solution time = 0.00 sec. (2.66 ticks)

        Nodes                                         Cuts/
   Node  Left     Objective  IInf  Best Integer    Best Bound    ItCnt     Gap

*     0+    0                        32639.0000        0.0000           100.00%
      0     0    18962.2913    42    32639.0000    18962.2913      278   41.90%
      0     0    18987.3080    58    32639.0000      Cuts: 71      400   41.83%
      0     0    18997.5933    87    32639.0000      Cuts: 86      546   41.79%
      0     0    19003.4634    96    32639.0000      Cuts: 68      703   41.78%
      0     0    19015.1212   101    32639.0000      Cuts: 67      839   41.74%
      0     0    19032.9416    97    32639.0000      Cuts: 67      984   41.69%
      0     0    19056.9708   103    32639.0000      Cuts: 61     1110   41.61%
      0     0    19076.0409   129    32639.0000      Cuts: 57     1215   41.55%
      0     0    19092.7080   109    32639.0000      Cuts: 67     1369   41.50%
      0     0    19122.7908   104    32639.0000      Cuts: 65     1462   41.41%
      0     0    19137.7877   131    32639.0000      Cuts: 50     1574   41.37%
      0     0    19149.4822   110    32639.0000      Cuts: 52     1688   41.33%
      0     0    19178.0956   101    32639.0000      Cuts: 35     1795   41.24%
      0     0    19195.4034    95    32639.0000      Cuts: 44     1924   41.19%
      0     0    19206.3262    93    32639.0000      Cuts: 48     1988   41.16%
      0     0    19217.8887    84    32639.0000      Cuts: 35     2076   41.12%
      0     0    19232.3298    95    32639.0000      Cuts: 57     2155   41.08%
      0     0    19235.2743    97    32639.0000      Cuts: 42     2244   41.07%
      0     0    19235.5754   105    32639.0000      Cuts: 30     2310   41.07%
*     0+    0                        21801.0000    19235.5754            11.77%
*     0+    0                        21704.0000    19235.5754            11.37%
      0     0  -1.00000e+75     0    21704.0000    19235.5754     2310   11.37%
      0     2    19235.5754    91    21704.0000    19235.6180     2310   11.37%
Elapsed time = 0.24 sec. (220.59 ticks, tree = 0.01 MB, solutions = 3)
*    10+   10                        21177.0000    19237.7566             9.16%
*    70+   68                        19878.0000    19237.7566             3.22%
*    80+   67                        19691.0000    19237.7566             2.30%
    380   321    19409.3061    79    19691.0000    19237.7775     8685    2.30%
    761   615    19247.1953    73    19691.0000    19237.7775    15992    2.30%

Performing restart 1

Repeating presolve.
Tried aggregator 1 time.
MIP Presolve eliminated 0 rows and 15 columns.
MIP Presolve modified 722 coefficients.
Reduced MIP has 105 rows, 863 columns, and 1715 nonzeros.
Reduced MIP has 863 binaries, 0 generals, 0 SOSs, and 0 indicators.
Presolve time = 0.01 sec. (4.95 ticks)
Tried aggregator 1 time.
MIP Presolve modified 388 coefficients.
Reduced MIP has 105 rows, 863 columns, and 1715 nonzeros.
Reduced MIP has 863 binaries, 0 generals, 0 SOSs, and 0 indicators.
Presolve time = 0.01 sec. (4.62 ticks)
Represolve time = 0.03 sec. (19.68 ticks)
   1054     0    19193.2370   118    19691.0000      Cuts: 77    24010    2.30%
   1054     0    19238.6439   111    19691.0000      Cuts: 54    24163    2.30%
   1054     0    19252.0976   100    19691.0000      Cuts: 85    24344    2.23%
   1054     0    19259.9685   113    19691.0000      Cuts: 62    24592    2.19%
   1054     0    19265.0213   127    19691.0000      Cuts: 41    24711    2.16%
   1054     0    19330.8235   130    19691.0000      Cuts: 42    24818    1.83%
   1054     0    19360.3448   113    19691.0000      Cuts: 51    24987    1.68%
   1054     0    19360.5982   125    19691.0000      Cuts: 68    25129    1.68%
   1054     0    19370.5178    86    19691.0000      Cuts: 50    25226    1.63%
   1054     0    19372.0483   115    19691.0000      Cuts: 38    25351    1.62%
   1054     0    19375.6042   102    19691.0000      Cuts: 52    25475    1.60%
   1054     0    19377.3174   107    19691.0000      Cuts: 47    25557    1.59%
   1054     0    19378.5784    98    19691.0000      Cuts: 35    25636    1.59%
   1054     0    19379.9361   114    19691.0000      Cuts: 33    25723    1.58%
   1054     0    19381.2985    82    19691.0000      Cuts: 31    25785    1.57%
   1054     0    19382.1745   101    19691.0000      Cuts: 26    25835    1.57%
   1054     0    19382.6421   112    19691.0000      Cuts: 25    25960    1.57%
   1054     0    19382.7001   115    19691.0000      Cuts: 44    26056    1.57%
   1054     0    19383.4262   129    19691.0000      Cuts: 39    26220    1.56%
   1054     2    19383.4262   117    19691.0000    19385.0901    26220    1.55%
   1087    22    19484.0647    65    19691.0000    19395.2453    27475    1.50%
   1152    72        cutoff          19691.0000    19400.7256    29247    1.47%
   1271   151    19450.8197    87    19691.0000    19403.1339    32188    1.46%
   1408   243    19449.5408    74    19691.0000    19412.8150    35377    1.41%
   1528   310    19537.2881    81    19691.0000    19421.0048    39412    1.37%
   1667   395    19480.7657    89    19691.0000    19436.0109    43385    1.29%
   2254   664    19570.4245    64    19691.0000    19462.1880    62322    1.16%
Elapsed time = 3.15 sec. (3931.60 ticks, tree = 0.41 MB, solutions = 6)
   2796   844        cutoff          19691.0000    19481.1214    82729    1.07%
   3252   949    19628.7020    63    19691.0000    19498.7588   101396    0.98%
   3735  1104    19591.6158   100    19691.0000    19514.6875   123035    0.90%
   4094  1262    19646.8196    93    19691.0000    19523.1732   143859    0.85%
   4336  1315    19639.2660    93    19691.0000    19527.1538   161809    0.83%
   4583  1438    19547.0000    42    19691.0000    19530.7071   181838    0.81%
   4794  1522    19688.0000    31    19691.0000    19534.4338   200495    0.80%
   5070  1681        cutoff          19691.0000    19537.8490   222070    0.78%
   5237  1701    19629.8668    70    19691.0000    19541.6368   239369    0.76%
   5398  1756    19659.4069    87    19691.0000    19544.5527   257188    0.74%
Elapsed time = 10.14 sec. (13553.54 ticks, tree = 1.33 MB, solutions = 6)
   5588  1822    19547.0000    11    19691.0000    19547.0000   275807    0.73%
   5853  1913    19547.0000    40    19691.0000    19547.0000   297702    0.73%
*  6054+ 1371                        19632.0000    19547.0000             0.43%
   6184  1385    infeasible          19632.0000    19547.0000   320948    0.43%
*  6463     1      integral     0    19547.0000    19547.0000   339100    0.00%

Clique cuts applied:  38
Cover cuts applied:  337
Flow cuts applied:  5
Mixed integer rounding cuts applied:  71
Zero-half cuts applied:  50
Lift and project cuts applied:  3
Gomory fractional cuts applied:  6

Root node processing (before b&c):
  Real time             =    0.24 sec. (220.67 ticks)
Sequential b&c:
  Real time             =   12.63 sec. (16962.79 ticks)
                          ------------
Total (root+branch&cut) =   12.87 sec. (17183.47 ticks)
MIP: [1;32mCPLEX finished.[0m
MIP: [1;32mCPLEX status: Optimal[0m
MIP: [1;32mSolution: 
[9, 6, 16, 15, 7, 0, 12, 10, 11, 1, 2, 17, 5, 16, 6, 1, 17, 10, 8, 16, 4, 0, 12, 13, 11, 6, 9, 7, 2, 16][0, 8, 8, -1, 0, 12, 12, 1, 8, 0, 2, 2, 9, 0, -1, 10, 6, 10, -1][11, 0, 4, -1, -1, -1, 10, -1, 10, 4, 11, -1, 0][0m
MIP: [1;32mObjective value: 19547[0m
MIP: [1;32mLower Bound: 19547[0m
MIP: [1;32mBranch-and-Bound nodes: 6464[0m

# best solution:
best objective value:	19547
best dual bound value:	19547
optimality gap:	0%
CPU time:	12.804
