ifile	/scratch/csagturk/mlbp_inst/n0030_m02__057.inst
prob	MLBP
threads	1
ttime	900
instance: /scratch/csagturk/mlbp_inst/n0030_m02__057.inst
	m=2, n=[30, 22, 16]
MIP: [1;32minit CPLEX[0m
CAN: [1;35mcreated 1012 x_{ijk} variables[0m
CAN: [1;35mcreated 68 y_{ij} variables[0m
MIP: [1;32mcreated decision variables[0m
CAN: [1;35madded 30 constraints to enforce the packing of each item[0m
CAN: [1;35madded 22 constraints to enforce the packing of each item[0m
CAN: [1;35madded 38 capacity constraints[0m
MIP: [1;32mcreated constraints[0m
MIP: [1;32mcreated objective function[0m
MIP: [1;32mcalling CPLEX solve ...[0m
Version identifier: 22.1.0.0 | 2022-03-09 | 1a383f8ce
CPXPARAM_Threads                                 1
CPXPARAM_TimeLimit                               900
Tried aggregator 2 times.
MIP Presolve eliminated 0 rows and 171 columns.
MIP Presolve modified 125 coefficients.
Aggregator did 66 substitutions.
Reduced MIP has 222 rows, 1033 columns, and 2050 nonzeros.
Reduced MIP has 967 binaries, 0 generals, 0 SOSs, and 40 indicators.
Presolve time = 0.01 sec. (4.11 ticks)
Found incumbent of value 20877.000000 after 0.01 sec. (7.35 ticks)
Probing fixed 0 vars, tightened 22 bounds.
Probing changed sense of 22 constraints.
Probing time = 0.00 sec. (3.47 ticks)
Tried aggregator 1 time.
MIP Presolve eliminated 132 rows and 154 columns.
Reduced MIP has 90 rows, 879 columns, and 1742 nonzeros.
Reduced MIP has 879 binaries, 0 generals, 0 SOSs, and 0 indicators.
Presolve time = 0.00 sec. (2.24 ticks)
Probing time = 0.00 sec. (1.86 ticks)
Tried aggregator 1 time.
Detecting symmetries...
Reduced MIP has 90 rows, 879 columns, and 1742 nonzeros.
Reduced MIP has 879 binaries, 0 generals, 0 SOSs, and 0 indicators.
Presolve time = 0.00 sec. (1.72 ticks)
Probing time = 0.00 sec. (1.86 ticks)
Clique table members: 429.
MIP emphasis: balance optimality and feasibility.
MIP search method: dynamic search.
Parallel mode: none, using 1 thread.
Root relaxation solution time = 0.00 sec. (1.98 ticks)

        Nodes                                         Cuts/
   Node  Left     Objective  IInf  Best Integer    Best Bound    ItCnt     Gap

*     0+    0                        20877.0000        0.0000           100.00%
      0     0    14817.2778    45    20877.0000    14817.2778      207   29.03%
*     0+    0                        18692.0000    14817.2778            20.73%
      0     0    14817.2778    86    18692.0000      Cuts: 78      360   20.73%
      0     0    14898.2350    87    18692.0000      Cuts: 59      593   20.30%
      0     0    14900.7825    98    18692.0000      Cuts: 57      926   20.28%
      0     0    14909.2217    89    18692.0000      Cuts: 66     1113   20.24%
      0     0    14915.9016   101    18692.0000      Cuts: 71     1223   20.20%
      0     0    14923.6461   102    18692.0000      Cuts: 54     1334   20.16%
      0     0    14949.6149   106    18692.0000      Cuts: 60     1485   20.02%
      0     0    14966.5616   101    18692.0000      Cuts: 54     1712   19.93%
      0     0    14974.6977   110    18692.0000      Cuts: 54     1849   19.89%
*     0+    0                        17077.0000    14974.6977            12.31%
      0     0    14990.3124    75    17077.0000      Cuts: 51     2084   12.22%
      0     0    14994.9976   113    17077.0000      Cuts: 47     2226   12.19%
      0     0    14995.9763    87    17077.0000      Cuts: 43     2334   12.19%
      0     0    15003.7518   105    17077.0000      Cuts: 47     2481   12.14%
      0     0    15006.1972    92    17077.0000      Cuts: 56     2633   12.13%
      0     0    15006.4601    93    17077.0000      Cuts: 32     2709   12.12%
*     0+    0                        16979.0000    15006.4601            11.62%
*     0+    0                        16390.0000    15006.4601             8.44%
      0     2    15006.4601    71    16390.0000    15006.4601     2709    8.44%
Elapsed time = 0.22 sec. (225.41 ticks, tree = 0.01 MB, solutions = 5)
*    20+   20                        16140.0000    15006.4601             7.02%
*    20+   20                        15657.0000    15006.4601             4.15%
*   100+   94                        15479.0000    15006.4601             3.05%
    303   268    15045.4437    58    15479.0000    15006.4601     7572    3.05%
    515   452    15006.4601    75    15479.0000    15006.4601    11208    3.05%

Performing restart 1

Repeating presolve.
Tried aggregator 1 time.
MIP Presolve modified 338 coefficients.
Reduced MIP has 90 rows, 879 columns, and 1742 nonzeros.
Reduced MIP has 879 binaries, 0 generals, 0 SOSs, and 0 indicators.
Presolve time = 0.01 sec. (2.88 ticks)
Tried aggregator 1 time.
MIP Presolve modified 186 coefficients.
Reduced MIP has 90 rows, 879 columns, and 1742 nonzeros.
Reduced MIP has 879 binaries, 0 generals, 0 SOSs, and 0 indicators.
Presolve time = 0.00 sec. (3.09 ticks)
Represolve time = 0.03 sec. (17.55 ticks)
    516     0    15006.4347    96    15479.0000      Cuts: 50    12145    3.05%
    516     0    15009.6349   111    15479.0000      Cuts: 40    12350    3.03%
    516     0    15012.5781   102    15479.0000      Cuts: 56    12471    3.01%
    516     0    15014.3940   107    15479.0000      Cuts: 47    12593    3.00%
    516     0    15020.2881   101    15479.0000      Cuts: 46    12724    2.96%
    516     0    15022.4192    77    15479.0000      Cuts: 41    12828    2.95%
    516     0    15022.7680    82    15479.0000      Cuts: 39    12911    2.95%
    516     0    15022.7680    86    15479.0000      Cuts: 49    13009    2.95%
    516     0    15029.6270    98    15479.0000      Cuts: 27    13218    2.90%
    516     0    15034.5264    80    15479.0000      Cuts: 57    13362    2.87%
    516     0    15036.1103    82    15479.0000      Cuts: 50    13482    2.86%
    516     0    15036.1630    83    15479.0000      Cuts: 34    13616    2.86%
    516     0    15038.1645    85    15479.0000      Cuts: 22    13733    2.85%
    516     0    15038.6107    93    15479.0000      Cuts: 42    13847    2.85%
    516     0    15038.7939    69    15479.0000      Cuts: 20    13892    2.84%
    516     0    15038.7939    75    15479.0000      Cuts: 45    13967    2.84%
*   516+    0                        15424.0000    15038.7939             2.50%
    516     2    15038.7939    70    15424.0000    15039.2184    13967    2.49%
    599    70    15061.9820    69    15424.0000    15043.8388    15370    2.46%
    704   160    15245.9935    45    15424.0000    15043.9195    16303    2.46%
    757   202    15199.4070    50    15424.0000    15044.7007    16735    2.46%
    816   242    15271.1571    68    15424.0000    15045.1516    17588    2.46%
    916   328    15189.8734    51    15424.0000    15045.5760    18691    2.45%
*  1016+   34                        15077.0000    15046.8100             0.20%
   1016    33    15077.0000     0    15077.0000    15046.8100    19614    0.20%
   1756   291    15071.0000    54    15077.0000    15071.0000    40973    0.04%
Elapsed time = 3.73 sec. (4349.97 ticks, tree = 0.51 MB, solutions = 10)
*  1866+    1                        15071.0000    15071.0000             0.00%

Clique cuts applied:  20
Cover cuts applied:  111
Flow cuts applied:  4
Mixed integer rounding cuts applied:  53
Zero-half cuts applied:  26
Gomory fractional cuts applied:  5

Root node processing (before b&c):
  Real time             =    0.22 sec. (225.51 ticks)
Sequential b&c:
  Real time             =    3.63 sec. (4270.05 ticks)
                          ------------
Total (root+branch&cut) =    3.84 sec. (4495.56 ticks)
MIP: [1;32mCPLEX finished.[0m
MIP: [1;32mCPLEX status: Optimal[0m
MIP: [1;32mSolution: 
[12, 14, 0, 9, 19, 20, 21, 10, 6, 11, 18, 3, 15, 16, 20, 9, 16, 19, 11, 9, 21, 16, 15, 17, 6, 12, 10, 5, 5, 1][8, 9, -1, 11, -1, 3, 1, -1, -1, 5, 10, 15, 2, -1, 2, 1, 8, 15, 11, 3, 4, 9][0m
MIP: [1;32mObjective value: 15071[0m
MIP: [1;32mLower Bound: 15071[0m
MIP: [1;32mBranch-and-Bound nodes: 1866[0m

# best solution:
best objective value:	15071
best dual bound value:	15071
optimality gap:	0%
CPU time:	3.80203
