ifile	/scratch/csagturk/mlbp_inst/n0040_m04__041.inst
prob	MLBP
threads	1
ttime	900
instance: /scratch/csagturk/mlbp_inst/n0040_m04__041.inst
	m=4, n=[40, 22, 16, 12, 10]
MIP: [1;32minit CPLEX[0m
CAN: [1;35mcreated 1544 x_{ijk} variables[0m
CAN: [1;35mcreated 100 y_{ij} variables[0m
MIP: [1;32mcreated decision variables[0m
CAN: [1;35madded 40 constraints to enforce the packing of each item[0m
CAN: [1;35madded 50 constraints to enforce the packing of each item[0m
CAN: [1;35madded 60 capacity constraints[0m
MIP: [1;32mcreated constraints[0m
MIP: [1;32mcreated objective function[0m
MIP: [1;32mcalling CPLEX solve ...[0m
Version identifier: 22.1.0.0 | 2022-03-09 | 1a383f8ce
CPXPARAM_Threads                                 1
CPXPARAM_TimeLimit                               900
Tried aggregator 2 times.
MIP Presolve eliminated 0 rows and 240 columns.
MIP Presolve modified 159 coefficients.
Aggregator did 151 substitutions.
Reduced MIP has 449 rows, 1713 columns, and 3416 nonzeros.
Reduced MIP has 1563 binaries, 0 generals, 0 SOSs, and 84 indicators.
Presolve time = 0.01 sec. (5.68 ticks)
Found incumbent of value 51845.000000 after 0.01 sec. (11.32 ticks)
Probing fixed 0 vars, tightened 52 bounds.
Probing changed sense of 50 constraints.
Probing time = 0.01 sec. (5.72 ticks)
Tried aggregator 1 time.
MIP Presolve eliminated 300 rows and 350 columns.
Reduced MIP has 149 rows, 1363 columns, and 2716 nonzeros.
Reduced MIP has 1363 binaries, 0 generals, 0 SOSs, and 0 indicators.
Presolve time = 0.00 sec. (3.12 ticks)
Probing time = 0.00 sec. (2.21 ticks)
Tried aggregator 1 time.
Detecting symmetries...
Reduced MIP has 149 rows, 1363 columns, and 2716 nonzeros.
Reduced MIP has 1363 binaries, 0 generals, 0 SOSs, and 0 indicators.
Presolve time = 0.00 sec. (2.55 ticks)
Probing time = 0.00 sec. (2.22 ticks)
Clique table members: 943.
MIP emphasis: balance optimality and feasibility.
MIP search method: dynamic search.
Parallel mode: none, using 1 thread.
Root relaxation solution time = 0.00 sec. (4.21 ticks)

        Nodes                                         Cuts/
   Node  Left     Objective  IInf  Best Integer    Best Bound    ItCnt     Gap

*     0+    0                        51845.0000        0.0000           100.00%
      0     0    27010.8967    56    51845.0000    27010.8967      353   47.90%
      0     0    27136.0216    94    51845.0000     Cuts: 113      575   47.66%
      0     0    27168.4833   131    51845.0000     Cuts: 121      886   47.60%
      0     0    27213.0877   123    51845.0000     Cuts: 105     1110   47.51%
      0     0    27315.0215   120    51845.0000      Cuts: 86     1463   47.31%
      0     0    27343.9580   140    51845.0000      Cuts: 98     1649   47.26%
      0     0    27387.1908   139    51845.0000      Cuts: 81     1937   47.17%
      0     0    27421.0827   134    51845.0000      Cuts: 82     2151   47.11%
      0     0    27451.9127   150    51845.0000      Cuts: 75     2552   47.05%
*     0+    0                        42105.0000    27451.9127            34.80%
*     0+    0                        37940.0000    27451.9127            27.64%
*     0+    0                        35306.0000    27451.9127            22.25%
*     0+    0                        35195.0000    27451.9127            22.00%
*     0+    0                        32712.0000    27451.9127            16.08%
*     0+    0                        31982.0000    27451.9127            14.16%
      0     0  -1.00000e+75     0    31982.0000    27451.9127     2552   14.16%
      0     0    27470.5732   144    31982.0000      Cuts: 79     2748   14.11%
      0     0    27489.4569   152    31982.0000      Cuts: 77     2876   14.05%
      0     0    27532.0892   148    31982.0000      Cuts: 71     3146   13.91%
      0     0    27546.3207   159    31982.0000      Cuts: 60     3321   13.87%
      0     0    27557.4882   167    31982.0000      Cuts: 81     3517   13.83%
      0     0    27577.6713   162    31982.0000      Cuts: 70     3716   13.77%
      0     0    27589.4474   151    31982.0000      Cuts: 58     3869   13.73%
      0     0    27599.3673   145    31982.0000      Cuts: 58     3977   13.70%
      0     0    27608.5388   170    31982.0000      Cuts: 49     4114   13.67%
      0     0    27609.7409   164    31982.0000      Cuts: 52     4230   13.67%
      0     0    27614.1531   157    31982.0000      Cuts: 43     4389   13.66%
*     0+    0                        31948.0000    27614.1531            13.57%
*     0+    0                        31878.0000    27614.1531            13.38%
*     0+    0                        31857.0000    27614.1531            13.32%
*     0+    0                        30874.0000    27614.1531            10.56%
      0     0  -1.00000e+75     0    30874.0000    27614.1531     4389   10.56%
      0     2    27614.1531   143    30874.0000    27614.3606     4389   10.56%
Elapsed time = 0.83 sec. (879.46 ticks, tree = 0.01 MB, solutions = 11)
    136   128    27621.7849   134    30874.0000    27622.2015     8305   10.53%
    311   272    27748.4255   128    30874.0000    27625.0264    11885   10.52%
    517   452    27692.7314   119    30874.0000    27625.7120    15677   10.52%

Performing restart 1

Repeating presolve.
Tried aggregator 1 time.
MIP Presolve modified 600 coefficients.
Reduced MIP has 149 rows, 1363 columns, and 2716 nonzeros.
Reduced MIP has 1363 binaries, 0 generals, 0 SOSs, and 0 indicators.
Presolve time = 0.01 sec. (5.13 ticks)
Tried aggregator 1 time.
MIP Presolve modified 324 coefficients.
Reduced MIP has 149 rows, 1363 columns, and 2716 nonzeros.
Reduced MIP has 1363 binaries, 0 generals, 0 SOSs, and 0 indicators.
Presolve time = 0.01 sec. (4.46 ticks)
Represolve time = 0.04 sec. (25.65 ticks)
    521     0    27579.0876   159    30874.0000      Cuts: 79    17176   10.52%
    521     0    27608.8549   139    30874.0000      Cuts: 70    17382   10.52%
    521     0    27624.4055   163    30874.0000      Cuts: 57    17565   10.52%
    521     0    27642.6762   168    30874.0000      Cuts: 68    17736   10.47%
    521     0    27648.3916   162    30874.0000      Cuts: 71    17961   10.45%
    521     0    27649.3148   149    30874.0000      Cuts: 54    18086   10.44%
    521     0    27656.5142   168    30874.0000      Cuts: 61    18234   10.42%
    521     0    27660.0152   169    30874.0000      Cuts: 52    18372   10.41%
    521     0    27660.2482   159    30874.0000      Cuts: 51    18481   10.41%
    521     0    27660.5622   149    30874.0000      Cuts: 41    18583   10.41%
*   521+    0                        30829.0000    27660.5622            10.28%
*   521+    0                        30824.0000    27660.5622            10.26%
    521     0  -1.00000e+75     0    30824.0000    27660.5622    18583   10.26%
    521     0    27662.2852   175    30824.0000      Cuts: 46    18719   10.26%
    521     0    27663.0745   155    30824.0000      Cuts: 52    18864   10.25%
    521     0    27663.5288   160    30824.0000      Cuts: 35    18953   10.25%
    521     0    27663.7447   155    30824.0000      Cuts: 16    19025   10.25%
    521     0    27664.3103   144    30824.0000      Cuts: 41    19098   10.25%
    521     0    27664.4260   151    30824.0000      Cuts: 16    19173   10.25%
    521     2    27664.4260   145    30824.0000    27664.5214    19173   10.25%
    528     9    27742.6264   125    30824.0000    27688.3265    19782   10.17%
    539    20    27898.8111    97    30824.0000    27688.3265    20240   10.17%
    557    38    28003.6312   100    30824.0000    27688.3265    21269   10.17%
    587    60    27732.9198   143    30824.0000    27701.4824    22761   10.13%
    666   139    28145.0566    70    30824.0000    27701.4824    24934   10.13%
   1103   517    27738.7786   102    30824.0000    27715.3533    36916   10.09%
Elapsed time = 3.91 sec. (5062.05 ticks, tree = 1.15 MB, solutions = 13)
   1495   857    30652.0000    49    30824.0000    27728.8762    49516   10.04%
   1802  1122    28703.7409    81    30824.0000    27742.6944    62804   10.00%
   2190  1455    30175.2738    78    30824.0000    27763.6534    76220    9.93%
*  2521+ 1617                        30753.0000    27772.1070             9.69%
*  2521+ 1413                        30372.0000    27772.1070             8.56%
   2656  1529    27774.1276   134    30372.0000    27774.1668    90059    8.55%
   3131  1936    29944.0000    12    30372.0000    27782.5075   105174    8.53%
*  3521+ 2178                        30252.0000    27788.9866             8.14%
*  3521+ 2111                        30128.0000    27788.9866             7.76%
   3526  2114    29002.1751   105    30128.0000    27789.5069   119549    7.76%
   3955  2478    27911.1562   119    30128.0000    27791.5971   134423    7.75%
   4221  2702    28654.5656   148    30128.0000    27798.0104   147919    7.73%
   4582  3012    27943.0404   161    30128.0000    27801.8185   159036    7.72%
   4957  3333    28373.1326   126    30128.0000    27806.2675   171920    7.71%
Elapsed time = 10.37 sec. (14669.44 ticks, tree = 9.22 MB, solutions = 17)
   5219  3552    28679.6902   130    30128.0000    27812.6048   184690    7.69%
*  5521+ 3746                        30092.0000    27816.0740             7.56%
   5521  3748    30029.0000    30    30092.0000    27816.0740   194797    7.56%
   5887  4047    27984.8972   136    30092.0000    27819.0911   208127    7.55%
   6274  4382    28081.7723   122    30092.0000    27823.2541   223689    7.54%
   6552  4617    28220.9921   109    30092.0000    27826.4954   237385    7.53%
   6841  4858    27860.9941   131    30092.0000    27829.8573   252680    7.52%
   7175  5136    29718.0000    48    30092.0000    27831.6573   266158    7.51%
   7430  5342    28416.2368   126    30092.0000    27833.3617   278932    7.51%
*  7521+ 5113                        29939.0000    27834.1840             7.03%
   7667  5235        cutoff          29939.0000    27836.2283   290662    7.02%
   7986  5491    27992.2453   125    29939.0000    27840.2239   304002    7.01%
Elapsed time = 16.91 sec. (24495.40 ticks, tree = 16.06 MB, solutions = 19)
   8201  5662    29264.9509   116    29939.0000    27842.0975   317127    7.00%
*  8249  5018      integral     0    29701.0000    27842.0975   317716    6.26%
   8521  5246    28987.1951   118    29701.0000    27843.5796   328590    6.25%
   8787  5460    28011.7313   139    29701.0000    27845.3801   342184    6.25%
   9073  5689    28620.4602    71    29701.0000    27846.8154   355363    6.24%
   9358  5919    27964.4818   152    29701.0000    27848.8549   371022    6.24%
*  9521+ 1840                        28065.0000    27850.0562             0.77%
   9580  1858    28035.7022   136    28065.0000    27853.4739   382822    0.75%
   9755  1956    28003.4083   102    28065.0000    27857.6606   392955    0.74%
   9874  1970    27933.6059   123    28065.0000    27867.4180   402457    0.70%
  10021  1997    28059.9394   138    28065.0000    27875.9455   412808    0.67%
  10241  2097    28002.2461   115    28065.0000    27879.5807   424670    0.66%
Elapsed time = 23.64 sec. (34256.57 ticks, tree = 6.65 MB, solutions = 21)
  10364  2101    27984.7960   131    28065.0000    27885.7673   436354    0.64%
  10483  2140    27936.4624   139    28065.0000    27889.0876   446784    0.63%
  10602  2146    27994.2678    94    28065.0000    27894.4992   456838    0.61%
  10728  2159    infeasible          28065.0000    27898.3213   467225    0.59%
  10859  2179    27976.8947   103    28065.0000    27903.4337   477769    0.58%
* 10941+  209                        27925.0000    27905.7377             0.07%
  10941   209        cutoff          27925.0000    27905.7377   481410    0.07%

Performing restart 2

Repeating presolve.
Tried aggregator 2 times.
MIP Presolve eliminated 2 rows and 80 columns.
MIP Presolve modified 569 coefficients.
Aggregator did 1 substitutions.
Reduced MIP has 146 rows, 1282 columns, and 2557 nonzeros.
Reduced MIP has 1282 binaries, 0 generals, 0 SOSs, and 0 indicators.
Presolve time = 0.01 sec. (6.40 ticks)
Tried aggregator 1 time.
MIP Presolve modified 276 coefficients.
Reduced MIP has 146 rows, 1282 columns, and 2557 nonzeros.
Reduced MIP has 1282 binaries, 0 generals, 0 SOSs, and 0 indicators.
Presolve time = 0.01 sec. (4.91 ticks)
Represolve time = 0.06 sec. (38.97 ticks)
  11051     0    27684.2986   210    27925.0000      Cuts: 27   487747    0.04%
  11051     0    27685.1871   165    27925.0000      Cuts: 42   487950    0.04%
  11051     0    27688.5238   196    27925.0000      Cuts: 62   488108    0.04%
  11051     0    27692.9119   209    27925.0000      Cuts: 50   488225    0.04%
  11051     0    27704.2508   157    27925.0000      Cuts: 60   488391    0.04%
  11051     0    27705.6718   172    27925.0000      Cuts: 54   488538    0.04%
  11051     0    27706.3122   172    27925.0000      Cuts: 52   488669    0.04%
  11051     0    27706.5932   198    27925.0000      Cuts: 53   488867    0.04%

Repeating presolve.
Tried aggregator 1 time.
MIP Presolve eliminated 1 rows and 23 columns.
MIP Presolve modified 248 coefficients.
Reduced MIP has 145 rows, 1259 columns, and 2511 nonzeros.
Reduced MIP has 1259 binaries, 0 generals, 0 SOSs, and 0 indicators.
Presolve time = 0.01 sec. (5.10 ticks)
Tried aggregator 1 time.
MIP Presolve modified 216 coefficients.
Reduced MIP has 145 rows, 1259 columns, and 2511 nonzeros.
Reduced MIP has 1259 binaries, 0 generals, 0 SOSs, and 0 indicators.
Presolve time = 0.01 sec. (4.87 ticks)
Represolve time = 0.08 sec. (49.75 ticks)
  11051     0    27706.9202   168    27925.0000     Cuts: 109   490669    0.04%
  11051     0    27706.9408   196    27925.0000      Cuts: 64   490791    0.04%
  11051     0    27707.1326   176    27925.0000      Cuts: 43   490916    0.04%
  11051     0    27708.1091   161    27925.0000      Cuts: 42   491064    0.04%
  11051     0    27709.0127   180    27925.0000      Cuts: 51   491216    0.04%
  11051     0    27709.3079   175    27925.0000      Cuts: 51   491395    0.04%
  11051     0    27709.8811   162    27925.0000      Cuts: 57   491495    0.04%
  11051     0    27710.0208   176    27925.0000      Cuts: 56   491627    0.04%
  11051     0    27710.0761   154    27925.0000      Cuts: 32   491722    0.04%
  11051     0    27710.0964   175    27925.0000      Cuts: 50   491822    0.04%
  11051     0    27710.2778   171    27925.0000      Cuts: 35   491903    0.04%
  11051     2    27710.2875   142    27925.0000    27913.0000   491903    0.04%
  11077    14    27766.8503   125    27925.0000    27913.0000   493556    0.04%
  11103    22        cutoff          27925.0000    27913.0000   496231    0.04%
  11123    27    27827.0735   125    27925.0000    27913.0000   499820    0.04%
Elapsed time = 34.71 sec. (48640.82 ticks, tree = 0.04 MB, solutions = 22)
  11178    29    27858.1869   130    27925.0000    27913.0000   503504    0.04%
  11209    24    27901.2103   151    27925.0000    27913.0000   506429    0.04%
  11293    19    27913.0000    31    27925.0000    27913.0000   511261    0.04%
* 11531+    1                        27913.0000    27913.0000             0.00%

Clique cuts applied:  17
Cover cuts applied:  88
Implied bound cuts applied:  1
Flow cuts applied:  6
Mixed integer rounding cuts applied:  106
Zero-half cuts applied:  11
Lift and project cuts applied:  1
Gomory fractional cuts applied:  5

Root node processing (before b&c):
  Real time             =    0.83 sec. (877.28 ticks)
Sequential b&c:
  Real time             =   35.83 sec. (51001.52 ticks)
                          ------------
Total (root+branch&cut) =   36.66 sec. (51878.80 ticks)
MIP: [1;32mCPLEX finished.[0m
MIP: [1;32mCPLEX status: Optimal[0m
MIP: [1;32mSolution: 
[21, 7, 9, 10, 12, 13, 15, 4, 20, 0, 8, 11, 19, 0, 19, 17, 18, 14, 16, 11, 20, 12, 7, 10, 18, 13, 17, 15, 7, 16, 20, 8, 9, 15, 14, 12, 10, 8, 9, 4][14, -1, -1, -1, 0, -1, -1, 15, 4, 11, 2, 3, 14, 15, 5, 0, 3, 14, 8, 6, 8, 15][0, -1, 11, 9, 9, 5, 5, -1, 10, -1, -1, 9, -1, -1, 0, 11][1, -1, -1, -1, -1, 7, -1, -1, -1, 1, 7, 8][0m
MIP: [1;32mObjective value: 27913[0m
MIP: [1;32mLower Bound: 27913[0m
MIP: [1;32mBranch-and-Bound nodes: 11531[0m

# best solution:
best objective value:	27913
best dual bound value:	27913
optimality gap:	0%
CPU time:	36.5164
