ifile	/scratch/csagturk/mlbp_inst/n0040_m05__042.inst
prob	MLBP
threads	1
ttime	900
instance: /scratch/csagturk/mlbp_inst/n0040_m05__042.inst
	m=5, n=[40, 22, 18, 15, 12, 10]
MIP: [1;32minit CPLEX[0m
CAN: [1;35mcreated 1846 x_{ijk} variables[0m
CAN: [1;35mcreated 117 y_{ij} variables[0m
MIP: [1;32mcreated decision variables[0m
CAN: [1;35madded 40 constraints to enforce the packing of each item[0m
CAN: [1;35madded 67 constraints to enforce the packing of each item[0m
CAN: [1;35madded 77 capacity constraints[0m
MIP: [1;32mcreated constraints[0m
MIP: [1;32mcreated objective function[0m
MIP: [1;32mcalling CPLEX solve ...[0m
Version identifier: 22.1.0.0 | 2022-03-09 | 1a383f8ce
CPXPARAM_Threads                                 1
CPXPARAM_TimeLimit                               900
Tried aggregator 2 times.
MIP Presolve eliminated 0 rows and 257 columns.
MIP Presolve modified 407 coefficients.
Aggregator did 201 substitutions.
Reduced MIP has 586 rows, 2135 columns, and 4260 nonzeros.
Reduced MIP has 1934 binaries, 0 generals, 0 SOSs, and 114 indicators.
Presolve time = 0.01 sec. (7.21 ticks)
Found incumbent of value 68304.000000 after 0.02 sec. (20.56 ticks)
Probing fixed 0 vars, tightened 75 bounds.
Probing changed sense of 67 constraints.
Probing time = 0.01 sec. (7.88 ticks)
Tried aggregator 1 time.
MIP Presolve eliminated 402 rows and 469 columns.
Reduced MIP has 184 rows, 1666 columns, and 3322 nonzeros.
Reduced MIP has 1666 binaries, 0 generals, 0 SOSs, and 0 indicators.
Presolve time = 0.00 sec. (3.85 ticks)
Probing time = 0.00 sec. (2.28 ticks)
Tried aggregator 1 time.
Detecting symmetries...
Reduced MIP has 184 rows, 1666 columns, and 3322 nonzeros.
Reduced MIP has 1666 binaries, 0 generals, 0 SOSs, and 0 indicators.
Presolve time = 0.00 sec. (3.15 ticks)
Probing time = 0.00 sec. (2.28 ticks)
Clique table members: 929.
MIP emphasis: balance optimality and feasibility.
MIP search method: dynamic search.
Parallel mode: none, using 1 thread.
Root relaxation solution time = 0.01 sec. (7.95 ticks)

        Nodes                                         Cuts/
   Node  Left     Objective  IInf  Best Integer    Best Bound    ItCnt     Gap

*     0+    0                        68304.0000        0.0000           100.00%
      0     0    33180.0395    66    68304.0000    33180.0395      623   51.42%
      0     0    33748.8213   115    68304.0000     Cuts: 130      944   50.59%
      0     0    33928.8037   114    68304.0000     Cuts: 129     1224   50.33%
      0     0    34045.7164   129    68304.0000      Cuts: 87     1418   50.16%
      0     0    34096.0996   154    68304.0000      Cuts: 98     1617   50.08%
      0     0    34131.8556   153    68304.0000      Cuts: 85     1791   50.03%
      0     0    34171.8639   133    68304.0000      Cuts: 65     1974   49.97%
      0     0    34203.0449   122    68304.0000      Cuts: 72     2198   49.93%
*     0+    0                        43833.0000    34203.0449            21.97%
      0     0    34213.2641   136    43833.0000      Cuts: 68     2396   21.95%
      0     0    34239.2243   163    43833.0000      Cuts: 78     2633   21.89%
      0     0    34252.2047   150    43833.0000      Cuts: 80     2787   21.86%
      0     0    34260.8678   166    43833.0000      Cuts: 58     2953   21.84%
*     0+    0                        39886.0000    34260.8678            14.10%
      0     0  -1.00000e+75     0    39886.0000    34260.8678     2953   14.10%
      0     0    34284.5966   178    39886.0000      Cuts: 72     3178   14.04%
      0     0    34304.2325   161    39886.0000      Cuts: 72     3344   13.99%
      0     0    34328.5864   175    39886.0000      Cuts: 54     3521   13.93%
      0     0    34355.6857   184    39886.0000      Cuts: 59     3660   13.87%
      0     0    34368.6753   187    39886.0000      Cuts: 46     3782   13.83%
      0     0    34380.0274   187    39886.0000      Cuts: 57     3971   13.80%
      0     0    34395.5941   177    39886.0000      Cuts: 59     4130   13.77%
      0     0    34404.0041   154    39886.0000      Cuts: 57     4293   13.74%
      0     0    34410.8186   191    39886.0000      Cuts: 42     4446   13.73%
      0     0    34417.8785   187    39886.0000      Cuts: 40     4606   13.71%
*     0+    0                        39619.0000    34417.8785            13.13%
*     0+    0                        39597.0000    34417.8785            13.08%
*     0+    0                        39568.0000    34417.8785            13.02%
      0     0  -1.00000e+75     0    39568.0000    34417.8785     4606   13.02%
      0     2    34417.8785   175    39568.0000    34418.5369     4606   13.01%
Elapsed time = 0.70 sec. (740.79 ticks, tree = 0.01 MB, solutions = 6)
    173   163    34465.7824   122    39568.0000    34421.9084     8500   13.01%
    387   357    34577.8858   167    39568.0000    34439.3983    13302   12.96%

Performing restart 1

Repeating presolve.
Tried aggregator 1 time.
MIP Presolve modified 971 coefficients.
Reduced MIP has 184 rows, 1666 columns, and 3322 nonzeros.
Reduced MIP has 1666 binaries, 0 generals, 0 SOSs, and 0 indicators.
Presolve time = 0.01 sec. (8.78 ticks)
Tried aggregator 1 time.
MIP Presolve modified 375 coefficients.
Reduced MIP has 184 rows, 1666 columns, and 3322 nonzeros.
Reduced MIP has 1666 binaries, 0 generals, 0 SOSs, and 0 indicators.
Presolve time = 0.01 sec. (7.36 ticks)
Represolve time = 0.05 sec. (35.05 ticks)
    489     0    34491.2629   155    39568.0000      Cuts: 91    17650   12.83%
    489     0    34514.0665   187    39568.0000      Cuts: 85    17825   12.77%
    489     0    34537.4885   192    39568.0000      Cuts: 49    17994   12.71%
    489     0    34540.6754   179    39568.0000      Cuts: 68    18135   12.71%
    489     0    34552.4455   199    39568.0000      Cuts: 65    18421   12.68%
    489     0    34557.5104   167    39568.0000      Cuts: 75    18626   12.66%
    489     0    34559.8502   146    39568.0000      Cuts: 79    18795   12.66%
*   489+    0                        39151.0000    34559.8502            11.73%
*   489+    0                        38833.0000    34559.8502            11.00%
    489     0  -1.00000e+75     0    38833.0000    34559.8502    18795   11.00%
    489     0    34560.3130   172    38833.0000      Cuts: 55    18964   11.00%
    489     0    34561.8902   191    38833.0000      Cuts: 67    19094   11.00%
    489     0    34564.1060   219    38833.0000      Cuts: 72    19255   10.99%
    489     0    34564.6400   179    38833.0000      Cuts: 45    19357   10.99%
    489     0    34565.2130   171    38833.0000      Cuts: 39    19435   10.99%
    489     0    34569.3812   170    38833.0000      Cuts: 27    19491   10.98%
    489     0    34574.6423   177    38833.0000      Cuts: 50    19589   10.97%
    489     0    34575.2070   154    38833.0000      Cuts: 53    19728   10.96%
    489     0    34575.4318   176    38833.0000      Cuts: 57    19880   10.96%
    489     0    34575.4318   165    38833.0000      Cuts: 25    19959   10.96%
    489     0    34575.4318   183    38833.0000      Cuts: 36    20032   10.96%
*   489+    0                        38188.0000    34575.4318             9.46%
*   489+    0                        37453.0000    34575.4318             7.68%
*   489+    0                        37403.0000    34575.4318             7.56%
*   489+    0                        36873.0000    34575.4318             6.23%
    489     0  -1.00000e+75     0    36873.0000    34575.4318    20032    6.23%
    489     2    34575.4318   163    36873.0000    34575.7043    20032    6.23%
    494     7    34778.6441   153    36873.0000    34617.8817    20531    6.12%
    502    15    35347.2975   110    36873.0000    34617.8817    21600    6.12%
    512    21    34654.9850   152    36873.0000    34656.2278    22681    6.01%
    522    31    34959.0988   107    36873.0000    34656.8060    23924    6.01%
    567    76    36348.8696    39    36873.0000    34656.8060    25456    6.01%
    669   154    36238.9932   114    36873.0000    34657.4417    27145    6.01%
    884   326    36566.9192   129    36873.0000    34758.4687    36408    5.73%
Elapsed time = 3.93 sec. (5369.63 ticks, tree = 0.92 MB, solutions = 12)
   1217   608    36740.1169   100    36873.0000    34978.3986    46349    5.14%
   1459   800    36358.2876    85    36873.0000    35042.8449    56279    4.96%
*  1669+  536                        36284.0000    35069.8139             3.35%
   1759   609    35593.9437   127    36284.0000    35114.6253    65474    3.22%
*  1769+  597                        36255.0000    35117.0414             3.14%
   1980   746    35671.0136   125    36255.0000    35150.4068    75518    3.05%
   2172   865    35339.2871   140    36255.0000    35213.3263    85731    2.87%
   2280   921    35939.3719   159    36255.0000    35266.4335    94228    2.73%
   2435  1002    35409.4863   105    36255.0000    35283.9421   104369    2.68%
   2558  1060        cutoff          36255.0000    35305.9273   114848    2.62%
   2643  1099    35784.8223   129    36255.0000    35333.3604   121531    2.54%
   2772  1186    35727.7166   100    36255.0000    35342.2071   129771    2.52%
Elapsed time = 10.33 sec. (15073.29 ticks, tree = 4.14 MB, solutions = 14)
   2902  1267    35477.3850   112    36255.0000    35355.8257   138593    2.48%
   3065  1385        cutoff          36255.0000    35363.4847   147787    2.46%
   3142  1427    35877.4657   149    36255.0000    35374.4276   156611    2.43%
   3237  1476    35630.0436   146    36255.0000    35385.4049   166330    2.40%
   3333  1523    35586.0027   124    36255.0000    35390.2585   174764    2.39%
*  3489+ 1395                        36116.0000    35391.5705             2.01%
   3511  1411    35728.1411   139    36116.0000    35394.0551   184626    2.00%
   3659  1500    35860.3233   142    36116.0000    35400.9267   194187    1.98%
   3799  1589        cutoff          36116.0000    35407.4269   204464    1.96%
   3880  1616    35892.2473   151    36116.0000    35413.8945   214165    1.94%
   3942  1631    36051.9667   144    36116.0000    35420.4133   223073    1.93%
Elapsed time = 16.71 sec. (24834.75 ticks, tree = 6.21 MB, solutions = 15)
   4019  1662        cutoff          36116.0000    35426.9097   232928    1.91%
   4102  1702        cutoff          36116.0000    35432.1247   242321    1.89%
   4244  1801    35744.8055   131    36116.0000    35441.0218   251788    1.87%
   4296  1816    35699.9632   140    36116.0000    35447.2105   258984    1.85%
   4401  1872        cutoff          36116.0000    35455.2488   267693    1.83%
   4461  1875    35554.4391   194    36116.0000    35467.5294   277716    1.80%
   4576  1941    35639.7213   129    36116.0000    35472.9548   287110    1.78%
   4657  1984    35845.1467   168    36116.0000    35479.1350   295855    1.76%
   4718  2018    35698.4949   130    36116.0000    35480.4803   303408    1.76%
   4786  2048    35929.6140   192    36116.0000    35483.4895   310583    1.75%
Elapsed time = 23.16 sec. (34799.23 ticks, tree = 8.37 MB, solutions = 15)
   4846  2075    35973.2052   122    36116.0000    35487.8015   319414    1.74%
   4897  2082    35840.5382   156    36116.0000    35492.1802   328284    1.73%
   4974  2119    36061.1907   149    36116.0000    35495.7243   336888    1.72%
   5128  2231    35823.2371   140    36116.0000    35500.1995   346475    1.71%
   5212  2267    36009.3348   147    36116.0000    35505.3975   356092    1.69%
   5281  2298        cutoff          36116.0000    35507.6427   363954    1.68%
   5336  2312    35999.8123   137    36116.0000    35513.4277   372759    1.67%
   5380  2311    35547.6215   147    36116.0000    35519.4793   381652    1.65%
   5429  2321        cutoff          36116.0000    35523.6894   389467    1.64%
   5489  2346    35588.4665   164    36116.0000    35525.8656   397875    1.63%
Elapsed time = 29.60 sec. (44736.72 ticks, tree = 10.40 MB, solutions = 15)
   5553  2374    35619.4911   133    36116.0000    35527.5022   407356    1.63%
   5601  2395    35890.3462   108    36116.0000    35529.9985   417413    1.62%
   5659  2402    35806.2715   134    36116.0000    35532.8562   426727    1.61%
   5708  2417    35839.2023   119    36116.0000    35535.4933   435934    1.61%
   5759  2434    35738.3113   147    36116.0000    35539.6073   443438    1.60%
   5814  2448    35995.7094   162    36116.0000    35543.9835   451275    1.58%
   5886  2484        cutoff          36116.0000    35545.5294   460390    1.58%
   5943  2502    36049.6691   115    36116.0000    35551.1031   468823    1.56%
   5994  2501    35695.0444   136    36116.0000    35557.1065   477361    1.55%
   6069  2524    36107.6346   139    36116.0000    35559.0159   487297    1.54%
Elapsed time = 36.05 sec. (54688.80 ticks, tree = 11.46 MB, solutions = 15)
   6147  2550    35716.7049   155    36116.0000    35564.2438   497332    1.53%
   6206  2550    36018.4099   134    36116.0000    35569.3063   508408    1.51%
   6266  2560    35717.9000   159    36116.0000    35573.0295   518617    1.50%
   6363  2605    36012.4472   157    36116.0000    35575.7522   530464    1.50%
   6411  2610    35914.3361   177    36116.0000    35579.2108   540304    1.49%
   6488  2644    36049.3492   102    36116.0000    35583.8602   551237    1.47%
   6565  2676    35592.4460   148    36116.0000    35586.0452   559720    1.47%
   6643  2698        cutoff          36116.0000    35589.3641   570657    1.46%
   6720  2727        cutoff          36116.0000    35591.4845   580597    1.45%
   6811  2771    35931.8402   123    36116.0000    35594.4746   591267    1.44%
Elapsed time = 42.49 sec. (64519.97 ticks, tree = 12.69 MB, solutions = 15)
   6896  2799    35844.3579   140    36116.0000    35598.1745   602600    1.43%
   6996  2828        cutoff          36116.0000    35601.1881   613741    1.43%
   7092  2876    35859.3333    94    36116.0000    35604.7409   626018    1.42%
   7163  2900    35857.3469   156    36116.0000    35606.7871   638148    1.41%
   7389  3068    36043.1926   183    36116.0000    35608.5534   651073    1.41%
   7469  3074    35986.3543   153    36116.0000    35613.4004   663632    1.39%
   7562  3090    35818.6729   176    36116.0000    35619.6899   674867    1.37%
   7657  3117    35791.9562   126    36116.0000    35623.6795   686768    1.36%
   7709  3136    35979.9584   116    36116.0000    35625.3856   697357    1.36%
   7791  3153        cutoff          36116.0000    35629.2500   708084    1.35%
Elapsed time = 48.94 sec. (74193.17 ticks, tree = 15.92 MB, solutions = 15)
   7891  3214    35968.8803   124    36116.0000    35630.3732   718824    1.34%
   7992  3260    36066.0017    99    36116.0000    35632.6821   729241    1.34%
   8086  3273        cutoff          36116.0000    35637.7660   739640    1.32%
   8148  3282    35730.4914   116    36116.0000    35642.5837   749704    1.31%
   8209  3303    35979.1760   159    36116.0000    35643.5619   760934    1.31%
   8290  3323    36087.2400   132    36116.0000    35648.3081   772900    1.29%
   8409  3378    35885.8371   138    36116.0000    35651.0428   783608    1.29%
   8534  3441    36047.5796   142    36116.0000    35653.9189   793815    1.28%
   8612  3469    35833.8963   137    36116.0000    35657.9284   804370    1.27%
   8709  3506    35892.3603   126    36116.0000    35661.3852   814762    1.26%
Elapsed time = 55.39 sec. (84045.98 ticks, tree = 17.87 MB, solutions = 15)
   8790  3535    36002.7398   132    36116.0000    35664.5904   825063    1.25%
   8887  3545    35705.0987   130    36116.0000    35668.8668   835559    1.24%
   8958  3553    35933.3211   135    36116.0000    35671.7335   845801    1.23%
   9004  3534    36034.3088   155    36116.0000    35677.7953   857712    1.21%
   9093  3544    36067.2548   148    36116.0000    35681.5307   869189    1.20%
   9168  3557    35755.9986   140    36116.0000    35685.2457   880707    1.19%
   9258  3572    36047.5029   148    36116.0000    35688.4913   893223    1.18%
   9344  3589    35849.6124   120    36116.0000    35691.4898   905033    1.18%
   9460  3627        cutoff          36116.0000    35695.1204   917040    1.17%
   9850  3765    35837.1777   174    36116.0000    35708.2160   967119    1.13%
Elapsed time = 63.68 sec. (96608.14 ticks, tree = 19.39 MB, solutions = 15)
*  9959  2142      integral     0    35944.0000    35709.4761   974797    0.65%
  10257  2109    35911.4235   130    35944.0000    35727.7609  1016214    0.60%
  10269  2105        cutoff          35944.0000    35728.2931  1017557    0.60%
  10693  2119    35859.9112   112    35944.0000    35741.5952  1065783    0.56%
  11056  2059        cutoff          35944.0000    35758.0802  1109313    0.52%
  11489  2008    35799.4389   170    35944.0000    35779.4537  1149999    0.46%
  11979  1912    35891.4338   111    35944.0000    35798.9385  1193108    0.40%
  12489  1757    35915.8676   129    35944.0000    35819.2894  1236002    0.35%
  13073  1555    35908.3571   124    35944.0000    35841.2152  1277091    0.29%
  13794  1301        cutoff          35944.0000    35862.0995  1325804    0.23%
  14727   864        cutoff          35944.0000    35891.5909  1377330    0.15%
Elapsed time = 93.53 sec. (138382.01 ticks, tree = 4.51 MB, solutions = 16)

Clique cuts applied:  54
Cover cuts applied:  557
Implied bound cuts applied:  12
Flow cuts applied:  15
Mixed integer rounding cuts applied:  230
Zero-half cuts applied:  44
Lift and project cuts applied:  2
Gomory fractional cuts applied:  6

Root node processing (before b&c):
  Real time             =    0.70 sec. (737.72 ticks)
Sequential b&c:
  Real time             =   95.30 sec. (140941.78 ticks)
                          ------------
Total (root+branch&cut) =   96.00 sec. (141679.50 ticks)
MIP: [1;32mCPLEX finished.[0m
MIP: [1;32mCPLEX status: Optimal[0m
MIP: [1;32mSolution: 
[4, 14, 20, 6, 9, 0, 2, 12, 20, 19, 8, 12, 9, 21, 0, 8, 1, 2, 7, 5, 17, 13, 14, 9, 1, 3, 13, 18, 5, 18, 6, 7, 11, 5, 12, 0, 14, 11, 21, 10][11, 8, 7, 4, 10, 0, 11, 13, 9, 16, 11, 5, 17, 0, 16, -1, -1, 4, 3, 17, 13, 9][14, -1, -1, 3, 6, 7, -1, 6, 13, 1, 7, 5, -1, 3, -1, -1, 13, 8][-1, 4, -1, 11, -1, 3, 4, 4, 11, -1, -1, -1, -1, 3, 11][-1, -1, -1, 2, 9, -1, -1, -1, -1, -1, -1, 9][0m
MIP: [1;32mObjective value: 35944[0m
MIP: [1;32mLower Bound: 35940.5[0m
MIP: [1;32mBranch-and-Bound nodes: 15828[0m

# best solution:
best objective value:	35944
best dual bound value:	35944
optimality gap:	0%
CPU time:	95.7132
