ifile	/scratch/csagturk/mlbp_inst/n0040_m04__073.inst
prob	MLBP
threads	1
ttime	900
instance: /scratch/csagturk/mlbp_inst/n0040_m04__073.inst
	m=4, n=[40, 23, 16, 12, 9]
MIP: [1;32minit CPLEX[0m
CAN: [1;35mcreated 1588 x_{ijk} variables[0m
CAN: [1;35mcreated 100 y_{ij} variables[0m
MIP: [1;32mcreated decision variables[0m
CAN: [1;35madded 40 constraints to enforce the packing of each item[0m
CAN: [1;35madded 51 constraints to enforce the packing of each item[0m
CAN: [1;35madded 60 capacity constraints[0m
MIP: [1;32mcreated constraints[0m
MIP: [1;32mcreated objective function[0m
MIP: [1;32mcalling CPLEX solve ...[0m
Version identifier: 22.1.0.0 | 2022-03-09 | 1a383f8ce
CPXPARAM_Threads                                 1
CPXPARAM_TimeLimit                               900
Tried aggregator 2 times.
MIP Presolve eliminated 0 rows and 222 columns.
MIP Presolve modified 279 coefficients.
Aggregator did 153 substitutions.
Reduced MIP has 457 rows, 1783 columns, and 3557 nonzeros.
Reduced MIP has 1630 binaries, 0 generals, 0 SOSs, and 82 indicators.
Presolve time = 0.01 sec. (5.87 ticks)
Found incumbent of value 51512.000000 after 0.02 sec. (13.83 ticks)
Probing fixed 0 vars, tightened 57 bounds.
Probing changed sense of 51 constraints.
Probing time = 0.01 sec. (6.14 ticks)
Tried aggregator 1 time.
MIP Presolve eliminated 306 rows and 357 columns.
Reduced MIP has 151 rows, 1426 columns, and 2843 nonzeros.
Reduced MIP has 1426 binaries, 0 generals, 0 SOSs, and 0 indicators.
Presolve time = 0.00 sec. (3.33 ticks)
Probing time = 0.00 sec. (2.24 ticks)
Tried aggregator 1 time.
Detecting symmetries...
Reduced MIP has 151 rows, 1426 columns, and 2843 nonzeros.
Reduced MIP has 1426 binaries, 0 generals, 0 SOSs, and 0 indicators.
Presolve time = 0.00 sec. (2.76 ticks)
Probing time = 0.00 sec. (2.24 ticks)
Clique table members: 770.
MIP emphasis: balance optimality and feasibility.
MIP search method: dynamic search.
Parallel mode: none, using 1 thread.
Root relaxation solution time = 0.00 sec. (6.04 ticks)

        Nodes                                         Cuts/
   Node  Left     Objective  IInf  Best Integer    Best Bound    ItCnt     Gap

*     0+    0                        51512.0000        0.0000           100.00%
      0     0    28907.3308    58    51512.0000    28907.3308      454   43.88%
      0     0    29020.7220    96    51512.0000      Cuts: 97      643   43.66%
      0     0    29211.0451    84    51512.0000     Cuts: 115      848   43.29%
      0     0    29340.7659   105    51512.0000      Cuts: 86     1059   43.04%
      0     0    29400.2288   123    51512.0000      Cuts: 99     1406   42.93%
      0     0    29523.5807   110    51512.0000     Cuts: 101     1589   42.69%
      0     0    29553.4112   132    51512.0000      Cuts: 90     1832   42.63%
      0     0    29574.3791   130    51512.0000      Cuts: 83     2072   42.59%
      0     0    29590.2116   128    51512.0000      Cuts: 80     2225   42.56%
      0     0    29604.7709   127    51512.0000      Cuts: 69     2389   42.53%
      0     0    29655.1157   137    51512.0000      Cuts: 88     2643   42.43%
      0     0    29675.4033   122    51512.0000      Cuts: 83     2888   42.39%
*     0+    0                        49457.0000    29675.4033            40.00%
*     0+    0                        38770.0000    29675.4033            23.46%
*     0+    0                        37372.0000    29675.4033            20.59%
*     0+    0                        36511.0000    29675.4033            18.72%
*     0+    0                        36500.0000    29675.4033            18.70%
*     0+    0                        36125.0000    29675.4033            17.85%
      0     0  -1.00000e+75     0    36125.0000    29675.4033     2888   17.85%
      0     0    29703.0388   140    36125.0000      Cuts: 82     3105   17.78%
      0     0    29722.1324   137    36125.0000      Cuts: 86     3382   17.72%
      0     0    29746.8777   126    36125.0000      Cuts: 66     3614   17.66%
      0     0    29766.3041   127    36125.0000      Cuts: 66     3901   17.60%
      0     0    29772.2246   120    36125.0000      Cuts: 72     4088   17.59%
      0     0    29774.8342   143    36125.0000      Cuts: 58     4308   17.58%
      0     0    29781.4973   147    36125.0000      Cuts: 71     4780   17.56%
      0     0    29787.6052   135    36125.0000      Cuts: 59     5232   17.54%
      0     0    29791.4399   132    36125.0000      Cuts: 69     5434   17.53%
*     0+    0                        34412.0000    29791.4399            13.43%
      0     2    29791.4399   128    34412.0000    29791.8454     5434   13.43%
Elapsed time = 0.63 sec. (674.90 ticks, tree = 0.01 MB, solutions = 8)
    144   146    30536.9363    45    34412.0000    29810.9458     9479   13.37%
    421   406    31355.7254    62    34412.0000    29817.8987    13976   13.35%

Performing restart 1

Repeating presolve.
Tried aggregator 1 time.
MIP Presolve modified 479 coefficients.
Reduced MIP has 151 rows, 1426 columns, and 2843 nonzeros.
Reduced MIP has 1426 binaries, 0 generals, 0 SOSs, and 0 indicators.
Presolve time = 0.01 sec. (4.87 ticks)
Tried aggregator 1 time.
MIP Presolve modified 174 coefficients.
Reduced MIP has 151 rows, 1426 columns, and 2843 nonzeros.
Reduced MIP has 1426 binaries, 0 generals, 0 SOSs, and 0 indicators.
Presolve time = 0.01 sec. (4.55 ticks)
Represolve time = 0.05 sec. (27.90 ticks)
    531     0    29818.1088   161    34412.0000     Cuts: 106    17316   13.31%
    531     0    29844.3765   149    34412.0000      Cuts: 98    17623   13.27%
    531     0    29858.7700   159    34412.0000      Cuts: 92    17815   13.23%
    531     0    29866.9558   145    34412.0000      Cuts: 61    17941   13.21%
    531     0    29871.3046   154    34412.0000      Cuts: 83    18141   13.20%
    531     0    29877.0341   159    34412.0000      Cuts: 79    18300   13.18%
    531     0    29879.1227   155    34412.0000      Cuts: 66    18451   13.17%
    531     0    29883.2750   132    34412.0000      Cuts: 70    18660   13.16%
    531     0    29883.8482   144    34412.0000      Cuts: 73    18795   13.16%
*   531+    0                        31534.0000    29883.8482             5.23%
    531     0  -1.00000e+75     0    31534.0000    29883.8482    18795    5.23%
    531     0    29884.9468   145    31534.0000      Cuts: 66    18991    5.23%
    531     0    29885.7162   149    31534.0000      Cuts: 57    19130    5.23%
    531     0    29886.2020   145    31534.0000      Cuts: 53    19229    5.23%
    531     0    29887.9872   139    31534.0000      Cuts: 51    19338    5.22%
    531     0    29889.7954   141    31534.0000      Cuts: 43    19443    5.21%
    531     0    29892.0674   131    31534.0000      Cuts: 49    19574    5.21%
    531     0    29892.7465   128    31534.0000      Cuts: 47    19662    5.20%
    531     0    29895.1952   136    31534.0000      Cuts: 38    19757    5.20%
    531     0    29895.3008   133    31534.0000      Cuts: 46    19856    5.20%
    531     0    29897.0435   140    31534.0000      Cuts: 39    19999    5.19%
    531     2    29897.0435   132    31534.0000    29897.1491    19999    5.19%
    535     6    30068.7609   151    31534.0000    29943.8541    20398    5.04%
    545    16    30306.3826   128    31534.0000    29943.8541    21589    5.04%
    559    30    30705.2825   119    31534.0000    29943.8541    22151    5.04%
    578    41    29992.9222   155    31534.0000    29967.1986    23654    4.97%
    608    67    30393.1628   129    31534.0000    29969.6658    24748    4.96%
    691   144    30287.1005   131    31534.0000    29985.2102    26204    4.91%
   1014   429    infeasible          31534.0000    30030.6551    35547    4.77%
Elapsed time = 3.43 sec. (4760.06 ticks, tree = 0.97 MB, solutions = 9)
   1359   714    30222.3408   147    31534.0000    30121.9078    45625    4.48%
*  1531+  852                        31442.0000    30132.9298             4.16%
   1620   931    30870.7112   135    31442.0000    30133.9630    52371    4.16%
   1948  1205    30153.1093   123    31442.0000    30148.2471    62071    4.11%
   2371  1573    30623.1365    85    31442.0000    30162.9947    73185    4.07%
   2865  1991    30331.0317   115    31442.0000    30182.9165    84911    4.00%
   3242  2293    31081.7184   134    31442.0000    30198.2631    96088    3.96%
   3713  2688    30552.0207   116    31442.0000    30207.1882   106785    3.93%
   4199  3102    30656.2504   101    31442.0000    30215.8604   118707    3.90%
   4637  3463    30587.1116    79    31442.0000    30221.2722   129682    3.88%
   4943  3708    30238.0158   151    31442.0000    30225.7144   140058    3.87%
Elapsed time = 9.84 sec. (14416.07 ticks, tree = 12.00 MB, solutions = 10)
   5312  4011    30582.8819   122    31442.0000    30228.7488   151418    3.86%
   5680  4303    30241.2299   158    31442.0000    30233.7379   162505    3.84%
   6109  4670    30281.3365    92    31442.0000    30238.2898   174352    3.83%
   6410  4912    30646.3334   154    31442.0000    30241.0395   184820    3.82%
   6671  5134    31169.7999   152    31442.0000    30243.3511   195191    3.81%
   6911  5301    31152.7906   100    31442.0000    30247.4273   206984    3.80%
   7247  5587    30423.6146   105    31442.0000    30249.6157   218002    3.79%
*  7531+ 5782                        31401.0000    30251.8001             3.66%
   7531  5784    30833.3918   130    31401.0000    30251.8128   227048    3.66%
   7972  6181    30942.1800   117    31401.0000    30254.2558   238216    3.65%
   8244  6404    30494.6009   117    31401.0000    30256.7207   248960    3.64%
Elapsed time = 16.31 sec. (24130.15 ticks, tree = 20.42 MB, solutions = 11)
   8531  6631    30354.9190   153    31401.0000    30259.5857   258394    3.63%
   8739  6789    30823.8586   159    31401.0000    30260.8517   268759    3.63%
   8917  6910    30333.8785   110    31401.0000    30263.6098   279996    3.62%
   9160  7110    30424.0435    69    31401.0000    30265.3988   290197    3.62%
   9402  7319    30842.6743    94    31401.0000    30266.3027   301117    3.61%
*  9531+ 7412                        31391.0000    30268.1771             3.58%
*  9531+ 7307                        31351.0000    30268.1771             3.45%
   9541  7316    30573.7792    94    31351.0000    30268.1771   306327    3.45%
   9666  7403    30677.6772   140    31351.0000    30269.8809   316084    3.45%
   9969  7665    30560.8016   143    31351.0000    30270.9369   327453    3.45%
  10234  7888    30515.3462   108    31351.0000    30273.4364   338254    3.44%
  10531  8152    30713.0000    10    31351.0000    30274.1220   348248    3.43%
Elapsed time = 23.09 sec. (34116.32 ticks, tree = 28.54 MB, solutions = 13)
  10793  8369    30428.3030   110    31351.0000    30274.9761   359882    3.43%
  11064  8603    30495.7070    72    31351.0000    30276.1758   372362    3.43%
* 11151+ 7669                        31045.0000    30276.3943             2.48%
* 11151+ 7646                        31040.0000    30276.3943             2.46%
* 11151+ 7569                        31029.0000    30276.3943             2.43%
  11151  7568        cutoff          31029.0000    30276.3943   375552    2.43%
* 11152+ 7427                        30998.0000    30276.3943             2.33%
* 11152+ 6875                        30882.0000    30276.3943             1.96%
  11152  6877    30667.9758   161    30882.0000    30276.4464   375947    1.96%
  11406  7090    30801.8249   100    30882.0000    30278.1479   386480    1.96%
* 11531+ 7010                        30853.0000    30278.6032             1.86%
  11569  7044    30515.9318   161    30853.0000    30278.8272   395908    1.86%
  11756  7180    30372.4518   164    30853.0000    30279.7744   406151    1.86%
  11913  7284    30328.9423   133    30853.0000    30281.3007   415785    1.85%
  12201  7502    30451.6962   116    30853.0000    30282.4565   427494    1.85%
  12380  7630    30778.0531   125    30853.0000    30283.6143   436610    1.85%
Elapsed time = 40.73 sec. (54895.12 ticks, tree = 28.97 MB, solutions = 19)
* 12531+ 3770                        30546.0000    30284.3694             0.86%
  12531  3771    30505.9807    75    30546.0000    30284.3694   446208    0.86%
  12638  3820    30348.8734   138    30546.0000    30286.8708   453390    0.85%
  12761  3884    30308.2277   141    30546.0000    30288.3054   462253    0.84%
  12971  4012    30428.8912   105    30546.0000    30289.8787   471776    0.84%
  13097  4084    30432.6471   161    30546.0000    30291.3250   481376    0.83%
  13224  4162    30300.4801   135    30546.0000    30293.4199   489598    0.83%
  13368  4257    30455.1052   128    30546.0000    30294.9261   498726    0.82%
  13468  4292    30470.6299   120    30546.0000    30297.2826   507389    0.81%
  13560  4332    30331.1204   141    30546.0000    30298.1346   515307    0.81%
  13694  4410    30453.3799   168    30546.0000    30299.7257   525519    0.81%
Elapsed time = 47.34 sec. (64846.88 ticks, tree = 17.91 MB, solutions = 20)
  13812  4439    30342.5119   128    30546.0000    30302.8141   534996    0.80%
  13985  4548        cutoff          30546.0000    30304.3568   545360    0.79%
  14108  4607        cutoff          30546.0000    30306.1381   556039    0.79%
  14219  4663    30438.7809   118    30546.0000    30307.9998   565445    0.78%
  14347  4721    30448.9694   146    30546.0000    30309.3453   575422    0.77%
  14537  4828    30456.1544   134    30546.0000    30311.5191   586958    0.77%
  14749  4974    30327.2332   131    30546.0000    30312.6490   597682    0.76%
  14900  5065        cutoff          30546.0000    30314.4341   608796    0.76%
  15144  5247    30516.2055   120    30546.0000    30315.4578   623092    0.75%
  15307  5335    30461.5638   130    30546.0000    30316.9304   634763    0.75%
Elapsed time = 53.77 sec. (74519.53 ticks, tree = 22.97 MB, solutions = 20)
  15469  5415    30506.6439    89    30546.0000    30318.0875   646223    0.75%
  15628  5511    30516.0000    59    30546.0000    30319.9230   657873    0.74%
  15815  5609    30538.4586   181    30546.0000    30322.1904   670382    0.73%
  16015  5737    30437.4033   127    30546.0000    30323.1168   683443    0.73%
  16172  5812    30401.0856   159    30546.0000    30325.3347   695786    0.72%
  16391  5948    30437.3264   124    30546.0000    30326.3375   708337    0.72%
  16550  6016        cutoff          30546.0000    30327.9590   720496    0.71%
  16691  6079    30450.0353   136    30546.0000    30329.2299   733477    0.71%
  16841  6152    30481.7333    96    30546.0000    30330.9552   745593    0.70%
  17066  6303    30510.6505   105    30546.0000    30332.5343   758211    0.70%
Elapsed time = 60.26 sec. (84288.16 ticks, tree = 27.63 MB, solutions = 20)
  17317  6473    infeasible          30546.0000    30333.4417   771846    0.70%
  17523  6575    30414.5298   118    30546.0000    30334.8100   784335    0.69%
* 17531+ 5325                        30517.0000    30334.8100             0.60%
  17648  5355    30457.1181   116    30517.0000    30336.3263   797013    0.59%
  17879  5457    30466.4979   109    30517.0000    30337.9664   809897    0.59%
  18081  5569        cutoff          30517.0000    30339.3004   823876    0.58%
  18240  5645    30439.1208   114    30517.0000    30341.5834   836978    0.57%
  18465  5777    30424.0447    97    30517.0000    30343.3679   850147    0.57%
  18647  5847    30453.9151   134    30517.0000    30345.5944   863461    0.56%
  18816  5904        cutoff          30517.0000    30347.6394   876247    0.55%
  19025  5995    30399.0024   144    30517.0000    30349.0410   889573    0.55%
Elapsed time = 66.89 sec. (93923.18 ticks, tree = 27.39 MB, solutions = 21)
  19176  6067        cutoff          30517.0000    30350.1163   901955    0.55%
  19361  6150    30398.6733   133    30517.0000    30351.7669   913363    0.54%
  19531  6239    30479.8041   133    30517.0000    30353.1652   924559    0.54%
  19703  6309        cutoff          30517.0000    30354.3580   936930    0.53%
  19851  6351    30395.6474   123    30517.0000    30356.1428   948311    0.53%
  20021  6424    30407.0497   135    30517.0000    30357.3834   960255    0.52%
  20176  6490    30487.7280    92    30517.0000    30359.1854   972204    0.52%
  20320  6542    30377.3107   163    30517.0000    30360.5825   983626    0.51%
  20472  6600    30505.1459   138    30517.0000    30361.5510   995945    0.51%
  21128  6846    30389.3644   117    30517.0000    30365.7773  1044387    0.50%
Elapsed time = 75.31 sec. (106443.21 ticks, tree = 32.41 MB, solutions = 21)
  21944  7242    30504.9014   119    30517.0000    30371.2748  1097624    0.48%
  22696  7482    30491.0147   102    30517.0000    30376.2799  1149038    0.46%
  23451  7707        cutoff          30517.0000    30381.8836  1203132    0.44%
* 23531+ 6836                        30506.0000    30382.4330             0.41%
  24035  6995        cutoff          30506.0000    30385.9136  1248144    0.39%
  24754  7190        cutoff          30506.0000    30391.5663  1296457    0.38%
  25462  7296    30483.8134   155    30506.0000    30397.6525  1345845    0.36%
  26128  7405    30453.6971   159    30506.0000    30402.1811  1393446    0.34%
  26938  7562    30496.9630   120    30506.0000    30406.5051  1445522    0.33%
  27677  7698        cutoff          30506.0000    30411.2015  1495551    0.31%
  28408  7830    30462.9948   100    30506.0000    30414.9422  1548566    0.30%
Elapsed time = 101.59 sec. (144675.87 ticks, tree = 38.85 MB, solutions = 22)
  29177  7955    30507.2581   111    30506.0000    30418.8407  1603657    0.29%
  29928  8087    30469.5548   146    30506.0000    30422.1669  1650585    0.27%
  30593  8190    30452.7958   113    30506.0000    30424.2470  1700983    0.27%
  31383  8343    30465.7435   117    30506.0000    30426.5204  1751252    0.26%
  32130  8469        cutoff          30506.0000    30429.5084  1799526    0.25%
  32950  8609        cutoff          30506.0000    30432.1319  1852341    0.24%
  33815  8784        cutoff          30506.0000    30434.5350  1907869    0.23%
  34797  9011    30446.1567   101    30506.0000    30436.8241  1965564    0.23%
  35594  9052    30449.3078   107    30506.0000    30439.2653  2023176    0.22%
  36474  9198    30478.1663   103    30506.0000    30441.4255  2079601    0.21%
Elapsed time = 127.65 sec. (182920.93 ticks, tree = 47.09 MB, solutions = 22)
  37203  9262    30456.0688    86    30506.0000    30443.2000  2133219    0.21%
  38084  9344    30483.1880   100    30506.0000    30445.0605  2187535    0.20%
  38845  9325    30486.8290   121    30506.0000    30447.0177  2240588    0.19%
  39698  9350    30485.4179    98    30506.0000    30448.7318  2297633    0.19%
  40533  9420        cutoff          30506.0000    30450.2741  2354586    0.18%
  41338  9402    30482.9000    96    30506.0000    30451.9630  2414181    0.18%
  42202  9321    30471.5929   105    30506.0000    30454.0423  2471407    0.17%
  42998  9265    30489.4820   113    30506.0000    30455.7015  2523749    0.16%
  43798  9167    30496.7504   129    30506.0000    30457.3360  2574687    0.16%
  44628  9080    30495.2225    72    30506.0000    30459.2391  2627817    0.15%
Elapsed time = 153.73 sec. (221120.51 ticks, tree = 46.22 MB, solutions = 22)
  45350  8936        cutoff          30506.0000    30461.2000  2677597    0.15%
  46203  8826    30467.4673    94    30506.0000    30463.1436  2728814    0.14%
  47137  8701        cutoff          30506.0000    30465.1184  2783654    0.13%
  47990  8517        cutoff          30506.0000    30467.1820  2837162    0.13%
  48936  8272        cutoff          30506.0000    30469.5064  2891809    0.12%
  49741  8108        cutoff          30506.0000    30470.6338  2951260    0.12%
  50640  7747    30485.2530    84    30506.0000    30471.8444  3011123    0.11%
  51367  7438        cutoff          30506.0000    30472.4490  3065366    0.11%
  52247  7057        cutoff          30506.0000    30474.7333  3114659    0.10%
  53063  6694    30491.7091   108    30506.0000    30476.7397  3166987    0.10%
Elapsed time = 180.69 sec. (259296.30 ticks, tree = 34.41 MB, solutions = 22)
  53904  6267        cutoff          30506.0000    30478.9229  3218763    0.09%
  54890  5868        cutoff          30506.0000    30481.0966  3271139    0.08%
  55892  5358    30485.6193    80    30506.0000    30482.9277  3329525    0.08%
  56783  4823        cutoff          30506.0000    30485.3043  3383160    0.07%
  57754  4388    30500.6991   105    30506.0000    30486.8060  3436759    0.06%
  58555  3879    30487.8444   106    30506.0000    30487.8444  3498270    0.06%
  59605  3155        cutoff          30506.0000    30490.7333  3551854    0.05%
  60690  2329    infeasible          30506.0000    30494.5924  3606200    0.04%
  61900  1350        cutoff          30506.0000    30498.9000  3658353    0.02%

Clique cuts applied:  84
Cover cuts applied:  450
Implied bound cuts applied:  6
Flow cuts applied:  15
Mixed integer rounding cuts applied:  154
Zero-half cuts applied:  35
Lift and project cuts applied:  4
Gomory fractional cuts applied:  7

Root node processing (before b&c):
  Real time             =    0.62 sec. (672.43 ticks)
Sequential b&c:
  Real time             =  208.21 sec. (296494.08 ticks)
                          ------------
Total (root+branch&cut) =  208.83 sec. (297166.50 ticks)
MIP: [1;32mCPLEX finished.[0m
MIP: [1;32mCPLEX status: Optimal[0m
MIP: [1;32mSolution: 
[12, 20, 9, 13, 7, 22, 4, 6, 7, 8, 10, 20, 18, 18, 18, 16, 12, 21, 15, 14, 19, 14, 5, 13, 1, 15, 22, 22, 10, 1, 19, 21, 14, 10, 5, 4, 16, 4, 13, 19][-1, 11, -1, -1, 10, 8, 9, 7, 7, 15, 0, -1, 0, 14, 8, 11, 1, -1, 3, 9, 1, 14, 15][9, 2, -1, 6, -1, -1, -1, 5, 3, 3, 5, 11, -1, -1, 11, 2][-1, -1, 1, 1, -1, 6, 8, -1, -1, 6, -1, 8][0m
MIP: [1;32mObjective value: 30506[0m
MIP: [1;32mLower Bound: 30502.9[0m
MIP: [1;32mBranch-and-Bound nodes: 63078[0m

# best solution:
best objective value:	30506
best dual bound value:	30506
optimality gap:	0%
CPU time:	208.197
