ifile	/scratch/csagturk/mlbp_inst/n0040_m02__043.inst
prob	MLBP
threads	1
ttime	900
instance: /scratch/csagturk/mlbp_inst/n0040_m02__043.inst
	m=2, n=[40, 25, 16]
MIP: [1;32minit CPLEX[0m
CAN: [1;35mcreated 1400 x_{ijk} variables[0m
CAN: [1;35mcreated 81 y_{ij} variables[0m
MIP: [1;32mcreated decision variables[0m
CAN: [1;35madded 40 constraints to enforce the packing of each item[0m
CAN: [1;35madded 25 constraints to enforce the packing of each item[0m
CAN: [1;35madded 41 capacity constraints[0m
MIP: [1;32mcreated constraints[0m
MIP: [1;32mcreated objective function[0m
MIP: [1;32mcalling CPLEX solve ...[0m
Version identifier: 22.1.0.0 | 2022-03-09 | 1a383f8ce
CPXPARAM_Threads                                 1
CPXPARAM_TimeLimit                               900
Tried aggregator 2 times.
MIP Presolve eliminated 0 rows and 223 columns.
MIP Presolve modified 65 coefficients.
Aggregator did 75 substitutions.
Reduced MIP has 256 rows, 1393 columns, and 2770 nonzeros.
Reduced MIP has 1318 binaries, 0 generals, 0 SOSs, and 48 indicators.
Presolve time = 0.00 sec. (4.49 ticks)
Found incumbent of value 23771.000000 after 0.01 sec. (9.09 ticks)
Probing fixed 0 vars, tightened 25 bounds.
Probing changed sense of 25 constraints.
Probing time = 0.01 sec. (4.84 ticks)
Tried aggregator 1 time.
MIP Presolve eliminated 150 rows and 175 columns.
Reduced MIP has 106 rows, 1218 columns, and 2420 nonzeros.
Reduced MIP has 1218 binaries, 0 generals, 0 SOSs, and 0 indicators.
Presolve time = 0.00 sec. (2.98 ticks)
Probing time = 0.00 sec. (2.23 ticks)
Tried aggregator 1 time.
Detecting symmetries...
Reduced MIP has 106 rows, 1218 columns, and 2420 nonzeros.
Reduced MIP has 1218 binaries, 0 generals, 0 SOSs, and 0 indicators.
Presolve time = 0.00 sec. (2.43 ticks)
Probing time = 0.00 sec. (2.23 ticks)
Clique table members: 485.
MIP emphasis: balance optimality and feasibility.
MIP search method: dynamic search.
Parallel mode: none, using 1 thread.
Root relaxation solution time = 0.00 sec. (3.56 ticks)

        Nodes                                         Cuts/
   Node  Left     Objective  IInf  Best Integer    Best Bound    ItCnt     Gap

*     0+    0                        23771.0000        0.0000           100.00%
      0     0    17798.5898    45    23771.0000    17798.5898      299   25.12%
      0     0    17806.8167    57    23771.0000      Cuts: 72      408   25.09%
      0     0    17817.7027    76    23771.0000      Cuts: 79      588   25.04%
      0     0    17817.7027    87    23771.0000      Cuts: 69      695   25.04%
      0     0    17817.7027    82    23771.0000      Cuts: 51      814   25.04%
      0     0    17817.7027    73    23771.0000      Cuts: 78      954   25.04%
      0     0    17817.7027   102    23771.0000      Cuts: 71     1133   25.04%
*     0+    0                        20246.0000    17817.7027            11.99%
*     0+    0                        19963.0000    17817.7027            10.75%
      0     0  -1.00000e+75     0    19963.0000    17817.7027     1133   10.75%
      0     2    17817.7027    48    19963.0000    17817.7027     1133   10.75%
Elapsed time = 0.13 sec. (138.91 ticks, tree = 0.01 MB, solutions = 3)
*   100+  100                        19919.0000    17817.7027            10.55%
*   180+  170                        19632.0000    17817.7027             9.24%
*   369+  341                        19543.0000    17817.7027             8.83%
    429   402    17820.6912    53    19543.0000    17817.7027     4674    8.83%
*   484+  449                        19463.0000    17817.7027             8.45%
*   484+  423                        18722.0000    17817.7027             4.83%
*   485+  393                        18520.0000    17817.7027             3.79%
    485   395    17817.7027    69    18520.0000    17817.7027     5364    3.79%

Performing restart 1

Repeating presolve.
Tried aggregator 1 time.
MIP Presolve modified 91 coefficients.
Reduced MIP has 106 rows, 1218 columns, and 2420 nonzeros.
Reduced MIP has 1218 binaries, 0 generals, 0 SOSs, and 0 indicators.
Presolve time = 0.00 sec. (2.70 ticks)
Tried aggregator 1 time.
MIP Presolve modified 36 coefficients.
Reduced MIP has 106 rows, 1218 columns, and 2420 nonzeros.
Reduced MIP has 1218 binaries, 0 generals, 0 SOSs, and 0 indicators.
Presolve time = 0.00 sec. (2.80 ticks)
Represolve time = 0.02 sec. (15.94 ticks)
    595     0    17818.8364    63    18520.0000      Cuts: 99     7228    3.79%
    595     0    17819.8745    80    18520.0000      Cuts: 89     7380    3.78%
    595     0    17819.8745    79    18520.0000     Cuts: 100     7594    3.78%
    595     0    17821.8777    77    18520.0000      Cuts: 42     7741    3.77%
    595     0    17822.4749    93    18520.0000      Cuts: 89     7922    3.77%
    595     0    17825.8689    85    18520.0000      Cuts: 99     8172    3.75%
    595     0    17825.9630    97    18520.0000      Cuts: 94     8335    3.75%
    595     0    17826.9307    66    18520.0000      Cuts: 94     8472    3.74%
    595     0    17826.9307    72    18520.0000      Cuts: 95     8657    3.74%
    595     0    17826.9307    62    18520.0000      Cuts: 49     8789    3.74%
    595     0    17826.9307    85    18520.0000      Cuts: 75     8943    3.74%
    595     0    17826.9307    70    18520.0000      Cuts: 57     9082    3.74%
    595     0    17826.9307    91    18520.0000      Cuts: 71     9252    3.74%
    595     2    17826.9307    45    18520.0000    17827.2222     9252    3.74%
*   695+   94                        18476.0000    17836.5073             3.46%
    695    96    18395.7647    41    18476.0000    17836.5073     9984    3.46%
    795   174    17840.2470    57    18476.0000    17837.6926    10988    3.45%
    895   260    18166.0000    38    18476.0000    17845.8962    11676    3.41%
   1091   403    17926.8858    70    18476.0000    17849.3611    13426    3.39%
   1312   544    17895.4775    69    18476.0000    17859.7051    15442    3.34%
   1554   744    18181.0000    25    18476.0000    17868.8562    17624    3.29%
   2625  1580    17890.3653    83    18476.0000    17890.3701    29276    3.17%
Elapsed time = 4.64 sec. (6005.12 ticks, tree = 3.57 MB, solutions = 10)
   3607  2385    18344.0000    56    18476.0000    17897.9012    42700    3.13%
   4369  2971    17945.5063    78    18476.0000    17907.4930    55948    3.08%
   4957  3437    17950.4423    75    18476.0000    17913.3175    69777    3.05%
   5417  3786    18056.7692   120    18476.0000    17919.6169    83403    3.01%
   5707  4013    17972.0000    81    18476.0000    17922.6894    97472    2.99%
   6064  4286    18106.5037   128    18476.0000    17927.4833   111893    2.97%
   6297  4442    18046.6611    96    18476.0000    17929.7778   125956    2.96%
   6619  4713    17951.3930   116    18476.0000    17932.4644   140681    2.94%
   6859  4899    18136.8658   119    18476.0000    17933.5625   152586    2.94%
   7220  5173    18010.5682   141    18476.0000    17934.5992   167255    2.93%
Elapsed time = 10.99 sec. (15707.31 ticks, tree = 16.38 MB, solutions = 10)
   7411  5309    18025.4415   113    18476.0000    17936.6672   179232    2.92%
   7607  5447    17963.5318   130    18476.0000    17939.7524   193358    2.90%
   7773  5585    18127.6989   164    18476.0000    17940.4359   205211    2.90%
   8022  5785    17966.9445   115    18476.0000    17941.8750   219852    2.89%
   8270  5961    17980.7803   136    18476.0000    17943.1000   236750    2.88%
   8640  6232    18216.0141    80    18476.0000    17944.0000   252934    2.88%
   9308  6750    18000.8487   114    18476.0000    17944.0000   270676    2.88%
   9501  6875    18033.2076   112    18476.0000    17944.0000   285904    2.88%
*  9989  6369      integral     0    18463.0000    17944.0000   302459    2.81%
* 10089+ 4733                        18289.0000    17945.3099             1.88%
  10137  4761    18041.3921   187    18289.0000    17945.9673   318712    1.88%
Elapsed time = 17.34 sec. (25292.51 ticks, tree = 18.29 MB, solutions = 12)
  10195  4801    17965.2112   155    18289.0000    17946.6969   324234    1.87%
* 10255+ 4205                        18231.0000    17947.5088             1.55%
  10255  4207    18025.0526   136    18231.0000    17947.5088   329203    1.55%
  10456  4327    18037.4132   180    18231.0000    17949.1705   348133    1.55%
  10705  4507    18224.7188   153    18231.0000    17950.6813   366444    1.54%
  10914  4644    17996.5486   141    18231.0000    17953.0352   384030    1.52%
  11090  4769    18147.5688   156    18231.0000    17954.4381   400884    1.52%
  11281  4886    infeasible          18231.0000    17954.7831   416038    1.52%
  11555  5091    17968.2048   124    18231.0000    17956.5849   432275    1.51%
  11720  5168    18031.7093   119    18231.0000    17958.0000   448918    1.50%
  11825  5171    18219.0004   133    18231.0000    17959.9359   465554    1.49%
Elapsed time = 33.79 sec. (45220.94 ticks, tree = 22.17 MB, solutions = 13)
  12076  5362    17966.8790   142    18231.0000    17961.7481   482583    1.48%
  12225  5481    17962.0000    16    18231.0000    17962.0000   491062    1.48%
  12919  5691    infeasible          18231.0000    17962.0000   514171    1.48%
  13829  5811    infeasible          18231.0000    17962.0000   536962    1.48%
  14592  5890    17962.0000    39    18231.0000    17962.0000   558102    1.48%
  15255  6081    infeasible          18231.0000    17962.0000   579137    1.48%
  15894  6158    infeasible          18231.0000    17962.0000   603128    1.48%
  16487  6242    infeasible          18231.0000    17962.0000   627293    1.48%
  17173  6503    17962.0000    33    18231.0000    17962.0000   651424    1.48%
  17964  6657    infeasible          18231.0000    17962.0000   673877    1.48%
Elapsed time = 40.57 sec. (54766.93 ticks, tree = 30.68 MB, solutions = 13)
  18777  6877    infeasible          18231.0000    17962.0000   694533    1.48%
* 18941     1      integral     0    17962.0000    17962.0000   699743    0.00%

Clique cuts applied:  51
Cover cuts applied:  369
Implied bound cuts applied:  5
Flow cuts applied:  11
Mixed integer rounding cuts applied:  73
Zero-half cuts applied:  15
Lift and project cuts applied:  1
Gomory fractional cuts applied:  9

Root node processing (before b&c):
  Real time             =    0.13 sec. (139.12 ticks)
Sequential b&c:
  Real time             =   41.27 sec. (55812.15 ticks)
                          ------------
Total (root+branch&cut) =   41.40 sec. (55951.27 ticks)
MIP: [1;32mCPLEX finished.[0m
MIP: [1;32mCPLEX status: Optimal[0m
MIP: [1;32mSolution: 
[21, 13, 7, 8, 13, 9, 5, 18, 23, 14, 18, 0, 4, 1, 24, 21, 3, 1, 20, 20, 16, 15, 1, 2, 6, 9, 14, 16, 20, 5, 22, 16, 15, 3, 24, 23, 2, 22, 4, 2][0, 14, 14, 3, 8, 6, 12, 12, 6, 3, -1, -1, -1, 15, 9, 12, 11, -1, 3, -1, 1, 1, 15, 0, 8][0m
MIP: [1;32mObjective value: 17962[0m
MIP: [1;32mLower Bound: 17962[0m
MIP: [1;32mBranch-and-Bound nodes: 18942[0m

# best solution:
best objective value:	17962
best dual bound value:	17962
optimality gap:	0%
CPU time:	41.1965
