ifile	/scratch/csagturk/mlbp_inst/n0050_m02__025.inst
prob	MLBP
threads	1
ttime	900
instance: /scratch/csagturk/mlbp_inst/n0050_m02__025.inst
	m=2, n=[50, 30, 23]
MIP: [1;32minit CPLEX[0m
CAN: [1;35mcreated 2190 x_{ijk} variables[0m
CAN: [1;35mcreated 103 y_{ij} variables[0m
MIP: [1;32mcreated decision variables[0m
CAN: [1;35madded 50 constraints to enforce the packing of each item[0m
CAN: [1;35madded 30 constraints to enforce the packing of each item[0m
CAN: [1;35madded 53 capacity constraints[0m
MIP: [1;32mcreated constraints[0m
MIP: [1;32mcreated objective function[0m
MIP: [1;32mcalling CPLEX solve ...[0m
Version identifier: 22.1.0.0 | 2022-03-09 | 1a383f8ce
CPXPARAM_Threads                                 1
CPXPARAM_TimeLimit                               900
Tried aggregator 2 times.
MIP Presolve eliminated 0 rows and 326 columns.
MIP Presolve modified 197 coefficients.
Aggregator did 90 substitutions.
Reduced MIP has 313 rows, 2127 columns, and 4231 nonzeros.
Reduced MIP has 2037 binaries, 0 generals, 0 SOSs, and 60 indicators.
Presolve time = 0.01 sec. (7.86 ticks)
Found incumbent of value 31823.000000 after 0.01 sec. (14.05 ticks)
Probing fixed 0 vars, tightened 30 bounds.
Probing changed sense of 30 constraints.
Probing time = 0.01 sec. (9.26 ticks)
Tried aggregator 1 time.
Detecting symmetries...
MIP Presolve eliminated 180 rows and 210 columns.
Reduced MIP has 133 rows, 1917 columns, and 3811 nonzeros.
Reduced MIP has 1917 binaries, 0 generals, 0 SOSs, and 0 indicators.
Presolve time = 0.01 sec. (5.75 ticks)
Probing time = 0.00 sec. (2.37 ticks)
Clique table members: 735.
MIP emphasis: balance optimality and feasibility.
MIP search method: dynamic search.
Parallel mode: none, using 1 thread.
Root relaxation solution time = 0.00 sec. (5.38 ticks)

        Nodes                                         Cuts/
   Node  Left     Objective  IInf  Best Integer    Best Bound    ItCnt     Gap

*     0+    0                        31823.0000        0.0000           100.00%
      0     0    22248.8059    63    31823.0000    22248.8059      350   30.09%
      0     0    22277.1687    80    31823.0000      Cuts: 92      527   30.00%
      0     0    22345.3568   100    31823.0000      Cuts: 97      735   29.78%
      0     0    22362.4082   101    31823.0000      Cuts: 85      934   29.73%
      0     0    22363.8330   113    31823.0000      Cuts: 85     1157   29.72%
      0     0    22383.7270   118    31823.0000      Cuts: 75     1370   29.66%
      0     0    22388.5412   111    31823.0000      Cuts: 77     1484   29.65%
      0     0    22398.5632   136    31823.0000      Cuts: 66     1665   29.62%
      0     0    22411.1556   130    31823.0000      Cuts: 67     1918   29.58%
      0     0    22416.2284   126    31823.0000      Cuts: 67     2089   29.56%
      0     0    22430.0789   141    31823.0000      Cuts: 70     2317   29.52%
      0     0    22439.0117   132    31823.0000      Cuts: 72     2504   29.49%
      0     0    22443.5980   106    31823.0000      Cuts: 63     2652   29.47%
*     0+    0                        26553.0000    22443.5980            15.48%
*     0+    0                        26384.0000    22443.5980            14.93%
*     0+    0                        26221.0000    22443.5980            14.41%
      0     0  -1.00000e+75     0    26221.0000    22443.5980     2652   14.41%
      0     0    22448.1872   116    26221.0000      Cuts: 50     2865   14.39%
      0     0    22453.7350   131    26221.0000      Cuts: 57     3014   14.37%
      0     0    22457.3005   143    26221.0000      Cuts: 62     3244   14.35%
      0     0    22460.6269   148    26221.0000      Cuts: 48     3366   14.34%
      0     0    22463.0197   118    26221.0000      Cuts: 45     3488   14.33%
      0     0    22464.9187   123    26221.0000      Cuts: 55     3615   14.32%
*     0+    0                        26098.0000    22464.9187            13.92%
*     0+    0                        24092.0000    22464.9187             6.75%
*     0+    0                        24052.0000    22464.9187             6.60%
*     0+    0                        24019.0000    22464.9187             6.47%
*     0+    0                        23852.0000    22464.9187             5.82%
      0     0  -1.00000e+75     0    23852.0000    22464.9187     3615    5.82%
      0     2    22464.9187   103    23852.0000    22464.9187     3615    5.82%
Elapsed time = 0.73 sec. (747.94 ticks, tree = 0.01 MB, solutions = 9)
    257   255    23094.6000    27    23852.0000    22464.9187     6423    5.82%
    510   480    22469.6232   108    23852.0000    22464.9187     8868    5.82%

Performing restart 1

Repeating presolve.
Tried aggregator 1 time.
MIP Presolve modified 639 coefficients.
Reduced MIP has 133 rows, 1917 columns, and 3811 nonzeros.
Reduced MIP has 1917 binaries, 0 generals, 0 SOSs, and 0 indicators.
Presolve time = 0.01 sec. (5.32 ticks)
Tried aggregator 1 time.
MIP Presolve modified 458 coefficients.
Reduced MIP has 133 rows, 1917 columns, and 3811 nonzeros.
Reduced MIP has 1917 binaries, 0 generals, 0 SOSs, and 0 indicators.
Presolve time = 0.01 sec. (5.99 ticks)
Represolve time = 0.05 sec. (35.08 ticks)
    512     0    22480.6933   128    23852.0000      Cuts: 83    10012    5.75%
    512     0    22486.9997    99    23852.0000      Cuts: 66    10138    5.72%
    512     0    22491.2439   106    23852.0000      Cuts: 62    10344    5.70%
    512     0    22495.6998   127    23852.0000      Cuts: 72    10613    5.69%
    512     0    22496.4273   125    23852.0000      Cuts: 58    10831    5.68%
    512     0    22497.6477   118    23852.0000      Cuts: 64    11068    5.68%
    512     0    22498.1674   119    23852.0000      Cuts: 72    11203    5.68%
    512     0    22499.0589   117    23852.0000      Cuts: 58    11329    5.67%
    512     0    22499.0693   122    23852.0000      Cuts: 61    11505    5.67%
    512     0    22499.1220   113    23852.0000      Cuts: 46    11615    5.67%
    512     0    22500.6495   112    23852.0000      Cuts: 41    11765    5.67%
    512     0    22501.0115   106    23852.0000      Cuts: 38    11865    5.66%
    512     0    22501.1290   116    23852.0000      Cuts: 31    11963    5.66%
    512     0    22501.1292   109    23852.0000      Cuts: 28    12052    5.66%
    512     0    22501.2057   102    23852.0000      Cuts: 38    12142    5.66%
    512     2    22501.2057    86    23852.0000    22501.2830    12142    5.66%
    527    17    22535.7252    68    23852.0000    22502.7872    12659    5.66%
    560    50    22601.3585    57    23852.0000    22502.7872    13535    5.66%
*   612+  100                        23826.0000    22502.7872             5.55%
    612   102    22692.2846    34    23826.0000    22502.7872    14048    5.55%
    692   176    22641.9503    68    23826.0000    22503.2321    15281    5.55%
    712   196    22755.0596    63    23826.0000    22503.2321    15587    5.55%
*   812+  247                        23269.0000    22503.2321             3.29%
    812   245    23269.0000     0    23269.0000    22503.2321    16568    3.29%
*   912+  330                        23211.0000    22514.1650             3.00%
*   912+  305                        23162.0000    22514.1650             2.80%
*  1012+  369                        23094.0000    22516.3151             2.50%
   1012   371    22612.9693    61    23094.0000    22516.3151    19352    2.50%
Elapsed time = 4.93 sec. (6109.55 ticks, tree = 1.20 MB, solutions = 14)
   1790  1090    22556.0333    75    23094.0000    22525.2231    28438    2.46%
   2708  1901    22539.6171    85    23094.0000    22530.3254    39499    2.44%
   3645  2752    22583.4701    80    23094.0000    22534.7184    52723    2.42%
   4512  3524    22617.8561    82    23094.0000    22537.2634    65222    2.41%
   5402  4318    22617.0283    74    23094.0000    22539.6375    77918    2.40%
   6252  5065    22668.8666    92    23094.0000    22541.9247    90548    2.39%
   7056  5797    22555.6578   123    23094.0000    22542.9906   102382    2.39%
   7706  6350    22572.1167    94    23094.0000    22544.2846   113916    2.38%
   8424  6989    22568.8255    90    23094.0000    22545.0519   126154    2.38%
   9074  7576    22709.4165    91    23094.0000    22546.0690   138776    2.37%
Elapsed time = 11.19 sec. (15687.80 ticks, tree = 26.23 MB, solutions = 14)
   9769  8198    22820.2061    56    23094.0000    22547.5380   151225    2.37%
  10504  8866    22715.9392    72    23094.0000    22548.2344   163192    2.36%
* 10692+ 8947                        23089.0000    22548.3634             2.34%
* 10692+ 7182                        22899.0000    22548.3634             1.53%
* 10692+ 6243                        22855.0000    22548.3634             1.34%
  10692  6245    22738.4574    77    22855.0000    22548.3634   166478    1.34%
  10957  6466    22602.0083    81    22855.0000    22548.9528   173248    1.34%
  11435  6868    22576.6618    98    22855.0000    22549.8854   184253    1.34%
  12108  7446    22806.0000    22    22855.0000    22550.6053   195172    1.33%
  12668  7903    22685.0897    63    22855.0000    22551.5306   206442    1.33%
  12923  8121    22558.9805   101    22855.0000    22552.0407   211344    1.33%
  13458  8582    22612.2322    89    22855.0000    22552.8425   222032    1.32%
  14056  9080    22743.8831    84    22855.0000    22553.7225   233650    1.32%
Elapsed time = 28.12 sec. (36183.98 ticks, tree = 34.07 MB, solutions = 17)
  14594  9533    22815.0000    13    22855.0000    22554.2775   244493    1.32%
  15062  9902    22843.7255    96    22855.0000    22555.5116   256402    1.31%
* 15312+ 8981                        22815.0000    22555.7777             1.14%
  15357  9015    22790.0339   102    22815.0000    22555.8435   263349    1.14%
* 15412+ 7940                        22788.0000    22555.9451             1.02%
* 15612+ 7550                        22768.0000    22556.0609             0.93%
  15612  7552    22627.4053    97    22768.0000    22556.0609   269982    0.93%
  16028  7871    22592.8028   105    22768.0000    22556.8678   281076    0.93%
  16346  8107    22615.4511    83    22768.0000    22557.2520   291659    0.93%
  16687  8361    22590.7984    89    22768.0000    22557.8260   302011    0.92%
  17067  8653    22653.0520    89    22768.0000    22558.2643   312540    0.92%
  17355  8840    22654.3289   105    22768.0000    22558.6853   322483    0.92%
  17441  8906    22589.6624   130    22768.0000    22558.9016   325499    0.92%
Elapsed time = 34.94 sec. (46188.22 ticks, tree = 35.05 MB, solutions = 20)
  17722  9115    22644.8031   106    22768.0000    22559.3356   335196    0.92%
  18159  9467    22572.6776   100    22768.0000    22559.7080   345568    0.91%
  18472  9710    22647.7067    76    22768.0000    22560.0095   354147    0.91%
  18752  9918    22586.9728   100    22768.0000    22560.3865   363859    0.91%
  18969 10072    22598.8285   122    22768.0000    22560.5411   373661    0.91%
  19287 10329    22589.9144   116    22768.0000    22561.0103   384193    0.91%
  19415 10431    22663.6684    97    22768.0000    22561.1401   388386    0.91%
  19669 10623    22634.5676   138    22768.0000    22561.4230   397908    0.91%
  19950 10830    22596.0557   143    22768.0000    22561.9828   408514    0.90%
  20222 11039    22673.6053   105    22768.0000    22562.5352   418451    0.90%
Elapsed time = 41.14 sec. (55795.58 ticks, tree = 46.30 MB, solutions = 20)
  20502 11245    22747.7599    92    22768.0000    22563.1917   429620    0.90%
  20694 11382    22604.5872   112    22768.0000    22563.4708   437903    0.90%
  20972 11570    22595.4409   124    22768.0000    22563.6393   449134    0.90%
  21240 11778    22590.6355   133    22768.0000    22564.0759   459854    0.90%
  21494 11987    22645.4319    84    22768.0000    22564.2369   466883    0.89%
  21767 12191    22628.3712   108    22768.0000    22564.5252   476507    0.89%
  21976 12330    22573.7067   121    22768.0000    22564.8674   486856    0.89%
  22212 12510    22698.5446    86    22768.0000    22565.2879   496927    0.89%
  22455 12698    22680.2867   110    22768.0000    22565.4992   505680    0.89%
  22634 12826    22683.6978    97    22768.0000    22565.8652   514205    0.89%
Elapsed time = 47.52 sec. (65553.30 ticks, tree = 57.35 MB, solutions = 20)
* 22812+12096                        22750.0000    22566.0861             0.81%
  22814 12095    22574.2486   109    22750.0000    22566.1399   522982    0.81%
  23004 12250    22605.4720   113    22750.0000    22566.4181   528716    0.81%
  23177 12376    22583.6923   136    22750.0000    22566.6655   537326    0.81%
  23312 12474    22640.0705    84    22750.0000    22566.8159   542579    0.81%
  23509 12615    22685.4783    91    22750.0000    22567.2526   551367    0.80%
  23673 12729    22637.4400    76    22750.0000    22567.6005   559318    0.80%
  23922 12919    22620.7078   143    22750.0000    22567.8442   570613    0.80%
  24134 13057    22594.1378   169    22750.0000    22568.0380   581673    0.80%
  24336 13188    22678.4733   125    22750.0000    22568.4088   593699    0.80%
  24512 13318    22747.0000    51    22750.0000    22568.5608   603989    0.80%
Elapsed time = 54.43 sec. (75875.85 ticks, tree = 63.13 MB, solutions = 21)
  24739 13480    22676.9095   101    22750.0000    22568.8484   615267    0.80%
  24928 13588    22638.4946   119    22750.0000    22569.2285   626146    0.79%
  25153 13734    22612.2692   124    22750.0000    22569.8686   637495    0.79%
  25330 13853    22635.8295   119    22750.0000    22570.1525   647876    0.79%
  25512 13988    22671.3616   103    22750.0000    22570.3261   656377    0.79%
  25767 14172    22734.7497   105    22750.0000    22570.6429   668359    0.79%
  26064 14375    22707.9279   136    22750.0000    22571.0400   680768    0.79%
  26372 14595    22586.0769   120    22750.0000    22571.4920   692565    0.78%
  26612 14747    22646.0693   107    22750.0000    22571.8125   703929    0.78%
  26862 14904    22661.0782   132    22750.0000    22572.2707   716661    0.78%
Elapsed time = 61.47 sec. (86388.55 ticks, tree = 75.00 MB, solutions = 21)
  27111 15082    22686.6606    94    22750.0000    22572.5883   729320    0.78%
  27328 15231    22627.9408   130    22750.0000    22572.9708   741663    0.78%
  27621 15434        cutoff          22750.0000    22573.2886   753813    0.78%
  27907 15642    22676.1704   116    22750.0000    22573.4843   766315    0.78%
  27977 15691    22748.9058    88    22750.0000    22573.5193   769596    0.78%
  28183 15816    22616.7113    98    22750.0000    22574.0180   782727    0.77%
  28427 15997    22678.0000    44    22750.0000    22574.5442   796366    0.77%
  28730 16205    22629.3828   124    22750.0000    22574.9637   808970    0.77%
  28980 16385    22608.7289   141    22750.0000    22575.2962   820642    0.77%
  29199 16534    22677.8686   102    22750.0000    22575.5773   831670    0.77%
Elapsed time = 67.76 sec. (96015.06 ticks, tree = 87.83 MB, solutions = 21)
  29357 16649    22704.3073   102    22750.0000    22575.7676   839174    0.77%
  29633 16853    22663.0460   121    22750.0000    22576.0859   851393    0.76%
  29845 16982    22668.8244   108    22750.0000    22576.1862   863563    0.76%
  30012 17105    22692.2695    96    22750.0000    22576.3079   872658    0.76%
  30227 17247    22748.0485   103    22750.0000    22576.6146   883601    0.76%
  30477 17418    22689.1293   130    22750.0000    22577.0575   894856    0.76%
  30672 17549    22716.8920   113    22750.0000    22577.2915   906223    0.76%
  30994 17791    22740.6053   128    22750.0000    22577.8012   917231    0.76%
  31232 17953    22625.1491   117    22750.0000    22578.0673   929218    0.76%
  31953 18443    22689.8139   128    22750.0000    22578.8819   966513    0.75%
Elapsed time = 76.50 sec. (109138.20 ticks, tree = 102.02 MB, solutions = 21)
  33010 19153    22668.7547   108    22750.0000    22580.2360  1016899    0.75%
* 33212+ 8883                        22660.0000    22580.5150             0.35%
  33568  8936    22590.4738   152    22660.0000    22581.8817  1059415    0.34%
  34091  9072    22654.1607   130    22660.0000    22583.4425  1100843    0.34%
  34723  9157        cutoff          22660.0000    22585.8921  1149438    0.33%
  35362  9274    22605.6294   105    22660.0000    22587.4912  1197794    0.32%
  36017  9362    22643.6554   118    22660.0000    22590.2070  1246679    0.31%
  36747  9514    22611.3692   136    22660.0000    22592.0815  1296643    0.30%
  37648  9744        cutoff          22660.0000    22594.5552  1349574    0.29%
  38355  9789        cutoff          22660.0000    22596.7484  1402834    0.28%
  39082  9793    22646.0148   145    22660.0000    22599.4095  1457831    0.27%
Elapsed time = 101.73 sec. (147356.04 ticks, tree = 58.65 MB, solutions = 22)
  39752  9783    22641.1985   128    22660.0000    22601.5000  1507840    0.26%
  40721 10023        cutoff          22660.0000    22603.7796  1557669    0.25%
  41585 10202        cutoff          22660.0000    22605.5786  1607103    0.24%

Performing restart 2

Repeating presolve.
Tried aggregator 1 time.
MIP Presolve eliminated 1 rows and 28 columns.
MIP Presolve modified 587 coefficients.
Reduced MIP has 132 rows, 1889 columns, and 3761 nonzeros.
Reduced MIP has 1889 binaries, 0 generals, 0 SOSs, and 0 indicators.
Presolve time = 0.01 sec. (5.22 ticks)
Tried aggregator 1 time.
MIP Presolve modified 554 coefficients.
Reduced MIP has 132 rows, 1889 columns, and 3761 nonzeros.
Reduced MIP has 1889 binaries, 0 generals, 0 SOSs, and 0 indicators.
Presolve time = 0.01 sec. (6.16 ticks)
Represolve time = 0.10 sec. (64.87 ticks)
  41672     0    22503.8177   150    22660.0000      Cuts: 44  1618986    0.24%
  41672     0    22504.7578   143    22660.0000      Cuts: 65  1619178    0.24%
  41672     0    22506.1758   136    22660.0000      Cuts: 82  1619428    0.24%
  41672     0    22506.2142   146    22660.0000      Cuts: 80  1619642    0.24%
  41672     0    22506.6214   141    22660.0000      Cuts: 30  1619890    0.24%
  41672     0    22506.6214   151    22660.0000      Cuts: 85  1620077    0.24%
  41672     0    22507.1470   146    22660.0000      Cuts: 58  1620400    0.24%
  41672     0    22507.2300   141    22660.0000      Cuts: 65  1620655    0.24%
  41672     0    22507.2300   139    22660.0000      Cuts: 56  1620775    0.24%
  41672     0    22507.2300   146    22660.0000      Cuts: 48  1620988    0.24%
  41777    73    22653.7352    93    22660.0000    22605.9049  1623341    0.24%
  42720   552        cutoff          22660.0000    22605.9049  1642843    0.24%
  43314   656        cutoff          22660.0000    22605.9049  1673532    0.24%
  43864   809    22652.7415   137    22660.0000    22605.9049  1704416    0.24%
  44466   969    22628.6562   128    22660.0000    22609.6205  1736990    0.22%
  45110  1255    22626.4000   100    22660.0000    22613.7381  1766179    0.20%
* 46042     0      integral     0    22618.0000    22618.0000  1797213    0.00%
Elapsed time = 126.54 sec. (184994.54 ticks, tree = 0.08 MB, solutions = 23)

Clique cuts applied:  56
Cover cuts applied:  456
Flow cuts applied:  16
Mixed integer rounding cuts applied:  90
Zero-half cuts applied:  29
Lift and project cuts applied:  3
Gomory fractional cuts applied:  11

Root node processing (before b&c):
  Real time             =    0.73 sec. (748.40 ticks)
Sequential b&c:
  Real time             =  125.81 sec. (184256.21 ticks)
                          ------------
Total (root+branch&cut) =  126.54 sec. (185004.60 ticks)
MIP: [1;32mCPLEX finished.[0m
MIP: [1;32mCPLEX status: Optimal[0m
MIP: [1;32mSolution: 
[7, 15, 20, 16, 9, 29, 14, 23, 13, 28, 27, 7, 27, 27, 8, 26, 18, 8, 13, 16, 14, 15, 28, 22, 24, 1, 17, 8, 17, 26, 21, 20, 3, 6, 22, 3, 20, 1, 18, 21, 20, 12, 9, 0, 21, 3, 0, 22, 15, 18][9, 12, -1, 21, -1, -1, 18, 21, 12, 6, -1, -1, 10, 15, 19, 18, 6, 20, 7, -1, 11, 19, 20, 1, 9, -1, 9, 1, 22, 10][0m
MIP: [1;32mObjective value: 22618[0m
MIP: [1;32mLower Bound: 22618[0m
MIP: [1;32mBranch-and-Bound nodes: 46043[0m

# best solution:
best objective value:	22618
best dual bound value:	22618
optimality gap:	0%
CPU time:	126.148
