ifile	/scratch/csagturk/mlbp_inst/n0050_m03__038.inst
prob	MLBP
threads	1
ttime	900
instance: /scratch/csagturk/mlbp_inst/n0050_m03__038.inst
	m=3, n=[50, 23, 18, 12]
MIP: [1;32minit CPLEX[0m
CAN: [1;35mcreated 1780 x_{ijk} variables[0m
CAN: [1;35mcreated 103 y_{ij} variables[0m
MIP: [1;32mcreated decision variables[0m
CAN: [1;35madded 50 constraints to enforce the packing of each item[0m
CAN: [1;35madded 41 constraints to enforce the packing of each item[0m
CAN: [1;35madded 53 capacity constraints[0m
MIP: [1;32mcreated constraints[0m
MIP: [1;32mcreated objective function[0m
MIP: [1;32mcalling CPLEX solve ...[0m
Version identifier: 22.1.0.0 | 2022-03-09 | 1a383f8ce
CPXPARAM_Threads                                 1
CPXPARAM_TimeLimit                               900
Tried aggregator 2 times.
MIP Presolve eliminated 0 rows and 241 columns.
MIP Presolve modified 137 coefficients.
Aggregator did 123 substitutions.
Reduced MIP has 390 rows, 1879 columns, and 3746 nonzeros.
Reduced MIP has 1756 binaries, 0 generals, 0 SOSs, and 75 indicators.
Presolve time = 0.01 sec. (6.05 ticks)
Found incumbent of value 37780.000000 after 0.02 sec. (17.45 ticks)
Probing fixed 0 vars, tightened 42 bounds.
Probing changed sense of 41 constraints.
Probing time = 0.01 sec. (6.71 ticks)
Tried aggregator 1 time.
MIP Presolve eliminated 246 rows and 287 columns.
Reduced MIP has 144 rows, 1592 columns, and 3172 nonzeros.
Reduced MIP has 1592 binaries, 0 generals, 0 SOSs, and 0 indicators.
Presolve time = 0.00 sec. (3.60 ticks)
Probing time = 0.00 sec. (2.23 ticks)
Tried aggregator 1 time.
Detecting symmetries...
Reduced MIP has 144 rows, 1592 columns, and 3172 nonzeros.
Reduced MIP has 1592 binaries, 0 generals, 0 SOSs, and 0 indicators.
Presolve time = 0.01 sec. (3.08 ticks)
Probing time = 0.00 sec. (2.24 ticks)
Clique table members: 887.
MIP emphasis: balance optimality and feasibility.
MIP search method: dynamic search.
Parallel mode: none, using 1 thread.
Root relaxation solution time = 0.00 sec. (5.05 ticks)

        Nodes                                         Cuts/
   Node  Left     Objective  IInf  Best Integer    Best Bound    ItCnt     Gap

*     0+    0                        37780.0000        0.0000           100.00%
      0     0    25874.8148    66    37780.0000    25874.8148      370   31.51%
      0     0    25938.2664   104    37780.0000     Cuts: 101      654   31.34%
      0     0    25939.2979   118    37780.0000     Cuts: 102     1009   31.34%
      0     0    25994.2001   126    37780.0000      Cuts: 78     1546   31.20%
      0     0    26066.8901   141    37780.0000      Cuts: 88     1753   31.00%
      0     0    26096.1475   147    37780.0000      Cuts: 94     1928   30.93%
      0     0    26128.8547   149    37780.0000      Cuts: 90     2168   30.84%
      0     0    26169.5219   141    37780.0000      Cuts: 73     2399   30.73%
      0     0    26182.1905   157    37780.0000      Cuts: 74     2568   30.70%
*     0+    0                        35207.0000    26182.1905            25.63%
*     0+    0                        32500.0000    26182.1905            19.44%
*     0+    0                        31022.0000    26182.1905            15.60%
*     0+    0                        31009.0000    26182.1905            15.57%
*     0+    0                        31008.0000    26182.1905            15.56%
*     0+    0                        30963.0000    26182.1905            15.44%
*     0+    0                        30905.0000    26182.1905            15.28%
*     0+    0                        30786.0000    26182.1905            14.95%
*     0+    0                        30776.0000    26182.1905            14.93%
*     0+    0                        30669.0000    26182.1905            14.63%
      0     0  -1.00000e+75     0    30669.0000    26182.1905     2568   14.63%
      0     0    26187.2257   140    30669.0000      Cuts: 59     2760   14.61%
      0     0    26197.1142   137    30669.0000      Cuts: 76     2907   14.58%
      0     0    26213.6089   136    30669.0000      Cuts: 72     3096   14.53%
      0     0    26219.6577   165    30669.0000      Cuts: 63     3210   14.51%
      0     0    26234.4254   135    30669.0000      Cuts: 80     3353   14.46%
      0     0    26247.0738   147    30669.0000      Cuts: 85     3539   14.42%
      0     0    26253.7162   146    30669.0000      Cuts: 65     3692   14.40%
      0     0    26267.8815   150    30669.0000      Cuts: 63     3906   14.35%
      0     0    26274.7390   146    30669.0000      Cuts: 59     4064   14.33%
      0     0    26288.9971   157    30669.0000      Cuts: 44     4212   14.28%
      0     0    26303.5593   153    30669.0000      Cuts: 57     4358   14.23%
      0     0    26309.8988   156    30669.0000      Cuts: 48     4536   14.21%
      0     0    26318.8452   150    30669.0000      Cuts: 64     4674   14.18%
      0     0    26327.8684   166    30669.0000      Cuts: 64     4793   14.15%
      0     0    26334.6503   149    30669.0000      Cuts: 50     4920   14.13%
      0     0    26336.1323   130    30669.0000      Cuts: 59     5071   14.13%
      0     0    26348.6333   136    30669.0000      Cuts: 35     5155   14.09%
      0     0    26349.9576   148    30669.0000      Cuts: 52     5234   14.08%
*     0+    0                        30119.0000    26349.9576            12.51%
*     0+    0                        28688.0000    26349.9576             8.15%
      0     2    26349.9576   125    28688.0000    26350.0781     5234    8.15%
Elapsed time = 0.97 sec. (1074.02 ticks, tree = 0.01 MB, solutions = 13)
    171   165    27325.0000    17    28688.0000    26353.7854     7751    8.14%
*   343   268      integral     0    27141.0000    26355.4959     9866    2.89%
    389   314    26451.7608    99    27141.0000    26365.1320    10476    2.86%

Performing restart 1

Repeating presolve.
Tried aggregator 1 time.
MIP Presolve eliminated 0 rows and 1 columns.
MIP Presolve modified 324 coefficients.
Reduced MIP has 144 rows, 1591 columns, and 3170 nonzeros.
Reduced MIP has 1591 binaries, 0 generals, 0 SOSs, and 0 indicators.
Presolve time = 0.01 sec. (4.23 ticks)
Tried aggregator 1 time.
MIP Presolve modified 88 coefficients.
Reduced MIP has 144 rows, 1591 columns, and 3170 nonzeros.
Reduced MIP has 1591 binaries, 0 generals, 0 SOSs, and 0 indicators.
Presolve time = 0.01 sec. (4.27 ticks)
Represolve time = 0.04 sec. (28.96 ticks)
    525     0    26378.5094   153    27141.0000      Cuts: 98    13936    2.81%
    525     0    26381.0003   166    27141.0000      Cuts: 70    14044    2.80%
    525     0    26391.6198   160    27141.0000      Cuts: 58    14183    2.76%
    525     0    26392.6862   131    27141.0000      Cuts: 60    14305    2.76%
    525     0    26393.7152   152    27141.0000      Cuts: 50    14386    2.75%
    525     0    26394.4749   140    27141.0000      Cuts: 58    14495    2.75%
    525     0    26401.3981   131    27141.0000      Cuts: 63    14687    2.73%
    525     0    26403.3382   149    27141.0000      Cuts: 82    14837    2.72%
    525     0    26406.3616   157    27141.0000      Cuts: 69    14957    2.71%
    525     0    26412.1647   145    27141.0000      Cuts: 56    15136    2.69%
    525     0    26416.1535   129    27141.0000      Cuts: 73    15232    2.67%
*   525+    0                        27033.0000    26416.1535             2.28%
*   525+    0                        27003.0000    26416.1535             2.17%
    525     0  -1.00000e+75     0    27003.0000    26416.1535    15232    2.17%
    525     0    26420.7182   130    27003.0000      Cuts: 51    15343    2.16%
    525     0    26421.1949   143    27003.0000      Cuts: 51    15442    2.15%
    525     0    26422.9609   134    27003.0000      Cuts: 42    15538    2.15%
    525     0    26423.2446   144    27003.0000      Cuts: 59    15672    2.15%
    525     0    26424.4367   152    27003.0000      Cuts: 30    15748    2.14%
    525     0    26427.4477   129    27003.0000      Cuts: 32    15878    2.13%
    525     0    26429.0736   130    27003.0000      Cuts: 58    15992    2.13%
    525     2    26429.0736   112    27003.0000    26429.5404    15992    2.12%
    535    12    26509.2969    99    27003.0000    26433.5779    16616    2.11%
    552    29    26614.8962    89    27003.0000    26433.5779    17457    2.11%
    579    52    26507.6750   128    27003.0000    26438.5208    18423    2.09%
    628    92    26933.1444    81    27003.0000    26445.8881    20407    2.06%
    724   176    26845.3873    91    27003.0000    26449.5124    22357    2.05%
    814   240        cutoff          27003.0000    26456.0210    24628    2.03%
   1265   623    26630.9791    61    27003.0000    26525.0845    35669    1.77%
Elapsed time = 3.92 sec. (5282.11 ticks, tree = 2.09 MB, solutions = 16)
*  1581   801      integral     0    26916.0000    26538.7758    40802    1.40%
*  1681+  719                        26808.0000    26547.8750             0.97%
   1805   808    26761.7428   102    26808.0000    26553.7387    46730    0.95%
   2222  1103    26646.6949    88    26808.0000    26579.0735    59014    0.85%
   2708  1447    26755.0000     9    26808.0000    26595.3477    71753    0.79%
*  2822  1329      integral     0    26771.0000    26597.2432    73854    0.65%
   3162  1534    26664.0824    81    26771.0000    26603.3848    83797    0.63%
*  3525+ 1292                        26723.0000    26607.0724             0.43%
   3725  1433    26646.0557   107    26723.0000    26608.4828    94510    0.43%
   4213  1771    26641.5000   118    26723.0000    26611.7192   105136    0.42%
   4525  1927    26632.9641   126    26723.0000    26617.2223   114998    0.40%
*  4588  1173      integral     0    26698.0000    26617.2223   115685    0.30%
*  4805+  951                        26684.0000    26620.5597             0.24%
   4835   954    26634.4643   115    26684.0000    26621.0844   127268    0.24%
   5123   947    26643.4333   113    26684.0000    26627.0622   141328    0.21%
   5467   801    infeasible          26684.0000    26635.3770   158920    0.18%
Elapsed time = 10.40 sec. (14888.37 ticks, tree = 3.12 MB, solutions = 22)
   5795   646    26670.1433   137    26684.0000    26646.0362   174985    0.14%
   6187   431    26666.4508   103    26684.0000    26661.7047   191006    0.08%

Clique cuts applied:  31
Cover cuts applied:  153
Flow cuts applied:  7
Mixed integer rounding cuts applied:  103
Zero-half cuts applied:  41
Gomory fractional cuts applied:  4

Root node processing (before b&c):
  Real time             =    0.96 sec. (1071.15 ticks)
Sequential b&c:
  Real time             =   11.28 sec. (16543.07 ticks)
                          ------------
Total (root+branch&cut) =   12.24 sec. (17614.22 ticks)
MIP: [1;32mCPLEX finished.[0m
MIP: [1;32mCPLEX status: Optimal[0m
MIP: [1;32mSolution: 
[20, 12, 8, 3, 7, 13, 2, 15, 21, 12, 8, 0, 13, 9, 5, 5, 21, 10, 19, 4, 8, 10, 7, 11, 22, 3, 15, 0, 2, 5, 16, 7, 8, 11, 19, 9, 11, 14, 4, 6, 9, 17, 5, 22, 3, 2, 11, 17, 22, 8][16, -1, 15, 1, 8, 7, 9, 1, 12, 5, 16, 4, 10, 5, 4, 14, 10, 16, -1, 17, 9, 17, 14][-1, 7, -1, -1, 3, 9, -1, 9, 3, 6, 6, -1, 7, -1, 0, 0, 6, 2][0m
MIP: [1;32mObjective value: 26684[0m
MIP: [1;32mLower Bound: 26681.4[0m
MIP: [1;32mBranch-and-Bound nodes: 6671[0m

# best solution:
best objective value:	26684
best dual bound value:	26684
optimality gap:	0%
CPU time:	12.1911
