ifile	/scratch/csagturk/mlbp_inst/n0050_m04__006.inst
prob	MLBP
threads	1
ttime	900
instance: /scratch/csagturk/mlbp_inst/n0050_m04__006.inst
	m=4, n=[50, 27, 17, 14, 11]
MIP: [1;32minit CPLEX[0m
CAN: [1;35mcreated 2201 x_{ijk} variables[0m
CAN: [1;35mcreated 119 y_{ij} variables[0m
MIP: [1;32mcreated decision variables[0m
CAN: [1;35madded 50 constraints to enforce the packing of each item[0m
CAN: [1;35madded 58 constraints to enforce the packing of each item[0m
CAN: [1;35madded 69 capacity constraints[0m
MIP: [1;32mcreated constraints[0m
MIP: [1;32mcreated objective function[0m
MIP: [1;32mcalling CPLEX solve ...[0m
Version identifier: 22.1.0.0 | 2022-03-09 | 1a383f8ce
CPXPARAM_Threads                                 1
CPXPARAM_TimeLimit                               900
Tried aggregator 2 times.
MIP Presolve eliminated 0 rows and 346 columns.
MIP Presolve modified 209 coefficients.
Aggregator did 174 substitutions.
Reduced MIP has 525 rows, 2330 columns, and 4649 nonzeros.
Reduced MIP has 2156 binaries, 0 generals, 0 SOSs, and 108 indicators.
Presolve time = 0.01 sec. (7.53 ticks)
Probing fixed 0 vars, tightened 63 bounds.
Probing changed sense of 58 constraints.
Probing time = 0.01 sec. (8.78 ticks)
Tried aggregator 1 time.
MIP Presolve eliminated 348 rows and 406 columns.
Reduced MIP has 177 rows, 1924 columns, and 3837 nonzeros.
Reduced MIP has 1924 binaries, 0 generals, 0 SOSs, and 0 indicators.
Presolve time = 0.00 sec. (4.33 ticks)
Tried aggregator 1 time.
Detecting symmetries...
Reduced MIP has 177 rows, 1924 columns, and 3837 nonzeros.
Reduced MIP has 1924 binaries, 0 generals, 0 SOSs, and 0 indicators.
Presolve time = 0.00 sec. (3.78 ticks)
Probing time = 0.00 sec. (2.33 ticks)
Clique table members: 871.
MIP emphasis: balance optimality and feasibility.
MIP search method: dynamic search.
Parallel mode: none, using 1 thread.
Root relaxation solution time = 0.00 sec. (5.18 ticks)

        Nodes                                         Cuts/
   Node  Left     Objective  IInf  Best Integer    Best Bound    ItCnt     Gap

      0     0    34892.4437    85                  34892.4437      381         
      0     0    35009.7854   104                   Cuts: 126      656         
      0     0    35063.2846   103                   Cuts: 116      905         
      0     0    35097.4551   136                   Cuts: 106     1218         
      0     0    35171.2648   160                   Cuts: 118     1587         
      0     0    35234.2836   159                   Cuts: 125     1933         
      0     0    35281.2718   160                   Cuts: 108     2277         
      0     0    35393.9013   154                   Cuts: 118     2643         
      0     0    35438.3433   150                   Cuts: 116     3032         
      0     0    35506.4999   170                    Cuts: 98     3486         
      0     0    35532.1545   164                    Cuts: 96     3837         
      0     0    35541.4678   167                    Cuts: 84     4214         
      0     0    35555.3613   171                    Cuts: 81     4760         
      0     0    35597.7786   195                    Cuts: 70     5061         
      0     0    35627.8694   176                    Cuts: 89     5283         
      0     0    35648.3111   197                    Cuts: 83     5617         
      0     0    35672.4541   224                    Cuts: 98     5998         
      0     0    35725.3550   201                    Cuts: 80     6286         
      0     0    35756.1871   208                    Cuts: 79     6482         
      0     0    35787.0952   213                    Cuts: 81     6677         
      0     0    35806.9096   213                    Cuts: 90     6879         
      0     0    35838.6685   198                    Cuts: 74     7077         
      0     0    35873.5351   221                    Cuts: 73     7346         
      0     0    35878.4185   209                    Cuts: 72     7573         
      0     0    35890.7103   199                    Cuts: 67     7747         
      0     0    35897.0806   189                    Cuts: 67     7928         
*     0+    0                        40532.0000    35897.0806            11.44%
      0     2    35897.0806   176    40532.0000    35897.5279     7928   11.43%
Elapsed time = 0.88 sec. (980.72 ticks, tree = 0.01 MB, solutions = 1)
    179   164    36125.9261   118    40532.0000    35914.6815    11248   11.39%
*   260+  243                        40406.0000    35914.6815            11.12%
*   370+  318                        39826.0000    35914.6815             9.82%
    380   327    35991.2576   158    39826.0000    35920.5690    13446    9.81%
*   470+  411                        39749.0000    35923.6231             9.62%
    472   415    36346.5728    77    39749.0000    35923.6231    15224    9.62%

Performing restart 1

Repeating presolve.
Tried aggregator 1 time.
MIP Presolve modified 510 coefficients.
Reduced MIP has 177 rows, 1924 columns, and 3837 nonzeros.
Reduced MIP has 1924 binaries, 0 generals, 0 SOSs, and 0 indicators.
Presolve time = 0.01 sec. (5.61 ticks)
Tried aggregator 1 time.
MIP Presolve modified 222 coefficients.
Reduced MIP has 177 rows, 1924 columns, and 3837 nonzeros.
Reduced MIP has 1924 binaries, 0 generals, 0 SOSs, and 0 indicators.
Presolve time = 0.01 sec. (5.52 ticks)
Represolve time = 0.06 sec. (36.44 ticks)
    580     0    35962.3116   181    39749.0000     Cuts: 109    18540    9.53%
    580     0    35971.3474   213    39749.0000      Cuts: 86    18796    9.50%
    580     0    35976.5897   226    39749.0000      Cuts: 75    19002    9.49%
    580     0    35988.3091   183    39749.0000      Cuts: 78    19203    9.46%
    580     0    35992.0525   193    39749.0000      Cuts: 67    19379    9.45%
    580     0    35996.2971   193    39749.0000      Cuts: 90    19569    9.44%
*   580+    0                        38999.0000    35996.2971             7.70%
*   580+    0                        37809.0000    35996.2971             4.79%
    580     0  -1.00000e+75     0    37809.0000    35996.2971    19569    4.79%
    580     0    36002.1564   199    37809.0000      Cuts: 70    19767    4.78%
    580     0    36005.9578   194    37809.0000      Cuts: 64    19902    4.77%
    580     0    36010.5069   182    37809.0000      Cuts: 77    20126    4.76%
    580     0    36013.1212   185    37809.0000      Cuts: 72    20305    4.75%
    580     0    36014.8025   195    37809.0000      Cuts: 49    20437    4.75%
    580     0    36015.3153   185    37809.0000      Cuts: 73    20546    4.74%
    580     0    36016.4585   172    37809.0000      Cuts: 35    20620    4.74%
    580     0    36017.7950   190    37809.0000      Cuts: 48    20760    4.74%
    580     0    36018.2798   184    37809.0000      Cuts: 45    20869    4.74%
    580     0    36026.6812   191    37809.0000      Cuts: 52    21009    4.71%
    580     0    36032.4373   199    37809.0000      Cuts: 74    21140    4.70%
    580     0    36036.8035   198    37809.0000      Cuts: 67    21295    4.69%
    580     0    36037.7787   187    37809.0000      Cuts: 63    21544    4.68%
    580     2    36037.7787   168    37809.0000    36037.8983    21544    4.68%
    582     4    36052.6247   157    37809.0000    36048.2100    21643    4.66%
    587     9    36089.7637   151    37809.0000    36048.2100    21852    4.66%
    592    14    36145.1202   156    37809.0000    36048.2100    22278    4.66%
    600    22    36641.1912   150    37809.0000    36048.2100    22616    4.66%
    648    67    37056.7904    95    37809.0000    36048.2100    23257    4.66%
    863   261    37164.8952    91    37809.0000    36072.1258    28032    4.59%
Elapsed time = 4.68 sec. (6191.09 ticks, tree = 1.14 MB, solutions = 6)
   1125   484        cutoff          37809.0000    36131.0869    35287    4.44%
   1346   667    37650.3337   134    37809.0000    36144.0531    43008    4.40%
   1637   906    36712.2302    91    37809.0000    36219.8531    51453    4.20%
   2116  1339    36651.8485    92    37809.0000    36245.8697    60512    4.13%
   2499  1659    36873.8294   109    37809.0000    36259.7529    69713    4.10%
*  2650+ 1273                        37099.0000    36260.3355             2.26%
   2857  1446    36377.9454   132    37099.0000    36272.9476    78673    2.23%
   3128  1650    36483.4939   136    37099.0000    36295.1790    87258    2.17%
   3357  1806    36575.6742   183    37099.0000    36313.6694    96344    2.12%
   3580  1970    36481.7434   142    37099.0000    36335.7798   105572    2.06%
   3866  2185    36860.9020   109    37099.0000    36348.1574   115426    2.02%
Elapsed time = 11.31 sec. (15955.41 ticks, tree = 10.74 MB, solutions = 7)
   4102  2361    36809.6476   136    37099.0000    36363.7502   124629    1.98%
   4335  2541    36954.6000   110    37099.0000    36371.6444   133477    1.96%
*  4546  2643      integral     0    37092.0000    36380.6403   141101    1.92%
   4591  2681    36869.7852   135    37092.0000    36381.2184   143277    1.92%
*  4646+ 2524                        37035.0000    36384.7644             1.76%
   4739  2590    36793.2336   155    37035.0000    36388.5973   149509    1.75%
*  4930+ 2559                        36992.0000    36398.2282             1.61%
   4965  2580    36785.8318   136    36992.0000    36399.5772   157525    1.60%
   5101  2673        cutoff          36992.0000    36403.3271   164690    1.59%
   5234  2758    36451.8934   111    36992.0000    36410.2682   171778    1.57%
   5376  2829    36996.1148   176    36992.0000    36423.0068   179011    1.54%
   5550  2940    36813.9820   112    36992.0000    36431.9850   186474    1.51%
   5662  3012    36738.9832   174    36992.0000    36435.3395   192476    1.50%
Elapsed time = 17.89 sec. (25699.61 ticks, tree = 15.99 MB, solutions = 10)
   5768  3058    36872.8674   181    36992.0000    36438.0115   200644    1.50%
   5975  3200    36530.2010   169    36992.0000    36444.8217   209660    1.48%
   6146  3318    36513.2955   175    36992.0000    36453.2678   218115    1.46%
   6286  3419    36900.2800    94    36992.0000    36456.7880   227185    1.45%
   6524  3597    36968.7242   167    36992.0000    36462.6948   236228    1.43%
   6642  3665        cutoff          36992.0000    36465.2581   243970    1.42%
   6775  3749    36477.9796   183    36992.0000    36470.2307   251695    1.41%
   6928  3846    36578.3290   156    36992.0000    36477.4921   259784    1.39%
   7106  3966    36498.0981   153    36992.0000    36480.8560   268590    1.38%
   7272  4082    36746.7669   172    36992.0000    36485.6587   276292    1.37%
Elapsed time = 24.35 sec. (35464.96 ticks, tree = 23.45 MB, solutions = 10)
   7492  4244    36858.8043   100    36992.0000    36490.3304   283976    1.36%
   7617  4327    36798.8969   176    36992.0000    36493.9616   292383    1.35%
   7757  4422    36790.2464   169    36992.0000    36497.9172   299750    1.34%
   7900  4514    36532.7579   178    36992.0000    36500.1542   307026    1.33%
   8049  4613        cutoff          36992.0000    36502.9696   315438    1.32%
   8203  4745    36961.3065    94    36992.0000    36504.5374   323743    1.32%
   8334  4817    36577.3290   166    36992.0000    36509.6953   331940    1.30%
   8460  4883    36664.3934   166    36992.0000    36512.6251   340271    1.30%
   8580  4964    36835.0000    87    36992.0000    36514.0363   346747    1.29%
   8739  5061    36823.9414   209    36992.0000    36515.5540   357434    1.29%
Elapsed time = 31.18 sec. (45492.05 ticks, tree = 31.50 MB, solutions = 10)
   8863  5129    infeasible          36992.0000    36520.1328   364427    1.28%
   8943  5170    36792.2385   177    36992.0000    36521.4232   371953    1.27%
   9058  5225    36664.3227   170    36992.0000    36524.8722   380829    1.26%
   9214  5328    36814.1801   172    36992.0000    36526.1505   389237    1.26%
   9326  5398    36734.6675   117    36992.0000    36527.0609   396197    1.26%
   9396  5422    36605.2941   209    36992.0000    36529.0218   403153    1.25%
   9476  5465    36719.0532   165    36992.0000    36530.3940   410378    1.25%
   9574  5517    36824.4288   178    36992.0000    36531.1539   419448    1.25%
*  9580+ 5151                        36969.0000    36531.3105             1.18%
*  9580+ 3988                        36869.0000    36531.3105             0.92%
*  9660+ 2992                        36800.0000    36532.7579             0.73%
   9666  2989    36592.0824   186    36800.0000    36533.5086   425213    0.72%
   9739  3016    36774.4804   206    36800.0000    36535.6064   432381    0.72%
Elapsed time = 37.82 sec. (55201.29 ticks, tree = 19.98 MB, solutions = 13)
   9844  3051    37278.7701   191    36800.0000    36538.8350   441258    0.71%
   9961  3086    36776.5071   167    36800.0000    36543.9878   450890    0.70%
  10084  3122    36673.4993   174    36800.0000    36549.9184   459191    0.68%
  10194  3153        cutoff          36800.0000    36554.1961   469198    0.67%
  10304  3191        cutoff          36800.0000    36557.2985   478779    0.66%
  10430  3247        cutoff          36800.0000    36560.5456   488246    0.65%
  10548  3270    36658.1867   166    36800.0000    36565.7449   497405    0.64%
  10620  3280    36696.7129   175    36800.0000    36568.6028   503831    0.63%
  10752  3302        cutoff          36800.0000    36572.4357   513693    0.62%
  10860  3313        cutoff          36800.0000    36574.5451   522908    0.61%
Elapsed time = 44.27 sec. (64834.80 ticks, tree = 23.44 MB, solutions = 13)
* 10980+ 3159                        36789.0000    36578.5456             0.57%
  10980  3161    36726.6938   145    36789.0000    36578.5456   531682    0.57%
* 10981+ 2968                        36777.0000    36578.5456             0.54%
  11038  2981    36686.9099   150    36777.0000    36580.2168   536189    0.54%
  11153  2975    36714.8751   195    36777.0000    36583.4047   545513    0.53%
  11268  2988        cutoff          36777.0000    36585.9465   555385    0.52%
  11387  2976    36645.6389   228    36777.0000    36589.1954   564918    0.51%
  11530  2999    36635.3943   173    36777.0000    36592.4230   574841    0.50%
  11634  2980    36699.0067   180    36777.0000    36595.9662   584764    0.49%
  11750  2985    36688.2804   135    36777.0000    36599.7862   594834    0.48%
  11854  2977    36715.2668   155    36777.0000    36604.4320   604347    0.47%
  11983  2972    36663.7489   159    36777.0000    36607.7792   614431    0.46%
Elapsed time = 59.24 sec. (83097.81 ticks, tree = 21.98 MB, solutions = 15)
  12103  2998        cutoff          36777.0000    36611.5143   623291    0.45%
  12218  3005    36742.2000    78    36777.0000    36615.3220   633186    0.44%
  12347  2994    36755.6478   173    36777.0000    36618.1354   643608    0.43%
  12482  2998    36765.4310   166    36777.0000    36622.4226   653785    0.42%
  12590  2996        cutoff          36777.0000    36624.6711   664196    0.41%
  12737  2993        cutoff          36777.0000    36628.5899   673787    0.40%
  12904  3040    36736.0000    92    36777.0000    36631.0042   684436    0.40%
  13059  3043    36762.0746   124    36777.0000    36634.1827   696147    0.39%
  13200  3036        cutoff          36777.0000    36637.2779   706699    0.38%
  13329  2999    36725.5446   204    36777.0000    36642.0359   717882    0.37%
Elapsed time = 65.83 sec. (92718.60 ticks, tree = 23.04 MB, solutions = 15)
  13495  3034    36695.4630   164    36777.0000    36644.1717   729204    0.36%
  13604  3011    36683.2290   183    36777.0000    36647.5085   737263    0.35%
  13748  2985    36709.9628   206    36777.0000    36650.8355   747928    0.34%
  13958  3060        cutoff          36777.0000    36652.7365   758725    0.34%
  14082  3029    36763.3839   186    36777.0000    36655.6325   768381    0.33%
  14239  3007        cutoff          36777.0000    36658.9393   777898    0.32%
  14366  2983        cutoff          36777.0000    36661.0756   788270    0.32%
  14511  2959    36740.1763   174    36777.0000    36663.8863   799070    0.31%
  14648  2971    36736.8346   159    36777.0000    36665.8745   810178    0.30%
  15284  2862    36697.7569   174    36777.0000    36677.9541   850866    0.27%
Elapsed time = 74.32 sec. (105298.71 ticks, tree = 22.86 MB, solutions = 15)
  15820  2688    36746.5290   164    36777.0000    36686.9116   890740    0.24%
  16437  2504    36702.5092   186    36777.0000    36696.9260   930407    0.22%
  17096  2319        cutoff          36777.0000    36706.0122   973490    0.19%
  17801  2007        cutoff          36777.0000    36719.7896  1019735    0.16%
  18700  2012        cutoff          36777.0000    36726.0000  1082902    0.14%
* 19580+    1                        36726.0000    36726.0000             0.00%

Clique cuts applied:  109
Cover cuts applied:  523
Implied bound cuts applied:  13
Flow cuts applied:  14
Mixed integer rounding cuts applied:  160
Zero-half cuts applied:  64
Lift and project cuts applied:  1
Gomory fractional cuts applied:  3

Root node processing (before b&c):
  Real time             =    0.88 sec. (976.88 ticks)
Sequential b&c:
  Real time             =   89.28 sec. (127007.15 ticks)
                          ------------
Total (root+branch&cut) =   90.15 sec. (127984.03 ticks)
MIP: [1;32mCPLEX finished.[0m
MIP: [1;32mCPLEX status: Optimal[0m
MIP: [1;32mSolution: 
[15, 21, 25, 10, 6, 4, 17, 20, 12, 1, 2, 26, 18, 5, 25, 9, 12, 5, 7, 16, 21, 9, 3, 10, 23, 26, 2, 20, 11, 2, 22, 25, 23, 16, 2, 10, 23, 13, 5, 1, 16, 14, 22, 14, 21, 15, 18, 25, 16, 6][-1, 3, 16, 13, 11, 12, 5, 12, -1, 11, 1, 4, 10, 15, 7, 4, 9, 3, 7, -1, 15, 5, 16, 13, -1, 12, 1][-1, 12, -1, 4, 13, 3, -1, 6, -1, 8, 6, 3, 9, 7, -1, 6, 10][-1, -1, -1, 0, 8, -1, 7, 4, 0, 2, 4, -1, 8, 4][0m
MIP: [1;32mObjective value: 36726[0m
MIP: [1;32mLower Bound: 36726[0m
MIP: [1;32mBranch-and-Bound nodes: 19580[0m

# best solution:
best objective value:	36726
best dual bound value:	36726
optimality gap:	0%
CPU time:	89.7948
