ifile	/scratch/csagturk/mlbp_inst/n0050_m02__010.inst
prob	MLBP
threads	1
ttime	900
instance: /scratch/csagturk/mlbp_inst/n0050_m02__010.inst
	m=2, n=[50, 32, 22]
MIP: [1;32minit CPLEX[0m
CAN: [1;35mcreated 2304 x_{ijk} variables[0m
CAN: [1;35mcreated 104 y_{ij} variables[0m
MIP: [1;32mcreated decision variables[0m
CAN: [1;35madded 50 constraints to enforce the packing of each item[0m
CAN: [1;35madded 32 constraints to enforce the packing of each item[0m
CAN: [1;35madded 54 capacity constraints[0m
MIP: [1;32mcreated constraints[0m
MIP: [1;32mcreated objective function[0m
MIP: [1;32mcalling CPLEX solve ...[0m
Version identifier: 22.1.0.0 | 2022-03-09 | 1a383f8ce
CPXPARAM_Threads                                 1
CPXPARAM_TimeLimit                               900
Tried aggregator 2 times.
MIP Presolve eliminated 0 rows and 398 columns.
MIP Presolve modified 67 coefficients.
Aggregator did 96 substitutions.
Reduced MIP has 328 rows, 2184 columns, and 4346 nonzeros.
Reduced MIP has 2088 binaries, 0 generals, 0 SOSs, and 63 indicators.
Presolve time = 0.01 sec. (7.15 ticks)
Probing fixed 0 vars, tightened 32 bounds.
Probing changed sense of 32 constraints.
Probing time = 0.01 sec. (9.31 ticks)
Tried aggregator 1 time.
MIP Presolve eliminated 192 rows and 224 columns.
Reduced MIP has 136 rows, 1960 columns, and 3898 nonzeros.
Reduced MIP has 1960 binaries, 0 generals, 0 SOSs, and 0 indicators.
Presolve time = 0.00 sec. (4.83 ticks)
Tried aggregator 1 time.
Detecting symmetries...
Reduced MIP has 136 rows, 1960 columns, and 3898 nonzeros.
Reduced MIP has 1960 binaries, 0 generals, 0 SOSs, and 0 indicators.
Presolve time = 0.00 sec. (3.99 ticks)
Probing time = 0.00 sec. (2.40 ticks)
Clique table members: 657.
MIP emphasis: balance optimality and feasibility.
MIP search method: dynamic search.
Parallel mode: none, using 1 thread.
Root relaxation solution time = 0.00 sec. (5.04 ticks)

        Nodes                                         Cuts/
   Node  Left     Objective  IInf  Best Integer    Best Bound    ItCnt     Gap

      0     0    23145.8067    65                  23145.8067      348         
      0     0    23203.7972    97                   Cuts: 112      579         
      0     0    23203.7972   112                   Cuts: 108      818         
      0     0    23203.7972    78                    Cuts: 44      989         
      0     0    23203.7972   120                    Cuts: 75     1183         
*     0+    0                        26134.0000    23203.7972            11.21%
*     0+    0                        25818.0000    23203.7972            10.13%
*     0+    0                        25289.0000    23203.7972             8.25%
      0     0  -1.00000e+75     0    25289.0000    23203.7972     1183    8.25%
      0     2    23203.7972    75    25289.0000    23203.7972     1183    8.25%
Elapsed time = 0.18 sec. (227.94 ticks, tree = 0.01 MB, solutions = 3)
*   150+  150                        25185.0000    23203.7972             7.87%
*   284+  269                        25107.0000    23203.7972             7.58%
    284   271    23203.8484    74    25107.0000    23203.7972     4266    7.58%
*   420+  377                        24561.0000    23203.7972             5.53%
*   420+  358                        24132.0000    23203.7972             3.85%
*   440+  374                        24010.0000    23203.7972             3.36%
    534   445    23203.7972    97    24010.0000    23203.7972     7779    3.36%
    805   663    23207.2291   102    24010.0000    23203.7972    11926    3.36%
*  1000+  496                        23458.0000    23203.7972             1.08%
   1000   498    23218.6210    51    23458.0000    23203.7972    13820    1.08%
*  1112+  541                        23415.0000    23203.7972             0.90%
   1112   543    23210.5639   102    23415.0000    23203.7972    16702    0.90%

Performing restart 1

Repeating presolve.
Tried aggregator 1 time.
MIP Presolve eliminated 0 rows and 10 columns.
MIP Presolve modified 70 coefficients.
Reduced MIP has 136 rows, 1950 columns, and 3881 nonzeros.
Reduced MIP has 1950 binaries, 0 generals, 0 SOSs, and 0 indicators.
Presolve time = 0.01 sec. (4.01 ticks)
Tried aggregator 1 time.
MIP Presolve modified 16 coefficients.
Reduced MIP has 136 rows, 1950 columns, and 3881 nonzeros.
Reduced MIP has 1950 binaries, 0 generals, 0 SOSs, and 0 indicators.
Presolve time = 0.01 sec. (4.44 ticks)
Represolve time = 0.03 sec. (24.56 ticks)
   1222     0    23206.2259   127    23415.0000      Cuts: 72    21732    0.89%
   1222     0    23206.5000   133    23415.0000     Cuts: 112    22051    0.89%
   1222     0    23206.5000   118    23415.0000     Cuts: 112    22432    0.89%
   1222     0    23206.5000   125    23415.0000      Cuts: 93    22852    0.89%
   1222     0    23206.5000   119    23415.0000      Cuts: 48    23185    0.89%
   1222     0    23206.5000   123    23415.0000     Cuts: 101    23574    0.89%
   1222     0    23206.5000   126    23415.0000      Cuts: 74    23817    0.89%
   1222     0    23206.5000    82    23415.0000      Cuts: 49    23986    0.89%
   1222     0    23206.5000   103    23415.0000     Cuts: 108    24253    0.89%
   1222     2    23206.5000    35    23415.0000    23206.6444    24253    0.89%
   1278    52    23328.0000    50    23415.0000    23207.3606    25176    0.89%
*  1322+   74                        23372.0000    23213.5000             0.68%
   1322    76    23214.7977    62    23372.0000    23213.5000    25811    0.68%
   1422   130    23358.0000    38    23372.0000    23218.2363    26834    0.66%
   1522   200    23272.7491    68    23372.0000    23220.6250    29250    0.65%
Elapsed time = 4.28 sec. (5864.25 ticks, tree = 0.57 MB, solutions = 11)
   2144   685    23326.0000    49    23372.0000    23223.0000    38681    0.64%
   2753  1121    23244.6917    62    23372.0000    23232.2059    47321    0.60%
   3170  1378    23241.7667    68    23372.0000    23237.0694    58373    0.58%
   3582  1671        cutoff          23372.0000    23241.8358    70081    0.56%
   3987  1955    23331.2667    68    23372.0000    23243.6250    81656    0.55%
   4393  2247    23353.0000    55    23372.0000    23246.2528    94583    0.54%
   4695  2466    23249.9466    70    23372.0000    23249.2381   106896    0.53%
   4960  2623    23267.7150    85    23372.0000    23252.1421   119382    0.51%
   5145  2724    23298.9884   110    23372.0000    23254.7490   128817    0.50%
   5321  2831    23286.1460   137    23372.0000    23257.0922   139599    0.49%
Elapsed time = 10.43 sec. (15510.43 ticks, tree = 9.50 MB, solutions = 11)
   5459  2913        cutoff          23372.0000    23258.0313   150023    0.49%
   5638  3017    23340.7714   126    23372.0000    23259.5161   161267    0.48%
   5768  3063    23324.4081   129    23372.0000    23261.2449   171531    0.47%
   5972  3193    23367.5481    79    23372.0000    23262.7561   183412    0.47%
   6031  3205    23263.8333   137    23372.0000    23263.8333   191368    0.46%
   6175  3308    23315.6168   119    23372.0000    23264.9032   202483    0.46%
   6317  3410        cutoff          23372.0000    23265.6852   212048    0.45%
   6381  3443    23271.2982   137    23372.0000    23266.3750   221421    0.45%
   6472  3484    23291.0425   142    23372.0000    23267.3646   231375    0.45%
   6538  3505    23301.6037   157    23372.0000    23268.1905   240910    0.44%
Elapsed time = 16.64 sec. (25298.09 ticks, tree = 13.02 MB, solutions = 11)
   6621  3551    infeasible          23372.0000    23269.1747   250320    0.44%
   6685  3556    23291.6859   125    23372.0000    23269.9486   259200    0.44%
   6769  3586    23325.8328   139    23372.0000    23270.5000   268064    0.43%
   6847  3617    23360.8233   133    23372.0000    23270.8958   276108    0.43%
   6941  3674    infeasible          23372.0000    23271.1667   284947    0.43%
   7038  3715    23271.8452   111    23372.0000    23271.9269   294050    0.43%
   7093  3738    23296.2665   173    23372.0000    23272.0000   303013    0.43%
   7164  3774    23318.2075   170    23372.0000    23272.0000   310968    0.43%
   7254  3817    23305.4210   176    23372.0000    23272.2494   321125    0.43%
   7311  3838    23293.3458   180    23372.0000    23273.3670   331154    0.42%
Elapsed time = 22.86 sec. (34969.18 ticks, tree = 15.59 MB, solutions = 11)
   7399  3883    23330.4744   179    23372.0000    23274.3267   342726    0.42%
   7522  3963    23326.0819   132    23372.0000    23274.8116   350426    0.42%
   7602  3983    23294.8336   139    23372.0000    23275.0000   362841    0.42%
   7689  4024    23275.0000   111    23372.0000    23275.0000   374990    0.42%
   7807  4087    23275.0000   104    23372.0000    23275.0000   387696    0.42%
   7957  4162    23310.4282   120    23372.0000    23275.0000   402202    0.42%
   8100  4239    23290.8869    94    23372.0000    23275.0000   415958    0.42%
   8213  4279    23292.0941   129    23372.0000    23275.0000   429140    0.42%
   8378  4379    infeasible          23372.0000    23275.0000   441733    0.42%
   8704  4518    23275.0000    25    23372.0000    23275.0000   455344    0.42%
Elapsed time = 30.63 sec. (46707.32 ticks, tree = 21.02 MB, solutions = 11)
   8947  4713    23275.0000    24    23372.0000    23275.0000   468825    0.42%
   9230  4945    infeasible          23372.0000    23275.0000   482226    0.42%
*  9602+    0                        23275.0000    23275.0000             0.00%

Clique cuts applied:  45
Cover cuts applied:  516
Implied bound cuts applied:  1
Flow cuts applied:  6
Mixed integer rounding cuts applied:  76
Zero-half cuts applied:  23
Lift and project cuts applied:  3
Gomory fractional cuts applied:  15

Root node processing (before b&c):
  Real time             =    0.18 sec. (228.22 ticks)
Sequential b&c:
  Real time             =   32.23 sec. (49127.88 ticks)
                          ------------
Total (root+branch&cut) =   32.41 sec. (49356.10 ticks)
MIP: [1;32mCPLEX finished.[0m
MIP: [1;32mCPLEX status: Optimal[0m
MIP: [1;32mSolution: 
[28, 28, 27, 26, 26, 12, 23, 9, 13, 8, 15, 7, 22, 21, 19, 27, 7, 27, 9, 9, 18, 13, 20, 29, 3, 4, 23, 14, 30, 17, 16, 22, 19, 4, 23, 30, 20, 16, 21, 29, 28, 8, 12, 15, 11, 18, 30, 10, 10, 11][-1, -1, -1, 21, 13, -1, -1, 18, 4, 8, 5, 21, 8, 8, 20, 20, 9, 6, 3, 9, 18, 6, 5, 14, -1, -1, 16, 4, 13, 16, 19, -1][0m
MIP: [1;32mObjective value: 23275[0m
MIP: [1;32mLower Bound: 23275[0m
MIP: [1;32mBranch-and-Bound nodes: 9602[0m

# best solution:
best objective value:	23275
best dual bound value:	23275
optimality gap:	0%
CPU time:	32.295
