ifile	/scratch/csagturk/mlbp_inst/n0060_m05__069.inst
prob	MLBP
threads	1
ttime	900
instance: /scratch/csagturk/mlbp_inst/n0060_m05__069.inst
	m=5, n=[60, 32, 26, 21, 16, 12]
MIP: [1;32minit CPLEX[0m
CAN: [1;35mcreated 3826 x_{ijk} variables[0m
CAN: [1;35mcreated 167 y_{ij} variables[0m
MIP: [1;32mcreated decision variables[0m
CAN: [1;35madded 60 constraints to enforce the packing of each item[0m
CAN: [1;35madded 95 constraints to enforce the packing of each item[0m
CAN: [1;35madded 107 capacity constraints[0m
MIP: [1;32mcreated constraints[0m
MIP: [1;32mcreated objective function[0m
MIP: [1;32mcalling CPLEX solve ...[0m
Version identifier: 22.1.0.0 | 2022-03-09 | 1a383f8ce
CPXPARAM_Threads                                 1
CPXPARAM_TimeLimit                               900
Tried aggregator 2 times.
MIP Presolve eliminated 0 rows and 364 columns.
MIP Presolve modified 771 coefficients.
Aggregator did 285 substitutions.
Reduced MIP has 832 rows, 4234 columns, and 8456 nonzeros.
Reduced MIP has 3949 binaries, 0 generals, 0 SOSs, and 181 indicators.
Presolve time = 0.01 sec. (14.05 ticks)
Probing fixed 0 vars, tightened 109 bounds.
Probing changed sense of 95 constraints.
Probing time = 0.03 sec. (22.71 ticks)
Tried aggregator 1 time.
MIP Presolve eliminated 570 rows and 665 columns.
Reduced MIP has 262 rows, 3569 columns, and 7126 nonzeros.
Reduced MIP has 3569 binaries, 0 generals, 0 SOSs, and 0 indicators.
Presolve time = 0.01 sec. (8.26 ticks)
Tried aggregator 1 time.
Detecting symmetries...
Reduced MIP has 262 rows, 3569 columns, and 7126 nonzeros.
Reduced MIP has 3569 binaries, 0 generals, 0 SOSs, and 0 indicators.
Presolve time = 0.01 sec. (7.06 ticks)
Probing time = 0.00 sec. (2.71 ticks)
Clique table members: 1098.
MIP emphasis: balance optimality and feasibility.
MIP search method: dynamic search.
Parallel mode: none, using 1 thread.
Root relaxation solution time = 0.01 sec. (13.59 ticks)

        Nodes                                         Cuts/
   Node  Left     Objective  IInf  Best Integer    Best Bound    ItCnt     Gap

      0     0    51153.9595   113                  51153.9595      707         
      0     0    51690.1928   148                   Cuts: 165     1373         
      0     0    51966.0950   153                   Cuts: 165     1820         
      0     0    52222.3615   173                   Cuts: 124     2143         
      0     0    52387.7387   199                   Cuts: 109     2437         
      0     0    52528.8688   198                   Cuts: 117     2826         
      0     0    52694.0520   193                   Cuts: 109     3155         
      0     0    52837.1522   212                   Cuts: 130     3557         
      0     0    52946.1933   219                   Cuts: 131     3933         
      0     0    53006.5079   213                   Cuts: 118     4212         
      0     0    53076.3801   228                    Cuts: 93     4481         
      0     0    53280.1264   226                   Cuts: 103     4781         
      0     0    53375.1182   217                   Cuts: 136     5186         
      0     0    53497.7031   216                   Cuts: 135     5754         
      0     0    53549.5340   206                   Cuts: 139     6126         
      0     0    53600.4872   219                    Cuts: 86     6387         
      0     0    53628.1172   258                   Cuts: 111     6752         
      0     0    53758.7433   232                   Cuts: 103     7165         
      0     0    53774.3978   210                   Cuts: 124     7648         
      0     0    53808.9756   248                   Cuts: 124     8125         
      0     0    53831.5866   254                   Cuts: 111     8470         
      0     0    53845.7595   213                    Cuts: 91     8815         
      0     0    53863.0492   236                    Cuts: 89     9176         
      0     0    53886.9047   238                    Cuts: 81     9525         
      0     0    53890.7943   230                    Cuts: 84     9825         
      0     0    53891.1879   227                    Cuts: 81    10121         
*     0+    0                        74578.0000    53891.1879            27.74%
*     0+    0                        70070.0000    53891.1879            23.09%
*     0+    0                        64598.0000    53891.1879            16.57%
*     0+    0                        64586.0000    53891.1879            16.56%
*     0+    0                        64469.0000    53891.1879            16.41%
*     0+    0                        64442.0000    53891.1879            16.37%
*     0+    0                        64394.0000    53891.1879            16.31%
      0     0  -1.00000e+75     0    64394.0000    53891.1879    10121   16.31%
      0     2    53891.1879   195    64394.0000    53891.4550    10121   16.31%
Elapsed time = 1.47 sec. (1875.47 ticks, tree = 0.01 MB, solutions = 7)
     63    65    54847.9148   141    64394.0000    53891.6132    12141   16.31%
    231   204    61431.8170    68    64394.0000    53891.6132    14544   16.31%
    415   379    54219.1335   165    64394.0000    53900.6578    16581   16.30%

Performing restart 1

Repeating presolve.
Tried aggregator 1 time.
MIP Presolve modified 1683 coefficients.
Reduced MIP has 262 rows, 3569 columns, and 7126 nonzeros.
Reduced MIP has 3569 binaries, 0 generals, 0 SOSs, and 0 indicators.
Presolve time = 0.01 sec. (10.28 ticks)
Tried aggregator 1 time.
MIP Presolve modified 856 coefficients.
Reduced MIP has 262 rows, 3569 columns, and 7126 nonzeros.
Reduced MIP has 3569 binaries, 0 generals, 0 SOSs, and 0 indicators.
Presolve time = 0.01 sec. (10.74 ticks)
Represolve time = 0.10 sec. (69.27 ticks)
    520     0    53894.1358   213    64394.0000     Cuts: 135    21502   16.30%
    520     0    53898.1258   196    64394.0000     Cuts: 125    21782   16.30%
    520     0    53920.2476   250    64394.0000     Cuts: 134    22221   16.27%
    520     0    53933.9927   223    64394.0000     Cuts: 100    22545   16.24%
*   520+    0                        63612.0000    53933.9927            15.21%
*   520+    0                        62652.0000    53933.9927            13.91%
*   520+    0                        62469.0000    53933.9927            13.66%
*   520+    0                        62407.0000    53933.9927            13.58%
    520     0  -1.00000e+75     0    62407.0000    53933.9927    22545   13.58%
    520     0    53987.2328   245    62407.0000     Cuts: 104    23024   13.49%
    520     0    54012.3257   232    62407.0000     Cuts: 111    23406   13.45%
    520     0    54017.1513   233    62407.0000     Cuts: 107    23758   13.44%
    520     0    54019.9441   233    62407.0000      Cuts: 88    24033   13.44%
    520     0    54024.5056   259    62407.0000     Cuts: 107    24407   13.43%
    520     0    54038.6100   206    62407.0000     Cuts: 101    24681   13.41%
    520     0    54040.6783   217    62407.0000     Cuts: 101    25036   13.41%
    520     0    54045.2531   229    62407.0000     Cuts: 104    25285   13.40%
    520     0    54055.6027   245    62407.0000      Cuts: 88    25589   13.38%
    520     0    54058.4844   208    62407.0000      Cuts: 87    25781   13.38%
    520     0    54062.3059   233    62407.0000      Cuts: 73    26008   13.37%
    520     0    54063.0069   227    62407.0000      Cuts: 52    26172   13.37%
    520     0    54065.4100   199    62407.0000      Cuts: 35    26338   13.37%
    520     0    54066.4973   231    62407.0000      Cuts: 70    26480   13.36%
    520     0    54067.3057   234    62407.0000      Cuts: 71    26730   13.36%
    520     0    54069.2706   249    62407.0000      Cuts: 51    27014   13.36%
*   520+    0                        58380.0000    54069.2706             7.38%
*   520+    0                        58294.0000    54069.2706             7.25%
    520     0  -1.00000e+75     0    58294.0000    54069.2706    27014    7.25%
    520     2    54069.2706   207    58294.0000    54070.8126    27014    7.24%
    523     5    54124.6174   192    58294.0000    54110.8943    27069    7.18%
    529    11    54251.9064   179    58294.0000    54113.9279    27240    7.17%
    537    19    55015.4093   168    58294.0000    54113.9279    27614    7.17%
    544    26    54953.2068   144    58294.0000    54113.9279    27965    7.17%
    552    34    55312.7536   158    58294.0000    54113.9279    28438    7.17%
    682   146    54519.9900   176    58294.0000    54201.8711    31221    7.02%
Elapsed time = 6.44 sec. (8803.40 ticks, tree = 0.86 MB, solutions = 13)
    842   298    55424.6354   173    58294.0000    54243.5604    35134    6.95%
   1054   491    54962.8185   193    58294.0000    54270.7014    39414    6.90%
   1240   666    54539.9576   148    58294.0000    54281.2444    45732    6.88%
   1483   895    55020.6997   140    58294.0000    54282.8236    50736    6.88%
   1632  1032    54827.6862   165    58294.0000    54300.7903    55257    6.85%
   1920  1306    55673.4109   167    58294.0000    54308.4364    61132    6.84%
   2160  1520    54367.0210   192    58294.0000    54320.3700    68216    6.82%
   2391  1735    54335.4109   208    58294.0000    54329.9864    75141    6.80%
   2520  1860    55873.7907   220    58294.0000    54330.8145    78227    6.80%
   2769  2093    54801.5934   156    58294.0000    54334.8297    84494    6.79%
Elapsed time = 13.60 sec. (19784.50 ticks, tree = 13.33 MB, solutions = 13)
   3076  2375        cutoff          58294.0000    54337.9985    91445    6.79%
   3340  2615    54474.7711   184    58294.0000    54341.8069    96972    6.78%
   3611  2864    54801.9286   186    58294.0000    54343.8858   104808    6.78%
   3900  3130    56427.0789   140    58294.0000    54347.6127   111854    6.77%
   4157  3363    54426.9562   213    58294.0000    54349.7350   119764    6.77%
   4426  3620    56913.0876   133    58294.0000    54352.9658   125763    6.76%
   4721  3897    58162.8783   122    58294.0000    54355.6634   132746    6.76%
   4956  4117    55017.4109   156    58294.0000    54359.8053   138452    6.75%
   5209  4349    54480.4677   161    58294.0000    54366.1031   145247    6.74%
   5474  4599    54494.9873   170    58294.0000    54371.0277   151136    6.73%
Elapsed time = 19.50 sec. (29398.32 ticks, tree = 29.85 MB, solutions = 13)
   5860  4962    54567.5069   134    58294.0000    54376.2706   157363    6.72%
   6151  5235    57565.0914   135    58294.0000    54377.8915   164759    6.72%
   6482  5540    54472.1828   163    58294.0000    54380.4280   171218    6.71%
   6709  5754    54841.1371   186    58294.0000    54382.2709   177914    6.71%
   6997  6022    54641.6754   172    58294.0000    54387.2527   184554    6.70%
   7297  6309    56667.9370   137    58294.0000    54388.8362   191349    6.70%
   7500  6489    54546.6096   176    58294.0000    54390.4894   197254    6.70%
   7670  6648    54406.6154   155    58294.0000    54393.9383   201811    6.69%
   7946  6907    54763.7498   145    58294.0000    54394.6776   207796    6.69%
   8181  7118    54679.6381   182    58294.0000    54395.4333   213555    6.69%
Elapsed time = 25.63 sec. (39200.35 ticks, tree = 47.10 MB, solutions = 13)
   8405  7331    56064.2512   172    58294.0000    54396.2036   219871    6.69%
   8520  7440    55230.3641   171    58294.0000    54396.6066   222084    6.69%
   8718  7621    55218.7255   155    58294.0000    54398.5006   228117    6.68%
   8978  7864    56806.4344   162    58294.0000    54400.0405   234526    6.68%
   9182  8043    54516.1696   145    58294.0000    54400.4713   240664    6.68%
   9435  8281    54422.8445   152    58294.0000    54401.3724   247215    6.68%
   9618  8444    54653.5129   175    58294.0000    54401.4949   253476    6.68%
   9927  8738    54876.3003   148    58294.0000    54404.6731   259190    6.67%
  10190  8984    55262.4488   169    58294.0000    54404.8417   264913    6.67%
  10404  9180    54554.4512   217    58294.0000    54406.3211   271239    6.67%
Elapsed time = 32.01 sec. (49227.37 ticks, tree = 62.86 MB, solutions = 13)
  10520  9290    55051.9961   167    58294.0000    54406.6154   274036    6.67%
  10812  9565        cutoff          58294.0000    54407.9913   281096    6.67%
* 10920+ 9629                        58222.0000    54408.6820             6.55%
* 10920+ 9622                        58205.0000    54408.6820             6.52%
* 10920+ 9591                        58158.0000    54408.6820             6.45%
* 10920+ 9232                        57622.0000    54408.6820             5.58%
* 10920+ 8927                        57156.0000    54408.6820             4.81%
* 10920+ 8879                        57111.0000    54408.6820             4.73%
* 10920+ 8839                        57067.0000    54408.6820             4.66%
  10920  8841    54600.6319   181    57067.0000    54408.6820   284024    4.66%
  10921  8842    55210.9601   209    57067.0000    54409.6351   284352    4.66%
  11012  8929    55094.1027   143    57067.0000    54410.9376   288070    4.65%
  11181  9084    55919.9757   125    57067.0000    54411.6189   294728    4.65%
  11384  9254    55505.0888   234    57067.0000    54412.2260   301307    4.65%
  11612  9462    55349.2100   224    57067.0000    54413.0052   307635    4.65%
  11817  9650    54444.6033   194    57067.0000    54413.4237   313164    4.65%
  11990  9811    55115.4188   251    57067.0000    54414.9393   319499    4.65%
Elapsed time = 58.21 sec. (82025.43 ticks, tree = 68.50 MB, solutions = 20)
  12084  9893    56796.9850   196    57067.0000    54415.7377   326175    4.65%
  12219 10016    54491.5608   227    57067.0000    54417.2768   332240    4.64%
  12437 10218    54475.5978   249    57067.0000    54418.2974   339481    4.64%
  12632 10401    54980.6743   188    57067.0000    54422.1850   346060    4.63%
  12800 10554    56754.9933   205    57067.0000    54425.2384   352132    4.63%
  12930 10663    54649.6944   224    57067.0000    54425.6299   357675    4.63%
  13100 10813    54469.2900   181    57067.0000    54426.4594   364515    4.63%
  13320 11020    54654.7230   221    57067.0000    54427.4320   370412    4.63%
  13423 11117    56541.3255   180    57067.0000    54427.5431   377792    4.63%
  13520 11204    54644.4141   175    57067.0000    54427.8605   380202    4.62%
Elapsed time = 65.23 sec. (92968.85 ticks, tree = 80.32 MB, solutions = 20)
  13630 11302    54900.1029   217    57067.0000    54428.3993   385969    4.62%
  13771 11433    54590.3566   179    57067.0000    54428.9569   392748    4.62%
  13950 11604    55127.1253   167    57067.0000    54429.6068   398810    4.62%
  14050 11691    55198.6392   212    57067.0000    54430.7616   404259    4.62%
  14220 11849    54599.5401   195    57067.0000    54430.9659   410508    4.62%
  14346 11963    55267.4154   221    57067.0000    54432.1776   415778    4.62%
  14479 12088    54605.5085   217    57067.0000    54433.4346   421014    4.61%
  14599 12199    54664.3315   180    57067.0000    54433.4692   426186    4.61%
  14662 12258    56779.6500   158    57067.0000    54433.5434   432161    4.61%
  14749 12335    54450.5311   256    57067.0000    54433.7081   437671    4.61%
Elapsed time = 71.44 sec. (103128.17 ticks, tree = 90.75 MB, solutions = 20)
  14877 12451    55541.9915   232    57067.0000    54433.9673   443942    4.61%
  14975 12537    55209.8401   259    57067.0000    54434.5875   450393    4.61%
  15073 12622    56066.9745   182    57067.0000    54434.8206   454998    4.61%
  15156 12689    54546.1839   256    57067.0000    54434.9243   461017    4.61%
  15262 12787    55362.8876   212    57067.0000    54435.5741   465536    4.61%
  15373 12888    55212.4215   248    57067.0000    54436.1032   472090    4.61%
  15502 13002    54738.1673   228    57067.0000    54436.3634   478770    4.61%
  15520 13020    54814.7369   232    57067.0000    54436.3634   478968    4.61%
  15594 13080    55380.9946   219    57067.0000    54437.4282   484660    4.61%
  15720 13196    54536.3897   235    57067.0000    54438.0571   489226    4.61%
Elapsed time = 78.86 sec. (114667.70 ticks, tree = 99.19 MB, solutions = 20)
  15851 13313    54628.8466   206    57067.0000    54439.0285   494798    4.61%
  16014 13472    54685.0365   193    57067.0000    54439.0606   499753    4.61%
  16045 13495    54481.7408   230    57067.0000    54439.4692   506566    4.60%
  16142 13582    54720.0191   249    57067.0000    54440.0527   513769    4.60%
  16210 13640    54827.8878   218    57067.0000    54440.4630   519065    4.60%
  16332 13754    55766.2749   226    57067.0000    54440.8614   523952    4.60%
  16387 13803    55058.2772   203    57067.0000    54441.2145   529943    4.60%
  16496 13896    54492.4995   238    57067.0000    54441.2592   535505    4.60%
  16603 13987    54512.4644   187    57067.0000    54442.3138   542011    4.60%
  17102 14448    55820.2663   302    57067.0000    54443.8140   562853    4.60%
Elapsed time = 87.24 sec. (128286.39 ticks, tree = 112.40 MB, solutions = 20)
  17517 14823        cutoff          57067.0000    54445.5738   583704    4.59%
  17747 15031    56612.8942   230    57067.0000    54445.8496   593940    4.59%
  18146 15368    54494.9259   284    57067.0000    54447.8693   615200    4.59%
  18408 15592    54905.0282   230    57067.0000    54448.6933   636650    4.59%
  18812 15960    56408.2679   218    57067.0000    54449.2985   659068    4.59%
* 19120+16210                        57047.0000    54450.1947             4.55%
  19167 16250    54748.0184   225    57047.0000    54450.4474   681225    4.55%
  19390 16433    54708.4778   241    57047.0000    54451.0385   700191    4.55%
* 19520+16524                        57027.0000    54451.0727             4.52%
  19700 16684    54606.2375   262    57027.0000    54451.7866   713753    4.52%
  20054 17010    55358.0564   119    57027.0000    54452.6540   733803    4.51%
  20413 17315    54517.4865   286    57027.0000    54453.5584   756000    4.51%
Elapsed time = 111.77 sec. (167036.70 ticks, tree = 146.66 MB, solutions = 22)
  20585 17475    55675.1468   222    57027.0000    54453.9881   766560    4.51%
  20944 17795    56527.1227   214    57027.0000    54456.2095   785796    4.51%
  21327 18133    54793.5358   230    57027.0000    54457.5571   806320    4.51%
  21520 18310    54606.0272   255    57027.0000    54458.3458   817552    4.50%
  21750 18510    54830.5573   217    57027.0000    54459.0888   836000    4.50%
  21990 18724    54801.6220   280    57027.0000    54460.3787   856738    4.50%
  22354 19047    55366.6346   185    57027.0000    54461.2385   876500    4.50%
  22632 19296    56894.1153   208    57027.0000    54461.9282   897076    4.50%
  22886 19518        cutoff          57027.0000    54462.9797   918878    4.50%
  23195 19794    54544.7463   265    57027.0000    54464.2845   935449    4.49%
Elapsed time = 136.56 sec. (205485.18 ticks, tree = 179.24 MB, solutions = 22)
  23428 19995    55474.0639   230    57027.0000    54464.7366   958759    4.49%
  23660 20209    55640.6808   280    57027.0000    54465.0131   972468    4.49%
  23982 20501    55554.4742   245    57027.0000    54465.1115   996270    4.49%
  24412 20899    56668.2128   246    57027.0000    54466.2473  1022798    4.49%
  24524 20988    56611.6785   197    57027.0000    54466.6007  1039728    4.49%
  24837 21241        cutoff          57027.0000    54467.4594  1067671    4.49%
  25215 21590    infeasible          57027.0000    54467.9794  1092431    4.49%
  25520 21849    55505.0210   282    57027.0000    54468.9997  1110380    4.49%
  25747 22032    55168.6408   274    57027.0000    54470.4397  1132867    4.48%
  25991 22239    54672.2219   275    57027.0000    54471.3842  1156012    4.48%
Elapsed time = 162.64 sec. (245182.32 ticks, tree = 213.28 MB, solutions = 22)
  26336 22553    55454.0390   270    57027.0000    54472.5349  1177688    4.48%
* 26520+22689                        57018.0000    54473.4053             4.46%
  26568 22739    55128.7284   201    57018.0000    54473.4053  1191299    4.46%
  26867 23012    55011.5813   218    57018.0000    54474.1260  1214415    4.46%
  27270 23381        cutoff          57018.0000    54474.7711  1236515    4.46%
  27698 23779    55150.9106   198    57018.0000    54475.9875  1255715    4.46%
  28009 24062    54596.6975   294    57018.0000    54476.7633  1277525    4.46%
  28299 24297    54740.1969   236    57018.0000    54478.2199  1301411    4.45%
* 28520+23377                        56718.0000    54478.4978             3.95%
* 28520+21102                        56071.0000    54478.4978             2.84%
  28526 21106    55366.9041   323    56071.0000    54478.7147  1318594    2.84%
  28863 21398    55794.9168   310    56071.0000    54480.2841  1340368    2.84%
  29280 21773    55058.3342   204    56071.0000    54481.5301  1360459    2.83%
Elapsed time = 187.76 sec. (283803.19 ticks, tree = 220.97 MB, solutions = 25)
  29550 21988    55236.9348   236    56071.0000    54481.9537  1379924    2.83%
  29912 22303    54739.6045   267    56071.0000    54483.2908  1404303    2.83%
  30265 22595    54529.2699   318    56071.0000    54484.7612  1430146    2.83%
  30552 22844    54497.8006   250    56071.0000    54485.8776  1450691    2.83%
  30948 23196        cutoff          56071.0000    54486.6712  1477020    2.83%
  31300 23504    55299.1162   322    56071.0000    54487.7639  1501706    2.82%
  31682 23837    55560.6324   273    56071.0000    54489.6317  1525577    2.82%
  32128 24226        cutoff          56071.0000    54492.1240  1551808    2.82%
  32602 24636    54777.2156   252    56071.0000    54493.4938  1575543    2.81%
  33117 25093    55232.8816   304    56071.0000    54495.0020  1602653    2.81%
Elapsed time = 213.36 sec. (322674.81 ticks, tree = 267.33 MB, solutions = 25)
  33472 25392    54749.4039   285    56071.0000    54496.7506  1630267    2.81%
  33794 25652    54741.9784   252    56071.0000    54497.6834  1657227    2.81%
  34153 25968        cutoff          56071.0000    54498.5930  1684732    2.80%
  34431 26178        cutoff          56071.0000    54500.7990  1711163    2.80%
  34877 26569        cutoff          56071.0000    54501.6802  1735781    2.80%
  35225 26874    55056.7122   250    56071.0000    54502.8741  1761045    2.80%
  35520 27117    54823.1117   246    56071.0000    54503.5189  1784622    2.80%
  35883 27432    54837.1194   257    56071.0000    54504.4271  1807346    2.79%
  36235 27741    55694.6642   229    56071.0000    54505.0780  1830212    2.79%
  36509 27984    55560.4798   230    56071.0000    54505.4344  1853094    2.79%
Elapsed time = 238.75 sec. (361951.03 ticks, tree = 307.71 MB, solutions = 25)
* 36720+28099                        56050.0000    54506.2441             2.75%
  36770 28145    54990.6428   241    56050.0000    54506.4769  1876332    2.75%
  37097 28427    55008.0850   168    56050.0000    54507.3341  1898749    2.75%
  37438 28723    54696.5856   215    56050.0000    54508.2474  1920564    2.75%
  37736 28983    54638.2178   229    56050.0000    54508.6252  1939571    2.75%
  38040 29231    54799.4267   287    56050.0000    54509.2518  1963752    2.75%
  38488 29627    55791.9380   304    56050.0000    54510.2308  1987907    2.75%
  38848 29925    54702.3538   319    56050.0000    54511.0337  2009819    2.75%
  39186 30217    54679.5285   304    56050.0000    54512.0350  2032222    2.74%
  39520 30517    54681.2897   233    56050.0000    54512.4130  2051357    2.74%
  39940 30870    54909.5881   197    56050.0000    54513.5334  2073237    2.74%
Elapsed time = 265.46 sec. (402574.86 ticks, tree = 348.11 MB, solutions = 26)
  40230 31096        cutoff          56050.0000    54514.2880  2097728    2.74%
  40520 31333    54761.7428   280    56050.0000    54514.9578  2119397    2.74%
  40838 31596    55340.6911   238    56050.0000    54515.5910  2144834    2.74%
  41181 31874    55457.5514   273    56050.0000    54515.5910  2170754    2.74%
  41499 32155    55210.0789   244    56050.0000    54516.0698  2195386    2.74%
  41836 32437    55508.3030   277    56050.0000    54516.2010  2216622    2.74%
  42120 32668    55208.7230   320    56050.0000    54516.2010  2244126    2.74%
  42423 32896    55078.1267   326    56050.0000    54516.7118  2270471    2.74%
  42727 33154        cutoff          56050.0000    54517.3979  2292000    2.73%
  43184 33551    54762.9369   286    56050.0000    54518.1496  2319525    2.73%
Elapsed time = 293.02 sec. (444186.91 ticks, tree = 387.01 MB, solutions = 26)
  43374 33694    55990.2558   260    56050.0000    54518.1570  2346137    2.73%
  43534 33814    55910.5020   224    56050.0000    54518.4902  2362184    2.73%
  43850 34071    55577.8779   208    56050.0000    54519.1630  2388436    2.73%
  44301 34457    54599.2919   286    56050.0000    54519.8668  2414986    2.73%
  44609 34733    55192.6651   223    56050.0000    54520.4263  2427766    2.73%
  45004 35069    55621.3077   233    56050.0000    54521.0077  2454430    2.73%
  45492 35501        cutoff          56050.0000    54521.8479  2480484    2.73%
  45940 35880    54832.5381   197    56050.0000    54523.0377  2506796    2.72%
  46227 36119    54663.7619   276    56050.0000    54523.6348  2531861    2.72%
  46548 36397    54556.2648   249    56050.0000    54524.0668  2549953    2.72%
Elapsed time = 318.44 sec. (482629.69 ticks, tree = 426.72 MB, solutions = 26)
  47029 36840    55547.0281   236    56050.0000    54524.7838  2572901    2.72%
  47337 37084    54652.5575   259    56050.0000    54525.7654  2598462    2.72%
  47520 37239    54614.4002   323    56050.0000    54526.0902  2615548    2.72%
  47815 37476    54800.1872   274    56050.0000    54526.9913  2639295    2.72%
  48083 37680        cutoff          56050.0000    54527.4932  2664540    2.72%
  48416 37944    54758.2945   229    56050.0000    54528.0098  2689748    2.72%
* 48520+37927                        56016.0000    54528.1198             2.66%
  48769 38156    55001.0390   162    56016.0000    54528.4178  2707896    2.66%
  49070 38400    54705.2459   167    56016.0000    54529.1923  2732910    2.65%
  49386 38662    54676.9296   211    56016.0000    54529.8429  2755767    2.65%
  49520 38780    54706.7643   236    56016.0000    54529.8895  2759274    2.65%
Elapsed time = 344.93 sec. (522569.27 ticks, tree = 460.28 MB, solutions = 27)
  49899 39093    55053.2693   222    56016.0000    54530.6921  2783324    2.65%
  50373 39497    54884.2431   268    56016.0000    54531.3752  2807522    2.65%
  50562 39666    55285.9865   244    56016.0000    54531.6275  2819485    2.65%
  50935 39991    54989.3133   211    56016.0000    54532.0387  2842736    2.65%
  51299 40289    54826.6087   219    56016.0000    54532.6706  2866628    2.65%
  51838 40769    54701.8761   218    56016.0000    54533.3418  2886648    2.65%
  52207 41081    54734.3531   225    56016.0000    54533.9753  2910623    2.65%
  52606 41433        cutoff          56016.0000    54534.4389  2930294    2.64%
  53119 41874    55118.3744   237    56016.0000    54535.2377  2955940    2.64%
  53520 42196    54561.4985   278    56016.0000    54536.0993  2976370    2.64%
Elapsed time = 371.16 sec. (562226.57 ticks, tree = 507.76 MB, solutions = 27)
  54040 42622    54751.7839   270    56016.0000    54537.0312  3002515    2.64%
  54487 42998    55263.1127   169    56016.0000    54537.7901  3029694    2.64%
  54735 43184    55062.4710   231    56016.0000    54538.5944  3051965    2.64%
  55163 43544    54993.0073   211    56016.0000    54538.9796  3077118    2.64%
* 55520+43680                        55984.0000    54539.7963             2.58%
  55520 43682    54883.1776   238    55984.0000    54539.7963  3101181    2.58%
  55859 43959    54619.9113   233    55984.0000    54540.2917  3126867    2.58%
  56353 44383    55866.7202   218    55984.0000    54540.9440  3153837    2.58%
  56746 44706    54741.8334   298    55984.0000    54541.4995  3180366    2.58%
  57046 44948    54767.3196   305    55984.0000    54542.3117  3207177    2.58%
  57479 45320    55075.1480   237    55984.0000    54543.0594  3233731    2.57%
Elapsed time = 396.91 sec. (601228.93 ticks, tree = 551.79 MB, solutions = 28)
  57890 45674    55934.5488   294    55984.0000    54543.6014  3259818    2.57%
  58265 45974    54966.5494   210    55984.0000    54544.4773  3286791    2.57%
  58556 46219    54749.0894   278    55984.0000    54545.0333  3303014    2.57%
  58992 46580    55786.1006   263    55984.0000    54545.6957  3328636    2.57%
  59397 46914        cutoff          55984.0000    54546.0775  3354284    2.57%
  59647 47119        cutoff          55984.0000    54546.4119  3370711    2.57%
  59960 47372        cutoff          55984.0000    54546.8250  3397398    2.57%
  60353 47705    54741.6643   239    55984.0000    54547.3558  3424715    2.57%
  60677 47987    55788.6532   168    55984.0000    54548.0485  3446564    2.56%
  61038 48275    infeasible          55984.0000    54548.9335  3470810    2.56%
Elapsed time = 422.65 sec. (639654.15 ticks, tree = 592.95 MB, solutions = 28)
  61354 48531    55832.0936   224    55984.0000    54549.3299  3493904    2.56%
  61568 48679    55803.1959   231    55984.0000    54549.7876  3512188    2.56%
  61980 49023    55315.3424   207    55984.0000    54550.4016  3536601    2.56%
  62350 49330    54579.8108   328    55984.0000    54550.6644  3561227    2.56%
  62553 49509    55781.3693   247    55984.0000    54550.9362  3581684    2.56%
  63001 49888    54774.7973   272    55984.0000    54551.8418  3607012    2.56%
  63425 50250        cutoff          55984.0000    54552.5337  3630639    2.56%
  63743 50521    55021.7998   262    55984.0000    54553.0165  3652466    2.56%
  64064 50783        cutoff          55984.0000    54553.8534  3676754    2.55%
  64486 51139        cutoff          55984.0000    54554.2779  3700418    2.55%
Elapsed time = 447.73 sec. (678197.74 ticks, tree = 632.84 MB, solutions = 28)
  64843 51451    54760.3631   206    55984.0000    54554.7721  3721478    2.55%
* 64920+51329                        55954.0000    54554.8005             2.50%
  65193 51560        cutoff          55954.0000    54555.2994  3746480    2.50%
  65630 51931        cutoff          55954.0000    54556.0980  3770574    2.50%
  66003 52213    55338.5499   196    55954.0000    54556.5891  3794642    2.50%
  66410 52545    55090.4992   213    55954.0000    54557.1853  3819047    2.50%
* 66520+52504                        55929.0000    54557.2918             2.45%
  66724 52673        cutoff          55929.0000    54557.6625  3836137    2.45%
  67203 53074    54618.5626   255    55929.0000    54558.4352  3859175    2.45%
  67520 53345    54604.2604   222    55929.0000    54558.6609  3880125    2.45%
  67934 53705    54658.6374   255    55929.0000    54558.8893  3902624    2.45%
  68261 53970    55444.6415   188    55929.0000    54559.3291  3926998    2.45%
Elapsed time = 472.95 sec. (716750.97 ticks, tree = 673.16 MB, solutions = 30)
  68691 54324    55091.1400   324    55929.0000    54560.0286  3952988    2.45%
  69098 54653    55020.6470   243    55929.0000    54561.0121  3977812    2.45%
  69520 55005    54886.8937   206    55929.0000    54561.4586  4001091    2.45%
  69940 55350    54960.9838   224    55929.0000    54562.3868  4027532    2.44%
  70353 55687    55471.8807   244    55929.0000    54562.9876  4053233    2.44%
  70724 56007    55101.3409   196    55929.0000    54563.4899  4073855    2.44%
  71293 56504        cutoff          55929.0000    54563.9619  4098999    2.44%
  71677 56821    54668.0468   227    55929.0000    54564.6316  4126358    2.44%
  72037 57090        cutoff          55929.0000    54565.3009  4154628    2.44%
  72416 57392    54853.8693   176    55929.0000    54566.1561  4181822    2.44%
Elapsed time = 500.24 sec. (757886.12 ticks, tree = 720.80 MB, solutions = 30)
  72819 57736    55541.5900   214    55929.0000    54566.7455  4203976    2.44%
  73316 58155    54635.3619   287    55929.0000    54567.0807  4231206    2.44%
  73683 58464        cutoff          55929.0000    54567.4508  4259674    2.43%
  74049 58766        cutoff          55929.0000    54567.9496  4286661    2.43%
  74525 59162        cutoff          55929.0000    54568.5314  4310952    2.43%
  74886 59446    54859.3269   240    55929.0000    54569.3763  4338739    2.43%
  75386 59877    55276.5907   201    55929.0000    54569.6572  4365010    2.43%
  75831 60242    55303.9052   246    55929.0000    54570.2161  4390731    2.43%
  76206 60535    55378.6031   294    55929.0000    54570.8374  4417150    2.43%
  76584 60839    55605.5236   232    55929.0000    54571.4818  4439096    2.43%
Elapsed time = 525.77 sec. (796447.52 ticks, tree = 768.73 MB, solutions = 30)
  77032 61210    54934.6820   250    55929.0000    54571.8559  4465379    2.43%
  77422 61529    55686.3616   244    55929.0000    54572.3995  4492597    2.43%
  77848 61874    54873.5116   201    55929.0000    54572.8160  4514575    2.42%
  78162 62131    55560.7888   242    55929.0000    54573.0555  4539103    2.42%
  78496 62395    infeasible          55929.0000    54573.6650  4563866    2.42%
  78637 62505        cutoff          55929.0000    54573.7785  4572615    2.42%
  79092 62890    54745.3710   217    55929.0000    54574.2287  4596669    2.42%
  79474 63211    54701.5339   223    55929.0000    54574.6485  4621297    2.42%
  79852 63517    55017.7490   218    55929.0000    54574.9179  4645343    2.42%
  80255 63841        cutoff          55929.0000    54575.2290  4670022    2.42%
Elapsed time = 550.76 sec. (834725.64 ticks, tree = 810.36 MB, solutions = 30)
  80659 64165    55073.1447   203    55929.0000    54575.8913  4694368    2.42%
  80943 64390    55312.6361   188    55929.0000    54576.1851  4718459    2.42%
  81489 64842    55525.6329   308    55929.0000    54576.7674  4742298    2.42%
  81822 65114    55184.8971   169    55929.0000    54577.1808  4764506    2.42%
  82250 65469    54861.5462   216    55929.0000    54577.5489  4789267    2.42%
  82597 65762    54864.0775   251    55929.0000    54577.9320  4809377    2.42%
  82997 66075    54867.2749   262    55929.0000    54578.5119  4834742    2.41%
  83446 66436    55842.1709   209    55929.0000    54579.2339  4859079    2.41%
  83717 66605        cutoff          55929.0000    54579.7857  4885561    2.41%
  84014 66835        cutoff          55929.0000    54580.1850  4908670    2.41%
Elapsed time = 575.79 sec. (873153.03 ticks, tree = 854.90 MB, solutions = 30)
  84366 67124    54704.5702   239    55929.0000    54580.7563  4933784    2.41%
  84671 67363    55032.3940   227    55929.0000    54581.1542  4954832    2.41%
  85092 67699    54795.4800   258    55929.0000    54581.6172  4980928    2.41%
  85520 68037    54724.9407   185    55929.0000    54582.0330  5003771    2.41%
  85997 68449    55652.3720   265    55929.0000    54582.3363  5028474    2.41%
  86303 68687    55486.1479   300    55929.0000    54582.7996  5053431    2.41%
  86700 69016    54606.3261   295    55929.0000    54583.0619  5075900    2.41%
  87120 69382    54662.5771   266    55929.0000    54583.3643  5101900    2.41%
  87467 69641    55010.5566   216    55929.0000    54583.9062  5129677    2.41%
  87808 69903    infeasible          55929.0000    54584.2652  5155368    2.40%
Elapsed time = 601.41 sec. (912271.24 ticks, tree = 897.55 MB, solutions = 30)
  88320 70324    55006.4282   254    55929.0000    54585.0666  5182333    2.40%
  88714 70648        cutoff          55929.0000    54585.6617  5209682    2.40%
  89160 71019    55782.3514   189    55929.0000    54586.2777  5236608    2.40%
  89511 71310    54930.8217   217    55929.0000    54586.5744  5262625    2.40%
  89968 71715    infeasible          55929.0000    54586.6944  5283627    2.40%
  90263 71939        cutoff          55929.0000    54587.0464  5311430    2.40%
  90607 72239    54732.6167   231    55929.0000    54587.2840  5334555    2.40%
  90937 72492        cutoff          55929.0000    54587.7292  5361622    2.40%
  91406 72865    55844.3453   237    55929.0000    54588.2308  5391046    2.40%
  91833 73210    54699.1591   231    55929.0000    54588.8572  5418204    2.40%
Elapsed time = 626.56 sec. (950757.88 ticks, tree = 943.47 MB, solutions = 30)
  92236 73525    54895.1173   249    55929.0000    54589.1960  5445369    2.40%
  92520 73748    54718.1827   232    55929.0000    54589.3392  5463886    2.40%
  92826 73914        cutoff          55929.0000    54589.6053  5491913    2.39%
  93259 74265    54962.6913   281    55929.0000    54590.0963  5518361    2.39%
  93520 74483    54732.3835   228    55929.0000    54590.3921  5531055    2.39%
  93966 74842    54767.9700   217    55929.0000    54590.8438  5558458    2.39%
  94432 75226    55356.7436   315    55929.0000    54591.1169  5586744    2.39%
  94766 75469        cutoff          55929.0000    54591.5994  5615328    2.39%
  95214 75831    54883.0224   267    55929.0000    54592.0422  5644309    2.39%
  95543 76108    54956.9735   276    55929.0000    54592.3064  5666831    2.39%
Elapsed time = 653.45 sec. (991017.19 ticks, tree = 983.77 MB, solutions = 30)
  95929 76411    55437.3467   249    55929.0000    54592.7606  5695237    2.39%
  96356 76765    55526.1903   265    55929.0000    54593.3522  5721435    2.39%
  96609 76957    55394.3498   294    55929.0000    54593.7307  5742787    2.39%
  96941 77212    54626.0097   281    55929.0000    54594.2622  5767480    2.39%
  97300 77490        cutoff          55929.0000    54594.6053  5793301    2.39%
  97651 77756    55169.8975   244    55929.0000    54595.1197  5818052    2.38%
  97900 77914    54859.8277   246    55929.0000    54595.4532  5842056    2.38%
  98197 78127    55294.0123   253    55929.0000    54595.8517  5868412    2.38%
  98768 78584    54710.0186   195    55929.0000    54596.3383  5892080    2.38%
  99222 78947        cutoff          55929.0000    54596.7228  5916771    2.38%
Elapsed time = 678.53 sec. (1029593.74 ticks, tree = 1023.32 MB, solutions = 30)
  99554 79212    infeasible          55929.0000    54597.0413  5938746    2.38%
  99826 79410        cutoff          55929.0000    54597.2961  5965568    2.38%
 100231 79736    55241.7463   259    55929.0000    54597.6111  5990860    2.38%
 100603 80017    55254.1236   284    55929.0000    54597.9836  6015985    2.38%
 100941 80273    55199.5445   218    55929.0000    54598.5127  6041850    2.38%
 101397 80634    55302.7340   206    55929.0000    54598.8880  6066553    2.38%
 101780 80941    55102.9973   235    55929.0000    54599.3264  6091197    2.38%
 102017 81105    54747.7141   228    55929.0000    54599.8171  6116745    2.38%
 102446 81450    55547.2713   278    55929.0000    54600.4268  6142582    2.38%
 102777 81692    54767.9116   287    55929.0000    54600.8690  6166806    2.37%
Elapsed time = 703.70 sec. (1068238.43 ticks, tree = 1061.50 MB, solutions = 30)
 103230 82071    55350.9205   286    55929.0000    54601.1359  6190975    2.37%
 103601 82371    55052.4705   221    55929.0000    54601.5180  6211692    2.37%
 103937 82618    54839.3494   194    55929.0000    54601.7878  6236759    2.37%
 104338 82927    55828.6478   219    55929.0000    54602.1608  6261565    2.37%
 104653 83164    55021.5480   207    55929.0000    54602.3704  6281274    2.37%
 104991 83420    54715.2184   228    55929.0000    54602.6483  6308011    2.37%
 105481 83819    infeasible          55929.0000    54603.1459  6335504    2.37%
 105770 84054    55008.1209   197    55929.0000    54603.3819  6357632    2.37%
 106252 84434    55084.2345   257    55929.0000    54604.0388  6384614    2.37%
 106599 84704    55607.6001   197    55929.0000    54604.3410  6410512    2.37%
Elapsed time = 728.75 sec. (1106523.99 ticks, tree = 1103.32 MB, solutions = 30)
 107019 85011    55732.7195   211    55929.0000    54604.7489  6437946    2.37%
 107477 85402    55344.7672   232    55929.0000    54605.1552  6463155    2.37%
 107717 85595    54956.3674   200    55929.0000    54605.2969  6478059    2.37%
 108093 85889        cutoff          55929.0000    54605.8125  6506406    2.37%
 108481 86181    55512.1725   263    55929.0000    54606.2936  6533606    2.36%
 108674 86335    54866.9081   251    55929.0000    54606.4130  6548319    2.36%
 109015 86574    55195.1509   229    55929.0000    54606.7946  6576928    2.36%
 109411 86868    54901.3601   212    55929.0000    54607.1780  6604745    2.36%
 109765 87132        cutoff          55929.0000    54607.4771  6629200    2.36%
 110226 87510    54790.9317   249    55929.0000    54607.8595  6656361    2.36%
Elapsed time = 754.60 sec. (1145047.39 ticks, tree = 1142.40 MB, solutions = 30)
 110815 87996        cutoff          55929.0000    54608.3535  6683980    2.36%
 111271 88382        cutoff          55929.0000    54608.5856  6711895    2.36%
 111520 88571    54718.1722   247    55929.0000    54608.9157  6736368    2.36%
 112057 88988    55207.1652   210    55929.0000    54609.3726  6763858    2.36%
 112504 89352    54788.4789   248    55929.0000    54609.6568  6787851    2.36%
 112750 89535    55383.4095   275    55929.0000    54609.8307  6799468    2.36%
 113207 89882    55660.1530   209    55929.0000    54610.2414  6827548    2.36%
 113556 90132    55582.8848   249    55929.0000    54610.6671  6855237    2.36%
 114051 90538        cutoff          55929.0000    54610.9826  6882102    2.36%
 114476 90883        cutoff          55929.0000    54611.2398  6910535    2.36%
Elapsed time = 780.46 sec. (1183966.76 ticks, tree = 1189.30 MB, solutions = 30)
 114808 91122    54750.8108   264    55929.0000    54611.4540  6934719    2.36%
 115243 91483    54821.3622   187    55929.0000    54611.8336  6962833    2.36%
 115685 91809    55297.0564   171    55929.0000    54612.0629  6989452    2.35%
 116004 92053    55523.7190   244    55929.0000    54612.2439  7017797    2.35%
 116366 92329    55501.5804   190    55929.0000    54612.4988  7043790    2.35%
 116722 92607        cutoff          55929.0000    54612.8314  7069498    2.35%
 117171 92985    54815.3984   214    55929.0000    54613.0134  7094850    2.35%
 117520 93278    54690.2429   290    55929.0000    54613.1869  7116123    2.35%
 117826 93509    54633.1994   307    55929.0000    54613.6355  7141504    2.35%
 118205 93808    54960.8821   199    55929.0000    54614.1572  7166582    2.35%
Elapsed time = 805.90 sec. (1223002.03 ticks, tree = 1229.84 MB, solutions = 30)
 118522 94061        cutoff          55929.0000    54614.4639  7187442    2.35%
Starting limited solution polishing.
 118920 94360    54996.8294   273    55929.0000    54615.1011  7211798    2.35%
 119220 94602    55355.2922   169    55929.0000    54615.2843  7225380    2.35%
 119357 94714    55535.7884   204    55929.0000    54615.3414  7234357    2.35%
 119457 94784        cutoff          55929.0000    54615.4255  7241862    2.35%
 119620 94880    54837.1941   256    55929.0000    54615.6588  7262851    2.35%
 119720 94962    54801.4000   203    55929.0000    54615.7833  7265540    2.35%
 119920 95123    55009.6410   188    55929.0000    54615.9677  7274560    2.35%
 120020 95207    55216.8253   247    55929.0000    54616.0153  7281170    2.35%
 120120 95284    55136.6232   209    55929.0000    54616.1898  7289295    2.35%
Elapsed time = 841.00 sec. (1272464.48 ticks, tree = 1250.35 MB, solutions = 30)
 120226 95358        cutoff          55929.0000    54616.3513  7299529    2.35%
 120320 95416    54669.0123   188    55929.0000    54616.5147  7311284    2.35%
 120420 95498    54669.5011   246    55929.0000    54616.5692  7315406    2.35%
 120590 95637    55195.3796   247    55929.0000    54616.7125  7325192    2.35%
*120620+94794                        55845.0000    54616.7559             2.20%
 120620 94796    54716.3539   297    55845.0000    54616.7559  7328002    2.20%
 120720 94880    55089.6049   217    55845.0000    54616.7932  7330416    2.20%
 120820 94962    54861.6126   251    55845.0000    54616.9120  7337439    2.20%
 120920 95045    55286.0209   195    55845.0000    54616.9975  7342063    2.20%
 121020 95129    55294.3870   232    55845.0000    54617.1348  7346470    2.20%
 121120 95207    55097.2473   228    55845.0000    54617.1727  7352651    2.20%
Elapsed time = 876.54 sec. (1322176.87 ticks, tree = 1250.62 MB, solutions = 31)
 121220 95285    54820.4638   234    55845.0000    54617.2206  7361257    2.20%
 121320 95365    54900.4458   193    55845.0000    54617.2939  7365010    2.20%
 121420 95438    55013.6182   192    55845.0000    54617.4396  7375764    2.20%
 121620 95585    55630.4295   273    55845.0000    54617.5488  7392363    2.20%
 121720 95677    54709.7451   229    55845.0000    54617.5594  7396804    2.20%

Clique cuts applied:  140
Cover cuts applied:  849
Flow cuts applied:  27
Mixed integer rounding cuts applied:  195
Zero-half cuts applied:  86
Lift and project cuts applied:  5
Gomory fractional cuts applied:  10

Root node processing (before b&c):
  Real time             =    1.46 sec. (1865.44 ticks)
Sequential b&c:
  Real time             =  898.55 sec. (1353658.00 ticks)
                          ------------
Total (root+branch&cut) =  900.00 sec. (1355523.45 ticks)
MIP: [1;32mCPLEX finished.[0m
MIP: [1;32mCPLEX status: Feasible[0m
MIP: [1;32mSolution: 
[10, 5, 10, 25, 17, 24, 7, 16, 13, 0, 20, 18, 4, 17, 27, 18, 21, 16, 28, 2, 9, 15, 27, 4, 19, 26, 9, 28, 26, 21, 6, 4, 20, 20, 15, 23, 16, 30, 3, 5, 11, 0, 1, 12, 12, 4, 10, 11, 24, 15, 11, 5, 6, 29, 1, 3, 17, 7, 30, 2][3, 8, 5, 11, 23, 16, 6, 13, -1, 9, 3, 15, 18, 24, -1, 25, 20, 19, 25, 11, 23, 5, -1, 24, 15, 18, 7, 9, 2, 20, 7, -1][-1, -1, 12, 17, -1, 14, 12, 16, 19, 5, -1, 17, -1, 19, -1, 15, 6, -1, 17, 4, 4, -1, -1, 3, 6, 0][3, -1, -1, 3, 2, 14, 2, -1, -1, -1, -1, -1, 1, -1, 15, 2, 14, 15, -1, 1, -1][-1, 10, 7, 10, -1, -1, -1, -1, -1, -1, -1, -1, -1, -1, 10, 0][0m
MIP: [1;32mObjective value: 55845[0m
MIP: [1;32mLower Bound: 54617.6[0m
MIP: [1;32mBranch-and-Bound nodes: 121820[0m

# best solution:
best objective value:	55845
best dual bound value:	54617
optimality gap:	2.19894%
CPU time:	897.341
