ifile	/scratch/csagturk/mlbp_inst/n0060_m03__047.inst
prob	MLBP
threads	1
ttime	900
instance: /scratch/csagturk/mlbp_inst/n0060_m03__047.inst
	m=3, n=[60, 28, 20, 16]
MIP: [1;32minit CPLEX[0m
CAN: [1;35mcreated 2560 x_{ijk} variables[0m
CAN: [1;35mcreated 124 y_{ij} variables[0m
MIP: [1;32mcreated decision variables[0m
CAN: [1;35madded 60 constraints to enforce the packing of each item[0m
CAN: [1;35madded 48 constraints to enforce the packing of each item[0m
CAN: [1;35madded 64 capacity constraints[0m
MIP: [1;32mcreated constraints[0m
MIP: [1;32mcreated objective function[0m
MIP: [1;32mcalling CPLEX solve ...[0m
Version identifier: 22.1.0.0 | 2022-03-09 | 1a383f8ce
CPXPARAM_Threads                                 1
CPXPARAM_TimeLimit                               900
Tried aggregator 2 times.
MIP Presolve eliminated 0 rows and 206 columns.
MIP Presolve modified 237 coefficients.
Aggregator did 144 substitutions.
Reduced MIP has 460 rows, 2754 columns, and 5492 nonzeros.
Reduced MIP has 2610 binaries, 0 generals, 0 SOSs, and 96 indicators.
Presolve time = 0.01 sec. (8.58 ticks)
Probing fixed 0 vars, tightened 64 bounds.
Probing changed sense of 48 constraints.
Probing time = 0.01 sec. (12.21 ticks)
Tried aggregator 1 time.
MIP Presolve eliminated 288 rows and 336 columns.
Reduced MIP has 172 rows, 2418 columns, and 4820 nonzeros.
Reduced MIP has 2418 binaries, 0 generals, 0 SOSs, and 0 indicators.
Presolve time = 0.01 sec. (5.55 ticks)
Tried aggregator 1 time.
Detecting symmetries...
Reduced MIP has 172 rows, 2418 columns, and 4820 nonzeros.
Reduced MIP has 2418 binaries, 0 generals, 0 SOSs, and 0 indicators.
Presolve time = 0.00 sec. (4.83 ticks)
Probing time = 0.00 sec. (2.45 ticks)
Clique table members: 897.
MIP emphasis: balance optimality and feasibility.
MIP search method: dynamic search.
Parallel mode: none, using 1 thread.
Root relaxation solution time = 0.00 sec. (7.00 ticks)

        Nodes                                         Cuts/
   Node  Left     Objective  IInf  Best Integer    Best Bound    ItCnt     Gap

      0     0    32903.6553    85                  32903.6553      448         
      0     0    33020.1244   116                   Cuts: 126      821         
      0     0    33070.1602   154                   Cuts: 139     1142         
      0     0    33123.1141   131                   Cuts: 137     1522         
      0     0    33144.6139   135                   Cuts: 130     1853         
      0     0    33153.9404   178                   Cuts: 123     2208         
      0     0    33163.2945   207                   Cuts: 135     2972         
      0     0    33173.1941   178                   Cuts: 116     3329         
      0     0    33198.2547   193                   Cuts: 114     3825         
      0     0    33223.6640   175                    Cuts: 96     4159         
      0     0    33239.3378   203                   Cuts: 107     4423         
      0     0    33270.9790   189                    Cuts: 95     4659         
      0     0    33287.7874   183                    Cuts: 75     4923         
      0     0    33299.4547   197                   Cuts: 101     5233         
      0     0    33313.7797   181                   Cuts: 109     5623         
      0     0    33319.5645   199                   Cuts: 104     5916         
      0     0    33324.6095   192                   Cuts: 100     6097         
      0     0    33333.4608   174                    Cuts: 66     6295         
      0     0    33339.2743   172                    Cuts: 84     6539         
*     0+    0                        40786.0000    33339.2743            18.26%
*     0+    0                        36913.0000    33339.2743             9.68%
*     0+    0                        35895.0000    33339.2743             7.12%
*     0+    0                        35846.0000    33339.2743             6.99%
*     0+    0                        35553.0000    33339.2743             6.23%
*     0+    0                        35081.0000    33339.2743             4.96%
*     0+    0                        34742.0000    33339.2743             4.04%
      0     0  -1.00000e+75     0    34742.0000    33339.2743     6539    4.04%
      0     2    33339.2743   153    34742.0000    33340.1659     6539    4.03%
Elapsed time = 1.55 sec. (1968.98 ticks, tree = 0.01 MB, solutions = 7)
    160   138    34254.5853    51    34742.0000    33353.9804     8933    4.00%
    333   297    33845.3716    74    34742.0000    33354.9662    12145    3.99%

Performing restart 1

Repeating presolve.
Tried aggregator 1 time.
MIP Presolve modified 600 coefficients.
Reduced MIP has 172 rows, 2418 columns, and 4820 nonzeros.
Reduced MIP has 2418 binaries, 0 generals, 0 SOSs, and 0 indicators.
Presolve time = 0.01 sec. (6.25 ticks)
Tried aggregator 1 time.
MIP Presolve modified 348 coefficients.
Reduced MIP has 172 rows, 2418 columns, and 4820 nonzeros.
Reduced MIP has 2418 binaries, 0 generals, 0 SOSs, and 0 indicators.
Presolve time = 0.01 sec. (6.87 ticks)
Represolve time = 0.06 sec. (43.70 ticks)
    514     0    33374.6319   162    34742.0000     Cuts: 126    16005    3.94%
    514     0    33388.6543   175    34742.0000     Cuts: 102    16264    3.90%
    514     0    33389.9201   209    34742.0000     Cuts: 119    16531    3.89%
    514     0    33395.0144   194    34742.0000     Cuts: 114    16944    3.88%
    514     0    33395.7120   178    34742.0000     Cuts: 103    17302    3.88%
*   514+    0                        34669.0000    33395.7120             3.67%
    514     0  -1.00000e+75     0    34669.0000    33395.7120    17302    3.67%
    514     0    33398.5754   171    34669.0000     Cuts: 109    17528    3.66%
    514     0    33401.4253   182    34669.0000      Cuts: 83    17811    3.66%
    514     0    33402.3974   201    34669.0000      Cuts: 87    18182    3.65%
    514     0    33404.3714   197    34669.0000      Cuts: 85    18483    3.65%
    514     0    33406.3152   211    34669.0000      Cuts: 99    18770    3.64%
    514     0    33406.7411   196    34669.0000      Cuts: 73    19018    3.64%
    514     0    33414.0727   187    34669.0000      Cuts: 67    19273    3.62%
    514     0    33418.2909   178    34669.0000      Cuts: 96    19563    3.61%
    514     0    33423.2698   178    34669.0000      Cuts: 90    19859    3.59%
    514     0    33426.9519   199    34669.0000      Cuts: 82    20255    3.58%
    514     0    33428.2742   188    34669.0000      Cuts: 82    20621    3.58%
    514     0    33428.7934   207    34669.0000      Cuts: 59    20910    3.58%
    514     0    33429.2450   182    34669.0000      Cuts: 46    21148    3.58%
    514     0    33429.3907   190    34669.0000      Cuts: 59    21513    3.58%
    514     0    33430.1970   187    34669.0000      Cuts: 40    21657    3.57%
    514     2    33430.1970   134    34669.0000    33430.2226    21657    3.57%
    517     5    33443.8771   130    34669.0000    33436.2525    21868    3.56%
    524    12    33478.5698   138    34669.0000    33436.2525    22343    3.56%
    542    30    33541.2211    78    34669.0000    33436.2525    22624    3.56%
    560    46    33639.7229   109    34669.0000    33436.2525    23622    3.56%
    588    67    33438.6483   137    34669.0000    33436.7993    23997    3.55%
    635   113    34574.9220    92    34669.0000    33438.5817    24833    3.55%
    891   337    33506.8741   115    34669.0000    33439.3142    31065    3.55%
Elapsed time = 5.22 sec. (7255.70 ticks, tree = 1.38 MB, solutions = 8)
   1301   679    33857.0000    66    34669.0000    33442.6874    40256    3.54%
   1514   869    33517.8663   118    34669.0000    33446.0166    46505    3.53%
   1949  1265    33965.4142    98    34669.0000    33447.4196    56620    3.52%
   2389  1651    34286.0588    50    34669.0000    33450.3230    66110    3.52%
   2890  2080    33967.3841    91    34669.0000    33452.4038    75456    3.51%
   3327  2472    33750.3654   102    34669.0000    33453.6332    85373    3.51%
   3744  2835    33607.9798   122    34669.0000    33455.2406    95510    3.50%
   4167  3216    33545.8081    95    34669.0000    33457.0985   105346    3.50%
   4660  3637    33624.5171    62    34669.0000    33459.3245   115139    3.49%
   5239  4150        cutoff          34669.0000    33461.1547   124709    3.48%
Elapsed time = 12.06 sec. (18094.77 ticks, tree = 17.44 MB, solutions = 8)
   5776  4635    33667.4127    75    34669.0000    33462.6790   136072    3.48%
   6337  5127    33495.3240   110    34669.0000    33464.9943   148122    3.47%
   6788  5528    33558.9484   114    34669.0000    33466.5226   158858    3.47%
   7233  5920    33555.0842   137    34669.0000    33467.4986   169115    3.47%
   7652  6291    33609.1584   136    34669.0000    33468.9068   180620    3.46%
   8167  6753    34049.8816    73    34669.0000    33469.4823   191512    3.46%
   8514  7052    33561.6029   122    34669.0000    33470.5928   199958    3.46%
   8894  7385    33728.5294    71    34669.0000    33471.7508   211867    3.45%
   9464  7886    34264.7143    61    34669.0000    33472.6221   223284    3.45%
   9931  8282    33523.8905   130    34669.0000    33474.0048   234783    3.45%
Elapsed time = 18.09 sec. (27862.23 ticks, tree = 35.34 MB, solutions = 8)
  10438  8731    34660.0000    71    34669.0000    33474.6681   247661    3.44%
  10514  8794    33634.7157   113    34669.0000    33474.7117   249786    3.44%
* 10794+ 8019                        34502.0000    33475.1728             2.98%
* 10794+ 7500                        34402.0000    33475.1728             2.69%
* 10794+ 7350                        34379.0000    33475.1728             2.63%
  10794  7352    33636.8485    65    34379.0000    33475.1728   255877    2.63%
  10795  7353    33485.3271   130    34379.0000    33475.4201   255951    2.63%
  11198  7709    33571.6696   148    34379.0000    33476.0185   266106    2.63%
  11578  8029    33586.5574   127    34379.0000    33477.5028   277922    2.62%
  11965  8360    33857.0000    66    34379.0000    33478.3936   288693    2.62%
  12345  8676    34127.0802   122    34379.0000    33479.6126   299227    2.62%
  12634  8922    33807.2014   128    34379.0000    33480.2829   308865    2.61%
  12939  9180    34199.1221    78    34379.0000    33480.7888   318585    2.61%
Elapsed time = 37.71 sec. (51667.54 ticks, tree = 39.36 MB, solutions = 11)
  13196  9391    33549.8342   136    34379.0000    33481.8885   328405    2.61%
  13546  9687    34272.6667    94    34379.0000    33482.6027   338005    2.61%
  13831  9915    33772.1538   128    34379.0000    33482.8635   347241    2.61%
  14109 10144    34312.8445   114    34379.0000    33483.7647   355598    2.60%
  14354 10339    33535.4546   148    34379.0000    33484.4915   364661    2.60%
  14696 10629    33614.6186   146    34379.0000    33485.0184   374919    2.60%
  15038 10918    33663.4433   143    34379.0000    33485.8855   384575    2.60%
  15271 11104    33602.2877   112    34379.0000    33486.3928   395818    2.60%
  15601 11386    33532.4795   128    34379.0000    33486.9165   405578    2.59%
  15995 11717    33734.1541   116    34379.0000    33487.4260   415537    2.59%
Elapsed time = 43.62 sec. (61330.10 ticks, tree = 51.99 MB, solutions = 11)
  16300 11977        cutoff          34379.0000    33487.8379   428965    2.59%
  16596 12218    33648.5179   122    34379.0000    33488.6332   440208    2.59%
  16937 12513    33549.9363   141    34379.0000    33489.4282   451360    2.59%
  17200 12738    33552.9806   171    34379.0000    33489.8209   461219    2.59%
  17441 12950    33699.9458   152    34379.0000    33490.1497   471055    2.59%
  17514 13009    33993.9107   122    34379.0000    33490.2034   475960    2.59%
  17685 13153    33507.7129   160    34379.0000    33490.8458   486510    2.58%
  17867 13312    33615.4097   151    34379.0000    33491.0325   495964    2.58%
  18105 13519    34271.6667   100    34379.0000    33491.2731   506869    2.58%
  18253 13635    33876.2715   157    34379.0000    33491.5666   516156    2.58%
Elapsed time = 50.12 sec. (71741.05 ticks, tree = 62.45 MB, solutions = 11)
  18401 13749    33526.7869   133    34379.0000    33491.8413   525618    2.58%
  18552 13864    33702.3369   161    34379.0000    33492.2376   534117    2.58%
  18683 13980    34110.0000    77    34379.0000    33492.5991   542851    2.58%
  18972 14241    33665.0072   152    34379.0000    33492.7610   552650    2.58%
  19168 14410    33504.5224   184    34379.0000    33492.9287   561943    2.58%
  19326 14545    34163.8975   142    34379.0000    33493.0341   572258    2.58%
  19577 14781    33766.0000    14    34379.0000    33493.0521   583460    2.58%
  19707 14881    33557.8777   212    34379.0000    33493.3250   592958    2.58%
  19807 14961    33612.9593   138    34379.0000    33493.4486   602698    2.58%
  19965 15092    33761.0000   111    34379.0000    33493.6822   609936    2.58%
Elapsed time = 56.04 sec. (81388.33 ticks, tree = 72.30 MB, solutions = 11)
  20143 15252    33628.9344   169    34379.0000    33493.9762   619450    2.57%
  20275 15352    33580.5008   187    34379.0000    33494.2762   627841    2.57%
  20441 15502    33819.5477   114    34379.0000    33494.3093   636760    2.57%
  20514 15556    33992.1678   137    34379.0000    33494.3493   641520    2.57%
  20781 15795    34010.5000   126    34379.0000    33494.5962   651019    2.57%
  20932 15927    33727.7541   158    34379.0000    33495.0111   660427    2.57%
  21046 16015    33753.3506   175    34379.0000    33495.1402   669845    2.57%
  21138 16083    33570.1627   161    34379.0000    33495.6329   679259    2.57%
  21249 16169    33565.0667   195    34379.0000    33496.0322   689133    2.57%

Performing restart 2

Repeating presolve.
Tried aggregator 1 time.
MIP Presolve modified 348 coefficients.
Reduced MIP has 172 rows, 2418 columns, and 4820 nonzeros.
Reduced MIP has 2418 binaries, 0 generals, 0 SOSs, and 0 indicators.
Presolve time = 0.01 sec. (5.64 ticks)
Tried aggregator 1 time.
MIP Presolve modified 348 coefficients.
Reduced MIP has 172 rows, 2418 columns, and 4820 nonzeros.
Reduced MIP has 2418 binaries, 0 generals, 0 SOSs, and 0 indicators.
Presolve time = 0.01 sec. (6.87 ticks)
Represolve time = 0.15 sec. (88.71 ticks)
  21294     0    33453.8728   228    34379.0000      Cuts: 59   693440    2.57%
  21294     0    33458.5240   196    34379.0000      Cuts: 77   693776    2.57%
  21294     0    33459.3103   189    34379.0000     Cuts: 103   693954    2.57%
  21294     0    33460.3896   214    34379.0000      Cuts: 74   694151    2.57%
* 21294+    0                        33828.0000    33496.0322             0.98%
  21294     0  -1.00000e+75     0    33828.0000    33496.0322   694151    0.98%
  21294     0    33463.6258   182    33828.0000      Cuts: 67   694466    0.98%
  21294     0    33464.6913   208    33828.0000      Cuts: 92   694754    0.98%
  21294     0    33467.3907   184    33828.0000      Cuts: 78   695046    0.98%
  21294     0    33467.6706   196    33828.0000     Cuts: 111   695231    0.98%
  21294     0    33467.7243   194    33828.0000      Cuts: 67   695383    0.98%
  21294     0    33467.9032   196    33828.0000      Cuts: 64   695743    0.98%
  21294     0    33467.9032   181    33828.0000      Cuts: 39   695851    0.98%
  21294     0    33467.9032   197    33828.0000      Cuts: 66   695978    0.98%
* 21294+    0                        33772.0000    33496.0322             0.82%
  21294     0  -1.00000e+75     0    33772.0000    33496.0322   695978    0.82%

Repeating presolve.
Tried aggregator 1 time.
MIP Presolve eliminated 0 rows and 69 columns.
MIP Presolve modified 300 coefficients.
Reduced MIP has 172 rows, 2349 columns, and 4682 nonzeros.
Reduced MIP has 2349 binaries, 0 generals, 0 SOSs, and 0 indicators.
Presolve time = 0.01 sec. (5.50 ticks)
Tried aggregator 1 time.
MIP Presolve modified 300 coefficients.
Reduced MIP has 172 rows, 2349 columns, and 4682 nonzeros.
Reduced MIP has 2349 binaries, 0 generals, 0 SOSs, and 0 indicators.
Presolve time = 0.01 sec. (6.63 ticks)
Represolve time = 0.17 sec. (108.68 ticks)
  21294     0    33467.9293   228    33772.0000     Cuts: 131   697872    0.82%
  21294     0    33469.0752   199    33772.0000      Cuts: 91   698177    0.82%
  21294     0    33469.7855   201    33772.0000     Cuts: 112   698473    0.82%
  21294     0    33469.8763   195    33772.0000      Cuts: 59   698676    0.82%
  21294     0    33470.0983   192    33772.0000      Cuts: 83   698893    0.82%
  21294     0    33470.4661   192    33772.0000      Cuts: 74   699164    0.82%
  21294     0    33471.0619   191    33772.0000      Cuts: 83   699425    0.82%
  21294     0    33471.0791   219    33772.0000      Cuts: 66   699636    0.82%
  21294     2    33471.0791   188    33772.0000    33496.0322   699636    0.82%
Elapsed time = 65.59 sec. (95392.34 ticks, tree = 0.01 MB, solutions = 13)
  21308    16    33603.8532   144    33772.0000    33496.0322   701342    0.82%
* 21408    19      integral     0    33770.0000    33496.0322   703332    0.81%
  21415    26    33589.4708   171    33770.0000    33496.0322   703984    0.81%
  21444    50    33591.6703   129    33770.0000    33496.0322   705238    0.81%
  21511    94    33737.8837   114    33770.0000    33496.0322   706777    0.81%
  21566   120    33485.5862   174    33770.0000    33496.0322   707909    0.81%
  21619   151    33562.7174   153    33770.0000    33496.0322   709590    0.81%
  21703   199    34125.1741   141    33770.0000    33496.0322   711617    0.81%
  21782   249    33505.2027   147    33770.0000    33498.3401   714197    0.80%
  21908   338    33686.2805   106    33770.0000    33502.7051   717788    0.79%
  22035   417    33549.3692   183    33770.0000    33512.1431   722556    0.76%
Elapsed time = 70.79 sec. (105158.75 ticks, tree = 1.54 MB, solutions = 14)
  22145   486    33719.3904   118    33770.0000    33514.5112   727479    0.76%
  22250   544    33786.5035   128    33770.0000    33516.9489   732698    0.75%
  22294   563    33712.3753   174    33770.0000    33518.5613   735371    0.74%
  22401   609    33623.3228   150    33770.0000    33526.0175   740823    0.72%
  22494   661    33752.6923   164    33770.0000    33530.1943   746207    0.71%
  22624   748    33613.9224   143    33770.0000    33535.4149   752017    0.69%
  22692   776    33584.1804   178    33770.0000    33540.3956   757374    0.68%
  22790   833    33580.6502   175    33770.0000    33543.9569   764151    0.67%
  22915   898    33651.0867   176    33770.0000    33547.0731   771602    0.66%
  23334  1102    33628.1966   158    33770.0000    33556.8516   800866    0.63%
Elapsed time = 78.96 sec. (118304.34 ticks, tree = 4.98 MB, solutions = 14)
* 23694+ 1059                        33747.0000    33568.1247             0.53%
  23816  1135    33575.7307   159    33747.0000    33570.2164   830938    0.52%
* 23940   940      integral     0    33713.0000    33570.7527   837799    0.42%
  24479  1225    33601.2222   164    33713.0000    33577.8998   862684    0.40%
  25028  1474    33597.3130   179    33713.0000    33584.7572   892345    0.38%
  25398  1532    33621.9957   154    33713.0000    33592.7956   919749    0.36%
  25721  1590    33624.4167   163    33713.0000    33598.3591   945305    0.34%
  25977  1624    33603.9006   121    33713.0000    33602.7834   968880    0.33%
  26634  2008    33641.3811   119    33713.0000    33605.0000   996706    0.32%
* 27438     0      integral     0    33605.0000    33605.0000  1043672    0.00%

Clique cuts applied:  72
Cover cuts applied:  570
Implied bound cuts applied:  4
Flow cuts applied:  9
Mixed integer rounding cuts applied:  126
Zero-half cuts applied:  48
Lift and project cuts applied:  1
Gomory fractional cuts applied:  13

Root node processing (before b&c):
  Real time             =    1.54 sec. (1963.05 ticks)
Sequential b&c:
  Real time             =   97.30 sec. (146836.26 ticks)
                          ------------
Total (root+branch&cut) =   98.84 sec. (148799.31 ticks)
MIP: [1;32mCPLEX finished.[0m
MIP: [1;32mCPLEX status: Optimal[0m
MIP: [1;32mSolution: 
[11, 26, 5, 10, 26, 15, 10, 8, 10, 26, 17, 26, 2, 20, 14, 18, 11, 14, 1, 12, 20, 11, 18, 2, 16, 24, 10, 23, 25, 27, 17, 25, 19, 2, 13, 27, 11, 5, 23, 20, 22, 19, 25, 21, 21, 5, 13, 6, 9, 3, 16, 24, 24, 12, 19, 18, 18, 21, 9, 3][-1, 10, 7, 10, -1, 9, 15, -1, 7, 6, 2, 12, 19, 18, 17, 11, 14, 14, 17, 15, 9, 2, 18, 19, 13, 0, 6, 11][14, -1, 8, -1, -1, -1, 15, 4, -1, 14, 5, 15, 12, 5, 9, 4, -1, 12, 9, 3][0m
MIP: [1;32mObjective value: 33605[0m
MIP: [1;32mLower Bound: 33605[0m
MIP: [1;32mBranch-and-Bound nodes: 27439[0m

# best solution:
best objective value:	33605
best dual bound value:	33605
optimality gap:	0%
CPU time:	98.5337
