ifile	/scratch/csagturk/mlbp_inst/n0060_m04__047.inst
prob	MLBP
threads	1
ttime	900
instance: /scratch/csagturk/mlbp_inst/n0060_m04__047.inst
	m=4, n=[60, 31, 25, 20, 13]
MIP: [1;32minit CPLEX[0m
CAN: [1;35mcreated 3395 x_{ijk} variables[0m
CAN: [1;35mcreated 149 y_{ij} variables[0m
MIP: [1;32mcreated decision variables[0m
CAN: [1;35madded 60 constraints to enforce the packing of each item[0m
CAN: [1;35madded 76 constraints to enforce the packing of each item[0m
CAN: [1;35madded 89 capacity constraints[0m
MIP: [1;32mcreated constraints[0m
MIP: [1;32mcreated objective function[0m
MIP: [1;32mcalling CPLEX solve ...[0m
Version identifier: 22.1.0.0 | 2022-03-09 | 1a383f8ce
CPXPARAM_Threads                                 1
CPXPARAM_TimeLimit                               900
Tried aggregator 2 times.
MIP Presolve eliminated 0 rows and 522 columns.
MIP Presolve modified 296 coefficients.
Aggregator did 228 substitutions.
Reduced MIP has 681 rows, 3494 columns, and 6975 nonzeros.
Reduced MIP has 3266 binaries, 0 generals, 0 SOSs, and 140 indicators.
Presolve time = 0.01 sec. (11.56 ticks)
Probing fixed 0 vars, tightened 89 bounds.
Probing changed sense of 76 constraints.
Probing time = 0.02 sec. (16.24 ticks)
Tried aggregator 1 time.
MIP Presolve eliminated 456 rows and 532 columns.
Reduced MIP has 225 rows, 2962 columns, and 5911 nonzeros.
Reduced MIP has 2962 binaries, 0 generals, 0 SOSs, and 0 indicators.
Presolve time = 0.01 sec. (6.80 ticks)
Tried aggregator 1 time.
Detecting symmetries...
Reduced MIP has 225 rows, 2962 columns, and 5911 nonzeros.
Reduced MIP has 2962 binaries, 0 generals, 0 SOSs, and 0 indicators.
Presolve time = 0.01 sec. (5.82 ticks)
Probing time = 0.00 sec. (2.56 ticks)
Clique table members: 999.
MIP emphasis: balance optimality and feasibility.
MIP search method: dynamic search.
Parallel mode: none, using 1 thread.
Root relaxation solution time = 0.01 sec. (8.74 ticks)

        Nodes                                         Cuts/
   Node  Left     Objective  IInf  Best Integer    Best Bound    ItCnt     Gap

      0     0    44556.2263   100                  44556.2263      497         
      0     0    44631.8725   133                   Cuts: 151      805         
      0     0    44739.0083   131                   Cuts: 147     1164         
      0     0    44742.4435   126                   Cuts: 140     1481         
      0     0    44744.8355   188                   Cuts: 105     1903         
      0     0    44748.3784   191                   Cuts: 140     2307         
      0     0    44749.9189   197                   Cuts: 120     2708         
      0     0    44755.0817   192                    Cuts: 89     3007         
      0     0    44763.2812   183                   Cuts: 117     3440         
      0     0    44771.1684   220                   Cuts: 117     3863         
      0     0    44782.3897   228                   Cuts: 140     4551         
      0     0    44811.9080   239                   Cuts: 112     4964         
      0     0    44845.9589   229                   Cuts: 118     5290         
      0     0    44899.8814   253                   Cuts: 101     5562         
      0     0    44961.2869   239                    Cuts: 88     5895         
      0     0    45035.9401   237                   Cuts: 106     6199         
      0     0    45099.9471   260                    Cuts: 85     6556         
      0     0    45131.5548   280                   Cuts: 103     6904         
      0     0    45162.9762   262                   Cuts: 109     7223         
      0     0    45212.7438   240                   Cuts: 109     7658         
      0     0    45220.1724   288                   Cuts: 105     8061         
*     0+    0                        61241.0000    45220.1724            26.16%
*     0+    0                        53545.0000    45220.1724            15.55%
*     0+    0                        53443.0000    45220.1724            15.39%
*     0+    0                        52964.0000    45220.1724            14.62%
*     0+    0                        52911.0000    45220.1724            14.54%
*     0+    0                        52886.0000    45220.1724            14.50%
*     0+    0                        52643.0000    45220.1724            14.10%
*     0+    0                        52526.0000    45220.1724            13.91%
      0     0  -1.00000e+75     0    52526.0000    45220.1724     8061   13.91%
      0     2    45220.1724   243    52526.0000    45220.1848     8061   13.91%
Elapsed time = 1.16 sec. (1473.67 ticks, tree = 0.01 MB, solutions = 8)
     80    82    45476.3054   106    52526.0000    45237.7217     9774   13.88%
*   180+  179                        51758.0000    45237.7217            12.60%
*   210+  209                        51751.0000    45237.7217            12.59%
    233   234    46837.8464    40    51751.0000    45237.7217    12175   12.59%
*   427+  400                        50493.0000    45237.7217            10.41%
*   427+  400                        50293.0000    45237.7217            10.05%
    427   402    45252.4098   227    50293.0000    45248.1421    13347   10.03%
    511   486    45682.6525   115    50293.0000    45248.1421    15541   10.03%

Performing restart 1

Repeating presolve.
Tried aggregator 1 time.
MIP Presolve modified 549 coefficients.
Reduced MIP has 225 rows, 2962 columns, and 5911 nonzeros.
Reduced MIP has 2962 binaries, 0 generals, 0 SOSs, and 0 indicators.
Presolve time = 0.01 sec. (7.71 ticks)
Tried aggregator 1 time.
MIP Presolve modified 192 coefficients.
Reduced MIP has 225 rows, 2962 columns, and 5911 nonzeros.
Reduced MIP has 2962 binaries, 0 generals, 0 SOSs, and 0 indicators.
Presolve time = 0.01 sec. (8.04 ticks)
Represolve time = 0.08 sec. (55.99 ticks)
    537     0    45210.5609   248    50293.0000     Cuts: 137    18292   10.03%
    537     0    45238.6950   242    50293.0000     Cuts: 125    18577   10.03%
    537     0    45255.1123   247    50293.0000     Cuts: 138    19016   10.02%
*   537+    0                        48998.0000    45255.1123             7.64%
*   537+    0                        48857.0000    45255.1123             7.37%
    537     0  -1.00000e+75     0    48857.0000    45255.1123    19016    7.37%
    537     0    45262.4904   245    48857.0000     Cuts: 101    19321    7.36%
    537     0    45278.6981   267    48857.0000     Cuts: 103    19756    7.32%
    537     0    45284.2185   254    48857.0000      Cuts: 91    20249    7.31%
    537     0    45289.6671   245    48857.0000      Cuts: 98    20583    7.30%
    537     0    45296.3812   262    48857.0000      Cuts: 88    20882    7.29%
    537     0    45300.9641   262    48857.0000      Cuts: 78    21202    7.28%
    537     0    45304.1529   218    48857.0000      Cuts: 81    21620    7.27%
    537     0    45307.4960   253    48857.0000      Cuts: 63    21951    7.27%
    537     0    45308.6605   248    48857.0000      Cuts: 49    22292    7.26%
    537     0    45310.0742   254    48857.0000      Cuts: 65    22506    7.26%
    537     0    45311.2158   241    48857.0000      Cuts: 78    22793    7.26%
    537     0    45316.3203   232    48857.0000      Cuts: 42    23086    7.25%
    537     0    45322.6623   237    48857.0000      Cuts: 50    23501    7.23%
    537     0    45324.7982   233    48857.0000      Cuts: 82    23726    7.23%
    537     0    45326.7447   233    48857.0000      Cuts: 61    23987    7.23%
    537     0    45327.4031   243    48857.0000      Cuts: 60    24228    7.22%
*   537+    0                        47288.0000    45327.4031             4.15%
    537     0  -1.00000e+75     0    47288.0000    45327.4031    24228    4.15%
    537     2    45327.4031   203    47288.0000    45328.1715    24228    4.14%
    540     5    45590.3971   191    47288.0000    45343.7829    24353    4.11%
    545    10    45394.3860   182    47288.0000    45374.8868    24588    4.05%
    550    15    45646.5550   201    47288.0000    45374.8868    24996    4.05%
    557    21    45862.1465   148    47288.0000    45374.8868    25537    4.05%
    664    94    45790.3582   187    47288.0000    45376.8482    27804    4.04%
Elapsed time = 6.22 sec. (8476.43 ticks, tree = 0.48 MB, solutions = 15)
    846   260    45952.0502   160    47288.0000    45382.6797    33395    4.03%
   1073   467    45585.8456   195    47288.0000    45395.6656    39734    4.00%
   1310   686    46193.7428   154    47288.0000    45412.7006    46001    3.97%
   1551   897    45636.8870   205    47288.0000    45425.1387    53568    3.94%
   1744  1075    46130.3293   139    47288.0000    45431.0379    61335    3.93%
   1920  1228    47241.1385   185    47288.0000    45445.1303    68935    3.90%
   2067  1339    47012.1291   129    47288.0000    45481.4818    75744    3.82%
   2221  1476    45960.4708   187    47288.0000    45501.8613    82845    3.78%
   2395  1617    46751.4492   177    47288.0000    45524.9270    89779    3.73%
   2580  1776    45606.9455   208    47288.0000    45546.7710    97135    3.68%
Elapsed time = 12.08 sec. (18101.80 ticks, tree = 9.66 MB, solutions = 15)
   2737  1910    47147.2825   140    47288.0000    45565.6760   104423    3.64%
   2895  2040        cutoff          47288.0000    45573.7016   111916    3.63%
   3104  2226    46544.6620    92    47288.0000    45579.8194   118515    3.61%
   3254  2353    45662.8704   190    47288.0000    45586.6030   125126    3.60%
   3425  2500    46537.0334   182    47288.0000    45591.2385   132345    3.59%
   3532  2582    45878.7234   185    47288.0000    45593.6307   139451    3.58%
*  3537+ 2455                        47158.0000    45593.6307             3.32%
*  3537+ 2442                        47147.0000    45593.6307             3.29%
   3617  2512    45632.5831   217    47147.0000    45597.5925   142541    3.29%
   3757  2625    46611.7728   186    47147.0000    45603.5420   150014    3.27%
   3930  2756    46882.2100   150    47147.0000    45607.2099   156951    3.27%
   4080  2884    46147.0700   177    47147.0000    45610.1032   164250    3.26%
Elapsed time = 18.02 sec. (27767.36 ticks, tree = 16.44 MB, solutions = 17)
   4220  2996    45814.2967   211    47147.0000    45612.4148   171438    3.25%
   4335  3092    46808.2461   176    47147.0000    45617.0836   178620    3.24%
   4520  3232    45720.7665   194    47147.0000    45620.2897   186665    3.24%
   4581  3285    46896.7236   151    47147.0000    45623.5821   189313    3.23%
   4730  3395    45882.7743   203    47147.0000    45625.9714   196508    3.23%
   4858  3505    47113.7219   129    47147.0000    45628.5274   204224    3.22%
   4953  3575    45806.4600   203    47147.0000    45630.5549   211055    3.22%
   5073  3662    46075.6580   217    47147.0000    45633.6654   219393    3.21%
   5202  3761    46889.3752   178    47147.0000    45635.7191   227714    3.21%
   5338  3880    46120.8970   201    47147.0000    45638.2068   234031    3.20%
Elapsed time = 24.14 sec. (37582.41 ticks, tree = 23.20 MB, solutions = 17)
   5453  3964    45863.4062   195    47147.0000    45640.0390   242524    3.20%
   5537  4042    45979.7764   190    47147.0000    45640.4577   245045    3.20%
   5661  4152    46434.9698   180    47147.0000    45643.2001   251244    3.19%
   5812  4282    46486.5403   190    47147.0000    45645.0255   258698    3.19%
   5936  4377    45852.1743   214    47147.0000    45647.6917   264918    3.18%
   6099  4517    45898.0628   203    47147.0000    45648.2738   271610    3.18%
   6242  4643    45765.2994   195    47147.0000    45649.0706   278181    3.18%
   6352  4720        cutoff          47147.0000    45649.7354   285830    3.18%
   6516  4863    45751.8729   194    47147.0000    45651.8413   293027    3.17%
   6537  4884    45979.8313   167    47147.0000    45651.8413   293778    3.17%
Elapsed time = 31.01 sec. (48218.02 ticks, tree = 30.53 MB, solutions = 17)
   6659  4976    45736.6905   225    47147.0000    45652.9791   301021    3.17%
   6811  5106    45961.3245   195    47147.0000    45656.6829   307950    3.16%
   6935  5214    45939.6388   199    47147.0000    45657.3342   315327    3.16%
   7056  5319    46799.0953   202    47147.0000    45658.8859   321976    3.16%
   7182  5418    47121.4731   112    47147.0000    45660.5913   328661    3.15%
   7327  5543    46147.7435   169    47147.0000    45663.0074   335117    3.15%
   7469  5664    46448.9440   194    47147.0000    45665.0958   342262    3.14%
   7537  5730    46789.1099   148    47147.0000    45665.0958   343932    3.14%
   7633  5797        cutoff          47147.0000    45665.8692   350538    3.14%
   7744  5882    45699.5905   199    47147.0000    45667.1059   356978    3.14%
Elapsed time = 37.63 sec. (58589.19 ticks, tree = 38.21 MB, solutions = 17)
   7900  6022    46066.7867   189    47147.0000    45668.1624   363801    3.14%
   8013  6112    45689.1478   230    47147.0000    45669.7387   369389    3.13%
   8124  6212    46909.0306   174    47147.0000    45671.5494   376920    3.13%
   8245  6304        cutoff          47147.0000    45673.6919   383093    3.12%
   8342  6384    45711.5125   214    47147.0000    45674.2527   388605    3.12%
   8434  6454        cutoff          47147.0000    45674.8690   395946    3.12%
   8537  6541    46093.8341   109    47147.0000    45676.1124   402656    3.12%
   8704  6696    45978.3186   240    47147.0000    45676.5714   408425    3.12%
   8837  6804    45825.4478   224    47147.0000    45677.1161   414756    3.12%
   8924  6873    45820.7404   251    47147.0000    45678.3743   421874    3.11%
Elapsed time = 43.71 sec. (68363.41 ticks, tree = 46.52 MB, solutions = 17)
   9046  6978    46205.0825   215    47147.0000    45678.6096   428927    3.11%
   9147  7065    45983.2701   226    47147.0000    45680.3148   436188    3.11%
   9243  7143    46579.4886   176    47147.0000    45680.6527   443479    3.11%
   9355  7226    45721.1515   246    47147.0000    45681.3714   450367    3.11%
   9449  7307    45946.6486   206    47147.0000    45682.2249   456957    3.11%
   9537  7384    46372.2109   187    47147.0000    45683.0168   460360    3.11%
   9647  7479    46025.5419   202    47147.0000    45684.0670   466375    3.10%
   9711  7514    47010.9257   205    47147.0000    45685.0847   472313    3.10%
   9792  7583    46994.8776   170    47147.0000    45685.6872   478624    3.10%
   9978  7717    45930.8604   244    47147.0000    45685.6872   485923    3.10%
Elapsed time = 50.17 sec. (78576.44 ticks, tree = 54.07 MB, solutions = 17)
  10066  7786    46971.0141   205    47147.0000    45686.3034   492909    3.10%
  10121  7823    46375.5572   232    47147.0000    45687.0958   499604    3.10%
  10201  7884    46195.9685   211    47147.0000    45687.5878   504940    3.10%
  10304  7965    46865.2607   216    47147.0000    45689.2933   510568    3.09%
  10396  8038    46497.3954   150    47147.0000    45690.6651   516941    3.09%
  10537  8153    46903.2676   220    47147.0000    45691.7080   523066    3.09%
  10592  8175    45983.6245   232    47147.0000    45693.2589   528925    3.08%
  10649  8215    45762.0081   227    47147.0000    45694.0947   534098    3.08%
  10769  8302        cutoff          47147.0000    45694.6086   541154    3.08%
  10848  8373    46551.8923   116    47147.0000    45695.2008   547113    3.08%
Elapsed time = 56.76 sec. (88988.66 ticks, tree = 60.67 MB, solutions = 17)
  10916  8415    45773.0259   247    47147.0000    45696.4791   553835    3.08%
* 10957+ 8138                        47077.0000    45696.4791             2.93%
* 10957+ 7830                        47033.0000    45696.4791             2.84%
* 10957+ 7562                        46974.0000    45696.4791             2.72%
  10957  7564    46394.5907   163    46974.0000    45696.4791   556467    2.72%
  10958  7565    45706.3769   224    46974.0000    45696.6721   556809    2.72%
  10965  7570    46059.6244   213    46974.0000    45696.9513   559489    2.72%
  11046  7635    46109.3241   220    46974.0000    45697.8488   565149    2.72%
  11107  7668    45781.0546   280    46974.0000    45699.2064   572093    2.71%
  11178  7727    45758.7302   252    46974.0000    45699.7837   578300    2.71%
  11258  7780    45833.8443   258    46974.0000    45700.2366   584829    2.71%
  11319  7827    46162.4804   204    46974.0000    45700.2936   592100    2.71%
  11563  8006    45791.0054   215    46974.0000    45703.3929   610566    2.70%
Elapsed time = 81.80 sec. (119594.77 ticks, tree = 59.47 MB, solutions = 20)
  11891  8260    46125.9890   189    46974.0000    45706.1006   634838    2.70%
  12336  8614    46715.5669   219    46974.0000    45709.5543   661395    2.69%
  12537  8773    45813.1759   197    46974.0000    45711.5787   676643    2.69%
  12937  9070    46327.1608   251    46974.0000    45713.9781   704841    2.68%
  13335  9366    45800.9690   251    46974.0000    45717.5477   734158    2.67%
  13667  9604    45826.9412   183    46974.0000    45720.5927   761078    2.67%
  14018  9888    46884.9648   192    46974.0000    45722.4785   788644    2.66%
  14240 10045    46590.8715   206    46974.0000    45723.5523   812117    2.66%
* 14537+ 7752                        46616.0000    45725.2233             1.91%
  14537  7754    46133.2016   204    46616.0000    45725.2233   833731    1.91%
  14869  7976        cutoff          46616.0000    45729.0509   862056    1.90%
Elapsed time = 107.34 sec. (159096.34 ticks, tree = 65.53 MB, solutions = 21)
  15350  8350    45915.0997   240    46616.0000    45732.5624   891373    1.90%
  15561  8479    45851.1537   230    46616.0000    45735.4286   919189    1.89%
  15889  8700        cutoff          46616.0000    45738.3957   949315    1.88%
* 16114  6244      integral     0    46245.0000    45739.3738   964148    1.09%
* 16214+ 4568                        46104.0000    45743.4653             0.78%
  16410  4632    46076.0236   199    46104.0000    45750.8064   993419    0.77%
  16697  4755        cutoff          46104.0000    45757.0350  1024309    0.75%
  16989  4834    45778.6427   225    46104.0000    45764.0182  1057740    0.74%
  17487  5089    46090.0000    33    46104.0000    45773.5921  1090952    0.72%
  17865  5209    45846.7851   248    46104.0000    45783.7852  1126098    0.69%
  18253  5401    46000.9221   219    46104.0000    45789.4364  1159889    0.68%
Elapsed time = 131.41 sec. (195568.06 ticks, tree = 51.50 MB, solutions = 23)
  18713  5659        cutoff          46104.0000    45793.4283  1192715    0.67%
  19065  5794        cutoff          46104.0000    45799.0722  1227105    0.66%
  19431  5963    46085.1446   187    46104.0000    45803.8763  1259939    0.65%
  19816  6180    46000.2180   163    46104.0000    45807.8023  1289352    0.64%
  20242  6384    45972.7260   188    46104.0000    45813.1677  1320000    0.63%
* 20537+ 5022                        46038.0000    45815.6004             0.48%
  20668  5050    45970.8494   212    46038.0000    45817.8619  1346878    0.48%
  21172  5286        cutoff          46038.0000    45823.4147  1377942    0.47%
  21523  5414    46035.2433   153    46038.0000    45827.5779  1406783    0.46%
  21888  5518    45888.9970   186    46038.0000    45831.4876  1436715    0.45%
  22365  5718    45835.0000    75    46038.0000    45835.0000  1467193    0.44%
Elapsed time = 156.53 sec. (233842.39 ticks, tree = 59.89 MB, solutions = 24)
  23139  6126    infeasible          46038.0000    45835.0000  1499746    0.44%
* 24573     1      integral     0    45835.0000    45835.0000  1550922    0.00%

Clique cuts applied:  112
Cover cuts applied:  687
Implied bound cuts applied:  20
Flow cuts applied:  31
Mixed integer rounding cuts applied:  209
Zero-half cuts applied:  57
Gomory fractional cuts applied:  10

Root node processing (before b&c):
  Real time             =    1.15 sec. (1466.40 ticks)
Sequential b&c:
  Real time             =  160.88 sec. (240006.92 ticks)
                          ------------
Total (root+branch&cut) =  162.03 sec. (241473.32 ticks)
MIP: [1;32mCPLEX finished.[0m
MIP: [1;32mCPLEX status: Optimal[0m
MIP: [1;32mSolution: 
[12, 27, 30, 27, 15, 1, 23, 28, 2, 3, 30, 26, 29, 19, 25, 7, 8, 7, 22, 6, 13, 6, 10, 9, 1, 14, 1, 20, 6, 0, 29, 22, 4, 25, 20, 19, 15, 3, 29, 13, 18, 11, 26, 2, 11, 26, 29, 5, 18, 9, 24, 6, 23, 10, 9, 5, 4, 28, 11, 17][14, 24, 18, 7, 9, 18, 4, 22, 20, 23, 5, 8, 11, 2, 2, 7, -1, 5, 23, 9, 0, -1, 4, 0, 24, 21, 14, 11, 19, 20, 22][7, -1, 1, -1, 19, 17, -1, 10, 10, 4, -1, 10, -1, -1, 17, -1, -1, -1, 16, 7, 19, 7, 16, 9, 15][-1, 9, -1, -1, 9, -1, -1, 8, -1, 9, 8, -1, -1, -1, -1, 12, 12, 11, -1, 11][0m
MIP: [1;32mObjective value: 45835[0m
MIP: [1;32mLower Bound: 45835[0m
MIP: [1;32mBranch-and-Bound nodes: 24574[0m

# best solution:
best objective value:	45835
best dual bound value:	45835
optimality gap:	0%
CPU time:	161.512
