ifile	/scratch/csagturk/mlbp_inst/n0060_m04__001.inst
prob	MLBP
threads	1
ttime	900
instance: /scratch/csagturk/mlbp_inst/n0060_m04__001.inst
	m=4, n=[60, 37, 21, 16, 11]
MIP: [1;32minit CPLEX[0m
CAN: [1;35mcreated 3509 x_{ijk} variables[0m
CAN: [1;35mcreated 145 y_{ij} variables[0m
MIP: [1;32mcreated decision variables[0m
CAN: [1;35madded 60 constraints to enforce the packing of each item[0m
CAN: [1;35madded 74 constraints to enforce the packing of each item[0m
CAN: [1;35madded 85 capacity constraints[0m
MIP: [1;32mcreated constraints[0m
MIP: [1;32mcreated objective function[0m
MIP: [1;32mcalling CPLEX solve ...[0m
Version identifier: 22.1.0.0 | 2022-03-09 | 1a383f8ce
CPXPARAM_Threads                                 1
CPXPARAM_TimeLimit                               900
Tried aggregator 2 times.
MIP Presolve eliminated 0 rows and 497 columns.
MIP Presolve modified 253 coefficients.
Aggregator did 223 substitutions.
Reduced MIP has 662 rows, 3614 columns, and 7217 nonzeros.
Reduced MIP has 3392 binaries, 0 generals, 0 SOSs, and 142 indicators.
Presolve time = 0.03 sec. (11.67 ticks)
Probing fixed 0 vars, tightened 74 bounds.
Probing changed sense of 74 constraints.
Probing time = 0.02 sec. (17.08 ticks)
Tried aggregator 1 time.
MIP Presolve eliminated 444 rows and 518 columns.
Reduced MIP has 218 rows, 3096 columns, and 6181 nonzeros.
Reduced MIP has 3096 binaries, 0 generals, 0 SOSs, and 0 indicators.
Presolve time = 0.01 sec. (7.17 ticks)
Tried aggregator 1 time.
Detecting symmetries...
Reduced MIP has 218 rows, 3096 columns, and 6181 nonzeros.
Reduced MIP has 3096 binaries, 0 generals, 0 SOSs, and 0 indicators.
Presolve time = 0.01 sec. (6.24 ticks)
Probing time = 0.00 sec. (2.59 ticks)
Clique table members: 895.
MIP emphasis: balance optimality and feasibility.
MIP search method: dynamic search.
Parallel mode: none, using 1 thread.
Root relaxation solution time = 0.01 sec. (10.60 ticks)

        Nodes                                         Cuts/
   Node  Left     Objective  IInf  Best Integer    Best Bound    ItCnt     Gap

      0     0    40428.4456    94                  40428.4456      532         
      0     0    40464.8735   121                   Cuts: 115      773         
      0     0    40528.8515   159                   Cuts: 137     1125         
      0     0    40609.6168   160                   Cuts: 130     1567         
      0     0    40622.4996   171                   Cuts: 135     1946         
      0     0    40649.5209   191                   Cuts: 125     2313         
      0     0    40705.4897   171                   Cuts: 107     2717         
      0     0    40728.2571   199                   Cuts: 110     3049         
      0     0    40760.6552   194                   Cuts: 109     3374         
      0     0    40795.8497   166                   Cuts: 104     3654         
      0     0    40823.2197   200                   Cuts: 109     4030         
      0     0    40858.2626   177                   Cuts: 122     4406         
      0     0    40865.7670   229                   Cuts: 104     4685         
      0     0    40905.6116   175                   Cuts: 128     5045         
      0     0    40918.7219   182                   Cuts: 106     5475         
      0     0    40931.8569   193                   Cuts: 118     5858         
      0     0    40947.9504   197                   Cuts: 113     6319         
      0     0    40951.3958   197                   Cuts: 109     6712         
      0     0    40953.8977   187                    Cuts: 82     6999         
*     0+    0                        49852.0000    40953.8977            17.85%
*     0+    0                        48147.0000    40953.8977            14.94%
*     0+    0                        48092.0000    40953.8977            14.84%
*     0+    0                        48080.0000    40953.8977            14.82%
      0     0  -1.00000e+75     0    48080.0000    40953.8977     6999   14.82%
      0     2    40953.8977   145    48080.0000    40954.0256     6999   14.82%
Elapsed time = 0.95 sec. (1178.23 ticks, tree = 0.01 MB, solutions = 4)
    110   112    41919.7894    64    48080.0000    40963.2115     9521   14.80%
    321   306    43468.0266    37    48080.0000    40963.2115    11547   14.80%

Performing restart 1

Repeating presolve.
Tried aggregator 1 time.
MIP Presolve modified 669 coefficients.
Reduced MIP has 218 rows, 3096 columns, and 6181 nonzeros.
Reduced MIP has 3096 binaries, 0 generals, 0 SOSs, and 0 indicators.
Presolve time = 0.01 sec. (8.45 ticks)
Tried aggregator 1 time.
MIP Presolve modified 434 coefficients.
Reduced MIP has 218 rows, 3096 columns, and 6181 nonzeros.
Reduced MIP has 3096 binaries, 0 generals, 0 SOSs, and 0 indicators.
Presolve time = 0.01 sec. (9.11 ticks)
Represolve time = 0.08 sec. (54.36 ticks)
    483     0    40898.2728   203    48080.0000     Cuts: 147    15339   14.80%
    483     0    40945.3070   176    48080.0000     Cuts: 139    15626   14.80%
    483     0    40955.4200   212    48080.0000     Cuts: 135    16076   14.80%
    483     0    40962.8316   210    48080.0000     Cuts: 133    16544   14.80%
*   483+    0                        46432.0000    40965.1924            11.77%
    483     0  -1.00000e+75     0    46432.0000    40965.1924    16544   11.77%
    483     0    40974.2894   222    46432.0000      Cuts: 96    16872   11.75%
    483     0    40975.6000   204    46432.0000     Cuts: 102    17318   11.75%
    483     0    40978.9626   194    46432.0000     Cuts: 114    17646   11.74%
    483     0    40979.4133   199    46432.0000      Cuts: 88    17924   11.74%
    483     0    40983.2844   133    46432.0000     Cuts: 101    18183   11.73%
    483     0    40984.2409   173    46432.0000      Cuts: 97    18417   11.73%
    483     0    40984.5520   176    46432.0000      Cuts: 84    18620   11.73%
    483     0    40984.8937   142    46432.0000      Cuts: 49    18770   11.73%
    483     0    40987.2504   147    46432.0000      Cuts: 75    18958   11.73%
    483     0    40989.3064   171    46432.0000      Cuts: 76    19188   11.72%
    483     0    40989.3323   186    46432.0000      Cuts: 89    19441   11.72%
    483     0    40989.4046   191    46432.0000      Cuts: 50    19687   11.72%
    483     0    40989.4365   177    46432.0000      Cuts: 76    19958   11.72%
*   483+    0                        45978.0000    40989.4365            10.85%
*   483+    0                        45196.0000    40989.4365             9.31%
    483     0  -1.00000e+75     0    45196.0000    40989.4365    19958    9.31%
    483     2    40989.4365   141    45196.0000    40989.4403    19958    9.31%
    487     6    41018.9172   140    45196.0000    41016.0158    20076    9.25%
    494    13    41071.9446   151    45196.0000    41016.0158    20308    9.25%
    501    20    41143.6480   104    45196.0000    41016.0158    20859    9.25%
    524    43    41953.8953    80    45196.0000    41016.0158    21435    9.25%
    555    68    41152.4338   144    45196.0000    41033.9215    23472    9.21%
    581    94    41761.0340    98    45196.0000    41033.9215    24748    9.21%
    765   259    infeasible          45196.0000    41056.0908    30462    9.16%
Elapsed time = 6.28 sec. (7743.47 ticks, tree = 1.33 MB, solutions = 7)
    984   451    41989.5634    86    45196.0000    41088.0760    38904    9.09%
   1180   620    42417.5641   106    45196.0000    41106.0648    47610    9.05%
   1384   802    43330.2308    95    45196.0000    41116.8057    56097    9.03%
   1744  1125    45187.0000    44    45196.0000    41132.2606    63428    8.99%
   2059  1407    41470.1153   123    45196.0000    41152.8828    73602    8.95%
   2432  1756    41457.7562   138    45196.0000    41155.8957    83187    8.94%
   2782  2072    41257.6850   145    45196.0000    41170.2088    93393    8.91%
   3179  2438    44804.0000    53    45196.0000    41174.4251   105110    8.90%
   3483  2696    43380.2884    75    45196.0000    41178.4111   113135    8.89%
   3833  2972    41359.5828   135    45196.0000    41182.1017   123460    8.88%
Elapsed time = 14.32 sec. (18213.28 ticks, tree = 16.06 MB, solutions = 7)
   4063  3164        cutoff          45196.0000    41190.9197   136031    8.86%
   4357  3420    41452.5020   131    45196.0000    41194.7976   147613    8.85%
*  4683+ 3598                        45137.0000    41197.7968             8.73%
   4833  3730    41268.7361   155    45137.0000    41203.0296   157033    8.72%
   5183  4042    41402.0254   148    45137.0000    41209.9452   168119    8.70%
*  5483+ 4200                        45023.0000    41216.9148             8.45%
*  5483+ 3996                        44531.0000    41216.9148             7.44%
*  5483+ 3861                        44416.0000    41216.9148             7.20%
   5483  3863    42804.8681   103    44416.0000    41216.9148   179914    7.20%
   5745  4103    43351.2692    87    44416.0000    41223.0963   190393    7.19%
   6060  4368    41898.8540   123    44416.0000    41225.1839   200604    7.18%
   6358  4637    43622.8233    93    44416.0000    41233.4489   210696    7.17%
   6483  4739    42460.5825    90    44416.0000    41236.2818   214407    7.16%
   6853  5083    43989.0000    65    44416.0000    41237.6613   224076    7.16%
Elapsed time = 21.96 sec. (28061.50 ticks, tree = 28.61 MB, solutions = 11)
   7061  5244    41511.1989   130    44416.0000    41244.6467   233745    7.14%
   7229  5389    41446.2515   114    44416.0000    41250.6369   243576    7.13%
   7479  5604    infeasible          44416.0000    41254.3199   253401    7.12%
*  7483+ 5183                        44028.0000    41254.3199             6.30%
   7521  5219    41648.0360   154    44028.0000    41254.5159   254746    6.30%
   7703  5375    41309.3361   179    44028.0000    41257.4753   264071    6.29%
   7893  5546    42441.1861   148    44028.0000    41258.0013   274132    6.29%
   8199  5822    41894.2476   125    44028.0000    41260.2100   282927    6.29%
   8483  6095    42991.0000    53    44028.0000    41260.6901   290728    6.29%
   8855  6424        cutoff          44028.0000    41262.4329   300795    6.28%
   9263  6790    41362.7400   124    44028.0000    41263.9348   309627    6.28%
Elapsed time = 30.30 sec. (39049.12 ticks, tree = 40.07 MB, solutions = 12)
   9576  7060    infeasible          44028.0000    41264.9280   320097    6.28%
   9752  7215    41906.4391   136    44028.0000    41267.3374   329728    6.27%
   9898  7341    42183.3162   142    44028.0000    41269.5556   338810    6.27%
  10127  7536    41413.0719   170    44028.0000    41269.9754   348069    6.26%
* 10143+ 7435                        43995.0000    41269.9754             6.19%
* 10143+ 7357                        43975.0000    41269.9754             6.15%
* 10143+ 6910                        43731.0000    41269.9754             5.63%
* 10143+ 5436                        43209.0000    41269.9754             4.49%
  10143  5438    41820.4520   120    43209.0000    41269.9754   348832    4.49%
  10144  5439    41370.0885   141    43209.0000    41270.1892   349190    4.49%
* 10145+ 5269                        43065.0000    41270.1892             4.17%
* 10145+ 5240                        43032.0000    41270.1892             4.09%
  10236  5323    41864.3224   148    43032.0000    41272.7814   355597    4.09%
  10346  5406        cutoff          43032.0000    41273.9164   365283    4.09%
  10563  5604    41825.0000    71    43032.0000    41274.7276   374428    4.08%
  10788  5804    42058.0000    55    43032.0000    41277.3005   383321    4.08%
Elapsed time = 55.64 sec. (67621.24 ticks, tree = 34.92 MB, solutions = 18)
  10892  5884    41289.6390   185    43032.0000    41279.1480   391854    4.07%
  11011  5988    42612.4692   153    43032.0000    41281.5255   402322    4.07%
  11176  6131    41316.7826   190    43032.0000    41282.8563   412816    4.06%
* 11283+ 5990                        42874.0000    41283.6382             3.71%
  11313  6018    42105.9129   135    42874.0000    41283.6416   422152    3.71%
  11414  6100    41379.1942   181    42874.0000    41285.9500   431596    3.70%
* 11483+ 5451                        42405.0000    41286.1142             2.64%
* 11483+ 5380                        42350.0000    41286.1142             2.51%
  11483  5382    41679.5551   174    42350.0000    41286.1142   436615    2.51%
  11582  5464    41370.9962   166    42350.0000    41289.6390   445504    2.50%
  11692  5560    41793.1677   151    42350.0000    41290.6008   453954    2.50%
  11773  5629    41517.4123   154    42350.0000    41291.6390   462302    2.50%
  11861  5702    41814.8258   171    42350.0000    41293.5340   472555    2.49%
Elapsed time = 63.55 sec. (77584.46 ticks, tree = 35.51 MB, solutions = 21)
  11932  5755    42253.3611   120    42350.0000    41294.7537   482125    2.49%
  12030  5826    41674.2944   192    42350.0000    41297.1048   490775    2.49%
  12111  5889    42207.6535   137    42350.0000    41298.4096   500281    2.48%
  12188  5948    41527.8833   145    42350.0000    41300.1383   508399    2.48%
  12281  6026        cutoff          42350.0000    41302.6067   516478    2.47%
  12360  6088    41356.4593   176    42350.0000    41305.0904   524529    2.47%
  12417  6139    42244.9535   108    42350.0000    41305.6930   533985    2.47%
  12549  6252    41952.5833   113    42350.0000    41306.4966   542030    2.46%
  12646  6329    41971.5457   148    42350.0000    41308.2189   551513    2.46%
  12820  6487    41918.7286   169    42350.0000    41309.7864   559485    2.46%
Elapsed time = 71.39 sec. (87386.04 ticks, tree = 41.99 MB, solutions = 21)
  12896  6550    41661.1912   187    42350.0000    41310.6844   567997    2.45%
  12996  6633    41623.2728   166    42350.0000    41311.5211   577313    2.45%
  13071  6695    41431.5187   168    42350.0000    41313.1201   586226    2.45%
  13164  6775    41549.5419   172    42350.0000    41313.9689   595445    2.45%
  13210  6804        cutoff          42350.0000    41315.4095   603372    2.44%
  13263  6836    41522.4612   178    42350.0000    41317.8971   611293    2.44%
  13355  6911    41417.8280   180    42350.0000    41319.9925   619946    2.43%
  13435  6976    41456.8667   144    42350.0000    41322.0451   627629    2.43%
  13540  7072    41471.3230   192    42350.0000    41322.4465   632969    2.43%
  13588  7112    41518.3784   168    42350.0000    41322.7816   639964    2.43%
Elapsed time = 78.98 sec. (97559.07 ticks, tree = 47.62 MB, solutions = 21)
  13627  7141    41508.5212   180    42350.0000    41323.9128   646976    2.42%
  13719  7219    41466.5571   186    42350.0000    41325.3294   653311    2.42%
  13764  7258        cutoff          42350.0000    41325.3465   660031    2.42%
  13825  7308        cutoff          42350.0000    41325.6996   667111    2.42%
  13846  7319    41430.8439   217    42350.0000    41325.9571   673204    2.42%
  13885  7350    41624.3313   151    42350.0000    41326.9456   679092    2.42%
  13925  7383    41724.1441   180    42350.0000    41327.1804   686203    2.42%
  14018  7470    41810.5102   152    42350.0000    41328.5900   693422    2.41%
  14074  7515    41436.8926   183    42350.0000    41328.9869   700384    2.41%
  14114  7549    41720.1376   148    42350.0000    41329.0142   706297    2.41%
Elapsed time = 84.90 sec. (107787.43 ticks, tree = 51.86 MB, solutions = 21)
  14170  7601    42174.7327   150    42350.0000    41329.3450   713963    2.41%
  14229  7647    41403.3564   193    42350.0000    41331.5701   720678    2.40%
  14258  7670    41680.0600   199    42350.0000    41332.0540   728795    2.40%
  14305  7711    41526.0626   168    42350.0000    41332.7186   735856    2.40%
  14356  7758    41760.3919   144    42350.0000    41333.0837   742275    2.40%
  14385  7779    41638.9271   144    42350.0000    41333.3897   748381    2.40%
  14435  7819    41608.8798   203    42350.0000    41334.0040   755736    2.40%
  14474  7850    41828.8052   130    42350.0000    41334.8780   762279    2.40%
  14517  7883    42344.0660   169    42350.0000    41335.2519   767307    2.40%
  14708  8039    41548.1570   170    42350.0000    41339.0735   795635    2.39%
Elapsed time = 92.83 sec. (121236.16 ticks, tree = 57.05 MB, solutions = 21)
  14848  8141    41554.8226   215    42350.0000    41341.6263   822305    2.38%
  14981  8245    41673.0129   221    42350.0000    41343.7238   848713    2.38%
  15193  8425    41438.5435   198    42350.0000    41347.2703   874402    2.37%
  15345  8554    41566.4072   199    42350.0000    41348.4151   900823    2.37%
  15553  8735    41425.5920   159    42350.0000    41349.2199   925315    2.36%
  15717  8864    41442.3861   203    42350.0000    41350.3310   949494    2.36%
  15888  8997    41993.6000   135    42350.0000    41351.4792   975165    2.36%
  16069  9149    41742.5925   192    42350.0000    41354.1288  1000080    2.35%
  16225  9286    41967.7632   153    42350.0000    41355.9586  1027001    2.35%
  16417  9445    42094.5286   137    42350.0000    41357.0769  1054515    2.34%
Elapsed time = 115.80 sec. (160001.83 ticks, tree = 73.35 MB, solutions = 21)
  16523  9517    42345.8986   158    42350.0000    41357.8422  1082363    2.34%
  16653  9618    41737.4525   161    42350.0000    41358.8606  1110301    2.34%
  16883  9808    41781.8575   184    42350.0000    41360.4991  1138317    2.34%
  17082  9982    41658.7318   181    42350.0000    41361.0933  1167273    2.34%
  17229 10076    41556.0184   150    42350.0000    41362.2233  1195288    2.33%
  17386 10196    41900.0984   141    42350.0000    41364.1862  1224214    2.33%
  17536 10311    41446.2509   199    42350.0000    41364.8952  1253543    2.33%
  17724 10464    42225.3970   212    42350.0000    41366.1474  1280650    2.32%
  17969 10649    41808.1737   189    42350.0000    41368.3940  1310070    2.32%
  18176 10815    41883.8621   189    42350.0000    41369.6634  1342564    2.31%
Elapsed time = 138.79 sec. (198620.41 ticks, tree = 89.48 MB, solutions = 21)
  18373 10949    41745.4833   165    42350.0000    41371.0347  1372795    2.31%
  18606 11151    41699.8617   191    42350.0000    41372.8426  1404171    2.31%
  18753 11264    41763.3205   150    42350.0000    41374.0528  1437372    2.30%
  19003 11468    41734.7318   183    42350.0000    41375.6352  1470118    2.30%
  19161 11596    41889.2967   156    42350.0000    41376.3685  1502179    2.30%
  19381 11775        cutoff          42350.0000    41377.5198  1535321    2.30%
  19483 11857    41793.1179   198    42350.0000    41378.7221  1556010    2.29%
  19647 11988    41608.2351   168    42350.0000    41380.2589  1583321    2.29%
  19866 12172    41733.0000    99    42350.0000    41381.1563  1610887    2.29%
  20032 12296    42264.6087   144    42350.0000    41383.3251  1640480    2.28%
Elapsed time = 162.52 sec. (237951.29 ticks, tree = 106.78 MB, solutions = 21)
  20248 12472    42140.3525   232    42350.0000    41384.8646  1669492    2.28%
  20398 12596    41789.0000    64    42350.0000    41385.8309  1697821    2.28%
  20558 12728    41682.0599   180    42350.0000    41386.4295  1723173    2.28%
  20695 12820    41425.3538   241    42350.0000    41387.3200  1751439    2.27%
  20849 12949    41730.4647   201    42350.0000    41387.9824  1779099    2.27%
  21021 13086    41603.8563   180    42350.0000    41388.8207  1807480    2.27%
  21143 13173    41609.5648   123    42350.0000    41389.5448  1835204    2.27%
  21303 13298    41823.0208   116    42350.0000    41390.1644  1863344    2.27%
* 21483+12972                        42241.0000    41390.6040             2.01%
  21483 12974    42017.0000   125    42241.0000    41390.6040  1890626    2.01%
  21608 13070    41676.4379   180    42241.0000    41391.6979  1920002    2.01%
Elapsed time = 186.30 sec. (277105.04 ticks, tree = 117.49 MB, solutions = 22)
  21818 13243    42019.2727   124    42241.0000    41392.8321  1948585    2.01%
  22029 13404    41925.5317   173    42241.0000    41395.0524  1976649    2.00%
  22129 13477    41765.6611   197    42241.0000    41396.2174  2004028    2.00%
  22335 13639    42229.6667   219    42241.0000    41397.5784  2034537    2.00%
  22477 13735    41878.2772   168    42241.0000    41400.1423  2064530    1.99%
  22583 13805    41648.5741   139    42241.0000    41400.7899  2092406    1.99%
  22777 13960    41473.7702   150    42241.0000    41402.1847  2124165    1.99%
  22927 14065    42215.3019   159    42241.0000    41403.4205  2155661    1.98%
  23114 14189    41563.6536   249    42241.0000    41404.3743  2187162    1.98%
  23271 14294        cutoff          42241.0000    41405.7388  2219163    1.98%
Elapsed time = 209.45 sec. (315608.26 ticks, tree = 131.89 MB, solutions = 22)
  23473 14446    41616.5930   262    42241.0000    41406.8659  2252320    1.97%
  23511 14474    41492.9000   219    42241.0000    41407.1301  2266367    1.97%
  23716 14637    41993.8765   129    42241.0000    41408.2948  2300334    1.97%
  23950 14836    41647.3270   202    42241.0000    41408.5379  2333201    1.97%
  24091 14935    41716.3542   128    42241.0000    41409.8018  2365439    1.97%
  24316 15113    41657.6364   121    42241.0000    41412.3697  2399072    1.96%
  24483 15232    41703.5104   177    42241.0000    41414.0401  2429249    1.96%
  24668 15364    41546.0709   217    42241.0000    41415.8298  2463807    1.95%
  24875 15535    41811.5744   170    42241.0000    41416.6895  2496348    1.95%
  25060 15674    41935.4044   125    42241.0000    41417.9625  2530319    1.95%
Elapsed time = 233.50 sec. (354865.59 ticks, tree = 148.05 MB, solutions = 22)
  25323 15888        cutoff          42241.0000    41418.6509  2564228    1.95%
  25474 16010    41894.4000   173    42241.0000    41419.4229  2597402    1.94%
  25659 16162    42173.9286   167    42241.0000    41420.1969  2627013    1.94%
  25802 16267    41830.9748   122    42241.0000    41421.6084  2653750    1.94%
  25948 16389    42151.4502   232    42241.0000    41421.8409  2682882    1.94%
  26105 16508    41749.1455   206    42241.0000    41422.9543  2713575    1.94%
  26292 16668    41986.8525   171    42241.0000    41423.1684  2743907    1.94%
  26504 16842    41902.2145   224    42241.0000    41424.0898  2774382    1.93%
  26642 16939    42137.8062   222    42241.0000    41424.6623  2803348    1.93%
  26840 17095    41957.9097   116    42241.0000    41425.5646  2832744    1.93%
Elapsed time = 256.46 sec. (393477.56 ticks, tree = 165.32 MB, solutions = 22)
  26982 17182        cutoff          42241.0000    41426.6656  2862249    1.93%
  27180 17334    41704.0000   107    42241.0000    41427.2639  2892645    1.93%
  27421 17534        cutoff          42241.0000    41428.2703  2921115    1.92%
  27528 17602    41629.7373   185    42241.0000    41429.5998  2949738    1.92%
  27701 17731    41885.0691   160    42241.0000    41430.1607  2980348    1.92%
  27914 17907    41799.5850   164    42241.0000    41430.9347  3011450    1.92%
  28083 18046    42101.3180   194    42241.0000    41431.5320  3037992    1.92%
  28205 18134    41456.3218   192    42241.0000    41432.0729  3066415    1.92%
  28398 18271    41693.7215   237    42241.0000    41433.0649  3097043    1.91%
  28483 18327    41660.8297   230    42241.0000    41433.6814  3117019    1.91%
Elapsed time = 279.68 sec. (431956.67 ticks, tree = 179.72 MB, solutions = 22)
  28653 18458    41877.8000   152    42241.0000    41434.3375  3147551    1.91%
  28839 18582    41578.1656   194    42241.0000    41434.9724  3177670    1.91%
  29004 18691    41689.7659   243    42241.0000    41435.6230  3207033    1.91%
  29225 18855    42036.0909   110    42241.0000    41436.5064  3236442    1.90%
  29420 19005    42193.5750   167    42241.0000    41436.9845  3267669    1.90%
  29631 19185    41607.9078   196    42241.0000    41437.3952  3298780    1.90%
  29932 19453    41785.2875   140    42241.0000    41437.8437  3328513    1.90%
  30263 19720    41660.2756   171    42241.0000    41438.5778  3361632    1.90%
  30483 19888    41660.4363   152    42241.0000    41439.2798  3392258    1.90%
  30750 20117    41974.4463   194    42241.0000    41439.6823  3427191    1.90%
Elapsed time = 303.94 sec. (471792.10 ticks, tree = 200.58 MB, solutions = 22)
  30928 20247    41672.2649   186    42241.0000    41440.3254  3459174    1.90%
  31204 20470    41842.0000   107    42241.0000    41440.7425  3491878    1.89%
  31364 20599        cutoff          42241.0000    41441.2852  3524370    1.89%
  31483 20688    41851.8958   138    42241.0000    41441.8790  3550845    1.89%
  31668 20824    41569.0000   108    42241.0000    41442.4354  3584261    1.89%
  31998 21109    41553.1357   210    42241.0000    41442.8862  3617508    1.89%
  32337 21412    41534.5159   224    42241.0000    41443.4786  3651494    1.89%
  32619 21637        cutoff          42241.0000    41444.0356  3684318    1.89%
  32847 21836    41993.6187   191    42241.0000    41444.2500  3717570    1.89%
  33148 22099    41927.5207   220    42241.0000    41444.7188  3751335    1.89%
Elapsed time = 327.34 sec. (510421.07 ticks, tree = 223.65 MB, solutions = 22)
  33499 22389    41534.7601   166    42241.0000    41445.3637  3782039    1.88%
  33747 22597    41735.2727   102    42241.0000    41445.5425  3816235    1.88%
  33953 22756        cutoff          42241.0000    41446.4280  3850208    1.88%
  34178 22937    41807.5625   125    42241.0000    41446.6667  3881361    1.88%
  34477 23188    41757.7500   125    42241.0000    41447.1178  3915532    1.88%
  34578 23260    41606.9840   179    42241.0000    41447.2888  3938486    1.88%
  34768 23407    41560.3836   190    42241.0000    41447.5636  3970198    1.88%
  34934 23537    41541.7847   207    42241.0000    41447.9807  4001098    1.88%
  35271 23838    41925.4475   172    42241.0000    41448.6891  4033432    1.88%
  35381 23907        cutoff          42241.0000    41449.2373  4062179    1.87%
Elapsed time = 350.71 sec. (549009.35 ticks, tree = 244.73 MB, solutions = 22)
  35530 24040    41947.1094   152    42241.0000    41449.6686  4074502    1.87%
  35699 24162    41520.8854   258    42241.0000    41450.4270  4104264    1.87%
  35902 24331        cutoff          42241.0000    41450.8408  4134812    1.87%
  36101 24487    41731.4899   235    42241.0000    41451.3997  4166270    1.87%
  36278 24613    41810.7058   189    42241.0000    41452.1163  4197663    1.87%
  36448 24739    41927.9577   178    42241.0000    41452.6086  4228509    1.87%
  36663 24915    41812.0578   204    42241.0000    41453.4024  4253743    1.86%
  36784 24999    41514.1222   147    42241.0000    41453.5521  4283651    1.86%
  37059 25227    41993.0162   198    42241.0000    41454.1498  4313997    1.86%
  37321 25434    41927.3122   156    42241.0000    41454.7704  4345293    1.86%
Elapsed time = 373.98 sec. (587790.08 ticks, tree = 262.54 MB, solutions = 22)
  37483 25560    41931.4256   176    42241.0000    41455.2828  4376311    1.86%
  37753 25776        cutoff          42241.0000    41455.9312  4406872    1.86%
  38052 26038    41662.4739   175    42241.0000    41456.6272  4436961    1.86%
  38302 26248    41749.7265   200    42241.0000    41457.0999  4467077    1.86%
  38467 26378    41733.6062   116    42241.0000    41457.6993  4498261    1.85%
  38719 26582    41821.4999   157    42241.0000    41458.2531  4528498    1.85%
  38948 26758    41814.8889   135    42241.0000    41458.9065  4559598    1.85%
  39180 26947    42068.8000   155    42241.0000    41459.3812  4592300    1.85%
  39297 27011        cutoff          42241.0000    41459.8173  4624614    1.85%
  39443 27107    41549.0000   139    42241.0000    41460.1959  4657654    1.85%
Elapsed time = 396.82 sec. (626447.72 ticks, tree = 282.05 MB, solutions = 22)
  39700 27330    41617.7503   203    42241.0000    41460.4423  4684168    1.85%
  40032 27615    41968.6667    92    42241.0000    41460.9999  4717277    1.85%
  40303 27828    41884.2361   251    42241.0000    41461.3847  4750347    1.85%
  40711 28182    41683.6637   185    42241.0000    41461.7669  4785569    1.84%
  41001 28444    41704.3875   189    42241.0000    41462.0109  4818289    1.84%
  41150 28559        cutoff          42241.0000    41462.3025  4855621    1.84%
  41362 28742    41858.8765   144    42241.0000    41462.7000  4890221    1.84%
  41568 28889    41990.8879   188    42241.0000    41462.9776  4922039    1.84%
  41916 29179    42124.7805   209    42241.0000    41463.4487  4957787    1.84%
  42101 29315    41759.8000   181    42241.0000    41463.9880  4990643    1.84%
Elapsed time = 420.04 sec. (665114.41 ticks, tree = 307.75 MB, solutions = 22)
  42319 29486    41888.7982   153    42241.0000    41464.7832  5024536    1.84%
  42530 29656    41832.5417   131    42241.0000    41465.1690  5058270    1.84%
  42741 29815    41811.4512   166    42241.0000    41465.8138  5092282    1.84%
  42885 29915    41711.7490   185    42241.0000    41466.3694  5126248    1.83%
  43036 30026    42043.4655   158    42241.0000    41466.6430  5160059    1.83%
  43336 30269    41543.8338   241    42241.0000    41466.9189  5194661    1.83%
  43571 30461    41868.8150   147    42241.0000    41467.1073  5225003    1.83%
  43786 30625    41902.0000    87    42241.0000    41467.6841  5258989    1.83%
  44065 30845    41907.0135   221    42241.0000    41468.0552  5294355    1.83%
  44361 31083    41568.6161   121    42241.0000    41468.5524  5328561    1.83%
Elapsed time = 442.87 sec. (703497.00 ticks, tree = 328.31 MB, solutions = 22)
  44483 31148    41752.1708   175    42241.0000    41469.1298  5360502    1.83%
  44773 31393    41569.2581   186    42241.0000    41469.5727  5394707    1.83%
  45050 31627    41797.0045   200    42241.0000    41469.8801  5428814    1.83%
  45200 31732    41708.8765   150    42241.0000    41470.1814  5460266    1.82%
  45407 31911    41902.0000   125    42241.0000    41470.5905  5492717    1.82%
  45603 32067        cutoff          42241.0000    41470.7240  5519298    1.82%
  45893 32315    41901.9357   157    42241.0000    41471.3875  5550896    1.82%
  46075 32450    41728.6708   132    42241.0000    41471.6499  5580410    1.82%
  46246 32567    41897.5074   175    42241.0000    41472.2780  5611708    1.82%
  46409 32683    41579.2884   163    42241.0000    41472.8169  5642149    1.82%
Elapsed time = 466.07 sec. (742320.42 ticks, tree = 346.92 MB, solutions = 22)
  46509 32753    41869.2063   115    42241.0000    41472.9823  5663120    1.82%
  46753 32945    42162.8023   210    42241.0000    41473.3493  5695316    1.82%
  46895 33034    42172.0500    91    42241.0000    41473.6284  5725852    1.82%
  47057 33149    41526.7310   205    42241.0000    41474.1410  5757289    1.82%
  47338 33386        cutoff          42241.0000    41474.3336  5788054    1.81%
  47538 33532    41622.2126   210    42241.0000    41474.7783  5816232    1.81%
  47711 33651    41594.4521   154    42241.0000    41475.2887  5846384    1.81%
  47817 33725    41807.7520   159    42241.0000    41475.4360  5876208    1.81%
  48032 33886    41981.5625   136    42241.0000    41476.2246  5908002    1.81%
  48257 34061        cutoff          42241.0000    41476.7385  5939597    1.81%
Elapsed time = 489.20 sec. (780931.68 ticks, tree = 364.32 MB, solutions = 22)
  48410 34174    41596.5727   170    42241.0000    41477.1963  5969277    1.81%
  48543 34297    41981.0000    79    42241.0000    41477.3720  5990106    1.81%
  48776 34485    42297.1250   200    42241.0000    41477.7874  6022120    1.81%
  48938 34597    42227.8750   123    42241.0000    41478.2609  6052790    1.81%
  49079 34679    42029.3770   181    42241.0000    41478.6184  6082843    1.80%
  49201 34759    41860.5000   152    42241.0000    41479.1502  6113216    1.80%
  49389 34903    41814.2255   145    42241.0000    41479.7567  6143749    1.80%
  49566 35041    41670.3158   132    42241.0000    41479.9276  6169839    1.80%
  49788 35215    41797.9074   209    42241.0000    41480.2175  6201533    1.80%
  50037 35410    41909.8414   269    42241.0000    41480.5905  6234106    1.80%
Elapsed time = 512.34 sec. (819506.24 ticks, tree = 380.03 MB, solutions = 22)
  50243 35539    41640.7540   201    42241.0000    41481.2445  6267035    1.80%
  50425 35677    41920.8182    91    42241.0000    41481.4009  6299462    1.80%
  50593 35808    41849.5911   168    42241.0000    41481.9544  6325256    1.80%
  50831 36001    41634.1141   155    42241.0000    41482.3782  6359513    1.80%
  51090 36205    41805.3899   127    42241.0000    41483.0000  6393814    1.79%
  51257 36322        cutoff          42241.0000    41483.5136  6427953    1.79%
  51514 36547    41922.4190   168    42241.0000    41483.6859  6454756    1.79%
  51661 36656    41680.7378   166    42241.0000    41484.1497  6487746    1.79%
  51887 36822    41721.5901   175    42241.0000    41484.9206  6522591    1.79%
  52036 36925    41722.2845   194    42241.0000    41485.2958  6557341    1.79%
Elapsed time = 535.60 sec. (858000.19 ticks, tree = 397.68 MB, solutions = 22)
  52362 37180    41716.9819   150    42241.0000    41485.5197  6590758    1.79%
  52557 37315    41630.1286   206    42241.0000    41485.8807  6623866    1.79%
  52703 37413    41982.8056   126    42241.0000    41486.3084  6657415    1.79%
  52907 37563    41540.0000   126    42241.0000    41486.7270  6692803    1.79%
  53168 37775    41825.2572   166    42241.0000    41487.3225  6726561    1.78%
  53572 38113    41855.1601   189    42241.0000    41487.6667  6760564    1.78%
  53914 38393    41810.0321   187    42241.0000    41488.3268  6796946    1.78%
  54061 38498    41823.6508   191    42241.0000    41488.5598  6831457    1.78%
  54334 38733    42025.4663   236    42241.0000    41488.8260  6867914    1.78%
  54567 38925    41658.4460   168    42241.0000    41489.0237  6893020    1.78%
Elapsed time = 559.01 sec. (896644.80 ticks, tree = 420.95 MB, solutions = 22)
  54814 39132    41712.6559   111    42241.0000    41489.1802  6927607    1.78%
  55006 39278    41806.5452   218    42241.0000    41489.5203  6962020    1.78%
  55223 39444    41670.8333   101    42241.0000    41489.8901  6996538    1.78%
  55597 39766    41854.8467   164    42241.0000    41490.0000  7029522    1.78%
  55843 39962    41928.3333   161    42241.0000    41490.2803  7064986    1.78%
  55999 40082    41629.8267   200    42241.0000    41490.4455  7100784    1.78%
  56177 40226    41553.2470   207    42241.0000    41490.6362  7135468    1.78%
  56433 40417    41888.6674   226    42241.0000    41490.9049  7169184    1.78%
  56537 40490    41925.2802   186    42241.0000    41491.0802  7190621    1.78%
  56791 40699    41939.9097   148    42241.0000    41491.5582  7222640    1.77%
Elapsed time = 581.93 sec. (935030.26 ticks, tree = 441.58 MB, solutions = 22)
  56989 40844    41820.3886   211    42241.0000    41491.8191  7254386    1.77%
  57273 41055    41950.2530   127    42241.0000    41492.1974  7287580    1.77%
  57502 41234    41695.7475    92    42241.0000    41492.4733  7314732    1.77%
  57718 41402    41872.5446   138    42241.0000    41492.7722  7345184    1.77%
  57818 41479        cutoff          42241.0000    41492.8429  7375842    1.77%
  57958 41573    42055.5714   150    42241.0000    41493.2517  7406535    1.77%
  58222 41763    42185.1288   233    42241.0000    41493.5437  7440754    1.77%
  58453 41955    41803.3015   185    42241.0000    41493.8299  7471977    1.77%
  58599 42076    41804.0750   165    42241.0000    41494.1846  7497959    1.77%
  58731 42152    42125.8219   146    42241.0000    41494.4034  7529558    1.77%
Elapsed time = 605.04 sec. (973707.90 ticks, tree = 458.48 MB, solutions = 22)
  59026 42401        cutoff          42241.0000    41494.6000  7561908    1.77%
  59265 42588    41724.7257   180    42241.0000    41494.8896  7595620    1.77%
  59434 42710    41956.0011   150    42241.0000    41495.2225  7628190    1.77%
  59553 42803    42167.0000   114    42241.0000    41495.3043  7648097    1.77%
  59746 42960    41746.5096   145    42241.0000    41495.5637  7678595    1.76%
  60053 43232    41987.2636   168    42241.0000    41495.8063  7711583    1.76%
  60246 43359        cutoff          42241.0000    41495.9540  7742829    1.76%
  60479 43544        cutoff          42241.0000    41496.2424  7776120    1.76%
  60829 43855    41760.0000    67    42241.0000    41496.4349  7806267    1.76%
  61051 44043    41580.3681   223    42241.0000    41496.6153  7837955    1.76%
Elapsed time = 628.43 sec. (1012498.52 ticks, tree = 480.45 MB, solutions = 22)
  61181 44127    infeasible          42241.0000    41496.7177  7870137    1.76%
  61342 44243    42095.0000    62    42241.0000    41496.9113  7901056    1.76%
  61837 44657    41559.9630    94    42241.0000    41497.0000  7926448    1.76%
  62444 45146    41498.8938   142    42241.0000    41497.0000  7961475    1.76%
  63111 45695    42018.0717   112    42241.0000    41497.0000  7994909    1.76%
  63664 46159    41781.2000    92    42241.0000    41497.0000  8025652    1.76%
  64460 46735    41707.8522   154    42241.0000    41497.0000  8068068    1.76%
  65211 47230    41551.7954   116    42241.0000    41497.0000  8103659    1.76%
  65902 47704    42111.0213   145    42241.0000    41497.0000  8138449    1.76%
  66542 48108    41827.2938   112    42241.0000    41497.0000  8166368    1.76%
Elapsed time = 653.00 sec. (1050786.48 ticks, tree = 527.65 MB, solutions = 22)
  67452 48716    41770.9771   106    42241.0000    41497.0000  8210535    1.76%
* 68055     0      integral     0    41497.0000    41497.0000  8239979    0.00%

Clique cuts applied:  53
Cover cuts applied:  708
Implied bound cuts applied:  1
Flow cuts applied:  33
Mixed integer rounding cuts applied:  208
Zero-half cuts applied:  75
Lift and project cuts applied:  1
Gomory fractional cuts applied:  13

Root node processing (before b&c):
  Real time             =    0.94 sec. (1170.26 ticks)
Sequential b&c:
  Real time             =  657.13 sec. (1057100.74 ticks)
                          ------------
Total (root+branch&cut) =  658.06 sec. (1058271.00 ticks)
MIP: [1;32mCPLEX finished.[0m
MIP: [1;32mCPLEX status: Optimal[0m
MIP: [1;32mSolution: 
[36, 32, 9, 16, 35, 27, 13, 34, 1, 13, 35, 12, 26, 8, 19, 0, 28, 35, 25, 24, 27, 28, 18, 12, 15, 30, 29, 9, 26, 25, 15, 0, 29, 33, 34, 22, 19, 32, 9, 21, 13, 9, 15, 26, 20, 36, 30, 36, 18, 33, 5, 21, 20, 5, 25, 31, 11, 30, 31, 29][16, 3, -1, -1, -1, 11, -1, -1, 19, 16, -1, 8, 20, 7, -1, 20, 13, -1, 5, 13, 2, 19, 3, -1, 12, 16, 11, 8, 2, 12, 11, 5, 7, 10, 5, 1, 0][6, 9, 5, 12, -1, 11, -1, 4, 12, -1, 11, 5, 7, 9, -1, -1, 10, -1, -1, 6, 4][-1, -1, -1, -1, 1, 5, 1, 2, -1, 5, 0, 2, 0, -1, -1, -1][0m
MIP: [1;32mObjective value: 41497[0m
MIP: [1;32mLower Bound: 41497[0m
MIP: [1;32mBranch-and-Bound nodes: 68056[0m

# best solution:
best objective value:	41497
best dual bound value:	41496
optimality gap:	0.00240981%
CPU time:	656.364
