ifile	/scratch/csagturk/mlbp_inst/n0070_m05__063.inst
prob	MLBP
threads	1
ttime	900
instance: /scratch/csagturk/mlbp_inst/n0070_m05__063.inst
	m=5, n=[70, 35, 25, 17, 13, 11]
MIP: [1;32minit CPLEX[0m
CAN: [1;35mcreated 4114 x_{ijk} variables[0m
CAN: [1;35mcreated 171 y_{ij} variables[0m
MIP: [1;32mcreated decision variables[0m
CAN: [1;35madded 70 constraints to enforce the packing of each item[0m
CAN: [1;35madded 90 constraints to enforce the packing of each item[0m
CAN: [1;35madded 101 capacity constraints[0m
MIP: [1;32mcreated constraints[0m
MIP: [1;32mcreated objective function[0m
MIP: [1;32mcalling CPLEX solve ...[0m
Version identifier: 22.1.0.0 | 2022-03-09 | 1a383f8ce
CPXPARAM_Threads                                 1
CPXPARAM_TimeLimit                               900
Tried aggregator 2 times.
MIP Presolve eliminated 0 rows and 504 columns.
MIP Presolve modified 524 coefficients.
Aggregator did 270 substitutions.
Reduced MIP has 801 rows, 4341 columns, and 8671 nonzeros.
Reduced MIP has 4071 binaries, 0 generals, 0 SOSs, and 165 indicators.
Presolve time = 0.01 sec. (13.89 ticks)
Probing fixed 0 vars, tightened 97 bounds.
Probing changed sense of 90 constraints.
Probing time = 0.03 sec. (21.25 ticks)
Tried aggregator 1 time.
MIP Presolve eliminated 540 rows and 630 columns.
Reduced MIP has 261 rows, 3711 columns, and 7411 nonzeros.
Reduced MIP has 3711 binaries, 0 generals, 0 SOSs, and 0 indicators.
Presolve time = 0.01 sec. (8.41 ticks)
Tried aggregator 1 time.
Detecting symmetries...
Reduced MIP has 261 rows, 3711 columns, and 7411 nonzeros.
Reduced MIP has 3711 binaries, 0 generals, 0 SOSs, and 0 indicators.
Presolve time = 0.01 sec. (7.53 ticks)
Probing time = 0.00 sec. (2.69 ticks)
Clique table members: 1322.
MIP emphasis: balance optimality and feasibility.
MIP search method: dynamic search.
Parallel mode: none, using 1 thread.
Root relaxation solution time = 0.01 sec. (14.48 ticks)

        Nodes                                         Cuts/
   Node  Left     Objective  IInf  Best Integer    Best Bound    ItCnt     Gap

      0     0    49895.7398    98                  49895.7398      655         
      0     0    50287.4779   121                   Cuts: 165      967         
      0     0    50346.8996   170                   Cuts: 139     1410         
      0     0    50545.4961   207                   Cuts: 163     2036         
      0     0    50651.4270   197                   Cuts: 137     2552         
      0     0    50714.5679   213                   Cuts: 144     2987         
      0     0    50761.6279   233                   Cuts: 144     3322         
      0     0    50826.3700   219                   Cuts: 146     3683         
      0     0    50857.4797   227                   Cuts: 140     4087         
      0     0    50900.1987   250                   Cuts: 128     4506         
      0     0    50935.1302   229                   Cuts: 125     4896         
      0     0    50953.4574   245                   Cuts: 121     5321         
      0     0    50979.3124   252                   Cuts: 116     5699         
      0     0    50993.0370   210                   Cuts: 124     5974         
      0     0    51044.1218   226                    Cuts: 82     6305         
      0     0    51078.5861   245                    Cuts: 85     6750         
      0     0    51103.1202   223                    Cuts: 84     7047         
      0     0    51112.1916   215                    Cuts: 98     7452         
      0     0    51135.7806   248                    Cuts: 88     7894         
      0     0    51142.1753   239                    Cuts: 93     8196         
      0     0    51166.2120   206                   Cuts: 110     8444         
      0     0    51173.1752   219                   Cuts: 106     8850         
*     0+    0                        65940.0000    51173.1752            22.39%
*     0+    0                        65502.0000    51173.1752            21.88%
*     0+    0                        61316.0000    51173.1752            16.54%
*     0+    0                        53957.0000    51173.1752             5.16%
*     0+    0                        53941.0000    51173.1752             5.13%
*     0+    0                        53903.0000    51173.1752             5.06%
      0     0  -1.00000e+75     0    53903.0000    51173.1752     8850    5.06%
      0     2    51173.1752   183    53903.0000    51173.3319     8850    5.06%
Elapsed time = 1.67 sec. (2274.90 ticks, tree = 0.01 MB, solutions = 6)
     50    52    51703.8564   109    53903.0000    51255.2552    10894    4.91%
    130   132    52167.4612    86    53903.0000    51255.2552    12521    4.91%
    290   271    53715.2686    38    53903.0000    51255.2552    15030    4.91%
    320   291    51835.6122   175    53903.0000    51256.6710    17211    4.91%
    430   400    53513.0930    69    53903.0000    51256.6710    19802    4.91%

Performing restart 1

Repeating presolve.
Tried aggregator 1 time.
MIP Presolve modified 748 coefficients.
Reduced MIP has 261 rows, 3711 columns, and 7411 nonzeros.
Reduced MIP has 3711 binaries, 0 generals, 0 SOSs, and 0 indicators.
Presolve time = 0.01 sec. (10.82 ticks)
Tried aggregator 1 time.
MIP Presolve modified 356 coefficients.
Reduced MIP has 261 rows, 3711 columns, and 7411 nonzeros.
Reduced MIP has 3711 binaries, 0 generals, 0 SOSs, and 0 indicators.
Presolve time = 0.01 sec. (11.55 ticks)
Represolve time = 0.09 sec. (66.87 ticks)
    496     0    50840.0204   193    53903.0000     Cuts: 139    23928    4.83%
    496     0    50994.7262   215    53903.0000     Cuts: 131    24437    4.83%
    496     0    51146.6210   231    53903.0000     Cuts: 113    25204    4.83%
    496     0    51174.7286   256    53903.0000     Cuts: 140    25582    4.83%
    496     0    51193.6875   249    53903.0000     Cuts: 128    26098    4.83%
    496     0    51205.1883   207    53903.0000     Cuts: 103    26382    4.83%
    496     0    51207.5545   219    53903.0000     Cuts: 125    26657    4.83%
    496     0    51221.3450   209    53903.0000      Cuts: 69    26851    4.83%
    496     0    51227.5647   243    53903.0000     Cuts: 121    27117    4.83%
    496     0    51239.7287   194    53903.0000      Cuts: 98    27338    4.83%
    496     0    51247.1603   252    53903.0000      Cuts: 99    27711    4.83%
    496     0    51250.0537   237    53903.0000      Cuts: 84    27975    4.83%
    496     0    51253.2045   224    53903.0000      Cuts: 93    28163    4.83%
    496     0    51256.0717   235    53903.0000      Cuts: 80    28400    4.83%
    496     0    51259.0553   210    53903.0000      Cuts: 59    28629    4.83%
    496     0    51259.3295   216    53903.0000      Cuts: 73    28786    4.83%
    496     2    51259.3295   191    53903.0000    51301.7728    28786    4.83%
    499     5    51301.8786   162    53903.0000    51301.7728    28968    4.83%
    504    10    51541.0671   150    53903.0000    51301.7728    29772    4.83%
    508    14    52367.9019   165    53903.0000    51301.7728    30441    4.83%
    540    32    51787.5819   176    53903.0000    51301.7728    33158    4.83%
Elapsed time = 6.40 sec. (8702.85 ticks, tree = 0.19 MB, solutions = 6)
    656   139    51925.9966   161    53903.0000    51301.7728    38886    4.83%
    812   281    52481.3533   190    53903.0000    51483.0042    44478    4.49%
    915   364    52054.9498   172    53903.0000    51508.1230    53035    4.44%
   1120   549        cutoff          53903.0000    51541.8545    60264    4.38%
   1264   682    53270.0422   122    53903.0000    51585.4495    67624    4.30%
   1376   768    52583.6539   186    53903.0000    51637.0583    76319    4.20%
   1496   874    52045.7411   141    53903.0000    51637.8232    81694    4.20%
   1654  1015    52330.8933   141    53903.0000    51666.7180    90099    4.15%
   1832  1182    51759.0174   173    53903.0000    51683.6369    97286    4.12%
   1963  1300    51731.7601   188    53903.0000    51703.8028   104303    4.08%
Elapsed time = 14.70 sec. (20307.69 ticks, tree = 8.39 MB, solutions = 6)
   2080  1406    52915.6387   186    53903.0000    51713.1804   111661    4.06%
   2184  1489    52694.3677   104    53903.0000    51732.6445   119884    4.03%
   2263  1554    52851.6156   207    53903.0000    51771.0570   127073    3.96%
   2405  1679    52142.4981   210    53903.0000    51778.5099   133484    3.94%
   2522  1786    53270.2209   120    53903.0000    51810.4203   139584    3.88%
   2655  1905    52649.7584   188    53903.0000    51831.0585   146233    3.84%
   2760  1997    52489.7680   175    53903.0000    51835.4373   153110    3.84%
   2830  2058    52252.3612   184    53903.0000    51841.6452   159504    3.82%
   2987  2209    52503.9886   183    53903.0000    51847.3245   166053    3.81%
   3156  2366    52380.6106   133    53903.0000    51852.3557   172234    3.80%
Elapsed time = 20.08 sec. (29926.00 ticks, tree = 16.25 MB, solutions = 6)
   3235  2435    52792.2128   131    53903.0000    51857.4604   179112    3.79%
   3297  2487    52323.4391   205    53903.0000    51863.8610   185467    3.78%
   3391  2567    52264.7979   194    53903.0000    51864.7055   192577    3.78%
   3463  2628    52662.1809   196    53903.0000    51865.2010   199156    3.78%
   3562  2717    53552.1852   172    53903.0000    51866.2492   207047    3.78%
   3678  2815    52154.4583   207    53903.0000    51873.5555   214519    3.76%
   3819  2944    52336.6294   199    53903.0000    51875.5427   221218    3.76%
   3921  3032    52171.0998   159    53903.0000    51879.6661   228921    3.75%
   4053  3158    52821.0733   109    53903.0000    51886.5410   236409    3.74%
*  4167  1445      integral     0    52507.0000    51886.5410   237867    1.18%
   4209  1474    52330.3798   170    52507.0000    51896.2698   241962    1.16%
Elapsed time = 25.56 sec. (39897.54 ticks, tree = 10.44 MB, solutions = 7)
   4300  1548    52243.0930   191    52507.0000    51898.4181   247376    1.16%
   4397  1628        cutoff          52507.0000    51908.7998   252454    1.14%
   4583  1803    52369.0000    14    52507.0000    51913.2199   258282    1.13%
*  4596+ 1124                        52369.0000    51913.2199             0.87%
   4647  1159    52233.0346   160    52369.0000    51925.1321   263231    0.85%
   4709  1191    52032.3833   185    52369.0000    51933.1708   269275    0.83%
   4850  1313    52331.8734   165    52369.0000    51946.1084   273745    0.81%
   4924  1361        cutoff          52369.0000    51954.4267   279617    0.79%
   5086  1508    52090.1962   166    52369.0000    51956.7621   285057    0.79%
   5240  1648    52159.0356   188    52369.0000    51959.9158   291258    0.78%
   5329  1720    52238.8843   195    52369.0000    51966.2388   296569    0.77%
Elapsed time = 31.42 sec. (49793.31 ticks, tree = 13.05 MB, solutions = 8)
   5402  1771    52063.8871   170    52369.0000    51970.2436   302287    0.76%
   5445  1795    52057.6172   219    52369.0000    51981.0161   307509    0.74%
   5494  1809    52076.3306   185    52369.0000    51995.5216   313349    0.71%
*  5496+ 1650                        52338.0000    51995.5216             0.65%
   5496  1652    52083.7234   182    52338.0000    51995.5216   313488    0.65%
   5552  1682    52082.3523   204    52338.0000    51996.8051   319531    0.65%
   5630  1738    52089.3264   195    52338.0000    51999.6446   324460    0.65%
   5693  1789    52247.6476   216    52338.0000    52000.8874   330410    0.64%
   5770  1851    52202.1785   214    52338.0000    52001.8021   335634    0.64%
   5850  1899    52123.6885   205    52338.0000    52005.4233   340767    0.64%
   5882  1910    52080.2383   218    52338.0000    52012.2343   346589    0.62%
Elapsed time = 37.54 sec. (60160.13 ticks, tree = 15.00 MB, solutions = 9)
   5942  1949    52244.2840   225    52338.0000    52013.5099   351329    0.62%
   5980  1967        cutoff          52338.0000    52018.9525   356365    0.61%
   6037  2005    52062.8012   132    52338.0000    52026.0727   360489    0.60%
   6207  2150    52103.8500   172    52338.0000    52028.9755   366055    0.59%
   6265  2189    52101.6109   208    52338.0000    52030.4721   370815    0.59%
   6386  2288    52094.1953   112    52338.0000    52031.0776   376143    0.59%
   6463  2341    52208.5861   175    52338.0000    52032.5101   381711    0.58%
   6499  2360    52241.7293   216    52338.0000    52033.0017   386538    0.58%
   6544  2382    52167.1164   199    52338.0000    52034.4517   392142    0.58%
   6621  2443    52095.8157   131    52338.0000    52035.2677   397428    0.58%
Elapsed time = 43.18 sec. (70093.02 ticks, tree = 20.18 MB, solutions = 9)
   6662  2469    52171.0276   190    52338.0000    52035.5696   401843    0.58%
   6785  2566    52044.7116   197    52338.0000    52037.4143   407073    0.57%
   6938  2705        cutoff          52338.0000    52037.9040   412309    0.57%
   7049  2791    52148.6857   196    52338.0000    52038.4209   417851    0.57%
   7086  2811        cutoff          52338.0000    52039.5309   423831    0.57%
   7111  2818    52186.7981   194    52338.0000    52040.4058   428978    0.57%
   7134  2818        cutoff          52338.0000    52041.7626   435015    0.57%
   7218  2881    52128.4346   213    52338.0000    52042.1277   440730    0.57%
   7264  2905    52206.4558   229    52338.0000    52044.4712   445834    0.56%
   7312  2934    52282.6263   187    52338.0000    52045.2026   451227    0.56%
Elapsed time = 49.01 sec. (80312.84 ticks, tree = 25.26 MB, solutions = 9)
   7395  2992    52076.3200   219    52338.0000    52045.7411   457422    0.56%
   7438  3025    52129.8200   218    52338.0000    52046.3377   463029    0.56%
   7519  3084    52065.9804   227    52338.0000    52047.8788   468733    0.55%
   7568  3108    52199.6490   187    52338.0000    52048.4614   474209    0.55%
   7627  3141    52097.7820   161    52338.0000    52048.8440   479066    0.55%
   7672  3161    52090.7544   154    52338.0000    52048.9938   483631    0.55%
   7741  3207    52129.3374   180    52338.0000    52049.2898   487727    0.55%
   7798  3256    52292.6276   204    52338.0000    52050.0467   493076    0.55%
   7827  3268    52217.3001   182    52338.0000    52051.5095   498172    0.55%
   7899  3324    52184.7219   202    52338.0000    52052.1038   503241    0.55%
Elapsed time = 54.86 sec. (90371.65 ticks, tree = 29.56 MB, solutions = 9)
   7945  3350    52259.0980   200    52338.0000    52052.9682   508308    0.54%
   7970  3356    52068.0836   225    52338.0000    52053.3692   513165    0.54%
   7994  3366    52180.4571   189    52338.0000    52053.9800   518061    0.54%
   8047  3400    52096.6136   175    52338.0000    52054.4660   522668    0.54%
   8089  3428    52134.1883   211    52338.0000    52054.7583   527816    0.54%
   8130  3452    52130.5044   246    52338.0000    52055.0408   532217    0.54%
   8169  3471    52070.8424   145    52338.0000    52055.3038   536613    0.54%
   8273  3562    52067.5970   213    52338.0000    52055.5556   542753    0.54%
   8361  3636    52155.6285   197    52338.0000    52055.9740   548446    0.54%
   8492  3685    52279.3469   225    52338.0000    52057.7162   569277    0.54%
Elapsed time = 62.33 sec. (103403.14 ticks, tree = 33.83 MB, solutions = 9)
   8645  3752        cutoff          52338.0000    52059.2343   587930    0.53%
   8849  3888    52155.9260   220    52338.0000    52060.4604   606419    0.53%
   9091  4052    52197.6969   193    52338.0000    52061.7309   625112    0.53%
   9229  4122    52299.6667   147    52338.0000    52062.9872   643422    0.53%
   9385  4212    52083.0247   168    52338.0000    52064.0484   661664    0.52%
   9583  4354    52186.6823   149    52338.0000    52065.2064   679475    0.52%
   9744  4456    52269.9312   194    52338.0000    52066.3201   696460    0.52%
   9923  4592    52160.9600   206    52338.0000    52067.1326   713789    0.52%
  10092  4696    52259.3268   159    52338.0000    52067.8132   731258    0.52%
  10271  4805        cutoff          52338.0000    52068.5311   750229    0.51%
Elapsed time = 84.90 sec. (141916.02 ticks, tree = 48.81 MB, solutions = 9)
  10416  4899        cutoff          52338.0000    52069.1602   769590    0.51%
  10496  4935    52190.3040   216    52338.0000    52069.9831   784971    0.51%
  10686  5036    52166.9578   163    52338.0000    52070.8833   810136    0.51%
  10902  5145    52238.6586   215    52338.0000    52071.9789   837852    0.51%
  11079  5238    52195.5927   130    52338.0000    52073.0382   864986    0.51%
  11334  5364    52330.3058   214    52338.0000    52074.8657   892494    0.50%
  11496  5419    52212.2855   206    52338.0000    52076.3587   917414    0.50%
  11648  5486        cutoff          52338.0000    52077.3513   943192    0.50%
  11819  5576    52209.2801   267    52338.0000    52078.5424   967795    0.50%
  12025  5708        cutoff          52338.0000    52079.3264   994084    0.49%
Elapsed time = 122.82 sec. (198471.40 ticks, tree = 62.23 MB, solutions = 9)
  12229  5824    52312.9901   166    52338.0000    52080.0829  1019558    0.49%
  12428  5932    52315.6705   248    52338.0000    52080.7138  1046351    0.49%
  12630  6062    52191.4296   192    52338.0000    52081.2459  1071030    0.49%
  12825  6164    52190.5176   147    52338.0000    52082.4860  1096436    0.49%
  13034  6313    52165.1491   208    52338.0000    52083.4172  1121147    0.49%
  13191  6385    52191.0525   124    52338.0000    52084.4656  1145602    0.48%
  13406  6498        cutoff          52338.0000    52085.7320  1170933    0.48%
  13643  6654        cutoff          52338.0000    52086.8233  1195140    0.48%
  13859  6767        cutoff          52338.0000    52088.1785  1220260    0.48%
  14091  6880    52207.3734   191    52338.0000    52089.3234  1246454    0.48%
Elapsed time = 145.64 sec. (236908.42 ticks, tree = 79.25 MB, solutions = 9)
  14347  7035    52313.5454   233    52338.0000    52089.9931  1274432    0.47%
  14496  7093    52210.8370   164    52338.0000    52090.7020  1296985    0.47%
  14721  7191    52216.5702   196    52338.0000    52091.7068  1326373    0.47%
  14943  7301        cutoff          52338.0000    52092.3417  1355901    0.47%
  15164  7420    52199.0933   147    52338.0000    52093.1995  1384997    0.47%
  15441  7542    52316.5069   202    52338.0000    52094.2872  1415719    0.47%
  15630  7572    52267.3879   208    52338.0000    52095.0966  1446692    0.46%
  15857  7656    52213.1228   173    52338.0000    52095.8057  1476796    0.46%
  16095  7775    52140.2690   208    52338.0000    52096.4227  1503272    0.46%
  16342  7913    52332.6786   137    52338.0000    52097.2812  1529091    0.46%
Elapsed time = 169.03 sec. (275477.92 ticks, tree = 94.48 MB, solutions = 9)
  16505  7953    52317.6717   173    52338.0000    52098.2232  1556237    0.46%
  16731  8034    52123.3563   198    52338.0000    52098.9447  1583484    0.46%
  16938  8149    52135.8107   168    52338.0000    52099.5601  1609965    0.46%
  17170  8253        cutoff          52338.0000    52100.2524  1636799    0.45%
  17353  8294    52238.5327   128    52338.0000    52101.2084  1663254    0.45%
  17573  8389    52258.7629   204    52338.0000    52102.2271  1690144    0.45%
  17799  8478        cutoff          52338.0000    52102.8100  1715894    0.45%
  17946  8522    52193.1607   250    52338.0000    52103.3356  1742037    0.45%
  18150  8596        cutoff          52338.0000    52104.2653  1769942    0.45%
  18303  8631    52224.4031   191    52338.0000    52104.8786  1795566    0.45%
Elapsed time = 192.19 sec. (313909.23 ticks, tree = 105.73 MB, solutions = 9)
  18472  8656        cutoff          52338.0000    52105.7517  1825088    0.44%
  18677  8713        cutoff          52338.0000    52106.7088  1849876    0.44%
  19028  8926    52136.6096   177    52338.0000    52107.1020  1875827    0.44%
  19315  9070    52178.9417   158    52338.0000    52108.0547  1905272    0.44%
  19606  9199    52336.7143   100    52338.0000    52108.8515  1935782    0.44%
  19808  9249        cutoff          52338.0000    52109.7675  1966715    0.44%
  20122  9386    52283.9982   246    52338.0000    52110.7955  1997509    0.43%
  20412  9519    infeasible          52338.0000    52111.6318  2027541    0.43%
  20615  9588    52204.2236   199    52338.0000    52112.2439  2058054    0.43%
  20935  9766    52116.5131   115    52338.0000    52112.9660  2088480    0.43%
Elapsed time = 215.72 sec. (352263.31 ticks, tree = 122.42 MB, solutions = 9)
  21148  9828    52329.0955   212    52338.0000    52113.6977  2120218    0.43%
  21380  9932    52189.0596   163    52338.0000    52114.3666  2151326    0.43%
  21605 10012        cutoff          52338.0000    52115.1707  2182337    0.43%
  22000 10231        cutoff          52338.0000    52116.2424  2215290    0.42%
  22298 10355    52274.9024   194    52338.0000    52117.1967  2246567    0.42%
  22647 10505    52124.2956   173    52338.0000    52118.7073  2278680    0.42%
  22981 10597    52221.4584   179    52338.0000    52120.2970  2312015    0.42%
  23255 10690        cutoff          52338.0000    52121.2594  2343494    0.41%
  23548 10819    52284.5542   250    52338.0000    52122.0972  2368325    0.41%
  23866 10962    52254.1032   136    52338.0000    52123.0000  2394199    0.41%
Elapsed time = 239.08 sec. (390588.50 ticks, tree = 139.80 MB, solutions = 9)
  24129 11085    52129.2487   132    52338.0000    52123.5515  2421837    0.41%
  24363 11170    52262.8772   192    52338.0000    52124.3219  2449525    0.41%
  24614 11252    52195.6190   216    52338.0000    52124.9265  2473251    0.41%
  24992 11487    52323.1898   170    52338.0000    52125.4731  2500885    0.41%
  25270 11629    52126.9748   200    52338.0000    52126.0826  2528736    0.40%
  25614 11773    52265.6124   193    52338.0000    52126.8995  2556937    0.40%
  25901 11919    52213.8420   157    52338.0000    52127.0000  2583177    0.40%
  26155 12030    52165.8385   196    52338.0000    52127.4011  2610059    0.40%
  26416 12130    52324.5952   211    52338.0000    52128.0503  2637662    0.40%
  26684 12255    52285.3652   121    52338.0000    52128.5997  2663954    0.40%
Elapsed time = 262.19 sec. (428868.56 ticks, tree = 158.09 MB, solutions = 9)
  26911 12315    52328.5574   152    52338.0000    52129.2720  2691864    0.40%
  27209 12419    52174.1771   220    52338.0000    52129.9335  2720111    0.40%
  27540 12575    52285.7989   210    52338.0000    52130.7074  2748978    0.40%
  27807 12640        cutoff          52338.0000    52131.5486  2780275    0.39%
  28098 12763        cutoff          52338.0000    52132.1208  2810829    0.39%
  28362 12841    52193.2858   164    52338.0000    52132.9298  2842250    0.39%
  28615 12923        cutoff          52338.0000    52133.9059  2871015    0.39%
  28881 13000    infeasible          52338.0000    52135.0620  2903240    0.39%
  29118 13043        cutoff          52338.0000    52136.0848  2934477    0.39%
  29366 13131    52174.3421   154    52338.0000    52136.8822  2966169    0.38%
Elapsed time = 285.61 sec. (467348.17 ticks, tree = 170.77 MB, solutions = 9)
  29631 13189        cutoff          52338.0000    52137.9207  2998531    0.38%
  29968 13324    52241.3112   162    52338.0000    52138.6101  3029900    0.38%
  30281 13419        cutoff          52338.0000    52139.3218  3062223    0.38%
  30516 13495    52220.9669   137    52338.0000    52139.8534  3089695    0.38%
  30830 13586    52174.2563   154    52338.0000    52140.7131  3121539    0.38%
  31220 13727        cutoff          52338.0000    52141.8716  3153040    0.37%
  31520 13782    52210.0425   150    52338.0000    52142.9731  3183205    0.37%
  31877 13989    52247.8670   198    52338.0000    52143.1921  3215957    0.37%
  32247 14136        cutoff          52338.0000    52144.2806  3246639    0.37%
  32553 14192    52291.4871   193    52338.0000    52145.2750  3279224    0.37%
Elapsed time = 309.18 sec. (505641.79 ticks, tree = 185.90 MB, solutions = 9)
  32813 14265    52298.0475   212    52338.0000    52145.7060  3311477    0.37%
  33083 14345    52226.8328   163    52338.0000    52146.4880  3338677    0.37%
  33342 14431    52193.3790   181    52338.0000    52147.1957  3366856    0.36%
  33573 14476    52250.2490   160    52338.0000    52148.0277  3394649    0.36%
  33830 14553    52224.0808   241    52338.0000    52148.6783  3423533    0.36%
  34052 14605    52189.6859   196    52338.0000    52149.3734  3451467    0.36%
  34318 14669    52151.5513   141    52338.0000    52150.0765  3480776    0.36%
  34539 14700    52239.0269   165    52338.0000    52150.8545  3508437    0.36%
  34855 14784    52330.2788   197    52338.0000    52151.6311  3537747    0.36%
  35142 14828    52315.4412   211    52338.0000    52152.6682  3566306    0.35%
Elapsed time = 332.59 sec. (544043.13 ticks, tree = 195.18 MB, solutions = 9)
  35386 14897    52305.0316   253    52338.0000    52153.4203  3595917    0.35%
  35680 15000    52214.5147   205    52338.0000    52154.0000  3623225    0.35%
  35995 15081        cutoff          52338.0000    52154.8571  3652014    0.35%
  36240 15135    52182.3475   176    52338.0000    52155.5958  3681646    0.35%
  36576 15229    52307.5499   182    52338.0000    52156.4947  3711418    0.35%
  36894 15317    52245.1653   156    52338.0000    52157.3359  3740054    0.35%
  37209 15419    52188.4390   121    52338.0000    52158.0000  3768238    0.34%
  37583 15623        cutoff          52338.0000    52158.2381  3796026    0.34%
  37897 15735    52204.8215   156    52338.0000    52158.7827  3825643    0.34%
  38226 15806    52298.3100   153    52338.0000    52159.6640  3855587    0.34%
Elapsed time = 356.03 sec. (582623.23 ticks, tree = 209.21 MB, solutions = 9)
  38607 15911    52184.7355   149    52338.0000    52160.3113  3887629    0.34%
  38939 16026    52206.0219   214    52338.0000    52160.9067  3918644    0.34%
  39227 16059    52285.3736   202    52338.0000    52161.7533  3949215    0.34%
  39496 16097    52251.0209   167    52338.0000    52162.5687  3976671    0.34%
  39851 16171    52164.3076   147    52338.0000    52163.6196  4009828    0.33%
  40092 16188    52335.6424   200    52338.0000    52164.3338  4043652    0.33%
  40406 16223    infeasible          52338.0000    52165.3175  4076016    0.33%
  40665 16265    52305.6265   188    52338.0000    52166.1275  4105128    0.33%
  40964 16303    52201.6421   145    52338.0000    52166.9277  4136474    0.33%
  41286 16382    52227.4405   169    52338.0000    52167.7095  4169512    0.33%
Elapsed time = 379.57 sec. (620988.95 ticks, tree = 217.74 MB, solutions = 9)
  41560 16442    52316.9492   253    52338.0000    52168.3876  4195163    0.32%
  41831 16438    52261.6277   200    52338.0000    52169.2313  4227706    0.32%
  42122 16473        cutoff          52338.0000    52169.9458  4260527    0.32%
  42463 16503        cutoff          52338.0000    52171.0979  4293045    0.32%
  42700 16487    52185.5725   215    52338.0000    52172.0343  4323685    0.32%
  43009 16557    52245.3252   170    52338.0000    52172.7255  4353803    0.32%
  43266 16562    52215.1176   155    52338.0000    52173.4505  4387534    0.31%
  43649 16647    52312.2527   149    52338.0000    52174.1967  4420313    0.31%
  43922 16655    52262.3357   161    52338.0000    52174.9559  4454665    0.31%
  44253 16703    52223.8765   175    52338.0000    52175.5882  4487300    0.31%
Elapsed time = 403.41 sec. (659232.14 ticks, tree = 223.34 MB, solutions = 9)
  44496 16739    52187.5362   168    52338.0000    52176.0514  4515696    0.31%
  44776 16769    52229.3125   146    52338.0000    52176.7778  4545148    0.31%
  45088 16857    52183.3621   130    52338.0000    52177.3545  4577423    0.31%
  45437 16996        cutoff          52338.0000    52177.8793  4607390    0.31%
  45647 16992    52236.5524   195    52338.0000    52178.5422  4637036    0.30%
  45966 17027    52223.3350   163    52338.0000    52179.2162  4668547    0.30%
  46221 17026    52253.0611   151    52338.0000    52179.9605  4700454    0.30%
  46504 17034    infeasible          52338.0000    52180.8091  4729881    0.30%
  46800 17029        cutoff          52338.0000    52181.3822  4761187    0.30%
  47042 17047    52219.2851   186    52338.0000    52181.8436  4790670    0.30%
Elapsed time = 427.35 sec. (698107.32 ticks, tree = 228.56 MB, solutions = 9)
  47269 17026    52212.0413   157    52338.0000    52182.5061  4820719    0.30%
  47552 17058    52191.2751   195    52338.0000    52183.0955  4850191    0.30%
  47793 17036        cutoff          52338.0000    52183.7936  4879228    0.29%
  48093 17067    52295.1055   167    52338.0000    52184.3452  4908179    0.29%
  48342 17055        cutoff          52338.0000    52184.8876  4937367    0.29%
  48562 17063    52293.3229   183    52338.0000    52185.3551  4964028    0.29%
  48852 17062    52225.6159   222    52338.0000    52186.0393  4993589    0.29%
  49148 17076    52228.1690   147    52338.0000    52186.7842  5022473    0.29%
  49431 17092        cutoff          52338.0000    52187.3978  5053385    0.29%
  49885 17174        cutoff          52338.0000    52188.2688  5085246    0.29%
Elapsed time = 451.04 sec. (736371.83 ticks, tree = 230.76 MB, solutions = 9)
  50191 17176    52231.8802   199    52338.0000    52189.0132  5117589    0.28%
  50518 17241    52308.8979   204    52338.0000    52189.5241  5149431    0.28%
  50803 17244    52255.5435   187    52338.0000    52190.1035  5181567    0.28%
  51116 17251        cutoff          52338.0000    52190.9171  5215456    0.28%
  51411 17245    infeasible          52338.0000    52191.6105  5247572    0.28%
  51734 17276    52321.7812   250    52338.0000    52192.2223  5279723    0.28%
  52041 17277    52259.3045   178    52338.0000    52192.8623  5312235    0.28%
  52462 17377        cutoff          52338.0000    52193.4262  5346326    0.28%
  52857 17487    52303.0456   203    52338.0000    52194.0061  5380637    0.28%
  53186 17448        cutoff          52338.0000    52194.7257  5413785    0.27%
Elapsed time = 474.77 sec. (774612.15 ticks, tree = 235.06 MB, solutions = 9)
  53490 17447    infeasible          52338.0000    52195.4210  5446912    0.27%
  53777 17444    52303.6271   201    52338.0000    52196.1944  5479759    0.27%
  54062 17419    52269.8909   218    52338.0000    52197.0034  5513688    0.27%
  54421 17408    52239.0654   153    52338.0000    52197.7953  5547369    0.27%
  54655 17377    52286.2731   171    52338.0000    52198.3793  5575336    0.27%
  55015 17373    52199.2857   100    52338.0000    52199.2867  5608874    0.27%
  55330 17340        cutoff          52338.0000    52200.0637  5642860    0.26%
  55631 17282        cutoff          52338.0000    52200.9167  5677150    0.26%
  55921 17262    52242.8608   138    52338.0000    52201.5323  5710447    0.26%
  56264 17266    52233.1153   281    52338.0000    52202.2412  5745118    0.26%
Elapsed time = 498.74 sec. (812978.71 ticks, tree = 232.97 MB, solutions = 9)
  56592 17257    52261.7311   187    52338.0000    52203.0520  5778386    0.26%
  56899 17248        cutoff          52338.0000    52203.6568  5811998    0.26%
  57184 17242    52229.4379   162    52338.0000    52204.2026  5843459    0.26%
  57471 17231    52262.2332   170    52338.0000    52204.9672  5872920    0.25%
  57745 17199    52260.2500   109    52338.0000    52205.5853  5903625    0.25%
  58018 17164    52249.9558   166    52338.0000    52206.1858  5934121    0.25%
  58273 17131    52216.5092   141    52338.0000    52206.7428  5965619    0.25%
  58725 17287    52329.0000    24    52338.0000    52207.2554  5996626    0.25%
  59059 17277        cutoff          52338.0000    52207.8387  6027922    0.25%
  59350 17236    52215.1016   175    52338.0000    52208.5307  6058512    0.25%
Elapsed time = 522.10 sec. (851316.30 ticks, tree = 233.02 MB, solutions = 9)
  59648 17221        cutoff          52338.0000    52209.0790  6090038    0.25%
  59930 17235    52288.3595   262    52338.0000    52209.6592  6120809    0.25%
  60310 17293    52278.7008   197    52338.0000    52210.2881  6151396    0.24%
  60561 17267    52300.9603   141    52338.0000    52210.8404  6180802    0.24%
  60931 17312    52243.5032   186    52338.0000    52211.4388  6212918    0.24%
  61167 17300    52330.1803   185    52338.0000    52211.8435  6242423    0.24%
  61434 17277    52248.2141   124    52338.0000    52212.4780  6272963    0.24%
  61713 17235        cutoff          52338.0000    52212.9873  6303822    0.24%
  62004 17186    52291.3678   202    52338.0000    52213.6625  6333675    0.24%
  62279 17120    52299.8986   198    52338.0000    52214.4047  6364040    0.24%
Elapsed time = 545.60 sec. (889588.16 ticks, tree = 231.75 MB, solutions = 9)
  62538 17069    52240.9169   166    52338.0000    52215.0795  6389542    0.23%
  62819 17016    52245.6334   161    52338.0000    52215.8016  6420669    0.23%
  63120 16952    52229.7965   182    52338.0000    52216.4666  6454013    0.23%
  63396 16901    52277.5819   156    52338.0000    52217.1283  6485890    0.23%
  63691 16842    52229.6815   196    52338.0000    52217.8873  6518960    0.23%
  64042 16789        cutoff          52338.0000    52218.8649  6552229    0.23%
  64364 16693        cutoff          52338.0000    52219.9482  6584964    0.23%
  64706 16613        cutoff          52338.0000    52220.7393  6617878    0.22%
  65072 16629    52314.6067   182    52338.0000    52221.4470  6651523    0.22%
  65390 16596    52414.4754   211    52338.0000    52222.0465  6685146    0.22%
Elapsed time = 569.14 sec. (927829.60 ticks, tree = 224.97 MB, solutions = 9)
  65738 16632    52248.9967   216    52338.0000    52222.5827  6715978    0.22%
  66040 16582    52235.0929   181    52338.0000    52223.3369  6749055    0.22%
  66362 16512        cutoff          52338.0000    52224.1760  6782773    0.22%
  66496 16488    52225.3794   139    52338.0000    52224.5392  6799419    0.22%
  66839 16435    52287.2196   242    52338.0000    52225.3193  6834685    0.22%
  67184 16355        cutoff          52338.0000    52226.0513  6868882    0.21%
  67538 16263    52248.8851   188    52338.0000    52226.9223  6904227    0.21%
  67901 16224    52272.8480   206    52338.0000    52227.7458  6938689    0.21%
  68225 16137    52298.2372   147    52338.0000    52228.5951  6972956    0.21%
  68558 16053    52280.6282   162    52338.0000    52229.4981  7006300    0.21%
Elapsed time = 593.64 sec. (967006.58 ticks, tree = 217.91 MB, solutions = 9)
  68921 15985        cutoff          52338.0000    52230.3389  7040899    0.21%
  69241 15878    52257.9542   138    52338.0000    52231.1430  7075140    0.20%
  69596 15799    52272.1871   185    52338.0000    52231.9054  7104725    0.20%
  69923 15742    52322.8256   174    52338.0000    52232.6587  7139084    0.20%
  70223 15656    52319.5033   255    52338.0000    52233.4216  7172609    0.20%
  70559 15598        cutoff          52338.0000    52234.1377  7206665    0.20%
  71003 15642    52299.5060   189    52338.0000    52234.8714  7242872    0.20%
  71345 15526        cutoff          52338.0000    52235.6897  7276888    0.20%
  71658 15421    52254.9179   159    52338.0000    52236.6584  7307774    0.19%
  71961 15339    52292.9269   150    52338.0000    52237.3053  7337665    0.19%
Elapsed time = 617.17 sec. (1005266.34 ticks, tree = 208.54 MB, solutions = 9)
  72249 15249        cutoff          52338.0000    52238.0721  7369060    0.19%
  72531 15153    52263.2336   178    52338.0000    52238.7845  7401143    0.19%
  72849 15059    52240.7264   156    52338.0000    52239.5666  7432837    0.19%
  73242 15119        cutoff          52338.0000    52240.2725  7465418    0.19%
  73549 15007        cutoff          52338.0000    52241.0421  7496119    0.19%
  73913 14940    52333.4238   169    52338.0000    52241.7773  7527231    0.18%
  74255 14845    52249.7695   182    52338.0000    52242.5375  7559700    0.18%
  74631 14723    52263.9491   135    52338.0000    52243.5935  7591651    0.18%
  74988 14565        cutoff          52338.0000    52244.6278  7623684    0.18%
  75313 14453    52273.0277   191    52338.0000    52245.5375  7655978    0.18%
Elapsed time = 640.51 sec. (1043544.19 ticks, tree = 196.83 MB, solutions = 9)
  75647 14340        cutoff          52338.0000    52246.5608  7686989    0.17%
  75951 14245    52313.1531   176    52338.0000    52247.4369  7718092    0.17%
  76325 14191    52293.9946   184    52338.0000    52248.3181  7751074    0.17%
  76677 14076    52249.7338   147    52338.0000    52249.2273  7783078    0.17%
  77103 14139    52250.9596   151    52338.0000    52249.9253  7816224    0.17%
  77500 14173    52296.3113   181    52338.0000    52250.5882  7848421    0.17%
  77917 14180    52326.0000    47    52338.0000    52251.3229  7880190    0.17%
  78278 14100    52292.5789   110    52338.0000    52252.1637  7912516    0.16%
  78618 13976        cutoff          52338.0000    52253.1731  7944022    0.16%
  78968 13849    52335.8763   169    52338.0000    52254.1483  7977166    0.16%
Elapsed time = 663.71 sec. (1081842.95 ticks, tree = 189.00 MB, solutions = 9)
  79413 13848    52319.6666   186    52338.0000    52254.9701  8012825    0.16%
* 79710 10667      integral     0    52326.0000    52255.3408  8032531    0.14%
  79852 10596    52320.9204   205    52326.0000    52255.8244  8046660    0.13%
  80232 10454    52324.0684   141    52326.0000    52256.7771  8075810    0.13%
  80594 10268    52319.8694   210    52326.0000    52258.0001  8109963    0.13%
  80968 10079    52259.1893   167    52326.0000    52259.1909  8145003    0.13%
  81356  9905        cutoff          52326.0000    52260.3146  8178831    0.13%
  81684  9740    52306.7006   215    52326.0000    52261.4255  8213082    0.12%
  82044  9572        cutoff          52326.0000    52262.3953  8246275    0.12%
  82403  9426        cutoff          52326.0000    52263.3554  8280870    0.12%
  82799  9236        cutoff          52326.0000    52264.6252  8314301    0.12%
Elapsed time = 687.00 sec. (1120166.25 ticks, tree = 125.97 MB, solutions = 10)
  83175  9039        cutoff          52326.0000    52265.9496  8349263    0.11%
  83581  8845    52285.8399   180    52326.0000    52267.2253  8383513    0.11%
  83982  8641        cutoff          52326.0000    52268.4802  8416794    0.11%
  84322  8433        cutoff          52326.0000    52269.7185  8451653    0.11%
  84699  8208    52293.3809   108    52326.0000    52271.0000  8485899    0.11%
  85092  8003    52318.9803   151    52326.0000    52272.2897  8520747    0.10%
  85559  7749    52287.0111   130    52326.0000    52273.8070  8553793    0.10%
  85992  7503        cutoff          52326.0000    52275.2462  8588715    0.10%
  86375  7253    52303.4601   177    52326.0000    52276.7904  8623483    0.09%
  86798  6981    52286.2990   240    52326.0000    52278.4264  8658360    0.09%
Elapsed time = 710.61 sec. (1158409.07 ticks, tree = 95.45 MB, solutions = 10)
  87227  6708        cutoff          52326.0000    52279.8480  8692417    0.09%
  87641  6469    52299.5108   136    52326.0000    52281.3100  8725280    0.09%
  88131  6144        cutoff          52326.0000    52283.2621  8759792    0.08%
  88587  5849    52300.0036   203    52326.0000    52284.8834  8794336    0.08%
  89084  5494    52299.4737   208    52326.0000    52287.0972  8827055    0.07%
  89576  5136        cutoff          52326.0000    52289.4928  8860678    0.07%
  90029  4807        cutoff          52326.0000    52291.3291  8895169    0.07%
  90444  4488        cutoff          52326.0000    52293.1743  8925717    0.06%
  90884  4154        cutoff          52326.0000    52294.9197  8957413    0.06%
  91314  3844        cutoff          52326.0000    52296.9253  8987989    0.06%
Elapsed time = 734.27 sec. (1196685.11 ticks, tree = 52.93 MB, solutions = 10)
  91835  3403    52317.7069   171    52326.0000    52299.5431  9018531    0.05%
  92292  3027    52322.2928   226    52326.0000    52301.8337  9049457    0.05%
  92774  2633    52323.7333   192    52326.0000    52304.3043  9080119    0.04%
  93331  2170    52324.4061   142    52326.0000    52307.5287  9110384    0.04%
  93912  1653        cutoff          52326.0000    52311.0290  9139689    0.03%
  94606  1027        cutoff          52326.0000    52315.8870  9168293    0.02%

Clique cuts applied:  73
Cover cuts applied:  764
Implied bound cuts applied:  7
Flow cuts applied:  27
Mixed integer rounding cuts applied:  347
Zero-half cuts applied:  73
Lift and project cuts applied:  3
Gomory fractional cuts applied:  11

Root node processing (before b&c):
  Real time             =    1.65 sec. (2264.35 ticks)
Sequential b&c:
  Real time             =  749.37 sec. (1221193.68 ticks)
                          ------------
Total (root+branch&cut) =  751.02 sec. (1223458.03 ticks)
MIP: [1;32mCPLEX finished.[0m
MIP: [1;32mCPLEX status: Optimal[0m
MIP: [1;32mSolution: 
[30, 21, 6, 6, 17, 29, 30, 32, 18, 13, 25, 9, 19, 4, 29, 14, 8, 18, 34, 18, 26, 18, 29, 15, 14, 0, 15, 32, 11, 24, 4, 5, 1, 33, 16, 25, 18, 3, 8, 21, 29, 19, 25, 25, 26, 17, 18, 16, 25, 5, 31, 10, 18, 3, 25, 27, 7, 1, 30, 9, 28, 27, 8, 34, 16, 0, 7, 16, 11, 10][22, 15, -1, 7, 1, 7, 13, 15, 6, 5, 16, 20, -1, 12, 9, 5, 6, 23, 5, 4, -1, 23, -1, -1, 4, 9, 3, 16, 0, 22, 12, 13, 8, 3, 8][6, 6, -1, 15, 15, 3, 12, 9, 12, 9, -1, -1, 13, 16, -1, 16, 16, -1, -1, -1, 13, -1, 7, 3, -1][-1, -1, -1, 4, -1, -1, 8, 12, -1, 8, -1, -1, 3, 8, -1, 4, 12][-1, -1, -1, 0, 0, -1, -1, -1, 10, -1, -1, -1, 10][0m
MIP: [1;32mObjective value: 52326[0m
MIP: [1;32mLower Bound: 52320.8[0m
MIP: [1;32mBranch-and-Bound nodes: 95217[0m

# best solution:
best objective value:	52326
best dual bound value:	52326
optimality gap:	0%
CPU time:	748.752
