ifile	/scratch/csagturk/mlbp_inst/n0070_m03__082.inst
prob	MLBP
threads	1
ttime	900
instance: /scratch/csagturk/mlbp_inst/n0070_m03__082.inst
	m=3, n=[70, 43, 29, 23]
MIP: [1;32minit CPLEX[0m
CAN: [1;35mcreated 4924 x_{ijk} variables[0m
CAN: [1;35mcreated 165 y_{ij} variables[0m
MIP: [1;32mcreated decision variables[0m
CAN: [1;35madded 70 constraints to enforce the packing of each item[0m
CAN: [1;35madded 72 constraints to enforce the packing of each item[0m
CAN: [1;35madded 95 capacity constraints[0m
MIP: [1;32mcreated constraints[0m
MIP: [1;32mcreated objective function[0m
MIP: [1;32mcalling CPLEX solve ...[0m
Version identifier: 22.1.0.0 | 2022-03-09 | 1a383f8ce
CPXPARAM_Threads                                 1
CPXPARAM_TimeLimit                               900
Tried aggregator 2 times.
MIP Presolve eliminated 0 rows and 845 columns.
MIP Presolve modified 382 coefficients.
Aggregator did 216 substitutions.
Reduced MIP has 669 rows, 4678 columns, and 9333 nonzeros.
Reduced MIP has 4462 binaries, 0 generals, 0 SOSs, and 138 indicators.
Presolve time = 0.01 sec. (15.60 ticks)
Probing fixed 0 vars, tightened 81 bounds.
Probing changed sense of 72 constraints.
Probing time = 0.03 sec. (27.52 ticks)
Tried aggregator 1 time.
MIP Presolve eliminated 432 rows and 504 columns.
Reduced MIP has 237 rows, 4174 columns, and 8325 nonzeros.
Reduced MIP has 4174 binaries, 0 generals, 0 SOSs, and 0 indicators.
Presolve time = 0.01 sec. (10.27 ticks)
Tried aggregator 1 time.
Detecting symmetries...
Reduced MIP has 237 rows, 4174 columns, and 8325 nonzeros.
Reduced MIP has 4174 binaries, 0 generals, 0 SOSs, and 0 indicators.
Presolve time = 0.01 sec. (8.82 ticks)
Probing time = 0.00 sec. (2.80 ticks)
Clique table members: 1088.
MIP emphasis: balance optimality and feasibility.
MIP search method: dynamic search.
Parallel mode: none, using 1 thread.
Root relaxation solution time = 0.01 sec. (14.78 ticks)

        Nodes                                         Cuts/
   Node  Left     Objective  IInf  Best Integer    Best Bound    ItCnt     Gap

      0     0    46097.3578   117                  46097.3578      663         
      0     0    46120.5857   168                   Cuts: 148     1020         
      0     0    46123.7743   241                   Cuts: 159     1414         
      0     0    46136.6606   231                   Cuts: 159     1874         
      0     0    46143.4140   222                   Cuts: 144     2317         
      0     0    46154.5430   226                   Cuts: 145     2785         
      0     0    46164.2943   235                   Cuts: 152     3344         
      0     0    46170.2963   214                   Cuts: 145     3856         
      0     0    46173.2498   219                   Cuts: 152     4244         
      0     0    46182.1591   203                   Cuts: 109     4583         
      0     0    46188.5080   222                   Cuts: 132     5072         
      0     0    46190.9872   222                   Cuts: 134     5380         
*     0+    0                        60875.0000    46190.9872            24.12%
*     0+    0                        59961.0000    46190.9872            22.96%
*     0+    0                        54319.0000    46190.9872            14.96%
*     0+    0                        54153.0000    46190.9872            14.70%
*     0+    0                        52568.0000    46190.9872            12.13%
*     0+    0                        52491.0000    46190.9872            12.00%
*     0+    0                        50951.0000    46190.9872             9.34%
      0     0  -1.00000e+75     0    50951.0000    46190.9872     5380    9.34%
      0     2    46190.9872   133    50951.0000    46190.9872     5380    9.34%
Elapsed time = 1.06 sec. (1283.06 ticks, tree = 0.01 MB, solutions = 7)
    140   142    46243.1933    74    50951.0000    46190.9872     7405    9.34%
    250   248    46383.2796    85    50951.0000    46190.9872     9795    9.34%
    432   413    49738.7692    21    50951.0000    46190.9872    12038    9.34%
*   536+  511                        50539.0000    46190.9872             8.60%
*   536+  503                        49802.0000    46190.9872             7.25%
*   536+  503                        49758.0000    46190.9872             7.17%
*   536+  501                        49640.0000    46190.9872             6.95%
*   536+  500                        49596.0000    46190.9872             6.87%
*   536+  498                        49535.0000    46190.9872             6.75%
    536   500    46191.0186   148    49535.0000    46190.9872    13636    6.75%
*   537+  488                        48567.0000    46190.9872             4.89%
    537   490    46191.0186   151    48567.0000    46190.9872    13717    4.89%
*   637+  587                        48522.0000    46190.9872             4.80%
*   637+  585                        48461.0000    46190.9872             4.68%
    690   630    46326.3589   117    48461.0000    46190.9872    16130    4.68%
    834   757    46208.5868    96    48461.0000    46190.9872    18399    4.68%
    950   873    47191.5515    75    48461.0000    46190.9872    21115    4.68%
   1051   967    46309.0736   115    48461.0000    46190.9872    23320    4.68%

Performing restart 1

Repeating presolve.
Tried aggregator 1 time.
MIP Presolve modified 1264 coefficients.
Reduced MIP has 237 rows, 4174 columns, and 8325 nonzeros.
Reduced MIP has 4174 binaries, 0 generals, 0 SOSs, and 0 indicators.
Presolve time = 0.01 sec. (10.96 ticks)
Tried aggregator 1 time.
MIP Presolve modified 993 coefficients.
Reduced MIP has 237 rows, 4174 columns, and 8325 nonzeros.
Reduced MIP has 4174 binaries, 0 generals, 0 SOSs, and 0 indicators.
Presolve time = 0.01 sec. (12.52 ticks)
Represolve time = 0.10 sec. (76.83 ticks)
   1282     0    46037.5278   219    48461.0000     Cuts: 159    30683    4.68%
   1282     0    46067.3149   224    48461.0000     Cuts: 159    31409    4.68%
   1282     0    46101.5859   249    48461.0000     Cuts: 125    31887    4.68%
   1282     0    46120.3628   259    48461.0000     Cuts: 112    32320    4.68%
   1282     0    46130.4453   242    48461.0000     Cuts: 132    32650    4.68%
   1282     0    46141.7508   210    48461.0000     Cuts: 137    33180    4.68%
   1282     0    46181.5049   203    48461.0000     Cuts: 151    33613    4.68%
   1282     0    46207.5200   228    48461.0000     Cuts: 131    34132    4.65%
   1282     0    46209.7253   244    48461.0000     Cuts: 130    34643    4.65%
   1282     0    46223.1924   207    48461.0000     Cuts: 128    35229    4.62%
   1282     0    46227.3565   231    48461.0000     Cuts: 124    35660    4.61%
   1282     0    46230.2183   234    48461.0000     Cuts: 109    36152    4.60%
   1282     0    46234.0975   264    48461.0000     Cuts: 108    36654    4.60%
   1282     0    46235.8013   246    48461.0000     Cuts: 130    37160    4.59%
   1282     0    46244.5781   220    48461.0000     Cuts: 121    37747    4.57%
   1282     0    46246.1681   220    48461.0000      Cuts: 98    38157    4.57%
   1282     0    46248.4307   208    48461.0000      Cuts: 68    38558    4.57%
   1282     0    46248.7431   212    48461.0000      Cuts: 65    38933    4.57%
   1282     0    46250.9728   202    48461.0000      Cuts: 55    39363    4.56%
*  1282+    0                        47651.0000    46250.9728             2.94%
   1282     2    46250.9728   151    47651.0000    46250.9830    39363    2.94%
Elapsed time = 7.78 sec. (9783.22 ticks, tree = 0.01 MB, solutions = 17)
   1332    52    46489.4519    86    47651.0000    46255.5421    41004    2.93%
   1468   174    47257.2535    76    47651.0000    46258.8451    43876    2.92%
   1635   312    46292.5402   145    47651.0000    46261.8951    47508    2.92%
   1823   490    46626.8835   129    47651.0000    46262.2470    52680    2.91%
   2029   678    46268.1533   154    47651.0000    46268.2952    58255    2.90%
   2259   890    46276.1260   163    47651.0000    46271.7425    64826    2.89%
   2523  1128    46448.1410   165    47651.0000    46272.7445    71480    2.89%
   2717  1306    46568.9777   129    47651.0000    46274.9409    78150    2.89%
   2960  1541    46785.8424   128    47651.0000    46275.2510    84968    2.89%
   3217  1787    46855.5577    93    47651.0000    46276.1260    91371    2.89%
Elapsed time = 15.23 sec. (19445.75 ticks, tree = 10.44 MB, solutions = 17)
   3375  1926    46293.4153   185    47651.0000    46277.3725    98615    2.88%
   3551  2087    46521.8059   155    47651.0000    46277.5798   106108    2.88%
   3772  2287    47039.4085   119    47651.0000    46278.4457   113653    2.88%
   3965  2462    46332.2491   168    47651.0000    46278.6090   120429    2.88%
   4242  2728    46347.7262   177    47651.0000    46278.7261   129250    2.88%
   4525  2986    46412.9052   193    47651.0000    46279.4693   136525    2.88%
   4829  3279    47490.8579   122    47651.0000    46279.8828   144288    2.88%
   4992  3427    46683.2756   106    47651.0000    46280.3619   151225    2.88%
   5184  3598    46283.6232   218    47651.0000    46281.5405   157981    2.87%
   5352  3757    46312.4472   169    47651.0000    46282.4082   166772    2.87%
Elapsed time = 22.95 sec. (29336.51 ticks, tree = 23.73 MB, solutions = 17)
   5505  3898    46314.6643   157    47651.0000    46282.9301   174403    2.87%
   5615  3996    46320.9959   176    47651.0000    46283.7127   181176    2.87%
   5738  4109    46400.9868   234    47651.0000    46284.2123   188841    2.87%
   5949  4295    46387.1379   172    47651.0000    46284.4457   195825    2.87%
   6106  4446    46871.1899   149    47651.0000    46284.5063   204137    2.87%
   6207  4538    46310.4365   226    47651.0000    46285.1869   210479    2.87%
   6335  4660    47191.8762   131    47651.0000    46285.7366   216947    2.87%
   6404  4721    46526.1718   123    47651.0000    46286.2791   222752    2.86%
   6630  4916    47556.0000   110    47651.0000    46286.2791   231276    2.86%
   6728  5007    46346.1839   172    47651.0000    46286.9730   236770    2.86%
Elapsed time = 30.90 sec. (39444.52 ticks, tree = 33.81 MB, solutions = 17)
   6818  5086    46333.2859   259    47651.0000    46288.7909   244421    2.86%
   6887  5149    46443.1889   183    47651.0000    46289.7746   250872    2.86%
   7052  5308    46308.8837   214    47651.0000    46290.4683   258205    2.86%
   7138  5390    46828.7250   162    47651.0000    46290.7039   264248    2.85%
   7178  5427    46312.6675   220    47651.0000    46290.7229   267072    2.85%
   7227  5471    46465.4784   180    47651.0000    46290.9953   273301    2.85%
   7290  5530    46438.6683   192    47651.0000    46291.2317   279476    2.85%
   7393  5629    47208.6780   185    47651.0000    46291.3705   285032    2.85%
   7468  5697    46706.5149   116    47651.0000    46291.5868   290446    2.85%
   7540  5763    46646.4579   178    47651.0000    46292.3285   295245    2.85%
Elapsed time = 36.63 sec. (49521.69 ticks, tree = 40.52 MB, solutions = 17)
   7568  5787    46439.3099   175    47651.0000    46292.6570   299873    2.85%
   7617  5832    46307.5145   213    47651.0000    46292.8217   305367    2.85%
   7690  5899    46334.2368   277    47651.0000    46293.4288   313476    2.85%
   7714  5923    46708.8680   176    47651.0000    46293.4288   318663    2.85%
   7782  5987    46716.6996   147    47651.0000    46293.4417   323633    2.85%
   7849  6046    46785.8356   118    47651.0000    46293.7045   329049    2.85%
   7908  6101    46429.0398   190    47651.0000    46293.8919   333278    2.85%
   7943  6132    46472.9150   171    47651.0000    46293.9263   338799    2.85%
   8005  6186    46343.0627   244    47651.0000    46294.1193   346415    2.85%
   8063  6240    46349.2969   181    47651.0000    46294.2070   352470    2.85%
Elapsed time = 42.99 sec. (60667.04 ticks, tree = 45.07 MB, solutions = 17)
   8108  6281    46307.1582   215    47651.0000    46294.3690   359643    2.85%
   8227  6396    46650.7565   141    47651.0000    46294.4479   365341    2.85%
   8259  6424    46714.3872   183    47651.0000    46294.5681   372117    2.85%
   8282  6447    46775.1896   137    47651.0000    46294.5681   372807    2.85%
   8356  6517    46624.6017   149    47651.0000    46294.6103   378082    2.85%
   8430  6580    46451.0063   186    47651.0000    46294.9627   382855    2.85%
   8552  6699    46495.1371   181    47651.0000    46295.2117   387293    2.85%
   8660  6801    46722.0810   105    47651.0000    46295.5336   392703    2.84%
   8713  6846    46518.1673   179    47651.0000    46295.7433   397198    2.84%
   8801  6930    46372.1986   215    47651.0000    46296.1569   403315    2.84%
Elapsed time = 49.80 sec. (72062.83 ticks, tree = 51.87 MB, solutions = 17)
   8917  7041    47557.0000   112    47651.0000    46296.1569   409760    2.84%
   8980  7096    46332.4639   211    47651.0000    46296.3806   418214    2.84%
   9052  7166    infeasible          47651.0000    46296.3806   423706    2.84%
   9086  7192    46522.3347   224    47651.0000    46296.3806   428484    2.84%
   9152  7250    46794.9712   161    47651.0000    46296.3806   434946    2.84%
   9260  7351    46488.8347   194    47651.0000    46296.6130   442281    2.84%
   9331  7418    46471.0189   157    47651.0000    46296.8839   446852    2.84%
   9385  7467    46335.1138   226    47651.0000    46296.9013   452858    2.84%
   9436  7516    46883.3860   128    47651.0000    46296.9013   458930    2.84%
   9455  7531    46422.9336   226    47651.0000    46296.9508   463009    2.84%
Elapsed time = 55.88 sec. (82919.02 ticks, tree = 57.99 MB, solutions = 17)
   9512  7588    46765.6518   173    47651.0000    46296.9508   469586    2.84%
   9562  7634    46736.2064   113    47651.0000    46297.0403   474610    2.84%
   9683  7743    46781.1905   138    47651.0000    46297.0443   479924    2.84%
   9824  7880    46528.9302   104    47651.0000    46297.0718   484987    2.84%
   9851  7903    46594.1690   226    47651.0000    46297.4302   489916    2.84%
   9932  7980    46708.9555   226    47651.0000    46297.7182   495480    2.84%
   9954  7998    46399.5408   213    47651.0000    46297.7988   499903    2.84%
   9976  8020    46577.2905   190    47651.0000    46297.7988   505708    2.84%
  10030  8066    46805.7045   126    47651.0000    46297.9323   511632    2.84%
  10127  8154    46532.1836   108    47651.0000    46298.0985   517143    2.84%
Elapsed time = 61.29 sec. (92624.31 ticks, tree = 64.51 MB, solutions = 17)
  10198  8221    46727.9627   121    47651.0000    46298.1276   521938    2.84%
  10289  8305    46456.7547   220    47651.0000    46298.1422   529279    2.84%
  10378  8390        cutoff          47651.0000    46298.1422   535455    2.84%
  10445  8455    infeasible          47651.0000    46298.1422   540621    2.84%
  10494  8491    47430.4718   165    47651.0000    46298.1474   545989    2.84%
  10543  8534    46678.6031   195    47651.0000    46298.1710   551629    2.84%
  10582  8569    46509.1183   226    47651.0000    46298.3958   557105    2.84%
  10738  8725    46869.0000   110    47651.0000    46298.3958   563678    2.84%
  10802  8781    46796.6524   125    47651.0000    46298.6755   569830    2.84%
  10986  8938    infeasible          47651.0000    46299.1086   592504    2.84%
Elapsed time = 70.43 sec. (108050.00 ticks, tree = 73.18 MB, solutions = 17)
  11162  9098    46535.0066   229    47651.0000    46299.4475   612840    2.84%
  11372  9290    46358.8837   219    47651.0000    46299.5882   637285    2.84%
  11543  9453    47158.1679   141    47651.0000    46299.7432   657525    2.84%
  11744  9629    46485.0164   302    47651.0000    46300.0234   676448    2.84%
  11824  9701    46610.5568   230    47651.0000    46300.3262   695698    2.83%
* 11982+ 9726                        47610.0000    46300.4048             2.75%
* 11982+ 9225                        47501.0000    46300.4048             2.53%
  11982  9227    46802.5179   160    47501.0000    46300.4048   713953    2.53%
  11983  9228    46346.1436   287    47501.0000    46300.7425   715041    2.53%
  12155  9391    46673.5465   162    47501.0000    46301.6399   737366    2.52%
  12381  9592    46719.8469   133    47501.0000    46301.8599   757399    2.52%
* 12482+ 9395                        47358.0000    46301.8599             2.23%
  12544  9452    46361.3297   267    47358.0000    46302.3839   778235    2.23%
Elapsed time = 111.73 sec. (166114.18 ticks, tree = 81.02 MB, solutions = 20)
  12601  9503    46633.5363   172    47358.0000    46302.4600   791353    2.23%
  12753  9647    46489.2001   202    47358.0000    46302.6491   805990    2.23%
  12950  9832    46341.4645   236    47358.0000    46302.7948   828314    2.23%
* 12982+ 9635                        47246.0000    46302.7948             2.00%
  13082  9728    46670.9846   130    47246.0000    46302.8572   840106    2.00%
  13423 10032    46448.3193   197    47246.0000    46302.9558   863667    2.00%
  13582 10182    46475.9593   198    47246.0000    46303.2434   874509    2.00%
  13700 10286    46849.5126   206    47246.0000    46303.3252   893843    2.00%
  13858 10426    46380.1527   222    47246.0000    46303.5469   914259    1.99%
  14024 10583    46521.2413   205    47246.0000    46303.6828   937480    1.99%
  14288 10823    46356.8546   256    47246.0000    46303.9181   959406    1.99%
Elapsed time = 136.63 sec. (206927.43 ticks, tree = 98.00 MB, solutions = 21)
  14490 11012    46845.1669   207    47246.0000    46304.8053   983348    1.99%
  14661 11164    46596.1399   213    47246.0000    46304.9436  1006867    1.99%
  14830 11320    46829.7427   232    47246.0000    46305.6288  1028061    1.99%
  15006 11477    46370.7026   268    47246.0000    46306.2580  1049006    1.99%
  15170 11620    47046.5385   143    47246.0000    46306.6579  1073317    1.99%
  15365 11803    46946.0000   130    47246.0000    46307.0717  1091275    1.99%
  15553 11954    47244.5697   151    47246.0000    46307.1778  1115995    1.99%
  15687 12069    46433.9223   167    47246.0000    46307.8729  1135210    1.99%
  15937 12298    46460.9633   225    47246.0000    46308.1818  1160066    1.98%
  16082 12434    46981.4200   151    47246.0000    46308.5116  1180705    1.98%
Elapsed time = 161.45 sec. (248005.83 ticks, tree = 118.41 MB, solutions = 21)
  16289 12624    46384.2833   181    47246.0000    46309.2012  1202700    1.98%
  16450 12769    46574.3365   178    47246.0000    46309.9726  1225088    1.98%
  16703 12993    46829.8857   172    47246.0000    46310.4818  1247609    1.98%
  17107 13375    47093.0000    49    47246.0000    46311.0183  1270210    1.98%
  17307 13542    46682.4348   183    47246.0000    46311.2263  1293249    1.98%
  17443 13663    46533.1840   183    47246.0000    46311.6813  1315385    1.98%
  17698 13889    46591.1460   166    47246.0000    46312.6749  1337960    1.98%
  17782 13959    46408.6265   256    47246.0000    46313.2514  1346941    1.97%
  18064 14218    46439.1158   293    47246.0000    46313.8511  1377991    1.97%
  18317 14456    47056.7057   187    47246.0000    46314.3293  1404276    1.97%
Elapsed time = 184.29 sec. (286679.99 ticks, tree = 144.48 MB, solutions = 21)
  18505 14614    46441.9307   266    47246.0000    46315.1110  1430606    1.97%
  18697 14788    46338.8644   278    47246.0000    46316.1355  1458393    1.97%
  18867 14941    46402.6796   267    47246.0000    46316.5093  1484940    1.97%
  18982 15046    46625.9055   230    47246.0000    46316.6902  1502292    1.97%
  19300 15340        cutoff          47246.0000    46317.2011  1529483    1.97%
  19392 15427    46663.6913   150    47246.0000    46317.2851  1555844    1.97%
  19626 15641    46458.1192   282    47246.0000    46317.5418  1583035    1.97%
  19860 15858    46741.5330   135    47246.0000    46317.9512  1610233    1.96%
  20070 16050    46362.0078   253    47246.0000    46318.2935  1639414    1.96%
  20319 16276    46735.3173   187    47246.0000    46318.3902  1671077    1.96%
Elapsed time = 208.21 sec. (327153.51 ticks, tree = 167.98 MB, solutions = 21)
  20482 16420    46918.2311   163    47246.0000    46318.5244  1694429    1.96%
  20665 16565    46362.2965   227    47246.0000    46318.8097  1719333    1.96%
  20858 16726    46590.0557   180    47246.0000    46319.3122  1743867    1.96%
  21042 16894    46606.0080   143    47246.0000    46319.7483  1766846    1.96%
  21282 17116    47122.0734   187    47246.0000    46320.1076  1789757    1.96%
  21414 17234    infeasible          47246.0000    46320.6238  1812548    1.96%
  21574 17383    46657.7319   211    47246.0000    46320.9341  1836674    1.96%
  21805 17591    46499.7249   211    47246.0000    46321.3793  1860553    1.96%
  22155 17903    46609.4027   199    47246.0000    46321.7175  1887621    1.96%
  22258 17992    46604.6682   167    47246.0000    46322.1398  1911066    1.96%
Elapsed time = 233.42 sec. (369393.61 ticks, tree = 190.80 MB, solutions = 21)
  22458 18165    46365.7258   258    47246.0000    46322.3389  1935807    1.96%
  22671 18366    46618.6348   193    47246.0000    46322.4158  1959297    1.95%
  22835 18519    46653.8457   168    47246.0000    46322.7598  1983364    1.95%
* 22982+18472                        47219.0000    46322.8735             1.90%
  23020 18512    47055.0000    85    47219.0000    46322.8735  1994557    1.90%
  23144 18617    46451.7883   191    47219.0000    46322.9628  2007687    1.90%
  23272 18732    46958.5941   168    47219.0000    46323.3944  2032490    1.90%
  23382 18832    46685.1384   199    47219.0000    46323.6220  2057189    1.90%
  23567 18987    46489.7094   187    47219.0000    46323.8740  2084352    1.90%
  23734 19125    46928.0509   182    47219.0000    46324.1919  2112908    1.90%
  23969 19336    46413.3652   274    47219.0000    46324.9790  2141450    1.89%
Elapsed time = 258.67 sec. (410759.24 ticks, tree = 208.28 MB, solutions = 22)
  24123 19475    46682.3832   169    47219.0000    46325.1764  2168140    1.89%
  24300 19623    infeasible          47219.0000    46325.8579  2198577    1.89%
  24482 19781    46459.4273   201    47219.0000    46326.4941  2221130    1.89%
  24641 19921    46890.7261   190    47219.0000    46326.9445  2248638    1.89%
  24843 20091    46818.2560   154    47219.0000    46327.1385  2277392    1.89%
  25013 20241    46755.0000   153    47219.0000    46327.4907  2306127    1.89%
  25203 20398    46610.4317   266    47219.0000    46327.8137  2335920    1.89%
  25478 20643    46388.7726   228    47219.0000    46328.1220  2368366    1.89%
  25674 20827    46633.2870   248    47219.0000    46328.4433  2395192    1.89%
  25845 20974    46515.5834   186    47219.0000    46328.6916  2423117    1.89%
Elapsed time = 283.56 sec. (452160.59 ticks, tree = 229.45 MB, solutions = 22)
  26041 21152    46567.2669   238    47219.0000    46328.7761  2449413    1.89%
  26182 21279    46656.9256   138    47219.0000    46329.0417  2470058    1.88%
  26293 21367    46811.0337   187    47219.0000    46329.2443  2494844    1.88%
  26427 21479    46403.6984   276    47219.0000    46329.7978  2518571    1.88%
  26609 21644    46383.4231   239    47219.0000    46329.9791  2543371    1.88%
  26830 21844    46874.3026   139    47219.0000    46330.2536  2568828    1.88%
  26978 21960    46680.9138   200    47219.0000    46330.4676  2592277    1.88%
  27147 22107    46627.9662   160    47219.0000    46330.6303  2618121    1.88%
  27326 22263    46398.8268   220    47219.0000    46331.3461  2642839    1.88%
  27482 22401    46737.0033   118    47219.0000    46331.4928  2662340    1.88%
Elapsed time = 309.14 sec. (494523.33 ticks, tree = 247.82 MB, solutions = 22)
  27647 22544    46341.6067   256    47219.0000    46331.8776  2686416    1.88%
  27852 22728    46755.7992   180    47219.0000    46332.3238  2711028    1.88%
  28123 22976    46697.6508   138    47219.0000    46332.6427  2740306    1.88%
  28324 23159    46916.4444   112    47219.0000    46332.8295  2765230    1.88%
  28498 23313    46457.4901   205    47219.0000    46333.4118  2788209    1.88%
* 28582+21931                        47057.0000    46333.4897             1.54%
  28618 21965    46497.4775   217    47057.0000    46333.7512  2803650    1.54%
  28682 22024    46494.7431   234    47057.0000    46333.7873  2809963    1.54%
  28845 22165    46408.0974   258    47057.0000    46334.3360  2836188    1.54%
  28953 22254    46737.0587   176    47057.0000    46334.4011  2860719    1.54%
  29237 22489    46702.0335    90    47057.0000    46334.5368  2890922    1.54%
Elapsed time = 333.51 sec. (534297.65 ticks, tree = 250.79 MB, solutions = 23)
  29382 22622    46728.7788   141    47057.0000    46334.8233  2913709    1.53%
  29572 22779    46654.2978   193    47057.0000    46335.0455  2941629    1.53%
  29792 22986    46550.7600   178    47057.0000    46335.1899  2970203    1.53%
  29986 23165    46856.1918   205    47057.0000    46335.2777  2997983    1.53%
  30098 23261    46502.0914   192    47057.0000    46335.6439  3023661    1.53%
  30363 23512    46384.4349   214    47057.0000    46335.9666  3053137    1.53%
  30482 23627    46525.5896   184    47057.0000    46335.9684  3075003    1.53%
  30639 23767        cutoff          47057.0000    46336.3848  3102668    1.53%
  30949 24053    46487.3552   226    47057.0000    46336.5159  3135338    1.53%
  31167 24248    46488.5660   169    47057.0000    46336.8710  3163507    1.53%
Elapsed time = 358.67 sec. (575577.03 ticks, tree = 273.45 MB, solutions = 23)
  31376 24430    46809.4130   184    47057.0000    46337.1440  3193006    1.53%
* 31382+21262                        46908.0000    46337.1440             1.22%
  31474 21337    46565.3180   194    46908.0000    46337.3989  3205312    1.22%
  31582 21438    46808.6250    93    46908.0000    46337.4254  3214456    1.22%
  31856 21690    46863.6004   248    46908.0000    46337.6973  3243618    1.22%
  32030 21837    46861.7660   119    46908.0000    46338.3599  3271775    1.21%
  32398 22123    46428.5398   192    46908.0000    46338.6964  3301345    1.21%
  32575 22286        cutoff          46908.0000    46338.7998  3329980    1.21%
  32702 22395    46369.1537   262    46908.0000    46339.1450  3351267    1.21%
  32858 22530    46359.8373   284    46908.0000    46339.4791  3376867    1.21%
  32982 22641    46789.1569   157    46908.0000    46339.5522  3398832    1.21%
Elapsed time = 385.19 sec. (617952.39 ticks, tree = 256.65 MB, solutions = 24)
  33129 22764    46454.0413   182    46908.0000    46339.7291  3422507    1.21%
  33257 22871    46796.6524   118    46908.0000    46339.9352  3447198    1.21%
  33447 23036    46718.3647   184    46908.0000    46340.1709  3473969    1.21%
  33626 23193    46374.4721   239    46908.0000    46340.4008  3499520    1.21%
  33807 23346    46673.1717   181    46908.0000    46341.0710  3524392    1.21%
  33985 23500    46707.4291   272    46908.0000    46341.4068  3550648    1.21%
  34136 23618    46648.7417   208    46908.0000    46341.7964  3575216    1.21%
  34299 23755    46555.3016   227    46908.0000    46342.3707  3599484    1.21%
  34437 23880    46819.3846   169    46908.0000    46342.5039  3621771    1.21%
  34562 23977    46451.6902   170    46908.0000    46342.8685  3646740    1.20%
Elapsed time = 407.62 sec. (656449.91 ticks, tree = 273.87 MB, solutions = 24)
  34830 24217    46868.0000   128    46908.0000    46342.9981  3669008    1.20%
  35003 24374    46768.0000    76    46908.0000    46343.1734  3692832    1.20%
  35095 24449    46893.7734   221    46908.0000    46343.3123  3716561    1.20%
  35255 24585    46593.4002   181    46908.0000    46343.4368  3744268    1.20%
  35382 24695    46575.9310   220    46908.0000    46343.5754  3763432    1.20%
  35558 24852    46412.0170   271    46908.0000    46343.7538  3790747    1.20%
  35703 24978    46761.9385   206    46908.0000    46343.7994  3817050    1.20%
  35830 25083    46413.9130   136    46908.0000    46344.1176  3843829    1.20%
  35990 25223    46792.3812   176    46908.0000    46344.1264  3872171    1.20%
  36207 25420    46552.3696   148    46908.0000    46344.3683  3895024    1.20%
Elapsed time = 431.58 sec. (696188.27 ticks, tree = 292.46 MB, solutions = 24)
  36402 25590    46509.2762   202    46908.0000    46344.5392  3921887    1.20%
  36609 25760    46409.8589   210    46908.0000    46344.7891  3950697    1.20%
  36808 25935    46804.5514   119    46908.0000    46344.9796  3972148    1.20%
  37000 26104    46630.0582   209    46908.0000    46345.3482  3999258    1.20%
  37299 26382    46511.7148   213    46908.0000    46345.4572  4026913    1.20%
  37382 26457    46859.6806   214    46908.0000    46345.4572  4036340    1.20%
  37597 26649    46503.8010   199    46908.0000    46345.4572  4065201    1.20%
  37782 26804    46477.3226   230    46908.0000    46345.4572  4092802    1.20%
  38006 26998    46766.5510   176    46908.0000    46345.4572  4118672    1.20%
  38181 27143    46506.1983   211    46908.0000    46345.4572  4147436    1.20%
Elapsed time = 455.10 sec. (735895.55 ticks, tree = 314.65 MB, solutions = 24)
  38351 27283    46453.5093   190    46908.0000    46345.5776  4176632    1.20%
  38614 27515    46880.0000    74    46908.0000    46346.1948  4205084    1.20%
  38894 27758    46846.1801   159    46908.0000    46346.4215  4232523    1.20%
  39043 27874    46435.4737   239    46908.0000    46346.9217  4261559    1.20%
  39135 27960    46832.7459   175    46908.0000    46346.9307  4272823    1.20%
  39407 28198    46506.0000   179    46908.0000    46347.5084  4299926    1.19%
  39605 28366    46717.6914   219    46908.0000    46347.9816  4325618    1.19%
  39761 28502    46677.5451   186    46908.0000    46348.1950  4350894    1.19%
  39970 28684    46434.9196   271    46908.0000    46348.5001  4376587    1.19%
  40168 28856    46768.3182   157    46908.0000    46348.8213  4401749    1.19%
Elapsed time = 478.18 sec. (774426.89 ticks, tree = 336.69 MB, solutions = 24)
  40201 28881    46853.5660   233    46908.0000    46349.0738  4412657    1.19%
  40348 29005    46526.5141   190    46908.0000    46349.2460  4437185    1.19%
  40485 29124    46827.0000    98    46908.0000    46349.4335  4462200    1.19%
  40606 29220    46453.0782   290    46908.0000    46349.5307  4487150    1.19%
  40760 29351    46523.8769   240    46908.0000    46349.5307  4510732    1.19%
  40911 29482    46548.3215   192    46908.0000    46349.5307  4534536    1.19%
  41078 29633    46609.5953   193    46908.0000    46349.5307  4559388    1.19%
  41082 29637    46616.0173   182    46908.0000    46349.5307  4559507    1.19%
  41283 29814    46522.9786   216    46908.0000    46349.5307  4584413    1.19%
  41430 29940    46582.2582   207    46908.0000    46349.5307  4610902    1.19%
Elapsed time = 501.43 sec. (812955.24 ticks, tree = 350.71 MB, solutions = 24)
  41642 30124    46455.8833   201    46908.0000    46349.5307  4636309    1.19%
  41874 30327    46562.5152   161    46908.0000    46349.8882  4661544    1.19%
  42028 30466    46768.2723   187    46908.0000    46350.2331  4686923    1.19%
  42262 30673    46808.0000   103    46908.0000    46350.4582  4711891    1.19%
  42373 30764    46517.3463   237    46908.0000    46350.6985  4737164    1.19%
  42622 30991    46399.6705   214    46908.0000    46350.8940  4762243    1.19%
  42814 31159    46814.1101   175    46908.0000    46351.1193  4788451    1.19%
  42969 31293    46576.1708   245    46908.0000    46351.2196  4807238    1.19%
  43088 31389    46783.9018   179    46908.0000    46351.4222  4833410    1.19%
  43261 31523    46490.6022   266    46908.0000    46351.6101  4860879    1.19%
Elapsed time = 523.68 sec. (851509.90 ticks, tree = 371.10 MB, solutions = 24)
  43382 31618    46441.6511   260    46908.0000    46352.0305  4888498    1.19%
  43564 31773    46500.2881   215    46908.0000    46352.3328  4915605    1.18%
  43711 31898    46539.9951   171    46908.0000    46352.5809  4942660    1.18%
  43940 32093    46412.7772   250    46908.0000    46352.8530  4971608    1.18%
  44128 32250    46397.5474   194    46908.0000    46353.0616  4999505    1.18%
  44268 32368    46375.2379   267    46908.0000    46353.3593  5026423    1.18%
  44420 32500    46709.3316   179    46908.0000    46353.4404  5053964    1.18%
  44627 32676    46676.2722   226    46908.0000    46353.6580  5081878    1.18%
  44770 32798    46802.0000   215    46908.0000    46353.7094  5110088    1.18%
  44952 32960    46458.6640   157    46908.0000    46353.9889  5135303    1.18%
Elapsed time = 548.70 sec. (894185.62 ticks, tree = 391.01 MB, solutions = 24)
  45277 33242    46746.1767   210    46908.0000    46354.0769  5167465    1.18%
  45428 33369    46547.8080   194    46908.0000    46354.6302  5189864    1.18%
  45575 33496    46678.3595   201    46908.0000    46354.7883  5217942    1.18%
  45762 33654    46454.9200   244    46908.0000    46354.9796  5244996    1.18%
  45797 33689    46733.4810   155    46908.0000    46354.9796  5246903    1.18%
  45997 33866    46897.0000   127    46908.0000    46355.3996  5275983    1.18%
  46194 34035    46601.8027   150    46908.0000    46355.5522  5303882    1.18%
  46401 34212    46711.3786   220    46908.0000    46355.8343  5332925    1.18%
  46614 34404    46486.5411   207    46908.0000    46355.9882  5361083    1.18%
  46715 34485    46563.7781   256    46908.0000    46356.1208  5389273    1.18%
Elapsed time = 571.54 sec. (932887.28 ticks, tree = 410.66 MB, solutions = 24)
  46849 34602    46707.1278   163    46908.0000    46356.2651  5415341    1.18%
  47063 34780    46411.2845   194    46908.0000    46356.6580  5442697    1.18%
  47252 34947    46787.4098   251    46908.0000    46356.9399  5471222    1.17%
  47303 34980    46756.6436   218    46908.0000    46357.0598  5492065    1.17%
  47467 35114    46378.8342   218    46908.0000    46357.2359  5519094    1.17%
  47582 35214    46668.0794   170    46908.0000    46357.3995  5543010    1.17%
  47771 35381    46394.0681   239    46908.0000    46357.6465  5566948    1.17%
  47970 35553    46652.9565   158    46908.0000    46357.7616  5594395    1.17%
  48142 35689    46754.0846   146    46908.0000    46358.1237  5620126    1.17%
  48311 35833    46677.7965   161    46908.0000    46358.2608  5646953    1.17%
Elapsed time = 596.85 sec. (975286.86 ticks, tree = 428.04 MB, solutions = 24)
  48508 36008    46616.9072   296    46908.0000    46358.4131  5673852    1.17%
  48705 36172    46457.4206   223    46908.0000    46358.5801  5699257    1.17%
  48807 36256    46388.0459   190    46908.0000    46358.6775  5725879    1.17%
  48975 36402    46529.3556   178    46908.0000    46358.9789  5750771    1.17%
  49167 36560    46427.6001   287    46908.0000    46359.3927  5776996    1.17%
  49182 36575    46702.9040   168    46908.0000    46359.3927  5781195    1.17%
  49449 36807    46805.0000   107    46908.0000    46359.6112  5807344    1.17%
  49562 36904    46682.1575   198    46908.0000    46359.8680  5831829    1.17%
  49882 37186    46462.3407   259    46908.0000    46360.1031  5858766    1.17%
  50102 37377    46473.6749   279    46908.0000    46360.2654  5883584    1.17%
Elapsed time = 620.07 sec. (1014711.42 ticks, tree = 447.90 MB, solutions = 24)
  50260 37502    46408.3830   244    46908.0000    46360.4824  5910193    1.17%
  50452 37672    46840.6263   212    46908.0000    46360.5557  5936149    1.17%
  50586 37779    46460.6705   140    46908.0000    46360.8515  5961698    1.17%
  50764 37934    46696.5018   195    46908.0000    46361.1637  5987359    1.17%
  50917 38060    46795.7708   168    46908.0000    46361.4066  6013293    1.17%
  51082 38198    46800.3851   172    46908.0000    46361.7500  6035700    1.16%
  51226 38319    46461.6003   155    46908.0000    46361.9589  6062799    1.16%
  51426 38482    46512.8987   176    46908.0000    46362.3786  6089583    1.16%
  51651 38686    46856.3810   172    46908.0000    46362.7626  6116984    1.16%
  51818 38821    46594.7600   159    46908.0000    46363.0645  6143644    1.16%
Elapsed time = 643.05 sec. (1054190.59 ticks, tree = 466.50 MB, solutions = 24)
  51882 38875    46457.3260   217    46908.0000    46363.1640  6152487    1.16%
  52080 39050    46569.4111   177    46908.0000    46363.3057  6179542    1.16%
  52257 39193    46523.4124   208    46908.0000    46363.5057  6206290    1.16%
  52594 39503    46849.0000   128    46908.0000    46363.5539  6237257    1.16%
  52803 39676    46607.0736   168    46908.0000    46363.7173  6266612    1.16%
  52979 39825    46489.6320   275    46908.0000    46363.8408  6295130    1.16%
  53152 39959    46630.3630   156    46908.0000    46364.0139  6324322    1.16%
  53446 40226    infeasible          46908.0000    46364.2499  6355471    1.16%
  53589 40323    46499.4671   186    46908.0000    46364.4400  6385806    1.16%
  53738 40447    46461.3125   280    46908.0000    46364.7101  6414601    1.16%
Elapsed time = 666.90 sec. (1094293.05 ticks, tree = 487.42 MB, solutions = 24)
  53782 40486    46561.8994   220    46908.0000    46364.7904  6421842    1.16%
  54009 40684    46549.1738   177    46908.0000    46365.0511  6450574    1.16%
  54117 40764    46633.3521   194    46908.0000    46365.1755  6479608    1.16%
  54343 40950    46674.5208   213    46908.0000    46365.5226  6509133    1.16%
  54581 41151    46503.4695   203    46908.0000    46365.6895  6539379    1.16%
  54783 41323    46823.0736   183    46908.0000    46365.9913  6567556    1.16%
  54929 41439    46589.2595   201    46908.0000    46366.1531  6595219    1.16%
  55130 41609    46518.5190   194    46908.0000    46366.2712  6624449    1.15%
  55496 41936    46486.1742   256    46908.0000    46366.3849  6660562    1.15%
  55682 42099    46512.7036   151    46908.0000    46366.5757  6686263    1.15%
Elapsed time = 691.56 sec. (1135555.97 ticks, tree = 508.68 MB, solutions = 24)
  55870 42253    46728.6200   186    46908.0000    46366.7694  6715020    1.15%
  56175 42513    46494.3616   228    46908.0000    46367.1283  6743465    1.15%
  56338 42649    46689.6763   199    46908.0000    46367.4138  6770144    1.15%
  56525 42804    46686.6366   162    46908.0000    46367.5291  6795115    1.15%
  56673 42918        cutoff          46908.0000    46367.8440  6821599    1.15%
  56721 42962    46774.1264   231    46908.0000    46368.0028  6830460    1.15%
  56911 43120    46585.5812   166    46908.0000    46368.1977  6855085    1.15%
  57124 43303    46486.4473   217    46908.0000    46368.3206  6881351    1.15%
  57264 43420    46762.4286   145    46908.0000    46368.4837  6907327    1.15%
  57408 43531    46446.2096   229    46908.0000    46368.8248  6931268    1.15%
Elapsed time = 714.55 sec. (1174373.15 ticks, tree = 527.12 MB, solutions = 24)
  57628 43736    46633.1492   210    46908.0000    46368.9739  6959215    1.15%
  57769 43860    46756.1674   173    46908.0000    46369.1979  6982408    1.15%
  57882 43954    46835.8071   235    46908.0000    46369.2357  7006724    1.15%
  58005 44043    46556.1830   201    46908.0000    46369.4012  7032034    1.15%
  58197 44198    46527.1842   167    46908.0000    46369.6113  7059281    1.15%
  58347 44321    46843.0227   178    46908.0000    46369.7106  7085241    1.15%
  58530 44469    46444.6925   219    46908.0000    46369.8904  7113045    1.15%
  58694 44603    46695.1764   161    46908.0000    46370.0091  7138877    1.15%
  58794 44683    46431.6942   256    46908.0000    46370.1064  7164238    1.15%
  58971 44833    46667.8139   195    46908.0000    46370.4413  7192259    1.15%
Elapsed time = 739.97 sec. (1216949.08 ticks, tree = 543.87 MB, solutions = 24)
  59171 45009    46526.8177   229    46908.0000    46370.5607  7219105    1.15%
  59300 45118    46615.1484   240    46908.0000    46370.7440  7243851    1.15%
  59508 45282    46484.9821   187    46908.0000    46371.0731  7269342    1.14%
  59582 45348    46664.3548   184    46908.0000    46371.1066  7276995    1.14%
  59765 45507    46628.0230   175    46908.0000    46371.3865  7301686    1.14%
  59930 45636    46465.4761   244    46908.0000    46371.5242  7328845    1.14%
  60038 45731    46755.2935   184    46908.0000    46371.5700  7354906    1.14%
  60205 45863    46725.7925   193    46908.0000    46371.7963  7380676    1.14%
  60347 45977    46516.2292   129    46908.0000    46371.9238  7408060    1.14%
  60550 46150    46500.9611   205    46908.0000    46372.2262  7435998    1.14%
Elapsed time = 763.16 sec. (1255693.88 ticks, tree = 560.83 MB, solutions = 24)
  60757 46323    46386.1316   234    46908.0000    46372.4092  7464963    1.14%
  60949 46499    46902.0000   124    46908.0000    46372.4636  7483067    1.14%
  61153 46674    46643.9114   178    46908.0000    46372.6346  7513861    1.14%
  61462 46927    46609.4927   174    46908.0000    46372.7359  7547594    1.14%
  61699 47131    46422.5961   205    46908.0000    46372.8050  7578109    1.14%
  61998 47402    46452.4095   219    46908.0000    46372.8943  7603490    1.14%
  62118 47501    46509.5124   182    46908.0000    46373.0737  7628500    1.14%
  62322 47666    46467.8767   226    46908.0000    46373.3362  7657985    1.14%
  62382 47720    46655.9764   142    46908.0000    46373.4314  7664519    1.14%
  62605 47907    46705.2537   192    46908.0000    46373.5963  7693537    1.14%
Elapsed time = 786.25 sec. (1294309.95 ticks, tree = 583.44 MB, solutions = 24)
  62756 48032    46622.3800   177    46908.0000    46373.7837  7721952    1.14%
  62977 48218    46867.8673   223    46908.0000    46374.0521  7751107    1.14%
  63179 48383    46665.8933   219    46908.0000    46374.3769  7780538    1.14%
  63382 48556    46825.5998   244    46908.0000    46374.7029  7808537    1.14%
  63595 48727    46415.7934   229    46908.0000    46375.1922  7838748    1.14%
  63682 48784    46393.2716   252    46908.0000    46375.3031  7864663    1.14%
  63857 48936    46619.7654   157    46908.0000    46375.4888  7893681    1.14%
  64102 49171    46602.0000   124    46908.0000    46375.4995  7923482    1.14%
  64254 49297    46676.7537   185    46908.0000    46375.5756  7952355    1.14%
Starting limited solution polishing.
  64546 49557    46805.0000   106    46908.0000    46375.7937  7982728    1.13%
Elapsed time = 811.98 sec. (1337386.23 ticks, tree = 604.67 MB, solutions = 24)
  64714 49703    46755.4147   193    46908.0000    46375.9497  8010449    1.13%
  64858 49820    46525.5621   198    46908.0000    46376.0330  8034980    1.13%
* 64882+48078                        46889.0000    46376.0330             1.09%
  64982 48157    46496.0990   124    46889.0000    46376.2310  8056355    1.09%
  65118 48277    46748.2730   221    46889.0000    46376.2992  8082066    1.09%
  65182 48332    46868.6147   172    46889.0000    46376.3066  8090705    1.09%
  65362 48482    46499.3927   195    46889.0000    46376.4845  8113178    1.09%
  65481 48590    46718.7749   150    46889.0000    46376.5531  8122700    1.09%
  65617 48695    46718.8684   232    46889.0000    46376.8147  8144609    1.09%
  65682 48751    46605.1438   209    46889.0000    46376.8342  8151520    1.09%
  65830 48878    46661.3207   169    46889.0000    46376.9276  8169609    1.09%
Elapsed time = 838.28 sec. (1378492.74 ticks, tree = 597.09 MB, solutions = 25)
  65886 48924    46649.6821   221    46889.0000    46376.9845  8178107    1.09%
  66046 49057    46775.9190   170    46889.0000    46377.1128  8198629    1.09%
  66193 49176    46724.0967   198    46889.0000    46377.2610  8216767    1.09%
  66382 49329    46816.9507   198    46889.0000    46377.5765  8241342    1.09%
  66546 49465    46831.3279   192    46889.0000    46377.6865  8263621    1.09%
  66682 49571    46876.7448   180    46889.0000    46377.7513  8284354    1.09%
  66791 49660    46625.3989   199    46889.0000    46378.0514  8303131    1.09%
  66923 49766    46742.6675   153    46889.0000    46378.1786  8322523    1.09%
  67060 49881    46764.5475   172    46889.0000    46378.2708  8349859    1.09%
  67093 49910    46784.9005   155    46889.0000    46378.3350  8360428    1.09%
Elapsed time = 863.99 sec. (1419745.84 ticks, tree = 610.35 MB, solutions = 25)
  67182 49979    46630.7185   196    46889.0000    46378.4675  8374539    1.09%
  67282 50062    46787.1862   211    46889.0000    46378.5199  8386520    1.09%
  67400 50159    46602.6641   251    46889.0000    46378.5307  8411368    1.09%
  67531 50273    46476.0524   229    46889.0000    46378.5307  8432197    1.09%
  67682 50408    46607.0663   192    46889.0000    46378.5307  8449779    1.09%
  67826 50529    46617.1302   203    46889.0000    46378.5307  8471572    1.09%
  67982 50668    46723.0933   117    46889.0000    46378.5307  8492327    1.09%
  68122 50793    46697.7134   213    46889.0000    46378.5307  8514068    1.09%
  68312 50942        cutoff          46889.0000    46378.5307  8535376    1.09%
  68454 51058    46555.3071   166    46889.0000    46378.5307  8559156    1.09%
Elapsed time = 892.27 sec. (1464460.79 ticks, tree = 625.23 MB, solutions = 25)
  68582 51168    46634.5106   170    46889.0000    46378.5307  8576085    1.09%
  68757 51324    46796.1536   171    46889.0000    46378.5307  8602607    1.09%
* 68782+51054                        46885.0000    46378.5307             1.08%
  68877 51134    46476.0360   197    46885.0000    46378.5307  8619168    1.08%

Clique cuts applied:  55
Cover cuts applied:  798
Implied bound cuts applied:  4
Flow cuts applied:  28
Mixed integer rounding cuts applied:  219
Zero-half cuts applied:  77
Gomory fractional cuts applied:  7

Root node processing (before b&c):
  Real time             =    1.04 sec. (1269.29 ticks)
Sequential b&c:
  Real time             =  898.96 sec. (1475677.24 ticks)
                          ------------
Total (root+branch&cut) =  900.00 sec. (1476946.54 ticks)
MIP: [1;32mCPLEX finished.[0m
MIP: [1;32mCPLEX status: Feasible[0m
MIP: [1;32mSolution: 
[24, 29, 14, 30, 42, 8, 23, 12, 14, 4, 34, 33, 21, 27, 38, 25, 27, 3, 29, 28, 17, 2, 41, 30, 24, 8, 5, 6, 9, 2, 17, 22, 15, 15, 17, 8, 21, 19, 11, 38, 28, 3, 16, 35, 25, 6, 26, 34, 18, 3, 4, 23, 37, 41, 9, 15, 32, 39, 26, 6, 20, 35, 19, 13, 32, 8, 29, 42, 38, 14][-1, -1, 8, 19, 25, 23, 28, -1, 23, 19, -1, 27, 2, 2, 27, 12, 10, 28, 14, 14, 22, 18, 17, 18, 10, 0, 16, 13, 7, 8, 11, -1, 21, 7, 19, 27, -1, 10, 10, 11, -1, 22, 17][21, -1, 9, -1, -1, -1, -1, 22, 4, -1, 6, 22, 4, 1, 21, -1, 0, 9, 1, 14, -1, 21, 18, 7, -1, 15, -1, 0, 14][0m
MIP: [1;32mObjective value: 46885[0m
MIP: [1;32mLower Bound: 46378.5[0m
MIP: [1;32mBranch-and-Bound nodes: 68882[0m

# best solution:
best objective value:	46885
best dual bound value:	46378
optimality gap:	1.08137%
CPU time:	897.876
