ifile	/scratch/csagturk/mlbp_inst/n0070_m05__091.inst
prob	MLBP
threads	1
ttime	900
instance: /scratch/csagturk/mlbp_inst/n0070_m05__091.inst
	m=5, n=[70, 41, 31, 24, 16, 13]
MIP: [1;32minit CPLEX[0m
CAN: [1;35mcreated 5477 x_{ijk} variables[0m
CAN: [1;35mcreated 195 y_{ij} variables[0m
MIP: [1;32mcreated decision variables[0m
CAN: [1;35madded 70 constraints to enforce the packing of each item[0m
CAN: [1;35madded 112 constraints to enforce the packing of each item[0m
CAN: [1;35madded 125 capacity constraints[0m
MIP: [1;32mcreated constraints[0m
MIP: [1;32mcreated objective function[0m
MIP: [1;32mcalling CPLEX solve ...[0m
Version identifier: 22.1.0.0 | 2022-03-09 | 1a383f8ce
CPXPARAM_Threads                                 1
CPXPARAM_TimeLimit                               900
Tried aggregator 2 times.
MIP Presolve eliminated 0 rows and 753 columns.
MIP Presolve modified 935 coefficients.
Aggregator did 336 substitutions.
Reduced MIP has 979 rows, 5633 columns, and 11253 nonzeros.
Reduced MIP has 5297 binaries, 0 generals, 0 SOSs, and 210 indicators.
Presolve time = 0.02 sec. (19.30 ticks)
Probing fixed 0 vars, tightened 115 bounds.
Probing changed sense of 112 constraints.
Probing time = 0.04 sec. (33.95 ticks)
Tried aggregator 1 time.
MIP Presolve eliminated 672 rows and 784 columns.
Reduced MIP has 307 rows, 4849 columns, and 9685 nonzeros.
Reduced MIP has 4849 binaries, 0 generals, 0 SOSs, and 0 indicators.
Presolve time = 0.01 sec. (11.48 ticks)
Tried aggregator 1 time.
Detecting symmetries...
Reduced MIP has 307 rows, 4849 columns, and 9685 nonzeros.
Reduced MIP has 4849 binaries, 0 generals, 0 SOSs, and 0 indicators.
Presolve time = 0.01 sec. (10.07 ticks)
Probing time = 0.00 sec. (2.92 ticks)
Clique table members: 1258.
MIP emphasis: balance optimality and feasibility.
MIP search method: dynamic search.
Parallel mode: none, using 1 thread.
Root relaxation solution time = 0.01 sec. (20.21 ticks)

        Nodes                                         Cuts/
   Node  Left     Objective  IInf  Best Integer    Best Bound    ItCnt     Gap

      0     0    60063.4089   129                  60063.4089      729         
      0     0    60228.7914   218                   Cuts: 159     1619         
      0     0    60294.1987   248                   Cuts: 176     2374         
      0     0    60339.0515   226                   Cuts: 176     3097         
      0     0    60341.4167   211                   Cuts: 175     3608         
      0     0    60399.8099   216                   Cuts: 157     4172         
      0     0    60407.0872   233                   Cuts: 151     4690         
      0     0    60416.2958   247                   Cuts: 131     5238         
      0     0    60420.8245   258                   Cuts: 155     5633         
      0     0    60456.4320   276                   Cuts: 117     6217         
      0     0    60469.5498   261                   Cuts: 135     6935         
      0     0    60495.2068   258                   Cuts: 139     7876         
      0     0    60527.7625   309                   Cuts: 164     8709         
      0     0    60547.1358   323                   Cuts: 174     9652         
      0     0    60570.2542   289                   Cuts: 166    10955         
      0     0    60584.9859   344                   Cuts: 142    11624         
      0     0    60598.8731   343                   Cuts: 148    12673         
      0     0    60655.2366   304                   Cuts: 149    13410         
      0     0    60674.2247   291                   Cuts: 155    14339         
      0     0    60687.8830   287                   Cuts: 136    14800         
      0     0    60693.7788   342                    Cuts: 97    15202         
*     0+    0                        74437.0000    60693.7788            18.46%
*     0+    0                        72637.0000    60693.7788            16.44%
*     0+    0                        72225.0000    60693.7788            15.97%
*     0+    0                        72206.0000    60693.7788            15.94%
*     0+    0                        71350.0000    60693.7788            14.94%
*     0+    0                        71260.0000    60693.7788            14.83%
*     0+    0                        70748.0000    60693.7788            14.21%
      0     0  -1.00000e+75     0    70748.0000    60693.7788    15202   14.21%
      0     2    60693.7788   279    70748.0000    60693.7788    15202   14.21%
Elapsed time = 2.28 sec. (2685.90 ticks, tree = 0.01 MB, solutions = 7)
     38    40    60869.6570   186    70748.0000    60693.7788    17633   14.21%
*    70+   70                        70163.0000    60693.7788            13.50%
     77    79    61490.1770   129    70163.0000    60693.7788    19546   13.50%
    180   182    62189.0964    81    70163.0000    60693.7788    21812   13.50%
    261   263    62265.5523    84    70163.0000    60693.7788    23241   13.50%
    370   371    63914.3643    75    70163.0000    60693.7788    25121   13.50%
*   486+  474                        69094.0000    60693.7788            12.16%
*   486+  474                        68874.0000    60693.7788            11.88%
*   486+  474                        68432.0000    60693.7788            11.31%
    486   476    60694.2032   282    68432.0000    60694.2032    26307   11.31%
    520   510    61745.2415   236    68432.0000    60694.2032    28325   11.31%
    583   573    63772.2840   200    68432.0000    60694.2032    30838   11.31%

Performing restart 1

Repeating presolve.
Tried aggregator 1 time.
MIP Presolve modified 1463 coefficients.
Reduced MIP has 307 rows, 4849 columns, and 9685 nonzeros.
Reduced MIP has 4849 binaries, 0 generals, 0 SOSs, and 0 indicators.
Presolve time = 0.02 sec. (12.82 ticks)
Tried aggregator 1 time.
MIP Presolve modified 852 coefficients.
Reduced MIP has 307 rows, 4849 columns, and 9685 nonzeros.
Reduced MIP has 4849 binaries, 0 generals, 0 SOSs, and 0 indicators.
Presolve time = 0.02 sec. (14.23 ticks)
Represolve time = 0.13 sec. (94.04 ticks)
    596     0    60210.8161   338    68432.0000     Cuts: 165    35308   11.31%
    596     0    60428.0760   339    68432.0000     Cuts: 174    36705   11.31%
    596     0    60514.5382   349    68432.0000     Cuts: 144    37383   11.31%
    596     0    60562.1623   318    68432.0000     Cuts: 153    37990   11.31%
    596     0    60625.2423   320    68432.0000     Cuts: 144    38678   11.31%
    596     0    60667.1009   319    68432.0000     Cuts: 108    39574   11.31%
    596     0    60707.6685   289    68432.0000     Cuts: 119    39936   11.29%
    596     0    60776.7366   293    68432.0000     Cuts: 116    40465   11.19%
    596     0    60784.1087   293    68432.0000     Cuts: 111    40816   11.18%
    596     0    60805.5541   280    68432.0000      Cuts: 79    41134   11.14%
    596     0    60812.4711   307    68432.0000      Cuts: 79    41613   11.13%
    596     0    60822.2553   317    68432.0000      Cuts: 82    41952   11.12%
    596     0    60838.1259   296    68432.0000      Cuts: 89    42281   11.10%
    596     0    60841.4834   273    68432.0000      Cuts: 82    42532   11.09%
    596     0    60845.3600   315    68432.0000      Cuts: 85    42828   11.09%
    596     0    60850.5120   296    68432.0000      Cuts: 72    43105   11.08%
    596     0    60854.6566   301    68432.0000      Cuts: 95    43336   11.07%
    596     0    60856.2438   325    68432.0000      Cuts: 68    43560   11.07%
    596     0    60858.1103   289    68432.0000      Cuts: 67    43849   11.07%
    596     0    60860.8546   318    68432.0000      Cuts: 88    44112   11.06%
    596     0    60869.3347   296    68432.0000      Cuts: 80    44416   11.05%
    596     0    60871.5077   309    68432.0000     Cuts: 101    44678   11.05%
    596     2    60871.5077   284    68432.0000    60871.9097    44678   11.05%
    610    16    61041.2488   242    68432.0000    60896.7118    45992   11.01%
Elapsed time = 10.98 sec. (13361.44 ticks, tree = 0.11 MB, solutions = 11)
    629    35    61230.1570   246    68432.0000    60896.7118    47732   11.01%
    671    77    61454.3430   245    68432.0000    60896.7118    49197   11.01%
    732   127    60993.7368   262    68432.0000    60926.5485    53817   10.97%
    824   215        cutoff          68432.0000    60926.5485    59736   10.97%
    931   307    61261.6914   260    68432.0000    60927.2440    64116   10.97%
   1048   424    64533.1233   222    68432.0000    60929.5355    68878   10.96%
   1194   558    61179.3491   295    68432.0000    60941.1464    75036   10.95%
   1271   635    63259.7587   205    68432.0000    60941.1464    80971   10.95%
   1337   691    61264.4351   272    68432.0000    60950.4760    88930   10.93%
   1438   785    61656.1480   263    68432.0000    60966.5039    96192   10.91%
Elapsed time = 18.92 sec. (23419.50 ticks, tree = 6.21 MB, solutions = 11)
   1558   901    61794.6288   241    68432.0000    60966.7501   100171   10.91%
   1732  1067    61429.9569   268    68432.0000    60982.1205   104846   10.89%
   1891  1213    62023.2864   257    68432.0000    60995.7076   111905   10.87%
   2014  1332    infeasible          68432.0000    60995.7076   120013   10.87%
   2096  1400    62248.2615   219    68432.0000    60997.4103   128794   10.86%
   2246  1542    62298.2708   264    68432.0000    61005.1461   133863   10.85%
   2326  1616    62053.8162   239    68432.0000    61005.5886   140728   10.85%
   2396  1680    61167.5784   304    68432.0000    61005.8532   147582   10.85%
   2558  1838    62265.6271   214    68432.0000    61012.4602   153778   10.84%
   2727  1995    61671.5818   242    68432.0000    61012.5915   159732   10.84%
Elapsed time = 26.78 sec. (33111.62 ticks, tree = 16.76 MB, solutions = 11)
   2846  2110    62058.4265   260    68432.0000    61012.7464   165343   10.84%
   3025  2279    62131.8948   262    68432.0000    61017.5392   171497   10.83%
   3102  2352    61683.1602   275    68432.0000    61023.0803   178014   10.83%
   3164  2410    64835.4263   218    68432.0000    61023.0803   186028   10.83%
   3234  2468    64936.8862   192    68432.0000    61023.0803   195351   10.83%
   3306  2530    61514.7147   277    68432.0000    61039.1425   202172   10.80%
   3460  2671    61627.6567   213    68432.0000    61041.5235   208452   10.80%
   3572  2771    62150.1723   248    68432.0000    61043.5728   215105   10.80%
   3662  2853    62583.3829   260    68432.0000    61047.5706   222678   10.79%
   3709  2888        cutoff          68432.0000    61047.5706   233329   10.79%
Elapsed time = 34.72 sec. (42930.70 ticks, tree = 24.89 MB, solutions = 11)
   3782  2953        cutoff          68432.0000    61048.0200   241220   10.79%
   3918  3078    61145.4660   290    68432.0000    61058.2562   248125   10.78%
   4042  3197    62349.8863   221    68432.0000    61058.7998   254727   10.77%
   4191  3335    66968.3769   210    68432.0000    61058.7998   260856   10.77%
   4266  3403    61302.4796   275    68432.0000    61065.5918   266800   10.76%
   4378  3507    61516.0024   317    68432.0000    61080.5806   273381   10.74%
   4552  3675    61248.7385   300    68432.0000    61083.4603   279708   10.74%
   4596  3719    64393.1779   264    68432.0000    61083.4603   283206   10.74%
   4667  3785    63549.7620   248    68432.0000    61083.5046   289656   10.74%
   4749  3861    64042.5267   239    68432.0000    61084.2556   297068   10.74%
Elapsed time = 44.43 sec. (55320.75 ticks, tree = 33.88 MB, solutions = 11)
   4811  3918    61410.7941   298    68432.0000    61084.2903   301909   10.74%
   4894  3997    62206.4862   239    68432.0000    61084.2903   306289   10.74%
   4996  4093    61776.5131   285    68432.0000    61086.6380   310671   10.73%
   5145  4235    63512.9553   234    68432.0000    61087.8436   317472   10.73%
   5276  4366    64231.4590   162    68432.0000    61087.8436   324678   10.73%
   5373  4451    62139.4083   294    68432.0000    61098.4797   330218   10.72%
   5496  4567    62116.5493   255    68432.0000    61102.8811   336792   10.71%
   5620  4686    61439.3379   270    68432.0000    61104.1785   342465   10.71%
   5695  4757    62370.2095   248    68432.0000    61107.3499   348018   10.70%
   5782  4842        cutoff          68432.0000    61107.3499   355013   10.70%
Elapsed time = 52.46 sec. (64931.71 ticks, tree = 43.59 MB, solutions = 11)
   5855  4911    62968.1299   215    68432.0000    61108.7355   363158   10.70%
   5990  5036        cutoff          68432.0000    61108.8257   369194   10.70%
   6080  5115    61384.1106   308    68432.0000    61115.8932   374772   10.69%
   6150  5181    61408.7202   317    68432.0000    61119.8628   381177   10.69%
   6253  5274    61144.1928   292    68432.0000    61120.1297   387836   10.68%
   6309  5324    61510.4861   286    68432.0000    61120.1355   395020   10.68%
   6423  5434    61281.7936   208    68432.0000    61120.1355   401144   10.68%
   6530  5535        cutoff          68432.0000    61121.0016   408158   10.68%
   6598  5599    64143.5030   220    68432.0000    61121.6668   413063   10.68%
   6675  5672    63212.9029   206    68432.0000    61122.0923   418756   10.68%
Elapsed time = 60.54 sec. (74805.55 ticks, tree = 51.88 MB, solutions = 11)
   6719  5714        cutoff          68432.0000    61122.0923   427329   10.68%
   6787  5776    63074.9941   229    68432.0000    61123.7892   432863   10.68%
   7044  6032    68315.1724    68    68432.0000    61123.7892   439084   10.68%
   7116  6098    62691.0376   239    68432.0000    61125.5389   443976   10.68%
   7178  6151    63558.0623   248    68432.0000    61126.2544   449990   10.68%
   7253  6222    61398.6507   266    68432.0000    61127.0913   456339   10.67%
   7382  6338    61140.3905   318    68432.0000    61127.2614   461596   10.67%
   7453  6409    62648.9888   216    68432.0000    61127.2614   468677   10.67%
   7547  6495    65115.9386   197    68432.0000    61128.6094   474663   10.67%
   7650  6594    62730.0917   227    68432.0000    61128.9265   480661   10.67%
Elapsed time = 68.56 sec. (84648.61 ticks, tree = 61.58 MB, solutions = 11)
   7732  6670    62974.1716   188    68432.0000    61129.4452   487089   10.67%
   7791  6724    61246.2098   244    68432.0000    61130.1737   490132   10.67%
   7854  6783    62531.1631   244    68432.0000    61134.3686   496724   10.66%
   7960  6875    61141.5949   279    68432.0000    61134.8398   504791   10.66%
   8093  7004    61441.2664   267    68432.0000    61134.9981   510335   10.66%
   8150  7057    61241.4354   223    68432.0000    61135.1378   516689   10.66%
   8254  7157    62058.7069   247    68432.0000    61135.1621   522166   10.66%
   8288  7187    64001.6414   259    68432.0000    61135.1782   528222   10.66%
   8369  7258    61171.2040   286    68432.0000    61136.8629   536674   10.66%
   8460  7342    62325.5777   287    68432.0000    61136.9228   544028   10.66%
Elapsed time = 76.62 sec. (94523.04 ticks, tree = 69.64 MB, solutions = 11)
   8627  7500    61406.7668   318    68432.0000    61136.9828   549361   10.66%
   8763  7619    66377.9810   165    68432.0000    61136.9828   557169   10.66%
   8853  7698    61193.8359   268    68432.0000    61138.6285   564212   10.66%
   8925  7770    62959.5337   190    68432.0000    61138.6285   571971   10.66%
   9022  7859    61240.6140   285    68432.0000    61142.6461   577030   10.65%
   9153  7984    61441.3091   245    68432.0000    61143.8933   583104   10.65%
   9207  8034    61394.2877   248    68432.0000    61144.6214   589677   10.65%
   9343  8160    62168.6761   242    68432.0000    61144.7250   595464   10.65%
   9420  8231    61304.1832   180    68432.0000    61144.9143   602358   10.65%
*  9596+ 8095                        67714.0000    61146.1604             9.70%
*  9596+ 8078                        67536.0000    61146.1604             9.46%
   9706  8182    61508.5624   235    67536.0000    61146.4515   618371    9.46%
Elapsed time = 87.07 sec. (107265.14 ticks, tree = 79.38 MB, solutions = 13)
  10023  8478    61340.9506   236    67536.0000    61146.6964   638692    9.46%
* 10296+ 8735                        67462.0000    61147.3928             9.36%
* 10296+ 8602                        67172.0000    61147.3928             8.97%
* 10296+ 8591                        66997.0000    61147.3928             8.73%
* 10296+ 8588                        66955.0000    61147.3928             8.67%
* 10296+ 8584                        66904.0000    61147.3928             8.60%
* 10296+ 8438                        66554.0000    61147.3928             8.12%
* 10296+ 8408                        66456.0000    61147.3928             7.99%
  10296  8410    61506.7306   203    66456.0000    61147.3928   654055    7.99%
* 10298+ 6291                        63833.0000    61147.7249             4.21%
  10298  6293    61154.1457   311    63833.0000    61148.5835   655083    4.21%
  10554  6524    61294.3863   291    63833.0000    61149.5893   678617    4.20%
  10719  6673    61165.1868   309    63833.0000    61150.0486   697965    4.20%
  11076  7001    61203.2187   292    63833.0000    61151.5238   717098    4.20%
  11286  7188        cutoff          63833.0000    61151.8345   734284    4.20%
  11417  7299    61338.4018   261    63833.0000    61154.2006   748780    4.20%
  11596  7466    63383.0000    86    63833.0000    61154.3030   763036    4.20%
  11953  7799    61344.6461   338    63833.0000    61154.3660   785370    4.20%
Elapsed time = 147.99 sec. (185118.54 ticks, tree = 79.28 MB, solutions = 21)
  12135  7963    61629.8323   321    63833.0000    61155.0705   804273    4.20%
  12244  8065    62533.0356   204    63833.0000    61155.5477   822110    4.19%
  12508  8309    61230.8102   280    63833.0000    61156.7590   837761    4.19%
* 12596+ 8310                        63772.0000    61156.9152             4.10%
  12603  8319    61355.7825   240    63772.0000    61156.9152   848852    4.10%
  12826  8528        cutoff          63772.0000    61158.4006   868633    4.10%
  12952  8637    61631.8934   362    63772.0000    61158.7003   888250    4.10%
  13088  8762    61384.8485   309    63772.0000    61159.6232   907246    4.10%
  13248  8907    61501.1758   294    63772.0000    61160.0437   923730    4.10%
  13427  9072    62019.9346   267    63772.0000    61160.9893   942178    4.09%
  13580  9211    61391.8032   344    63772.0000    61161.8737   961805    4.09%
Elapsed time = 171.62 sec. (224332.62 ticks, tree = 97.23 MB, solutions = 22)
  13715  9334    61461.4700   269    63772.0000    61162.9613   976814    4.09%
  13894  9495        cutoff          63772.0000    61163.7922   996896    4.09%
  14039  9630    62791.2619   250    63772.0000    61164.7760  1017873    4.09%
  14373  9933    61266.4991   355    63772.0000    61165.0014  1038945    4.09%
  14486 10035    62448.0221   228    63772.0000    61165.3025  1056071    4.09%
* 14596+ 8652                        63057.0000    61166.6877             3.00%
  14596  8654    61277.2850   324    63057.0000    61166.6877  1070876    3.00%
  14733  8778    61369.4002   259    63057.0000    61167.1167  1086718    3.00%
  14811  8848    62115.8055   284    63057.0000    61167.7822  1099280    3.00%
  14894  8916    61641.1658   363    63057.0000    61168.5397  1113401    2.99%
  14993  9008    62158.1347   259    63057.0000    61168.6598  1128031    2.99%
Elapsed time = 197.01 sec. (265679.33 ticks, tree = 97.81 MB, solutions = 23)
  15062  9071    62590.6382   251    63057.0000    61168.8134  1143452    2.99%
  15165  9154    62796.1617   188    63057.0000    61168.8606  1160961    2.99%
  15324  9292    62262.7783   205    63057.0000    61170.1161  1175631    2.99%
  15383  9335    61896.4929   319    63057.0000    61170.5032  1189009    2.99%
  15452  9392    61312.4128   375    63057.0000    61171.2692  1204620    2.99%
  15556  9485        cutoff          63057.0000    61171.5110  1221626    2.99%
* 15596+ 9460                        63028.0000    61171.8536             2.94%
  15613  9476    61212.9480   336    63028.0000    61171.9006  1227140    2.94%
  15745  9595    62053.6284   307    63028.0000    61173.3356  1242794    2.94%
  15843  9675    62460.9504   243    63028.0000    61173.5744  1261043    2.94%
  15931  9747    61386.0130   309    63028.0000    61173.9633  1276924    2.94%
Elapsed time = 221.96 sec. (305681.54 ticks, tree = 108.62 MB, solutions = 24)
  16021  9823    61431.9576   355    63028.0000    61174.3275  1294643    2.94%
  16104  9896    61259.1889   350    63028.0000    61174.9028  1311422    2.94%
  16190  9972        cutoff          63028.0000    61176.0910  1331522    2.94%
  16257 10019    61242.8703   304    63028.0000    61176.2856  1351101    2.94%
  16352 10104    61342.9503   324    63028.0000    61176.3711  1366789    2.94%
  16435 10179    61868.0606   261    63028.0000    61176.8350  1382776    2.94%
  16499 10230    62100.6337   301    63028.0000    61176.8930  1400047    2.94%
  16596 10320    62290.3623   211    63028.0000    61177.2181  1415171    2.94%
  16668 10384    62672.5031   243    63028.0000    61177.6874  1432064    2.94%
  16771 10474    61990.9826   285    63028.0000    61178.1595  1449174    2.93%
Elapsed time = 247.96 sec. (347339.45 ticks, tree = 119.40 MB, solutions = 24)
  16846 10536    62392.0727   240    63028.0000    61178.5607  1468768    2.93%
  16924 10602    62538.2354   236    63028.0000    61178.6671  1488520    2.93%
  17019 10688    61510.4851   313    63028.0000    61179.5560  1507463    2.93%
  17085 10742    63014.3368   239    63028.0000    61179.7465  1520981    2.93%
  17166 10808        cutoff          63028.0000    61179.7910  1540149    2.93%
  17293 10919    61658.8422   242    63028.0000    61180.5317  1556875    2.93%
* 17396+10997                        63023.0000    61180.6956             2.92%
  17419 11018    61598.6281   349    63023.0000    61180.9419  1573138    2.92%
  17498 11084    61821.5130   263    63023.0000    61181.0679  1590707    2.92%
  17596 11174    61691.5930   285    63023.0000    61181.1810  1608100    2.92%
  17680 11244    61817.6875   310    63023.0000    61181.6051  1625564    2.92%
Elapsed time = 274.43 sec. (389044.86 ticks, tree = 131.27 MB, solutions = 25)
  17771 11316    61645.3143   314    63023.0000    61182.1788  1641611    2.92%
  17867 11403        cutoff          63023.0000    61182.3444  1658154    2.92%
  17914 11436        cutoff          63023.0000    61182.4020  1674796    2.92%
  17962 11467    61242.6244   324    63023.0000    61182.6283  1691540    2.92%
  18034 11529    61224.7196   254    63023.0000    61182.9174  1708589    2.92%
  18168 11631        cutoff          63023.0000    61183.1347  1726428    2.92%
  18192 11649    61422.0450   302    63023.0000    61183.4407  1741478    2.92%
  18289 11728    62650.8862   191    63023.0000    61183.7437  1757008    2.92%
  18385 11810    61610.7454   312    63023.0000    61184.0661  1771510    2.92%
  18486 11901    61310.4671   335    63023.0000    61184.1440  1787040    2.92%
Elapsed time = 299.49 sec. (429778.43 ticks, tree = 141.62 MB, solutions = 25)
  18520 11930    61500.8220   335    63023.0000    61184.1528  1801355    2.92%
  18597 11990    61881.9016   335    63023.0000    61184.4011  1818196    2.92%
  18659 12043    61831.6375   227    63023.0000    61184.5476  1831891    2.92%
  18712 12084    62451.7365   406    63023.0000    61184.8978  1847293    2.92%
  18777 12134    62218.4204   368    63023.0000    61185.4971  1862866    2.92%
  18847 12196        cutoff          63023.0000    61185.5287  1878296    2.92%
  18965 12298    62545.2395   202    63023.0000    61186.4759  1893240    2.91%
  19039 12360        cutoff          63023.0000    61186.4831  1912108    2.91%
  19111 12416    61640.9355   341    63023.0000    61186.5829  1927779    2.91%
  19193 12481    61254.2749   301    63023.0000    61186.6343  1945044    2.91%
Elapsed time = 324.33 sec. (469633.12 ticks, tree = 151.06 MB, solutions = 25)
  19283 12551    62474.6022   254    63023.0000    61187.3825  1962393    2.91%
  19381 12633    61284.4030   297    63023.0000    61188.1995  1979647    2.91%
  19456 12700    62353.7392   263    63023.0000    61188.2756  1998292    2.91%
  19604 12826        cutoff          63023.0000    61188.5169  2017741    2.91%
  19680 12892    61615.8298   277    63023.0000    61189.0948  2037473    2.91%
  19774 12973        cutoff          63023.0000    61189.1704  2059352    2.91%
  19869 13056    62938.1602   268    63023.0000    61189.3225  2080255    2.91%
  19996 13161    61997.0432   358    63023.0000    61189.5475  2101573    2.91%
  20060 13207    62693.2103   254    63023.0000    61189.7826  2123166    2.91%
  20168 13293    61589.5942   376    63023.0000    61190.3555  2146345    2.91%
Elapsed time = 349.38 sec. (509461.29 ticks, tree = 164.47 MB, solutions = 25)
  20233 13340    61262.0880   323    63023.0000    61190.6522  2168088    2.91%
  20342 13434        cutoff          63023.0000    61190.7679  2190224    2.91%
  20468 13540    61561.5909   324    63023.0000    61191.2126  2210903    2.91%
  20586 13644    62465.3730   252    63023.0000    61191.3624  2231386    2.91%
  20596 13652    62728.6091   266    63023.0000    61191.3624  2237957    2.91%
  20677 13708    61964.8587   317    63023.0000    61191.7028  2259663    2.91%
  20776 13790    61451.0851   323    63023.0000    61191.9155  2281203    2.91%
  20857 13848    61257.3275   299    63023.0000    61192.5454  2302439    2.90%
  20969 13941    61470.0431   313    63023.0000    61193.3936  2323750    2.90%
  21036 13993    61522.8471   319    63023.0000    61193.6284  2344463    2.90%
Elapsed time = 375.91 sec. (550845.31 ticks, tree = 176.09 MB, solutions = 25)
  21099 14040    62557.9308   287    63023.0000    61194.0917  2362095    2.90%
  21192 14117    61272.3601   364    63023.0000    61195.0699  2380662    2.90%
  21328 14237        cutoff          63023.0000    61196.0229  2398447    2.90%
  21396 14295    61291.7068   274    63023.0000    61196.1809  2415693    2.90%
  21457 14344    61663.4309   329    63023.0000    61196.3922  2433754    2.90%
  21536 14411    61597.8804   326    63023.0000    61197.2606  2452204    2.90%
  21596 14465    62606.4654   239    63023.0000    61197.4280  2461703    2.90%
  21663 14514    61580.6812   274    63023.0000    61197.5192  2480099    2.90%
  21737 14572    61493.3892   300    63023.0000    61198.0113  2497754    2.90%
  21798 14613    61561.1793   295    63023.0000    61198.2102  2515418    2.90%
Elapsed time = 401.24 sec. (591276.33 ticks, tree = 186.37 MB, solutions = 25)
  21874 14675        cutoff          63023.0000    61198.7773  2536067    2.89%
  21940 14722        cutoff          63023.0000    61198.9140  2553033    2.89%
  22017 14781    62077.0873   326    63023.0000    61199.1842  2573002    2.89%
  22069 14825    62806.6747   291    63023.0000    61199.2460  2589732    2.89%
  22112 14855    61832.4692   314    63023.0000    61199.7398  2607446    2.89%
  22183 14912    62883.9275   254    63023.0000    61199.8930  2625553    2.89%
  22234 14947    62858.1347   351    63023.0000    61200.2348  2642140    2.89%
  22344 15046    62565.8876   239    63023.0000    61200.5417  2658564    2.89%
  22419 15106        cutoff          63023.0000    61200.6346  2678696    2.89%
  22478 15148    62166.9993   282    63023.0000    61201.0357  2698200    2.89%
Elapsed time = 425.96 sec. (630726.38 ticks, tree = 195.24 MB, solutions = 25)
  22576 15234    61291.8459   360    63023.0000    61201.2307  2716347    2.89%
  22596 15250    61483.4411   274    63023.0000    61201.2714  2719417    2.89%
  22684 15326    62472.5618   292    63023.0000    61201.7521  2738634    2.89%
  22795 15422    62555.1575   320    63023.0000    61201.9414  2759365    2.89%
  22894 15497    62208.8332   358    63023.0000    61202.1626  2779682    2.89%
  22996 15581    62233.3729   222    63023.0000    61202.4256  2798798    2.89%
  23094 15661    61354.7905   233    63023.0000    61203.1864  2819556    2.89%
  23227 15781    61861.1432   323    63023.0000    61203.5734  2839648    2.89%
  23322 15863    61300.3300   250    63023.0000    61203.6815  2860598    2.89%
  23408 15929    infeasible          63023.0000    61204.0568  2882026    2.89%
Elapsed time = 451.05 sec. (670192.58 ticks, tree = 208.18 MB, solutions = 25)
  23519 16022    62192.7733   253    63023.0000    61204.3064  2903130    2.89%
  23589 16080    61416.8314   352    63023.0000    61204.3981  2924198    2.89%
  23618 16107    62518.5753   256    63023.0000    61204.3981  2929049    2.89%
  23766 16227    61247.7214   349    63023.0000    61205.0435  2950695    2.88%
  23862 16307    61772.0008   356    63023.0000    61205.2451  2971044    2.88%
  23962 16387    61941.7411   332    63023.0000    61205.3806  2992964    2.88%
  24127 16528    61694.1803   232    63023.0000    61205.5609  3014436    2.88%
  24296 16681    62762.3333   157    63023.0000    61205.6638  3036538    2.88%
  24364 16738    61413.3815   293    63023.0000    61205.7879  3056995    2.88%
  24425 16787    62342.1951   292    63023.0000    61206.1619  3079781    2.88%
Elapsed time = 475.74 sec. (709055.33 ticks, tree = 223.02 MB, solutions = 25)
  24573 16913        cutoff          63023.0000    61206.3828  3101113    2.88%
  24610 16940        cutoff          63023.0000    61206.4781  3112024    2.88%
  24749 17060    61459.5313   300    63023.0000    61207.3441  3134378    2.88%
  24820 17115        cutoff          63023.0000    61207.6992  3156703    2.88%
  24914 17192    61732.7205   271    63023.0000    61207.9668  3177373    2.88%
  24993 17259    62428.4519   279    63023.0000    61208.2849  3197778    2.88%
  25096 17346    62666.8142   297    63023.0000    61208.3098  3215824    2.88%
  25176 17410        cutoff          63023.0000    61209.1763  3234665    2.88%
  25212 17436    61290.5130   336    63023.0000    61209.6046  3254583    2.88%
  25321 17531    62030.0155   262    63023.0000    61210.2502  3272063    2.88%
Elapsed time = 500.11 sec. (747991.24 ticks, tree = 235.32 MB, solutions = 25)
  25442 17631        cutoff          63023.0000    61210.4697  3291017    2.88%
  25542 17723    62723.4895   258    63023.0000    61210.4825  3309218    2.88%
  25596 17767    61358.2842   319    63023.0000    61210.8405  3320804    2.88%
  25668 17822    62668.2510   254    63023.0000    61211.2773  3338783    2.87%
  25784 17913    62044.4177   287    63023.0000    61211.5250  3357816    2.87%
  25873 17993    61573.4817   319    63023.0000    61211.7104  3374893    2.87%
  25948 18049    61317.7791   288    63023.0000    61211.9937  3395128    2.87%
  26000 18091    62711.7790   307    63023.0000    61212.1525  3414807    2.87%
  26117 18190    62931.5424   305    63023.0000    61212.5156  3434507    2.87%
  26205 18266    61434.3672   294    63023.0000    61212.6206  3451395    2.87%
Elapsed time = 524.82 sec. (787770.59 ticks, tree = 247.47 MB, solutions = 25)
  26283 18332    61308.2357   346    63023.0000    61213.4292  3470813    2.87%
  26349 18382    61473.7566   243    63023.0000    61213.9038  3488239    2.87%
  26463 18481    61657.1782   286    63023.0000    61214.2847  3507657    2.87%
  26596 18605    62757.5926   201    63023.0000    61214.5168  3522962    2.87%
  26687 18680    62087.2095   291    63023.0000    61214.6954  3543802    2.87%
  26815 18792    62998.8938   247    63023.0000    61215.3742  3563731    2.87%
  26874 18835    61464.5888   285    63023.0000    61216.0360  3584086    2.87%
  26996 18925    61407.8291   285    63023.0000    61216.5668  3605234    2.87%
  27099 19009    62858.0086   261    63023.0000    61217.3066  3624545    2.87%
  27180 19078    61795.8603   268    63023.0000    61217.5268  3643031    2.86%
Elapsed time = 548.97 sec. (826690.57 ticks, tree = 260.86 MB, solutions = 25)
  27252 19132        cutoff          63023.0000    61218.1601  3667896    2.86%
  27333 19193    61438.5809   317    63023.0000    61218.5095  3689465    2.86%
  27424 19264    61919.3584   327    63023.0000    61218.7929  3710504    2.86%
  27582 19404        cutoff          63023.0000    61218.9406  3731442    2.86%
  27596 19418    62870.3171   296    63023.0000    61218.9406  3736425    2.86%
  27736 19538    61500.5438   315    63023.0000    61219.4880  3756947    2.86%
  27838 19626    62071.0478   346    63023.0000    61219.6316  3778420    2.86%
  27922 19693    62283.2511   229    63023.0000    61219.7326  3799630    2.86%
  28027 19786    62804.2731   250    63023.0000    61220.4188  3822038    2.86%
  28130 19873    62317.6396   331    63023.0000    61220.4997  3843502    2.86%
Elapsed time = 574.70 sec. (867316.89 ticks, tree = 274.01 MB, solutions = 25)
  28210 19935    61941.7447   322    63023.0000    61221.0736  3861550    2.86%
  28354 20056    61265.5205   306    63023.0000    61221.3960  3883102    2.86%
  28521 20211    61710.3975   301    63023.0000    61222.1790  3904191    2.86%
  28596 20278    61976.2671   266    63023.0000    61222.5786  3924971    2.86%
  28705 20367    61625.0373   349    63023.0000    61222.7384  3946918    2.86%
  28808 20456    61380.3651   298    63023.0000    61222.8792  3967718    2.86%
  28944 20572    61741.4539   262    63023.0000    61223.4175  3990552    2.86%
  29012 20624    61538.4745   276    63023.0000    61223.6217  4011220    2.86%
  29119 20713        cutoff          63023.0000    61223.9715  4032661    2.85%
  29267 20845    61297.2477   330    63023.0000    61224.2449  4055140    2.85%
Elapsed time = 600.82 sec. (908874.96 ticks, tree = 290.05 MB, solutions = 25)
  29398 20960    62351.4346   289    63023.0000    61224.4001  4077812    2.85%
  29463 21011    61362.1518   301    63023.0000    61224.6794  4098923    2.85%
  29585 21109    61302.5027   274    63023.0000    61224.9886  4121427    2.85%
  29637 21155    62438.4771   301    63023.0000    61225.2211  4131377    2.85%
  29773 21278    62070.0069   268    63023.0000    61225.5919  4151775    2.85%
  29844 21337    62474.6369   342    63023.0000    61225.8249  4170937    2.85%
  29893 21372    61454.5600   252    63023.0000    61225.8664  4189142    2.85%
  29959 21430    62120.0492   341    63023.0000    61226.0851  4207962    2.85%
  30076 21532    62116.9276   247    63023.0000    61226.1444  4226757    2.85%
  30163 21607    62382.0106   288    63023.0000    61226.3126  4246672    2.85%
Elapsed time = 625.09 sec. (947723.61 ticks, tree = 302.60 MB, solutions = 25)
  30297 21724    62680.5859   254    63023.0000    61226.8518  4266813    2.85%
  30381 21783    61674.6400   334    63023.0000    61227.3628  4286554    2.85%
  30471 21857    61312.8447   310    63023.0000    61227.6803  4307263    2.85%
  30586 21960    61542.1833   353    63023.0000    61227.7912  4326759    2.85%
* 30596+21437                        62937.0000    61227.7912             2.72%
  30672 21499    61490.4660   350    62937.0000    61227.9263  4338836    2.72%
  30731 21542    62055.4543   364    62937.0000    61228.1355  4356955    2.72%
  30837 21633    61581.4854   322    62937.0000    61228.5524  4376031    2.71%
  30942 21728    62462.7101   230    62937.0000    61228.7222  4395746    2.71%
  31034 21804        cutoff          62937.0000    61228.8721  4413465    2.71%
  31145 21895    61428.5146   339    62937.0000    61229.3000  4433183    2.71%
Elapsed time = 649.46 sec. (987049.86 ticks, tree = 308.50 MB, solutions = 26)
  31195 21938        cutoff          62937.0000    61229.3164  4454048    2.71%
  31302 22033    61720.6068   302    62937.0000    61229.6201  4472104    2.71%
  31380 22097    62474.0115   335    62937.0000    61229.7872  4491261    2.71%
  31453 22156    62161.5773   227    62937.0000    61230.1477  4507241    2.71%
  31531 22222    61409.1357   309    62937.0000    61230.2101  4526700    2.71%
  31596 22279    61427.2980   307    62937.0000    61230.6479  4536549    2.71%
  31675 22347    62096.5778   323    62937.0000    61230.8183  4556093    2.71%
  31774 22436    62874.3014   263    62937.0000    61230.9095  4575675    2.71%
  31859 22510    62186.3507   299    62937.0000    61231.3463  4595221    2.71%
  31981 22614    61675.1447   354    62937.0000    61231.4303  4616245    2.71%
Elapsed time = 674.62 sec. (1027008.46 ticks, tree = 320.37 MB, solutions = 26)
  32062 22680    61477.9209   352    62937.0000    61231.6036  4634955    2.71%
  32160 22762    62564.7777   255    62937.0000    61231.7758  4656087    2.71%
  32216 22812    62095.6535   240    62937.0000    61231.9196  4675379    2.71%
  32354 22932    61740.3914   272    62937.0000    61232.3743  4696421    2.71%
  32434 22996        cutoff          62937.0000    61232.6697  4718531    2.71%
  32528 23074    61703.2300   305    62937.0000    61232.8404  4739117    2.71%
  32596 23129    61536.4047   239    62937.0000    61232.8806  4749241    2.71%
  32721 23236        cutoff          62937.0000    61233.4078  4771633    2.71%
  32843 23341    62379.4454   236    62937.0000    61233.6479  4791920    2.71%
  32976 23447    61633.9550   368    62937.0000    61233.8814  4814188    2.71%
Elapsed time = 700.07 sec. (1067413.60 ticks, tree = 334.09 MB, solutions = 26)
  33049 23509        cutoff          62937.0000    61234.0109  4835018    2.71%
  33153 23598    61600.4667   310    62937.0000    61234.3066  4856533    2.71%
  33255 23685        cutoff          62937.0000    61234.7569  4878941    2.70%
  33318 23727    61574.7840   304    62937.0000    61234.8323  4901312    2.70%
  33381 23772        cutoff          62937.0000    61235.0748  4922281    2.70%
  33467 23846        cutoff          62937.0000    61235.2419  4944363    2.70%
  33532 23901    62810.9456   244    62937.0000    61235.6110  4966282    2.70%
  33596 23947    62000.8729   326    62937.0000    61235.9711  4981158    2.70%
  33736 24063    62451.8905   203    62937.0000    61236.2859  5002765    2.70%
  33812 24125    61495.2656   293    62937.0000    61236.5006  5024106    2.70%
Elapsed time = 725.83 sec. (1108287.81 ticks, tree = 345.29 MB, solutions = 26)
  33952 24249    62342.4682   235    62937.0000    61236.5664  5045344    2.70%
  34059 24332        cutoff          62937.0000    61236.7435  5066900    2.70%
  34180 24439    61563.1855   268    62937.0000    61237.2261  5087915    2.70%
  34285 24528    61927.5091   354    62937.0000    61237.3971  5109841    2.70%
  34360 24592    62417.7365   343    62937.0000    61237.4761  5132388    2.70%
  34446 24665        cutoff          62937.0000    61237.4957  5154346    2.70%
  34527 24726    62290.5217   287    62937.0000    61237.7963  5176690    2.70%
  34596 24781    62358.4531   281    62937.0000    61237.8391  5190343    2.70%
  34684 24849    61539.2593   245    62937.0000    61238.0067  5212634    2.70%
  34791 24936    61573.3542   278    62937.0000    61238.2317  5235139    2.70%
Elapsed time = 750.26 sec. (1147335.60 ticks, tree = 358.64 MB, solutions = 26)
  34849 24981    61690.4366   365    62937.0000    61238.5812  5256727    2.70%
  34919 25043    62279.3584   318    62937.0000    61238.6355  5276303    2.70%
  35020 25120    62791.4056   306    62937.0000    61238.7547  5296013    2.70%
  35115 25194    61831.9146   246    62937.0000    61239.1275  5315882    2.70%
  35192 25253        cutoff          62937.0000    61239.3781  5338087    2.70%
  35284 25329    61308.2331   292    62937.0000    61239.8744  5357716    2.70%
  35395 25420    61595.4308   380    62937.0000    61240.1957  5379050    2.70%
  35460 25473        cutoff          62937.0000    61240.2836  5398593    2.70%
  35553 25541    61823.7563   265    62937.0000    61240.5901  5417756    2.70%
  35595 25567    61767.3183   262    62937.0000    61240.7939  5437103    2.70%
Elapsed time = 774.92 sec. (1187058.26 ticks, tree = 369.09 MB, solutions = 26)
  35598 25570    62397.8600   273    62937.0000    61240.7939  5438669    2.70%
  35678 25637    61883.6158   318    62937.0000    61240.9925  5458233    2.69%
  35811 25754    61311.5673   292    62937.0000    61241.3621  5477527    2.69%
  35857 25792    62791.7515   327    62937.0000    61241.3829  5498722    2.69%
  35996 25914    62746.8349   239    62937.0000    61241.7454  5516162    2.69%
  36071 25975    62152.6152   307    62937.0000    61242.0742  5535385    2.69%
  36165 26065    62474.7535   230    62937.0000    61242.1878  5554474    2.69%
  36238 26126    61247.1484   323    62937.0000    61242.4812  5575535    2.69%
  36316 26190    62212.4938   399    62937.0000    61242.6045  5597133    2.69%
  36468 26320    61399.8809   304    62937.0000    61242.7959  5615540    2.69%
Elapsed time = 799.92 sec. (1226443.17 ticks, tree = 381.47 MB, solutions = 26)
  36551 26389    61703.0032   275    62937.0000    61242.9498  5634891    2.69%
  36596 26424    61407.6232   300    62937.0000    61243.0492  5647812    2.69%
  36675 26491    62659.1644   226    62937.0000    61243.1006  5666577    2.69%
  36755 26558    61434.1059   305    62937.0000    61243.2133  5686313    2.69%
Starting limited solution polishing.
  36824 26615    61545.1613   348    62937.0000    61243.3403  5704971    2.69%
  36890 26664        cutoff          62937.0000    61243.4144  5725532    2.69%
  36896 26670    61322.8925   314    62937.0000    61243.4715  5729030    2.69%
  36996 26755    61698.5519   277    62937.0000    61243.5672  5742953    2.69%
  37092 26818    61582.1205   317    62937.0000    61243.6066  5763694    2.69%
  37096 26822    61591.7610   315    62937.0000    61243.6066  5763771    2.69%
Elapsed time = 830.19 sec. (1272302.06 ticks, tree = 389.74 MB, solutions = 26)
  37179 26884    61402.8038   303    62937.0000    61243.7478  5784027    2.69%
* 37196+26454                        62886.0000    61243.7478             2.61%
  37206 26460    61370.5180   261    62886.0000    61243.7600  5788419    2.61%
  37296 26528    62213.1346   254    62886.0000    61244.1395  5805781    2.61%
  37396 26612    62807.2831   221    62886.0000    61244.1990  5815245    2.61%
  37496 26696    62446.0944   195    62886.0000    61244.6129  5827637    2.61%
  37596 26773    62785.6035   230    62886.0000    61244.7008  5845913    2.61%
  37696 26858    61363.9937   280    62886.0000    61245.1628  5859739    2.61%
  37750 26899    61470.2322   312    62886.0000    61245.2326  5880420    2.61%
  37796 26938    62783.5051   277    62886.0000    61245.2693  5889529    2.61%
  37872 26997        cutoff          62886.0000    61245.3975  5910778    2.61%
Elapsed time = 869.99 sec. (1329911.84 ticks, tree = 393.49 MB, solutions = 27)
  37896 27015    62175.4857   264    62886.0000    61245.4699  5916145    2.61%
  37967 27071    61487.2556   363    62886.0000    61245.6791  5938666    2.61%
  37996 27096    61474.2690   287    62886.0000    61245.7210  5946434    2.61%
  38092 27166    61574.7120   242    62886.0000    61245.8429  5967081    2.61%
  38096 27170    62585.6268   212    62886.0000    61245.8429  5967778    2.61%
  38192 27249    62051.2377   322    62886.0000    61246.0517  5989709    2.61%
  38196 27253    62056.1458   304    62886.0000    61246.0517  5991268    2.61%
  38296 27336    61964.0318   329    62886.0000    61246.2999  6001871    2.61%

Clique cuts applied:  108
Cover cuts applied:  883
Implied bound cuts applied:  5
Flow cuts applied:  35
Mixed integer rounding cuts applied:  391
Zero-half cuts applied:  104
Lift and project cuts applied:  1
Gomory fractional cuts applied:  11

Root node processing (before b&c):
  Real time             =    2.26 sec. (2670.72 ticks)
Sequential b&c:
  Real time             =  897.74 sec. (1370232.21 ticks)
                          ------------
Total (root+branch&cut) =  900.00 sec. (1372902.93 ticks)
MIP: [1;32mCPLEX finished.[0m
MIP: [1;32mCPLEX status: Feasible[0m
MIP: [1;32mSolution: 
[24, 13, 31, 10, 10, 34, 24, 3, 18, 4, 9, 4, 28, 38, 31, 36, 38, 20, 32, 29, 3, 40, 29, 5, 7, 25, 30, 36, 26, 7, 12, 13, 0, 23, 22, 18, 4, 31, 21, 26, 23, 37, 40, 6, 6, 27, 1, 14, 9, 22, 19, 39, 39, 31, 25, 13, 30, 14, 28, 13, 37, 23, 18, 16, 26, 4, 9, 28, 27, 34][20, 17, -1, 24, 3, 20, 12, 29, -1, 15, 18, -1, 17, 7, 29, -1, 2, -1, 9, 18, 9, 13, 4, 21, 28, 14, 12, 8, 13, 3, 24, 10, 7, -1, 2, -1, 19, 0, 22, 19, 22][0, -1, 1, 22, 23, -1, -1, 22, 0, 12, 11, -1, 11, 12, 14, 3, -1, 14, 0, 21, 3, 1, 23, -1, 15, -1, -1, -1, 11, 9, -1][5, 9, -1, 3, -1, -1, -1, -1, -1, 15, -1, 8, 14, -1, 5, 8, -1, -1, -1, -1, -1, 9, 3, 14][-1, -1, -1, 12, -1, 12, -1, -1, 11, 11, -1, -1, -1, -1, 8, 12][0m
MIP: [1;32mObjective value: 62886[0m
MIP: [1;32mLower Bound: 61246.3[0m
MIP: [1;32mBranch-and-Bound nodes: 38352[0m

# best solution:
best objective value:	62886
best dual bound value:	61246
optimality gap:	2.60789%
CPU time:	897.474
