ifile	/scratch/csagturk/mlbp_inst/n0070_m05__071.inst
prob	MLBP
threads	1
ttime	900
instance: /scratch/csagturk/mlbp_inst/n0070_m05__071.inst
	m=5, n=[70, 38, 27, 21, 18, 13]
MIP: [1;32minit CPLEX[0m
CAN: [1;35mcreated 4865 x_{ijk} variables[0m
CAN: [1;35mcreated 187 y_{ij} variables[0m
MIP: [1;32mcreated decision variables[0m
CAN: [1;35madded 70 constraints to enforce the packing of each item[0m
CAN: [1;35madded 104 constraints to enforce the packing of each item[0m
CAN: [1;35madded 117 capacity constraints[0m
MIP: [1;32mcreated constraints[0m
MIP: [1;32mcreated objective function[0m
MIP: [1;32mcalling CPLEX solve ...[0m
Version identifier: 22.1.0.0 | 2022-03-09 | 1a383f8ce
CPXPARAM_Threads                                 1
CPXPARAM_TimeLimit                               900
Tried aggregator 2 times.
MIP Presolve eliminated 0 rows and 652 columns.
MIP Presolve modified 451 coefficients.
Aggregator did 312 substitutions.
Reduced MIP has 915 rows, 5058 columns, and 10103 nonzeros.
Reduced MIP has 4746 binaries, 0 generals, 0 SOSs, and 206 indicators.
Presolve time = 0.02 sec. (16.76 ticks)
Probing fixed 0 vars, tightened 108 bounds.
Probing changed sense of 104 constraints.
Probing time = 0.03 sec. (27.39 ticks)
Tried aggregator 1 time.
MIP Presolve eliminated 624 rows and 728 columns.
Reduced MIP has 291 rows, 4330 columns, and 8647 nonzeros.
Reduced MIP has 4330 binaries, 0 generals, 0 SOSs, and 0 indicators.
Presolve time = 0.01 sec. (10.06 ticks)
Tried aggregator 1 time.
Detecting symmetries...
Reduced MIP has 291 rows, 4330 columns, and 8647 nonzeros.
Reduced MIP has 4330 binaries, 0 generals, 0 SOSs, and 0 indicators.
Presolve time = 0.01 sec. (8.73 ticks)
Probing time = 0.00 sec. (2.82 ticks)
Clique table members: 1347.
MIP emphasis: balance optimality and feasibility.
MIP search method: dynamic search.
Parallel mode: none, using 1 thread.
Root relaxation solution time = 0.01 sec. (13.62 ticks)

        Nodes                                         Cuts/
   Node  Left     Objective  IInf  Best Integer    Best Bound    ItCnt     Gap

      0     0    59142.6337   116                  59142.6337      655         
      0     0    59196.4082   155                   Cuts: 167      987         
      0     0    59337.8606   174                   Cuts: 172     1514         
      0     0    59652.6248   183                   Cuts: 167     2049         
      0     0    59768.6061   216                   Cuts: 145     2423         
      0     0    59886.9137   223                   Cuts: 172     2953         
      0     0    59974.5844   245                   Cuts: 172     3558         
      0     0    60016.2446   276                   Cuts: 157     4117         
      0     0    60041.5846   301                   Cuts: 139     4749         
      0     0    60105.9322   323                   Cuts: 145     5262         
      0     0    60132.4986   296                   Cuts: 143     6096         
      0     0    60153.1128   310                   Cuts: 155     6625         
      0     0    60182.5969   348                   Cuts: 150     7201         
      0     0    60205.1522   368                   Cuts: 141     7680         
      0     0    60231.7797   328                   Cuts: 125     8209         
      0     0    60252.0909   342                   Cuts: 138     8840         
      0     0    60263.5637   345                   Cuts: 145     9503         
      0     0    60271.2428   359                   Cuts: 132     9912         
      0     0    60280.1243   311                   Cuts: 102    10517         
      0     0    60286.6266   322                   Cuts: 107    11060         
*     0+    0                        75801.0000    60286.6266            20.47%
*     0+    0                        73820.0000    60286.6266            18.33%
*     0+    0                        72617.0000    60286.6266            16.98%
*     0+    0                        70908.0000    60286.6266            14.98%
*     0+    0                        70680.0000    60286.6266            14.70%
*     0+    0                        70410.0000    60286.6266            14.38%
*     0+    0                        68887.0000    60286.6266            12.48%
*     0+    0                        68877.0000    60286.6266            12.47%
      0     0  -1.00000e+75     0    68877.0000    60286.6266    11060   12.47%
      0     2    60286.6266   287    68877.0000    60286.6468    11060   12.47%
Elapsed time = 3.03 sec. (3875.05 ticks, tree = 0.01 MB, solutions = 8)
     10    12    60440.1536   220    68877.0000    60288.7144    11791   12.47%
     23    25    60653.9782   187    68877.0000    60288.7144    14620   12.47%
     53    55    60695.8186   172    68877.0000    60288.7144    16155   12.47%
    110   112    61333.7252   110    68877.0000    60288.7144    18134   12.47%
    180   182    61746.5935    81    68877.0000    60288.7144    19530   12.47%
*   260+  260                        68565.0000    60288.7144            12.07%
    260   262    62043.3676    92    68565.0000    60288.7144    21661   12.07%
*   300+  300                        67406.0000    60288.7144            10.56%
    321   322    64584.8162    69    67406.0000    60288.7144    23674   10.56%
*   330+  327                        66273.0000    60288.7144             9.03%
    370   361    60314.8608   292    66273.0000    60288.7598    24349    9.03%
    410   401    60371.2667   214    66273.0000    60288.7598    26581    9.03%

Performing restart 1

Repeating presolve.
Tried aggregator 1 time.
MIP Presolve modified 1068 coefficients.
Reduced MIP has 291 rows, 4330 columns, and 8647 nonzeros.
Reduced MIP has 4330 binaries, 0 generals, 0 SOSs, and 0 indicators.
Presolve time = 0.02 sec. (11.45 ticks)
Tried aggregator 1 time.
MIP Presolve modified 778 coefficients.
Reduced MIP has 291 rows, 4330 columns, and 8647 nonzeros.
Reduced MIP has 4330 binaries, 0 generals, 0 SOSs, and 0 indicators.
Presolve time = 0.02 sec. (12.68 ticks)
Represolve time = 0.11 sec. (80.92 ticks)
    500     0    60154.7860   300    66273.0000     Cuts: 139    34547    9.03%
    500     0    60242.2388   277    66273.0000     Cuts: 124    35480    9.03%
    500     0    60251.6471   295    66273.0000     Cuts: 120    35971    9.03%
*   500+    0                        65199.0000    60288.7598             7.53%
*   500+    0                        64952.0000    60288.7598             7.18%
*   500+    0                        64694.0000    60288.7598             6.81%
*   500+    0                        64585.0000    60288.7598             6.65%
    500     0  -1.00000e+75     0    64585.0000    60288.7598    35971    6.65%
    500     0    60278.8267   284    64585.0000     Cuts: 116    36431    6.65%
    500     0    60301.9600   319    64585.0000      Cuts: 98    36882    6.63%
    500     0    60305.7482   323    64585.0000     Cuts: 102    37194    6.63%
    500     0    60311.7962   317    64585.0000      Cuts: 82    37471    6.62%
    500     0    60318.8768   349    64585.0000      Cuts: 69    37740    6.61%
    500     0    60324.3237   330    64585.0000      Cuts: 87    38046    6.60%
    500     0    60327.2718   310    64585.0000      Cuts: 92    38326    6.59%
    500     0    60329.9830   301    64585.0000      Cuts: 83    38742    6.59%
    500     0    60335.6534   311    64585.0000      Cuts: 80    39120    6.58%
    500     0    60342.3488   323    64585.0000     Cuts: 104    39583    6.57%
    500     0    60360.3518   290    64585.0000      Cuts: 99    39905    6.54%
    500     0    60364.7641   306    64585.0000      Cuts: 84    40244    6.53%
    500     0    60368.2618   311    64585.0000     Cuts: 100    40513    6.53%
    500     0    60374.9144   325    64585.0000      Cuts: 51    40855    6.52%
    500     0    60377.2477   287    64585.0000      Cuts: 77    41109    6.52%
    500     0    60381.6731   295    64585.0000      Cuts: 68    41388    6.51%
    500     0    60391.7605   291    64585.0000      Cuts: 69    41752    6.49%
    500     0    60398.3347   337    64585.0000      Cuts: 89    42071    6.48%
    500     0    60400.4882   316    64585.0000      Cuts: 61    42260    6.48%
    500     2    60400.4882   288    64585.0000    60400.4926    42260    6.48%
Elapsed time = 11.00 sec. (13610.88 ticks, tree = 0.01 MB, solutions = 15)
    502     4    60424.7329   290    64585.0000    60415.3310    42372    6.46%
    504     6    60494.6677   240    64585.0000    60420.2624    42562    6.45%
    507     9    60618.0015   240    64585.0000    60420.2624    42989    6.45%
    510    12    60648.8376   260    64585.0000    60420.2624    43429    6.45%
    517    19    60690.4606   247    64585.0000    60420.2624    43898    6.45%
    528    30    60815.7278   202    64585.0000    60420.2624    45311    6.45%
    541    43    60966.7367   192    64585.0000    60420.2624    46521    6.45%
    570    72    61783.2207   171    64585.0000    60420.2624    47868    6.45%
    613   115    61926.1632   185    64585.0000    60420.2624    48496    6.45%
    623   124    62996.9900   173    64585.0000    60420.2624    50344    6.45%
Elapsed time = 20.63 sec. (24947.19 ticks, tree = 0.90 MB, solutions = 15)
    644   135    60420.2624   293    64585.0000    60420.2624    52700    6.45%
    680   171    61101.2529   259    64585.0000    60420.2624    54348    6.45%
    723   210        cutoff          64585.0000    60420.2624    58640    6.45%
    740   221    60700.7234   234    64585.0000    60424.7364    62498    6.44%
    797   278    61524.9022   145    64585.0000    60424.7364    66121    6.44%
    892   350    60563.2208   295    64585.0000    60425.9472    68833    6.44%
    980   438    61282.9201   163    64585.0000    60425.9472    73636    6.44%
   1065   516    60542.3306   261    64585.0000    60430.5493    75708    6.43%
   1165   614    62312.1941   232    64585.0000    60430.5493    80995    6.43%
   1216   661    61415.4453   240    64585.0000    60430.9249    86267    6.43%
Elapsed time = 28.72 sec. (34830.47 ticks, tree = 4.87 MB, solutions = 15)
   1273   712    60674.7232   241    64585.0000    60431.5190    91337    6.43%
   1369   808    61159.3518   195    64585.0000    60431.5190    97057    6.43%
   1454   890    61340.2958   127    64585.0000    60431.5190    98198    6.43%
   1506   938    61194.3275   221    64585.0000    60438.9408   101366    6.42%
   1599  1025    61050.8749   267    64585.0000    60439.0522   108456    6.42%
   1646  1067    60513.6598   269    64585.0000    60446.0440   113854    6.41%
   1720  1133    60481.8281   258    64585.0000    60448.6226   121681    6.40%
   1804  1215    61864.8570   191    64585.0000    60448.6226   129370    6.40%
   1819  1230    62121.2467   173    64585.0000    60448.6226   133231    6.40%
   1887  1287    61754.0028   253    64585.0000    60451.9381   139845    6.40%
Elapsed time = 36.89 sec. (44684.56 ticks, tree = 9.56 MB, solutions = 15)
   1935  1330    60561.4198   331    64585.0000    60454.2524   148213    6.40%
   2030  1425    61088.1964   132    64585.0000    60454.2524   154016    6.40%
   2100  1490    61151.7243   141    64585.0000    60454.2524   157373    6.40%
   2195  1567    61148.0981   173    64585.0000    60454.4879   163220    6.40%
   2259  1627    64296.3866   157    64585.0000    60454.4879   170258    6.40%
   2312  1673    61171.0364   259    64585.0000    60458.3851   175552    6.39%
   2411  1770    64183.9114   203    64585.0000    60458.3851   183640    6.39%
   2484  1835    61749.8575   270    64585.0000    60460.3131   190184    6.39%
   2557  1901    61333.4668   217    64585.0000    60462.0829   196898    6.38%
   2683  2020    61023.1383   277    64585.0000    60462.6862   204914    6.38%
Elapsed time = 44.91 sec. (54384.60 ticks, tree = 15.20 MB, solutions = 15)
   2771  2103    61154.2140   268    64585.0000    60464.9207   210329    6.38%
   2881  2205    61193.5523   276    64585.0000    60464.9553   217328    6.38%
   2945  2265    60855.0533   311    64585.0000    60469.9293   223049    6.37%
   3066  2384    infeasible          64585.0000    60469.9293   230196    6.37%
   3143  2451    61190.3608   246    64585.0000    60470.1155   237723    6.37%
   3274  2578    60934.5146   249    64585.0000    60470.6298   243720    6.37%
   3384  2684    61322.0022   209    64585.0000    60471.3531   251633    6.37%
   3500  2794    61300.2666   239    64585.0000    60471.4586   256212    6.37%
   3557  2846    62023.0540   256    64585.0000    60472.5265   263623    6.37%
   3678  2965    64099.2052   182    64585.0000    60472.5265   272883    6.37%
Elapsed time = 53.03 sec. (64385.87 ticks, tree = 22.78 MB, solutions = 15)
   3751  3022    61088.7448   278    64585.0000    60475.6134   278523    6.36%
   3862  3129    61497.1350   208    64585.0000    60477.3146   284414    6.36%
   3916  3179    60671.1272   260    64585.0000    60478.1175   290074    6.36%
   3998  3257    60839.8393   268    64585.0000    60480.2120   296665    6.36%
   4075  3332    62708.6732   238    64585.0000    60480.2120   303951    6.36%
   4089  3338    60613.5754   265    64585.0000    60481.1723   312211    6.35%
   4162  3411    61353.5689   229    64585.0000    60481.1723   320192    6.35%
   4289  3530    63226.1686   258    64585.0000    60483.1202   327385    6.35%
   4365  3601    61971.0269   224    64585.0000    60483.6642   333975    6.35%
   4407  3633    60764.4251   271    64585.0000    60484.8226   342040    6.35%
Elapsed time = 58.91 sec. (74576.51 ticks, tree = 28.15 MB, solutions = 15)
   4475  3697    60581.4722   311    64585.0000    60486.6423   348438    6.35%
*  4500+ 3633                        64323.0000    60486.6423             5.96%
*  4500+ 3632                        64308.0000    60486.6423             5.94%
   4500  3634    60891.7845   257    64308.0000    60486.6423   349719    5.94%
   4554  3686    63205.3141   200    64308.0000    60486.6423   357326    5.94%
   4622  3750    61904.1041   234    64308.0000    60489.0111   364172    5.94%
   4670  3791    60517.9323   288    64308.0000    60492.6746   370748    5.93%
   4780  3901    61095.6323   219    64308.0000    60492.6746   376134    5.93%
   4878  3995    62927.4323   245    64308.0000    60507.0231   381649    5.91%
   4953  4065    61174.5679   200    64308.0000    60507.9912   388040    5.91%
   5099  4205    60937.2897   260    64308.0000    60509.3424   393721    5.91%
   5151  4251        cutoff          64308.0000    60509.3424   403891    5.91%
Elapsed time = 65.75 sec. (85930.32 ticks, tree = 33.36 MB, solutions = 17)
   5188  4288    61199.5499   210    64308.0000    60509.8748   409888    5.91%
   5228  4328    61956.9892   215    64308.0000    60509.8748   418062    5.91%
   5345  4438    61212.9516   242    64308.0000    60510.4409   423956    5.91%
   5417  4505    62067.1365   261    64308.0000    60511.5594   429683    5.90%
   5471  4555    61760.6652   291    64308.0000    60512.2567   436034    5.90%
   5492  4570    60826.3780   282    64308.0000    60512.3305   443231    5.90%
   5500  4578    60879.9724   248    64308.0000    60512.3305   443422    5.90%
   5599  4673    60957.7277   240    64308.0000    60512.6093   449091    5.90%
   5624  4698    61960.8361   254    64308.0000    60512.6093   457294    5.90%
   5673  4739    60882.0796   240    64308.0000    60512.7186   465346    5.90%
Elapsed time = 71.94 sec. (96466.39 ticks, tree = 37.41 MB, solutions = 17)
   5808  4870    60774.8323   318    64308.0000    60513.6598   470842    5.90%
   5918  4980    61343.1000   113    64308.0000    60513.6598   476568    5.90%
   6063  5106    60701.2829   245    64308.0000    60513.8919   481879    5.90%
   6141  5182    infeasible          64308.0000    60513.8919   488777    5.90%
   6198  5234    61046.3755   242    64308.0000    60514.9372   495349    5.90%
   6327  5354    62934.6142   291    64308.0000    60516.1493   501557    5.90%
   6366  5391    64092.2684   227    64308.0000    60516.1493   509487    5.90%
   6441  5462    61732.3074   254    64308.0000    60518.5308   514026    5.89%
   6500  5514    61005.8895   276    64308.0000    60518.9076   518590    5.89%
   6743  5739    60722.8665   317    64308.0000    60519.0498   545270    5.89%
Elapsed time = 82.19 sec. (113182.36 ticks, tree = 45.97 MB, solutions = 17)
   6947  5922    61255.2858   272    64308.0000    60520.0595   570274    5.89%
   7084  6045    60747.3258   274    64308.0000    60522.6932   599115    5.89%
   7294  6248    61172.4517   121    64308.0000    60523.9289   626330    5.88%
   7500  6442    62341.8397   142    64308.0000    60528.2605   645576    5.88%
   7736  6663    63937.0302   202    64308.0000    60531.7217   671369    5.87%
   7972  6883    62345.0976   259    64308.0000    60540.2597   695811    5.86%
   8186  7078    60691.9575   239    64308.0000    60543.2189   720403    5.85%
   8454  7338    61401.7067   224    64308.0000    60544.9520   745312    5.85%
*  8500+ 7303                        64178.0000    60545.5135             5.66%
   8550  7353    63107.7881   140    64178.0000    60545.5135   755427    5.66%
*  8600+ 7228                        63850.0000    60546.2602             5.17%
   8772  7382    61139.0080   233    63850.0000    60549.0059   783102    5.17%
Elapsed time = 106.53 sec. (153597.01 ticks, tree = 61.32 MB, solutions = 19)
   9006  7602    60886.0442   265    63850.0000    60550.4175   804953    5.17%
   9170  7758    63740.8370   247    63850.0000    60551.6298   829356    5.17%
   9456  8024    61136.1972   273    63850.0000    60552.5357   853251    5.16%
   9534  8092    62683.0977   215    63850.0000    60552.8334   869127    5.16%
   9736  8275    62390.0987   284    63850.0000    60554.0651   892474    5.16%
   9936  8456    62841.0970   253    63850.0000    60556.7610   915939    5.16%
  10171  8675    62043.5085   244    63850.0000    60558.2952   942508    5.16%
  10380  8870    63361.9391   255    63850.0000    60561.5190   965127    5.15%
* 10500+ 8821                        63707.0000    60561.8048             4.94%
* 10500+ 8695                        63586.0000    60561.8048             4.76%
  10500  8697    61082.8653   264    63586.0000    60561.8048   979568    4.76%
  10501  8698    61109.2466   301    63586.0000    60561.8868   980575    4.76%
Elapsed time = 156.73 sec. (222102.64 ticks, tree = 74.92 MB, solutions = 21)
  10574  8771    61476.1105   264    63586.0000    60563.9674   987526    4.75%
  10859  9037    60754.2865   274    63586.0000    60565.3885  1010451    4.75%
  11030  9200    62890.9113   246    63586.0000    60566.2768  1038288    4.75%
  11237  9391        cutoff          63586.0000    60569.5689  1062756    4.74%
  11527  9669    61666.9942   175    63586.0000    60572.1576  1083439    4.74%
  11703  9832    61790.6905   286    63586.0000    60573.9880  1105881    4.74%
  11899 10012    62308.4064   282    63586.0000    60575.0438  1129890    4.74%
  12142 10243    61916.0538   200    63586.0000    60575.3051  1154058    4.73%
  12372 10455    61263.7909   266    63586.0000    60577.0387  1177376    4.73%
  12601 10676    62126.3858   259    63586.0000    60577.7080  1203632    4.73%
Elapsed time = 180.22 sec. (260829.51 ticks, tree = 95.45 MB, solutions = 21)
  12805 10870    62267.3409   249    63586.0000    60578.7141  1230356    4.73%
  13065 11099    60734.5619   300    63586.0000    60579.1949  1255541    4.73%
  13315 11341    62494.5648   230    63586.0000    60579.1949  1281351    4.73%
  13500 11509    60955.2832   299    63586.0000    60579.1949  1302871    4.73%
  13719 11714    60739.8933   325    63586.0000    60580.2785  1330332    4.73%
  13936 11918    61213.1689   246    63586.0000    60581.7029  1353026    4.72%
  14207 12177    63234.7373   280    63586.0000    60582.0565  1376956    4.72%
  14348 12300    61862.7748   165    63586.0000    60583.3904  1400203    4.72%
* 14500+12353                        63492.0000    60584.1608             4.58%
  14500 12355    61063.2102   193    63492.0000    60584.1608  1424857    4.58%
  14693 12538    61067.4280   207    63492.0000    60585.1510  1445301    4.58%
Elapsed time = 205.68 sec. (302876.32 ticks, tree = 115.71 MB, solutions = 22)
  14893 12721    60973.1661   273    63492.0000    60587.0971  1468236    4.58%
  15137 12951    60755.4112   264    63492.0000    60588.3753  1491282    4.57%
  15363 13164    61040.1261   255    63492.0000    60588.7982  1510361    4.57%
* 15500+13247                        63443.0000    60588.8334             4.50%
  15538 13283    62953.9930   238    63443.0000    60589.5031  1537138    4.50%
  15748 13475    61215.9671   168    63443.0000    60591.1582  1560325    4.50%
  15934 13646    61707.8432   287    63443.0000    60592.6028  1585503    4.49%
  16174 13872    60601.5352   271    63443.0000    60594.3968  1608169    4.49%
  16380 14063    61005.6032   241    63443.0000    60595.7012  1635085    4.49%
  16504 14169    60732.8023   295    63443.0000    60596.5152  1652835    4.49%
  16677 14333    61094.2827   270    63443.0000    60596.9721  1676384    4.49%
Elapsed time = 229.03 sec. (341725.82 ticks, tree = 136.15 MB, solutions = 23)
  16910 14537        cutoff          63443.0000    60597.0688  1700126    4.49%
  17092 14711    61070.7958   212    63443.0000    60597.9493  1722423    4.48%
  17369 14951    62940.1220   240    63443.0000    60598.8919  1744453    4.48%
  17543 15110    60905.0146   236    63443.0000    60598.9671  1765246    4.48%
  17735 15292    63145.2215   232    63443.0000    60599.2670  1794160    4.48%
  17912 15453    61043.9108   241    63443.0000    60599.8463  1815738    4.48%
  18135 15668    62746.5057   225    63443.0000    60600.0280  1840439    4.48%
  18319 15824    61542.5012   303    63443.0000    60601.1179  1863606    4.48%
  18545 16042    60888.0400   265    63443.0000    60601.2545  1882787    4.48%
  18879 16352        cutoff          63443.0000    60602.2847  1909290    4.48%
Elapsed time = 252.45 sec. (380389.98 ticks, tree = 160.41 MB, solutions = 23)
  19009 16478    61370.7171   277    63443.0000    60603.2316  1931294    4.48%
  19300 16759    61017.8797   205    63443.0000    60603.6783  1951091    4.48%
  19500 16945    61170.7416   204    63443.0000    60604.1014  1969751    4.47%
* 19700+16326                        62978.0000    60604.5055             3.77%
  19827 16451    61367.0993   246    62978.0000    60606.6162  1989813    3.77%
  19995 16608    62699.6925   281    62978.0000    60606.9634  2014911    3.76%
  20138 16740    61011.0009   316    62978.0000    60607.0207  2036632    3.76%
  20296 16882    61878.4336   269    62978.0000    60607.9363  2059677    3.76%
  20500 17065    61390.0756   160    62978.0000    60608.1258  2074504    3.76%
  20653 17204    61146.6343   283    62978.0000    60609.2391  2095241    3.76%
  20804 17345    60903.3608   259    62978.0000    60609.7220  2115715    3.76%
Elapsed time = 278.96 sec. (422672.39 ticks, tree = 175.42 MB, solutions = 24)
  21001 17533    61368.8896   317    62978.0000    60609.9991  2139103    3.76%
  21189 17707    61249.8558   215    62978.0000    60610.9611  2164644    3.76%
  21367 17875    60972.9425   302    62978.0000    60611.1649  2187964    3.76%
  21530 18029    61539.6094   217    62978.0000    60612.2304  2204501    3.76%
  21682 18169        cutoff          62978.0000    60612.3187  2229761    3.76%
  21890 18367    60684.8831   268    62978.0000    60613.1459  2249385    3.76%
  22003 18461    61032.1433   256    62978.0000    60614.1981  2271741    3.75%
  22209 18659    61379.0237   282    62978.0000    60614.5980  2294362    3.75%
  22377 18799    60930.5783   292    62978.0000    60614.7210  2319049    3.75%
  22500 18920    61857.7554   170    62978.0000    60614.7210  2328107    3.75%
Elapsed time = 303.77 sec. (461640.75 ticks, tree = 195.74 MB, solutions = 24)
  22663 19071    60773.9333   372    62978.0000    60615.4237  2348854    3.75%
* 22700+18842                        62878.0000    60615.4237             3.60%
  22818 18957    61681.1619   263    62878.0000    60615.6190  2374118    3.60%
  22990 19113    62858.8749   307    62878.0000    60616.6583  2393532    3.60%
  23072 19177    61379.9530   325    62878.0000    60617.7289  2412821    3.59%
  23295 19388    61056.0294   197    62878.0000    60618.0015  2434382    3.59%
  23480 19565    61254.1170   227    62878.0000    60618.5247  2456835    3.59%
  23500 19585    61255.2591   192    62878.0000    60618.5247  2460883    3.59%
  23710 19765    61047.8151   277    62878.0000    60618.8801  2479281    3.59%
  23927 19970    61044.7438   290    62878.0000    60619.8835  2501555    3.59%
  24132 20161    61060.2589   303    62878.0000    60620.1269  2522814    3.59%
Elapsed time = 329.21 sec. (501795.87 ticks, tree = 213.05 MB, solutions = 25)
  24297 20317    60707.9961   326    62878.0000    60620.6212  2545495    3.59%
  24389 20395    60875.0663   264    62878.0000    60621.0374  2569479    3.59%
  24500 20502    61125.9687   285    62878.0000    60621.5826  2583134    3.59%
  24597 20588    62821.0224   304    62878.0000    60621.5826  2611846    3.59%
  24681 20644    60714.5718   260    62878.0000    60621.9303  2633534    3.59%
  24867 20823    infeasible          62878.0000    60621.9447  2654180    3.59%
  24991 20941    62575.5497   257    62878.0000    60622.8868  2676824    3.59%
  25063 20998    61344.4235   275    62878.0000    60623.3547  2698709    3.59%
  25187 21113    60772.2117   300    62878.0000    60625.1955  2720983    3.58%
  25471 21383    61140.8283   304    62878.0000    60625.5085  2746696    3.58%
Elapsed time = 354.85 sec. (542162.29 ticks, tree = 229.91 MB, solutions = 25)
  25500 21406    61144.3258   310    62878.0000    60625.6036  2755537    3.58%
  25730 21628    61526.1869   224    62878.0000    60626.1370  2778530    3.58%
  25829 21715    61130.7420   302    62878.0000    60626.4682  2797185    3.58%
  25923 21801    60928.5665   238    62878.0000    60626.8967  2821389    3.58%
  26097 21965    60958.0500   265    62878.0000    60627.0991  2841238    3.58%
  26203 22063    62354.6902   244    62878.0000    60627.3098  2865430    3.58%
  26322 22162    61751.3429   286    62878.0000    60627.5894  2890006    3.58%
  26441 22265    61857.8968   253    62878.0000    60628.0813  2914712    3.58%
  26500 22319    62443.0657   266    62878.0000    60628.1539  2923431    3.58%
  26686 22481    60855.3143   302    62878.0000    60628.2806  2947757    3.58%
Elapsed time = 383.63 sec. (586605.44 ticks, tree = 245.29 MB, solutions = 25)
  26957 22736    60930.0322   286    62878.0000    60629.3366  2970168    3.58%
  27088 22856    62867.6491   292    62878.0000    60629.3426  2991442    3.58%
  27209 22947    60738.1095   360    62878.0000    60629.4535  3014353    3.58%
  27318 23050    62507.3093   300    62878.0000    60629.7196  3037824    3.58%
  27419 23132    60681.7169   287    62878.0000    60630.1525  3060089    3.57%
  27500 23213    60917.9865   251    62878.0000    60630.1525  3064875    3.57%
  27642 23343    61723.6946   278    62878.0000    60630.4535  3087772    3.57%
  27723 23414    60878.0047   293    62878.0000    60631.5402  3104192    3.57%
  27864 23543    60827.0549   250    62878.0000    60631.6491  3130746    3.57%
  28038 23707    61099.4985   315    62878.0000    60632.2675  3151695    3.57%
Elapsed time = 409.34 sec. (626972.01 ticks, tree = 262.98 MB, solutions = 25)
  28084 23747    62451.9609   247    62878.0000    60632.3748  3173570    3.57%
  28207 23853        cutoff          62878.0000    60632.4132  3198768    3.57%
  28388 24026    61211.9649   334    62878.0000    60632.4132  3218781    3.57%
  28500 24134    61723.3592   355    62878.0000    60632.4132  3239837    3.57%
  28640 24264    62253.1940   289    62878.0000    60632.4132  3259421    3.57%
  28752 24367    61191.3931   262    62878.0000    60632.4132  3281681    3.57%
  28898 24490    61228.5858   327    62878.0000    60632.7661  3304807    3.57%
  28979 24567    62100.1985   310    62878.0000    60633.3425  3325194    3.57%
  29147 24723    62257.4242   244    62878.0000    60634.2478  3346494    3.57%
  29271 24822    61067.7303   344    62878.0000    60635.2338  3366980    3.57%
Elapsed time = 435.04 sec. (667090.11 ticks, tree = 279.38 MB, solutions = 25)
  29384 24932    61753.1340   266    62878.0000    60635.5107  3388345    3.57%
  29500 25042    61444.3684   265    62878.0000    60635.5294  3407308    3.57%
  29596 25124    61115.4175   260    62878.0000    60635.7317  3430698    3.57%
  29718 25236    62471.7857   287    62878.0000    60635.9990  3453196    3.57%
  29830 25333    62828.7538   365    62878.0000    60636.5671  3474793    3.56%
  29972 25457    62330.1804   239    62878.0000    60636.7311  3492902    3.56%
  30117 25586    61274.3608   333    62878.0000    60637.2356  3515908    3.56%
  30384 25836    61017.5567   307    62878.0000    60637.3976  3541371    3.56%
  30500 25949    62177.9547   203    62878.0000    60637.3976  3560787    3.56%
  30565 26006    60889.3309   286    62878.0000    60637.5976  3580737    3.56%
Elapsed time = 464.97 sec. (712695.03 ticks, tree = 297.05 MB, solutions = 25)
  30646 26071    62531.5496   254    62878.0000    60637.8126  3603448    3.56%
  30795 26208    61008.9497   336    62878.0000    60638.5512  3628734    3.56%
  30840 26251    62642.4484   235    62878.0000    60638.5512  3654793    3.56%
  30964 26365    61346.8776    94    62878.0000    60638.6791  3677833    3.56%
  31185 26573    61263.4413   343    62878.0000    60639.1655  3697661    3.56%
  31313 26693    60718.5877   320    62878.0000    60639.4886  3717405    3.56%
  31500 26876    61709.6908   237    62878.0000    60639.6580  3736228    3.56%
  31595 26966    62264.6988   315    62878.0000    60639.8591  3758896    3.56%
  31665 27024    62668.7686   275    62878.0000    60640.6904  3779068    3.56%
  31760 27113    61305.1986   239    62878.0000    60640.7491  3802200    3.56%
Elapsed time = 492.24 sec. (754630.94 ticks, tree = 313.65 MB, solutions = 25)
  31942 27285    62385.6503   263    62878.0000    60640.7491  3823317    3.56%
  32007 27324    61339.7152   384    62878.0000    60640.7491  3841578    3.56%
  32178 27487    61102.0800   268    62878.0000    60640.7491  3862042    3.56%
  32372 27673    62491.9919   274    62878.0000    60640.7491  3880822    3.56%
  32497 27784    61468.7534   377    62878.0000    60641.6085  3903752    3.56%
  32534 27817    infeasible          62878.0000    60641.6085  3916831    3.56%
  32638 27915    62544.3905   254    62878.0000    60641.9426  3938314    3.56%
  32797 28059    61182.2035   253    62878.0000    60642.1654  3959286    3.56%
  32974 28224    61421.3418   299    62878.0000    60642.5617  3981465    3.56%
  33030 28272    62242.6555   312    62878.0000    60642.6592  3999164    3.56%
Elapsed time = 517.87 sec. (794052.72 ticks, tree = 331.24 MB, solutions = 25)
  33125 28347    61362.2010   279    62878.0000    60642.8002  4018098    3.55%
  33199 28417    60969.2972   312    62878.0000    60643.1994  4041281    3.55%
  33424 28634    60833.7757   331    62878.0000    60643.3138  4061627    3.55%
  33500 28702    61655.3773   324    62878.0000    60643.4838  4081820    3.55%
  33645 28835    61187.4519   277    62878.0000    60643.5656  4099853    3.55%
  33766 28948    60890.7346   332    62878.0000    60643.8209  4121726    3.55%
  33900 29074    61763.7283   317    62878.0000    60644.4800  4145460    3.55%
  34053 29215    61564.2551   398    62878.0000    60645.3327  4171602    3.55%
  34154 29308    61166.9085   270    62878.0000    60645.3857  4194637    3.55%
  34266 29407    61225.7152   352    62878.0000    60645.8252  4218176    3.55%
Elapsed time = 547.88 sec. (839670.70 ticks, tree = 348.74 MB, solutions = 25)
  34337 29474    61136.6856   296    62878.0000    60645.8314  4242845    3.55%
  34434 29567    61248.3092   288    62878.0000    60645.8620  4266383    3.55%
  34500 29625    60825.1790   272    62878.0000    60645.9484  4276899    3.55%
  34554 29673    61418.4523   257    62878.0000    60645.9484  4303813    3.55%
  34756 29860    61978.9352   266    62878.0000    60645.9484  4329066    3.55%
  34895 29985    62251.3705   272    62878.0000    60645.9484  4351987    3.55%
  35082 30157    61251.1938   409    62878.0000    60645.9484  4374854    3.55%
  35250 30319    61443.2638   254    62878.0000    60645.9484  4398835    3.55%
  35346 30400    61232.2283   368    62878.0000    60646.0491  4419955    3.55%
  35450 30498    61699.1770   212    62878.0000    60646.2861  4443622    3.55%
Elapsed time = 574.50 sec. (880373.54 ticks, tree = 365.60 MB, solutions = 25)
  35637 30672    62819.4368   252    62878.0000    60648.1668  4465347    3.55%
  35764 30789    61164.1907   260    62878.0000    60648.5623  4487078    3.55%
  35915 30932    62301.5404   312    62878.0000    60648.8913  4510662    3.55%
  36087 31092    62710.4863   239    62878.0000    60649.4030  4534325    3.54%
  36301 31292    62095.9694   285    62878.0000    60651.5439  4556978    3.54%
  36398 31379    61315.4377   298    62878.0000    60651.5610  4580451    3.54%
  36500 31474    60988.7972   306    62878.0000    60652.0351  4593168    3.54%
  36642 31608    60924.0431   282    62878.0000    60652.4416  4616239    3.54%
  36689 31646        cutoff          62878.0000    60652.4416  4642066    3.54%
  36827 31774    61281.2026   233    62878.0000    60652.9849  4665495    3.54%
Elapsed time = 600.69 sec. (920480.80 ticks, tree = 385.35 MB, solutions = 25)
  37038 31975    62695.0996   262    62878.0000    60653.3548  4690015    3.54%
  37158 32083    61436.7907   345    62878.0000    60654.0851  4712661    3.54%
  37226 32147    61457.4213   275    62878.0000    60654.0955  4737858    3.54%
  37351 32256    61900.2067   266    62878.0000    60654.8063  4760508    3.54%
* 37500+26179                        61855.0000    60655.1664             1.94%
  37500 26181    60742.5464   232    61855.0000    60655.1664  4775488    1.94%
* 37600+23538                        61591.0000    60655.4687             1.52%
  37698 23634    61091.9629   277    61591.0000    60655.6780  4799564    1.52%
  37788 23707    61319.8282   325    61591.0000    60656.2003  4820714    1.52%
  37994 23881    61398.5868   199    61591.0000    60658.3807  4842560    1.51%
  38101 23953    61586.3124   235    61591.0000    60658.8637  4863968    1.51%
  38266 24102    61048.2531   247    61591.0000    60659.5880  4887135    1.51%
Elapsed time = 627.07 sec. (960575.52 ticks, tree = 294.00 MB, solutions = 27)
  38363 24190    61322.5796   283    61591.0000    60659.9607  4910028    1.51%
  38414 24223        cutoff          61591.0000    60661.1805  4932095    1.51%
  38460 24261    61055.7618   363    61591.0000    60662.0658  4954258    1.51%
  38503 24286    60982.5121   354    61591.0000    60662.1524  4973949    1.51%
  38548 24323    60904.0024   253    61591.0000    60662.6630  4997214    1.51%
  38649 24405    60966.3484   370    61591.0000    60663.7900  5021944    1.51%
  38767 24511    61566.5812   184    61591.0000    60663.9699  5046141    1.51%
  38818 24544    61059.5798   254    61591.0000    60664.3610  5067594    1.50%
  38944 24647    60722.7851   355    61591.0000    60665.4227  5090346    1.50%
  39064 24752    61366.8118   305    61591.0000    60665.6143  5113343    1.50%
Elapsed time = 653.51 sec. (1000117.80 ticks, tree = 304.20 MB, solutions = 27)
  39191 24867    61169.4432   272    61591.0000    60666.3337  5136370    1.50%
  39297 24961    61311.8069   197    61591.0000    60666.8708  5159650    1.50%
  39440 25084        cutoff          61591.0000    60667.0591  5183330    1.50%
  39532 25166    60945.1024   276    61591.0000    60667.1505  5199877    1.50%
  39682 25302    60949.2068   318    61591.0000    60667.6329  5222553    1.50%
  39772 25376    60888.4598   307    61591.0000    60668.0295  5244824    1.50%
  39860 25454    60961.3979   307    61591.0000    60668.2383  5268012    1.50%
  39963 25533    60969.8998   313    61591.0000    60668.4535  5291001    1.50%
  40080 25622    61064.5942   308    61591.0000    60669.5950  5312600    1.50%
  40175 25703    60973.5335   284    61591.0000    60669.6664  5336197    1.50%
Elapsed time = 679.09 sec. (1039057.74 ticks, tree = 318.95 MB, solutions = 27)
  40272 25788        cutoff          61591.0000    60669.8819  5359956    1.50%
  40408 25892    60782.3413   256    61591.0000    60670.2480  5382998    1.49%
  40492 25952    61026.1279   315    61591.0000    60671.0476  5406596    1.49%
  40500 25960    61149.6916   304    61591.0000    60671.0476  5406887    1.49%
  40594 26043    61115.3012   204    61591.0000    60671.5082  5430103    1.49%
  40733 26164    60990.9847   305    61591.0000    60671.8858  5454769    1.49%
  40950 26358    61068.8727   287    61591.0000    60672.7714  5477817    1.49%
  41019 26418    61037.7327   283    61591.0000    60672.8618  5500460    1.49%
  41089 26478    60979.8709   306    61591.0000    60673.4781  5522129    1.49%
  41257 26623    61537.0180   181    61591.0000    60674.2266  5544419    1.49%
Elapsed time = 705.72 sec. (1078720.19 ticks, tree = 333.28 MB, solutions = 27)
  41375 26727    61320.5585   251    61591.0000    60674.5916  5566686    1.49%
  41489 26814    61502.9044   287    61591.0000    60675.1740  5590493    1.49%
  41530 26851    61050.4822   186    61591.0000    60675.1965  5605664    1.49%
  41706 27002    61146.4763   292    61591.0000    60675.4886  5627655    1.49%
  41879 27164    61033.1116   342    61591.0000    60675.9360  5651726    1.49%
  42008 27281    61424.2277   314    61591.0000    60676.1773  5675281    1.49%
  42132 27376    61563.7436   300    61591.0000    60677.0684  5698177    1.48%
  42246 27470    60928.4373   307    61591.0000    60677.8410  5721375    1.48%
  42396 27612    61043.4043   183    61591.0000    60678.7358  5743675    1.48%
  42469 27675    61214.8075   249    61591.0000    60679.3667  5766993    1.48%
Elapsed time = 731.46 sec. (1117434.40 ticks, tree = 349.65 MB, solutions = 27)
  42514 27712    61114.6194   234    61591.0000    60679.4492  5772098    1.48%
  42630 27820    61044.6006   338    61591.0000    60679.5643  5795647    1.48%
  42744 27908    61244.1864   238    61591.0000    60680.4746  5818271    1.48%
  42893 28039    61130.4435   335    61591.0000    60680.7408  5840863    1.48%
  42982 28116    60824.8249   358    61591.0000    60680.8291  5863781    1.48%
  43072 28192    60969.3489   263    61591.0000    60681.0545  5887007    1.48%
  43420 28523    61555.0000    30    61591.0000    60681.4305  5912392    1.48%
  43479 28571    61192.4454   191    61591.0000    60681.8318  5934289    1.48%
  43500 28588    61042.1609   356    61591.0000    60681.8802  5941727    1.48%
  43570 28654    61291.2953   310    61591.0000    60682.2665  5964977    1.48%
Elapsed time = 758.51 sec. (1157650.04 ticks, tree = 364.87 MB, solutions = 27)
  43687 28751    61088.9429   281    61591.0000    60682.4912  5988793    1.48%
  43759 28813    60942.4234   225    61591.0000    60682.8779  6011318    1.47%
  43857 28899    60814.1634   391    61591.0000    60682.9587  6033453    1.47%
  43977 29009    61231.5880   293    61591.0000    60683.8407  6057394    1.47%
  44105 29108    61514.8140   231    61591.0000    60683.9862  6077796    1.47%
  44215 29200    61341.9144   306    61591.0000    60684.3779  6100077    1.47%
  44377 29341    61036.1660   264    61591.0000    60684.6583  6122135    1.47%
  44485 29424    61084.5394   358    61591.0000    60684.9005  6146089    1.47%
  44533 29472    61112.0993   358    61591.0000    60684.9005  6149883    1.47%
  44676 29602    60840.1432   278    61591.0000    60685.6483  6172454    1.47%
Elapsed time = 784.33 sec. (1196379.61 ticks, tree = 379.57 MB, solutions = 27)
  44769 29688    61529.6405   283    61591.0000    60685.7280  6194559    1.47%
  44862 29767    61060.8550   242    61591.0000    60686.0961  6215253    1.47%
  44925 29822    61157.2561   294    61591.0000    60686.1459  6236240    1.47%
  45036 29910    60789.5051   224    61591.0000    60686.9794  6258815    1.47%
  45093 29955    61563.4972   292    61591.0000    60686.9896  6282010    1.47%
  45270 30120    61309.2812   273    61591.0000    60687.0510  6304502    1.47%
  45431 30256    61025.9967   290    61591.0000    60687.6209  6328554    1.47%
  45530 30346    61075.1664   330    61591.0000    60687.7589  6350709    1.47%
  45576 30382        cutoff          61591.0000    60687.8216  6375674    1.47%
  45725 30517        cutoff          61591.0000    60688.4715  6398573    1.47%
Elapsed time = 809.92 sec. (1235208.28 ticks, tree = 393.79 MB, solutions = 27)
Starting limited solution polishing.
  45818 30592    61206.3571   302    61591.0000    60688.8492  6417553    1.46%
  45900 30658    60760.6561   274    61591.0000    60688.9857  6433743    1.46%
  46008 30760    61384.8415   156    61591.0000    60689.0493  6454848    1.46%
  46100 30823    60732.9533   313    61591.0000    60689.3677  6475273    1.46%
  46224 30936    60799.1138   289    61591.0000    60689.4061  6492059    1.46%
  46300 31008    61134.9518   269    61591.0000    60689.5498  6503889    1.46%
  46400 31089    61584.0007   197    61591.0000    60689.6843  6524516    1.46%
  46486 31162    61100.6149   344    61591.0000    60689.9753  6547134    1.46%
  46600 31260    60879.3925   287    61591.0000    60690.2780  6566072    1.46%
  46700 31352    60780.8241   282    61591.0000    60690.4606  6578519    1.46%
Elapsed time = 853.69 sec. (1297656.63 ticks, tree = 406.73 MB, solutions = 27)
  46800 31445    60932.3040   302    61591.0000    60690.4606  6592533    1.46%
  46891 31519    61042.3883   268    61591.0000    60690.5073  6614411    1.46%
  46900 31528    61422.3972   261    61591.0000    60690.5073  6619201    1.46%
  47000 31599    61122.5186   335    61591.0000    60690.9191  6641899    1.46%
  47100 31687    61215.0063   303    61591.0000    60691.0962  6659414    1.46%
  47158 31725    61394.6882   306    61591.0000    60691.6595  6681942    1.46%
  47200 31760    61050.7115   265    61591.0000    60691.8118  6692636    1.46%
  47300 31842    60711.1715   285    61591.0000    60692.3188  6710921    1.46%
  47400 31930    60970.9791   292    61591.0000    60692.4886  6728891    1.46%
  47500 32008    61224.9323   305    61591.0000    60692.4892  6744190    1.46%
Elapsed time = 897.72 sec. (1360589.82 ticks, tree = 416.97 MB, solutions = 27)

Clique cuts applied:  128
Cover cuts applied:  910
Implied bound cuts applied:  9
Flow cuts applied:  35
Mixed integer rounding cuts applied:  283
Zero-half cuts applied:  87
Gomory fractional cuts applied:  8

Root node processing (before b&c):
  Real time             =    3.02 sec. (3862.60 ticks)
Sequential b&c:
  Real time             =  896.99 sec. (1360178.34 ticks)
                          ------------
Total (root+branch&cut) =  900.00 sec. (1364040.94 ticks)
MIP: [1;32mCPLEX finished.[0m
MIP: [1;32mCPLEX status: Feasible[0m
MIP: [1;32mSolution: 
[25, 24, 22, 3, 1, 33, 3, 23, 30, 25, 26, 5, 35, 17, 25, 12, 10, 31, 23, 1, 23, 36, 27, 27, 24, 34, 34, 4, 27, 29, 37, 33, 33, 21, 17, 5, 4, 17, 4, 11, 20, 14, 36, 22, 29, 37, 26, 16, 5, 18, 8, 21, 3, 8, 30, 13, 19, 28, 36, 18, 14, 1, 31, 15, 15, 28, 35, 29, 24, 8][-1, 16, -1, 21, 18, 13, -1, -1, 14, -1, 15, 6, 12, 4, 23, 8, 12, 10, 26, 15, 24, 22, 3, 0, 25, 22, 8, 11, 25, 26, 4, 3, -1, 24, 23, 0, 21, 6][8, -1, -1, 13, 16, -1, 0, -1, 1, -1, 12, 11, 15, 13, 16, 0, 11, -1, 12, -1, -1, 19, 18, 8, 1, 18, 15][13, 16, -1, -1, -1, -1, -1, -1, 8, -1, -1, 16, 6, 9, -1, 6, 17, -1, 17, 8, -1][-1, -1, -1, -1, -1, -1, 6, -1, 5, 2, -1, -1, -1, 5, -1, -1, 6, 2][0m
MIP: [1;32mObjective value: 61591[0m
MIP: [1;32mLower Bound: 60692.6[0m
MIP: [1;32mBranch-and-Bound nodes: 47596[0m

# best solution:
best objective value:	61591
best dual bound value:	60692
optimality gap:	1.45963%
CPU time:	897.372
