ifile	/scratch/csagturk/mlbp_inst/n0080_m05__024.inst
prob	MLBP
threads	1
ttime	900
instance: /scratch/csagturk/mlbp_inst/n0080_m05__024.inst
	m=5, n=[80, 44, 30, 24, 22, 19]
MIP: [1;32minit CPLEX[0m
CAN: [1;35mcreated 6506 x_{ijk} variables[0m
CAN: [1;35mcreated 219 y_{ij} variables[0m
MIP: [1;32mcreated decision variables[0m
CAN: [1;35madded 80 constraints to enforce the packing of each item[0m
CAN: [1;35madded 120 constraints to enforce the packing of each item[0m
CAN: [1;35madded 139 capacity constraints[0m
MIP: [1;32mcreated constraints[0m
MIP: [1;32mcreated objective function[0m
MIP: [1;32mcalling CPLEX solve ...[0m
Version identifier: 22.1.0.0 | 2022-03-09 | 1a383f8ce
CPXPARAM_Threads                                 1
CPXPARAM_TimeLimit                               900
Tried aggregator 2 times.
MIP Presolve eliminated 0 rows and 814 columns.
MIP Presolve modified 867 coefficients.
Aggregator did 360 substitutions.
Reduced MIP has 1059 rows, 6671 columns, and 13323 nonzeros.
Reduced MIP has 6311 binaries, 0 generals, 0 SOSs, and 235 indicators.
Presolve time = 0.02 sec. (22.75 ticks)
Probing fixed 0 vars, tightened 128 bounds.
Probing changed sense of 120 constraints.
Probing time = 0.05 sec. (42.91 ticks)
Tried aggregator 1 time.
MIP Presolve eliminated 720 rows and 840 columns.
Reduced MIP has 339 rows, 5831 columns, and 11643 nonzeros.
Reduced MIP has 5831 binaries, 0 generals, 0 SOSs, and 0 indicators.
Presolve time = 0.01 sec. (14.06 ticks)
Tried aggregator 1 time.
Detecting symmetries...
Reduced MIP has 339 rows, 5831 columns, and 11643 nonzeros.
Reduced MIP has 5831 binaries, 0 generals, 0 SOSs, and 0 indicators.
Presolve time = 0.01 sec. (12.49 ticks)
Probing time = 0.00 sec. (3.14 ticks)
Clique table members: 1503.
MIP emphasis: balance optimality and feasibility.
MIP search method: dynamic search.
Parallel mode: none, using 1 thread.
Root relaxation solution time = 0.01 sec. (25.25 ticks)

        Nodes                                         Cuts/
   Node  Left     Objective  IInf  Best Integer    Best Bound    ItCnt     Gap

      0     0    68817.5402   138                  68817.5402      829         
      0     0    68975.5370   210                   Cuts: 184     1601         
      0     0    69077.3348   233                   Cuts: 184     2300         
      0     0    69113.0997   262                   Cuts: 184     2969         
      0     0    69184.7841   249                   Cuts: 184     3543         
      0     0    69278.1598   245                   Cuts: 172     4134         
      0     0    69345.9613   278                   Cuts: 167     4682         
      0     0    69429.2998   310                   Cuts: 164     5397         
      0     0    69484.8554   364                   Cuts: 171     5915         
      0     0    69509.8928   358                   Cuts: 174     6503         
      0     0    69541.0528   303                   Cuts: 152     7100         
      0     0    69583.8011   337                   Cuts: 162     7699         
      0     0    69603.6911   374                   Cuts: 141     8245         
      0     0    69639.9556   320                   Cuts: 154     8739         
      0     0    69666.7449   348                   Cuts: 137     9129         
      0     0    69684.1195   354                   Cuts: 135     9697         
      0     0    69709.8485   386                   Cuts: 150    10409         
      0     0    69720.1371   375                   Cuts: 141    11059         
      0     0    69733.6406   356                    Cuts: 99    11766         
      0     0    69754.9109   334                   Cuts: 133    12414         
      0     0    69769.4721   353                   Cuts: 128    12927         
      0     0    69790.5843   373                   Cuts: 137    13401         
      0     0    69806.0431   361                   Cuts: 145    13918         
      0     0    69811.0120   355                   Cuts: 145    14496         
*     0+    0                       104327.0000    69811.0120            33.08%
*     0+    0                        96199.0000    69811.0120            27.43%
*     0+    0                        95418.0000    69811.0120            26.84%
*     0+    0                        94036.0000    69811.0120            25.76%
*     0+    0                        91794.0000    69811.0120            23.95%
*     0+    0                        85571.0000    69811.0120            18.42%
*     0+    0                        84043.0000    69811.0120            16.93%
*     0+    0                        83846.0000    69811.0120            16.74%
*     0+    0                        83201.0000    69811.0120            16.09%
      0     0  -1.00000e+75     0    83201.0000    69811.0120    14496   16.09%
      0     2    69811.0120   289    83201.0000    69811.9775    14496   16.09%
Elapsed time = 2.65 sec. (3380.59 ticks, tree = 0.01 MB, solutions = 9)
     13    15    69911.1309   223    83201.0000    69832.4010    16248   16.07%
     42    44    70198.7292   197    83201.0000    69832.4010    17822   16.07%
     90    92    70490.9604   150    83201.0000    69832.4010    18793   16.07%
    146   148    70826.5013   143    83201.0000    69832.4010    20112   16.07%
    214   216    72425.8996   119    83201.0000    69832.4010    22311   16.07%
    309   305    75555.7704    64    83201.0000    69832.4010    24325   16.07%
    440   423    78841.1524    53    83201.0000    69832.4010    25817   16.07%

Performing restart 1

Repeating presolve.
Tried aggregator 1 time.
MIP Presolve modified 1530 coefficients.
Reduced MIP has 339 rows, 5831 columns, and 11643 nonzeros.
Reduced MIP has 5831 binaries, 0 generals, 0 SOSs, and 0 indicators.
Presolve time = 0.02 sec. (15.57 ticks)
Tried aggregator 1 time.
MIP Presolve modified 1056 coefficients.
Reduced MIP has 339 rows, 5831 columns, and 11643 nonzeros.
Reduced MIP has 5831 binaries, 0 generals, 0 SOSs, and 0 indicators.
Presolve time = 0.02 sec. (17.34 ticks)
Represolve time = 0.15 sec. (119.83 ticks)
    469     0    69607.8222   365    83201.0000     Cuts: 184    30311   16.07%
    469     0    69691.3091   345    83201.0000     Cuts: 182    31799   16.07%
    469     0    69791.1320   320    83201.0000     Cuts: 157    32650   16.07%
*   469+    0                        82544.0000    69832.4010            15.40%
*   469+    0                        81877.0000    69832.4010            14.71%
*   469+    0                        81420.0000    69832.4010            14.23%
*   469+    0                        81409.0000    69832.4010            14.22%
    469     0  -1.00000e+75     0    81409.0000    69832.4010    32650   14.22%
    469     0    69823.0085   371    81409.0000     Cuts: 152    33588   14.22%
    469     0    69836.9937   347    81409.0000     Cuts: 139    34310   14.21%
    469     0    69849.8543   399    81409.0000     Cuts: 126    34964   14.20%
    469     0    69870.2453   370    81409.0000     Cuts: 156    35743   14.17%
    469     0    69877.8320   412    81409.0000     Cuts: 113    36330   14.16%
    469     0    69897.2432   374    81409.0000     Cuts: 138    37321   14.14%
    469     0    69900.4806   348    81409.0000     Cuts: 146    38462   14.14%
    469     0    69900.9926   385    81409.0000     Cuts: 126    39073   14.14%
    469     0    69906.1340   332    81409.0000      Cuts: 83    39562   14.13%
    469     0    69908.2363   330    81409.0000     Cuts: 123    40254   14.13%
    469     0    69915.8097   369    81409.0000      Cuts: 99    41325   14.12%
    469     0    69919.5115   369    81409.0000     Cuts: 121    41987   14.11%
    469     0    69926.7431   374    81409.0000     Cuts: 111    42659   14.10%
    469     0    69931.8198   348    81409.0000     Cuts: 105    43242   14.10%
    469     0    69935.1272   346    81409.0000     Cuts: 134    43831   14.09%
    469     0    69938.4820   350    81409.0000      Cuts: 98    44346   14.09%
    469     0    69940.2414   333    81409.0000     Cuts: 116    44835   14.09%
    469     2    69940.2414   277    81409.0000    69940.3019    44835   14.09%
    470     3    69947.0699   270    81409.0000    69947.2930    44899   14.08%
    475     8    70007.5569   250    81409.0000    69949.1706    45254   14.08%
Elapsed time = 10.96 sec. (15809.25 ticks, tree = 0.05 MB, solutions = 13)
    482    15    70152.3509   187    81409.0000    69949.1706    46146   14.08%
    489    22    70167.9313   198    81409.0000    69949.1706    47719   14.08%
    515    48    70962.2229   159    81409.0000    69949.1706    49491   14.08%
    577   110    73052.5333   142    81409.0000    69949.1706    51723   14.08%
    725   243    69955.0767   263    81409.0000    69955.0767    54532   14.07%
    759   277    70235.3027   206    81409.0000    69955.1382    56978   14.07%
    829   347    72084.1655   179    81409.0000    69955.1382    60872   14.07%
   1002   506    78946.0000    89    81409.0000    69955.1382    66187   14.07%
   1074   544    70106.9916   244    81409.0000    69964.6107    69872   14.06%
   1234   704    71763.7838   148    81409.0000    69964.6107    73454   14.06%
Elapsed time = 16.03 sec. (25857.50 ticks, tree = 5.74 MB, solutions = 13)
   1311   781    70994.6036   180    81409.0000    69967.2746    77198   14.05%
   1427   887    70029.6265   286    81409.0000    69972.2906    82014   14.05%
   1592  1039    69985.3122   258    81409.0000    69974.6161    85981   14.05%
   1799  1239    70227.3311   223    81409.0000    69984.8032    89485   14.03%
   1935  1370    70035.0483   266    81409.0000    69985.2895    94122   14.03%
   2113  1543    69989.9494   247    81409.0000    69985.3122    98817   14.03%
   2344  1767    77244.2500   104    81409.0000    69985.3122   103726   14.03%
   2636  2022    79083.7605   139    81409.0000    69985.4580   107881   14.03%
   2782  2164    73812.6305   112    81409.0000    69985.6748   111657   14.03%
   3033  2396    70066.9081   240    81409.0000    69987.4612   116823   14.03%
Elapsed time = 21.50 sec. (36083.39 ticks, tree = 19.69 MB, solutions = 13)
   3229  2590    77977.0000   115    81409.0000    69987.4612   122547   14.03%
   3363  2722    72531.7480   162    81409.0000    69990.7320   128442   14.03%
   3555  2914    70919.2287   173    81409.0000    69992.4244   133315   14.02%
   3782  3128    70000.7716   264    81409.0000    69993.5135   139134   14.02%
   4071  3415    70326.0665   186    81409.0000    69996.6719   144655   14.02%
   4271  3613    70016.2997   240    81409.0000    69998.8022   150209   14.02%
   4445  3770    70025.1580   201    81409.0000    69999.8396   157360   14.01%
   4469  3794    70421.5009   199    81409.0000    69999.8396   158809   14.01%
   4671  3950    70093.7059   245    81409.0000    70000.7179   164081   14.01%
   4848  4123    70149.9811   232    81409.0000    70000.8264   169365   14.01%
Elapsed time = 28.32 sec. (48156.15 ticks, tree = 33.97 MB, solutions = 13)
   5048  4313    76676.8889   115    81409.0000    70000.8264   175432   14.01%
   5187  4438        cutoff          81409.0000    70004.1131   180218   14.01%
   5250  4501    72641.2234   208    81409.0000    70004.1131   187306   14.01%
   5353  4601    70102.5291   208    81409.0000    70004.4048   193787   14.01%
   5522  4764    70508.7580   211    81409.0000    70005.0881   200005   14.01%
   5669  4905    71741.0402   174    81409.0000    70006.8389   204644   14.01%
   5901  5133    73905.3357   152    81409.0000    70007.6852   211028   14.00%
   5991  5219    71744.0609   215    81409.0000    70007.6911   216204   14.00%
   6186  5404    71346.7042   213    81409.0000    70008.1448   222511   14.00%
   6428  5639    75445.4882   126    81409.0000    70008.2522   228426   14.00%
Elapsed time = 33.47 sec. (58124.90 ticks, tree = 46.43 MB, solutions = 13)
   6532  5737    71965.4823   165    81409.0000    70010.7164   233379   14.00%
*  6669+ 5856                        81068.0000    70015.3927            13.63%
   6671  5860    70703.1135   161    81068.0000    70015.3927   238821   13.63%
   6803  5988    73886.8620   191    81068.0000    70015.4156   246043   13.63%
   6914  6091    70584.8276   216    81068.0000    70015.8110   251546   13.63%
   7051  6222    70986.8802   238    81068.0000    70015.8444   258651   13.63%
   7436  6599    81028.0000    63    81068.0000    70015.8444   264916   13.63%
   7602  6751    72285.7594   186    81068.0000    70016.8075   270199   13.63%
   7656  6799    70485.3414   223    81068.0000    70017.4346   276110   13.63%
   7779  6918    70699.2339   218    81068.0000    70017.4346   282400   13.63%
   7906  7039    70115.5834   274    81068.0000    70017.9434   290180   13.63%
Elapsed time = 38.43 sec. (67798.05 ticks, tree = 57.97 MB, solutions = 14)
   8031  7159    70108.4494   237    81068.0000    70018.1534   295536   13.63%
   8271  7395    71971.6786   161    81068.0000    70019.1619   302057   13.63%
   8509  7620    74049.0000   105    81068.0000    70019.7168   308310   13.63%
   8585  7681    71580.3493   202    81068.0000    70021.2917   314111   13.63%
   8634  7730    73080.6005   202    81068.0000    70021.2917   319935   13.63%
   8752  7840    70198.0935   226    81068.0000    70021.9055   325768   13.63%
   8918  8002    70704.5789   203    81068.0000    70023.0419   331456   13.62%
   9030  8110    70323.3015   222    81068.0000    70023.4643   336007   13.62%
   9140  8214    70548.1987   197    81068.0000    70023.9068   341645   13.62%
   9284  8353    71215.1834   180    81068.0000    70024.0436   346592   13.62%
Elapsed time = 43.34 sec. (77504.67 ticks, tree = 69.11 MB, solutions = 14)
   9436  8498    70214.9635   239    81068.0000    70024.8474   350928   13.62%
*  9469+ 7771                        77087.0000    70024.8474             9.16%
   9469  7773    70684.8551   196    77087.0000    70024.8474   351681    9.16%
   9598  7896    70294.1687   213    77087.0000    70025.0869   357756    9.16%
   9769  8057    70381.8101   194    77087.0000    70025.6534   363236    9.16%
*  9849+ 8083                        76914.0000    70025.6534             8.96%
*  9849+ 7874                        76632.0000    70025.6534             8.62%
*  9849+ 7865                        76592.0000    70025.6534             8.57%
*  9849+ 7863                        76590.0000    70025.6534             8.57%
*  9849+ 7811                        76363.0000    70025.6534             8.30%
*  9849+ 7560                        76081.0000    70025.6534             7.96%
   9849  7562    73702.2754   164    76081.0000    70025.6534   366803    7.96%
   9850  7563    70077.6988   214    76081.0000    70026.3845   366959    7.96%
*  9851+ 7095                        75312.0000    70026.3845             7.02%
   9851  7097    70041.1051   244    75312.0000    70026.7273   367008    7.02%
   9968  7211    70129.4112   227    75312.0000    70027.1013   371653    7.02%
  10134  7371    70514.1181   205    75312.0000    70027.4496   376161    7.02%
  10270  7501    71241.0845   193    75312.0000    70028.2312   382267    7.02%
Elapsed time = 72.59 sec. (114848.44 ticks, tree = 61.95 MB, solutions = 22)
  10319  7544    71184.4071   169    75312.0000    70028.5647   386794    7.02%
  10403  7628    74970.4773   131    75312.0000    70028.5647   392304    7.02%
  10463  7677    70852.8387   229    75312.0000    70029.1717   397545    7.01%
* 10469+ 7620                        75239.0000    70029.1717             6.92%
  10469  7622    71212.9023   225    75239.0000    70029.1717   397942    6.92%
  10556  7700    70258.3120   235    75239.0000    70029.4543   403536    6.92%
  10632  7772    70246.7184   247    75239.0000    70029.4827   408579    6.92%
  10745  7885    73115.7011   127    75239.0000    70029.4827   414389    6.92%
  10803  7939    70926.5940   233    75239.0000    70029.8486   417668    6.92%
  10856  7987    70134.7840   287    75239.0000    70030.1187   423235    6.92%
  10912  8043    74072.0236   251    75239.0000    70030.1187   430014    6.92%
Elapsed time = 78.06 sec. (125037.86 ticks, tree = 66.63 MB, solutions = 23)
  10956  8083    74656.9786   182    75239.0000    70030.1187   436512    6.92%
  11010  8131    70270.5845   261    75239.0000    70030.1597   440552    6.92%
  11070  8185    70219.8072   302    75239.0000    70030.3021   446097    6.92%
  11141  8256    72167.3805   198    75239.0000    70030.3021   453054    6.92%
  11208  8319    70958.6318   250    75239.0000    70030.9629   457043    6.92%
  11268  8374    70710.8504   231    75239.0000    70031.1021   461041    6.92%
  11388  8486    70200.8981   290    75239.0000    70032.0033   466383    6.92%
  11417  8515    71077.1035   230    75239.0000    70032.0033   471474    6.92%
  11455  8553    73750.3242   208    75239.0000    70032.0033   477226    6.92%
  11506  8604    74191.8029   168    75239.0000    70032.0033   483796    6.92%
Elapsed time = 85.61 sec. (138402.09 ticks, tree = 71.79 MB, solutions = 23)
  11638  8721    70611.1513   310    75239.0000    70032.2524   497707    6.92%
  11791  8866    71112.1885   151    75239.0000    70032.9914   516815    6.92%
  11944  8998    70095.0376   330    75239.0000    70033.0638   533940    6.92%
  11991  9045    70897.6270   255    75239.0000    70033.0638   553154    6.92%
  12054  9108    72592.2718   233    75239.0000    70033.0638   573684    6.92%
  12220  9253    70039.1424   353    75239.0000    70036.1604   591562    6.92%
  12338  9365    70163.8686   362    75239.0000    70036.2235   608138    6.91%
  12405  9428    71864.7054   263    75239.0000    70036.2235   628185    6.91%
  12469  9477    70764.8834   283    75239.0000    70037.3541   641900    6.91%
  12654  9655        cutoff          75239.0000    70037.8942   661487    6.91%
Elapsed time = 108.63 sec. (179807.20 ticks, tree = 83.33 MB, solutions = 23)
  12722  9709    70538.3450   290    75239.0000    70037.9648   678418    6.91%
  12900  9879    70476.1491   267    75239.0000    70038.0783   695943    6.91%
  13038 10012    70967.9297   291    75239.0000    70038.1484   714761    6.91%
  13106 10076    70565.0085   381    75239.0000    70038.5871   730286    6.91%
  13207 10171    70201.1149   366    75239.0000    70039.0564   748101    6.91%
  13267 10231    72840.4834   230    75239.0000    70039.0564   768348    6.91%
  13369 10326    70312.5902   328    75239.0000    70039.2905   787618    6.91%
* 13469+10371                        75217.0000    70039.2905             6.88%
  13474 10374    70760.6362   250    75217.0000    70039.4750   802529    6.88%
  13595 10491    70501.7135   331    75217.0000    70039.9811   817221    6.88%
  13731 10620    70103.7873   349    75217.0000    70040.2154   839627    6.88%
Elapsed time = 131.12 sec. (219589.75 ticks, tree = 95.18 MB, solutions = 24)
  13821 10698    70208.9910   365    75217.0000    70040.3016   857831    6.88%
  13941 10807    70164.3585   394    75217.0000    70040.3297   876922    6.88%
  14071 10925    70254.6561   374    75217.0000    70040.5497   894348    6.88%
  14151 11001    70497.1152   344    75217.0000    70041.1123   912707    6.88%
  14309 11151    70597.4857   334    75217.0000    70041.2095   928775    6.88%
  14469 11311    74382.0000    98    75217.0000    70041.2095   941796    6.88%
  14763 11596    72667.4559   257    75217.0000    70042.5135   964323    6.88%
  14823 11648    70367.7188   399    75217.0000    70042.8879   984421    6.88%
  14964 11785    71261.3899   334    75217.0000    70043.0982  1000275    6.88%
  15068 11884    70625.1898   395    75217.0000    70043.2499  1017551    6.88%
Elapsed time = 153.90 sec. (259201.81 ticks, tree = 111.20 MB, solutions = 24)
  15141 11951    70885.5538   307    75217.0000    70043.7193  1035540    6.88%
  15196 12000    70148.8845   371    75217.0000    70044.4239  1055101    6.88%
  15338 12133    71276.4164   255    75217.0000    70045.0325  1073744    6.88%
  15437 12229    70259.6639   302    75217.0000    70046.1704  1089371    6.87%
  15497 12289    70827.4310   236    75217.0000    70046.1704  1094270    6.87%
  15551 12337    71346.5949   300    75217.0000    70046.5405  1110497    6.87%
  15639 12419    70682.7511   378    75217.0000    70046.7363  1127664    6.87%
  15766 12541    70496.1393   382    75217.0000    70047.5149  1141054    6.87%
  15835 12605    70171.3783   388    75217.0000    70048.7402  1157396    6.87%
  15886 12656    71689.0958   259    75217.0000    70048.7402  1173363    6.87%
Elapsed time = 177.58 sec. (299822.76 ticks, tree = 121.34 MB, solutions = 24)
  15988 12748    70982.9511   346    75217.0000    70049.1110  1191637    6.87%
  16121 12875    72509.4320   277    75217.0000    70049.7010  1211271    6.87%
  16212 12960    70429.9927   327    75217.0000    70049.9432  1227093    6.87%
  16306 13047    71152.1417   337    75217.0000    70050.5102  1244836    6.87%
  16347 13088    73595.8963   317    75217.0000    70050.5102  1263310    6.87%
  16469 13203    73055.0926   272    75217.0000    70051.1793  1277365    6.87%
  16595 13320    70098.2938   394    75217.0000    70051.6833  1295703    6.87%
  16659 13384    71876.6445   323    75217.0000    70051.6833  1312039    6.87%
  16694 13415    70515.6229   350    75217.0000    70052.4804  1324890    6.87%
  16816 13522    70501.6807   414    75217.0000    70052.6234  1339404    6.87%
Elapsed time = 202.05 sec. (341671.02 ticks, tree = 133.13 MB, solutions = 24)
  16830 13536    70798.8875   321    75217.0000    70052.6234  1361611    6.87%
  16889 13595    74729.7045   313    75217.0000    70052.6234  1381975    6.87%
  16970 13662    71255.1002   324    75217.0000    70053.6321  1399543    6.86%
  17061 13739    70231.4143   397    75217.0000    70054.6310  1416653    6.86%
  17181 13855    70357.2639   404    75217.0000    70054.9505  1431510    6.86%
  17219 13893    74000.2429   291    75217.0000    70054.9505  1449408    6.86%
  17294 13960    70266.3481   350    75217.0000    70055.2689  1464668    6.86%
  17314 13980    71018.1770   296    75217.0000    70055.2689  1481690    6.86%
  17423 14079    70104.8149   402    75217.0000    70055.9216  1501353    6.86%
* 17469+10175                        72803.0000    70055.9216             3.77%
  17540 10246    72424.0370   249    72803.0000    70055.9216  1512175    3.77%
Elapsed time = 225.74 sec. (382438.93 ticks, tree = 102.23 MB, solutions = 25)
  17663 10358    70286.1858   384    72803.0000    70056.5098  1528536    3.77%
  17727 10420    71259.9295   272    72803.0000    70056.5098  1545426    3.77%
  17795 10484    70369.9725   362    72803.0000    70056.7278  1560675    3.77%
  17832 10511    70327.7507   331    72803.0000    70056.8381  1575037    3.77%
  17887 10564    72178.0986   288    72803.0000    70056.8381  1591714    3.77%
  17981 10653    72171.0184   314    72803.0000    70057.3582  1608729    3.77%
  18057 10726    71531.9734   204    72803.0000    70057.5595  1624037    3.77%
  18140 10804    70577.8099   339    72803.0000    70058.0455  1634155    3.77%
  18208 10868    71184.7176   344    72803.0000    70058.6810  1649330    3.77%
  18263 10917    70793.3260   390    72803.0000    70059.0297  1665735    3.77%
Elapsed time = 249.19 sec. (421746.32 ticks, tree = 112.05 MB, solutions = 25)
  18322 10973    70755.9787   400    72803.0000    70059.3515  1679110    3.77%
  18380 11027    70073.5150   378    72803.0000    70059.4679  1697519    3.77%
  18438 11085    70950.7455   345    72803.0000    70059.4679  1715011    3.77%
  18469 11112    70400.5997   405    72803.0000    70060.2936  1721216    3.77%
  18532 11169    70379.3970   321    72803.0000    70061.1456  1736817    3.77%
  18577 11207    70337.6408   403    72803.0000    70061.6270  1749567    3.77%
  18652 11274    70389.6190   321    72803.0000    70062.4092  1766712    3.76%
  18699 11321    71173.6001   308    72803.0000    70062.4092  1783943    3.76%
  18793 11411    70600.7252   294    72803.0000    70062.5598  1798939    3.76%
  18869 11480    70132.4343   397    72803.0000    70062.7790  1812221    3.76%
Elapsed time = 274.04 sec. (462164.96 ticks, tree = 120.63 MB, solutions = 25)
  18884 11495    70217.8252   308    72803.0000    70062.7790  1827042    3.76%
  18976 11578    70194.1147   369    72803.0000    70062.9682  1846386    3.76%
  19024 11621    70171.4196   357    72803.0000    70063.1704  1866046    3.76%
  19082 11676    70097.7947   425    72803.0000    70064.0381  1880095    3.76%
  19107 11701    71086.6822   347    72803.0000    70064.0381  1896333    3.76%
  19290 11874    70327.8480   408    72803.0000    70064.3801  1908658    3.76%
  19404 11983    70524.2448   383    72803.0000    70064.7909  1926544    3.76%
  19438 12017    71052.0847   336    72803.0000    70064.7909  1942721    3.76%
  19482 12059        cutoff          72803.0000    70064.7909  1956323    3.76%
  19557 12126    70505.0547   406    72803.0000    70065.7401  1974050    3.76%
Elapsed time = 299.64 sec. (504095.39 ticks, tree = 130.79 MB, solutions = 25)
  19585 12154    70956.6679   374    72803.0000    70065.7401  1989530    3.76%
  19676 12241    71281.4141   333    72803.0000    70065.9749  2006098    3.76%
  19732 12294    70214.7907   437    72803.0000    70066.0071  2023005    3.76%
  19804 12364    72599.0697   261    72803.0000    70066.0071  2040938    3.76%
  19863 12418    71386.1187   287    72803.0000    70066.0104  2060266    3.76%
  19953 12501    71513.1574   296    72803.0000    70066.9356  2078152    3.76%
  20001 12544    70535.4898   400    72803.0000    70067.1643  2092958    3.76%
  20078 12618    70282.1855   439    72803.0000    70067.1706  2112749    3.76%
  20179 12715    70460.4883   409    72803.0000    70067.5437  2131218    3.76%
  20257 12786    70238.9580   395    72803.0000    70067.6228  2147071    3.76%
Elapsed time = 324.07 sec. (544230.57 ticks, tree = 141.33 MB, solutions = 25)
  20295 12824    71523.9905   327    72803.0000    70067.6228  2165156    3.76%
  20362 12881    70727.6774   339    72803.0000    70067.7800  2180398    3.76%
  20443 12959    71635.2723   386    72803.0000    70068.8323  2199720    3.76%
  20489 13001    70361.9764   351    72803.0000    70069.0132  2212298    3.76%
  20601 13107    70780.4859   324    72803.0000    70069.5165  2231134    3.75%
  20699 13201    70624.7115   392    72803.0000    70070.1545  2248845    3.75%
  20727 13229    71006.1436   313    72803.0000    70070.1545  2268035    3.75%
  20779 13271    70438.2831   414    72803.0000    70070.5642  2287905    3.75%
  20960 13429    infeasible          72803.0000    70071.2626  2302410    3.75%
  21026 13491    70859.8233   229    72803.0000    70071.2626  2320476    3.75%
Elapsed time = 348.05 sec. (583884.63 ticks, tree = 152.87 MB, solutions = 25)
  21080 13539    70877.7035   357    72803.0000    70071.4737  2337843    3.75%
  21176 13631    70934.7561   253    72803.0000    70071.4778  2356777    3.75%
  21224 13666    70117.5445   426    72803.0000    70071.5600  2376524    3.75%
  21330 13765    70403.2790   447    72803.0000    70072.2008  2395315    3.75%
  21421 13845    70278.4009   358    72803.0000    70072.3893  2413519    3.75%
  21469 13893    70917.2369   290    72803.0000    70072.3893  2426540    3.75%
  21594 14010        cutoff          72803.0000    70072.6852  2442762    3.75%
  21632 14044    70798.2495   347    72803.0000    70073.4882  2459073    3.75%
  21757 14151    72153.1056   291    72803.0000    70073.7573  2476391    3.75%
  21782 14166    70165.6542   337    72803.0000    70074.4139  2486564    3.75%
Elapsed time = 374.00 sec. (625821.67 ticks, tree = 164.11 MB, solutions = 25)
  21874 14253    72751.6867   301    72803.0000    70074.4139  2502772    3.75%
  22002 14369    70239.9843   345    72803.0000    70074.7494  2519051    3.75%
  22024 14391    70548.9495   435    72803.0000    70074.7494  2535195    3.75%
  22060 14421    70102.1861   424    72803.0000    70075.1481  2554181    3.75%
  22124 14474    70142.2698   366    72803.0000    70075.2304  2570263    3.75%
  22277 14621    70468.5294   346    72803.0000    70075.4039  2584601    3.75%
  22346 14681    70666.3741   361    72803.0000    70076.4771  2601843    3.75%
* 22469+14705                        72765.0000    70076.4932             3.69%
  22469 14707    70698.3776   353    72765.0000    70076.4932  2614298    3.69%
  22537 14770    70208.2230   352    72765.0000    70076.5991  2630971    3.69%
  22598 14823    72216.7573   212    72765.0000    70076.5991  2649556    3.69%
Elapsed time = 400.79 sec. (668651.17 ticks, tree = 175.66 MB, solutions = 26)
  22680 14898    72607.7713   353    72765.0000    70076.6086  2668481    3.69%
  22746 14959    71444.9899   386    72765.0000    70076.7362  2683744    3.69%
  22799 15008    71353.6718   361    72765.0000    70077.0391  2699589    3.69%
  22861 15066    70713.0423   274    72765.0000    70077.0391  2715652    3.69%
  22963 15164    71019.7397   357    72765.0000    70077.7080  2732829    3.69%
  23015 15204    70263.0903   383    72765.0000    70077.8135  2752126    3.69%
  23030 15219    70493.4365   351    72765.0000    70077.8135  2766747    3.69%
  23105 15288    70273.5341   352    72765.0000    70078.2069  2781842    3.69%
  23183 15366    71196.3746   273    72765.0000    70078.2069  2798631    3.69%
  23216 15394    71128.6868   384    72765.0000    70078.2069  2813760    3.69%
Elapsed time = 426.02 sec. (708911.72 ticks, tree = 185.38 MB, solutions = 26)
  23268 15441    70439.0938   323    72765.0000    70078.2343  2831301    3.69%
  23308 15480    72616.9923   278    72765.0000    70078.2343  2843979    3.69%
  23359 15525    72632.2731   280    72765.0000    70078.7881  2859113    3.69%
  23388 15545    70347.5640   340    72765.0000    70078.8790  2876243    3.69%
  23469 15626    71324.7269   209    72765.0000    70078.8790  2891540    3.69%
  23526 15675    70492.9884   300    72765.0000    70079.3663  2905549    3.69%
  23606 15743    70103.3818   377    72765.0000    70079.5654  2925031    3.69%
  23647 15782    72432.0382   329    72765.0000    70079.5654  2941951    3.69%
  23669 15800    70431.1577   413    72765.0000    70080.2822  2954061    3.69%
  23689 15820    71154.6436   357    72765.0000    70080.2822  2970387    3.69%
Elapsed time = 451.85 sec. (750355.49 ticks, tree = 192.76 MB, solutions = 26)
  23739 15861    70363.1146   451    72765.0000    70080.3423  2990345    3.69%
  23777 15899    70746.2987   298    72765.0000    70080.3423  3005069    3.69%
  23857 15971    70539.9821   396    72765.0000    70080.6327  3021912    3.69%
  23921 16027    70310.2878   356    72765.0000    70080.9440  3035385    3.69%
  23995 16096    70141.2872   406    72765.0000    70081.0920  3054252    3.69%
  24068 16169    71286.6613   273    72765.0000    70081.0920  3071326    3.69%
  24126 16223    71213.4262   333    72765.0000    70081.6979  3086844    3.69%
  24172 16255    70387.0777   367    72765.0000    70081.8095  3106929    3.69%
  24309 16381    70638.0160   228    72765.0000    70082.2827  3123884    3.69%
  24360 16428    71060.8680   332    72765.0000    70082.4411  3141097    3.69%
Elapsed time = 476.84 sec. (791408.90 ticks, tree = 204.05 MB, solutions = 26)
  24400 16463    70357.2902   375    72765.0000    70082.5410  3162729    3.69%
  24463 16518    70194.2245   406    72765.0000    70082.6914  3179527    3.69%
  24478 16533    70413.7828   392    72765.0000    70082.6914  3180854    3.69%
  24565 16612    70159.0250   415    72765.0000    70082.9471  3203144    3.69%
  24629 16668    70666.1057   375    72765.0000    70082.9744  3220849    3.69%
  24672 16703    70364.6420   374    72765.0000    70083.0012  3235372    3.69%
  24747 16774    70208.8945   366    72765.0000    70083.8946  3257065    3.68%
  24819 16846    72407.3170   324    72765.0000    70083.8946  3275586    3.68%
  24832 16856    70558.3911   368    72765.0000    70084.3852  3287819    3.68%
  24883 16903    72280.7352   332    72765.0000    70084.3852  3309611    3.68%
Elapsed time = 504.48 sec. (835073.60 ticks, tree = 212.48 MB, solutions = 26)
  24981 16988    71577.2250   328    72765.0000    70086.4238  3324619    3.68%
  25075 17074    72201.7305   303    72765.0000    70086.6671  3344447    3.68%
  25143 17132    70315.2553   326    72765.0000    70086.9976  3362747    3.68%
  25269 17254    70983.7146   372    72765.0000    70087.5033  3377306    3.68%
  25293 17278    71974.7260   342    72765.0000    70087.5033  3396143    3.68%
  25418 17393    72747.2785   309    72765.0000    70087.8107  3415630    3.68%
  25469 17442    71354.3090   329    72765.0000    70088.7333  3426081    3.68%
  25503 17470    70708.9871   358    72765.0000    70088.8397  3444378    3.68%
  25556 17518    70348.0657   374    72765.0000    70088.8946  3463286    3.68%
  25659 17611    70630.7735   327    72765.0000    70089.3213  3480554    3.68%
Elapsed time = 529.54 sec. (874880.43 ticks, tree = 225.18 MB, solutions = 26)
  25697 17649    71524.7353   330    72765.0000    70089.3213  3499847    3.68%
  25797 17741    70323.1411   407    72765.0000    70089.9047  3517369    3.68%
  25901 17839        cutoff          72765.0000    70090.8087  3536842    3.68%
  26011 17939    70163.1533   433    72765.0000    70091.1087  3559289    3.67%
  26040 17968    71699.6107   299    72765.0000    70091.1087  3577738    3.67%
  26093 18013    72529.3803   414    72765.0000    70091.1087  3597320    3.67%
  26154 18070    71084.5094   316    72765.0000    70091.2292  3616808    3.67%
  26177 18088    70327.2793   372    72765.0000    70091.3545  3637416    3.67%
  26242 18147    70174.7873   422    72765.0000    70092.0466  3655225    3.67%
  26360 18261    70267.6325   400    72765.0000    70092.3015  3675102    3.67%
Elapsed time = 556.32 sec. (917284.36 ticks, tree = 237.00 MB, solutions = 26)
  26435 18330    72196.4112   290    72765.0000    70092.3015  3694582    3.67%
  26469 18356    70467.5661   367    72765.0000    70092.4016  3708011    3.67%
  26521 18398    70359.5989   375    72765.0000    70092.6006  3728332    3.67%
  26590 18463    70203.5230   358    72765.0000    70092.6030  3748610    3.67%
  26688 18553    70783.0982   363    72765.0000    70092.6518  3769891    3.67%
  26793 18650    71014.5829   349    72765.0000    70093.0228  3785923    3.67%
  26837 18687    70245.5808   442    72765.0000    70093.0757  3806499    3.67%
  26875 18725    71611.7162   311    72765.0000    70093.0757  3826473    3.67%
  26925 18769    70404.1487   372    72765.0000    70093.1727  3845913    3.67%
  26977 18813    70835.5550   332    72765.0000    70093.3949  3865728    3.67%
Elapsed time = 582.68 sec. (958800.97 ticks, tree = 247.09 MB, solutions = 26)
  27153 18979    71517.1482   302    72765.0000    70093.5100  3885945    3.67%
  27242 19063    71307.4880   380    72765.0000    70093.5419  3906488    3.67%
  27342 19137    70760.8199   409    72765.0000    70093.7492  3928068    3.67%
  27375 19165    70399.6058   389    72765.0000    70093.8108  3945000    3.67%
* 27469+18881                        72611.0000    70094.2306             3.47%
  27469 18883    70845.1405   347    72611.0000    70094.2306  3958574    3.47%
  27570 18981    71018.6996   331    72611.0000    70094.4273  3975438    3.47%
  27641 19044    70415.7050   306    72611.0000    70094.5139  3992480    3.47%
  27745 19144    71233.4945   429    72611.0000    70094.8431  4009953    3.47%
  27767 19162    70259.7326   456    72611.0000    70094.8987  4028708    3.47%
  27886 19274    70411.3799   474    72611.0000    70095.0762  4051512    3.46%
Elapsed time = 608.38 sec. (999627.73 ticks, tree = 257.41 MB, solutions = 27)
  27944 19332    71010.1677   380    72611.0000    70095.0762  4066450    3.46%
  28024 19408    71546.3223   348    72611.0000    70095.1470  4083505    3.46%
  28069 19447    70876.7481   290    72611.0000    70095.1992  4096889    3.46%
  28118 19490    71336.6864   400    72611.0000    70095.2803  4113549    3.46%
  28154 19515    70155.6192   424    72611.0000    70095.3769  4130623    3.46%
  28234 19589    70307.6729   378    72611.0000    70095.7079  4148029    3.46%
  28283 19630    70246.3034   436    72611.0000    70096.8101  4167804    3.46%
  28345 19688        cutoff          72611.0000    70096.8101  4186514    3.46%
  28431 19764    70169.9213   401    72611.0000    70097.3067  4201258    3.46%
  28469 19802    71432.5485   276    72611.0000    70097.3067  4207907    3.46%
Elapsed time = 633.48 sec. (1039271.67 ticks, tree = 267.07 MB, solutions = 27)
  28547 19872    70345.6941   404    72611.0000    70097.6514  4227641    3.46%
  28603 19921    70546.5572   462    72611.0000    70097.8818  4244429    3.46%
  28756 20069    71235.6327   323    72611.0000    70097.8967  4261627    3.46%
  28822 20131    71526.0681   318    72611.0000    70098.6646  4280291    3.46%
  28844 20149    70622.9112   404    72611.0000    70098.6904  4300770    3.46%
  28913 20213    70649.8014   367    72611.0000    70098.7971  4316882    3.46%
  28974 20268    70403.9903   370    72611.0000    70098.8313  4333276    3.46%
  29078 20368    70505.9047   364    72611.0000    70098.9226  4349432    3.46%
  29165 20451    71001.7618   306    72611.0000    70098.9582  4368033    3.46%
  29199 20481    70348.7165   426    72611.0000    70098.9728  4385248    3.46%
Elapsed time = 659.14 sec. (1080295.54 ticks, tree = 279.46 MB, solutions = 27)
  29273 20548        cutoff          72611.0000    70098.9728  4402719    3.46%
  29311 20578    70791.4403   308    72611.0000    70099.0272  4418135    3.46%
  29381 20643    72136.4571   346    72611.0000    70099.4684  4438074    3.46%
* 29469+20605                        72577.0000    70099.7720             3.41%
  29469 20607    72050.9361   221    72577.0000    70099.7720  4452970    3.41%
  29559 20691    70392.3335   391    72577.0000    70100.2474  4472133    3.41%
  29620 20746        cutoff          72577.0000    70100.2474  4490898    3.41%
  29680 20797    70150.3701   349    72577.0000    70100.3013  4508780    3.41%
  29745 20858    72294.3839   231    72577.0000    70100.3013  4526851    3.41%
  29831 20938    72377.0294   228    72577.0000    70100.7315  4543664    3.41%
  29895 20996    71974.5959   362    72577.0000    70100.8514  4559425    3.41%
Elapsed time = 685.34 sec. (1121911.71 ticks, tree = 289.43 MB, solutions = 28)
  30000 21086    70365.4402   363    72577.0000    70101.4977  4576736    3.41%
  30025 21111    71191.6230   354    72577.0000    70101.4977  4595596    3.41%
  30086 21167    71112.8365   320    72577.0000    70101.8741  4611834    3.41%
  30201 21277    71561.3019   281    72577.0000    70102.5515  4628580    3.41%
  30276 21346    72145.0843   361    72577.0000    70102.7539  4646923    3.41%
  30354 21412    70163.6984   387    72577.0000    70102.8712  4663875    3.41%
  30402 21451    70225.5385   462    72577.0000    70103.7293  4683158    3.41%
  30516 21561    70228.2055   368    72577.0000    70103.8433  4694832    3.41%
  30607 21642    70581.7422   374    72577.0000    70103.9628  4713457    3.41%
  30711 21742    71383.9432   369    72577.0000    70104.2828  4731738    3.41%
Elapsed time = 710.64 sec. (1161902.51 ticks, tree = 303.06 MB, solutions = 28)
  30763 21788    70228.0982   416    72577.0000    70104.9468  4751547    3.41%
  30811 21831    70497.8740   434    72577.0000    70105.2371  4772354    3.41%
  30850 21870    71074.3897   328    72577.0000    70105.2371  4788985    3.41%
  31022 22031    infeasible          72577.0000    70105.3418  4809457    3.41%
  31143 22148    71161.5945   209    72577.0000    70105.5663  4829788    3.41%
  31186 22185    70342.5799   285    72577.0000    70105.6738  4848945    3.41%
  31269 22263    71048.8830   281    72577.0000    70105.7600  4867325    3.40%
  31402 22382    70495.2808   374    72577.0000    70106.0118  4887544    3.40%
  31509 22489    71396.1997   182    72577.0000    70106.0118  4894843    3.40%
  31576 22545    71337.9095   300    72577.0000    70106.5477  4914828    3.40%
Elapsed time = 735.42 sec. (1201118.78 ticks, tree = 317.70 MB, solutions = 28)
  31689 22646    70478.0945   417    72577.0000    70107.1715  4934724    3.40%
  31758 22709    70386.7896   432    72577.0000    70107.1893  4955241    3.40%
  31829 22776    70373.1725   353    72577.0000    70107.5632  4977352    3.40%
  31878 22825    71608.0437   320    72577.0000    70107.5632  4995367    3.40%
  31965 22902    70324.0343   353    72577.0000    70108.0221  5012992    3.40%
  32038 22971    71240.9539   397    72577.0000    70108.0706  5032126    3.40%
  32405 23322    70925.3830   315    72577.0000    70108.0706  5058495    3.40%
  32442 23351    71022.0672   361    72577.0000    70108.3315  5078186    3.40%
  32469 23376    72538.5897   371    72577.0000    70108.3315  5087664    3.40%
  32525 23424    71560.7645   285    72577.0000    70108.5273  5107326    3.40%
Elapsed time = 761.01 sec. (1241003.50 ticks, tree = 333.80 MB, solutions = 28)
  32644 23537    70841.6874   387    72577.0000    70108.6314  5126478    3.40%
  32768 23644    71613.7603   396    72577.0000    70108.7417  5147838    3.40%
  32881 23742    70261.0245   371    72577.0000    70109.1307  5167993    3.40%
  32919 23780    72437.6483   346    72577.0000    70109.1307  5188836    3.40%
  32981 23836    70686.5963   336    72577.0000    70109.5881  5209089    3.40%
  33070 23919    71928.1063   354    72577.0000    70109.5947  5231181    3.40%
  33214 24051    70309.5759   357    72577.0000    70109.8541  5250746    3.40%
  33257 24090    70452.9470   395    72577.0000    70109.9201  5275222    3.40%
  33279 24112    71247.3400   336    72577.0000    70109.9201  5287772    3.40%
  33372 24195    infeasible          72577.0000    70109.9511  5308898    3.40%
Elapsed time = 786.96 sec. (1282219.74 ticks, tree = 347.88 MB, solutions = 28)
  33443 24261    70354.0615   419    72577.0000    70110.1394  5329126    3.40%
  33515 24333    70428.2035   269    72577.0000    70110.1394  5330793    3.40%
  33559 24368    71205.5236   378    72577.0000    70110.2431  5350476    3.40%
  33669 24466    70836.3263   451    72577.0000    70110.8125  5374359    3.40%
  33760 24553    70964.7079   391    72577.0000    70111.0273  5393196    3.40%
  33842 24631    70862.1449   306    72577.0000    70111.1979  5412271    3.40%
  33950 24731    71220.5611   303    72577.0000    70111.3493  5431751    3.40%
  34079 24844    70226.7242   353    72577.0000    70111.5523  5451465    3.40%
  34149 24914    70996.2906   306    72577.0000    70111.5523  5469911    3.40%
Starting limited solution polishing.
  34269 25023    72393.9345   242    72577.0000    70111.5798  5489514    3.40%
Elapsed time = 815.24 sec. (1326483.85 ticks, tree = 362.97 MB, solutions = 28)
  34369 25116    70203.4618   367    72577.0000    70111.6311  5502051    3.40%
  34394 25141    71201.2138   346    72577.0000    70111.6311  5521235    3.40%
  34420 25165    71920.8315   304    72577.0000    70111.6311  5542119    3.40%
* 34469+25122                        72543.0000    70111.7183             3.35%
  34469 25124    70801.7847   391    72543.0000    70111.7183  5559874    3.35%
  34506 25161    71286.4637   299    72543.0000    70111.7183  5578159    3.35%
* 34569+23945                        72306.0000    70112.0912             3.03%
  34569 23947    70708.1688   380    72306.0000    70112.0912  5591869    3.03%
* 34669+23985                        72295.0000    70112.0943             3.02%
  34669 23987    70873.1490   289    72295.0000    70112.0943  5609532    3.02%
  34769 24077    70656.0897   377    72295.0000    70112.2803  5622128    3.02%
  34798 24106    71478.8611   320    72295.0000    70112.2803  5643347    3.02%
  34896 24184    70239.7774   391    72295.0000    70112.4013  5662415    3.02%
Elapsed time = 853.75 sec. (1385196.09 ticks, tree = 352.21 MB, solutions = 31)
  34928 24216    71292.0468   414    72295.0000    70112.4013  5681694    3.02%
  34993 24276    70480.0323   411    72295.0000    70112.4275  5700296    3.02%
  35067 24344    71074.9783   378    72295.0000    70112.5328  5720657    3.02%
  35070 24347    71324.4637   325    72295.0000    70112.5328  5725396    3.02%
  35118 24389    70807.8599   360    72295.0000    70112.5475  5745151    3.02%
  35170 24423    70177.1214   327    72295.0000    70112.5776  5764778    3.02%
  35262 24515    71956.3333   168    72295.0000    70112.5776  5783383    3.02%
  35277 24521    70769.7286   410    72295.0000    70112.8695  5800163    3.02%
  35321 24561    70661.8883   360    72295.0000    70113.0833  5817102    3.02%
  35369 24600    70214.4606   437    72295.0000    70113.1183  5831069    3.02%
Elapsed time = 879.74 sec. (1425904.84 ticks, tree = 359.79 MB, solutions = 31)
  35433 24660    70199.4956   482    72295.0000    70113.3816  5849060    3.02%
  35444 24671    71709.3876   408    72295.0000    70113.3816  5866190    3.02%
  35469 24691    72219.4720   322    72295.0000    70113.3816  5879135    3.02%
  35546 24751    70169.0931   377    72295.0000    70113.5202  5896785    3.02%
  35569 24774    70662.6340   354    72295.0000    70113.5202  5909421    3.02%
  35669 24868    71232.3708   368    72295.0000    70114.0426  5926186    3.02%

Clique cuts applied:  109
Cover cuts applied:  1029
Implied bound cuts applied:  6
Flow cuts applied:  25
Mixed integer rounding cuts applied:  410
Zero-half cuts applied:  104
Lift and project cuts applied:  2
Gomory fractional cuts applied:  12

Root node processing (before b&c):
  Real time             =    2.62 sec. (3360.33 ticks)
Sequential b&c:
  Real time             =  897.38 sec. (1454140.78 ticks)
                          ------------
Total (root+branch&cut) =  900.00 sec. (1457501.11 ticks)
MIP: [1;32mCPLEX finished.[0m
MIP: [1;32mCPLEX status: Feasible[0m
MIP: [1;32mSolution: 
[15, 16, 42, 43, 3, 9, 37, 42, 4, 8, 15, 9, 13, 18, 14, 20, 39, 30, 34, 0, 31, 33, 40, 11, 38, 17, 6, 25, 10, 28, 6, 35, 34, 9, 41, 26, 26, 4, 42, 13, 2, 32, 38, 13, 41, 13, 25, 21, 21, 41, 28, 11, 22, 16, 0, 10, 32, 8, 17, 4, 7, 6, 7, 3, 20, 43, 14, 40, 7, 31, 15, 30, 1, 16, 23, 0, 43, 3, 28, 35][7, 14, 1, 22, 18, -1, 16, 7, 10, 0, 13, 10, -1, 24, 17, 6, 1, 23, 20, -1, 0, 6, 5, 19, -1, 24, 2, -1, 12, -1, 9, 13, 17, 2, 8, 27, -1, 28, 16, 20, 28, 14, 5, 19][12, 15, 6, -1, -1, 0, 5, 1, 11, 4, 1, -1, 23, 4, 2, -1, 15, 21, 0, 20, 11, -1, 2, 21, 9, -1, -1, 6, 23, -1][7, 2, 18, -1, 13, 16, 4, -1, -1, 17, -1, 13, 17, -1, -1, 18, -1, -1, -1, -1, 16, 7, -1, 15][-1, -1, 15, -1, 3, -1, -1, 15, -1, -1, -1, -1, -1, 1, -1, 9, 3, 1, 9, -1, -1, -1][0m
MIP: [1;32mObjective value: 72295[0m
MIP: [1;32mLower Bound: 70114[0m
MIP: [1;32mBranch-and-Bound nodes: 35683[0m

# best solution:
best objective value:	72295
best dual bound value:	70114
optimality gap:	3.01681%
CPU time:	897.707
