ifile	/scratch/csagturk/mlbp_inst/n0080_m04__093.inst
prob	MLBP
threads	1
ttime	900
instance: /scratch/csagturk/mlbp_inst/n0080_m04__093.inst
	m=4, n=[80, 43, 32, 22, 19]
MIP: [1;32minit CPLEX[0m
CAN: [1;35mcreated 5938 x_{ijk} variables[0m
CAN: [1;35mcreated 196 y_{ij} variables[0m
MIP: [1;32mcreated decision variables[0m
CAN: [1;35madded 80 constraints to enforce the packing of each item[0m
CAN: [1;35madded 97 constraints to enforce the packing of each item[0m
CAN: [1;35madded 116 capacity constraints[0m
MIP: [1;32mcreated constraints[0m
MIP: [1;32mcreated objective function[0m
MIP: [1;32mcalling CPLEX solve ...[0m
Version identifier: 22.1.0.0 | 2022-03-09 | 1a383f8ce
CPXPARAM_Threads                                 1
CPXPARAM_TimeLimit                               900
Tried aggregator 2 times.
MIP Presolve eliminated 0 rows and 980 columns.
MIP Presolve modified 557 coefficients.
Aggregator did 293 substitutions.
Reduced MIP has 873 rows, 5751 columns, and 11483 nonzeros.
Reduced MIP has 5460 binaries, 0 generals, 0 SOSs, and 183 indicators.
Presolve time = 0.06 sec. (18.93 ticks)
Probing fixed 0 vars, tightened 114 bounds.
Probing changed sense of 97 constraints.
Probing time = 0.04 sec. (34.89 ticks)
Tried aggregator 1 time.
MIP Presolve eliminated 582 rows and 680 columns.
Reduced MIP has 291 rows, 5071 columns, and 10124 nonzeros.
Reduced MIP has 5071 binaries, 0 generals, 0 SOSs, and 0 indicators.
Presolve time = 0.01 sec. (11.86 ticks)
Tried aggregator 1 time.
Detecting symmetries...
Reduced MIP has 291 rows, 5071 columns, and 10124 nonzeros.
Reduced MIP has 5071 binaries, 0 generals, 0 SOSs, and 0 indicators.
Presolve time = 0.01 sec. (10.66 ticks)
Probing time = 0.00 sec. (2.98 ticks)
Clique table members: 1444.
MIP emphasis: balance optimality and feasibility.
MIP search method: dynamic search.
Parallel mode: none, using 1 thread.
Root relaxation solution time = 0.01 sec. (21.69 ticks)

        Nodes                                         Cuts/
   Node  Left     Objective  IInf  Best Integer    Best Bound    ItCnt     Gap

      0     0    59948.4129   131                  59948.4129      796         
      0     0    59972.1178   204                   Cuts: 172     1370         
      0     0    59982.0875   231                   Cuts: 172     1878         
      0     0    60044.8648   258                   Cuts: 163     2529         
      0     0    60084.8530   227                   Cuts: 164     3427         
      0     0    60136.3285   277                   Cuts: 165     4076         
      0     0    60158.7370   225                   Cuts: 148     4671         
      0     0    60185.2214   281                   Cuts: 153     5718         
      0     0    60196.1034   245                   Cuts: 133     6258         
      0     0    60214.6901   269                   Cuts: 141     6756         
      0     0    60216.5688   285                   Cuts: 138     7394         
      0     0    60240.8564   271                   Cuts: 109     7873         
      0     0    60249.8038   278                   Cuts: 141     8329         
      0     0    60254.4182   285                   Cuts: 123     8999         
*     0+    0                        91784.0000    60254.4182            34.35%
*     0+    0                        82429.0000    60254.4182            26.90%
*     0+    0                        79945.0000    60254.4182            24.63%
*     0+    0                        78768.0000    60254.4182            23.50%
*     0+    0                        78723.0000    60254.4182            23.46%
*     0+    0                        78138.0000    60254.4182            22.89%
*     0+    0                        76944.0000    60254.4182            21.69%
      0     0  -1.00000e+75     0    76944.0000    60254.4182     8999   21.69%
      0     2    60254.4182   238    76944.0000    60254.5592     8999   21.69%
Elapsed time = 2.23 sec. (2865.07 ticks, tree = 0.01 MB, solutions = 7)
     20    22    60308.7311   187    76944.0000    60273.6417    10970   21.67%
    117   119    60329.5030   139    76944.0000    60273.6417    12831   21.67%
    161   163    60419.2968   126    76944.0000    60273.6417    14948   21.67%
    222   224    61221.0601   102    76944.0000    60273.6417    18284   21.67%
    320   308    60282.9070   227    76944.0000    60273.6417    20853   21.67%
    390   378    60334.7752   189    76944.0000    60273.6417    23487   21.67%

Performing restart 1

Repeating presolve.
Tried aggregator 1 time.
MIP Presolve modified 606 coefficients.
Reduced MIP has 291 rows, 5071 columns, and 10124 nonzeros.
Reduced MIP has 5071 binaries, 0 generals, 0 SOSs, and 0 indicators.
Presolve time = 0.02 sec. (11.85 ticks)
Tried aggregator 1 time.
MIP Presolve modified 360 coefficients.
Reduced MIP has 291 rows, 5071 columns, and 10124 nonzeros.
Reduced MIP has 5071 binaries, 0 generals, 0 SOSs, and 0 indicators.
Presolve time = 0.01 sec. (13.91 ticks)
Represolve time = 0.10 sec. (82.64 ticks)
    471     0    60230.5002   289    76944.0000     Cuts: 172    28776   21.67%
    471     0    60264.8907   264    76944.0000     Cuts: 145    29458   21.67%
    471     0    60287.8452   303    76944.0000     Cuts: 124    30393   21.65%
*   471+    0                        71419.0000    60287.8452            15.59%
*   471+    0                        71311.0000    60287.8452            15.46%
*   471+    0                        71168.0000    60287.8452            15.29%
    471     0  -1.00000e+75     0    71168.0000    60287.8452    30393   15.29%
    471     0    60295.5525   304    71168.0000     Cuts: 156    30884   15.28%
    471     0    60303.3022   329    71168.0000     Cuts: 129    31480   15.27%
    471     0    60305.4896   327    71168.0000     Cuts: 137    31865   15.26%
    471     0    60309.4860   325    71168.0000     Cuts: 132    32634   15.26%
    471     0    60316.0390   309    71168.0000     Cuts: 106    33365   15.25%
    471     0    60319.2809   301    71168.0000     Cuts: 114    33850   15.24%
    471     0    60325.4450   305    71168.0000     Cuts: 105    34381   15.24%
    471     0    60332.2844   274    71168.0000     Cuts: 100    34753   15.23%
    471     0    60347.4257   290    71168.0000     Cuts: 102    35243   15.20%
    471     0    60353.3127   318    71168.0000     Cuts: 114    35654   15.20%
    471     0    60363.8515   348    71168.0000     Cuts: 109    36166   15.18%
    471     0    60365.6088   330    71168.0000     Cuts: 119    36673   15.18%
    471     0    60369.4362   333    71168.0000     Cuts: 118    37203   15.17%
    471     0    60372.1099   314    71168.0000     Cuts: 111    37673   15.17%
    471     0    60373.0912   314    71168.0000     Cuts: 103    38160   15.17%
    471     0    60374.1192   309    71168.0000      Cuts: 65    38581   15.17%
    471     0    60376.3338   310    71168.0000      Cuts: 66    38827   15.16%
    471     0    60378.9799   334    71168.0000      Cuts: 79    39101   15.16%
*   471+    0                        66977.0000    60378.9799             9.85%
*   471+    0                        66638.0000    60378.9799             9.39%
*   471+    0                        66445.0000    60378.9799             9.13%
    471     0  -1.00000e+75     0    66445.0000    60378.9799    39101    9.13%
    471     2    60378.9799   282    66445.0000    60380.0155    39101    9.13%
    472     3    60386.3713   282    66445.0000    60386.5449    39174    9.12%
    473     4    60421.8459   295    66445.0000    60394.8102    39273    9.11%
    476     7    60448.5483   278    66445.0000    60394.8102    39346    9.11%
Elapsed time = 11.57 sec. (14687.31 ticks, tree = 0.04 MB, solutions = 13)
    480    11    60482.9303   264    66445.0000    60394.8102    39605    9.11%
    484    15    60642.6563   286    66445.0000    60394.8102    40093    9.11%
    492    23    60971.0973   239    66445.0000    60394.8102    40918    9.11%
    499    30    61276.0028   220    66445.0000    60394.8102    41707    9.11%
    516    47    61400.1590   216    66445.0000    60394.8102    42972    9.11%
    538    69    62446.5871   196    66445.0000    60394.8102    44973    9.11%
    559    90    62671.7566   185    66445.0000    60394.8102    47058    9.11%
    614   142    62732.4112   194    66445.0000    60394.8102    47998    9.11%
    649   164    60658.3405   290    66445.0000    60434.5147    50191    9.05%
    675   190    61252.0793   258    66445.0000    60434.5147    53218    9.05%
Elapsed time = 19.85 sec. (24827.39 ticks, tree = 1.37 MB, solutions = 13)
    720   235    62485.3660   205    66445.0000    60434.5147    55064    9.05%
    768   283    63148.8648   153    66445.0000    60434.5147    58198    9.05%
    838   345    60546.0585   289    66445.0000    60437.1881    61578    9.04%
    897   404    60550.8893   189    66445.0000    60448.0479    64985    9.03%
   1008   515    61904.3329   136    66445.0000    60448.0479    67701    9.03%
   1109   615    60709.7968   229    66445.0000    60448.0636    71585    9.03%
   1188   686    61868.5741   206    66445.0000    60448.0636    77549    9.03%
   1242   736    61101.1938   264    66445.0000    60449.0580    81931    9.02%
   1312   806    63733.9098   236    66445.0000    60449.0580    87410    9.02%
   1387   878    64794.3950   125    66445.0000    60449.0580    91134    9.02%
Elapsed time = 27.49 sec. (34516.10 ticks, tree = 6.51 MB, solutions = 13)
   1461   942    61204.7581   244    66445.0000    60453.5242    94682    9.02%
   1538  1019    62091.3669   194    66445.0000    60453.5242    98368    9.02%
   1582  1063    62359.7931   189    66445.0000    60453.5242    99798    9.02%
   1599  1078    64536.1795   199    66445.0000    60453.5242   106153    9.02%
   1609  1081    60694.3196   289    66445.0000    60453.5914   109323    9.02%
   1727  1199    62618.8999   193    66445.0000    60453.5914   114802    9.02%
   1789  1247    60565.9453   232    66445.0000    60454.0448   120212    9.02%
   1909  1367    63656.5631   203    66445.0000    60454.0448   128259    9.02%
   1981  1435    64544.7180   184    66445.0000    60454.0448   132999    9.02%
   2056  1506    60812.8937   214    66445.0000    60466.6854   137957    9.00%
Elapsed time = 35.11 sec. (44370.51 ticks, tree = 11.46 MB, solutions = 13)
   2129  1575        cutoff          66445.0000    60466.6854   148252    9.00%
   2225  1667    62296.0069   245    66445.0000    60466.7212   154387    9.00%
   2315  1745    60778.7508   275    66445.0000    60474.9688   162722    8.98%
   2467  1895    infeasible          66445.0000    60474.9688   169120    8.98%
*  2471+ 1897                        66425.0000    60474.9688             8.96%
   2471  1899    63832.8250   170    66425.0000    60474.9688   170676    8.96%
   2490  1911    60492.0627   256    66425.0000    60476.6510   173611    8.95%
   2576  1997    62129.8062   195    66425.0000    60476.6510   179575    8.95%
   2654  2069    61741.2719   215    66425.0000    60479.1669   183928    8.95%
   2700  2109    64472.1351   156    66425.0000    60479.1669   189915    8.95%
   2750  2156    60897.0761   228    66425.0000    60479.7120   195479    8.95%
Elapsed time = 41.93 sec. (54445.13 ticks, tree = 16.79 MB, solutions = 14)
   2868  2272    64104.4000   100    66425.0000    60479.7120   201438    8.95%
   2939  2339    60993.9052   248    66425.0000    60479.7744   206322    8.95%
   3047  2445    63721.6000   126    66425.0000    60479.7744   211742    8.95%
   3107  2505    63861.0000    94    66425.0000    60479.7744   217301    8.95%
   3215  2607    62699.6667   174    66425.0000    60481.1571   223073    8.95%
   3319  2707    60932.5436   244    66425.0000    60483.7381   227471    8.94%
   3366  2750    60641.8971   292    66425.0000    60485.5201   234249    8.94%
   3471  2854    65827.0000    71    66425.0000    60485.5201   238729    8.94%
   3603  2977    61660.5781   224    66425.0000    60485.8201   244667    8.94%
   3654  3023    60513.6921   288    66425.0000    60486.1833   248055    8.94%
Elapsed time = 48.00 sec. (65220.77 ticks, tree = 24.16 MB, solutions = 14)
   3716  3085    62059.2773   204    66425.0000    60486.1833   253923    8.94%
   3818  3180    61258.6302   265    66425.0000    60486.2540   259177    8.94%
   3999  3355    60527.5138   274    66425.0000    60487.3607   265053    8.94%
   4120  3472    60584.1850   306    66425.0000    60489.2036   270561    8.94%
   4257  3609    64075.2500    92    66425.0000    60489.2036   277520    8.94%
   4365  3713    61386.3642   208    66425.0000    60490.3158   282627    8.93%
*  4471+ 3698                        65534.0000    60490.3158             7.70%
   4471  3700    63281.0000   119    65534.0000    60490.3158   284690    7.70%
   4546  3771    62942.6686   197    65534.0000    60490.7415   290285    7.70%
   4601  3822    60513.9367   308    65534.0000    60491.2991   296560    7.69%
   4697  3918    62242.1065   179    65534.0000    60491.2991   303022    7.69%
Elapsed time = 54.37 sec. (76312.47 ticks, tree = 31.76 MB, solutions = 15)
   4796  4012    62501.0000   202    65534.0000    60492.0800   308747    7.69%
   4871  4081    61634.5404   241    65534.0000    60492.3354   314970    7.69%
   4983  4187    61686.7992   253    65534.0000    60494.0361   322081    7.69%
   5058  4258    60588.3425   255    65534.0000    60495.2775   329211    7.69%
   5122  4322    61638.6918   245    65534.0000    60495.2775   336604    7.69%
   5193  4392    63884.4502   201    65534.0000    60495.2775   343841    7.69%
   5299  4488    61378.9898   215    65534.0000    60495.2805   349944    7.69%
   5314  4495    60586.8422   260    65534.0000    60495.7348   354774    7.69%
   5399  4576    63473.5101   193    65534.0000    60495.7348   362398    7.69%
   5452  4621    61020.7915   268    65534.0000    60496.0654   369853    7.69%
Elapsed time = 60.12 sec. (86871.44 ticks, tree = 38.06 MB, solutions = 15)
   5471  4640    61704.1049   211    65534.0000    60496.0654   372454    7.69%
   5513  4678    60969.1478   246    65534.0000    60497.0969   377050    7.69%
   5563  4724    60795.4166   271    65534.0000    60498.9445   383726    7.68%
   5663  4816    infeasible          65534.0000    60498.9445   392286    7.68%
   5735  4886    61522.0557   177    65534.0000    60501.2530   396777    7.68%
   5791  4937    61111.8509   171    65534.0000    60502.1321   403587    7.68%
   5839  4982    62829.0000   116    65534.0000    60502.1321   410321    7.68%
   5878  5013    60662.0939   288    65534.0000    60506.8251   417162    7.67%
   5968  5103    62184.3206   202    65534.0000    60506.8251   424108    7.67%
   6030  5160    61388.7562   236    65534.0000    60511.1439   430394    7.66%
Elapsed time = 67.45 sec. (99495.59 ticks, tree = 42.92 MB, solutions = 15)
   6072  5198    61443.1874   276    65534.0000    60511.6821   435525    7.66%
   6169  5291    64101.0904   220    65534.0000    60511.6821   442477    7.66%
   6247  5362    61279.1425   219    65534.0000    60511.8131   450871    7.66%
   6300  5411    60590.0413   260    65534.0000    60513.4980   457359    7.66%
   6372  5479    60742.9061   233    65534.0000    60514.0749   463917    7.66%
   6471  5578    62862.7148   155    65534.0000    60514.0749   468014    7.66%
   6584  5686    61543.8886   233    65534.0000    60514.8220   474933    7.66%
   6651  5749    60944.1379   284    65534.0000    60514.8520   480440    7.66%
   6765  5851    60618.0991   280    65534.0000    60514.9506   487360    7.66%
   7184  6254    60612.0503   261    65534.0000    60515.2322   512542    7.66%
Elapsed time = 75.87 sec. (114040.50 ticks, tree = 52.90 MB, solutions = 15)
   7471  6524    64426.6466   122    65534.0000    60515.5533   542022    7.66%
   7987  7019        cutoff          65534.0000    60520.5261   570476    7.65%
   8315  7330    62140.6474   236    65534.0000    60522.5613   597759    7.65%
*  8471+ 7006                        64161.0000    60524.5637             5.67%
*  8471+ 6926                        64014.0000    60524.5637             5.45%
*  8471+ 6916                        63992.0000    60524.5637             5.42%
*  8471+ 6910                        63981.0000    60524.5637             5.40%
   8471  6912    60785.7478   281    63981.0000    60524.5637   614445    5.40%
   8946  7363    60653.1224   254    63981.0000    60525.3032   640688    5.40%
   9208  7599        cutoff          63981.0000    60526.3956   671366    5.40%
   9471  7846    61740.9778   184    63981.0000    60528.8994   695427    5.40%
*  9891+ 8228                        63959.0000    60529.1073             5.36%
*  9891+ 8169                        63928.0000    60529.1073             5.32%
*  9891+ 8045                        63823.0000    60529.1073             5.16%
*  9891+ 7879                        63766.0000    60529.1073             5.08%
*  9891+ 7032                        63119.0000    60529.1073             4.10%
   9891  7034    60710.3499   277    63119.0000    60529.1073   709791    4.10%
*  9893+ 6882                        62940.0000    60529.2019             3.83%
*  9893+ 6663                        62751.0000    60529.2019             3.54%
   9893  6665    60539.0722   283    62751.0000    60530.2023   710482    3.54%
  10343  7085    60944.2356   249    62751.0000    60531.9883   736234    3.54%
Elapsed time = 134.31 sec. (198132.96 ticks, tree = 61.98 MB, solutions = 26)
  10613  7341    61088.5587   242    62751.0000    60532.3775   761182    3.54%
  10819  7533    61626.7308   199    62751.0000    60533.6686   788063    3.53%
  11157  7848    61926.0185   228    62751.0000    60534.9269   813723    3.53%
  11467  8132    61607.4466   221    62751.0000    60535.3726   837932    3.53%
  11811  8468    62017.0431   198    62751.0000    60535.4414   859062    3.53%
  12097  8734    61520.7919   282    62751.0000    60536.6433   881644    3.53%
  12471  9070    60784.1679   260    62751.0000    60537.5802   907064    3.53%
  12671  9258    61625.0649   235    62751.0000    60538.6379   930583    3.53%
  12930  9497    60875.5979   291    62751.0000    60539.5215   951659    3.52%
  13233  9781    61483.9257   244    62751.0000    60539.9435   976488    3.52%
Elapsed time = 156.73 sec. (237168.05 ticks, tree = 88.75 MB, solutions = 26)
  13471 10008    62280.0999   152    62751.0000    60540.1189   999653    3.52%
  13796 10319    62169.3592   197    62751.0000    60540.3174  1024354    3.52%
  14029 10533    60800.1508   297    62751.0000    60540.9432  1047104    3.52%
  14293 10782    62504.9118   254    62751.0000    60542.5878  1074674    3.52%
  14461 10934    60601.0496   331    62751.0000    60543.2847  1098507    3.52%
  14732 11189    60598.3119   304    62751.0000    60544.5620  1113747    3.52%
  14993 11433    61387.6545   218    62751.0000    60545.5013  1140292    3.51%
  15211 11639    60598.2689   290    62751.0000    60546.1284  1166556    3.51%
  15467 11885    60556.6616   310    62751.0000    60546.3441  1192679    3.51%
  15526 11944    61012.7968   342    62751.0000    60546.3441  1196352    3.51%
Elapsed time = 180.94 sec. (278178.80 ticks, tree = 111.85 MB, solutions = 26)
  15712 12117    62422.3193   304    62751.0000    60546.3726  1222780    3.51%
  15991 12376    62000.3323   217    62751.0000    60546.6908  1247622    3.51%
  16230 12600    60888.3324   319    62751.0000    60547.0505  1270906    3.51%
  16494 12856    61029.8502   298    62751.0000    60547.2340  1283469    3.51%
  16841 13178    60563.2711   293    62751.0000    60548.7662  1308802    3.51%
  17078 13404        cutoff          62751.0000    60548.8815  1331029    3.51%
  17272 13579    61012.3869   293    62751.0000    60549.0106  1351330    3.51%
  17471 13771    62352.5046   245    62751.0000    60549.0754  1360815    3.51%
  17668 13950    61758.9849   308    62751.0000    60549.4828  1386421    3.51%
  17909 14178    60687.7613   298    62751.0000    60549.7219  1412617    3.51%
Elapsed time = 204.38 sec. (317508.13 ticks, tree = 136.84 MB, solutions = 26)
  18151 14409    60773.7162   319    62751.0000    60550.2250  1435932    3.51%
  18469 14707    60853.9672   277    62751.0000    60550.6121  1461294    3.51%
  18591 14821    60771.8052   336    62751.0000    60550.6235  1471382    3.51%
  18902 15118        cutoff          62751.0000    60550.8126  1497163    3.51%
  19115 15310    60681.5437   313    62751.0000    60551.2614  1523667    3.51%
  19458 15628    61116.5725   276    62751.0000    60551.5134  1552421    3.51%
  19500 15670    61967.5385   143    62751.0000    60551.5134  1556404    3.51%

Performing restart 2

Repeating presolve.
Tried aggregator 1 time.
MIP Presolve modified 406 coefficients.
Reduced MIP has 291 rows, 5071 columns, and 10124 nonzeros.
Reduced MIP has 5071 binaries, 0 generals, 0 SOSs, and 0 indicators.
Presolve time = 0.01 sec. (11.63 ticks)
Tried aggregator 1 time.
MIP Presolve modified 390 coefficients.
Reduced MIP has 291 rows, 5071 columns, and 10124 nonzeros.
Reduced MIP has 5071 binaries, 0 generals, 0 SOSs, and 0 indicators.
Presolve time = 0.02 sec. (14.29 ticks)
Represolve time = 0.20 sec. (137.74 ticks)
  19535     0    60378.1831   388    62751.0000      Cuts: 86  1561651    3.51%
  19535     0    60395.7973   358    62751.0000     Cuts: 114  1562319    3.51%
  19535     0    60403.5335   378    62751.0000     Cuts: 112  1562814    3.51%
  19535     0    60419.1246   337    62751.0000      Cuts: 63  1563263    3.51%
  19535     0    60425.1442   338    62751.0000      Cuts: 95  1563702    3.51%
  19535     0    60428.8508   333    62751.0000      Cuts: 73  1564011    3.51%
  19535     0    60431.3464   335    62751.0000      Cuts: 92  1564443    3.51%
  19535     0    60434.6462   354    62751.0000      Cuts: 98  1564732    3.51%
  19535     0    60438.5614   359    62751.0000      Cuts: 88  1565093    3.51%
  19535     2    60438.5614   320    62751.0000    60551.5134  1565093    3.51%
  19542     9    60552.3917   296    62751.0000    60551.5134  1566128    3.51%
  19562    29    60905.2799   271    62751.0000    60551.5134  1569400    3.51%
Elapsed time = 230.02 sec. (360629.41 ticks, tree = 0.18 MB, solutions = 26)
  19592    57    61940.8815   220    62751.0000    60551.5134  1574419    3.51%
  19625    84    60614.1603   260    62751.0000    60551.5134  1584402    3.51%
  19680   139    61860.3534   200    62751.0000    60551.5134  1590182    3.51%
  19777   220    61603.8011   239    62751.0000    60551.5134  1599003    3.51%
  19943   369    61708.4848    72    62751.0000    60551.5134  1609790    3.51%
  20181   573    61728.0000   107    62751.0000    60551.5134  1620195    3.51%
  20398   780    61170.7515   239    62751.0000    60551.5134  1638032    3.51%
  20729  1095    60706.2689   279    62751.0000    60551.5134  1652427    3.51%
  21159  1507    62067.5048   226    62751.0000    60551.5134  1669794    3.51%
  21498  1824    61896.2261   176    62751.0000    60551.5134  1688334    3.51%
Elapsed time = 250.65 sec. (399054.78 ticks, tree = 12.28 MB, solutions = 26)
  21811  2127    62247.2890   183    62751.0000    60551.5134  1708943    3.51%
  22110  2413    61527.5760   226    62751.0000    60551.5134  1734307    3.51%
  22302  2588    62339.2635   192    62751.0000    60552.6631  1764954    3.50%
  22781  3043    61684.6801   218    62751.0000    60557.4280  1788192    3.50%
  23008  3252    60931.0620   285    62751.0000    60565.9834  1812552    3.48%
  23404  3620    60806.0939   273    62751.0000    60572.9746  1830188    3.47%
  23535  3751    61069.3846   189    62751.0000    60572.9746  1832285    3.47%
  23885  4089    60806.2835   284    62751.0000    60576.2219  1851016    3.47%
  24110  4297    60828.4691   273    62751.0000    60581.3537  1872169    3.46%
  24505  4672    61126.4405   219    62751.0000    60595.7405  1894179    3.43%
Elapsed time = 274.63 sec. (439137.50 ticks, tree = 33.41 MB, solutions = 26)
  24726  4874    61562.9191   298    62751.0000    60600.2447  1917758    3.43%
  25049  5184    61892.4474   265    62751.0000    60607.7921  1937809    3.42%
  25353  5470    60813.1411   291    62751.0000    60614.3040  1958792    3.41%
  25586  5695    62524.1744   214    62751.0000    60614.7295  1980066    3.40%
  25826  5918    61330.4442   223    62751.0000    60620.1955  1999886    3.40%
  26041  6120    61108.7784   255    62751.0000    60623.3860  2023934    3.39%
  26278  6329    61437.4959   220    62751.0000    60625.8468  2044948    3.39%
  26442  6480    60690.8789   290    62751.0000    60628.8546  2066587    3.38%
  26669  6693    62099.3969   210    62751.0000    60629.3736  2088721    3.38%
  26890  6896    60950.9791   289    62751.0000    60632.5204  2106732    3.38%
Elapsed time = 297.66 sec. (478177.28 ticks, tree = 52.66 MB, solutions = 26)
  27088  7086    60823.4939   321    62751.0000    60632.7698  2139660    3.38%
  27311  7302    61653.1203   289    62751.0000    60633.2090  2159193    3.37%
  27451  7422    61183.7139   248    62751.0000    60634.4479  2177298    3.37%
  27535  7500    62091.9878   215    62751.0000    60635.0528  2188443    3.37%
  27756  7706    60896.2317   338    62751.0000    60639.8181  2210726    3.36%
  27999  7941    62635.2164   240    62751.0000    60639.9381  2231865    3.36%
  28173  8107    61891.7504   233    62751.0000    60641.0396  2250929    3.36%
  28306  8226    61657.0289   212    62751.0000    60642.0290  2275038    3.36%
  28488  8393    61906.3074   196    62751.0000    60642.1531  2302369    3.36%
  28535  8434    61795.1565   297    62751.0000    60644.1802  2311025    3.36%
Elapsed time = 322.88 sec. (519638.28 ticks, tree = 68.16 MB, solutions = 26)
  28688  8575    61916.5456   233    62751.0000    60644.4796  2338486    3.36%
  29007  8884    61562.1849   254    62751.0000    60644.7640  2362332    3.36%
  29305  9163    60780.0992   376    62751.0000    60645.9530  2382969    3.35%
  29473  9320    61389.9958   204    62751.0000    60647.1640  2404582    3.35%
  29616  9446    60994.5921   325    62751.0000    60648.5323  2430987    3.35%
  29767  9578    60887.0752   367    62751.0000    60649.1964  2456371    3.35%
  29996  9790    60801.5068   345    62751.0000    60650.0008  2479351    3.35%
  30159  9931    60815.5917   291    62751.0000    60652.5122  2507605    3.34%
  30503 10266    60874.3023   294    62751.0000    60653.8772  2527300    3.34%
  30740 10490    61420.1011   254    62751.0000    60653.8772  2550597    3.34%
Elapsed time = 346.45 sec. (558577.05 ticks, tree = 89.44 MB, solutions = 26)
  30951 10686    60873.1472   347    62751.0000    60656.7628  2574563    3.34%
  31088 10807    61153.8576   318    62751.0000    60659.4883  2600676    3.33%
  31361 11069    62000.1663   209    62751.0000    60661.9043  2625795    3.33%
  31658 11357    61100.8220   265    62751.0000    60662.3920  2638328    3.33%
  31829 11508    60870.7915   318    62751.0000    60662.6685  2666404    3.33%
  32066 11735    61699.1343   169    62751.0000    60663.1281  2690945    3.33%
  32216 11862    61019.8988   318    62751.0000    60664.0771  2713520    3.33%
  32425 12052    60797.1901   284    62751.0000    60666.0899  2734308    3.32%
  32642 12251    61921.4671   248    62751.0000    60667.0906  2757214    3.32%
  32741 12340    62189.8803   235    62751.0000    60667.7436  2781132    3.32%
Elapsed time = 370.57 sec. (597927.39 ticks, tree = 109.82 MB, solutions = 26)
  32904 12494    62343.6062   224    62751.0000    60668.1179  2802535    3.32%
  33036 12615    60931.4933   309    62751.0000    60669.0364  2824543    3.32%
  33127 12695    61710.3004   234    62751.0000    60669.5223  2849293    3.32%
  33306 12861    60981.0475   314    62751.0000    60670.6039  2875670    3.32%
  33465 13010    62150.4040   189    62751.0000    60671.1878  2900763    3.31%
  33568 13103    60743.6779   323    62751.0000    60671.8427  2918004    3.31%
  33769 13295    60978.1096   354    62751.0000    60672.8185  2941690    3.31%
  33930 13450    61353.6414   292    62751.0000    60673.4400  2972843    3.31%
  34045 13557    60758.7430   382    62751.0000    60674.0277  2995801    3.31%
  34162 13664    62605.6694   209    62751.0000    60674.9691  3022129    3.31%
Elapsed time = 395.01 sec. (638023.13 ticks, tree = 125.42 MB, solutions = 26)
  34317 13807    61962.2393   257    62751.0000    60677.0999  3043320    3.30%
  34379 13861    61218.8126   353    62751.0000    60678.8765  3063547    3.30%
  34516 13991    61928.8059   196    62751.0000    60679.0412  3086339    3.30%
  34545 14016    61661.3491   274    62751.0000    60679.9619  3092555    3.30%
  34686 14144    60915.7110   415    62751.0000    60682.1482  3117022    3.30%
  34847 14295    61217.2358   306    62751.0000    60682.8071  3140116    3.30%
  34968 14403    60799.4276   363    62751.0000    60684.3844  3163036    3.29%
  35197 14623    60995.8726   370    62751.0000    60685.1402  3187602    3.29%
  35274 14695    61186.5458   369    62751.0000    60685.9219  3213824    3.29%
  35413 14820    61804.2500   138    62751.0000    60686.7904  3232250    3.29%
Elapsed time = 419.26 sec. (677263.60 ticks, tree = 139.82 MB, solutions = 26)
  35535 14935    62337.7118   229    62751.0000    60686.8227  3251579    3.29%
  35653 15044    61541.1035   261    62751.0000    60687.4961  3270539    3.29%
  35873 15232    61085.4739   349    62751.0000    60687.5203  3290239    3.29%
  36061 15412    60798.0545   307    62751.0000    60688.5909  3307910    3.29%
  36188 15530    61683.5802   194    62751.0000    60689.2584  3329666    3.29%
  36382 15719    62158.9480   173    62751.0000    60689.5377  3346871    3.29%
  36513 15843    61998.9373   222    62751.0000    60691.3008  3369389    3.28%
* 36535+15363                        62570.0000    60691.3008             3.00%
  36595 15421    61347.9473   315    62570.0000    60692.6602  3381360    3.00%
  36736 15552    61241.3536   317    62570.0000    60694.5881  3404340    3.00%
  36875 15683    62279.0475   192    62570.0000    60694.7708  3427246    3.00%
Elapsed time = 445.11 sec. (718469.39 ticks, tree = 152.74 MB, solutions = 27)
  37053 15851    61040.9433   335    62570.0000    60695.1591  3446313    3.00%
  37129 15919    60968.1681   288    62570.0000    60696.2687  3472300    2.99%
  37264 16052    61734.0000   108    62570.0000    60696.2687  3495983    2.99%
  37395 16179    62071.8397   188    62570.0000    60696.5292  3522380    2.99%
  37553 16327    61933.3750   132    62570.0000    60699.5443  3542066    2.99%
  37603 16373    62321.0535   257    62570.0000    60700.7291  3563766    2.99%
  37690 16452    62144.5763   231    62570.0000    60700.8354  3585777    2.99%
  37807 16565    61890.9377   218    62570.0000    60700.8493  3608975    2.99%
  37936 16688    62452.0000   124    62570.0000    60701.9126  3629464    2.99%
  38061 16797    60951.5126   305    62570.0000    60702.8642  3651468    2.98%
Elapsed time = 469.26 sec. (757834.40 ticks, tree = 169.21 MB, solutions = 27)
  38203 16929    infeasible          62570.0000    60702.8642  3679917    2.98%
  38355 17074    62473.7500   200    62570.0000    60703.0419  3698635    2.98%
  38487 17201    61469.1207   280    62570.0000    60703.3519  3714950    2.98%
  38657 17362    60931.3300   340    62570.0000    60703.7504  3732447    2.98%
  38779 17472    60997.1622   311    62570.0000    60704.4746  3755327    2.98%
  38854 17538    61363.9185   311    62570.0000    60704.8965  3777365    2.98%
  38944 17621    60996.2875   384    62570.0000    60705.6349  3795864    2.98%
  39071 17742    62236.5472   271    62570.0000    60705.8223  3819518    2.98%
  39200 17861    60992.4855   348    62570.0000    60706.9276  3843472    2.98%
  39249 17904    60903.6637   348    62570.0000    60707.3268  3866001    2.98%
Elapsed time = 494.25 sec. (797293.76 ticks, tree = 185.59 MB, solutions = 27)
  39426 18073    61878.0427   167    62570.0000    60707.5809  3888223    2.98%
  39535 18178    60843.7431   293    62570.0000    60708.1997  3898631    2.98%
  39661 18293    61324.2815   322    62570.0000    60708.1997  3920203    2.98%
  39761 18389    61715.7059   278    62570.0000    60708.1997  3942226    2.98%
  39884 18502    60774.6285   366    62570.0000    60708.5501  3959151    2.97%
  39965 18577    61180.1918   330    62570.0000    60708.6604  3978390    2.97%
  40054 18660    62420.4281   232    62570.0000    60708.8995  4000743    2.97%
  40150 18749    60870.5979   403    62570.0000    60709.0792  4023194    2.97%
  40235 18830    61862.6083   273    62570.0000    60709.2229  4044856    2.97%
  40333 18918    62059.2461   231    62570.0000    60709.5721  4064745    2.97%
Elapsed time = 521.59 sec. (840020.85 ticks, tree = 201.12 MB, solutions = 27)
  40370 18947    61038.3835   327    62570.0000    60710.6010  4086020    2.97%
  40484 19057    61738.4019   210    62570.0000    60711.1345  4105075    2.97%
  40535 19104    61249.2088   303    62570.0000    60711.9483  4113822    2.97%
  40705 19259    60769.0653   347    62570.0000    60713.6367  4134633    2.97%
  40836 19384    61396.4896   171    62570.0000    60713.7625  4155673    2.97%
  41103 19643    61199.7425   306    62570.0000    60714.0236  4177480    2.97%
  41244 19773    62040.3177   236    62570.0000    60714.9918  4204951    2.96%
  41361 19878    infeasible          62570.0000    60715.0887  4228673    2.96%
  41469 19980    61915.9972   305    62570.0000    60715.4993  4252606    2.96%
  41537 20046        cutoff          62570.0000    60715.4993  4264075    2.96%
Elapsed time = 549.04 sec. (882540.31 ticks, tree = 218.88 MB, solutions = 27)
  41658 20159    62184.0000   144    62570.0000    60715.8019  4288108    2.96%
  41795 20288    61941.1538   260    62570.0000    60716.8424  4311854    2.96%
  41946 20429    61922.5424   275    62570.0000    60717.1234  4334911    2.96%
  42069 20536    61099.2813   336    62570.0000    60717.3996  4359720    2.96%
  42111 20578    62191.2970   172    62570.0000    60717.3996  4384226    2.96%
  42245 20703    61973.6150   308    62570.0000    60717.5363  4408498    2.96%
  42325 20774    62186.7224   316    62570.0000    60717.7299  4432112    2.96%
  42463 20906    62486.0000   132    62570.0000    60717.9137  4455972    2.96%
  42535 20978    62486.0000   118    62570.0000    60717.9137  4467900    2.96%
  42648 21085    62399.9348   276    62570.0000    60717.9375  4495192    2.96%
Elapsed time = 575.11 sec. (923162.31 ticks, tree = 235.28 MB, solutions = 27)
  42741 21167    61559.0379   380    62570.0000    60718.1468  4518874    2.96%
  42850 21253    60958.5072   264    62570.0000    60718.3975  4542992    2.96%
  43016 21403    61057.8062   335    62570.0000    60718.8224  4567242    2.96%
  43118 21499    61444.1181   245    62570.0000    60718.8306  4590713    2.96%
  43231 21598    62338.0000   100    62570.0000    60718.8306  4619169    2.96%
  43373 21730    61413.5932   220    62570.0000    60719.0369  4642797    2.96%
  43525 21870    61105.2516   360    62570.0000    60719.1634  4665827    2.96%
  43544 21889    61364.8318   309    62570.0000    60719.1634  4670872    2.96%
  43653 21985    60967.6895   341    62570.0000    60719.5375  4696441    2.96%
  43756 22084    61067.8740   321    62570.0000    60719.6714  4718774    2.96%
Elapsed time = 600.04 sec. (962362.47 ticks, tree = 251.03 MB, solutions = 27)
  43837 22156    61395.9343   299    62570.0000    60720.0271  4744859    2.96%
  43912 22219    61128.6281   318    62570.0000    60720.0391  4770871    2.96%
  44096 22393    61006.7622   276    62570.0000    60720.1019  4792597    2.96%
  44185 22468    61023.8982   361    62570.0000    60721.9015  4821216    2.95%
  44317 22595    61731.2217   221    62570.0000    60722.0527  4845620    2.95%
  44401 22669    61163.1217   275    62570.0000    60722.4449  4869520    2.95%
  44535 22799    61168.1859   221    62570.0000    60722.7645  4891504    2.95%
  44680 22932    61312.4563   282    62570.0000    60723.3722  4915340    2.95%
  44762 23008    62181.2316   290    62570.0000    60723.4898  4940516    2.95%
  44889 23131    62204.1429   179    62570.0000    60723.5333  4966126    2.95%
Elapsed time = 628.10 sec. (1006416.20 ticks, tree = 267.56 MB, solutions = 27)
  45054 23277    60904.9708   356    62570.0000    60724.3169  4991213    2.95%
  45210 23421    61156.8228   264    62570.0000    60724.3638  5011368    2.95%
  45357 23556    61375.9360   282    62570.0000    60724.9659  5034872    2.95%
  45512 23701    61053.2428   344    62570.0000    60725.3312  5059071    2.95%
  45535 23722    62174.9204   319    62570.0000    60725.3312  5070064    2.95%
  45618 23798    61788.2364   251    62570.0000    60725.5073  5093280    2.95%
  45726 23897    61832.6494   244    62570.0000    60725.5233  5116757    2.95%
  45873 24020    60998.6659   371    62570.0000    60725.8635  5142318    2.95%
  45990 24134    61774.4712   222    62570.0000    60725.9631  5165887    2.95%
  46106 24238    61061.5361   373    62570.0000    60726.1595  5190534    2.95%
Elapsed time = 653.36 sec. (1046038.36 ticks, tree = 285.08 MB, solutions = 27)
  46224 24347    62514.0000   134    62570.0000    60727.0254  5213526    2.95%
  46351 24466        cutoff          62570.0000    60727.9231  5242763    2.94%
  46490 24597    60900.5389   377    62570.0000    60728.4460  5268134    2.94%
* 46535+24485                        62542.0000    60728.4460             2.90%
  46574 24523    61134.0910   343    62542.0000    60728.4544  5286560    2.90%
  46698 24642    62316.0000   159    62542.0000    60728.9141  5310892    2.90%
  46872 24810    61965.9566   189    62542.0000    60729.2332  5336688    2.90%
  46988 24914    61085.9282   346    62542.0000    60730.0391  5360284    2.90%
  47125 25037    61740.1059   288    62542.0000    60730.2847  5383602    2.90%
  47280 25180    60894.2762   364    62542.0000    60730.6966  5405919    2.90%
  47354 25249    61992.5395   329    62542.0000    60731.0300  5429637    2.90%
Elapsed time = 677.96 sec. (1085214.18 ticks, tree = 301.60 MB, solutions = 28)
  47459 25344        cutoff          62542.0000    60731.4200  5455066    2.89%
  47535 25412    61092.8886   266    62542.0000    60732.5328  5478307    2.89%
  47727 25595    61306.1126   383    62542.0000    60733.8949  5501408    2.89%
  47870 25731    61984.2017   225    62542.0000    60734.1646  5525968    2.89%
  48074 25920    infeasible          62542.0000    60734.4303  5549090    2.89%
  48224 26054    60854.7251   367    62542.0000    60734.9648  5579219    2.89%
  48326 26150    61784.1294   354    62542.0000    60735.3490  5603855    2.89%
  48481 26295    62060.3704   200    62542.0000    60736.4022  5628702    2.89%
  48535 26339    61276.9637   264    62542.0000    60736.5875  5639701    2.89%
  48628 26420    62119.8265   167    62542.0000    60737.0609  5664848    2.89%
Elapsed time = 704.04 sec. (1127811.64 ticks, tree = 320.08 MB, solutions = 28)
  48799 26581    61844.0217   159    62542.0000    60737.6834  5687893    2.88%
  48849 26625    61679.4313   229    62542.0000    60737.8002  5713863    2.88%
  48984 26754    62164.9924   229    62542.0000    60737.9492  5737125    2.88%
  49139 26899    61156.2887   314    62542.0000    60738.3774  5761871    2.88%
  49266 27016    60862.4013   373    62542.0000    60738.7042  5787710    2.88%
  49429 27171    61912.7449   176    62542.0000    60739.0668  5812205    2.88%
  49624 27341    61889.8672   209    62542.0000    60740.0453  5834808    2.88%
  49848 27555    61138.6694   445    62542.0000    60740.4992  5858926    2.88%
  49981 27679    61667.1521   239    62542.0000    60740.6546  5882476    2.88%
  50107 27797    60822.1739   389    62542.0000    60741.1354  5906475    2.88%
Elapsed time = 727.45 sec. (1166700.44 ticks, tree = 341.81 MB, solutions = 28)
  50229 27912    62227.6519   239    62542.0000    60741.2870  5931350    2.88%
  50335 28014    61601.5000   132    62542.0000    60741.4021  5956506    2.88%
  50524 28187    61033.2131   376    62542.0000    60742.8253  5980504    2.88%
* 50535+27794                        62494.0000    60742.8253             2.80%
  50544 27802    62474.4329   270    62494.0000    60742.8253  5988600    2.80%
  50628 27876    62194.2012   340    62494.0000    60743.5183  6013389    2.80%
  50734 27973    62334.1612   234    62494.0000    60743.8682  6039422    2.80%
  50913 28143    61032.4045   395    62494.0000    60744.1093  6067698    2.80%
  51026 28242    60763.6018   371    62494.0000    60744.3476  6093321    2.80%
  51196 28404    61305.1476   241    62494.0000    60744.4793  6117586    2.80%
  51323 28523    62341.8352   251    62494.0000    60744.6319  6141499    2.80%
Elapsed time = 751.22 sec. (1205873.30 ticks, tree = 354.10 MB, solutions = 29)
  51457 28639    60970.3810   308    62494.0000    60745.4221  6169856    2.80%
  51535 28709    61519.9197   300    62494.0000    60745.7290  6186131    2.80%
  51610 28773    61896.4711   215    62494.0000    60746.4769  6210507    2.80%
  51779 28929    62342.0403   208    62494.0000    60746.9754  6235847    2.80%
  51852 28991    60928.3177   391    62494.0000    60747.7975  6261428    2.79%
  52026 29155    61440.4487   336    62494.0000    60748.1905  6285443    2.79%
  52113 29236    61438.7396   272    62494.0000    60748.3933  6310019    2.79%
  52240 29351    61354.8417   337    62494.0000    60748.4443  6334408    2.79%
  52365 29468    60899.5397   288    62494.0000    60748.6053  6359809    2.79%
  52504 29594    61069.4557   316    62494.0000    60749.8078  6384663    2.79%
Elapsed time = 776.03 sec. (1246649.04 ticks, tree = 370.99 MB, solutions = 29)
  52535 29621    61193.0640   311    62494.0000    60749.8315  6395992    2.79%
  52623 29706    61271.9958   349    62494.0000    60749.9542  6418559    2.79%
  52745 29821    62440.0705   194    62494.0000    60750.1055  6443600    2.79%
  52830 29895    61480.3227   283    62494.0000    60750.1978  6467223    2.79%
  52911 29963    61877.9670   212    62494.0000    60750.4166  6493524    2.79%
  53083 30124    62046.1323   225    62494.0000    60751.5159  6518842    2.79%
  53224 30254    62354.3552   275    62494.0000    60752.0166  6545151    2.79%
  53375 30394    61627.3572   227    62494.0000    60752.6829  6568007    2.79%
  53457 30469    61069.8511   338    62494.0000    60753.2522  6592525    2.79%
* 53535+24366                        62092.0000    60753.2594             2.16%
  53535 24368    61696.4878   288    62092.0000    60753.2594  6613802    2.16%
Elapsed time = 800.52 sec. (1287202.11 ticks, tree = 302.37 MB, solutions = 30)
  53667 24485    60982.2263   345    62092.0000    60753.9350  6638465    2.15%
  53819 24626    61407.8823   288    62092.0000    60754.6163  6662253    2.15%
  53933 24709    61215.3846   332    62092.0000    60755.6444  6688765    2.15%
  54048 24815    61162.3059   331    62092.0000    60755.7193  6710659    2.15%
Starting limited solution polishing.
  54153 24907        cutoff          62092.0000    60755.7548  6734044    2.15%
  54235 24978    62016.2066   190    62092.0000    60755.9063  6756565    2.15%
  54335 25062    61177.8205   354    62092.0000    60756.8557  6778297    2.15%
  54435 25149    61798.6427   221    62092.0000    60757.3267  6799842    2.15%
  54529 25236    61732.2959   341    62092.0000    60757.7008  6823281    2.15%
* 54535+24842                        62072.0000    60757.7008             2.12%
  54535 24844    61811.5950   263    62072.0000    60757.7008  6825443    2.12%
Elapsed time = 830.42 sec. (1335758.20 ticks, tree = 310.86 MB, solutions = 31)
  54635 24928    61527.9574   336    62072.0000    60758.0361  6845337    2.12%
  54735 25018    61093.5018   225    62072.0000    60758.5045  6862007    2.12%
  54835 25102    60980.1300   337    62072.0000    60758.5619  6876449    2.12%
  54935 25193    61037.6920   325    62072.0000    60758.7869  6895535    2.12%
  55018 25265    61475.3930   393    62072.0000    60758.9657  6921630    2.12%
  55035 25282    61980.8051   355    62072.0000    60758.9657  6926410    2.12%
  55128 25358    61264.2030   265    62072.0000    60759.6380  6949516    2.11%
  55135 25365    61406.4341   232    62072.0000    60759.6380  6950257    2.11%
* 55235+24501                        62034.0000    60759.6551             2.05%
  55235 24500    62034.0000     0    62034.0000    60759.6551  6965523    2.05%
  55316 24571    61039.6708   354    62034.0000    60760.5510  6989626    2.05%
Elapsed time = 870.56 sec. (1398398.67 ticks, tree = 309.41 MB, solutions = 32)
  55385 24636    61688.7479   217    62034.0000    60760.6254  7003114    2.05%
  55435 24682    60965.8697   238    62034.0000    60761.1331  7008949    2.05%
  55569 24804    61784.4548   289    62034.0000    60761.3500  7032267    2.05%
  55635 24861    61056.1788   287    62034.0000    60761.3831  7046063    2.05%
  55737 24948    60992.4573   349    62034.0000    60761.5963  7069159    2.05%
  55835 25038    61813.3552   167    62034.0000    60762.4678  7082594    2.05%
  55924 25116    61567.5504   295    62034.0000    60762.5963  7106183    2.05%
* 55935+24018                        61982.0000    60762.6313             1.97%
  55935 24020    61387.6710   247    61982.0000    60762.6313  7111953    1.97%
* 56035+23564                        61959.0000    60763.0222             1.93%
  56035 23566    61836.4538   265    61959.0000    60763.0222  7135045    1.93%

Clique cuts applied:  89
Cover cuts applied:  831
Implied bound cuts applied:  1
Flow cuts applied:  34
Mixed integer rounding cuts applied:  440
Zero-half cuts applied:  66
Gomory fractional cuts applied:  3

Root node processing (before b&c):
  Real time             =    2.21 sec. (2848.67 ticks)
Sequential b&c:
  Real time             =  897.79 sec. (1441523.74 ticks)
                          ------------
Total (root+branch&cut) =  900.00 sec. (1444372.41 ticks)
MIP: [1;32mCPLEX finished.[0m
MIP: [1;32mCPLEX status: Feasible[0m
MIP: [1;32mSolution: 
[10, 39, 3, 8, 9, 31, 27, 3, 26, 13, 38, 42, 40, 12, 31, 10, 15, 32, 25, 13, 6, 7, 26, 11, 7, 22, 31, 8, 7, 0, 31, 41, 6, 36, 17, 23, 25, 9, 34, 24, 38, 5, 25, 22, 39, 23, 13, 29, 9, 15, 33, 27, 6, 40, 33, 42, 41, 30, 28, 35, 32, 24, 14, 17, 34, 27, 19, 30, 9, 31, 33, 16, 8, 0, 19, 13, 5, 20, 29, 11][16, -1, -1, 6, -1, 17, 31, 5, 11, 11, 14, 9, 3, 24, 27, 1, 5, 23, -1, 16, 29, -1, 21, 13, 13, 9, 25, 31, 24, 22, 6, 28, 12, 19, 12, 27, 3, -1, 18, 28, 29, 24, 21][-1, 12, -1, 6, -1, 3, 12, -1, -1, 3, -1, 21, 18, 0, 7, -1, 13, 7, 21, 13, -1, 10, 0, 6, 15, 11, -1, 10, 8, 18, -1, 1][13, 12, -1, 16, -1, -1, 7, 7, 11, -1, 13, 6, 6, 11, -1, 2, -1, -1, 12, -1, -1, 16][0m
MIP: [1;32mObjective value: 61959[0m
MIP: [1;32mLower Bound: 60763.3[0m
MIP: [1;32mBranch-and-Bound nodes: 56083[0m

# best solution:
best objective value:	61959
best dual bound value:	60763
optimality gap:	1.93031%
CPU time:	897.55
