ifile	/scratch/csagturk/mlbp_inst/n0090_m01__004.inst
prob	MLBP
threads	1
ttime	900
instance: /scratch/csagturk/mlbp_inst/n0090_m01__004.inst
	m=1, n=[90, 46]
MIP: [1;32minit CPLEX[0m
CAN: [1;35mcreated 4140 x_{ijk} variables[0m
CAN: [1;35mcreated 136 y_{ij} variables[0m
MIP: [1;32mcreated decision variables[0m
CAN: [1;35madded 90 constraints to enforce the packing of each item[0m
CAN: [1;35madded 0 constraints to enforce the packing of each item[0m
CAN: [1;35madded 46 capacity constraints[0m
MIP: [1;32mcreated constraints[0m
MIP: [1;32mcreated objective function[0m
MIP: [1;32mcalling CPLEX solve ...[0m
Version identifier: 22.1.0.0 | 2022-03-09 | 1a383f8ce
CPXPARAM_Threads                                 1
CPXPARAM_TimeLimit                               900
Tried aggregator 1 time.
MIP Presolve eliminated 0 rows and 486 columns.
Reduced MIP has 136 rows, 3700 columns, and 7354 nonzeros.
Reduced MIP has 3700 binaries, 0 generals, 0 SOSs, and 0 indicators.
Presolve time = 0.01 sec. (7.14 ticks)
Tried aggregator 1 time.
Detecting symmetries...
Reduced MIP has 136 rows, 3700 columns, and 7354 nonzeros.
Reduced MIP has 3700 binaries, 0 generals, 0 SOSs, and 0 indicators.
Presolve time = 0.01 sec. (9.39 ticks)
Probing time = 0.00 sec. (2.77 ticks)
Clique table members: 802.
MIP emphasis: balance optimality and feasibility.
MIP search method: dynamic search.
Parallel mode: none, using 1 thread.
Root relaxation solution time = 0.00 sec. (6.72 ticks)

        Nodes                                         Cuts/
   Node  Left     Objective  IInf  Best Integer    Best Bound    ItCnt     Gap

      0     0    21204.1538    62                  21204.1538      268         
      0     0    21272.4444    96                   Cuts: 121      541         
      0     0    21272.4444   130                    Cuts: 95      823         
      0     0    21272.4444   110                    Cuts: 51     1100         
      0     0    21272.4444   103                    Cuts: 87     1358         
      0     0    21272.4444   102                    Cuts: 95     1715         
*     0+    0                        22478.0000    21272.4444             5.36%
*     0+    0                        22162.0000    21272.4444             4.01%
*     0+    0                        22122.0000    21272.4444             3.84%
*     0+    0                        22020.0000    21272.4444             3.39%
*     0+    0                        21650.0000    21272.4444             1.74%
*     0+    0                        21620.0000    21272.4444             1.61%
      0     0  -1.00000e+75     0    21620.0000    21272.4444     1715    1.61%
      0     2    21272.4444    46    21620.0000    21272.4444     1715    1.61%
Elapsed time = 0.94 sec. (1160.86 ticks, tree = 0.01 MB, solutions = 6)
    182   184    21295.0227    26    21620.0000    21272.4444     4461    1.61%
*   210+  196                        21358.0000    21272.4444             0.40%
    396   358    21272.4444    38    21358.0000    21272.4444     7032    0.40%
*   481+  391                        21304.0000    21272.4444             0.15%
    481   393    21272.4444    62    21304.0000    21272.4444     8442    0.15%
    680   549    21277.7094    36    21304.0000    21272.4444    11630    0.15%
    881   682    21290.0000    49    21304.0000    21272.4444    15001    0.15%
   1060   799    21272.4444    38    21304.0000    21272.4444    18639    0.15%

Performing restart 1

Repeating presolve.
Tried aggregator 1 time.
MIP Presolve eliminated 1 rows and 72 columns.
Reduced MIP has 135 rows, 3628 columns, and 7245 nonzeros.
Reduced MIP has 3628 binaries, 0 generals, 0 SOSs, and 0 indicators.
Presolve time = 0.01 sec. (7.28 ticks)
Tried aggregator 1 time.
Reduced MIP has 135 rows, 3628 columns, and 7245 nonzeros.
Reduced MIP has 3628 binaries, 0 generals, 0 SOSs, and 0 indicators.
Presolve time = 0.01 sec. (11.63 ticks)
Represolve time = 0.06 sec. (54.70 ticks)
   1071     0    21274.0000   111    21304.0000      Cuts: 67    19480    0.14%
   1071     0    21274.0000    89    21304.0000     Cuts: 133    19842    0.14%
   1071     0    21274.0000   100    21304.0000     Cuts: 101    20247    0.14%
   1071     0    21274.0000    89    21304.0000      Cuts: 51    20477    0.14%
   1071     0    21274.0000    58    21304.0000     Cuts: 112    20696    0.14%
   1071     0    21274.0000    97    21304.0000      Cuts: 85    20998    0.14%
   1071     0    21274.0000    82    21304.0000      Cuts: 57    21280    0.14%
   1071     0    21274.0000    87    21304.0000      Cuts: 96    21481    0.14%
   1071     0    21274.0000   104    21304.0000      Cuts: 69    21704    0.14%
   1071     2    21274.0000    26    21304.0000    21274.0000    21704    0.14%
   1108    39    21274.0000    27    21304.0000    21274.0000    22277    0.14%
   1191    80    21274.0000    33    21304.0000    21274.0000    23038    0.14%
   1619   174    21274.0000    15    21304.0000    21274.0000    26436    0.14%
Elapsed time = 4.75 sec. (6537.74 ticks, tree = 0.59 MB, solutions = 8)
   2231   213    21274.0000    34    21304.0000    21274.0000    31201    0.14%
   2770   348    infeasible          21304.0000    21274.0000    35831    0.14%
   3470   378    infeasible          21304.0000    21274.0000    41031    0.14%
   4074   415    21274.0000    28    21304.0000    21274.0000    47582    0.14%
   4672   711    21274.0000    25    21304.0000    21274.0000    54216    0.14%
   5285   899    21274.0000    21    21304.0000    21274.0000    61175    0.14%
   5942   970    infeasible          21304.0000    21274.0000    69422    0.14%
   6486  1130    21274.0000    29    21304.0000    21274.0000    77855    0.14%
   6941  1256    21274.0000    26    21304.0000    21274.0000    86778    0.14%
   7504  1416    21274.0000    36    21304.0000    21274.0000    95443    0.14%
Elapsed time = 11.41 sec. (16093.52 ticks, tree = 5.69 MB, solutions = 8)
   8110  1627    21274.0000    30    21304.0000    21274.0000   104626    0.14%
   8607  1704    21274.0000    42    21304.0000    21274.0000   113084    0.14%
   9061  1809    21274.0000    49    21304.0000    21274.0000   121630    0.14%
   9569  2079    21274.0000    25    21304.0000    21274.0000   130413    0.14%
  10028  2240        cutoff          21304.0000    21274.0000   140430    0.14%
  10516  2398    21277.1111    31    21304.0000    21274.0000   149795    0.14%
  10671  2414    21276.8636    54    21304.0000    21274.0000   154217    0.14%
  11175  2495    21274.0000    17    21304.0000    21274.0000   165782    0.14%
  11623  2611    21274.0000    27    21304.0000    21274.0000   175955    0.14%
  12115  2711    21281.3846    36    21304.0000    21274.0000   185895    0.14%
Elapsed time = 18.38 sec. (26030.82 ticks, tree = 12.19 MB, solutions = 8)
  12734  2927    21274.0000    29    21304.0000    21274.0000   195692    0.14%
  13158  2983    21274.0000    10    21304.0000    21274.0000   204721    0.14%
  13533  3010    infeasible          21304.0000    21274.0000   216785    0.14%
  13897  3100    21274.2393    45    21304.0000    21274.0000   226618    0.14%
  14247  3142    21289.0000    30    21304.0000    21274.0000   236734    0.14%
  14658  3259    21274.0000    12    21304.0000    21274.0000   246928    0.14%
  15020  3362    21274.0000    23    21304.0000    21274.0000   258749    0.14%
  15351  3419    infeasible          21304.0000    21274.0000   269891    0.14%
  15666  3447    21274.0000    12    21304.0000    21274.0000   280785    0.14%
  15962  3466    21285.7258    51    21304.0000    21274.0000   291680    0.14%
Elapsed time = 24.71 sec. (35596.99 ticks, tree = 16.64 MB, solutions = 8)
  16228  3496    21277.8431    48    21304.0000    21274.0000   302350    0.14%
  16536  3544    21274.0000    34    21304.0000    21274.0000   312868    0.14%
  16800  3590    21274.0000    39    21304.0000    21274.0000   323766    0.14%
  17039  3658    21274.0000    32    21304.0000    21274.0000   334867    0.14%
  17368  3725    21274.0000    13    21304.0000    21274.0000   345917    0.14%
  17607  3668    21289.0000    52    21304.0000    21274.0000   356710    0.14%
  17871  3726    21274.0000    32    21304.0000    21274.0000   367492    0.14%
  18170  3761        cutoff          21304.0000    21274.0000   380179    0.14%
  18390  3689    21274.0000    26    21304.0000    21274.0000   390420    0.14%
  18471  3717    21289.0000    32    21304.0000    21274.0000   393270    0.14%
Elapsed time = 31.81 sec. (46226.57 ticks, tree = 18.58 MB, solutions = 8)
  18662  3789    21274.0000    32    21304.0000    21274.0000   402732    0.14%
  18839  3847    21274.0000    20    21304.0000    21274.0000   413397    0.14%
  19028  3877    21274.0000    30    21304.0000    21274.0000   423384    0.14%
  19239  3831        cutoff          21304.0000    21274.0000   436523    0.14%
  19451  3789    21274.0000    46    21304.0000    21274.0000   448761    0.14%
  19694  3807    21277.1698    48    21304.0000    21274.0000   460564    0.14%
  19864  3763    21274.0000    22    21304.0000    21274.0000   470762    0.14%
  20039  3836        cutoff          21304.0000    21274.0000   476166    0.14%
  20280  3884    21274.0000    55    21304.0000    21274.0000   483762    0.14%
  20472  3988    21274.0000    44    21304.0000    21274.0000   492828    0.14%
Elapsed time = 38.01 sec. (55841.07 ticks, tree = 21.18 MB, solutions = 8)
  20760  4082    infeasible          21304.0000    21274.0000   502175    0.14%
  20988  4150    21274.0000    64    21304.0000    21274.0000   513076    0.14%
  21207  4165    infeasible          21304.0000    21274.0000   524851    0.14%
  21475  4212        cutoff          21304.0000    21274.0000   537116    0.14%
  21722  4320    21274.0000    46    21304.0000    21274.0000   547574    0.14%
  21944  4322    21274.0000    32    21304.0000    21274.0000   559238    0.14%
  22286  4387        cutoff          21304.0000    21274.0000   570525    0.14%
  22570  4440    21274.0000    16    21304.0000    21274.0000   581222    0.14%
  22797  4510    21274.0000    44    21304.0000    21274.0000   592555    0.14%
  23086  4557    21274.0000    27    21304.0000    21274.0000   604850    0.14%
Elapsed time = 44.15 sec. (65403.66 ticks, tree = 26.52 MB, solutions = 8)
  23334  4690        cutoff          21304.0000    21274.0000   616768    0.14%
  23586  4797        cutoff          21304.0000    21274.0000   628535    0.14%
  23836  4830    infeasible          21304.0000    21274.0000   640672    0.14%
  24120  4945    21295.6000    57    21304.0000    21274.0000   653105    0.14%
  24385  5007    21289.0000    50    21304.0000    21274.0000   665416    0.14%
  24658  5128    21274.0000    57    21304.0000    21274.0000   678324    0.14%
  24908  5221    21286.8571    55    21304.0000    21274.0000   691203    0.14%
  25169  5280    infeasible          21304.0000    21274.0000   703675    0.14%
  25455  5334        cutoff          21304.0000    21274.0000   715540    0.14%
  25648  5287        cutoff          21304.0000    21274.0000   727453    0.14%
Elapsed time = 50.32 sec. (74977.86 ticks, tree = 32.54 MB, solutions = 8)
  25863  5289        cutoff          21304.0000    21274.0000   738585    0.14%
  26239  5353    21274.0000    17    21304.0000    21274.0000   749283    0.14%
  26491  5357    21274.0000    40    21304.0000    21274.0000   761349    0.14%
  26723  5345    21274.0000    20    21304.0000    21274.0000   772943    0.14%
  26872  5464    21274.0000    49    21304.0000    21274.0000   775521    0.14%
  27054  5533    infeasible          21304.0000    21274.0000   782718    0.14%
  27294  5637    21274.0000    37    21304.0000    21274.0000   796282    0.14%
  27524  5679    21274.0000    31    21304.0000    21274.0000   809168    0.14%
  27768  5732    21274.0000    35    21304.0000    21274.0000   822466    0.14%
  27988  5799    21276.2006    40    21304.0000    21274.0000   834199    0.14%
Elapsed time = 56.36 sec. (84539.23 ticks, tree = 37.06 MB, solutions = 8)
  28261  5819    21275.0222    36    21304.0000    21274.0000   845820    0.14%
  28509  5886    21274.0000    64    21304.0000    21274.0000   859062    0.14%
  28738  5924    21274.0000    41    21304.0000    21274.0000   871545    0.14%
  28939  5957    21274.0000    68    21304.0000    21274.0000   884655    0.14%
  29125  6033    21274.0000    59    21304.0000    21274.0000   897939    0.14%
  29396  6167    21274.0000    50    21304.0000    21274.0000   910588    0.14%
  29651  6243    21274.0000    39    21304.0000    21274.0000   922599    0.14%
  29889  6331        cutoff          21304.0000    21274.0000   931658    0.14%
  29971  6343    21289.0000    52    21304.0000    21274.0000   935877    0.14%
  31036  6652        cutoff          21304.0000    21274.0000   985294    0.14%
Elapsed time = 64.86 sec. (97537.42 ticks, tree = 44.00 MB, solutions = 8)
  32004  6893    21274.0000    44    21304.0000    21274.0000  1023305    0.14%
  33017  7004        cutoff          21304.0000    21274.0000  1076712    0.14%
  34140  7444    21289.7200    27    21304.0000    21274.0000  1127092    0.14%
  35187  7740    infeasible          21304.0000    21274.0000  1171726    0.14%
  36315  7938    21274.3958    56    21304.0000    21274.0000  1219733    0.14%
  37297  8255    21274.0000    32    21304.0000    21274.0000  1254931    0.14%
  38319  8450    infeasible          21304.0000    21274.0000  1293911    0.14%
  39423  8864    21274.0000    31    21304.0000    21274.0000  1336258    0.14%
  40801  9224        cutoff          21304.0000    21274.0000  1379929    0.14%
  42503  9451        cutoff          21304.0000    21274.0000  1425587    0.14%
Elapsed time = 89.24 sec. (135705.09 ticks, tree = 67.53 MB, solutions = 8)
  43471  9521    21274.0000    21    21304.0000    21274.0000  1454366    0.14%
  44378  9642    21274.0000    53    21304.0000    21274.0000  1498234    0.14%
  45428  9801    21291.0000    63    21304.0000    21274.0000  1545276    0.14%
  46606  9930    infeasible          21304.0000    21274.0000  1592327    0.14%
  47661 10130    infeasible          21304.0000    21274.0000  1634002    0.14%
  48751 10301    21274.0000    35    21304.0000    21274.0000  1680931    0.14%
  49857 10520        cutoff          21304.0000    21274.0000  1723392    0.14%
  50985 10884    21274.0000    21    21304.0000    21274.0000  1760844    0.14%
  52507 11381        cutoff          21304.0000    21274.0000  1811743    0.14%
  53841 11685    21274.0000    41    21304.0000    21274.0000  1864965    0.14%
Elapsed time = 114.07 sec. (173905.28 ticks, tree = 86.44 MB, solutions = 8)
  55267 11885    infeasible          21304.0000    21274.0000  1918417    0.14%
  56671 12222    21274.0000    15    21304.0000    21274.0000  1970395    0.14%
  58051 12474    21274.0000    33    21304.0000    21274.0000  2028446    0.14%
  59334 12581    21274.0000    48    21304.0000    21274.0000  2078666    0.14%
  60777 12710    21274.0000    20    21304.0000    21274.0000  2131827    0.14%
  62363 12805        cutoff          21304.0000    21274.0000  2182166    0.14%
  64017 12858    21274.0000    38    21304.0000    21274.0000  2233122    0.14%
  65515 13421    infeasible          21304.0000    21274.0000  2284199    0.14%
  66902 13521    infeasible          21304.0000    21274.0000  2334497    0.14%
  68139 13725    infeasible          21304.0000    21274.0000  2383966    0.14%
Elapsed time = 139.59 sec. (213330.82 ticks, tree = 102.70 MB, solutions = 8)
  69497 13979    infeasible          21304.0000    21274.0000  2437253    0.14%
  70812 14012        cutoff          21304.0000    21274.0000  2489599    0.14%
  71854 14106    infeasible          21304.0000    21274.0000  2526122    0.14%
  73248 14137    21278.0000    57    21304.0000    21274.0000  2576572    0.14%
  74626 14222        cutoff          21304.0000    21274.0000  2627781    0.14%
  76111 14379    21274.0000    32    21304.0000    21274.0000  2679583    0.14%
  77592 14645    infeasible          21304.0000    21274.0000  2735509    0.14%
  78888 14670        cutoff          21304.0000    21274.0000  2784313    0.14%
  80181 14785        cutoff          21304.0000    21274.0000  2837504    0.14%
  81689 14983    21274.0000    31    21304.0000    21274.0000  2894183    0.14%
Elapsed time = 164.22 sec. (251505.26 ticks, tree = 112.70 MB, solutions = 8)
  83146 15189    21274.0000    31    21304.0000    21274.0000  2947154    0.14%
  84121 15343    21274.0000    25    21304.0000    21274.0000  2974765    0.14%
  85861 15501    infeasible          21304.0000    21274.0000  3025898    0.14%
  87424 15690    infeasible          21304.0000    21274.0000  3078575    0.14%
  88969 15752    21274.0000    24    21304.0000    21274.0000  3132163    0.14%
  90518 15853    21274.0000    34    21304.0000    21274.0000  3187375    0.14%
  91989 16003    21274.2857    52    21304.0000    21274.0000  3237447    0.14%
  93324 16136        cutoff          21304.0000    21274.0000  3286262    0.14%
  94462 16278    infeasible          21304.0000    21274.0000  3329890    0.14%
  95396 16456        cutoff          21304.0000    21274.0000  3360371    0.14%
Elapsed time = 188.88 sec. (289672.16 ticks, tree = 125.13 MB, solutions = 8)
  96631 16592    21274.0000    62    21304.0000    21274.0000  3396730    0.14%
  97845 16879    infeasible          21304.0000    21274.0000  3441185    0.14%
  99256 17028    infeasible          21304.0000    21274.0000  3483425    0.14%
 100680 17245        cutoff          21304.0000    21274.0000  3531488    0.14%
 102167 17402    infeasible          21304.0000    21274.0000  3575287    0.14%
 103409 17493    21274.0000    30    21304.0000    21274.0000  3619350    0.14%
 104834 18036    21274.0000    16    21304.0000    21274.0000  3667826    0.14%
 105608 18295        cutoff          21304.0000    21274.0000  3694165    0.14%
 107121 18758    infeasible          21304.0000    21274.0000  3742899    0.14%
 108369 18941    21274.0000    49    21304.0000    21274.0000  3785734    0.14%
Elapsed time = 214.04 sec. (327861.09 ticks, tree = 144.93 MB, solutions = 8)
 109674 19156    21274.0000    14    21304.0000    21274.0000  3827583    0.14%
 110897 19274    21274.0000    25    21304.0000    21274.0000  3868541    0.14%
 112088 19567    21290.8000    36    21304.0000    21274.0000  3910708    0.14%
 113382 19528    21274.0000    33    21304.0000    21274.0000  3949097    0.14%
 114919 19277    21289.0000    43    21304.0000    21274.0000  3987378    0.14%
 116459 19086    21274.0000    44    21304.0000    21274.0000  4024799    0.14%
 117915 18951    21281.0000    73    21304.0000    21274.0000  4062138    0.14%
 118885 19090        cutoff          21304.0000    21274.0000  4101654    0.14%
 119922 19205    21274.0000    23    21304.0000    21274.0000  4143312    0.14%
 121288 19289        cutoff          21304.0000    21274.0000  4185182    0.14%
Elapsed time = 242.52 sec. (366040.12 ticks, tree = 147.88 MB, solutions = 8)
 122351 19291    21274.0000     9    21304.0000    21274.0000  4215755    0.14%
 123457 19523    21274.0000    25    21304.0000    21274.0000  4245722    0.14%
 124726 19600    21274.0000    37    21304.0000    21274.0000  4278119    0.14%
 125727 19757    21274.0000    10    21304.0000    21274.0000  4318076    0.14%
 126460 20091    infeasible          21304.0000    21274.0000  4361398    0.14%
 127251 20363    21274.0000    65    21304.0000    21274.0000  4404092    0.14%
 128011 20638    21274.0000    45    21304.0000    21274.0000  4447016    0.14%
 128764 20853    21275.5719    81    21304.0000    21274.0000  4493162    0.14%
 129671 20976    21274.0000    22    21304.0000    21274.0000  4534216    0.14%
 130895 21417    21297.6000    38    21304.0000    21274.0000  4560203    0.14%
Elapsed time = 273.13 sec. (405657.32 ticks, tree = 164.90 MB, solutions = 8)
 132015 21679    21274.2704    48    21304.0000    21274.0000  4580606    0.14%
 133208 21853    21290.8000    27    21304.0000    21274.0000  4603282    0.14%
 134489 22380    21274.0000    20    21304.0000    21274.0000  4625475    0.14%
 136107 22655        cutoff          21304.0000    21274.0000  4654621    0.14%
 137599 22876        cutoff          21304.0000    21274.0000  4688164    0.14%
 139471 23114    21274.0000    10    21304.0000    21274.0000  4720606    0.14%
 141446 23272    21274.0000    12    21304.0000    21274.0000  4752084    0.14%
 143266 23408    21274.0000    15    21304.0000    21274.0000  4786614    0.14%
 145368 23581    infeasible          21304.0000    21274.0000  4821743    0.14%
 147191 23589    21274.0000    27    21304.0000    21274.0000  4857508    0.14%
Elapsed time = 302.72 sec. (443820.44 ticks, tree = 182.20 MB, solutions = 8)
 149170 24627    21274.0000    28    21304.0000    21274.0000  4893056    0.14%
 151049 25465        cutoff          21304.0000    21274.0000  4929905    0.14%
*152626     0      integral     0    21274.0000    21274.0000  4965722    0.00%

Clique cuts applied:  9
Cover cuts applied:  610
Flow cuts applied:  8
Mixed integer rounding cuts applied:  14
Zero-half cuts applied:  19
Lift and project cuts applied:  2
Gomory fractional cuts applied:  13

Root node processing (before b&c):
  Real time             =    0.94 sec. (1161.30 ticks)
Sequential b&c:
  Real time             =  310.24 sec. (454449.10 ticks)
                          ------------
Total (root+branch&cut) =  311.18 sec. (455610.40 ticks)
MIP: [1;32mCPLEX finished.[0m
MIP: [1;32mCPLEX status: Optimal[0m
MIP: [1;32mSolution: 
[14, 34, 40, 42, 2, 38, 29, 45, 12, 8, 15, 19, 38, 17, 17, 19, 4, 39, 17, 36, 11, 39, 18, 20, 32, 45, 31, 40, 12, 9, 31, 8, 38, 37, 15, 30, 37, 27, 3, 26, 15, 35, 44, 5, 19, 2, 25, 3, 35, 36, 34, 16, 28, 7, 28, 43, 14, 44, 13, 24, 18, 12, 36, 30, 25, 20, 33, 26, 0, 44, 2, 4, 17, 37, 29, 14, 11, 45, 5, 32, 45, 43, 37, 31, 33, 24, 34, 18, 39, 33][0m
MIP: [1;32mObjective value: 21274[0m
MIP: [1;32mLower Bound: 21274[0m
MIP: [1;32mBranch-and-Bound nodes: 152627[0m

# best solution:
best objective value:	21274
best dual bound value:	21273
optimality gap:	0.00470057%
CPU time:	310.1
