ifile	/scratch/csagturk/mlbp_inst/n0090_m02__041.inst
prob	MLBP
threads	1
ttime	900
instance: /scratch/csagturk/mlbp_inst/n0090_m02__041.inst
	m=2, n=[90, 50, 35]
MIP: [1;32minit CPLEX[0m
CAN: [1;35mcreated 6250 x_{ijk} variables[0m
CAN: [1;35mcreated 175 y_{ij} variables[0m
MIP: [1;32mcreated decision variables[0m
CAN: [1;35madded 90 constraints to enforce the packing of each item[0m
CAN: [1;35madded 50 constraints to enforce the packing of each item[0m
CAN: [1;35madded 85 capacity constraints[0m
MIP: [1;32mcreated constraints[0m
MIP: [1;32mcreated objective function[0m
MIP: [1;32mcalling CPLEX solve ...[0m
Version identifier: 22.1.0.0 | 2022-03-09 | 1a383f8ce
CPXPARAM_Threads                                 1
CPXPARAM_TimeLimit                               900
Tried aggregator 2 times.
MIP Presolve eliminated 0 rows and 664 columns.
MIP Presolve modified 503 coefficients.
Aggregator did 150 substitutions.
Reduced MIP has 525 rows, 6021 columns, and 12007 nonzeros.
Reduced MIP has 5871 binaries, 0 generals, 0 SOSs, and 100 indicators.
Presolve time = 0.02 sec. (18.43 ticks)
Probing fixed 0 vars, tightened 65 bounds.
Probing changed sense of 50 constraints.
Probing time = 0.05 sec. (42.91 ticks)
Tried aggregator 1 time.
Detecting symmetries...
MIP Presolve eliminated 300 rows and 350 columns.
Reduced MIP has 225 rows, 5671 columns, and 11307 nonzeros.
Reduced MIP has 5671 binaries, 0 generals, 0 SOSs, and 0 indicators.
Presolve time = 0.02 sec. (19.16 ticks)
Probing time = 0.00 sec. (3.16 ticks)
Clique table members: 1046.
MIP emphasis: balance optimality and feasibility.
MIP search method: dynamic search.
Parallel mode: none, using 1 thread.
Root relaxation solution time = 0.01 sec. (13.69 ticks)

        Nodes                                         Cuts/
   Node  Left     Objective  IInf  Best Integer    Best Bound    ItCnt     Gap

      0     0    40145.5743   109                  40145.5743      461         
      0     0    40145.5743   154                   Cuts: 156      977         
      0     0    40185.2230   172                   Cuts: 100     1642         
      0     0    40186.7604   166                   Cuts: 156     2142         
      0     0    40187.2178   155                   Cuts: 156     2621         
      0     0    40187.4345   214                   Cuts: 141     3106         
*     0+    0                        44872.0000    40187.4345            10.44%
*     0+    0                        44428.0000    40187.4345             9.54%
*     0+    0                        43812.0000    40187.4345             8.27%
*     0+    0                        43312.0000    40187.4345             7.21%
*     0+    0                        43303.0000    40187.4345             7.19%
*     0+    0                        42649.0000    40187.4345             5.77%
*     0+    0                        42520.0000    40187.4345             5.49%
*     0+    0                        42471.0000    40187.4345             5.38%
*     0+    0                        42435.0000    40187.4345             5.30%
*     0+    0                        42383.0000    40187.4345             5.18%
      0     0  -1.00000e+75     0    42383.0000    40187.4345     3106    5.18%
      0     2    40187.4345    98    42383.0000    40187.4345     3106    5.18%
Elapsed time = 1.28 sec. (1608.57 ticks, tree = 0.01 MB, solutions = 10)
     80    82    40188.0249    76    42383.0000    40187.4345     4652    5.18%
    198   200    40190.1921    60    42383.0000    40187.4345     6197    5.18%
    320   322    40548.0340    53    42383.0000    40187.4345     7853    5.18%
    471   471    41599.7865    33    42383.0000    40187.4345     9053    5.18%
    546   541    40206.2783    94    42383.0000    40187.4345    10862    5.18%
    662   657    40188.6172    72    42383.0000    40187.4345    12531    5.18%
    786   781    40392.4829    67    42383.0000    40187.4345    14220    5.18%
    925   918    42270.0000    18    42383.0000    40187.4345    15821    5.18%
    961   943    40187.4345   148    42383.0000    40187.4345    18130    5.18%
*   962+  931                        42265.0000    40187.4345             4.92%

Performing restart 1

Repeating presolve.
Tried aggregator 1 time.
MIP Presolve modified 618 coefficients.
Reduced MIP has 225 rows, 5671 columns, and 11307 nonzeros.
Reduced MIP has 5671 binaries, 0 generals, 0 SOSs, and 0 indicators.
Presolve time = 0.02 sec. (14.67 ticks)
Tried aggregator 1 time.
MIP Presolve modified 276 coefficients.
Reduced MIP has 225 rows, 5671 columns, and 11307 nonzeros.
Reduced MIP has 5671 binaries, 0 generals, 0 SOSs, and 0 indicators.
Presolve time = 0.02 sec. (17.40 ticks)
Represolve time = 0.12 sec. (96.63 ticks)
   1072     0    40120.5660   203    42265.0000     Cuts: 137    23345    4.92%
   1072     0    40128.3367   177    42265.0000     Cuts: 156    23923    4.92%
   1072     0    40133.0638   161    42265.0000     Cuts: 147    24522    4.92%
   1072     0    40142.4234   158    42265.0000     Cuts: 156    25232    4.92%
   1072     0    40149.8832   207    42265.0000     Cuts: 156    25826    4.92%
   1072     0    40152.7076   206    42265.0000     Cuts: 156    26686    4.92%
   1072     0    40156.3639   201    42265.0000     Cuts: 141    27273    4.92%
   1072     0    40165.1685   221    42265.0000     Cuts: 156    28133    4.92%
   1072     0    40168.5276   164    42265.0000     Cuts: 156    29011    4.92%
   1072     0    40176.0948   178    42265.0000     Cuts: 156    29792    4.92%
   1072     0    40176.3524   203    42265.0000     Cuts: 132    30321    4.92%
   1072     0    40176.3524   150    42265.0000      Cuts: 54    30579    4.92%
   1072     0    40176.3524   189    42265.0000     Cuts: 111    30900    4.92%
   1072     0    40176.3524   172    42265.0000      Cuts: 75    31334    4.92%
   1072     0    40176.3524   210    42265.0000     Cuts: 104    31643    4.92%
*  1072+    0                        42251.0000    40187.4345             4.88%
   1072     2    40176.3524   106    42251.0000    40187.4345    31643    4.88%
Elapsed time = 6.91 sec. (9215.92 ticks, tree = 0.01 MB, solutions = 12)
   1147    74    40226.6830   148    42251.0000    40205.2087    33662    4.84%
   1309   199    41194.0000    94    42251.0000    40205.2087    34817    4.84%
   1564   383    40585.8732    96    42251.0000    40221.1111    37234    4.80%
   1937   745    40236.6013   111    42251.0000    40226.4444    39439    4.79%
   2352  1116    40568.7778    88    42251.0000    40226.4444    42474    4.79%
   2874  1600    40227.7494    95    42251.0000    40227.7494    44895    4.79%
   3303  2025    40327.6635   103    42251.0000    40230.6116    49233    4.78%
   3872  2533    40453.4545    90    42251.0000    40231.5714    52929    4.78%
   4536  3194    40473.1582    90    42251.0000    40232.3614    56145    4.78%
   5092  3745    40301.2000   140    42251.0000    40233.3883    60591    4.78%
Elapsed time = 13.29 sec. (18896.36 ticks, tree = 20.74 MB, solutions = 12)
   5761  4405    40320.6038    92    42251.0000    40234.0000    63996    4.77%
   6193  4831    40535.5769   106    42251.0000    40234.3649    68005    4.77%
   6688  5293    40332.0588   132    42251.0000    40234.7861    72818    4.77%
   7320  5916    40459.9907    85    42251.0000    40236.0106    77160    4.77%
   8074  6662    40521.6667   100    42251.0000    40236.6563    80648    4.77%
   8689  7277    40248.1118   109    42251.0000    40237.2462    84543    4.77%
   9274  7857    40240.5592   134    42251.0000    40237.5180    89589    4.77%
   9764  8337    40541.0000   102    42251.0000    40237.5180    94344    4.77%
  10376  8949    40435.0000   115    42251.0000    40237.6892    98899    4.77%
* 10672+ 9243                        42180.0000    40237.6892             4.60%
* 10672+ 9227                        42115.0000    40237.6892             4.46%
* 10672+ 9203                        41501.0000    40237.6892             3.04%
  10672  9205    40407.5455    97    41501.0000    40237.6892   100861    3.04%
Elapsed time = 31.48 sec. (41751.29 ticks, tree = 52.60 MB, solutions = 15)
  11333  9800    41043.0000    88    41501.0000    40238.3471   105941    3.04%
  11948 10319    infeasible          41501.0000    40238.3471   110747    3.04%
  12732 11031    40385.7778    93    41501.0000    40238.3471   114583    3.04%
  13470 11759    41043.0000    91    41501.0000    40238.3471   117814    3.04%
  14117 12402    40300.5507    92    41501.0000    40238.3471   121018    3.04%
  14874 13119    40238.3471   151    41501.0000    40238.3471   124743    3.04%
  15674 13913    40255.3198   128    41501.0000    40238.3471   128847    3.04%
  16237 14455    40777.2353   110    41501.0000    40238.3471   134068    3.04%
  16821 15004    40366.0000    93    41501.0000    40238.3471   139643    3.04%
  17523 15664    40562.3981   116    41501.0000    40238.3471   144352    3.04%
Elapsed time = 38.11 sec. (51412.94 ticks, tree = 92.92 MB, solutions = 15)
  18063 16122    40238.3471   138    41501.0000    40238.3471   149362    3.04%
  18694 16708    40238.3471   136    41501.0000    40238.3471   153552    3.04%
  19272 17238    41003.0000    65    41501.0000    40238.3471   157616    3.04%
  19800 17731    40405.7778   104    41501.0000    40238.3471   163879    3.04%
  19972 17898    40452.4211   107    41501.0000    40238.3471   165175    3.04%

Performing restart 2

Repeating presolve.
Tried aggregator 1 time.
MIP Presolve modified 276 coefficients.
Reduced MIP has 225 rows, 5671 columns, and 11307 nonzeros.
Reduced MIP has 5671 binaries, 0 generals, 0 SOSs, and 0 indicators.
Presolve time = 0.02 sec. (14.30 ticks)
Tried aggregator 1 time.
MIP Presolve modified 276 coefficients.
Reduced MIP has 225 rows, 5671 columns, and 11307 nonzeros.
Reduced MIP has 5671 binaries, 0 generals, 0 SOSs, and 0 indicators.
Presolve time = 0.02 sec. (17.40 ticks)
Represolve time = 0.25 sec. (178.09 ticks)
  20492     0    40176.3524   260    41501.0000     Cuts: 156   172784    3.04%
  20492     0    40176.3524   224    41501.0000     Cuts: 114   173310    3.04%
  20492     0    40176.3524   214    41501.0000      Cuts: 83   173774    3.04%
  20492     0    40176.4281   184    41501.0000      Cuts: 75   174056    3.04%
  20492     0    40176.4281   179    41501.0000     Cuts: 156   174504    3.04%
  20492     0    40176.4281   214    41501.0000     Cuts: 154   175071    3.04%
  20492     0    40176.4281   218    41501.0000     Cuts: 154   175498    3.04%
  20492     0    40176.4281   152    41501.0000      Cuts: 97   175829    3.04%
  20492     0    40176.4281   178    41501.0000     Cuts: 156   176256    3.04%
  20492     0    40176.4281   207    41501.0000     Cuts: 131   176621    3.04%
  20492     0    40176.4281   202    41501.0000      Cuts: 84   177090    3.04%
  20492     2    40176.4281    97    41501.0000    40238.3471   177090    3.04%
  20618   128    40243.0942    82    41501.0000    40238.3471   178649    3.04%
  20811   295    40370.0000    63    41501.0000    40238.3471   179921    3.04%
  20982   419    40512.4540    85    41501.0000    40238.3471   182291    3.04%
  21222   605    40244.3034   100    41501.0000    40238.3471   183530    3.04%
Elapsed time = 49.06 sec. (67252.12 ticks, tree = 2.78 MB, solutions = 15)
  21329   711    40284.1860    98    41501.0000    40238.3471   185687    3.04%
  21540   922    40293.0923    99    41501.0000    40238.3471   186462    3.04%
  21776  1158    40370.7500   100    41501.0000    40238.3471   187609    3.04%
  22032  1411    40896.9412    91    41501.0000    40238.3471   188643    3.04%
  22271  1634    40294.6207   106    41501.0000    40238.3471   189908    3.04%
  22441  1804    40375.0000    82    41501.0000    40238.3471   192422    3.04%
  22667  2022    40536.2794    97    41501.0000    40238.3471   194845    3.04%
  22900  2226    41165.0000    77    41501.0000    40238.3471   197646    3.04%
  23226  2539    40397.0000    87    41501.0000    40238.3471   199213    3.04%
  23557  2863    40258.4297    87    41501.0000    40238.3471   201084    3.04%
Elapsed time = 55.06 sec. (76800.58 ticks, tree = 13.47 MB, solutions = 15)
  23902  3198    40240.8294   102    41501.0000    40238.3471   202697    3.04%
  24268  3561    40889.9226    95    41501.0000    40238.3471   205250    3.04%
  24613  3888    40251.5484    95    41501.0000    40238.3471   208085    3.04%
  25086  4353    40947.5000    92    41501.0000    40238.3471   209941    3.04%
  25451  4718    40409.0833   102    41501.0000    40238.3471   212045    3.04%
  25894  5157    40226.4444    94    41501.0000    40238.3471   214181    3.04%
  26302  5564    40532.6667    98    41501.0000    40238.3471   215665    3.04%
  26836  6092    40366.0051    89    41501.0000    40238.3471   217122    3.04%
  27272  6515    40416.7402    83    41501.0000    40238.3471   219063    3.04%
  27762  6975    41010.0000    85    41501.0000    40238.3471   220880    3.04%
Elapsed time = 61.77 sec. (86372.04 ticks, tree = 32.89 MB, solutions = 15)
  28249  7459    40254.3006    93    41501.0000    40238.3471   222387    3.04%
  28725  7907    40382.0833    99    41501.0000    40238.3471   224463    3.04%
  29183  8342    40743.1775   110    41501.0000    40238.3471   226782    3.04%
  29687  8839    41029.0000    81    41501.0000    40238.3471   228792    3.04%
  30316  9465    40290.9239    97    41501.0000    40238.3471   230837    3.04%
  30759  9908    40507.0000    91    41501.0000    40238.3471   233748    3.04%
  31233 10362    40811.8621    86    41501.0000    40238.3471   236251    3.04%
  31694 10819    40229.2561    82    41501.0000    40238.3471   239195    3.04%
  32241 11366    40348.0000    95    41501.0000    40238.3471   241760    3.04%
  32893 12015    infeasible          41501.0000    40238.3471   243834    3.04%
Elapsed time = 69.32 sec. (95952.15 ticks, tree = 56.91 MB, solutions = 15)
  33480 12584    40375.0000    71    41501.0000    40238.3471   246405    3.04%
  34058 13160    40320.6032    95    41501.0000    40238.3471   248319    3.04%
  34656 13729    40229.9623    83    41501.0000    40238.3471   250794    3.04%
  35260 14311    40451.1250    84    41501.0000    40238.3471   252833    3.04%
  35787 14829    40370.6667    76    41501.0000    40238.3471   254994    3.04%
  36371 15394    40375.0000    92    41501.0000    40238.3471   256907    3.04%
  36809 15832    40348.2500    90    41501.0000    40238.3471   259945    3.04%
  37347 16366    40589.6667    78    41501.0000    40238.3471   262021    3.04%
  37879 16886    40328.0000    81    41501.0000    40238.3471   264636    3.04%
  38417 17416    40328.0000    71    41501.0000    40238.3471   267995    3.04%
Elapsed time = 77.09 sec. (105555.00 ticks, tree = 83.03 MB, solutions = 15)
  38972 17968    40467.0000    77    41501.0000    40238.3471   270290    3.04%
  39538 18529    40328.0000    82    41501.0000    40238.3471   272487    3.04%
  40142 19116    40376.7333    81    41501.0000    40238.3471   274845    3.04%
  40797 19768    40352.1895    86    41501.0000    40238.3471   276712    3.04%
  41411 20356    40716.4613    85    41501.0000    40238.3471   278897    3.04%
  42014 20952    40668.4545    76    41501.0000    40238.3471   281620    3.04%
  42564 21482    40413.6308    91    41501.0000    40238.3471   284500    3.04%
  43108 22006    40377.8504    93    41501.0000    40238.3471   287512    3.04%
  43596 22479    41165.7586    81    41501.0000    40238.3471   290618    3.04%
  45953 24750    40506.1517    87    41501.0000    40238.3471   302156    3.04%
Elapsed time = 87.17 sec. (117963.62 ticks, tree = 117.65 MB, solutions = 15)
  47841 26580    40381.4526   105    41501.0000    40238.3471   314956    3.04%
  49703 28404    40313.2000   107    41501.0000    40238.3471   327558    3.04%
  51639 30295    40903.8966   102    41501.0000    40238.3471   339582    3.04%
  53508 32138    40320.1250   112    41501.0000    40238.3471   353831    3.04%
  55405 34018    40896.0000    93    41501.0000    40238.3471   366332    3.04%
  56544 35145    40496.3625   133    41501.0000    40238.3471   375824    3.04%
  57879 36452    40313.1087   123    41501.0000    40238.3471   388122    3.04%
  59094 37644    40229.9623   163    41501.0000    40238.3471   401327    3.04%
  59986 38534    40612.7740   120    41501.0000    40238.3471   414772    3.04%
  60762 39289    40538.9152   159    41501.0000    40238.3471   427482    3.04%
Elapsed time = 118.19 sec. (156212.35 ticks, tree = 197.74 MB, solutions = 15)
  61192 39716    40423.8094   143    41501.0000    40238.3471   437846    3.04%
  61915 40411    40917.7000   125    41501.0000    40238.3471   455243    3.04%
  62477 40944    41400.0000   112    41501.0000    40238.3471   472870    3.04%
  63097 41546    40328.0000   152    41501.0000    40238.3471   487039    3.04%
  63855 42290    40500.4071   176    41501.0000    40238.3471   500468    3.04%
  64322 42748    40950.2535   144    41501.0000    40238.3471   517814    3.04%
  64837 43245    40386.8984   136    41501.0000    40238.3471   533481    3.04%
  65270 43668    40619.7692   170    41501.0000    40238.3471   550994    3.04%
  65722 44102    40652.8300   159    41501.0000    40238.3471   569391    3.04%
  66225 44599    40375.0403   156    41501.0000    40238.3471   583672    3.04%
Elapsed time = 148.73 sec. (195288.86 ticks, tree = 242.25 MB, solutions = 15)
  66644 45017    40865.1168   166    41501.0000    40238.3471   602641    3.04%
  66992 45361    40528.1344   181    41501.0000    40238.3471   616916    3.04%
  67483 45850    40933.8280   135    41501.0000    40238.3471   634575    3.04%
  67948 46309    40614.5577   140    41501.0000    40238.3471   649847    3.04%
  68619 46975    40629.9849   141    41501.0000    40238.3471   666450    3.04%
  69094 47447    40367.2727   269    41501.0000    40238.3471   684320    3.04%
  69495 47843    40520.9073   226    41501.0000    40238.3471   700310    3.04%
  69903 48241    40603.8013   215    41501.0000    40238.3471   724163    3.04%
  70343 48678    40422.8081   124    41501.0000    40238.3471   744718    3.04%
  70898 49227    40520.6011   206    41501.0000    40238.3471   761600    3.04%
Elapsed time = 180.94 sec. (235581.86 ticks, tree = 290.24 MB, solutions = 15)
  71421 49748    40360.7037   187    41501.0000    40238.3471   779043    3.04%
  71747 50069    40330.3333   180    41501.0000    40238.3471   797777    3.04%
  72306 50624    40592.1524   236    41501.0000    40238.3471   815375    3.04%
  72895 51210    40229.9623   267    41501.0000    40238.3471   831109    3.04%
  73304 51619    40246.3019   225    41501.0000    40238.3471   850268    3.04%
  73714 52028    40241.8491   218    41501.0000    40238.3471   868350    3.04%
* 74092+52250                        41415.0000    40238.3471             2.84%
  74092 52252    40375.0765   168    41415.0000    40238.3471   887006    2.84%
  74262 52421    40855.3671   176    41415.0000    40238.3471   891784    2.84%
  74707 52863    40604.7908   228    41415.0000    40238.3471   912228    2.84%
  75155 53303    40620.8506   167    41415.0000    40238.3471   933898    2.84%
Elapsed time = 213.07 sec. (275963.20 ticks, tree = 339.98 MB, solutions = 16)
  75588 53735    40553.7241   183    41415.0000    40238.3471   954531    2.84%
  76006 54143    40606.8282   189    41415.0000    40238.3471   978153    2.84%
  76481 54616    41048.9670   156    41415.0000    40238.3471   999241    2.84%
  76973 55106    40509.5085   187    41415.0000    40238.3471  1020886    2.84%
  77377 55505    40334.4286   166    41415.0000    40238.3471  1043371    2.84%
  77894 56019    40262.6415   267    41415.0000    40238.3471  1067726    2.84%
* 77992+56035                        41375.0000    40238.3471             2.75%
  78092 56137    40366.3434   197    41375.0000    40238.3471  1078298    2.75%
  78392 56421    40853.0937   189    41375.0000    40238.3471  1095418    2.75%
  78992 57018    40355.6667   124    41375.0000    40238.3471  1116057    2.75%
  79482 57508    40780.9473   159    41375.0000    40238.3471  1140434    2.75%
Elapsed time = 244.94 sec. (315243.38 ticks, tree = 394.76 MB, solutions = 17)
  80095 58117    40237.2922   202    41375.0000    40238.3471  1159733    2.75%
  80776 58789    40328.0000   143    41375.0000    40238.3471  1182526    2.75%
* 80992+58737                        41310.0000    40238.3471             2.59%
  81192 58939    40328.5038   227    41310.0000    40238.3471  1192801    2.59%
  81858 59596    41030.0000   137    41310.0000    40238.3471  1216629    2.59%
  82325 60054    40824.7800   177    41310.0000    40238.3471  1243183    2.59%
  82947 60661    40337.4247   174    41310.0000    40238.3471  1264218    2.59%
  83415 61117    40273.4574   261    41310.0000    40238.3471  1281266    2.59%
  83879 61572    40332.0590   192    41310.0000    40238.3471  1297410    2.59%
  84100 61793    40520.9902   231    41310.0000    40238.3471  1308591    2.59%
  84452 62116    40229.9623   238    41310.0000    40238.3471  1330201    2.59%
Elapsed time = 277.10 sec. (355175.39 ticks, tree = 456.49 MB, solutions = 18)
  85061 62706    40328.0000   125    41310.0000    40238.3471  1346106    2.59%
  85377 63020    40966.5833   222    41310.0000    40238.3471  1371073    2.59%
  85892 63512    40328.0000   201    41310.0000    40238.3471  1391888    2.59%
  86392 64008    40349.0833   163    41310.0000    40238.3471  1410980    2.59%
  87058 64664    40355.5311   174    41310.0000    40238.3471  1431334    2.59%
  87668 65268    41030.0000   123    41310.0000    40238.3471  1452687    2.59%
  88298 65895    40620.1757   252    41310.0000    40238.3471  1473367    2.59%
  88880 66466    41129.8448   173    41310.0000    40238.3471  1494903    2.59%
  89348 66928    40921.2143   128    41310.0000    40238.3471  1515799    2.59%
  90075 67631    40527.1300   205    41310.0000    40238.3471  1538415    2.59%
Elapsed time = 309.72 sec. (395530.47 ticks, tree = 530.80 MB, solutions = 18)
  90291 67831    40229.9623   265    41310.0000    40238.3471  1551215    2.59%
  90788 68317    40229.9623   215    41310.0000    40238.3471  1567639    2.59%
  91261 68778    40627.0000   144    41310.0000    40238.3471  1590214    2.59%
  91493 68997    41145.0000   117    41310.0000    40238.3471  1611019    2.59%
  91946 69440    40935.5000   178    41310.0000    40238.3471  1633020    2.59%
  92462 69947    infeasible          41310.0000    40238.3471  1650773    2.59%
  92868 70343    41061.6000   147    41310.0000    40238.3471  1674564    2.59%
  93040 70510    41012.6190   156    41310.0000    40238.3471  1687874    2.59%
  93463 70927    40380.3182   173    41310.0000    40238.3471  1706235    2.59%
  93931 71383    40298.8125   174    41310.0000    40238.3471  1727931    2.59%
Elapsed time = 339.91 sec. (433909.15 ticks, tree = 579.46 MB, solutions = 18)
  94506 71937    40286.6250   204    41310.0000    40238.3471  1748148    2.59%
  94926 72348    40309.8350   198    41310.0000    40238.3471  1769369    2.59%
  95411 72831    40538.9160   168    41310.0000    40238.3471  1793108    2.59%
  95935 73347    40327.0641   203    41310.0000    40238.3471  1815435    2.59%
  96472 73869    40528.0000   247    41310.0000    40238.3471  1839199    2.59%
  96740 74134    40305.7006   215    41310.0000    40238.3471  1856949    2.59%
  97499 74892    40526.4486   181    41310.0000    40238.3471  1877008    2.59%
  97939 75327    40557.0709   167    41310.0000    40238.3471  1900548    2.59%
  98331 75707    40615.7856   186    41310.0000    40238.3471  1925408    2.59%
* 98392+75436                        41285.0000    40238.3471             2.54%
* 98392+75309                        41250.0000    40238.3471             2.45%
  98459 75372    40246.1500   205    41250.0000    40238.3471  1942444    2.45%
Elapsed time = 370.95 sec. (472309.14 ticks, tree = 633.70 MB, solutions = 20)
  98695 75607    40229.9623   183    41250.0000    40238.3471  1947301    2.45%
  99116 76026    40242.2857   199    41250.0000    40238.3471  1966056    2.45%
  99363 76273    40328.0000   128    41250.0000    40238.3471  1988848    2.45%
  99988 76888    40381.5897   154    41250.0000    40238.3471  2006820    2.45%
 100253 77137    40566.9101   167    41250.0000    40238.3471  2023305    2.45%
 100762 77640    40308.6111   124    41250.0000    40238.3471  2042568    2.45%
 101304 78177    40411.2000   156    41250.0000    40238.3471  2063836    2.45%
 101868 78723    40253.5435   199    41250.0000    40238.3471  2084994    2.45%
 102350 79204    40507.2000   203    41250.0000    40238.3471  2108411    2.45%
 102592 79441    40375.0000   174    41250.0000    40238.3471  2126649    2.45%
Elapsed time = 402.58 sec. (511801.28 ticks, tree = 686.36 MB, solutions = 20)
 103292 80136    40370.5542   166    41250.0000    40238.3471  2148085    2.45%
 103692 80527    40957.4800   145    41250.0000    40238.3471  2172106    2.45%
 104327 81160    40533.8889   224    41250.0000    40238.3471  2192253    2.45%
 104855 81670    40920.5000   220    41250.0000    40238.3471  2214199    2.45%
 105390 82204    40377.3936   182    41250.0000    40238.3471  2236000    2.45%
 106067 82865    40328.5217   164    41250.0000    40238.3471  2259738    2.45%
 106324 83114    40821.5115   176    41250.0000    40238.3471  2270978    2.45%
 107094 83864    40620.8860   167    41250.0000    40238.3471  2292878    2.45%
 107666 84415    40257.1303   170    41250.0000    40238.3471  2316414    2.45%
 107982 84726    40375.0160   153    41250.0000    40238.3471  2336593    2.45%
Elapsed time = 433.55 sec. (550366.98 ticks, tree = 754.77 MB, solutions = 20)
 108301 85036    40488.5000   150    41250.0000    40238.3471  2358833    2.45%
 108659 85382    41021.2154   243    41250.0000    40238.3471  2380223    2.45%
 109208 85905    40357.5238   135    41250.0000    40238.3471  2399384    2.45%
 109392 86078    40275.5333   223    41250.0000    40238.3471  2415732    2.45%
 109994 86678    40397.2857   168    41250.0000    40238.3471  2432998    2.45%
 110600 87258    infeasible          41250.0000    40238.3471  2451741    2.45%
 111179 87830    40659.1000   167    41250.0000    40238.3471  2472642    2.45%
 111689 88325    40551.2548   234    41250.0000    40238.3471  2494691    2.45%
 112131 88766    40328.0000   140    41250.0000    40238.3471  2514006    2.45%
 112646 89275    40404.8689   195    41250.0000    40238.3471  2537219    2.45%
Elapsed time = 464.89 sec. (589740.41 ticks, tree = 813.67 MB, solutions = 20)
 112992 89620    40445.6667   167    41250.0000    40238.3471  2545576    2.45%
 113527 90152    40320.6912   202    41250.0000    40238.3471  2569898    2.45%
 114220 90841    40616.1526   135    41250.0000    40238.3471  2591701    2.45%
 114608 91217    41007.8421   184    41250.0000    40238.3471  2616459    2.45%
 115298 91890    40536.8544   151    41250.0000    40238.3471  2638377    2.45%
 115852 92423    40593.1491   143    41250.0000    40238.3471  2662440    2.45%
 116416 92966    40596.9435   195    41250.0000    40238.3471  2689085    2.45%
 117010 93546    40230.8462   186    41250.0000    40238.3471  2708476    2.45%
 117685 94209    40395.1465   172    41250.0000    40238.3471  2732198    2.45%
 117898 94422    40229.9623   193    41250.0000    40238.3471  2740778    2.45%
Elapsed time = 496.28 sec. (629031.00 ticks, tree = 880.27 MB, solutions = 20)
 118470 94984    41089.7356   171    41250.0000    40238.3471  2764815    2.45%
 118792 95290    40236.2250   187    41250.0000    40238.3471  2789079    2.45%
 119070 95562    40714.4108   218    41250.0000    40238.3471  2812661    2.45%
 119489 95966    40539.8154   170    41250.0000    40238.3471  2834007    2.45%
 119913 96371    40536.8544   186    41250.0000    40238.3471  2856498    2.45%
 120370 96804    40340.1799   196    41250.0000    40238.3471  2878733    2.45%
 121058 97478    40359.5969   184    41250.0000    40238.3471  2898006    2.45%
 121292 97689    40238.6522   182    41250.0000    40238.3471  2912330    2.45%
 121810 98192    40588.0486   182    41250.0000    40238.3471  2934815    2.45%
 122298 98666        cutoff          41250.0000    40238.3471  2960543    2.45%
Elapsed time = 527.38 sec. (668313.81 ticks, tree = 935.13 MB, solutions = 20)
 122651 98998    41232.0000    66    41250.0000    40238.3471  2987177    2.45%
 123227 99548    40345.3617   199    41250.0000    40238.3471  3007617    2.45%
 123910 100210    40241.9254   210    41250.0000    40238.3471  3032505    2.45%
 124396 100693    40786.0000   121    41250.0000    40238.3471  3056381    2.45%
 124922 101200    40387.2774   205    41250.0000    40238.3471  3077395    2.45%
 125385 101639    40320.5714   214    41250.0000    40238.3471  3103512    2.45%
 125637 101888    40287.3456   196    41250.0000    40238.3471  3112621    2.45%
 126387 102609    40607.7148   154    41250.0000    40238.3471  3135023    2.45%
 127112 103324    40295.1875   160    41250.0000    40238.3471  3160141    2.45%
 127827 104024    40687.4673   141    41250.0000    40238.3471  3183203    2.45%
Elapsed time = 558.33 sec. (706604.82 ticks, tree = 1004.50 MB, solutions = 20)
 128344 104526    40339.4161   146    41250.0000    40238.3471  3208704    2.45%
 129191 105369    40609.3562   164    41250.0000    40238.3471  3230118    2.45%
 129762 105936    40601.6386   132    41250.0000    40238.3471  3257185    2.45%
 130094 106263    40607.7148   161    41250.0000    40238.3471  3275379    2.45%
 130303 106467    40308.6024   226    41250.0000    40238.3471  3299790    2.45%
 130908 107066    40242.2857   193    41250.0000    40238.3471  3318333    2.45%
 131312 107469    40280.5144   199    41250.0000    40238.3471  3339149    2.45%
 131607 107759    40375.2497   110    41250.0000    40238.3471  3350932    2.45%
 132164 108305    40405.3694   149    41250.0000    40238.3471  3369426    2.45%
 132819 108948    41035.8166   179    41250.0000    40238.3471  3388892    2.45%
Elapsed time = 589.19 sec. (745001.20 ticks, tree = 1068.20 MB, solutions = 20)
 133292 109416    40387.7707   154    41250.0000    40238.3471  3411417    2.45%
 133813 109927    41015.2763   173    41250.0000    40238.3471  3432325    2.45%
 134382 110468    40474.4408   147    41250.0000    40238.3471  3458025    2.45%
 134792 110865    40716.9618   147    41250.0000    40238.3471  3479923    2.45%
 135313 111367    40949.5333   140    41250.0000    40238.3471  3504109    2.45%
 135926 111952    40289.3538   170    41250.0000    40238.3471  3526343    2.45%
 136379 112388    infeasible          41250.0000    40238.3471  3552419    2.45%
 136974 112971    40456.2011   143    41250.0000    40238.3471  3574801    2.45%
 137576 113554    40387.2273   173    41250.0000    40238.3471  3598936    2.45%
 138208 114175    40937.7870   180    41250.0000    40238.3471  3621930    2.45%
Elapsed time = 621.20 sec. (784776.87 ticks, tree = 1135.80 MB, solutions = 20)
 138489 114445    40320.5714   178    41250.0000    40238.3471  3641478    2.45%
 139210 115163    40426.5425   199    41250.0000    40238.3471  3662831    2.45%
 139823 115766    40358.7375   180    41250.0000    40238.3471  3684744    2.45%
 140460 116399    40347.7489   133    41250.0000    40238.3471  3709461    2.45%
 140792 116724    40397.8571   172    41250.0000    40238.3471  3725839    2.45%
 141565 117482    40319.8788   182    41250.0000    40238.3471  3747124    2.45%
 142292 118201    41224.5714   120    41250.0000    40238.3471  3768682    2.45%
 142838 118740    41125.6000   139    41250.0000    40238.3471  3789227    2.45%
 143419 119318    40535.2739   137    41250.0000    40238.3471  3810622    2.45%
 143928 119814    40311.5750   193    41250.0000    40238.3471  3834079    2.45%
Elapsed time = 653.32 sec. (824468.72 ticks, tree = 1208.72 MB, solutions = 20)
 144502 120382    40591.6396   200    41250.0000    40238.3471  3853497    2.45%
 145071 120941    40367.2727   134    41250.0000    40238.3471  3874049    2.45%
 145517 121372    40518.1524   194    41250.0000    40238.3471  3895676    2.45%
 146091 121930    41068.0000    95    41250.0000    40238.3471  3915923    2.45%
*146392+121745                        41232.0000    40238.3471             2.41%
 146392 121747    40344.3727   172    41232.0000    40238.3471  3934118    2.41%
 146706 122060    40268.4938   245    41232.0000    40238.3471  3944191    2.41%
 147412 122764    40495.8552   144    41232.0000    40238.3471  3963293    2.41%
 147638 122972    41049.5696   192    41232.0000    40238.3471  3976560    2.41%
 148232 123550    40716.9618   238    41232.0000    40238.3471  4000197    2.41%
 148801 124108    40614.6811   141    41232.0000    40238.3471  4022755    2.41%
Elapsed time = 684.43 sec. (863512.05 ticks, tree = 1264.61 MB, solutions = 21)
 149308 124602    40299.9671   212    41232.0000    40238.3471  4048858    2.41%
 150061 125347    40328.0000   137    41232.0000    40238.3471  4071464    2.41%
 150522 125791    40328.8547   160    41232.0000    40238.3471  4098105    2.41%
 151102 126370    40246.2126   192    41232.0000    40238.3471  4115051    2.41%
 151783 127032    40370.9489   136    41232.0000    40238.3471  4137311    2.41%
 152504 127747    40369.8239   195    41232.0000    40238.3471  4159523    2.41%
 153272 128493    40296.1667   212    41232.0000    40238.3471  4182858    2.41%
 153767 128980    40521.8135   160    41232.0000    40238.3471  4193974    2.41%
 154319 129520    40299.0384   158    41232.0000    40238.3471  4214400    2.41%
 154922 130119    40320.5087   227    41232.0000    40238.3471  4237740    2.41%
Elapsed time = 715.80 sec. (902140.78 ticks, tree = 1342.35 MB, solutions = 21)
 155455 130642    40604.6944   189    41232.0000    40238.3471  4262675    2.41%
 156066 131247    40561.6891   183    41232.0000    40238.3471  4287652    2.41%
 156439 131613    40359.7768   147    41232.0000    40238.3471  4308495    2.41%
 157160 132322    41056.7895   130    41232.0000    40238.3471  4332094    2.41%
 157810 132951    40454.0798   175    41232.0000    40238.3471  4355354    2.41%
 158319 133446    40808.4158   169    41232.0000    40238.3471  4376833    2.41%
 158878 133993    40381.4049   138    41232.0000    40238.3471  4399927    2.41%
 159215 134322    41035.8166   226    41232.0000    40238.3471  4415858    2.41%
 159799 134887    40447.6650   160    41232.0000    40238.3471  4436287    2.41%
 160321 135398    40303.1778   165    41232.0000    40238.3471  4460333    2.41%
Elapsed time = 746.49 sec. (940506.61 ticks, tree = 1413.62 MB, solutions = 21)
 160738 135813    40385.0173   223    41232.0000    40238.3471  4481000    2.41%
*161192+123953                        40995.0000    40238.3471             1.85%
 161192 123955    40309.3536   167    40995.0000    40238.3471  4497249    1.85%
 161419 124173    40229.9623   212    40995.0000    40238.3471  4503356    1.85%
 161815 124553    40294.7525   140    40995.0000    40238.3471  4524750    1.85%
 162362 125063    40994.0000   128    40995.0000    40238.3471  4545780    1.85%
 163000 125669    40318.9118   139    40995.0000    40238.3471  4569340    1.85%
 163703 126339    40982.0000   129    40995.0000    40238.3471  4592738    1.85%
 164208 126830    40539.6431   191    40995.0000    40238.3471  4615958    1.85%
 164292 126910    40377.4242   169    40995.0000    40238.3471  4623207    1.85%
 164879 127484    40991.0000    43    40995.0000    40238.3471  4647729    1.85%
Elapsed time = 778.21 sec. (980158.76 ticks, tree = 1342.49 MB, solutions = 22)
 165604 128156    40991.0000    69    40995.0000    40238.3471  4670603    1.85%
 166341 128863    40380.0522   210    40995.0000    40238.3471  4690548    1.85%
 167068 129556    40436.8767   218    40995.0000    40238.3471  4712917    1.85%
 167696 130174    40232.6345   204    40995.0000    40238.3471  4735385    1.85%
 168179 130635    40328.0000   212    40995.0000    40238.3471  4761593    1.85%
 168704 131146    40543.0880   186    40995.0000    40238.3471  4787796    1.85%
 169115 131530    40545.6250   181    40995.0000    40238.3471  4813661    1.85%
 169892 132286    40991.0000    46    40995.0000    40238.3471  4834910    1.85%
 170543 132898    40983.0000    40    40995.0000    40238.3471  4858233    1.85%
 171268 133568    40296.0000   228    40995.0000    40238.3471  4886344    1.85%
Elapsed time = 809.02 sec. (1018564.27 ticks, tree = 1421.26 MB, solutions = 22)
Starting limited solution polishing.
 171503 133797    40380.3991   176    40995.0000    40238.3471  4900957    1.85%
 171790 134082    40529.7959   218    40995.0000    40238.3471  4908427    1.85%
*171792+127644                        40930.0000    40238.3471             1.69%
 171892 127742    40328.9366   197    40930.0000    40238.3471  4917106    1.69%
 172140 127979    40371.4745   152    40930.0000    40238.3471  4930727    1.69%
 172492 128323    40328.0000   126    40930.0000    40238.3471  4942164    1.69%
 172792 128611    40328.0000   128    40930.0000    40238.3471  4952212    1.69%
 173092 128900    40288.3333   185    40930.0000    40238.3471  4961991    1.69%
 173292 129089    40291.7143   216    40930.0000    40238.3471  4975638    1.69%
 173592 129381    40304.2308   222    40930.0000    40238.3471  4988231    1.69%
 173783 129567    40319.5517   172    40930.0000    40238.3471  4996196    1.69%
Elapsed time = 843.74 sec. (1063018.05 ticks, tree = 1381.25 MB, solutions = 23)
 174025 129797    40375.0000   162    40930.0000    40238.3471  5007171    1.69%
 174219 129984    40324.7143   138    40930.0000    40238.3471  5017895    1.69%
*174392+128951                        40911.0000    40238.3471             1.64%
 174492 129047    40269.0482   231    40911.0000    40238.3471  5033180    1.64%
 174840 129378    40491.7500   160    40911.0000    40238.3471  5054444    1.64%
 174992 129522    40324.2549   219    40911.0000    40238.3471  5066006    1.64%
 175215 129716    40293.4000   196    40911.0000    40238.3471  5083385    1.64%
 175436 129925    40282.4107   234    40911.0000    40238.3471  5095988    1.64%
 175630 130102    40236.6135   250    40911.0000    40238.3471  5114666    1.64%
 175899 130341    infeasible          40911.0000    40238.3471  5131426    1.64%
 176092 130509    40375.0000   124    40911.0000    40238.3471  5150419    1.64%
Elapsed time = 877.50 sec. (1105909.67 ticks, tree = 1395.63 MB, solutions = 24)
 176292 130697    40866.0000   111    40911.0000    40238.3471  5162985    1.64%
 176492 130861    40242.5800   218    40911.0000    40238.3471  5170221    1.64%
 176792 131138    40906.0000    81    40911.0000    40238.3471  5179782    1.64%
 176992 131316    40266.1200   255    40911.0000    40238.3471  5195946    1.64%
 177185 131494    40238.3876   214    40911.0000    40238.3471  5216737    1.64%
 177318 131615    40338.5640   195    40911.0000    40238.3471  5226697    1.64%

Clique cuts applied:  65
Cover cuts applied:  888
Implied bound cuts applied:  2
Flow cuts applied:  40
Mixed integer rounding cuts applied:  72
Zero-half cuts applied:  55
Lift and project cuts applied:  2
Gomory fractional cuts applied:  20

Root node processing (before b&c):
  Real time             =    1.27 sec. (1600.05 ticks)
Sequential b&c:
  Real time             =  898.74 sec. (1133563.66 ticks)
                          ------------
Total (root+branch&cut) =  900.00 sec. (1135163.71 ticks)
MIP: [1;32mCPLEX finished.[0m
MIP: [1;32mCPLEX status: Feasible[0m
MIP: [1;32mSolution: 
[22, 42, 4, 26, 8, 22, 43, 6, 49, 21, 39, 24, 10, 36, 45, 18, 48, 23, 40, 33, 34, 2, 44, 7, 37, 44, 34, 9, 24, 1, 1, 19, 15, 44, 9, 35, 45, 7, 48, 47, 17, 22, 20, 11, 3, 21, 2, 25, 40, 3, 38, 32, 16, 40, 7, 37, 41, 43, 46, 26, 31, 46, 45, 8, 41, 23, 12, 48, 43, 47, 19, 19, 15, 29, 9, 8, 10, 24, 33, 41, 3, 38, 20, 49, 22, 4, 18, 43, 32, 48][-1, 23, 5, 33, 33, -1, 30, 18, 15, 29, 30, 18, 13, -1, -1, 19, 31, 13, 20, 31, 20, 4, 4, 5, 34, 23, 27, -1, -1, 18, -1, 15, 10, 28, 19, 12, 6, 17, 17, 30, 0, 27, 6, 1, 0, 29, 6, 34, 12, 8][0m
MIP: [1;32mObjective value: 40911[0m
MIP: [1;32mLower Bound: 40238.3[0m
MIP: [1;32mBranch-and-Bound nodes: 177392[0m

# best solution:
best objective value:	40911
best dual bound value:	40238
optimality gap:	1.64503%
CPU time:	897.564
