ifile	/scratch/csagturk/mlbp_inst/n0090_m03__094.inst
prob	MLBP
threads	1
ttime	900
instance: /scratch/csagturk/mlbp_inst/n0090_m03__094.inst
	m=3, n=[90, 51, 39, 30]
MIP: [1;32minit CPLEX[0m
CAN: [1;35mcreated 7749 x_{ijk} variables[0m
CAN: [1;35mcreated 210 y_{ij} variables[0m
MIP: [1;32mcreated decision variables[0m
CAN: [1;35madded 90 constraints to enforce the packing of each item[0m
CAN: [1;35madded 90 constraints to enforce the packing of each item[0m
CAN: [1;35madded 120 capacity constraints[0m
MIP: [1;32mcreated constraints[0m
MIP: [1;32mcreated objective function[0m
MIP: [1;32mcalling CPLEX solve ...[0m
Version identifier: 22.1.0.0 | 2022-03-09 | 1a383f8ce
CPXPARAM_Threads                                 1
CPXPARAM_TimeLimit                               900
Tried aggregator 2 times.
MIP Presolve eliminated 0 rows and 1119 columns.
MIP Presolve modified 786 coefficients.
Aggregator did 270 substitutions.
Reduced MIP has 840 rows, 7380 columns, and 14730 nonzeros.
Reduced MIP has 7110 binaries, 0 generals, 0 SOSs, and 180 indicators.
Presolve time = 0.03 sec. (24.72 ticks)
Probing fixed 0 vars, tightened 106 bounds.
Probing changed sense of 90 constraints.
Probing time = 0.06 sec. (57.19 ticks)
Tried aggregator 1 time.
Detecting symmetries...
MIP Presolve eliminated 540 rows and 630 columns.
Reduced MIP has 300 rows, 6750 columns, and 13470 nonzeros.
Reduced MIP has 6750 binaries, 0 generals, 0 SOSs, and 0 indicators.
Presolve time = 0.02 sec. (21.97 ticks)
Probing time = 0.00 sec. (3.36 ticks)
Clique table members: 1332.
MIP emphasis: balance optimality and feasibility.
MIP search method: dynamic search.
Parallel mode: none, using 1 thread.
Root relaxation solution time = 0.01 sec. (25.59 ticks)

        Nodes                                         Cuts/
   Node  Left     Objective  IInf  Best Integer    Best Bound    ItCnt     Gap

      0     0    62547.0816   135                  62547.0816      866         
      0     0    62579.6491   197                   Cuts: 167     1650         
      0     0    62602.8193   231                   Cuts: 175     2319         
      0     0    62627.9409   232                   Cuts: 175     2957         
      0     0    62637.8668   202                   Cuts: 175     3544         
      0     0    62653.7690   222                   Cuts: 172     4217         
      0     0    62685.3116   280                   Cuts: 169     6133         
      0     0    62698.4641   330                   Cuts: 175     6711         
      0     0    62715.3139   243                   Cuts: 175     7530         
      0     0    62722.2753   288                   Cuts: 175     8074         
      0     0    62729.9113   226                   Cuts: 175     8738         
      0     0    62732.7722   254                   Cuts: 175     9270         
      0     0    62739.2954   196                   Cuts: 111     9857         
      0     0    62748.7300   273                   Cuts: 149    10659         
      0     0    62752.8079   276                   Cuts: 126    11355         
*     0+    0                        86218.0000    62752.8079            27.22%
*     0+    0                        76591.0000    62752.8079            18.07%
*     0+    0                        75842.0000    62752.8079            17.26%
*     0+    0                        75783.0000    62752.8079            17.19%
      0     0  -1.00000e+75     0    75783.0000    62752.8079    11355   17.19%
      0     2    62752.8079   195    75783.0000    62754.7329    11355   17.19%
Elapsed time = 1.97 sec. (2574.66 ticks, tree = 0.01 MB, solutions = 4)
     48    50    62785.5739   145    75783.0000    62767.2497    12401   17.18%
    100   102    62792.1942   145    75783.0000    62767.2497    13761   17.18%
    188   190    62848.7747   107    75783.0000    62767.2497    15327   17.18%
    242   244    62916.8609   110    75783.0000    62767.2497    16356   17.18%
    330   328    64407.6345   101    75783.0000    62767.2497    18082   17.18%
    446   443    66495.5987    74    75783.0000    62767.2497    19976   17.18%

Performing restart 1

Repeating presolve.
Tried aggregator 1 time.
MIP Presolve modified 1254 coefficients.
Reduced MIP has 300 rows, 6750 columns, and 13470 nonzeros.
Reduced MIP has 6750 binaries, 0 generals, 0 SOSs, and 0 indicators.
Presolve time = 0.02 sec. (17.55 ticks)
Tried aggregator 1 time.
MIP Presolve modified 948 coefficients.
Reduced MIP has 300 rows, 6750 columns, and 13470 nonzeros.
Reduced MIP has 6750 binaries, 0 generals, 0 SOSs, and 0 indicators.
Presolve time = 0.02 sec. (20.76 ticks)
Represolve time = 0.15 sec. (122.27 ticks)
    509     0    62549.4244   225    75783.0000     Cuts: 175    24055   17.18%
    509     0    62572.6672   278    75783.0000     Cuts: 175    24643   17.18%
    509     0    62617.4148   304    75783.0000     Cuts: 171    25440   17.18%
*   509+    0                        73084.0000    62767.2497            14.12%
*   509+    0                        72622.0000    62767.2497            13.57%
*   509+    0                        71922.0000    62767.2497            12.73%
    509     0  -1.00000e+75     0    71922.0000    62767.2497    25440   12.73%
    509     0    62694.3229   351    71922.0000     Cuts: 172    26126   12.73%
    509     0    62761.8150   246    71922.0000     Cuts: 175    27043   12.73%
    509     0    62773.7896   268    71922.0000     Cuts: 175    28067   12.72%
    509     0    62775.6518   291    71922.0000     Cuts: 155    28650   12.72%
    509     0    62780.5124   280    71922.0000     Cuts: 149    29459   12.71%
    509     0    62783.9235   283    71922.0000     Cuts: 159    30149   12.71%
    509     0    62786.2353   314    71922.0000     Cuts: 170    30847   12.70%
    509     0    62789.2246   294    71922.0000     Cuts: 127    31451   12.70%
    509     0    62792.1501   319    71922.0000     Cuts: 117    32038   12.69%
    509     0    62794.2097   301    71922.0000     Cuts: 132    32614   12.69%
    509     0    62796.1472   305    71922.0000     Cuts: 113    33311   12.69%
    509     0    62798.6591   296    71922.0000     Cuts: 118    33861   12.69%
    509     0    62799.4040   261    71922.0000      Cuts: 88    34309   12.68%
    509     0    62800.5179   320    71922.0000     Cuts: 139    34876   12.68%
    509     0    62801.4690   280    71922.0000     Cuts: 103    35289   12.68%
    509     0    62802.0438   300    71922.0000     Cuts: 127    35719   12.68%
    509     2    62802.0438   194    71922.0000    62802.4009    35719   12.68%
    510     3    62804.6325   198    71922.0000    62804.7821    35763   12.68%
    513     6    62813.7129   187    71922.0000    62808.3280    35982   12.67%
    525    18    62882.5816   207    71922.0000    62808.3280    38441   12.67%
Elapsed time = 10.78 sec. (13848.10 ticks, tree = 0.12 MB, solutions = 7)
    538    31    62961.3128   159    71922.0000    62808.3280    40831   12.67%
    594    87    63144.3265   126    71922.0000    62808.3280    43359   12.67%
    679   170    64149.5605   115    71922.0000    62808.3280    46524   12.67%
    752   236    62918.7621   162    71922.0000    62809.2829    49430   12.67%
    902   386    64170.9289   135    71922.0000    62809.2829    53914   12.67%
   1088   535    66539.0000    78    71922.0000    62809.2829    57013   12.67%
   1174   598    62823.8745   151    71922.0000    62823.9462    60909   12.65%
   1322   737    62927.3683   145    71922.0000    62824.4517    65519   12.65%
   1457   862    63296.8620    94    71922.0000    62825.3422    70612   12.65%
   1663  1063    64093.9619    97    71922.0000    62825.3948    75173   12.65%
Elapsed time = 17.99 sec. (23444.79 ticks, tree = 8.57 MB, solutions = 7)
   1825  1199    62843.5567   144    71922.0000    62826.2626    80468   12.65%
   2059  1421    62841.0831   172    71922.0000    62826.3217    86183   12.65%
   2255  1611    64435.5599   134    71922.0000    62826.9713    91018   12.65%
*  2309+ 1661                        71567.0000    62826.9713            12.21%
   2461  1809    64616.3173   109    71567.0000    62827.3644    96203   12.21%
   2703  2038    62933.3047   133    71567.0000    62827.4043   101052   12.21%
   2911  2233    62919.6185   170    71567.0000    62828.6213   106073   12.21%
   3067  2372    62833.3353   156    71567.0000    62830.4804   112249   12.21%
   3424  2729    65417.0000    85    71567.0000    62830.4804   116959   12.21%
   3679  2975    63092.2673   196    71567.0000    62831.1434   121915   12.21%
   3840  3126    62979.8348   182    71567.0000    62832.4184   128470   12.20%
Elapsed time = 25.23 sec. (33146.91 ticks, tree = 25.46 MB, solutions = 8)
   4086  3363    63121.8284   165    71567.0000    62832.8209   134471   12.20%
   4351  3616    63087.4112   170    71567.0000    62833.4996   139279   12.20%
   4641  3896    62868.9224   221    71567.0000    62834.1263   146527   12.20%
   4848  4095    62834.4586   198    71567.0000    62834.4243   152519   12.20%
   5062  4301    62949.8118   189    71567.0000    62834.4624   159008   12.20%
   5317  4552    63281.2324   149    71567.0000    62834.6887   163358   12.20%
   5607  4826    63839.4325   152    71567.0000    62834.9127   168997   12.20%
   5869  5078    64322.4737   114    71567.0000    62835.0004   174117   12.20%
   6119  5279    63509.8490   159    71567.0000    62835.3085   180967   12.20%
   6398  5545    67753.0000    74    71567.0000    62835.3085   187696   12.20%
Elapsed time = 32.80 sec. (43083.55 ticks, tree = 45.37 MB, solutions = 8)
   6600  5711    63477.7611   137    71567.0000    62835.4194   192878   12.20%
   7011  6116    67046.0000    86    71567.0000    62835.7089   199609   12.20%
   7354  6438    64546.0000    98    71567.0000    62836.0474   205297   12.20%
   7548  6597    64077.5294   116    71567.0000    62836.2151   212265   12.20%
   7806  6842    62990.4033   141    71567.0000    62836.4569   218671   12.20%
   8052  7073    62853.5537   163    71567.0000    62837.3475   225819   12.20%
   8239  7251    64757.6429   101    71567.0000    62837.3475   234427   12.20%
   8494  7492    63103.5461   138    71567.0000    62837.7130   239964   12.20%
   8509  7507    63530.6413   115    71567.0000    62837.7130   240223   12.20%
   8836  7817    62907.2194   167    71567.0000    62838.0170   246544   12.20%
Elapsed time = 41.47 sec. (54632.26 ticks, tree = 63.97 MB, solutions = 8)
   9083  8052    62858.9503   156    71567.0000    62838.3273   253139   12.20%
   9384  8344    63784.0000    66    71567.0000    62838.3641   260258   12.20%
   9747  8700    67143.0000    65    71567.0000    62838.4087   267536   12.20%
  10079  9025    66669.0000    85    71567.0000    62838.4087   272383   12.20%
  10370  9279    62857.3264   169    71567.0000    62838.9664   279446   12.20%
  10662  9540    63012.6215   160    71567.0000    62839.0498   287775   12.20%
* 10689+ 9565                        70787.0000    62839.0498            11.23%
* 10689+ 9565                        70778.0000    62839.0498            11.22%
* 10689+ 9565                        70740.0000    62839.0498            11.17%
* 10689+ 9565                        70426.0000    62839.0498            10.77%
* 10689+ 9565                        69419.0000    62839.0498             9.48%
* 10689+ 9565                        69409.0000    62839.0498             9.47%
* 10689+ 9565                        69379.0000    62839.0498             9.43%
* 10689+ 9565                        69378.0000    62839.0498             9.43%
* 10689+ 9565                        69339.0000    62839.0498             9.37%
* 10689+ 9565                        69299.0000    62839.0498             9.32%
* 10689+ 9565                        68838.0000    62839.0498             8.71%
* 10689+ 9565                        68245.0000    62839.0498             7.92%
  10689  9567    63283.5489   166    68245.0000    62839.0498   288580    7.92%
  10690  9568    62858.6892   189    68245.0000    62839.0509   288646    7.92%
* 10691+ 9567                        67802.0000    62839.0509             7.32%
  10691  9569    62906.3189   167    67802.0000    62839.1359   288872    7.32%
* 10791+ 9659                        67768.0000    62839.2747             7.27%
  10853  9721    63502.4649   119    67768.0000    62839.2747   293002    7.27%
Elapsed time = 68.49 sec. (87187.71 ticks, tree = 79.93 MB, solutions = 22)
  11270 10128    63733.0000   102    67768.0000    62839.6190   298190    7.27%
  11565 10409    63300.9673   134    67768.0000    62839.7836   306564    7.27%
  11958 10754    63087.1359   150    67768.0000    62839.9057   314427    7.27%
  12282 11064    63890.4375   141    67768.0000    62840.0132   319540    7.27%
  12549 11301    62999.7652   139    67768.0000    62840.2303   326851    7.27%
  12780 11494    62884.7857   195    67768.0000    62840.3126   336282    7.27%
  13109 11810    62933.4420   141    67768.0000    62840.4683   342314    7.27%
  13343 12029    63258.7831   156    67768.0000    62840.5714   347639    7.27%
  13699 12348    62905.2243   179    67768.0000    62840.8094   353950    7.27%
  14035 12672    62878.2727   147    67768.0000    62841.3544   357832    7.27%
Elapsed time = 75.68 sec. (96965.47 ticks, tree = 104.15 MB, solutions = 22)
  14322 12949    62865.9122   141    67768.0000    62841.5667   364345    7.27%
  14579 13194    62939.6988   164    67768.0000    62841.8165   369237    7.27%
  14884 13486    63434.9542   165    67768.0000    62841.8633   375719    7.27%
  15128 13718    63263.0878   172    67768.0000    62841.8904   380799    7.27%
  15538 14119    64820.0000    86    67768.0000    62841.9081   387512    7.27%
  15901 14476    63003.4497   163    67768.0000    62842.0693   394496    7.27%
  16101 14665    63384.1481   159    67768.0000    62842.0768   400688    7.27%
  16576 15123    62969.5554   165    67768.0000    62842.2076   405715    7.27%
  16809 15350    63453.5611   141    67768.0000    62842.2626   410764    7.27%
  17152 15671    63631.9325   120    67768.0000    62842.3739   416688    7.27%
Elapsed time = 82.74 sec. (106562.35 ticks, tree = 128.70 MB, solutions = 22)
  17479 15946    65398.0000   113    67768.0000    62842.4121   424613    7.27%
* 17509+15839                        67545.0000    62842.4121             6.96%
* 17509+15582                        67142.0000    62842.4121             6.40%
  17553 15616    62941.6748   189    67142.0000    62842.4429   427029    6.40%
  17803 15850    64175.2174   102    67142.0000    62842.5791   432382    6.40%
  18176 16199    62955.9785   145    67142.0000    62843.1405   437812    6.40%
  18416 16421    infeasible          67142.0000    62843.1992   443490    6.40%
  18509 16482    63218.5525   143    67142.0000    62843.3217   447685    6.40%
  18886 16849    64535.1429   108    67142.0000    62843.4981   453096    6.40%
  19320 17274    63317.0817   114    67142.0000    62843.5772   458978    6.40%
  19505 17450    62850.2275   160    67142.0000    62843.6570   464353    6.40%
* 19709+17515                        66955.0000    62843.7437             6.14%
  19830 17635    62923.2485   144    66955.0000    62843.7580   469495    6.14%
Elapsed time = 90.98 sec. (117749.31 ticks, tree = 145.49 MB, solutions = 25)
  20069 17865    62941.7965   172    66955.0000    62843.7729   473799    6.14%
  20335 18093    62959.7964   143    66955.0000    62843.8667   481648    6.14%
  20724 18464    63589.9566   145    66955.0000    62844.1509   486845    6.14%
  20909 18614    62956.1476   220    66955.0000    62844.2027   495057    6.14%
  21081 18782    62859.5574   169    66955.0000    62844.2082   498175    6.14%
  21374 19052    62940.2466   178    66955.0000    62844.4636   504211    6.14%
  21789 19451    63558.1798    92    66955.0000    62844.5345   509723    6.14%
  21967 19617    62912.9051   181    66955.0000    62844.5599   515501    6.14%
  22309 19951    65918.0000   116    66955.0000    62844.5764   522479    6.14%
* 22509+19532                        66565.0000    62844.5884             5.59%
* 22509+19139                        66205.0000    62844.5884             5.08%
  23429 20018    63676.0000    94    66205.0000    62844.9787   543031    5.08%
Elapsed time = 100.18 sec. (130196.04 ticks, tree = 165.00 MB, solutions = 27)
* 23509+19607                        65744.0000    62844.9787             4.41%
* 23509+18181                        65060.0000    62844.9787             3.40%
  24080 18729    64407.0000   106    65060.0000    62844.9787   557542    3.40%
  25139 19706    63031.7540   157    65060.0000    62844.9787   579361    3.40%
  26348 20878    62986.4367   158    65060.0000    62844.9899   601657    3.40%
* 26509+20901                        64968.0000    62844.9899             3.27%
* 26509+20795                        64907.0000    62844.9899             3.18%
  26784 21056    62844.9899   187    64907.0000    62844.9899   612135    3.18%
  27628 21862    62878.4183   160    64907.0000    62844.9899   628719    3.18%
  28786 22975        cutoff          64907.0000    62845.1084   649996    3.18%
  29702 23845    62885.6936   197    64907.0000    62845.1434   672708    3.18%
  30611 24710    62920.4578   172    64907.0000    62845.2858   697967    3.18%
* 31509+25554                        64887.0000    62845.4542             3.15%
* 31509+25177                        64795.0000    62845.4542             3.01%
* 31509+22958                        64219.0000    62845.4542             2.14%
  31509 22960    62981.4552   153    64219.0000    62845.4542   715975    2.14%
  32763 24156    63783.3105   136    64219.0000    62845.4542   734689    2.14%
Elapsed time = 130.12 sec. (170006.95 ticks, tree = 198.82 MB, solutions = 34)
  34092 25415    63016.4896   156    64219.0000    62845.5397   754663    2.14%
  35256 26517    62884.8255   122    64219.0000    62845.5633   777532    2.14%
  35575 26819    63490.6887   154    64219.0000    62845.6679   782992    2.14%
  36850 28043    62994.0243   129    64219.0000    62845.7358   804600    2.14%
  38047 29169    62883.0303   168    64219.0000    62845.9097   826370    2.14%
* 38709+29487                        64182.0000    62845.9097             2.08%
  39298 30038    64112.0000   129    64182.0000    62845.9733   849330    2.08%
  40447 31132    63090.6738   156    64182.0000    62846.0635   875368    2.08%
  41569 32200    62978.4205   152    64182.0000    62846.3233   897467    2.08%
  42737 33313    63582.2066   175    64182.0000    62846.5016   919803    2.08%
  43853 34370    62853.2844   174    64182.0000    62846.5809   940475    2.08%
Elapsed time = 158.63 sec. (208278.50 ticks, tree = 283.99 MB, solutions = 35)
  44920 35391    63650.9070   139    64182.0000    62846.5809   963580    2.08%
* 45509+35666                        64149.0000    62846.5809             2.03%
  45509 35668    64083.9451   148    64149.0000    62846.5809   977342    2.03%
  46728 36818    62944.0121   171    64149.0000    62846.5878   999815    2.03%
  47849 37890    63058.0751   175    64149.0000    62846.6641  1020450    2.03%
  48833 38826    62857.6993   160    64149.0000    62846.7105  1038609    2.03%
  50148 40078    62930.6154   140    64149.0000    62846.7780  1059081    2.03%
  51250 41137    63467.4286   136    64149.0000    62846.9023  1081293    2.03%
  51966 41826    64029.2670   178    64149.0000    62846.9804  1099551    2.03%
  53060 42866    63075.6176   133    64149.0000    62847.1793  1122485    2.03%
  54188 43944    infeasible          64149.0000    62847.1793  1146361    2.03%
Elapsed time = 188.12 sec. (247475.92 ticks, tree = 362.49 MB, solutions = 36)
  55333 45043    63564.3878   125    64149.0000    62847.2366  1169465    2.03%
  56252 45923    63616.3718   126    64149.0000    62847.3547  1185187    2.03%
  57416 47034    63027.5973   160    64149.0000    62847.6113  1210108    2.03%
  58670 48227    63819.1798   156    64149.0000    62847.6626  1232708    2.03%
  60162 49656    63775.1875   153    64149.0000    62847.7195  1258136    2.03%
* 60509+49407                        64085.0000    62847.7764             1.93%
* 60509+48914                        64032.0000    62847.7764             1.85%
  60854 49247    63092.0361   198    64032.0000    62847.7857  1275175    1.85%
  61509 49865    62947.8157   145    64032.0000    62847.7878  1284899    1.85%
  62779 51060    62907.1831   117    64032.0000    62847.9335  1309765    1.85%
  63862 52076    63490.9000   114    64032.0000    62848.2391  1333603    1.85%
  65070 53219    62958.1259   150    64032.0000    62848.3620  1358871    1.85%
Elapsed time = 217.19 sec. (286331.66 ticks, tree = 438.46 MB, solutions = 38)
  66170 54246    63116.0788   174    64032.0000    62848.6004  1385699    1.85%
  67545 55543    63351.5282   125    64032.0000    62848.7068  1409216    1.85%
  68799 56738    63601.1306   136    64032.0000    62848.8241  1434917    1.85%
  69890 57751    63025.6107   194    64032.0000    62848.9435  1453935    1.85%
  71208 59020    63767.2766   175    64032.0000    62849.0899  1477999    1.85%
  71994 59759    63674.6967   233    64032.0000    62849.2237  1503336    1.85%
  72509 60246    63531.9467   139    64032.0000    62849.3153  1525331    1.85%
  73109 60811    62977.8353   254    64032.0000    62849.3865  1551772    1.85%
  73586 61263    62899.4076   216    64032.0000    62849.5196  1579838    1.85%
  74131 61784        cutoff          64032.0000    62849.6135  1607850    1.85%
Elapsed time = 248.37 sec. (326875.47 ticks, tree = 510.26 MB, solutions = 38)
  74640 62278    62991.9387   166    64032.0000    62849.6358  1632610    1.85%
  75170 62782    63141.7505   220    64032.0000    62849.6390  1660486    1.85%
  75526 63122    62969.1905   217    64032.0000    62849.6639  1671797    1.85%
  76144 63709    63032.7577   228    64032.0000    62849.7631  1697120    1.85%
  76836 64349    63778.8645   228    64032.0000    62849.9483  1724998    1.85%
  77358 64838    62936.4602   194    64032.0000    62849.9939  1747137    1.85%
  77811 65279    63772.5161   224    64032.0000    62850.0448  1775317    1.85%
  78428 65863    62985.8548   250    64032.0000    62850.1322  1800009    1.85%
  78941 66345    63743.1638   204    64032.0000    62850.1414  1828748    1.85%
  79509 66893    63072.3368   170    64032.0000    62850.1598  1852363    1.85%
Elapsed time = 280.72 sec. (368221.50 ticks, tree = 558.64 MB, solutions = 38)
  80074 67440    63000.6924   146    64032.0000    62850.1878  1876445    1.85%
  80376 67718    62919.8666   185    64032.0000    62850.1878  1901979    1.85%
  80705 68029    63218.4074   206    64032.0000    62850.2031  1927659    1.85%
  81120 68420    63003.2002   289    64032.0000    62850.2488  1952251    1.85%
  81463 68737    62883.2521   245    64032.0000    62850.2845  1975988    1.85%
  81509 68783    62984.1782   224    64032.0000    62850.2845  1979125    1.85%
  81851 69107    62989.4694   253    64032.0000    62850.3112  2005924    1.85%
  82088 69331    63321.5630   200    64032.0000    62850.3112  2029611    1.85%
  82426 69640    62998.5269   222    64032.0000    62850.3112  2055124    1.85%
  82757 69956    62989.5852   275    64032.0000    62850.3163  2081087    1.85%
Elapsed time = 312.64 sec. (407902.40 ticks, tree = 587.34 MB, solutions = 38)
  82926 70115    62873.7247   325    64032.0000    62850.3282  2102731    1.85%
  83222 70401        cutoff          64032.0000    62850.3282  2128525    1.85%
  83492 70661    63130.1452   301    64032.0000    62850.3558  2149972    1.85%
  83524 70693    63374.5486   278    64032.0000    62850.3558  2154866    1.85%
  83767 70921    63603.5961   241    64032.0000    62850.3951  2179493    1.85%
  84177 71313    63725.0000   163    64032.0000    62850.3951  2207071    1.85%
  84524 71642    63489.0582   257    64032.0000    62850.6125  2230787    1.84%
  84815 71927    63565.8750   193    64032.0000    62850.6338  2258192    1.84%
  85037 72140    63015.2279   271    64032.0000    62850.7326  2281295    1.84%
  85410 72493    62862.8309   336    64032.0000    62850.7523  2305532    1.84%
Elapsed time = 343.81 sec. (446448.42 ticks, tree = 612.82 MB, solutions = 38)
  85754 72825    62911.6766   294    64032.0000    62850.7567  2331083    1.84%
  85947 73012    63024.1305   284    64032.0000    62850.7792  2356501    1.84%
  86325 73378    63681.0000   131    64032.0000    62850.8359  2380920    1.84%
  86509 73551    63071.1436   275    64032.0000    62850.8644  2399342    1.84%
  86794 73816    62907.3319   355    64032.0000    62850.8813  2423010    1.84%
  87103 74116        cutoff          64032.0000    62850.8813  2448905    1.84%
  87378 74377    63053.0076   259    64032.0000    62850.9682  2468960    1.84%
  87784 74766    63009.5135   274    64032.0000    62850.9981  2490608    1.84%
  88155 75106    62879.7818   380    64032.0000    62851.0261  2510459    1.84%
  88597 75539    63638.0000   148    64032.0000    62851.0391  2534136    1.84%
Elapsed time = 379.35 sec. (489852.49 ticks, tree = 645.81 MB, solutions = 38)
  88832 75761    63275.8889   223    64032.0000    62851.0532  2556592    1.84%
  89032 75950    63806.2857   238    64032.0000    62851.0927  2576940    1.84%
  89325 76229    63878.8451   174    64032.0000    62851.0973  2599088    1.84%
  89509 76397    63418.5254   248    64032.0000    62851.0973  2615460    1.84%
  89824 76693    62961.0632   391    64032.0000    62851.1111  2640265    1.84%
  90092 76942        cutoff          64032.0000    62851.1499  2661629    1.84%
  90330 77173    62898.5972   318    64032.0000    62851.2440  2689561    1.84%
  90648 77484    63205.0055   292    64032.0000    62851.2440  2708391    1.84%
  90950 77764    62907.4981   359    64032.0000    62851.2440  2723403    1.84%
  91246 78048    62907.0434   363    64032.0000    62851.2440  2741558    1.84%
Elapsed time = 414.42 sec. (533475.06 ticks, tree = 676.55 MB, solutions = 38)
  91435 78223    62909.4810   337    64032.0000    62851.2690  2757883    1.84%
  91657 78434    63619.4565   283    64032.0000    62851.2752  2775602    1.84%
  91837 78592    63099.1157   377    64032.0000    62851.2752  2794971    1.84%
  92109 78835    62930.1558   339    64032.0000    62851.3123  2815488    1.84%
  92482 79202    63640.8599   255    64032.0000    62851.3123  2835460    1.84%
  92509 79229    63717.8000   224    64032.0000    62851.3123  2836229    1.84%
  92791 79496    62926.1479   389    64032.0000    62851.3373  2860764    1.84%
  92918 79617    62900.3156   300    64032.0000    62851.3432  2880247    1.84%
  93159 79849    63019.7199   316    64032.0000    62851.3998  2899485    1.84%
  93420 80098    63633.8556   176    64032.0000    62851.3998  2918803    1.84%
Elapsed time = 439.62 sec. (575176.53 ticks, tree = 703.62 MB, solutions = 38)
  93537 80207    62956.6803   337    64032.0000    62851.4290  2940222    1.84%
  93744 80406    63317.6128   235    64032.0000    62851.4290  2957087    1.84%
  94018 80666    63149.9989   272    64032.0000    62851.4308  2974001    1.84%
  94186 80823    63358.7122   300    64032.0000    62851.4978  2990848    1.84%
  94373 80999    62911.8897   328    64032.0000    62851.5457  3010125    1.84%
  94509 81128    63544.4631   238    64032.0000    62851.5457  3024421    1.84%
  94684 81295    63274.9810   316    64032.0000    62851.5457  3045166    1.84%
  94856 81454    62907.0693   288    64032.0000    62851.5724  3065027    1.84%
  95102 81690    63900.6667   177    64032.0000    62851.5772  3082585    1.84%
  95341 81921    64010.0000   152    64032.0000    62851.5776  3105218    1.84%
Elapsed time = 464.47 sec. (616829.67 ticks, tree = 728.25 MB, solutions = 38)
  95465 82037    63608.7470   266    64032.0000    62851.5817  3127448    1.84%
  95509 82075    62932.0173   333    64032.0000    62851.5828  3133845    1.84%
  95698 82257    62998.7962   298    64032.0000    62851.5828  3148378    1.84%
  95929 82471    62915.4553   411    64032.0000    62851.6163  3169165    1.84%
  96014 82556    63487.0125   224    64032.0000    62851.6163  3188480    1.84%
  96241 82766    63646.8173   218    64032.0000    62851.6171  3210969    1.84%
  96497 82998    62949.9870   345    64032.0000    62851.6171  3227766    1.84%
  96793 83285    62941.0169   370    64032.0000    62851.6443  3248112    1.84%
  96857 83345    63506.8909   275    64032.0000    62851.6443  3268595    1.84%
  97149 83627    62925.2585   342    64032.0000    62851.6745  3291475    1.84%
Elapsed time = 489.24 sec. (657880.26 ticks, tree = 752.01 MB, solutions = 38)
  97271 83742    63001.1603   380    64032.0000    62851.6946  3312136    1.84%
  97423 83891    63017.3802   337    64032.0000    62851.6993  3330915    1.84%
  97541 84001    63132.0012   260    64032.0000    62851.7422  3347990    1.84%
  97646 84094    62884.8474   341    64032.0000    62851.7496  3367766    1.84%
  97761 84201    62869.3135   372    64032.0000    62851.7496  3384939    1.84%
  98001 84430    63187.4459   346    64032.0000    62851.7497  3403477    1.84%
  98216 84613    63023.4880   364    64032.0000    62851.7497  3421515    1.84%
  98509 84893    63858.0000    76    64032.0000    62851.7518  3438205    1.84%
  98670 85043    63508.2997   295    64032.0000    62851.7647  3459585    1.84%
  98789 85156    63305.3376   277    64032.0000    62851.8479  3478281    1.84%
Elapsed time = 515.36 sec. (700917.86 ticks, tree = 773.93 MB, solutions = 38)
  98968 85317    62970.1657   361    64032.0000    62851.8479  3497900    1.84%
  99139 85479    63083.7270   330    64032.0000    62851.8595  3517991    1.84%
  99369 85700    63605.3047   208    64032.0000    62851.8613  3538033    1.84%
  99414 85742    63134.3648   201    64032.0000    62851.8747  3553247    1.84%
  99509 85822    62953.7575   288    64032.0000    62851.8747  3569691    1.84%
  99689 85998    63647.6851   209    64032.0000    62851.8747  3590783    1.84%
  99886 86186    62933.8067   391    64032.0000    62851.8747  3604176    1.84%
 100008 86300    62938.6137   356    64032.0000    62851.8747  3621505    1.84%
 100222 86504    62869.5855   400    64032.0000    62851.8754  3639970    1.84%
 100403 86680    63491.9485   282    64032.0000    62851.8754  3657302    1.84%
Elapsed time = 541.73 sec. (743824.54 ticks, tree = 796.38 MB, solutions = 38)
 100509 86780    63417.9832   296    64032.0000    62851.8754  3673813    1.84%
 100698 86962    62961.7246   341    64032.0000    62851.8754  3692784    1.84%
 100922 87181    63524.3846   176    64032.0000    62851.8754  3709555    1.84%
 101104 87352        cutoff          64032.0000    62851.8754  3728497    1.84%
 101192 87428    62961.7515   340    64032.0000    62851.8754  3745583    1.84%
 101482 87699    infeasible          64032.0000    62851.8754  3764988    1.84%
 101602 87801    62962.8403   366    64032.0000    62851.8754  3781971    1.84%
 101742 87934    63342.7800   351    64032.0000    62851.8754  3797348    1.84%
 101862 88043    62945.9918   365    64032.0000    62851.8754  3815337    1.84%
 102047 88216    62946.3940   370    64032.0000    62851.8754  3831964    1.84%
Elapsed time = 569.57 sec. (789088.73 ticks, tree = 819.35 MB, solutions = 38)
 102144 88308    63218.7543   260    64032.0000    62851.8757  3845329    1.84%
 102330 88485        cutoff          64032.0000    62851.8763  3862946    1.84%
 102509 88657    63784.1500   163    64032.0000    62851.8771  3876340    1.84%
 102687 88817    62960.4288   336    64032.0000    62851.8921  3892098    1.84%
 102892 89012    63837.8839   267    64032.0000    62851.8921  3908375    1.84%
 103036 89142    62947.3386   358    64032.0000    62851.8921  3927217    1.84%
 103309 89407    63970.0000   106    64032.0000    62851.9021  3943805    1.84%
 103509 89603    63561.4000   204    64032.0000    62851.9133  3959954    1.84%
 103643 89724    62989.9520   318    64032.0000    62851.9636  3975416    1.84%
 103837 89909    63462.2320   289    64032.0000    62851.9636  3991894    1.84%
Elapsed time = 594.75 sec. (829872.79 ticks, tree = 845.33 MB, solutions = 38)
 103981 90044    62911.8266   442    64032.0000    62851.9695  4010173    1.84%
 104072 90131    62901.1237   416    64032.0000    62851.9827  4023720    1.84%
 104147 90206    63560.5344   242    64032.0000    62851.9827  4039176    1.84%
 104329 90370    63272.3314   307    64032.0000    62851.9827  4057594    1.84%
 104432 90469    62954.7870   361    64032.0000    62851.9890  4075157    1.84%
 104509 90542    62941.0163   370    64032.0000    62852.0081  4086108    1.84%
 104582 90613    63503.2857   220    64032.0000    62852.0081  4102738    1.84%
 104754 90773    63090.8472   382    64032.0000    62852.0275  4119804    1.84%
 104862 90874    62995.4000   243    64032.0000    62852.0275  4135013    1.84%
 105004 91004    62994.6169   258    64032.0000    62852.0381  4153669    1.84%
Elapsed time = 619.80 sec. (870945.60 ticks, tree = 862.51 MB, solutions = 38)
 105125 91115    62930.7686   373    64032.0000    62852.0403  4175239    1.84%
 105346 91333    62974.7951   269    64032.0000    62852.0403  4189527    1.84%
 105446 91426    63933.5987   261    64032.0000    62852.0403  4205717    1.84%
 105509 91470    62902.5663   425    64032.0000    62852.0403  4212918    1.84%
 105779 91732        cutoff          64032.0000    62852.0403  4226249    1.84%
 105889 91837    62936.1942   377    64032.0000    62852.0403  4241739    1.84%
 106010 91952    62981.7396   385    64032.0000    62852.0708  4256784    1.84%
 106098 92031    62983.9106   299    64032.0000    62852.0708  4273570    1.84%
 106195 92117    62923.9427   359    64032.0000    62852.0708  4290193    1.84%
 106328 92245    63600.7500   182    64032.0000    62852.1171  4308243    1.84%
Elapsed time = 645.29 sec. (911819.39 ticks, tree = 882.36 MB, solutions = 38)
 106393 92304    63670.0000   173    64032.0000    62852.1171  4329419    1.84%
 106430 92334    63164.9025   345    64032.0000    62852.1171  4340954    1.84%
 106509 92413    63973.3651   219    64032.0000    62852.1171  4351911    1.84%
 106759 92649    62918.1715   406    64032.0000    62852.1171  4366682    1.84%
 106941 92827    62978.7248   369    64032.0000    62852.1171  4382244    1.84%
 107099 92961    62944.0427   370    64032.0000    62852.1171  4400021    1.84%
 107316 93170    63658.3333   124    64032.0000    62852.1249  4414870    1.84%
 107509 93355    63014.1814   322    64032.0000    62852.1255  4426922    1.84%
 107802 93627    infeasible          64032.0000    62852.1259  4448267    1.84%
 107856 93681    63025.7497   359    64032.0000    62852.1399  4463958    1.84%
Elapsed time = 671.39 sec. (953374.46 ticks, tree = 905.49 MB, solutions = 38)
 107960 93776    63599.9000   214    64032.0000    62852.1399  4480271    1.84%
 108049 93859    63570.1291   269    64032.0000    62852.1399  4498479    1.84%
 108143 93947    63548.7857   284    64032.0000    62852.1399  4512327    1.84%
 108213 94008    63015.6385   279    64032.0000    62852.1425  4526294    1.84%
 108349 94136    63267.5597   301    64032.0000    62852.1450  4542855    1.84%
 108509 94279    63606.8182   205    64032.0000    62852.1596  4557698    1.84%
 108624 94390    63319.7508   298    64032.0000    62852.1596  4573796    1.84%
 108730 94488    63670.0000   190    64032.0000    62852.1596  4590190    1.84%
 108832 94586    63354.6514   253    64032.0000    62852.1596  4610813    1.84%
 108870 94620    63072.5150   422    64032.0000    62852.1734  4629734    1.84%
Elapsed time = 697.19 sec. (995071.05 ticks, tree = 920.90 MB, solutions = 38)
 108956 94698    62915.7598   355    64032.0000    62852.1853  4646063    1.84%
 109022 94759    63806.3107   262    64032.0000    62852.1853  4661048    1.84%
 109272 94998    63571.5729   207    64032.0000    62852.1853  4677000    1.84%
 109485 95196    62961.0980   352    64032.0000    62852.1853  4699230    1.84%
 109509 95220    63036.1786   299    64032.0000    62852.1853  4704303    1.84%
 109612 95316    63532.6864   283    64032.0000    62852.1853  4720663    1.84%
 109697 95393    62986.0690   295    64032.0000    62852.1853  4738716    1.84%
 109874 95562    62967.2795   299    64032.0000    62852.1853  4755764    1.84%
 110075 95753    63550.5701   245    64032.0000    62852.1853  4772639    1.84%
 110195 95866    63665.3856   288    64032.0000    62852.1866  4789751    1.84%
Elapsed time = 722.12 sec. (1034706.62 ticks, tree = 941.57 MB, solutions = 38)
 110375 96027    62951.7908   396    64032.0000    62852.1866  4805773    1.84%
 110524 96170    62974.1785   381    64032.0000    62852.1866  4819855    1.84%
 110642 96284    63052.3069   377    64032.0000    62852.1976  4837878    1.84%
 110728 96363    62966.6835   314    64032.0000    62852.1996  4854153    1.84%
 110909 96537    63053.7065   258    64032.0000    62852.2077  4872040    1.84%
 111044 96664    63833.6789   280    64032.0000    62852.2098  4891430    1.84%
 111239 96851    63772.0000   169    64032.0000    62852.2323  4910643    1.84%
 111374 96976    63179.5776   304    64032.0000    62852.2323  4933753    1.84%
 111509 97107    63479.6794   179    64032.0000    62852.2505  4950974    1.84%
 111827 97410    63115.2344   355    64032.0000    62852.2519  4974844    1.84%
Elapsed time = 749.41 sec. (1077779.88 ticks, tree = 967.45 MB, solutions = 38)
 112047 97620    63665.0000   155    64032.0000    62852.2519  4993570    1.84%
 112130 97699    63068.5737   288    64032.0000    62852.2519  5012227    1.84%
 112302 97857    63629.9091   214    64032.0000    62852.2685  5032580    1.84%
 112509 98053    62916.2344   414    64032.0000    62852.3734  5051009    1.84%
 112682 98218    63152.8326   335    64032.0000    62852.3734  5070763    1.84%
 112755 98287    63187.6513   295    64032.0000    62852.3734  5089641    1.84%
 112909 98429    63347.4400   274    64032.0000    62852.3790  5109163    1.84%
 112988 98501    63002.3300   287    64032.0000    62852.3869  5129978    1.84%
 113189 98690    63483.2903   230    64032.0000    62852.3921  5149850    1.84%
 113326 98820    63548.0005   221    64032.0000    62852.4218  5169979    1.84%
Elapsed time = 775.71 sec. (1119601.50 ticks, tree = 991.10 MB, solutions = 38)
 113413 98891    62924.5718   384    64032.0000    62852.4636  5190356    1.84%
 113536 99010    62939.0370   382    64032.0000    62852.4804  5207473    1.84%
 113769 99239    63459.1626   268    64032.0000    62852.4898  5226336    1.84%
 113907 99368    infeasible          64032.0000    62852.5143  5247923    1.84%
 114018 99470    63988.6941   245    64032.0000    62852.5978  5268400    1.84%
 114224 99658    63599.5000   205    64032.0000    62852.6134  5289003    1.84%
 114373 99793    63201.4810   306    64032.0000    62852.6134  5307127    1.84%
 114459 99868        cutoff          64032.0000    62852.6134  5327284    1.84%
 114520 99925        cutoff          64032.0000    62852.6309  5344073    1.84%
 114687 100066    62934.9898   417    64032.0000    62852.7131  5365435    1.84%
Elapsed time = 799.95 sec. (1158931.30 ticks, tree = 1011.98 MB, solutions = 38)
 114909 100280    63151.3235   329    64032.0000    62852.7150  5383667    1.84%
 115067 100428    63669.3000   103    64032.0000    62852.7150  5402938    1.84%
 115247 100584    62932.8511   339    64032.0000    62852.7150  5425868    1.84%
 115476 100809    63681.0000   105    64032.0000    62852.7150  5448253    1.84%
Starting limited solution polishing.
 115609 100924    63158.1340   256    64032.0000    62852.7316  5464888    1.84%
 115809 101111    62942.5792   378    64032.0000    62852.7781  5477986    1.84%
 115982 101279    62918.1700   365    64032.0000    62852.7849  5489536    1.84%
 116009 101306    62956.6522   300    64032.0000    62852.7849  5490418    1.84%
*116109+97163                        63888.0000    62852.7849             1.62%
 116109 97165    62951.6734   381    63888.0000    62852.7849  5501337    1.62%
 116209 97257    63865.1667   212    63888.0000    62852.7849  5519444    1.62%
Elapsed time = 837.24 sec. (1214011.16 ticks, tree = 990.63 MB, solutions = 39)
*116309+93763                        63797.0000    62852.7849             1.48%
 116309 93763    63797.0000     0    63797.0000    62852.7849  5528344    1.48%
 116409 93861    63611.0000   184    63797.0000    62852.7849  5538491    1.48%
 116509 93961    63611.0000   169    63797.0000    62852.7849  5544046    1.48%
*116609+92219                        63763.0000    62852.8297             1.43%
 116609 92221    63559.3392   215    63763.0000    62852.8297  5551909    1.43%
 116709 92315    63015.6470   271    63763.0000    62852.8928  5563946    1.43%
 116890 92492    63598.3765   216    63763.0000    62852.9377  5580183    1.43%
 116909 92505    62912.5247   388    63763.0000    62853.0220  5582700    1.43%
 117009 92604    63654.6667   180    63763.0000    62853.0220  5593022    1.43%
 117209 92800    63054.9779   254    63763.0000    62853.0276  5605457    1.43%
 117309 92895    62967.4676   296    63763.0000    62853.0440  5617550    1.43%
Elapsed time = 879.49 sec. (1273554.24 ticks, tree = 950.06 MB, solutions = 41)
 117409 92991    63007.5404   323    63763.0000    62853.0447  5629547    1.43%
 117509 93090    63668.0000    51    63763.0000    62853.0447  5637145    1.43%
 117609 93182    63562.3712   271    63763.0000    62853.1045  5654472    1.43%
 117709 93276    63389.9524   175    63763.0000    62853.1422  5667653    1.43%

Clique cuts applied:  129
Cover cuts applied:  916
Implied bound cuts applied:  2
Flow cuts applied:  45
Mixed integer rounding cuts applied:  273
Zero-half cuts applied:  133
Gomory fractional cuts applied:  9

Root node processing (before b&c):
  Real time             =    1.94 sec. (2546.49 ticks)
Sequential b&c:
  Real time             =  898.07 sec. (1299571.96 ticks)
                          ------------
Total (root+branch&cut) =  900.00 sec. (1302118.46 ticks)
MIP: [1;32mCPLEX finished.[0m
MIP: [1;32mCPLEX status: Feasible[0m
MIP: [1;32mSolution: 
[10, 39, 18, 34, 48, 31, 32, 19, 47, 25, 40, 1, 41, 17, 31, 30, 8, 6, 30, 7, 38, 42, 37, 45, 35, 37, 49, 5, 33, 6, 23, 33, 38, 23, 43, 1, 45, 47, 40, 28, 41, 15, 20, 22, 14, 0, 46, 35, 49, 43, 10, 44, 20, 48, 9, 0, 14, 32, 36, 15, 7, 41, 27, 24, 29, 24, 33, 7, 21, 8, 39, 25, 22, 40, 21, 11, 5, 34, 43, 26, 14, 29, 42, 35, 18, 24, 34, 44, 21, 37][28, 14, -1, -1, -1, 33, 4, 29, 2, 32, 34, 6, -1, -1, 4, 18, -1, 27, 35, 15, 18, 36, 35, 27, 30, 21, 25, 25, 38, 21, 15, 33, 11, 6, 32, 22, 36, 8, 28, 17, 37, 14, 34, 5, 22, 38, 10, 17, 16, 12, -1][-1, -1, 26, -1, 18, 10, 24, -1, 7, -1, 3, 2, 6, -1, 22, 23, 24, 20, 12, -1, -1, 19, 5, -1, -1, 5, -1, 9, 13, 23, 2, -1, 27, 3, 7, 26, 13, 6, 10][0m
MIP: [1;32mObjective value: 63763[0m
MIP: [1;32mLower Bound: 62853.1[0m
MIP: [1;32mBranch-and-Bound nodes: 117739[0m

# best solution:
best objective value:	63763
best dual bound value:	62853
optimality gap:	1.42716%
CPU time:	897.494
