ifile	/scratch/csagturk/mlbp_inst/n0100_m05__009.inst
prob	MLBP
threads	1
ttime	900
instance: /scratch/csagturk/mlbp_inst/n0100_m05__009.inst
	m=5, n=[100, 50, 33, 24, 18, 13]
MIP: [1;32minit CPLEX[0m
CAN: [1;35mcreated 8108 x_{ijk} variables[0m
CAN: [1;35mcreated 238 y_{ij} variables[0m
MIP: [1;32mcreated decision variables[0m
CAN: [1;35madded 100 constraints to enforce the packing of each item[0m
CAN: [1;35madded 125 constraints to enforce the packing of each item[0m
CAN: [1;35madded 138 capacity constraints[0m
MIP: [1;32mcreated constraints[0m
MIP: [1;32mcreated objective function[0m
MIP: [1;32mcalling CPLEX solve ...[0m
Version identifier: 22.1.0.0 | 2022-03-09 | 1a383f8ce
CPXPARAM_Threads                                 1
CPXPARAM_TimeLimit                               900
Tried aggregator 2 times.
MIP Presolve eliminated 0 rows and 1050 columns.
MIP Presolve modified 655 coefficients.
Aggregator did 375 substitutions.
Reduced MIP has 1113 rows, 8071 columns, and 16129 nonzeros.
Reduced MIP has 7696 binaries, 0 generals, 0 SOSs, and 246 indicators.
Presolve time = 0.02 sec. (26.26 ticks)
Probing fixed 0 vars, tightened 125 bounds.
Probing changed sense of 125 constraints.
Probing time = 0.07 sec. (53.26 ticks)
Tried aggregator 1 time.
MIP Presolve eliminated 750 rows and 875 columns.
Reduced MIP has 363 rows, 7196 columns, and 14379 nonzeros.
Reduced MIP has 7196 binaries, 0 generals, 0 SOSs, and 0 indicators.
Presolve time = 0.02 sec. (17.83 ticks)
Tried aggregator 1 time.
Detecting symmetries...
Reduced MIP has 363 rows, 7196 columns, and 14379 nonzeros.
Reduced MIP has 7196 binaries, 0 generals, 0 SOSs, and 0 indicators.
Presolve time = 0.02 sec. (16.62 ticks)
Probing time = 0.00 sec. (3.39 ticks)
Clique table members: 1731.
MIP emphasis: balance optimality and feasibility.
MIP search method: dynamic search.
Parallel mode: none, using 1 thread.
Root relaxation solution time = 0.02 sec. (28.55 ticks)

        Nodes                                         Cuts/
   Node  Left     Objective  IInf  Best Integer    Best Bound    ItCnt     Gap

      0     0    82081.6674   165                  82081.6674      836         
      0     0    82287.8473   278                   Cuts: 190     1347         
      0     0    82541.4667   229                   Cuts: 190     1861         
      0     0    82581.6220   288                   Cuts: 190     2407         
      0     0    82631.5632   348                   Cuts: 190     3178         
      0     0    82680.2627   362                   Cuts: 190     3903         
      0     0    82742.3431   353                   Cuts: 190     4572         
      0     0    82767.7908   354                   Cuts: 190     5259         
      0     0    82785.5477   355                   Cuts: 190     5941         
      0     0    82792.9098   361                   Cuts: 190     6615         
      0     0    82838.5056   329                   Cuts: 137     7263         
      0     0    82935.4481   331                   Cuts: 190     7962         
      0     0    82954.0980   331                   Cuts: 179     8838         
      0     0    83027.6530   398                   Cuts: 166     9485         
      0     0    83036.9300   440                   Cuts: 190    10015         
*     0+    0                       117164.0000    83036.9300            29.13%
*     0+    0                       112083.0000    83036.9300            25.91%
*     0+    0                       109907.0000    83036.9300            24.45%
*     0+    0                       109264.0000    83036.9300            24.00%
*     0+    0                       109192.0000    83036.9300            23.95%
*     0+    0                       108856.0000    83036.9300            23.72%
*     0+    0                       108851.0000    83036.9300            23.72%
      0     0  -1.00000e+75     0   108851.0000    83036.9300    10015   23.72%
      0     2    83036.9300   311   108851.0000    83037.2772    10015   23.71%
Elapsed time = 1.97 sec. (2664.41 ticks, tree = 0.01 MB, solutions = 7)
     20    22    83189.7103   204   108851.0000    83060.7053    11735   23.69%
     46    48    83595.4274   178   108851.0000    83060.7053    12951   23.69%
    106   108    84270.8999   127   108851.0000    83060.7053    14188   23.69%
    160   162    84491.4893   116   108851.0000    83060.7053    15024   23.69%
    240   242    84923.6076   103   108851.0000    83060.7053    16284   23.69%
    335   337    86458.3500   102   108851.0000    83060.7053    17815   23.69%
    392   378    83445.3933   232   108851.0000    83060.7578    19565   23.69%
    411   397    83850.0152   210   108851.0000    83060.7578    21289   23.69%
    454   440    84151.4205   139   108851.0000    83060.7578    23101   23.69%

Performing restart 1

Repeating presolve.
Tried aggregator 1 time.
MIP Presolve modified 1091 coefficients.
Reduced MIP has 363 rows, 7196 columns, and 14379 nonzeros.
Reduced MIP has 7196 binaries, 0 generals, 0 SOSs, and 0 indicators.
Presolve time = 0.02 sec. (18.76 ticks)
Tried aggregator 1 time.
MIP Presolve modified 795 coefficients.
Reduced MIP has 363 rows, 7196 columns, and 14379 nonzeros.
Reduced MIP has 7196 binaries, 0 generals, 0 SOSs, and 0 indicators.
Presolve time = 0.02 sec. (21.92 ticks)
Represolve time = 0.17 sec. (129.48 ticks)
    498     0    82706.9785   328   108851.0000     Cuts: 190    27151   23.69%
    498     0    82831.6087   341   108851.0000     Cuts: 190    27906   23.69%
    498     0    82972.2084   329   108851.0000     Cuts: 190    28576   23.69%
    498     0    83049.3423   380   108851.0000     Cuts: 187    29146   23.69%
    498     0    83096.6162   372   108851.0000     Cuts: 189    29758   23.66%
    498     0    83147.5042   373   108851.0000     Cuts: 171    30483   23.61%
    498     0    83155.1285   399   108851.0000     Cuts: 117    30904   23.61%
    498     0    83163.5428   369   108851.0000     Cuts: 150    31376   23.60%
    498     0    83225.0747   396   108851.0000     Cuts: 124    31904   23.54%
    498     0    83263.3404   355   108851.0000     Cuts: 118    32382   23.51%
    498     0    83273.1445   374   108851.0000     Cuts: 127    32857   23.50%
    498     0    83317.6634   356   108851.0000     Cuts: 122    33536   23.46%
    498     0    83334.1401   362   108851.0000     Cuts: 141    34053   23.44%
    498     0    83343.7544   347   108851.0000     Cuts: 145    34637   23.43%
    498     0    83350.8171   360   108851.0000     Cuts: 134    35316   23.43%
    498     0    83352.7855   331   108851.0000     Cuts: 137    35855   23.42%
    498     0    83355.3637   378   108851.0000     Cuts: 107    36549   23.42%
    498     0    83356.9346   331   108851.0000      Cuts: 85    36910   23.42%
    498     0    83364.4551   338   108851.0000     Cuts: 119    37405   23.41%
    498     0    83371.8765   375   108851.0000     Cuts: 129    37958   23.41%
    498     0    83373.3996   353   108851.0000     Cuts: 101    38569   23.41%
    498     0    83376.7867   348   108851.0000     Cuts: 131    39093   23.40%
    498     0    83382.2878   307   108851.0000      Cuts: 82    39522   23.40%
    498     0    83385.4592   341   108851.0000     Cuts: 125    39852   23.39%
    498     2    83385.4592   262   108851.0000    83385.5265    39852   23.39%
Elapsed time = 11.52 sec. (15905.03 ticks, tree = 0.01 MB, solutions = 7)
    503     7    83527.8991   202   108851.0000    83406.6578    40132   23.38%
    512    16    83589.5125   208   108851.0000    83406.6578    40548   23.38%
    526    30    84137.7951   205   108851.0000    83406.6578    42194   23.38%
    542    46    86684.5767   197   108851.0000    83406.6578    45152   23.38%
    573    77    86617.9752   197   108851.0000    83406.6578    48963   23.38%
    628   124        cutoff         108851.0000    83406.6578    55749   23.38%
    699   184    83502.6661   206   108851.0000    83407.5158    58851   23.37%
    746   231    85928.1097   204   108851.0000    83407.5158    62311   23.37%
    846   325    83443.0378   256   108851.0000    83418.2646    65465   23.36%
    900   379    83431.8885   240   108851.0000    83428.7598    68768   23.36%
Elapsed time = 16.78 sec. (26193.16 ticks, tree = 3.47 MB, solutions = 7)
    957   436    87686.7464   242   108851.0000    83428.7598    73007   23.36%
   1006   475    83436.4958   213   108851.0000    83434.6521    79113   23.35%
   1061   530    85420.1332   178   108851.0000    83434.6521    84107   23.35%
   1145   612    92142.3702   165   108851.0000    83434.6521    89130   23.35%
   1213   676    84192.5024   235   108851.0000    83435.2098    91418   23.35%
   1298   761    87846.3688   183   108851.0000    83435.2098    96219   23.35%
   1366   819    84773.6047   232   108851.0000    83436.5278   101075   23.35%
   1422   870    83584.3286   251   108851.0000    83436.6480   106124   23.35%
   1505   948    83540.9081   255   108851.0000    83443.1821   110294   23.34%
   1563  1000        cutoff         108851.0000    83443.1821   116814   23.34%
Elapsed time = 22.14 sec. (36314.05 ticks, tree = 9.42 MB, solutions = 7)
   1632  1065        cutoff         108851.0000    83443.4547   122041   23.34%
   1693  1121    84977.6915   239   108851.0000    83451.1573   126906   23.33%
   1758  1184    88547.7552   187   108851.0000    83451.1573   133244   23.33%
   1806  1222    83855.7856   224   108851.0000    83452.1738   139084   23.33%
   1980  1392    83459.9675   236   108851.0000    83453.4923   143089   23.33%
   2063  1473    87031.6118   155   108851.0000    83453.4923   149484   23.33%
   2111  1515    84988.4025   264   108851.0000    83456.4276   156015   23.33%
   2182  1582    86822.8050   217   108851.0000    83460.5402   159846   23.33%
   2276  1666    85931.4087   203   108851.0000    83463.1400   166321   23.32%
   2376  1766    89600.6324   169   108851.0000    83463.1400   171644   23.32%
Elapsed time = 27.40 sec. (46101.18 ticks, tree = 16.88 MB, solutions = 7)
   2459  1843    85478.9157   187   108851.0000    83464.8339   175401   23.32%
   2523  1899    85905.5791   173   108851.0000    83474.4031   182924   23.31%
   2663  2031    86374.9890   182   108851.0000    83474.8244   187716   23.31%
   2863  2230   100262.4500   113   108851.0000    83474.8244   192754   23.31%
*  2898+ 2263                       108467.0000    83474.8244            23.04%
   3050  2397    83860.0078   251   108467.0000    83476.7183   196158   23.04%
   3129  2474    91918.9570   160   108467.0000    83476.7183   204532   23.04%
   3162  2500    85887.9670   217   108467.0000    83477.8112   210704   23.04%
   3235  2570        cutoff         108467.0000    83477.8112   220304   23.04%
   3319  2646    86320.9776   207   108467.0000    83478.2878   227855   23.04%
   3378  2701    87355.7148   236   108467.0000    83478.4852   233003   23.04%
Elapsed time = 34.04 sec. (55879.96 ticks, tree = 26.16 MB, solutions = 8)
   3455  2772    84046.4866   202   108467.0000    83479.1747   239694   23.04%
   3548  2857    86801.1607   190   108467.0000    83480.1767   245841   23.04%
   3635  2937    87667.0680   184   108467.0000    83480.6402   251798   23.04%
   3711  3001    infeasible         108467.0000    83481.1673   258042   23.04%
   3752  3042    85837.7098   206   108467.0000    83481.9497   263541   23.03%
   3794  3080    86226.1474   241   108467.0000    83484.4987   270062   23.03%
   3821  3103    83782.5951   225   108467.0000    83484.9624   275016   23.03%
   3903  3180    83750.3868   257   108467.0000    83485.8945   281745   23.03%
   3957  3234    87112.2224   206   108467.0000    83485.8945   289976   23.03%
   4010  3278    83561.0415   289   108467.0000    83490.0565   298776   23.03%
Elapsed time = 42.62 sec. (66403.25 ticks, tree = 32.27 MB, solutions = 8)
   4096  3358    83805.3970   271   108467.0000    83490.8079   303601   23.03%
   4167  3423        cutoff         108467.0000    83490.8079   314166   23.03%
   4239  3493    88957.8509   266   108467.0000    83491.1841   321229   23.03%
   4269  3517    85288.1360   247   108467.0000    83494.4685   327001   23.02%
   4307  3549    84418.3099   259   108467.0000    83495.3823   334857   23.02%
   4390  3632    87118.8212   223   108467.0000    83495.3823   342436   23.02%
   4444  3674    83656.2908   267   108467.0000    83495.6627   351412   23.02%
   4498  3728    87258.0331   200   108467.0000    83495.6627   355667   23.02%
   4515  3739    85729.3193   222   108467.0000    83495.9516   363184   23.02%
   4721  3945    98798.1000   106   108467.0000    83495.9516   369348   23.02%
Elapsed time = 52.55 sec. (78987.34 ticks, tree = 39.97 MB, solutions = 8)
   4860  4071    84460.1223   230   108467.0000    83496.3425   373867   23.02%
   4918  4125    84899.3275   207   108467.0000    83497.2787   378815   23.02%
   4958  4159    85247.9748   208   108467.0000    83498.4694   384512   23.02%
   5035  4231    infeasible         108467.0000    83498.4694   392263   23.02%
   5075  4257    84118.8595   254   108467.0000    83499.0305   399769   23.02%
   5115  4293    83527.1224   265   108467.0000    83499.5518   405531   23.02%
   5178  4354    89233.1713   214   108467.0000    83499.5518   412531   23.02%
   5259  4429    infeasible         108467.0000    83501.9655   418342   23.02%
   5278  4446    86498.8240   232   108467.0000    83502.5938   422895   23.02%
   5312  4476    87819.4529   231   108467.0000    83502.5938   429075   23.02%
Elapsed time = 60.43 sec. (88784.20 ticks, tree = 46.43 MB, solutions = 8)
   5350  4510    84686.7896   270   108467.0000    83503.3187   434702   23.02%
   5403  4563    86046.9456   231   108467.0000    83503.3187   442097   23.02%
   5432  4589    89199.0824   182   108467.0000    83503.3187   449880   23.02%
   5575  4724    90027.9605   140   108467.0000    83503.3187   457210   23.02%
   5599  4740    84964.3698   274   108467.0000    83503.6982   460805   23.01%
   5648  4786    83518.1281   231   108467.0000    83506.1451   466198   23.01%
   5711  4847        cutoff         108467.0000    83506.1451   473367   23.01%
   5816  4946    83947.6281   279   108467.0000    83508.4171   479499   23.01%
   5858  4986    86539.0088   234   108467.0000    83508.4171   488051   23.01%
   5939  5061    83881.7493   208   108467.0000    83508.9089   493450   23.01%
Elapsed time = 68.49 sec. (98897.81 ticks, tree = 53.63 MB, solutions = 8)
   5977  5095    84977.7973   245   108467.0000    83509.2774   498258   23.01%
   6035  5151    86941.3272   188   108467.0000    83509.2774   504694   23.01%
   6080  5188    83906.7659   224   108467.0000    83509.4296   511157   23.01%
   6105  5207    83637.4597   303   108467.0000    83510.4984   516902   23.01%
   6209  5311    89963.9475   158   108467.0000    83510.4984   523157   23.01%
   6308  5406    87305.1981   191   108467.0000    83510.8970   528741   23.01%
   6443  5534    84701.7797   257   108467.0000    83512.1010   532967   23.01%
   6510  5601    87383.0560   199   108467.0000    83512.1010   538698   23.01%
   6599  5685    84268.9565   260   108467.0000    83513.8897   544882   23.01%
*  6698+ 5778                       107680.0000    83513.8897            22.44%
   6848  5920    94676.7143   155   107680.0000    83513.8897   570425   22.44%
Elapsed time = 78.68 sec. (111685.05 ticks, tree = 64.49 MB, solutions = 9)
   7639  6666    83967.6762   241   107680.0000    83514.5876   593276   22.44%
   7791  6806        cutoff         107680.0000    83514.8976   615687   22.44%
   7969  6968    86953.4008   213   107680.0000    83515.3090   637391   22.44%
   8069  7060    84882.4747   232   107680.0000    83515.7956   661064   22.44%
   8261  7233    85708.3531   218   107680.0000    83516.0232   686267   22.44%
*  8298+ 7264                       107580.0000    83516.0259            22.37%
   8421  7378    84548.6660   239   107580.0000    83516.1463   709133   22.37%
   8651  7589    83561.9327   252   107580.0000    83517.4297   736355   22.37%
   8877  7801    86890.7482   240   107580.0000    83517.8640   760458   22.37%
   9037  7947    83830.5945   270   107580.0000    83518.1281   785051   22.37%
   9227  8127    86122.8565   227   107580.0000    83518.2572   808376   22.37%
Elapsed time = 109.71 sec. (150524.76 ticks, tree = 93.00 MB, solutions = 10)
   9494  8384    88632.5815   138   107580.0000    83518.6499   833353   22.37%
*  9498+ 7975                        99806.0000    83518.6499            16.32%
*  9498+ 7967                        99277.0000    83518.6499            15.87%
   9652  8106    84143.4326   231    99277.0000    83518.6501   840529   15.87%
   9823  8262    83579.9149   267    99277.0000    83519.2099   865827   15.87%
   9960  8391    84813.6813   223    99277.0000    83519.7173   889815   15.87%
  10114  8526    83581.6396   268    99277.0000    83521.4120   918031   15.87%
  10395  8800    84643.2562   321    99277.0000    83523.8270   942398   15.87%
* 10458+ 8851                        99110.0000    83523.8270            15.73%
* 10458+ 8826                        99036.0000    83523.8270            15.66%
* 10458+ 8686                        98192.0000    83523.8270            14.94%
* 10458+ 8683                        97443.0000    83523.8270            14.28%
* 10458+ 8668                        97296.0000    83523.8270            14.15%
* 10458+ 8647                        96079.0000    83523.8270            13.07%
* 10458+ 8640                        95744.0000    83523.8270            12.76%
* 10458+ 8564                        95466.0000    83523.8270            12.51%
* 10458+ 8336                        94838.0000    83523.8270            11.93%
* 10458+ 8180                        94187.0000    83523.8270            11.32%
* 10458+ 8153                        93358.0000    83523.8270            10.53%
* 10458+ 8153                        93263.0000    83523.8270            10.44%
* 10458+ 8153                        93209.0000    83523.8270            10.39%
* 10458+ 8153                        93146.0000    83523.8270            10.33%
* 10458+ 8152                        92863.0000    83523.8270            10.06%
  10458  8154    88396.5351   172    92863.0000    83523.8270   946536   10.06%
  10460  8156    83783.1531   246    92863.0000    83524.4766   948061   10.06%
  10498  8190    85057.8174   262    92863.0000    83525.2155   958117   10.06%
  10651  8329    83614.1390   264    92863.0000    83526.1651   983515   10.05%
Elapsed time = 179.91 sec. (238254.39 ticks, tree = 97.34 MB, solutions = 27)
  10947  8597    85144.5788   268    92863.0000    83527.1675  1007155   10.05%
  11215  8842    83630.7738   323    92863.0000    83528.0390  1032754   10.05%
  11507  9124    90120.5589   181    92863.0000    83528.1597  1055361   10.05%
  11738  9337    83700.7196   270    92863.0000    83528.8180  1078337   10.05%
  11869  9460    84540.3279   223    92863.0000    83529.1702  1101431   10.05%
  12014  9593    86787.2467   165    92863.0000    83529.5478  1124923   10.05%
  12286  9854    87361.8299   193    92863.0000    83530.0378  1147913   10.05%
* 12498+ 9988                        92327.0000    83530.8122             9.53%
  12498  9990    87341.9221   180    92327.0000    83530.8122  1167923    9.53%
  12843 10319    85915.9239   236    92327.0000    83531.3093  1189856    9.53%
  13132 10582    86903.5998   306    92327.0000    83532.4403  1212242    9.53%
Elapsed time = 212.44 sec. (278950.87 ticks, tree = 128.37 MB, solutions = 28)
  13302 10740    84793.2455   196    92327.0000    83533.0289  1233476    9.52%
  13470 10896    89670.5294   184    92327.0000    83533.3045  1255717    9.52%
  13498 10920    84124.8961   287    92327.0000    83533.3321  1261624    9.52%
* 13698+11061                        92182.0000    83533.6932             9.38%
  13732 11097    87689.9223   156    92182.0000    83533.6932  1284273    9.38%
  14058 11406    91804.4958   146    92182.0000    83534.0331  1307125    9.38%
  14264 11592    83821.7701   239    92182.0000    83534.8048  1325636    9.38%
  14404 11719    83618.8374   250    92182.0000    83535.5538  1348474    9.38%
  14508 11819    83891.4523   219    92182.0000    83535.5538  1354775    9.38%
  14809 12110    84925.2441   280    92182.0000    83535.8496  1377956    9.38%
  15224 12506    83848.7398   221    92182.0000    83537.2967  1396556    9.38%
Elapsed time = 243.57 sec. (318236.70 ticks, tree = 156.36 MB, solutions = 29)
  15435 12701    83939.5510   250    92182.0000    83537.7027  1418908    9.38%
* 15498+10819                        89083.0000    83538.0142             6.22%
* 15498+10538                        88649.0000    83538.0142             5.77%
* 15498+10069                        88070.0000    83538.0142             5.15%
  15498 10071    83551.7266   237    88070.0000    83538.0142  1435922    5.15%
  15662 10212    83538.8658   309    88070.0000    83538.3618  1456108    5.15%
  15822 10359    85754.1972   267    88070.0000    83538.9676  1476514    5.14%
  16085 10604    86403.0946   194    88070.0000    83539.9773  1497989    5.14%
  16327 10825    83682.2601   295    88070.0000    83540.2365  1516930    5.14%
* 16498+10520                        87675.0000    83540.3967             4.72%
  16498 10522    84644.8729   338    87675.0000    83540.3967  1535360    4.72%
  16701 10710    84587.3966   320    87675.0000    83540.7526  1554760    4.72%
  16922 10918    87284.6424   227    87675.0000    83541.3617  1575183    4.71%
  17071 11055    87271.3110   246    87675.0000    83542.3166  1596015    4.71%
Elapsed time = 277.26 sec. (360066.22 ticks, tree = 141.42 MB, solutions = 33)
  17218 11183    85093.1584   280    87675.0000    83542.8189  1617725    4.71%
  17345 11294        cutoff          87675.0000    83543.2815  1638546    4.71%
  17465 11395    84124.7857   299    87675.0000    83543.8150  1662227    4.71%
  17510 11440    85800.8499   185    87675.0000    83543.8150  1667331    4.71%
  17637 11559    85196.2215   279    87675.0000    83545.9917  1685809    4.71%
  17831 11743    84357.5764   355    87675.0000    83546.6743  1706734    4.71%
  18012 11917    83650.9737   304    87675.0000    83547.1008  1725578    4.71%
  18094 11992    86263.8875   286    87675.0000    83547.4817  1747909    4.71%
  18172 12055    84148.4085   247    87675.0000    83547.8333  1769217    4.71%
  18278 12151    85310.9614   211    87675.0000    83547.9883  1789443    4.71%
Elapsed time = 308.66 sec. (398640.29 ticks, tree = 158.58 MB, solutions = 33)
  18461 12320        cutoff          87675.0000    83548.2086  1812628    4.71%
  18498 12351    84277.8335   294    87675.0000    83548.4521  1819928    4.71%
  18609 12442        cutoff          87675.0000    83550.3607  1843097    4.70%
  18777 12598    83834.6520   286    87675.0000    83551.2791  1861581    4.70%
  18864 12675    86894.6917   235    87675.0000    83551.3583  1879464    4.70%
  18961 12759    83818.7217   326    87675.0000    83551.7738  1895530    4.70%
  19181 12972    83811.6296   301    87675.0000    83552.1838  1913524    4.70%
  19261 13046    85937.9263   212    87675.0000    83552.5000  1929727    4.70%
  19387 13161    86803.4633   196    87675.0000    83552.5938  1947441    4.70%
  19497 13259    83622.7798   357    87675.0000    83553.0643  1961659    4.70%
Elapsed time = 334.55 sec. (437724.31 ticks, tree = 176.37 MB, solutions = 33)
  19542 13304    87293.4559   285    87675.0000    83553.0643  1972273    4.70%
  19714 13465    85382.7519   256    87675.0000    83553.3913  1987346    4.70%
  19846 13583    84022.3391   266    87675.0000    83554.3718  2004557    4.70%
  19884 13609        cutoff          87675.0000    83554.3718  2024646    4.70%
  20012 13733    84156.3869   322    87675.0000    83554.5693  2036445    4.70%
  20096 13807    infeasible          87675.0000    83554.8325  2054586    4.70%
  20262 13959    87125.3725   201    87675.0000    83555.0509  2069721    4.70%
  20364 14054    84651.2655   264    87675.0000    83555.3495  2083850    4.70%
  20467 14149    85556.5568   270    87675.0000    83555.9453  2099019    4.70%
  20538 14214    83917.6443   270    87675.0000    83556.0254  2111786    4.70%
Elapsed time = 357.49 sec. (476640.97 ticks, tree = 192.06 MB, solutions = 33)
  20595 14261    84392.6859   315    87675.0000    83556.3833  2129717    4.70%
  20838 14495    84941.3543   318    87675.0000    83556.7220  2146303    4.70%
  20953 14596    84219.1028   326    87675.0000    83556.9663  2162313    4.70%
  21087 14719    infeasible          87675.0000    83557.3628  2178548    4.70%
  21129 14757        cutoff          87675.0000    83557.6829  2195140    4.70%
  21180 14795    84940.8606   333    87675.0000    83557.8385  2211163    4.70%
  21402 15008    83948.3554   280    87675.0000    83558.1842  2226453    4.70%
  21498 15104    85390.4164   156    87675.0000    83558.1842  2231682    4.70%
  21596 15193    83697.0818   284    87675.0000    83558.6443  2247131    4.70%
  21813 15402    85464.9447   330    87675.0000    83559.1232  2262645    4.69%
Elapsed time = 382.32 sec. (518215.27 ticks, tree = 212.08 MB, solutions = 33)
  21917 15498    84246.9154   261    87675.0000    83559.1914  2275007    4.69%
  22073 15642    85077.0443   222    87675.0000    83559.2931  2292452    4.69%
  22178 15735    83752.2490   237    87675.0000    83559.8691  2308908    4.69%
  22317 15862    85703.0461   267    87675.0000    83561.1946  2324402    4.69%
  22413 15951    83566.8628   283    87675.0000    83561.8105  2341536    4.69%
  22498 16032    83700.2338   277    87675.0000    83562.0018  2350834    4.69%
  22657 16178    83835.7516   262    87675.0000    83562.1486  2366688    4.69%
  22762 16267        cutoff          87675.0000    83562.2587  2384396    4.69%
  22871 16366    83625.1033   309    87675.0000    83562.4795  2399035    4.69%
  23026 16516        cutoff          87675.0000    83562.4959  2414630    4.69%
Elapsed time = 406.62 sec. (559205.82 ticks, tree = 231.94 MB, solutions = 33)
  23081 16559    85488.3288   295    87675.0000    83563.0083  2430503    4.69%
  23217 16685    86124.3187   233    87675.0000    83563.1063  2446552    4.69%
  23345 16804    85530.6768   230    87675.0000    83563.1107  2462088    4.69%
  23459 16897    83731.9140   293    87675.0000    83563.1186  2478684    4.69%
  23498 16932    83742.5721   278    87675.0000    83563.2959  2488427    4.69%
  23556 16980    83628.7035   289    87675.0000    83563.8451  2506225    4.69%
  23686 17101    83714.5840   230    87675.0000    83563.9611  2523840    4.69%
  23856 17261    85388.5918   227    87675.0000    83563.9763  2541363    4.69%
  24088 17484    84450.9593   316    87675.0000    83564.3268  2557889    4.69%
  24184 17565    85536.3451   252    87675.0000    83564.6741  2572626    4.69%
Elapsed time = 430.93 sec. (599597.47 ticks, tree = 250.26 MB, solutions = 33)
  24332 17702    84521.0928   336    87675.0000    83565.1292  2590687    4.69%
  24498 17857    86090.8648   168    87675.0000    83565.1611  2606802    4.69%
  24594 17943    83682.6886   279    87675.0000    83565.4361  2625630    4.69%
  24702 18043    85987.7020   256    87675.0000    83565.8175  2644469    4.69%
  24751 18080    86682.2819   284    87675.0000    83565.9425  2661976    4.69%
  24847 18166    84787.0879   304    87675.0000    83566.0946  2677885    4.69%
  24952 18267    84247.4468   322    87675.0000    83566.2141  2695647    4.69%
  25117 18419    84420.4325   339    87675.0000    83566.8075  2711117    4.69%
  25229 18525    85676.8871   273    87675.0000    83566.8628  2728719    4.69%
  25329 18617    83877.7985   345    87675.0000    83567.4403  2746832    4.68%
Elapsed time = 455.81 sec. (640697.27 ticks, tree = 269.03 MB, solutions = 33)
  25408 18686    83734.8269   295    87675.0000    83567.9051  2762956    4.68%
  25487 18759    86497.8136   232    87675.0000    83567.9176  2780590    4.68%
  25510 18782    87060.8980   238    87675.0000    83567.9176  2784785    4.68%
  25627 18887    83686.5836   278    87675.0000    83568.2321  2800166    4.68%
  25716 18968    83984.8915   268    87675.0000    83568.4269  2816436    4.68%
  25782 19028        cutoff          87675.0000    83568.5189  2834911    4.68%
  25924 19164    87058.7114   193    87675.0000    83569.1068  2853644    4.68%
  26008 19236    83968.8816   351    87675.0000    83569.3024  2872467    4.68%
  26100 19324    85347.6059   296    87675.0000    83569.7587  2891127    4.68%
  26192 19406    83978.6780   188    87675.0000    83569.9358  2910802    4.68%
Elapsed time = 479.79 sec. (679987.83 ticks, tree = 283.59 MB, solutions = 33)
  26283 19490    83847.7479   320    87675.0000    83570.0050  2929533    4.68%
  26435 19631    83792.0896   263    87675.0000    83570.2780  2949230    4.68%
  26478 19666        cutoff          87675.0000    83570.2780  2968169    4.68%
  26539 19723    83935.5172   375    87675.0000    83570.8629  2979207    4.68%
  26701 19875    85991.2413   248    87675.0000    83571.1290  2998874    4.68%
  26854 20017    84055.1257   227    87675.0000    83571.1821  3017837    4.68%
  26996 20147    83692.2076   343    87675.0000    83571.8370  3036128    4.68%
  27070 20217    86161.9512   204    87675.0000    83572.4194  3054236    4.68%
  27303 20440    84176.0200   268    87675.0000    83572.6036  3073977    4.68%
  27380 20512    85275.3749   283    87675.0000    83572.6177  3094265    4.68%
Elapsed time = 503.81 sec. (719974.89 ticks, tree = 304.20 MB, solutions = 33)
  27428 20550    86588.1554   345    87675.0000    83572.6685  3112891    4.68%
  27498 20620    86972.2331   191    87675.0000    83572.6685  3122284    4.68%
  27601 20704    83927.9476   288    87675.0000    83572.7762  3139616    4.68%
  27735 20825    83632.3830   319    87675.0000    83572.9236  3156284    4.68%
  27793 20877    86925.6797   214    87675.0000    83572.9847  3172659    4.68%
  27883 20955    84060.0544   274    87675.0000    83573.1629  3188697    4.68%
  28057 21117    84484.4208   260    87675.0000    83573.7199  3204972    4.68%
  28215 21265    84155.7500   310    87675.0000    83574.1084  3219652    4.68%
  28336 21378    83833.9477   312    87675.0000    83574.2151  3235024    4.68%
  28475 21507    83967.7959   306    87675.0000    83574.4942  3249203    4.68%
Elapsed time = 528.27 sec. (760228.14 ticks, tree = 322.83 MB, solutions = 33)
* 28498+20837                        87471.0000    83574.4942             4.45%
  28508 20845    85437.9368   269    87471.0000    83574.4942  3256024    4.45%
  28581 20916    86806.3831   205    87471.0000    83574.4942  3274743    4.45%
  28758 21084    85921.2970   270    87471.0000    83574.9625  3291531    4.45%
  28905 21223    83803.3466   240    87471.0000    83575.5879  3304928    4.45%
  28998 21312    85100.8649   247    87471.0000    83575.7197  3321630    4.45%
  29068 21373    84775.5346   322    87471.0000    83575.8591  3340170    4.45%
  29255 21557    86880.0000   202    87471.0000    83575.8759  3356703    4.45%
  29404 21696    86189.4544   178    87471.0000    83576.2743  3372965    4.45%
  29498 21786    86084.1582   212    87471.0000    83576.5793  3384601    4.45%
  29584 21862    infeasible          87471.0000    83576.5973  3401483    4.45%
Elapsed time = 553.35 sec. (801406.28 ticks, tree = 332.85 MB, solutions = 34)
  29729 21999    83950.8397   279    87471.0000    83576.6490  3416814    4.45%
  29908 22171    85836.9721   216    87471.0000    83577.1722  3433217    4.45%
  30059 22312    84392.3724   231    87471.0000    83577.2168  3449060    4.45%
  30111 22354    83702.3497   293    87471.0000    83577.4236  3465108    4.45%
  30205 22437    84278.2611   324    87471.0000    83577.4323  3481371    4.45%
  30281 22501    84032.3224   246    87471.0000    83578.2353  3495344    4.45%
  30379 22583    84177.2190   284    87471.0000    83578.5645  3511676    4.45%
  30503 22701    84932.0855   299    87471.0000    83578.5767  3523313    4.45%
  30647 22841    86768.9025   252    87471.0000    83578.6991  3539350    4.45%
  30733 22911        cutoff          87471.0000    83579.0372  3558475    4.45%
Elapsed time = 576.60 sec. (840397.23 ticks, tree = 352.81 MB, solutions = 34)
  30798 22974    86695.4386   326    87471.0000    83579.0376  3574006    4.45%
  30876 23044    84675.9247   239    87471.0000    83579.3280  3587502    4.45%
  30960 23122    87234.2085   314    87471.0000    83579.4503  3604701    4.45%
  31095 23239    84097.4500   392    87471.0000    83579.6203  3621952    4.45%
  31172 23310    84711.8840   279    87471.0000    83579.7174  3637225    4.45%
  31275 23398    86023.7195   255    87471.0000    83579.7310  3651333    4.45%
  31341 23454    86600.4286   228    87471.0000    83579.8654  3667127    4.45%
  31480 23585    84107.1002   285    87471.0000    83579.8961  3682503    4.45%
* 31498+22489                        87229.0000    83579.8961             4.18%
  31547 22531    86054.5958   254    87229.0000    83580.0324  3687729    4.18%
  31591 22565        cutoff          87229.0000    83580.0324  3707597    4.18%
Elapsed time = 600.58 sec. (880139.77 ticks, tree = 350.86 MB, solutions = 35)
  31648 22616    86030.4329   241    87229.0000    83580.2738  3725556    4.18%
  31706 22664    83821.4180   324    87229.0000    83580.3635  3739783    4.18%
  31739 22693        cutoff          87229.0000    83580.3635  3755554    4.18%
  31785 22733    83655.6912   313    87229.0000    83580.6348  3768489    4.18%
  31868 22809        cutoff          87229.0000    83580.7362  3782713    4.18%
  32020 22947    infeasible          87229.0000    83580.8150  3798087    4.18%
  32126 23043    83950.0088   277    87229.0000    83580.8987  3811650    4.18%
  32254 23161    85934.4985   300    87229.0000    83581.0982  3828772    4.18%
  32303 23206    85397.2569   269    87229.0000    83581.0982  3845767    4.18%
  32333 23226        cutoff          87229.0000    83581.1046  3863367    4.18%
Elapsed time = 624.55 sec. (919595.18 ticks, tree = 363.90 MB, solutions = 35)
  32412 23294    83817.9423   311    87229.0000    83581.3210  3879983    4.18%
  32498 23370    84033.9703   332    87229.0000    83581.3930  3894984    4.18%
  32571 23433    84354.4569   258    87229.0000    83581.6440  3911231    4.18%
  32681 23539    84400.1417   210    87229.0000    83581.6449  3929404    4.18%
  32860 23707    84514.3307   359    87229.0000    83582.0715  3950286    4.18%
  32952 23786    86638.4825   256    87229.0000    83582.1967  3969157    4.18%
  33020 23844    infeasible          87229.0000    83582.4210  3987017    4.18%
  33074 23894    85288.1970   220    87229.0000    83582.8909  4001362    4.18%
  33301 24107        cutoff          87229.0000    83582.9892  4020668    4.18%
  33406 24202    84180.9109   332    87229.0000    83583.0834  4038287    4.18%
Elapsed time = 650.53 sec. (962081.06 ticks, tree = 383.21 MB, solutions = 35)
  33522 24309    86868.4705   186    87229.0000    83583.1722  4051142    4.18%
  33608 24388    85378.6369   273    87229.0000    83583.3503  4068675    4.18%
  33702 24474    85949.0960   194    87229.0000    83583.4335  4087433    4.18%
  33848 24611    83946.7590   306    87229.0000    83583.5286  4104740    4.18%
  33977 24729    84516.4286   334    87229.0000    83583.6176  4123895    4.18%
  34064 24805    86222.8791   327    87229.0000    83583.6327  4145055    4.18%
  34258 24989    84137.8226   327    87229.0000    83583.6999  4161151    4.18%
  34394 25115        cutoff          87229.0000    83584.0691  4181479    4.18%
  34507 25221    83681.5943   289    87229.0000    83584.0984  4202100    4.18%
  34665 25370    84051.9669   261    87229.0000    83584.1606  4221288    4.18%
Elapsed time = 674.33 sec. (1001226.63 ticks, tree = 406.34 MB, solutions = 35)
  34688 25387    84164.5418   369    87229.0000    83584.2376  4239986    4.18%
  34762 25454    84029.7088   228    87229.0000    83584.4835  4258111    4.18%
  34818 25492    83837.8117   214    87229.0000    83584.5216  4277840    4.18%
  34953 25619    83794.0809   305    87229.0000    83584.7238  4297954    4.18%
  35068 25723    83691.8279   218    87229.0000    83584.7995  4317294    4.18%
  35225 25872    84024.8013   196    87229.0000    83584.9393  4336553    4.18%
  35350 25989        cutoff          87229.0000    83584.9980  4354321    4.18%
  35498 26129    83843.0061   333    87229.0000    83585.3072  4369619    4.18%
  35570 26196    87035.9680   236    87229.0000    83585.4201  4389018    4.18%
  35692 26299        cutoff          87229.0000    83585.6907  4407930    4.18%
Elapsed time = 700.51 sec. (1043807.63 ticks, tree = 424.69 MB, solutions = 35)
  35808 26405    83759.6007   275    87229.0000    83585.8740  4427048    4.18%
  35869 26458        cutoff          87229.0000    83585.9403  4451109    4.18%
  35956 26531    83859.2038   270    87229.0000    83586.1019  4472596    4.18%
  36090 26661    85879.6023   191    87229.0000    83586.1453  4492741    4.18%
  36155 26716        cutoff          87229.0000    83586.3411  4512511    4.18%
  36226 26775    84009.9322   217    87229.0000    83586.4636  4533879    4.18%
  36273 26812    83764.2098   232    87229.0000    83586.7192  4553157    4.18%
  36357 26886    85058.8902   384    87229.0000    83586.7339  4573749    4.18%
  36498 27020    85588.5392   230    87229.0000    83586.8350  4584426    4.18%
  36575 27090    84970.3379   284    87229.0000    83586.9205  4604185    4.18%
Elapsed time = 725.37 sec. (1083980.22 ticks, tree = 440.33 MB, solutions = 35)
  36634 27141    87222.8551   343    87229.0000    83587.0275  4625199    4.18%
  36682 27179    infeasible          87229.0000    83587.1669  4642657    4.18%
  36733 27220    84308.7645   355    87229.0000    83587.3784  4663205    4.17%
  36793 27270    84396.9066   266    87229.0000    83587.3839  4683311    4.17%
  36949 27422    84569.4201   260    87229.0000    83587.4084  4702264    4.17%
  37013 27476    84320.2522   253    87229.0000    83587.7128  4722518    4.17%
  37118 27570    85061.2244   241    87229.0000    83587.8172  4740987    4.17%
  37210 27654    84344.6618   351    87229.0000    83587.9780  4758855    4.17%
  37258 27692    84064.9281   387    87229.0000    83588.1681  4777024    4.17%
  37298 27726    83859.2998   231    87229.0000    83588.1730  4794771    4.17%
Elapsed time = 750.35 sec. (1123923.68 ticks, tree = 452.89 MB, solutions = 35)
  37378 27796    84678.3437   278    87229.0000    83588.2620  4814513    4.17%
  37461 27863        cutoff          87229.0000    83588.4917  4839379    4.17%
  37498 27892    84752.1066   258    87229.0000    83588.6440  4856591    4.17%
  37568 27950    83635.2298   300    87229.0000    83588.9442  4877046    4.17%
  37632 28002        cutoff          87229.0000    83588.9599  4896584    4.17%
  37724 28076    83589.3106   256    87229.0000    83589.0380  4916243    4.17%
  37883 28228    84205.2296   258    87229.0000    83589.1963  4936753    4.17%
  38093 28426    83744.5596   277    87229.0000    83589.2807  4957116    4.17%
  38254 28577    84603.4026   302    87229.0000    83589.3169  4976215    4.17%
  38355 28669    86015.4339   196    87229.0000    83589.5087  4995566    4.17%
Elapsed time = 774.84 sec. (1163594.14 ticks, tree = 471.60 MB, solutions = 35)
  38498 28799        cutoff          87229.0000    83589.5425  5015111    4.17%
  38616 28907    86818.7257   234    87229.0000    83589.7099  5035545    4.17%
  38823 29091    87214.7654   266    87229.0000    83589.8399  5056204    4.17%
  39002 29260    85771.8020   201    87229.0000    83589.8670  5075132    4.17%
  39241 29486    87068.3056   199    87229.0000    83590.1157  5094754    4.17%
  39357 29594        cutoff          87229.0000    83590.2203  5114538    4.17%
  39448 29676    infeasible          87229.0000    83590.4583  5136368    4.17%
  39498 29723    85671.6309   214    87229.0000    83590.4741  5146195    4.17%
  39612 29832    85717.8763   330    87229.0000    83590.6298  5165969    4.17%
  39700 29914        cutoff          87229.0000    83590.6546  5184309    4.17%
Elapsed time = 799.87 sec. (1203996.46 ticks, tree = 496.24 MB, solutions = 35)
  39754 29956    83596.1339   264    87229.0000    83590.6997  5200891    4.17%
  39839 30035        cutoff          87229.0000    83590.6997  5219916    4.17%
  39952 30138    83633.9661   235    87229.0000    83590.8370  5236211    4.17%
  40026 30207    86690.7708   213    87229.0000    83590.9291  5252030    4.17%
Starting limited solution polishing.
  40162 30333    85349.6950   237    87229.0000    83591.0320  5268132    4.17%
  40198 30365    83695.5637   317    87229.0000    83591.1242  5276459    4.17%
  40364 30523    83638.8820   320    87229.0000    83591.2541  5291491    4.17%
  40398 30557    83867.5763   269    87229.0000    83591.2541  5301454    4.17%
  40460 30609    86063.9264   261    87229.0000    83591.5742  5319008    4.17%
  40498 30647    86137.4835   213    87229.0000    83591.5742  5320845    4.17%
Elapsed time = 828.71 sec. (1248484.87 ticks, tree = 510.72 MB, solutions = 35)
  40686 30827    83785.3986   377    87229.0000    83591.7685  5333390    4.17%
* 40698+30739                        87204.0000    83591.7685             4.14%
* 40698+30641                        87175.0000    83591.7685             4.11%
  40739 30681    83827.3868   335    87175.0000    83591.9212  5340486    4.11%
  40798 30733    85978.5038   278    87175.0000    83592.0842  5354304    4.11%
  40898 30814    83922.5544   246    87175.0000    83592.4876  5361465    4.11%
  40934 30840    infeasible          87175.0000    83592.5108  5380106    4.11%
  40998 30901    87145.0943   236    87175.0000    83592.7851  5389555    4.11%
  41103 30992    83831.7599   276    87175.0000    83592.8460  5400032    4.11%
  41164 31049    83732.6154   229    87175.0000    83593.0772  5418588    4.11%
  41198 31083    84145.0118   239    87175.0000    83593.0772  5424637    4.11%
  41255 31131    84146.3996   321    87175.0000    83593.1028  5440672    4.11%
Elapsed time = 867.78 sec. (1306179.38 ticks, tree = 521.00 MB, solutions = 37)
  41298 31170    84741.8326   349    87175.0000    83593.1028  5449727    4.11%
  41398 31260    85379.5837   247    87175.0000    83593.2458  5461430    4.11%
  41493 31345    85582.4744   279    87175.0000    83593.3916  5479111    4.11%
  41498 31350    85906.8734   309    87175.0000    83593.3916  5482354    4.11%
  41599 31441    infeasible          87175.0000    83593.4419  5502267    4.11%
  41656 31494    84040.3966   192    87175.0000    83593.8374  5518123    4.11%
  41779 31599    86128.5231   192    87175.0000    83593.8883  5535516    4.11%
  41798 31618    86177.5127   204    87175.0000    83593.8883  5537265    4.11%

Clique cuts applied:  86
Cover cuts applied:  1118
Implied bound cuts applied:  7
Flow cuts applied:  49
Mixed integer rounding cuts applied:  372
Zero-half cuts applied:  177
Gomory fractional cuts applied:  8

Root node processing (before b&c):
  Real time             =    1.93 sec. (2637.70 ticks)
Sequential b&c:
  Real time             =  898.07 sec. (1351549.34 ticks)
                          ------------
Total (root+branch&cut) =  900.01 sec. (1354187.04 ticks)
MIP: [1;32mCPLEX finished.[0m
MIP: [1;32mCPLEX status: Feasible[0m
MIP: [1;32mSolution: 
[30, 27, 9, 14, 10, 3, 0, 20, 47, 1, 44, 6, 34, 41, 24, 38, 6, 8, 37, 36, 31, 23, 36, 42, 15, 34, 48, 2, 42, 20, 43, 19, 20, 42, 40, 31, 11, 11, 29, 49, 27, 16, 33, 21, 33, 48, 33, 45, 17, 38, 49, 25, 32, 21, 43, 15, 11, 49, 24, 19, 46, 2, 0, 13, 16, 3, 45, 41, 16, 41, 47, 39, 30, 37, 40, 2, 44, 28, 33, 17, 22, 11, 12, 39, 12, 26, 29, 27, 14, 20, 20, 37, 2, 34, 25, 46, 1, 13, 12, 33][6, 21, 26, 5, -1, -1, 28, -1, 31, 10, 21, 0, 13, 32, 23, 29, 20, 6, -1, 30, 6, 18, 10, 7, 24, 15, 22, 31, 16, 21, 0, 13, 20, 16, 31, -1, 12, 19, 29, 9, 1, 18, 26, 7, 12, 22, 32, 10, 22, 2][15, 17, 15, -1, -1, 8, 0, 13, -1, 0, 3, -1, 8, 5, -1, 10, 5, -1, 3, 13, 2, 6, 10, 16, 14, -1, 16, -1, 13, 18, 2, 17, 7][15, -1, 8, 3, -1, 10, 14, 12, 17, -1, 10, -1, -1, 14, 17, 12, 8, 13, 12, -1, -1, -1, -1, -1][-1, -1, -1, 2, -1, -1, -1, -1, 2, -1, 8, -1, 9, 8, 3, 6, -1, 3][0m
MIP: [1;32mObjective value: 87175[0m
MIP: [1;32mLower Bound: 83594[0m
MIP: [1;32mBranch-and-Bound nodes: 41898[0m

# best solution:
best objective value:	87175
best dual bound value:	83593
optimality gap:	4.10898%
CPU time:	897.472
