ifile	/scratch/csagturk/mlbp_inst/n0100_m02__004.inst
prob	MLBP
threads	1
ttime	900
instance: /scratch/csagturk/mlbp_inst/n0100_m02__004.inst
	m=2, n=[100, 59, 38]
MIP: [1;32minit CPLEX[0m
CAN: [1;35mcreated 8142 x_{ijk} variables[0m
CAN: [1;35mcreated 197 y_{ij} variables[0m
MIP: [1;32mcreated decision variables[0m
CAN: [1;35madded 100 constraints to enforce the packing of each item[0m
CAN: [1;35madded 59 constraints to enforce the packing of each item[0m
CAN: [1;35madded 97 capacity constraints[0m
MIP: [1;32mcreated constraints[0m
MIP: [1;32mcreated objective function[0m
MIP: [1;32mcalling CPLEX solve ...[0m
Version identifier: 22.1.0.0 | 2022-03-09 | 1a383f8ce
CPXPARAM_Threads                                 1
CPXPARAM_TimeLimit                               900
Tried aggregator 2 times.
MIP Presolve eliminated 0 rows and 950 columns.
MIP Presolve modified 404 coefficients.
Aggregator did 177 substitutions.
Reduced MIP has 610 rows, 7702 columns, and 15366 nonzeros.
Reduced MIP has 7525 binaries, 0 generals, 0 SOSs, and 118 indicators.
Presolve time = 0.02 sec. (27.30 ticks)
Probing fixed 0 vars, tightened 59 bounds.
Probing changed sense of 59 constraints.
Probing time = 0.06 sec. (65.87 ticks)
Tried aggregator 1 time.
Detecting symmetries...
MIP Presolve eliminated 354 rows and 413 columns.
Reduced MIP has 256 rows, 7289 columns, and 14540 nonzeros.
Reduced MIP has 7289 binaries, 0 generals, 0 SOSs, and 0 indicators.
Presolve time = 0.02 sec. (25.69 ticks)
Probing time = 0.00 sec. (3.48 ticks)
Clique table members: 1338.
MIP emphasis: balance optimality and feasibility.
MIP search method: dynamic search.
Parallel mode: none, using 1 thread.
Root relaxation solution time = 0.01 sec. (20.45 ticks)

        Nodes                                         Cuts/
   Node  Left     Objective  IInf  Best Integer    Best Bound    ItCnt     Gap

      0     0    46254.5688   126                  46254.5688      658         
      0     0    46268.1507   208                   Cuts: 164      987         
      0     0    46271.1950   220                   Cuts: 164     1405         
      0     0    46271.3795   280                   Cuts: 164     1935         
      0     0    46271.4704   233                    Cuts: 90     2411         
      0     0    46271.5375   259                   Cuts: 164     3077         
*     0+    0                        55354.0000    46271.5375            16.41%
*     0+    0                        55342.0000    46271.5375            16.39%
*     0+    0                        55233.0000    46271.5375            16.22%
*     0+    0                        54555.0000    46271.5375            15.18%
*     0+    0                        53645.0000    46271.5375            13.74%
*     0+    0                        53336.0000    46271.5375            13.25%
*     0+    0                        53241.0000    46271.5375            13.09%
*     0+    0                        53212.0000    46271.5375            13.04%
      0     0  -1.00000e+75     0    53212.0000    46271.5375     3077   13.04%
      0     2    46271.5375   157    53212.0000    46271.5375     3077   13.04%
Elapsed time = 1.46 sec. (2028.23 ticks, tree = 0.01 MB, solutions = 8)
     41    43    46271.5375   132    53212.0000    46271.5375     3933   13.04%
     85    87    46271.5375    90    53212.0000    46271.5375     4777   13.04%
*   160+  160                        50486.0000    46271.5375             8.35%
    160   162    46395.1844    82    50486.0000    46271.5375     5999    8.35%
    226   228    46271.5375    80    50486.0000    46271.5375     7048    8.35%
    300   302    46275.4852    71    50486.0000    46271.5375     8314    8.35%
*   320+  320                        50470.0000    46271.5375             8.32%
    380   371    47085.6882    62    50470.0000    46271.5375     9849    8.32%
*   462+  447                        50395.0000    46271.5375             8.18%
*   462+  447                        50066.0000    46271.5375             7.58%
    462   449    46271.5375    90    50066.0000    46271.5375    10914    7.58%
*   480+  465                        48767.0000    46271.5375             5.12%
    530   517    46271.5375    89    48767.0000    46271.5375    11929    5.12%
*   591+  576                        48044.0000    46271.5375             3.69%
*   591+  576                        48028.0000    46271.5375             3.66%
*   591+  576                        47962.0000    46271.5375             3.52%
    591   578    46395.1844   130    47962.0000    46271.5375    13105    3.52%
*   592+  572                        47377.0000    46271.5375             2.33%
    660   642    46303.8865   119    47377.0000    46271.5375    14446    2.33%
Elapsed time = 4.94 sec. (6629.59 ticks, tree = 4.21 MB, solutions = 17)

Performing restart 1

Repeating presolve.
Tried aggregator 1 time.
MIP Presolve modified 237 coefficients.
Reduced MIP has 256 rows, 7289 columns, and 14540 nonzeros.
Reduced MIP has 7289 binaries, 0 generals, 0 SOSs, and 0 indicators.
Presolve time = 0.02 sec. (17.86 ticks)
Tried aggregator 1 time.
MIP Presolve modified 60 coefficients.
Reduced MIP has 256 rows, 7289 columns, and 14540 nonzeros.
Reduced MIP has 7289 binaries, 0 generals, 0 SOSs, and 0 indicators.
Presolve time = 0.02 sec. (21.19 ticks)
Represolve time = 0.15 sec. (125.93 ticks)
    702     0    46224.8130   289    47377.0000     Cuts: 164    17854    2.33%
    702     0    46270.9154   280    47377.0000     Cuts: 164    18738    2.33%
    702     0    46275.4310   236    47377.0000     Cuts: 164    19379    2.33%
    702     0    46275.6790   241    47377.0000     Cuts: 153    20063    2.32%
    702     0    46278.9095   293    47377.0000     Cuts: 151    20870    2.32%
    702     0    46279.2681   262    47377.0000     Cuts: 164    21535    2.32%
    702     0    46279.5478   280    47377.0000     Cuts: 150    22148    2.32%
    702     0    46279.6069   215    47377.0000     Cuts: 164    22736    2.32%
    702     0    46282.8377   228    47377.0000     Cuts: 164    23873    2.31%
    702     0    46282.9519   235    47377.0000     Cuts: 164    24742    2.31%
    702     0    46283.0419   290    47377.0000     Cuts: 140    25357    2.31%
    702     0    46283.8513   278    47377.0000      Cuts: 82    25898    2.31%
    702     0    46284.4051   277    47377.0000     Cuts: 155    26590    2.31%
    702     0    46284.6484   229    47377.0000     Cuts: 106    27270    2.31%
    702     0    46284.6484   255    47377.0000     Cuts: 143    27766    2.31%
    702     0    46284.6484   247    47377.0000      Cuts: 92    28189    2.31%
    702     2    46284.6484   123    47377.0000    46284.6738    28189    2.31%
    754    53    46625.0476   118    47377.0000    46284.7036    29688    2.31%
    827   118    46289.6912   106    47377.0000    46284.8285    30810    2.31%
    997   287    46759.0000    82    47377.0000    46284.8285    32316    2.31%
   1138   402    46301.5936   119    47377.0000    46285.4962    34021    2.30%
   1359   578    46523.8636   113    47377.0000    46285.7245    37428    2.30%
   1587   753    46822.0000    92    47377.0000    46286.3033    40958    2.30%
   1822   948    47359.0000    91    47377.0000    46286.6619    45359    2.30%
   2060  1092    46325.9229   106    47377.0000    46286.8772    49262    2.30%
   2356  1320    46643.0000    69    47377.0000    46287.0874    55249    2.30%
Elapsed time = 16.76 sec. (23124.26 ticks, tree = 8.47 MB, solutions = 17)
   2612  1566    46885.8286   101    47377.0000    46287.0928    60351    2.30%
   2911  1832    46354.0514   109    47377.0000    46289.4033    66235    2.30%
   3283  2156    46290.8202   116    47377.0000    46290.5217    70223    2.29%
   3702  2542    47376.0000    79    47377.0000    46290.5565    75602    2.29%
   4034  2861    46334.1125   109    47377.0000    46290.8202    79062    2.29%
   4464  3274    infeasible          47377.0000    46290.8202    85693    2.29%
   4762  3512    46628.5541   126    47377.0000    46290.8202    92152    2.29%
   5013  3731    46343.7719   122    47377.0000    46290.8202    96814    2.29%
   5303  3987    46309.2860   144    47377.0000    46291.0452   102566    2.29%
   5578  4198    46347.4891    98    47377.0000    46291.0452   110272    2.29%
Elapsed time = 23.27 sec. (32710.25 ticks, tree = 27.13 MB, solutions = 17)
   5973  4491    infeasible          47377.0000    46291.0452   121395    2.29%
   6239  4653    infeasible          47377.0000    46291.0452   131589    2.29%
   6559  4843    infeasible          47377.0000    46291.0452   143344    2.29%
   6801  5021    46334.9677   102    47377.0000    46291.8071   150695    2.29%
   7285  5475    46780.0000    95    47377.0000    46292.3500   157053    2.29%
   7592  5742    46292.3500   114    47377.0000    46292.3500   161405    2.29%
   8055  6170    46683.0000   101    47377.0000    46292.3500   166095    2.29%
   8553  6655    46365.0746   105    47377.0000    46292.3500   171471    2.29%
   8944  7042    46402.7170   110    47377.0000    46292.5959   177028    2.29%
   9432  7501    46674.0000   105    47377.0000    46293.4329   182353    2.29%
Elapsed time = 29.70 sec. (42363.15 ticks, tree = 48.21 MB, solutions = 17)
   9734  7757    46377.6344   121    47377.0000    46293.4329   189482    2.29%
  10231  8238    46533.7273   109    47377.0000    46293.4329   193015    2.29%
* 10582+ 8119                        47280.0000    46293.4329             2.09%
* 10582+ 8116                        47251.0000    46293.4329             2.03%
* 10582+ 8115                        47244.0000    46293.4329             2.01%
* 10582+ 8112                        47237.0000    46293.4329             2.00%
* 10582+ 8112                        47232.0000    46293.4329             1.99%
* 10582+ 8095                        47171.0000    46293.4329             1.86%
* 10582+ 8052                        47167.0000    46293.4329             1.85%
  10582  8054    46607.3333   113    47167.0000    46293.4329   197408    1.85%
  10835  8303    46534.3333   108    47167.0000    46294.1570   199915    1.85%
  11312  8754    46342.8495   102    47167.0000    46294.1570   205401    1.85%
  11739  9113    46323.3917   116    47167.0000    46294.1570   213638    1.85%
  12010  9335    46561.7284   101    47167.0000    46294.1570   219698    1.85%
  12499  9791    46949.0000    91    47167.0000    46294.5403   226564    1.85%
  12889 10121    46620.3750   103    47167.0000    46294.5403   234584    1.85%
  13386 10560    46642.9565    89    47167.0000    46294.5403   241571    1.85%
Elapsed time = 49.55 sec. (66768.06 ticks, tree = 68.01 MB, solutions = 24)
  13842 11000    46691.0000   111    47167.0000    46294.6989   247267    1.85%
  14272 11364    46582.0000    92    47167.0000    46294.6989   256108    1.85%
  14669 11734    46691.0000   113    47167.0000    46294.6989   261188    1.85%
  15022 12067    46745.0000   107    47167.0000    46294.8357   267393    1.85%
  15424 12385    46437.8318   111    47167.0000    46294.8357   273394    1.85%
  15961 12856    46658.0000   102    47167.0000    46295.1665   281071    1.85%
  16299 13097    46345.9362   105    47167.0000    46295.2039   289452    1.85%
  16801 13574    46852.0000    68    47167.0000    46295.2039   293354    1.85%
  17301 14028    47003.0000    99    47167.0000    46295.5838   297830    1.85%
  17681 14401    46869.2851    91    47167.0000    46295.9239   303957    1.85%
Elapsed time = 55.86 sec. (76370.68 ticks, tree = 92.53 MB, solutions = 24)
  18061 14751    46418.8012   111    47167.0000    46296.0084   308298    1.85%
  18654 15310    46541.0000    81    47167.0000    46296.0084   313572    1.85%
  19042 15682    46541.0000    91    47167.0000    46296.0084   318274    1.85%
  19566 16162    infeasible          47167.0000    46296.0084   324128    1.85%
  19937 16468    46386.7875   118    47167.0000    46296.0084   329751    1.85%
  20504 17019    46296.5880   113    47167.0000    46296.0084   334016    1.85%

Performing restart 2

Repeating presolve.
Tried aggregator 1 time.
MIP Presolve modified 111 coefficients.
Reduced MIP has 256 rows, 7289 columns, and 14540 nonzeros.
Reduced MIP has 7289 binaries, 0 generals, 0 SOSs, and 0 indicators.
Presolve time = 0.02 sec. (17.89 ticks)
Tried aggregator 1 time.
MIP Presolve modified 60 coefficients.
Reduced MIP has 256 rows, 7289 columns, and 14540 nonzeros.
Reduced MIP has 7289 binaries, 0 generals, 0 SOSs, and 0 indicators.
Presolve time = 0.02 sec. (21.19 ticks)
Represolve time = 0.37 sec. (265.89 ticks)
  20682     0    46284.6484   229    47167.0000     Cuts: 164   338395    1.85%
  20682     0    46284.7910   270    47167.0000     Cuts: 164   339196    1.85%
  20682     0    46288.4142   275    47167.0000     Cuts: 145   339892    1.85%
  20682     0    46289.2130   266    47167.0000     Cuts: 164   340855    1.85%
  20682     0    46289.2488   298    47167.0000     Cuts: 164   341714    1.85%
  20682     0    46289.7430   277    47167.0000     Cuts: 130   342405    1.85%
  20682     0    46289.9657   284    47167.0000     Cuts: 164   343145    1.85%
  20682     0    46290.1816   270    47167.0000     Cuts: 110   343821    1.85%
  20682     0    46290.9202   256    47167.0000     Cuts: 164   344470    1.85%
  20682     0    46290.9202   238    47167.0000     Cuts: 163   345129    1.85%
  20682     0    46290.9202   256    47167.0000     Cuts: 162   345755    1.85%
  20682     0    46290.9202   221    47167.0000     Cuts: 102   346534    1.85%
  20682     0    46290.9202   311    47167.0000     Cuts: 158   347050    1.85%
  20682     2    46290.9202   183    47167.0000    46296.0084   347050    1.85%
  20727    45    46707.8511   114    47167.0000    46296.4068   347841    1.85%
  20805   109    46889.0000   114    47167.0000    46296.4068   349876    1.85%
  20888   117    46350.9876   142    47167.0000    46296.5515   353249    1.85%
Elapsed time = 67.46 sec. (92327.69 ticks, tree = 0.68 MB, solutions = 24)
  20971   183    46528.2857   128    47167.0000    46296.5515   354369    1.85%
  21059   228        cutoff          47167.0000    46296.5515   357494    1.85%
  21114   237    46391.8351   138    47167.0000    46299.3335   360713    1.84%
  21204   275    46312.3099   137    47167.0000    46299.9418   361627    1.84%
  21318   387    46896.0000   111    47167.0000    46299.9418   363250    1.84%
  21410   452    46494.4706   115    47167.0000    46302.6626   365447    1.83%
  21510   546    46335.7074   158    47167.0000    46303.5133   366954    1.83%
  21642   651    46830.0000   122    47167.0000    46303.5133   367798    1.83%
  21750   736    46368.3813   121    47167.0000    46303.9454   370329    1.83%
  21896   843    46393.6582   137    47167.0000    46304.4888   372988    1.83%
Elapsed time = 73.86 sec. (101928.77 ticks, tree = 4.89 MB, solutions = 24)
  22051   993    46397.8870   139    47167.0000    46304.5813   374465    1.83%
  22278  1152    46642.0000   117    47167.0000    46304.6190   376589    1.83%
  22502  1345    46853.0000    97    47167.0000    46304.6353   380618    1.83%
  22735  1535    46702.0000   107    47167.0000    46304.7280   384408    1.83%
  22972  1737    46736.9429   143    47167.0000    46304.9167   387863    1.83%
  23215  1928    46825.0000   102    47167.0000    46305.5612   390267    1.83%
  23449  2115    46984.0000   111    47167.0000    46305.9350   394154    1.83%
  23672  2291    46415.9493   119    47167.0000    46306.0960   398342    1.83%
  23980  2570    46497.6000   108    47167.0000    46306.3157   401467    1.82%
  24280  2815    46841.0000   110    47167.0000    46306.3755   406186    1.82%
Elapsed time = 79.89 sec. (111511.67 ticks, tree = 16.51 MB, solutions = 24)
  24545  3016    46738.6909   133    47167.0000    46307.2342   412174    1.82%
  24802  3256    46679.7059   114    47167.0000    46307.4354   417001    1.82%
  25018  3454    46395.2539   140    47167.0000    46309.0815   420125    1.82%
  25307  3713    46477.8000   129    47167.0000    46309.8776   423414    1.82%
  25502  3871    46702.0000   128    47167.0000    46310.0184   427650    1.82%
  25735  4077    46551.6125   133    47167.0000    46312.0438   430783    1.81%
  26023  4332    46392.9565   122    47167.0000    46312.3099   434429    1.81%
  26312  4589    46849.0000   103    47167.0000    46312.3120   438527    1.81%
  26533  4763    47061.1335   122    47167.0000    46312.7782   441956    1.81%
  27628  5689    46730.0000   114    47167.0000    46313.5498   455461    1.81%
Elapsed time = 88.26 sec. (123930.63 ticks, tree = 33.38 MB, solutions = 24)
  28682  6535    47072.0000    86    47167.0000    46314.6786   473814    1.81%
  29741  7411    46400.9895   147    47167.0000    46314.7216   488941    1.81%
  30703  8254    46420.1542   130    47167.0000    46315.4214   505836    1.81%
  31760  9142    46934.0000   104    47167.0000    46315.4875   525967    1.81%
  33030 10259    47115.0000    99    47167.0000    46316.1851   542447    1.80%
  34191 11319    46643.0000   109    47167.0000    46316.8251   560248    1.80%
  35362 12395    46976.0000   116    47167.0000    46317.3715   576320    1.80%
  36623 13482    46608.0000   108    47167.0000    46318.0533   594286    1.80%
  37770 14504    46715.0000   114    47167.0000    46318.2871   609518    1.80%
  38840 15424    46672.0000    93    47167.0000    46318.6375   624639    1.80%
Elapsed time = 117.47 sec. (162105.90 ticks, tree = 90.45 MB, solutions = 24)
  39693 16232    46653.9231   154    47167.0000    46318.8160   642534    1.80%
  40349 16857    46364.5892   200    47167.0000    46318.9677   656988    1.80%
  40882 17351    46370.0472   211    47167.0000    46319.1085   680545    1.80%
  41392 17844    46604.0000   104    47167.0000    46319.1085   694915    1.80%
  41926 18326    46334.8809   188    47167.0000    46319.1085   716727    1.80%
  42182 18573    46761.0000   111    47167.0000    46319.1085   721451    1.80%
  42926 19250    46934.0000   105    47167.0000    46319.1085   738003    1.80%
  43726 19903    46588.0000   148    47167.0000    46319.1085   757358    1.80%
  44471 20490    46761.0000   123    47167.0000    46319.1085   783727    1.80%
  45160 21078    46665.0000   116    47167.0000    46319.1085   804439    1.80%
Elapsed time = 148.01 sec. (202525.50 ticks, tree = 129.92 MB, solutions = 24)
  45956 21844    infeasible          47167.0000    46319.1085   822560    1.80%
  46814 22579    46331.2968   173    47167.0000    46319.1085   844458    1.80%
  47588 23228    46434.6949   174    47167.0000    46319.1085   864034    1.80%
  48387 23936    infeasible          47167.0000    46319.1085   887371    1.80%
  49239 24676    46604.0000    91    47167.0000    46319.1085   911712    1.80%
  49966 25262    46476.5870   165    47167.0000    46319.1085   935898    1.80%
  50895 26073    infeasible          47167.0000    46319.1085   955430    1.80%
  51762 26862    46360.7619   160    47167.0000    46319.1085   974813    1.80%
  52759 27781    46761.0000   152    47167.0000    46319.1085   993303    1.80%
  53720 28646    47050.0000   136    47167.0000    46319.1085  1016629    1.80%
Elapsed time = 177.85 sec. (240712.53 ticks, tree = 183.59 MB, solutions = 24)
  54462 29308    46761.0000   137    47167.0000    46319.1085  1036365    1.80%
  55246 30006    46604.0000   109    47167.0000    46319.1085  1059245    1.80%
  55960 30674    infeasible          47167.0000    46319.1085  1078064    1.80%
  56721 31354    46351.8656   200    47167.0000    46319.1085  1099231    1.80%
  57427 31957    46761.0000   131    47167.0000    46319.1085  1125359    1.80%
  58290 32726    46433.5575   163    47167.0000    46319.1085  1149177    1.80%
  58982 33360    46604.0000   122    47167.0000    46319.1085  1166420    1.80%
  59807 34067    46604.0000   135    47167.0000    46319.1085  1188688    1.80%
  60386 34551    46554.1176   144    47167.0000    46319.1085  1210828    1.80%
  61039 35153    46319.2898   212    47167.0000    46319.1085  1229117    1.80%
Elapsed time = 209.96 sec. (281679.92 ticks, tree = 231.11 MB, solutions = 24)
  61830 35892    46558.2784   143    47167.0000    46319.1085  1248773    1.80%
  62518 36481    46407.0266   175    47167.0000    46319.1085  1272703    1.80%
  63306 37210    46604.0000   127    47167.0000    46319.1085  1291299    1.80%
  64037 37872    46604.0000   141    47167.0000    46319.1351  1311035    1.80%
  64834 38585    infeasible          47167.0000    46319.1354  1330344    1.80%
  65768 39434    46518.7239   167    47167.0000    46319.2359  1350367    1.80%
  66315 39956    46761.0000   153    47167.0000    46319.2758  1365512    1.80%
  66712 40313    46665.0000   132    47167.0000    46319.2840  1383129    1.80%
  67190 40749    46665.0000   158    47167.0000    46319.2840  1400284    1.80%
  67613 41122    46604.0000   134    47167.0000    46319.2840  1421268    1.80%
Elapsed time = 240.02 sec. (319892.96 ticks, tree = 274.30 MB, solutions = 24)
  68062 41542    46616.8803   163    47167.0000    46319.2840  1438115    1.80%
  68531 41983    46665.0000   167    47167.0000    46319.2840  1460832    1.80%
  68682 42112    46682.9143   146    47167.0000    46319.2840  1473494    1.80%
  68992 42405    46470.8215   258    47167.0000    46319.2840  1488869    1.80%
  69396 42789    46647.7692   157    47167.0000    46319.2840  1507984    1.80%
  69638 43013    46682.3333   165    47167.0000    46319.2840  1527619    1.80%
  69942 43303    46604.0000   147    47167.0000    46319.2840  1543269    1.80%
  70164 43495    47023.6571   213    47167.0000    46319.2840  1562220    1.80%
  70477 43776    46665.0000   192    47167.0000    46319.2840  1580391    1.80%
  70777 44062    46658.8895   265    47167.0000    46319.2840  1598680    1.80%
Elapsed time = 272.06 sec. (360389.18 ticks, tree = 301.60 MB, solutions = 24)
  71082 44355    46665.0000   169    47167.0000    46319.2840  1616118    1.80%
  71330 44583    46517.1546   313    47167.0000    46319.2840  1634948    1.80%
  71640 44872    46424.8189   371    47167.0000    46319.2840  1655257    1.80%
  71929 45149    46467.0991   298    47167.0000    46319.2840  1672006    1.80%
  72170 45375    46554.4483   281    47167.0000    46319.2840  1690864    1.80%
  72480 45671    46665.0000   208    47167.0000    46319.2840  1706232    1.80%
  72715 45890    47124.7757   185    47167.0000    46319.2840  1726960    1.80%
  72957 46126    46665.0000   248    47167.0000    46319.2840  1744781    1.80%
  73218 46371    46547.9102   238    47167.0000    46319.2840  1765898    1.80%
  73348 46488    46451.4973   325    47167.0000    46319.2840  1779018    1.80%
Elapsed time = 304.08 sec. (399515.92 ticks, tree = 329.08 MB, solutions = 24)
  73487 46615    46322.4392   311    47167.0000    46319.2840  1793345    1.80%
  73582 46710    46604.0000   144    47167.0000    46319.2840  1798499    1.80%
  73765 46882    46515.8954   380    47167.0000    46319.2840  1818132    1.80%
  73882 46996    46491.2198   288    47167.0000    46319.2840  1832213    1.80%
  74119 47220    46584.7674   233    47167.0000    46319.2840  1850158    1.80%
  74298 47392    46684.7504   249    47167.0000    46319.2840  1866198    1.80%
  74406 47483    46363.2147   340    47167.0000    46319.2840  1886975    1.80%
  74717 47776    46455.6121   353    47167.0000    46319.2840  1909257    1.80%
  74946 47996    46529.3763   302    47167.0000    46319.2840  1925569    1.80%
  75097 48139    46518.6946   271    47167.0000    46319.2840  1940772    1.80%
Elapsed time = 339.33 sec. (442064.03 ticks, tree = 351.18 MB, solutions = 24)
  75233 48265    46359.2245   248    47167.0000    46319.2898  1955900    1.80%
  75407 48427    46365.8066   241    47167.0000    46319.2898  1977415    1.80%
  75518 48523    46355.4433   385    47167.0000    46319.2898  1997111    1.80%
  75782 48770    46761.0000   125    47167.0000    46319.2898  2012092    1.80%
  75923 48885    46362.4290   349    47167.0000    46319.2898  2032901    1.80%
  76180 49134    46761.0000    62    47167.0000    46319.2898  2048052    1.80%
  76338 49268    46496.0138   256    47167.0000    46319.2898  2064539    1.80%
  76499 49418    46638.5556   185    47167.0000    46319.2898  2079876    1.80%
  76769 49681    46664.0000   181    47167.0000    46319.2898  2095052    1.80%
  77085 49986    46386.6904   325    47167.0000    46319.2898  2114317    1.80%
Elapsed time = 372.08 sec. (481126.80 ticks, tree = 378.50 MB, solutions = 24)
  77198 50091    46357.6641   366    47167.0000    46319.2898  2131327    1.80%
  77466 50352    46463.0647   274    47167.0000    46319.2898  2150012    1.80%
  77482 50368    46467.2362   253    47167.0000    46319.2898  2150301    1.80%
  77770 50633    infeasible          47167.0000    46319.2898  2169172    1.80%
  77959 50809    46632.4348   196    47167.0000    46319.2898  2188151    1.80%
  78272 51102    46635.3750   207    47167.0000    46319.2898  2206538    1.80%
  78526 51346    46400.9531   286    47167.0000    46319.2898  2225961    1.80%
  78831 51638    46355.3110   409    47167.0000    46319.2898  2247492    1.80%
  79176 51965    46465.5750   339    47167.0000    46319.2898  2266941    1.80%
  79402 52182    46507.4211   253    47167.0000    46319.2898  2284528    1.80%
Elapsed time = 403.97 sec. (520413.79 ticks, tree = 411.30 MB, solutions = 24)
  79631 52389    46381.0707   298    47167.0000    46319.2898  2304818    1.80%
  79856 52604    47147.0000   168    47167.0000    46319.2898  2323613    1.80%
  80170 52906    46353.9653   388    47167.0000    46319.2898  2344843    1.80%
  80335 53064    46617.6340   264    47167.0000    46319.2898  2359553    1.80%
  80532 53252    46516.7778   308    47167.0000    46319.2898  2377052    1.80%
  80861 53575    46664.0000   173    47167.0000    46319.2898  2397053    1.80%
  81029 53736    46874.3790   306    47167.0000    46319.2898  2419421    1.80%
* 81182+53023                        47142.0000    46319.2898             1.75%
  81182 53025    46581.3371   240    47142.0000    46319.2898  2436498    1.75%
  81282 53118    46563.9723   262    47142.0000    46319.2898  2442733    1.75%
  81492 53318    46545.0450   302    47142.0000    46319.2898  2463157    1.75%
Elapsed time = 442.37 sec. (567916.54 ticks, tree = 430.09 MB, solutions = 25)
  81585 53396    46435.2632   266    47142.0000    46319.2898  2487366    1.75%
  81847 53645    46470.8021   271    47142.0000    46319.2898  2505015    1.75%
  82158 53927    46664.0000   160    47142.0000    46319.2898  2526784    1.75%
  82441 54194    46598.8781   266    47142.0000    46319.3026  2549399    1.75%
  82607 54350    46457.0146   207    47142.0000    46319.3221  2570365    1.75%
  82820 54546    46356.0099   325    47142.0000    46319.3561  2589959    1.75%
  83077 54785    46387.4251   297    47142.0000    46319.3921  2612358    1.74%
  83348 55048    46367.1405   276    47142.0000    46319.4094  2631020    1.74%
  83602 55293    46508.8713   225    47142.0000    46319.4282  2651853    1.74%
  83778 55448    46433.0954   213    47142.0000    46319.4282  2671267    1.74%
Elapsed time = 474.15 sec. (606487.81 ticks, tree = 461.95 MB, solutions = 25)
  83904 55569    46430.4325   266    47142.0000    46319.4417  2687818    1.74%
  84053 55712    46567.0149   301    47142.0000    46319.4417  2706957    1.74%
  84252 55889    46427.6694   341    47142.0000    46319.5166  2727051    1.74%
  84507 56127    46499.1129   235    47142.0000    46319.5342  2741613    1.74%
  84602 56212    46441.8038   387    47142.0000    46319.5482  2761087    1.74%
  84730 56328    46425.7145   460    47142.0000    46319.5482  2776781    1.74%
  84782 56380    46533.8333   348    47142.0000    46319.5482  2779633    1.74%
  84941 56531    46606.4639   278    47142.0000    46319.5482  2797985    1.74%
  85064 56643    46425.8469   400    47142.0000    46319.5482  2818198    1.74%
  85232 56807    46609.8829   323    47142.0000    46319.5482  2834293    1.74%
Elapsed time = 509.14 sec. (648453.13 ticks, tree = 482.30 MB, solutions = 25)
  85373 56943    46677.0758   342    47142.0000    46319.5482  2853664    1.74%
  85448 57009    46509.2968   268    47142.0000    46319.5482  2873646    1.74%
  85606 57157        cutoff          47142.0000    46319.5850  2891302    1.74%
  85815 57349    46383.8993   404    47142.0000    46319.6095  2913142    1.74%
  86028 57554    46413.4780   322    47142.0000    46319.6095  2931288    1.74%
  86306 57818    46683.4087   277    47142.0000    46319.6095  2954302    1.74%
  86505 57994    46389.4613   354    47142.0000    46319.6095  2977149    1.74%
  86734 58203    46540.5873   274    47142.0000    46319.6095  2995549    1.74%
  86946 58398        cutoff          47142.0000    46319.6095  3019356    1.74%
  87034 58480    46428.7241   326    47142.0000    46319.6095  3041591    1.74%
Elapsed time = 542.59 sec. (687456.66 ticks, tree = 507.37 MB, solutions = 25)
  87220 58650        cutoff          47142.0000    46319.6095  3064240    1.74%
  87438 58860    46620.3384   324    47142.0000    46319.6095  3083311    1.74%
  87482 58900    46561.9139   308    47142.0000    46319.6095  3089802    1.74%
  87764 59165    46494.0686   320    47142.0000    46319.6095  3110197    1.74%
  87960 59350    46428.6758   359    47142.0000    46319.6095  3131206    1.74%
  88137 59515    46383.8140   410    47142.0000    46319.6095  3156032    1.74%
  88332 59702    46571.1474   242    47142.0000    46319.6095  3175944    1.74%
  88554 59897    46379.5949   373    47142.0000    46319.6095  3204930    1.74%
  88726 60065    46719.7450   313    47142.0000    46319.6095  3221750    1.74%
  88876 60197    46354.3953   361    47142.0000    46319.6095  3239959    1.74%
Elapsed time = 576.75 sec. (728030.88 ticks, tree = 533.08 MB, solutions = 25)
  89057 60370    46381.8828   333    47142.0000    46319.6095  3255810    1.74%
  89236 60538    46431.2310   356    47142.0000    46319.6095  3272242    1.74%
  89469 60752    46384.4901   402    47142.0000    46319.6095  3289492    1.74%
  89662 60922    46525.5469   296    47142.0000    46319.6095  3305606    1.74%
* 89682+51050                        46794.0000    46319.6095             1.01%
  89782 51136    46464.3218   303    46794.0000    46319.6095  3318911    1.01%
  89882 51232    46502.5219   281    46794.0000    46319.6095  3325595    1.01%
  90091 51430    46354.4076   385    46794.0000    46319.6095  3344926    1.01%
  90234 51563    46362.1027   369    46794.0000    46319.6095  3362783    1.01%
  90341 51661    46378.6385   418    46794.0000    46319.6095  3381630    1.01%
  90545 51858    46379.8063   340    46794.0000    46319.6095  3399612    1.01%
Elapsed time = 611.55 sec. (769797.85 ticks, tree = 474.50 MB, solutions = 26)
  90676 51979    46379.7674   396    46794.0000    46319.6095  3420037    1.01%
  90760 52063    46591.8333   315    46794.0000    46319.6095  3425129    1.01%
  90934 52222    46387.0238   355    46794.0000    46319.6095  3448637    1.01%
  91091 52369    46354.7075   355    46794.0000    46319.6095  3465788    1.01%
  91303 52564    46472.8333   303    46794.0000    46319.6095  3484270    1.01%
  91501 52752    46487.8832   274    46794.0000    46319.6095  3504842    1.01%
  91685 52917    46354.6646   395    46794.0000    46319.6095  3528204    1.01%
  91938 53155    46475.9002   326    46794.0000    46319.6286  3546148    1.01%
  92262 53462    46721.0000   140    46794.0000    46319.6367  3566015    1.01%
  92547 53735    46356.8919   333    46794.0000    46319.6623  3589831    1.01%
Elapsed time = 644.47 sec. (808788.13 ticks, tree = 502.61 MB, solutions = 26)
  92855 54033    46431.2362   316    46794.0000    46319.7100  3605671    1.01%
  93042 54201    46356.7897   412    46794.0000    46319.7183  3626321    1.01%
  93260 54401    46461.4782   310    46794.0000    46319.7183  3645183    1.01%
  93452 54580    46509.4328   296    46794.0000    46319.7183  3666504    1.01%
  93582 54690    46483.3105   262    46794.0000    46319.7183  3687659    1.01%
  93789 54885    46697.4496   302    46794.0000    46319.7183  3707183    1.01%
  93978 55060    46442.0556   315    46794.0000    46319.7183  3728113    1.01%
  94264 55336    46537.8333   248    46794.0000    46319.7183  3748414    1.01%
  94316 55378    46431.5724   352    46794.0000    46319.7183  3773777    1.01%
  94556 55603    46627.9573   261    46794.0000    46319.7183  3794675    1.01%
Elapsed time = 682.09 sec. (853649.02 ticks, tree = 530.60 MB, solutions = 26)
  94701 55728    46494.1100   270    46794.0000    46319.7183  3812077    1.01%
  94804 55825    46439.9560   327    46794.0000    46319.7300  3829724    1.01%
  94916 55926    46389.1432   408    46794.0000    46319.7300  3850109    1.01%
  95067 56073    46416.2215   322    46794.0000    46319.7300  3869835    1.01%
  95238 56237    46537.8333   303    46794.0000    46319.7359  3886891    1.01%
  95374 56358    46381.3540   302    46794.0000    46319.7568  3903978    1.01%
  95594 56559    46568.8622   252    46794.0000    46319.7708  3921027    1.01%
  95777 56727    46367.5399   333    46794.0000    46319.7801  3939173    1.01%
  96080 57022    46584.3507   252    46794.0000    46319.8011  3957547    1.01%
  96290 57218    46353.6382   354    46794.0000    46319.8207  3974084    1.01%
Elapsed time = 714.83 sec. (892322.07 ticks, tree = 554.80 MB, solutions = 26)
  96478 57398    46751.7000   181    46794.0000    46319.8672  3990781    1.01%
  96721 57626    46534.8532   240    46794.0000    46319.8881  4011167    1.01%
  96912 57804    46698.8397   247    46794.0000    46319.9433  4028237    1.01%
  97054 57938    46537.8333   176    46794.0000    46319.9491  4037076    1.01%
  97247 58104    46353.4874   364    46794.0000    46319.9918  4060734    1.01%
  97455 58293    46353.8715   337    46794.0000    46319.9918  4081509    1.01%
  97577 58401    46468.7004   243    46794.0000    46319.9918  4100895    1.01%
  97878 58686    46501.6582   267    46794.0000    46320.0117  4124168    1.01%
  98127 58915    46444.7196   281    46794.0000    46320.0458  4143789    1.01%
  98387 59150    46464.5504   294    46794.0000    46320.0593  4166440    1.01%
Elapsed time = 747.15 sec. (930902.50 ticks, tree = 583.79 MB, solutions = 26)
  98482 59237    46649.8470   263    46794.0000    46320.0593  4173404    1.01%
  98722 59456    infeasible          46794.0000    46320.0677  4197278    1.01%
  98958 59674    46620.7934   218    46794.0000    46320.0715  4218445    1.01%
  99187 59872    46461.5227   278    46794.0000    46320.0935  4238138    1.01%
  99415 60079    46395.1545   291    46794.0000    46320.1305  4261740    1.01%
  99569 60215    46710.6350   179    46794.0000    46320.1305  4285389    1.01%
  99694 60318    46480.2362   256    46794.0000    46320.1305  4310179    1.01%
  99927 60529    46426.0005   273    46794.0000    46320.1371  4333099    1.01%
 100177 60759    46502.0814   301    46794.0000    46320.1374  4357092    1.01%
 100443 61007    46371.8317   361    46794.0000    46320.1442  4380552    1.01%
Elapsed time = 780.67 sec. (971006.31 ticks, tree = 611.71 MB, solutions = 26)
 100652 61195    46353.4602   361    46794.0000    46320.1672  4405650    1.01%
 100782 61309    46498.7582   273    46794.0000    46320.1672  4425621    1.01%
 100931 61440    46579.9015   208    46794.0000    46320.1895  4449792    1.01%
 101131 61619    46491.7933   342    46794.0000    46320.1906  4477793    1.01%
 101231 61701    46490.5897   360    46794.0000    46320.1906  4497140    1.01%
 101346 61804    46443.4090   304    46794.0000    46320.1958  4516378    1.01%
 101482 61922    46634.0000   183    46794.0000    46320.1970  4533872    1.01%
Starting limited solution polishing.
 101658 62084    46504.4468   254    46794.0000    46320.1972  4554128    1.01%
 101782 62193    46567.8333   255    46794.0000    46320.1972  4566763    1.01%
 101939 62337    46521.6305   266    46794.0000    46320.1975  4586495    1.01%
Elapsed time = 818.20 sec. (1016572.21 ticks, tree = 631.72 MB, solutions = 26)
 102082 62464    46563.8792   258    46794.0000    46320.1978  4600795    1.01%
 102282 62642    46528.7176   235    46794.0000    46320.2051  4616773    1.01%
 102382 62729    46527.7710   257    46794.0000    46320.2051  4632799    1.01%
 102482 62817    46594.5636   214    46794.0000    46320.2051  4645281    1.01%
 102583 62904    46495.4386   233    46794.0000    46320.2051  4661254    1.01%
 102707 63016    46505.8962   262    46794.0000    46320.2051  4679529    1.01%
 102782 63084    46591.2108   290    46794.0000    46320.2051  4693831    1.01%
 102882 63176    46712.2053   239    46794.0000    46320.2051  4706742    1.01%
 102969 63251    46441.6572   201    46794.0000    46320.2051  4726509    1.01%
 103066 63338    46384.8897   269    46794.0000    46320.2051  4741517    1.01%
Elapsed time = 853.91 sec. (1060002.94 ticks, tree = 646.84 MB, solutions = 26)
 103141 63402    46376.4976   292    46794.0000    46320.2117  4753517    1.01%
*103182+56589                        46747.0000    46320.2117             0.91%
 103268 56658    46425.7018   327    46747.0000    46320.2117  4770465    0.91%
 103348 56730    46424.5394   337    46747.0000    46320.2429  4781392    0.91%
 103482 56860    46594.0000   200    46747.0000    46320.2659  4786565    0.91%
*103682+42115                        46645.0000    46320.2659             0.70%
 103727 42148    46380.3774   341    46645.0000    46320.2659  4802863    0.70%
 103828 42235    46437.0538   292    46645.0000    46320.2659  4820976    0.70%
 103882 42281    46561.6302   220    46645.0000    46320.2659  4827317    0.70%
 103982 42359    46429.2480   337    46645.0000    46320.2659  4843692    0.70%
 104182 42542    46602.0000   221    46645.0000    46320.2726  4860288    0.70%
 104282 42642    46602.0000   207    46645.0000    46320.2726  4864550    0.70%
Elapsed time = 890.13 sec. (1106214.67 ticks, tree = 459.19 MB, solutions = 28)
 104462 42811    46438.5319   338    46645.0000    46320.2726  4884844    0.70%
 104491 42836    46436.8768   371    46645.0000    46320.2726  4890019    0.70%
 104582 42914    46526.8333   263    46645.0000    46320.2822  4907189    0.70%

Clique cuts applied:  65
Cover cuts applied:  901
Implied bound cuts applied:  2
Flow cuts applied:  23
Mixed integer rounding cuts applied:  201
Zero-half cuts applied:  73
Lift and project cuts applied:  1
Gomory fractional cuts applied:  25

Root node processing (before b&c):
  Real time             =    1.45 sec. (2018.10 ticks)
Sequential b&c:
  Real time             =  898.55 sec. (1116834.61 ticks)
                          ------------
Total (root+branch&cut) =  900.00 sec. (1118852.70 ticks)
MIP: [1;32mCPLEX finished.[0m
MIP: [1;32mCPLEX status: Feasible[0m
MIP: [1;32mSolution: 
[16, 20, 57, 11, 36, 19, 54, 52, 15, 4, 50, 17, 13, 3, 58, 52, 56, 16, 8, 27, 25, 19, 10, 16, 21, 46, 53, 23, 44, 40, 8, 14, 15, 36, 48, 6, 43, 18, 5, 44, 2, 6, 57, 38, 39, 33, 48, 13, 41, 3, 52, 54, 7, 3, 5, 6, 48, 43, 37, 42, 39, 10, 7, 45, 30, 23, 26, 37, 30, 12, 42, 41, 6, 47, 34, 26, 4, 45, 40, 47, 35, 4, 2, 25, 40, 9, 46, 36, 38, 35, 20, 24, 33, 14, 23, 9, 53, 44, 8, 31][-1, -1, 32, 19, 31, 30, 25, 0, 6, 21, 8, 4, 27, 15, 25, 7, 27, 32, 28, 11, 31, 22, -1, 34, 33, 21, 28, 19, -1, -1, 18, 20, -1, 20, 26, 1, 3, 1, 34, 37, 33, 14, 18, 15, 29, 26, 22, 30, 30, -1, 14, -1, 29, 11, 13, -1, 6, 4, 8][0m
MIP: [1;32mObjective value: 46645[0m
MIP: [1;32mLower Bound: 46320.3[0m
MIP: [1;32mBranch-and-Bound nodes: 104585[0m

# best solution:
best objective value:	46645
best dual bound value:	46320
optimality gap:	0.696752%
CPU time:	897.535
