ifile	/scratch/csagturk/mlbp_inst/n0100_m04__001.inst
prob	MLBP
threads	1
ttime	900
instance: /scratch/csagturk/mlbp_inst/n0100_m04__001.inst
	m=4, n=[100, 49, 35, 28, 21]
MIP: [1;32minit CPLEX[0m
CAN: [1;35mcreated 8183 x_{ijk} variables[0m
CAN: [1;35mcreated 233 y_{ij} variables[0m
MIP: [1;32mcreated decision variables[0m
CAN: [1;35madded 100 constraints to enforce the packing of each item[0m
CAN: [1;35madded 112 constraints to enforce the packing of each item[0m
CAN: [1;35madded 133 capacity constraints[0m
MIP: [1;32mcreated constraints[0m
MIP: [1;32mcreated objective function[0m
MIP: [1;32mcalling CPLEX solve ...[0m
Version identifier: 22.1.0.0 | 2022-03-09 | 1a383f8ce
CPXPARAM_Threads                                 1
CPXPARAM_TimeLimit                               900
Tried aggregator 2 times.
MIP Presolve eliminated 0 rows and 1101 columns.
MIP Presolve modified 811 coefficients.
Aggregator did 336 substitutions.
Reduced MIP has 1017 rows, 7999 columns, and 15977 nonzeros.
Reduced MIP has 7663 binaries, 0 generals, 0 SOSs, and 220 indicators.
Presolve time = 0.02 sec. (26.20 ticks)
Probing fixed 0 vars, tightened 129 bounds.
Probing changed sense of 112 constraints.
Probing time = 0.06 sec. (56.13 ticks)
Tried aggregator 1 time.
Detecting symmetries...
MIP Presolve eliminated 672 rows and 784 columns.
Reduced MIP has 345 rows, 7215 columns, and 14409 nonzeros.
Reduced MIP has 7215 binaries, 0 generals, 0 SOSs, and 0 indicators.
Presolve time = 0.02 sec. (23.22 ticks)
Probing time = 0.00 sec. (3.39 ticks)
Clique table members: 1811.
MIP emphasis: balance optimality and feasibility.
MIP search method: dynamic search.
Parallel mode: none, using 1 thread.
Root relaxation solution time = 0.01 sec. (25.88 ticks)

        Nodes                                         Cuts/
   Node  Left     Objective  IInf  Best Integer    Best Bound    ItCnt     Gap

      0     0    67907.1391   157                  67907.1391      774         
      0     0    67916.6403   273                   Cuts: 186     1357         
      0     0    67935.6832   319                   Cuts: 186     1925         
      0     0    67949.0840   240                   Cuts: 186     2514         
      0     0    68003.1738   261                   Cuts: 186     3241         
      0     0    68022.8471   288                   Cuts: 186     3911         
      0     0    68072.0003   236                   Cuts: 186     4550         
      0     0    68094.2321   237                   Cuts: 186     5203         
      0     0    68102.2811   310                   Cuts: 172     5810         
      0     0    68110.7297   259                   Cuts: 186     6379         
      0     0    68119.3290   310                   Cuts: 177     6984         
      0     0    68124.1028   302                   Cuts: 183     7488         
      0     0    68129.3174   293                   Cuts: 152     8043         
*     0+    0                        89763.0000    68129.3174            24.10%
*     0+    0                        85280.0000    68129.3174            20.11%
*     0+    0                        83916.0000    68129.3174            18.81%
*     0+    0                        83671.0000    68129.3174            18.57%
      0     0  -1.00000e+75     0    83671.0000    68129.3174     8043   18.57%
      0     2    68129.3174   232    83671.0000    68129.3242     8043   18.57%
Elapsed time = 1.52 sec. (1923.49 ticks, tree = 0.01 MB, solutions = 4)
     57    59    68243.3664   165    83671.0000    68129.3242     9071   18.57%
    100   102    68215.1203   161    83671.0000    68129.3242    10105   18.57%
    184   186    68300.0494   127    83671.0000    68129.3242    11990   18.57%
    266   266    infeasible          83671.0000    68129.3242    14206   18.57%
    378   368    70221.9111    77    83671.0000    68129.3242    15668   18.57%
    470   456    70422.3197    66    83671.0000    68129.3242    16946   18.57%
*   484+  466                        83427.0000    68129.3242            18.34%
*   485+  467                        82839.0000    68129.3242            17.76%
*   485+  467                        82392.0000    68129.3242            17.31%
    485   469    68138.4667   223    82392.0000    68136.7319    17184   17.30%
*   486+  468                        81639.0000    68136.7319            16.54%
*   486+  468                        81417.0000    68136.7319            16.31%
*   486+  468                        81131.0000    68136.7319            16.02%
    550   534    68176.5890   193    81131.0000    68136.7319    18048   16.02%

Performing restart 1

Repeating presolve.
Tried aggregator 1 time.
MIP Presolve modified 957 coefficients.
Reduced MIP has 345 rows, 7215 columns, and 14409 nonzeros.
Reduced MIP has 7215 binaries, 0 generals, 0 SOSs, and 0 indicators.
Presolve time = 0.02 sec. (18.10 ticks)
Tried aggregator 1 time.
MIP Presolve modified 420 coefficients.
Reduced MIP has 345 rows, 7215 columns, and 14409 nonzeros.
Reduced MIP has 7215 binaries, 0 generals, 0 SOSs, and 0 indicators.
Presolve time = 0.02 sec. (21.15 ticks)
Represolve time = 0.16 sec. (126.71 ticks)
    596     0    67882.2846   314    81131.0000     Cuts: 186    21761   16.02%
    596     0    67922.0409   317    81131.0000     Cuts: 186    22429   16.02%
    596     0    68052.4779   280    81131.0000     Cuts: 186    23118   16.02%
*   596+    0                        81098.0000    68136.7319            15.98%
*   596+    0                        78478.0000    68136.7319            13.18%
*   596+    0                        78253.0000    68136.7319            12.93%
    596     0  -1.00000e+75     0    78253.0000    68136.7319    23118   12.93%
    596     0    68072.5579   319    78253.0000     Cuts: 183    23846   12.93%
    596     0    68136.9168   341    78253.0000     Cuts: 186    24920   12.93%
    596     0    68149.6058   347    78253.0000     Cuts: 186    26044   12.91%
    596     0    68168.3482   317    78253.0000     Cuts: 186    27092   12.89%
    596     0    68196.2090   313    78253.0000     Cuts: 156    27943   12.85%
    596     0    68209.4413   334    78253.0000     Cuts: 158    29464   12.83%
    596     0    68216.9830   348    78253.0000     Cuts: 179    30519   12.83%
    596     0    68223.3063   336    78253.0000     Cuts: 173    31467   12.82%
    596     0    68229.4983   360    78253.0000     Cuts: 158    33362   12.81%
    596     0    68240.2247   313    78253.0000     Cuts: 157    34685   12.80%
    596     0    68245.4339   340    78253.0000     Cuts: 155    35436   12.79%
    596     0    68251.3382   329    78253.0000     Cuts: 142    36787   12.78%
    596     0    68258.8431   369    78253.0000     Cuts: 160    37630   12.77%
    596     0    68263.4660   327    78253.0000     Cuts: 147    38639   12.77%
    596     0    68267.9628   394    78253.0000     Cuts: 138    39240   12.76%
    596     0    68271.3059   352    78253.0000      Cuts: 96    40030   12.76%
    596     0    68275.2113   342    78253.0000     Cuts: 153    41153   12.75%
    596     0    68276.8473   314    78253.0000     Cuts: 109    42079   12.75%
    596     0    68283.0893   314    78253.0000     Cuts: 137    43848   12.74%
    596     0    68286.9327   347    78253.0000     Cuts: 107    44817   12.74%
    596     2    68286.9327   264    78253.0000    68287.1424    44817   12.74%
    602     8    68390.9670   264    78253.0000    68301.5040    46298   12.72%
Elapsed time = 13.85 sec. (17536.23 ticks, tree = 0.06 MB, solutions = 13)
    615    21    68608.4820   245    78253.0000    68301.5040    47876   12.72%
    643    49    69041.6537   195    78253.0000    68301.5040    49186   12.72%
    734   136    70928.2364   121    78253.0000    68301.5040    51647   12.72%
    785   181    68543.3892   223    78253.0000    68311.2586    54222   12.70%
    880   276    70207.0073   177    78253.0000    68311.2586    57981   12.70%
    980   366    68698.3241   202    78253.0000    68327.3403    62334   12.68%
   1102   488    70050.1070   145    78253.0000    68327.5485    65792   12.68%
   1208   584        cutoff          78253.0000    68334.9580    70192   12.67%
   1314   686    69099.8213   168    78253.0000    68335.7042    74649   12.67%
   1411   777    68337.8266   278    78253.0000    68337.9396    77669   12.67%
Elapsed time = 21.10 sec. (27243.68 ticks, tree = 6.80 MB, solutions = 13)
   1547   909    68342.6419   274    78253.0000    68338.8926    82571   12.67%
   1713  1068    68352.8822   247    78253.0000    68342.3009    88927   12.66%
   1883  1235    68414.0635   235    78253.0000    68343.3134    92156   12.66%
   1958  1306    68542.2009   269    78253.0000    68343.5820    96739   12.66%
   2086  1434    70340.1862   155    78253.0000    68343.5820   102609   12.66%
   2276  1612    69441.2944   165    78253.0000    68343.6051   107444   12.66%
   2368  1696    infeasible          78253.0000    68344.5552   112098   12.66%
   2514  1836    68563.2864   283    78253.0000    68346.0615   118561   12.66%
   2642  1956    71859.6169   209    78253.0000    68346.0615   124542   12.66%
   2762  2072    68933.0172   195    78253.0000    68346.1790   129416   12.66%
Elapsed time = 29.02 sec. (37631.34 ticks, tree = 18.66 MB, solutions = 13)
   2844  2154    70388.2734   193    78253.0000    68346.1790   135552   12.66%
   2949  2255    69661.3735   157    78253.0000    68346.6153   140265   12.66%
   3103  2397    69449.4321   237    78253.0000    68346.7774   146898   12.66%
   3159  2449    69043.3711   169    78253.0000    68348.1488   150868   12.66%
   3367  2643    68634.0876   253    78253.0000    68348.5620   155555   12.66%
   3488  2758    68385.5051   272    78253.0000    68350.1724   161418   12.65%
   3621  2879    68457.3997   247    78253.0000    68350.4110   168979   12.65%
   3811  3065    68409.0447   260    78253.0000    68351.1019   174521   12.65%
   3917  3167    69046.3021   197    78253.0000    68352.3410   182616   12.65%
   4144  3389    68606.1219   248    78253.0000    68353.8044   187216   12.65%
Elapsed time = 36.63 sec. (47583.75 ticks, tree = 30.85 MB, solutions = 13)
   4287  3523    68464.1318   242    78253.0000    68354.7745   195490   12.65%
   4477  3709    71843.5221   142    78253.0000    68354.7745   202675   12.65%
   4581  3798    68402.9126   281    78253.0000    68356.2779   207520   12.65%
   4683  3896    69058.7674   218    78253.0000    68356.6985   213383   12.65%
   4866  4073    71218.2065   177    78253.0000    68356.9734   220605   12.65%
   4977  4179    69400.2803   181    78253.0000    68357.1960   226084   12.65%
*  4996+ 4196                        78174.0000    68357.1960            12.56%
   5125  4315    68852.5230   186    78174.0000    68357.8115   232654   12.56%
   5274  4460    69956.7672   179    78174.0000    68359.4037   239170   12.55%
   5441  4620    70674.2818   199    78174.0000    68359.4279   245181   12.55%
   5575  4750    69026.6462   235    78174.0000    68359.4754   251022   12.55%
Elapsed time = 43.96 sec. (57238.44 ticks, tree = 43.60 MB, solutions = 14)
   5596  4765    68484.9566   232    78174.0000    68359.5555   254080   12.55%
   5776  4935    68416.9557   307    78174.0000    68359.5915   261028   12.55%
   6016  5171    73637.8000   104    78174.0000    68359.6357   267610   12.55%
   6259  5401    68886.1895   204    78174.0000    68359.7133   272034   12.55%
   6443  5577    71482.2691   170    78174.0000    68359.7172   278965   12.55%
   6603  5729        cutoff          78174.0000    68359.7933   286574   12.55%
   6722  5840    68369.7213   292    78174.0000    68361.5916   293378   12.55%
   6887  5999    69217.0536   205    78174.0000    68362.0151   301143   12.55%
   7020  6123    68398.5959   276    78174.0000    68362.6447   307147   12.55%
   7159  6258    72713.5731   150    78174.0000    68362.6447   315345   12.55%
Elapsed time = 53.79 sec. (70282.50 ticks, tree = 57.58 MB, solutions = 14)
   7412  6489    68547.6276   273    78174.0000    68362.9178   321536   12.55%
   7548  6621    68993.2139   213    78174.0000    68362.9307   327637   12.55%
   7687  6749        cutoff          78174.0000    68362.9466   335717   12.55%
   7795  6857    70309.0082   187    78174.0000    68363.4037   342608   12.55%
   7869  6924    68847.6536   214    78174.0000    68363.8862   347972   12.55%
   8077  7122    68531.5549   224    78174.0000    68364.8413   353912   12.55%
   8206  7243    68413.3957   250    78174.0000    68364.8572   358594   12.55%
   8386  7419    69218.2435   197    78174.0000    68365.0536   364721   12.55%
   8573  7600    73037.0000   143    78174.0000    68365.0809   371568   12.55%
   8782  7799    68981.5258   175    78174.0000    68365.2068   376526   12.55%
Elapsed time = 61.20 sec. (80072.05 ticks, tree = 71.82 MB, solutions = 14)
   8976  7984    68677.5864   239    78174.0000    68365.3087   383185   12.55%
   9126  8128    68420.2175   238    78174.0000    68365.4589   388047   12.55%
   9346  8338    74443.0000    93    78174.0000    68365.4589   394336   12.55%
   9545  8532    69756.7595   218    78174.0000    68365.5167   400523   12.55%
   9712  8692    69390.7238   185    78174.0000    68366.0381   405976   12.55%
   9846  8819    70118.2900   174    78174.0000    68366.1818   411024   12.55%
   9961  8927    69640.2244   183    78174.0000    68366.2801   417892   12.55%
  10123  9083    69306.4520   203    78174.0000    68366.6521   423157   12.55%
* 10276+ 9231                        77922.0000    68366.7563            12.26%
* 10276+ 9231                        77917.0000    68366.7563            12.26%
* 10276+ 9231                        77343.0000    68366.7563            11.61%
* 10276+ 9231                        77099.0000    68366.7563            11.33%
* 10276+ 9231                        76635.0000    68366.7563            10.79%
* 10276+ 9230                        75241.0000    68366.7563             9.14%
* 10276+ 9230                        75174.0000    68366.7563             9.06%
* 10276+ 9230                        75044.0000    68366.7563             8.90%
* 10276+ 9230                        74917.0000    68366.7563             8.74%
* 10276+ 8850                        74374.0000    68366.7563             8.08%
* 10276+ 8683                        73925.0000    68366.7563             7.52%
* 10276+ 8603                        73591.0000    68366.7563             7.10%
* 10276+ 8090                        71725.0000    68366.7563             4.68%
  10276  8092    69130.9861   186    71725.0000    68366.7563   426940    4.68%
  10277  8093    68411.9003   239    71725.0000    68367.0191   427713    4.68%
Elapsed time = 97.09 sec. (124602.08 ticks, tree = 74.76 MB, solutions = 27)
  10398  8210    68724.9786   225    71725.0000    68367.9452   433959    4.68%
  10484  8292    68743.8993   256    71725.0000    68368.1583   438609    4.68%
  10685  8482    70926.5260   183    71725.0000    68368.5877   444598    4.68%
  10844  8637    70857.1393   150    71725.0000    68368.5892   451055    4.68%
  10992  8775    68429.6797   235    71725.0000    68368.9763   455528    4.68%
  11169  8948    69041.9793   212    71725.0000    68369.2933   461911    4.68%
  11313  9083    68415.6513   264    71725.0000    68370.4458   466395    4.68%
  11419  9183    69224.6462   202    71725.0000    68370.9484   472937    4.68%
  11615  9368    69042.9629   191    71725.0000    68371.1804   479192    4.68%
  11755  9503    68854.9940   202    71725.0000    68371.2671   483908    4.68%
Elapsed time = 104.44 sec. (134264.91 ticks, tree = 87.72 MB, solutions = 27)
  11963  9700    71053.7491   163    71725.0000    68371.3523   489443    4.68%
  12160  9877    68604.3246   248    71725.0000    68371.9902   496114    4.67%
  12334 10047    68519.0459   256    71725.0000    68372.4329   500953    4.67%
  12498 10205    68604.1203   221    71725.0000    68372.4535   508350    4.67%
  12596 10297    68767.0177   205    71725.0000    68373.1331   514425    4.67%
  12696 10391        cutoff          71725.0000    68373.1331   521552    4.67%
  12866 10558    68384.5183   238    71725.0000    68373.5481   525540    4.67%
  12966 10641    68450.4465   280    71725.0000    68374.0168   531845    4.67%
  13116 10779    69140.4901   180    71725.0000    68374.0539   538959    4.67%
  13596 11243    71552.3166   168    71725.0000    68375.1624   554143    4.67%
Elapsed time = 115.30 sec. (148394.16 ticks, tree = 103.80 MB, solutions = 27)
  14299 11911    70115.6695   193    71725.0000    68375.7007   579085    4.67%
  15004 12576    69920.1084   179    71725.0000    68377.6545   602791    4.67%
  15498 13028    70824.9820   142    71725.0000    68378.0872   627018    4.67%
  15922 13423    68440.4720   273    71725.0000    68378.7905   647935    4.67%
  16378 13838    69013.2825   245    71725.0000    68379.0415   671633    4.66%
  16959 14384    68618.7683   240    71725.0000    68379.2788   693877    4.66%
  17398 14791    68651.8351   228    71725.0000    68381.2125   715621    4.66%
  17596 14966    68958.4979   258    71725.0000    68381.4421   727190    4.66%
  18014 15364    68412.9721   292    71725.0000    68382.0374   745549    4.66%
  18417 15744    68695.2057   248    71725.0000    68382.4530   765166    4.66%
Elapsed time = 145.16 sec. (187690.14 ticks, tree = 147.17 MB, solutions = 27)
  18766 16072    68391.6850   327    71725.0000    68382.8647   785654    4.66%
  19056 16346    69389.2872   190    71725.0000    68383.3929   806525    4.66%
  19347 16624    69807.4208   209    71725.0000    68383.4514   825109    4.66%
  19550 16808    68531.5193   302    71725.0000    68383.8984   844022    4.66%
  19769 17011    68416.8766   290    71725.0000    68384.0060   866335    4.66%
  20038 17266    68583.2477   257    71725.0000    68384.2843   885533    4.66%

Performing restart 2

Repeating presolve.
Tried aggregator 1 time.
MIP Presolve modified 420 coefficients.
Reduced MIP has 345 rows, 7215 columns, and 14409 nonzeros.
Reduced MIP has 7215 binaries, 0 generals, 0 SOSs, and 0 indicators.
Presolve time = 0.02 sec. (17.24 ticks)
Tried aggregator 1 time.
MIP Presolve modified 420 coefficients.
Reduced MIP has 345 rows, 7215 columns, and 14409 nonzeros.
Reduced MIP has 7215 binaries, 0 generals, 0 SOSs, and 0 indicators.
Presolve time = 0.02 sec. (21.15 ticks)
Represolve time = 0.38 sec. (255.67 ticks)
  20176     0    68298.0529   377    71725.0000     Cuts: 159   905715    4.66%
  20176     0    68305.3429   361    71725.0000     Cuts: 140   907133    4.66%
  20176     0    68309.6090   391    71725.0000     Cuts: 136   908088    4.66%
  20176     0    68313.6155   330    71725.0000     Cuts: 105   908921    4.66%
  20176     0    68319.4668   347    71725.0000     Cuts: 172   909748    4.66%
  20176     0    68321.8638   335    71725.0000     Cuts: 105   910609    4.66%
  20176     0    68323.1679   353    71725.0000     Cuts: 148   911729    4.66%
  20176     0    68328.0919   386    71725.0000     Cuts: 107   912463    4.66%
  20176     0    68333.0816   336    71725.0000     Cuts: 120   912897    4.66%
  20176     0    68338.5237   332    71725.0000     Cuts: 118   914092    4.66%
  20176     0    68340.6066   358    71725.0000     Cuts: 150   914717    4.66%
  20176     0    68342.2377   327    71725.0000      Cuts: 83   915198    4.66%
  20176     0    68343.1930   309    71725.0000     Cuts: 132   915848    4.66%
  20176     0    68343.4542   331    71725.0000     Cuts: 128   916325    4.66%
  20176     2    68343.4542   254    71725.0000    68384.3484   916325    4.66%
  20197    23    68603.9975   222    71725.0000    68384.3484   919370    4.66%
  20342   165    69025.6317   198    71725.0000    68384.3484   923502    4.66%
  20547   364    69850.8336   193    71725.0000    68384.3484   929449    4.66%
Elapsed time = 181.47 sec. (233694.45 ticks, tree = 2.66 MB, solutions = 27)
  20811   623    68988.0316   204    71725.0000    68384.3484   937703    4.66%
  21294  1095    69257.1431   192    71725.0000    68389.3114   951508    4.65%
  21911  1691    68757.6633   176    71725.0000    68393.0794   963291    4.65%
  22403  2144    68775.0547   185    71725.0000    68396.3690   981520    4.64%
  23246  2963    68638.9167   237    71725.0000    68405.3910   999104    4.63%
  23884  3554    70223.9215   209    71725.0000    68405.8605  1012785    4.63%
  24580  4219    68479.9521   310    71725.0000    68405.8605  1027154    4.63%
  25063  4692    71423.9158   150    71725.0000    68406.7424  1043348    4.63%
  25578  5197    68541.0882   238    71725.0000    68407.3594  1053547    4.63%
  26157  5768    70832.7790   218    71725.0000    68408.5137  1072369    4.62%
Elapsed time = 210.22 sec. (271961.86 ticks, tree = 44.20 MB, solutions = 27)
  26846  6446    68693.4289   259    71725.0000    68411.7885  1086893    4.62%
  27176  6752    68562.7180   176    71725.0000    68413.0142  1096367    4.62%
* 27376+ 6936                        71667.0000    68413.2253             4.54%
  27725  7267    68475.5532   292    71667.0000    68416.9434  1112204    4.53%
  28477  7992    68960.1529   214    71667.0000    68418.9256  1128274    4.53%
  29066  8557    68614.4896   222    71667.0000    68421.5146  1147626    4.53%
  29798  9257    69727.8767   167    71667.0000    68423.5048  1164611    4.53%
  30461  9891    68540.8609   269    71667.0000    68426.5203  1183387    4.52%
  31199 10603    70633.0115   185    71667.0000    68428.3258  1202676    4.52%
  32049 11397    70340.1467   152    71667.0000    68430.1627  1220163    4.52%
  32696 12012    68653.0682   241    71667.0000    68432.0282  1239240    4.51%
Elapsed time = 242.02 sec. (311243.48 ticks, tree = 94.82 MB, solutions = 28)
  33326 12616    68816.9250   191    71667.0000    68433.0257  1261533    4.51%
  34084 13347    68655.5940   235    71667.0000    68434.8722  1280616    4.51%
  34604 13833    68459.1742   244    71667.0000    68435.6162  1304143    4.51%
  35176 14364    68708.1100   244    71667.0000    68436.8199  1324728    4.51%
  35699 14855    68693.1577   259    71667.0000    68439.7550  1345977    4.50%
  36176 15310    68833.1828   203    71667.0000    68440.0244  1362351    4.50%
  36846 15950    68493.6790   284    71667.0000    68441.3210  1383529    4.50%
  37507 16589    68664.8031   216    71667.0000    68444.2179  1404604    4.50%
  38247 17297    68822.5870   233    71667.0000    68446.8988  1427729    4.49%
  38938 17951    68668.8149   235    71667.0000    68448.8506  1449721    4.49%
Elapsed time = 275.86 sec. (352999.28 ticks, tree = 144.65 MB, solutions = 28)
  39487 18469    70000.8034   218    71667.0000    68449.3723  1470875    4.49%
  40066 19017    68773.3644   173    71667.0000    68450.5155  1491223    4.49%
  40602 19523    68534.5644   198    71667.0000    68451.4329  1512955    4.49%
  41315 20208    70945.4375   157    71667.0000    68452.1935  1533668    4.49%
  42020 20878    69625.8990   223    71667.0000    68452.7541  1554133    4.48%
  42612 21441    68906.4988   214    71667.0000    68453.0966  1575595    4.48%
  43256 22058    68567.2567   263    71667.0000    68453.5517  1601587    4.48%
  43983 22739    68521.1195   231    71667.0000    68453.5569  1623248    4.48%
  44539 23256    68711.9592   222    71667.0000    68454.5082  1648378    4.48%
  45320 24006    68560.6701   243    71667.0000    68455.2778  1666956    4.48%
Elapsed time = 307.52 sec. (391247.62 ticks, tree = 196.23 MB, solutions = 28)
  46068 24721    68492.8410   286    71667.0000    68455.7133  1691644    4.48%
  46176 24827    69740.0699   209    71667.0000    68455.7133  1692693    4.48%
  46976 25586    69455.0632   220    71667.0000    68456.7440  1714826    4.48%
  47667 26235    68650.5411   218    71667.0000    68457.0454  1738553    4.48%
  48280 26804    68503.9131   248    71667.0000    68457.9180  1764411    4.48%
  49007 27496    68977.0734   244    71667.0000    68458.6744  1787201    4.48%
  49700 28158    70331.2814   149    71667.0000    68459.3449  1812238    4.48%
  50267 28694    68743.5636   199    71667.0000    68459.7737  1832710    4.48%
  50966 29369    69700.5442   228    71667.0000    68460.1899  1855016    4.47%
  51637 30008    68614.0339   226    71667.0000    68460.8799  1876689    4.47%
Elapsed time = 339.88 sec. (430745.39 ticks, tree = 247.96 MB, solutions = 28)
  52388 30730    68579.2157   290    71667.0000    68461.3566  1897960    4.47%
* 52576+30784                        71619.0000    68461.3566             4.41%
  52972 31170    68543.6185   262    71619.0000    68461.3566  1919931    4.41%
  53691 31860    69249.7491   256    71619.0000    68461.5059  1941421    4.41%
  54275 32421    69767.4504   194    71619.0000    68461.6510  1965626    4.41%
  54796 32920    68599.0393   262    71619.0000    68462.3007  1990005    4.41%
  55275 33374    68725.9282   339    71619.0000    68462.8095  2014448    4.41%
  55735 33808    68514.3960   257    71619.0000    68463.0780  2038406    4.41%
  56356 34377    69886.1656   177    71619.0000    68463.1319  2059833    4.41%
  56788 34788    69630.1641   212    71619.0000    68463.8067  2082430    4.41%
  57158 35147    68878.2085   282    71619.0000    68463.8176  2100466    4.41%
Elapsed time = 371.76 sec. (469662.44 ticks, tree = 298.50 MB, solutions = 29)
  57500 35473    68631.7768   269    71619.0000    68464.1899  2122008    4.40%
  57830 35785    68622.1011   307    71619.0000    68464.5423  2146814    4.40%
  58111 36051    68521.1537   308    71619.0000    68464.7026  2169702    4.40%
  58328 36264    70040.1542   256    71619.0000    68464.7917  2183263    4.40%
  58592 36520    69818.2584   246    71619.0000    68464.8688  2206906    4.40%
  58841 36756    68559.8310   337    71619.0000    68465.0829  2233214    4.40%
  59176 37080    68757.7495   291    71619.0000    68465.4049  2250121    4.40%
  59403 37287    68610.0733   304    71619.0000    68465.6357  2271887    4.40%
* 59576+37422                        71606.0000    68465.7142             4.39%
  59688 37528    68611.9101   226    71606.0000    68465.7755  2294975    4.39%
  60009 37839    69099.8148   305    71606.0000    68465.8086  2315292    4.39%
Elapsed time = 407.44 sec. (513292.74 ticks, tree = 328.48 MB, solutions = 30)
  60254 38075    68565.8412   331    71606.0000    68465.8594  2340167    4.39%
  60676 38489    68855.3988   251    71606.0000    68465.9435  2359624    4.39%
  60807 38584    68548.4879   345    71606.0000    68466.1021  2383784    4.38%
  61159 38921    68611.0075   341    71606.0000    68466.2962  2406969    4.38%
  61409 39162    69916.9342   228    71606.0000    68466.5517  2432210    4.38%
  61701 39444    69047.9519   317    71606.0000    68467.0317  2452022    4.38%
  62033 39763    68479.1202   351    71606.0000    68467.1371  2472622    4.38%
  62212 39937    69703.3508   236    71606.0000    68467.1406  2497589    4.38%
  62495 40211    68800.8927   253    71606.0000    68467.4524  2520529    4.38%
  62833 40545    70479.8245   193    71606.0000    68467.4524  2542971    4.38%
Elapsed time = 440.04 sec. (552514.79 ticks, tree = 361.30 MB, solutions = 30)
  62916 40625    69987.5115   259    71606.0000    68467.4646  2567663    4.38%
  63176 40873    69686.8578   236    71606.0000    68467.9001  2588897    4.38%
  63457 41147    69957.4709   224    71606.0000    68468.0878  2612474    4.38%
  63730 41395    69762.5934   282    71606.0000    68468.2074  2635672    4.38%
  64070 41725    69531.2648   335    71606.0000    68468.2427  2655939    4.38%
  64309 41951    68559.5055   369    71606.0000    68468.3315  2676644    4.38%
  64450 42078    70587.4632   251    71606.0000    68468.3315  2706453    4.38%
  64642 42250    69895.4949   301    71606.0000    68468.4360  2728013    4.38%
  65060 42660    68846.9977   228    71606.0000    68468.5615  2748003    4.38%
  65152 42746    70272.6301   236    71606.0000    68468.6772  2771418    4.38%
Elapsed time = 475.61 sec. (595370.56 ticks, tree = 389.26 MB, solutions = 30)
  65352 42936    68574.5974   265    71606.0000    68468.7278  2794572    4.38%
  65727 43305    69759.7782   250    71606.0000    68468.9850  2812595    4.38%
  65966 43538    70406.4104   251    71606.0000    68469.0793  2834962    4.38%
  66214 43770    68573.9645   356    71606.0000    68469.1021  2857711    4.38%
  66481 44029    68496.6856   353    71606.0000    68469.1676  2879157    4.38%
  66755 44299    70903.7263   190    71606.0000    68469.1685  2902012    4.38%
  67101 44626    68515.3380   311    71606.0000    68469.4037  2917200    4.38%
  67204 44729    69171.1452   217    71606.0000    68469.4037  2924005    4.38%
  67436 44951    68753.1045   275    71606.0000    68469.4179  2942951    4.38%
  67737 45243    68558.1187   376    71606.0000    68469.5602  2962703    4.38%
Elapsed time = 508.54 sec. (634845.96 ticks, tree = 423.93 MB, solutions = 30)
  68047 45539    68609.0818   362    71606.0000    68470.1480  2986965    4.38%
  68177 45665    68574.6080   391    71606.0000    68470.2384  3009902    4.38%
  68241 45726    68624.5493   417    71606.0000    68470.3759  3036427    4.38%
  68483 45963    69114.1393   227    71606.0000    68470.3761  3057917    4.38%
  68824 46293    70023.1930   216    71606.0000    68470.5100  3074726    4.38%
  68982 46446    69902.8583   310    71606.0000    68470.6236  3095004    4.38%
  69179 46609    69818.1170   286    71606.0000    68470.6832  3119976    4.38%
  69388 46809    68713.1496   363    71606.0000    68470.9508  3142381    4.38%
  69485 46898    68667.5583   376    71606.0000    68471.0079  3162308    4.38%
  69747 47148    68478.8051   381    71606.0000    68471.3494  3184559    4.38%
Elapsed time = 542.14 sec. (674313.03 ticks, tree = 452.09 MB, solutions = 30)
  70072 47464    68607.7988   354    71606.0000    68471.4299  3205846    4.38%
  70238 47630    70056.8914   293    71606.0000    68471.4299  3218363    4.38%
  70486 47869    68855.7094   373    71606.0000    68471.4859  3239080    4.38%
  70600 47978    68636.3326   358    71606.0000    68471.6660  3262322    4.38%
  70841 48213    69003.9660   225    71606.0000    68471.6662  3285257    4.38%
  71122 48482    68628.4372   332    71606.0000    68471.9319  3306519    4.38%
* 71176+48468                        71566.0000    68471.9319             4.32%
  71176 48470    71016.1194   231    71566.0000    68471.9319  3327350    4.32%
  71445 48728    69785.8469   254    71566.0000    68472.4655  3345511    4.32%
  71559 48837    70330.2023   255    71566.0000    68472.4656  3361706    4.32%
  71713 48988    68951.4207   293    71566.0000    68472.4969  3379765    4.32%
Elapsed time = 576.64 sec. (715007.59 ticks, tree = 480.95 MB, solutions = 31)
  71783 49049    69571.7212   264    71566.0000    68472.5567  3402018    4.32%
  72001 49255    68812.5431   370    71566.0000    68472.6132  3423498    4.32%
  72176 49426    68765.8625   247    71566.0000    68472.7196  3440345    4.32%
  72326 49569    68938.8869   416    71566.0000    68472.9332  3460881    4.32%
  72419 49662    69982.1820   297    71566.0000    68472.9332  3485151    4.32%
  72560 49797    68841.1539   257    71566.0000    68472.9498  3507387    4.32%
  72737 49964    70329.4479   263    71566.0000    68472.9611  3528341    4.32%
  72864 50078    68729.3046   345    71566.0000    68473.0669  3552635    4.32%
  72963 50173    69847.1644   270    71566.0000    68473.2063  3576630    4.32%
  73111 50303    68645.1907   292    71566.0000    68473.2668  3602210    4.32%
Elapsed time = 611.82 sec. (756625.33 ticks, tree = 502.07 MB, solutions = 31)
  73288 50476    68498.3756   354    71566.0000    68473.2778  3608886    4.32%
  73626 50809    71093.6000   172    71566.0000    68473.2928  3629851    4.32%
  73804 50982    70529.2661   318    71566.0000    68473.2928  3652626    4.32%
  73894 51066    70810.3632   231    71566.0000    68473.2934  3676510    4.32%
  73987 51153    69087.6513   287    71566.0000    68473.2934  3700147    4.32%
  74176 51338    68837.2361   277    71566.0000    68473.2934  3718362    4.32%
  74343 51497    69173.2273   291    71566.0000    68473.3043  3741915    4.32%
  74593 51736    69159.7870   388    71566.0000    68473.5575  3762160    4.32%
  74818 51944    69769.1038   193    71566.0000    68473.5853  3784692    4.32%
  74976 52088    68626.4374   323    71566.0000    68473.7246  3800658    4.32%
Elapsed time = 647.53 sec. (799814.01 ticks, tree = 531.35 MB, solutions = 31)
  75176 52284    68590.9906   364    71566.0000    68473.8723  3808380    4.32%
  75270 52374    68802.3405   438    71566.0000    68474.1605  3831461    4.32%
  75346 52450    69164.5371   272    71566.0000    68474.1605  3858837    4.32%
  75534 52634    68868.3655   204    71566.0000    68474.3389  3881746    4.32%
  75698 52788    68766.9730   364    71566.0000    68474.3612  3902213    4.32%
  75927 53011    68968.3111   245    71566.0000    68474.3747  3922361    4.32%
  76101 53179    69701.4866   222    71566.0000    68474.3840  3944342    4.32%
  76213 53286    68648.6811   254    71566.0000    68474.5357  3962324    4.32%
  76600 53665    68683.8162   325    71566.0000    68474.6800  3981296    4.32%
  76896 53955    69329.2464   238    71566.0000    68474.7005  4001719    4.32%
Elapsed time = 681.53 sec. (840287.08 ticks, tree = 563.34 MB, solutions = 31)
  77013 54064    70429.3010   292    71566.0000    68474.7026  4026705    4.32%
  77176 54221    69115.5662   278    71566.0000    68474.7183  4044601    4.32%
  77544 54572    68530.7733   410    71566.0000    68474.7674  4062338    4.32%
  77662 54681    69995.2766   292    71566.0000    68474.7749  4084544    4.32%
  77900 54913    68721.6519   290    71566.0000    68474.8459  4107014    4.32%
  78045 55051    69146.3112   277    71566.0000    68474.8489  4128428    4.32%
  78176 55178    68581.2581   347    71566.0000    68474.9094  4134440    4.32%
  78410 55406    68951.6947   340    71566.0000    68474.9141  4155472    4.32%
  78485 55481    70424.3051   329    71566.0000    68474.9141  4180047    4.32%
  78578 55569    69242.3756   325    71566.0000    68475.0866  4199591    4.32%
Elapsed time = 716.73 sec. (882062.87 ticks, tree = 591.42 MB, solutions = 31)
  78774 55758    68516.4661   394    71566.0000    68475.1676  4216691    4.32%
  78963 55943    69457.6979   314    71566.0000    68475.1825  4239428    4.32%
  79038 56014    69226.9685   311    71566.0000    68475.3486  4261373    4.32%
  79148 56108    68499.1235   417    71566.0000    68475.3891  4285922    4.32%
  79189 56149    68673.3324   283    71566.0000    68475.3891  4288872    4.32%
  79466 56419    68541.0074   346    71566.0000    68475.7791  4305330    4.32%
  79635 56582    68716.8871   259    71566.0000    68475.8149  4325958    4.32%
  79725 56669    69525.4605   325    71566.0000    68475.9084  4340945    4.32%
  79806 56744    68752.6950   379    71566.0000    68475.9147  4358472    4.32%
  79888 56820    68777.8810   298    71566.0000    68476.0770  4380473    4.32%
Elapsed time = 750.89 sec. (922011.83 ticks, tree = 613.83 MB, solutions = 31)
  80079 57001    68665.5119   317    71566.0000    68476.5057  4401278    4.32%
  80268 57186    69742.6070   310    71566.0000    68476.5057  4420709    4.32%
  80346 57262    71039.8643   335    71566.0000    68476.5057  4446793    4.32%
  80485 57392    68725.7002   330    71566.0000    68476.6239  4466269    4.32%
  80734 57631        cutoff          71566.0000    68476.6273  4484822    4.32%
  80859 57748    68642.3731   357    71566.0000    68476.7404  4501912    4.32%
  81049 57932    68972.5489   396    71566.0000    68476.8169  4523137    4.32%
  81176 58055    68742.4775   268    71566.0000    68476.8328  4537280    4.32%
  81282 58157    68864.3723   239    71566.0000    68476.8880  4556596    4.32%
  81360 58231    68741.1649   343    71566.0000    68476.9210  4575659    4.32%
Elapsed time = 785.80 sec. (962631.31 ticks, tree = 639.91 MB, solutions = 31)
  81505 58372    68804.6494   355    71566.0000    68477.0275  4593459    4.32%
  81683 58535    68557.1722   309    71566.0000    68477.1309  4616381    4.32%
  81983 58828    68639.5166   309    71566.0000    68477.2811  4635725    4.32%
  82176 59015    69721.7760   252    71566.0000    68477.4095  4652493    4.32%
  82377 59209    68578.3410   347    71566.0000    68477.4746  4670926    4.32%
  82719 59538    68555.3516   403    71566.0000    68477.6948  4693626    4.32%
Starting limited solution polishing.
  82976 59786    70895.0000   138    71566.0000    68477.6948  4710268    4.32%
  83076 59886    70895.0000   140    71566.0000    68477.6948  4716359    4.32%
  83276 60078    68615.4325   306    71566.0000    68477.7676  4725892    4.32%
  83376 60173    68761.6950   366    71566.0000    68477.8702  4735414    4.32%
Elapsed time = 829.21 sec. (1017839.75 ticks, tree = 676.16 MB, solutions = 31)
* 83476+60248                        71556.0000    68477.8702             4.30%
  83476 60250    69101.5770   254    71556.0000    68477.8702  4741666    4.30%
  83576 60346    68782.5988   294    71556.0000    68477.8957  4746619    4.30%
* 83676+59810                        71341.0000    68477.8957             4.01%
  83676 59812    70282.2088   263    71341.0000    68477.8957  4759774    4.01%
  83859 59986    69709.2703   326    71341.0000    68477.9851  4768284    4.01%
  83916 60039    68697.3237   343    71341.0000    68477.9851  4773996    4.01%
* 83976+59453                        71201.0000    68477.9851             3.82%
  83976 59455    69270.6209   291    71201.0000    68477.9851  4777330    3.82%
* 84076+58765                        71043.0000    68477.9851             3.61%
  84101 58788    68697.3237   351    71043.0000    68478.0217  4781651    3.61%
* 84176+58285                        70947.0000    68478.0217             3.48%
  84177 58288    69010.7810   265    70947.0000    68478.0217  4785843    3.48%
  84276 58384    69304.4341   329    70947.0000    68478.0646  4797164    3.48%
  84376 58478    68572.4485   395    70947.0000    68478.1947  4802070    3.48%
Elapsed time = 872.64 sec. (1075396.51 ticks, tree = 663.86 MB, solutions = 36)
  84476 58578    68766.6633   316    70947.0000    68478.1947  4826385    3.48%
* 84576+56286                        70652.0000    68478.1947             3.08%
* 84576+55966                        70616.0000    68478.1947             3.03%
  84576 55968    68564.1949   324    70616.0000    68478.2653  4846492    3.03%
  84676 56068    68739.9654   262    70616.0000    68478.2653  4853068    3.03%
  84776 56162    68905.5467   244    70616.0000    68478.3217  4865885    3.03%

Clique cuts applied:  122
Cover cuts applied:  1170
Implied bound cuts applied:  3
Flow cuts applied:  46
Mixed integer rounding cuts applied:  252
Zero-half cuts applied:  109
Lift and project cuts applied:  1
Gomory fractional cuts applied:  9

Root node processing (before b&c):
  Real time             =    1.48 sec. (1896.50 ticks)
Sequential b&c:
  Real time             =  898.52 sec. (1108939.44 ticks)
                          ------------
Total (root+branch&cut) =  900.01 sec. (1110835.94 ticks)
MIP: [1;32mCPLEX finished.[0m
MIP: [1;32mCPLEX status: Feasible[0m
MIP: [1;32mSolution: 
[29, 6, 2, 26, 48, 46, 34, 15, 45, 35, 25, 9, 14, 20, 10, 6, 34, 35, 28, 22, 38, 1, 12, 41, 31, 3, 19, 27, 47, 45, 28, 19, 43, 16, 18, 46, 36, 38, 11, 2, 22, 24, 41, 47, 23, 6, 40, 24, 7, 5, 21, 40, 30, 20, 28, 17, 43, 44, 15, 46, 31, 11, 17, 16, 47, 7, 28, 36, 18, 33, 9, 7, 10, 26, 23, 45, 19, 30, 9, 21, 48, 25, 7, 10, 12, 32, 2, 11, 3, 34, 0, 27, 32, 14, 17, 18, 23, 44, 8, 41][32, 27, 18, 27, -1, 18, 19, 21, 1, 7, 10, 12, 25, -1, 29, 10, 25, 29, 15, 33, 6, 28, 7, 5, 8, 1, 13, 11, 9, 32, 13, 19, 15, 32, 23, 23, 0, -1, 27, -1, 33, 11, -1, 18, 8, 31, 20, 14, 22][23, 23, -1, -1, -1, 13, 11, 27, 8, 16, 26, 15, 24, 4, 27, 26, -1, -1, 8, 4, 7, 25, 12, 24, -1, 12, -1, 7, 13, 3, -1, 25, 21, 25, -1][-1, -1, -1, 13, 15, -1, -1, 14, 15, -1, -1, 19, 13, 2, -1, 2, 16, -1, -1, -1, -1, 2, -1, 16, 14, 13, 7, 6][0m
MIP: [1;32mObjective value: 70616[0m
MIP: [1;32mLower Bound: 68478.3[0m
MIP: [1;32mBranch-and-Bound nodes: 84876[0m

# best solution:
best objective value:	70616
best dual bound value:	68478
optimality gap:	3.02764%
CPU time:	897.309
