ifile	/scratch/csagturk/mlbppo_inst/n0010_m02_p050__068.inst
prob	MLBPPO
threads	1
ttime	900
instance: /scratch/csagturk/mlbppo_inst/n0010_m02_p050__068.inst
	m=2, n=[10, 7, 6], #pos=5
MIP: [1;32minit CPLEX[0m
CAN: [1;35mcreated 112 x_{ijk} variables[0m
CAN: [1;35mcreated 23 y_{ij} variables[0m
CAN: [1;35mcreated 130 p_{ijk} variables[0m
MIP: [1;32mcreated decision variables[0m
CAN: [1;35madded 10 constraints to enforce the packing of each item[0m
CAN: [1;35madded 7 constraints to enforce the packing of each item[0m
CAN: [1;35madded 13 capacity constraints[0m
MIP: [1;32mcreated constraints[0m
MIP: [1;32mcreated objective function[0m
MIP: [1;32mcalling CPLEX solve ...[0m
Version identifier: 22.1.0.0 | 2022-03-09 | 1a383f8ce
CPXPARAM_Threads                                 1
CPXPARAM_TimeLimit                               900
Tried aggregator 2 times.
MIP Presolve eliminated 155 rows and 147 columns.
MIP Presolve modified 96 coefficients.
Aggregator did 1212 substitutions.
Reduced MIP has 1158 rows, 930 columns, and 2970 nonzeros.
Reduced MIP has 557 binaries, 0 generals, 0 SOSs, and 7 indicators.
Presolve time = 0.01 sec. (6.33 ticks)
Found incumbent of value 8948.000000 after 0.02 sec. (11.78 ticks)
Probing fixed 0 vars, tightened 11 bounds.
Probing changed sense of 7 constraints.
Probing time = 0.01 sec. (8.83 ticks)
Tried aggregator 2 times.
MIP Presolve eliminated 42 rows and 49 columns.
Aggregator did 704 substitutions.
Reduced MIP has 412 rows, 177 columns, and 1464 nonzeros.
Reduced MIP has 177 binaries, 0 generals, 0 SOSs, and 0 indicators.
Presolve time = 0.00 sec. (3.08 ticks)
Probing time = 0.00 sec. (0.43 ticks)
Tried aggregator 1 time.
Detecting symmetries...
Reduced MIP has 412 rows, 177 columns, and 1464 nonzeros.
Reduced MIP has 177 binaries, 0 generals, 0 SOSs, and 0 indicators.
Presolve time = 0.00 sec. (0.90 ticks)
Probing time = 0.00 sec. (0.43 ticks)
Clique table members: 149.
MIP emphasis: balance optimality and feasibility.
MIP search method: dynamic search.
Parallel mode: none, using 1 thread.
Root relaxation solution time = 0.00 sec. (2.00 ticks)

        Nodes                                         Cuts/
   Node  Left     Objective  IInf  Best Integer    Best Bound    ItCnt     Gap

*     0+    0                         8948.0000        0.0000           100.00%
      0     0     4688.6313    30     8948.0000     4688.6313      147   47.60%
*     0+    0                         5867.0000     4688.6313            20.08%
      0     0     4782.6447    34     5867.0000      Cuts: 45      204   18.48%
      0     0     4816.6976    54     5867.0000      Cuts: 42      287   17.90%
      0     0     4841.6469    49     5867.0000      Cuts: 53      368   17.48%
      0     0     4864.0000    42     5867.0000      Cuts: 35      462   17.10%
      0     0     4868.9062    63     5867.0000      Cuts: 24      548   17.01%
Detecting symmetries...
      0     0     4871.5210    57     5867.0000      Cuts: 27      572   16.97%
      0     0     4890.1889    65     5867.0000      Cuts: 29      620   16.65%
      0     0     4896.6932    66     5867.0000      Cuts: 14      640   16.54%
      0     0     4906.7164    73     5867.0000      Cuts: 17      678   16.37%
      0     0     4962.5424    67     5867.0000      Cuts: 18      697   15.42%
      0     0     4983.8088    63     5867.0000      Cuts: 22      711   15.05%
      0     0     4987.6955    63     5867.0000      Cuts: 19      726   14.99%
      0     0     4997.6348    62     5867.0000      Cuts: 26      746   14.82%
      0     0     5033.6968    62     5867.0000      Cuts: 12      780   14.20%
      0     0     5033.6968    62     5867.0000      Cuts: 28      799   14.20%
      0     0     5047.3784    61     5867.0000      Cuts: 12      819   13.97%
      0     0     5047.3784    62     5867.0000      Cuts: 13      836   13.97%
*     0+    0                         5791.0000     5047.3784            12.84%
Detecting symmetries...
      0     2     5047.3784    60     5791.0000     5047.8108      836   12.83%
Elapsed time = 0.12 sec. (95.55 ticks, tree = 0.01 MB, solutions = 3)
*    19    11      integral     0     5565.0000     5061.8841     1443    9.04%
*    29    16      integral     0     5323.0000     5061.8841     1565    4.91%

Clique cuts applied:  2
Cover cuts applied:  28
Implied bound cuts applied:  42
Flow cuts applied:  1
Mixed integer rounding cuts applied:  12
Zero-half cuts applied:  7
Lift and project cuts applied:  1

Root node processing (before b&c):
  Real time             =    0.12 sec. (95.65 ticks)
Sequential b&c:
  Real time             =    0.15 sec. (182.21 ticks)
                          ------------
Total (root+branch&cut) =    0.27 sec. (277.85 ticks)
MIP: [1;32mCPLEX finished.[0m
MIP: [1;32mCPLEX status: Optimal[0m
CAN: [1;35mItem: 0, Level: 0, at bin: 3[0m
CAN: [1;35mItem: 0, Level: 1, at bin: 3[0m
CAN: [1;35mItem: 1, Level: 0, at bin: 5[0m
CAN: [1;35mItem: 1, Level: 1, at bin: 5[0m
CAN: [1;35mItem: 2, Level: 0, at bin: 1[0m
CAN: [1;35mItem: 2, Level: 1, at bin: 5[0m
CAN: [1;35mItem: 3, Level: 0, at bin: 6[0m
CAN: [1;35mItem: 3, Level: 1, at bin: 1[0m
CAN: [1;35mItem: 4, Level: 0, at bin: 5[0m
CAN: [1;35mItem: 4, Level: 1, at bin: 5[0m
CAN: [1;35mItem: 5, Level: 0, at bin: 1[0m
CAN: [1;35mItem: 5, Level: 1, at bin: 5[0m
CAN: [1;35mItem: 6, Level: 0, at bin: 6[0m
CAN: [1;35mItem: 6, Level: 1, at bin: 1[0m
CAN: [1;35mItem: 7, Level: 0, at bin: 4[0m
CAN: [1;35mItem: 7, Level: 1, at bin: 1[0m
CAN: [1;35mItem: 8, Level: 0, at bin: 4[0m
CAN: [1;35mItem: 8, Level: 1, at bin: 1[0m
CAN: [1;35mItem: 9, Level: 0, at bin: 4[0m
CAN: [1;35mItem: 9, Level: 1, at bin: 1[0m
MIP: [1;32mSolution: 
Indexes: [3, 5, 1, 6, 5, 1, 6, 4, 4, 4][-1, 5, -1, 3, 1, 5, 1], P Variables: [3, 3][5, 5][1, 5][6, 1][5, 5][1, 5][6, 1][4, 1][4, 1][4, 1], Flow leaving each bin: [0m
MIP: [1;32mObjective value: 5323[0m
MIP: [1;32mLower Bound: 5323[0m
MIP: [1;32mBranch-and-Bound nodes: 491[0m

# best solution:
best objective value:	5323
best dual bound value:	5323
optimality gap:	0%
CPU time:	0.268969
