ifile	/scratch/csagturk/mlbppo_inst/n0010_m04_p050__083.inst
prob	MLBPPO
threads	1
ttime	900
instance: /scratch/csagturk/mlbppo_inst/n0010_m04_p050__083.inst
	m=4, n=[10, 8, 6, 7, 7], #pos=5
MIP: [1;32minit CPLEX[0m
CAN: [1;35mcreated 219 x_{ijk} variables[0m
CAN: [1;35mcreated 38 y_{ij} variables[0m
CAN: [1;35mcreated 280 p_{ijk} variables[0m
MIP: [1;32mcreated decision variables[0m
CAN: [1;35madded 10 constraints to enforce the packing of each item[0m
CAN: [1;35madded 21 constraints to enforce the packing of each item[0m
CAN: [1;35madded 28 capacity constraints[0m
MIP: [1;32mcreated constraints[0m
MIP: [1;32mcreated objective function[0m
MIP: [1;32mcalling CPLEX solve ...[0m
Version identifier: 22.1.0.0 | 2022-03-09 | 1a383f8ce
CPXPARAM_Threads                                 1
CPXPARAM_TimeLimit                               900
Tried aggregator 2 times.
MIP Presolve eliminated 728 rows and 677 columns.
MIP Presolve modified 241 coefficients.
Aggregator did 3595 substitutions.
Reduced MIP has 3473 rows, 2710 columns, and 8651 nonzeros.
Reduced MIP has 1571 binaries, 0 generals, 0 SOSs, and 21 indicators.
Presolve time = 0.04 sec. (24.28 ticks)
Probing fixed 0 vars, tightened 32 bounds.
Probing changed sense of 21 constraints.
Probing time = 0.04 sec. (34.67 ticks)
Tried aggregator 2 times.
MIP Presolve eliminated 126 rows and 147 columns.
Aggregator did 2152 substitutions.
Reduced MIP has 1195 rows, 411 columns, and 4053 nonzeros.
Reduced MIP has 411 binaries, 0 generals, 0 SOSs, and 0 indicators.
Presolve time = 0.01 sec. (8.65 ticks)
Probing time = 0.00 sec. (1.15 ticks)
Tried aggregator 1 time.
Detecting symmetries...
Reduced MIP has 1195 rows, 411 columns, and 4053 nonzeros.
Reduced MIP has 411 binaries, 0 generals, 0 SOSs, and 0 indicators.
Presolve time = 0.00 sec. (2.52 ticks)
Probing time = 0.00 sec. (1.16 ticks)
Clique table members: 376.
MIP emphasis: balance optimality and feasibility.
MIP search method: dynamic search.
Parallel mode: none, using 1 thread.
Root relaxation solution time = 0.00 sec. (4.73 ticks)

        Nodes                                         Cuts/
   Node  Left     Objective  IInf  Best Integer    Best Bound    ItCnt     Gap

      0     0     8841.9308    89                   8841.9308      194         
      0     0     9559.2395    93                    Cuts: 71      401         
      0     0     9656.2143    86                    Cuts: 57      563         
      0     0     9699.1525   105                    Cuts: 67      632         
*     0+    0                        12278.0000     9699.1525            21.00%
      0     0     9777.8044    89    12278.0000      Cuts: 23      688   20.36%
      0     0     9832.4948   106    12278.0000      Cuts: 32      760   19.92%
Detecting symmetries...
      0     0     9875.9780   108    12278.0000      Cuts: 47      817   19.56%
      0     0     9923.2096   114    12278.0000      Cuts: 52      848   19.18%
      0     0    10022.6959   107    12278.0000      Cuts: 35      895   18.37%
      0     0    10061.9630   109    12278.0000      Cuts: 33      946   18.05%
      0     0    10071.5093   103    12278.0000      Cuts: 29      967   17.97%
      0     0    10071.5093   102    12278.0000      Cuts: 17      981   17.97%
      0     0    10074.6491   108    12278.0000      Cuts: 25      998   17.95%
      0     0    10088.9350   105    12278.0000      Cuts: 13     1022   17.83%
      0     0    10116.4033   109    12278.0000      Cuts: 22     1050   17.61%
      0     0    10119.0960   108    12278.0000      Cuts: 21     1082   17.58%
      0     0    10119.0960   121    12278.0000      Cuts: 22     1109   17.58%
Detecting symmetries...
      0     2    10119.0960   104    12278.0000    10121.6890     1109   17.56%
Elapsed time = 0.47 sec. (432.64 ticks, tree = 0.01 MB, solutions = 1)
*    46     8      integral     0    10335.0000    10154.7271     2948    1.74%

Clique cuts applied:  1
Cover cuts applied:  21
Implied bound cuts applied:  14
Mixed integer rounding cuts applied:  9
Zero-half cuts applied:  16
Gomory fractional cuts applied:  1

Root node processing (before b&c):
  Real time             =    0.47 sec. (432.82 ticks)
Sequential b&c:
  Real time             =    0.13 sec. (179.29 ticks)
                          ------------
Total (root+branch&cut) =    0.60 sec. (612.11 ticks)
MIP: [1;32mCPLEX finished.[0m
MIP: [1;32mCPLEX status: Optimal[0m
CAN: [1;35mItem: 0, Level: 0, at bin: 1[0m
CAN: [1;35mItem: 0, Level: 1, at bin: 5[0m
CAN: [1;35mItem: 0, Level: 2, at bin: 3[0m
CAN: [1;35mItem: 0, Level: 3, at bin: 2[0m
CAN: [1;35mItem: 1, Level: 0, at bin: 6[0m
CAN: [1;35mItem: 1, Level: 1, at bin: 4[0m
CAN: [1;35mItem: 1, Level: 2, at bin: 5[0m
CAN: [1;35mItem: 1, Level: 3, at bin: 0[0m
CAN: [1;35mItem: 2, Level: 0, at bin: 4[0m
CAN: [1;35mItem: 2, Level: 1, at bin: 5[0m
CAN: [1;35mItem: 2, Level: 2, at bin: 3[0m
CAN: [1;35mItem: 2, Level: 3, at bin: 2[0m
CAN: [1;35mItem: 3, Level: 0, at bin: 1[0m
CAN: [1;35mItem: 3, Level: 1, at bin: 5[0m
CAN: [1;35mItem: 3, Level: 2, at bin: 3[0m
CAN: [1;35mItem: 3, Level: 3, at bin: 2[0m
CAN: [1;35mItem: 4, Level: 0, at bin: 7[0m
CAN: [1;35mItem: 4, Level: 1, at bin: 1[0m
CAN: [1;35mItem: 4, Level: 2, at bin: 3[0m
CAN: [1;35mItem: 4, Level: 3, at bin: 2[0m
CAN: [1;35mItem: 5, Level: 0, at bin: 7[0m
CAN: [1;35mItem: 5, Level: 1, at bin: 1[0m
CAN: [1;35mItem: 5, Level: 2, at bin: 3[0m
CAN: [1;35mItem: 5, Level: 3, at bin: 2[0m
CAN: [1;35mItem: 6, Level: 0, at bin: 3[0m
CAN: [1;35mItem: 6, Level: 1, at bin: 4[0m
CAN: [1;35mItem: 6, Level: 2, at bin: 5[0m
CAN: [1;35mItem: 6, Level: 3, at bin: 0[0m
CAN: [1;35mItem: 7, Level: 0, at bin: 3[0m
CAN: [1;35mItem: 7, Level: 1, at bin: 4[0m
CAN: [1;35mItem: 7, Level: 2, at bin: 5[0m
CAN: [1;35mItem: 7, Level: 3, at bin: 0[0m
CAN: [1;35mItem: 8, Level: 0, at bin: 6[0m
CAN: [1;35mItem: 8, Level: 1, at bin: 4[0m
CAN: [1;35mItem: 8, Level: 2, at bin: 5[0m
CAN: [1;35mItem: 8, Level: 3, at bin: 0[0m
CAN: [1;35mItem: 9, Level: 0, at bin: 2[0m
CAN: [1;35mItem: 9, Level: 1, at bin: 4[0m
CAN: [1;35mItem: 9, Level: 2, at bin: 5[0m
CAN: [1;35mItem: 9, Level: 3, at bin: 0[0m
MIP: [1;32mSolution: 
Indexes: [1, 6, 4, 1, 7, 7, 3, 3, 6, 2][-1, 5, 4, 4, 5, -1, 4, 1][-1, 3, -1, -1, 5, 3][-1, -1, -1, 2, -1, 0, -1], P Variables: [1, 5, 3, 2][6, 4, 5, 0][4, 5, 3, 2][1, 5, 3, 2][7, 1, 3, 2][7, 1, 3, 2][3, 4, 5, 0][3, 4, 5, 0][6, 4, 5, 0][2, 4, 5, 0], Flow leaving each bin: [0m
MIP: [1;32mObjective value: 10335[0m
MIP: [1;32mLower Bound: 10335[0m
MIP: [1;32mBranch-and-Bound nodes: 120[0m

# best solution:
best objective value:	10335
best dual bound value:	10335
optimality gap:	0%
CPU time:	0.600298
