ifile	/scratch/csagturk/mlbppo_inst/n0010_m02_p150__016.inst
prob	MLBPPO
threads	1
ttime	900
instance: /scratch/csagturk/mlbppo_inst/n0010_m02_p150__016.inst
	m=2, n=[10, 11, 12], #pos=15
MIP: [1;32minit CPLEX[0m
CAN: [1;35mcreated 242 x_{ijk} variables[0m
CAN: [1;35mcreated 33 y_{ij} variables[0m
CAN: [1;35mcreated 230 p_{ijk} variables[0m
MIP: [1;32mcreated decision variables[0m
CAN: [1;35madded 10 constraints to enforce the packing of each item[0m
CAN: [1;35madded 11 constraints to enforce the packing of each item[0m
CAN: [1;35madded 23 capacity constraints[0m
MIP: [1;32mcreated constraints[0m
MIP: [1;32mcreated objective function[0m
MIP: [1;32mcalling CPLEX solve ...[0m
Version identifier: 22.1.0.0 | 2022-03-09 | 1a383f8ce
CPXPARAM_Threads                                 1
CPXPARAM_TimeLimit                               900
Tried aggregator 2 times.
MIP Presolve eliminated 1792 rows and 1424 columns.
MIP Presolve modified 434 coefficients.
Aggregator did 2346 substitutions.
Reduced MIP has 2254 rows, 1720 columns, and 6967 nonzeros.
Reduced MIP has 1023 binaries, 0 generals, 0 SOSs, and 17 indicators.
Presolve time = 0.02 sec. (19.62 ticks)
Probing fixed 0 vars, tightened 22 bounds.
Probing changed sense of 11 constraints.
Probing time = 0.08 sec. (79.91 ticks)
Tried aggregator 2 times.
MIP Presolve eliminated 78 rows and 78 columns.
Aggregator did 1328 substitutions.
Reduced MIP has 848 rows, 314 columns, and 3975 nonzeros.
Reduced MIP has 314 binaries, 0 generals, 0 SOSs, and 0 indicators.
Presolve time = 0.01 sec. (7.76 ticks)
Probing time = 0.00 sec. (2.50 ticks)
Tried aggregator 1 time.
Detecting symmetries...
MIP Presolve eliminated 1 rows and 0 columns.
Reduced MIP has 847 rows, 314 columns, and 3965 nonzeros.
Reduced MIP has 314 binaries, 0 generals, 0 SOSs, and 0 indicators.
Presolve time = 0.00 sec. (2.61 ticks)
Probing time = 0.00 sec. (2.55 ticks)
Clique table members: 1924.
MIP emphasis: balance optimality and feasibility.
MIP search method: dynamic search.
Parallel mode: none, using 1 thread.
Root relaxation solution time = 0.00 sec. (3.89 ticks)

        Nodes                                         Cuts/
   Node  Left     Objective  IInf  Best Integer    Best Bound    ItCnt     Gap

      0     0     4894.5016    63                   4894.5016      173         
      0     0     4968.1569    63                    Cuts: 90      300         
      0     0     5025.2854    78                    Cuts: 68      419         
      0     0     5036.7818    79                    Cuts: 48      490         
      0     0     5044.6009    95                    Cuts: 36      572         
      0     0     5055.8364    93                    Cuts: 60      650         
      0     0     5057.0537    91                    Cuts: 27      681         
      0     0     5061.8291   101                    Cuts: 45      727         
      0     0     5063.4944    96                    Cuts: 25      760         
      0     0     5064.1759    95                    Cuts: 13      776         
      0     0     5064.4379   101                    Cuts: 19      809         
      0     0     5066.5365    94                    Cuts: 14      889         
      0     0     5069.9746    99                    Cuts: 64      964         
      0     0     5074.2791    96                    Cuts: 31     1019         
      0     0     5078.4255   111                    Cuts: 28     1087         
      0     0     5080.5291   108                    Cuts: 27     1144         
      0     0     5082.9393   112                    Cuts: 31     1208         
      0     0     5084.3773   109                    Cuts: 21     1260         
      0     0     5084.9114   104                    Cuts: 25     1310         
*     0+    0                         9994.0000     5084.9114            49.12%
*     0+    0                         9898.0000     5084.9114            48.63%
      0     0  -1.00000e+75     0     9898.0000     5084.9114     1310   48.63%
      0     2     5084.9114   104     9898.0000     5084.9115     1310   48.63%
Elapsed time = 0.45 sec. (438.36 ticks, tree = 0.01 MB, solutions = 2)
*    10+   10                         5943.0000     5100.9319            14.17%
*    20+   20                         5733.0000     5100.9319            11.03%
    156    91     5204.0859    81     5733.0000     5161.9782     7581    9.96%
*   284   151      integral     0     5689.0000     5210.0968    11950    8.42%
*   288   147      integral     0     5671.0000     5210.0968    12170    8.13%
    345   184     5487.0000     1     5671.0000     5232.6143    14721    7.73%
*   349   182      integral     0     5659.0000     5232.6143    14802    7.53%
    451   196     5401.7250    75     5659.0000     5306.0000    19919    6.24%
    566   199     5530.3000    46     5659.0000     5346.5000    25465    5.52%
*   631    92      integral     0     5510.0000     5381.6090    27906    2.33%
*   674    27      integral     0     5442.0000     5406.7654    28836    0.65%

Clique cuts applied:  5
Cover cuts applied:  28
Implied bound cuts applied:  62
Flow cuts applied:  1
Mixed integer rounding cuts applied:  13
Zero-half cuts applied:  26

Root node processing (before b&c):
  Real time             =    0.46 sec. (438.80 ticks)
Sequential b&c:
  Real time             =    0.84 sec. (1111.57 ticks)
                          ------------
Total (root+branch&cut) =    1.29 sec. (1550.38 ticks)
MIP: [1;32mCPLEX finished.[0m
MIP: [1;32mCPLEX status: Optimal[0m
CAN: [1;35mItem: 0, Level: 0, at bin: 0[0m
CAN: [1;35mItem: 0, Level: 1, at bin: 11[0m
CAN: [1;35mItem: 1, Level: 0, at bin: 2[0m
CAN: [1;35mItem: 1, Level: 1, at bin: 4[0m
CAN: [1;35mItem: 2, Level: 0, at bin: 4[0m
CAN: [1;35mItem: 2, Level: 1, at bin: 7[0m
CAN: [1;35mItem: 3, Level: 0, at bin: 10[0m
CAN: [1;35mItem: 3, Level: 1, at bin: 4[0m
CAN: [1;35mItem: 4, Level: 0, at bin: 4[0m
CAN: [1;35mItem: 4, Level: 1, at bin: 7[0m
CAN: [1;35mItem: 5, Level: 0, at bin: 8[0m
CAN: [1;35mItem: 5, Level: 1, at bin: 7[0m
CAN: [1;35mItem: 6, Level: 0, at bin: 10[0m
CAN: [1;35mItem: 6, Level: 1, at bin: 4[0m
CAN: [1;35mItem: 7, Level: 0, at bin: 10[0m
CAN: [1;35mItem: 7, Level: 1, at bin: 4[0m
CAN: [1;35mItem: 8, Level: 0, at bin: 2[0m
CAN: [1;35mItem: 8, Level: 1, at bin: 4[0m
CAN: [1;35mItem: 9, Level: 0, at bin: 5[0m
CAN: [1;35mItem: 9, Level: 1, at bin: 11[0m
MIP: [1;32mSolution: 
Indexes: [0, 2, 4, 10, 4, 8, 10, 10, 2, 5][11, -1, 4, -1, 7, 11, -1, -1, 7, -1, 4], P Variables: [0, 11][2, 4][4, 7][10, 4][4, 7][8, 7][10, 4][10, 4][2, 4][5, 11], Flow leaving each bin: [0m
MIP: [1;32mObjective value: 5442[0m
MIP: [1;32mLower Bound: 5442[0m
MIP: [1;32mBranch-and-Bound nodes: 702[0m

# best solution:
best objective value:	5442
best dual bound value:	5442
optimality gap:	0%
CPU time:	1.29037
