ifile	/scratch/csagturk/mlbppo_inst/n0010_m03_p200__032.inst
prob	MLBPPO
threads	1
ttime	900
instance: /scratch/csagturk/mlbppo_inst/n0010_m03_p200__032.inst
	m=3, n=[10, 10, 14, 16], #pos=20
MIP: [1;32minit CPLEX[0m
CAN: [1;35mcreated 464 x_{ijk} variables[0m
CAN: [1;35mcreated 50 y_{ij} variables[0m
CAN: [1;35mcreated 400 p_{ijk} variables[0m
MIP: [1;32mcreated decision variables[0m
CAN: [1;35madded 10 constraints to enforce the packing of each item[0m
CAN: [1;35madded 24 constraints to enforce the packing of each item[0m
CAN: [1;35madded 40 capacity constraints[0m
MIP: [1;32mcreated constraints[0m
MIP: [1;32mcreated objective function[0m
MIP: [1;32mcalling CPLEX solve ...[0m
Version identifier: 22.1.0.0 | 2022-03-09 | 1a383f8ce
CPXPARAM_Threads                                 1
CPXPARAM_TimeLimit                               900
Tried aggregator 2 times.
MIP Presolve eliminated 3971 rows and 3102 columns.
MIP Presolve modified 749 coefficients.
Aggregator did 7147 substitutions.
Reduced MIP has 7141 rows, 5246 columns, and 21354 nonzeros.
Reduced MIP has 2968 binaries, 0 generals, 0 SOSs, and 42 indicators.
Presolve time = 0.05 sec. (80.28 ticks)
Probing fixed 0 vars, tightened 45 bounds.
Probing changed sense of 24 constraints.
Probing time = 0.56 sec. (551.62 ticks)
Tried aggregator 2 times.
MIP Presolve eliminated 144 rows and 168 columns.
Aggregator did 4412 substitutions.
Reduced MIP has 2585 rows, 666 columns, and 12194 nonzeros.
Reduced MIP has 666 binaries, 0 generals, 0 SOSs, and 0 indicators.
Presolve time = 0.02 sec. (22.39 ticks)
Probing time = 0.00 sec. (2.95 ticks)
Tried aggregator 1 time.
Detecting symmetries...
Reduced MIP has 2585 rows, 666 columns, and 12194 nonzeros.
Reduced MIP has 666 binaries, 0 generals, 0 SOSs, and 0 indicators.
Presolve time = 0.01 sec. (6.55 ticks)
Probing time = 0.00 sec. (2.95 ticks)
Clique table members: 1647.
MIP emphasis: balance optimality and feasibility.
MIP search method: dynamic search.
Parallel mode: none, using 1 thread.
Root relaxation solution time = 0.01 sec. (10.02 ticks)

        Nodes                                         Cuts/
   Node  Left     Objective  IInf  Best Integer    Best Bound    ItCnt     Gap

      0     0     8125.1091    95                   8125.1091      264         
      0     0     8318.5693    91                   Cuts: 114      691         
      0     0     8409.6403    98                    Cuts: 74     1083         
      0     0     8449.9012   115                    Cuts: 43     1219         
      0     0     8454.6549   104                    Cuts: 47     1301         
      0     0     8483.7705   105                    Cuts: 26     1393         
Detecting symmetries...
      0     0     8514.5867    98                    Cuts: 27     1451         
      0     0     8516.7243    98                    Cuts: 28     1497         
      0     0     8526.2886    92                    Cuts: 27     1545         
*     0+    0                        11210.0000     8526.2886            23.94%
*     0+    0                        10911.0000     8526.2886            21.86%
      0     0     8526.7236   101    10911.0000       Cuts: 9     1570   21.85%
      0     0     8529.4607   110    10911.0000      Cuts: 19     1643   21.83%
      0     0     8555.7894   113    10911.0000      Cuts: 10     1732   21.59%
      0     0     8557.9080   116    10911.0000      Cuts: 25     1783   21.57%
      0     0     8575.6255   107    10911.0000    MIRcuts: 5     1806   21.40%
      0     0     8579.4955    83    10911.0000      Cuts: 29     1826   21.37%
      0     0     8580.2134   116    10911.0000      Cuts: 20     1875   21.36%
Detecting symmetries...
      0     2     8580.2134   113    10911.0000     8582.9219     1875   21.34%
Elapsed time = 1.20 sec. (1242.33 ticks, tree = 0.01 MB, solutions = 2)
     28    30     9480.4671    82    10911.0000     8617.6667     5040   21.02%
    100    82     8667.4060    64    10911.0000     8620.4286     8877   20.99%
    177   151     9080.9598    99    10911.0000     8630.5385    13329   20.90%
    244   205    10475.4562    54    10911.0000     8641.3763    17776   20.80%
    332   277     8761.2464    41    10911.0000     8658.6959    22028   20.64%
    373   306     8747.6805   121    10911.0000     8669.0678    24914   20.55%
    449   364     9784.3695    85    10911.0000     8680.6275    28726   20.44%
    513   416    10166.2379    74    10911.0000     8690.9874    32303   20.35%
    602   485     8816.8993    83    10911.0000     8723.7720    36071   20.05%
*   630+  462                        10522.0000     8723.7720            17.09%
*   645   451      integral     0    10403.0000     8723.7720    39302   16.14%
*   789   388      integral     0     9685.0000     8731.9450    46219    9.84%
    864   438     9176.5011   101     9685.0000     8744.4563    51046    9.71%
Elapsed time = 3.31 sec. (4444.25 ticks, tree = 0.62 MB, solutions = 5)

Performing restart 1

Repeating presolve.
Tried aggregator 1 time.
MIP Presolve eliminated 10 rows and 1 columns.
MIP Presolve modified 4747 coefficients.
Reduced MIP has 2575 rows, 665 columns, and 10034 nonzeros.
Reduced MIP has 665 binaries, 0 generals, 0 SOSs, and 0 indicators.
Presolve time = 0.02 sec. (15.09 ticks)
Tried aggregator 1 time.
MIP Presolve modified 136 coefficients.
Reduced MIP has 2575 rows, 665 columns, and 10034 nonzeros.
Reduced MIP has 665 binaries, 0 generals, 0 SOSs, and 0 indicators.
Presolve time = 0.01 sec. (11.99 ticks)
Represolve time = 0.06 sec. (54.72 ticks)
    960     0     8596.1399   119     9685.0000      Cuts: 17    57764    9.61%
    960     0     8618.1321   104     9685.0000      Cuts: 44    57877    9.61%
    960     0     8618.1321   107     9685.0000      Cuts: 43    57907    9.61%
    960     0     8618.1321   107     9685.0000      Cuts: 41    57959    9.61%
    960     0     8618.1321   117     9685.0000      Cuts: 24    58014    9.61%
    960     0     8618.1321   108     9685.0000       Cuts: 3    58019    9.61%
    960     0     8618.1321   117     9685.0000      Cuts: 65    58082    9.61%
    960     2     8618.1321    95     9685.0000     8753.9183    58082    9.61%
    972    11     8984.3440    68     9685.0000     8753.9183    59209    9.61%
   1033    42     8691.8427    75     9685.0000     8753.9183    60252    9.61%
   1106   103     8834.0617    72     9685.0000     8753.9183    63426    9.61%
   1266   220     8816.1915   105     9685.0000     8753.9183    70384    9.61%
   1440   353     9621.1000    66     9685.0000     8753.9183    77934    9.61%
   1727   570     9301.3135    65     9685.0000     8753.9183    89099    9.61%
   1910   698     8916.2595   116     9685.0000     8770.9882    97587    9.44%
   2160   873     8976.7796    83     9685.0000     8828.4879   110038    8.84%
   2394  1034     9102.0258   124     9685.0000     8859.2155   121835    8.53%
Elapsed time = 10.19 sec. (14502.02 ticks, tree = 1.04 MB, solutions = 5)
   2640  1219     9553.5241    68     9685.0000     8888.9511   134599    8.22%
   2921  1425     9287.6116   104     9685.0000     8914.0518   146235    7.96%
   3150  1577     9146.6000    67     9685.0000     8930.3333   157768    7.79%
   3440  1778     9519.0684    98     9685.0000     8954.4293   171151    7.54%
   3757  1978     9069.2320    65     9685.0000     8978.2447   185316    7.30%
   4056  2198     9274.6286    38     9685.0000     8990.5928   198785    7.17%
   4303  2331     9638.0000    57     9685.0000     9006.7068   212559    7.00%
   4557  2461     9160.2698   107     9685.0000     9020.8015   225779    6.86%
   4809  2613     9566.7500    80     9685.0000     9034.6133   238116    6.72%
   5000  2678     9627.0952   107     9685.0000     9052.3045   250084    6.53%
Elapsed time = 16.84 sec. (24113.08 ticks, tree = 2.27 MB, solutions = 5)
*  5070  2620      integral     0     9638.0000     9056.6083   254096    6.03%
   5208  2672        cutoff           9638.0000     9070.6802   262351    5.89%
*  5292  2612      integral     0     9614.0000     9074.9989   267370    5.61%
   5420  2662     9420.4792   109     9614.0000     9086.5000   275726    5.49%
   5673  2759     9537.0000    10     9614.0000     9100.3223   288231    5.34%
   5964  2890     9495.5556    55     9614.0000     9115.2697   301140    5.19%
   6201  2980     9592.5854    90     9614.0000     9127.3331   315128    5.06%
   6426  3064     9387.5349    83     9614.0000     9136.3419   326995    4.97%
   6710  3165     9302.7826   109     9614.0000     9157.0558   340362    4.75%
   6956  3252        cutoff           9614.0000     9169.6536   352598    4.62%
   7245  3347     9327.6094    99     9614.0000     9184.0199   366228    4.47%
   7483  3424     9504.5625   101     9614.0000     9193.1969   378824    4.38%
Elapsed time = 23.55 sec. (33687.02 ticks, tree = 2.80 MB, solutions = 7)
   7683  3459     9376.6875    95     9614.0000     9204.0000   391633    4.26%
   7897  3514     9386.0909    88     9614.0000     9214.7500   402876    4.15%
   8167  3556     9429.2222    83     9614.0000     9226.4917   416294    4.03%
   8429  3634     9568.0500    99     9614.0000     9236.0368   428384    3.93%
   8684  3696     9383.3333    86     9614.0000     9243.8800   440236    3.85%
   8915  3735     9536.1207    97     9614.0000     9251.3114   451971    3.77%
   9110  3698     9333.5061    59     9614.0000     9264.8000   464078    3.63%
   9312  3688        cutoff           9614.0000     9274.4828   474386    3.53%
   9582  3715     9442.1382    64     9614.0000     9286.0439   486602    3.41%
   9831  3723     9329.5385    96     9614.0000     9296.4500   498877    3.30%
Elapsed time = 30.42 sec. (43302.88 ticks, tree = 3.07 MB, solutions = 7)
  10057  3682     9499.0000    21     9614.0000     9309.0000   510663    3.17%
  10281  3645        cutoff           9614.0000     9317.0988   522812    3.09%
  10512  3660     9416.0000    30     9614.0000     9322.6786   534524    3.03%
  10562  3655     9567.8333    99     9614.0000     9324.3113   537205    3.01%
  10771  3667     9416.0000    37     9614.0000     9327.5000   545573    2.98%
  10965  3628     9599.3636    91     9614.0000     9335.9444   556444    2.89%
  11183  3573     9394.6667    80     9614.0000     9344.5314   567495    2.80%
  11402  3543     9450.3333    84     9614.0000     9352.6967   577143    2.72%
  11619  3499        cutoff           9614.0000     9360.9557   587182    2.63%
  11856  3445        cutoff           9614.0000     9370.1001   597087    2.54%
Elapsed time = 38.97 sec. (54869.48 ticks, tree = 2.84 MB, solutions = 7)
  12099  3338        cutoff           9614.0000     9379.8444   608431    2.44%
* 12320  2876      integral     0     9575.0000     9390.0741   618043    1.93%
  12357  2860     9519.4000    65     9575.0000     9391.0620   620023    1.92%
  12638  2718        cutoff           9575.0000     9402.0000   630877    1.81%
  12898  2623     9420.7273   104     9575.0000     9412.0000   639981    1.70%
  13153  2540     9427.6667    51     9575.0000     9418.7062   649500    1.63%
  13353  2504        cutoff           9575.0000     9421.3893   659444    1.60%
  13622  2338     9572.5833    67     9575.0000     9431.5789   671095    1.50%
  13987  2115        cutoff           9575.0000     9444.8929   681756    1.36%
  14323  1902     9528.1808    89     9575.0000     9455.6308   692792    1.25%
  14670  1711     9466.0000    28     9575.0000     9466.0000   703058    1.14%
Elapsed time = 45.51 sec. (64442.34 ticks, tree = 1.53 MB, solutions = 8)
  14998  1556        cutoff           9575.0000     9474.0000   712862    1.05%
  15292  1460     9478.0000    21     9575.0000     9478.0000   722852    1.01%
  15774  1063        cutoff           9575.0000     9500.6000   732522    0.78%
  16302   627     9556.0000    43     9575.0000     9527.3981   741818    0.50%
* 16594     1      integral     0     9543.0000     9543.0000   746278    0.00%

Clique cuts applied:  13
Cover cuts applied:  104
Implied bound cuts applied:  1
Flow cuts applied:  2
Mixed integer rounding cuts applied:  35
Zero-half cuts applied:  29
Lift and project cuts applied:  9
Gomory fractional cuts applied:  2

Root node processing (before b&c):
  Real time             =    1.20 sec. (1243.55 ticks)
Sequential b&c:
  Real time             =   47.20 sec. (67541.68 ticks)
                          ------------
Total (root+branch&cut) =   48.39 sec. (68785.24 ticks)
MIP: [1;32mCPLEX finished.[0m
MIP: [1;32mCPLEX status: Optimal[0m
CAN: [1;35mItem: 0, Level: 0, at bin: 5[0m
CAN: [1;35mItem: 0, Level: 1, at bin: 5[0m
CAN: [1;35mItem: 0, Level: 2, at bin: 5[0m
CAN: [1;35mItem: 1, Level: 0, at bin: 4[0m
CAN: [1;35mItem: 1, Level: 1, at bin: 10[0m
CAN: [1;35mItem: 1, Level: 2, at bin: 10[0m
CAN: [1;35mItem: 2, Level: 0, at bin: 4[0m
CAN: [1;35mItem: 2, Level: 1, at bin: 10[0m
CAN: [1;35mItem: 2, Level: 2, at bin: 10[0m
CAN: [1;35mItem: 3, Level: 0, at bin: 6[0m
CAN: [1;35mItem: 3, Level: 1, at bin: 5[0m
CAN: [1;35mItem: 3, Level: 2, at bin: 5[0m
CAN: [1;35mItem: 4, Level: 0, at bin: 7[0m
CAN: [1;35mItem: 4, Level: 1, at bin: 9[0m
CAN: [1;35mItem: 4, Level: 2, at bin: 5[0m
CAN: [1;35mItem: 5, Level: 0, at bin: 3[0m
CAN: [1;35mItem: 5, Level: 1, at bin: 9[0m
CAN: [1;35mItem: 5, Level: 2, at bin: 5[0m
CAN: [1;35mItem: 6, Level: 0, at bin: 2[0m
CAN: [1;35mItem: 6, Level: 1, at bin: 11[0m
CAN: [1;35mItem: 6, Level: 2, at bin: 10[0m
CAN: [1;35mItem: 7, Level: 0, at bin: 0[0m
CAN: [1;35mItem: 7, Level: 1, at bin: 9[0m
CAN: [1;35mItem: 7, Level: 2, at bin: 5[0m
CAN: [1;35mItem: 8, Level: 0, at bin: 6[0m
CAN: [1;35mItem: 8, Level: 1, at bin: 5[0m
CAN: [1;35mItem: 8, Level: 2, at bin: 5[0m
CAN: [1;35mItem: 9, Level: 0, at bin: 2[0m
CAN: [1;35mItem: 9, Level: 1, at bin: 11[0m
CAN: [1;35mItem: 9, Level: 2, at bin: 10[0m
MIP: [1;32mSolution: 
Indexes: [5, 4, 4, 6, 7, 3, 2, 0, 6, 2][9, -1, 11, 9, 10, 5, 5, 9, -1, -1][-1, -1, -1, -1, -1, 5, -1, -1, -1, 5, 10, 10, -1, -1], P Variables: [5, 5, 5][4, 10, 10][4, 10, 10][6, 5, 5][7, 9, 5][3, 9, 5][2, 11, 10][0, 9, 5][6, 5, 5][2, 11, 10], Flow leaving each bin: [0m
MIP: [1;32mObjective value: 9543[0m
MIP: [1;32mLower Bound: 9543[0m
MIP: [1;32mBranch-and-Bound nodes: 16595[0m

# best solution:
best objective value:	9543
best dual bound value:	9543
optimality gap:	0%
CPU time:	48.1013
