ifile	/scratch/csagturk/mlbppo_inst/n0010_m03_p150__013.inst
prob	MLBPPO
threads	1
ttime	900
instance: /scratch/csagturk/mlbppo_inst/n0010_m03_p150__013.inst
	m=3, n=[10, 9, 9, 11], #pos=15
MIP: [1;32minit CPLEX[0m
CAN: [1;35mcreated 270 x_{ijk} variables[0m
CAN: [1;35mcreated 39 y_{ij} variables[0m
CAN: [1;35mcreated 290 p_{ijk} variables[0m
MIP: [1;32mcreated decision variables[0m
CAN: [1;35madded 10 constraints to enforce the packing of each item[0m
CAN: [1;35madded 18 constraints to enforce the packing of each item[0m
CAN: [1;35madded 29 capacity constraints[0m
MIP: [1;32mcreated constraints[0m
MIP: [1;32mcreated objective function[0m
MIP: [1;32mcalling CPLEX solve ...[0m
Version identifier: 22.1.0.0 | 2022-03-09 | 1a383f8ce
CPXPARAM_Threads                                 1
CPXPARAM_TimeLimit                               900
Tried aggregator 2 times.
MIP Presolve eliminated 2426 rows and 1926 columns.
MIP Presolve modified 402 coefficients.
Aggregator did 3129 substitutions.
Reduced MIP has 3059 rows, 2346 columns, and 8857 nonzeros.
Reduced MIP has 1385 binaries, 0 generals, 0 SOSs, and 19 indicators.
Presolve time = 0.02 sec. (26.41 ticks)
Found incumbent of value 16546.000000 after 0.11 sec. (54.40 ticks)
Probing fixed 0 vars, tightened 23 bounds.
Probing changed sense of 20 constraints.
Probing time = 0.08 sec. (80.01 ticks)
Tried aggregator 2 times.
MIP Presolve eliminated 109 rows and 126 columns.
Aggregator did 1816 substitutions.
Reduced MIP has 1134 rows, 404 columns, and 4971 nonzeros.
Reduced MIP has 404 binaries, 0 generals, 0 SOSs, and 0 indicators.
Presolve time = 0.01 sec. (9.51 ticks)
Probing time = 0.00 sec. (2.42 ticks)
Tried aggregator 1 time.
Detecting symmetries...
Reduced MIP has 1134 rows, 404 columns, and 4971 nonzeros.
Reduced MIP has 404 binaries, 0 generals, 0 SOSs, and 0 indicators.
Presolve time = 0.00 sec. (2.92 ticks)
Probing time = 0.00 sec. (2.44 ticks)
Clique table members: 1765.
MIP emphasis: balance optimality and feasibility.
MIP search method: dynamic search.
Parallel mode: none, using 1 thread.
Root relaxation solution time = 0.00 sec. (4.14 ticks)

        Nodes                                         Cuts/
   Node  Left     Objective  IInf  Best Integer    Best Bound    ItCnt     Gap

*     0+    0                        16546.0000        0.0000           100.00%
      0     0     6440.8774    53    16546.0000     6440.8774      137   61.07%
      0     0     6613.2089   102    16546.0000      Cuts: 70      566   60.03%
      0     0     6669.2889    58    16546.0000      Cuts: 95      788   59.69%
      0     0     6744.3394    76    16546.0000      Cuts: 58      894   59.24%
      0     0     6784.2732    81    16546.0000      Cuts: 51     1057   59.00%
      0     0     6814.0472    83    16546.0000      Cuts: 57     1157   58.82%
Detecting symmetries...
      0     0     6835.9100    87    16546.0000      Cuts: 36     1260   58.69%
      0     0     6840.5917    80    16546.0000      Cuts: 30     1327   58.66%
      0     0     6848.7718    71    16546.0000      Cuts: 32     1423   58.61%
      0     0     6849.6964    83    16546.0000      Cuts: 35     1503   58.60%
      0     0     6855.2223    86    16546.0000      Cuts: 33     1571   58.57%
      0     0     6857.8497    89    16546.0000      Cuts: 31     1614   58.55%
      0     0     6857.8497    76    16546.0000      Cuts: 27     1629   58.55%
      0     0     6857.8610    93    16546.0000      Cuts: 23     1671   58.55%
      0     0     6858.3228   100    16546.0000      Cuts: 28     1712   58.55%
*     0+    0                         9824.0000     6858.3228            30.19%
Detecting symmetries...
      0     2     6858.3228    79     9824.0000     6860.9271     1712   30.16%
Elapsed time = 0.44 sec. (411.70 ticks, tree = 0.01 MB, solutions = 2)
*    20+   16                         7236.0000     6888.8158             4.80%
*    24    16      integral     0     7195.0000     6888.8158     3382    4.26%
*    51    15      integral     0     6972.0000     6947.2857     4857    0.35%

Clique cuts applied:  4
Cover cuts applied:  21
Implied bound cuts applied:  21
Flow cuts applied:  1
Mixed integer rounding cuts applied:  16
Zero-half cuts applied:  22
Gomory fractional cuts applied:  3

Root node processing (before b&c):
  Real time             =    0.44 sec. (412.11 ticks)
Sequential b&c:
  Real time             =    0.10 sec. (149.82 ticks)
                          ------------
Total (root+branch&cut) =    0.55 sec. (561.93 ticks)
MIP: [1;32mCPLEX finished.[0m
MIP: [1;32mCPLEX status: Optimal[0m
CAN: [1;35mItem: 0, Level: 0, at bin: 6[0m
CAN: [1;35mItem: 0, Level: 1, at bin: 7[0m
CAN: [1;35mItem: 0, Level: 2, at bin: 9[0m
CAN: [1;35mItem: 1, Level: 0, at bin: 0[0m
CAN: [1;35mItem: 1, Level: 1, at bin: 1[0m
CAN: [1;35mItem: 1, Level: 2, at bin: 1[0m
CAN: [1;35mItem: 2, Level: 0, at bin: 0[0m
CAN: [1;35mItem: 2, Level: 1, at bin: 1[0m
CAN: [1;35mItem: 2, Level: 2, at bin: 1[0m
CAN: [1;35mItem: 3, Level: 0, at bin: 7[0m
CAN: [1;35mItem: 3, Level: 1, at bin: 7[0m
CAN: [1;35mItem: 3, Level: 2, at bin: 9[0m
CAN: [1;35mItem: 4, Level: 0, at bin: 7[0m
CAN: [1;35mItem: 4, Level: 1, at bin: 7[0m
CAN: [1;35mItem: 4, Level: 2, at bin: 9[0m
CAN: [1;35mItem: 5, Level: 0, at bin: 1[0m
CAN: [1;35mItem: 5, Level: 1, at bin: 1[0m
CAN: [1;35mItem: 5, Level: 2, at bin: 1[0m
CAN: [1;35mItem: 6, Level: 0, at bin: 1[0m
CAN: [1;35mItem: 6, Level: 1, at bin: 1[0m
CAN: [1;35mItem: 6, Level: 2, at bin: 1[0m
CAN: [1;35mItem: 7, Level: 0, at bin: 7[0m
CAN: [1;35mItem: 7, Level: 1, at bin: 7[0m
CAN: [1;35mItem: 7, Level: 2, at bin: 9[0m
CAN: [1;35mItem: 8, Level: 0, at bin: 7[0m
CAN: [1;35mItem: 8, Level: 1, at bin: 7[0m
CAN: [1;35mItem: 8, Level: 2, at bin: 9[0m
CAN: [1;35mItem: 9, Level: 0, at bin: 6[0m
CAN: [1;35mItem: 9, Level: 1, at bin: 7[0m
CAN: [1;35mItem: 9, Level: 2, at bin: 9[0m
MIP: [1;32mSolution: 
Indexes: [6, 0, 0, 7, 7, 1, 1, 7, 7, 6][1, 1, -1, -1, -1, -1, 7, 7, -1][-1, 1, -1, -1, -1, -1, -1, 9, -1], P Variables: [6, 7, 9][0, 1, 1][0, 1, 1][7, 7, 9][7, 7, 9][1, 1, 1][1, 1, 1][7, 7, 9][7, 7, 9][6, 7, 9], Flow leaving each bin: [0m
MIP: [1;32mObjective value: 6972[0m
MIP: [1;32mLower Bound: 6972[0m
MIP: [1;32mBranch-and-Bound nodes: 73[0m

# best solution:
best objective value:	6972
best dual bound value:	6972
optimality gap:	0%
CPU time:	0.515048
