ifile	/scratch/csagturk/mlbppo_inst/n0010_m01_p050__059.inst
prob	MLBPPO
threads	1
ttime	900
instance: /scratch/csagturk/mlbppo_inst/n0010_m01_p050__059.inst
	m=1, n=[10, 8], #pos=5
MIP: [1;32minit CPLEX[0m
CAN: [1;35mcreated 80 x_{ijk} variables[0m
CAN: [1;35mcreated 18 y_{ij} variables[0m
CAN: [1;35mcreated 80 p_{ijk} variables[0m
MIP: [1;32mcreated decision variables[0m
CAN: [1;35madded 10 constraints to enforce the packing of each item[0m
CAN: [1;35madded 0 constraints to enforce the packing of each item[0m
CAN: [1;35madded 8 capacity constraints[0m
MIP: [1;32mcreated constraints[0m
MIP: [1;32mcreated objective function[0m
MIP: [1;32mcalling CPLEX solve ...[0m
Version identifier: 22.1.0.0 | 2022-03-09 | 1a383f8ce
CPXPARAM_Threads                                 1
CPXPARAM_TimeLimit                               900
Tried aggregator 2 times.
MIP Presolve eliminated 36 rows and 24 columns.
MIP Presolve modified 80 coefficients.
Aggregator did 70 substitutions.
Reduced MIP has 37 rows, 74 columns, and 267 nonzeros.
Reduced MIP has 74 binaries, 0 generals, 0 SOSs, and 0 indicators.
Presolve time = 0.00 sec. (0.60 ticks)
Found incumbent of value 2297.000000 after 0.00 sec. (0.67 ticks)
Probing fixed 4 vars, tightened 0 bounds.
Probing time = 0.00 sec. (0.13 ticks)
Tried aggregator 2 times.
Detecting symmetries...
MIP Presolve eliminated 3 rows and 4 columns.
MIP Presolve modified 22 coefficients.
Aggregator did 1 substitutions.
Reduced MIP has 32 rows, 69 columns, and 229 nonzeros.
Reduced MIP has 69 binaries, 0 generals, 0 SOSs, and 0 indicators.
Presolve time = 0.00 sec. (0.29 ticks)
Probing time = 0.00 sec. (0.11 ticks)
Clique table members: 159.
MIP emphasis: balance optimality and feasibility.
MIP search method: dynamic search.
Parallel mode: none, using 1 thread.
Root relaxation solution time = 0.00 sec. (0.15 ticks)

        Nodes                                         Cuts/
   Node  Left     Objective  IInf  Best Integer    Best Bound    ItCnt     Gap

*     0+    0                         2297.0000        0.0000           100.00%
      0     0     1824.8235     9     2297.0000     1824.8235       40   20.56%
*     0+    0                         1997.0000     1824.8235             8.62%
      0     0     1866.1500    16     1997.0000      Cuts: 21       68    6.55%
      0     0     1870.2721    27     1997.0000      Cuts: 16       96    6.35%
      0     0     1880.6081    35     1997.0000      Cuts: 23      124    5.83%
      0     0     1882.7633    33     1997.0000      Cuts: 18      132    5.72%
      0     0     1888.4985    33     1997.0000       Cuts: 9      153    5.43%
Detecting symmetries...
      0     0     1889.9927    41     1997.0000       Cuts: 4      167    5.36%
      0     0     1890.0306    40     1997.0000    MIRcuts: 2      170    5.36%
      0     0     1890.8536    37     1997.0000   ZeroHalf: 3      177    5.32%
      0     0     1891.6725    40     1997.0000      Cuts: 13      186    5.27%
      0     0     1893.3844    37     1997.0000       Cuts: 4      193    5.19%
      0     0     1894.1404    40     1997.0000      Cuts: 10      200    5.15%
      0     0     1895.0456    39     1997.0000       Cuts: 5      208    5.11%
      0     0     1896.1558    40     1997.0000       Cuts: 7      226    5.05%
      0     0     1897.3190    38     1997.0000       Cuts: 6      237    4.99%
      0     0     1897.7629    40     1997.0000   ZeroHalf: 2      248    4.97%
      0     0     1897.9400    42     1997.0000    MIRcuts: 2      251    4.96%
Detecting symmetries...
      0     2     1897.9400    42     1997.0000     1897.9565      251    4.96%
Elapsed time = 0.04 sec. (20.36 ticks, tree = 0.01 MB, solutions = 2)
*    20+    5                         1981.0000     1902.0437             3.99%

GUB cover cuts applied:  3
Clique cuts applied:  5
Cover cuts applied:  3
Implied bound cuts applied:  1
Flow cuts applied:  1
Mixed integer rounding cuts applied:  11
Zero-half cuts applied:  10
Gomory fractional cuts applied:  2

Root node processing (before b&c):
  Real time             =    0.04 sec. (20.36 ticks)
Sequential b&c:
  Real time             =    0.01 sec. (5.78 ticks)
                          ------------
Total (root+branch&cut) =    0.05 sec. (26.14 ticks)
MIP: [1;32mCPLEX finished.[0m
MIP: [1;32mCPLEX status: Optimal[0m
CAN: [1;35mItem: 0, Level: 0, at bin: 0[0m
CAN: [1;35mItem: 1, Level: 0, at bin: 1[0m
CAN: [1;35mItem: 2, Level: 0, at bin: 5[0m
CAN: [1;35mItem: 3, Level: 0, at bin: 7[0m
CAN: [1;35mItem: 4, Level: 0, at bin: 1[0m
CAN: [1;35mItem: 5, Level: 0, at bin: 0[0m
CAN: [1;35mItem: 6, Level: 0, at bin: 5[0m
CAN: [1;35mItem: 7, Level: 0, at bin: 7[0m
CAN: [1;35mItem: 8, Level: 0, at bin: 0[0m
CAN: [1;35mItem: 9, Level: 0, at bin: 2[0m
MIP: [1;32mSolution: 
Indexes: [0, 1, 5, 7, 1, 0, 5, 7, 0, 2], P Variables: [0][1][5][7][1][0][5][7][0][2], Flow leaving each bin: [0m
MIP: [1;32mObjective value: 1981[0m
MIP: [1;32mLower Bound: 1981[0m
MIP: [1;32mBranch-and-Bound nodes: 58[0m

# best solution:
best objective value:	1981
best dual bound value:	1981
optimality gap:	0%
CPU time:	0.0419333
