ifile	/scratch/csagturk/mlbppo_inst/n0010_m03_p200__097.inst
prob	MLBPPO
threads	1
ttime	900
instance: /scratch/csagturk/mlbppo_inst/n0010_m03_p200__097.inst
	m=3, n=[10, 9, 8, 9], #pos=20
MIP: [1;32minit CPLEX[0m
CAN: [1;35mcreated 234 x_{ijk} variables[0m
CAN: [1;35mcreated 36 y_{ij} variables[0m
CAN: [1;35mcreated 260 p_{ijk} variables[0m
MIP: [1;32mcreated decision variables[0m
CAN: [1;35madded 10 constraints to enforce the packing of each item[0m
CAN: [1;35madded 17 constraints to enforce the packing of each item[0m
CAN: [1;35madded 26 capacity constraints[0m
MIP: [1;32mcreated constraints[0m
MIP: [1;32mcreated objective function[0m
MIP: [1;32mcalling CPLEX solve ...[0m
Version identifier: 22.1.0.0 | 2022-03-09 | 1a383f8ce
CPXPARAM_Threads                                 1
CPXPARAM_TimeLimit                               900
Tried aggregator 2 times.
MIP Presolve eliminated 1554 rows and 1256 columns.
MIP Presolve added 2 rows and 0 columns.
MIP Presolve modified 402 coefficients.
Aggregator did 2936 substitutions.
Reduced MIP has 2906 rows, 2209 columns, and 8122 nonzeros.
Reduced MIP has 1296 binaries, 0 generals, 0 SOSs, and 17 indicators.
Presolve time = 0.02 sec. (22.69 ticks)
Probing fixed 0 vars, tightened 25 bounds.
Probing changed sense of 17 constraints.
Probing time = 0.07 sec. (63.99 ticks)
Tried aggregator 2 times.
MIP Presolve eliminated 102 rows and 119 columns.
Aggregator did 1724 substitutions.
Reduced MIP has 1080 rows, 366 columns, and 4436 nonzeros.
Reduced MIP has 366 binaries, 0 generals, 0 SOSs, and 0 indicators.
Presolve time = 0.01 sec. (8.63 ticks)
Probing time = 0.00 sec. (2.43 ticks)
Tried aggregator 1 time.
Detecting symmetries...
Reduced MIP has 1080 rows, 366 columns, and 4436 nonzeros.
Reduced MIP has 366 binaries, 0 generals, 0 SOSs, and 0 indicators.
Presolve time = 0.00 sec. (2.67 ticks)
Probing time = 0.00 sec. (2.44 ticks)
Clique table members: 1704.
MIP emphasis: balance optimality and feasibility.
MIP search method: dynamic search.
Parallel mode: none, using 1 thread.
Root relaxation solution time = 0.01 sec. (5.52 ticks)

        Nodes                                         Cuts/
   Node  Left     Objective  IInf  Best Integer    Best Bound    ItCnt     Gap

      0     0     5900.3638    91                   5900.3638      206         
      0     0     6332.0399    62                   Cuts: 117      461         
      0     0     6398.9116    64                    Cuts: 54      583         
      0     0     6462.8890    73                    Cuts: 64      685         
      0     0     7060.1984   107                    Cuts: 47     1007         
      0     0     7859.0000    70                    Cuts: 66     1155         
      0     0     7859.0000    77                    Cuts: 57     1211         
      0     0     7859.0000    57                     Cuts: 4     1247         
      0     0     7859.0000    59                    Cuts: 23     1288         
*     0+    0                        11926.0000     7859.0000            34.10%
*     0+    0                        10413.0000     7859.0000            24.53%
      0     0  -1.00000e+75     0    10413.0000     7859.0000     1288   24.53%
      0     2     7859.0000    30    10413.0000     7859.0000     1288   24.53%
Elapsed time = 0.39 sec. (341.95 ticks, tree = 0.01 MB, solutions = 2)
*    59    44      integral     0     9931.0000     7859.0000     3353   20.86%
*    80    46      integral     0     9233.0000     7859.0000     3706   14.88%
*   124    86      integral     0     9143.0000     7859.0000     5009   14.04%
*   125    85      integral     0     9138.0000     7859.0000     5014   14.00%
*   126    82      integral     0     8985.0000     7859.0000     5018   12.53%
    212   138     7884.7222    54     8985.0000     7859.0000     8433   12.53%
*   245   119      integral     0     8326.0000     7859.0000     9800    5.61%
    459   237     8135.2952    44     8326.0000     7859.0000    15767    5.61%
*   487   236      integral     0     8259.0000     7859.0000    16504    4.84%
    700   326     8192.5000    55     8259.0000     7859.0000    21454    4.84%
    960   434     7859.0000    32     8259.0000     7859.0000    27306    4.84%
   1205   504     7934.3750    76     8259.0000     7859.0000    33761    4.84%
   1455   613     7913.2353    63     8259.0000     7859.0000    40324    4.84%

Performing restart 1

Repeating presolve.
Tried aggregator 2 times.
MIP Presolve eliminated 264 rows and 53 columns.
MIP Presolve modified 1122 coefficients.
Aggregator did 2 substitutions.
Reduced MIP has 814 rows, 311 columns, and 2972 nonzeros.
Reduced MIP has 311 binaries, 0 generals, 0 SOSs, and 0 indicators.
Presolve time = 0.01 sec. (4.86 ticks)
Tried aggregator 1 time.
MIP Presolve eliminated 20 rows and 7 columns.
MIP Presolve modified 8 coefficients.
Reduced MIP has 794 rows, 304 columns, and 2835 nonzeros.
Reduced MIP has 304 binaries, 0 generals, 0 SOSs, and 0 indicators.
Presolve time = 0.00 sec. (2.37 ticks)
Tried aggregator 1 time.
MIP Presolve eliminated 15 rows and 5 columns.
MIP Presolve modified 8 coefficients.
Reduced MIP has 779 rows, 299 columns, and 2737 nonzeros.
Reduced MIP has 299 binaries, 0 generals, 0 SOSs, and 0 indicators.
Presolve time = 0.00 sec. (2.64 ticks)
Represolve time = 0.03 sec. (24.04 ticks)
   1458     0     7859.0000    52     8259.0000      Cuts: 15    40700    4.84%
   1458     0     7859.0000    82     8259.0000      Cuts: 54    40754    4.84%
   1474     7     7859.0000    50     8259.0000     7859.0000    41310    4.84%
   1525    12     7878.5000    42     8259.0000     7859.0000    42786    4.84%
   1643    38     8023.6667    67     8259.0000     7859.0000    46413    4.84%
   2107   184     7892.9167    45     8259.0000     7859.0000    59048    4.84%
Elapsed time = 2.91 sec. (3462.11 ticks, tree = 0.09 MB, solutions = 9)
   2585   179        cutoff           8259.0000     7872.4000    70260    4.68%

Clique cuts applied:  4
Cover cuts applied:  14
Flow cuts applied:  3
Mixed integer rounding cuts applied:  3
Zero-half cuts applied:  20

Root node processing (before b&c):
  Real time             =    0.39 sec. (342.36 ticks)
Sequential b&c:
  Real time             =    3.65 sec. (4336.85 ticks)
                          ------------
Total (root+branch&cut) =    4.04 sec. (4679.21 ticks)
MIP: [1;32mCPLEX finished.[0m
MIP: [1;32mCPLEX status: Optimal[0m
CAN: [1;35mItem: 0, Level: 0, at bin: 6[0m
CAN: [1;35mItem: 0, Level: 1, at bin: 4[0m
CAN: [1;35mItem: 0, Level: 2, at bin: 6[0m
CAN: [1;35mItem: 1, Level: 0, at bin: 2[0m
CAN: [1;35mItem: 1, Level: 1, at bin: 6[0m
CAN: [1;35mItem: 1, Level: 2, at bin: 1[0m
CAN: [1;35mItem: 2, Level: 0, at bin: 7[0m
CAN: [1;35mItem: 2, Level: 1, at bin: 6[0m
CAN: [1;35mItem: 2, Level: 2, at bin: 1[0m
CAN: [1;35mItem: 3, Level: 0, at bin: 7[0m
CAN: [1;35mItem: 3, Level: 1, at bin: 6[0m
CAN: [1;35mItem: 3, Level: 2, at bin: 1[0m
CAN: [1;35mItem: 4, Level: 0, at bin: 2[0m
CAN: [1;35mItem: 4, Level: 1, at bin: 6[0m
CAN: [1;35mItem: 4, Level: 2, at bin: 1[0m
CAN: [1;35mItem: 5, Level: 0, at bin: 7[0m
CAN: [1;35mItem: 5, Level: 1, at bin: 6[0m
CAN: [1;35mItem: 5, Level: 2, at bin: 1[0m
CAN: [1;35mItem: 6, Level: 0, at bin: 6[0m
CAN: [1;35mItem: 6, Level: 1, at bin: 4[0m
CAN: [1;35mItem: 6, Level: 2, at bin: 6[0m
CAN: [1;35mItem: 7, Level: 0, at bin: 4[0m
CAN: [1;35mItem: 7, Level: 1, at bin: 1[0m
CAN: [1;35mItem: 7, Level: 2, at bin: 6[0m
CAN: [1;35mItem: 8, Level: 0, at bin: 5[0m
CAN: [1;35mItem: 8, Level: 1, at bin: 7[0m
CAN: [1;35mItem: 8, Level: 2, at bin: 6[0m
CAN: [1;35mItem: 9, Level: 0, at bin: 8[0m
CAN: [1;35mItem: 9, Level: 1, at bin: 1[0m
CAN: [1;35mItem: 9, Level: 2, at bin: 6[0m
MIP: [1;32mSolution: 
Indexes: [6, 2, 7, 7, 2, 7, 6, 4, 5, 8][-1, -1, 6, -1, 1, 7, 4, 6, 1][-1, 6, -1, -1, 6, -1, 1, 6], P Variables: [6, 4, 6][2, 6, 1][7, 6, 1][7, 6, 1][2, 6, 1][7, 6, 1][6, 4, 6][4, 1, 6][5, 7, 6][8, 1, 6], Flow leaving each bin: [0m
MIP: [1;32mObjective value: 8259[0m
MIP: [1;32mLower Bound: 8259[0m
MIP: [1;32mBranch-and-Bound nodes: 2929[0m

# best solution:
best objective value:	8259
best dual bound value:	8259
optimality gap:	0%
CPU time:	3.82492
