ifile	/scratch/csagturk/mlbppo_inst/n0010_m04_p150__074.inst
prob	MLBPPO
threads	1
ttime	900
instance: /scratch/csagturk/mlbppo_inst/n0010_m04_p150__074.inst
	m=4, n=[10, 8, 7, 9, 9], #pos=15
MIP: [1;32minit CPLEX[0m
CAN: [1;35mcreated 280 x_{ijk} variables[0m
CAN: [1;35mcreated 43 y_{ij} variables[0m
CAN: [1;35mcreated 330 p_{ijk} variables[0m
MIP: [1;32mcreated decision variables[0m
CAN: [1;35madded 10 constraints to enforce the packing of each item[0m
CAN: [1;35madded 24 constraints to enforce the packing of each item[0m
CAN: [1;35madded 33 capacity constraints[0m
MIP: [1;32mcreated constraints[0m
MIP: [1;32mcreated objective function[0m
MIP: [1;32mcalling CPLEX solve ...[0m
Version identifier: 22.1.0.0 | 2022-03-09 | 1a383f8ce
CPXPARAM_Threads                                 1
CPXPARAM_TimeLimit                               900
Tried aggregator 2 times.
MIP Presolve eliminated 1996 rows and 1628 columns.
MIP Presolve modified 370 coefficients.
Aggregator did 4168 substitutions.
Reduced MIP has 4103 rows, 3142 columns, and 10848 nonzeros.
Reduced MIP has 1822 binaries, 0 generals, 0 SOSs, and 24 indicators.
Presolve time = 0.03 sec. (34.08 ticks)
Probing fixed 0 vars, tightened 36 bounds.
Probing changed sense of 24 constraints.
Probing time = 0.09 sec. (84.80 ticks)
Tried aggregator 2 times.
MIP Presolve eliminated 144 rows and 168 columns.
Aggregator did 2496 substitutions.
Reduced MIP has 1463 rows, 478 columns, and 5520 nonzeros.
Reduced MIP has 478 binaries, 0 generals, 0 SOSs, and 0 indicators.
Presolve time = 0.01 sec. (11.26 ticks)
Probing time = 0.00 sec. (2.40 ticks)
Tried aggregator 1 time.
Detecting symmetries...
Reduced MIP has 1463 rows, 478 columns, and 5520 nonzeros.
Reduced MIP has 478 binaries, 0 generals, 0 SOSs, and 0 indicators.
Presolve time = 0.00 sec. (3.32 ticks)
Probing time = 0.00 sec. (2.43 ticks)
Clique table members: 1333.
MIP emphasis: balance optimality and feasibility.
MIP search method: dynamic search.
Parallel mode: none, using 1 thread.
Root relaxation solution time = 0.01 sec. (7.54 ticks)

        Nodes                                         Cuts/
   Node  Left     Objective  IInf  Best Integer    Best Bound    ItCnt     Gap

      0     0     6426.0567    88                   6426.0567      291         
      0     0     6889.0267   100                   Cuts: 106      670         
      0     0     7219.9585    70                    Cuts: 80     1042         
      0     0     7770.0032   105                    Cuts: 52     1227         
      0     0     8047.0573   110                    Cuts: 71     1326         
      0     0     8202.0806   115                    Cuts: 60     1391         
Detecting symmetries...
      0     0     8202.7859   114                    Cuts: 26     1474         
      0     0     8212.5629   115                    Cuts: 34     1520         
      0     0     8213.3319   122                    Cuts: 25     1581         
      0     0     8213.3319   126                    Cuts: 37     1644         
      0     0     8227.6259   103                    Cuts: 10     1700         
      0     0     8229.0529   117                    Cuts: 31     1739         
      0     0     8230.0212   126                    Cuts: 41     1781         
*     0+    0                        16736.0000     8230.0212            50.82%
Detecting symmetries...
      0     2     8230.0212   115    16736.0000     8230.1404     1781   50.82%
Elapsed time = 0.41 sec. (427.66 ticks, tree = 0.01 MB, solutions = 1)
*    23    20      integral     0    10823.0000     8252.5704     3900   23.75%
*    49    29      integral     0    10278.0000     8255.4152     5038   19.68%
*    50    27      integral     0     9339.0000     8255.4152     5041   11.60%
*    71    38      integral     0     8870.0000     8271.0000     5417    6.75%
*   179    73      integral     0     8641.0000     8344.0000     9759    3.44%
    183    72     8582.1667    34     8641.0000     8345.7288    10048    3.42%
*   258    70      integral     0     8605.0000     8380.9375    13466    2.60%
    280    69        cutoff           8605.0000     8392.3518    14787    2.47%

Clique cuts applied:  15
Cover cuts applied:  27
Implied bound cuts applied:  45
Flow cuts applied:  4
Mixed integer rounding cuts applied:  19
Zero-half cuts applied:  26
Gomory fractional cuts applied:  2

Root node processing (before b&c):
  Real time             =    0.41 sec. (428.22 ticks)
Sequential b&c:
  Real time             =    0.64 sec. (876.14 ticks)
                          ------------
Total (root+branch&cut) =    1.05 sec. (1304.36 ticks)
MIP: [1;32mCPLEX finished.[0m
MIP: [1;32mCPLEX status: Optimal[0m
CAN: [1;35mItem: 0, Level: 0, at bin: 4[0m
CAN: [1;35mItem: 0, Level: 1, at bin: 5[0m
CAN: [1;35mItem: 0, Level: 2, at bin: 7[0m
CAN: [1;35mItem: 0, Level: 3, at bin: 8[0m
CAN: [1;35mItem: 1, Level: 0, at bin: 7[0m
CAN: [1;35mItem: 1, Level: 1, at bin: 0[0m
CAN: [1;35mItem: 1, Level: 2, at bin: 4[0m
CAN: [1;35mItem: 1, Level: 3, at bin: 4[0m
CAN: [1;35mItem: 2, Level: 0, at bin: 7[0m
CAN: [1;35mItem: 2, Level: 1, at bin: 0[0m
CAN: [1;35mItem: 2, Level: 2, at bin: 4[0m
CAN: [1;35mItem: 2, Level: 3, at bin: 4[0m
CAN: [1;35mItem: 3, Level: 0, at bin: 2[0m
CAN: [1;35mItem: 3, Level: 1, at bin: 5[0m
CAN: [1;35mItem: 3, Level: 2, at bin: 7[0m
CAN: [1;35mItem: 3, Level: 3, at bin: 8[0m
CAN: [1;35mItem: 4, Level: 0, at bin: 1[0m
CAN: [1;35mItem: 4, Level: 1, at bin: 3[0m
CAN: [1;35mItem: 4, Level: 2, at bin: 4[0m
CAN: [1;35mItem: 4, Level: 3, at bin: 4[0m
CAN: [1;35mItem: 5, Level: 0, at bin: 7[0m
CAN: [1;35mItem: 5, Level: 1, at bin: 0[0m
CAN: [1;35mItem: 5, Level: 2, at bin: 4[0m
CAN: [1;35mItem: 5, Level: 3, at bin: 4[0m
CAN: [1;35mItem: 6, Level: 0, at bin: 5[0m
CAN: [1;35mItem: 6, Level: 1, at bin: 3[0m
CAN: [1;35mItem: 6, Level: 2, at bin: 4[0m
CAN: [1;35mItem: 6, Level: 3, at bin: 4[0m
CAN: [1;35mItem: 7, Level: 0, at bin: 4[0m
CAN: [1;35mItem: 7, Level: 1, at bin: 5[0m
CAN: [1;35mItem: 7, Level: 2, at bin: 7[0m
CAN: [1;35mItem: 7, Level: 3, at bin: 8[0m
CAN: [1;35mItem: 8, Level: 0, at bin: 5[0m
CAN: [1;35mItem: 8, Level: 1, at bin: 3[0m
CAN: [1;35mItem: 8, Level: 2, at bin: 4[0m
CAN: [1;35mItem: 8, Level: 3, at bin: 4[0m
CAN: [1;35mItem: 9, Level: 0, at bin: 5[0m
CAN: [1;35mItem: 9, Level: 1, at bin: 3[0m
CAN: [1;35mItem: 9, Level: 2, at bin: 4[0m
CAN: [1;35mItem: 9, Level: 3, at bin: 4[0m
MIP: [1;32mSolution: 
Indexes: [4, 7, 7, 2, 1, 7, 5, 4, 5, 5][-1, 3, 5, -1, 5, 3, -1, 0][4, -1, -1, 4, -1, 7, -1][-1, -1, -1, -1, 4, -1, -1, 8, -1], P Variables: [4, 5, 7, 8][7, 0, 4, 4][7, 0, 4, 4][2, 5, 7, 8][1, 3, 4, 4][7, 0, 4, 4][5, 3, 4, 4][4, 5, 7, 8][5, 3, 4, 4][5, 3, 4, 4], Flow leaving each bin: [0m
MIP: [1;32mObjective value: 8605[0m
MIP: [1;32mLower Bound: 8605[0m
MIP: [1;32mBranch-and-Bound nodes: 404[0m

# best solution:
best objective value:	8605
best dual bound value:	8605
optimality gap:	0%
CPU time:	1.07832
