ifile	/scratch/csagturk/mlbppo_inst/n0010_m02_p050__057.inst
prob	MLBPPO
threads	1
ttime	900
instance: /scratch/csagturk/mlbppo_inst/n0010_m02_p050__057.inst
	m=2, n=[10, 7, 9], #pos=5
MIP: [1;32minit CPLEX[0m
CAN: [1;35mcreated 133 x_{ijk} variables[0m
CAN: [1;35mcreated 26 y_{ij} variables[0m
CAN: [1;35mcreated 160 p_{ijk} variables[0m
MIP: [1;32mcreated decision variables[0m
CAN: [1;35madded 10 constraints to enforce the packing of each item[0m
CAN: [1;35madded 7 constraints to enforce the packing of each item[0m
CAN: [1;35madded 16 capacity constraints[0m
MIP: [1;32mcreated constraints[0m
MIP: [1;32mcreated objective function[0m
MIP: [1;32mcalling CPLEX solve ...[0m
Version identifier: 22.1.0.0 | 2022-03-09 | 1a383f8ce
CPXPARAM_Threads                                 1
CPXPARAM_TimeLimit                               900
Tried aggregator 4 times.
MIP Presolve eliminated 802 rows and 672 columns.
MIP Presolve modified 126 coefficients.
Aggregator did 1216 substitutions.
Reduced MIP has 1068 rows, 874 columns, and 2893 nonzeros.
Reduced MIP has 530 binaries, 0 generals, 0 SOSs, and 7 indicators.
Presolve time = 0.01 sec. (9.59 ticks)
Found incumbent of value 8334.000000 after 0.02 sec. (14.85 ticks)
Probing fixed 0 vars, tightened 9 bounds.
Probing changed sense of 7 constraints.
Probing time = 0.01 sec. (8.67 ticks)
Tried aggregator 2 times.
MIP Presolve eliminated 45 rows and 49 columns.
MIP Presolve modified 6 coefficients.
Aggregator did 628 substitutions.
Reduced MIP has 395 rows, 197 columns, and 1514 nonzeros.
Reduced MIP has 197 binaries, 0 generals, 0 SOSs, and 0 indicators.
Presolve time = 0.00 sec. (3.11 ticks)
Probing time = 0.00 sec. (0.51 ticks)
Tried aggregator 1 time.
Detecting symmetries...
MIP Presolve eliminated 4 rows and 4 columns.
Reduced MIP has 391 rows, 193 columns, and 1479 nonzeros.
Reduced MIP has 193 binaries, 0 generals, 0 SOSs, and 0 indicators.
Presolve time = 0.00 sec. (1.43 ticks)
Probing time = 0.00 sec. (0.49 ticks)
Clique table members: 235.
MIP emphasis: balance optimality and feasibility.
MIP search method: dynamic search.
Parallel mode: none, using 1 thread.
Root relaxation solution time = 0.00 sec. (1.87 ticks)

        Nodes                                         Cuts/
   Node  Left     Objective  IInf  Best Integer    Best Bound    ItCnt     Gap

*     0+    0                         8334.0000        0.0000           100.00%
      0     0     4411.1639    45     8334.0000     4411.1639      107   47.07%
      0     0     4528.0573    49     8334.0000      Cuts: 48      254   45.67%
      0     0     4613.2417    48     8334.0000      Cuts: 75      381   44.65%
*     0+    0                         6884.0000     4613.2417            32.99%
      0     0     4631.2500    51     6884.0000      Cuts: 42      441   32.72%
      0     0     4636.2261    62     6884.0000      Cuts: 25      465   32.65%
*     0+    0                         5495.0000     4636.2261            15.63%
      0     0     4640.6679    61     5495.0000      Cuts: 24      506   15.55%
Detecting symmetries...
      0     0     4641.3875    53     5495.0000      Cuts: 26      562   15.53%
      0     0     4641.3875    62     5495.0000      Cuts: 34      585   15.53%
      0     0     4648.4081    59     5495.0000       Cuts: 7      615   15.41%
      0     0     4648.4081    66     5495.0000      Cuts: 39      671   15.41%
Detecting symmetries...
      0     2     4648.4081    53     5495.0000     4648.4081      671   15.41%
Elapsed time = 0.09 sec. (81.91 ticks, tree = 0.01 MB, solutions = 3)
*    29    23      integral     0     5092.0000     4648.4081     1370    8.71%
*    48    35      integral     0     5086.0000     4649.7812     1863    8.58%
*   118     7      integral     0     4828.0000     4717.3454     3285    2.29%

Clique cuts applied:  1
Cover cuts applied:  13
Implied bound cuts applied:  30
Mixed integer rounding cuts applied:  6
Zero-half cuts applied:  15
Gomory fractional cuts applied:  1

Root node processing (before b&c):
  Real time             =    0.09 sec. (82.07 ticks)
Sequential b&c:
  Real time             =    0.07 sec. (70.83 ticks)
                          ------------
Total (root+branch&cut) =    0.17 sec. (152.91 ticks)
MIP: [1;32mCPLEX finished.[0m
MIP: [1;32mCPLEX status: Optimal[0m
CAN: [1;35mItem: 0, Level: 0, at bin: 1[0m
CAN: [1;35mItem: 0, Level: 1, at bin: 0[0m
CAN: [1;35mItem: 1, Level: 0, at bin: 1[0m
CAN: [1;35mItem: 1, Level: 1, at bin: 0[0m
CAN: [1;35mItem: 2, Level: 0, at bin: 6[0m
CAN: [1;35mItem: 2, Level: 1, at bin: 5[0m
CAN: [1;35mItem: 3, Level: 0, at bin: 0[0m
CAN: [1;35mItem: 3, Level: 1, at bin: 2[0m
CAN: [1;35mItem: 4, Level: 0, at bin: 0[0m
CAN: [1;35mItem: 4, Level: 1, at bin: 2[0m
CAN: [1;35mItem: 5, Level: 0, at bin: 6[0m
CAN: [1;35mItem: 5, Level: 1, at bin: 5[0m
CAN: [1;35mItem: 6, Level: 0, at bin: 3[0m
CAN: [1;35mItem: 6, Level: 1, at bin: 1[0m
CAN: [1;35mItem: 7, Level: 0, at bin: 6[0m
CAN: [1;35mItem: 7, Level: 1, at bin: 5[0m
CAN: [1;35mItem: 8, Level: 0, at bin: 6[0m
CAN: [1;35mItem: 8, Level: 1, at bin: 5[0m
CAN: [1;35mItem: 9, Level: 0, at bin: 3[0m
CAN: [1;35mItem: 9, Level: 1, at bin: 1[0m
MIP: [1;32mSolution: 
Indexes: [1, 1, 6, 0, 0, 6, 3, 6, 6, 3][2, 0, -1, 1, -1, -1, 5], P Variables: [1, 0][1, 0][6, 5][0, 2][0, 2][6, 5][3, 1][6, 5][6, 5][3, 1], Flow leaving each bin: [0m
MIP: [1;32mObjective value: 4828[0m
MIP: [1;32mLower Bound: 4828[0m
MIP: [1;32mBranch-and-Bound nodes: 141[0m

# best solution:
best objective value:	4828
best dual bound value:	4828
optimality gap:	0%
CPU time:	0.165144
