ifile	/scratch/csagturk/mlbppo_inst/n0010_m01_p150__004.inst
prob	MLBPPO
threads	1
ttime	900
instance: /scratch/csagturk/mlbppo_inst/n0010_m01_p150__004.inst
	m=1, n=[10, 9], #pos=15
MIP: [1;32minit CPLEX[0m
CAN: [1;35mcreated 90 x_{ijk} variables[0m
CAN: [1;35mcreated 19 y_{ij} variables[0m
CAN: [1;35mcreated 90 p_{ijk} variables[0m
MIP: [1;32mcreated decision variables[0m
CAN: [1;35madded 10 constraints to enforce the packing of each item[0m
CAN: [1;35madded 0 constraints to enforce the packing of each item[0m
CAN: [1;35madded 9 capacity constraints[0m
MIP: [1;32mcreated constraints[0m
MIP: [1;32mcreated objective function[0m
MIP: [1;32mcalling CPLEX solve ...[0m
Version identifier: 22.1.0.0 | 2022-03-09 | 1a383f8ce
CPXPARAM_Threads                                 1
CPXPARAM_TimeLimit                               900
Tried aggregator 2 times.
MIP Presolve eliminated 117 rows and 61 columns.
MIP Presolve modified 182 coefficients.
Aggregator did 62 substitutions.
Reduced MIP has 62 rows, 66 columns, and 392 nonzeros.
Reduced MIP has 66 binaries, 0 generals, 0 SOSs, and 0 indicators.
Presolve time = 0.00 sec. (0.99 ticks)
Found incumbent of value 4220.000000 after 0.01 sec. (1.37 ticks)
Probing fixed 14 vars, tightened 0 bounds.
Probing time = 0.00 sec. (0.20 ticks)
Tried aggregator 1 time.
MIP Presolve eliminated 20 rows and 14 columns.
MIP Presolve modified 109 coefficients.
Reduced MIP has 35 rows, 52 columns, and 161 nonzeros.
Reduced MIP has 52 binaries, 0 generals, 0 SOSs, and 0 indicators.
Presolve time = 0.00 sec. (0.19 ticks)
Probing fixed 1 vars, tightened 0 bounds.
Probing time = 0.00 sec. (0.09 ticks)
Tried aggregator 2 times.
Detecting symmetries...
MIP Presolve eliminated 2 rows and 1 columns.
Aggregator did 1 substitutions.
Reduced MIP has 32 rows, 50 columns, and 148 nonzeros.
Reduced MIP has 50 binaries, 0 generals, 0 SOSs, and 0 indicators.
Presolve time = 0.00 sec. (0.18 ticks)
Probing time = 0.00 sec. (0.08 ticks)
Clique table members: 161.
MIP emphasis: balance optimality and feasibility.
MIP search method: dynamic search.
Parallel mode: none, using 1 thread.
Root relaxation solution time = 0.00 sec. (0.10 ticks)

        Nodes                                         Cuts/
   Node  Left     Objective  IInf  Best Integer    Best Bound    ItCnt     Gap

*     0+    0                         4220.0000        0.0000           100.00%
      0     0     2534.8315     8     4220.0000     2534.8315       26   39.93%
*     0+    0                         3402.0000     2534.8315            25.49%
      0     0     2654.8070    20     3402.0000      Cuts: 25       47   21.96%
      0     0     2746.1137    30     3402.0000      Cuts: 33       75   19.28%
*     0+    0                         3286.0000     2746.1137            16.43%
      0     0     2880.7547    29     3286.0000      Cuts: 25       95   12.33%
*     0+    0                         3002.0000     2880.7547             4.04%
      0     0     2927.8667    32     3002.0000      Cuts: 15      102    2.47%
Detecting symmetries...

Repeating presolve.
Tried aggregator 2 times.
MIP Presolve eliminated 6 rows and 14 columns.
MIP Presolve modified 6 coefficients.
Aggregator did 2 substitutions.
Reduced MIP has 24 rows, 34 columns, and 90 nonzeros.
Reduced MIP has 34 binaries, 0 generals, 0 SOSs, and 0 indicators.
Presolve time = 0.00 sec. (0.11 ticks)
Probing time = 0.00 sec. (0.04 ticks)
Tried aggregator 1 time.
Detecting symmetries...
Reduced MIP has 24 rows, 34 columns, and 90 nonzeros.
Reduced MIP has 34 binaries, 0 generals, 0 SOSs, and 0 indicators.
Presolve time = 0.00 sec. (0.06 ticks)
Represolve time = 0.00 sec. (0.47 ticks)
Probing time = 0.00 sec. (0.04 ticks)
Clique table members: 103.
MIP emphasis: balance optimality and feasibility.
MIP search method: dynamic search.
Parallel mode: none, using 1 thread.
Root relaxation solution time = 0.00 sec. (0.20 ticks)

        Nodes                                         Cuts/
   Node  Left     Objective  IInf  Best Integer    Best Bound    ItCnt     Gap

*     0+    0                         3002.0000     2927.8667             2.47%
      0     0     2950.0220    26     3002.0000     2950.0220      142    1.73%
      0     0        cutoff           3002.0000                    142    0.00%
Elapsed time = 0.02 sec. (5.97 ticks, tree = 0.01 MB, solutions = 5)

GUB cover cuts applied:  7
Clique cuts applied:  2
Cover cuts applied:  1
Implied bound cuts applied:  2
Mixed integer rounding cuts applied:  3
Zero-half cuts applied:  2

Root node processing (before b&c):
  Real time             =    0.02 sec. (5.98 ticks)
Sequential b&c:
  Real time             =    0.00 sec. (0.00 ticks)
                          ------------
Total (root+branch&cut) =    0.02 sec. (5.98 ticks)
MIP: [1;32mCPLEX finished.[0m
MIP: [1;32mCPLEX status: Optimal[0m
CAN: [1;35mItem: 0, Level: 0, at bin: 6[0m
CAN: [1;35mItem: 1, Level: 0, at bin: 2[0m
CAN: [1;35mItem: 2, Level: 0, at bin: 8[0m
CAN: [1;35mItem: 3, Level: 0, at bin: 5[0m
CAN: [1;35mItem: 4, Level: 0, at bin: 2[0m
CAN: [1;35mItem: 5, Level: 0, at bin: 6[0m
CAN: [1;35mItem: 6, Level: 0, at bin: 8[0m
CAN: [1;35mItem: 7, Level: 0, at bin: 3[0m
CAN: [1;35mItem: 8, Level: 0, at bin: 8[0m
CAN: [1;35mItem: 9, Level: 0, at bin: 3[0m
MIP: [1;32mSolution: 
Indexes: [6, 2, 8, 5, 2, 6, 8, 3, 8, 3], P Variables: [6][2][8][5][2][6][8][3][8][3], Flow leaving each bin: [0m
MIP: [1;32mObjective value: 3002[0m
MIP: [1;32mLower Bound: 3002[0m
MIP: [1;32mBranch-and-Bound nodes: 0[0m

# best solution:
best objective value:	3002
best dual bound value:	3002
optimality gap:	0%
CPU time:	0.0177763
