ifile	/scratch/csagturk/mlbppo_inst/n0010_m01_p100__063.inst
prob	MLBPPO
threads	1
ttime	900
instance: /scratch/csagturk/mlbppo_inst/n0010_m01_p100__063.inst
	m=1, n=[10, 11], #pos=10
MIP: [1;32minit CPLEX[0m
CAN: [1;35mcreated 110 x_{ijk} variables[0m
CAN: [1;35mcreated 21 y_{ij} variables[0m
CAN: [1;35mcreated 110 p_{ijk} variables[0m
MIP: [1;32mcreated decision variables[0m
CAN: [1;35madded 10 constraints to enforce the packing of each item[0m
CAN: [1;35madded 0 constraints to enforce the packing of each item[0m
CAN: [1;35madded 11 capacity constraints[0m
MIP: [1;32mcreated constraints[0m
MIP: [1;32mcreated objective function[0m
MIP: [1;32mcalling CPLEX solve ...[0m
Version identifier: 22.1.0.0 | 2022-03-09 | 1a383f8ce
CPXPARAM_Threads                                 1
CPXPARAM_TimeLimit                               900
Tried aggregator 3 times.
MIP Presolve eliminated 113 rows and 71 columns.
MIP Presolve modified 249 coefficients.
Aggregator did 84 substitutions.
Reduced MIP has 44 rows, 76 columns, and 322 nonzeros.
Reduced MIP has 76 binaries, 0 generals, 0 SOSs, and 0 indicators.
Presolve time = 0.00 sec. (1.35 ticks)
Found incumbent of value 5351.000000 after 0.01 sec. (1.76 ticks)
Probing fixed 8 vars, tightened 0 bounds.
Probing time = 0.00 sec. (0.15 ticks)
Tried aggregator 2 times.
MIP Presolve eliminated 8 rows and 8 columns.
MIP Presolve modified 74 coefficients.
Aggregator did 1 substitutions.
Reduced MIP has 32 rows, 67 columns, and 205 nonzeros.
Reduced MIP has 67 binaries, 0 generals, 0 SOSs, and 0 indicators.
Presolve time = 0.00 sec. (0.33 ticks)
Probing time = 0.00 sec. (0.10 ticks)
Tried aggregator 1 time.
Detecting symmetries...
Reduced MIP has 32 rows, 67 columns, and 205 nonzeros.
Reduced MIP has 67 binaries, 0 generals, 0 SOSs, and 0 indicators.
Presolve time = 0.00 sec. (0.15 ticks)
Probing time = 0.00 sec. (0.10 ticks)
Clique table members: 158.
MIP emphasis: balance optimality and feasibility.
MIP search method: dynamic search.
Parallel mode: none, using 1 thread.
Root relaxation solution time = 0.00 sec. (0.12 ticks)

        Nodes                                         Cuts/
   Node  Left     Objective  IInf  Best Integer    Best Bound    ItCnt     Gap

*     0+    0                         5351.0000        0.0000           100.00%
      0     0     2830.9667     9     5351.0000     2830.9667       27   47.09%
*     0+    0                         3328.0000     2830.9667            14.93%
      0     0     2913.8076    15     3328.0000      Cuts: 29       46   12.45%
*     0+    0                         3199.0000     2913.8076             8.92%
      0     0     2953.2712    24     3199.0000      Cuts: 25       66    7.68%
      0     0     2965.8444    14     3199.0000       Cuts: 7       73    7.29%
*     0+    0                         3080.0000     2965.8444             3.71%
      0     0     2972.4444    19     3080.0000       Cuts: 6       76    3.49%
      0     0     2988.8841    23     3080.0000       Cuts: 4       86    2.96%
Detecting symmetries...
      0     0     2994.8667    19     3080.0000      Cuts: 12       91    2.76%
      0     0     2998.4902    23     3080.0000       Cuts: 6       97    2.65%
*     0+    0                         3053.0000     2998.4902             1.79%
Detecting symmetries...

Repeating presolve.
Tried aggregator 2 times.
MIP Presolve eliminated 9 rows and 26 columns.
MIP Presolve modified 6 coefficients.
Aggregator did 2 substitutions.
Reduced MIP has 21 rows, 39 columns, and 102 nonzeros.
Reduced MIP has 39 binaries, 0 generals, 0 SOSs, and 0 indicators.
Presolve time = 0.00 sec. (0.15 ticks)
Probing time = 0.00 sec. (0.04 ticks)
Tried aggregator 1 time.
Detecting symmetries...
MIP Presolve eliminated 2 rows and 0 columns.
MIP Presolve modified 6 coefficients.
Reduced MIP has 19 rows, 39 columns, and 95 nonzeros.
Reduced MIP has 39 binaries, 0 generals, 0 SOSs, and 0 indicators.
Presolve time = 0.00 sec. (0.10 ticks)
Represolve time = 0.00 sec. (0.58 ticks)
Probing time = 0.00 sec. (0.04 ticks)
Clique table members: 66.
MIP emphasis: balance optimality and feasibility.
MIP search method: dynamic search.
Parallel mode: none, using 1 thread.
Root relaxation solution time = 0.00 sec. (0.26 ticks)

        Nodes                                         Cuts/
   Node  Left     Objective  IInf  Best Integer    Best Bound    ItCnt     Gap

*     0+    0                         3053.0000     2998.4902             1.79%
      0     0     2998.4902    22     3053.0000     2998.4902      135    1.79%
      0     0     3006.4095    23     3053.0000      Cuts: 10      143    1.53%
      0     0     3008.9426    23     3053.0000       Cuts: 5      145    1.44%
      0     0     3023.3077    17     3053.0000   ZeroHalf: 3      154    0.97%
      0     0     3026.0435    16     3053.0000       Cuts: 5      160    0.88%
      0     0     3026.5000    21     3053.0000       Cuts: 4      164    0.87%
      0     0     3030.9669    23     3053.0000       Cuts: 5      170    0.72%
      0     0     3032.7778    18     3053.0000       Cuts: 3      172    0.66%
      0     0     3034.1010    27     3053.0000       Cuts: 7      175    0.62%
      0     0     3035.8443    26     3053.0000   ZeroHalf: 2      180    0.56%
      0     0     3037.6757    25     3053.0000       Cuts: 5      185    0.50%
      0     0     3043.1105    20     3053.0000       Cuts: 4      189    0.32%
      0     0     3046.8818    22     3053.0000       Cuts: 4      196    0.20%
      0     0        cutoff           3053.0000                    201    0.00%
Elapsed time = 0.03 sec. (12.29 ticks, tree = 0.01 MB, solutions = 5)

Clique cuts applied:  5
Cover cuts applied:  5
Flow cuts applied:  1
Mixed integer rounding cuts applied:  2
Zero-half cuts applied:  11
Gomory fractional cuts applied:  1

Root node processing (before b&c):
  Real time             =    0.03 sec. (12.30 ticks)
Sequential b&c:
  Real time             =    0.00 sec. (0.00 ticks)
                          ------------
Total (root+branch&cut) =    0.03 sec. (12.30 ticks)
MIP: [1;32mCPLEX finished.[0m
MIP: [1;32mCPLEX status: Optimal[0m
CAN: [1;35mItem: 0, Level: 0, at bin: 7[0m
CAN: [1;35mItem: 1, Level: 0, at bin: 4[0m
CAN: [1;35mItem: 2, Level: 0, at bin: 7[0m
CAN: [1;35mItem: 3, Level: 0, at bin: 0[0m
CAN: [1;35mItem: 4, Level: 0, at bin: 2[0m
CAN: [1;35mItem: 5, Level: 0, at bin: 8[0m
CAN: [1;35mItem: 6, Level: 0, at bin: 7[0m
CAN: [1;35mItem: 7, Level: 0, at bin: 0[0m
CAN: [1;35mItem: 8, Level: 0, at bin: 3[0m
CAN: [1;35mItem: 9, Level: 0, at bin: 2[0m
MIP: [1;32mSolution: 
Indexes: [7, 4, 7, 0, 2, 8, 7, 0, 3, 2], P Variables: [7][4][7][0][2][8][7][0][3][2], Flow leaving each bin: [0m
MIP: [1;32mObjective value: 3053[0m
MIP: [1;32mLower Bound: 3053[0m
MIP: [1;32mBranch-and-Bound nodes: 0[0m

# best solution:
best objective value:	3053
best dual bound value:	3053
optimality gap:	0%
CPU time:	0.0292691
