ifile	/scratch/csagturk/mlbppo_inst/n0020_m04_p100__061.inst
prob	MLBPPO
threads	1
ttime	900
instance: /scratch/csagturk/mlbppo_inst/n0020_m04_p100__061.inst
	m=4, n=[20, 16, 11, 14, 13], #pos=20
MIP: [1;32minit CPLEX[0m
CAN: [1;35mcreated 832 x_{ijk} variables[0m
CAN: [1;35mcreated 74 y_{ij} variables[0m
CAN: [1;35mcreated 1080 p_{ijk} variables[0m
MIP: [1;32mcreated decision variables[0m
CAN: [1;35madded 20 constraints to enforce the packing of each item[0m
CAN: [1;35madded 41 constraints to enforce the packing of each item[0m
CAN: [1;35madded 54 capacity constraints[0m
MIP: [1;32mcreated constraints[0m
MIP: [1;32mcreated objective function[0m
MIP: [1;32mcalling CPLEX solve ...[0m
Version identifier: 22.1.0.0 | 2022-03-09 | 1a383f8ce
CPXPARAM_Threads                                 1
CPXPARAM_TimeLimit                               900
Tried aggregator 2 times.
MIP Presolve eliminated 8251 rows and 6369 columns.
MIP Presolve modified 711 coefficients.
Aggregator did 22937 substitutions.
Reduced MIP has 22289 rows, 16162 columns, and 56304 nonzeros.
Reduced MIP has 8828 binaries, 0 generals, 0 SOSs, and 65 indicators.
Presolve time = 0.14 sec. (443.94 ticks)
Probing fixed 0 vars, tightened 56 bounds.
Probing changed sense of 41 constraints.
Probing time = 0.98 sec. (812.77 ticks)
Tried aggregator 2 times.
MIP Presolve eliminated 246 rows and 287 columns.
Aggregator did 14418 substitutions.
Reduced MIP has 7625 rows, 1457 columns, and 26894 nonzeros.
Reduced MIP has 1457 binaries, 0 generals, 0 SOSs, and 0 indicators.
Presolve time = 0.07 sec. (57.60 ticks)
Probing time = 0.00 sec. (3.18 ticks)
Tried aggregator 1 time.
Detecting symmetries...
Reduced MIP has 7625 rows, 1457 columns, and 26894 nonzeros.
Reduced MIP has 1457 binaries, 0 generals, 0 SOSs, and 0 indicators.
Presolve time = 0.01 sec. (15.09 ticks)
Probing time = 0.00 sec. (3.18 ticks)
Clique table members: 1641.
MIP emphasis: balance optimality and feasibility.
MIP search method: dynamic search.
Parallel mode: none, using 1 thread.
Root relaxation solution time = 0.03 sec. (34.54 ticks)

        Nodes                                         Cuts/
   Node  Left     Objective  IInf  Best Integer    Best Bound    ItCnt     Gap

      0     0    11882.0852   145                  11882.0852      661         
      0     0    12227.4491   193                   Cuts: 154     1834         
      0     0    12593.1319   183                   Cuts: 116     2302         
      0     0    12735.1879   224                    Cuts: 83     3243         
      0     0    12979.9146   179                    Cuts: 71     3907         
      0     0    13129.5698   187                    Cuts: 89     4292         
      0     0    13567.9761   124                   Cuts: 103     4848         
      0     0    13611.7534   180                    Cuts: 65     5003         
      0     0    13619.9865   165                    Cuts: 73     5244         
      0     0    13649.5128   175                    Cuts: 71     5424         
      0     0    13696.6063   190                    Cuts: 73     5749         
      0     0    13740.5631   143                    Cuts: 68     6032         
      0     0    13752.2088   167                    Cuts: 64     6168         
      0     0    13753.0000   108                    Cuts: 84     6437         
      0     0    13753.0000   143                    Cuts: 63     6660         
      0     0    13753.0000    80                    Cuts: 11     6832         
      0     0    13753.0000   175                    Cuts: 62     7369         
      0     2    13753.0000   112                  13753.0000     7369         
Elapsed time = 4.77 sec. (5795.05 ticks, tree = 0.01 MB, solutions = 0)
     10    12    13753.0000   106                  13753.0000     8734         
     20    22    13755.6105   149                  13753.0000    11216         
     33    35    14077.9639   148                  13753.0000    13580         
     56    58    16864.4947    72                  13753.0000    15912         
*    80+   80                        18887.0000    13753.0000            27.18%
     91    89    13753.0000   108    18887.0000    13753.0000    17759   27.18%
    110   108    13882.4382   136    18887.0000    13753.0000    19422   27.18%
    134   132    16272.7281   107    18887.0000    13753.0000    21746   27.18%
*   166   134      integral     0    16870.0000    13753.0000    22744   18.48%
    171   138    13753.0000   134    16870.0000    13753.0000    23144   18.48%
    188   155    14271.9203   202    16870.0000    13753.0000    25510   18.48%
    289   250    16694.3559    79    16870.0000    13753.0000    32682   18.48%
Elapsed time = 7.53 sec. (9097.19 ticks, tree = 10.09 MB, solutions = 2)
*   360+  290                        16705.0000    13753.0000            17.67%
*   370+  295                        16513.0000    13753.0000            16.71%
*   380+  288                        16310.0000    13753.0000            15.68%
    396   302    13753.0000    93    16310.0000    13753.0000    37293   15.68%
*   440+  191                        14153.0000    13753.0000             2.83%
    500   243    14008.2553   170    14153.0000    13753.0000    43894    2.83%

Performing restart 1

Repeating presolve.
Tried aggregator 2 times.
MIP Presolve eliminated 2989 rows and 242 columns.
MIP Presolve added 2 rows and 0 columns.
MIP Presolve modified 3116 coefficients.
Aggregator did 7 substitutions.
Reduced MIP has 4631 rows, 1208 columns, and 15881 nonzeros.
Reduced MIP has 1208 binaries, 0 generals, 0 SOSs, and 0 indicators.
Presolve time = 0.03 sec. (27.12 ticks)
Tried aggregator 1 time.
MIP Presolve eliminated 68 rows and 20 columns.
MIP Presolve modified 166 coefficients.
Reduced MIP has 4563 rows, 1188 columns, and 15415 nonzeros.
Reduced MIP has 1188 binaries, 0 generals, 0 SOSs, and 0 indicators.
Presolve time = 0.02 sec. (20.26 ticks)
Tried aggregator 1 time.
MIP Presolve eliminated 12 rows and 12 columns.
MIP Presolve modified 124 coefficients.
Reduced MIP has 4551 rows, 1176 columns, and 15239 nonzeros.
Reduced MIP has 1176 binaries, 0 generals, 0 SOSs, and 0 indicators.
Presolve time = 0.02 sec. (17.56 ticks)
Represolve time = 0.16 sec. (135.90 ticks)
    553     0    13753.0000   151    14153.0000     Cuts: 112    49658    2.83%
    553     0    13753.0000   135    14153.0000      Cuts: 71    50491    2.83%
    553     0    13753.0000   142    14153.0000      Cuts: 83    51703    2.83%
    553     0    13753.0000    93    14153.0000      Cuts: 14    51996    2.83%
    553     0    13753.0000   154    14153.0000      Cuts: 78    52519    2.83%
    553     0    13753.0000    80    14153.0000     Covers: 1    52542    2.83%
    553     0    13753.0000   168    14153.0000     Cuts: 129    53035    2.83%
    553     0    13753.0000    38    14153.0000       Cuts: 3    53048    2.83%
    553     0    13753.0000   117    14153.0000      Cuts: 44    53279    2.83%
*   553+    0                        13753.0000    13753.0000             0.00%
    553     0        cutoff          13753.0000    13753.0000    53279    0.00%

Clique cuts applied:  15
Cover cuts applied:  47
Implied bound cuts applied:  7
Flow cuts applied:  6
Mixed integer rounding cuts applied:  23
Zero-half cuts applied:  29
Lift and project cuts applied:  1
Gomory fractional cuts applied:  3

Root node processing (before b&c):
  Real time             =    4.77 sec. (5789.39 ticks)
Sequential b&c:
  Real time             =    6.82 sec. (8146.13 ticks)
                          ------------
Total (root+branch&cut) =   11.59 sec. (13935.51 ticks)
MIP: [1;32mCPLEX finished.[0m
MIP: [1;32mCPLEX status: Optimal[0m
CAN: [1;35mItem: 0, Level: 0, at bin: 3[0m
CAN: [1;35mItem: 0, Level: 1, at bin: 2[0m
CAN: [1;35mItem: 0, Level: 2, at bin: 7[0m
CAN: [1;35mItem: 0, Level: 3, at bin: 5[0m
CAN: [1;35mItem: 1, Level: 0, at bin: 9[0m
CAN: [1;35mItem: 1, Level: 1, at bin: 9[0m
CAN: [1;35mItem: 1, Level: 2, at bin: 7[0m
CAN: [1;35mItem: 1, Level: 3, at bin: 5[0m
CAN: [1;35mItem: 2, Level: 0, at bin: 14[0m
CAN: [1;35mItem: 2, Level: 1, at bin: 9[0m
CAN: [1;35mItem: 2, Level: 2, at bin: 7[0m
CAN: [1;35mItem: 2, Level: 3, at bin: 5[0m
CAN: [1;35mItem: 3, Level: 0, at bin: 10[0m
CAN: [1;35mItem: 3, Level: 1, at bin: 6[0m
CAN: [1;35mItem: 3, Level: 2, at bin: 1[0m
CAN: [1;35mItem: 3, Level: 3, at bin: 10[0m
CAN: [1;35mItem: 4, Level: 0, at bin: 13[0m
CAN: [1;35mItem: 4, Level: 1, at bin: 6[0m
CAN: [1;35mItem: 4, Level: 2, at bin: 1[0m
CAN: [1;35mItem: 4, Level: 3, at bin: 10[0m
CAN: [1;35mItem: 5, Level: 0, at bin: 14[0m
CAN: [1;35mItem: 5, Level: 1, at bin: 9[0m
CAN: [1;35mItem: 5, Level: 2, at bin: 7[0m
CAN: [1;35mItem: 5, Level: 3, at bin: 5[0m
CAN: [1;35mItem: 6, Level: 0, at bin: 12[0m
CAN: [1;35mItem: 6, Level: 1, at bin: 6[0m
CAN: [1;35mItem: 6, Level: 2, at bin: 1[0m
CAN: [1;35mItem: 6, Level: 3, at bin: 10[0m
CAN: [1;35mItem: 7, Level: 0, at bin: 8[0m
CAN: [1;35mItem: 7, Level: 1, at bin: 1[0m
CAN: [1;35mItem: 7, Level: 2, at bin: 10[0m
CAN: [1;35mItem: 7, Level: 3, at bin: 10[0m
CAN: [1;35mItem: 8, Level: 0, at bin: 14[0m
CAN: [1;35mItem: 8, Level: 1, at bin: 9[0m
CAN: [1;35mItem: 8, Level: 2, at bin: 7[0m
CAN: [1;35mItem: 8, Level: 3, at bin: 5[0m
CAN: [1;35mItem: 9, Level: 0, at bin: 1[0m
CAN: [1;35mItem: 9, Level: 1, at bin: 1[0m
CAN: [1;35mItem: 9, Level: 2, at bin: 10[0m
CAN: [1;35mItem: 9, Level: 3, at bin: 10[0m
CAN: [1;35mItem: 10, Level: 0, at bin: 1[0m
CAN: [1;35mItem: 10, Level: 1, at bin: 1[0m
CAN: [1;35mItem: 10, Level: 2, at bin: 10[0m
CAN: [1;35mItem: 10, Level: 3, at bin: 10[0m
CAN: [1;35mItem: 11, Level: 0, at bin: 8[0m
CAN: [1;35mItem: 11, Level: 1, at bin: 1[0m
CAN: [1;35mItem: 11, Level: 2, at bin: 10[0m
CAN: [1;35mItem: 11, Level: 3, at bin: 10[0m
CAN: [1;35mItem: 12, Level: 0, at bin: 10[0m
CAN: [1;35mItem: 12, Level: 1, at bin: 6[0m
CAN: [1;35mItem: 12, Level: 2, at bin: 1[0m
CAN: [1;35mItem: 12, Level: 3, at bin: 10[0m
CAN: [1;35mItem: 13, Level: 0, at bin: 8[0m
CAN: [1;35mItem: 13, Level: 1, at bin: 1[0m
CAN: [1;35mItem: 13, Level: 2, at bin: 10[0m
CAN: [1;35mItem: 13, Level: 3, at bin: 10[0m
CAN: [1;35mItem: 14, Level: 0, at bin: 9[0m
CAN: [1;35mItem: 14, Level: 1, at bin: 9[0m
CAN: [1;35mItem: 14, Level: 2, at bin: 7[0m
CAN: [1;35mItem: 14, Level: 3, at bin: 5[0m
CAN: [1;35mItem: 15, Level: 0, at bin: 14[0m
CAN: [1;35mItem: 15, Level: 1, at bin: 9[0m
CAN: [1;35mItem: 15, Level: 2, at bin: 7[0m
CAN: [1;35mItem: 15, Level: 3, at bin: 5[0m
CAN: [1;35mItem: 16, Level: 0, at bin: 1[0m
CAN: [1;35mItem: 16, Level: 1, at bin: 1[0m
CAN: [1;35mItem: 16, Level: 2, at bin: 10[0m
CAN: [1;35mItem: 16, Level: 3, at bin: 10[0m
CAN: [1;35mItem: 17, Level: 0, at bin: 9[0m
CAN: [1;35mItem: 17, Level: 1, at bin: 9[0m
CAN: [1;35mItem: 17, Level: 2, at bin: 7[0m
CAN: [1;35mItem: 17, Level: 3, at bin: 5[0m
CAN: [1;35mItem: 18, Level: 0, at bin: 12[0m
CAN: [1;35mItem: 18, Level: 1, at bin: 6[0m
CAN: [1;35mItem: 18, Level: 2, at bin: 1[0m
CAN: [1;35mItem: 18, Level: 3, at bin: 10[0m
CAN: [1;35mItem: 19, Level: 0, at bin: 9[0m
CAN: [1;35mItem: 19, Level: 1, at bin: 9[0m
CAN: [1;35mItem: 19, Level: 2, at bin: 7[0m
CAN: [1;35mItem: 19, Level: 3, at bin: 5[0m
MIP: [1;32mSolution: 
Indexes: [3, 9, 14, 10, 13, 14, 12, 8, 14, 1, 1, 8, 10, 8, 9, 14, 1, 9, 12, 9][-1, 1, -1, 2, -1, -1, -1, -1, 1, 9, 6, -1, 6, 6, 9, -1][-1, 10, 7, -1, -1, -1, 1, -1, -1, 7, -1][-1, 10, -1, -1, -1, -1, -1, 5, -1, -1, 10, -1, -1, -1], P Variables: [3, 2, 7, 5][9, 9, 7, 5][14, 9, 7, 5][10, 6, 1, 10][13, 6, 1, 10][14, 9, 7, 5][12, 6, 1, 10][8, 1, 10, 10][14, 9, 7, 5][1, 1, 10, 10][1, 1, 10, 10][8, 1, 10, 10][10, 6, 1, 10][8, 1, 10, 10][9, 9, 7, 5][14, 9, 7, 5][1, 1, 10, 10][9, 9, 7, 5][12, 6, 1, 10][9, 9, 7, 5], Flow leaving each bin: [0m
MIP: [1;32mObjective value: 13753[0m
MIP: [1;32mLower Bound: 13753[0m
MIP: [1;32mBranch-and-Bound nodes: 553[0m

# best solution:
best objective value:	13753
best dual bound value:	13753
optimality gap:	0%
CPU time:	11.6847
