ifile	/scratch/csagturk/mlbppo_inst/n0020_m01_p050__084.inst
prob	MLBPPO
threads	1
ttime	900
instance: /scratch/csagturk/mlbppo_inst/n0020_m01_p050__084.inst
	m=1, n=[20, 11], #pos=10
MIP: [1;32minit CPLEX[0m
CAN: [1;35mcreated 220 x_{ijk} variables[0m
CAN: [1;35mcreated 31 y_{ij} variables[0m
CAN: [1;35mcreated 220 p_{ijk} variables[0m
MIP: [1;32mcreated decision variables[0m
CAN: [1;35madded 20 constraints to enforce the packing of each item[0m
CAN: [1;35madded 0 constraints to enforce the packing of each item[0m
CAN: [1;35madded 11 capacity constraints[0m
MIP: [1;32mcreated constraints[0m
MIP: [1;32mcreated objective function[0m
MIP: [1;32mcalling CPLEX solve ...[0m
Version identifier: 22.1.0.0 | 2022-03-09 | 1a383f8ce
CPXPARAM_Threads                                 1
CPXPARAM_TimeLimit                               900
Tried aggregator 2 times.
MIP Presolve eliminated 89 rows and 86 columns.
MIP Presolve modified 188 coefficients.
Aggregator did 179 substitutions.
Reduced MIP has 103 rows, 186 columns, and 991 nonzeros.
Reduced MIP has 186 binaries, 0 generals, 0 SOSs, and 0 indicators.
Presolve time = 0.00 sec. (1.88 ticks)
Found incumbent of value 5825.000000 after 0.01 sec. (2.84 ticks)
Probing fixed 3 vars, tightened 0 bounds.
Probing time = 0.00 sec. (0.56 ticks)
Tried aggregator 1 time.
Detecting symmetries...
MIP Presolve eliminated 6 rows and 3 columns.
MIP Presolve modified 32 coefficients.
Reduced MIP has 97 rows, 183 columns, and 909 nonzeros.
Reduced MIP has 183 binaries, 0 generals, 0 SOSs, and 0 indicators.
Presolve time = 0.00 sec. (0.85 ticks)
Probing time = 0.00 sec. (0.50 ticks)
Clique table members: 504.
MIP emphasis: balance optimality and feasibility.
MIP search method: dynamic search.
Parallel mode: none, using 1 thread.
Root relaxation solution time = 0.01 sec. (0.71 ticks)

        Nodes                                         Cuts/
   Node  Left     Objective  IInf  Best Integer    Best Bound    ItCnt     Gap

*     0+    0                         5825.0000        0.0000           100.00%
      0     0     4444.3548    20     5825.0000     4444.3548      108   23.70%
*     0+    0                         5013.0000     4444.3548            11.34%
      0     0     4456.1765    24     5013.0000      Cuts: 27      167   11.11%
      0     0     4483.6749    26     5013.0000      Cuts: 31      235   10.56%
      0     0     4483.6749    28     5013.0000      Cuts: 21      285   10.56%
      0     0     4483.6749    34     5013.0000      Cuts: 14      331   10.56%
*     0+    0                         4916.0000     4483.6749             8.79%
      0     2     4483.6749    22     4916.0000     4483.6749      331    8.79%
Elapsed time = 0.04 sec. (22.43 ticks, tree = 0.01 MB, solutions = 3)
*    26    26      integral     0     4747.0000     4483.6749      688    5.55%
*   180+  125                         4704.0000     4483.6749             4.68%
*   635   118      integral     0     4504.0000     4483.6749    14073    0.45%

GUB cover cuts applied:  8
Clique cuts applied:  6
Cover cuts applied:  90
Implied bound cuts applied:  7
Mixed integer rounding cuts applied:  2
Zero-half cuts applied:  4
Gomory fractional cuts applied:  1

Root node processing (before b&c):
  Real time             =    0.04 sec. (22.45 ticks)
Sequential b&c:
  Real time             =    0.23 sec. (244.15 ticks)
                          ------------
Total (root+branch&cut) =    0.27 sec. (266.60 ticks)
MIP: [1;32mCPLEX finished.[0m
MIP: [1;32mCPLEX status: Optimal[0m
CAN: [1;35mItem: 0, Level: 0, at bin: 8[0m
CAN: [1;35mItem: 1, Level: 0, at bin: 9[0m
CAN: [1;35mItem: 2, Level: 0, at bin: 10[0m
CAN: [1;35mItem: 3, Level: 0, at bin: 9[0m
CAN: [1;35mItem: 4, Level: 0, at bin: 7[0m
CAN: [1;35mItem: 5, Level: 0, at bin: 9[0m
CAN: [1;35mItem: 6, Level: 0, at bin: 9[0m
CAN: [1;35mItem: 7, Level: 0, at bin: 10[0m
CAN: [1;35mItem: 8, Level: 0, at bin: 5[0m
CAN: [1;35mItem: 9, Level: 0, at bin: 7[0m
CAN: [1;35mItem: 10, Level: 0, at bin: 6[0m
CAN: [1;35mItem: 11, Level: 0, at bin: 5[0m
CAN: [1;35mItem: 12, Level: 0, at bin: 7[0m
CAN: [1;35mItem: 13, Level: 0, at bin: 10[0m
CAN: [1;35mItem: 14, Level: 0, at bin: 3[0m
CAN: [1;35mItem: 15, Level: 0, at bin: 8[0m
CAN: [1;35mItem: 16, Level: 0, at bin: 3[0m
CAN: [1;35mItem: 17, Level: 0, at bin: 3[0m
CAN: [1;35mItem: 18, Level: 0, at bin: 8[0m
CAN: [1;35mItem: 19, Level: 0, at bin: 6[0m
MIP: [1;32mSolution: 
Indexes: [8, 9, 10, 9, 7, 9, 9, 10, 5, 7, 6, 5, 7, 10, 3, 8, 3, 3, 8, 6], P Variables: [8][9][10][9][7][9][9][10][5][7][6][5][7][10][3][8][3][3][8][6], Flow leaving each bin: [0m
MIP: [1;32mObjective value: 4504[0m
MIP: [1;32mLower Bound: 4504[0m
MIP: [1;32mBranch-and-Bound nodes: 764[0m

# best solution:
best objective value:	4504
best dual bound value:	4504
optimality gap:	0%
CPU time:	0.254702
