ifile	/scratch/csagturk/mlbppo_inst/n0020_m04_p100__089.inst
prob	MLBPPO
threads	1
ttime	900
instance: /scratch/csagturk/mlbppo_inst/n0020_m04_p100__089.inst
	m=4, n=[20, 19, 19, 16, 17], #pos=20
MIP: [1;32minit CPLEX[0m
CAN: [1;35mcreated 1317 x_{ijk} variables[0m
CAN: [1;35mcreated 91 y_{ij} variables[0m
CAN: [1;35mcreated 1420 p_{ijk} variables[0m
MIP: [1;32mcreated decision variables[0m
CAN: [1;35madded 20 constraints to enforce the packing of each item[0m
CAN: [1;35madded 54 constraints to enforce the packing of each item[0m
CAN: [1;35madded 71 capacity constraints[0m
MIP: [1;32mcreated constraints[0m
MIP: [1;32mcreated objective function[0m
MIP: [1;32mcalling CPLEX solve ...[0m
Version identifier: 22.1.0.0 | 2022-03-09 | 1a383f8ce
CPXPARAM_Threads                                 1
CPXPARAM_TimeLimit                               900
Tried aggregator 3 times.
MIP Presolve eliminated 20865 rows and 15398 columns.
MIP Presolve added 2 rows and 0 columns.
MIP Presolve modified 1011 coefficients.
Aggregator did 35921 substitutions.
Reduced MIP has 34876 rows, 25108 columns, and 88629 nonzeros.
Reduced MIP has 13603 binaries, 0 generals, 0 SOSs, and 88 indicators.
Presolve time = 0.28 sec. (1149.04 ticks)
Probing fixed 0 vars, tightened 89 bounds.
Probing changed sense of 54 constraints.
Probing time = 2.03 sec. (1815.66 ticks)
Tried aggregator 2 times.
MIP Presolve eliminated 324 rows and 378 columns.
MIP Presolve modified 53 coefficients.
Aggregator did 22684 substitutions.
Reduced MIP has 11868 rows, 2046 columns, and 42505 nonzeros.
Reduced MIP has 2046 binaries, 0 generals, 0 SOSs, and 0 indicators.
Presolve time = 0.10 sec. (93.58 ticks)
Probing time = 0.00 sec. (3.51 ticks)
Tried aggregator 1 time.
Detecting symmetries...
Reduced MIP has 11868 rows, 2046 columns, and 42505 nonzeros.
Reduced MIP has 2046 binaries, 0 generals, 0 SOSs, and 0 indicators.
Presolve time = 0.02 sec. (23.34 ticks)
Probing time = 0.00 sec. (3.50 ticks)
Clique table members: 1480.
MIP emphasis: balance optimality and feasibility.
MIP search method: dynamic search.
Parallel mode: none, using 1 thread.
Root relaxation solution time = 0.05 sec. (56.24 ticks)

        Nodes                                         Cuts/
   Node  Left     Objective  IInf  Best Integer    Best Bound    ItCnt     Gap

      0     0    18075.8124   222                  18075.8124      845         
      0     0    18336.6256   191                   Cuts: 190     2542         
      0     0    18400.2318   230                   Cuts: 132     4102         
      0     0    18670.1365   242                   Cuts: 133     5306         
      0     0    18921.0791   239                   Cuts: 119     5902         
      0     0    18969.4630   236                    Cuts: 75     6192         
Detecting symmetries...
      0     0    19079.5065   244                    Cuts: 59     6829         
      0     0    19125.5955   258                    Cuts: 70     7239         
      0     0    19278.4273   240                    Cuts: 67     7592         
      0     0    19374.5413   231                    Cuts: 68     7952         
      0     0    19628.8442   227                    Cuts: 61     8294         
      0     0    19653.9774   230                    Cuts: 67     8595         
      0     0    19703.8123   217                    Cuts: 65     8801         
      0     0    19722.5328   215                    Cuts: 44     9032         
      0     0    19732.4052   255                    Cuts: 41     9347         
      0     0    19824.2943   239                    Cuts: 54     9604         
      0     0    19849.1323   220                    Cuts: 51     9813         
      0     0    19849.7788   226                    Cuts: 56     9998         
      0     0    19852.3984   216                    Cuts: 24    10261         
*     0+    0                        22730.0000    19852.3984            12.66%
Detecting symmetries...
      0     2    19852.3984   216    22730.0000    19853.2726    10261   12.66%
Elapsed time = 6.70 sec. (7733.12 ticks, tree = 0.01 MB, solutions = 1)
      5     7    19896.2606   173    22730.0000    19883.6693    12227   12.52%
     10    12    19939.6869   191    22730.0000    19883.6693    13404   12.52%
     29    31    20139.0261   165    22730.0000    19883.6693    15355   12.52%
     33    35    20095.6813   149    22730.0000    19883.6693    16121   12.52%
     50    52    20403.6446   146    22730.0000    19883.6693    18592   12.52%
     72    74    20638.0071   118    22730.0000    19883.6693    20177   12.52%
     92    94    21671.5070   170    22730.0000    19883.6693    21772   12.52%
    120   120    22614.6203   135    22730.0000    19883.6693    23031   12.52%
    130   122    19996.0529   178    22730.0000    19899.9420    23571   12.45%
*   160+  150                        22621.0000    19899.9420            12.03%
    190   182    20978.0618   124    22621.0000    19899.9420    28513   12.03%
Elapsed time = 9.76 sec. (11426.99 ticks, tree = 9.98 MB, solutions = 2)
    240   214    19899.9420   219    22621.0000    19899.9420    32441   12.03%
    340   314    22404.4418    96    22621.0000    19899.9420    38152   12.03%
    420   390    21352.2012   111    22621.0000    19899.9420    42971   12.03%

Performing restart 1

Repeating presolve.
Tried aggregator 1 time.
MIP Presolve modified 5680 coefficients.
Reduced MIP has 11868 rows, 2046 columns, and 39985 nonzeros.
Reduced MIP has 2046 binaries, 0 generals, 0 SOSs, and 0 indicators.
Presolve time = 0.04 sec. (36.81 ticks)
Tried aggregator 1 time.
MIP Presolve modified 348 coefficients.
Reduced MIP has 11868 rows, 2046 columns, and 39985 nonzeros.
Reduced MIP has 2046 binaries, 0 generals, 0 SOSs, and 0 indicators.
Presolve time = 0.04 sec. (33.92 ticks)
Represolve time = 0.16 sec. (144.25 ticks)
    488     0    19974.0229   254    22621.0000     Cuts: 115    50289   11.70%
    488     0    19978.0972   256    22621.0000      Cuts: 78    51357   11.68%
    488     0    19979.4031   262    22621.0000     Cuts: 104    53274   11.68%
    488     0    19984.0402   287    22621.0000      Cuts: 88    54161   11.66%
    488     0    19988.7569   309    22621.0000      Cuts: 70    55016   11.64%
    488     0    19998.4800   274    22621.0000     Cuts: 118    55311   11.59%
    488     0    20009.2869   268    22621.0000      Cuts: 97    55687   11.55%
    488     0    20028.5361   277    22621.0000     Cuts: 103    55947   11.46%
    488     0    20028.9484   291    22621.0000      Cuts: 92    56181   11.46%
    488     0    20029.0879   274    22621.0000      Cuts: 72    56395   11.46%
    488     0    20032.1364   270    22621.0000      Cuts: 42    56597   11.44%
    488     0    20033.4291   282    22621.0000      Cuts: 38    56708   11.44%
    488     0    20034.9392   271    22621.0000      Cuts: 58    56845   11.43%
    488     0    20036.5293   306    22621.0000      Cuts: 43    57172   11.43%
    488     0    20038.6143   276    22621.0000      Cuts: 68    57313   11.42%
    488     0    20038.6143   279    22621.0000      Cuts: 30    57372   11.42%
    488     0    20039.2632   242    22621.0000      Cuts: 23    57470   11.41%
    488     0    20039.2632   249    22621.0000      Cuts: 45    57572   11.41%
    488     0    20039.3329   224    22621.0000      Cuts: 26    57772   11.41%
    488     0    20039.3329   234    22621.0000      Cuts: 48    57908   11.41%
    488     0    20039.3329   239    22621.0000      Cuts: 33    58024   11.41%
    488     2    20039.3329   239    22621.0000    20048.4569    58024   11.37%
    490     4    20181.8982   220    22621.0000    20072.8649    59554   11.26%
    492     6    20249.2810   231    22621.0000    20072.8649    60973   11.26%
    495     9    20380.9046   214    22621.0000    20072.8649    61876   11.26%
    498    12    20508.7337   214    22621.0000    20072.8649    64085   11.26%
    501    15    20591.7942   218    22621.0000    20072.8649    66209   11.26%
    503    17    20623.0866   216    22621.0000    20072.8649    67398   11.26%
Elapsed time = 27.83 sec. (31861.09 ticks, tree = 0.13 MB, solutions = 2)
    507    21    20764.5877   229    22621.0000    20072.8649    68657   11.26%
    512    26    20868.0607   175    22621.0000    20072.8649    69500   11.26%
    518    32    21083.0322   165    22621.0000    20072.8649    69959   11.26%
    529    41    21820.9444   108    22621.0000    20072.8649    70670   11.26%
    540    52    21834.0000    79    22621.0000    20072.8649    71060   11.26%
    544    56    21834.0000   128    22621.0000    20072.8649    72383   11.26%
    548    60    21834.0000    59    22621.0000    20072.8649    73838   11.26%
    553    65    21834.0000    79    22621.0000    20072.8649    75024   11.26%
*   554    41      integral     0    21834.0000    20072.8649    75310    8.07%
    555    42    20589.4077   232    21834.0000    20211.6944    77203    7.43%
Elapsed time = 36.92 sec. (42527.58 ticks, tree = 0.19 MB, solutions = 3)
    558    45    20924.8187   221    21834.0000    20211.6944    80107    7.43%
    562    49    20918.6080   212    21834.0000    20211.6944    81721    7.43%
    567    54    20934.0728   190    21834.0000    20211.6944    83037    7.43%
    573    60    21514.2054   187    21834.0000    20211.6944    85876    7.43%
    579    66    21666.0614   215    21834.0000    20211.6944    87988    7.43%
    593    73    21740.9567   207    21834.0000    20211.6944    89820    7.43%
    600    76    20297.6195   235    21834.0000    20211.9237    91641    7.43%
    609    85    20435.8092   214    21834.0000    20211.9237    94032    7.43%
    615    91    20755.6457   209    21834.0000    20211.9237    97380    7.43%
    625   101    21112.4718   172    21834.0000    20211.9237   100062    7.43%
Elapsed time = 45.93 sec. (53489.59 ticks, tree = 1.07 MB, solutions = 3)
    636   108    21489.9635   185    21834.0000    20211.9237   102526    7.43%
    642   112    21747.5742   187    21834.0000    20211.9237   104335    7.43%
    655   122    20430.4206   225    21834.0000    20246.4203   106565    7.27%
    665   132    20949.7564   192    21834.0000    20246.4203   110124    7.27%
    669   136    21177.3608   258    21834.0000    20246.4203   112702    7.27%
    695   149    20361.6175   217    21834.0000    20255.5394   115378    7.23%
    705   159    21234.2525   248    21834.0000    20255.5394   119813    7.23%
    710   164    21287.1449   196    21834.0000    20255.5394   122475    7.23%
    731   182    21762.6100   162    21834.0000    20255.5394   126031    7.23%
    748   195    21285.6462   186    21834.0000    20266.8454   131168    7.18%
Elapsed time = 55.28 sec. (65013.86 ticks, tree = 1.48 MB, solutions = 3)
    758   198    21830.5116   123    21834.0000    20266.8454   134648    7.18%
    762   202    21233.1488   223    21834.0000    20298.9414   137365    7.03%
    769   209    21604.0954   217    21834.0000    20298.9414   141536    7.03%
    776   212    20479.9872   226    21834.0000    20314.4301   144619    6.96%
    804   238    21182.9525   214    21834.0000    20314.4301   148282    6.96%
    822   252    21211.0608   168    21834.0000    20323.9264   151675    6.92%
    834   264    21313.0357   196    21834.0000    20323.9264   154868    6.92%
    859   285    21316.3190    96    21834.0000    20329.0527   158338    6.89%
    888   310    21236.0000   199    21834.0000    20333.0073   163567    6.87%
    894   316    21236.0000    83    21834.0000    20333.0073   166028    6.87%
Elapsed time = 63.62 sec. (75415.81 ticks, tree = 1.87 MB, solutions = 3)
    902   324    21260.5152    94    21834.0000    20333.0073   170988    6.87%
*   904   180      integral     0    21236.0000    20333.0073   171105    4.25%
    929   198    20472.2338   191    21236.0000    20333.9224   175793    4.25%
    950   215    20704.7598   170    21236.0000    20349.1125   181417    4.18%
    967   228    20766.1376   228    21236.0000    20363.8455   185626    4.11%
    985   232    20801.7262   175    21236.0000    20385.6613   193009    4.00%
   1000   242    20699.3247   196    21236.0000    20388.3248   198665    3.99%
   1020   250    21012.9262   259    21236.0000    20392.8691   204839    3.97%
   1028   254    20914.7778   226    21236.0000    20394.4186   209382    3.96%
   1038   258    21232.7050   224    21236.0000    20394.4186   214468    3.96%
   1055   272    21188.7258   135    21236.0000    20401.5705   219675    3.93%
Elapsed time = 72.30 sec. (86408.63 ticks, tree = 1.21 MB, solutions = 4)
   1072   284    20669.3617   238    21236.0000    20407.8949   223766    3.90%
   1087   299    21087.3886   188    21236.0000    20407.8949   227920    3.90%
   1102   310    21194.0000   132    21236.0000    20407.8949   229747    3.90%
   1118   326    21194.0000    90    21236.0000    20407.8949   232553    3.90%
   1128   329    21193.2814   240    21236.0000    20417.7967   237110    3.85%
   1137   327    20573.9878   227    21236.0000    20434.4055   241353    3.77%
   1153   334    20843.5651   231    21236.0000    20438.4214   247187    3.76%
   1168   345    20827.8073   203    21236.0000    20440.4384   252567    3.75%
   1198   368    20955.6255   171    21236.0000    20450.8026   256461    3.70%
   1213   376    20988.5653   228    21236.0000    20472.2306   261185    3.60%
Elapsed time = 80.16 sec. (96313.20 ticks, tree = 1.55 MB, solutions = 4)
   1227   384    20614.9464   219    21236.0000    20475.2429   265590    3.58%
   1252   397        cutoff          21236.0000    20480.0149   271569    3.56%
   1265   404    20955.1937   298    21236.0000    20488.9928   279197    3.52%
   1269   408    21035.9114   278    21236.0000    20488.9928   283195    3.52%
   1277   410    20717.9441   205    21236.0000    20509.1133   286018    3.42%
   1297   426    20853.7128   233    21236.0000    20519.8939   291375    3.37%
   1313   433    20661.2207   188    21236.0000    20547.0900   297070    3.24%
   1326   440    20683.6789   183    21236.0000    20550.3864   303123    3.23%
   1333   445    21053.5519   184    21236.0000    20550.3864   311000    3.23%
   1340   447    20912.9831   214    21236.0000    20551.1943   315039    3.22%
Elapsed time = 89.17 sec. (107669.06 ticks, tree = 1.72 MB, solutions = 4)
   1357   458    21100.8528   221    21236.0000    20564.7673   319885    3.16%
   1373   466    21158.7773   213    21236.0000    20564.7673   326759    3.16%
   1379   466    20963.0591   214    21236.0000    20566.0183   331279    3.15%
   1399   480    21185.9175   198    21236.0000    20567.2333   336879    3.15%
   1423   494    20893.3398   171    21236.0000    20574.7853   341987    3.11%
   1429   497    20947.0844   205    21236.0000    20575.9953   345388    3.11%
*  1438+  412                        21139.0000    20575.9953             2.66%
   1439   412    20884.8738   224    21139.0000    20583.0371   350283    2.63%
   1460   414    20841.8782   206    21139.0000    20617.4355   356660    2.47%
   1478   421    20894.6180   199    21139.0000    20622.5928   362099    2.44%
   1522   433    20938.7094   226    21139.0000    20644.0064   377016    2.34%
Elapsed time = 100.13 sec. (121758.87 ticks, tree = 1.69 MB, solutions = 5)
   1556   448    21047.2917   146    21139.0000    20652.0909   392169    2.30%
   1629   467    21103.0254   268    21139.0000    20678.1422   410953    2.18%
   1698   472    21080.7299   190    21139.0000    20734.7090   431608    1.91%
   1743   484        cutoff          21139.0000    20753.1078   452056    1.83%
   1791   491    21094.6346   130    21139.0000    20788.2758   469579    1.66%
   1835   508    20960.3878   163    21139.0000    20800.0312   489151    1.60%
   1876   521    20953.7901   183    21139.0000    20808.1401   508734    1.57%
*  1898+  467                        21106.0000    20809.6541             1.40%
   1906   465        cutoff          21106.0000    20812.6479   525364    1.39%
   1968   502    infeasible          21106.0000    20817.0000   543034    1.37%
*  1998+  474                        21085.0000    20817.0000             1.27%
   2040   495    20822.3103   258    21085.0000    20817.0000   562856    1.27%
Elapsed time = 131.75 sec. (160886.04 ticks, tree = 1.59 MB, solutions = 7)
   2108   520    20960.2454   139    21085.0000    20817.0000   582421    1.27%
   2180   529    20817.3125   229    21085.0000    20817.0000   602503    1.27%
   2252   544    21079.0748   171    21085.0000    20820.9174   623522    1.25%
   2358   491        cutoff          21085.0000    20843.5907   645651    1.14%
   2431   474    21049.8250   227    21085.0000    20869.3727   668105    1.02%
   2491   482    21061.1619   230    21085.0000    20874.1106   690061    1.00%
   2549   471    21078.3506   227    21085.0000    20885.1510   713484    0.95%
   2636   444    21032.1339   179    21085.0000    20904.2997   734227    0.86%
   2740   392        cutoff          21085.0000    20929.0000   758477    0.74%
   2872   334    21076.0789   169    21085.0000    20953.8625   785391    0.62%
Elapsed time = 162.97 sec. (200294.78 ticks, tree = 0.93 MB, solutions = 7)
   2988   270    21001.5135   253    21085.0000    20983.9618   812128    0.48%
   3189   139        cutoff          21085.0000    21030.5677   838882    0.26%

Clique cuts applied:  12
Cover cuts applied:  125
Implied bound cuts applied:  1
Flow cuts applied:  4
Mixed integer rounding cuts applied:  180
Zero-half cuts applied:  157
Lift and project cuts applied:  31
Gomory fractional cuts applied:  6

Root node processing (before b&c):
  Real time             =    6.70 sec. (7721.75 ticks)
Sequential b&c:
  Real time             =  163.38 sec. (201940.25 ticks)
                          ------------
Total (root+branch&cut) =  170.07 sec. (209661.99 ticks)
MIP: [1;32mCPLEX finished.[0m
MIP: [1;32mCPLEX status: Optimal[0m
CAN: [1;35mItem: 0, Level: 0, at bin: 7[0m
CAN: [1;35mItem: 0, Level: 1, at bin: 2[0m
CAN: [1;35mItem: 0, Level: 2, at bin: 11[0m
CAN: [1;35mItem: 0, Level: 3, at bin: 14[0m
CAN: [1;35mItem: 1, Level: 0, at bin: 5[0m
CAN: [1;35mItem: 1, Level: 1, at bin: 18[0m
CAN: [1;35mItem: 1, Level: 2, at bin: 15[0m
CAN: [1;35mItem: 1, Level: 3, at bin: 12[0m
CAN: [1;35mItem: 2, Level: 0, at bin: 18[0m
CAN: [1;35mItem: 2, Level: 1, at bin: 3[0m
CAN: [1;35mItem: 2, Level: 2, at bin: 12[0m
CAN: [1;35mItem: 2, Level: 3, at bin: 12[0m
CAN: [1;35mItem: 3, Level: 0, at bin: 8[0m
CAN: [1;35mItem: 3, Level: 1, at bin: 4[0m
CAN: [1;35mItem: 3, Level: 2, at bin: 3[0m
CAN: [1;35mItem: 3, Level: 3, at bin: 12[0m
CAN: [1;35mItem: 4, Level: 0, at bin: 9[0m
CAN: [1;35mItem: 4, Level: 1, at bin: 1[0m
CAN: [1;35mItem: 4, Level: 2, at bin: 15[0m
CAN: [1;35mItem: 4, Level: 3, at bin: 12[0m
CAN: [1;35mItem: 5, Level: 0, at bin: 7[0m
CAN: [1;35mItem: 5, Level: 1, at bin: 2[0m
CAN: [1;35mItem: 5, Level: 2, at bin: 11[0m
CAN: [1;35mItem: 5, Level: 3, at bin: 14[0m
CAN: [1;35mItem: 6, Level: 0, at bin: 8[0m
CAN: [1;35mItem: 6, Level: 1, at bin: 4[0m
CAN: [1;35mItem: 6, Level: 2, at bin: 3[0m
CAN: [1;35mItem: 6, Level: 3, at bin: 12[0m
CAN: [1;35mItem: 7, Level: 0, at bin: 18[0m
CAN: [1;35mItem: 7, Level: 1, at bin: 3[0m
CAN: [1;35mItem: 7, Level: 2, at bin: 12[0m
CAN: [1;35mItem: 7, Level: 3, at bin: 12[0m
CAN: [1;35mItem: 8, Level: 0, at bin: 1[0m
CAN: [1;35mItem: 8, Level: 1, at bin: 4[0m
CAN: [1;35mItem: 8, Level: 2, at bin: 3[0m
CAN: [1;35mItem: 8, Level: 3, at bin: 12[0m
CAN: [1;35mItem: 9, Level: 0, at bin: 15[0m
CAN: [1;35mItem: 9, Level: 1, at bin: 1[0m
CAN: [1;35mItem: 9, Level: 2, at bin: 15[0m
CAN: [1;35mItem: 9, Level: 3, at bin: 12[0m
CAN: [1;35mItem: 10, Level: 0, at bin: 1[0m
CAN: [1;35mItem: 10, Level: 1, at bin: 4[0m
CAN: [1;35mItem: 10, Level: 2, at bin: 3[0m
CAN: [1;35mItem: 10, Level: 3, at bin: 12[0m
CAN: [1;35mItem: 11, Level: 0, at bin: 11[0m
CAN: [1;35mItem: 11, Level: 1, at bin: 4[0m
CAN: [1;35mItem: 11, Level: 2, at bin: 3[0m
CAN: [1;35mItem: 11, Level: 3, at bin: 12[0m
CAN: [1;35mItem: 12, Level: 0, at bin: 5[0m
CAN: [1;35mItem: 12, Level: 1, at bin: 18[0m
CAN: [1;35mItem: 12, Level: 2, at bin: 15[0m
CAN: [1;35mItem: 12, Level: 3, at bin: 12[0m
CAN: [1;35mItem: 13, Level: 0, at bin: 16[0m
CAN: [1;35mItem: 13, Level: 1, at bin: 9[0m
CAN: [1;35mItem: 13, Level: 2, at bin: 15[0m
CAN: [1;35mItem: 13, Level: 3, at bin: 12[0m
CAN: [1;35mItem: 14, Level: 0, at bin: 2[0m
CAN: [1;35mItem: 14, Level: 1, at bin: 8[0m
CAN: [1;35mItem: 14, Level: 2, at bin: 12[0m
CAN: [1;35mItem: 14, Level: 3, at bin: 12[0m
CAN: [1;35mItem: 15, Level: 0, at bin: 0[0m
CAN: [1;35mItem: 15, Level: 1, at bin: 0[0m
CAN: [1;35mItem: 15, Level: 2, at bin: 11[0m
CAN: [1;35mItem: 15, Level: 3, at bin: 14[0m
CAN: [1;35mItem: 16, Level: 0, at bin: 15[0m
CAN: [1;35mItem: 16, Level: 1, at bin: 1[0m
CAN: [1;35mItem: 16, Level: 2, at bin: 15[0m
CAN: [1;35mItem: 16, Level: 3, at bin: 12[0m
CAN: [1;35mItem: 17, Level: 0, at bin: 9[0m
CAN: [1;35mItem: 17, Level: 1, at bin: 1[0m
CAN: [1;35mItem: 17, Level: 2, at bin: 15[0m
CAN: [1;35mItem: 17, Level: 3, at bin: 12[0m
CAN: [1;35mItem: 18, Level: 0, at bin: 17[0m
CAN: [1;35mItem: 18, Level: 1, at bin: 18[0m
CAN: [1;35mItem: 18, Level: 2, at bin: 15[0m
CAN: [1;35mItem: 18, Level: 3, at bin: 12[0m
CAN: [1;35mItem: 19, Level: 0, at bin: 17[0m
CAN: [1;35mItem: 19, Level: 1, at bin: 18[0m
CAN: [1;35mItem: 19, Level: 2, at bin: 15[0m
CAN: [1;35mItem: 19, Level: 3, at bin: 12[0m
MIP: [1;32mSolution: 
Indexes: [7, 5, 18, 8, 9, 7, 8, 18, 1, 15, 1, 11, 5, 16, 2, 0, 15, 9, 17, 17][0, 4, 8, -1, -1, 18, -1, 2, 4, 1, -1, 4, -1, -1, -1, 1, 9, 18, 3][11, 15, 11, 12, 3, -1, -1, -1, 12, 15, -1, -1, -1, -1, -1, -1, -1, -1, 15][-1, -1, -1, 12, -1, -1, -1, -1, -1, -1, -1, 14, 12, -1, -1, 12], P Variables: [7, 2, 11, 14][5, 18, 15, 12][18, 3, 12, 12][8, 4, 3, 12][9, 1, 15, 12][7, 2, 11, 14][8, 4, 3, 12][18, 3, 12, 12][1, 4, 3, 12][15, 1, 15, 12][1, 4, 3, 12][11, 4, 3, 12][5, 18, 15, 12][16, 9, 15, 12][2, 8, 12, 12][0, 0, 11, 14][15, 1, 15, 12][9, 1, 15, 12][17, 18, 15, 12][17, 18, 15, 12], Flow leaving each bin: [0m
MIP: [1;32mObjective value: 21085[0m
MIP: [1;32mLower Bound: 21082.9[0m
MIP: [1;32mBranch-and-Bound nodes: 3348[0m

# best solution:
best objective value:	21085
best dual bound value:	21085
optimality gap:	0%
CPU time:	169.756
