ifile	/scratch/csagturk/mlbppo_inst/n0020_m03_p150__013.inst
prob	MLBPPO
threads	1
ttime	900
instance: /scratch/csagturk/mlbppo_inst/n0020_m03_p150__013.inst
	m=3, n=[20, 17, 19, 19], #pos=30
MIP: [1;32minit CPLEX[0m
CAN: [1;35mcreated 1024 x_{ijk} variables[0m
CAN: [1;35mcreated 75 y_{ij} variables[0m
CAN: [1;35mcreated 1100 p_{ijk} variables[0m
MIP: [1;32mcreated decision variables[0m
CAN: [1;35madded 20 constraints to enforce the packing of each item[0m
CAN: [1;35madded 36 constraints to enforce the packing of each item[0m
CAN: [1;35madded 55 capacity constraints[0m
MIP: [1;32mcreated constraints[0m
MIP: [1;32mcreated objective function[0m
MIP: [1;32mcalling CPLEX solve ...[0m
Version identifier: 22.1.0.0 | 2022-03-09 | 1a383f8ce
CPXPARAM_Threads                                 1
CPXPARAM_TimeLimit                               900
Tried aggregator 2 times.
MIP Presolve eliminated 11246 rows and 8480 columns.
MIP Presolve added 2 rows and 0 columns.
MIP Presolve modified 1442 coefficients.
Aggregator did 30282 substitutions.
Reduced MIP has 29720 rows, 21101 columns, and 80172 nonzeros.
Reduced MIP has 11383 binaries, 0 generals, 0 SOSs, and 68 indicators.
Presolve time = 0.19 sec. (749.25 ticks)
Probing fixed 0 vars, tightened 57 bounds.
Probing time = 2.64 sec. (2484.39 ticks)
Tried aggregator 2 times.
MIP Presolve eliminated 216 rows and 252 columns.
Aggregator did 19220 substitutions.
Reduced MIP has 10284 rows, 1629 columns, and 41228 nonzeros.
Reduced MIP has 1629 binaries, 0 generals, 0 SOSs, and 0 indicators.
Presolve time = 0.08 sec. (85.15 ticks)
Probing time = 0.00 sec. (3.75 ticks)
Tried aggregator 1 time.
Detecting symmetries...
Reduced MIP has 10284 rows, 1629 columns, and 41228 nonzeros.
Reduced MIP has 1629 binaries, 0 generals, 0 SOSs, and 0 indicators.
Presolve time = 0.02 sec. (22.15 ticks)
Probing time = 0.00 sec. (3.74 ticks)
Clique table members: 2866.
MIP emphasis: balance optimality and feasibility.
MIP search method: dynamic search.
Parallel mode: none, using 1 thread.
Root relaxation solution time = 0.02 sec. (34.67 ticks)

        Nodes                                         Cuts/
   Node  Left     Objective  IInf  Best Integer    Best Bound    ItCnt     Gap

      0     0    13437.3554   117                  13437.3554      659         
      0     0    13675.8559   190                   Cuts: 137     2290         
      0     0    13714.2962   259                   Cuts: 141     3769         
      0     0    13794.2789   217                    Cuts: 97     5536         
      0     0    13811.1991   204                   Cuts: 111     6741         
      0     0    13840.8231   247                   Cuts: 110     8746         
      0     0    13859.4444   241                   Cuts: 112    10281         
      0     0    13861.3738   181                    Cuts: 72    11232         
      0     0    13862.9912   259                    Cuts: 76    13147         
      0     0    13877.8723   182                    Cuts: 89    14871         
      0     0    13887.4245   261                    Cuts: 58    16029         
      0     0    13894.1196   230                    Cuts: 77    16519         
      0     0    13905.6791   155                    Cuts: 87    17005         
      0     0    13908.7930   167                    Cuts: 58    17289         
      0     0    13910.4053   203                    Cuts: 77    17514         
      0     0    13929.6026   146                    Cuts: 24    18626         
      0     0    13930.4370   220                    Cuts: 78    19388         
      0     2    13930.4370   196                  13930.4986    19388         
Elapsed time = 9.43 sec. (12171.48 ticks, tree = 0.01 MB, solutions = 0)
     10    12    13935.4413   233                  13930.4986    20938         
     20    22    13935.4413   174                  13930.4986    21633         
     30    32    13935.4413   187                  13930.4986    22632         
     40    42    13942.6087   190                  13930.4986    23745         
     48    50    13990.4365   148                  13930.4986    25611         
     50    52    13990.4365   152                  13930.4986    26167         
     63    65    14265.3323   155                  13930.4986    29193         
     76    78    14344.1508   113                  13930.4986    31292         
     84    86    14401.5541   112                  13930.4986    32487         
    191   180    14029.2838   194                  13933.0618    41094         
Elapsed time = 12.22 sec. (15996.02 ticks, tree = 2.20 MB, solutions = 0)
    212   201    14072.6387   146                  13933.0618    48583         
    270   259    17136.8612    80                  13933.0618    55130         
    370   346    14003.7814   185                  13933.0618    62279         
    419   393    14311.3383   155                  13933.0618    70724         

Performing restart 1

Repeating presolve.
Tried aggregator 1 time.
MIP Presolve modified 9634 coefficients.
Reduced MIP has 10284 rows, 1629 columns, and 36588 nonzeros.
Reduced MIP has 1629 binaries, 0 generals, 0 SOSs, and 0 indicators.
Presolve time = 0.03 sec. (34.04 ticks)
Tried aggregator 1 time.
MIP Presolve modified 258 coefficients.
Reduced MIP has 10284 rows, 1629 columns, and 36588 nonzeros.
Reduced MIP has 1629 binaries, 0 generals, 0 SOSs, and 0 indicators.
Presolve time = 0.03 sec. (30.15 ticks)
Represolve time = 0.12 sec. (128.94 ticks)
    487     0    13843.6662   269                   Cuts: 135    83831         
    487     0    13907.0406   234                   Cuts: 121    85735         
    487     0    13924.2588   223                   Cuts: 116    86460         
    487     0    13931.1269   233                   Cuts: 120    86790         
    487     0    13940.0692   231                    Cuts: 87    87166         
    487     0    13943.4078   232                    Cuts: 98    87502         
    487     0    13949.1413   247                    Cuts: 86    87942         
    487     0    13951.3087   240                    Cuts: 77    88206         
    487     0    13953.4918   267                    Cuts: 77    88527         
    487     0    13956.3475   269                    Cuts: 74    88893         
    487     0    13956.4122   265                    Cuts: 62    89033         
    487     0    13957.7371   249                    Cuts: 33    89179         
    487     0    13958.5231   255                    Cuts: 39    89249         
    487     0    13960.9620   244                    Cuts: 27    90499         
    487     0    13960.9620   253                    Cuts: 36    90844         
    487     0    13960.9620   213                     Cuts: 5    90943         
    487     0    13960.9620   211                    Cuts: 47    91151         
    487     0    13960.9620   227                    Cuts: 31    91280         
    487     2    13960.9620   227                  13962.3244    91280         
    488     3    13962.4804   197                  13963.6649    91396         
    489     4    13967.9204   272                  13963.6649    93211         
    490     5    13975.1826   191                  13968.2199    94043         
    491     6    13995.0697   260                  13968.2199    95291         
    492     7    14005.0823   246                  13968.2199    96479         
Elapsed time = 34.03 sec. (44991.86 ticks, tree = 0.10 MB, solutions = 0)
    493     8    14007.6804   242                  13968.2199    97938         
    494     9    14015.0331   210                  13968.2199    98698         
    495    10    14015.6903   185                  13968.2199   101038         
    497    12    14028.5069   211                  13968.2199   101513         
    499    14    14058.2652   220                  13968.2199   103039         
    501    16    14130.4483   226                  13968.2199   103512         
    505    20    14073.1083   235                  13968.2199   104610         
    510    25    14423.9908   175                  13968.2199   106287         
    516    31    14454.0909   213                  13968.2199   108075         
    524    39    14500.7808   184                  13968.2199   109271         
Elapsed time = 43.39 sec. (56850.10 ticks, tree = 0.16 MB, solutions = 0)
    526    41    14550.1053   229                  13968.2199   110820         
    536    51    14567.8884   185                  13968.2199   111788         
    545    60    14625.2428   199                  13968.2199   113715         
    550    65    14687.8018   217                  13968.2199   114704         
    556    68    14940.2511   203                  13968.2199   116789         
    569    79    15362.2873   162                  13968.2199   118954         
    602   102    15540.8711   147                  13968.2199   121715         
    618   109    13979.6166   223                  13969.1426   123484         
    623   114    13984.7271   260                  13969.1426   125544         
    625   116    14000.7842   250                  13969.1426   127205         
Elapsed time = 52.04 sec. (67711.36 ticks, tree = 5.93 MB, solutions = 0)
    630   121    13987.7518   267                  13969.1426   130813         
    634   125    14057.9305   144                  13969.1426   134085         
    647   138    13998.8211   177                  13969.1426   135563         
    667   158    14020.9287   178                  13969.1426   136616         
    686   177    14025.2413   184                  13969.1426   138850         
    689   180    14080.0000   210                  13969.1426   140361         
    694   185    14080.9549   205                  13969.1426   142967         
    701   192    14081.3179   203                  13969.1426   145730         
    704   195    14080.0000   225                  13969.1426   147565         
    706   197    14080.0000   249                  13969.1426   151384         
Elapsed time = 61.87 sec. (80914.80 ticks, tree = 12.02 MB, solutions = 0)
    708   199    14080.0000   248                  13969.1426   153870         
    714   205    14080.0000   224                  13969.1426   155764         
    719   210    14080.0000   242                  13969.1426   158057         
    725   216    14097.9087   237                  13969.1426   160659         
    738   229    14691.4000   195                  13969.1426   163238         
    774   265    14108.8889   231                  13969.1426   163407         
    784   272    14116.5074   215                  13970.9807   165259         
    794   282    14274.7354   180                  13970.9807   168464         
    805   293    14643.0995   198                  13970.9807   173183         
    821   309    14333.6846   207                  13970.9807   175783         
Elapsed time = 70.56 sec. (92258.00 ticks, tree = 21.16 MB, solutions = 0)
    835   323    14354.5034   199                  13970.9807   179157         
    847   335    14428.7895   166                  13970.9807   180188         
    868   356    14593.2382   133                  13970.9807   182479         
    887   375    16085.9097   137                  13970.9807   184804         
    895   383    14223.4621   225                  13972.8073   189039         
    908   396    14286.3670   216                  13972.8073   191905         
    984   467    16053.0347   223                  13972.8073   194739         
   1007   486    14050.8504   186                  13973.6682   198404         
   1016   495    14313.2168   196                  13973.6682   202092         
   1020   499    14434.4694   254                  13973.6682   206191         
Elapsed time = 79.10 sec. (103031.78 ticks, tree = 36.85 MB, solutions = 0)
*  1037+  514                        18438.0000    13973.6682            24.21%
   1057   536    14454.5918   185    18438.0000    13973.6682   209789   24.21%
   1099   566    infeasible          18438.0000    13973.6682   213596   24.21%
   1104   571    14013.2383   262    18438.0000    13978.9156   217091   24.18%
   1114   581    14035.5827   243    18438.0000    13978.9156   223018   24.18%
   1117   584    14028.9783   199    18438.0000    13978.9156   223372   24.18%
   1139   606    14102.0000   164    18438.0000    13978.9156   227103   24.18%
   1147   614    14102.0000   175    18438.0000    13978.9156   229130   24.18%
   1176   643    14150.3549   169    18438.0000    13978.9156   233111   24.18%
   1226   691    15642.0000   173    18438.0000    13978.9156   235340   24.18%
   1247   706    14205.7572   199    18438.0000    13979.8058   239173   24.18%
Elapsed time = 88.83 sec. (115235.71 ticks, tree = 53.99 MB, solutions = 1)
   1267   726    14318.0525   202    18438.0000    13979.8058   242271   24.18%
   1284   743    14414.0555   215    18438.0000    13979.8058   245859   24.18%
   1293   750    15084.0881   207    18438.0000    13979.8058   249193   24.18%
   1318   769    14054.5794   204    18438.0000    13984.0077   255714   24.16%
   1337   788    14272.5921   216    18438.0000    13984.0077   259819   24.16%
   1367   818    14650.8798   207    18438.0000    13984.0077   262226   24.16%
   1385   832    14126.8045   239    18438.0000    13988.4879   266335   24.13%
   1403   850    14285.9024   228    18438.0000    13988.4879   270038   24.13%
   1433   880    14569.8003   273    18438.0000    13988.4879   273072   24.13%
   1458   903    15230.0680   226    18438.0000    13988.4879   277561   24.13%
Elapsed time = 98.12 sec. (127059.82 ticks, tree = 70.21 MB, solutions = 1)
*  1461+  904                        18038.0000    13988.4879            22.45%
*  1461+  904                        17996.0000    13988.4879            22.27%
*  1461+  904                        17939.0000    13988.4879            22.02%
*  1461+  904                        17923.0000    13988.4879            21.95%
*  1461+  904                        17823.0000    13988.4879            21.51%
*  1462+  905                        17735.0000    13988.4879            21.12%
*  1462+  904                        17554.0000    13988.4879            20.31%
*  1462+  904                        17464.0000    13988.4879            19.90%
*  1462+  904                        17452.0000    13988.4879            19.85%
*  1462+  904                        17141.0000    13988.4879            18.39%
*  1462+  904                        17084.0000    13988.4879            18.12%
*  1462+  904                        16969.0000    13988.4879            17.56%
*  1462+  885                        16057.0000    13988.4879            12.88%
   1462   887    14076.4369   216    16057.0000    13988.7895   280112   12.88%
   1463   888    14017.5016   232    16057.0000    13991.4420   280739   12.86%
   1550   971    15103.3093   203    16057.0000    13991.7869   283313   12.86%
   1562   979    14146.0681   226    16057.0000    13992.0895   287690   12.86%
   1576   993    15491.1374   159    16057.0000    13992.0895   292156   12.86%
   1595  1012    15669.7934   213    16057.0000    13992.0895   297351   12.86%
   1607  1020    14172.0359   217    16057.0000    13993.2814   299845   12.85%
   1637  1050    14535.0000   252    16057.0000    13993.2814   304022   12.85%
   1646  1059    14535.0000   244    16057.0000    13993.2814   307111   12.85%
   1735  1142    14094.0115   246    16057.0000    13993.4557   318530   12.85%
Elapsed time = 120.59 sec. (156895.43 ticks, tree = 90.05 MB, solutions = 14)
   1862  1260    14666.7542   179    16057.0000    13993.9203   328811   12.85%
   2025  1415    14030.0590   186    16057.0000    13995.1198   343200   12.84%
   2125  1510    15621.8907   126    16057.0000    13995.2131   359643   12.84%
   2239  1614        cutoff          16057.0000    13996.0936   373404   12.83%
   2329  1698    14012.1359   248    16057.0000    13996.4574   391524   12.83%
   2457  1816    14092.0000   229    16057.0000    13999.9710   402770   12.81%

Performing restart 2

Repeating presolve.
Tried aggregator 1 time.
MIP Presolve modified 258 coefficients.
Reduced MIP has 10284 rows, 1629 columns, and 40378 nonzeros.
Reduced MIP has 1629 binaries, 0 generals, 0 SOSs, and 0 indicators.
Presolve time = 0.03 sec. (28.01 ticks)
Tried aggregator 1 time.
MIP Presolve modified 258 coefficients.
Reduced MIP has 10284 rows, 1629 columns, and 40378 nonzeros.
Reduced MIP has 1629 binaries, 0 generals, 0 SOSs, and 0 indicators.
Presolve time = 0.03 sec. (33.40 ticks)
Represolve time = 0.23 sec. (219.86 ticks)
   2657     0    13960.9620   255    16057.0000      Cuts: 63   419673   12.81%
   2657     0    13960.9620   246    16057.0000      Cuts: 13   420069   12.81%
   2657     0    13960.9620   235    16057.0000      Cuts: 60   420494   12.81%
   2657     0    13961.6477   250    16057.0000      Cuts: 88   421000   12.81%
   2657     0    13965.6589   216    16057.0000      Cuts: 24   421258   12.81%
   2657     0    13971.6899   231    16057.0000      Cuts: 89   421559   12.81%
   2657     0    13973.0018   214    16057.0000      Cuts: 99   421828   12.81%
   2657     0    13973.0018   240    16057.0000     Cuts: 125   422142   12.81%
   2657     0    13973.0018   186    16057.0000      Cuts: 22   422282   12.81%
   2657     0    13975.5288   239    16057.0000     Cuts: 108   425003   12.81%
   2657     0    13978.6660   202    16057.0000      Cuts: 51   425241   12.81%
   2657     0    13978.6660   198    16057.0000      Cuts: 68   425410   12.81%
   2657     0    13978.6660   155    16057.0000      Cuts: 21   425534   12.81%
   2657     0    13978.8025   184    16057.0000     Cuts: 107   425794   12.81%
   2657     2    13978.8025   168    16057.0000    14000.5143   425794   12.81%
   2662     7    14012.0591   200    16057.0000    14000.5143   427511   12.81%
   2673    18    14105.7109   190    16057.0000    14000.5143   431007   12.81%
   2694    39    14142.8515   187    16057.0000    14000.5143   435377   12.81%
Elapsed time = 162.76 sec. (210604.54 ticks, tree = 0.08 MB, solutions = 14)
   2715    60    14388.0219   183    16057.0000    14000.5143   440334   12.81%
   2727    72    14506.2425   176    16057.0000    14000.5143   448208   12.81%
   2797   138    14343.7998   174    16057.0000    14000.5143   458031   12.81%
   2907   240    14396.1702   170    16057.0000    14000.5143   468230   12.81%
   2939   266    14080.0000   154    16057.0000    14000.5143   476537   12.81%
   2945   272    14080.0000   223    16057.0000    14000.5143   485623   12.81%
   2948   275    14175.5000   163    16057.0000    14000.5143   496117   12.81%
   2957   284    14301.1286   147    16057.0000    14000.5143   506143   12.81%
   2985   312    15553.8788   135    16057.0000    14000.5143   521340   12.81%
   3045   366    14181.3141   179    16057.0000    14000.5143   531839   12.81%
Elapsed time = 193.77 sec. (251936.07 ticks, tree = 0.91 MB, solutions = 14)
   3139   457    14470.0687   179    16057.0000    14000.5143   546429   12.81%
   3162   480    14992.3571   131    16057.0000    14000.5143   560118   12.81%
   3228   538    14080.1788   168    16057.0000    14000.7341   578801   12.81%
   3260   570    14364.6745   137    16057.0000    14000.7341   593815   12.81%
   3272   582    14512.0439   154    16057.0000    14000.7341   605166   12.81%
   3309   617    15357.0000    85    16057.0000    14000.7341   619213   12.81%
   3338   644    15358.0940   116    16057.0000    14000.7341   635201   12.81%
   3431   730    14017.3368   177    16057.0000    14001.8919   650294   12.80%
   3479   778    14102.0000    97    16057.0000    14001.8919   665456   12.80%
   3508   807    14102.0000   105    16057.0000    14001.8919   680392   12.80%
Elapsed time = 223.70 sec. (290784.60 ticks, tree = 1.89 MB, solutions = 14)
   3526   825    14218.4313   197    16057.0000    14001.8919   695896   12.80%
   3606   901    14080.0000   120    16057.0000    14004.3177   710395   12.78%
   3619   914    14080.0000    99    16057.0000    14004.3177   719999   12.78%
   3707   998    14381.6667   177    16057.0000    14004.5748   735925   12.78%
   3746  1037    14870.3271   223    16057.0000    14004.5748   755758   12.78%
   3849  1128    14080.0000   122    16057.0000    14006.0245   774327   12.77%
   4014  1290    14976.8462   148    16057.0000    14007.7712   788395   12.76%
   4064  1339    15510.0000   146    16057.0000    14007.7712   808923   12.76%
   4093  1360    14039.1071   169    16057.0000    14010.2092   828639   12.75%
   4239  1500    14080.0000   114    16057.0000    14010.5636   849273   12.74%
Elapsed time = 253.18 sec. (329885.77 ticks, tree = 3.33 MB, solutions = 14)
   4263  1524    14103.8831   172    16057.0000    14010.5636   864568   12.74%
   4426  1676    14023.2373   176    16057.0000    14010.6101   884707   12.74%
   4666  1906    15676.6195   176    16057.0000    14012.5082   904685   12.73%
   4701  1937    14080.0000    92    16057.0000    14012.6177   920416   12.73%
   4770  2000    14092.1039   222    16057.0000    14012.9125   936682   12.73%
   4921  2137    15161.2800   136    16057.0000    14013.6697   962504   12.73%
   5036  2246    14058.6652   198    16057.0000    14015.0105   985394   12.72%
   5186  2380    14017.7727   190    16057.0000    14017.9989  1006085   12.70%
   5359  2546    15577.1833   156    16057.0000    14018.6052  1030591   12.69%
   5408  2589    14234.0000   170    16057.0000    14019.0620  1047575   12.69%
Elapsed time = 282.57 sec. (368934.58 ticks, tree = 5.62 MB, solutions = 14)
   5416  2597    14234.0000   230    16057.0000    14019.0620  1066268   12.69%
   5486  2663    14382.5928   203    16057.0000    14019.1101  1082699   12.69%
   5590  2755    14190.4257   191    16057.0000    14019.4289  1104869   12.69%
   5654  2817    15683.0000   143    16057.0000    14019.4289  1126803   12.69%
   5728  2877    15501.0184   189    16057.0000    14019.5059  1146503   12.69%
   5753  2898    14304.3971   168    16057.0000    14019.5294  1163708   12.69%
   5906  3042    15446.7161   172    16057.0000    14019.5294  1185529   12.69%
   5939  3075    15472.0000   143    16057.0000    14019.5294  1204131   12.69%
   6025  3152    15562.9412   200    16057.0000    14019.7603  1222505   12.69%
   6133  3246    15784.3520   222    16057.0000    14019.7603  1243442   12.69%
Elapsed time = 314.57 sec. (408984.11 ticks, tree = 6.95 MB, solutions = 14)
   6249  3353    15792.2519   238    16057.0000    14020.2087  1267577   12.68%
   6352  3445    15564.0200   184    16057.0000    14020.2087  1291580   12.68%
   6456  3538    15277.9727   190    16057.0000    14020.7109  1313455   12.68%
   6494  3576    15857.0000   129    16057.0000    14020.7109  1332248   12.68%
   6586  3660    15881.9762   187    16057.0000    14020.7520  1354397   12.68%
   6676  3740    15312.9919   166    16057.0000    14021.9794  1372371   12.67%
   6728  3784    14102.0000   139    16057.0000    14022.0601  1388497   12.67%
   6746  3802    14102.0000   191    16057.0000    14022.0601  1404927   12.67%
   6840  3892    15228.8019   180    16057.0000    14022.2082  1423777   12.67%
   6904  3952    14102.0000   123    16057.0000    14022.3662  1444395   12.67%
Elapsed time = 345.31 sec. (448264.64 ticks, tree = 8.37 MB, solutions = 14)
   6917  3965    14102.0000   148    16057.0000    14022.3662  1460892   12.67%
   6935  3983    14102.0000   167    16057.0000    14022.3662  1477895   12.67%
   7063  4105    14569.7275   144    16057.0000    14022.3828  1496343   12.67%
   7089  4131    15506.0000   143    16057.0000    14022.3828  1514273   12.67%
   7101  4143    15506.0000   107    16057.0000    14022.3828  1530626   12.67%
   7161  4196    14892.8587   183    16057.0000    14022.9609  1550422   12.67%
   7313  4331    14039.7386   140    16057.0000    14023.2373  1570823   12.67%
   7369  4385    14634.0000   143    16057.0000    14023.2373  1590221   12.67%
   7473  4485    14955.5000   197    16057.0000    14023.7257  1610958   12.66%
   7502  4510    14354.5937   223    16057.0000    14023.9451  1627768   12.66%
Elapsed time = 378.00 sec. (488302.04 ticks, tree = 9.65 MB, solutions = 14)
   7527  4533    15762.2913   135    16057.0000    14023.9451  1647358   12.66%
   7561  4561    14281.5285   206    16057.0000    14024.6929  1667354   12.66%
   7670  4664    14568.9764   222    16057.0000    14026.6192  1692860   12.64%
   7747  4741    15184.0000   146    16057.0000    14026.6192  1714715   12.64%
   7841  4828    14169.3063   170    16057.0000    14027.8539  1735354   12.64%
   7944  4926    15099.1238   204    16057.0000    14027.8539  1755547   12.64%
   8051  5016    14804.7171   187    16057.0000    14028.3796  1779798   12.63%
   8149  5106    14646.0000   124    16057.0000    14028.4730  1798918   12.63%
   8251  5196    14036.2417   188    16057.0000    14029.2252  1818081   12.63%
   8308  5253    14354.6601   232    16057.0000    14029.2252  1835547   12.63%
Elapsed time = 408.05 sec. (527345.03 ticks, tree = 11.16 MB, solutions = 14)
   8370  5311    14072.4642   224    16057.0000    14029.5092  1851936   12.63%
   8505  5430    15775.0000   161    16057.0000    14029.5347  1877424   12.63%
   8535  5460    15775.0000   125    16057.0000    14029.5347  1896865   12.63%
   8579  5498    14368.1780   198    16057.0000    14029.9844  1916323   12.62%
   8647  5558    14080.0000   159    16057.0000    14029.9844  1936378   12.62%
   8657  5568    14080.0000   160    16057.0000    14029.9844  1950296   12.62%
   8661  5572    14125.8919   215    16057.0000    14029.9844  1962862   12.62%
   8697  5608    14327.7707   234    16057.0000    14029.9844  1981012   12.62%
   8706  5615    14734.4370   197    16057.0000    14029.9844  2000304   12.62%
   8712  5621    14754.0000   176    16057.0000    14029.9844  2018863   12.62%
Elapsed time = 441.08 sec. (567575.21 ticks, tree = 11.99 MB, solutions = 14)
   8799  5700    infeasible          16057.0000    14030.0113  2035532   12.62%
   8851  5746    15273.1973   199    16057.0000    14030.7801  2056776   12.62%
   8864  5759    15290.3333   142    16057.0000    14030.7801  2075484   12.62%
   8938  5824    14522.5290   182    16057.0000    14031.1327  2096704   12.62%
   8985  5860    14080.0000   173    16057.0000    14031.1993  2116519   12.62%
   9059  5930    14250.1245   226    16057.0000    14031.2267  2132443   12.62%
   9143  6002    15280.1991   158    16057.0000    14031.5234  2154597   12.61%
   9184  6043    15719.0000    66    16057.0000    14031.5234  2173940   12.61%
   9255  6108    15243.5889   178    16057.0000    14031.8122  2194587   12.61%
   9315  6156    14181.0000   202    16057.0000    14032.7070  2212978   12.61%
Elapsed time = 472.11 sec. (606927.05 ticks, tree = 13.08 MB, solutions = 14)
   9394  6231    14512.7037   216    16057.0000    14032.7857  2230450   12.61%
   9415  6252    14972.1558   187    16057.0000    14032.7857  2248767   12.61%
   9422  6259    14976.4167   139    16057.0000    14032.7857  2264115   12.61%
   9516  6348    15670.0000   142    16057.0000    14033.6214  2287877   12.60%
   9559  6387    14475.3682   188    16057.0000    14034.3725  2305556   12.60%
   9583  6411    15464.7143   150    16057.0000    14034.3725  2321875   12.60%
   9589  6417    15469.0000   157    16057.0000    14034.3725  2337737   12.60%
   9596  6424    15469.0000   227    16057.0000    14034.3725  2352429   12.60%
   9602  6430    15469.0000   193    16057.0000    14034.3725  2367792   12.60%
   9609  6437    15469.0000   196    16057.0000    14034.3725  2383777   12.60%
Elapsed time = 507.37 sec. (647070.51 ticks, tree = 13.65 MB, solutions = 14)
   9647  6469    14704.4295   254    16057.0000    14034.9372  2403660   12.59%
   9690  6504    14333.2885   184    16057.0000    14035.3772  2424768   12.59%
   9736  6548    15515.0000   182    16057.0000    14035.3772  2443807   12.59%
   9742  6553    15898.0000   132    16057.0000    14035.3772  2460663   12.59%
   9783  6588    15752.5547   165    16057.0000    14035.6384  2478919   12.59%
   9875  6668    14102.0000   120    16057.0000    14036.1452  2498123   12.59%
   9881  6674    14102.0000   194    16057.0000    14036.1452  2511643   12.59%
   9901  6694    14102.0000   214    16057.0000    14036.1452  2528398   12.59%
   9969  6758    14226.9198   192    16057.0000    14036.1452  2544145   12.59%
  10011  6791    14063.7979   206    16057.0000    14036.2417  2564825   12.58%
Elapsed time = 539.72 sec. (686396.22 ticks, tree = 14.36 MB, solutions = 14)
  10119  6889    14100.7288   250    16057.0000    14036.4967  2582935   12.58%
  10161  6931    14415.6667   195    16057.0000    14036.4967  2600593   12.58%
  10235  7001    15415.3950   201    16057.0000    14036.6058  2621257   12.58%
  10281  7041    14230.7592   170    16057.0000    14036.6305  2641467   12.58%
  10331  7084    14335.6281   207    16057.0000    14037.6327  2661066   12.58%
  10393  7144    infeasible          16057.0000    14037.6327  2681750   12.58%
  10462  7205    15804.0000   125    16057.0000    14037.7039  2705332   12.58%
  10487  7230    15804.0000   196    16057.0000    14037.7039  2723392   12.58%
  10558  7296    15435.7143   123    16057.0000    14038.6047  2742943   12.57%
  10570  7306    15440.0000   119    16057.0000    14038.6047  2759552   12.57%
Elapsed time = 572.09 sec. (726403.60 ticks, tree = 15.42 MB, solutions = 14)
  10622  7354    14086.4773   209    16057.0000    14038.9048  2774961   12.57%
  10628  7360    14121.0439   219    16057.0000    14038.9048  2789174   12.57%
  10649  7380    14646.0000   129    16057.0000    14038.9048  2806413   12.57%
  10660  7391    14714.5500   202    16057.0000    14038.9048  2820906   12.57%
  10765  7480    14121.0439   230    16057.0000    14039.2654  2842249   12.57%
  10817  7527    14051.0000   179    16057.0000    14039.3547  2862817   12.57%
  10849  7559    14114.0000    95    16057.0000    14039.3547  2879100   12.57%
  10971  7677    14319.5238   180    16057.0000    14039.3720  2893389   12.57%
  11047  7745    15780.3904   171    16057.0000    14039.3720  2915913   12.57%
  11086  7778    14102.0000    98    16057.0000    14039.5222  2936318   12.56%
Elapsed time = 604.19 sec. (766463.94 ticks, tree = 16.38 MB, solutions = 14)
  11090  7782    14115.6698   191    16057.0000    14039.5222  2954434   12.56%
  11097  7789    14171.9820   225    16057.0000    14039.5222  2970498   12.56%
  11172  7858    14088.3627   219    16057.0000    14039.5411  2986935   12.56%
  11315  7986    15802.0000   152    16057.0000    14039.7557  3010249   12.56%
  11378  8046    14308.6078   247    16057.0000    14039.9530  3029806   12.56%
  11441  8100    14085.3871   259    16057.0000    14039.9677  3047938   12.56%
  11511  8164    14319.9333   205    16057.0000    14039.9785  3064685   12.56%
  11547  8198    15487.5714   180    16057.0000    14039.9785  3085884   12.56%
  11566  8214        cutoff          16057.0000    14039.9785  3105898   12.56%
  11644  8280    14985.7143   207    16057.0000    14040.0434  3128529   12.56%
Elapsed time = 637.20 sec. (807526.60 ticks, tree = 17.73 MB, solutions = 14)
  11649  8285    15096.0000   213    16057.0000    14040.0434  3147085   12.56%
  11653  8289    15096.0000   118    16057.0000    14040.0434  3162312   12.56%
  11661  8297    15096.0000   198    16057.0000    14040.0434  3178798   12.56%
  11664  8300    15096.3141   230    16057.0000    14040.0434  3194210   12.56%
  11741  8371    15204.8571   142    16057.0000    14040.4442  3211065   12.56%
  11756  8386    15224.0000   164    16057.0000    14040.4442  3226712   12.56%
  11794  8416    14125.9733   218    16057.0000    14040.7893  3246744   12.56%
  11873  8495    15089.4615   223    16057.0000    14040.7893  3265051   12.56%
  11926  8542    15030.3956   174    16057.0000    14040.8200  3287573   12.56%
  11983  8592    14563.2308   142    16057.0000    14040.9126  3307450   12.56%
Elapsed time = 671.68 sec. (847910.18 ticks, tree = 18.37 MB, solutions = 14)
  11994  8603    15321.3333   105    16057.0000    14040.9126  3322543   12.56%
  12006  8615    15495.0000   159    16057.0000    14040.9126  3337791   12.56%
  12020  8629    15497.5075   174    16057.0000    14040.9126  3354225   12.56%
  12069  8675    14239.7500   175    16057.0000    14040.9137  3373616   12.56%
  12114  8719    15268.0000   221    16057.0000    14040.9137  3393815   12.56%
  12145  8746    14490.4703   274    16057.0000    14041.0285  3412549   12.56%
  12199  8799    14809.1476   211    16057.0000    14041.0285  3430450   12.56%
  12247  8843    15650.0000   148    16057.0000    14041.3826  3449446   12.55%
  12308  8899    14361.7585   208    16057.0000    14041.4688  3472229   12.55%
  12325  8916    14203.5857   249    16057.0000    14041.4688  3490625   12.55%
Elapsed time = 704.87 sec. (887806.02 ticks, tree = 19.03 MB, solutions = 14)
  12335  8924    14501.0000   231    16057.0000    14041.4688  3506806   12.55%
  12373  8962    15343.0000   184    16057.0000    14041.4688  3526699   12.55%
  12435  9018    15988.8571   124    16057.0000    14041.5349  3544939   12.55%
  12531  9107    14679.0000   204    16057.0000    14041.6233  3566416   12.55%
  12629  9200    15693.0000   139    16057.0000    14041.8315  3587635   12.55%
  12682  9249    14349.7500   160    16057.0000    14042.6403  3608070   12.55%
  12690  9257    14511.0000   133    16057.0000    14042.6403  3625270   12.55%
  12710  9277    14515.2202   228    16057.0000    14042.6403  3641908   12.55%
  12821  9372    14043.2346   217    16057.0000    14043.3510  3662694   12.54%
  12841  9392    14123.8189   266    16057.0000    14043.3510  3678227   12.54%
Elapsed time = 737.51 sec. (928007.41 ticks, tree = 20.01 MB, solutions = 14)
  12893  9440    infeasible          16057.0000    14043.3510  3696032   12.54%
  12954  9499    15833.0000   114    16057.0000    14043.4423  3716792   12.54%
  12973  9514    14469.3333   235    16057.0000    14044.0532  3736765   12.54%
  12995  9534    15188.0000   104    16057.0000    14044.0532  3754322   12.54%
  13017  9556    15381.0000   155    16057.0000    14044.0532  3770931   12.54%
  13026  9565    15381.0000   186    16057.0000    14044.0532  3787877   12.54%
  13040  9579    15381.0000   137    16057.0000    14044.0532  3803856   12.54%
  13062  9595    14080.0000   214    16057.0000    14044.4160  3820820   12.53%
  13177  9700    14763.1558   206    16057.0000    14044.6270  3840013   12.53%
  13279  9796    15998.0000   142    16057.0000    14044.7943  3862481   12.53%
Elapsed time = 770.87 sec. (968446.83 ticks, tree = 20.84 MB, solutions = 14)
  13329  9842    14114.0000   184    16057.0000    14045.0898  3877880   12.53%
  13345  9858    14114.0000   195    16057.0000    14045.0898  3892921   12.53%
  13361  9874    14156.8277   276    16057.0000    14045.0898  3911128   12.53%
  13498  9997    15267.3374   243    16057.0000    14045.8377  3934244   12.53%
  13555 10042    14063.5107   203    16057.0000    14046.7035  3956205   12.52%
  13587 10073    14207.2143   175    16057.0000    14046.7035  3973164   12.52%
  13650 10128    14178.6934   268    16057.0000    14047.0335  3995677   12.52%
* 13657+ 9716                        15844.0000    14047.0335            11.34%
  13717  9773    14071.8886   203    15844.0000    14047.8773  4012815   11.34%
  13731  9787    14102.8846   188    15844.0000    14047.8773  4030797   11.34%
  13808  9858    14102.0000   109    15844.0000    14049.0105  4049268   11.33%
Elapsed time = 804.58 sec. (1009658.89 ticks, tree = 20.95 MB, solutions = 15)
  13887  9929    14208.2159   220    15844.0000    14049.0121  4068976   11.33%
  13970  9998    14549.2073   193    15844.0000    14049.1185  4088528   11.33%
Starting limited solution polishing.
  14101 10118    15165.1126   208    15844.0000    14049.3455  4112960   11.33%
  14131 10148    14692.1739   241    15844.0000    14049.6216  4131196   11.33%
  14158 10175    15458.0931   214    15844.0000    14049.6216  4150526   11.33%
  14253 10258    14247.2650   187    15844.0000    14049.6216  4170675   11.33%
  14360 10344    14114.8957   215    15844.0000    14049.7387  4192751   11.32%
  14420 10394    15386.0000   101    15844.0000    14049.7387  4216782   11.32%
  14508 10464    14112.7190   178    15844.0000    14050.2508  4239226   11.32%
  14557 10509    14513.4183   229    15844.0000    14050.3787  4255602   11.32%
Elapsed time = 837.14 sec. (1052272.90 ticks, tree = 22.28 MB, solutions = 15)
  14606 10551    14114.0000   188    15844.0000    14050.5758  4272886   11.32%
  14618 10563    14114.0000   208    15844.0000    14050.5758  4286978   11.32%
  14627 10572    14114.0000   235    15844.0000    14050.5758  4302343   11.32%
  14677 10622    14281.5714   166    15844.0000    14050.5758  4312660   11.32%
  14710 10649    14583.8544   227    15844.0000    14050.6788  4330785   11.32%
  14741 10680    15473.1982   170    15844.0000    14050.6788  4350338   11.32%
* 14757+10641                        15832.0000    14050.8332            11.25%
  14757 10643    14191.3552   211    15832.0000    14050.8332  4354880   11.25%
  14847 10727    15511.0000   169    15832.0000    14050.8332  4375829   11.25%
* 14857+10398                        15763.0000    14050.8332            10.86%
  14914 10447    14114.0000   137    15763.0000    14051.0418  4390143   10.86%
  14957 10486    15041.0000   155    15763.0000    14051.0418  4404107   10.86%
Elapsed time = 869.78 sec. (1092085.82 ticks, tree = 22.24 MB, solutions = 17)
  15023 10547    15141.0000   233    15763.0000    14051.1630  4428001   10.86%
  15056 10580    15141.0000   219    15763.0000    14051.1630  4446849   10.86%
  15105 10623    infeasible          15763.0000    14051.1630  4462531   10.86%
  15159 10671    15699.9630   207    15763.0000    14051.7844  4478901   10.86%
  15217 10725    14966.5000   130    15763.0000    14051.7844  4498975   10.86%
* 15257+10720                        15751.0000    14051.8814            10.79%
* 15257+10041                        15610.0000    14051.8814             9.98%
  15271 10057    14432.3333   117    15610.0000    14051.8814  4512103    9.98%
  15334 10116    14080.0000   221    15610.0000    14051.9632  4532978    9.98%

Clique cuts applied:  13
Cover cuts applied:  104
Flow cuts applied:  1
Mixed integer rounding cuts applied:  69
Zero-half cuts applied:  109
Lift and project cuts applied:  51
Gomory fractional cuts applied:  5

Root node processing (before b&c):
  Real time             =    9.42 sec. (12151.59 ticks)
Sequential b&c:
  Real time             =  890.59 sec. (1117661.88 ticks)
                          ------------
Total (root+branch&cut) =  900.01 sec. (1129813.48 ticks)
MIP: [1;32mCPLEX finished.[0m
MIP: [1;32mCPLEX status: Feasible[0m
CAN: [1;35mItem: 0, Level: 0, at bin: 7[0m
CAN: [1;35mItem: 0, Level: 1, at bin: 16[0m
CAN: [1;35mItem: 0, Level: 2, at bin: 18[0m
CAN: [1;35mItem: 1, Level: 0, at bin: 11[0m
CAN: [1;35mItem: 1, Level: 1, at bin: 15[0m
CAN: [1;35mItem: 1, Level: 2, at bin: 12[0m
CAN: [1;35mItem: 2, Level: 0, at bin: 7[0m
CAN: [1;35mItem: 2, Level: 1, at bin: 16[0m
CAN: [1;35mItem: 2, Level: 2, at bin: 18[0m
CAN: [1;35mItem: 3, Level: 0, at bin: 14[0m
CAN: [1;35mItem: 3, Level: 1, at bin: 16[0m
CAN: [1;35mItem: 3, Level: 2, at bin: 18[0m
CAN: [1;35mItem: 4, Level: 0, at bin: 12[0m
CAN: [1;35mItem: 4, Level: 1, at bin: 5[0m
CAN: [1;35mItem: 4, Level: 2, at bin: 12[0m
CAN: [1;35mItem: 5, Level: 0, at bin: 6[0m
CAN: [1;35mItem: 5, Level: 1, at bin: 8[0m
CAN: [1;35mItem: 5, Level: 2, at bin: 17[0m
CAN: [1;35mItem: 6, Level: 0, at bin: 10[0m
CAN: [1;35mItem: 6, Level: 1, at bin: 6[0m
CAN: [1;35mItem: 6, Level: 2, at bin: 4[0m
CAN: [1;35mItem: 7, Level: 0, at bin: 4[0m
CAN: [1;35mItem: 7, Level: 1, at bin: 12[0m
CAN: [1;35mItem: 7, Level: 2, at bin: 7[0m
CAN: [1;35mItem: 8, Level: 0, at bin: 13[0m
CAN: [1;35mItem: 8, Level: 1, at bin: 12[0m
CAN: [1;35mItem: 8, Level: 2, at bin: 7[0m
CAN: [1;35mItem: 9, Level: 0, at bin: 12[0m
CAN: [1;35mItem: 9, Level: 1, at bin: 5[0m
CAN: [1;35mItem: 9, Level: 2, at bin: 12[0m
CAN: [1;35mItem: 10, Level: 0, at bin: 0[0m
CAN: [1;35mItem: 10, Level: 1, at bin: 12[0m
CAN: [1;35mItem: 10, Level: 2, at bin: 7[0m
CAN: [1;35mItem: 11, Level: 0, at bin: 6[0m
CAN: [1;35mItem: 11, Level: 1, at bin: 8[0m
CAN: [1;35mItem: 11, Level: 2, at bin: 17[0m
CAN: [1;35mItem: 12, Level: 0, at bin: 11[0m
CAN: [1;35mItem: 12, Level: 1, at bin: 15[0m
CAN: [1;35mItem: 12, Level: 2, at bin: 12[0m
CAN: [1;35mItem: 13, Level: 0, at bin: 0[0m
CAN: [1;35mItem: 13, Level: 1, at bin: 12[0m
CAN: [1;35mItem: 13, Level: 2, at bin: 7[0m
CAN: [1;35mItem: 14, Level: 0, at bin: 16[0m
CAN: [1;35mItem: 14, Level: 1, at bin: 6[0m
CAN: [1;35mItem: 14, Level: 2, at bin: 4[0m
CAN: [1;35mItem: 15, Level: 0, at bin: 14[0m
CAN: [1;35mItem: 15, Level: 1, at bin: 16[0m
CAN: [1;35mItem: 15, Level: 2, at bin: 18[0m
CAN: [1;35mItem: 16, Level: 0, at bin: 16[0m
CAN: [1;35mItem: 16, Level: 1, at bin: 6[0m
CAN: [1;35mItem: 16, Level: 2, at bin: 4[0m
CAN: [1;35mItem: 17, Level: 0, at bin: 5[0m
CAN: [1;35mItem: 17, Level: 1, at bin: 0[0m
CAN: [1;35mItem: 17, Level: 2, at bin: 17[0m
CAN: [1;35mItem: 18, Level: 0, at bin: 12[0m
CAN: [1;35mItem: 18, Level: 1, at bin: 5[0m
CAN: [1;35mItem: 18, Level: 2, at bin: 12[0m
CAN: [1;35mItem: 19, Level: 0, at bin: 5[0m
CAN: [1;35mItem: 19, Level: 1, at bin: 0[0m
CAN: [1;35mItem: 19, Level: 2, at bin: 17[0m
MIP: [1;32mSolution: 
Indexes: [7, 11, 7, 14, 12, 6, 10, 4, 13, 12, 0, 6, 11, 0, 16, 14, 16, 5, 12, 5][12, -1, -1, -1, 12, 0, 8, 16, -1, -1, 6, 15, 5, 12, 16, -1, 6][17, -1, -1, -1, -1, 12, 4, -1, 17, -1, -1, -1, 7, -1, -1, 12, 18, -1, -1], P Variables: [7, 16, 18][11, 15, 12][7, 16, 18][14, 16, 18][12, 5, 12][6, 8, 17][10, 6, 4][4, 12, 7][13, 12, 7][12, 5, 12][0, 12, 7][6, 8, 17][11, 15, 12][0, 12, 7][16, 6, 4][14, 16, 18][16, 6, 4][5, 0, 17][12, 5, 12][5, 0, 17], Flow leaving each bin: [0m
MIP: [1;32mObjective value: 15610[0m
MIP: [1;32mLower Bound: 14052[0m
MIP: [1;32mBranch-and-Bound nodes: 15357[0m

# best solution:
best objective value:	15610
best dual bound value:	14051
optimality gap:	9.98719%
CPU time:	896.656
