ifile	/scratch/csagturk/mlbppo_inst/n0020_m03_p100__087.inst
prob	MLBPPO
threads	1
ttime	900
instance: /scratch/csagturk/mlbppo_inst/n0020_m03_p100__087.inst
	m=3, n=[20, 21, 22, 23], #pos=20
MIP: [1;32minit CPLEX[0m
CAN: [1;35mcreated 1388 x_{ijk} variables[0m
CAN: [1;35mcreated 86 y_{ij} variables[0m
CAN: [1;35mcreated 1320 p_{ijk} variables[0m
MIP: [1;32mcreated decision variables[0m
CAN: [1;35madded 20 constraints to enforce the packing of each item[0m
CAN: [1;35madded 43 constraints to enforce the packing of each item[0m
CAN: [1;35madded 66 capacity constraints[0m
MIP: [1;32mcreated constraints[0m
MIP: [1;32mcreated objective function[0m
MIP: [1;32mcalling CPLEX solve ...[0m
Version identifier: 22.1.0.0 | 2022-03-09 | 1a383f8ce
CPXPARAM_Threads                                 1
CPXPARAM_TimeLimit                               900
Tried aggregator 3 times.
MIP Presolve eliminated 21203 rows and 15613 columns.
MIP Presolve added 4 rows and 0 columns.
MIP Presolve modified 1090 coefficients.
Aggregator did 37453 substitutions.
Reduced MIP has 36460 rows, 26007 columns, and 96810 nonzeros.
Reduced MIP has 14014 binaries, 0 generals, 0 SOSs, and 81 indicators.
Presolve time = 0.30 sec. (1237.01 ticks)
Probing fixed 0 vars, tightened 65 bounds.
Probing time = 3.35 sec. (3015.62 ticks)
Tried aggregator 2 times.
MIP Presolve eliminated 259 rows and 301 columns.
MIP Presolve modified 33 coefficients.
Aggregator did 23727 substitutions.
Reduced MIP has 12474 rows, 1979 columns, and 48752 nonzeros.
Reduced MIP has 1979 binaries, 0 generals, 0 SOSs, and 0 indicators.
Presolve time = 0.11 sec. (104.46 ticks)
Probing time = 0.00 sec. (3.94 ticks)
Tried aggregator 1 time.
Detecting symmetries...
Reduced MIP has 12474 rows, 1979 columns, and 48752 nonzeros.
Reduced MIP has 1979 binaries, 0 generals, 0 SOSs, and 0 indicators.
Presolve time = 0.03 sec. (26.17 ticks)
Probing time = 0.00 sec. (3.94 ticks)
Clique table members: 3280.
MIP emphasis: balance optimality and feasibility.
MIP search method: dynamic search.
Parallel mode: none, using 1 thread.
Root relaxation solution time = 0.03 sec. (46.43 ticks)

        Nodes                                         Cuts/
   Node  Left     Objective  IInf  Best Integer    Best Bound    ItCnt     Gap

      0     0    13188.5006   100                  13188.5006      669         
      0     0    13401.1209   131                   Cuts: 125     2207         
      0     0    13489.1040   185                   Cuts: 105     4397         
      0     0    13517.0029   177                    Cuts: 91     4981         
      0     0    13547.4665   189                    Cuts: 71     6204         
      0     0    13561.1219   247                    Cuts: 91     7389         
      0     0    13578.4075   218                    Cuts: 52     8847         
      0     0    13588.1631   253                    Cuts: 73    10432         
      0     0    13591.4953   174                    Cuts: 63    11012         
      0     0    13610.0899   212                    Cuts: 71    11972         
      0     0    13612.2985   220                    Cuts: 73    12800         
      0     0    13613.4323   240                    Cuts: 59    13278         
      0     0    13615.7606   196                    Cuts: 33    13770         
      0     0    13617.3538   208                    Cuts: 51    14424         
*     0+    0                        29531.0000    13617.3538            53.89%
      0     2    13617.3538   189    29531.0000    13617.3717    14424   53.89%
Elapsed time = 10.52 sec. (12197.22 ticks, tree = 0.01 MB, solutions = 1)
     10    12    13621.0277   199    29531.0000    13617.5851    16185   53.89%
     13    15    13621.4354   167    29531.0000    13617.5851    17700   53.89%
     20    22    13629.8423   176    29531.0000    13617.5851    18944   53.89%
     27    29    13701.4272   216    29531.0000    13617.5851    21809   53.89%
     31    33    13713.3929   176    29531.0000    13617.5851    23643   53.89%
     38    40    13952.0425   137    29531.0000    13617.5851    25582   53.89%
     42    44    14367.9992   163    29531.0000    13617.5851    27135   53.89%
     51    53    14105.2734   157    29531.0000    13617.5851    29026   53.89%
     60    62    14298.0294   170    29531.0000    13617.5851    31598   53.89%
     90    92    15942.9201   141    29531.0000    13617.5851    37080   53.89%
Elapsed time = 13.73 sec. (16247.56 ticks, tree = 3.01 MB, solutions = 1)
    196   193    13686.8575   192    29531.0000    13617.5851    43955   53.89%
    245   242    14585.0180   141    29531.0000    13617.5851    51566   53.89%
    316   311    19328.6615   104    29531.0000    13617.5851    58345   53.89%
    360   349    13638.8535   152    29531.0000    13617.5851    63493   53.89%
    392   381    14384.9243   109    29531.0000    13617.5851    71200   53.89%
    440   429    13727.6835   133    29531.0000    13617.5851    76022   53.89%
    498   483    14362.2162   165    29531.0000    13617.5851    83941   53.89%

Performing restart 1

Repeating presolve.
Tried aggregator 1 time.
MIP Presolve modified 9694 coefficients.
Reduced MIP has 12474 rows, 1979 columns, and 43952 nonzeros.
Reduced MIP has 1979 binaries, 0 generals, 0 SOSs, and 0 indicators.
Presolve time = 0.04 sec. (38.00 ticks)
Tried aggregator 1 time.
MIP Presolve modified 124 coefficients.
Reduced MIP has 12474 rows, 1979 columns, and 43952 nonzeros.
Reduced MIP has 1979 binaries, 0 generals, 0 SOSs, and 0 indicators.
Presolve time = 0.04 sec. (34.54 ticks)
Represolve time = 0.15 sec. (157.19 ticks)
    537     0    13606.0440   242    29531.0000     Cuts: 121    91432   53.89%
    537     0    13632.9436   259    29531.0000     Cuts: 123    93870   53.84%
    537     0    13642.7835   241    29531.0000     Cuts: 129    97113   53.80%
*   537+    0                        27404.0000    13642.7835            50.22%
    537     0    13648.2120   256    27404.0000      Cuts: 79    99429   50.20%
    537     0    13649.1318   281    27404.0000      Cuts: 92    99937   50.19%
    537     0    13651.7277   293    27404.0000      Cuts: 71   100984   50.18%
    537     0    13653.0780   249    27404.0000      Cuts: 67   101771   50.18%
    537     0    13654.0665   253    27404.0000      Cuts: 81   102495   50.17%
    537     0    13658.0063   290    27404.0000      Cuts: 72   103605   50.16%
    537     0    13659.2161   271    27404.0000      Cuts: 79   105093   50.16%
    537     0    13659.5846   270    27404.0000      Cuts: 35   105490   50.15%
    537     0    13659.6036   283    27404.0000      Cuts: 34   105701   50.15%
    537     0    13659.6148   242    27404.0000      Cuts: 46   106094   50.15%
    537     0    13659.6148   265    27404.0000      Cuts: 44   106527   50.15%
    537     0    13659.6148   268    27404.0000      Cuts: 36   106767   50.15%
    537     0    13660.8593   257    27404.0000      Cuts: 39   107482   50.15%
    537     0    13660.9766   246    27404.0000      Cuts: 56   108020   50.15%
*   537+    0                        26486.0000    13660.9766            48.42%
    537     2    13660.9766   223    26486.0000    13661.2822   108020   48.42%
    538     3    13675.0688   249    26486.0000    13666.9536   109637   48.40%
    539     4    13675.0901   200    26486.0000    13675.1067   112505   48.37%
Elapsed time = 38.86 sec. (46330.94 ticks, tree = 0.01 MB, solutions = 3)
    540     5    13675.1495   196    26486.0000    13675.1067   112751   48.37%
    541     6    13727.9896   265    26486.0000    13675.1067   116256   48.37%
    543     8    13757.5447   235    26486.0000    13675.1067   120192   48.37%
    544     9    13683.3675   191    26486.0000    13675.1067   121081   48.37%
    545    10    13687.8886   172    26486.0000    13675.1067   123316   48.37%
    547    12    13690.6924   228    26486.0000    13675.1067   125408   48.37%
    549    14    13704.1520   201    26486.0000    13675.1067   126281   48.37%
    550    15    13701.0478   198    26486.0000    13675.1067   127343   48.37%
    551    16    13704.7559   182    26486.0000    13675.1067   128582   48.37%
    552    17    13797.9470   187    26486.0000    13675.1067   130383   48.37%
Elapsed time = 55.50 sec. (65204.46 ticks, tree = 0.23 MB, solutions = 3)
    553    18    13707.2854   220    26486.0000    13675.1067   131328   48.37%
    556    21    13710.4518   206    26486.0000    13675.1067   131900   48.37%
    558    23    13881.2409   242    26486.0000    13675.1067   134993   48.37%
    561    26    13719.7654   221    26486.0000    13675.1067   135589   48.37%
    562    27    14002.1178   258    26486.0000    13675.1067   136832   48.37%
    565    30    13733.4081   210    26486.0000    13675.1067   138690   48.37%
    569    34    13933.0647   203    26486.0000    13675.1067   140719   48.37%
    573    38    13772.2856   226    26486.0000    13675.1067   142270   48.37%
    576    41    13801.0195   231    26486.0000    13675.1067   143196   48.37%
    578    43    13814.7447   263    26486.0000    13675.1067   143977   48.37%
Elapsed time = 65.64 sec. (77087.66 ticks, tree = 0.30 MB, solutions = 3)
    580    45    13911.6946   215    26486.0000    13675.1067   145516   48.37%
    583    48    13924.8365   215    26486.0000    13675.1067   147947   48.37%
    587    52    13973.2842   213    26486.0000    13675.1067   150163   48.37%
    589    54    14067.2483   222    26486.0000    13675.1067   152752   48.37%
    592    57    14257.2438   231    26486.0000    13675.1067   156199   48.37%
    595    60    14438.3765   225    26486.0000    13675.1067   158191   48.37%
    597    62    14075.5383   175    26486.0000    13675.1067   160520   48.37%
    600    65    14150.9064   216    26486.0000    13675.1067   164588   48.37%
    604    69    14336.0715   202    26486.0000    13675.1067   167703   48.37%
    608    73    14359.5650   225    26486.0000    13675.1067   170567   48.37%
Elapsed time = 79.54 sec. (93604.29 ticks, tree = 0.56 MB, solutions = 3)
    615    80    14397.1535   261    26486.0000    13675.1067   172765   48.37%
    624    85    14729.8874   223    26486.0000    13675.1067   174516   48.37%
    635    90    14940.2593   210    26486.0000    13675.1067   176919   48.37%
    648    97    15227.3918   179    26486.0000    13675.1067   179533   48.37%
    656    99    13681.5671   228    26486.0000    13675.4368   181149   48.37%
    661   104    13694.6672   287    26486.0000    13675.4368   182431   48.37%
    665   108    13816.5779   287    26486.0000    13675.4368   184123   48.37%
    671   114    13740.2470   273    26486.0000    13675.4368   185860   48.37%
    680   123    13865.4812   289    26486.0000    13675.4368   187945   48.37%
    682   125    13871.4275   237    26486.0000    13675.4368   192368   48.37%
Elapsed time = 89.10 sec. (105288.78 ticks, tree = 0.68 MB, solutions = 3)
    684   127    14078.3633   226    26486.0000    13675.4368   196244   48.37%
    688   131    13937.1626   237    26486.0000    13675.4368   200558   48.37%
    690   133    13968.8455   218    26486.0000    13675.4368   203847   48.37%
    695   136    14182.3156   183    26486.0000    13675.4368   207778   48.37%
    697   138    14331.6408   218    26486.0000    13675.4368   211662   48.37%
    702   143    14370.8875   252    26486.0000    13675.4368   214297   48.37%
    706   147    14376.5428   248    26486.0000    13675.4368   218091   48.37%
    711   152    15006.3389   257    26486.0000    13675.4368   224027   48.37%
    721   162    15003.3850   246    26486.0000    13675.4368   230861   48.37%
    722   163    15091.7632   248    26486.0000    13675.4368   234677   48.37%
Elapsed time = 100.69 sec. (118679.04 ticks, tree = 1.84 MB, solutions = 3)
    727   168    15141.5112   209    26486.0000    13675.4368   240378   48.37%
    732   173    15169.1644   259    26486.0000    13675.4368   243068   48.37%
    737   178    15187.4568   257    26486.0000    13675.4368   244785   48.37%
    748   189    15343.7122   274    26486.0000    13675.4368   247717   48.37%
    760   201    15404.6584   245    26486.0000    13675.4368   249477   48.37%
    764   201    13737.3559   244    26486.0000    13681.9778   255277   48.34%
    769   206    14192.4035   309    26486.0000    13681.9778   257621   48.34%
    781   218    14252.0082   247    26486.0000    13681.9778   260684   48.34%
    788   225    14351.4591   248    26486.0000    13681.9778   263524   48.34%
    790   227    14666.5109   208    26486.0000    13681.9778   270423   48.34%
Elapsed time = 111.30 sec. (131462.55 ticks, tree = 1.99 MB, solutions = 3)
    797   234    14734.2351   225    26486.0000    13681.9778   273408   48.34%
    817   252    15518.1743   199    26486.0000    13681.9778   277697   48.34%
    829   264    15673.3270   199    26486.0000    13681.9778   281711   48.34%
    846   281    16010.5714   225    26486.0000    13681.9778   284430   48.34%
    870   301    13892.9839   191    26486.0000    13684.6254   293886   48.33%
    875   306    13997.6921   240    26486.0000    13684.6254   300495   48.33%
    881   312    14129.2948   254    26486.0000    13684.6254   305826   48.33%
    887   318    14267.5234   252    26486.0000    13684.6254   314519   48.33%
    894   325    14374.6060   231    26486.0000    13684.6254   320197   48.33%
    901   332    14602.9361   291    26486.0000    13684.6254   322734   48.33%
Elapsed time = 122.53 sec. (145110.88 ticks, tree = 2.26 MB, solutions = 3)
    905   334    14844.8624   267    26486.0000    13684.6254   328274   48.33%
    909   338    14898.1336   273    26486.0000    13684.6254   332735   48.33%
    923   342    13949.4478   205    26486.0000    13686.8315   342604   48.32%
    927   346    14180.3342   259    26486.0000    13686.8315   347067   48.32%
    929   348    14295.7869   297    26486.0000    13686.8315   350331   48.32%
    936   355    14393.0901   230    26486.0000    13686.8315   355831   48.32%
    944   363    14622.2815   218    26486.0000    13686.8315   360744   48.32%
    948   367    14714.1333   212    26486.0000    13686.8315   364689   48.32%
    950   369    14866.1458   256    26486.0000    13686.8315   369586   48.32%
    990   409    15292.2000   183    26486.0000    13686.8315   380807   48.32%
Elapsed time = 136.04 sec. (161089.80 ticks, tree = 2.88 MB, solutions = 3)
   1007   420    13781.4311   240    26486.0000    13688.4128   396959   48.32%
   1039   452    14143.7879   214    26486.0000    13688.4128   417883   48.32%
   1064   477    14966.3971   232    26486.0000    13688.4128   436173   48.32%
   1083   496    15169.2000   164    26486.0000    13688.4128   455193   48.32%
   1098   503    13848.7851   213    26486.0000    13689.4334   469232   48.31%
   1107   512    14282.0418   251    26486.0000    13689.4334   487721   48.31%
   1137   542    14535.2169   282    26486.0000    13689.4334   501297   48.31%
   1227   632    15111.6148   222    26486.0000    13689.4334   508546   48.31%
   1255   654    14314.9243   240    26486.0000    13690.8910   522725   48.31%
   1268   663    13941.2240   262    26486.0000    13691.6999   536911   48.31%
Elapsed time = 170.55 sec. (202604.70 ticks, tree = 3.52 MB, solutions = 3)
   1303   698    14414.6275   251    26486.0000    13691.6999   548631   48.31%
   1318   709    13807.2557   194    26486.0000    13692.7522   558360   48.30%
   1344   735    14491.6373   225    26486.0000    13692.7522   572221   48.30%
   1413   799    13911.1871   248    26486.0000    13694.6500   587676   48.29%
   1427   813    14095.1550   237    26486.0000    13694.6500   602516   48.29%
   1459   845    14956.9398   194    26486.0000    13694.6500   618193   48.29%
   1547   915    13945.9314   219    26486.0000    13694.9282   634022   48.29%
   1588   956    15392.8167   285    26486.0000    13694.9282   647306   48.29%
   1609   971    13913.2118   258    26486.0000    13694.9489   656717   48.29%
   1624   986    14238.4127   236    26486.0000    13694.9489   670114   48.29%
Elapsed time = 206.81 sec. (247167.24 ticks, tree = 4.69 MB, solutions = 3)
   1697  1051    13958.1360   212    26486.0000    13695.5879   683486   48.29%
   1710  1064    14210.4127   266    26486.0000    13695.5879   697274   48.29%
   1766  1112    13919.1360   219    26486.0000    13705.2506   709539   48.25%
   1788  1134    14196.6287   311    26486.0000    13705.2506   725556   48.25%
   1817  1156    13922.9450   256    26486.0000    13705.9180   737002   48.25%
   1834  1173    14545.9527   180    26486.0000    13705.9180   754515   48.25%
   1876  1215    15672.1665   296    26486.0000    13705.9180   769390   48.25%
   1922  1248    13911.4948   282    26486.0000    13706.8768   778982   48.25%
   1964  1290    14369.0007   301    26486.0000    13706.8768   794417   48.25%
   2020  1340    13924.7186   242    26486.0000    13707.6879   805297   48.25%
Elapsed time = 241.77 sec. (289934.14 ticks, tree = 7.50 MB, solutions = 3)
   2057  1377    14646.8402   232    26486.0000    13707.6879   821215   48.25%
   2085  1399    13863.7463   217    26486.0000    13709.6313   833057   48.24%
   2103  1417    14690.3452   256    26486.0000    13709.6313   848437   48.24%
   2153  1467    16992.0000   232    26486.0000    13709.6313   861147   48.24%
   2222  1536    20959.0000   125    26486.0000    13709.6313   875407   48.24%
*  2296  1605      integral     0    25825.0000    13709.6313   877692   46.91%
   2298  1606    13956.5873   204    25825.0000    13715.0261   886180   46.89%
*  2337+ 1627                        25084.0000    13715.0261            45.32%
   2368  1656    16916.7075   215    25084.0000    13715.0261   899876   45.32%
   2382  1666    14078.0936   222    25084.0000    13715.0707   909431   45.32%
   2435  1715    infeasible          25084.0000    13715.0707   923939   45.32%
   2479  1753    14351.9157   219    25084.0000    13716.1721   936271   45.32%
Elapsed time = 274.60 sec. (329795.21 ticks, tree = 11.71 MB, solutions = 5)
   2528  1796    14008.7650   216    25084.0000    13720.0543   949376   45.30%
*  2537+ 1798                        24560.0000    13720.0543            44.14%
   2539  1802    14168.6857   262    24560.0000    13720.0543   960060   44.14%
   2607  1862    13936.9017   221    24560.0000    13721.3743   976726   44.13%
   2654  1907    14647.2027   262    24560.0000    13721.3743   991279   44.13%
   2736  1963    14042.2182   203    24560.0000    13725.6727  1001584   44.11%
   2772  1997    infeasible          24560.0000    13725.6727  1017164   44.11%
   2838  2057    13789.0871   217    24560.0000    13727.4131  1031251   44.11%
   2900  2119    14351.0217   202    24560.0000    13727.4131  1048397   44.11%
   2947  2160    15229.4714   209    24560.0000    13727.9896  1062361   44.10%
   2995  2204    13796.1236   222    24560.0000    13728.5227  1073440   44.10%
Elapsed time = 306.72 sec. (369778.73 ticks, tree = 12.58 MB, solutions = 6)
   3053  2260    14615.7801   190    24560.0000    13728.5227  1089572   44.10%
   3076  2275    13987.8469   238    24560.0000    13730.6355  1102975   44.09%
   3181  2375    16522.0000   157    24560.0000    13730.6355  1112786   44.09%
   3200  2386    13806.0952   308    24560.0000    13730.6355  1120903   44.09%
   3226  2410    14508.7405   177    24560.0000    13730.6355  1133618   44.09%
   3263  2443    13747.2489   228    24560.0000    13730.8014  1140227   44.09%
   3283  2463    14059.9866   325    24560.0000    13730.8014  1154754   44.09%
   3288  2468    14186.0993   235    24560.0000    13730.8014  1168736   44.09%
   3307  2487    14206.5211   222    24560.0000    13730.8014  1180998   44.09%
   3360  2530    13913.6687   257    24560.0000    13734.2295  1189181   44.08%
Elapsed time = 339.07 sec. (409767.33 ticks, tree = 18.08 MB, solutions = 6)
   3394  2564    14423.5717   216    24560.0000    13734.2295  1203439   44.08%
   3441  2603    14115.9137   254    24560.0000    13735.0928  1216793   44.08%
   3499  2651    13988.9264   207    24560.0000    13737.4676  1232475   44.07%
*  3537+ 2667                        22774.0000    13737.4676            39.68%
   3537  2669    14271.3664   195    22774.0000    13737.4676  1243154   39.68%
   3589  2713    14016.9099   299    22774.0000    13738.8460  1255640   39.67%
   3647  2763    13973.3263   242    22774.0000    13740.0878  1271000   39.67%
   3686  2802    15477.8679   154    22774.0000    13740.0878  1285336   39.67%
   3730  2832    14678.6577   245    22774.0000    13740.2644  1298415   39.67%
   3790  2882    14018.7808   231    22774.0000    13741.6039  1315307   39.66%
   3857  2949    17104.8173   198    22774.0000    13741.6039  1331471   39.66%
Elapsed time = 371.21 sec. (450007.41 ticks, tree = 18.65 MB, solutions = 7)
*  3917+ 2981                        21338.0000    13741.6039            35.60%
   3923  2986    13886.6496   263    21338.0000    13741.9422  1340667   35.60%
   3953  3016    14401.2913   229    21338.0000    13741.9422  1350381   35.60%
   3986  3043    14354.2775   239    21338.0000    13744.2086  1363840   35.59%
*  4017+ 3064                        21323.0000    13745.6758            35.54%
   4023  3072    13920.5376   289    21323.0000    13745.6758  1375975   35.54%
   4067  3116    14240.8810   206    21323.0000    13745.6758  1387950   35.54%
   4108  3151    14071.3182   259    21323.0000    13746.2159  1398068   35.53%
   4137  3176    14771.5314   160    21323.0000    13746.2159  1411196   35.53%
   4142  3177    14202.1526   268    21323.0000    13746.6366  1423475   35.53%
   4198  3227    17098.0000   162    21323.0000    13746.6366  1437477   35.53%
   4212  3237    14175.4725   250    21323.0000    13747.2489  1454391   35.53%
Elapsed time = 403.52 sec. (489931.45 ticks, tree = 20.08 MB, solutions = 9)
   4259  3274    13849.7218   230    21323.0000    13747.5825  1466604   35.53%
   4284  3295    14408.3154   218    21323.0000    13747.5825  1482285   35.53%
   4342  3347    13950.7358   279    21323.0000    13748.4144  1496521   35.52%
   4370  3375    14140.2043   233    21323.0000    13748.4144  1510070   35.52%
   4457  3446    15527.7193   129    21323.0000    13749.2898  1524287   35.52%
   4470  3455    14342.4151   243    21323.0000    13749.4002  1537518   35.52%
   4510  3493    15846.0000   159    21323.0000    13749.4002  1552729   35.52%
   4526  3505    14642.1388   234    21323.0000    13749.5456  1566616   35.52%
   4546  3517    14256.3825   265    21323.0000    13751.4269  1585529   35.51%
   4588  3551    13814.5638   257    21323.0000    13751.4488  1599881   35.51%
Elapsed time = 436.21 sec. (530220.45 ticks, tree = 21.13 MB, solutions = 9)
   4609  3572    14274.5170   277    21323.0000    13751.4488  1614109   35.51%
   4650  3605    14051.6651   225    21323.0000    13752.5182  1628999   35.50%
   4661  3616    14209.8753   258    21323.0000    13752.5182  1640289   35.50%
   4703  3652    13897.2500   277    21323.0000    13752.7807  1655457   35.50%
   4774  3713    13796.1681   248    21323.0000    13752.7807  1672823   35.50%
   4800  3739    14339.0000   234    21323.0000    13752.7807  1686325   35.50%
   4814  3747    13973.5280   249    21323.0000    13756.8327  1695109   35.48%
   4827  3754    14366.3687   277    21323.0000    13757.1119  1714515   35.48%
   4834  3761    14237.0953   270    21323.0000    13757.1119  1729703   35.48%
   4861  3788    14634.2257   206    21323.0000    13757.1119  1740922   35.48%
Elapsed time = 469.77 sec. (571495.59 ticks, tree = 22.67 MB, solutions = 9)
   4883  3806    14247.0417   270    21323.0000    13757.8387  1753177   35.48%
   4948  3871    16018.0000   231    21323.0000    13757.8387  1764838   35.48%
   5019  3938    13848.7606   199    21323.0000    13758.8494  1778179   35.47%
   5046  3965    14629.2028   256    21323.0000    13758.8494  1792651   35.47%
   5087  4000    14125.7911   245    21323.0000    13760.3361  1806808   35.47%
   5169  4070    14007.5243   229    21323.0000    13760.7177  1824151   35.47%
   5185  4086    14379.0179   267    21323.0000    13760.7177  1834439   35.47%
   5210  4109    14987.7006   288    21323.0000    13760.7177  1849486   35.47%
   5244  4137    13958.1555   272    21323.0000    13761.2690  1863171   35.46%
   5260  4153    14472.1466   233    21323.0000    13761.2690  1877513   35.46%
Elapsed time = 502.22 sec. (611455.31 ticks, tree = 24.04 MB, solutions = 9)
   5289  4182    14566.5513   301    21323.0000    13761.2690  1891694   35.46%
   5318  4205    13844.0087   264    21323.0000    13761.8373  1904897   35.46%
   5359  4246    14323.7885   265    21323.0000    13761.8373  1919406   35.46%
   5400  4279    14095.4714   257    21323.0000    13763.2317  1932421   35.45%
   5449  4320    13853.4332   241    21323.0000    13763.9994  1949543   35.45%
   5484  4349    13859.3056   252    21323.0000    13764.0277  1966937   35.45%
   5507  4372    14295.7620   356    21323.0000    13764.0277  1980525   35.45%
   5538  4397    13974.5720   268    21323.0000    13764.4822  2002858   35.45%
   5577  4436    14116.3377   275    21323.0000    13764.4822  2017035   35.45%
   5590  4443    14281.0887   240    21323.0000    13768.6657  2028167   35.43%
Elapsed time = 538.04 sec. (655023.73 ticks, tree = 25.23 MB, solutions = 9)
   5614  4463    13778.2521   238    21323.0000    13769.6269  2043975   35.42%
   5666  4513    14679.0000   211    21323.0000    13769.6269  2059305   35.42%
   5692  4529    14023.7702   284    21323.0000    13769.7091  2073391   35.42%
   5749  4578    13819.8123   201    21323.0000    13770.8777  2087789   35.42%
   5774  4603    14170.4546   276    21323.0000    13770.8777  2101996   35.42%
   5815  4638    14053.9957   241    21323.0000    13773.7454  2117411   35.40%
   5825  4648    14232.3768   267    21323.0000    13773.7454  2121256   35.40%
   5863  4682    14381.1396   251    21323.0000    13774.0158  2138037   35.40%
   5902  4719    15659.0000   231    21323.0000    13774.0158  2150049   35.40%
   5941  4754    14445.4050   222    21323.0000    13774.0158  2161593   35.40%
Elapsed time = 570.16 sec. (695015.48 ticks, tree = 27.73 MB, solutions = 9)
   5998  4797    13967.5256   278    21323.0000    13774.7374  2175919   35.40%
   6042  4831    13934.6205   211    21323.0000    13775.4740  2191091   35.40%
   6106  4887    13940.6955   237    21323.0000    13777.1147  2204339   35.39%
   6126  4907    14217.8214   221    21323.0000    13777.1147  2217480   35.39%
   6155  4936    15033.8460   256    21323.0000    13777.1147  2232138   35.39%
   6231  5012    16963.8147   220    21323.0000    13777.1147  2246694   35.39%
   6267  5040    14005.1100   296    21323.0000    13777.1799  2259981   35.39%
   6320  5091    15577.8889   147    21323.0000    13777.1799  2274443   35.39%
   6363  5128    infeasible          21323.0000    13778.3031  2289646   35.38%
   6448  5193    14037.9374   266    21323.0000    13779.2007  2304079   35.38%
Elapsed time = 601.67 sec. (734221.82 ticks, tree = 29.83 MB, solutions = 9)
   6494  5233    14135.8807   244    21323.0000    13779.3352  2318782   35.38%
   6527  5262    13916.9716   226    21323.0000    13779.7439  2333895   35.38%
*  6537+ 5266                        21088.0000    13779.7439            34.66%
*  6537+ 5194                        18534.0000    13779.7439            25.65%
   6545  5204    14201.8668   255    18534.0000    13779.7439  2346460   25.65%
   6605  5257    14019.7453   241    18534.0000    13783.0371  2364533   25.63%
   6630  5282    14514.3609   252    18534.0000    13783.0371  2378025   25.63%
   6673  5317    14028.7019   251    18534.0000    13784.1513  2394137   25.63%
   6728  5364    13939.5181   228    18534.0000    13785.7561  2411414   25.62%
   6762  5398    14816.3180   231    18534.0000    13785.7561  2424228   25.62%
*  6809  4652      integral     0    15571.0000    13785.7561  2427911   11.47%
   6814  4657    14275.4649   256    15571.0000    13785.7561  2439648   11.47%
   6839  4682    14375.7019   225    15571.0000    13785.7561  2453679   11.47%
Elapsed time = 635.48 sec. (775511.68 ticks, tree = 27.09 MB, solutions = 12)
   6870  4705    14085.1979   265    15571.0000    13785.7561  2465927   11.47%
   6879  4714    14127.0538   244    15571.0000    13785.7561  2480798   11.47%
   6885  4720    14173.2222   251    15571.0000    13785.7561  2495121   11.47%
   6928  4755    infeasible          15571.0000    13785.7561  2511187   11.47%
   6951  4770    14239.6064   300    15571.0000    13787.7307  2527378   11.45%
   6966  4785    14676.0769   332    15571.0000    13787.7307  2544115   11.45%
   6981  4800    14864.9296   222    15571.0000    13787.7307  2557858   11.45%
   7000  4813    14059.3133   328    15571.0000    13788.0250  2570050   11.45%
   7046  4853    14251.8784   244    15571.0000    13788.8706  2582827   11.45%
   7070  4875    14967.2114   328    15571.0000    13788.8706  2595708   11.45%
Elapsed time = 669.02 sec. (815825.42 ticks, tree = 28.08 MB, solutions = 12)
   7099  4898    13822.6704   188    15571.0000    13788.9095  2608217   11.44%
   7128  4927    14508.4555   260    15571.0000    13788.9095  2622109   11.44%
   7165  4960    14248.7748   242    15571.0000    13789.8297  2638287   11.44%
   7209  4992    14220.6980   300    15571.0000    13790.2333  2653571   11.44%
   7227  5010    14686.4385   293    15571.0000    13790.2333  2670008   11.44%
   7254  5031    13848.9175   270    15571.0000    13790.7351  2681913   11.43%
   7302  5071    infeasible          15571.0000    13790.7351  2696320   11.43%
   7337  5106    14653.2534   197    15571.0000    13790.7884  2712840   11.43%
   7376  5136    14097.1635   309    15571.0000    13791.1801  2729298   11.43%
   7411  5161    14238.0937   203    15571.0000    13792.3562  2748084   11.42%
Elapsed time = 701.92 sec. (855849.71 ticks, tree = 29.00 MB, solutions = 12)
   7428  5178    14608.6774   280    15571.0000    13792.3562  2763630   11.42%
*  7467+ 4845                        15277.0000    13792.3562             9.72%
   7482  4858    13988.7801   254    15277.0000    13792.3634  2775285    9.72%
   7534  4900    13969.6273   286    15277.0000    13793.6484  2788712    9.71%
   7555  4921    14411.9462   241    15277.0000    13793.6484  2795302    9.71%
   7577  4935    14206.3763   259    15277.0000    13794.3455  2806057    9.71%
   7623  4975    14526.4904   259    15277.0000    13794.4099  2820313    9.70%
   7650  4996    13996.7085   255    15277.0000    13794.4099  2839608    9.70%
   7655  5001    14318.8323   211    15277.0000    13794.4099  2855721    9.70%
   7673  5019    14584.1486   236    15277.0000    13794.4099  2873188    9.70%
   7700  5040    14077.0283   264    15277.0000    13794.7335  2885124    9.70%
Elapsed time = 736.40 sec. (897894.08 ticks, tree = 27.79 MB, solutions = 13)
   7709  5049    14253.4315   254    15277.0000    13794.7335  2900802    9.70%
   7737  5071    13883.3231   241    15277.0000    13795.4568  2910048    9.70%
   7775  5103    13964.2792   217    15277.0000    13795.8211  2927960    9.70%
   7791  5119    14552.1106   197    15277.0000    13795.8211  2940875    9.70%
   7805  5127    14360.9465   232    15277.0000    13796.1389  2955500    9.69%
   7838  5152    13861.7508   219    15277.0000    13796.4136  2975229    9.69%
   7857  5171    14444.2142   280    15277.0000    13796.4136  2990189    9.69%
   7893  5203    13959.3567   200    15277.0000    13796.4136  3004619    9.69%
   7936  5236    13849.8634   223    15277.0000    13796.7093  3016754    9.69%
   7947  5247    14015.9453   250    15277.0000    13796.7093  3031369    9.69%
Elapsed time = 773.65 sec. (942612.42 ticks, tree = 28.79 MB, solutions = 13)
   7983  5275    13888.1926   215    15277.0000    13797.1514  3044876    9.69%
   8019  5311    14915.3407   194    15277.0000    13797.1514  3057545    9.69%
   8038  5324        cutoff          15277.0000    13798.2694  3070692    9.68%
   8083  5356    13843.8673   247    15277.0000    13798.7228  3083891    9.68%
   8109  5382    14314.7886   269    15277.0000    13798.7228  3100075    9.68%
   8172  5429    14035.7367   245    15277.0000    13799.5281  3115034    9.67%
   8190  5447    14544.0410   224    15277.0000    13799.5281  3124501    9.67%
   8218  5468    14058.5550   200    15277.0000    13799.5512  3137876    9.67%
   8257  5507    14936.5000   191    15277.0000    13799.5512  3150477    9.67%
   8267  5511    13922.4064   302    15277.0000    13799.8585  3163146    9.67%
Elapsed time = 806.66 sec. (983559.22 ticks, tree = 29.54 MB, solutions = 13)
   8287  5531    14229.4588   280    15277.0000    13799.8585  3176975    9.67%
Starting limited solution polishing.
   8337  5571    13857.5615   229    15277.0000    13800.4368  3186181    9.67%
   8376  5604    13980.8698   285    15277.0000    13800.7848  3203832    9.66%
   8382  5610    14364.7711   261    15277.0000    13800.7848  3216537    9.66%
   8414  5634    13848.1606   266    15277.0000    13801.9159  3232224    9.66%
   8432  5652    14193.5528   326    15277.0000    13801.9159  3245495    9.66%
   8452  5668    14644.0902   209    15277.0000    13801.9159  3253068    9.66%
   8494  5698    13868.8061   270    15277.0000    13802.8474  3265774    9.65%
   8513  5715    14643.3755   298    15277.0000    13802.8474  3281489    9.65%
   8537  5733    14748.9075   280    15277.0000    13803.2126  3296771    9.65%
Elapsed time = 844.16 sec. (1028828.61 ticks, tree = 30.19 MB, solutions = 13)
   8561  5753    14004.6454   228    15277.0000    13804.6824  3308389    9.64%
   8569  5761    14262.5284   267    15277.0000    13804.6824  3325599    9.64%
   8585  5777    14391.6079   253    15277.0000    13804.6824  3340066    9.64%
   8607  5789    14321.5359   259    15277.0000    13805.1029  3355802    9.63%
   8625  5807    14534.0000   219    15277.0000    13805.1029  3370238    9.63%
   8659  5832    14261.8715   243    15277.0000    13805.6464  3379558    9.63%
   8715  5882    13849.2015   293    15277.0000    13806.0952  3394431    9.63%
   8737  5902    14214.0092   245    15277.0000    13806.0952  3403412    9.63%
   8786  5943    13874.9732   278    15277.0000    13806.7279  3416221    9.62%
   8817  5972    14530.3890   278    15277.0000    13806.7279  3431179    9.62%
Elapsed time = 879.42 sec. (1071860.87 ticks, tree = 32.26 MB, solutions = 13)
   8828  5979    14077.2862   270    15277.0000    13806.7385  3447347    9.62%
*  8837+ 5522                        15001.0000    13806.7385             7.96%
   8837  5524    14243.9196   280    15001.0000    13806.7385  3456082    7.96%
   8876  5559    13966.9436   192    15001.0000    13806.9458  3469478    7.96%
   8911  5588    13886.3918   246    15001.0000    13808.6742  3485945    7.95%
*  8937+ 4697                        14655.0000    13808.6742             5.77%
*  8937+ 3657                        14443.0000    13808.6742             4.39%
   8937  3656    14443.0000     0    14443.0000    13808.6742  3496730    4.39%

Clique cuts applied:  19
Cover cuts applied:  143
Implied bound cuts applied:  2
Flow cuts applied:  6
Mixed integer rounding cuts applied:  119
Zero-half cuts applied:  83
Lift and project cuts applied:  53
Gomory fractional cuts applied:  11

Root node processing (before b&c):
  Real time             =   10.51 sec. (12167.70 ticks)
Sequential b&c:
  Real time             =  889.50 sec. (1085135.81 ticks)
                          ------------
Total (root+branch&cut) =  900.02 sec. (1097303.51 ticks)
MIP: [1;32mCPLEX finished.[0m
MIP: [1;32mCPLEX status: Feasible[0m
CAN: [1;35mItem: 0, Level: 0, at bin: 5[0m
CAN: [1;35mItem: 0, Level: 1, at bin: 20[0m
CAN: [1;35mItem: 0, Level: 2, at bin: 21[0m
CAN: [1;35mItem: 1, Level: 0, at bin: 8[0m
CAN: [1;35mItem: 1, Level: 1, at bin: 2[0m
CAN: [1;35mItem: 1, Level: 2, at bin: 6[0m
CAN: [1;35mItem: 2, Level: 0, at bin: 6[0m
CAN: [1;35mItem: 2, Level: 1, at bin: 3[0m
CAN: [1;35mItem: 2, Level: 2, at bin: 15[0m
CAN: [1;35mItem: 3, Level: 0, at bin: 12[0m
CAN: [1;35mItem: 3, Level: 1, at bin: 16[0m
CAN: [1;35mItem: 3, Level: 2, at bin: 6[0m
CAN: [1;35mItem: 4, Level: 0, at bin: 6[0m
CAN: [1;35mItem: 4, Level: 1, at bin: 3[0m
CAN: [1;35mItem: 4, Level: 2, at bin: 15[0m
CAN: [1;35mItem: 5, Level: 0, at bin: 17[0m
CAN: [1;35mItem: 5, Level: 1, at bin: 18[0m
CAN: [1;35mItem: 5, Level: 2, at bin: 13[0m
CAN: [1;35mItem: 6, Level: 0, at bin: 8[0m
CAN: [1;35mItem: 6, Level: 1, at bin: 2[0m
CAN: [1;35mItem: 6, Level: 2, at bin: 6[0m
CAN: [1;35mItem: 7, Level: 0, at bin: 4[0m
CAN: [1;35mItem: 7, Level: 1, at bin: 20[0m
CAN: [1;35mItem: 7, Level: 2, at bin: 21[0m
CAN: [1;35mItem: 8, Level: 0, at bin: 3[0m
CAN: [1;35mItem: 8, Level: 1, at bin: 16[0m
CAN: [1;35mItem: 8, Level: 2, at bin: 6[0m
CAN: [1;35mItem: 9, Level: 0, at bin: 18[0m
CAN: [1;35mItem: 9, Level: 1, at bin: 20[0m
CAN: [1;35mItem: 9, Level: 2, at bin: 21[0m
CAN: [1;35mItem: 10, Level: 0, at bin: 4[0m
CAN: [1;35mItem: 10, Level: 1, at bin: 20[0m
CAN: [1;35mItem: 10, Level: 2, at bin: 21[0m
CAN: [1;35mItem: 11, Level: 0, at bin: 2[0m
CAN: [1;35mItem: 11, Level: 1, at bin: 15[0m
CAN: [1;35mItem: 11, Level: 2, at bin: 15[0m
CAN: [1;35mItem: 12, Level: 0, at bin: 5[0m
CAN: [1;35mItem: 12, Level: 1, at bin: 20[0m
CAN: [1;35mItem: 12, Level: 2, at bin: 21[0m
CAN: [1;35mItem: 13, Level: 0, at bin: 15[0m
CAN: [1;35mItem: 13, Level: 1, at bin: 3[0m
CAN: [1;35mItem: 13, Level: 2, at bin: 15[0m
CAN: [1;35mItem: 14, Level: 0, at bin: 2[0m
CAN: [1;35mItem: 14, Level: 1, at bin: 15[0m
CAN: [1;35mItem: 14, Level: 2, at bin: 15[0m
CAN: [1;35mItem: 15, Level: 0, at bin: 4[0m
CAN: [1;35mItem: 15, Level: 1, at bin: 20[0m
CAN: [1;35mItem: 15, Level: 2, at bin: 21[0m
CAN: [1;35mItem: 16, Level: 0, at bin: 15[0m
CAN: [1;35mItem: 16, Level: 1, at bin: 3[0m
CAN: [1;35mItem: 16, Level: 2, at bin: 15[0m
CAN: [1;35mItem: 17, Level: 0, at bin: 13[0m
CAN: [1;35mItem: 17, Level: 1, at bin: 20[0m
CAN: [1;35mItem: 17, Level: 2, at bin: 21[0m
CAN: [1;35mItem: 18, Level: 0, at bin: 17[0m
CAN: [1;35mItem: 18, Level: 1, at bin: 18[0m
CAN: [1;35mItem: 18, Level: 2, at bin: 13[0m
CAN: [1;35mItem: 19, Level: 0, at bin: 0[0m
CAN: [1;35mItem: 19, Level: 1, at bin: 2[0m
CAN: [1;35mItem: 19, Level: 2, at bin: 6[0m
MIP: [1;32mSolution: 
Indexes: [5, 8, 6, 12, 6, 17, 8, 4, 3, 18, 4, 2, 5, 15, 2, 4, 15, 13, 17, 0][2, -1, 15, 16, 20, 20, 3, -1, 2, -1, -1, -1, 16, 20, -1, 3, -1, 18, 20, -1, -1][-1, -1, 6, 15, -1, -1, -1, -1, -1, -1, -1, -1, -1, -1, -1, 15, 6, -1, 13, -1, 21, -1], P Variables: [5, 20, 21][8, 2, 6][6, 3, 15][12, 16, 6][6, 3, 15][17, 18, 13][8, 2, 6][4, 20, 21][3, 16, 6][18, 20, 21][4, 20, 21][2, 15, 15][5, 20, 21][15, 3, 15][2, 15, 15][4, 20, 21][15, 3, 15][13, 20, 21][17, 18, 13][0, 2, 6], Flow leaving each bin: [0m
MIP: [1;32mObjective value: 14443[0m
MIP: [1;32mLower Bound: 13809.2[0m
MIP: [1;32mBranch-and-Bound nodes: 8955[0m

# best solution:
best objective value:	14443
best dual bound value:	13809
optimality gap:	4.38967%
CPU time:	897.865
