ifile	/scratch/csagturk/mlbppo_inst/n0020_m02_p200__069.inst
prob	MLBPPO
threads	1
ttime	900
instance: /scratch/csagturk/mlbppo_inst/n0020_m02_p200__069.inst
	m=2, n=[20, 19, 15], #pos=40
MIP: [1;32minit CPLEX[0m
CAN: [1;35mcreated 665 x_{ijk} variables[0m
CAN: [1;35mcreated 54 y_{ij} variables[0m
CAN: [1;35mcreated 680 p_{ijk} variables[0m
MIP: [1;32mcreated decision variables[0m
CAN: [1;35madded 20 constraints to enforce the packing of each item[0m
CAN: [1;35madded 19 constraints to enforce the packing of each item[0m
CAN: [1;35madded 34 capacity constraints[0m
MIP: [1;32mcreated constraints[0m
MIP: [1;32mcreated objective function[0m
MIP: [1;32mcalling CPLEX solve ...[0m
Version identifier: 22.1.0.0 | 2022-03-09 | 1a383f8ce
CPXPARAM_Threads                                 1
CPXPARAM_TimeLimit                               900
Tried aggregator 3 times.
MIP Presolve eliminated 9062 rows and 6825 columns.
MIP Presolve modified 1084 coefficients.
Aggregator did 8601 substitutions.
Reduced MIP has 8240 rows, 5966 columns, and 25848 nonzeros.
Reduced MIP has 3385 binaries, 0 generals, 0 SOSs, and 31 indicators.
Presolve time = 0.07 sec. (126.95 ticks)
Probing fixed 0 vars, tightened 22 bounds.
Probing changed sense of 19 constraints.
Probing time = 0.77 sec. (767.07 ticks)
Tried aggregator 2 times.
MIP Presolve eliminated 148 rows and 143 columns.
MIP Presolve modified 1 coefficients.
Aggregator did 5047 substitutions.
Reduced MIP has 3045 rows, 776 columns, and 14814 nonzeros.
Reduced MIP has 776 binaries, 0 generals, 0 SOSs, and 0 indicators.
Presolve time = 0.03 sec. (29.32 ticks)
Probing time = 0.00 sec. (3.09 ticks)
Tried aggregator 1 time.
Detecting symmetries...
MIP Presolve eliminated 26 rows and 3 columns.
Reduced MIP has 3019 rows, 773 columns, and 14434 nonzeros.
Reduced MIP has 773 binaries, 0 generals, 0 SOSs, and 0 indicators.
Presolve time = 0.01 sec. (10.89 ticks)
Probing time = 0.00 sec. (3.07 ticks)
Clique table members: 2074.
MIP emphasis: balance optimality and feasibility.
MIP search method: dynamic search.
Parallel mode: none, using 1 thread.
Root relaxation solution time = 0.01 sec. (10.63 ticks)

        Nodes                                         Cuts/
   Node  Left     Objective  IInf  Best Integer    Best Bound    ItCnt     Gap

      0     0     7449.2610    77                   7449.2610      307         
      0     0     7616.5374    99                    Cuts: 84      563         
      0     0     7623.1552   141                    Cuts: 84     1612         
      0     0     7631.1164   129                    Cuts: 75     2553         
      0     0     7636.0660   127                    Cuts: 58     2868         
      0     0     7646.5477   136                    Cuts: 88     3418         
      0     0     7649.2042   131                    Cuts: 88     3879         
      0     0     7654.0425   175                    Cuts: 86     4540         
      0     0     7654.3961   210                    Cuts: 51     4767         
      0     0     7655.6105    93                    Cuts: 14     4998         
      0     0     7656.3470    80                    Cuts: 67     5190         
      0     0     7657.0049   102                    Cuts: 76     5475         
*     0+    0                        10528.0000     7657.0049            27.27%
*     0+    0                         9434.0000     7657.0049            18.84%
*     0+    0                         8462.0000     7657.0049             9.51%
      0     2     7657.0049   102     8462.0000     7657.0049     5475    9.51%
Elapsed time = 1.88 sec. (2166.50 ticks, tree = 0.01 MB, solutions = 3)
     20    22     7658.5509    73     8462.0000     7657.0049     6857    9.51%
     37    38     7856.8096    50     8462.0000     7657.0049    10200    9.51%
     80    73     7657.0049   108     8462.0000     7657.0049    13287    9.51%
    139   123     7702.1382    67     8462.0000     7657.0049    17800    9.51%
    180   154     7660.3693   116     8462.0000     7657.0049    21004    9.51%
    224   192     7938.4659   117     8462.0000     7657.0049    25094    9.51%
    273   231     7780.1765    99     8462.0000     7657.0049    28546    9.51%
    308   262     8166.8042    66     8462.0000     7657.0049    31978    9.51%
    364   308     7657.4298   122     8462.0000     7657.0049    35902    9.51%
    520   427     7760.5154    93     8462.0000     7657.0049    48955    9.51%
Elapsed time = 4.15 sec. (5487.79 ticks, tree = 0.64 MB, solutions = 3)
    685   555     7659.7966   117     8462.0000     7657.0049    63806    9.51%
    838   682     7658.7993   151     8462.0000     7657.0049    78222    9.51%
    934   751     7658.8339   103     8462.0000     7657.1241    91201    9.51%

Performing restart 1

Repeating presolve.
Tried aggregator 1 time.
MIP Presolve eliminated 5 rows and 1 columns.
MIP Presolve modified 5153 coefficients.
Reduced MIP has 3014 rows, 772 columns, and 11768 nonzeros.
Reduced MIP has 772 binaries, 0 generals, 0 SOSs, and 0 indicators.
Presolve time = 0.02 sec. (16.38 ticks)
Tried aggregator 1 time.
MIP Presolve eliminated 2 rows and 0 columns.
MIP Presolve modified 290 coefficients.
Reduced MIP has 3012 rows, 772 columns, and 11740 nonzeros.
Reduced MIP has 772 binaries, 0 generals, 0 SOSs, and 0 indicators.
Presolve time = 0.02 sec. (14.37 ticks)
Represolve time = 0.07 sec. (64.30 ticks)
    942     0     7658.8655   146     8462.0000      Cuts: 84    95458    9.49%
    942     0     7667.7653   176     8462.0000      Cuts: 66    96693    9.39%
    942     0     7668.4568   170     8462.0000      Cuts: 67    98368    9.38%
    942     0     7687.8487   235     8462.0000      Cuts: 67   101844    9.15%
    942     0     7688.3209   195     8462.0000     Cuts: 103   103325    9.14%
    942     0     7690.1017   199     8462.0000      Cuts: 76   104431    9.12%
    942     0     7690.1059   198     8462.0000      Cuts: 60   105221    9.12%
    942     0     7690.3734   207     8462.0000      Cuts: 82   107436    9.12%
    942     0     7690.5139   189     8462.0000      Cuts: 63   108490    9.12%
    942     0     7690.9317   227     8462.0000      Cuts: 73   111117    9.11%
    942     0     7691.1470   199     8462.0000      Cuts: 26   113144    9.11%
    942     0     7691.2613   223     8462.0000      Cuts: 30   113897    9.11%
    942     0     7691.5208   148     8462.0000       Cuts: 8   114025    9.11%
    942     0     7691.5981   143     8462.0000      Cuts: 36   114682    9.10%
    942     0     7691.7908   195     8462.0000      Cuts: 30   115703    9.10%
    942     0     7691.8686   173     8462.0000      Cuts: 15   115936    9.10%
    942     0     7692.0626   218     8462.0000      Cuts: 46   116332    9.10%
    942     2     7692.0626   168     8462.0000     7692.2965   116332    9.10%
    944     4     7698.5166    87     8462.0000     7699.2037   117871    9.01%
    945     5     7717.6656   171     8462.0000     7701.2869   120691    8.99%
    947     7     7746.7432   198     8462.0000     7701.3214   122911    8.99%
    949     9     7750.0360   203     8462.0000     7704.0019   124223    8.96%
    952    12     7794.5839   184     8462.0000     7704.0019   125079    8.96%
    956    16     7798.1791   226     8462.0000     7704.0019   126040    8.96%
Elapsed time = 16.75 sec. (23275.01 ticks, tree = 0.02 MB, solutions = 3)
    960    20     7927.4632   163     8462.0000     7704.0019   128029    8.96%
    970    30     7925.0359   149     8462.0000     7704.0019   129471    8.96%
    976    36     8015.2154   118     8462.0000     7704.0019   132600    8.96%
    981    41     7878.8889   132     8462.0000     7704.0019   134124    8.96%
    986    41     7731.5078   172     8462.0000     7707.0423   139206    8.92%
    989    44     7775.2859   131     8462.0000     7707.0423   143541    8.92%
    992    47     7842.6575   198     8462.0000     7707.0423   147476    8.92%
    997    52     7861.4762   265     8462.0000     7707.0423   150399    8.92%
   1001    56     8041.7222   198     8462.0000     7707.0423   151486    8.92%
   1005    60     8125.3077   155     8462.0000     7707.0423   154890    8.92%
Elapsed time = 24.50 sec. (36022.49 ticks, tree = 0.08 MB, solutions = 3)
   1009    64     8139.9864   124     8462.0000     7707.0423   155892    8.92%
   1012    67     8166.8500   126     8462.0000     7707.0423   158137    8.92%
   1015    70     8166.8500   144     8462.0000     7707.0423   160688    8.92%
   1031    77     7714.8951   158     8462.0000     7716.0790   166019    8.81%
   1033    79     7737.5702   165     8462.0000     7718.1897   168829    8.79%
   1035    81     7764.2941    93     8462.0000     7718.1897   172243    8.79%
   1066   107     8241.0020   113     8462.0000     7718.1897   175982    8.79%
   1073   109     7722.8820   161     8462.0000     7720.6116   178101    8.76%
   1082   118     7854.9970   254     8462.0000     7720.6116   184028    8.76%
   1097   133     8097.1563   194     8462.0000     7720.6116   190776    8.76%
Elapsed time = 31.59 sec. (47427.13 ticks, tree = 0.33 MB, solutions = 3)
   1117   149     7777.5442   160     8462.0000     7723.2066   196263    8.73%
   1130   162     8364.5857   139     8462.0000     7723.2066   202893    8.73%
   1155   181        cutoff           8462.0000     7723.2066   210196    8.73%
   1161   187     7935.7601   129     8462.0000     7727.6951   216547    8.68%
   1166   192     8042.6017   180     8462.0000     7727.6951   224623    8.68%
   1178   204     8065.4286   146     8462.0000     7727.6951   232166    8.68%
   1200   222     8387.7500    78     8462.0000     7727.6951   241344    8.68%
   1212   228     7950.5714    98     8462.0000     7727.9234   246171    8.67%
   1237   253     7994.3333   144     8462.0000     7727.9234   252704    8.67%
   1259   271     7734.7509   113     8462.0000     7732.6631   256724    8.62%
Elapsed time = 38.73 sec. (57755.35 ticks, tree = 0.45 MB, solutions = 3)
   1267   279     7764.4286    95     8462.0000     7732.6631   263542    8.62%
   1281   293     7794.0000   156     8462.0000     7732.6631   271131    8.62%
   1302   314     8033.5000   180     8462.0000     7732.6631   278299    8.62%
   1318   322     7737.4298   157     8462.0000     7737.4298   282842    8.56%
   1326   330     8069.2857   144     8462.0000     7737.4298   290688    8.56%
   1367   369     8080.3497   128     8462.0000     7737.4298   297173    8.56%
   1381   379     8037.8000    88     8462.0000     7741.0626   303466    8.52%
   1394   392     8064.0000    81     8462.0000     7741.0626   308813    8.52%
   1410   404     7749.9650    96     8462.0000     7745.1477   314314    8.47%
   1420   414     7944.1071    93     8462.0000     7745.1477   322337    8.47%
Elapsed time = 45.65 sec. (67879.34 ticks, tree = 0.53 MB, solutions = 3)
   1432   426     7830.8571   144     8462.0000     7745.1477   330471    8.47%
   1448   440     8102.9870   109     8462.0000     7745.1477   340122    8.47%
   1454   442     7754.0031   170     8462.0000     7746.0954   343591    8.46%
   1472   460     7781.8571   149     8462.0000     7746.0954   351576    8.46%
   1493   477     7886.9146   163     8462.0000     7748.5644   360013    8.43%
   1505   487     8128.9500   225     8462.0000     7748.5644   367895    8.43%
   1527   502     7862.7683   172     8462.0000     7749.9650   376641    8.41%
   1537   512     8306.2343   166     8462.0000     7749.9650   385803    8.41%
   1559   530     7750.5254   160     8462.0000     7749.9650   394187    8.41%
   1573   544     7832.6429    88     8462.0000     7749.9650   401656    8.41%
Elapsed time = 53.37 sec. (79093.12 ticks, tree = 0.69 MB, solutions = 3)
   1608   574     7754.5958    98     8462.0000     7753.0908   410935    8.38%
   1620   586     8124.0000   140     8462.0000     7753.0908   419508    8.38%
   1633   593     7789.8961   188     8462.0000     7754.2513   425901    8.36%
   1644   604     8042.5714   105     8462.0000     7754.2513   433454    8.36%
   1666   620     7877.9524   157     8462.0000     7755.0569   440219    8.35%
   1690   640     7790.4824   188     8462.0000     7756.7055   447978    8.33%
   1722   662     7900.8319   126     8462.0000     7760.2307   456409    8.29%
   1740   680     7926.1351   155     8462.0000     7760.2307   463823    8.29%
   1767   702     7834.1059   206     8462.0000     7764.2941   472852    8.25%
   1777   712     8097.7927   213     8462.0000     7764.2941   481464    8.25%
Elapsed time = 61.23 sec. (90218.20 ticks, tree = 0.82 MB, solutions = 3)
   1791   726     8404.4978   131     8462.0000     7764.2941   490289    8.25%
   1800   729     7772.6316   140     8462.0000     7764.2980   496269    8.25%
   1813   742     7781.8571   106     8462.0000     7764.2980   504768    8.25%
   1831   760     7843.8043   138     8462.0000     7764.2980   512452    8.25%
   1866   792     7850.0000   124     8462.0000     7764.4286   520481    8.24%
   1890   810     8019.8571    88     8462.0000     7764.4286   526616    8.24%
   1910   824     7766.4286   159     8462.0000     7764.4286   535857    8.24%
   1918   832     7781.8571   172     8462.0000     7764.4286   543573    8.24%
   1939   849     7771.8302   141     8462.0000     7764.4286   551829    8.24%
   1965   868     7771.8302    84     8462.0000     7764.4286   559408    8.24%
Elapsed time = 68.80 sec. (101503.85 ticks, tree = 0.95 MB, solutions = 3)
   1996   887     7766.4286    92     8462.0000     7764.4286   567798    8.24%
   2008   899     7781.8571   133     8462.0000     7764.4286   575531    8.24%
   2040   927     7817.1429   120     8462.0000     7765.0051   582206    8.24%
   2069   951     7768.3143   100     8462.0000     7765.0502   586457    8.24%
   2082   964     7938.0000    53     8462.0000     7765.0502   594637    8.24%
*  2096   424      integral     0     7938.0000     7765.0502   595015    2.18%
   2105   432     7865.0000    84     7938.0000     7765.0502   600962    2.18%
   2132   453     7766.8027   126     7938.0000     7765.6909   605968    2.17%
   2154   475     7876.0000   159     7938.0000     7765.6909   613814    2.17%
   2166   483     7829.6667   169     7938.0000     7766.5238   619168    2.16%
   2232   523     7794.0000   119     7938.0000     7766.5238   642078    2.16%
Elapsed time = 77.93 sec. (115001.79 ticks, tree = 0.51 MB, solutions = 4)
   2325   578     7772.7333   174     7938.0000     7766.6471   669860    2.16%
*  2389   481      integral     0     7888.0000     7766.8286   682756    1.54%
   2434   517     7781.8571   110     7888.0000     7768.6986   695308    1.51%
   2505   552     7878.0000   149     7888.0000     7770.5000   720820    1.49%
   2608   616     7770.5000   148     7888.0000     7770.5000   744301    1.49%
*  2636   484      integral     0     7878.0000     7770.5000   747291    1.36%
*  2710   433      integral     0     7860.0000     7773.5000   763079    1.10%
   2725   437     7781.8571   163     7860.0000     7775.5455   772890    1.07%
*  2742+  397                         7848.0000     7775.5455             0.92%
*  2772+  271                         7820.0000     7775.5455             0.57%
   2798   256     7794.0000   100     7820.0000     7779.4211   800582    0.52%
   2888   284     7794.0000   125     7820.0000     7781.8571   828964    0.49%
   2969   331     7781.8571    47     7820.0000     7781.8571   855874    0.49%
   3045   375     7783.0000   136     7820.0000     7781.8571   885958    0.49%
   3102   410     7794.0000   169     7820.0000     7781.8571   909515    0.49%
Elapsed time = 105.20 sec. (154083.99 ticks, tree = 0.38 MB, solutions = 9)
   3174   444     7794.0000    88     7820.0000     7781.8571   933701    0.49%
   3223   469     7783.0000   111     7820.0000     7781.8571   958771    0.49%
*  3255    86      integral     0     7783.0000     7781.8571   966044    0.01%

Clique cuts applied:  12
Cover cuts applied:  55
Flow cuts applied:  2
Mixed integer rounding cuts applied:  55
Zero-half cuts applied:  39
Lift and project cuts applied:  9
Gomory fractional cuts applied:  8

Root node processing (before b&c):
  Real time             =    1.88 sec. (2157.90 ticks)
Sequential b&c:
  Real time             =  109.41 sec. (160954.04 ticks)
                          ------------
Total (root+branch&cut) =  111.29 sec. (163111.94 ticks)
MIP: [1;32mCPLEX finished.[0m
MIP: [1;32mCPLEX status: Optimal[0m
CAN: [1;35mItem: 0, Level: 0, at bin: 3[0m
CAN: [1;35mItem: 0, Level: 1, at bin: 10[0m
CAN: [1;35mItem: 1, Level: 0, at bin: 3[0m
CAN: [1;35mItem: 1, Level: 1, at bin: 10[0m
CAN: [1;35mItem: 2, Level: 0, at bin: 3[0m
CAN: [1;35mItem: 2, Level: 1, at bin: 10[0m
CAN: [1;35mItem: 3, Level: 0, at bin: 7[0m
CAN: [1;35mItem: 3, Level: 1, at bin: 0[0m
CAN: [1;35mItem: 4, Level: 0, at bin: 9[0m
CAN: [1;35mItem: 4, Level: 1, at bin: 2[0m
CAN: [1;35mItem: 5, Level: 0, at bin: 7[0m
CAN: [1;35mItem: 5, Level: 1, at bin: 0[0m
CAN: [1;35mItem: 6, Level: 0, at bin: 10[0m
CAN: [1;35mItem: 6, Level: 1, at bin: 2[0m
CAN: [1;35mItem: 7, Level: 0, at bin: 13[0m
CAN: [1;35mItem: 7, Level: 1, at bin: 6[0m
CAN: [1;35mItem: 8, Level: 0, at bin: 8[0m
CAN: [1;35mItem: 8, Level: 1, at bin: 10[0m
CAN: [1;35mItem: 9, Level: 0, at bin: 17[0m
CAN: [1;35mItem: 9, Level: 1, at bin: 10[0m
CAN: [1;35mItem: 10, Level: 0, at bin: 13[0m
CAN: [1;35mItem: 10, Level: 1, at bin: 6[0m
CAN: [1;35mItem: 11, Level: 0, at bin: 3[0m
CAN: [1;35mItem: 11, Level: 1, at bin: 10[0m
CAN: [1;35mItem: 12, Level: 0, at bin: 13[0m
CAN: [1;35mItem: 12, Level: 1, at bin: 6[0m
CAN: [1;35mItem: 13, Level: 0, at bin: 16[0m
CAN: [1;35mItem: 13, Level: 1, at bin: 0[0m
CAN: [1;35mItem: 14, Level: 0, at bin: 10[0m
CAN: [1;35mItem: 14, Level: 1, at bin: 2[0m
CAN: [1;35mItem: 15, Level: 0, at bin: 9[0m
CAN: [1;35mItem: 15, Level: 1, at bin: 2[0m
CAN: [1;35mItem: 16, Level: 0, at bin: 17[0m
CAN: [1;35mItem: 16, Level: 1, at bin: 10[0m
CAN: [1;35mItem: 17, Level: 0, at bin: 13[0m
CAN: [1;35mItem: 17, Level: 1, at bin: 6[0m
CAN: [1;35mItem: 18, Level: 0, at bin: 16[0m
CAN: [1;35mItem: 18, Level: 1, at bin: 0[0m
CAN: [1;35mItem: 19, Level: 0, at bin: 13[0m
CAN: [1;35mItem: 19, Level: 1, at bin: 6[0m
MIP: [1;32mSolution: 
Indexes: [3, 3, 3, 7, 9, 7, 10, 13, 8, 17, 13, 3, 13, 16, 10, 9, 17, 13, 16, 13][-1, -1, -1, 10, -1, -1, -1, 0, 10, 2, 2, -1, -1, 6, -1, -1, 0, 10, -1], P Variables: [3, 10][3, 10][3, 10][7, 0][9, 2][7, 0][10, 2][13, 6][8, 10][17, 10][13, 6][3, 10][13, 6][16, 0][10, 2][9, 2][17, 10][13, 6][16, 0][13, 6], Flow leaving each bin: [0m
MIP: [1;32mObjective value: 7783[0m
MIP: [1;32mLower Bound: 7783[0m
MIP: [1;32mBranch-and-Bound nodes: 3342[0m

# best solution:
best objective value:	7783
best dual bound value:	7783
optimality gap:	0%
CPU time:	111.12
