ifile	/scratch/csagturk/mlbppo_inst/n0020_m04_p100__070.inst
prob	MLBPPO
threads	1
ttime	900
instance: /scratch/csagturk/mlbppo_inst/n0020_m04_p100__070.inst
	m=4, n=[20, 18, 17, 17, 17], #pos=20
MIP: [1;32minit CPLEX[0m
CAN: [1;35mcreated 1244 x_{ijk} variables[0m
CAN: [1;35mcreated 89 y_{ij} variables[0m
CAN: [1;35mcreated 1380 p_{ijk} variables[0m
MIP: [1;32mcreated decision variables[0m
CAN: [1;35madded 20 constraints to enforce the packing of each item[0m
CAN: [1;35madded 52 constraints to enforce the packing of each item[0m
CAN: [1;35madded 69 capacity constraints[0m
MIP: [1;32mcreated constraints[0m
MIP: [1;32mcreated objective function[0m
MIP: [1;32mcalling CPLEX solve ...[0m
Version identifier: 22.1.0.0 | 2022-03-09 | 1a383f8ce
CPXPARAM_Threads                                 1
CPXPARAM_TimeLimit                               900
Tried aggregator 2 times.
MIP Presolve eliminated 18113 rows and 13431 columns.
MIP Presolve added 2 rows and 0 columns.
MIP Presolve modified 898 coefficients.
Aggregator did 35481 substitutions.
Reduced MIP has 34517 rows, 24821 columns, and 87473 nonzeros.
Reduced MIP has 13432 binaries, 0 generals, 0 SOSs, and 90 indicators.
Presolve time = 0.25 sec. (1059.42 ticks)
Probing fixed 0 vars, tightened 74 bounds.
Probing changed sense of 52 constraints.
Probing time = 2.48 sec. (2108.54 ticks)
Tried aggregator 2 times.
MIP Presolve eliminated 312 rows and 364 columns.
Aggregator did 22466 substitutions.
Reduced MIP has 11739 rows, 1991 columns, and 41813 nonzeros.
Reduced MIP has 1991 binaries, 0 generals, 0 SOSs, and 0 indicators.
Presolve time = 0.10 sec. (89.98 ticks)
Probing time = 0.00 sec. (3.51 ticks)
Tried aggregator 1 time.
Detecting symmetries...
Reduced MIP has 11739 rows, 1991 columns, and 41813 nonzeros.
Reduced MIP has 1991 binaries, 0 generals, 0 SOSs, and 0 indicators.
Presolve time = 0.02 sec. (23.22 ticks)
Probing time = 0.00 sec. (3.51 ticks)
Clique table members: 2193.
MIP emphasis: balance optimality and feasibility.
MIP search method: dynamic search.
Parallel mode: none, using 1 thread.
Root relaxation solution time = 0.03 sec. (42.03 ticks)

        Nodes                                         Cuts/
   Node  Left     Objective  IInf  Best Integer    Best Bound    ItCnt     Gap

      0     0    14970.9841   108                  14970.9841      694         
      0     0    15222.1197   200                   Cuts: 187     2066         
      0     0    15288.5858   273                   Cuts: 137     4041         
      0     0    15311.9673   256                   Cuts: 135     5874         
      0     0    15406.7406   279                   Cuts: 105     6946         
      0     0    15593.1061   263                   Cuts: 109     7804         
      0     0    15706.2819   274                   Cuts: 106     8557         
      0     0    15833.6686   272                    Cuts: 65     9158         
      0     0    15930.4305   262                    Cuts: 80     9566         
      0     0    15965.9815   265                    Cuts: 50     9895         
      0     0    16102.4989   232                    Cuts: 68    10342         
      0     0    16109.4542   248                    Cuts: 75    10525         
      0     0    16112.9794   244                    Cuts: 79    10706         
      0     0    16114.7979   240                    Cuts: 66    10906         
      0     0    16124.5770   223                    Cuts: 39    11049         
      0     0    16126.2728   224                    Cuts: 60    11251         
      0     2    16126.2728   213                  16126.3875    11251         
Elapsed time = 8.25 sec. (9849.01 ticks, tree = 0.01 MB, solutions = 0)
     11    13    16153.3393   191                  16149.9710    12339         
     22    24    16256.4059   160                  16149.9710    14349         
     36    38    16328.1320   159                  16149.9710    15809         
     67    67    17219.8371   105                  16149.9710    17344         
     87    87    19032.8555    95                  16149.9710    19509         
    110   110    21162.1835    65                  16149.9710    21274         
    127   127    23122.0000    46                  16149.9710    22368         
    160   154    16149.9710   190                  16149.9710    23231         
    180   174    16223.8677   174                  16149.9710    24949         
    221   215    16959.1234   142                  16149.9710    32218         
Elapsed time = 10.65 sec. (13063.65 ticks, tree = 4.96 MB, solutions = 0)
*   289   237      integral     0    21232.0000    16149.9710    39359   23.94%
    297   243    16174.6820   181    21232.0000    16149.9710    39867   23.94%
    398   336    16191.8071   188    21232.0000    16149.9710    47679   23.94%
    423   361    16551.5620   163    21232.0000    16149.9710    51373   23.94%

Performing restart 1

Repeating presolve.
Tried aggregator 1 time.
MIP Presolve modified 5126 coefficients.
Reduced MIP has 11739 rows, 1991 columns, and 39419 nonzeros.
Reduced MIP has 1991 binaries, 0 generals, 0 SOSs, and 0 indicators.
Presolve time = 0.03 sec. (33.44 ticks)
Tried aggregator 1 time.
MIP Presolve modified 290 coefficients.
Reduced MIP has 11739 rows, 1991 columns, and 39419 nonzeros.
Reduced MIP has 1991 binaries, 0 generals, 0 SOSs, and 0 indicators.
Presolve time = 0.03 sec. (32.49 ticks)
Represolve time = 0.14 sec. (126.62 ticks)
    479     0    16139.3527   224    21232.0000      Cuts: 91    57656   23.94%
    479     0    16146.8427   229    21232.0000     Cuts: 104    57899   23.94%
    479     0    16150.3362   222    21232.0000     Cuts: 117    58118   23.93%
    479     0    16154.1591   242    21232.0000     Cuts: 102    58346   23.92%
    479     0    16155.4217   243    21232.0000     Cuts: 103    58519   23.91%
    479     0    16157.0526   249    21232.0000      Cuts: 71    58727   23.90%
    479     0    16160.6845   246    21232.0000      Cuts: 84    59025   23.89%
    479     0    16162.4327   236    21232.0000     Cuts: 114    59260   23.88%
    479     0    16163.3611   247    21232.0000      Cuts: 79    59456   23.87%
    479     0    16164.8954   266    21232.0000      Cuts: 79    59731   23.87%
    479     0    16165.1989   260    21232.0000      Cuts: 53    59923   23.86%
    479     0    16165.5606   250    21232.0000      Cuts: 56    60353   23.86%
    479     0    16166.3671   238    21232.0000      Cuts: 49    60590   23.86%
    479     0    16166.8520   242    21232.0000      Cuts: 57    60894   23.86%
    479     0    16170.0492   215    21232.0000      Cuts: 36    61427   23.84%
    479     0    16170.2509   225    21232.0000      Cuts: 69    61590   23.84%
    479     0    16170.4269   222    21232.0000      Cuts: 26    61777   23.84%
    479     0    16170.8521   225    21232.0000      Cuts: 41    62089   23.84%
    479     2    16170.8521   214    21232.0000    16171.3343    62089   23.84%
    482     5    16194.3092   223    21232.0000    16194.3249    63005   23.73%
    486     9    16205.3839   204    21232.0000    16194.9539    63241   23.72%
    489    12    16212.6238   245    21232.0000    16194.9539    64119   23.72%
    494    17    16252.2964   186    21232.0000    16194.9539    65358   23.72%
    500    23    16716.9576   165    21232.0000    16194.9539    67199   23.72%
    505    28    16800.5261   200    21232.0000    16194.9539    69465   23.72%
Elapsed time = 26.18 sec. (31113.08 ticks, tree = 0.61 MB, solutions = 1)
    512    35    16347.1907   199    21232.0000    16194.9539    69823   23.72%
    519    42    16683.0679   212    21232.0000    16194.9539    70572   23.72%
    526    49    16822.8589   202    21232.0000    16194.9539    72033   23.72%
    536    59    16867.2150   150    21232.0000    16194.9539    73229   23.72%
    555    69    17325.1228   199    21232.0000    16194.9539    74243   23.72%
    569    83    17689.4353   125    21232.0000    16194.9539    76322   23.72%
    598   112    18532.5339   126    21232.0000    16194.9539    79159   23.72%
    624   132    20076.0000   173    21232.0000    16194.9539    80625   23.72%
    631   137    20076.0000   141    21232.0000    16194.9539    81301   23.72%
    650   147    16385.7018   210    21232.0000    16195.6018    82650   23.72%
Elapsed time = 34.46 sec. (41529.18 ticks, tree = 2.44 MB, solutions = 1)
    659   156    16436.0373   200    21232.0000    16195.6018    84157   23.72%
    666   163    16663.1892   185    21232.0000    16195.6018    87494   23.72%
    681   178    16928.0219   196    21232.0000    16195.6018    90398   23.72%
    693   190    17178.7249   114    21232.0000    16195.6018    93250   23.72%
    699   196    17578.3389   145    21232.0000    16195.6018    95752   23.72%
    707   204    17742.2539   118    21232.0000    16195.6018    99427   23.72%
    739   236    18639.8571   115    21232.0000    16195.6018   102965   23.72%
    783   276        cutoff          21232.0000    16195.6018   104142   23.72%
    798   283    16322.0359   202    21232.0000    16200.7258   106384   23.70%
    812   297    17255.5767   127    21232.0000    16200.7258   110620   23.70%
Elapsed time = 42.38 sec. (51855.30 ticks, tree = 2.99 MB, solutions = 1)
    824   309    17731.9438   138    21232.0000    16200.7258   113621   23.70%
    830   315    17741.6276   161    21232.0000    16200.7258   115713   23.70%
    853   338    18210.5000   147    21232.0000    16200.7258   118233   23.70%
    881   366    16527.0781   202    21232.0000    16201.7371   121215   23.69%
    896   381    16960.9923   215    21232.0000    16201.7371   125301   23.69%
    927   411    18347.8110   189    21232.0000    16201.7371   128190   23.69%
    949   428    16471.5664   190    21232.0000    16205.4627   131240   23.67%
    957   436    16895.0214   142    21232.0000    16205.4627   133628   23.67%
    964   443    17005.1452    99    21232.0000    16205.4627   136808   23.67%
    966   445    18765.8431   175    21232.0000    16205.4627   139104   23.67%
Elapsed time = 51.01 sec. (62269.64 ticks, tree = 3.88 MB, solutions = 1)
    972   451    18801.2392   127    21232.0000    16205.4627   141669   23.67%
    979   458    18843.7647   173    21232.0000    16205.4627   145109   23.67%
   1000   479    19216.7143   124    21232.0000    16205.4627   149614   23.67%
   1007   486    19433.5612   157    21232.0000    16205.4627   152713   23.67%
   1017   490    16393.4512   201    21232.0000    16214.6821   155832   23.63%
   1071   540    17205.6159   154    21232.0000    16214.6821   162177   23.63%
   1117   570    16887.1873   184    21232.0000    16219.7025   168046   23.61%
   1128   581    17074.0877   155    21232.0000    16219.7025   172961   23.61%
   1137   590    17442.0430   126    21232.0000    16219.7025   178125   23.61%
   1145   598    17493.2476   150    21232.0000    16219.7025   183544   23.61%
Elapsed time = 59.69 sec. (72592.46 ticks, tree = 4.17 MB, solutions = 1)
   1171   624    18500.2548   159    21232.0000    16219.7025   189287   23.61%
   1206   659    18909.8526    99    21232.0000    16219.7025   192890   23.61%
   1242   688    16422.4460   239    21232.0000    16241.4932   196932   23.50%
   1255   701    16751.5363   177    21232.0000    16241.4932   202572   23.50%
   1266   712    17156.5724   199    21232.0000    16241.4932   207615   23.50%
   1273   719    17615.0866   193    21232.0000    16241.4932   212180   23.50%
   1281   727    17734.0857   184    21232.0000    16241.4932   216376   23.50%
   1306   752    17920.8136   177    21232.0000    16241.4932   220522   23.50%
   1330   772    16326.1075   213    21232.0000    16247.3337   224994   23.48%
   1363   805    16944.0442   149    21232.0000    16247.3337   227923   23.48%
Elapsed time = 68.85 sec. (83545.79 ticks, tree = 7.85 MB, solutions = 1)
   1405   843    17729.9429   166    21232.0000    16247.3337   231790   23.48%
   1419   853    16455.1099   221    21232.0000    16255.2636   234543   23.44%
   1436   870    17117.4710   177    21232.0000    16255.2636   238654   23.44%
   1440   874    17326.0000   111    21232.0000    16255.2636   239285   23.44%
   1509   939    20962.0000   115    21232.0000    16255.2636   244181   23.44%
*  1527   944      integral     0    21206.0000    16255.2636   244803   23.35%
   1535   952    16998.6800   170    21206.0000    16258.9073   249333   23.33%
   1554   971    17522.6003   161    21206.0000    16258.9073   255137   23.33%
   1575   992    17793.5818   151    21206.0000    16258.9073   260518   23.33%
   1606  1023    17866.5663   195    21206.0000    16258.9073   264833   23.33%
*  1667  1052      integral     0    20260.0000    16258.9073   268086   19.75%
   1668  1052    16337.8013   176    20260.0000    16265.5808   268381   19.72%
Elapsed time = 77.37 sec. (93617.41 ticks, tree = 19.35 MB, solutions = 3)
   1707  1091    17156.6236   211    20260.0000    16265.5808   272849   19.72%
   1748  1125    16923.3964   221    20260.0000    16266.1732   277536   19.71%
   1798  1175    17687.8400   221    20260.0000    16266.1732   282669   19.71%
   1838  1208    16565.2815   190    20260.0000    16267.6671   286386   19.71%
   1899  1267    18781.0952   149    20260.0000    16267.6671   291341   19.71%
*  1929+ 1179                        19647.0000    16267.6671            17.20%
   1931  1180    16339.5303   244    19647.0000    16268.9925   295360   17.19%
   1942  1191    17176.1161   175    19647.0000    16268.9925   300176   17.19%
   1966  1215    17694.6142   146    19647.0000    16268.9925   303839   17.19%
   1999  1246    19198.2554   183    19647.0000    16268.9925   307448   17.19%
   2029  1273    16817.6200   157    19647.0000    16272.5678   311247   17.18%
Elapsed time = 86.84 sec. (104506.41 ticks, tree = 36.94 MB, solutions = 4)
   2068  1312    17898.0051   185    19647.0000    16272.5678   315496   17.18%
*  2129+ 1333                        19586.0000    16272.5678            16.92%
   2130  1333    17216.3572   204    19586.0000    16272.7004   319242   16.92%
   2146  1349    17817.1371   173    19586.0000    16272.7004   324690   16.92%
   2201  1399    19458.9799   167    19586.0000    16272.7004   327697   16.92%
   2213  1405    17065.1587   205    19586.0000    16280.6809   330363   16.88%
   2227  1419    17384.5010   169    19586.0000    16280.6809   334069   16.88%
   2255  1447    17818.0000   103    19586.0000    16280.6809   337832   16.88%
   2313  1499    16299.7336   233    19586.0000    16282.4464   340049   16.87%
   2334  1520    16791.9049   198    19586.0000    16282.4464   343456   16.87%
   2453  1625    16462.6200   200    19586.0000    16283.2750   356395   16.86%
Elapsed time = 98.07 sec. (117594.14 ticks, tree = 64.83 MB, solutions = 5)
*  2539+ 1402                        18400.0000    16283.2750            11.50%
   2548  1409    16871.7441   164    18400.0000    16292.1868   374125   11.46%
   2600  1455    17004.9020   220    18400.0000    16292.8284   387825   11.45%
   2699  1546    16454.4622   179    18400.0000    16293.6689   408001   11.45%
   2806  1649    17508.6575   189    18400.0000    16295.5549   423398   11.44%
   2892  1723    17141.7121   177    18400.0000    16297.3353   441909   11.43%
   2999  1824    17423.0000   205    18400.0000    16297.3353   465258   11.43%
*  3012   923      integral     0    17423.0000    16297.3353   468792    6.46%
   3089   982    16503.6315   225    17423.0000    16300.6407   488757    6.44%
   3159  1044    16699.7899   196    17423.0000    16302.3268   508249    6.43%
   3250  1126    17005.3609   205    17423.0000    16307.0404   525055    6.41%
   3408  1253    17297.3682   178    17423.0000    16309.0895   542985    6.39%
Elapsed time = 133.87 sec. (159076.86 ticks, tree = 53.12 MB, solutions = 7)
   3491  1322    16380.8180   319    17423.0000    16312.4083   557996    6.37%
   3590  1409    17148.6419   162    17423.0000    16314.3309   579928    6.36%
   3670  1476    17198.3243   142    17423.0000    16322.3714   602316    6.32%
*  3696  1369      integral     0    17354.0000    16322.3714   605841    5.94%
   3741  1407    16630.2317   185    17354.0000    16326.8149   620172    5.92%
   3759  1425    17168.5283   229    17354.0000    16326.8149   638976    5.92%
   3855  1498    16882.1592   230    17354.0000    16329.6436   658045    5.90%
   3897  1534    17138.2627   179    17354.0000    16332.6193   682739    5.89%
   4004  1611    17097.3158   203    17354.0000    16337.1654   702728    5.86%
   4073  1668    16817.2895   183    17354.0000    16338.1243   721669    5.85%
   4145  1722    16394.2481   212    17354.0000    16340.1576   743732    5.84%
Elapsed time = 169.13 sec. (198791.13 ticks, tree = 76.41 MB, solutions = 8)
   4178  1748    16789.4719   261    17354.0000    16340.7734   764831    5.84%
   4235  1796    17226.8293   215    17354.0000    16340.7967   785142    5.84%
   4302  1844    16673.9358   244    17354.0000    16342.3153   809626    5.83%
   4321  1860    16700.9570   219    17354.0000    16344.0334   827626    5.82%
   4410  1930    17176.9706   243    17354.0000    16345.0618   849344    5.81%
   4476  1977    17339.1504   223    17354.0000    16345.6837   872644    5.81%
   4538  2024    16831.1619   212    17354.0000    16347.9899   894370    5.80%
   4598  2074    16547.3002   223    17354.0000    16348.3381   914004    5.79%
   4684  2139    16813.2559   255    17354.0000    16349.4508   934070    5.79%
   4730  2172        cutoff          17354.0000    16350.2220   954410    5.78%
Elapsed time = 203.65 sec. (237666.07 ticks, tree = 87.97 MB, solutions = 8)
   4816  2239    16697.8653   265    17354.0000    16353.8290   980685    5.76%
   4878  2295    17286.7192   191    17354.0000    16354.1036  1003289    5.76%
   4973  2374    16509.7180   240    17354.0000    16357.9077  1023711    5.74%
   5071  2453    17111.1133   210    17354.0000    16358.6749  1044063    5.74%
   5121  2490    17152.4113   221    17354.0000    16361.8810  1067430    5.72%
   5158  2519    16752.5751   200    17354.0000    16362.4087  1087503    5.71%
   5208  2554    17155.9916   210    17354.0000    16363.9182  1107376    5.71%
   5291  2619    16961.1538   155    17354.0000    16370.3985  1127792    5.67%
   5364  2679    16833.6229   223    17354.0000    16372.6960  1153543    5.65%
   5406  2708    16934.1784   143    17354.0000    16375.3004  1175571    5.64%
Elapsed time = 237.86 sec. (276969.43 ticks, tree = 104.73 MB, solutions = 8)
   5474  2759    16701.1570   251    17354.0000    16377.9369  1194842    5.62%
   5550  2815    16412.9705   239    17354.0000    16383.4239  1219965    5.59%
   5615  2858    16479.1051   211    17354.0000    16386.1088  1241074    5.58%
   5649  2887    17137.4585   191    17354.0000    16386.1640  1259374    5.58%
   5702  2931    17117.3000   161    17354.0000    16388.2492  1280914    5.57%
   5771  2982    16873.1491   188    17354.0000    16390.0646  1300660    5.55%
   5881  3071    16714.1249   288    17354.0000    16391.1765  1319916    5.55%
   6043  3215    17100.3300   229    17354.0000    16392.3063  1339543    5.54%
   6121  3276    16695.5940   208    17354.0000    16395.1263  1358754    5.53%
   6196  3334    17306.8099   239    17354.0000    16395.1495  1378492    5.53%
Elapsed time = 274.01 sec. (316432.11 ticks, tree = 146.79 MB, solutions = 8)
   6286  3405    16903.8279   249    17354.0000    16397.6101  1397254    5.51%
   6325  3433    16626.0913   223    17354.0000    16398.4627  1414624    5.51%
   6402  3495    16521.8285   201    17354.0000    16402.3566  1435810    5.48%
   6458  3537    16593.5549   194    17354.0000    16402.8813  1457830    5.48%
*  6487  3371      integral     0    17308.0000    16402.8813  1467270    5.23%
   6523  3402    16678.2577   198    17308.0000    16404.1033  1477539    5.22%
   6617  3464    16553.5560   229    17308.0000    16405.8164  1498230    5.21%
   6659  3502    16802.7493   218    17308.0000    16405.8164  1518281    5.21%
   6752  3582    17206.7500   118    17308.0000    16407.4959  1538119    5.20%
   6834  3643    17217.2493   159    17308.0000    16410.9959  1562828    5.18%
   6957  3752    16876.9070   147    17308.0000    16412.6886  1580072    5.17%
Elapsed time = 308.97 sec. (355459.07 ticks, tree = 176.03 MB, solutions = 9)
   7063  3835    16505.6485   248    17308.0000    16413.1985  1598429    5.17%
   7149  3901    17120.3103   234    17308.0000    16413.4361  1619804    5.17%
   7235  3967    infeasible          17308.0000    16414.1339  1639691    5.16%
   7299  4012    16743.3463   220    17308.0000    16415.8116  1656705    5.15%
   7390  4092    16995.1568   250    17308.0000    16416.9311  1676684    5.15%
   7474  4168    16931.0000   223    17308.0000    16417.3465  1694929    5.15%
*  7511  3963      integral     0    17267.0000    16417.3465  1704558    4.92%
   7559  4006    17083.7039   240    17267.0000    16417.7223  1716946    4.92%
   7607  4036    17171.5428   202    17267.0000    16419.5109  1740831    4.91%
*  7611+ 3952                        17254.0000    16419.5109             4.84%
   7667  3983    16592.0976   216    17254.0000    16422.5524  1759854    4.82%
   7699  4011    16972.1742   217    17254.0000    16423.3998  1779072    4.81%
Elapsed time = 345.52 sec. (395938.63 ticks, tree = 198.10 MB, solutions = 11)
   7772  4059    17172.5666   190    17254.0000    16425.3590  1797610    4.80%
   7867  4111    16560.6572   233    17254.0000    16429.8591  1819666    4.78%
   7981  4201    16666.4995   283    17254.0000    16431.6712  1838082    4.77%
   8020  4233    16601.1788   295    17254.0000    16431.9292  1854009    4.76%
   8059  4269    16689.1727   257    17254.0000    16431.9915  1870711    4.76%
   8136  4330    17147.5737   178    17254.0000    16433.0714  1891563    4.76%
   8191  4366    16577.8260   221    17254.0000    16434.4614  1916300    4.75%
   8297  4442    17179.9096   213    17254.0000    16438.0303  1938344    4.73%
   8422  4544    17238.0000   130    17254.0000    16441.9471  1957090    4.71%
   8524  4614    16807.7636   221    17254.0000    16444.0629  1977339    4.69%
Elapsed time = 380.52 sec. (434904.67 ticks, tree = 219.65 MB, solutions = 11)
   8600  4679    17141.1414   240    17254.0000    16445.2665  1994404    4.69%
   8657  4718    17250.8240   259    17254.0000    16448.0921  2014973    4.67%
   8701  4748    16973.2687   146    17254.0000    16449.3257  2033747    4.66%
   8794  4827    16610.9606   234    17254.0000    16450.4615  2051670    4.66%
   8916  4909    16650.9704   218    17254.0000    16454.1998  2072708    4.64%
   8945  4923    16710.0581   269    17254.0000    16454.7601  2091776    4.63%
   9023  4978    16716.7303   213    17254.0000    16456.8961  2115166    4.62%
   9115  5060    16821.6761   230    17254.0000    16457.8382  2133269    4.61%
   9184  5109    16866.8691   179    17254.0000    16462.6174  2152266    4.59%
   9259  5162    17117.4134   203    17254.0000    16463.3562  2171933    4.58%
Elapsed time = 416.78 sec. (474359.88 ticks, tree = 256.63 MB, solutions = 11)
   9316  5194    17110.7038   219    17254.0000    16465.5511  2191950    4.57%
   9365  5224    16799.4032   238    17254.0000    16469.1105  2213696    4.55%
   9427  5273    16975.4056   217    17254.0000    16473.1009  2235884    4.53%
   9453  5287    17192.0217   271    17254.0000    16473.7045  2256005    4.52%
   9520  5342    16948.1733   184    17254.0000    16473.8797  2273469    4.52%
*  9549+ 5145                        17226.0000    16473.8797             4.37%
   9580  5162    16916.1908   187    17226.0000    16474.6300  2286953    4.36%
   9641  5211    17159.7447   159    17226.0000    16475.8091  2299768    4.35%
   9667  5229    17032.3945   168    17226.0000    16476.2548  2316108    4.35%
   9688  5246    17042.3449   230    17226.0000    16476.3794  2332466    4.35%
   9730  5272    17134.6469   243    17226.0000    16478.5756  2352159    4.34%
Elapsed time = 453.72 sec. (515493.40 ticks, tree = 257.17 MB, solutions = 12)
   9762  5290    16616.3357   245    17226.0000    16479.5523  2371274    4.33%
   9805  5320        cutoff          17226.0000    16480.8742  2389827    4.33%
   9834  5343    16883.1011   199    17226.0000    16482.1967  2408801    4.32%
   9895  5390    17201.0000   119    17226.0000    16482.6332  2426390    4.32%
*  9897  5168      integral     0    17201.0000    16482.6332  2426527    4.18%
   9939  5195    16735.2653   232    17201.0000    16484.2972  2440786    4.17%
   9975  5225    16734.0178   233    17201.0000    16484.5220  2458000    4.17%
  10036  5274    17161.8779   190    17201.0000    16484.7403  2474519    4.16%
* 10059+ 4846                        17159.0000    16484.7403             3.93%
* 10059+ 4769                        17154.0000    16484.7403             3.90%
  10059  4771    16934.2413   225    17154.0000    16484.7403  2481057    3.90%
* 10060+ 4664                        17142.0000    16484.7403             3.83%
* 10060+ 4307                        17106.0000    16484.7403             3.63%
  10060  4309    16802.2400   283    17106.0000    16485.0578  2483344    3.63%
  10061  4310    16706.1543   289    17106.0000    16485.2352  2485683    3.63%
Elapsed time = 520.08 sec. (596976.78 ticks, tree = 207.79 MB, solutions = 17)
  10073  4322    16780.7404   230    17106.0000    16485.4266  2503188    3.63%
  10149  4376    16729.6478   224    17106.0000    16485.9444  2520877    3.62%
  10191  4407    16733.2604   168    17106.0000    16486.3711  2541277    3.62%
  10260  4458    17078.5118   240    17106.0000    16486.5699  2563682    3.62%
  10321  4491    16957.8526   202    17106.0000    16487.2149  2589158    3.62%
  10386  4527    16718.6790   187    17106.0000    16487.8015  2607692    3.61%
  10442  4553    17082.1572   209    17106.0000    16489.4705  2628732    3.60%
  10517  4604    16744.8719   209    17106.0000    16491.4261  2647301    3.59%
  10548  4624    16814.2804   295    17106.0000    16492.6088  2665769    3.59%
  10618  4673    16576.0094   232    17106.0000    16494.6924  2684765    3.57%
Elapsed time = 555.92 sec. (637023.11 ticks, tree = 223.52 MB, solutions = 17)
  10642  4697    16913.2860   208    17106.0000    16494.6924  2701399    3.57%
  10722  4748    16534.4614   277    17106.0000    16497.0151  2722191    3.56%
  10795  4801    16760.6552   242    17106.0000    16499.2574  2741783    3.55%
  10859  4828    16685.9812   234    17106.0000    16502.2856  2761123    3.53%
  10889  4847    16903.5881   214    17106.0000    16502.7096  2778696    3.53%
  10946  4886    16574.9268   237    17106.0000    16503.5010  2798570    3.52%
  10973  4909    17042.4284   242    17106.0000    16503.6315  2819219    3.52%
  11009  4930    17101.1651   154    17106.0000    16505.4022  2837605    3.51%
  11048  4963    16904.3333   222    17106.0000    16505.8813  2856647    3.51%
  11103  4998    17047.9825   279    17106.0000    16506.5327  2876133    3.50%
Elapsed time = 591.99 sec. (677315.26 ticks, tree = 242.64 MB, solutions = 17)
  11143  5029    16610.4545   248    17106.0000    16508.9419  2890509    3.49%
  11175  5054    17080.0703   271    17106.0000    16509.6277  2910692    3.49%
  11208  5074    16684.4632   226    17106.0000    16510.5121  2927214    3.48%
  11246  5100    16898.2551   182    17106.0000    16511.2391  2946525    3.48%
  11284  5124    17031.9362   201    17106.0000    16512.0431  2966215    3.47%
  11347  5161    16736.0908   298    17106.0000    16513.6726  2984729    3.46%
  11393  5183    16765.1502   297    17106.0000    16514.8536  3005554    3.46%
  11422  5198    17060.7414   233    17106.0000    16515.3995  3024024    3.45%
  11466  5220    16782.8013   254    17106.0000    16516.9451  3044079    3.44%
  11486  5228    16972.2596   205    17106.0000    16517.6998  3062222    3.44%
Elapsed time = 627.02 sec. (716053.05 ticks, tree = 253.51 MB, solutions = 17)
  11545  5263    16961.4629   267    17106.0000    16518.5912  3086923    3.43%
  11583  5277    17029.8705   285    17106.0000    16520.5504  3108197    3.42%
  11620  5282        cutoff          17106.0000    16523.3396  3127189    3.41%
  11684  5325    17074.3846   168    17106.0000    16524.2212  3145461    3.40%
  11754  5365    17086.8468   211    17106.0000    16527.1095  3169623    3.38%
  11800  5395    16833.9117   216    17106.0000    16528.2781  3192914    3.38%
  11837  5400        cutoff          17106.0000    16529.6451  3209436    3.37%
  11882  5417    16795.9335   151    17106.0000    16532.2568  3230882    3.35%
  11943  5462    16880.5600   262    17106.0000    16532.9705  3252570    3.35%
  12002  5494    17083.6768   239    17106.0000    16534.8691  3270224    3.34%
Elapsed time = 662.48 sec. (755608.28 ticks, tree = 264.14 MB, solutions = 17)
  12082  5542    17035.2052   201    17106.0000    16536.7541  3288421    3.33%
  12159  5592    16788.2219   167    17106.0000    16538.5322  3307108    3.32%
  12219  5625    16895.2578   205    17106.0000    16539.9137  3327200    3.31%
  12282  5659    16676.0970   226    17106.0000    16540.5062  3345092    3.31%
  12315  5668    16961.2401   248    17106.0000    16542.4292  3363942    3.29%
  12364  5696        cutoff          17106.0000    16543.5543  3382499    3.29%
  12409  5715    16787.7356   238    17106.0000    16546.3422  3403921    3.27%
  12497  5765    16708.3685   244    17106.0000    16549.7516  3431909    3.25%
  12519  5782    16992.1146   316    17106.0000    16550.1734  3452863    3.25%
  12567  5819    16994.3077   197    17106.0000    16550.4689  3469370    3.25%
Elapsed time = 699.37 sec. (795886.28 ticks, tree = 281.93 MB, solutions = 17)
  12616  5852    17014.2194   193    17106.0000    16551.1762  3490367    3.24%
  12646  5866    17002.2617   192    17106.0000    16551.7806  3507342    3.24%
  12706  5893    16994.3702   223    17106.0000    16553.0313  3530541    3.23%
  12735  5915    17046.3956   198    17106.0000    16553.0343  3552077    3.23%
  12756  5927    16951.5232   198    17106.0000    16553.7842  3572263    3.23%
  12808  5967    16825.7557   268    17106.0000    16553.8808  3591693    3.23%
  12832  5984    17038.1091   266    17106.0000    16553.9191  3607881    3.23%
  12887  6017    17097.4871   212    17106.0000    16555.0608  3625596    3.22%
  12950  6044    16779.4928   239    17106.0000    16557.8953  3646220    3.20%
  13023  6094    17014.6862   246    17106.0000    16558.6928  3664033    3.20%
Elapsed time = 736.13 sec. (836139.04 ticks, tree = 289.76 MB, solutions = 17)
  13075  6124    16872.8316   247    17106.0000    16559.5508  3675911    3.19%
  13120  6157        cutoff          17106.0000    16561.2763  3693385    3.18%
  13148  6167    16957.6800   219    17106.0000    16563.0201  3710083    3.17%
  13201  6184    17003.9957   235    17106.0000    16564.5123  3731631    3.17%
  13250  6208    17065.5898   208    17106.0000    16567.1736  3754579    3.15%
  13276  6212    16752.9887   205    17106.0000    16567.8825  3771326    3.15%
  13340  6245    16792.8525   237    17106.0000    16570.0757  3789756    3.13%
  13363  6267    17069.0000   271    17106.0000    16570.0757  3807750    3.13%
* 13382  5769      integral     0    17069.0000    16570.0757  3814507    2.92%
  13404  5771    16883.9156   210    17069.0000    16571.4073  3824221    2.92%
  13431  5782    16929.4367   269    17069.0000    16572.4044  3840962    2.91%
Elapsed time = 772.78 sec. (876070.42 ticks, tree = 266.95 MB, solutions = 18)
  13472  5797        cutoff          17069.0000    16574.2971  3856510    2.90%
  13521  5816    16784.8661   214    17069.0000    16575.6770  3876897    2.89%
  13576  5845    16978.1992   312    17069.0000    16577.0696  3898157    2.88%
  13611  5857    17011.9098   193    17069.0000    16577.6453  3915176    2.88%
  13672  5893    16955.4016   242    17069.0000    16578.8838  3932474    2.87%
  13701  5897    16934.9017   252    17069.0000    16580.0151  3953114    2.86%
  13747  5913    17005.9080   251    17069.0000    16581.3541  3975548    2.86%
  13773  5919    16837.6727   191    17069.0000    16584.2182  3995370    2.84%
  13801  5931    17022.3773   213    17069.0000    16585.3447  4011675    2.83%
  13819  5942    16784.8000   164    17069.0000    16585.7872  4027944    2.83%
Elapsed time = 811.21 sec. (918794.28 ticks, tree = 274.66 MB, solutions = 18)
Starting limited solution polishing.
  13890  5988    16782.7861   234    17069.0000    16586.9095  4046090    2.82%
  13920  6004    16762.4681   244    17069.0000    16587.9301  4062051    2.82%
  13969  6037    17009.8864   182    17069.0000    16588.9788  4084219    2.81%
  14008  6058    16797.9667   217    17069.0000    16589.5820  4103890    2.81%
  14084  6098    16970.1306   266    17069.0000    16590.6826  4122715    2.80%
  14128  6121    16770.7275   191    17069.0000    16591.4185  4141738    2.80%
  14173  6135    17057.3994   213    17069.0000    16593.4852  4164577    2.79%
  14222  6142    17020.3379   208    17069.0000    16596.9275  4188529    2.77%
  14237  6150    16924.3220   215    17069.0000    16597.2152  4201999    2.76%
  14265  6165    16700.8247   229    17069.0000    16597.7155  4220187    2.76%
Elapsed time = 848.87 sec. (960697.11 ticks, tree = 282.64 MB, solutions = 18)
  14332  6175    16689.2537   270    17069.0000    16600.9365  4238643    2.74%
  14385  6199    17013.6890   205    17069.0000    16602.0101  4256784    2.74%
  14439  6201    16914.9751   297    17069.0000    16603.6967  4278036    2.73%
  14479  6205    16783.8480   208    17069.0000    16605.5618  4297160    2.72%
  14528  6220    16964.7718   248    17069.0000    16606.7661  4321635    2.71%
  14556  6228    17048.2197   184    17069.0000    16607.7960  4341348    2.70%
  14585  6235    17016.8322   269    17069.0000    16609.1317  4360075    2.69%
  14608  6240    17051.3838   131    17069.0000    16609.8911  4377607    2.69%
  14697  6278    17020.1681   236    17069.0000    16610.6531  4401591    2.69%
  14756  6308    16814.8494   234    17069.0000    16612.1301  4428038    2.68%
Elapsed time = 883.93 sec. (999903.45 ticks, tree = 284.69 MB, solutions = 18)
  14815  6317    16943.7968   240    17069.0000    16614.2139  4456323    2.66%
  14873  6345    16832.4739   272    17069.0000    16615.1713  4478547    2.66%
  14946  6385    16809.8256   251    17069.0000    16616.9906  4499749    2.65%
  14990  6404    16726.7892   288    17069.0000    16619.2548  4516967    2.63%

Clique cuts applied:  28
Cover cuts applied:  234
Flow cuts applied:  6
Mixed integer rounding cuts applied:  168
Zero-half cuts applied:  136
Lift and project cuts applied:  59
Gomory fractional cuts applied:  2

Root node processing (before b&c):
  Real time             =    8.25 sec. (9840.78 ticks)
Sequential b&c:
  Real time             =  891.77 sec. (1008289.64 ticks)
                          ------------
Total (root+branch&cut) =  900.01 sec. (1018130.42 ticks)
MIP: [1;32mCPLEX finished.[0m
MIP: [1;32mCPLEX status: Feasible[0m
CAN: [1;35mItem: 0, Level: 0, at bin: 15[0m
CAN: [1;35mItem: 0, Level: 1, at bin: 14[0m
CAN: [1;35mItem: 0, Level: 2, at bin: 1[0m
CAN: [1;35mItem: 0, Level: 3, at bin: 6[0m
CAN: [1;35mItem: 1, Level: 0, at bin: 7[0m
CAN: [1;35mItem: 1, Level: 1, at bin: 1[0m
CAN: [1;35mItem: 1, Level: 2, at bin: 8[0m
CAN: [1;35mItem: 1, Level: 3, at bin: 6[0m
CAN: [1;35mItem: 2, Level: 0, at bin: 7[0m
CAN: [1;35mItem: 2, Level: 1, at bin: 1[0m
CAN: [1;35mItem: 2, Level: 2, at bin: 8[0m
CAN: [1;35mItem: 2, Level: 3, at bin: 6[0m
CAN: [1;35mItem: 3, Level: 0, at bin: 9[0m
CAN: [1;35mItem: 3, Level: 1, at bin: 10[0m
CAN: [1;35mItem: 3, Level: 2, at bin: 1[0m
CAN: [1;35mItem: 3, Level: 3, at bin: 6[0m
CAN: [1;35mItem: 4, Level: 0, at bin: 10[0m
CAN: [1;35mItem: 4, Level: 1, at bin: 11[0m
CAN: [1;35mItem: 4, Level: 2, at bin: 12[0m
CAN: [1;35mItem: 4, Level: 3, at bin: 0[0m
CAN: [1;35mItem: 5, Level: 0, at bin: 0[0m
CAN: [1;35mItem: 5, Level: 1, at bin: 11[0m
CAN: [1;35mItem: 5, Level: 2, at bin: 12[0m
CAN: [1;35mItem: 5, Level: 3, at bin: 0[0m
CAN: [1;35mItem: 6, Level: 0, at bin: 13[0m
CAN: [1;35mItem: 6, Level: 1, at bin: 13[0m
CAN: [1;35mItem: 6, Level: 2, at bin: 0[0m
CAN: [1;35mItem: 6, Level: 3, at bin: 6[0m
CAN: [1;35mItem: 7, Level: 0, at bin: 1[0m
CAN: [1;35mItem: 7, Level: 1, at bin: 14[0m
CAN: [1;35mItem: 7, Level: 2, at bin: 1[0m
CAN: [1;35mItem: 7, Level: 3, at bin: 6[0m
CAN: [1;35mItem: 8, Level: 0, at bin: 4[0m
CAN: [1;35mItem: 8, Level: 1, at bin: 13[0m
CAN: [1;35mItem: 8, Level: 2, at bin: 0[0m
CAN: [1;35mItem: 8, Level: 3, at bin: 6[0m
CAN: [1;35mItem: 9, Level: 0, at bin: 3[0m
CAN: [1;35mItem: 9, Level: 1, at bin: 2[0m
CAN: [1;35mItem: 9, Level: 2, at bin: 12[0m
CAN: [1;35mItem: 9, Level: 3, at bin: 0[0m
CAN: [1;35mItem: 10, Level: 0, at bin: 4[0m
CAN: [1;35mItem: 10, Level: 1, at bin: 13[0m
CAN: [1;35mItem: 10, Level: 2, at bin: 0[0m
CAN: [1;35mItem: 10, Level: 3, at bin: 6[0m
CAN: [1;35mItem: 11, Level: 0, at bin: 7[0m
CAN: [1;35mItem: 11, Level: 1, at bin: 1[0m
CAN: [1;35mItem: 11, Level: 2, at bin: 8[0m
CAN: [1;35mItem: 11, Level: 3, at bin: 6[0m
CAN: [1;35mItem: 12, Level: 0, at bin: 1[0m
CAN: [1;35mItem: 12, Level: 1, at bin: 14[0m
CAN: [1;35mItem: 12, Level: 2, at bin: 1[0m
CAN: [1;35mItem: 12, Level: 3, at bin: 6[0m
CAN: [1;35mItem: 13, Level: 0, at bin: 6[0m
CAN: [1;35mItem: 13, Level: 1, at bin: 2[0m
CAN: [1;35mItem: 13, Level: 2, at bin: 12[0m
CAN: [1;35mItem: 13, Level: 3, at bin: 0[0m
CAN: [1;35mItem: 14, Level: 0, at bin: 8[0m
CAN: [1;35mItem: 14, Level: 1, at bin: 1[0m
CAN: [1;35mItem: 14, Level: 2, at bin: 8[0m
CAN: [1;35mItem: 14, Level: 3, at bin: 6[0m
CAN: [1;35mItem: 15, Level: 0, at bin: 15[0m
CAN: [1;35mItem: 15, Level: 1, at bin: 14[0m
CAN: [1;35mItem: 15, Level: 2, at bin: 1[0m
CAN: [1;35mItem: 15, Level: 3, at bin: 6[0m
CAN: [1;35mItem: 16, Level: 0, at bin: 2[0m
CAN: [1;35mItem: 16, Level: 1, at bin: 10[0m
CAN: [1;35mItem: 16, Level: 2, at bin: 1[0m
CAN: [1;35mItem: 16, Level: 3, at bin: 6[0m
CAN: [1;35mItem: 17, Level: 0, at bin: 0[0m
CAN: [1;35mItem: 17, Level: 1, at bin: 11[0m
CAN: [1;35mItem: 17, Level: 2, at bin: 12[0m
CAN: [1;35mItem: 17, Level: 3, at bin: 0[0m
CAN: [1;35mItem: 18, Level: 0, at bin: 13[0m
CAN: [1;35mItem: 18, Level: 1, at bin: 13[0m
CAN: [1;35mItem: 18, Level: 2, at bin: 0[0m
CAN: [1;35mItem: 18, Level: 3, at bin: 6[0m
CAN: [1;35mItem: 19, Level: 0, at bin: 9[0m
CAN: [1;35mItem: 19, Level: 1, at bin: 10[0m
CAN: [1;35mItem: 19, Level: 2, at bin: 1[0m
CAN: [1;35mItem: 19, Level: 3, at bin: 6[0m
MIP: [1;32mSolution: 
Indexes: [15, 7, 7, 9, 10, 0, 13, 1, 4, 3, 4, 7, 1, 6, 8, 15, 2, 0, 13, 9][11, 14, 10, 2, 13, -1, 2, 1, 1, 10, 11, -1, -1, 13, -1, 14, -1, -1][-1, 8, 12, -1, -1, -1, -1, -1, -1, -1, 1, 12, -1, 0, 1, -1, -1][6, 6, -1, -1, -1, -1, -1, -1, 6, -1, -1, -1, 0, -1, -1, -1, -1], P Variables: [15, 14, 1, 6][7, 1, 8, 6][7, 1, 8, 6][9, 10, 1, 6][10, 11, 12, 0][0, 11, 12, 0][13, 13, 0, 6][1, 14, 1, 6][4, 13, 0, 6][3, 2, 12, 0][4, 13, 0, 6][7, 1, 8, 6][1, 14, 1, 6][6, 2, 12, 0][8, 1, 8, 6][15, 14, 1, 6][2, 10, 1, 6][0, 11, 12, 0][13, 13, 0, 6][9, 10, 1, 6], Flow leaving each bin: [0m
MIP: [1;32mObjective value: 17069[0m
MIP: [1;32mLower Bound: 16619.4[0m
MIP: [1;32mBranch-and-Bound nodes: 15020[0m

# best solution:
best objective value:	17069
best dual bound value:	16619
optimality gap:	2.63636%
CPU time:	897.677
