ifile	/scratch/csagturk/mlbppo_inst/n0020_m04_p100__008.inst
prob	MLBPPO
threads	1
ttime	900
instance: /scratch/csagturk/mlbppo_inst/n0020_m04_p100__008.inst
	m=4, n=[20, 14, 13, 16, 15], #pos=20
MIP: [1;32minit CPLEX[0m
CAN: [1;35mcreated 910 x_{ijk} variables[0m
CAN: [1;35mcreated 78 y_{ij} variables[0m
CAN: [1;35mcreated 1160 p_{ijk} variables[0m
MIP: [1;32mcreated decision variables[0m
CAN: [1;35madded 20 constraints to enforce the packing of each item[0m
CAN: [1;35madded 43 constraints to enforce the packing of each item[0m
CAN: [1;35madded 58 capacity constraints[0m
MIP: [1;32mcreated constraints[0m
MIP: [1;32mcreated objective function[0m
MIP: [1;32mcalling CPLEX solve ...[0m
Version identifier: 22.1.0.0 | 2022-03-09 | 1a383f8ce
CPXPARAM_Threads                                 1
CPXPARAM_TimeLimit                               900
Tried aggregator 2 times.
MIP Presolve eliminated 10119 rows and 7733 columns.
MIP Presolve modified 886 coefficients.
Aggregator did 28125 substitutions.
Reduced MIP has 27348 rows, 19707 columns, and 69152 nonzeros.
Reduced MIP has 10697 binaries, 0 generals, 0 SOSs, and 74 indicators.
Presolve time = 0.18 sec. (638.97 ticks)
Probing fixed 0 vars, tightened 65 bounds.
Probing changed sense of 43 constraints.
Probing time = 1.48 sec. (1271.91 ticks)
Tried aggregator 2 times.
MIP Presolve eliminated 258 rows and 301 columns.
Aggregator did 17762 substitutions.
Reduced MIP has 9328 rows, 1644 columns, and 33026 nonzeros.
Reduced MIP has 1644 binaries, 0 generals, 0 SOSs, and 0 indicators.
Presolve time = 0.08 sec. (70.36 ticks)
Probing time = 0.00 sec. (3.26 ticks)
Tried aggregator 1 time.
Detecting symmetries...
Reduced MIP has 9328 rows, 1644 columns, and 33026 nonzeros.
Reduced MIP has 1644 binaries, 0 generals, 0 SOSs, and 0 indicators.
Presolve time = 0.02 sec. (18.24 ticks)
Probing time = 0.00 sec. (3.26 ticks)
Clique table members: 2371.
MIP emphasis: balance optimality and feasibility.
MIP search method: dynamic search.
Parallel mode: none, using 1 thread.
Root relaxation solution time = 0.04 sec. (43.94 ticks)

        Nodes                                         Cuts/
   Node  Left     Objective  IInf  Best Integer    Best Bound    ItCnt     Gap

      0     0    13432.3014   155                  13432.3014      725         
      0     0    13544.9416   186                   Cuts: 158     2025         
      0     0    13567.9609   218                   Cuts: 131     3609         
      0     0    13604.1585   229                   Cuts: 103     4483         
      0     0    13735.9695   155                   Cuts: 101     5322         
      0     0    13751.7621   200                   Cuts: 110     5923         
Detecting symmetries...
      0     0    13834.7115   205                    Cuts: 78     7161         
      0     0    13866.8715   234                   Cuts: 133     9383         
      0     0    13897.4618   229                   Cuts: 137    10852         
      0     0    13905.9002   261                    Cuts: 68    11420         
      0     0    13906.1303   258                    Cuts: 98    12081         
      0     0    13910.9237   204                    Cuts: 48    13452         
      0     0    13916.0998   201                    Cuts: 71    14102         
      0     0    13946.5971   192                    Cuts: 97    15426         
      0     0    13964.1838   196                    Cuts: 81    15859         
      0     0    13970.6480   214                    Cuts: 79    16375         
      0     0    13975.3160   223                    Cuts: 81    17254         
      0     0    13978.6992   199                   Cuts: 105    17471         
      0     0    13983.6619   205                    Cuts: 76    17825         
      0     0    13986.7718   203                   Cuts: 135    18048         
      0     0    14081.7041   206                   Cuts: 109    18666         
      0     0    14090.8294   223                   Cuts: 119    19514         
      0     0    14094.1958   213                    Cuts: 75    20081         
      0     0    14100.2773   218                    Cuts: 98    20889         
      0     0    14101.7957   255                    Cuts: 92    21664         
Detecting symmetries...
      0     2    14101.7957   197                  14105.6268    21664         
Elapsed time = 10.02 sec. (11897.56 ticks, tree = 0.01 MB, solutions = 0)
      8     8    14184.4264   195                  14105.6268    23817         
     13    13    14184.4264   190                  14105.6268    25208         
     20    20    14188.6725   187                  14105.6268    26740         
     30    30    14297.6440   151                  14105.6268    28807         
     54    54    14725.1736   121                  14105.6268    30610         
*    70+   64                        21214.0000    14105.6268            33.51%
     85    81    16000.5989   121    21214.0000    14105.6268    32513   33.51%
    135   123    14105.6268   206    21214.0000    14105.6268    34710   33.51%
    139   127    14298.2947   190    21214.0000    14105.6268    36437   33.51%
    140   128    14148.9795   204    21214.0000    14105.6268    36873   33.51%
    166   154    14181.6871   172    21214.0000    14105.6268    42842   33.51%
Elapsed time = 13.07 sec. (15722.25 ticks, tree = 7.88 MB, solutions = 1)
    266   243    14105.6268   202    21214.0000    14105.9578    49782   33.51%
    357   330    14182.3199   180    21214.0000    14136.6673    56579   33.36%
    411   383    15251.8259   125    21214.0000    14136.6673    62734   33.36%
*   470   438      integral     0    20910.0000    14136.6673    64077   32.39%
    518   483    14952.9130   127    20910.0000    14142.9409    69122   32.36%
*   560+  518                        20799.0000    14142.9409            32.00%
*   572   528      integral     0    20474.0000    14142.9409    71611   30.92%
*   579   529      integral     0    20279.0000    14142.9409    71722   30.26%
    590   539    14337.9437   176    20279.0000    14146.2020    75902   30.24%
    650   592    14924.4374   118    20279.0000    14146.2020    82700   30.24%

Performing restart 1

Repeating presolve.
Tried aggregator 1 time.
MIP Presolve modified 4171 coefficients.
Reduced MIP has 9328 rows, 1644 columns, and 31202 nonzeros.
Reduced MIP has 1644 binaries, 0 generals, 0 SOSs, and 0 indicators.
Presolve time = 0.04 sec. (32.99 ticks)
Tried aggregator 1 time.
MIP Presolve modified 350 coefficients.
Reduced MIP has 9328 rows, 1644 columns, and 31202 nonzeros.
Reduced MIP has 1644 binaries, 0 generals, 0 SOSs, and 0 indicators.
Presolve time = 0.04 sec. (33.23 ticks)
Represolve time = 0.16 sec. (140.08 ticks)
    689     0    14136.3499   222    20279.0000      Cuts: 52    87264   30.24%
    689     0    14154.5659   240    20279.0000     Cuts: 124    89094   30.20%
    689     0    14155.6318   235    20279.0000     Cuts: 145    90119   30.20%
    689     0    14155.6318   250    20279.0000      Cuts: 92    90809   30.20%
    689     0    14155.6318   234    20279.0000      Cuts: 26    91314   30.20%
    689     0    14159.5759   222    20279.0000     Cuts: 112    92141   30.18%
    689     0    14159.5759   238    20279.0000      Cuts: 82    92778   30.18%
    689     0    14159.5759   234    20279.0000      Cuts: 36    93332   30.18%
    689     0    14159.5759   241    20279.0000      Cuts: 33    94041   30.18%
    689     2    14159.5759   218    20279.0000    14161.0956    94041   30.17%
    691     4    14532.8547   181    20279.0000    14162.6303    96654   30.16%
    692     5    14172.9176   253    20279.0000    14170.3462    98372   30.12%
    693     6    14202.1585   194    20279.0000    14170.3462   101269   30.12%
Elapsed time = 27.85 sec. (32951.24 ticks, tree = 0.01 MB, solutions = 5)
    694     7    14187.0146   269    20279.0000    14170.3462   102879   30.12%
    695     8    14201.3962   256    20279.0000    14170.3462   104527   30.12%
    697    10    14223.8635   227    20279.0000    14170.3462   107196   30.12%
    699    12    14229.7388   257    20279.0000    14170.3462   108528   30.12%
    702    15    14305.7165   253    20279.0000    14170.3462   110755   30.12%
    705    18    14356.9828   196    20279.0000    14170.3462   112091   30.12%
    709    22    14373.0337   161    20279.0000    14170.3462   114116   30.12%
    712    25    14437.8804   205    20279.0000    14170.3462   115918   30.12%
    715    28    14402.2271   181    20279.0000    14170.3462   117762   30.12%
    720    33    14714.8582   187    20279.0000    14170.3462   120013   30.12%
Elapsed time = 37.97 sec. (44869.95 ticks, tree = 0.21 MB, solutions = 5)
    726    39    14834.1335   163    20279.0000    14170.3462   122442   30.12%
    734    47    15377.1231   107    20279.0000    14170.3462   124965   30.12%
    740    53    15373.0300   136    20279.0000    14170.3462   127206   30.12%
    744    57    15677.6824   125    20279.0000    14170.3462   129471   30.12%
    752    65    16748.8114   114    20279.0000    14170.3462   131506   30.12%
    763    76    16448.6531   108    20279.0000    14170.3462   132728   30.12%
    775    88    16486.0000    77    20279.0000    14170.3462   135649   30.12%
    779    92    16486.0000   111    20279.0000    14170.3462   137573   30.12%
    781    94    16493.3931   181    20279.0000    14170.3462   140785   30.12%
    785    98    16486.0000   124    20279.0000    14170.3462   143163   30.12%
Elapsed time = 47.30 sec. (56235.16 ticks, tree = 0.33 MB, solutions = 5)
    789   102    16486.0000    89    20279.0000    14170.3462   144355   30.12%
    792   105    16486.0000    73    20279.0000    14170.3462   146400   30.12%
    795   108    16486.0000   109    20279.0000    14170.3462   147879   30.12%
    798   111    16543.3391   195    20279.0000    14170.3462   151235   30.12%
    809   122    16584.7177   187    20279.0000    14170.3462   151582   30.12%
    822   135    16718.3127   131    20279.0000    14170.3462   153677   30.12%
    858   170    16910.0983   155    20279.0000    14170.3462   154668   30.12%
    881   187    19087.2935   153    20279.0000    14170.3462   155859   30.12%
    886   187    14176.4359   234    20279.0000    14176.4359   157445   30.09%
    889   190    14182.3284   253    20279.0000    14176.4359   158637   30.09%
Elapsed time = 56.03 sec. (67105.29 ticks, tree = 0.51 MB, solutions = 5)
    892   193    14210.5232   210    20279.0000    14176.4359   160922   30.09%
    897   198    14509.6239   234    20279.0000    14176.4359   163927   30.09%
    901   202    14221.2040   213    20279.0000    14176.4359   166334   30.09%
    908   209    14356.0144   204    20279.0000    14176.4359   170064   30.09%
    921   222    14408.5442   158    20279.0000    14176.4359   172289   30.09%
    934   235    14529.7249   150    20279.0000    14176.4359   176196   30.09%
    942   243    15507.4187   163    20279.0000    14176.4359   181355   30.09%
    958   257    15205.7762   195    20279.0000    14176.4359   186291   30.09%
    983   282    15943.7547   149    20279.0000    14176.4359   189101   30.09%
   1012   299    14181.8770   214    20279.0000    14176.4359   192340   30.09%
Elapsed time = 64.91 sec. (78095.00 ticks, tree = 0.73 MB, solutions = 5)
   1018   305    14225.8749   211    20279.0000    14176.4359   196834   30.09%
   1028   315    14332.3778   141    20279.0000    14176.4359   201748   30.09%
   1043   330    14467.7326   167    20279.0000    14176.4359   204736   30.09%
   1091   376    14176.4359   231    20279.0000    14176.4359   207236   30.09%
   1101   386    14286.8360   193    20279.0000    14176.4359   213081   30.09%
   1120   405    14351.4626   115    20279.0000    14176.4359   219412   30.09%
*  1129+  412                        20152.0000    14176.4359            29.65%
   1149   434    15037.4101   134    20152.0000    14176.4359   222377   29.65%
   1199   478    14176.4359   239    20152.0000    14177.8922   224349   29.65%
   1215   494    14340.5286   143    20152.0000    14180.5359   231994   29.63%
   1239   518    14713.4609   127    20152.0000    14180.5359   236554   29.63%
Elapsed time = 73.18 sec. (89074.51 ticks, tree = 1.16 MB, solutions = 6)
   1290   567    16309.5873   136    20152.0000    14180.5359   242390   29.63%
   1308   579    14325.5064   204    20152.0000    14180.5359   248208   29.63%
*  1329+  598                        20022.0000    14180.5359            29.18%
   1329   600    14388.2202   182    20022.0000    14180.5359   250953   29.18%
   1349   620    14459.9320   200    20022.0000    14180.5359   254766   29.18%
   1403   670    15316.2552   183    20022.0000    14180.5359   260845   29.18%
   1419   682    14341.5651   231    20022.0000    14182.1212   265795   29.17%
   1429   692    14376.1063   209    20022.0000    14182.1212   271284   29.17%
   1471   734    14493.1992   180    20022.0000    14182.1212   275118   29.17%
   1492   749    14204.0026   250    20022.0000    14182.1212   279722   29.17%
   1502   759    14442.2513   196    20022.0000    14182.1212   287135   29.17%
Elapsed time = 82.03 sec. (100875.51 ticks, tree = 1.63 MB, solutions = 7)
   1511   768    14533.9033   194    20022.0000    14182.1212   289734   29.17%
   1529   786    14683.6527   158    20022.0000    14182.1212   298088   29.17%
   1559   814    16792.1429    96    20022.0000    14182.1212   305346   29.17%
   1571   824    16805.0667   183    20022.0000    14182.1212   310688   29.17%
   1574   823    14204.0026   224    20022.0000    14182.3284   313697   29.17%
   1583   832    14445.3789   210    20022.0000    14182.3284   319713   29.17%
   1589   838    14531.6266   199    20022.0000    14182.3284   321835   29.17%
   1604   853    14620.8388   180    20022.0000    14182.3284   327471   29.17%
   1629   878    14786.1905   188    20022.0000    14182.3284   333555   29.17%
   1649   896    16321.1429   125    20022.0000    14182.3284   336749   29.17%
Elapsed time = 89.88 sec. (110940.34 ticks, tree = 1.88 MB, solutions = 7)
   1666   913    16334.0667   116    20022.0000    14182.3284   342628   29.17%
   1674   917    14265.1113   227    20022.0000    14182.3284   345463   29.17%
   1684   927    14480.2609   147    20022.0000    14182.3284   352321   29.17%
   1721   964    14529.0000    67    20022.0000    14182.3284   359384   29.17%
   1800  1041    17211.6316   152    20022.0000    14182.3284   363609   29.17%
   1826  1060    14265.1113   217    20022.0000    14182.3284   367266   29.17%
   1834  1066    14370.7680   203    20022.0000    14182.3284   373894   29.17%
   1866  1098    14745.8885   170    20022.0000    14182.3284   378257   29.17%
   1909  1141    17856.0000   200    20022.0000    14182.3284   384041   29.17%
   2009  1233    14282.6680   198    20022.0000    14183.7055   405322   29.16%
Elapsed time = 100.00 sec. (124228.28 ticks, tree = 2.57 MB, solutions = 7)
   2122  1332    14652.6813   185    20022.0000    14183.7055   430586   29.16%
   2278  1475    14744.3778   115    20022.0000    14184.3401   453860   29.16%
*  2289+ 1484                        19778.0000    14184.3401            28.28%
   2347  1536    14391.6486   230    19778.0000    14187.3521   479094   28.27%
   2461  1641    14645.4054   133    19778.0000    14188.0103   501696   28.26%
   2555  1725    14554.1104   132    19778.0000    14199.0767   529360   28.21%
   2627  1787    15107.9419   165    19778.0000    14199.0767   555412   28.21%
*  2689+ 1847                        19694.0000    14199.0767            27.90%
   2693  1849    14438.4781   214    19694.0000    14201.6878   578444   27.89%
   2768  1915    14429.8584   237    19694.0000    14204.0026   595057   27.88%
   2858  2005    16255.0028   132    19694.0000    14204.0026   616232   27.88%
   2984  2120    17825.0000   153    19694.0000    14204.0026   639299   27.88%
Elapsed time = 129.34 sec. (163028.69 ticks, tree = 4.60 MB, solutions = 9)
*  3089+ 2103                        18183.0000    14204.6109            21.88%
   3117  2128    14243.1227   217    18183.0000    14207.6215   660206   21.86%
   3215  2220    14284.5453   203    18183.0000    14210.5232   677506   21.85%
   3317  2317    14461.3280   241    18183.0000    14210.5232   703830   21.85%
   3455  2449    14554.8671   175    18183.0000    14210.5232   724186   21.85%
   3570  2561    15407.9562   163    18183.0000    14210.5232   751785   21.85%
   3679  2660    14466.1420   170    18183.0000    14211.3702   775716   21.84%
   3751  2727    14331.6963   216    18183.0000    14214.1426   797733   21.83%
   3919  2868    15944.8913   128    18183.0000    14216.3194   830248   21.82%
   4006  2945    14471.0055   234    18183.0000    14218.7000   850493   21.80%
   4129  3056    15007.7093   189    18183.0000    14218.7000   877961   21.80%
Elapsed time = 159.23 sec. (202417.98 ticks, tree = 6.34 MB, solutions = 10)
   4311  3221    14593.0781   227    18183.0000    14219.9352   910730   21.80%
   4467  3362    14323.2077   218    18183.0000    14219.9352   943327   21.80%
   4557  3447    14611.4924   144    18183.0000    14220.0270   969886   21.79%
   4641  3523    16097.0000   105    18183.0000    14220.0644   998307   21.79%
*  4688  2683      integral     0    16182.0000    14220.0644  1004000   12.12%
   4746  2736    infeasible          16182.0000    14220.0644  1028241   12.12%
   4925  2900    16042.0000    70    16182.0000    14221.6512  1056219   12.11%
   5055  3018    15433.8989   139    16182.0000    14223.8941  1083780   12.10%
   5171  3124    15421.1122   212    16182.0000    14225.8749  1108876   12.09%
   5279  3220    14256.9374   233    16182.0000    14225.8749  1134676   12.09%
   5354  3289    14732.6094   193    16182.0000    14225.8749  1159340   12.09%
Elapsed time = 189.09 sec. (241520.76 ticks, tree = 6.71 MB, solutions = 11)
   5449  3374    14448.1894   194    16182.0000    14226.4216  1182759   12.08%
   5532  3449    14356.7681   265    16182.0000    14227.1628  1207466   12.08%
   5594  3505    15613.9800   166    16182.0000    14230.2978  1234578   12.06%
   5653  3556    15361.0000    92    16182.0000    14234.1695  1259909   12.04%
   5726  3617    14585.6201   242    16182.0000    14237.8723  1285752   12.01%
   5820  3702    15888.7821   133    16182.0000    14237.8742  1316122   12.01%
   5931  3805    infeasible          16182.0000    14243.6711  1344778   11.98%
   5986  3848    14438.0169   248    16182.0000    14249.9220  1370116   11.94%
   6052  3906    14478.8149   237    16182.0000    14249.9220  1397801   11.94%
   6109  3956    15047.5521   206    16182.0000    14251.3968  1425897   11.93%
Elapsed time = 219.31 sec. (280249.60 ticks, tree = 8.15 MB, solutions = 11)
   6164  4004    14948.8065   215    16182.0000    14251.7841  1453123   11.93%
   6215  4050    15242.5917   175    16182.0000    14254.2431  1480698   11.91%
   6315  4134    14770.2500   172    16182.0000    14257.3188  1512092   11.89%
   6360  4170    15764.3028   179    16182.0000    14261.3761  1531996   11.87%
   6415  4215    14350.5135   245    16182.0000    14261.8945  1557512   11.87%
   6467  4261    14485.8323   190    16182.0000    14262.3853  1582394   11.86%
   6538  4324    15514.9085   185    16182.0000    14265.2389  1609462   11.85%
   6625  4401    14532.2568   266    16182.0000    14266.6620  1632252   11.84%
   6697  4467    15532.5567   185    16182.0000    14269.2804  1658354   11.82%
   6845  4596    14534.9567   201    16182.0000    14270.1303  1687778   11.81%
Elapsed time = 250.28 sec. (319727.18 ticks, tree = 9.53 MB, solutions = 11)
   6959  4705    16048.0000    68    16182.0000    14270.5348  1714322   11.81%
   7077  4811    14573.1935   246    16182.0000    14271.9128  1735365   11.80%
   7186  4914    15308.9649   217    16182.0000    14273.7411  1763978   11.79%
   7342  5062    15095.0000    43    16182.0000    14277.9469  1792605   11.77%
   7368  5081    14716.0000   106    16182.0000    14277.9469  1811479   11.77%
   7484  5191    14597.2275   221    16182.0000    14280.2998  1834674   11.75%
   7535  5235    14426.0982   202    16182.0000    14280.8822  1859054   11.75%
*  7553  2694      integral     0    14929.0000    14280.8822  1861034    4.34%
   7619  2745    14608.2780   225    14929.0000    14284.6598  1881219    4.32%
   7692  2803        cutoff          14929.0000    14285.2725  1908798    4.31%
   7757  2859    14810.6385   278    14929.0000    14286.8360  1939687    4.30%
Elapsed time = 281.05 sec. (358810.07 ticks, tree = 6.05 MB, solutions = 12)
   7812  2900    14647.5803   204    14929.0000    14287.7171  1964413    4.30%
   7866  2942        cutoff          14929.0000    14287.9344  1991382    4.29%
   7916  2979    14432.4000   102    14929.0000    14289.1308  2017187    4.29%
   7992  3045    14722.2773   240    14929.0000    14290.1188  2045080    4.28%
   8028  3073    14847.4000    92    14929.0000    14291.1182  2070260    4.27%
   8058  3090    14630.0000   140    14929.0000    14294.6453  2094069    4.25%
   8094  3126    14630.0000    54    14929.0000    14294.6453  2114758    4.25%
   8140  3160    14541.9868   220    14929.0000    14295.2028  2138678    4.25%
   8173  3176    14370.9618   169    14929.0000    14295.9807  2160475    4.24%
   8217  3216    14401.8307   297    14929.0000    14296.3516  2183089    4.24%
Elapsed time = 312.64 sec. (397919.81 ticks, tree = 6.75 MB, solutions = 12)
   8260  3247    14482.8354   230    14929.0000    14300.4576  2206254    4.21%
   8293  3274    14821.0000   105    14929.0000    14301.2525  2232571    4.20%
   8338  3300    14352.0938   280    14929.0000    14302.2285  2258642    4.20%
   8379  3334    14923.0000    88    14929.0000    14303.6557  2284423    4.19%
   8428  3371    14615.5779   269    14929.0000    14304.7176  2308059    4.18%
   8468  3401    14379.3429   251    14929.0000    14305.4728  2331795    4.18%
   8509  3433    14372.3469   211    14929.0000    14305.7963  2358965    4.17%
   8536  3456    14372.3469   264    14929.0000    14306.2165  2379032    4.17%
   8581  3489    14817.7054   160    14929.0000    14306.5225  2407790    4.17%
   8613  3503        cutoff          14929.0000    14311.0194  2433489    4.14%
Elapsed time = 345.39 sec. (438370.19 ticks, tree = 7.46 MB, solutions = 12)
*  8639+ 1215                        14529.0000    14311.4191             1.50%
   8666  1213    14328.1429   229    14529.0000    14321.1330  2454168    1.43%
   8705  1226    14423.1990   209    14529.0000    14324.5680  2478072    1.41%
   8724  1223    14454.1603   166    14529.0000    14326.1393  2493449    1.40%
   8761  1217    14503.6253   178    14529.0000    14332.3778  2512405    1.35%
   8790  1229    14517.9484   191    14529.0000    14332.3778  2534133    1.35%
   8806  1233    14464.7622   244    14529.0000    14332.9320  2554118    1.35%
   8831  1242    14517.3137   254    14529.0000    14334.9767  2576312    1.34%
   8847  1248        cutoff          14529.0000    14335.7438  2595101    1.33%
   8878  1252    14515.9059   168    14529.0000    14340.5286  2615296    1.30%
   8910  1260    14515.9059   188    14529.0000    14340.5286  2638590    1.30%
Elapsed time = 376.58 sec. (477607.38 ticks, tree = 3.08 MB, solutions = 13)
   8940  1258        cutoff          14529.0000    14342.0490  2661833    1.29%
   8969  1265    14433.9651   274    14529.0000    14346.5344  2685166    1.26%
   9023  1270    14503.2032   333    14529.0000    14349.8326  2708986    1.23%
   9062  1262    14459.8333   208    14529.0000    14352.4368  2734352    1.22%
   9100  1258        cutoff          14529.0000    14357.3494  2757886    1.18%
   9140  1259    14445.9517   223    14529.0000    14359.0115  2782015    1.17%
   9191  1275    14498.0172   249    14529.0000    14360.4311  2806078    1.16%
   9214  1278    14445.9543   266    14529.0000    14360.9205  2828090    1.16%
   9252  1273    14432.4000   208    14529.0000    14366.2834  2850835    1.12%
   9276  1272    14515.9059   172    14529.0000    14367.8274  2874114    1.11%
Elapsed time = 407.71 sec. (517098.06 ticks, tree = 3.18 MB, solutions = 13)
   9301  1268    14479.0853   257    14529.0000    14370.4896  2896194    1.09%
   9312  1269    14432.4000   175    14529.0000    14370.9887  2910432    1.09%
   9334  1269    14421.3164   179    14529.0000    14371.6746  2930395    1.08%
   9371  1269    14382.4415   268    14529.0000    14372.5842  2955535    1.08%
   9391  1271    14479.8333   216    14529.0000    14373.1057  2974769    1.07%
   9446  1256    14509.0560   138    14529.0000    14378.3188  3000411    1.04%
   9485  1248    14462.4000   160    14529.0000    14379.9827  3024251    1.03%
   9516  1240    14432.4000   195    14529.0000    14381.7083  3044622    1.01%
   9569  1226    14444.8903   274    14529.0000    14384.6548  3070853    0.99%
   9635  1199    14439.8395   234    14529.0000    14390.7975  3095927    0.95%
Elapsed time = 439.53 sec. (557384.97 ticks, tree = 3.05 MB, solutions = 13)
   9676  1191    14405.9936   299    14529.0000    14394.6180  3121263    0.92%
   9706  1189    14439.4366   232    14529.0000    14395.6150  3147095    0.92%
   9745  1190    14476.8912   223    14529.0000    14397.3799  3173916    0.91%
   9793  1184    14459.4314   227    14529.0000    14400.6408  3200885    0.88%
   9844  1167    14441.5801   193    14529.0000    14403.4936  3225200    0.86%
   9874  1168    14469.2507   253    14529.0000    14405.4124  3251630    0.85%
   9933  1163    14467.7879   208    14529.0000    14407.9191  3281178    0.83%
   9998  1148    14477.9470   177    14529.0000    14410.8333  3309151    0.81%
  10072  1128    14420.7807   231    14529.0000    14415.2690  3338762    0.78%
  10161  1079    14523.0972   274    14529.0000    14423.1216  3368491    0.73%
Elapsed time = 470.53 sec. (597467.55 ticks, tree = 2.76 MB, solutions = 13)
  10246  1051    14431.2230   161    14529.0000    14427.8922  3398011    0.70%
  10299  1038    14461.0000   173    14529.0000    14430.4297  3423303    0.68%
  10341  1033    14445.4797   250    14529.0000    14431.7297  3450057    0.67%
  10406  1022    14479.8333   184    14529.0000    14433.8218  3478354    0.66%
  10479  1002    14479.9290   242    14529.0000    14437.3923  3506817    0.63%
  10586   926    14515.0072   249    14529.0000    14445.3789  3537124    0.58%
  10629   927    14476.9431   219    14529.0000    14445.9517  3563402    0.57%
  10701   924    14458.4849   237    14529.0000    14446.9139  3591036    0.56%
  10762   906    14506.2285   210    14529.0000    14448.8521  3619491    0.55%
  10834   872    14480.3333   198    14529.0000    14450.8307  3648563    0.54%
Elapsed time = 500.18 sec. (636873.12 ticks, tree = 2.44 MB, solutions = 13)
  10910   842    14524.7841   231    14529.0000    14453.2105  3677213    0.52%
  11039   761    14465.8333   169    14529.0000    14459.5133  3706424    0.48%
  11138   708    14483.5892   201    14529.0000    14463.6643  3734676    0.45%
  11265   623    14507.0936   214    14529.0000    14470.2682  3761961    0.40%
  11371   550        cutoff          14529.0000    14476.3245  3789459    0.36%
  11521   444    14509.0560   161    14529.0000    14483.7939  3817543    0.31%
  11699   305    14527.4940   194    14529.0000    14495.6429  3847427    0.23%

Clique cuts applied:  20
Cover cuts applied:  208
Flow cuts applied:  6
Mixed integer rounding cuts applied:  90
Zero-half cuts applied:  186
Lift and project cuts applied:  27
Gomory fractional cuts applied:  4

Root node processing (before b&c):
  Real time             =   10.01 sec. (11891.80 ticks)
Sequential b&c:
  Real time             =  512.11 sec. (654986.67 ticks)
                          ------------
Total (root+branch&cut) =  522.12 sec. (666878.48 ticks)
MIP: [1;32mCPLEX finished.[0m
MIP: [1;32mCPLEX status: Optimal[0m
CAN: [1;35mItem: 0, Level: 0, at bin: 4[0m
CAN: [1;35mItem: 0, Level: 1, at bin: 7[0m
CAN: [1;35mItem: 0, Level: 2, at bin: 2[0m
CAN: [1;35mItem: 0, Level: 3, at bin: 9[0m
CAN: [1;35mItem: 1, Level: 0, at bin: 2[0m
CAN: [1;35mItem: 1, Level: 1, at bin: 7[0m
CAN: [1;35mItem: 1, Level: 2, at bin: 2[0m
CAN: [1;35mItem: 1, Level: 3, at bin: 9[0m
CAN: [1;35mItem: 2, Level: 0, at bin: 9[0m
CAN: [1;35mItem: 2, Level: 1, at bin: 6[0m
CAN: [1;35mItem: 2, Level: 2, at bin: 8[0m
CAN: [1;35mItem: 2, Level: 3, at bin: 9[0m
CAN: [1;35mItem: 3, Level: 0, at bin: 9[0m
CAN: [1;35mItem: 3, Level: 1, at bin: 6[0m
CAN: [1;35mItem: 3, Level: 2, at bin: 8[0m
CAN: [1;35mItem: 3, Level: 3, at bin: 9[0m
CAN: [1;35mItem: 4, Level: 0, at bin: 11[0m
CAN: [1;35mItem: 4, Level: 1, at bin: 6[0m
CAN: [1;35mItem: 4, Level: 2, at bin: 8[0m
CAN: [1;35mItem: 4, Level: 3, at bin: 9[0m
CAN: [1;35mItem: 5, Level: 0, at bin: 4[0m
CAN: [1;35mItem: 5, Level: 1, at bin: 7[0m
CAN: [1;35mItem: 5, Level: 2, at bin: 2[0m
CAN: [1;35mItem: 5, Level: 3, at bin: 9[0m
CAN: [1;35mItem: 6, Level: 0, at bin: 11[0m
CAN: [1;35mItem: 6, Level: 1, at bin: 6[0m
CAN: [1;35mItem: 6, Level: 2, at bin: 8[0m
CAN: [1;35mItem: 6, Level: 3, at bin: 9[0m
CAN: [1;35mItem: 7, Level: 0, at bin: 8[0m
CAN: [1;35mItem: 7, Level: 1, at bin: 3[0m
CAN: [1;35mItem: 7, Level: 2, at bin: 9[0m
CAN: [1;35mItem: 7, Level: 3, at bin: 9[0m
CAN: [1;35mItem: 8, Level: 0, at bin: 3[0m
CAN: [1;35mItem: 8, Level: 1, at bin: 6[0m
CAN: [1;35mItem: 8, Level: 2, at bin: 8[0m
CAN: [1;35mItem: 8, Level: 3, at bin: 9[0m
CAN: [1;35mItem: 9, Level: 0, at bin: 10[0m
CAN: [1;35mItem: 9, Level: 1, at bin: 8[0m
CAN: [1;35mItem: 9, Level: 2, at bin: 9[0m
CAN: [1;35mItem: 9, Level: 3, at bin: 9[0m
CAN: [1;35mItem: 10, Level: 0, at bin: 0[0m
CAN: [1;35mItem: 10, Level: 1, at bin: 8[0m
CAN: [1;35mItem: 10, Level: 2, at bin: 9[0m
CAN: [1;35mItem: 10, Level: 3, at bin: 9[0m
CAN: [1;35mItem: 11, Level: 0, at bin: 9[0m
CAN: [1;35mItem: 11, Level: 1, at bin: 6[0m
CAN: [1;35mItem: 11, Level: 2, at bin: 8[0m
CAN: [1;35mItem: 11, Level: 3, at bin: 9[0m
CAN: [1;35mItem: 12, Level: 0, at bin: 13[0m
CAN: [1;35mItem: 12, Level: 1, at bin: 3[0m
CAN: [1;35mItem: 12, Level: 2, at bin: 9[0m
CAN: [1;35mItem: 12, Level: 3, at bin: 9[0m
CAN: [1;35mItem: 13, Level: 0, at bin: 12[0m
CAN: [1;35mItem: 13, Level: 1, at bin: 7[0m
CAN: [1;35mItem: 13, Level: 2, at bin: 2[0m
CAN: [1;35mItem: 13, Level: 3, at bin: 9[0m
CAN: [1;35mItem: 14, Level: 0, at bin: 5[0m
CAN: [1;35mItem: 14, Level: 1, at bin: 10[0m
CAN: [1;35mItem: 14, Level: 2, at bin: 9[0m
CAN: [1;35mItem: 14, Level: 3, at bin: 9[0m
CAN: [1;35mItem: 15, Level: 0, at bin: 0[0m
CAN: [1;35mItem: 15, Level: 1, at bin: 8[0m
CAN: [1;35mItem: 15, Level: 2, at bin: 9[0m
CAN: [1;35mItem: 15, Level: 3, at bin: 9[0m
CAN: [1;35mItem: 16, Level: 0, at bin: 4[0m
CAN: [1;35mItem: 16, Level: 1, at bin: 7[0m
CAN: [1;35mItem: 16, Level: 2, at bin: 2[0m
CAN: [1;35mItem: 16, Level: 3, at bin: 9[0m
CAN: [1;35mItem: 17, Level: 0, at bin: 8[0m
CAN: [1;35mItem: 17, Level: 1, at bin: 3[0m
CAN: [1;35mItem: 17, Level: 2, at bin: 9[0m
CAN: [1;35mItem: 17, Level: 3, at bin: 9[0m
CAN: [1;35mItem: 18, Level: 0, at bin: 5[0m
CAN: [1;35mItem: 18, Level: 1, at bin: 10[0m
CAN: [1;35mItem: 18, Level: 2, at bin: 9[0m
CAN: [1;35mItem: 18, Level: 3, at bin: 9[0m
CAN: [1;35mItem: 19, Level: 0, at bin: 13[0m
CAN: [1;35mItem: 19, Level: 1, at bin: 3[0m
CAN: [1;35mItem: 19, Level: 2, at bin: 9[0m
CAN: [1;35mItem: 19, Level: 3, at bin: 9[0m
MIP: [1;32mSolution: 
Indexes: [4, 2, 9, 9, 11, 4, 11, 8, 3, 10, 0, 9, 13, 12, 5, 0, 4, 8, 5, 13][8, -1, 7, 6, 7, 10, -1, -1, 3, 6, 8, 6, 7, 3][-1, -1, -1, 9, -1, -1, 8, 2, 9, -1, 9, -1, -1][-1, -1, 9, -1, -1, -1, -1, -1, 9, 9, -1, -1, -1, -1, -1, -1], P Variables: [4, 7, 2, 9][2, 7, 2, 9][9, 6, 8, 9][9, 6, 8, 9][11, 6, 8, 9][4, 7, 2, 9][11, 6, 8, 9][8, 3, 9, 9][3, 6, 8, 9][10, 8, 9, 9][0, 8, 9, 9][9, 6, 8, 9][13, 3, 9, 9][12, 7, 2, 9][5, 10, 9, 9][0, 8, 9, 9][4, 7, 2, 9][8, 3, 9, 9][5, 10, 9, 9][13, 3, 9, 9], Flow leaving each bin: [0m
MIP: [1;32mObjective value: 14529[0m
MIP: [1;32mLower Bound: 14527.6[0m
MIP: [1;32mBranch-and-Bound nodes: 12017[0m

# best solution:
best objective value:	14529
best dual bound value:	14529
optimality gap:	0%
CPU time:	520.868
