ifile	/scratch/csagturk/mlbppo_inst/n0020_m02_p200__093.inst
prob	MLBPPO
threads	1
ttime	900
instance: /scratch/csagturk/mlbppo_inst/n0020_m02_p200__093.inst
	m=2, n=[20, 20, 20], #pos=40
MIP: [1;32minit CPLEX[0m
CAN: [1;35mcreated 800 x_{ijk} variables[0m
CAN: [1;35mcreated 60 y_{ij} variables[0m
CAN: [1;35mcreated 800 p_{ijk} variables[0m
MIP: [1;32mcreated decision variables[0m
CAN: [1;35madded 20 constraints to enforce the packing of each item[0m
CAN: [1;35madded 20 constraints to enforce the packing of each item[0m
CAN: [1;35madded 40 capacity constraints[0m
MIP: [1;32mcreated constraints[0m
MIP: [1;32mcreated objective function[0m
MIP: [1;32mcalling CPLEX solve ...[0m
Version identifier: 22.1.0.0 | 2022-03-09 | 1a383f8ce
CPXPARAM_Threads                                 1
CPXPARAM_TimeLimit                               900
Tried aggregator 2 times.
MIP Presolve eliminated 14128 rows and 10651 columns.
MIP Presolve added 2 rows and 0 columns.
MIP Presolve modified 1548 coefficients.
Aggregator did 10421 substitutions.
Reduced MIP has 10152 rows, 7242 columns, and 36902 nonzeros.
Reduced MIP has 4103 binaries, 0 generals, 0 SOSs, and 35 indicators.
Presolve time = 0.10 sec. (186.28 ticks)
Probing fixed 0 vars, tightened 22 bounds.
Probing changed sense of 20 constraints.
Probing time = 1.57 sec. (1559.74 ticks)
Tried aggregator 2 times.
MIP Presolve eliminated 153 rows and 145 columns.
Aggregator did 6158 substitutions.
Reduced MIP has 3841 rows, 939 columns, and 23671 nonzeros.
Reduced MIP has 939 binaries, 0 generals, 0 SOSs, and 0 indicators.
Presolve time = 0.04 sec. (45.34 ticks)
Probing time = 0.00 sec. (3.58 ticks)
Tried aggregator 1 time.
Detecting symmetries...
MIP Presolve eliminated 6 rows and 1 columns.
Reduced MIP has 3835 rows, 938 columns, and 23499 nonzeros.
Reduced MIP has 938 binaries, 0 generals, 0 SOSs, and 0 indicators.
Presolve time = 0.01 sec. (16.04 ticks)
Probing time = 0.00 sec. (3.54 ticks)
Clique table members: 3865.
MIP emphasis: balance optimality and feasibility.
MIP search method: dynamic search.
Parallel mode: none, using 1 thread.
Root relaxation solution time = 0.01 sec. (18.14 ticks)

        Nodes                                         Cuts/
   Node  Left     Objective  IInf  Best Integer    Best Bound    ItCnt     Gap

      0     0     7292.0833    84                   7292.0833      362         
      0     0     7321.1928    90                    Cuts: 22     1800         
      0     0     7326.0235   108                   Cuts: 116     2442         
      0     0     7371.1657   190                    Cuts: 80     4114         
      0     0     7420.7700   155                    Cuts: 84     5313         
      0     0     7430.4152   226                    Cuts: 85     6944         
      0     0     7437.2093   177                    Cuts: 64     7831         
      0     0     7445.4389   161                    Cuts: 74     8582         
      0     0     7445.8001   175                    Cuts: 87     9015         
      0     0     7448.2855   133                    Cuts: 16     9267         
      0     0     7448.2855   177                    Cuts: 64     9570         
*     0+    0                        13209.0000     7448.2855            43.61%
*     0+    0                        12722.0000     7448.2855            41.45%
*     0+    0                        11892.0000     7448.2855            37.37%
*     0+    0                        10999.0000     7448.2855            32.28%
*     0+    0                         9960.0000     7448.2855            25.22%
      0     0  -1.00000e+75     0     9960.0000     7448.2855     9570   25.22%
      0     2     7448.2855   107     9960.0000     7449.7846     9570   25.20%
Elapsed time = 3.72 sec. (4358.22 ticks, tree = 0.01 MB, solutions = 5)
     16    18     7500.2450   111     9960.0000     7453.8378    12106   25.16%
*    30+   30                         9514.0000     7453.8378            21.65%
     46    48     8222.6368    22     9514.0000     7453.8378    14497   21.65%
     77    72     7456.1777    93     9514.0000     7453.8378    17113   21.65%
     86    81     9471.4104    54     9514.0000     7453.8378    19386   21.65%
*   120+  109                         9205.0000     7453.8378            19.02%
*   124   111      integral     0     9134.0000     7453.8378    20658   18.39%
    127   113     7486.5965   105     9134.0000     7453.8378    21236   18.39%
    170   149     7475.0874   144     9134.0000     7453.8378    22902   18.39%
    203   176     7454.6019   104     9134.0000     7453.8378    25004   18.39%
    220   189     7453.8378   149     9134.0000     7453.8378    27202   18.39%
    239   208     7857.9359    53     9134.0000     7453.8378    29097   18.39%
*   260+  223                         9027.0000     7453.8378            17.43%
    362   307     8357.3208    76     9027.0000     7453.8378    36562   17.43%
Elapsed time = 5.90 sec. (7557.66 ticks, tree = 5.97 MB, solutions = 9)
*   460+  365                         8773.0000     7453.8378            15.04%
*   461   357      integral     0     8746.0000     7453.8378    42704   14.77%
    464   360     7492.3922    98     8746.0000     7453.8378    43040   14.77%
    532   416     7639.5795    96     8746.0000     7453.8378    47964   14.77%

Performing restart 1

Repeating presolve.
Tried aggregator 1 time.
MIP Presolve eliminated 1 rows and 0 columns.
MIP Presolve modified 11605 coefficients.
Reduced MIP has 3834 rows, 938 columns, and 17520 nonzeros.
Reduced MIP has 938 binaries, 0 generals, 0 SOSs, and 0 indicators.
Presolve time = 0.02 sec. (22.92 ticks)
Tried aggregator 1 time.
MIP Presolve modified 24 coefficients.
Reduced MIP has 3834 rows, 938 columns, and 17520 nonzeros.
Reduced MIP has 938 binaries, 0 generals, 0 SOSs, and 0 indicators.
Presolve time = 0.01 sec. (13.36 ticks)
Represolve time = 0.12 sec. (120.74 ticks)
    571     0     7448.2855   167     8746.0000      Cuts: 26    54959   14.77%
    571     0     7448.2855   175     8746.0000      Cuts: 83    55507   14.77%
    571     0     7448.2855   153     8746.0000      Cuts: 13    55743   14.77%
    571     0     7448.2855   178     8746.0000      Cuts: 73    56085   14.77%
    571     0     7448.2855   161     8746.0000      Cuts: 20    56337   14.77%
    571     0     7448.2855   169     8746.0000      Cuts: 94    56595   14.77%
    571     0     7448.2855   161     8746.0000      Cuts: 11    56953   14.77%
    571     0     7448.2855   171     8746.0000      Cuts: 70    57768   14.77%
    571     2     7448.2855   171     8746.0000     7453.8378    57768   14.77%
    573     4     7461.6875   191     8746.0000     7456.0000    60580   14.75%
    574     5     7466.8752   200     8746.0000     7456.4545    64147   14.74%
    576     7     7467.0616   170     8746.0000     7456.4545    65268   14.74%
    578     9     7487.8373   200     8746.0000     7456.4545    68394   14.74%
    580    11     7544.6364   186     8746.0000     7456.4545    69999   14.74%
    583    14     7520.5584   164     8746.0000     7456.4545    71205   14.74%
    586    17     7554.4394   179     8746.0000     7456.4545    73189   14.74%
Elapsed time = 17.86 sec. (24276.44 ticks, tree = 0.35 MB, solutions = 11)
    592    23     7595.0000   168     8746.0000     7456.4545    74535   14.74%
    597    28     7595.0000   152     8746.0000     7456.4545    75672   14.74%
    606    37     7608.9000   138     8746.0000     7456.4545    76311   14.74%
    643    56     7463.0581   188     8746.0000     7461.7755    80970   14.68%
    646    59     7463.0581   213     8746.0000     7461.7755    83384   14.68%
    650    63     7463.3064   197     8746.0000     7461.7755    87218   14.68%
    654    67     7466.6426   168     8746.0000     7461.7755    88545   14.68%
    657    70     7473.1156   193     8746.0000     7461.7755    91589   14.68%
    660    73     7487.6371   202     8746.0000     7461.7755    94504   14.68%
    665    78     7500.2553   180     8746.0000     7461.7755    97197   14.68%
Elapsed time = 25.85 sec. (36659.79 ticks, tree = 2.02 MB, solutions = 11)
    672    85     7545.7328   177     8746.0000     7461.7755   100474   14.68%
    677    90     7562.2368   156     8746.0000     7461.7755   103221   14.68%
    681    94     7621.7143   114     8746.0000     7461.7755   106445   14.68%
    687   100     7674.8840   129     8746.0000     7461.7755   109898   14.68%
    703   109     7475.0000   154     8746.0000     7463.0581   114095   14.67%
    705   111     7475.0526   283     8746.0000     7463.0581   116523   14.67%
    720   126     7541.2857   156     8746.0000     7463.0581   122567   14.67%
    727   133     7582.2372   162     8746.0000     7463.0581   127816   14.67%
    743   148     8085.6318   149     8746.0000     7463.0581   133158   14.67%
    768   169     7463.0581   186     8746.0000     7463.0581   137779   14.67%
Elapsed time = 33.54 sec. (47484.75 ticks, tree = 2.79 MB, solutions = 11)
    785   186     7519.2908   168     8746.0000     7463.0581   143648   14.67%
    810   207        cutoff           8746.0000     7463.0581   151272   14.67%
    813   208     7502.8481   157     8746.0000     7463.0581   154912   14.67%
    830   225     7861.5157   110     8746.0000     7463.0581   160546   14.67%
    851   239     7471.5563   187     8746.0000     7463.0581   163484   14.67%
    860   248     7523.0684   170     8746.0000     7463.0581   169522   14.67%
    880   268     7890.0000   105     8746.0000     7463.0581   176986   14.67%
    895   278     7484.0086   184     8746.0000     7463.1752   184197   14.67%
    901   284     7496.7522   122     8746.0000     7463.1752   189288   14.67%
    921   304     7612.1714   143     8746.0000     7463.1752   195727   14.67%
Elapsed time = 41.92 sec. (58559.61 ticks, tree = 2.93 MB, solutions = 11)
    939   318     7463.5004   194     8746.0000     7463.1752   203416   14.67%
    948   327     7518.2976   190     8746.0000     7463.1752   210369   14.67%
    971   346     7463.1752   179     8746.0000     7463.1752   217930   14.67%
    986   361     7532.7474   181     8746.0000     7463.1752   225774   14.67%
    998   373     8087.8882   147     8746.0000     7463.1752   233256   14.67%
   1007   380     8267.3134   138     8746.0000     7463.1752   239642   14.67%
   1041   406     7660.6624   112     8746.0000     7463.1752   245154   14.67%
   1063   414     7676.2857   161     8746.0000     7463.1752   250446   14.67%
   1072   423     7889.4425   171     8746.0000     7463.1752   256530   14.67%
   1080   431     7924.2399   196     8746.0000     7463.1752   262579   14.67%
Elapsed time = 50.53 sec. (70295.65 ticks, tree = 3.02 MB, solutions = 11)
   1091   442     8004.4755   203     8746.0000     7463.1752   267601   14.67%
   1112   457     7463.6370   180     8746.0000     7463.3110   274228   14.67%
   1115   460     7484.8849   157     8746.0000     7463.3110   279770   14.67%
   1132   477     7593.7421   180     8746.0000     7463.3110   285519   14.67%
   1148   493     7719.6556   130     8746.0000     7463.3110   292488   14.67%
   1171   512     7497.0638   122     8746.0000     7463.3360   298972   14.67%
   1201   540     8115.8718   106     8746.0000     7463.3360   308596   14.67%
   1213   548     7567.4067   169     8746.0000     7463.3712   316211   14.67%
   1227   562     7661.6495   156     8746.0000     7463.3712   324327   14.67%
   1268   598     7473.2778   171     8746.0000     7463.4005   330721   14.66%
Elapsed time = 59.21 sec. (81717.23 ticks, tree = 3.33 MB, solutions = 11)
   1307   631     7657.1007   144     8746.0000     7463.5137   339838   14.66%
   1322   646     8089.9612   161     8746.0000     7463.5137   348217   14.66%
   1349   667     7488.6154   163     8746.0000     7464.4073   358044   14.65%
   1358   676     7651.2991   178     8746.0000     7464.4073   364882   14.65%
   1397   711     7467.7640   156     8746.0000     7464.8080   370253   14.65%
   1427   737     7476.0852   146     8746.0000     7465.3750   378115   14.64%
   1451   761     7953.0938   125     8746.0000     7465.3750   386602   14.64%
   1466   772     7599.4066   193     8746.0000     7466.6426   392697   14.63%
   1470   776     7648.1235   167     8746.0000     7466.6426   397658   14.63%
   1483   789     7698.8974   153     8746.0000     7466.6426   403128   14.63%
Elapsed time = 67.41 sec. (92630.78 ticks, tree = 3.52 MB, solutions = 11)
   1503   805     7470.8710   199     8746.0000     7466.8207   408474   14.63%
   1513   815     7595.3979   183     8746.0000     7466.8207   416341   14.63%
   1533   831     8149.8743   127     8746.0000     7466.8207   426440   14.63%
   1546   834     7527.1466   156     8746.0000     7467.0702   433460   14.62%
   1555   843     7608.0000   148     8746.0000     7467.0702   438955   14.62%
   1571   859     7608.0000   119     8746.0000     7467.0702   443435   14.62%
   1619   902     7468.3956   190     8746.0000     7467.2026   449981   14.62%
   1631   914     7498.5641   201     8746.0000     7467.2026   457466   14.62%
   1643   926     7636.8322   160     8746.0000     7467.2026   464699   14.62%
   1658   937     7569.6694   147     8746.0000     7467.2430   472309   14.62%
Elapsed time = 75.20 sec. (103120.43 ticks, tree = 3.66 MB, solutions = 11)
   1682   961     7614.5111   114     8746.0000     7467.2430   478238   14.62%
*  1691+  964                         8444.0000     7467.2430            11.57%
   1735  1000     7470.2504   155     8444.0000     7468.2112   483296   11.56%
   1741  1006     7501.0580   175     8444.0000     7468.2112   489991   11.56%
   1757  1022     7564.9570   183     8444.0000     7468.2112   497000   11.56%
   1781  1046     7739.1176   138     8444.0000     7468.2112   503255   11.56%
   1825  1078     7472.2643   183     8444.0000     7468.3956   511345   11.55%
   1840  1093     7710.0109   116     8444.0000     7468.3956   519129   11.55%
   1860  1109     7510.9765   167     8444.0000     7468.4946   523046   11.55%
   1872  1121     7741.3653   154     8444.0000     7468.4946   529894   11.55%
   1986  1216     7470.5000   162     8444.0000     7470.5000   556290   11.53%
Elapsed time = 85.72 sec. (117054.42 ticks, tree = 3.92 MB, solutions = 12)
   2048  1272     7551.1429   161     8444.0000     7470.5036   578944   11.53%
   2226  1429     7470.6021   138     8444.0000     7470.8791   611325   11.52%
   2299  1494     7672.4221   119     8444.0000     7471.8368   636677   11.51%
   2350  1541     7886.1429   198     8444.0000     7472.0378   664657   11.51%
   2426  1607     7874.3304   124     8444.0000     7472.9986   693090   11.50%
   2525  1694     7737.4835   139     8444.0000     7473.4271   720599   11.49%
   2618  1777     7677.3697   158     8444.0000     7473.6364   745137   11.49%
   2716  1865     8013.7973   165     8444.0000     7473.7090   770050   11.49%
   2749  1888     7565.3609   250     8444.0000     7474.0905   794187   11.49%
   2824  1951     7543.6930   184     8444.0000     7474.6859   818612   11.48%
Elapsed time = 115.60 sec. (155885.63 ticks, tree = 4.54 MB, solutions = 12)
   2909  2028     8047.6522    69     8444.0000     7474.9366   845849   11.48%
   2996  2088     7570.2008   186     8444.0000     7475.0526   872615   11.47%
   3139  2207     7506.6750   133     8444.0000     7475.6783   904519   11.47%
   3211  2269     7582.0000   155     8444.0000     7476.0000   932250   11.46%
   3330  2375     7627.8749   209     8444.0000     7478.2112   960941   11.44%
   3393  2430     7628.0963   122     8444.0000     7479.0000   984766   11.43%
   3471  2487     7499.3858   111     8444.0000     7480.2532  1016107   11.41%
   3565  2550     7704.4762   136     8444.0000     7481.0877  1046601   11.40%
   3641  2611     7601.2857   145     8444.0000     7481.6818  1073208   11.40%
   3718  2660     7848.2940   207     8444.0000     7482.1416  1104999   11.39%
Elapsed time = 146.27 sec. (195581.47 ticks, tree = 5.26 MB, solutions = 12)
   3822  2745     8115.8660   126     8444.0000     7484.0086  1137822   11.37%
   3919  2827     7488.4407   123     8444.0000     7484.4522  1165606   11.36%
   3991  2888     7487.4424    98     8444.0000     7484.9083  1190085   11.36%
   4114  2991     7799.0000   133     8444.0000     7485.0917  1222745   11.36%
   4260  3109     7498.3654   156     8444.0000     7486.6301  1254238   11.34%
   4318  3151     7857.2726   141     8444.0000     7486.6301  1280618   11.34%
   4426  3231     7980.7778   117     8444.0000     7487.4424  1308706   11.33%
*  4571+ 3280                         8288.0000     7487.9872             9.65%
   4585  3292     7786.6901   144     8288.0000     7488.0343  1335352    9.65%
   4679  3364     7550.9906   179     8288.0000     7488.6154  1362236    9.65%
   4750  3431     7657.1053   138     8288.0000     7488.8466  1385837    9.64%
Elapsed time = 176.32 sec. (234576.74 ticks, tree = 6.00 MB, solutions = 13)
   4859  3520     7545.1484   181     8288.0000     7490.3294  1412456    9.62%
   5002  3646     7575.5938   146     8288.0000     7490.9606  1442385    9.62%
   5087  3717     7572.8964    97     8288.0000     7491.7923  1473037    9.61%
   5199  3807     8107.4588   149     8288.0000     7492.7163  1499670    9.60%
   5268  3859     7522.5526   136     8288.0000     7493.2087  1526342    9.59%
   5328  3908     7668.0026   153     8288.0000     7493.2087  1553728    9.59%
   5406  3973     7602.5642   148     8288.0000     7493.2087  1584748    9.59%
   5480  4037     7654.6523   192     8288.0000     7493.5947  1611763    9.59%
   5513  4065     7923.9375   146     8288.0000     7493.7045  1638789    9.58%
   5571  4114     7996.8828   133     8288.0000     7493.9094  1663665    9.58%
Elapsed time = 206.09 sec. (273360.50 ticks, tree = 6.79 MB, solutions = 13)
   5623  4154     7600.0601   164     8288.0000     7494.2537  1691025    9.58%
   5739  4255     7649.4000   170     8288.0000     7494.7438  1719788    9.57%
   5861  4343     7582.5667   197     8288.0000     7496.2583  1753183    9.55%
   5938  4403     7510.6719   190     8288.0000     7497.2293  1782447    9.54%
   5973  4434     7874.8821   177     8288.0000     7497.4680  1809198    9.54%
   6023  4478     7695.0000   152     8288.0000     7497.6016  1834983    9.54%
   6067  4518     7714.8451   186     8288.0000     7497.6370  1859394    9.54%
   6121  4561     7600.3733   149     8288.0000     7498.2451  1889760    9.53%
   6171  4605     7694.0000   193     8288.0000     7498.6454  1913831    9.52%
   6317  4722     7924.0565    99     8288.0000     7499.5686  1944399    9.51%
Elapsed time = 236.42 sec. (313267.83 ticks, tree = 7.32 MB, solutions = 13)
   6425  4809     7578.0000   136     8288.0000     7499.9296  1971391    9.51%
   6483  4863     8002.0000   175     8288.0000     7500.1124  1995272    9.51%
   6565  4933     7711.4627   213     8288.0000     7500.5872  2021951    9.50%
   6649  5003     7577.0461   167     8288.0000     7500.9466  2047608    9.50%
   6714  5059     7675.1000   171     8288.0000     7501.1011  2076881    9.49%
   6770  5108     7542.5218   215     8288.0000     7501.4289  2104119    9.49%
   6829  5157     7520.7497   168     8288.0000     7501.4318  2129920    9.49%
   6912  5222     7687.9603   153     8288.0000     7501.5812  2160243    9.49%
   7026  5315     7696.5265   200     8288.0000     7501.5812  2188862    9.49%
   7088  5367     8055.0000   135     8288.0000     7501.5812  2217350    9.49%
Elapsed time = 266.34 sec. (352513.82 ticks, tree = 7.90 MB, solutions = 13)
   7153  5412        cutoff           8288.0000     7502.0000  2245057    9.48%
   7259  5500     7753.6526   136     8288.0000     7502.7347  2280161    9.47%
   7372  5585     7580.0000   206     8288.0000     7503.4130  2314016    9.47%
   7424  5632     7843.0283   186     8288.0000     7503.4130  2338462    9.47%
   7469  5669     7674.0000   170     8288.0000     7503.4130  2363926    9.47%
   7546  5734     7584.0000   136     8288.0000     7503.4262  2386959    9.47%
   7626  5802     7811.5624   131     8288.0000     7503.7517  2415117    9.46%
   7735  5892     7513.7063   111     8288.0000     7503.9451  2444743    9.46%
   7842  5979     7662.1250   182     8288.0000     7504.2261  2476677    9.46%
   7928  6056     7777.0000    99     8288.0000     7504.5762  2504746    9.45%
Elapsed time = 295.62 sec. (391605.64 ticks, tree = 8.55 MB, solutions = 13)
   8043  6154     7623.2198   169     8288.0000     7505.2120  2533967    9.44%
   8099  6195     7549.9722   154     8288.0000     7505.8732  2558810    9.44%
   8188  6270     7781.6515   201     8288.0000     7506.7595  2587521    9.43%
   8288  6352     7565.7500   140     8288.0000     7507.1915  2617973    9.42%
   8351  6404     8066.1667   164     8288.0000     7507.2533  2647507    9.42%
   8485  6518     7592.9711   193     8288.0000     7507.7937  2678189    9.41%
   8606  6607     7676.5345   180     8288.0000     7508.2427  2711478    9.41%
   8704  6689     7833.6205   131     8288.0000     7508.4342  2739747    9.41%
   8817  6786     7643.4593   138     8288.0000     7508.6069  2769570    9.40%
   8896  6842     7592.7500   140     8288.0000     7508.6804  2799064    9.40%
Elapsed time = 325.70 sec. (430494.59 ticks, tree = 9.33 MB, solutions = 13)
   8965  6891     7659.0400   183     8288.0000     7509.3113  2827369    9.40%
   9015  6933     7601.2857   170     8288.0000     7509.4444  2853147    9.39%
   9042  6954     8110.7835   198     8288.0000     7509.6404  2879153    9.39%
   9094  6994     7533.1071   123     8288.0000     7509.6404  2905846    9.39%
   9196  7075     7800.6465   137     8288.0000     7510.1072  2938099    9.39%
   9274  7135     7848.5357   157     8288.0000     7510.5016  2967784    9.38%
   9363  7200     7656.6219   142     8288.0000     7510.6719  2997155    9.38%
   9414  7236     7734.0000   173     8288.0000     7510.6719  3026371    9.38%
   9500  7310     7813.2056   163     8288.0000     7510.9765  3055003    9.38%
   9597  7384     7825.2348   172     8288.0000     7511.6618  3084152    9.37%
Elapsed time = 355.21 sec. (469523.00 ticks, tree = 9.87 MB, solutions = 13)
   9665  7435     7527.2523   207     8288.0000     7511.9048  3112939    9.36%
   9732  7492     7670.9622   150     8288.0000     7512.4471  3143247    9.36%
   9808  7550     7604.2288   159     8288.0000     7512.7604  3170176    9.35%
   9868  7597     7559.1429   142     8288.0000     7512.8140  3199861    9.35%
   9930  7645     7654.9800   109     8288.0000     7513.2659  3228621    9.35%
  10064  7749     7544.6009   153     8288.0000     7514.0259  3259622    9.34%
  10150  7817     7932.8133   151     8288.0000     7514.0610  3290665    9.34%
  10267  7913     7748.0000   101     8288.0000     7514.0610  3324900    9.34%
* 10299  6383      integral     0     7948.0000     7514.0610  3327025    5.46%
  10340  6412     7600.7576   182     7948.0000     7514.0610  3350029    5.46%
  10394  6446     7584.7333   232     7948.0000     7514.4424  3376838    5.45%
Elapsed time = 385.00 sec. (508186.30 ticks, tree = 8.62 MB, solutions = 14)
* 10411+ 5938                         7888.0000     7514.5936             4.73%
  10411  5940     7815.8747   187     7888.0000     7514.7675  3394243    4.73%
  10473  5986     7659.9020   181     7888.0000     7515.6282  3419082    4.72%
  10519  6020     7612.0913   213     7888.0000     7516.2307  3442645    4.71%
  10580  6061     7654.1904   193     7888.0000     7516.6316  3470271    4.71%
  10609  6077     7628.6860   174     7888.0000     7516.7202  3498694    4.71%
* 10631  4202      integral     0     7748.0000     7516.7202  3516860    2.99%
  10645  4201        cutoff           7748.0000     7517.4130  3527711    2.98%
  10673  4225     7688.0000   160     7748.0000     7517.4130  3550229    2.98%
  10713  4247     7688.0000   163     7748.0000     7517.4130  3573179    2.98%
  10756  4268     7578.0000   132     7748.0000     7517.8867  3597885    2.97%
  10805  4300     7662.7847   202     7748.0000     7518.4033  3621227    2.96%
Elapsed time = 429.03 sec. (564483.18 ticks, tree = 6.25 MB, solutions = 16)
  10841  4321     7688.0000     8     7748.0000     7518.4751  3646096    2.96%
  10899  4346        cutoff           7748.0000     7519.8419  3672078    2.94%
  10943  4355     7710.6598   195     7748.0000     7521.3872  3698419    2.92%
  10964  4368     7687.8572   180     7748.0000     7521.4548  3720167    2.92%
  11021  4402     7685.7051   167     7748.0000     7521.5577  3749223    2.92%
  11072  4413     7551.7308   145     7748.0000     7522.7161  3777202    2.91%
  11114  4441     7637.0000   128     7748.0000     7523.1490  3803670    2.90%
  11161  4467     7693.0000   126     7748.0000     7523.3333  3831193    2.90%
  11223  4491     7667.6592   210     7748.0000     7524.1892  3860557    2.89%
  11259  4511     7586.2500   110     7748.0000     7524.3633  3887568    2.89%
Elapsed time = 459.77 sec. (603484.81 ticks, tree = 6.49 MB, solutions = 16)
  11321  4549     7639.3979   114     7748.0000     7524.9600  3912504    2.88%
  11354  4557     7598.6720   229     7748.0000     7525.7070  3940170    2.87%
  11391  4572     7586.8807   155     7748.0000     7526.0082  3964064    2.87%
  11439  4593     7673.8941   134     7748.0000     7526.5837  3989882    2.86%
  11497  4614     7674.0000   120     7748.0000     7526.5837  4016079    2.86%
  11544  4625     7744.5000   183     7748.0000     7527.7018  4040946    2.84%
  11602  4630     7595.7333   161     7748.0000     7529.1091  4069931    2.83%
  11664  4638     7663.3000   194     7748.0000     7530.7602  4100805    2.80%
  11717  4646     7582.1594   181     7748.0000     7531.7688  4129257    2.79%
  11772  4657     7675.1388   207     7748.0000     7533.9296  4156325    2.76%
Elapsed time = 490.63 sec. (642691.57 ticks, tree = 6.64 MB, solutions = 16)
  11816  4674     7615.5717   190     7748.0000     7535.0937  4185400    2.75%
  11849  4680     7634.1429   193     7748.0000     7535.6028  4208996    2.74%
  11903  4701     7566.1591   159     7748.0000     7537.1508  4234088    2.72%
  11958  4718     7593.7201   346     7748.0000     7538.7319  4264291    2.70%
  12006  4738     7688.0000   175     7748.0000     7538.7319  4291608    2.70%
  12049  4759     7693.1241   163     7748.0000     7538.7319  4317881    2.70%
  12104  4781        cutoff           7748.0000     7539.2500  4344173    2.69%
  12144  4798     7729.9394   121     7748.0000     7539.2500  4370922    2.69%
  12187  4815        cutoff           7748.0000     7539.2500  4398693    2.69%
  12237  4834     7589.2500   179     7748.0000     7539.2500  4426215    2.69%
Elapsed time = 521.51 sec. (682184.07 ticks, tree = 6.85 MB, solutions = 16)
  12277  4852        cutoff           7748.0000     7539.2500  4451906    2.69%
  12318  4860     7563.0000   154     7748.0000     7539.9384  4480284    2.69%
  12365  4871     7688.0000   100     7748.0000     7540.9168  4509620    2.67%
  12404  4888     7603.0237   210     7748.0000     7541.2500  4536003    2.67%
  12440  4906     7668.6000   132     7748.0000     7541.5392  4563778    2.66%
  12509  4943     7645.6342   167     7748.0000     7542.3416  4590621    2.65%
  12541  4953     7649.4179   229     7748.0000     7542.5943  4616088    2.65%
  12574  4970     7615.0000   168     7748.0000     7542.7500  4644052    2.65%
  12628  5012     7583.3136   179     7748.0000     7542.9268  4665699    2.65%
  12661  5017     7684.5342   139     7748.0000     7543.3071  4693029    2.64%
Elapsed time = 551.93 sec. (720825.55 ticks, tree = 6.98 MB, solutions = 16)
  12699  5037     7577.9722   149     7748.0000     7543.6250  4719539    2.64%
  12738  5060     7654.3548   193     7748.0000     7543.6560  4744941    2.64%
  12788  5096     7589.0000   158     7748.0000     7544.1049  4765801    2.63%
  12837  5103        cutoff           7748.0000     7545.3600  4794381    2.62%
  12875  5113     7571.7500   113     7748.0000     7545.7375  4819613    2.61%
  12930  5127     7559.4673   215     7748.0000     7546.0309  4850223    2.61%
  12980  5135     7609.8083   224     7748.0000     7547.3259  4879093    2.59%
  13042  5114     7611.0000   181     7748.0000     7547.9008  4909212    2.58%
  13103  5138     7688.5413   118     7748.0000     7548.6667  4937394    2.57%
  13144  5161     7595.1928   154     7748.0000     7549.1701  4961318    2.57%
Elapsed time = 582.72 sec. (759990.07 ticks, tree = 7.01 MB, solutions = 16)
  13197  5180     7666.9219   187     7748.0000     7549.6088  4987147    2.56%
  13242  5195     7674.0000   184     7748.0000     7549.9722  5015048    2.56%
  13277  5221     7674.0000   177     7748.0000     7549.9722  5037988    2.56%
  13316  5245     7569.0000   150     7748.0000     7550.0606  5061504    2.55%
  13369  5260     7613.7288   161     7748.0000     7550.6048  5088885    2.55%
  13413  5269     7599.0000   196     7748.0000     7551.2284  5115598    2.54%
  13461  5285     7670.8069   100     7748.0000     7552.0622  5144094    2.53%
  13526  5305     7582.0000   105     7748.0000     7552.1429  5169602    2.53%
  13577  5322     7706.1111   198     7748.0000     7552.1628  5197706    2.53%
  13624  5332     7589.0000   127     7748.0000     7552.4745  5226335    2.52%
Elapsed time = 613.00 sec. (798593.36 ticks, tree = 7.18 MB, solutions = 16)
  13678  5335     7688.0000   147     7748.0000     7553.1667  5258703    2.51%
  13719  5341     7666.4081   193     7748.0000     7554.0148  5287938    2.50%
  13768  5362     7610.2110   185     7748.0000     7554.3453  5314051    2.50%
  13817  5367     7600.8667   173     7748.0000     7554.7418  5342608    2.49%
  13848  5378     7626.7802   176     7748.0000     7554.9234  5370951    2.49%
  13897  5398     7652.8169   199     7748.0000     7555.5607  5399964    2.48%
  13938  5406        cutoff           7748.0000     7555.8000  5427139    2.48%
  13975  5412        cutoff           7748.0000     7555.9770  5455415    2.48%
  14016  5422        cutoff           7748.0000     7556.6875  5484705    2.47%
  14053  5427        cutoff           7748.0000     7557.2692  5509691    2.46%
Elapsed time = 643.88 sec. (837772.26 ticks, tree = 7.25 MB, solutions = 16)
  14097  5446     7563.0000   123     7748.0000     7557.5935  5535890    2.46%
  14149  5459     7560.2500   161     7748.0000     7558.4008  5558683    2.45%
  14199  5489     7600.8667   184     7748.0000     7558.9312  5583613    2.44%
  14265  5518     7568.1309   148     7748.0000     7559.1429  5610309    2.44%
  14323  5546     7617.8919   199     7748.0000     7559.1429  5637378    2.44%
  14391  5585     7581.3579   182     7748.0000     7559.1908  5663700    2.44%
  14446  5586     7560.2500   150     7748.0000     7560.2500  5692322    2.42%
  14488  5606     7665.6234   161     7748.0000     7560.2500  5720218    2.42%
  14536  5618        cutoff           7748.0000     7560.4040  5752155    2.42%
  14571  5631     7674.3359   290     7748.0000     7560.7604  5777084    2.42%
Elapsed time = 674.44 sec. (876405.29 ticks, tree = 7.43 MB, solutions = 16)
  14617  5635     7606.2466   100     7748.0000     7561.4856  5807250    2.41%
  14666  5653     7595.1802   175     7748.0000     7561.6453  5834749    2.41%
  14708  5664     7728.5667    96     7748.0000     7562.0544  5862213    2.40%
  14750  5666     7606.5262   151     7748.0000     7562.9020  5889858    2.39%
* 14766  5229      integral     0     7728.0000     7563.0000  5897573    2.14%
  14808  5247        cutoff           7728.0000     7563.0000  5919132    2.14%
  14851  5251     7654.1744   148     7728.0000     7563.8667  5946067    2.12%
  14891  5258     7643.5358   205     7728.0000     7564.0000  5972043    2.12%
  14941  5256     7592.8372   114     7728.0000     7564.9678  6000287    2.11%
  15000  5278     7690.3333   112     7728.0000     7565.1615  6025417    2.11%
  15062  5290     7602.5927   144     7728.0000     7565.6322  6054530    2.10%
Elapsed time = 705.03 sec. (915032.32 ticks, tree = 6.92 MB, solutions = 17)
  15107  5304     7715.3953   153     7728.0000     7565.8047  6081090    2.10%
  15149  5298        cutoff           7728.0000     7566.1591  6109612    2.09%
  15199  5312     7639.6543   183     7728.0000     7566.8500  6135446    2.09%
  15240  5313     7668.0000   123     7728.0000     7567.1667  6162671    2.08%
  15277  5329     7598.2239   219     7728.0000     7567.3056  6191266    2.08%
  15313  5336     7639.8960   102     7728.0000     7567.8000  6217584    2.07%
  15366  5355     7584.0000   158     7728.0000     7567.9254  6248894    2.07%
  15416  5361     7647.2563   168     7728.0000     7568.4857  6278765    2.06%
  15458  5371        cutoff           7728.0000     7568.6482  6304762    2.06%
  15504  5359     7644.1728   233     7728.0000     7569.0000  6332694    2.06%
Elapsed time = 735.77 sec. (954191.62 ticks, tree = 6.97 MB, solutions = 17)
  15545  5366     7677.2552   189     7728.0000     7569.2500  6360804    2.05%
  15584  5387     7668.0000   110     7728.0000     7569.2500  6382873    2.05%
  15618  5405     7668.0000   149     7728.0000     7569.2500  6408667    2.05%
  15655  5414     7698.6687   213     7728.0000     7569.3200  6436344    2.05%
  15691  5416     7631.0877   201     7728.0000     7569.6849  6464550    2.05%
  15760  5415     7662.0593   179     7728.0000     7570.5333  6495579    2.04%
  15823  5428     7701.0000   135     7728.0000     7571.0417  6523221    2.03%
  15865  5414     7665.8486   195     7728.0000     7571.8477  6549666    2.02%
  15888  5415     7574.8000   145     7728.0000     7571.9835  6574670    2.02%
  15913  5413     7675.2708   244     7728.0000     7572.1667  6601247    2.02%
Elapsed time = 766.12 sec. (993120.21 ticks, tree = 7.25 MB, solutions = 17)
  15960  5416     7678.3243   199     7728.0000     7572.7428  6628614    2.01%
  16012  5428        cutoff           7728.0000     7573.6168  6653076    2.00%
  16053  5425        cutoff           7728.0000     7574.0204  6678334    1.99%
  16106  5423        cutoff           7728.0000     7574.9950  6704050    1.98%
  16145  5424     7710.7348   136     7728.0000     7575.2500  6730575    1.98%
  16194  5414     7659.9677   175     7728.0000     7575.6728  6759459    1.97%
  16229  5415        cutoff           7728.0000     7576.1082  6786427    1.97%
  16288  5416     7703.6007   144     7728.0000     7577.4091  6811302    1.95%
  16335  5405     7684.7200   196     7728.0000     7578.0000  6840730    1.94%
  16367  5417     7670.7338   168     7728.0000     7578.0000  6866038    1.94%
Elapsed time = 796.71 sec. (1032171.06 ticks, tree = 7.26 MB, solutions = 17)
  16401  5425        cutoff           7728.0000     7578.0639  6892321    1.94%
  16475  5424        cutoff           7728.0000     7578.7500  6919565    1.93%
  16523  5435     7656.5552   144     7728.0000     7579.0239  6945410    1.93%
  16575  5444     7585.4157   151     7728.0000     7579.1429  6973614    1.93%
  16636  5477     7581.7872   117     7728.0000     7579.1429  6994916    1.93%
Starting limited solution polishing.
  16691  5507     7581.5862   150     7728.0000     7579.1429  7020378    1.93%
  16759  5510     7627.6000   112     7728.0000     7579.8325  7049004    1.92%
  16804  5521     7674.0000    73     7728.0000     7580.0000  7074805    1.92%
  16837  5524     7580.0000   171     7728.0000     7580.0676  7099805    1.91%
  16887  5518     7650.0115   190     7728.0000     7580.5135  7127173    1.91%
Elapsed time = 826.44 sec. (1070758.37 ticks, tree = 7.37 MB, solutions = 17)
  16936  5509     7706.0056   186     7728.0000     7581.0638  7157738    1.90%
  16977  5512     7676.0000   130     7728.0000     7581.3586  7185378    1.90%
  17033  5493     7699.5119   118     7728.0000     7582.0000  7214104    1.89%
  17084  5485     7705.9128   169     7728.0000     7582.5000  7241729    1.88%
  17157  5488        cutoff           7728.0000     7583.0252  7270070    1.88%
  17208  5475     7714.3110   191     7728.0000     7584.0000  7297634    1.86%
  17242  5473     7674.0000   126     7728.0000     7584.0000  7325783    1.86%
  17274  5469     7596.4859   185     7728.0000     7584.0000  7353772    1.86%
  17305  5475     7675.7271   208     7728.0000     7584.0000  7379492    1.86%
  17362  5466     7655.0000   193     7728.0000     7585.0909  7407598    1.85%
Elapsed time = 857.41 sec. (1110111.85 ticks, tree = 7.32 MB, solutions = 17)
  17407  5467     7626.0000   205     7728.0000     7585.9358  7433551    1.84%
  17478  5441     7645.7222   133     7728.0000     7586.8807  7463321    1.83%
  17526  5431     7674.0000   179     7728.0000     7587.8566  7491168    1.81%
  17567  5438        cutoff           7728.0000     7588.0556  7516692    1.81%
  17625  5430     7664.1429   174     7728.0000     7588.8358  7542776    1.80%
  17690  5411     7688.0000   111     7728.0000     7589.2500  7571446    1.80%
  17753  5381     7591.5735   167     7728.0000     7590.3862  7599766    1.78%
  17846  5334        cutoff           7728.0000     7591.7741  7631056    1.76%
  17923  5337     7593.6000   120     7728.0000     7592.7500  7659020    1.75%
  17966  5333     7671.1604   150     7728.0000     7593.2836  7687108    1.74%
Elapsed time = 888.41 sec. (1148763.79 ticks, tree = 7.17 MB, solutions = 17)
  18009  5328     7593.5714   181     7728.0000     7593.5714  7717096    1.74%
  18051  5321     7680.2952   150     7728.0000     7593.9070  7745643    1.74%
  18150  5283     7600.8593   138     7728.0000     7595.0000  7776604    1.72%

Clique cuts applied:  22
Cover cuts applied:  180
Implied bound cuts applied:  2
Flow cuts applied:  1
Mixed integer rounding cuts applied:  35
Zero-half cuts applied:  105
Lift and project cuts applied:  7
Gomory fractional cuts applied:  6

Root node processing (before b&c):
  Real time             =    3.71 sec. (4335.04 ticks)
Sequential b&c:
  Real time             =  896.30 sec. (1158818.49 ticks)
                          ------------
Total (root+branch&cut) =  900.01 sec. (1163153.52 ticks)
MIP: [1;32mCPLEX finished.[0m
MIP: [1;32mCPLEX status: Feasible[0m
CAN: [1;35mItem: 0, Level: 0, at bin: 19[0m
CAN: [1;35mItem: 0, Level: 1, at bin: 8[0m
CAN: [1;35mItem: 1, Level: 0, at bin: 15[0m
CAN: [1;35mItem: 1, Level: 1, at bin: 15[0m
CAN: [1;35mItem: 2, Level: 0, at bin: 8[0m
CAN: [1;35mItem: 2, Level: 1, at bin: 15[0m
CAN: [1;35mItem: 3, Level: 0, at bin: 15[0m
CAN: [1;35mItem: 3, Level: 1, at bin: 15[0m
CAN: [1;35mItem: 4, Level: 0, at bin: 7[0m
CAN: [1;35mItem: 4, Level: 1, at bin: 8[0m
CAN: [1;35mItem: 5, Level: 0, at bin: 5[0m
CAN: [1;35mItem: 5, Level: 1, at bin: 15[0m
CAN: [1;35mItem: 6, Level: 0, at bin: 19[0m
CAN: [1;35mItem: 6, Level: 1, at bin: 8[0m
CAN: [1;35mItem: 7, Level: 0, at bin: 6[0m
CAN: [1;35mItem: 7, Level: 1, at bin: 5[0m
CAN: [1;35mItem: 8, Level: 0, at bin: 19[0m
CAN: [1;35mItem: 8, Level: 1, at bin: 8[0m
CAN: [1;35mItem: 9, Level: 0, at bin: 8[0m
CAN: [1;35mItem: 9, Level: 1, at bin: 15[0m
CAN: [1;35mItem: 10, Level: 0, at bin: 12[0m
CAN: [1;35mItem: 10, Level: 1, at bin: 5[0m
CAN: [1;35mItem: 11, Level: 0, at bin: 5[0m
CAN: [1;35mItem: 11, Level: 1, at bin: 15[0m
CAN: [1;35mItem: 12, Level: 0, at bin: 8[0m
CAN: [1;35mItem: 12, Level: 1, at bin: 15[0m
CAN: [1;35mItem: 13, Level: 0, at bin: 19[0m
CAN: [1;35mItem: 13, Level: 1, at bin: 8[0m
CAN: [1;35mItem: 14, Level: 0, at bin: 17[0m
CAN: [1;35mItem: 14, Level: 1, at bin: 17[0m
CAN: [1;35mItem: 15, Level: 0, at bin: 12[0m
CAN: [1;35mItem: 15, Level: 1, at bin: 5[0m
CAN: [1;35mItem: 16, Level: 0, at bin: 12[0m
CAN: [1;35mItem: 16, Level: 1, at bin: 5[0m
CAN: [1;35mItem: 17, Level: 0, at bin: 15[0m
CAN: [1;35mItem: 17, Level: 1, at bin: 15[0m
CAN: [1;35mItem: 18, Level: 0, at bin: 6[0m
CAN: [1;35mItem: 18, Level: 1, at bin: 5[0m
CAN: [1;35mItem: 19, Level: 0, at bin: 13[0m
CAN: [1;35mItem: 19, Level: 1, at bin: 17[0m
MIP: [1;32mSolution: 
Indexes: [19, 15, 8, 15, 7, 5, 19, 6, 19, 8, 12, 5, 8, 19, 17, 12, 12, 15, 6, 13][-1, -1, -1, -1, -1, 15, 5, 8, 15, -1, -1, -1, 5, 17, -1, 15, -1, 17, -1, 8], P Variables: [19, 8][15, 15][8, 15][15, 15][7, 8][5, 15][19, 8][6, 5][19, 8][8, 15][12, 5][5, 15][8, 15][19, 8][17, 17][12, 5][12, 5][15, 15][6, 5][13, 17], Flow leaving each bin: [0m
MIP: [1;32mObjective value: 7728[0m
MIP: [1;32mLower Bound: 7595[0m
MIP: [1;32mBranch-and-Bound nodes: 18208[0m

# best solution:
best objective value:	7728
best dual bound value:	7594
optimality gap:	1.73395%
CPU time:	896.645
