ifile	/scratch/csagturk/mlbppo_inst/n0020_m04_p150__037.inst
prob	MLBPPO
threads	1
ttime	900
instance: /scratch/csagturk/mlbppo_inst/n0020_m04_p150__037.inst
	m=4, n=[20, 21, 19, 19, 18], #pos=30
MIP: [1;32minit CPLEX[0m
CAN: [1;35mcreated 1522 x_{ijk} variables[0m
CAN: [1;35mcreated 97 y_{ij} variables[0m
CAN: [1;35mcreated 1540 p_{ijk} variables[0m
MIP: [1;32mcreated decision variables[0m
CAN: [1;35madded 20 constraints to enforce the packing of each item[0m
CAN: [1;35madded 59 constraints to enforce the packing of each item[0m
CAN: [1;35madded 77 capacity constraints[0m
MIP: [1;32mcreated constraints[0m
MIP: [1;32mcreated objective function[0m
MIP: [1;32mcalling CPLEX solve ...[0m
Version identifier: 22.1.0.0 | 2022-03-09 | 1a383f8ce
CPXPARAM_Threads                                 1
CPXPARAM_TimeLimit                               900
Tried aggregator 2 times.
MIP Presolve eliminated 18524 rows and 13766 columns.
MIP Presolve modified 1536 coefficients.
Aggregator did 48232 substitutions.
Reduced MIP has 47242 rows, 33578 columns, and 121073 nonzeros.
Reduced MIP has 18009 binaries, 0 generals, 0 SOSs, and 106 indicators.
Presolve time = 0.34 sec. (1737.94 ticks)
Probing fixed 0 vars, tightened 88 bounds.
Probing changed sense of 61 constraints.
Probing time = 3.82 sec. (3047.32 ticks)
Tried aggregator 2 times.
MIP Presolve eliminated 355 rows and 413 columns.
Aggregator did 30786 substitutions.
Reduced MIP has 16101 rows, 2379 columns, and 58673 nonzeros.
Reduced MIP has 2379 binaries, 0 generals, 0 SOSs, and 0 indicators.
Presolve time = 0.14 sec. (127.27 ticks)
Probing time = 0.00 sec. (3.92 ticks)
Tried aggregator 1 time.
Detecting symmetries...
Reduced MIP has 16101 rows, 2379 columns, and 58673 nonzeros.
Reduced MIP has 2379 binaries, 0 generals, 0 SOSs, and 0 indicators.
Presolve time = 0.03 sec. (31.78 ticks)
Probing time = 0.00 sec. (3.91 ticks)
Clique table members: 3353.
MIP emphasis: balance optimality and feasibility.
MIP search method: dynamic search.
Parallel mode: none, using 1 thread.
Root relaxation solution time = 0.06 sec. (69.45 ticks)

        Nodes                                         Cuts/
   Node  Left     Objective  IInf  Best Integer    Best Bound    ItCnt     Gap

      0     0    14640.3474   144                  14640.3474     1033         
      0     0    14869.0114   213                   Cuts: 159     2628         
      0     0    14989.5031   239                   Cuts: 185     3393         
      0     0    15053.0066   191                   Cuts: 127     4655         
      0     0    15122.4780   224                   Cuts: 119     5861         
      0     0    15195.9479   229                   Cuts: 121     6641         
      0     0    15230.2423   181                    Cuts: 94     7218         
      0     0    15245.6307   200                    Cuts: 79     7550         
      0     0    15269.4152   233                    Cuts: 52     8000         
      0     0    15284.9011   226                   Cuts: 132     8429         
      0     0    15302.7893   236                    Cuts: 88     9162         
      0     0    15309.1169   239                   Cuts: 109     9542         
      0     0    15321.0638   217                   Cuts: 125    10445         
      0     0    15346.5954   237                    Cuts: 74    11386         
      0     0    15359.1149   270                    Cuts: 77    12262         
      0     0    15364.5856   275                   Cuts: 137    12902         
      0     0    15366.7131   248                    Cuts: 81    13172         
      0     0    15380.4667   252                    Cuts: 87    13801         
      0     0    15381.3856   254                    Cuts: 59    14213         
      0     0    15381.4874   267                    Cuts: 33    14459         
*     0+    0                        32512.0000    15381.4874            52.69%
*     0+    0                        32395.0000    15381.4874            52.52%
      0     2    15381.4874   232    32395.0000    15381.5440    14459   52.52%
Elapsed time = 13.98 sec. (16078.30 ticks, tree = 0.01 MB, solutions = 2)
      3     5    15429.5155   209    32395.0000    15381.5440    16271   52.52%
      5     7    15416.5658   244    32395.0000    15381.5440    18042   52.52%
      8    10    15461.9976   216    32395.0000    15381.5440    20085   52.52%
     10    12    15490.2886   188    32395.0000    15381.5440    20422   52.52%
     20    22    15490.2886   183    32395.0000    15381.5440    21258   52.52%
     30    32    15506.5244   199    32395.0000    15381.5440    22801   52.52%
     40    42    15693.8971   215    32395.0000    15381.5440    24537   52.52%
     50    52    16071.2321   207    32395.0000    15381.5440    26332   52.52%
     59    61    16736.4264   195    32395.0000    15381.5440    29065   52.52%
    105   107    17957.9429   209    32395.0000    15381.5440    35334   52.52%
Elapsed time = 17.32 sec. (20017.63 ticks, tree = 1.07 MB, solutions = 2)
    150   152    22739.0359   125    32395.0000    15381.5440    41074   52.52%
    207   206    15566.3899   209    32395.0000    15401.4636    47079   52.46%
    248   247    16046.9230   208    32395.0000    15401.4636    55860   52.46%
    295   294    18796.4327   173    32395.0000    15401.4636    64161   52.46%
    382   374    15409.6382   234    32395.0000    15409.7391    68921   52.43%
    420   412    15559.7817   210    32395.0000    15411.6673    75790   52.43%
    440   432    16156.5260   308    32395.0000    15411.6673    80306   52.43%
    468   460    17364.3083   139    32395.0000    15411.6673    87938   52.43%

Performing restart 1

Repeating presolve.
Tried aggregator 1 time.
MIP Presolve modified 9470 coefficients.
Reduced MIP has 16101 rows, 2379 columns, and 54497 nonzeros.
Reduced MIP has 2379 binaries, 0 generals, 0 SOSs, and 0 indicators.
Presolve time = 0.05 sec. (47.04 ticks)
Tried aggregator 1 time.
MIP Presolve modified 604 coefficients.
Reduced MIP has 16101 rows, 2379 columns, and 54497 nonzeros.
Reduced MIP has 2379 binaries, 0 generals, 0 SOSs, and 0 indicators.
Presolve time = 0.05 sec. (44.19 ticks)
Represolve time = 0.22 sec. (197.94 ticks)
    484     0    15392.9139   245    32395.0000      Cuts: 91    94912   52.43%
    484     0    15402.7831   260    32395.0000      Cuts: 95    97131   52.43%
    484     0    15405.7561   255    32395.0000     Cuts: 108    98602   52.43%
*   484+    0                        32204.0000    15411.6673            52.14%
*   484+    0                        32089.0000    15411.6673            51.97%
    484     0    15406.7027   219    32089.0000      Cuts: 77    99896   51.97%
    484     0    15407.3918   292    32089.0000     Cuts: 112   101317   51.97%
    484     0    15407.6754   292    32089.0000      Cuts: 69   102368   51.97%
    484     0    15407.8608   255    32089.0000      Cuts: 51   103146   51.97%
    484     0    15407.9304   284    32089.0000      Cuts: 91   103937   51.97%
    484     0    15407.9304   269    32089.0000      Cuts: 52   104396   51.97%
    484     0    15407.9304   282    32089.0000      Cuts: 75   104710   51.97%
    484     0    15407.9304   255    32089.0000      Cuts: 31   104985   51.97%
    484     0    15407.9304   261    32089.0000      Cuts: 52   105219   51.97%
*   484+    0                        31457.0000    15411.6673            51.01%
    484     2    15407.9304   225    31457.0000    15411.6673   105219   51.01%
    485     3    15416.3837   223    31457.0000    15416.7707   105564   50.99%
Elapsed time = 37.55 sec. (43195.68 ticks, tree = 0.01 MB, solutions = 5)
    486     4    15432.8944   251    31457.0000    15416.7707   106297   50.99%
    487     5    15459.5433   231    31457.0000    15443.3976   107937   50.91%
    488     6    15471.3294   239    31457.0000    15443.3976   108262   50.91%
    489     7    15500.9766   242    31457.0000    15443.3976   109835   50.91%
    490     8    15477.5089   226    31457.0000    15443.3976   110869   50.91%
    491     9    15483.3756   241    31457.0000    15443.3976   111866   50.91%
    492    10    15489.0896   250    31457.0000    15443.3976   112569   50.91%
    494    12    15509.9892   249    31457.0000    15443.3976   113325   50.91%
    495    13    15739.1615   259    31457.0000    15443.3976   116187   50.91%
    498    16    15530.8080   213    31457.0000    15443.3976   116955   50.91%
Elapsed time = 57.54 sec. (64383.91 ticks, tree = 0.42 MB, solutions = 5)
    499    17    15693.6844   246    31457.0000    15443.3976   118127   50.91%
    502    20    15769.8448   249    31457.0000    15443.3976   121195   50.91%
    503    21    15847.6648   293    31457.0000    15443.3976   123578   50.91%
    505    23    16540.7940   182    31457.0000    15443.3976   127135   50.91%
    508    26    15948.0243   221    31457.0000    15443.3976   128901   50.91%
    509    27    15965.6592   229    31457.0000    15443.3976   130843   50.91%
    510    28    15970.5347   213    31457.0000    15443.3976   132760   50.91%
    513    31    16000.2070   183    31457.0000    15443.3976   137206   50.91%
    514    32    16003.3249   202    31457.0000    15443.3976   142124   50.91%
    515    33    16568.3768   257    31457.0000    15443.3976   147053   50.91%
Elapsed time = 77.40 sec. (86778.11 ticks, tree = 0.47 MB, solutions = 5)
    516    34    16242.0033   221    31457.0000    15443.3976   151476   50.91%
    517    35    16242.2333   158    31457.0000    15443.3976   152904   50.91%
    518    36    16246.5145   198    31457.0000    15443.3976   154759   50.91%
    519    37    16435.5690   248    31457.0000    15443.3976   165355   50.91%
    522    40    16431.7809   236    31457.0000    15443.3976   168825   50.91%
    524    42    16383.7111   246    31457.0000    15443.3976   172553   50.91%
    525    43    16264.7414   228    31457.0000    15443.3976   175584   50.91%
    533    51    16285.1173   186    31457.0000    15443.3976   177056   50.91%
    539    57    16294.5276   152    31457.0000    15443.3976   177919   50.91%
    547    65    16313.6781   130    31457.0000    15443.3976   179052   50.91%
Elapsed time = 98.76 sec. (111245.71 ticks, tree = 1.24 MB, solutions = 5)
    556    74    16516.3125   152    31457.0000    15443.3976   179898   50.91%
    562    80    17582.4545   196    31457.0000    15443.3976   180463   50.91%
    564    82    17606.9000   205    31457.0000    15443.3976   181057   50.91%
    570    88    17650.6714   207    31457.0000    15443.3976   181866   50.91%
    576    94    18002.4617   223    31457.0000    15443.3976   182658   50.91%
    584   102    18150.3440   214    31457.0000    15443.3976   183411   50.91%
    590   108    18221.0789   200    31457.0000    15443.3976   184330   50.91%
    599   117    18213.1364   190    31457.0000    15443.3976   185423   50.91%
    603   121    18613.2857   185    31457.0000    15443.3976   186521   50.91%
    609   127    19141.0523   177    31457.0000    15443.3976   187919   50.91%
Elapsed time = 108.14 sec. (122480.08 ticks, tree = 2.07 MB, solutions = 5)
    620   138    18737.7500   182    31457.0000    15443.3976   188549   50.91%
    633   151    18824.5769   187    31457.0000    15443.3976   188675   50.91%
    649   154        cutoff          31457.0000    15443.3976   189324   50.91%
    663   166    21289.0000   217    31457.0000    15443.3976   189981   50.91%
    685   188    21289.0000   229    31457.0000    15443.3976   190673   50.91%
    710   206    21353.0556    84    31457.0000    15443.3976   191793   50.91%
    718   206    15488.1299   203    31457.0000    15443.5315   192528   50.91%
    723   211    15592.4317   199    31457.0000    15443.5315   193859   50.91%
    724   212    15528.3258   181    31457.0000    15443.5315   193864   50.91%
    733   221    15574.4321   187    31457.0000    15443.5315   195512   50.91%
Elapsed time = 116.04 sec. (132591.53 ticks, tree = 5.37 MB, solutions = 5)
    744   232    15770.9865   208    31457.0000    15443.5315   197071   50.91%
    757   245    15632.8357   185    31457.0000    15443.5315   197875   50.91%
    764   252    15656.6122   176    31457.0000    15443.5315   198180   50.91%
    768   256    16564.1674   164    31457.0000    15443.5315   199629   50.91%
    772   260    16173.9824   202    31457.0000    15443.5315   202482   50.91%
    781   269    16777.6790   218    31457.0000    15443.5315   205109   50.91%
    799   287    16529.1016   166    31457.0000    15443.5315   208493   50.91%
    822   308    17314.5467   202    31457.0000    15443.5315   211768   50.91%
    838   322    18491.0000   140    31457.0000    15443.5315   214897   50.91%
    859   341    18582.7000   108    31457.0000    15443.5315   216603   50.91%
Elapsed time = 124.86 sec. (143628.26 ticks, tree = 6.38 MB, solutions = 5)
    864   340    15451.7276   230    31457.0000    15451.2847   218262   50.88%
    871   347    15568.4810   216    31457.0000    15451.2847   221230   50.88%
    883   359    15654.7133   190    31457.0000    15451.2847   224660   50.88%
    887   363    15507.0439   186    31457.0000    15452.6756   226833   50.88%
    891   367    15725.9474   241    31457.0000    15452.6756   230089   50.88%
    904   380    16034.0908   191    31457.0000    15452.6756   233597   50.88%
    924   400    16123.1435   217    31457.0000    15452.6756   236635   50.88%
    939   415    16251.1883   171    31457.0000    15452.6756   240386   50.88%
    947   423    16977.1626   184    31457.0000    15452.6756   243086   50.88%
    965   441    17321.1220   126    31457.0000    15452.6756   246355   50.88%
Elapsed time = 132.83 sec. (153879.87 ticks, tree = 6.68 MB, solutions = 5)
    993   467    19464.0154   155    31457.0000    15452.6756   248767   50.88%
   1017   491    19928.0000   130    31457.0000    15452.6756   252516   50.88%
   1030   501    16078.6225   141    31457.0000    15466.9871   256317   50.83%
   1041   512    16145.6086   125    31457.0000    15466.9871   258886   50.83%
   1056   527    16300.3878   223    31457.0000    15466.9871   261813   50.83%
   1077   548    16721.4975   144    31457.0000    15466.9871   265632   50.83%
   1121   592    17021.9699   115    31457.0000    15466.9871   267510   50.83%
   1161   630    18743.0000   167    31457.0000    15466.9871   269261   50.83%
   1180   642    15524.8659   225    31457.0000    15472.3202   271218   50.81%
   1216   678    16433.4882   217    31457.0000    15472.3202   284343   50.81%
Elapsed time = 142.44 sec. (166796.38 ticks, tree = 7.41 MB, solutions = 5)
   1304   760    15645.2803   245    31457.0000    15472.4983   293448   50.81%
   1356   810    17183.7288   131    31457.0000    15472.4983   308169   50.81%
   1393   843    15842.1201   258    31457.0000    15478.4573   318833   50.79%
   1429   879    16466.2357   242    31457.0000    15478.4573   330275   50.79%
   1493   932    15628.0360   215    31457.0000    15483.6388   338637   50.78%
   1534   969    17172.9877   229    31457.0000    15483.6388   350142   50.78%
   1588  1016    15730.7729   278    31457.0000    15488.6306   360441   50.76%
   1626  1054    16993.3048   193    31457.0000    15488.6306   373021   50.76%
   1664  1088    16492.9708   204    31457.0000    15489.1476   387676   50.76%
   1761  1180    19189.0000   180    31457.0000    15489.1476   395622   50.76%
Elapsed time = 173.22 sec. (206278.24 ticks, tree = 12.76 MB, solutions = 5)
   1803  1217    infeasible          31457.0000    15489.1476   400391   50.76%
   1815  1225    15641.1779   230    31457.0000    15490.1311   407105   50.76%
   1844  1254    17153.8053   209    31457.0000    15490.1311   417405   50.76%
   1910  1309    15681.3452   214    31457.0000    15501.5857   433179   50.72%
   1997  1394    18403.5000   151    31457.0000    15501.5857   446500   50.72%
   2052  1440    15587.4220   271    31457.0000    15502.0699   456821   50.72%
   2084  1472    15879.9901   190    31457.0000    15502.0699   465998   50.72%
   2156  1536    15945.1068   242    31457.0000    15502.7109   479527   50.72%
   2231  1611    16387.8353   228    31457.0000    15502.7109   494833   50.72%
   2309  1678    15557.8215   253    31457.0000    15507.3730   505305   50.70%
Elapsed time = 205.72 sec. (248366.50 ticks, tree = 15.49 MB, solutions = 5)
   2335  1704    15962.2239   193    31457.0000    15507.3730   510184   50.70%
   2363  1726    16448.1251   226    31457.0000    15507.3730   520531   50.70%
   2384  1741    15766.4119   224    31457.0000    15512.1773   530144   50.69%
   2424  1777    15715.5887   241    31457.0000    15514.9556   542820   50.68%
   2479  1828    16731.7905   193    31457.0000    15514.9556   557650   50.68%
*  2484+ 1829                        31400.0000    15514.9556            50.59%
   2565  1900    15675.1634   279    31400.0000    15518.7632   575723   50.58%
   2586  1921    17515.5729   205    31400.0000    15518.7632   587342   50.58%
   2658  1993    21848.0857   177    31400.0000    15518.7632   601840   50.58%
   2753  2081    16126.2025   247    31400.0000    15520.0549   615003   50.57%
   2785  2107    15855.2863   259    31400.0000    15520.1855   628868   50.57%
Elapsed time = 239.76 sec. (291473.29 ticks, tree = 18.66 MB, solutions = 6)
   2819  2141    16725.8276   211    31400.0000    15520.1855   642412   50.57%
   2885  2199    16261.1010   180    31400.0000    15525.9071   657137   50.55%
   2977  2289    19123.2556   221    31400.0000    15525.9071   672751   50.55%
   3020  2326    16150.7121   188    31400.0000    15526.1461   685326   50.55%
   3113  2417    21776.9602   156    31400.0000    15526.1461   697542   50.55%
   3150  2450    15637.8897   252    31400.0000    15526.2248   704674   50.55%
   3204  2492    15654.9589   256    31400.0000    15526.5249   717590   50.55%
   3261  2549    18035.7300   200    31400.0000    15526.5249   732594   50.55%
   3342  2622    15755.0219   351    31400.0000    15529.1745   746265   50.54%
   3379  2659    15985.4170   190    31400.0000    15529.1745   761120   50.54%
Elapsed time = 269.82 sec. (330860.61 ticks, tree = 21.84 MB, solutions = 6)
   3457  2726    15661.0854   290    31400.0000    15529.5397   775326   50.54%
   3498  2763    16243.1437   196    31400.0000    15529.5397   787469   50.54%
   3547  2806    16227.6321   229    31400.0000    15529.7853   801093   50.54%
   3583  2836    15656.0090   208    31400.0000    15530.7196   812307   50.54%
   3636  2887    16857.5589   189    31400.0000    15530.7196   823982   50.54%
   3672  2917    15963.7119   216    31400.0000    15530.7238   835877   50.54%
   3734  2971    15629.0296   292    31400.0000    15531.6847   849582   50.54%
   3795  3022    15737.5503   214    31400.0000    15531.9243   866431   50.54%
   3831  3058    16108.1711   230    31400.0000    15531.9243   881464   50.54%
   3885  3106    16434.4681   221    31400.0000    15533.2936   896258   50.53%
Elapsed time = 301.39 sec. (371572.52 ticks, tree = 25.20 MB, solutions = 6)
   3959  3174    16110.2846   285    31400.0000    15538.0343   910578   50.52%
   3985  3200    17594.7825   190    31400.0000    15538.0343   923351   50.52%
   4040  3255    18440.0000   230    31400.0000    15538.0343   935016   50.52%
   4083  3292    15677.8236   213    31400.0000    15538.7673   942698   50.51%
   4133  3336    17051.1145   232    31400.0000    15538.7673   957864   50.51%
   4164  3363    15837.7548   191    31400.0000    15539.3019   971594   50.51%
   4209  3394    15553.4772   299    31400.0000    15540.0089   988407   50.51%
   4248  3431    16243.8763   228    31400.0000    15540.0089  1002062   50.51%
   4279  3458    16001.8406   249    31400.0000    15541.2730  1015201   50.51%
   4340  3519    20632.7500   172    31400.0000    15541.2730  1027780   50.51%
Elapsed time = 334.82 sec. (413518.04 ticks, tree = 34.56 MB, solutions = 6)
   4433  3608    15869.2462   199    31400.0000    15541.4765  1042662   50.50%
*  4484+ 3634                        28120.0000    15541.4765            44.73%
   4484  3636    17344.0000   273    28120.0000    15541.4765  1052337   44.73%
   4554  3696    16670.4718   216    28120.0000    15541.9437  1065710   44.73%
   4620  3754    15732.5478   245    28120.0000    15543.2990  1080807   44.73%
   4666  3800    17200.3151   189    28120.0000    15543.2990  1096820   44.73%
   4723  3845    16297.0379   253    28120.0000    15544.7522  1111051   44.72%
   4780  3890    16997.0119   155    28120.0000    15544.7693  1126904   44.72%
   4901  4001    15642.1353   285    28120.0000    15545.8850  1143802   44.72%
   4957  4051    16172.9196   219    28120.0000    15548.7846  1158893   44.71%
   5020  4108    15680.3460   241    28120.0000    15549.0905  1173846   44.70%
Elapsed time = 365.75 sec. (454375.26 ticks, tree = 36.41 MB, solutions = 7)
   5062  4148    16518.6667   219    28120.0000    15549.0905  1185695   44.70%
   5118  4192    15620.5597   179    28120.0000    15549.4598  1191475   44.70%
   5161  4233    16575.2922   225    28120.0000    15549.4598  1203823   44.70%
   5191  4257    15979.7818   225    28120.0000    15551.1169  1218742   44.70%
   5247  4303    15558.3661   256    28120.0000    15552.7286  1232550   44.69%
   5301  4353    15982.1198   210    28120.0000    15552.9216  1246625   44.69%
   5346  4396    17436.3300   200    28120.0000    15552.9216  1261040   44.69%
   5391  4429    16105.9274   203    28120.0000    15553.4031  1273480   44.69%
   5428  4462    15681.2514   240    28120.0000    15553.4031  1287799   44.69%
   5474  4506    17159.8000   230    28120.0000    15553.4031  1303401   44.69%
Elapsed time = 395.59 sec. (493111.98 ticks, tree = 41.42 MB, solutions = 7)
   5521  4543    16243.9351   246    28120.0000    15553.8032  1315776   44.69%
   5582  4599    16171.4864   211    28120.0000    15553.9020  1329921   44.69%
   5635  4638    15732.9119   236    28120.0000    15554.5832  1344595   44.68%
   5665  4664    17000.7211   284    28120.0000    15554.5832  1361636   44.68%
   5707  4702    15737.3344   302    28120.0000    15555.5797  1376527   44.68%
   5719  4714    16812.6377   310    28120.0000    15555.5797  1391730   44.68%
   5727  4722    16187.5000   205    28120.0000    15555.5797  1404908   44.68%
   5743  4738    16449.5126   213    28120.0000    15555.5797  1423242   44.68%
   5843  4825    15701.1211   258    28120.0000    15557.2724  1436888   44.68%
   5874  4856    16778.6939   193    28120.0000    15557.2724  1448739   44.68%
Elapsed time = 427.97 sec. (534451.01 ticks, tree = 42.77 MB, solutions = 7)
*  5964+ 4814                        22485.0000    15557.2724            30.81%
   5966  4815    16339.2577   161    22485.0000    15558.1893  1464377   30.81%
   6020  4869    18045.7143   168    22485.0000    15558.1893  1478131   30.81%
   6093  4934    17046.6069   221    22485.0000    15558.3661  1491414   30.81%
   6137  4966    15742.8027   294    22485.0000    15559.7103  1505070   30.80%
   6170  4995    infeasible          22485.0000    15559.7103  1519184   30.80%
   6207  5032    16791.2562   180    22485.0000    15559.7103  1530346   30.80%
   6238  5059    16441.5651   237    22485.0000    15561.2476  1541415   30.79%
   6266  5083    15705.2819   203    22485.0000    15562.3523  1551111   30.79%
   6305  5120    17979.3415   176    22485.0000    15562.3523  1560345   30.79%
   6344  5149    15955.4433   227    22485.0000    15563.4861  1570464   30.78%
Elapsed time = 460.24 sec. (576072.48 ticks, tree = 48.53 MB, solutions = 8)
   6368  5171    16415.1075   196    22485.0000    15563.4861  1584793   30.78%
   6420  5213    infeasible          22485.0000    15564.0688  1599113   30.78%
   6470  5251    16444.4286   223    22485.0000    15566.5804  1618814   30.77%
   6527  5304    17964.5253   210    22485.0000    15566.5804  1635183   30.77%
   6573  5344    16675.7958   215    22485.0000    15566.5804  1649185   30.77%
   6651  5411    15590.6613   208    22485.0000    15568.1299  1664842   30.76%
   6672  5430    16759.4126   288    22485.0000    15568.1299  1679903   30.76%
   6721  5473    16417.9919   247    22485.0000    15568.4309  1693271   30.76%
   6748  5498    17656.0000   308    22485.0000    15568.4309  1707419   30.76%
   6764  5514    17796.7261   219    22485.0000    15568.4309  1720931   30.76%
Elapsed time = 494.05 sec. (619037.50 ticks, tree = 50.14 MB, solutions = 8)
   6792  5538    15799.6755   230    22485.0000    15569.0180  1728461   30.76%
   6839  5585    18174.5000   199    22485.0000    15569.0180  1743378   30.76%
   6905  5645    15693.9126   246    22485.0000    15569.0593  1753530   30.76%
   6931  5671    16494.7664   221    22485.0000    15569.0593  1760278   30.76%
   6984  5716    16408.6763   259    22485.0000    15569.0757  1777532   30.76%
   7018  5750    17683.9778   193    22485.0000    15569.0757  1789839   30.76%
   7056  5780    15599.3206   283    22485.0000    15569.1389  1797837   30.76%
   7102  5824    17322.4459   220    22485.0000    15569.1389  1807049   30.76%
   7166  5878    16163.9365   197    22485.0000    15569.5997  1821741   30.76%
   7280  5984    15869.0415   229    22485.0000    15570.2534  1836076   30.75%
Elapsed time = 523.82 sec. (657668.27 ticks, tree = 53.58 MB, solutions = 8)
   7320  6022    16551.8000   251    22485.0000    15570.2534  1849972   30.75%
   7334  6036    16807.3836   314    22485.0000    15570.2534  1865317   30.75%
   7356  6048    15760.9862   209    22485.0000    15570.5254  1875424   30.75%
   7395  6085    17048.3235   197    22485.0000    15570.5254  1889316   30.75%
   7417  6107    17087.0000   278    22485.0000    15570.5254  1903549   30.75%
   7456  6144    18936.0222   233    22485.0000    15570.5254  1916887   30.75%
*  7484+ 5985                        20647.0000    15570.5905            24.59%
   7495  5996    16312.5450   247    20647.0000    15570.5905  1930054   24.59%
   7513  6010    16170.6851   226    20647.0000    15571.4756  1940999   24.58%
   7557  6052    17090.4304   258    20647.0000    15571.4756  1955762   24.58%
   7607  6098    16615.1910   180    20647.0000    15572.5241  1969642   24.58%
Elapsed time = 555.83 sec. (697687.97 ticks, tree = 50.41 MB, solutions = 9)
   7698  6175    16336.8317   217    20647.0000    15572.5582  1982061   24.58%
   7773  6244    15763.5064   213    20647.0000    15572.7478  1998024   24.58%
   7805  6276    16590.3340   236    20647.0000    15572.7478  2012965   24.58%
   7875  6337    infeasible          20647.0000    15572.7478  2025431   24.58%
   7922  6374    16356.3455   164    20647.0000    15574.2512  2040381   24.57%
   7959  6402    15603.8185   169    20647.0000    15574.4321  2054379   24.57%
   8000  6435    15981.4439   224    20647.0000    15574.8532  2069195   24.57%
   8018  6451    16382.0526   305    20647.0000    15574.8532  2086404   24.57%
   8066  6489    infeasible          20647.0000    15574.8532  2101410   24.57%
   8078  6493    15926.3918   241    20647.0000    15574.8851  2110769   24.57%
Elapsed time = 590.64 sec. (741724.16 ticks, tree = 52.19 MB, solutions = 9)
   8127  6538    15687.9361   193    20647.0000    15576.3640  2122736   24.56%
   8173  6584    16722.4664   167    20647.0000    15576.3640  2132161   24.56%
   8242  6637    infeasible          20647.0000    15576.3693  2146005   24.56%
   8312  6699    15637.0389   271    20647.0000    15576.8956  2160294   24.56%
   8361  6744    16445.7725   194    20647.0000    15577.9817  2174721   24.55%
   8419  6794    18510.2000   162    20647.0000    15577.9817  2190399   24.55%
   8461  6826    15956.6876   337    20647.0000    15578.0709  2203153   24.55%
   8474  6839    16306.5357   205    20647.0000    15578.0709  2216450   24.55%
   8516  6869    infeasible          20647.0000    15578.0709  2224840   24.55%
   8567  6911    16261.3424   274    20647.0000    15579.1372  2235091   24.55%
Elapsed time = 623.22 sec. (783529.86 ticks, tree = 59.30 MB, solutions = 9)
   8598  6934    15669.6134   254    20647.0000    15579.4037  2246354   24.54%
   8635  6969    17466.9023   239    20647.0000    15579.4037  2260903   24.54%
   8666  6998    18089.0497   157    20647.0000    15579.4037  2276201   24.54%
   8736  7056    15676.6134   291    20647.0000    15582.7867  2292058   24.53%
   8745  7065    16030.3192   247    20647.0000    15582.7867  2304352   24.53%
   8829  7147    19744.0000   153    20647.0000    15582.7867  2320677   24.53%
*  8843  7127      integral     0    20587.0000    15582.7867  2321499   24.31%
   8879  7162    17134.0000   193    20587.0000    15583.1358  2332775   24.31%
*  8943+ 7131                        20129.0000    15583.1358            22.58%
   8946  7130    15648.2088   246    20129.0000    15583.8167  2345965   22.58%
   8978  7160    infeasible          20129.0000    15583.8167  2356450   22.58%
   9016  7190    15703.9876   229    20129.0000    15584.0530  2366868   22.58%
Elapsed time = 655.50 sec. (824983.78 ticks, tree = 57.99 MB, solutions = 11)
   9097  7269    18131.2625   239    20129.0000    15584.0530  2382318   22.58%
   9127  7293    16152.2234   232    20129.0000    15584.1610  2393293   22.58%
   9186  7342    16544.5984   199    20129.0000    15584.9898  2409094   22.57%
   9272  7414    16387.6876   197    20129.0000    15585.1451  2425092   22.57%
   9345  7483    18642.1401   159    20129.0000    15585.1451  2439918   22.57%
   9452  7582    18837.0000   163    20129.0000    15585.3958  2456284   22.57%
*  9484+ 7595                        20043.0000    15585.6132            22.24%
   9494  7605    16258.6333   189    20043.0000    15585.6132  2466512   22.24%
   9549  7660    16688.0000   187    20043.0000    15585.6132  2481123   22.24%
   9584  7691    16226.4095   243    20043.0000    15586.1867  2493842   22.24%
   9632  7733    18404.8000   132    20043.0000    15586.1867  2505666   22.24%
Elapsed time = 685.05 sec. (863685.82 ticks, tree = 59.64 MB, solutions = 12)
   9652  7749    15627.6667   261    20043.0000    15586.2851  2511520   22.24%
   9659  7756    15730.1667   198    20043.0000    15586.2851  2522206   22.24%
   9663  7758    17084.9131   189    20043.0000    15586.2851  2535375   22.24%
   9718  7805    16403.5769   191    20043.0000    15586.7603  2549189   22.23%
   9763  7842    16295.3004   256    20043.0000    15586.8025  2563963   22.23%
   9782  7855    15891.6117   223    20043.0000    15586.9574  2577523   22.23%
   9818  7885    15851.7968   233    20043.0000    15587.0840  2589042   22.23%
   9886  7945    18765.0000   220    20043.0000    15587.0840  2604347   22.23%
   9935  7984    17386.8288   225    20043.0000    15588.3146  2619039   22.23%
   9989  8032    15844.8510   238    20043.0000    15588.3788  2633633   22.23%
Elapsed time = 716.63 sec. (902554.42 ticks, tree = 61.20 MB, solutions = 12)
  10032  8071    15859.8543   252    20043.0000    15589.0782  2645740   22.22%
  10102  8137    17665.2906   245    20043.0000    15589.0782  2659348   22.22%
  10139  8170    17110.3469   279    20043.0000    15589.1558  2671774   22.22%
* 10164+ 8172                        20000.0000    15589.1558            22.05%
* 10164+ 8171                        19989.0000    15589.1558            22.01%
* 10165+ 8076                        19842.0000    15589.1558            21.43%
* 10165+ 8068                        19808.0000    15589.1558            21.30%
* 10165+ 8000                        19591.0000    15589.1558            20.43%
* 10165+ 8000                        19590.0000    15589.1558            20.42%
  10165  8002    16214.1163   195    19590.0000    15589.2371  2675816   20.42%
* 10166+ 7989                        19513.0000    15589.2371            20.11%
* 10166+ 7971                        19443.0000    15589.2371            19.82%
* 10166+ 7970                        19434.0000    15589.2371            19.78%
  10166  7972    15898.8019   229    19434.0000    15589.5687  2680682   19.78%
  10207  8013    17128.8188   103    19434.0000    15589.9446  2698711   19.78%
  10301  8103    17421.6692   299    19434.0000    15590.1222  2714238   19.78%
  10368  8160    infeasible          19434.0000    15590.1787  2728145   19.78%
  10427  8215    16811.5000   230    19434.0000    15591.6374  2743181   19.77%
  10490  8272    infeasible          19434.0000    15592.3957  2756758   19.77%
Elapsed time = 805.30 sec. (1018892.52 ticks, tree = 61.74 MB, solutions = 21)
  10540  8312    infeasible          19434.0000    15593.0815  2770484   19.76%
  10573  8335    15726.0473   266    19434.0000    15593.3492  2789655   19.76%
Starting limited solution polishing.
  10630  8390    17566.0000   184    19434.0000    15593.3492  2803853   19.76%
  10686  8436    16334.8889   204    19434.0000    15593.3546  2817715   19.76%
  10719  8465    16732.4030   261    19434.0000    15593.8595  2831970   19.76%
  10744  8484    16487.1000   161    19434.0000    15594.0294  2838628   19.76%
  10755  8495    16605.5000   267    19434.0000    15594.0294  2849163   19.76%
  10769  8509    16605.5000   292    19434.0000    15594.0294  2862761   19.76%
  10784  8522    17334.2727   282    19434.0000    15594.0294  2873048   19.76%
  10811  8545    16551.9585   280    19434.0000    15594.4245  2885362   19.76%
Elapsed time = 844.51 sec. (1067502.33 ticks, tree = 64.73 MB, solutions = 21)
  10879  8613    16628.0533   319    19434.0000    15594.4245  2899456   19.76%
* 10884+ 8612                        19398.0000    15594.4245            19.61%
  10935  8665    18408.0000   176    19398.0000    15594.4245  2905146   19.61%
  10984  8712    18648.0388   155    19398.0000    15594.4245  2911879   19.61%
  11009  8732    16458.6587   230    19398.0000    15594.5426  2927530   19.61%
  11045  8766    17850.6754   163    19398.0000    15594.5426  2942251   19.61%
  11089  8802    17228.9092   252    19398.0000    15594.7975  2952593   19.61%
  11116  8825    16292.1067   224    19398.0000    15594.8202  2966510   19.61%
  11125  8834    16355.8000   308    19398.0000    15594.8202  2980115   19.61%
  11182  8883    16440.2423   209    19398.0000    15594.8715  2992511   19.61%
  11248  8941    15896.0930   219    19398.0000    15595.2167  3004765   19.60%
Elapsed time = 878.66 sec. (1109799.30 ticks, tree = 74.01 MB, solutions = 22)
  11284  8977    16712.5211   209    19398.0000    15595.2167  3016094   19.60%
  11344  9029    16452.7210   223    19398.0000    15595.7493  3028830   19.60%
  11377  9060    17110.1086   205    19398.0000    15595.7493  3041001   19.60%
  11384  9067    17150.6966   218    19398.0000    15595.7493  3041637   19.60%
  11442  9119    16591.3664   242    19398.0000    15596.0975  3054433   19.60%
  11481  9150    16566.4591   209    19398.0000    15596.3082  3069628   19.60%

Clique cuts applied:  37
Cover cuts applied:  188
Implied bound cuts applied:  2
Flow cuts applied:  5
Mixed integer rounding cuts applied:  106
Zero-half cuts applied:  64
Lift and project cuts applied:  12
Gomory fractional cuts applied:  2

Root node processing (before b&c):
  Real time             =   13.98 sec. (16059.36 ticks)
Sequential b&c:
  Real time             =  886.04 sec. (1121846.00 ticks)
                          ------------
Total (root+branch&cut) =  900.03 sec. (1137905.36 ticks)
MIP: [1;32mCPLEX finished.[0m
MIP: [1;32mCPLEX status: Feasible[0m
CAN: [1;35mItem: 0, Level: 0, at bin: 13[0m
CAN: [1;35mItem: 0, Level: 1, at bin: 4[0m
CAN: [1;35mItem: 0, Level: 2, at bin: 13[0m
CAN: [1;35mItem: 0, Level: 3, at bin: 1[0m
CAN: [1;35mItem: 1, Level: 0, at bin: 4[0m
CAN: [1;35mItem: 1, Level: 1, at bin: 5[0m
CAN: [1;35mItem: 1, Level: 2, at bin: 13[0m
CAN: [1;35mItem: 1, Level: 3, at bin: 1[0m
CAN: [1;35mItem: 2, Level: 0, at bin: 3[0m
CAN: [1;35mItem: 2, Level: 1, at bin: 17[0m
CAN: [1;35mItem: 2, Level: 2, at bin: 17[0m
CAN: [1;35mItem: 2, Level: 3, at bin: 4[0m
CAN: [1;35mItem: 3, Level: 0, at bin: 0[0m
CAN: [1;35mItem: 3, Level: 1, at bin: 4[0m
CAN: [1;35mItem: 3, Level: 2, at bin: 13[0m
CAN: [1;35mItem: 3, Level: 3, at bin: 1[0m
CAN: [1;35mItem: 4, Level: 0, at bin: 6[0m
CAN: [1;35mItem: 4, Level: 1, at bin: 9[0m
CAN: [1;35mItem: 4, Level: 2, at bin: 14[0m
CAN: [1;35mItem: 4, Level: 3, at bin: 13[0m
CAN: [1;35mItem: 5, Level: 0, at bin: 12[0m
CAN: [1;35mItem: 5, Level: 1, at bin: 8[0m
CAN: [1;35mItem: 5, Level: 2, at bin: 14[0m
CAN: [1;35mItem: 5, Level: 3, at bin: 13[0m
CAN: [1;35mItem: 6, Level: 0, at bin: 6[0m
CAN: [1;35mItem: 6, Level: 1, at bin: 9[0m
CAN: [1;35mItem: 6, Level: 2, at bin: 14[0m
CAN: [1;35mItem: 6, Level: 3, at bin: 13[0m
CAN: [1;35mItem: 7, Level: 0, at bin: 17[0m
CAN: [1;35mItem: 7, Level: 1, at bin: 16[0m
CAN: [1;35mItem: 7, Level: 2, at bin: 14[0m
CAN: [1;35mItem: 7, Level: 3, at bin: 13[0m
CAN: [1;35mItem: 8, Level: 0, at bin: 19[0m
CAN: [1;35mItem: 8, Level: 1, at bin: 15[0m
CAN: [1;35mItem: 8, Level: 2, at bin: 2[0m
CAN: [1;35mItem: 8, Level: 3, at bin: 7[0m
CAN: [1;35mItem: 9, Level: 0, at bin: 13[0m
CAN: [1;35mItem: 9, Level: 1, at bin: 4[0m
CAN: [1;35mItem: 9, Level: 2, at bin: 13[0m
CAN: [1;35mItem: 9, Level: 3, at bin: 1[0m
CAN: [1;35mItem: 10, Level: 0, at bin: 9[0m
CAN: [1;35mItem: 10, Level: 1, at bin: 17[0m
CAN: [1;35mItem: 10, Level: 2, at bin: 17[0m
CAN: [1;35mItem: 10, Level: 3, at bin: 4[0m
CAN: [1;35mItem: 11, Level: 0, at bin: 4[0m
CAN: [1;35mItem: 11, Level: 1, at bin: 5[0m
CAN: [1;35mItem: 11, Level: 2, at bin: 13[0m
CAN: [1;35mItem: 11, Level: 3, at bin: 1[0m
CAN: [1;35mItem: 12, Level: 0, at bin: 20[0m
CAN: [1;35mItem: 12, Level: 1, at bin: 6[0m
CAN: [1;35mItem: 12, Level: 2, at bin: 5[0m
CAN: [1;35mItem: 12, Level: 3, at bin: 4[0m
CAN: [1;35mItem: 13, Level: 0, at bin: 19[0m
CAN: [1;35mItem: 13, Level: 1, at bin: 15[0m
CAN: [1;35mItem: 13, Level: 2, at bin: 2[0m
CAN: [1;35mItem: 13, Level: 3, at bin: 7[0m
CAN: [1;35mItem: 14, Level: 0, at bin: 12[0m
CAN: [1;35mItem: 14, Level: 1, at bin: 8[0m
CAN: [1;35mItem: 14, Level: 2, at bin: 14[0m
CAN: [1;35mItem: 14, Level: 3, at bin: 13[0m
CAN: [1;35mItem: 15, Level: 0, at bin: 8[0m
CAN: [1;35mItem: 15, Level: 1, at bin: 9[0m
CAN: [1;35mItem: 15, Level: 2, at bin: 14[0m
CAN: [1;35mItem: 15, Level: 3, at bin: 13[0m
CAN: [1;35mItem: 16, Level: 0, at bin: 15[0m
CAN: [1;35mItem: 16, Level: 1, at bin: 15[0m
CAN: [1;35mItem: 16, Level: 2, at bin: 2[0m
CAN: [1;35mItem: 16, Level: 3, at bin: 7[0m
CAN: [1;35mItem: 17, Level: 0, at bin: 9[0m
CAN: [1;35mItem: 17, Level: 1, at bin: 17[0m
CAN: [1;35mItem: 17, Level: 2, at bin: 17[0m
CAN: [1;35mItem: 17, Level: 3, at bin: 4[0m
CAN: [1;35mItem: 18, Level: 0, at bin: 9[0m
CAN: [1;35mItem: 18, Level: 1, at bin: 17[0m
CAN: [1;35mItem: 18, Level: 2, at bin: 17[0m
CAN: [1;35mItem: 18, Level: 3, at bin: 4[0m
CAN: [1;35mItem: 19, Level: 0, at bin: 20[0m
CAN: [1;35mItem: 19, Level: 1, at bin: 6[0m
CAN: [1;35mItem: 19, Level: 2, at bin: 5[0m
CAN: [1;35mItem: 19, Level: 3, at bin: 4[0m
MIP: [1;32mSolution: 
Indexes: [13, 4, 3, 0, 6, 12, 6, 17, 19, 13, 9, 4, 20, 19, 12, 8, 15, 9, 9, 20][4, -1, -1, 17, 5, -1, 9, -1, 9, 17, -1, -1, 8, 4, -1, 15, -1, 16, -1, 15, 6][-1, -1, -1, -1, 13, 13, 5, -1, 14, 14, -1, -1, -1, -1, -1, 2, 14, 17, -1][-1, -1, 7, -1, -1, 4, -1, -1, -1, -1, -1, -1, -1, 1, 13, -1, -1, 4, -1], P Variables: [13, 4, 13, 1][4, 5, 13, 1][3, 17, 17, 4][0, 4, 13, 1][6, 9, 14, 13][12, 8, 14, 13][6, 9, 14, 13][17, 16, 14, 13][19, 15, 2, 7][13, 4, 13, 1][9, 17, 17, 4][4, 5, 13, 1][20, 6, 5, 4][19, 15, 2, 7][12, 8, 14, 13][8, 9, 14, 13][15, 15, 2, 7][9, 17, 17, 4][9, 17, 17, 4][20, 6, 5, 4], Flow leaving each bin: [0m
MIP: [1;32mObjective value: 19398[0m
MIP: [1;32mLower Bound: 15596.3[0m
MIP: [1;32mBranch-and-Bound nodes: 11484[0m

# best solution:
best objective value:	19398
best dual bound value:	15596
optimality gap:	19.6%
CPU time:	897.107
