ifile	/scratch/csagturk/mlbppo_inst/n0020_m01_p200__033.inst
prob	MLBPPO
threads	1
ttime	900
instance: /scratch/csagturk/mlbppo_inst/n0020_m01_p200__033.inst
	m=1, n=[20, 22], #pos=40
MIP: [1;32minit CPLEX[0m
CAN: [1;35mcreated 440 x_{ijk} variables[0m
CAN: [1;35mcreated 42 y_{ij} variables[0m
CAN: [1;35mcreated 440 p_{ijk} variables[0m
MIP: [1;32mcreated decision variables[0m
CAN: [1;35madded 20 constraints to enforce the packing of each item[0m
CAN: [1;35madded 0 constraints to enforce the packing of each item[0m
CAN: [1;35madded 22 capacity constraints[0m
MIP: [1;32mcreated constraints[0m
MIP: [1;32mcreated objective function[0m
MIP: [1;32mcalling CPLEX solve ...[0m
Version identifier: 22.1.0.0 | 2022-03-09 | 1a383f8ce
CPXPARAM_Threads                                 1
CPXPARAM_TimeLimit                               900
Tried aggregator 3 times.
MIP Presolve eliminated 824 rows and 442 columns.
MIP Presolve modified 1847 coefficients.
Aggregator did 258 substitutions.
Reduced MIP has 260 rows, 202 columns, and 2607 nonzeros.
Reduced MIP has 202 binaries, 0 generals, 0 SOSs, and 0 indicators.
Presolve time = 0.02 sec. (17.65 ticks)
Found incumbent of value 8184.000000 after 0.02 sec. (20.01 ticks)
Probing fixed 49 vars, tightened 0 bounds.
Probing time = 0.00 sec. (2.99 ticks)
Cover probing fixed 7 vars, tightened 2 bounds.
Tried aggregator 2 times.
MIP Presolve eliminated 111 rows and 56 columns.
MIP Presolve modified 533 coefficients.
Aggregator did 1 substitutions.
Reduced MIP has 135 rows, 145 columns, and 912 nonzeros.
Reduced MIP has 145 binaries, 0 generals, 0 SOSs, and 0 indicators.
Presolve time = 0.00 sec. (1.42 ticks)
Probing fixed 12 vars, tightened 0 bounds.
Probing time = 0.00 sec. (0.85 ticks)
Tried aggregator 2 times.
Detecting symmetries...
MIP Presolve eliminated 17 rows and 14 columns.
MIP Presolve modified 41 coefficients.
Aggregator did 1 substitutions.
Reduced MIP has 116 rows, 130 columns, and 764 nonzeros.
Reduced MIP has 130 binaries, 0 generals, 0 SOSs, and 0 indicators.
Presolve time = 0.00 sec. (1.19 ticks)
Probing time = 0.00 sec. (0.64 ticks)
Clique table members: 520.
MIP emphasis: balance optimality and feasibility.
MIP search method: dynamic search.
Parallel mode: none, using 1 thread.
Root relaxation solution time = 0.00 sec. (0.81 ticks)

        Nodes                                         Cuts/
   Node  Left     Objective  IInf  Best Integer    Best Bound    ItCnt     Gap

*     0+    0                         8184.0000        0.0000           100.00%
      0     0     4866.0623    35     8184.0000     4866.0623       82   40.54%
*     0+    0                         5260.0000     4866.0623             7.49%
      0     0     4951.0479    41     5260.0000      Cuts: 42      165    5.87%
      0     0     4997.2753    57     5260.0000      Cuts: 40      222    4.99%
      0     0     5040.0693    59     5260.0000      Cuts: 31      270    4.18%
      0     0     5052.4396    62     5260.0000      Cuts: 20      306    3.95%
      0     0     5061.3497    61     5260.0000      Cuts: 18      339    3.78%
Detecting symmetries...
      0     0     5064.7919    55     5260.0000      Cuts: 11      382    3.71%
      0     0     5064.8177    61     5260.0000      Cuts: 14      405    3.71%
*     0+    0                         5176.0000     5064.8177             2.15%
      0     0     5071.9811    60     5176.0000      Cuts: 18      445    2.01%
      0     0     5076.5120    50     5176.0000      Cuts: 19      486    1.92%
      0     0     5077.2727    52     5176.0000      Cuts: 29      546    1.91%
      0     0     5077.2727    46     5176.0000      Cuts: 12      580    1.91%
Detecting symmetries...
      0     2     5077.2727    45     5176.0000     5077.6982      580    1.90%
Elapsed time = 0.08 sec. (67.19 ticks, tree = 0.01 MB, solutions = 3)

GUB cover cuts applied:  6
Clique cuts applied:  1
Cover cuts applied:  10
Implied bound cuts applied:  6
Flow cuts applied:  1
Mixed integer rounding cuts applied:  8
Zero-half cuts applied:  11
Lift and project cuts applied:  1

Root node processing (before b&c):
  Real time             =    0.08 sec. (67.22 ticks)
Sequential b&c:
  Real time             =    0.01 sec. (10.74 ticks)
                          ------------
Total (root+branch&cut) =    0.09 sec. (77.96 ticks)
MIP: [1;32mCPLEX finished.[0m
MIP: [1;32mCPLEX status: Optimal[0m
CAN: [1;35mItem: 0, Level: 0, at bin: 17[0m
CAN: [1;35mItem: 1, Level: 0, at bin: 17[0m
CAN: [1;35mItem: 2, Level: 0, at bin: 15[0m
CAN: [1;35mItem: 3, Level: 0, at bin: 4[0m
CAN: [1;35mItem: 4, Level: 0, at bin: 12[0m
CAN: [1;35mItem: 5, Level: 0, at bin: 11[0m
CAN: [1;35mItem: 6, Level: 0, at bin: 10[0m
CAN: [1;35mItem: 7, Level: 0, at bin: 10[0m
CAN: [1;35mItem: 8, Level: 0, at bin: 11[0m
CAN: [1;35mItem: 9, Level: 0, at bin: 1[0m
CAN: [1;35mItem: 10, Level: 0, at bin: 0[0m
CAN: [1;35mItem: 11, Level: 0, at bin: 10[0m
CAN: [1;35mItem: 12, Level: 0, at bin: 12[0m
CAN: [1;35mItem: 13, Level: 0, at bin: 14[0m
CAN: [1;35mItem: 14, Level: 0, at bin: 2[0m
CAN: [1;35mItem: 15, Level: 0, at bin: 3[0m
CAN: [1;35mItem: 16, Level: 0, at bin: 14[0m
CAN: [1;35mItem: 17, Level: 0, at bin: 15[0m
CAN: [1;35mItem: 18, Level: 0, at bin: 17[0m
CAN: [1;35mItem: 19, Level: 0, at bin: 16[0m
MIP: [1;32mSolution: 
Indexes: [17, 17, 15, 4, 12, 11, 10, 10, 11, 1, 0, 10, 12, 14, 2, 3, 14, 15, 17, 16], P Variables: [17][17][15][4][12][11][10][10][11][1][0][10][12][14][2][3][14][15][17][16], Flow leaving each bin: [0m
MIP: [1;32mObjective value: 5176[0m
MIP: [1;32mLower Bound: 5176[0m
MIP: [1;32mBranch-and-Bound nodes: 51[0m

# best solution:
best objective value:	5176
best dual bound value:	5176
optimality gap:	0%
CPU time:	0.0954314
