ifile	/scratch/csagturk/mlbppo_inst/n0020_m05_p050__072.inst
prob	MLBPPO
threads	1
ttime	900
instance: /scratch/csagturk/mlbppo_inst/n0020_m05_p050__072.inst
	m=5, n=[20, 16, 13, 12, 11, 11], #pos=10
MIP: [1;32minit CPLEX[0m
CAN: [1;35mcreated 937 x_{ijk} variables[0m
CAN: [1;35mcreated 83 y_{ij} variables[0m
CAN: [1;35mcreated 1260 p_{ijk} variables[0m
MIP: [1;32mcreated decision variables[0m
CAN: [1;35madded 20 constraints to enforce the packing of each item[0m
CAN: [1;35madded 52 constraints to enforce the packing of each item[0m
CAN: [1;35madded 63 capacity constraints[0m
MIP: [1;32mcreated constraints[0m
MIP: [1;32mcreated objective function[0m
MIP: [1;32mcalling CPLEX solve ...[0m
Version identifier: 22.1.0.0 | 2022-03-09 | 1a383f8ce
CPXPARAM_Threads                                 1
CPXPARAM_TimeLimit                               900
Tried aggregator 3 times.
MIP Presolve eliminated 11812 rows and 8995 columns.
MIP Presolve modified 482 coefficients.
Aggregator did 25711 substitutions.
Reduced MIP has 24704 rows, 18108 columns, and 60512 nonzeros.
Reduced MIP has 9924 binaries, 0 generals, 0 SOSs, and 71 indicators.
Presolve time = 0.19 sec. (580.18 ticks)
Probing fixed 0 vars, tightened 76 bounds.
Probing changed sense of 52 constraints.
Probing time = 0.78 sec. (582.55 ticks)
Tried aggregator 2 times.
MIP Presolve eliminated 312 rows and 364 columns.
MIP Presolve modified 25 coefficients.
Aggregator did 16042 substitutions.
Reduced MIP has 8350 rows, 1702 columns, and 27700 nonzeros.
Reduced MIP has 1702 binaries, 0 generals, 0 SOSs, and 0 indicators.
Presolve time = 0.07 sec. (59.85 ticks)
Probing time = 0.00 sec. (3.11 ticks)
Tried aggregator 1 time.
Detecting symmetries...
Reduced MIP has 8350 rows, 1702 columns, and 27700 nonzeros.
Reduced MIP has 1702 binaries, 0 generals, 0 SOSs, and 0 indicators.
Presolve time = 0.02 sec. (15.98 ticks)
Probing time = 0.00 sec. (3.11 ticks)
Clique table members: 719.
MIP emphasis: balance optimality and feasibility.
MIP search method: dynamic search.
Parallel mode: none, using 1 thread.
Root relaxation solution time = 0.04 sec. (42.80 ticks)

        Nodes                                         Cuts/
   Node  Left     Objective  IInf  Best Integer    Best Bound    ItCnt     Gap

      0     0    19540.8521   218                  19540.8521      798         
      0     0    19767.8593   205                   Cuts: 203     3348         
      0     0    20003.9190   301                   Cuts: 119     4867         
      0     0    20359.8444   258                    Cuts: 92     5940         
      0     0    20498.0194   250                    Cuts: 92     6745         
      0     0    20518.9262   239                   Cuts: 100     7198         
Detecting symmetries...
      0     0    20545.3138   287                    Cuts: 81     8089         
      0     0    20603.4244   259                    Cuts: 67     8628         
      0     0    20625.6260   263                    Cuts: 68     8953         
      0     0    20647.7054   233                   Cuts: 117     9305         
      0     0    20668.0415   286                    Cuts: 86     9615         
      0     0    20677.6403   281                    Cuts: 79     9872         
      0     0    20682.4488   301                    Cuts: 80    10103         
      0     0    20688.2502   276                    Cuts: 78    10465         
      0     0    20691.6983   309                    Cuts: 65    11049         
      0     0    20702.8384   268                    Cuts: 69    11377         
      0     0    20702.8384   272                    Cuts: 69    11650         
      0     0    20702.8384   237                    Cuts: 20    11818         
      0     0    20711.5124   275                    Cuts: 71    12338         
      0     0    20714.6614   275                    Cuts: 48    12500         
*     0+    0                        38640.0000    20714.6614            46.39%
Detecting symmetries...
      0     2    20714.6614   270    38640.0000    20715.1277    12500   46.39%
Elapsed time = 5.48 sec. (5809.97 ticks, tree = 0.01 MB, solutions = 1)
      3     5    20883.5800   274    38640.0000    20771.2494    14473   46.24%
     14    16    21085.7524   251    38640.0000    20771.2494    16579   46.24%
     20    22    21392.2859   218    38640.0000    20771.2494    19170   46.24%
     25    27    21600.1678   232    38640.0000    20771.2494    21199   46.24%
     30    32    21693.9465   223    38640.0000    20771.2494    22802   46.24%
     40    41    22760.6434   166    38640.0000    20771.2494    24392   46.24%
*    80+   75                        26786.0000    20771.2494            22.45%
     90    87    25523.7428    44    26786.0000    20771.2494    26708   22.45%
    101    93    20986.6118   250    26786.0000    20778.4440    29425   22.43%
    110   100    22253.2983   183    26786.0000    20778.4440    32427   22.43%
    145   135    23041.0674   236    26786.0000    20778.4440    41679   22.43%
Elapsed time = 8.21 sec. (9380.71 ticks, tree = 0.58 MB, solutions = 2)
    200   184    21161.9138   115    26786.0000    20838.5362    49839   22.20%
    275   251    21254.5015   205    26786.0000    20848.3840    58460   22.17%
    357   323        cutoff          26786.0000    20848.3840    67612   22.17%
    453   411    21254.1308   264    26786.0000    20853.3758    76761   22.15%
    510   468    23441.6542   165    26786.0000    20853.3758    86488   22.15%

Performing restart 1

Repeating presolve.
Tried aggregator 2 times.
MIP Presolve modified 2178 coefficients.
Aggregator did 7 substitutions.
Reduced MIP has 8343 rows, 1695 columns, and 27143 nonzeros.
Reduced MIP has 1695 binaries, 0 generals, 0 SOSs, and 0 indicators.
Presolve time = 0.04 sec. (43.36 ticks)
Tried aggregator 1 time.
MIP Presolve modified 360 coefficients.
Reduced MIP has 8343 rows, 1695 columns, and 27143 nonzeros.
Reduced MIP has 1695 binaries, 0 generals, 0 SOSs, and 0 indicators.
Presolve time = 0.03 sec. (28.01 ticks)
Represolve time = 0.14 sec. (118.56 ticks)
    531     0    20541.7217   257    26786.0000      Cuts: 81    92468   22.15%
    531     0    20642.8302   262    26786.0000     Cuts: 129    92799   22.15%
    531     0    20673.5617   259    26786.0000      Cuts: 97    93083   22.15%
    531     0    20678.6909   291    26786.0000      Cuts: 64    93302   22.15%
    531     0    20686.9815   265    26786.0000      Cuts: 46    93483   22.15%
    531     0    20687.1980   280    26786.0000      Cuts: 60    93565   22.15%
    531     0    20695.3846   261    26786.0000      Cuts: 16    93681   22.15%
    531     0    20705.1807   265    26786.0000      Cuts: 68    94000   22.15%
    531     0    20707.9824   268    26786.0000      Cuts: 77    94220   22.15%
    531     2    20707.9824   258    26786.0000    20853.3758    94220   22.15%
    533     4    20806.1372   293    26786.0000    20853.3758    95163   22.15%
    535     6    20856.0265   237    26786.0000    20853.3758    95782   22.15%
    537     8    21311.1718   254    26786.0000    20853.3758    97709   22.15%
    539    10    22014.5314   176    26786.0000    20853.3758    99302   22.15%
Elapsed time = 21.20 sec. (25083.36 ticks, tree = 0.02 MB, solutions = 2)
    549    20    22043.5926   143    26786.0000    20853.3758   100431   22.15%
    552    23    22156.6205   261    26786.0000    20853.3758   101476   22.15%
    561    32    22253.2424   223    26786.0000    20853.3758   102849   22.15%
    570    41    23804.5353   175    26786.0000    20853.3758   104477   22.15%
    581    52    22320.9556   262    26786.0000    20853.3758   106135   22.15%
    590    61    22406.0418   224    26786.0000    20853.3758   107350   22.15%
    602    71    22727.5538   202    26786.0000    20853.3758   109838   22.15%
    612    81    23795.5307   237    26786.0000    20853.3758   115461   22.15%
    622    89    24103.2472   239    26786.0000    20853.3758   120191   22.15%
    629    96    24174.1884   230    26786.0000    20853.3758   123199   22.15%
Elapsed time = 30.18 sec. (35905.96 ticks, tree = 0.88 MB, solutions = 2)
    652   110    20806.7480   261    26786.0000    20853.3758   126164   22.15%
    675   133    22660.1961   171    26786.0000    20853.3758   130562   22.15%
    688   146    22694.1745   230    26786.0000    20853.3758   134902   22.15%
    710   152    21253.7981   206    26786.0000    20853.3758   141589   22.15%
    721   163    21367.8857   166    26786.0000    20853.3758   147238   22.15%
    733   175    21402.0833   135    26786.0000    20853.3758   150156   22.15%
    742   184    21442.0000   126    26786.0000    20853.3758   153976   22.15%
    756   198    21442.0000   126    26786.0000    20853.3758   156761   22.15%
    800   242    21542.7353   170    26786.0000    20853.3758   159477   22.15%
    848   283    infeasible          26786.0000    20853.3758   161639   22.15%
Elapsed time = 38.60 sec. (46542.55 ticks, tree = 1.23 MB, solutions = 2)
    872   299    21210.3132   215    26786.0000    20853.3758   165200   22.15%
    901   324    24590.9871   167    26786.0000    20853.3758   172344   22.15%
    953   372    22914.4003   227    26786.0000    20853.3758   177875   22.15%
    975   390    22661.3488   249    26786.0000    20853.3758   188176   22.15%
    987   402    23254.9790   212    26786.0000    20853.3758   194568   22.15%
    991   406    23490.8044   250    26786.0000    20853.3758   198764   22.15%
   1027   436    24138.0000   113    26786.0000    20853.3758   205143   22.15%
   1053   458    22653.0361   219    26786.0000    20853.3758   212083   22.15%
   1137   536    21463.3108   218    26786.0000    20853.3758   216555   22.15%
   1175   568    26755.2601   128    26786.0000    20853.3758   223171   22.15%
Elapsed time = 46.54 sec. (56788.21 ticks, tree = 1.76 MB, solutions = 2)
   1223   610    23619.8631   196    26786.0000    20856.4848   228644   22.14%
*  1291+  629                        26685.0000    20856.4848            21.84%
   1292   629    20941.8849   240    26685.0000    20873.2839   234135   21.78%
   1339   676    24035.3666   220    26685.0000    20873.2839   240543   21.78%
   1366   699    22004.3604   189    26685.0000    20879.4066   246517   21.76%
   1377   710    23966.0939   239    26685.0000    20879.4066   252425   21.76%
   1402   735    23696.5714   194    26685.0000    20879.4066   260766   21.76%
   1455   775    21342.3882   234    26685.0000    20880.7255   267946   21.75%
   1498   812    21678.1510   210    26685.0000    20893.4848   276280   21.70%
   1523   837    23908.1502   215    26685.0000    20893.4848   285243   21.70%
   1559   869    22698.3768   248    26685.0000    20900.2554   293729   21.68%
Elapsed time = 54.48 sec. (67040.48 ticks, tree = 2.30 MB, solutions = 3)
   1599   909    22871.0000   174    26685.0000    20900.2554   299386   21.68%
   1626   936    22871.0000   154    26685.0000    20900.2554   305754   21.68%
   1663   968    21940.8401   282    26685.0000    20901.2627   311330   21.67%
   1695  1000    23184.5373   255    26685.0000    20901.2627   319724   21.67%
   1730  1029    20906.9704   197    26685.0000    20906.9704   327761   21.65%
   1762  1061    22879.9276   222    26685.0000    20906.9704   337508   21.65%
   1791  1080    21448.0781   221    26685.0000    20913.6441   345479   21.63%
   1827  1110    21601.5414   195    26685.0000    20914.3046   351640   21.63%
   1857  1138    26275.4692   183    26685.0000    20914.3046   359702   21.63%
   1925  1202    26651.0000   151    26685.0000    20914.3046   367183   21.63%
Elapsed time = 62.39 sec. (77319.69 ticks, tree = 3.02 MB, solutions = 3)
   1984  1247    24326.7623   187    26685.0000    20914.8540   375024   21.62%
   2047  1306    26432.0000    92    26685.0000    20914.8540   382794   21.62%
*  2064  1188      integral     0    26432.0000    20914.8540   384404   20.87%
   2091  1210    23559.9620   167    26432.0000    20915.9204   389054   20.87%
   2151  1258    21414.8726   233    26432.0000    20922.8774   395903   20.84%
*  2164+ 1116                        24309.0000    20922.8774            13.93%
   2189  1137    24025.2337   198    24309.0000    20922.8774   406869   13.93%
   2225  1169    23117.0062   195    24309.0000    20931.0624   413909   13.90%
   2268  1206    23681.5078   210    24309.0000    20931.5227   422128   13.89%
   2343  1276    22606.7323   205    24309.0000    20934.5645   430259   13.88%
   2381  1307    22726.7414   266    24309.0000    20935.0272   437118   13.88%
   2418  1340    23228.9973   216    24309.0000    20937.0229   446808   13.87%
Elapsed time = 69.62 sec. (86971.75 ticks, tree = 3.26 MB, solutions = 5)
   2451  1373    23592.0000   140    24309.0000    20937.0229   455676   13.87%
   2475  1393    22297.7102   229    24309.0000    20944.9145   463267   13.84%
   2549  1460    21565.0885   192    24309.0000    20946.7642   470966   13.83%
   2604  1504    24153.0000    96    24309.0000    20947.4492   480969   13.83%
   2657  1553    23308.7839   230    24309.0000    20956.4529   489465   13.79%
   2680  1572    23767.9121   209    24309.0000    20957.9035   499527   13.79%
   2707  1592    22262.4333   280    24309.0000    20957.9035   509404   13.79%
   2760  1641    24171.0650   273    24309.0000    20960.2585   519507   13.78%
   2832  1701    22545.3704   241    24309.0000    20965.6525   530390   13.75%
   2861  1728    23662.2180   226    24309.0000    20965.6525   538608   13.75%
Elapsed time = 77.27 sec. (97002.40 ticks, tree = 3.97 MB, solutions = 5)
   2908  1763    21117.9244   245    24309.0000    20975.8224   548127   13.71%
   2959  1808    23359.3180   215    24309.0000    20976.2503   555668   13.71%
   3021  1865    infeasible          24309.0000    20976.2503   563523   13.71%
   3059  1897    22088.2718   253    24309.0000    20985.8255   573105   13.67%
   3093  1923    24177.1245   253    24309.0000    20989.1712   583490   13.66%
*  3131+ 1707                        23959.0000    20992.2072            12.38%
   3141  1719    23327.0000    69    23959.0000    20992.2072   592293   12.38%
   3179  1753    23046.0636   194    23959.0000    20994.3660   600872   12.37%
   3225  1796    23869.0000   204    23959.0000    20994.3660   609354   12.37%
   3241  1808    23435.7348   252    23959.0000    20994.3660   617297   12.37%
   3409  1949    21208.8763   263    23959.0000    21002.1932   653894   12.34%
Elapsed time = 87.15 sec. (109918.37 ticks, tree = 4.57 MB, solutions = 6)
   3610  2114    23668.2745   182    23959.0000    21029.2072   692476   12.23%
   3773  2262    23504.5234   257    23959.0000    21040.7039   726305   12.18%
   3973  2432    21321.3388   247    23959.0000    21048.2522   761316   12.15%
   4133  2574    23405.8615   212    23959.0000    21055.0229   801220   12.12%
   4321  2740    23929.5588   250    23959.0000    21055.0229   833227   12.12%
   4517  2917    21669.0988   232    23959.0000    21062.3396   869328   12.09%
   4656  3033    22928.4908   236    23959.0000    21066.7931   907201   12.07%
   4821  3176    22790.9763   254    23959.0000    21072.0369   943150   12.05%
   4981  3312    21693.4641   179    23959.0000    21083.4829   978652   12.00%
   5212  3511    23361.4101   198    23959.0000    21087.7718  1014651   11.98%
Elapsed time = 116.33 sec. (148334.40 ticks, tree = 7.50 MB, solutions = 6)
   5355  3626    23796.1765   180    23959.0000    21100.3988  1050133   11.93%
   5486  3722    22676.9152   210    23959.0000    21114.2488  1084924   11.87%
   5620  3838    21521.8287   214    23959.0000    21134.5879  1117520   11.79%
   5745  3945    23070.9304   274    23959.0000    21137.2850  1154289   11.78%
*  5871+ 1913                        22839.0000    21140.1929             7.44%
   5897  1934    22813.5409   224    22839.0000    21142.6692  1190160    7.43%
   6025  2010    21969.8976   189    22839.0000    21174.8597  1220650    7.29%
   6159  2096    22367.7948   240    22839.0000    21191.0229  1257022    7.22%
   6280  2172    22722.4230   260    22839.0000    21209.0722  1292143    7.14%
   6425  2261    21747.3046   278    22839.0000    21224.2527  1318286    7.07%
*  6468  2080      integral     0    22759.0000    21224.2527  1323784    6.74%
   6554  2143    22395.8920   246    22759.0000    21239.0123  1348897    6.68%
Elapsed time = 145.95 sec. (186995.71 ticks, tree = 4.46 MB, solutions = 8)
   6656  2204    22659.5441   245    22759.0000    21252.3266  1374793    6.62%
   6795  2298    22454.9661   263    22759.0000    21258.5884  1410234    6.59%
   6871  2336    22477.3805   183    22759.0000    21262.4414  1441954    6.58%
   7036  2469    22617.6074   217    22759.0000    21273.3848  1472005    6.53%
   7198  2589    21675.4786   301    22759.0000    21283.9230  1501543    6.48%
   7344  2700    21503.0000   117    22759.0000    21287.6846  1530953    6.46%
   7472  2773    22310.8635   293    22759.0000    21298.1487  1558613    6.42%
   7589  2846    22232.1662   277    22759.0000    21310.4106  1591558    6.36%
   7647  2892    21454.0000   182    22759.0000    21313.2408  1617463    6.35%
   7743  2977    22044.0000    85    22759.0000    21314.2632  1642677    6.35%
Elapsed time = 176.12 sec. (225572.96 ticks, tree = 9.98 MB, solutions = 8)
   7903  3096    21758.5576   263    22759.0000    21316.7933  1673636    6.34%
   8028  3169        cutoff          22759.0000    21325.4735  1707825    6.30%
   8117  3250    21494.0000   118    22759.0000    21327.7908  1732283    6.29%
   8289  3371    22757.5245   209    22759.0000    21332.4763  1764213    6.27%
   8442  3458    21521.6332   243    22759.0000    21345.4208  1796640    6.21%
   8562  3536    22692.5523   240    22759.0000    21351.9672  1829116    6.18%
   8709  3624    21740.3885   242    22759.0000    21358.0160  1863945    6.16%
   8820  3687    21540.0355   222    22759.0000    21365.3416  1897248    6.12%
   9000  3830    21526.3779   221    22759.0000    21369.0681  1924461    6.11%
   9183  3935    21423.7682   217    22759.0000    21376.6294  1958820    6.07%
Elapsed time = 206.30 sec. (264340.65 ticks, tree = 11.74 MB, solutions = 8)
   9313  4057    21442.0000   118    22759.0000    21376.7150  1985992    6.07%
   9441  4147    22137.4723   249    22759.0000    21383.7211  2014686    6.04%
   9592  4208    22447.7889   246    22759.0000    21388.7273  2044943    6.02%
   9705  4301    21442.0000   172    22759.0000    21389.5577  2070849    6.02%
   9786  4352    22073.0000   175    22759.0000    21392.2568  2101032    6.01%
   9923  4452    21427.1875   192    22759.0000    21394.8876  2129082    5.99%
  10059  4555    22081.1606   309    22759.0000    21396.1603  2155518    5.99%
  10161  4629    21494.0000   111    22759.0000    21397.2110  2182836    5.98%
  10282  4732    21494.0000   183    22759.0000    21398.2647  2211562    5.98%
  10400  4826    21821.8776   240    22759.0000    21400.5339  2237345    5.97%
Elapsed time = 236.86 sec. (302892.04 ticks, tree = 13.53 MB, solutions = 8)
  10600  4991    21454.0000   165    22759.0000    21403.9064  2263326    5.95%
  10653  5040    21569.9196   216    22759.0000    21404.0931  2288781    5.95%
  10751  5103    21576.3951   165    22759.0000    21406.1954  2314746    5.94%
  10850  5144    21454.0000    36    22759.0000    21408.5714  2347634    5.93%
* 10852   389      integral     0    21454.0000    21408.5714  2349291    0.21%
  10966   415    21442.0000   211    21454.0000    21422.8779  2373528    0.15%
* 10994   123      integral     0    21442.0000    21423.7682  2381145    0.09%

Clique cuts applied:  16
Cover cuts applied:  141
Implied bound cuts applied:  1
Flow cuts applied:  6
Mixed integer rounding cuts applied:  85
Zero-half cuts applied:  84
Lift and project cuts applied:  7
Gomory fractional cuts applied:  4

Root node processing (before b&c):
  Real time             =    5.48 sec. (5807.45 ticks)
Sequential b&c:
  Real time             =  249.42 sec. (319851.18 ticks)
                          ------------
Total (root+branch&cut) =  254.90 sec. (325658.63 ticks)
MIP: [1;32mCPLEX finished.[0m
MIP: [1;32mCPLEX status: Optimal[0m
CAN: [1;35mItem: 0, Level: 0, at bin: 12[0m
CAN: [1;35mItem: 0, Level: 1, at bin: 0[0m
CAN: [1;35mItem: 0, Level: 2, at bin: 6[0m
CAN: [1;35mItem: 0, Level: 3, at bin: 6[0m
CAN: [1;35mItem: 0, Level: 4, at bin: 0[0m
CAN: [1;35mItem: 1, Level: 0, at bin: 3[0m
CAN: [1;35mItem: 1, Level: 1, at bin: 8[0m
CAN: [1;35mItem: 1, Level: 2, at bin: 1[0m
CAN: [1;35mItem: 1, Level: 3, at bin: 1[0m
CAN: [1;35mItem: 1, Level: 4, at bin: 2[0m
CAN: [1;35mItem: 2, Level: 0, at bin: 8[0m
CAN: [1;35mItem: 2, Level: 1, at bin: 9[0m
CAN: [1;35mItem: 2, Level: 2, at bin: 6[0m
CAN: [1;35mItem: 2, Level: 3, at bin: 6[0m
CAN: [1;35mItem: 2, Level: 4, at bin: 0[0m
CAN: [1;35mItem: 3, Level: 0, at bin: 7[0m
CAN: [1;35mItem: 3, Level: 1, at bin: 5[0m
CAN: [1;35mItem: 3, Level: 2, at bin: 3[0m
CAN: [1;35mItem: 3, Level: 3, at bin: 6[0m
CAN: [1;35mItem: 3, Level: 4, at bin: 0[0m
CAN: [1;35mItem: 4, Level: 0, at bin: 13[0m
CAN: [1;35mItem: 4, Level: 1, at bin: 7[0m
CAN: [1;35mItem: 4, Level: 2, at bin: 1[0m
CAN: [1;35mItem: 4, Level: 3, at bin: 1[0m
CAN: [1;35mItem: 4, Level: 4, at bin: 2[0m
CAN: [1;35mItem: 5, Level: 0, at bin: 0[0m
CAN: [1;35mItem: 5, Level: 1, at bin: 0[0m
CAN: [1;35mItem: 5, Level: 2, at bin: 6[0m
CAN: [1;35mItem: 5, Level: 3, at bin: 6[0m
CAN: [1;35mItem: 5, Level: 4, at bin: 0[0m
CAN: [1;35mItem: 6, Level: 0, at bin: 1[0m
CAN: [1;35mItem: 6, Level: 1, at bin: 9[0m
CAN: [1;35mItem: 6, Level: 2, at bin: 6[0m
CAN: [1;35mItem: 6, Level: 3, at bin: 6[0m
CAN: [1;35mItem: 6, Level: 4, at bin: 0[0m
CAN: [1;35mItem: 7, Level: 0, at bin: 9[0m
CAN: [1;35mItem: 7, Level: 1, at bin: 5[0m
CAN: [1;35mItem: 7, Level: 2, at bin: 3[0m
CAN: [1;35mItem: 7, Level: 3, at bin: 6[0m
CAN: [1;35mItem: 7, Level: 4, at bin: 0[0m
CAN: [1;35mItem: 8, Level: 0, at bin: 10[0m
CAN: [1;35mItem: 8, Level: 1, at bin: 2[0m
CAN: [1;35mItem: 8, Level: 2, at bin: 1[0m
CAN: [1;35mItem: 8, Level: 3, at bin: 1[0m
CAN: [1;35mItem: 8, Level: 4, at bin: 2[0m
CAN: [1;35mItem: 9, Level: 0, at bin: 6[0m
CAN: [1;35mItem: 9, Level: 1, at bin: 8[0m
CAN: [1;35mItem: 9, Level: 2, at bin: 1[0m
CAN: [1;35mItem: 9, Level: 3, at bin: 1[0m
CAN: [1;35mItem: 9, Level: 4, at bin: 2[0m
CAN: [1;35mItem: 10, Level: 0, at bin: 1[0m
CAN: [1;35mItem: 10, Level: 1, at bin: 9[0m
CAN: [1;35mItem: 10, Level: 2, at bin: 6[0m
CAN: [1;35mItem: 10, Level: 3, at bin: 6[0m
CAN: [1;35mItem: 10, Level: 4, at bin: 0[0m
CAN: [1;35mItem: 11, Level: 0, at bin: 6[0m
CAN: [1;35mItem: 11, Level: 1, at bin: 8[0m
CAN: [1;35mItem: 11, Level: 2, at bin: 1[0m
CAN: [1;35mItem: 11, Level: 3, at bin: 1[0m
CAN: [1;35mItem: 11, Level: 4, at bin: 2[0m
CAN: [1;35mItem: 12, Level: 0, at bin: 15[0m
CAN: [1;35mItem: 12, Level: 1, at bin: 3[0m
CAN: [1;35mItem: 12, Level: 2, at bin: 3[0m
CAN: [1;35mItem: 12, Level: 3, at bin: 6[0m
CAN: [1;35mItem: 12, Level: 4, at bin: 0[0m
CAN: [1;35mItem: 13, Level: 0, at bin: 6[0m
CAN: [1;35mItem: 13, Level: 1, at bin: 8[0m
CAN: [1;35mItem: 13, Level: 2, at bin: 1[0m
CAN: [1;35mItem: 13, Level: 3, at bin: 1[0m
CAN: [1;35mItem: 13, Level: 4, at bin: 2[0m
CAN: [1;35mItem: 14, Level: 0, at bin: 10[0m
CAN: [1;35mItem: 14, Level: 1, at bin: 2[0m
CAN: [1;35mItem: 14, Level: 2, at bin: 1[0m
CAN: [1;35mItem: 14, Level: 3, at bin: 1[0m
CAN: [1;35mItem: 14, Level: 4, at bin: 2[0m
CAN: [1;35mItem: 15, Level: 0, at bin: 12[0m
CAN: [1;35mItem: 15, Level: 1, at bin: 0[0m
CAN: [1;35mItem: 15, Level: 2, at bin: 6[0m
CAN: [1;35mItem: 15, Level: 3, at bin: 6[0m
CAN: [1;35mItem: 15, Level: 4, at bin: 0[0m
CAN: [1;35mItem: 16, Level: 0, at bin: 13[0m
CAN: [1;35mItem: 16, Level: 1, at bin: 7[0m
CAN: [1;35mItem: 16, Level: 2, at bin: 1[0m
CAN: [1;35mItem: 16, Level: 3, at bin: 1[0m
CAN: [1;35mItem: 16, Level: 4, at bin: 2[0m
CAN: [1;35mItem: 17, Level: 0, at bin: 9[0m
CAN: [1;35mItem: 17, Level: 1, at bin: 5[0m
CAN: [1;35mItem: 17, Level: 2, at bin: 3[0m
CAN: [1;35mItem: 17, Level: 3, at bin: 6[0m
CAN: [1;35mItem: 17, Level: 4, at bin: 0[0m
CAN: [1;35mItem: 18, Level: 0, at bin: 2[0m
CAN: [1;35mItem: 18, Level: 1, at bin: 2[0m
CAN: [1;35mItem: 18, Level: 2, at bin: 1[0m
CAN: [1;35mItem: 18, Level: 3, at bin: 1[0m
CAN: [1;35mItem: 18, Level: 4, at bin: 2[0m
CAN: [1;35mItem: 19, Level: 0, at bin: 15[0m
CAN: [1;35mItem: 19, Level: 1, at bin: 3[0m
CAN: [1;35mItem: 19, Level: 2, at bin: 3[0m
CAN: [1;35mItem: 19, Level: 3, at bin: 6[0m
CAN: [1;35mItem: 19, Level: 4, at bin: 0[0m
MIP: [1;32mSolution: 
Indexes: [12, 3, 8, 7, 13, 0, 1, 9, 10, 6, 1, 6, 15, 6, 10, 12, 13, 9, 2, 15][0, 9, 2, 8, -1, -1, 8, 5, 9, 5, 2, -1, 0, 7, -1, 3][6, -1, 1, 3, -1, 3, -1, 1, 1, 6, -1, -1, -1][-1, 1, -1, 6, -1, -1, 6, -1, -1, -1, -1, -1][-1, 2, -1, -1, -1, -1, 0, -1, -1, -1, -1], P Variables: [12, 0, 6, 6, 0][3, 8, 1, 1, 2][8, 9, 6, 6, 0][7, 5, 3, 6, 0][13, 7, 1, 1, 2][0, 0, 6, 6, 0][1, 9, 6, 6, 0][9, 5, 3, 6, 0][10, 2, 1, 1, 2][6, 8, 1, 1, 2][1, 9, 6, 6, 0][6, 8, 1, 1, 2][15, 3, 3, 6, 0][6, 8, 1, 1, 2][10, 2, 1, 1, 2][12, 0, 6, 6, 0][13, 7, 1, 1, 2][9, 5, 3, 6, 0][2, 2, 1, 1, 2][15, 3, 3, 6, 0], Flow leaving each bin: [0m
MIP: [1;32mObjective value: 21442[0m
MIP: [1;32mLower Bound: 21440[0m
MIP: [1;32mBranch-and-Bound nodes: 11130[0m

# best solution:
best objective value:	21442
best dual bound value:	21442
optimality gap:	0%
CPU time:	254.387
