ifile	/scratch/csagturk/mlbppo_inst/n0020_m05_p200__076.inst
prob	MLBPPO
threads	1
ttime	900
instance: /scratch/csagturk/mlbppo_inst/n0020_m05_p200__076.inst
	m=5, n=[20, 20, 23, 25, 24, 25], #pos=40
MIP: [1;32minit CPLEX[0m
CAN: [1;35mcreated 2635 x_{ijk} variables[0m
CAN: [1;35mcreated 137 y_{ij} variables[0m
CAN: [1;35mcreated 2340 p_{ijk} variables[0m
MIP: [1;32mcreated decision variables[0m
CAN: [1;35madded 20 constraints to enforce the packing of each item[0m
CAN: [1;35madded 92 constraints to enforce the packing of each item[0m
CAN: [1;35madded 117 capacity constraints[0m
MIP: [1;32mcreated constraints[0m
MIP: [1;32mcreated objective function[0m
MIP: [1;32mcalling CPLEX solve ...[0m
Version identifier: 22.1.0.0 | 2022-03-09 | 1a383f8ce
CPXPARAM_Threads                                 1
CPXPARAM_TimeLimit                               900
Tried aggregator 2 times.
MIP Presolve eliminated 42749 rows and 31099 columns.
MIP Presolve modified 2344 coefficients.
Aggregator did 92150 substitutions.
Reduced MIP has 90787 rows, 63959 columns, and 236618 nonzeros.
Reduced MIP has 33996 binaries, 0 generals, 0 SOSs, and 177 indicators.
Presolve time = 0.74 sec. (6257.48 ticks)
Probing time = 0.48 sec. (223.96 ticks)
Tried aggregator 4 times.
MIP Presolve eliminated 1 rows and 1 columns.
MIP Presolve added 6 rows and 0 columns.
MIP Presolve modified 31 coefficients.
Aggregator did 59662 substitutions.
Reduced MIP has 31130 rows, 4296 columns, and 117295 nonzeros.
Reduced MIP has 4205 binaries, 91 generals, 0 SOSs, and 177 indicators.
Presolve time = 0.29 sec. (274.67 ticks)
Probing fixed 0 vars, tightened 99 bounds.
Probing changed sense of 1 constraints.
Probing time = 0.10 sec. (157.63 ticks)
Tried aggregator 1 time.
Detecting symmetries...
MIP Presolve eliminated 773 rows and 383 columns.
Reduced MIP has 30357 rows, 3913 columns, and 115026 nonzeros.
Reduced MIP has 3913 binaries, 0 generals, 0 SOSs, and 0 indicators.
Presolve time = 0.10 sec. (95.43 ticks)
Probing time = 0.00 sec. (4.79 ticks)
Clique table members: 53303.
MIP emphasis: balance optimality and feasibility.
MIP search method: dynamic search.
Parallel mode: none, using 1 thread.
Root relaxation solution time = 0.09 sec. (112.41 ticks)

        Nodes                                         Cuts/
   Node  Left     Objective  IInf  Best Integer    Best Bound    ItCnt     Gap

      0     0    13137.9925   178                  13137.9925     1101         
      0     0    13654.3997   183                   Cuts: 133     2226         
      0     0    13963.2536   219                   Cuts: 132     3575         
      0     0    14045.7020   267                    Cuts: 81     5108         
      0     0    14180.6042   167                    Cuts: 88     5721         
      0     0    14192.0815   231                    Cuts: 94     6191         
Detecting symmetries...
      0     0    14229.5385   209                    Cuts: 86     6965         
      0     0    14244.7602   190                   Cuts: 112     7361         
      0     0    14278.1021   201                   Cuts: 104     7960         
      0     0    14293.1311   246                    Cuts: 86     8848         
      0     0    14302.1953   246                   Cuts: 105     9375         
      0     0    14305.8468   265                    Cuts: 71     9875         
      0     0    14309.7709   251                    Cuts: 95    10153         
      0     0    14312.3613   268                   Cuts: 100    10611         
      0     0    14316.8826   255                    Cuts: 99    10986         
      0     0    14321.3725   259                    Cuts: 81    11243         
      0     0    14324.5427   263                    Cuts: 62    11564         
      0     0    14326.7199   316                    Cuts: 73    12035         
      0     0    14327.8951   318                    Cuts: 43    12382         
Detecting symmetries...
      0     2    14327.8951   307                  14328.9915    12382         
Elapsed time = 15.67 sec. (24555.24 ticks, tree = 0.01 MB, solutions = 0)
      3     5    14379.4747   225                  14350.7813    13766         
      5     7    14359.3543   255                  14359.3543    15281         
      7     9    14360.0407   256                  14359.3543    16697         
      9    11    14360.0407   280                  14359.3543    17371         
     11    13    14726.7911   222                  14359.3543    19305         
     16    18    14360.0407   292                  14359.3543    20811         
     20    22    14360.0407   262                  14359.3543    21171         
     27    29    14360.0407   264                  14359.3543    22299         
     33    35    14398.8256   264                  14359.3543    23074         
     40    41    14453.5672   246                  14359.3543    24332         
Elapsed time = 18.95 sec. (28524.94 ticks, tree = 0.66 MB, solutions = 0)
     49    50    15535.4999   229                  14359.3543    30028         
    110   111    17946.4949    67                  14359.3543    35600         
*   130+  129                        25038.0000    14359.3543            42.65%
*   140+  139                        19563.0000    14359.3543            26.60%
    195   183    14359.3543   244    19563.0000    14359.3543    38240   26.60%
    209   197    15126.4594   189    19563.0000    14359.3543    41695   26.60%
    230   218    15327.4568   171    19563.0000    14359.3543    47145   26.60%
    251   239    16369.8509   195    19563.0000    14359.3543    53561   26.60%
    277   265    17115.2854    65    19563.0000    14359.3543    58148   26.60%
    340   313    14359.3543   267    19563.0000    14359.3543    60991   26.60%
    382   355    14738.8884   227    19563.0000    14359.3543    66340   26.60%
    414   387    14451.9802   252    19563.0000    14359.3543    71402   26.60%
Elapsed time = 26.78 sec. (39032.13 ticks, tree = 3.19 MB, solutions = 2)
    445   418    15068.9812   212    19563.0000    14359.3543    74775   26.60%

Performing restart 1

Repeating presolve.
Tried aggregator 1 time.
MIP Presolve eliminated 0 rows and 7 columns.
MIP Presolve modified 20861 coefficients.
Reduced MIP has 30357 rows, 3906 columns, and 104685 nonzeros.
Reduced MIP has 3906 binaries, 0 generals, 0 SOSs, and 0 indicators.
Presolve time = 0.09 sec. (90.20 ticks)
Tried aggregator 1 time.
MIP Presolve eliminated 17 rows and 3 columns.
MIP Presolve modified 822 coefficients.
Reduced MIP has 30340 rows, 3903 columns, and 104280 nonzeros.
Reduced MIP has 3903 binaries, 0 generals, 0 SOSs, and 0 indicators.
Presolve time = 0.10 sec. (96.85 ticks)
Represolve time = 0.40 sec. (395.55 ticks)
    494     0    14245.2394   327    19563.0000     Cuts: 127    81647   26.60%
    494     0    14314.9121   249    19563.0000     Cuts: 105    82961   26.60%
    494     0    14339.1656   256    19563.0000      Cuts: 88    84087   26.60%
    494     0    14348.3060   284    19563.0000      Cuts: 99    85396   26.60%
    494     0    14351.4617   245    19563.0000      Cuts: 91    86191   26.60%
    494     0    14356.2334   247    19563.0000     Cuts: 106    87267   26.60%
    494     0    14358.4147   251    19563.0000     Cuts: 108    87890   26.60%
    494     0    14360.8230   273    19563.0000      Cuts: 77    89088   26.59%
    494     0    14361.8551   259    19563.0000      Cuts: 96    90022   26.59%
    494     0    14362.5540   275    19563.0000      Cuts: 96    91550   26.58%
    494     0    14362.5540   273    19563.0000      Cuts: 48    92218   26.58%
    494     0    14362.5540   275    19563.0000      Cuts: 31    92604   26.58%
    494     0    14362.5540   255    19563.0000      Cuts: 30    92840   26.58%
    494     0    14362.5540   268    19563.0000      Cuts: 86    93107   26.58%
    494     0    14362.5540   274    19563.0000      Cuts: 69    93548   26.58%
*   494+    0                        19552.0000    14362.5540            26.54%
    494     2    14362.5540   274    19552.0000    14362.7964    93548   26.54%
    495     3    14368.8134   234    19552.0000    14368.7331    94036   26.51%
    496     4    14368.9824   198    19552.0000    14368.8134    94600   26.51%
    497     5    14372.7856   234    19552.0000    14369.0386    94846   26.51%
    498     6    15410.8604   213    19552.0000    14369.2922    97717   26.51%
    499     7    14387.1946   237    19552.0000    14369.2922    99204   26.51%
    500     8    14394.0817   219    19552.0000    14369.2922   101020   26.51%
    503    11    14420.5570   212    19552.0000    14369.2922   102273   26.51%
    506    14    14440.3652   207    19552.0000    14369.2922   103028   26.51%
Elapsed time = 57.88 sec. (74043.36 ticks, tree = 0.53 MB, solutions = 3)
    512    20    14489.2296   271    19552.0000    14369.2922   104701   26.51%
    513    21    14490.9640   208    19552.0000    14369.2922   105304   26.51%
    515    23    14496.6920   181    19552.0000    14369.2922   108307   26.51%
    516    24    14496.8201   267    19552.0000    14369.2922   108691   26.51%
    518    26    14497.0767   200    19552.0000    14369.2922   108861   26.51%
    523    31    14597.7142   211    19552.0000    14369.2922   109519   26.51%
    526    34    16347.9901   273    19552.0000    14369.2922   113399   26.51%
    528    36    14686.9708   219    19552.0000    14369.2922   114333   26.51%
    529    37    14504.9840   148    19552.0000    14369.2922   115484   26.51%
    530    38    14505.0488   225    19552.0000    14369.2922   115718   26.51%
Elapsed time = 75.87 sec. (93096.74 ticks, tree = 0.66 MB, solutions = 3)
    535    43    14505.2051   206    19552.0000    14369.2922   116104   26.51%
    543    51    14505.4246   239    19552.0000    14369.2922   116390   26.51%
    550    58    14505.5075   230    19552.0000    14369.2922   117426   26.51%
    558    66    14506.0873   198    19552.0000    14369.2922   117834   26.51%
    562    70    14506.9528   239    19552.0000    14369.2922   118488   26.51%
    565    73    17118.0224   167    19552.0000    14369.2922   122054   26.51%
    569    77    16574.1766   294    19552.0000    14369.2922   126625   26.51%
    572    80    17138.7495   220    19552.0000    14369.2922   131922   26.51%
    574    82    14507.8748   225    19552.0000    14369.2922   132151   26.51%
    593   101    14510.0121   164    19552.0000    14369.2922   132798   26.51%
Elapsed time = 93.95 sec. (113244.23 ticks, tree = 0.99 MB, solutions = 3)
    612   120    14511.1814   185    19552.0000    14369.2922   132985   26.51%
    631   139    14513.9888   184    19552.0000    14369.2922   133142   26.51%
    643   151    14528.8447   176    19552.0000    14369.2922   133998   26.51%
    659   167    14537.0153   171    19552.0000    14369.2922   134213   26.51%
    671   179    14565.9456   114    19552.0000    14369.2922   134502   26.51%
    679   180    14412.3807   248    19552.0000    14385.8933   137553   26.42%
    684   185    14442.5051   282    19552.0000    14385.8933   138737   26.42%
    687   188    16056.0160   172    19552.0000    14385.8933   141829   26.42%
    698   199    14457.9330   242    19552.0000    14385.8933   143464   26.42%
    714   215    14481.1281   191    19552.0000    14385.8933   144829   26.42%
Elapsed time = 105.00 sec. (126131.12 ticks, tree = 20.01 MB, solutions = 3)
    722   223    16179.4858   235    19552.0000    14385.8933   146733   26.42%
    731   232    16390.8685   213    19552.0000    14385.8933   148707   26.42%
    739   240    15464.1414   215    19552.0000    14385.8933   149853   26.42%
    750   251    14507.4716   153    19552.0000    14385.8933   150750   26.42%
    761   262    14841.8986   216    19552.0000    14385.8933   152739   26.42%
    786   287    14545.0523   176    19552.0000    14385.8933   153865   26.42%
    804   305    14570.1885   173    19552.0000    14385.8933   154347   26.42%
    835   336    14629.0083    90    19552.0000    14385.8933   155180   26.42%
    861   362    14719.6299   148    19552.0000    14385.8933   155737   26.42%
    871   372    15174.0752   222    19552.0000    14385.8933   158951   26.42%
Elapsed time = 113.57 sec. (136565.09 ticks, tree = 57.47 MB, solutions = 3)
    884   385    16180.1438   204    19552.0000    14385.8933   160770   26.42%
    897   396    16619.5995   171    19552.0000    14385.8933   163487   26.42%
    901   396    14717.8595   232    19552.0000    14414.6344   166441   26.28%
    906   401    14739.6888   243    19552.0000    14414.6344   168295   26.28%
    920   415    14764.9895   237    19552.0000    14414.6344   169369   26.28%
    934   429    14778.7624   301    19552.0000    14414.6344   169994   26.28%
    982   477    14807.1809   257    19552.0000    14414.6344   170777   26.28%
   1024   519    14833.1404   198    19552.0000    14414.6344   171461   26.28%
   1060   555    14868.0095   264    19552.0000    14414.6344   171970   26.28%
   1081   576    14945.1050   212    19552.0000    14414.6344   172784   26.28%
Elapsed time = 123.37 sec. (147943.59 ticks, tree = 106.63 MB, solutions = 3)
   1090   585    15582.4919   263    19552.0000    14414.6344   175308   26.28%
   1096   591    14706.4156   292    19552.0000    14417.7955   177547   26.26%
   1109   604    14812.6753   212    19552.0000    14417.7955   179397   26.26%
   1112   607    14824.8515   277    19552.0000    14417.7955   182506   26.26%
   1114   609    14853.0065   292    19552.0000    14417.7955   184821   26.26%
   1123   618    14879.8703   253    19552.0000    14417.7955   187002   26.26%
   1137   632    14939.3667   247    19552.0000    14417.7955   188046   26.26%
   1174   669    14960.6348   236    19552.0000    14417.7955   189024   26.26%
   1204   699    15579.1401   235    19552.0000    14417.7955   190636   26.26%
   1232   727    15676.2595   226    19552.0000    14417.7955   192415   26.26%
Elapsed time = 134.96 sec. (160710.23 ticks, tree = 142.89 MB, solutions = 3)
   1267   762    15819.1699   239    19552.0000    14417.7955   193697   26.26%
   1270   765    16151.1960   256    19552.0000    14417.7955   194615   26.26%
   1289   782    18119.0808   201    19552.0000    14417.7955   196326   26.26%
   1292   781    14695.5003   257    19552.0000    14436.3516   198349   26.16%
   1294   783    14702.0833   218    19552.0000    14436.3516   198839   26.16%
   1296   785    14728.6499   297    19552.0000    14436.3516   201581   26.16%
   1307   796    15938.5682   136    19552.0000    14436.3516   205802   26.16%
   1311   800    15540.7644   227    19552.0000    14436.3516   209314   26.16%
   1317   806    15159.4099   253    19552.0000    14436.3516   212847   26.16%
   1328   817    16795.9254   131    19552.0000    14436.3516   223056   26.16%
Elapsed time = 153.09 sec. (180186.77 ticks, tree = 164.13 MB, solutions = 3)
   1374   863    15897.9897   161    19552.0000    14436.3516   229800   26.16%
   1449   936    16288.7185   185    19552.0000    14436.3516   244715   26.16%
*  1494+  979                        19530.0000    14436.3516            26.08%
   1497   982    15941.6350   227    19530.0000    14439.0469   252871   26.07%
   1614  1092    16624.1755   125    19530.0000    14439.0469   260651   26.07%
   1718  1187    15365.0600   189    19530.0000    14441.4749   266221   26.05%
   1844  1313    17121.3117    72    19530.0000    14441.4749   274299   26.05%
   1894  1352    16974.5771   179    19530.0000    14443.1423   282705   26.05%
   1957  1413    19514.6471   145    19530.0000    14443.1423   290927   26.05%
   1973  1424    14854.3416   253    19530.0000    14445.1210   295905   26.04%
   2135  1583    19237.8947   150    19530.0000    14445.1210   304557   26.04%
Elapsed time = 187.36 sec. (219484.75 ticks, tree = 251.33 MB, solutions = 4)
   2142  1587    16811.6140   194    19530.0000    14445.6899   313257   26.03%
   2167  1612    17117.5752   303    19530.0000    14445.6899   320225   26.03%
   2223  1664    18922.3081   249    19530.0000    14445.6899   328179   26.03%
   2271  1694    16105.5647   252    19530.0000    14445.8733   337357   26.03%
   2358  1781    17399.4990   185    19530.0000    14445.8733   343161   26.03%
   2498  1918    15040.3903   203    19530.0000    14446.5394   351767   26.03%
   2625  2045    15521.4985   173    19530.0000    14446.5394   364986   26.03%
   2640  2058    16994.3266   196    19530.0000    14446.5394   377528   26.03%
   2645  2061    17233.8840   247    19530.0000    14446.5394   386562   26.03%
   2677  2082    15870.1689   245    19530.0000    14448.1172   397240   26.02%
Elapsed time = 229.13 sec. (264046.28 ticks, tree = 369.89 MB, solutions = 4)
   2817  2221    18418.5310   150    19530.0000    14448.1172   405186   26.02%
   2862  2259    14575.9552   269    19530.0000    14448.2120   413696   26.02%
   2984  2377    18707.1331   316    19530.0000    14448.2120   425745   26.02%
   2998  2391    18841.8742   339    19530.0000    14448.2120   432891   26.02%
   3048  2430    15825.4596   302    19530.0000    14448.3293   444067   26.02%
   3092  2474    16062.1871   232    19530.0000    14448.3293   456094   26.02%
   3188  2570    18905.0750   221    19530.0000    14448.3293   470916   26.02%
   3244  2622    14491.9998   308    19530.0000    14452.4905   482615   26.00%
   3422  2794    15879.0168   278    19530.0000    14456.4606   493172   25.98%
   3436  2808    16435.0816   308    19530.0000    14456.4606   501045   25.98%
Elapsed time = 268.69 sec. (306471.00 ticks, tree = 466.71 MB, solutions = 4)
   3471  2843    16634.1494   226    19530.0000    14456.4606   509156   25.98%
   3604  2970    16775.4196   334    19530.0000    14457.1073   530749   25.97%
   3617  2983    17236.0261   242    19530.0000    14457.1073   538459   25.97%
   3643  3009    17667.1749   174    19530.0000    14457.1073   552345   25.97%
   3684  3046    16516.2343   273    19530.0000    14457.6501   564436   25.97%
   3854  3216    16845.5963   226    19530.0000    14457.6501   571322   25.97%
   3870  3226    16811.4256   323    19530.0000    14463.2753   584238   25.94%
   3879  3235    18162.5690    85    19530.0000    14463.2753   593261   25.94%
   3893  3249    17650.0685   241    19530.0000    14463.2753   603231   25.94%
   3915  3271    18361.7399   129    19530.0000    14463.2753   611886   25.94%
Elapsed time = 313.22 sec. (352136.31 ticks, tree = 539.47 MB, solutions = 4)
   3958  3310    15938.8769   299    19530.0000    14467.4133   625567   25.92%
   4174  3518    18062.7017   199    19530.0000    14472.0510   637470   25.90%
   4271  3608    18043.7275   216    19530.0000    14473.7293   650397   25.89%
   4375  3710    infeasible          19530.0000    14473.7293   660818   25.89%
   4436  3769    14855.9360   242    19530.0000    14474.0940   670166   25.89%
   4494  3827    15714.0883   203    19530.0000    14474.0940   682393   25.89%
   4534  3863    17957.9451   122    19530.0000    14475.1895   694941   25.88%
   4584  3913    18474.0000   182    19530.0000    14475.1895   706792   25.88%
   4637  3966    18672.2988   138    19530.0000    14475.1895   717277   25.88%
   4707  4026    18438.5439   140    19530.0000    14476.3473   730552   25.88%
Elapsed time = 350.97 sec. (392957.82 ticks, tree = 720.10 MB, solutions = 4)
   4755  4070    17883.4595   203    19530.0000    14485.1859   746173   25.83%
   4821  4134    19325.4196   207    19530.0000    14485.1859   757428   25.83%
   4921  4229    14981.5680   212    19530.0000    14487.1763   763401   25.82%
   5005  4299    16098.2110   312    19530.0000    14487.4899   779157   25.82%
   5154  4448    16447.8344   274    19530.0000    14487.4899   787888   25.82%
   5182  4472    18263.3858   247    19530.0000    14487.4899   797636   25.82%
   5207  4489    14510.6625   308    19530.0000    14488.4920   805247   25.81%
   5236  4518    14682.3766   233    19530.0000    14488.4920   818053   25.81%
   5352  4634    15491.5000   211    19530.0000    14488.4920   830426   25.81%
   5401  4677    infeasible          19530.0000    14488.4920   842327   25.81%
Elapsed time = 388.26 sec. (432941.96 ticks, tree = 875.45 MB, solutions = 4)
   5435  4708    16407.3095   198    19530.0000    14488.7532   849356   25.81%
   5462  4735    17082.4218   249    19530.0000    14488.7532   854952   25.81%
   5479  4752    17890.0696   239    19530.0000    14488.7532   861508   25.81%
   5487  4760    18295.1500   154    19530.0000    14488.7532   868606   25.81%
   5511  4777    16681.8698   163    19530.0000    14489.5186   876282   25.81%
   5608  4867    15558.4358   164    19530.0000    14490.3617   890796   25.80%
   5684  4943    16113.0311   148    19530.0000    14490.3617   899151   25.80%
   5749  5004    14537.6097   225    19530.0000    14491.3667   905172   25.80%
   5917  5170    17365.0237   258    19530.0000    14491.3667   916556   25.80%
   5946  5195    16651.5995   296    19530.0000    14491.8977   932363   25.80%
Elapsed time = 426.82 sec. (476569.94 ticks, tree = 996.75 MB, solutions = 4)
   5977  5226    17287.6658   242    19530.0000    14491.8977   948668   25.80%
   5992  5241    19413.1570   194    19530.0000    14491.8977   958961   25.80%
   6012  5261    16141.0311   216    19530.0000    14491.8977   969931   25.80%
   6080  5329    14759.4328   169    19530.0000    14491.8977   980035   25.80%
   6154  5397    18120.0015   153    19530.0000    14491.8977   996279   25.80%
   6158  5401    18276.7695   198    19530.0000    14491.8977  1006951   25.80%
   6169  5412    18423.0775   267    19530.0000    14491.8977  1016774   25.80%
   6230  5469    14654.5987   192    19530.0000    14492.0192  1026862   25.80%
   6282  5521    16669.5051   234    19530.0000    14492.0192  1039809   25.80%
   6327  5566    17844.1969   225    19530.0000    14492.0192  1050835   25.80%
Elapsed time = 466.79 sec. (518905.66 ticks, tree = 1064.44 MB, solutions = 4)
   6352  5579    16883.5384   314    19530.0000    14493.6560  1064139   25.79%
   6399  5626    18035.2589   326    19530.0000    14493.6560  1074848   25.79%
   6428  5655    19174.2957   338    19530.0000    14493.6560  1089194   25.79%
   6432  5657        cutoff          19530.0000    14493.6560  1098706   25.79%
   6443  5666    16855.8868   191    19530.0000    14494.8391  1109257   25.78%
   6508  5726    16194.0919   224    19530.0000    14495.5260  1123419   25.78%
   6537  5755    16768.6059   202    19530.0000    14495.5260  1133338   25.78%
   6673  5883    15065.7682   217    19530.0000    14496.8231  1140958   25.77%
   6792  5990    16397.1587   234    19530.0000    14497.7492  1153351   25.77%
   6834  6032    18020.9000   176    19530.0000    14497.7492  1160686   25.77%
Elapsed time = 507.11 sec. (562184.32 ticks, tree = 1173.33 MB, solutions = 4)
   6904  6096    17446.5779   322    19530.0000    14498.5753  1171418   25.76%
   6995  6187    19146.7582   255    19530.0000    14498.5753  1182382   25.76%
   7010  6198    15269.1128   283    19530.0000    14499.3762  1192250   25.76%
   7195  6379    16367.5056   226    19530.0000    14501.9058  1209103   25.75%
   7208  6392    16486.4542   241    19530.0000    14501.9058  1219070   25.75%
   7284  6463    19325.9539   286    19530.0000    14501.9058  1235656   25.75%
   7402  6577    16476.5205   176    19530.0000    14502.0534  1245582   25.74%
   7428  6599    14745.6677   289    19530.0000    14502.7945  1255845   25.74%
   7558  6725    16889.1429   104    19530.0000    14502.7945  1265069   25.74%
   7577  6740    17113.6114   301    19530.0000    14502.7945  1281501   25.74%
Elapsed time = 553.83 sec. (611404.61 ticks, tree = 1273.70 MB, solutions = 4)
   7647  6804    16518.5605   158    19530.0000    14503.2698  1294389   25.74%
   7667  6824    17161.4180   107    19530.0000    14503.2698  1303812   25.74%
   7694  6851    18290.7934   255    19530.0000    14503.2698  1311131   25.74%
   7765  6919    19250.3012   248    19530.0000    14503.2698  1322851   25.74%
   7814  6959    16998.7876   246    19530.0000    14504.6898  1334607   25.73%
   7858  7003    17853.9878   216    19530.0000    14504.6898  1345242   25.73%
   7899  7040    18083.9154   181    19530.0000    14504.9345  1357387   25.73%
   7971  7112    18840.5727   280    19530.0000    14504.9345  1371294   25.73%
*  7999  6957      integral     0    19099.0000    14504.9345  1376577   24.05%
   8000  6957    14756.4571   312    19099.0000    14505.0916  1379463   24.05%
   8107  7058    16490.1241   219    19099.0000    14505.3030  1398603   24.05%
Elapsed time = 594.88 sec. (655832.14 ticks, tree = 1310.58 MB, solutions = 5)
   8197  7148    16953.6375   238    19099.0000    14505.3030  1410688   24.05%
   8245  7187    16648.1381   199    19099.0000    14505.3445  1421867   24.05%
   8351  7288    18083.7292   186    19099.0000    14505.3445  1432611   24.05%
   8362  7292    14801.6494   243    19099.0000    14505.5942  1440234   24.05%
   8404  7334    18300.2562   168    19099.0000    14505.5942  1456609   24.05%
   8474  7401    17285.2062   159    19099.0000    14505.5942  1469503   24.05%
   8526  7447    18405.5515   231    19099.0000    14505.7483  1482987   24.05%
   8551  7468    17034.4255   278    19099.0000    14505.7685  1493647   24.05%
   8652  7569    18432.3143   265    19099.0000    14505.7685  1503517   24.05%
   8657  7568    16318.0117   218    19099.0000    14506.0943  1517003   24.05%
Elapsed time = 635.66 sec. (699449.28 ticks, tree = 1401.54 MB, solutions = 5)
   8689  7600    16759.3916   294    19099.0000    14506.0943  1522209   24.05%
   8747  7658    18003.6139   302    19099.0000    14506.0943  1532670   24.05%
   8778  7685    14667.1925   292    19099.0000    14506.3610  1539154   24.05%
   8940  7843    18527.3591   165    19099.0000    14506.3610  1551196   24.05%
   8955  7854    17551.4232   256    19099.0000    14506.7087  1564831   24.04%
   8979  7878    17032.5724   272    19099.0000    14506.7087  1574985   24.04%
   9007  7906    16550.0035   139    19099.0000    14506.7087  1588529   24.04%
   9039  7938    18281.8553   222    19099.0000    14506.7087  1601912   24.04%
*  9124+ 6474                        17811.0000    14506.7087            18.55%
   9126  6474    14800.5186   309    17811.0000    14506.7087  1618140   18.55%
   9184  6532    15073.6617   216    17811.0000    14506.7087  1625414   18.55%
Elapsed time = 673.27 sec. (740873.90 ticks, tree = 1191.86 MB, solutions = 6)
   9252  6598        cutoff          17811.0000    14506.7087  1634722   18.55%
   9264  6608    15010.8637   309    17811.0000    14507.0771  1641268   18.55%
   9347  6691    15742.0173   208    17811.0000    14507.0771  1649920   18.55%
   9394  6730    16723.2537   286    17811.0000    14507.3081  1659443   18.55%
   9412  6748    17727.0868   273    17811.0000    14507.3081  1669699   18.55%
   9454  6786    14643.9735   192    17811.0000    14507.9121  1675929   18.55%
   9550  6878    14677.3385   182    17811.0000    14508.0287  1682773   18.54%
   9664  6987    17782.2774   233    17811.0000    14508.5339  1695828   18.54%
   9708  7025    17752.3821   245    17811.0000    14508.7205  1705971   18.54%
   9764  7073    14685.8785   154    17811.0000    14509.0545  1714798   18.54%
Elapsed time = 713.03 sec. (783963.40 ticks, tree = 1267.59 MB, solutions = 6)
   9880  7181    16671.4579   217    17811.0000    14509.2969  1727781   18.54%
   9916  7215    17107.8345   148    17811.0000    14509.2969  1738073   18.54%
   9939  7236    17632.8048   257    17811.0000    14509.2969  1748126   18.54%
   9956  7249    15097.3926   281    17811.0000    14509.6430  1755643   18.54%
  10099  7388    17135.3508   192    17811.0000    14510.4130  1770032   18.53%
  10195  7475    17799.4433   211    17811.0000    14510.7999  1784192   18.53%
  10203  7477    16604.8071   184    17811.0000    14511.7054  1796084   18.52%
  10207  7481    16728.9677   316    17811.0000    14511.7054  1809495   18.52%
  10211  7485    16850.4012   210    17811.0000    14511.7054  1818534   18.52%
  10244  7510    17536.0253   179    17811.0000    14511.7251  1832566   18.52%
Elapsed time = 755.41 sec. (829150.64 ticks, tree = 1321.69 MB, solutions = 6)
  10316  7572    17306.6115   190    17811.0000    14512.1178  1851786   18.52%
  10334  7587    16485.9573   236    17811.0000    14512.1767  1861822   18.52%
  10356  7609    17385.9065   270    17811.0000    14512.1767  1872846   18.52%
  10374  7623    16575.1853   286    17811.0000    14512.2086  1883453   18.52%
* 10375+ 6737                        17210.0000    14512.2086            15.68%
* 10375+ 6690                        17180.0000    14512.2086            15.53%
* 10375+ 6186                        16983.0000    14512.2086            14.55%
  10375  6186    16983.0000     0    16983.0000    14512.3028  1885682   14.55%
* 10376+ 6174                        16976.0000    14512.3028            14.51%
* 10376+ 6156                        16965.0000    14512.3028            14.46%
* 10376+ 5168                        16564.0000    14512.3028            12.39%
  10376  5170    14833.4513   188    16564.0000    14512.6416  1889573   12.38%
  10380  5172    15841.5890   241    16564.0000    14513.0839  1900758   12.38%
Starting limited solution polishing.
  10426  5209    15655.4894   284    16564.0000    14513.4327  1912824   12.38%
  10461  5244    16041.1558   268    16564.0000    14513.4327  1922852   12.38%
  10476  5252    14576.3438   228    16564.0000    14513.6708  1931092   12.38%
Elapsed time = 842.08 sec. (932096.93 ticks, tree = 913.21 MB, solutions = 12)
  10596  5372    15333.1777   186    16564.0000    14513.6708  1944122   12.38%
  10615  5384    infeasible          16564.0000    14513.6708  1953512   12.38%
  10631  5398        cutoff          16564.0000    14514.0246  1966236   12.38%
  10642  5405        cutoff          16564.0000    14514.1393  1977802   12.38%
  10680  5439    16017.8351   303    16564.0000    14514.1393  1989152   12.38%
  10699  5456        cutoff          16564.0000    14514.1393  1997851   12.38%
  10728  5479    15258.8868   237    16564.0000    14514.2487  2009110   12.37%
  10758  5509    15742.9145   262    16564.0000    14514.2487  2020811   12.37%
  10794  5541    15839.8301   178    16564.0000    14514.3475  2026261   12.37%
  10873  5615    15319.0757   160    16564.0000    14515.0369  2037567   12.37%
Elapsed time = 882.74 sec. (976497.79 ticks, tree = 1000.18 MB, solutions = 12)
  10894  5636    15390.7681   150    16564.0000    14515.0369  2038221   12.37%
  10943  5681    16137.8149   251    16564.0000    14515.1025  2053501   12.37%
  10953  5691    16427.8641   286    16564.0000    14515.1025  2063551   12.37%

Clique cuts applied:  21
Cover cuts applied:  86
Flow cuts applied:  5
Mixed integer rounding cuts applied:  139
Zero-half cuts applied:  81
Lift and project cuts applied:  10
Gomory fractional cuts applied:  8

Root node processing (before b&c):
  Real time             =   15.64 sec. (24462.28 ticks)
Sequential b&c:
  Real time             =  884.38 sec. (971965.66 ticks)
                          ------------
Total (root+branch&cut) =  900.02 sec. (996427.94 ticks)
MIP: [1;32mCPLEX finished.[0m
MIP: [1;32mCPLEX status: Feasible[0m
CAN: [1;35mItem: 0, Level: 0, at bin: 2[0m
CAN: [1;35mItem: 0, Level: 1, at bin: 12[0m
CAN: [1;35mItem: 0, Level: 2, at bin: 1[0m
CAN: [1;35mItem: 0, Level: 3, at bin: 13[0m
CAN: [1;35mItem: 0, Level: 4, at bin: 7[0m
CAN: [1;35mItem: 1, Level: 0, at bin: 16[0m
CAN: [1;35mItem: 1, Level: 1, at bin: 17[0m
CAN: [1;35mItem: 1, Level: 2, at bin: 24[0m
CAN: [1;35mItem: 1, Level: 3, at bin: 13[0m
CAN: [1;35mItem: 1, Level: 4, at bin: 7[0m
CAN: [1;35mItem: 2, Level: 0, at bin: 2[0m
CAN: [1;35mItem: 2, Level: 1, at bin: 12[0m
CAN: [1;35mItem: 2, Level: 2, at bin: 1[0m
CAN: [1;35mItem: 2, Level: 3, at bin: 13[0m
CAN: [1;35mItem: 2, Level: 4, at bin: 7[0m
CAN: [1;35mItem: 3, Level: 0, at bin: 10[0m
CAN: [1;35mItem: 3, Level: 1, at bin: 10[0m
CAN: [1;35mItem: 3, Level: 2, at bin: 22[0m
CAN: [1;35mItem: 3, Level: 3, at bin: 8[0m
CAN: [1;35mItem: 3, Level: 4, at bin: 7[0m
CAN: [1;35mItem: 4, Level: 0, at bin: 3[0m
CAN: [1;35mItem: 4, Level: 1, at bin: 15[0m
CAN: [1;35mItem: 4, Level: 2, at bin: 22[0m
CAN: [1;35mItem: 4, Level: 3, at bin: 8[0m
CAN: [1;35mItem: 4, Level: 4, at bin: 7[0m
CAN: [1;35mItem: 5, Level: 0, at bin: 18[0m
CAN: [1;35mItem: 5, Level: 1, at bin: 18[0m
CAN: [1;35mItem: 5, Level: 2, at bin: 1[0m
CAN: [1;35mItem: 5, Level: 3, at bin: 13[0m
CAN: [1;35mItem: 5, Level: 4, at bin: 7[0m
CAN: [1;35mItem: 6, Level: 0, at bin: 18[0m
CAN: [1;35mItem: 6, Level: 1, at bin: 18[0m
CAN: [1;35mItem: 6, Level: 2, at bin: 1[0m
CAN: [1;35mItem: 6, Level: 3, at bin: 13[0m
CAN: [1;35mItem: 6, Level: 4, at bin: 7[0m
CAN: [1;35mItem: 7, Level: 0, at bin: 1[0m
CAN: [1;35mItem: 7, Level: 1, at bin: 4[0m
CAN: [1;35mItem: 7, Level: 2, at bin: 24[0m
CAN: [1;35mItem: 7, Level: 3, at bin: 13[0m
CAN: [1;35mItem: 7, Level: 4, at bin: 7[0m
CAN: [1;35mItem: 8, Level: 0, at bin: 7[0m
CAN: [1;35mItem: 8, Level: 1, at bin: 17[0m
CAN: [1;35mItem: 8, Level: 2, at bin: 24[0m
CAN: [1;35mItem: 8, Level: 3, at bin: 13[0m
CAN: [1;35mItem: 8, Level: 4, at bin: 7[0m
CAN: [1;35mItem: 9, Level: 0, at bin: 1[0m
CAN: [1;35mItem: 9, Level: 1, at bin: 4[0m
CAN: [1;35mItem: 9, Level: 2, at bin: 24[0m
CAN: [1;35mItem: 9, Level: 3, at bin: 13[0m
CAN: [1;35mItem: 9, Level: 4, at bin: 7[0m
CAN: [1;35mItem: 10, Level: 0, at bin: 12[0m
CAN: [1;35mItem: 10, Level: 1, at bin: 4[0m
CAN: [1;35mItem: 10, Level: 2, at bin: 24[0m
CAN: [1;35mItem: 10, Level: 3, at bin: 13[0m
CAN: [1;35mItem: 10, Level: 4, at bin: 7[0m
CAN: [1;35mItem: 11, Level: 0, at bin: 11[0m
CAN: [1;35mItem: 11, Level: 1, at bin: 9[0m
CAN: [1;35mItem: 11, Level: 2, at bin: 24[0m
CAN: [1;35mItem: 11, Level: 3, at bin: 13[0m
CAN: [1;35mItem: 11, Level: 4, at bin: 7[0m
CAN: [1;35mItem: 12, Level: 0, at bin: 0[0m
CAN: [1;35mItem: 12, Level: 1, at bin: 18[0m
CAN: [1;35mItem: 12, Level: 2, at bin: 1[0m
CAN: [1;35mItem: 12, Level: 3, at bin: 13[0m
CAN: [1;35mItem: 12, Level: 4, at bin: 7[0m
CAN: [1;35mItem: 13, Level: 0, at bin: 1[0m
CAN: [1;35mItem: 13, Level: 1, at bin: 4[0m
CAN: [1;35mItem: 13, Level: 2, at bin: 24[0m
CAN: [1;35mItem: 13, Level: 3, at bin: 13[0m
CAN: [1;35mItem: 13, Level: 4, at bin: 7[0m
CAN: [1;35mItem: 14, Level: 0, at bin: 9[0m
CAN: [1;35mItem: 14, Level: 1, at bin: 17[0m
CAN: [1;35mItem: 14, Level: 2, at bin: 24[0m
CAN: [1;35mItem: 14, Level: 3, at bin: 13[0m
CAN: [1;35mItem: 14, Level: 4, at bin: 7[0m
CAN: [1;35mItem: 15, Level: 0, at bin: 18[0m
CAN: [1;35mItem: 15, Level: 1, at bin: 18[0m
CAN: [1;35mItem: 15, Level: 2, at bin: 1[0m
CAN: [1;35mItem: 15, Level: 3, at bin: 13[0m
CAN: [1;35mItem: 15, Level: 4, at bin: 7[0m
CAN: [1;35mItem: 16, Level: 0, at bin: 12[0m
CAN: [1;35mItem: 16, Level: 1, at bin: 4[0m
CAN: [1;35mItem: 16, Level: 2, at bin: 24[0m
CAN: [1;35mItem: 16, Level: 3, at bin: 13[0m
CAN: [1;35mItem: 16, Level: 4, at bin: 7[0m
CAN: [1;35mItem: 17, Level: 0, at bin: 9[0m
CAN: [1;35mItem: 17, Level: 1, at bin: 17[0m
CAN: [1;35mItem: 17, Level: 2, at bin: 24[0m
CAN: [1;35mItem: 17, Level: 3, at bin: 13[0m
CAN: [1;35mItem: 17, Level: 4, at bin: 7[0m
CAN: [1;35mItem: 18, Level: 0, at bin: 11[0m
CAN: [1;35mItem: 18, Level: 1, at bin: 9[0m
CAN: [1;35mItem: 18, Level: 2, at bin: 24[0m
CAN: [1;35mItem: 18, Level: 3, at bin: 13[0m
CAN: [1;35mItem: 18, Level: 4, at bin: 7[0m
CAN: [1;35mItem: 19, Level: 0, at bin: 18[0m
CAN: [1;35mItem: 19, Level: 1, at bin: 18[0m
CAN: [1;35mItem: 19, Level: 2, at bin: 1[0m
CAN: [1;35mItem: 19, Level: 3, at bin: 13[0m
CAN: [1;35mItem: 19, Level: 4, at bin: 7[0m
MIP: [1;32mSolution: 
Indexes: [2, 16, 2, 10, 3, 18, 18, 1, 7, 1, 12, 11, 0, 1, 9, 18, 12, 9, 11, 18][18, 4, 12, 15, -1, -1, -1, 17, -1, 17, 10, 9, 4, -1, -1, -1, 17, -1, 18, -1][-1, -1, -1, -1, 24, -1, -1, -1, -1, 24, 22, -1, 1, -1, -1, 22, -1, 24, 1, -1, -1, -1, -1][-1, 13, -1, -1, -1, -1, -1, -1, -1, -1, -1, -1, -1, -1, -1, -1, -1, -1, -1, -1, -1, -1, 8, -1, 13][-1, -1, -1, -1, -1, -1, -1, -1, 7, -1, -1, -1, -1, 7, -1, -1, -1, -1, -1, -1, -1, -1, -1, -1], P Variables: [2, 12, 1, 13, 7][16, 17, 24, 13, 7][2, 12, 1, 13, 7][10, 10, 22, 8, 7][3, 15, 22, 8, 7][18, 18, 1, 13, 7][18, 18, 1, 13, 7][1, 4, 24, 13, 7][7, 17, 24, 13, 7][1, 4, 24, 13, 7][12, 4, 24, 13, 7][11, 9, 24, 13, 7][0, 18, 1, 13, 7][1, 4, 24, 13, 7][9, 17, 24, 13, 7][18, 18, 1, 13, 7][12, 4, 24, 13, 7][9, 17, 24, 13, 7][11, 9, 24, 13, 7][18, 18, 1, 13, 7], Flow leaving each bin: [0m
MIP: [1;32mObjective value: 16564[0m
MIP: [1;32mLower Bound: 14515.1[0m
MIP: [1;32mBranch-and-Bound nodes: 10961[0m

# best solution:
best objective value:	16564
best dual bound value:	14515
optimality gap:	12.3702%
CPU time:	897.778
