ifile	/scratch/csagturk/mlbppo_inst/n0020_m01_p200__014.inst
prob	MLBPPO
threads	1
ttime	900
instance: /scratch/csagturk/mlbppo_inst/n0020_m01_p200__014.inst
	m=1, n=[20, 22], #pos=40
MIP: [1;32minit CPLEX[0m
CAN: [1;35mcreated 440 x_{ijk} variables[0m
CAN: [1;35mcreated 42 y_{ij} variables[0m
CAN: [1;35mcreated 440 p_{ijk} variables[0m
MIP: [1;32mcreated decision variables[0m
CAN: [1;35madded 20 constraints to enforce the packing of each item[0m
CAN: [1;35madded 0 constraints to enforce the packing of each item[0m
CAN: [1;35madded 22 capacity constraints[0m
MIP: [1;32mcreated constraints[0m
MIP: [1;32mcreated objective function[0m
MIP: [1;32mcalling CPLEX solve ...[0m
Version identifier: 22.1.0.0 | 2022-03-09 | 1a383f8ce
CPXPARAM_Threads                                 1
CPXPARAM_TimeLimit                               900
Tried aggregator 2 times.
MIP Presolve eliminated 487 rows and 229 columns.
MIP Presolve modified 1536 coefficients.
Aggregator did 353 substitutions.
Reduced MIP has 503 rows, 320 columns, and 8343 nonzeros.
Reduced MIP has 320 binaries, 0 generals, 0 SOSs, and 0 indicators.
Presolve time = 0.03 sec. (32.35 ticks)
Found incumbent of value 10258.000000 after 0.04 sec. (41.58 ticks)
Probing fixed 130 vars, tightened 0 bounds.
Probing time = 0.01 sec. (9.55 ticks)
Cover probing fixed 14 vars, tightened 0 bounds.
Tried aggregator 1 time.
MIP Presolve eliminated 303 rows and 148 columns.
MIP Presolve modified 1314 coefficients.
Reduced MIP has 172 rows, 172 columns, and 1402 nonzeros.
Reduced MIP has 172 binaries, 0 generals, 0 SOSs, and 0 indicators.
Presolve time = 0.00 sec. (3.75 ticks)
Probing fixed 12 vars, tightened 0 bounds.
Probing time = 0.00 sec. (1.16 ticks)
Cover probing fixed 1 vars, tightened 0 bounds.
Tried aggregator 1 time.
Detecting symmetries...
MIP Presolve eliminated 25 rows and 13 columns.
MIP Presolve modified 225 coefficients.
Reduced MIP has 142 rows, 159 columns, and 993 nonzeros.
Reduced MIP has 159 binaries, 0 generals, 0 SOSs, and 0 indicators.
Presolve time = 0.00 sec. (0.97 ticks)
Probing fixed 1 vars, tightened 0 bounds.
Probing time = 0.00 sec. (0.78 ticks)
Clique table members: 1167.
MIP emphasis: balance optimality and feasibility.
MIP search method: dynamic search.
Parallel mode: none, using 1 thread.
Root relaxation solution time = 0.00 sec. (1.33 ticks)

        Nodes                                         Cuts/
   Node  Left     Objective  IInf  Best Integer    Best Bound    ItCnt     Gap

*     0+    0                        10258.0000        0.0000           100.00%
      0     0     5986.1384    36    10258.0000     5986.1384      113   41.64%
      0     0     6558.0694    43    10258.0000      Cuts: 51      204   36.07%
      0     0     6953.7854    15    10258.0000      Cuts: 52      300   32.21%
*     0+    0                         7556.0000     6953.7854             7.97%
      0     0     7004.4167    30     7556.0000      Cuts: 18      326    7.30%
*     0+    0                         7360.0000     7004.4167             4.83%
      0     0     7012.1048    28     7360.0000      Cuts: 14      338    4.73%
*     0+    0                         7027.0000     7012.1048             0.21%
Detecting symmetries...

Repeating presolve.
Tried aggregator 3 times.
MIP Presolve eliminated 70 rows and 73 columns.
MIP Presolve added 2 rows and 0 columns.
MIP Presolve modified 80 coefficients.
Aggregator did 5 substitutions.
Reduced MIP has 67 rows, 81 columns, and 315 nonzeros.
Reduced MIP has 81 binaries, 0 generals, 0 SOSs, and 0 indicators.
Presolve time = 0.00 sec. (0.69 ticks)
Probing fixed 9 vars, tightened 0 bounds.
Probing time = 0.00 sec. (0.14 ticks)
Tried aggregator 2 times.
MIP Presolve eliminated 26 rows and 34 columns.
MIP Presolve modified 55 coefficients.
Aggregator did 1 substitutions.
Reduced MIP has 36 rows, 46 columns, and 154 nonzeros.
Reduced MIP has 46 binaries, 0 generals, 0 SOSs, and 0 indicators.
Presolve time = 0.00 sec. (0.25 ticks)
Probing time = 0.00 sec. (0.07 ticks)
Tried aggregator 1 time.
Detecting symmetries...
Reduced MIP has 36 rows, 46 columns, and 154 nonzeros.
Reduced MIP has 46 binaries, 0 generals, 0 SOSs, and 0 indicators.
Presolve time = 0.00 sec. (0.11 ticks)
Represolve time = 0.01 sec. (3.56 ticks)
Probing time = 0.00 sec. (0.07 ticks)
Clique table members: 175.
MIP emphasis: balance optimality and feasibility.
MIP search method: dynamic search.
Parallel mode: none, using 1 thread.
Root relaxation solution time = 0.00 sec. (0.28 ticks)

        Nodes                                         Cuts/
   Node  Left     Objective  IInf  Best Integer    Best Bound    ItCnt     Gap

*     0+    0                         7027.0000     7012.1048             0.21%
      0     0     7019.0000    10     7027.0000     7019.0000      376    0.11%
      0     0        cutoff           7027.0000                    383    0.00%
Elapsed time = 0.09 sec. (78.78 ticks, tree = 0.01 MB, solutions = 4)

GUB cover cuts applied:  3
Clique cuts applied:  1
Cover cuts applied:  4
Implied bound cuts applied:  9
Mixed integer rounding cuts applied:  3
Zero-half cuts applied:  5
Gomory fractional cuts applied:  2

Root node processing (before b&c):
  Real time             =    0.09 sec. (78.81 ticks)
Sequential b&c:
  Real time             =    0.00 sec. (0.00 ticks)
                          ------------
Total (root+branch&cut) =    0.09 sec. (78.81 ticks)
MIP: [1;32mCPLEX finished.[0m
MIP: [1;32mCPLEX status: Optimal[0m
CAN: [1;35mItem: 0, Level: 0, at bin: 7[0m
CAN: [1;35mItem: 1, Level: 0, at bin: 3[0m
CAN: [1;35mItem: 2, Level: 0, at bin: 9[0m
CAN: [1;35mItem: 3, Level: 0, at bin: 4[0m
CAN: [1;35mItem: 4, Level: 0, at bin: 4[0m
CAN: [1;35mItem: 5, Level: 0, at bin: 13[0m
CAN: [1;35mItem: 6, Level: 0, at bin: 8[0m
CAN: [1;35mItem: 7, Level: 0, at bin: 15[0m
CAN: [1;35mItem: 8, Level: 0, at bin: 18[0m
CAN: [1;35mItem: 9, Level: 0, at bin: 11[0m
CAN: [1;35mItem: 10, Level: 0, at bin: 8[0m
CAN: [1;35mItem: 11, Level: 0, at bin: 16[0m
CAN: [1;35mItem: 12, Level: 0, at bin: 17[0m
CAN: [1;35mItem: 13, Level: 0, at bin: 13[0m
CAN: [1;35mItem: 14, Level: 0, at bin: 18[0m
CAN: [1;35mItem: 15, Level: 0, at bin: 3[0m
CAN: [1;35mItem: 16, Level: 0, at bin: 8[0m
CAN: [1;35mItem: 17, Level: 0, at bin: 21[0m
CAN: [1;35mItem: 18, Level: 0, at bin: 20[0m
CAN: [1;35mItem: 19, Level: 0, at bin: 21[0m
MIP: [1;32mSolution: 
Indexes: [7, 3, 9, 4, 4, 13, 8, 15, 18, 11, 8, 16, 17, 13, 18, 3, 8, 21, 20, 21], P Variables: [7][3][9][4][4][13][8][15][18][11][8][16][17][13][18][3][8][21][20][21], Flow leaving each bin: [0m
MIP: [1;32mObjective value: 7027[0m
MIP: [1;32mLower Bound: 7027[0m
MIP: [1;32mBranch-and-Bound nodes: 0[0m

# best solution:
best objective value:	7027
best dual bound value:	7027
optimality gap:	0%
CPU time:	0.0883209
