ifile	/scratch/csagturk/mlbppo_inst/n0020_m03_p100__043.inst
prob	MLBPPO
threads	1
ttime	900
instance: /scratch/csagturk/mlbppo_inst/n0020_m03_p100__043.inst
	m=3, n=[20, 14, 12, 13], #pos=20
MIP: [1;32minit CPLEX[0m
CAN: [1;35mcreated 604 x_{ijk} variables[0m
CAN: [1;35mcreated 59 y_{ij} variables[0m
CAN: [1;35mcreated 780 p_{ijk} variables[0m
MIP: [1;32mcreated decision variables[0m
CAN: [1;35madded 20 constraints to enforce the packing of each item[0m
CAN: [1;35madded 26 constraints to enforce the packing of each item[0m
CAN: [1;35madded 39 capacity constraints[0m
MIP: [1;32mcreated constraints[0m
MIP: [1;32mcreated objective function[0m
MIP: [1;32mcalling CPLEX solve ...[0m
Version identifier: 22.1.0.0 | 2022-03-09 | 1a383f8ce
CPXPARAM_Threads                                 1
CPXPARAM_TimeLimit                               900
Tried aggregator 2 times.
MIP Presolve eliminated 6205 rows and 4835 columns.
MIP Presolve modified 592 coefficients.
Aggregator did 13627 substitutions.
Reduced MIP has 13066 rows, 9556 columns, and 34121 nonzeros.
Reduced MIP has 5292 binaries, 0 generals, 0 SOSs, and 37 indicators.
Presolve time = 0.10 sec. (187.19 ticks)
Probing fixed 0 vars, tightened 31 bounds.
Probing changed sense of 26 constraints.
Probing time = 0.56 sec. (415.70 ticks)
Tried aggregator 2 times.
MIP Presolve eliminated 156 rows and 182 columns.
Aggregator did 8372 substitutions.
Reduced MIP has 4538 rows, 1002 columns, and 17013 nonzeros.
Reduced MIP has 1002 binaries, 0 generals, 0 SOSs, and 0 indicators.
Presolve time = 0.04 sec. (35.30 ticks)
Probing time = 0.00 sec. (2.94 ticks)
Tried aggregator 1 time.
Detecting symmetries...
Reduced MIP has 4538 rows, 1002 columns, and 17013 nonzeros.
Reduced MIP has 1002 binaries, 0 generals, 0 SOSs, and 0 indicators.
Presolve time = 0.01 sec. (9.51 ticks)
Probing time = 0.00 sec. (2.93 ticks)
Clique table members: 1316.
MIP emphasis: balance optimality and feasibility.
MIP search method: dynamic search.
Parallel mode: none, using 1 thread.
Root relaxation solution time = 0.02 sec. (21.38 ticks)

        Nodes                                         Cuts/
   Node  Left     Objective  IInf  Best Integer    Best Bound    ItCnt     Gap

      0     0    11232.3759   151                  11232.3759      599         
      0     0    11266.9520   112                    Cuts: 46     1371         
      0     0    11346.0237   161                   Cuts: 121     2119         
      0     0    11405.2389   145                   Cuts: 107     2861         
      0     0    11451.3181   158                    Cuts: 92     3402         
      0     0    11453.9149   140                    Cuts: 52     3668         
Detecting symmetries...
      0     0    11455.3660   158                    Cuts: 57     3881         
      0     0    11474.3782   163                    Cuts: 83     4190         
      0     0    11503.0590   163                    Cuts: 80     4503         
      0     0    11526.9278   167                    Cuts: 73     4707         
      0     0    11531.5127   171                    Cuts: 62     4797         
      0     0    11539.1145   177                    Cuts: 71     4947         
      0     0    11565.5232   154                    Cuts: 68     5460         
      0     0    11572.3858   165                    Cuts: 77     5620         
      0     0    11578.8228   155                    Cuts: 68     5745         
      0     0    11579.8969   163                    Cuts: 60     5822         
      0     0    11584.6826   157                    Cuts: 37     6109         
      0     0    11588.1304   197                    Cuts: 73     6831         
      0     0    11589.9680   196                    Cuts: 53     6991         
*     0+    0                        18971.0000    11589.9680            38.91%
*     0+    0                        18230.0000    11589.9680            36.42%
Detecting symmetries...
      0     2    11589.9680   186    18230.0000    11589.9680     6991   36.42%
Elapsed time = 2.38 sec. (2540.09 ticks, tree = 0.01 MB, solutions = 2)
     10    12    11692.6020   145    18230.0000    11589.9680     8643   36.42%
     30    32    11675.3333   108    18230.0000    11589.9680    10587   36.42%
     75    75    12985.0000    17    18230.0000    11589.9680    14492   36.42%
*   100+   88                        13910.0000    11589.9680            16.68%
    110    95    11598.1741   164    13910.0000    11590.2455    16366   16.68%
    142   127    11905.5622   130    13910.0000    11590.2455    19451   16.68%
    174   157    12966.1640    39    13910.0000    11590.2455    23175   16.68%
    225   197    11603.5049   145    13910.0000    11592.4068    27031   16.66%
    261   233    12969.0714    74    13910.0000    11592.4068    31035   16.66%
    324   290    12612.7944    57    13910.0000    11598.1741    35008   16.62%
*   330+  282                        13640.0000    11598.1741            14.97%
*   356   302      integral     0    13622.0000    11598.1741    35724   14.86%

Performing restart 1

Repeating presolve.
Tried aggregator 1 time.
MIP Presolve modified 2850 coefficients.
Reduced MIP has 4538 rows, 1002 columns, and 15683 nonzeros.
Reduced MIP has 1002 binaries, 0 generals, 0 SOSs, and 0 indicators.
Presolve time = 0.02 sec. (15.22 ticks)
Tried aggregator 1 time.
MIP Presolve modified 86 coefficients.
Reduced MIP has 4538 rows, 1002 columns, and 15683 nonzeros.
Reduced MIP has 1002 binaries, 0 generals, 0 SOSs, and 0 indicators.
Presolve time = 0.02 sec. (13.80 ticks)
Represolve time = 0.08 sec. (67.86 ticks)
    479     0    11566.6177   183    13622.0000      Cuts: 74    47608   14.86%
    479     0    11611.9543   170    13622.0000      Cuts: 88    48054   14.76%
    479     0    11618.4015   172    13622.0000     Cuts: 125    48361   14.71%
    479     0    11632.1579   184    13622.0000     Cuts: 106    48751   14.61%
    479     0    11633.1319   209    13622.0000     Cuts: 110    49008   14.60%
    479     0    11634.6012   193    13622.0000      Cuts: 89    49225   14.59%
    479     0    11635.7438   192    13622.0000      Cuts: 98    49524   14.58%
    479     0    11636.5505   194    13622.0000      Cuts: 78    49701   14.58%
    479     0    11637.2357   182    13622.0000      Cuts: 70    49856   14.57%
    479     0    11638.0018   189    13622.0000      Cuts: 79    50042   14.56%
    479     0    11638.7133   186    13622.0000      Cuts: 39    50226   14.56%
    479     0    11639.3210   185    13622.0000      Cuts: 52    50349   14.55%
    479     0    11639.4215   180    13622.0000      Cuts: 45    50517   14.55%
    479     0    11639.7762   167    13622.0000      Cuts: 19    50620   14.55%
    479     0    11639.7762   182    13622.0000      Cuts: 50    50733   14.55%
    479     0    11639.7762   170    13622.0000      Cuts: 15    50819   14.55%
    479     2    11639.7762   166    13622.0000    11641.1854    50819   14.54%
Elapsed time = 9.29 sec. (10429.90 ticks, tree = 0.01 MB, solutions = 5)
    484     7    11668.9553   135    13622.0000    11650.8217    51588   14.47%
    496    19    11693.6363   118    13622.0000    11668.3611    52976   14.34%
    509    30    11925.9530   137    13622.0000    11668.3611    54256   14.34%
    538    47    11746.2361   119    13622.0000    11668.9553    56625   14.34%
    563    72    12138.0000   109    13622.0000    11668.9553    58840   14.34%
    585    88    11778.6000    79    13622.0000    11669.1010    61705   14.34%
    632   135    12519.5000    83    13622.0000    11669.1010    64701   14.34%
    715   205    13367.0000    94    13622.0000    11674.9038    68391   14.29%
    772   254    12685.5714   130    13622.0000    11677.9856    73921   14.27%
    873   347    11923.0000    55    13622.0000    11677.9979    78060   14.27%
Elapsed time = 16.34 sec. (20442.50 ticks, tree = 0.67 MB, solutions = 5)
    921   373    11741.6667   135    13622.0000    11677.9979    83833   14.27%
   1008   453    11796.5714    86    13622.0000    11678.9606    89551   14.26%
   1064   505    11885.9354   161    13622.0000    11678.9606    95629   14.26%
   1143   578    12075.3459   155    13622.0000    11678.9774   102771   14.26%
   1245   666    12819.5270   144    13622.0000    11678.9774   111240   14.26%
   1356   765    12190.0000    73    13622.0000    11680.2264   120411   14.25%
   1419   819    12322.5000   126    13622.0000    11682.5594   126841   14.24%
   1460   856    12000.5000   129    13622.0000    11683.0514   133797   14.23%
   1550   940    11856.8426   173    13622.0000    11683.1283   141869   14.23%
   1675  1053    11840.6448   127    13622.0000    11685.4271   147929   14.22%
Elapsed time = 23.21 sec. (30183.93 ticks, tree = 1.49 MB, solutions = 5)
   1781  1151    13489.0000    43    13622.0000    11686.0000   156413   14.21%
   1899  1254    11725.4333   151    13622.0000    11690.4139   166695   14.18%
   1980  1327    12035.2254   160    13622.0000    11692.9286   175818   14.16%
*  2029+ 1319                        13460.0000    11692.9286            13.13%
   2092  1375    11820.8830   158    13460.0000    11694.4880   182873   13.12%
   2148  1431    12948.0000   143    13460.0000    11694.4880   192406   13.12%
   2204  1479    11864.8571   105    13460.0000    11695.6694   199960   13.11%
   2285  1554    12473.0000   115    13460.0000    11695.9525   209462   13.11%
   2363  1620    12137.3333   126    13460.0000    11697.1379   220011   13.10%
*  2429  1508      integral     0    13020.0000    11697.1379   227820   10.16%
   2441  1520    11991.9323   145    13020.0000    11699.7165   230557   10.14%
   2519  1585    11770.1037   154    13020.0000    11700.7861   239943   10.13%
Elapsed time = 30.00 sec. (39794.66 ticks, tree = 2.13 MB, solutions = 7)
   2609  1666    12907.4286   126    13020.0000    11700.8825   249564   10.13%
   2653  1702    11960.5349   129    13020.0000    11705.5103   259132   10.10%
   2735  1778    12849.9091   101    13020.0000    11705.9299   270153   10.09%
   2828  1859    12577.0000   116    13020.0000    11708.2457   279137   10.07%
   2849  1876    11959.4742   227    13020.0000    11709.1657   287114   10.07%
   2911  1938    12392.6667   108    13020.0000    11709.1657   297083   10.07%
   2978  1989    12010.0000    88    13020.0000    11710.8428   305417   10.05%
   3041  2035    11818.0000   115    13020.0000    11712.0478   313396   10.05%
   3118  2106    12476.9524   187    13020.0000    11712.0478   322951   10.05%
   3215  2189    11813.9841   162    13020.0000    11714.8125   333175   10.02%
Elapsed time = 36.85 sec. (49422.85 ticks, tree = 3.01 MB, solutions = 7)
   3286  2257    11842.0000    41    13020.0000    11715.0000   344059   10.02%
   3395  2354    12027.1028   169    13020.0000    11716.2712   355285   10.01%
   3491  2436    12681.8000    82    13020.0000    11718.1752   366918   10.00%
   3527  2462    11946.5605   141    13020.0000    11720.1373   374487    9.98%
   3599  2530    12116.3327   154    13020.0000    11720.1373   385162    9.98%
   3673  2597    11855.0000   106    13020.0000    11721.0000   394145    9.98%
   3745  2665    11891.6703   168    13020.0000    11722.0458   404375    9.97%
   3820  2736    12268.7143   185    13020.0000    11722.1388   413890    9.97%
   3885  2793    12915.4286    68    13020.0000    11722.1606   424029    9.97%
   3927  2828    11915.0000   123    13020.0000    11726.9522   434422    9.93%
Elapsed time = 43.93 sec. (59222.44 ticks, tree = 3.74 MB, solutions = 7)
   3968  2865    11739.7092   156    13020.0000    11728.5029   444732    9.92%
   4048  2939    11948.4579   146    13020.0000    11729.0697   455416    9.91%
   4126  3004    11786.7778   146    13020.0000    11730.1667   464951    9.91%
   4186  3060    11822.0000    79    13020.0000    11730.1667   475259    9.91%
   4297  3167    12516.7143   156    13020.0000    11730.6667   485650    9.90%
   4398  3260    11849.4444   138    13020.0000    11730.6667   495807    9.90%
   4471  3327    12204.0000    58    13020.0000    11731.7619   506890    9.89%
   4582  3428    12033.4286   162    13020.0000    11731.9370   516676    9.89%
   4654  3495    12426.3109   186    13020.0000    11732.0946   527292    9.89%
   4705  3536    11917.3284   189    13020.0000    11732.9467   539045    9.89%
Elapsed time = 51.25 sec. (69405.79 ticks, tree = 4.54 MB, solutions = 7)
   4756  3582    12409.4603   109    13020.0000    11733.6806   550091    9.88%
   4841  3658    12241.0000   140    13020.0000    11733.6806   560747    9.88%
   4884  3695    12305.0000   182    13020.0000    11734.4026   572060    9.87%
   4916  3721    11755.0538   170    13020.0000    11735.0000   582751    9.87%
   4978  3783    12113.0909    87    13020.0000    11735.0000   593550    9.87%
   5033  3830    11928.4431   201    13020.0000    11735.4933   604321    9.87%
   5080  3867    11956.2609   156    13020.0000    11735.6663   613520    9.86%
   5123  3902    12081.2857   117    13020.0000    11736.0089   624373    9.86%
   5139  3918    12359.2593   174    13020.0000    11736.0089   632961    9.86%
   5254  4025    12075.6667   154    13020.0000    11737.2844   644367    9.85%
Elapsed time = 58.47 sec. (79281.05 ticks, tree = 5.14 MB, solutions = 7)
   5309  4072    12118.0476   141    13020.0000    11737.4627   654399    9.85%
   5407  4159        cutoff          13020.0000    11737.4765   665563    9.85%
   5416  4168    12235.7293   181    13020.0000    11738.0000   673715    9.85%
   5481  4229    12166.7143   164    13020.0000    11738.0000   684311    9.85%
   5495  4243    12404.0402   188    13020.0000    11738.0000   692874    9.85%
   5516  4260    12449.0000   127    13020.0000    11738.5584   702504    9.84%
   5557  4297    11856.2055   171    13020.0000    11738.6286   711702    9.84%
   5609  4341    11824.3008   177    13020.0000    11738.7079   722102    9.84%
   5679  4409    12473.9688   117    13020.0000    11738.7079   732875    9.84%
   5736  4463    12742.0847   165    13020.0000    11739.0000   743336    9.84%
Elapsed time = 65.98 sec. (89362.72 ticks, tree = 5.76 MB, solutions = 7)
   5782  4505    12439.4412   195    13020.0000    11740.6667   752998    9.83%
   5812  4531    11814.0000    41    13020.0000    11740.6667   761480    9.83%
   5867  4582    11814.0000    64    13020.0000    11740.9071   769917    9.82%
   5968  4677    12101.2857    87    13020.0000    11741.6667   777955    9.82%
   6062  4764    12167.2692   139    13020.0000    11742.5216   788302    9.81%
   6162  4858    11772.9200   138    13020.0000    11742.6667   797149    9.81%
   6184  4880    12114.0491   173    13020.0000    11742.6667   807128    9.81%
   6265  4958    12291.2667   143    13020.0000    11745.0463   818701    9.79%
   6370  5055    12055.0000   125    13020.0000    11745.1794   828926    9.79%
   6471  5136    11771.4286   154    13020.0000    11746.4858   864187    9.78%
Elapsed time = 75.48 sec. (102056.91 ticks, tree = 6.49 MB, solutions = 7)
   6722  5364    11866.2500   152    13020.0000    11747.0476   901844    9.78%
   6851  5479    11897.0000    92    13020.0000    11747.7500   935717    9.77%
   7143  5751    12099.1619   245    13020.0000    11750.0000   971415    9.75%
   7509  6063    11750.0000   139    13020.0000    11750.0000  1009323    9.75%
   7702  6197    11750.1131   222    13020.0000    11750.0000  1043384    9.75%
   7933  6360    12103.0000   155    13020.0000    11750.0000  1079932    9.75%
   8179  6549    11962.6667    99    13020.0000    11750.0000  1118607    9.75%
   8387  6689    11750.0000    78    13020.0000    11750.0000  1150291    9.75%
   8543  6801    12103.0000   145    13020.0000    11750.0000  1177204    9.75%
   8691  6897    11750.0000   112    13020.0000    11750.0000  1208232    9.75%
Elapsed time = 104.39 sec. (140605.06 ticks, tree = 8.49 MB, solutions = 7)
   8770  6942    11750.0000   121    13020.0000    11750.0000  1233671    9.75%
   8857  6990    11923.0000   216    13020.0000    11750.0000  1260617    9.75%
   8930  7023    11923.0000   163    13020.0000    11750.0000  1289709    9.75%
   9012  7061    infeasible          13020.0000    11750.0000  1320929    9.75%
   9088  7112    11752.8941   237    13020.0000    11750.0000  1345221    9.75%
   9147  7161    12494.4286   124    13020.0000    11750.0000  1376491    9.75%
   9249  7223    12069.0000   154    13020.0000    11750.0000  1407623    9.75%
   9324  7268    11923.0000   168    13020.0000    11750.0000  1437474    9.75%
   9366  7278    infeasible          13020.0000    11750.0000  1464495    9.75%
*  9412     1      integral     0    11750.0000    11750.0000  1488574    0.00%

Clique cuts applied:  17
Cover cuts applied:  155
Flow cuts applied:  1
Mixed integer rounding cuts applied:  107
Zero-half cuts applied:  61
Lift and project cuts applied:  10
Gomory fractional cuts applied:  1

Root node processing (before b&c):
  Real time             =    2.38 sec. (2536.56 ticks)
Sequential b&c:
  Real time             =  131.30 sec. (176006.04 ticks)
                          ------------
Total (root+branch&cut) =  133.68 sec. (178542.60 ticks)
MIP: [1;32mCPLEX finished.[0m
MIP: [1;32mCPLEX status: Optimal[0m
CAN: [1;35mItem: 0, Level: 0, at bin: 5[0m
CAN: [1;35mItem: 0, Level: 1, at bin: 3[0m
CAN: [1;35mItem: 0, Level: 2, at bin: 12[0m
CAN: [1;35mItem: 1, Level: 0, at bin: 13[0m
CAN: [1;35mItem: 1, Level: 1, at bin: 2[0m
CAN: [1;35mItem: 1, Level: 2, at bin: 3[0m
CAN: [1;35mItem: 2, Level: 0, at bin: 1[0m
CAN: [1;35mItem: 2, Level: 1, at bin: 0[0m
CAN: [1;35mItem: 2, Level: 2, at bin: 3[0m
CAN: [1;35mItem: 3, Level: 0, at bin: 1[0m
CAN: [1;35mItem: 3, Level: 1, at bin: 0[0m
CAN: [1;35mItem: 3, Level: 2, at bin: 3[0m
CAN: [1;35mItem: 4, Level: 0, at bin: 4[0m
CAN: [1;35mItem: 4, Level: 1, at bin: 11[0m
CAN: [1;35mItem: 4, Level: 2, at bin: 12[0m
CAN: [1;35mItem: 5, Level: 0, at bin: 4[0m
CAN: [1;35mItem: 5, Level: 1, at bin: 11[0m
CAN: [1;35mItem: 5, Level: 2, at bin: 12[0m
CAN: [1;35mItem: 6, Level: 0, at bin: 8[0m
CAN: [1;35mItem: 6, Level: 1, at bin: 11[0m
CAN: [1;35mItem: 6, Level: 2, at bin: 12[0m
CAN: [1;35mItem: 7, Level: 0, at bin: 10[0m
CAN: [1;35mItem: 7, Level: 1, at bin: 2[0m
CAN: [1;35mItem: 7, Level: 2, at bin: 3[0m
CAN: [1;35mItem: 8, Level: 0, at bin: 13[0m
CAN: [1;35mItem: 8, Level: 1, at bin: 2[0m
CAN: [1;35mItem: 8, Level: 2, at bin: 3[0m
CAN: [1;35mItem: 9, Level: 0, at bin: 12[0m
CAN: [1;35mItem: 9, Level: 1, at bin: 4[0m
CAN: [1;35mItem: 9, Level: 2, at bin: 10[0m
CAN: [1;35mItem: 10, Level: 0, at bin: 9[0m
CAN: [1;35mItem: 10, Level: 1, at bin: 3[0m
CAN: [1;35mItem: 10, Level: 2, at bin: 12[0m
CAN: [1;35mItem: 11, Level: 0, at bin: 12[0m
CAN: [1;35mItem: 11, Level: 1, at bin: 4[0m
CAN: [1;35mItem: 11, Level: 2, at bin: 10[0m
CAN: [1;35mItem: 12, Level: 0, at bin: 1[0m
CAN: [1;35mItem: 12, Level: 1, at bin: 0[0m
CAN: [1;35mItem: 12, Level: 2, at bin: 3[0m
CAN: [1;35mItem: 13, Level: 0, at bin: 0[0m
CAN: [1;35mItem: 13, Level: 1, at bin: 11[0m
CAN: [1;35mItem: 13, Level: 2, at bin: 12[0m
CAN: [1;35mItem: 14, Level: 0, at bin: 8[0m
CAN: [1;35mItem: 14, Level: 1, at bin: 11[0m
CAN: [1;35mItem: 14, Level: 2, at bin: 12[0m
CAN: [1;35mItem: 15, Level: 0, at bin: 6[0m
CAN: [1;35mItem: 15, Level: 1, at bin: 4[0m
CAN: [1;35mItem: 15, Level: 2, at bin: 10[0m
CAN: [1;35mItem: 16, Level: 0, at bin: 7[0m
CAN: [1;35mItem: 16, Level: 1, at bin: 4[0m
CAN: [1;35mItem: 16, Level: 2, at bin: 10[0m
CAN: [1;35mItem: 17, Level: 0, at bin: 4[0m
CAN: [1;35mItem: 17, Level: 1, at bin: 11[0m
CAN: [1;35mItem: 17, Level: 2, at bin: 12[0m
CAN: [1;35mItem: 18, Level: 0, at bin: 4[0m
CAN: [1;35mItem: 18, Level: 1, at bin: 11[0m
CAN: [1;35mItem: 18, Level: 2, at bin: 12[0m
CAN: [1;35mItem: 19, Level: 0, at bin: 9[0m
CAN: [1;35mItem: 19, Level: 1, at bin: 3[0m
CAN: [1;35mItem: 19, Level: 2, at bin: 12[0m
MIP: [1;32mSolution: 
Indexes: [5, 13, 1, 1, 4, 4, 8, 10, 13, 12, 9, 12, 1, 0, 8, 6, 7, 4, 4, 9][11, 0, -1, -1, 11, 3, 4, 4, 11, 3, 2, -1, 4, 2][3, -1, 3, 12, 10, -1, -1, -1, -1, -1, -1, 12], P Variables: [5, 3, 12][13, 2, 3][1, 0, 3][1, 0, 3][4, 11, 12][4, 11, 12][8, 11, 12][10, 2, 3][13, 2, 3][12, 4, 10][9, 3, 12][12, 4, 10][1, 0, 3][0, 11, 12][8, 11, 12][6, 4, 10][7, 4, 10][4, 11, 12][4, 11, 12][9, 3, 12], Flow leaving each bin: [0m
MIP: [1;32mObjective value: 11750[0m
MIP: [1;32mLower Bound: 11750[0m
MIP: [1;32mBranch-and-Bound nodes: 9413[0m

# best solution:
best objective value:	11750
best dual bound value:	11750
optimality gap:	0%
CPU time:	133.358
