ifile	/scratch/csagturk/mlbppo_inst/n0020_m03_p150__016.inst
prob	MLBPPO
threads	1
ttime	900
instance: /scratch/csagturk/mlbppo_inst/n0020_m03_p150__016.inst
	m=3, n=[20, 18, 18, 20], #pos=30
MIP: [1;32minit CPLEX[0m
CAN: [1;35mcreated 1044 x_{ijk} variables[0m
CAN: [1;35mcreated 76 y_{ij} variables[0m
CAN: [1;35mcreated 1120 p_{ijk} variables[0m
MIP: [1;32mcreated decision variables[0m
CAN: [1;35madded 20 constraints to enforce the packing of each item[0m
CAN: [1;35madded 36 constraints to enforce the packing of each item[0m
CAN: [1;35madded 56 capacity constraints[0m
MIP: [1;32mcreated constraints[0m
MIP: [1;32mcreated objective function[0m
MIP: [1;32mcalling CPLEX solve ...[0m
Version identifier: 22.1.0.0 | 2022-03-09 | 1a383f8ce
CPXPARAM_Threads                                 1
CPXPARAM_TimeLimit                               900
Tried aggregator 2 times.
MIP Presolve eliminated 13530 rows and 10107 columns.
MIP Presolve modified 1431 coefficients.
Aggregator did 28019 substitutions.
Reduced MIP has 27456 rows, 19549 columns, and 75875 nonzeros.
Reduced MIP has 10595 binaries, 0 generals, 0 SOSs, and 69 indicators.
Presolve time = 0.19 sec. (688.28 ticks)
Probing fixed 0 vars, tightened 57 bounds.
Probing changed sense of 36 constraints.
Probing time = 2.67 sec. (2485.91 ticks)
Tried aggregator 2 times.
MIP Presolve eliminated 556 rows and 269 columns.
Aggregator did 17692 substitutions.
Reduced MIP has 9208 rows, 1588 columns, and 38933 nonzeros.
Reduced MIP has 1588 binaries, 0 generals, 0 SOSs, and 0 indicators.
Presolve time = 0.08 sec. (80.06 ticks)
Probing time = 0.00 sec. (3.69 ticks)
Tried aggregator 1 time.
Detecting symmetries...
MIP Presolve modified 34 coefficients.
Reduced MIP has 9208 rows, 1588 columns, and 38933 nonzeros.
Reduced MIP has 1588 binaries, 0 generals, 0 SOSs, and 0 indicators.
Presolve time = 0.03 sec. (27.74 ticks)
Probing time = 0.00 sec. (3.69 ticks)
Clique table members: 2910.
MIP emphasis: balance optimality and feasibility.
MIP search method: dynamic search.
Parallel mode: none, using 1 thread.
Root relaxation solution time = 0.03 sec. (33.81 ticks)

        Nodes                                         Cuts/
   Node  Left     Objective  IInf  Best Integer    Best Bound    ItCnt     Gap

      0     0    13353.5995   125                  13353.5995      541         
      0     0    13423.3322   139                   Cuts: 146     2173         
      0     0    13510.2216   162                   Cuts: 120     3241         
      0     0    13529.5175   169                    Cuts: 83     4151         
      0     0    13560.0675   181                    Cuts: 79     5905         
      0     0    13564.0497   229                    Cuts: 78     8562         
Detecting symmetries...
      0     0    13586.5989   205                    Cuts: 66     9870         
      0     0    13598.9995   228                    Cuts: 62    10999         
      0     0    13611.6633   237                    Cuts: 39    12031         
      0     0    13636.2598   213                    Cuts: 67    12564         
      0     0    13657.5397   215                    Cuts: 61    12720         
      0     0    13674.2897   212                    Cuts: 38    12968         
      0     0    13690.3422   194                    Cuts: 37    13277         
      0     0    13690.7086   207                    Cuts: 75    13401         
      0     0    13691.2714   199                    Cuts: 26    13549         
Detecting symmetries...
      0     2    13691.2714   199                  13692.7200    13549         
Elapsed time = 7.85 sec. (9370.22 ticks, tree = 0.01 MB, solutions = 0)
      7     9    13716.6619   210                  13697.7651    15567         
     13    15    13721.9266   186                  13697.7651    17099         
     20    22    13755.6197   160                  13697.7651    19025         
     33    35    13906.2533   124                  13697.7651    21705         
     40    42    14313.5440   170                  13697.7651    23133         
     54    56    15008.7713   136                  13697.7651    24671         
     80    78    16875.2233    42                  13697.7651    26886         
*   120+  112                        21751.0000    13697.7651            37.02%
    129   117    13699.8039   215    21751.0000    13698.2953    28160   37.02%
    130   118    13706.2098   177    21751.0000    13698.2953    29293   37.02%
    164   152    13958.5594   187    21751.0000    13698.2953    37743   37.02%
Elapsed time = 10.49 sec. (12835.42 ticks, tree = 1.38 MB, solutions = 1)
    196   184    14458.3665   137    21751.0000    13698.2953    46393   37.02%
    298   284    20172.1154     9    21751.0000    13698.2953    55215   37.02%
    366   333    14114.6445   202    21751.0000    13699.3160    62532   37.02%
    405   372    13777.7139   184    21751.0000    13699.3160    70069   37.02%
    442   409    14351.7303   204    21751.0000    13699.3160    76732   37.02%
    502   467    18308.0923    80    21751.0000    13699.3160    86529   37.02%

Performing restart 1

Repeating presolve.
Tried aggregator 1 time.
MIP Presolve modified 11389 coefficients.
Reduced MIP has 9208 rows, 1588 columns, and 33713 nonzeros.
Reduced MIP has 1588 binaries, 0 generals, 0 SOSs, and 0 indicators.
Presolve time = 0.03 sec. (36.05 ticks)
Tried aggregator 1 time.
MIP Presolve modified 648 coefficients.
Reduced MIP has 9208 rows, 1588 columns, and 33713 nonzeros.
Reduced MIP has 1588 binaries, 0 generals, 0 SOSs, and 0 indicators.
Presolve time = 0.03 sec. (32.99 ticks)
Represolve time = 0.13 sec. (139.40 ticks)
    505     0    13699.7262   227    21751.0000      Cuts: 82    89347   37.02%
    505     0    13717.6006   193    21751.0000      Cuts: 98    90339   36.93%
    505     0    13721.0916   218    21751.0000      Cuts: 72    90812   36.92%
*   505+    0                        21585.0000    13721.0916            36.43%
*   505+    0                        20903.0000    13721.0916            34.36%
    505     0  -1.00000e+75     0    20903.0000    13721.0916    90812   34.36%
    505     0    13724.0155   222    20903.0000      Cuts: 65    91342   34.34%
    505     0    13724.2102   220    20903.0000      Cuts: 74    91502   34.34%
    505     0    13725.1759   207    20903.0000      Cuts: 52    91805   34.34%
    505     0    13725.4242   196    20903.0000      Cuts: 79    91989   34.34%
    505     0    13727.9631   263    20903.0000      Cuts: 74    93015   34.33%
    505     0    13728.3547   228    20903.0000      Cuts: 65    93258   34.32%
    505     0    13738.1064   277    20903.0000      Cuts: 58    95152   34.28%
    505     0    13746.1356   280    20903.0000      Cuts: 42    96725   34.24%
    505     0    13746.8037   245    20903.0000      Cuts: 26    96832   34.24%
    505     0    13748.6092   239    20903.0000      Cuts: 28    97112   34.23%
    505     0    13750.5957   237    20903.0000      Cuts: 39    97338   34.22%
    505     0    13751.9834   229    20903.0000      Cuts: 23    97421   34.21%
    505     0    13751.9834   230    20903.0000      Cuts: 23    97513   34.21%
    505     0    13751.9834   216    20903.0000      Cuts: 11    97579   34.21%
    505     0    13751.9834   191    20903.0000      Cuts: 21    97665   34.21%
    505     0    13751.9834   197    20903.0000      Cuts: 17    97723   34.21%
    505     0    13751.9834   177    20903.0000      Cuts: 10    97783   34.21%
    505     0    13751.9834   186    20903.0000      Cuts: 14    97860   34.21%
    505     2    13751.9834   186    20903.0000    13752.5153    97860   34.21%
    506     3    13760.3869   179    20903.0000    13760.4585    98096   34.17%
    508     5    13796.1113   174    20903.0000    13760.9040    99192   34.17%
    509     6    13803.6937   198    20903.0000    13760.9040    99587   34.17%
Elapsed time = 27.53 sec. (33225.91 ticks, tree = 0.16 MB, solutions = 3)
    512     9    14130.0303   182    20903.0000    13760.9040   101143   34.17%
    513    10    13815.7672   215    20903.0000    13760.9040   102127   34.17%
    515    12    13826.3093   210    20903.0000    13760.9040   103465   34.17%
    520    17    13834.0812   207    20903.0000    13760.9040   104230   34.17%
    523    20    13838.3654   215    20903.0000    13760.9040   106248   34.17%
    524    21    13925.0718   190    20903.0000    13760.9040   108664   34.17%
    525    22    13848.7341   187    20903.0000    13760.9040   110580   34.17%
    527    24    13851.5283   244    20903.0000    13760.9040   111976   34.17%
    528    25    13854.6128   224    20903.0000    13760.9040   113255   34.17%
    531    28    13860.5199   185    20903.0000    13760.9040   115641   34.17%
Elapsed time = 40.12 sec. (49030.11 ticks, tree = 0.34 MB, solutions = 3)
    537    34    13865.0298   231    20903.0000    13760.9040   116618   34.17%
    545    42    13866.0633   213    20903.0000    13760.9040   118441   34.17%
    547    44    14090.4653   222    20903.0000    13760.9040   121218   34.17%
    553    50    13901.2201   181    20903.0000    13760.9040   122695   34.17%
    560    57    13918.1313   177    20903.0000    13760.9040   123886   34.17%
    565    62    13920.0146   183    20903.0000    13760.9040   125794   34.17%
    569    66    14226.5350   242    20903.0000    13760.9040   127402   34.17%
    578    75    13925.4049   189    20903.0000    13760.9040   129179   34.17%
    593    90    13956.4021   171    20903.0000    13760.9040   130024   34.17%
    607   104    14404.4215   117    20903.0000    13760.9040   132366   34.17%
Elapsed time = 49.26 sec. (60539.70 ticks, tree = 0.56 MB, solutions = 3)
    611   108    14560.5344   101    20903.0000    13760.9040   134822   34.17%
    616   113    14812.7222   141    20903.0000    13760.9040   138085   34.17%
    628   117    14943.3515   185    20903.0000    13760.9040   141130   34.17%
    636   119    13825.7805   205    20903.0000    13768.8330   143194   34.13%
    645   128    13848.9235   193    20903.0000    13768.8330   144852   34.13%
    657   140    13979.8690   252    20903.0000    13768.8330   149077   34.13%
    663   146    14035.9602   236    20903.0000    13768.8330   153225   34.13%
    667   150    14331.4105   179    20903.0000    13768.8330   157099   34.13%
    674   157    14044.6225   227    20903.0000    13768.8330   161402   34.13%
    677   160    14218.2059   207    20903.0000    13768.8330   163664   34.13%
Elapsed time = 58.60 sec. (72444.00 ticks, tree = 0.67 MB, solutions = 3)
    680   163    14235.0651   247    20903.0000    13768.8330   167275   34.13%
    697   180    14243.3235   195    20903.0000    13768.8330   168827   34.13%
    732   203    13831.9341   183    20903.0000    13776.8282   173633   34.09%
    749   220    13979.9668   184    20903.0000    13776.8282   176960   34.09%
    757   228    14114.8876   210    20903.0000    13776.8282   181630   34.09%
    765   236    14290.2320   178    20903.0000    13776.8282   187508   34.09%
    803   270    13869.1440   224    20903.0000    13779.1947   191962   34.08%
    808   275    13890.8750   189    20903.0000    13779.1947   196368   34.08%
    818   285    13943.2768   207    20903.0000    13779.1947   200891   34.08%
    825   292    13989.4392   195    20903.0000    13779.1947   205766   34.08%
Elapsed time = 68.18 sec. (84722.84 ticks, tree = 0.92 MB, solutions = 3)
    840   307    14130.2537   181    20903.0000    13779.1947   210257   34.08%
    846   313    14896.4823   250    20903.0000    13779.1947   215197   34.08%
    868   329    13819.1257   172    20903.0000    13790.0476   218454   34.03%
    884   345    13962.0166   263    20903.0000    13790.0476   224364   34.03%
    890   351    14146.7441   242    20903.0000    13790.0476   229677   34.03%
    904   365    14215.0000   224    20903.0000    13790.0476   236044   34.03%
    906   367    14215.0000   185    20903.0000    13790.0476   240111   34.03%
    911   370    15109.0000   173    20903.0000    13790.0476   244679   34.03%
    915   374    15154.8903   218    20903.0000    13790.0476   250449   34.03%
    926   384    15725.0000   166    20903.0000    13790.0476   255391   34.03%
Elapsed time = 76.95 sec. (95672.72 ticks, tree = 1.10 MB, solutions = 3)
    937   391    13806.0817   177    20903.0000    13793.3754   259606   34.01%
    945   399    13832.5195   160    20903.0000    13793.3754   263790   34.01%
    956   410    13920.9523   184    20903.0000    13793.3754   269139   34.01%
    960   414    14131.7475   178    20903.0000    13793.3754   274210   34.01%
    970   424    14157.6718   117    20903.0000    13793.3754   278013   34.01%
    982   436    14272.6064   190    20903.0000    13793.3754   283461   34.01%
    986   440    14604.3846   121    20903.0000    13793.3754   287521   34.01%
    997   449    15240.5000   160    20903.0000    13793.3754   293433   34.01%
   1023   468    13942.9680   208    20903.0000    13802.1330   299227   33.97%
   1027   472    14372.7904   214    20903.0000    13802.1330   301338   33.97%
Elapsed time = 85.49 sec. (106940.65 ticks, tree = 1.26 MB, solutions = 3)
   1031   476    14448.0130   153    20903.0000    13802.1330   306441   33.97%
   1033   478    14476.8085   247    20903.0000    13802.1330   310165   33.97%
   1039   484    14529.1509   212    20903.0000    13802.1330   315842   33.97%
   1048   493    14834.4715   202    20903.0000    13802.1330   320432   33.97%
   1065   510    16111.2503   244    20903.0000    13802.1330   325814   33.97%
   1088   525    13856.1488   174    20903.0000    13804.0035   329568   33.96%
   1101   538    14083.3779   219    20903.0000    13804.0035   335122   33.96%
   1127   564    14128.7686   217    20903.0000    13804.0035   339025   33.96%
   1146   583    14326.4460   239    20903.0000    13804.0035   341220   33.96%
   1157   594    14817.8921   249    20903.0000    13804.0035   347820   33.96%
Elapsed time = 93.94 sec. (117681.69 ticks, tree = 1.51 MB, solutions = 3)
   1164   601    14887.9559   203    20903.0000    13804.0035   352961   33.96%
   1199   632    13935.9434   172    20903.0000    13804.1012   357507   33.96%
   1266   699    14444.5088   179    20903.0000    13804.1012   362643   33.96%
   1277   708    15782.8254   207    20903.0000    13804.1012   369782   33.96%
   1288   713    13892.5354   207    20903.0000    13804.6853   373929   33.96%
   1305   730    14044.9886   199    20903.0000    13804.6853   377080   33.96%
   1332   757    14305.2678   148    20903.0000    13804.6853   381669   33.96%
   1352   771    13857.4352   236    20903.0000    13807.7402   388421   33.94%
   1360   779    14584.2316   200    20903.0000    13807.7402   393934   33.94%
   1400   819    15529.2193   231    20903.0000    13807.7402   413034   33.94%
Elapsed time = 104.19 sec. (130895.84 ticks, tree = 1.78 MB, solutions = 3)
   1481   884    14068.0969   206    20903.0000    13819.0736   433981   33.89%
   1558   959    15556.0000   219    20903.0000    13819.0736   456258   33.89%
   1595   986    14047.7181   284    20903.0000    13821.8586   474482   33.88%
   1700  1081    14196.9263   233    20903.0000    13824.1967   497333   33.87%
   1742  1123    14383.8397   257    20903.0000    13824.1967   515690   33.87%
   1851  1222    13996.6889   219    20903.0000    13829.3768   535844   33.84%
   1877  1248    14212.3007   201    20903.0000    13829.3768   558030   33.84%
   1994  1336    14065.3179   265    20903.0000    13829.6267   583709   33.84%
   2088  1426    14409.3036   207    20903.0000    13831.0787   609925   33.83%
   2275  1601    16078.5115   145    20903.0000    13831.6817   636053   33.83%
Elapsed time = 136.34 sec. (171902.40 ticks, tree = 3.29 MB, solutions = 3)
   2316  1642    16944.4974   193    20903.0000    13831.6817   657571   33.83%
   2407  1726    15654.4286   212    20903.0000    13832.5557   681755   33.83%
   2453  1768    15178.1541   229    20903.0000    13832.5557   707755   33.83%
   2542  1850    18731.3333    21    20903.0000    13832.5557   731770   33.83%
   2642  1938    14066.8516   218    20903.0000    13833.6847   746492   33.82%
   2675  1971    14571.8498   252    20903.0000    13833.6847   768351   33.82%
   2763  2051    16399.5714   110    20903.0000    13833.9433   794469   33.82%
   2902  2181    15408.7500   148    20903.0000    13835.5233   820169   33.81%
   3059  2330    14985.1651   192    20903.0000    13837.3120   846422   33.80%
   3129  2395    14426.0687   212    20903.0000    13837.3891   866940   33.80%
Elapsed time = 167.14 sec. (211383.12 ticks, tree = 4.88 MB, solutions = 3)
   3254  2510    13959.7666   236    20903.0000    13837.7858   887394   33.80%
   3294  2550    14594.0000   193    20903.0000    13837.7858   905504   33.80%
   3332  2580    14341.7446   263    20903.0000    13841.4182   924495   33.78%
   3362  2608    15980.0000   152    20903.0000    13841.4182   942169   33.78%
   3376  2618    13968.1325   237    20903.0000    13841.9052   957284   33.78%
   3400  2642    14243.8459   252    20903.0000    13841.9052   978995   33.78%
   3492  2730    16208.7403    66    20903.0000    13841.9052  1007754   33.78%
*  3505+ 2732                        20135.0000    13846.4664            31.23%
   3531  2760    14555.4627   224    20135.0000    13846.4664  1030800   31.23%
   3607  2832    14330.8104   235    20135.0000    13847.6979  1051862   31.23%
   3673  2894    14000.1041   217    20135.0000    13848.9618  1074041   31.22%
Elapsed time = 198.33 sec. (250403.70 ticks, tree = 5.82 MB, solutions = 4)
   3715  2930    13941.2915   259    20135.0000    13851.4543  1092602   31.21%
   3737  2952    14330.6629   229    20135.0000    13851.4543  1112667   31.21%
   3834  3033    14222.5435   212    20135.0000    13852.3118  1139118   31.20%
   3905  3100    14457.9124   193    20135.0000    13852.4950  1161466   31.20%
   3993  3186    17030.1667   157    20135.0000    13852.4950  1186103   31.20%
   4105  3290    14278.0000    47    20135.0000    13853.6777  1210501   31.20%
   4161  3338    14469.0339   222    20135.0000    13855.3534  1236752   31.19%
   4214  3387    16043.6364   195    20135.0000    13855.3534  1263447   31.19%
   4274  3436    14479.9538   211    20135.0000    13855.7551  1282483   31.19%
   4389  3543    14732.9341   153    20135.0000    13856.2277  1299343   31.18%
Elapsed time = 228.79 sec. (289490.32 ticks, tree = 7.04 MB, solutions = 4)
   4422  3572    16330.5903   190    20135.0000    13856.2277  1320970   31.18%
   4474  3620    14362.7227   219    20135.0000    13857.4817  1341326   31.18%
   4521  3663    14615.6007   196    20135.0000    13860.3200  1357313   31.16%
   4611  3737    14318.3417   249    20135.0000    13860.9699  1380966   31.16%
   4688  3802    13962.5650   240    20135.0000    13861.7424  1404961   31.16%
   4719  3829    15542.3960   219    20135.0000    13861.7424  1427048   31.16%
   4757  3863    14293.4305   213    20135.0000    13862.6358  1446067   31.15%
   4854  3954    14117.8211   252    20135.0000    13862.6861  1470288   31.15%
   4875  3975    15067.6889   187    20135.0000    13862.6861  1489578   31.15%
   4918  4010    14801.8450   277    20135.0000    13862.7749  1509560   31.15%
Elapsed time = 260.23 sec. (329088.32 ticks, tree = 7.91 MB, solutions = 4)
   4949  4039    15801.0000   231    20135.0000    13862.7749  1530039   31.15%
   4996  4082    15177.6000   177    20135.0000    13862.9760  1554151   31.15%
   5013  4093    14051.4824   216    20135.0000    13864.7990  1569586   31.14%
   5055  4135    14732.1500   219    20135.0000    13864.7990  1591661   31.14%
   5204  4270    17125.5714   196    20135.0000    13864.8263  1620704   31.14%
   5273  4333    14726.0562   219    20135.0000    13864.9858  1641658   31.14%
   5285  4345    14737.2308   217    20135.0000    13864.9858  1658229   31.14%
   5353  4407    14395.9870   212    20135.0000    13865.1784  1674655   31.14%
   5438  4482    14852.0762   251    20135.0000    13865.2094  1698313   31.14%
   5465  4509    14955.7064   131    20135.0000    13865.2094  1717981   31.14%
Elapsed time = 292.17 sec. (368493.93 ticks, tree = 9.00 MB, solutions = 4)
*  5505+ 3998                        16180.0000    13865.2094            14.31%
   5571  4056    14394.2554   254    16180.0000    13866.0633  1741708   14.30%
   5634  4115    15054.6376   181    16180.0000    13866.7592  1766298   14.30%
   5772  4240    15776.6510   189    16180.0000    13867.9133  1791725   14.29%
   5811  4276    14838.8735   204    16180.0000    13869.4374  1812464   14.28%
   5866  4322    13927.9585   175    16180.0000    13870.3549  1837486   14.27%
   5941  4393    14533.1903   250    16180.0000    13871.6896  1860584   14.27%
   6034  4480    14322.9720   269    16180.0000    13871.9937  1883192   14.26%
   6057  4503    14493.8571   205    16180.0000    13871.9937  1902958   14.26%
   6131  4571    13892.7386   217    16180.0000    13872.7309  1927171   14.26%
   6216  4652    14494.3060   275    16180.0000    13872.7477  1953030   14.26%
Elapsed time = 324.53 sec. (409330.10 ticks, tree = 9.31 MB, solutions = 5)
   6314  4748    15242.8129   151    16180.0000    13872.7477  1979882   14.26%
   6414  4840    15004.6142   214    16180.0000    13872.7477  2005133   14.26%
   6527  4941    15655.4167   131    16180.0000    13874.2485  2027472   14.25%
   6548  4958    14464.8219   266    16180.0000    13874.3848  2047172   14.25%
   6673  5079    15557.3379   161    16180.0000    13874.7917  2073427   14.25%
   6732  5125    14628.5068   200    16180.0000    13875.6000  2095963   14.24%
   6765  5158    15216.4286   224    16180.0000    13875.6000  2115453   14.24%
   6858  5241    14792.0683   281    16180.0000    13876.0489  2139178   14.24%
   6945  5321    14481.2979   232    16180.0000    13876.4544  2157856   14.24%
   7048  5411    13935.0016   228    16180.0000    13877.6244  2185971   14.23%
Elapsed time = 355.70 sec. (448698.25 ticks, tree = 10.75 MB, solutions = 5)
   7098  5457    15253.9640   182    16180.0000    13877.6244  2208418   14.23%
   7243  5582    13973.0314   231    16180.0000    13878.4036  2236030   14.22%
   7352  5685    14433.5519   196    16180.0000    13879.2937  2258547   14.22%
   7448  5767    14152.0000   124    16180.0000    13880.2878  2278607   14.21%
   7487  5799    13945.0142   186    16180.0000    13880.6117  2296735   14.21%
   7588  5896    14596.3904   176    16180.0000    13880.6117  2323056   14.21%
   7655  5960    14070.7478   210    16180.0000    13881.5956  2339684   14.21%
   7683  5988    14279.8462   206    16180.0000    13881.5956  2359058   14.21%
   7711  6016    15216.7273   199    16180.0000    13881.5956  2377828   14.21%
   7762  6062    14717.2394   224    16180.0000    13882.0107  2400044   14.20%
Elapsed time = 387.64 sec. (488629.95 ticks, tree = 11.97 MB, solutions = 5)
   7792  6082    14189.2417   271    16180.0000    13882.6717  2421484   14.20%
   7818  6108    14222.3498   195    16180.0000    13882.6717  2440090   14.20%
   7906  6185    14545.5302   221    16180.0000    13883.2937  2466134   14.19%
   8043  6312    14679.5727   143    16180.0000    13883.3993  2487751   14.19%
   8148  6413    15336.9405   174    16180.0000    13883.5983  2508190   14.19%
   8262  6507    14626.3333   239    16180.0000    13884.7079  2533417   14.19%
   8303  6540    14650.1116   189    16180.0000    13884.9447  2554885   14.18%
   8436  6665    14229.6233   244    16180.0000    13885.4655  2577848   14.18%
   8504  6723    14038.4791   161    16180.0000    13885.4994  2601892   14.18%
*  8505+ 6126                        15580.0000    13885.4994            10.88%
   8635  6247    14660.2727   114    15580.0000    13885.8351  2624768   10.87%
Elapsed time = 417.97 sec. (527827.74 ticks, tree = 12.31 MB, solutions = 6)
   8707  6312    14475.4846   187    15580.0000    13886.1773  2645766   10.87%
   8832  6418    14395.0370   201    15580.0000    13886.3008  2673567   10.87%
   8891  6473    14837.1452   217    15580.0000    13886.5182  2693289   10.87%
   8949  6523    14208.7775   165    15580.0000    13886.6690  2716317   10.87%
   9022  6586    14667.4980   218    15580.0000    13886.8098  2740621   10.87%
   9073  6629    14507.2500   213    15580.0000    13887.2597  2763409   10.86%
   9126  6672    14349.2381   212    15580.0000    13887.6225  2782901   10.86%
   9196  6732    13896.2958   219    15580.0000    13887.6965  2800328   10.86%
   9291  6823    14551.0499   236    15580.0000    13888.4572  2825460   10.86%
   9390  6905    14246.5835   236    15580.0000    13888.9026  2852602   10.85%
Elapsed time = 449.13 sec. (567572.30 ticks, tree = 13.55 MB, solutions = 6)
   9473  6984    14065.7553   195    15580.0000    13889.4406  2875988   10.85%
   9598  7097    14053.8018   221    15580.0000    13889.7705  2899410   10.85%
   9681  7176    14426.2118   252    15580.0000    13890.1945  2916421   10.85%
   9705  7200    14688.9613   222    15580.0000    13890.1945  2936884   10.85%
   9780  7267    13945.0036   202    15580.0000    13890.2379  2957955   10.85%
   9900  7375    14109.6051   213    15580.0000    13891.4928  2981469   10.84%
   9928  7403    14677.0397   199    15580.0000    13891.4928  3002990   10.84%
  10009  7470    13942.1869   240    15580.0000    13892.2227  3031200   10.83%
  10072  7529    14680.0713   176    15580.0000    13893.0345  3054661   10.83%
  10137  7587    15307.6348   242    15580.0000    13893.5009  3073936   10.82%
Elapsed time = 479.61 sec. (606392.23 ticks, tree = 15.06 MB, solutions = 6)
  10183  7628    14208.1820   242    15580.0000    13893.5874  3096326   10.82%
  10241  7684    15263.2476   187    15580.0000    13893.5874  3118455   10.82%
  10280  7715    14384.8164   235    15580.0000    13893.8065  3136599   10.82%
  10308  7741    15217.2426   217    15580.0000    13893.8065  3157133   10.82%
  10376  7803    14589.5947   211    15580.0000    13893.9078  3176730   10.82%
  10426  7848    14371.8421   212    15580.0000    13894.3209  3198576   10.82%
  10495  7913    14544.5962   216    15580.0000    13894.4201  3224497   10.82%
  10528  7942    14463.8469   255    15580.0000    13894.6632  3243024   10.82%
  10548  7962    14479.9403   259    15580.0000    13894.6632  3264135   10.82%
* 10605+ 7941                        15542.0000    13894.8877            10.60%
* 10605+ 7894                        15499.0000    13894.8877            10.35%
* 10606+ 7847                        15467.0000    13894.8877            10.16%
* 10606+ 7787                        15423.0000    13894.8877             9.91%
* 10606+ 7200                        15197.0000    13894.8877             8.57%
  10606  7202    14354.0126   248    15197.0000    13894.9894  3278859    8.57%
Elapsed time = 522.16 sec. (659665.28 ticks, tree = 14.30 MB, solutions = 11)
* 10607+ 7014                        15135.0000    13894.9894             8.19%
* 10607+ 6870                        15105.0000    13894.9894             8.01%
* 10607+ 6156                        14920.0000    13894.9894             6.87%
* 10607+ 5804                        14846.0000    13894.9894             6.41%
* 10607+ 5211                        14740.0000    13894.9894             5.73%
* 10607+ 5030                        14702.0000    13894.9894             5.49%
* 10607+ 4877                        14674.0000    13894.9894             5.31%
  10607  4879    14201.8375   230    14674.0000    13895.3202  3281051    5.31%
  10678  4933    14523.5446   223    14674.0000    13895.6179  3305018    5.30%
  10799  5044    14594.3000   175    14674.0000    13896.1956  3327229    5.30%
  10826  5063    14578.2222   222    14674.0000    13896.1956  3347502    5.30%
  10880  5107    14616.8523   172    14674.0000    13896.7025  3373633    5.30%
  10971  5183    13974.4630   190    14674.0000    13897.0888  3397750    5.29%
  11047  5246    14420.0219   225    14674.0000    13897.7623  3418889    5.29%
  11127  5307    14278.7468   217    14674.0000    13898.3362  3436996    5.29%
  11206  5373    14632.3524   183    14674.0000    13899.2251  3454981    5.28%
  11220  5383    14638.1130   224    14674.0000    13899.2982  3468774    5.28%
Elapsed time = 572.34 sec. (725268.70 ticks, tree = 19.15 MB, solutions = 18)
  11250  5407    14072.5924   224    14674.0000    13899.4718  3489467    5.28%
  11279  5432    14238.2082   225    14674.0000    13899.6538  3509683    5.28%
  11318  5467    14299.0000   134    14674.0000    13900.0451  3529093    5.27%
  11353  5493    14622.5164   182    14674.0000    13900.5429  3551202    5.27%
  11447  5575    14119.0187   262    14674.0000    13901.0691  3567427    5.27%
  11486  5596    14589.8778   223    14674.0000    13901.7500  3588976    5.26%
  11537  5637    14360.1474   221    14674.0000    13902.4738  3612221    5.26%
  11619  5699    14130.6533   253    14674.0000    13902.7755  3637223    5.26%
  11672  5746    14515.1130   228    14674.0000    13903.0490  3661172    5.25%
  11698  5766    14078.3907   196    14674.0000    13903.2014  3680106    5.25%
Elapsed time = 603.90 sec. (764732.93 ticks, tree = 19.91 MB, solutions = 18)
  11772  5827    14082.4213   189    14674.0000    13903.4186  3701557    5.25%
  11807  5852    14376.2018   213    14674.0000    13903.6047  3724881    5.25%
  11822  5867    14578.2222   208    14674.0000    13903.6047  3742624    5.25%
  11863  5896    13972.0809   271    14674.0000    13904.3229  3763042    5.25%
  11905  5932    14539.5149   261    14674.0000    13904.3582  3786174    5.24%
  11953  5972        cutoff          14674.0000    13904.8042  3805215    5.24%
  12024  6027    14205.4583   189    14674.0000    13905.0968  3828431    5.24%
* 12034  5482      integral     0    14604.0000    13905.0968  3832134    4.79%
  12059  5502    14339.3921   227    14604.0000    13905.6325  3852981    4.78%
  12088  5523        cutoff          14604.0000    13906.1413  3875157    4.78%
Elapsed time = 632.84 sec. (800861.98 ticks, tree = 19.24 MB, solutions = 19)
  12140  5561    14143.3108   221    14604.0000    13907.1169  3893009    4.77%
  12171  5589    14458.6786   170    14604.0000    13908.0113  3913889    4.77%
  12199  5611    14416.7442   223    14604.0000    13908.0836  3934971    4.77%
  12222  5628    14174.5305   225    14604.0000    13908.8840  3957208    4.76%
  12288  5680    14342.3012   246    14604.0000    13909.4336  3982178    4.76%
  12320  5706    14430.1082   248    14604.0000    13909.6624  3999661    4.75%
  12347  5727    14599.6247   236    14604.0000    13910.0400  4018897    4.75%
  12411  5775    13942.7990   197    14604.0000    13910.3315  4042289    4.75%
* 12505+ 5397                        14557.0000    13910.3468             4.44%
  12528  5416    14548.7536   224    14557.0000    13910.4337  4065483    4.44%
  12624  5493    13927.4477   178    14557.0000    13910.9803  4083808    4.44%
Elapsed time = 664.20 sec. (840483.38 ticks, tree = 18.89 MB, solutions = 20)
  12717  5572    14236.8304   231    14557.0000    13911.1056  4107389    4.44%
  12743  5594    14257.6458   309    14557.0000    13911.7164  4127241    4.43%
  12776  5619    14232.0000   228    14557.0000    13911.7739  4148667    4.43%
  12810  5644    13968.5921   237    14557.0000    13912.0267  4166040    4.43%
  12861  5679    14048.9751   245    14557.0000    13912.0692  4187006    4.43%
  12894  5703    14421.2189   226    14557.0000    13912.4552  4209977    4.43%
  12946  5747    14334.4752   187    14557.0000    13912.4925  4230797    4.43%
  13011  5800    14365.9644   262    14557.0000    13912.6286  4245169    4.43%
  13079  5844    14138.4690   219    14557.0000    13913.9230  4269298    4.42%
  13121  5878    14207.4220   308    14557.0000    13914.6416  4290913    4.41%
Elapsed time = 695.82 sec. (880158.76 ticks, tree = 24.51 MB, solutions = 20)
  13143  5900    14307.3860   181    14557.0000    13914.6416  4310981    4.41%
  13218  5964    14511.1306   142    14557.0000    13914.7854  4335287    4.41%
  13260  5992    14089.4077   239    14557.0000    13915.2873  4358347    4.41%
  13361  6072    14549.0000    40    14557.0000    13916.3671  4381372    4.40%
  13432  6125    14048.5054   194    14557.0000    13916.6695  4408086    4.40%
  13509  6191    13948.6922   207    14557.0000    13916.9436  4432805    4.40%
  13554  6217    14037.6558   250    14557.0000    13917.2465  4455076    4.39%
  13637  6290    14066.6250   213    14557.0000    13917.3524  4478686    4.39%
  13684  6331    14542.5000   186    14557.0000    13917.3906  4502992    4.39%
  13753  6388    14414.6770   221    14557.0000    13917.5174  4524785    4.39%
Elapsed time = 727.11 sec. (919707.90 ticks, tree = 25.33 MB, solutions = 20)
  13773  6404    14376.4559   289    14557.0000    13917.6990  4544762    4.39%
  13820  6441    14032.0649   227    14557.0000    13917.8177  4562787    4.39%
  13861  6479    13969.0044   174    14557.0000    13917.8355  4580363    4.39%
  13899  6507    14075.5962   253    14557.0000    13918.0171  4603368    4.39%
  13930  6533    14000.0609   274    14557.0000    13918.1911  4624226    4.39%
  13984  6577    14434.0077   232    14557.0000    13918.3967  4646722    4.39%
  14028  6613    13987.7280   198    14557.0000    13918.5026  4667754    4.39%
  14048  6633    14263.0000   231    14557.0000    13918.5026  4686597    4.39%
  14092  6662    14544.5093   200    14557.0000    13918.7346  4710365    4.38%
  14147  6695    14035.0376   240    14557.0000    13919.5866  4734180    4.38%
Elapsed time = 760.39 sec. (960518.84 ticks, tree = 30.44 MB, solutions = 20)
  14229  6755    14343.0781   251    14557.0000    13920.3210  4760685    4.37%
  14302  6822    14509.1025   260    14557.0000    13920.4651  4785927    4.37%
  14367  6860    14492.5429   214    14557.0000    13920.9310  4812677    4.37%
  14438  6915    14427.0281   246    14557.0000    13921.2281  4837007    4.37%
  14464  6935    14497.2008   220    14557.0000    13921.3031  4858077    4.37%
  14520  6977    14301.4850   210    14557.0000    13921.6390  4880574    4.36%
  14538  6994    14484.0000   191    14557.0000    13921.6390  4899090    4.36%
  14598  7044    14265.4344   241    14557.0000    13921.8655  4922404    4.36%
  14680  7108    14281.1466   235    14557.0000    13922.4963  4948318    4.36%
  14728  7139    14081.5756   172    14557.0000    13923.0946  4970604    4.35%
Elapsed time = 792.22 sec. (1000375.75 ticks, tree = 31.24 MB, solutions = 20)
  14767  7165    14335.8268   206    14557.0000    13923.2917  4990995    4.35%
  14784  7182    14452.0000   145    14557.0000    13923.2917  5008060    4.35%
  14832  7218    14299.3029   191    14557.0000    13923.5937  5033068    4.35%
  14850  7236    14344.0000   174    14557.0000    13923.5937  5052027    4.35%
  14900  7275    14351.0645   211    14557.0000    13924.1627  5072891    4.35%
  14951  7318    14107.8773   280    14557.0000    13924.2307  5088875    4.35%
Starting limited solution polishing.
  15024  7375    14044.0836   270    14557.0000    13925.3591  5113680    4.34%
  15055  7399    13978.5711   223    14557.0000    13925.6588  5135959    4.34%
  15090  7426    14172.1472   222    14557.0000    13925.7308  5157248    4.34%
  15127  7456    14111.5000   190    14557.0000    13925.9034  5175745    4.34%
Elapsed time = 825.58 sec. (1041145.43 ticks, tree = 31.78 MB, solutions = 20)
  15223  7538    14486.6796   223    14557.0000    13925.9630  5201108    4.33%
  15257  7559    14358.5000   239    14557.0000    13926.7072  5222425    4.33%
  15274  7576    14448.2806   251    14557.0000    13926.7072  5241212    4.33%
  15331  7625    14511.2500   155    14557.0000    13926.9942  5262766    4.33%
  15381  7657    14070.6570   219    14557.0000    13927.0793  5286562    4.33%
  15447  7712    14420.9318   203    14557.0000    13928.1905  5308686    4.32%
  15499  7751    14055.5167   225    14557.0000    13928.4791  5330010    4.32%
* 15505+ 7022                        14501.0000    13928.4791             3.95%
  15526  7041    14412.0081   216    14501.0000    13928.7577  5341983    3.95%
  15570  7062    14405.5279   212    14501.0000    13930.2134  5365349    3.94%
  15663  7135    14328.5407   191    14501.0000    13930.5399  5391930    3.93%
Elapsed time = 857.10 sec. (1080394.92 ticks, tree = 29.57 MB, solutions = 21)
  15716  7167    14041.6704   264    14501.0000    13930.9584  5408193    3.93%
  15797  7234    14487.0491   218    14501.0000    13932.0927  5432521    3.92%
* 15805+ 7031                        14486.0000    13932.0993             3.82%
  15843  7067    14292.0000   154    14486.0000    13932.0993  5447178    3.82%
  15896  7098    13942.0303   222    14486.0000    13932.9285  5468109    3.82%
  15918  7116    14256.7026   192    14486.0000    13932.9770  5479097    3.82%
  15970  7158    14291.5385   227    14486.0000    13933.0747  5501955    3.82%
  16009  7190    14483.1250   154    14486.0000    13933.2103  5518731    3.82%
  16048  7219    14112.8021   240    14486.0000    13933.2857  5535317    3.82%
  16070  7241    14447.4955   248    14486.0000    13933.2857  5554944    3.82%
  16158  7289    14108.8014   213    14486.0000    13933.8185  5578468    3.81%
Elapsed time = 887.84 sec. (1119040.36 ticks, tree = 29.43 MB, solutions = 22)
  16205  7331    14373.6070   198    14486.0000    13933.8889  5590225    3.81%
  16270  7372    14317.6673   196    14486.0000    13934.3801  5614555    3.81%
* 16305+ 7152                        14470.0000    13934.3922             3.70%
  16305  7154    14030.1977   210    14470.0000    13934.3922  5625380    3.70%

Clique cuts applied:  9
Cover cuts applied:  160
Flow cuts applied:  1
Mixed integer rounding cuts applied:  86
Zero-half cuts applied:  105
Lift and project cuts applied:  18
Gomory fractional cuts applied:  2

Root node processing (before b&c):
  Real time             =    7.85 sec. (9348.63 ticks)
Sequential b&c:
  Real time             =  892.17 sec. (1125177.54 ticks)
                          ------------
Total (root+branch&cut) =  900.02 sec. (1134526.17 ticks)
MIP: [1;32mCPLEX finished.[0m
MIP: [1;32mCPLEX status: Feasible[0m
CAN: [1;35mItem: 0, Level: 0, at bin: 3[0m
CAN: [1;35mItem: 0, Level: 1, at bin: 14[0m
CAN: [1;35mItem: 0, Level: 2, at bin: 8[0m
CAN: [1;35mItem: 1, Level: 0, at bin: 4[0m
CAN: [1;35mItem: 1, Level: 1, at bin: 11[0m
CAN: [1;35mItem: 1, Level: 2, at bin: 9[0m
CAN: [1;35mItem: 2, Level: 0, at bin: 12[0m
CAN: [1;35mItem: 2, Level: 1, at bin: 12[0m
CAN: [1;35mItem: 2, Level: 2, at bin: 8[0m
CAN: [1;35mItem: 3, Level: 0, at bin: 6[0m
CAN: [1;35mItem: 3, Level: 1, at bin: 9[0m
CAN: [1;35mItem: 3, Level: 2, at bin: 10[0m
CAN: [1;35mItem: 4, Level: 0, at bin: 4[0m
CAN: [1;35mItem: 4, Level: 1, at bin: 11[0m
CAN: [1;35mItem: 4, Level: 2, at bin: 9[0m
CAN: [1;35mItem: 5, Level: 0, at bin: 15[0m
CAN: [1;35mItem: 5, Level: 1, at bin: 11[0m
CAN: [1;35mItem: 5, Level: 2, at bin: 9[0m
CAN: [1;35mItem: 6, Level: 0, at bin: 10[0m
CAN: [1;35mItem: 6, Level: 1, at bin: 2[0m
CAN: [1;35mItem: 6, Level: 2, at bin: 10[0m
CAN: [1;35mItem: 7, Level: 0, at bin: 12[0m
CAN: [1;35mItem: 7, Level: 1, at bin: 12[0m
CAN: [1;35mItem: 7, Level: 2, at bin: 8[0m
CAN: [1;35mItem: 8, Level: 0, at bin: 13[0m
CAN: [1;35mItem: 8, Level: 1, at bin: 17[0m
CAN: [1;35mItem: 8, Level: 2, at bin: 10[0m
CAN: [1;35mItem: 9, Level: 0, at bin: 12[0m
CAN: [1;35mItem: 9, Level: 1, at bin: 12[0m
CAN: [1;35mItem: 9, Level: 2, at bin: 8[0m
CAN: [1;35mItem: 10, Level: 0, at bin: 11[0m
CAN: [1;35mItem: 10, Level: 1, at bin: 11[0m
CAN: [1;35mItem: 10, Level: 2, at bin: 9[0m
CAN: [1;35mItem: 11, Level: 0, at bin: 13[0m
CAN: [1;35mItem: 11, Level: 1, at bin: 17[0m
CAN: [1;35mItem: 11, Level: 2, at bin: 10[0m
CAN: [1;35mItem: 12, Level: 0, at bin: 5[0m
CAN: [1;35mItem: 12, Level: 1, at bin: 14[0m
CAN: [1;35mItem: 12, Level: 2, at bin: 8[0m
CAN: [1;35mItem: 13, Level: 0, at bin: 7[0m
CAN: [1;35mItem: 13, Level: 1, at bin: 9[0m
CAN: [1;35mItem: 13, Level: 2, at bin: 10[0m
CAN: [1;35mItem: 14, Level: 0, at bin: 5[0m
CAN: [1;35mItem: 14, Level: 1, at bin: 14[0m
CAN: [1;35mItem: 14, Level: 2, at bin: 8[0m
CAN: [1;35mItem: 15, Level: 0, at bin: 6[0m
CAN: [1;35mItem: 15, Level: 1, at bin: 9[0m
CAN: [1;35mItem: 15, Level: 2, at bin: 10[0m
CAN: [1;35mItem: 16, Level: 0, at bin: 10[0m
CAN: [1;35mItem: 16, Level: 1, at bin: 2[0m
CAN: [1;35mItem: 16, Level: 2, at bin: 10[0m
CAN: [1;35mItem: 17, Level: 0, at bin: 16[0m
CAN: [1;35mItem: 17, Level: 1, at bin: 17[0m
CAN: [1;35mItem: 17, Level: 2, at bin: 10[0m
CAN: [1;35mItem: 18, Level: 0, at bin: 15[0m
CAN: [1;35mItem: 18, Level: 1, at bin: 11[0m
CAN: [1;35mItem: 18, Level: 2, at bin: 9[0m
CAN: [1;35mItem: 19, Level: 0, at bin: 11[0m
CAN: [1;35mItem: 19, Level: 1, at bin: 11[0m
CAN: [1;35mItem: 19, Level: 2, at bin: 9[0m
MIP: [1;32mSolution: 
Indexes: [3, 4, 12, 6, 4, 15, 10, 12, 13, 12, 11, 13, 5, 7, 5, 6, 10, 16, 15, 11][-1, -1, -1, 14, 11, 14, 9, 9, -1, -1, 2, 11, 12, 17, -1, 11, 17, -1][-1, -1, 10, -1, -1, -1, -1, -1, -1, 10, -1, 9, 8, -1, 8, -1, -1, 10], P Variables: [3, 14, 8][4, 11, 9][12, 12, 8][6, 9, 10][4, 11, 9][15, 11, 9][10, 2, 10][12, 12, 8][13, 17, 10][12, 12, 8][11, 11, 9][13, 17, 10][5, 14, 8][7, 9, 10][5, 14, 8][6, 9, 10][10, 2, 10][16, 17, 10][15, 11, 9][11, 11, 9], Flow leaving each bin: [0m
MIP: [1;32mObjective value: 14470[0m
MIP: [1;32mLower Bound: 13934.4[0m
MIP: [1;32mBranch-and-Bound nodes: 16315[0m

# best solution:
best objective value:	14470
best dual bound value:	13934
optimality gap:	3.70422%
CPU time:	897.599
