ifile	/scratch/csagturk/mlbppo_inst/n0020_m05_p200__045.inst
prob	MLBPPO
threads	1
ttime	900
instance: /scratch/csagturk/mlbppo_inst/n0020_m05_p200__045.inst
	m=5, n=[20, 22, 26, 28, 28, 28], #pos=40
MIP: [1;32minit CPLEX[0m
CAN: [1;35mcreated 3308 x_{ijk} variables[0m
CAN: [1;35mcreated 152 y_{ij} variables[0m
CAN: [1;35mcreated 2640 p_{ijk} variables[0m
MIP: [1;32mcreated decision variables[0m
CAN: [1;35madded 20 constraints to enforce the packing of each item[0m
CAN: [1;35madded 104 constraints to enforce the packing of each item[0m
CAN: [1;35madded 132 capacity constraints[0m
MIP: [1;32mcreated constraints[0m
MIP: [1;32mcreated objective function[0m
MIP: [1;32mcalling CPLEX solve ...[0m
Version identifier: 22.1.0.0 | 2022-03-09 | 1a383f8ce
CPXPARAM_Threads                                 1
CPXPARAM_TimeLimit                               900
Tried aggregator 2 times.
MIP Presolve eliminated 73353 rows and 52603 columns.
MIP Presolve added 2 rows and 0 columns.
MIP Presolve modified 2303 coefficients.
Aggregator did 99557 substitutions.
Reduced MIP has 98241 rows, 69295 columns, and 261346 nonzeros.
Reduced MIP has 36898 binaries, 0 generals, 0 SOSs, and 190 indicators.
Presolve time = 0.91 sec. (8437.13 ticks)
Probing time = 0.54 sec. (236.36 ticks)
Tried aggregator 3 times.
MIP Presolve added 18 rows and 0 columns.
MIP Presolve modified 85 coefficients.
Aggregator did 64500 substitutions.
Reduced MIP has 33759 rows, 4795 columns, and 132364 nonzeros.
Reduced MIP has 4691 binaries, 104 generals, 0 SOSs, and 190 indicators.
Presolve time = 0.26 sec. (235.42 ticks)
Probing fixed 0 vars, tightened 106 bounds.
Probing time = 0.12 sec. (215.40 ticks)
Tried aggregator 1 time.
Detecting symmetries...
MIP Presolve eliminated 312 rows and 398 columns.
Reduced MIP has 33447 rows, 4397 columns, and 131550 nonzeros.
Reduced MIP has 4397 binaries, 0 generals, 0 SOSs, and 0 indicators.
Presolve time = 0.11 sec. (107.53 ticks)
Probing time = 0.01 sec. (5.58 ticks)
Clique table members: 62868.
MIP emphasis: balance optimality and feasibility.
MIP search method: dynamic search.
Parallel mode: none, using 1 thread.
Root relaxation solution time = 0.09 sec. (126.50 ticks)

        Nodes                                         Cuts/
   Node  Left     Objective  IInf  Best Integer    Best Bound    ItCnt     Gap

      0     0    13479.3422   118                  13479.3422     1419         
      0     0    13793.8785   238                   Cuts: 165     2326         
      0     0    14057.5188   282                   Cuts: 138     3349         
      0     0    14157.2506   221                    Cuts: 87     3775         
      0     0    14207.5336   239                    Cuts: 93     4461         
      0     0    14264.3363   247                   Cuts: 123     5061         
      0     0    14288.2339   267                    Cuts: 90     5473         
      0     0    14300.7852   254                   Cuts: 115     6424         
      0     0    14347.0369   252                   Cuts: 157     7107         
      0     0    14387.9787   250                   Cuts: 121     7624         
      0     0    14412.7063   250                   Cuts: 116     8190         
      0     0    14450.3835   223                   Cuts: 105     8660         
      0     0    14475.3626   214                    Cuts: 91     9208         
      0     0    14499.6990   245                    Cuts: 90    10035         
      0     0    14515.5698   267                    Cuts: 93    10602         
      0     0    14523.1087   248                   Cuts: 116    10975         
      0     0    14538.6547   265                   Cuts: 118    11278         
      0     0    14556.6147   224                    Cuts: 61    11732         
      0     0    14562.5230   224                    Cuts: 62    12039         
      0     0    14570.9386   210                    Cuts: 72    12349         
      0     0    14578.9884   217                    Cuts: 86    12670         
      0     0    14578.9884   227                   Cuts: 101    12904         
      0     0    14580.6219   241                    Cuts: 54    13510         
      0     2    14580.6219   241                  14581.5242    13510         
Elapsed time = 12.95 sec. (22382.17 ticks, tree = 0.01 MB, solutions = 0)
      2     4    14806.0233   223                  14795.1052    15777         
      5     7    15196.3141   168                  14795.1052    17630         
      7     9    15365.3646   166                  14795.1052    19526         
      9    11    15543.3720   163                  14795.1052    20414         
     17    19    15907.2073    89                  14795.1052    21966         
     23    25    15907.2073   103                  14795.1052    23251         
     30    32    15907.2073    91                  14795.1052    23981         
     39    41    15907.2073   115                  14795.1052    25239         
     46    48    15907.2073   121                  14795.1052    26415         
     60    62    16387.3597   104                  14795.1052    30417         
Elapsed time = 16.04 sec. (26023.84 ticks, tree = 9.35 MB, solutions = 0)
     72    74    16489.1538   120                  14795.1052    34208         
     93    95    18921.1023   127                  14795.1052    39155         
*   100+  100                        20534.0000    14795.1052            27.95%
    130   125    15309.9073   159    20534.0000    14806.3068    42777   27.89%
    150   145    16911.9900   165    20534.0000    14806.3068    51133   27.89%
    213   206    18678.4345   129    20534.0000    14806.3068    54127   27.89%
    274   257    20175.3953   131    20534.0000    14806.3068    59377   27.89%
    333   301    15113.3613   194    20534.0000    14806.8487    63338   27.89%
    373   335    14840.9139   221    20534.0000    14815.0208    68910   27.85%
    400   362    15739.4224   208    20534.0000    14815.0208    76964   27.85%
    420   376    14978.9561   256    20534.0000    14841.3680    83698   27.72%
Elapsed time = 24.43 sec. (36687.02 ticks, tree = 12.20 MB, solutions = 1)
    480   436    15538.1720   147    20534.0000    14841.3680    88512   27.72%

Performing restart 1

Repeating presolve.
Tried aggregator 1 time.
MIP Presolve modified 28237 coefficients.
Reduced MIP has 33447 rows, 4397 columns, and 117718 nonzeros.
Reduced MIP has 4397 binaries, 0 generals, 0 SOSs, and 0 indicators.
Presolve time = 0.09 sec. (98.58 ticks)
Tried aggregator 1 time.
MIP Presolve modified 222 coefficients.
Reduced MIP has 33447 rows, 4397 columns, and 117718 nonzeros.
Reduced MIP has 4397 binaries, 0 generals, 0 SOSs, and 0 indicators.
Presolve time = 0.10 sec. (90.29 ticks)
Represolve time = 0.37 sec. (379.11 ticks)
    508     0    14580.6219   245    20534.0000     Cuts: 116    93609   27.72%
    508     0    14580.6259   263    20534.0000      Cuts: 43    94054   27.72%
    508     0    14580.6259   282    20534.0000     Cuts: 144    94254   27.72%
    508     0    14580.6259   271    20534.0000      Cuts: 63    94608   27.72%
    508     0    14580.6259   285    20534.0000      Cuts: 74    94875   27.72%
*   508+    0                        20523.0000    14841.3680            27.68%
*   508+    0                        20496.0000    14841.3680            27.59%
*   508+    0                        20277.0000    14841.3680            26.81%
*   508+    0                        20212.0000    14841.3680            26.57%
*   508+    0                        20136.0000    14841.3680            26.29%
    508     0  -1.00000e+75     0    20136.0000    14841.3680    94875   26.29%
    508     2    14580.6259   249    20136.0000    14841.3680    94875   26.29%
    510     4    15043.1301   208    20136.0000    14841.3680    96143   26.29%
    512     6    14732.9000   248    20136.0000    14841.3680    96972   26.29%
    514     8    14734.5482   252    20136.0000    14841.3680    98090   26.29%
    517    11    14757.6309   227    20136.0000    14841.3680    98919   26.29%
    520    14    15258.8858   223    20136.0000    14841.3680   100074   26.29%
    524    18    14848.7725   207    20136.0000    14841.3680   101154   26.29%
    526    20    14979.9580   253    20136.0000    14841.3680   102431   26.29%
    529    23    15015.9183   182    20136.0000    14841.3680   103049   26.29%
Elapsed time = 44.02 sec. (57933.18 ticks, tree = 1.66 MB, solutions = 6)
    536    30    15134.7494   212    20136.0000    14841.3680   104203   26.29%
    538    32    15142.1637   235    20136.0000    14841.3680   104762   26.29%
    544    38    15334.5213   170    20136.0000    14841.3680   106158   26.29%
    551    45    15947.6263    95    20136.0000    14841.3680   107229   26.29%
    558    52    16031.8600   125    20136.0000    14841.3680   108206   26.29%
    573    67    17229.9348   182    20136.0000    14841.3680   109057   26.29%
    583    77    16639.1094   112    20136.0000    14841.3680   109438   26.29%
    587    81    16690.8571   189    20136.0000    14841.3680   110456   26.29%
    592    86    16870.7606   213    20136.0000    14841.3680   111060   26.29%
    594    88    16881.7713   259    20136.0000    14841.3680   111719   26.29%
Elapsed time = 54.55 sec. (70434.33 ticks, tree = 3.83 MB, solutions = 6)
    596    90    16950.3235   268    20136.0000    14841.3680   112652   26.29%
    597    91    17110.9820   258    20136.0000    14841.3680   113003   26.29%
    598    92    17167.3074   318    20136.0000    14841.3680   113927   26.29%
    599    93    17167.3074   318    20136.0000    14841.3680   113928   26.29%
    601    95    17191.5000   290    20136.0000    14841.3680   114900   26.29%
    605    99    17204.6429   241    20136.0000    14841.3680   116332   26.29%
    607   101    17210.1658   239    20136.0000    14841.3680   117199   26.29%
    612   106    17330.7033   278    20136.0000    14841.3680   118930   26.29%
    629   119    17737.5574   185    20136.0000    14841.3680   120097   26.29%
    642   129    15883.9199   236    20136.0000    14841.3680   121618   26.29%
Elapsed time = 67.35 sec. (84023.82 ticks, tree = 3.81 MB, solutions = 6)
    652   139    15967.7774   162    20136.0000    14841.3680   124173   26.29%
    669   156    16206.4679   102    20136.0000    14841.3680   125567   26.29%
    686   173    16376.3761    87    20136.0000    14841.3680   126562   26.29%
    702   189    16459.7980   121    20136.0000    14841.3680   127314   26.29%
    725   212    16545.8999   140    20136.0000    14841.3680   128089   26.29%
    753   240    17851.5945   103    20136.0000    14841.3680   129747   26.29%
    775   262    16914.2424   113    20136.0000    14841.3680   130128   26.29%
    791   278    17129.0519   124    20136.0000    14841.3680   130791   26.29%
    803   282    16095.5789    99    20136.0000    14841.3680   133096   26.29%
    831   310    16470.7303   128    20136.0000    14841.3680   135528   26.29%
Elapsed time = 74.72 sec. (93993.49 ticks, tree = 4.88 MB, solutions = 6)
    863   341    16499.2101   108    20136.0000    14841.3680   136039   26.29%
    896   365    19243.8224   150    20136.0000    14841.3680   137520   26.29%
    900   367    14948.1062   251    20136.0000    14841.3680   139292   26.29%
    909   376    15046.1651   156    20136.0000    14841.3680   140573   26.29%
    926   393    15331.4977   148    20136.0000    14841.3680   143264   26.29%
    948   415    15476.8252   172    20136.0000    14841.3680   144737   26.29%
    988   455    15493.7766   130    20136.0000    14841.3680   145183   26.29%
   1020   487    15528.2294   121    20136.0000    14841.3680   145755   26.29%
   1054   521    15994.0000    63    20136.0000    14841.3680   146914   26.29%
   1058   523    17475.0408   203    20136.0000    14841.3680   147437   26.29%
Elapsed time = 83.48 sec. (105112.16 ticks, tree = 6.15 MB, solutions = 6)
   1062   526    17526.6842   253    20136.0000    14841.3680   148134   26.29%
   1064   528    17568.3684   233    20136.0000    14841.3680   148966   26.29%
   1067   529    17601.0000   231    20136.0000    14841.3680   149683   26.29%
   1070   531    18052.0000   193    20136.0000    14841.3680   150295   26.29%
   1104   551    15101.1667   203    20136.0000    14841.3680   152530   26.29%
   1113   560    15222.2697   188    20136.0000    14841.3680   154235   26.29%
   1139   586    16713.4191    83    20136.0000    14841.3680   156954   26.29%
   1166   610    18738.8125    66    20136.0000    14841.3680   157974   26.29%
   1184   626    19426.1430    99    20136.0000    14841.3680   158947   26.29%
   1188   627    19581.7546   237    20136.0000    14841.3680   159733   26.29%
Elapsed time = 93.51 sec. (117234.41 ticks, tree = 6.76 MB, solutions = 6)
   1195   629    19819.1625   158    20136.0000    14841.3680   160536   26.29%
   1223   649    19958.0000   150    20136.0000    14841.3680   162430   26.29%
   1243   658    15145.8327   168    20136.0000    14869.6001   164335   26.15%
   1261   676    15199.4211   133    20136.0000    14869.6001   167508   26.15%
   1280   695    15344.3139   114    20136.0000    14869.6001   169552   26.15%
   1305   720    16047.9500    70    20136.0000    14869.6001   172241   26.15%
   1333   748    16197.6526    66    20136.0000    14869.6001   174082   26.15%
   1365   780    16223.1463    89    20136.0000    14869.6001   174366   26.15%
   1434   844    19683.0000   116    20136.0000    14869.6001   175215   26.15%
*  1458   855      integral     0    20083.0000    14869.6001   176357   25.96%
   1459   855    14919.3716   194    20083.0000    14876.8723   176775   25.92%
Elapsed time = 100.71 sec. (127318.61 ticks, tree = 8.08 MB, solutions = 7)
   1473   869    15328.8410   195    20083.0000    14876.8723   180164   25.92%
   1490   886    15636.9001   165    20083.0000    14876.8723   182916   25.92%
   1508   904    15797.7520   152    20083.0000    14876.8723   183398   25.92%
   1519   915    16427.8388   132    20083.0000    14876.8723   186432   25.92%
   1537   931    17636.7883   125    20083.0000    14876.8723   190316   25.92%
   1553   941    15059.0957   218    20083.0000    14882.7019   193088   25.89%
   1582   970    15253.6883   139    20083.0000    14882.7019   196045   25.89%
   1616  1004    17819.7960   246    20083.0000    14882.7019   197852   25.89%
   1641  1029    17888.2088   307    20083.0000    14882.7019   198847   25.89%
   1695  1072    15269.2542   267    20083.0000    14883.7569   204832   25.89%
Elapsed time = 111.67 sec. (140722.14 ticks, tree = 9.15 MB, solutions = 7)
   1828  1200    15105.7320   185    20083.0000    14912.5783   211453   25.75%
   1970  1327    19818.8893    90    20083.0000    14912.5783   222517   25.75%
   2030  1382    15924.7986   157    20083.0000    14916.4314   233844   25.73%
   2077  1429    18213.0000   231    20083.0000    14916.4314   241510   25.73%
   2168  1515    15297.6341   194    20083.0000    14919.3716   249097   25.71%
   2310  1653    16025.2206   187    20083.0000    14923.9442   265261   25.69%
   2421  1758    15683.7143   126    20083.0000    14931.3010   282572   25.65%
*  2508+ 1830                        20070.0000    14932.0627            25.60%
   2508  1832    15537.6348   138    20070.0000    14932.0627   294333   25.60%
   2648  1964    16695.0000    75    20070.0000    14940.1713   309278   25.56%
   2810  2119    15668.3950   160    20070.0000    14941.9263   318494   25.55%
Elapsed time = 143.77 sec. (181656.44 ticks, tree = 15.15 MB, solutions = 8)
   2908  2213    15513.8480   187    20070.0000    14963.7909   336566   25.44%
   3028  2315    16730.8215   101    20070.0000    14969.9887   348335   25.41%
   3159  2440    16034.6406   132    20070.0000    14971.2380   358361   25.40%
*  3278+ 2386                        19071.0000    14971.2380            21.50%
*  3288+ 2344                        18529.0000    14971.5755            19.20%
   3355  2411    17029.2110    90    18529.0000    14971.5755   366782   19.20%
*  3388+ 2401                        18355.0000    14971.5755            18.43%
   3407  2419    18070.6680   148    18355.0000    14971.9480   370587   18.43%
   3428  2432    15271.7226   284    18355.0000    14975.6508   379077   18.41%
   3528  2532    15483.7915   206    18355.0000    14975.6508   385856   18.41%
   3627  2624    16248.0806   140    18355.0000    14980.9224   397663   18.38%
   3759  2751    16345.8615    78    18355.0000    14981.1371   408348   18.38%
   3884  2872    16230.2118    36    18355.0000    14984.9300   421620   18.36%
Elapsed time = 172.72 sec. (220647.43 ticks, tree = 19.56 MB, solutions = 11)
   4043  3020    16431.7692    68    18355.0000    14986.7653   430745   18.35%
   4163  3130    15448.2348   123    18355.0000    14989.8773   440148   18.33%
   4264  3219    16124.2887   131    18355.0000    14991.7585   456097   18.32%
*  4348+ 3111                        17899.0000    14997.6255            16.21%
   4388  3153    15984.4011   173    17899.0000    14997.6255   469784   16.21%
*  4450+ 3145                        17758.0000    14997.6255            15.54%
*  4508+ 3166                        17688.0000    14997.9957            15.21%
   4508  3168    16229.7940   134    17688.0000    14997.9957   478806   15.21%
*  4548+ 3144                        17419.0000    14997.9957            13.90%
*  4598  3123      integral     0    17299.0000    14997.9957   480858   13.30%
   4605  3129    15070.8021   250    17299.0000    15006.6455   483435   13.25%
   4726  3240    15706.7414   237    17299.0000    15008.5641   498933   13.24%
   4793  3301    16033.1719    98    17299.0000    15009.3164   511193   13.24%
   4899  3399    16289.0811   100    17299.0000    15018.9801   524737   13.18%
   4981  3478    17167.2143   269    17299.0000    15019.6368   538578   13.18%
Elapsed time = 201.22 sec. (259583.69 ticks, tree = 23.10 MB, solutions = 16)
   5068  3549    15025.5751   259    17299.0000    15025.5751   553062   13.14%
   5139  3616    15071.0279   270    17299.0000    15027.2929   568306   13.13%
   5209  3680    15318.0605   209    17299.0000    15030.7948   582578   13.11%
   5336  3801    16190.0000    53    17299.0000    15030.9681   597968   13.11%
   5403  3858    17062.6923    99    17299.0000    15032.0388   609917   13.10%
   5443  3890    infeasible          17299.0000    15033.3493   623517   13.10%
   5531  3968    15051.7190   195    17299.0000    15043.1986   639171   13.04%
   5659  4087    15339.6093   169    17299.0000    15043.1986   654944   13.04%
   5704  4119    15318.1644   236    17299.0000    15045.2648   663110   13.03%
   5761  4176    16696.1135   287    17299.0000    15045.2648   680181   13.03%
Elapsed time = 233.34 sec. (299217.53 ticks, tree = 27.61 MB, solutions = 16)
   5855  4267    15583.1970   118    17299.0000    15045.4892   695620   13.03%
   5945  4353    15722.6145   192    17299.0000    15045.6373   712856   13.03%
   6044  4446    15394.2438   276    17299.0000    15046.1651   726453   13.02%
   6130  4524    16912.1903    97    17299.0000    15047.5127   742699   13.02%
   6226  4610    15052.8208   235    17299.0000    15050.5125   758736   13.00%
   6358  4727    17017.5833   118    17299.0000    15050.5125   774312   13.00%
*  6453  2091      integral     0    15892.0000    15051.0998   784721    5.29%
   6492  2112    15418.4801   149    15892.0000    15053.2751   792386    5.28%
   6568  2166    15085.2236   232    15892.0000    15063.6260   807860    5.21%
   6688  2282    15779.7810   144    15892.0000    15063.9620   824747    5.21%
   6776  2353    15203.2397   190    15892.0000    15069.5266   842019    5.18%
Elapsed time = 264.18 sec. (339207.03 ticks, tree = 15.27 MB, solutions = 17)
   6880  2445    15377.6385   199    15892.0000    15071.1462   859053    5.17%
   6975  2529    15354.4487   292    15892.0000    15072.2309   878186    5.16%
   7038  2573    15400.0000   110    15892.0000    15075.7261   895088    5.14%
   7129  2647    15578.4432   151    15892.0000    15076.6102   911212    5.13%
   7193  2682    15855.4862    95    15892.0000    15082.7144   931565    5.09%
   7265  2736        cutoff          15892.0000    15086.0119   948168    5.07%
   7351  2808    15793.1250   128    15892.0000    15088.8098   965008    5.05%
   7409  2842    15431.0400    93    15892.0000    15093.9938   983372    5.02%
*  7426  1468      integral     0    15516.0000    15093.9938   986883    2.72%
   7478  1491    15443.1290   149    15516.0000    15099.3093  1001365    2.69%
Elapsed time = 291.57 sec. (374769.46 ticks, tree = 10.22 MB, solutions = 18)
   7506  1491    15316.2520   291    15516.0000    15104.2531  1012330    2.65%
   7556  1504    15445.8726   209    15516.0000    15111.4393  1026676    2.61%
   7611  1520        cutoff          15516.0000    15115.4537  1040039    2.58%
   7663  1534        cutoff          15516.0000    15121.8141  1055569    2.54%
   7718  1574    15500.0000    72    15516.0000    15124.3358  1069404    2.52%
   7783  1592    15356.9941   197    15516.0000    15131.6764  1086813    2.48%
   7843  1599    15379.7753   207    15516.0000    15143.6321  1103895    2.40%
   7894  1630    15276.9249   160    15516.0000    15146.2743  1118895    2.38%
   7956  1679    15406.1809   208    15516.0000    15149.3305  1137189    2.36%
*  7981  1524      integral     0    15488.0000    15149.3305  1140431    2.19%
   8011  1526    15343.0601   148    15488.0000    15151.0145  1153393    2.18%
Elapsed time = 321.79 sec. (413936.13 ticks, tree = 10.45 MB, solutions = 19)
   8042  1539    15333.8440   147    15488.0000    15153.4486  1167111    2.16%
   8072  1555    15346.6958   181    15488.0000    15154.3534  1177922    2.15%
   8110  1562    15174.6952   270    15488.0000    15158.3837  1193680    2.13%
   8144  1573    15273.9570   198    15488.0000    15162.8911  1206547    2.10%
   8174  1569    15300.9386   289    15488.0000    15168.6611  1221924    2.06%
   8221  1580    15337.7153   274    15488.0000    15173.5605  1236650    2.03%
   8271  1594    15279.0690   296    15488.0000    15177.4895  1251797    2.00%
   8309  1604    15453.7576   199    15488.0000    15180.5657  1268451    1.98%
   8353  1609    15355.0972   218    15488.0000    15184.9365  1284658    1.96%
*  8388  1362      integral     0    15446.0000    15186.7236  1292056    1.68%
Elapsed time = 351.91 sec. (451581.45 ticks, tree = 9.79 MB, solutions = 20)
   8433  1353    15309.6925   218    15446.0000    15192.0000  1307591    1.64%
   8488  1352    15369.5164   206    15446.0000    15196.2102  1322487    1.62%
   8541  1354    15302.2399   189    15446.0000    15202.9491  1338238    1.57%
   8581  1353    15302.6258   179    15446.0000    15207.4319  1354805    1.54%
*  8604  1036      integral     0    15393.0000    15207.4319  1357898    1.21%
   8631  1016    15337.5916   234    15393.0000    15212.7720  1369212    1.17%
*  8704+  428                        15315.0000    15228.8164             0.56%
   8722   412        cutoff          15315.0000    15232.4590  1384969    0.54%
   8830   320    15301.0497   207    15315.0000    15256.6581  1396727    0.38%
   9113    53        cutoff          15315.0000    15309.3472  1406862    0.04%

Clique cuts applied:  28
Cover cuts applied:  232
Implied bound cuts applied:  15
Flow cuts applied:  4
Mixed integer rounding cuts applied:  93
Zero-half cuts applied:  125
Lift and project cuts applied:  19

Root node processing (before b&c):
  Real time             =   12.94 sec. (22277.77 ticks)
Sequential b&c:
  Real time             =  363.15 sec. (461510.87 ticks)
                          ------------
Total (root+branch&cut) =  376.09 sec. (483788.64 ticks)
MIP: [1;32mCPLEX finished.[0m
MIP: [1;32mCPLEX status: Optimal[0m
CAN: [1;35mItem: 0, Level: 0, at bin: 5[0m
CAN: [1;35mItem: 0, Level: 1, at bin: 0[0m
CAN: [1;35mItem: 0, Level: 2, at bin: 1[0m
CAN: [1;35mItem: 0, Level: 3, at bin: 1[0m
CAN: [1;35mItem: 0, Level: 4, at bin: 20[0m
CAN: [1;35mItem: 1, Level: 0, at bin: 8[0m
CAN: [1;35mItem: 1, Level: 1, at bin: 21[0m
CAN: [1;35mItem: 1, Level: 2, at bin: 1[0m
CAN: [1;35mItem: 1, Level: 3, at bin: 1[0m
CAN: [1;35mItem: 1, Level: 4, at bin: 20[0m
CAN: [1;35mItem: 2, Level: 0, at bin: 8[0m
CAN: [1;35mItem: 2, Level: 1, at bin: 21[0m
CAN: [1;35mItem: 2, Level: 2, at bin: 1[0m
CAN: [1;35mItem: 2, Level: 3, at bin: 1[0m
CAN: [1;35mItem: 2, Level: 4, at bin: 20[0m
CAN: [1;35mItem: 3, Level: 0, at bin: 12[0m
CAN: [1;35mItem: 3, Level: 1, at bin: 21[0m
CAN: [1;35mItem: 3, Level: 2, at bin: 1[0m
CAN: [1;35mItem: 3, Level: 3, at bin: 1[0m
CAN: [1;35mItem: 3, Level: 4, at bin: 20[0m
CAN: [1;35mItem: 4, Level: 0, at bin: 10[0m
CAN: [1;35mItem: 4, Level: 1, at bin: 21[0m
CAN: [1;35mItem: 4, Level: 2, at bin: 1[0m
CAN: [1;35mItem: 4, Level: 3, at bin: 1[0m
CAN: [1;35mItem: 4, Level: 4, at bin: 20[0m
CAN: [1;35mItem: 5, Level: 0, at bin: 8[0m
CAN: [1;35mItem: 5, Level: 1, at bin: 21[0m
CAN: [1;35mItem: 5, Level: 2, at bin: 1[0m
CAN: [1;35mItem: 5, Level: 3, at bin: 1[0m
CAN: [1;35mItem: 5, Level: 4, at bin: 20[0m
CAN: [1;35mItem: 6, Level: 0, at bin: 1[0m
CAN: [1;35mItem: 6, Level: 1, at bin: 10[0m
CAN: [1;35mItem: 6, Level: 2, at bin: 17[0m
CAN: [1;35mItem: 6, Level: 3, at bin: 12[0m
CAN: [1;35mItem: 6, Level: 4, at bin: 20[0m
CAN: [1;35mItem: 7, Level: 0, at bin: 0[0m
CAN: [1;35mItem: 7, Level: 1, at bin: 10[0m
CAN: [1;35mItem: 7, Level: 2, at bin: 17[0m
CAN: [1;35mItem: 7, Level: 3, at bin: 12[0m
CAN: [1;35mItem: 7, Level: 4, at bin: 20[0m
CAN: [1;35mItem: 8, Level: 0, at bin: 2[0m
CAN: [1;35mItem: 8, Level: 1, at bin: 0[0m
CAN: [1;35mItem: 8, Level: 2, at bin: 1[0m
CAN: [1;35mItem: 8, Level: 3, at bin: 1[0m
CAN: [1;35mItem: 8, Level: 4, at bin: 20[0m
CAN: [1;35mItem: 9, Level: 0, at bin: 10[0m
CAN: [1;35mItem: 9, Level: 1, at bin: 21[0m
CAN: [1;35mItem: 9, Level: 2, at bin: 1[0m
CAN: [1;35mItem: 9, Level: 3, at bin: 1[0m
CAN: [1;35mItem: 9, Level: 4, at bin: 20[0m
CAN: [1;35mItem: 10, Level: 0, at bin: 11[0m
CAN: [1;35mItem: 10, Level: 1, at bin: 8[0m
CAN: [1;35mItem: 10, Level: 2, at bin: 25[0m
CAN: [1;35mItem: 10, Level: 3, at bin: 1[0m
CAN: [1;35mItem: 10, Level: 4, at bin: 20[0m
CAN: [1;35mItem: 11, Level: 0, at bin: 12[0m
CAN: [1;35mItem: 11, Level: 1, at bin: 21[0m
CAN: [1;35mItem: 11, Level: 2, at bin: 1[0m
CAN: [1;35mItem: 11, Level: 3, at bin: 1[0m
CAN: [1;35mItem: 11, Level: 4, at bin: 20[0m
CAN: [1;35mItem: 12, Level: 0, at bin: 9[0m
CAN: [1;35mItem: 12, Level: 1, at bin: 8[0m
CAN: [1;35mItem: 12, Level: 2, at bin: 25[0m
CAN: [1;35mItem: 12, Level: 3, at bin: 1[0m
CAN: [1;35mItem: 12, Level: 4, at bin: 20[0m
CAN: [1;35mItem: 13, Level: 0, at bin: 12[0m
CAN: [1;35mItem: 13, Level: 1, at bin: 21[0m
CAN: [1;35mItem: 13, Level: 2, at bin: 1[0m
CAN: [1;35mItem: 13, Level: 3, at bin: 1[0m
CAN: [1;35mItem: 13, Level: 4, at bin: 20[0m
CAN: [1;35mItem: 14, Level: 0, at bin: 5[0m
CAN: [1;35mItem: 14, Level: 1, at bin: 0[0m
CAN: [1;35mItem: 14, Level: 2, at bin: 1[0m
CAN: [1;35mItem: 14, Level: 3, at bin: 1[0m
CAN: [1;35mItem: 14, Level: 4, at bin: 20[0m
CAN: [1;35mItem: 15, Level: 0, at bin: 9[0m
CAN: [1;35mItem: 15, Level: 1, at bin: 8[0m
CAN: [1;35mItem: 15, Level: 2, at bin: 25[0m
CAN: [1;35mItem: 15, Level: 3, at bin: 1[0m
CAN: [1;35mItem: 15, Level: 4, at bin: 20[0m
CAN: [1;35mItem: 16, Level: 0, at bin: 1[0m
CAN: [1;35mItem: 16, Level: 1, at bin: 10[0m
CAN: [1;35mItem: 16, Level: 2, at bin: 17[0m
CAN: [1;35mItem: 16, Level: 3, at bin: 12[0m
CAN: [1;35mItem: 16, Level: 4, at bin: 20[0m
CAN: [1;35mItem: 17, Level: 0, at bin: 14[0m
CAN: [1;35mItem: 17, Level: 1, at bin: 8[0m
CAN: [1;35mItem: 17, Level: 2, at bin: 25[0m
CAN: [1;35mItem: 17, Level: 3, at bin: 1[0m
CAN: [1;35mItem: 17, Level: 4, at bin: 20[0m
CAN: [1;35mItem: 18, Level: 0, at bin: 2[0m
CAN: [1;35mItem: 18, Level: 1, at bin: 0[0m
CAN: [1;35mItem: 18, Level: 2, at bin: 1[0m
CAN: [1;35mItem: 18, Level: 3, at bin: 1[0m
CAN: [1;35mItem: 18, Level: 4, at bin: 20[0m
CAN: [1;35mItem: 19, Level: 0, at bin: 9[0m
CAN: [1;35mItem: 19, Level: 1, at bin: 8[0m
CAN: [1;35mItem: 19, Level: 2, at bin: 25[0m
CAN: [1;35mItem: 19, Level: 3, at bin: 1[0m
CAN: [1;35mItem: 19, Level: 4, at bin: 20[0m
MIP: [1;32mSolution: 
Indexes: [5, 8, 8, 12, 10, 8, 1, 0, 2, 10, 11, 12, 9, 12, 5, 9, 1, 14, 2, 9][10, 10, 0, -1, -1, 0, -1, -1, 21, 8, 21, 8, 21, -1, 8, -1, -1, -1, -1, -1, -1, -1][1, -1, -1, -1, -1, -1, -1, -1, 25, -1, 17, -1, -1, -1, -1, -1, -1, -1, -1, -1, -1, 1, -1, -1, -1, -1][-1, 1, -1, -1, -1, -1, -1, -1, -1, -1, -1, -1, -1, -1, -1, -1, -1, 12, -1, -1, -1, -1, -1, -1, -1, 1, -1, -1][-1, 20, -1, -1, -1, -1, -1, -1, -1, -1, -1, -1, 20, -1, -1, -1, -1, -1, -1, -1, -1, -1, -1, -1, -1, -1, -1, -1], P Variables: [5, 0, 1, 1, 20][8, 21, 1, 1, 20][8, 21, 1, 1, 20][12, 21, 1, 1, 20][10, 21, 1, 1, 20][8, 21, 1, 1, 20][1, 10, 17, 12, 20][0, 10, 17, 12, 20][2, 0, 1, 1, 20][10, 21, 1, 1, 20][11, 8, 25, 1, 20][12, 21, 1, 1, 20][9, 8, 25, 1, 20][12, 21, 1, 1, 20][5, 0, 1, 1, 20][9, 8, 25, 1, 20][1, 10, 17, 12, 20][14, 8, 25, 1, 20][2, 0, 1, 1, 20][9, 8, 25, 1, 20], Flow leaving each bin: [0m
MIP: [1;32mObjective value: 15315[0m
MIP: [1;32mLower Bound: 15313.5[0m
MIP: [1;32mBranch-and-Bound nodes: 9160[0m

# best solution:
best objective value:	15315
best dual bound value:	15315
optimality gap:	0%
CPU time:	375.733
