ifile	/scratch/csagturk/mlbppo_inst/n0030_m03_p150__007.inst
prob	MLBPPO
threads	1
ttime	900
instance: /scratch/csagturk/mlbppo_inst/n0030_m03_p150__007.inst
	m=3, n=[30, 24, 28, 29], #pos=45
MIP: [1;32minit CPLEX[0m
CAN: [1;35mcreated 2204 x_{ijk} variables[0m
CAN: [1;35mcreated 111 y_{ij} variables[0m
CAN: [1;35mcreated 2430 p_{ijk} variables[0m
MIP: [1;32mcreated decision variables[0m
CAN: [1;35madded 30 constraints to enforce the packing of each item[0m
CAN: [1;35madded 52 constraints to enforce the packing of each item[0m
CAN: [1;35madded 81 capacity constraints[0m
MIP: [1;32mcreated constraints[0m
MIP: [1;32mcreated objective function[0m
MIP: [1;32mcalling CPLEX solve ...[0m
Version identifier: 22.1.0.0 | 2022-03-09 | 1a383f8ce
CPXPARAM_Threads                                 1
CPXPARAM_TimeLimit                               900
Tried aggregator 2 times.
MIP Presolve eliminated 46177 rows and 33156 columns.
MIP Presolve modified 3038 coefficients.
Aggregator did 88318 substitutions.
Reduced MIP has 86970 rows, 60607 columns, and 240406 nonzeros.
Reduced MIP has 32050 binaries, 0 generals, 0 SOSs, and 98 indicators.
Presolve time = 0.75 sec. (5944.23 ticks)
Probing fixed 0 vars, tightened 79 bounds.
Probing time = 7.43 sec. (5346.83 ticks)
Tried aggregator 2 times.
MIP Presolve eliminated 298 rows and 350 columns.
MIP Presolve modified 2 coefficients.
Aggregator did 56808 substitutions.
Reduced MIP has 29870 rows, 3449 columns, and 126102 nonzeros.
Reduced MIP has 3449 binaries, 0 generals, 0 SOSs, and 0 indicators.
Presolve time = 0.29 sec. (259.46 ticks)
Probing time = 0.02 sec. (31.83 ticks)
Tried aggregator 1 time.
Detecting symmetries...
MIP Presolve eliminated 14 rows and 8 columns.
Reduced MIP has 29856 rows, 3441 columns, and 126074 nonzeros.
Reduced MIP has 3441 binaries, 0 generals, 0 SOSs, and 0 indicators.
Presolve time = 0.07 sec. (67.30 ticks)
Probing time = 0.01 sec. (5.26 ticks)
Clique table members: 10520.
MIP emphasis: balance optimality and feasibility.
MIP search method: dynamic search.
Parallel mode: none, using 1 thread.
Root relaxation solution time = 0.06 sec. (83.03 ticks)

        Nodes                                         Cuts/
   Node  Left     Objective  IInf  Best Integer    Best Bound    ItCnt     Gap

      0     0    19123.5398   146                  19123.5398      707         
      0     0    19134.7132   220                   Cuts: 168     2026         
      0     0    19165.0539   214                   Cuts: 132     3510         
      0     0    19227.6649   247                   Cuts: 170     4779         
      0     0    19324.3236   287                   Cuts: 128     9263         
      0     0    19339.1278   284                   Cuts: 114    12296         
      0     0    19349.3705   334                   Cuts: 122    14887         
      0     0    19360.8278   265                   Cuts: 112    17352         
      0     0    19362.9709   280                   Cuts: 105    18276         
      0     0    19367.6555   282                    Cuts: 96    19538         
      0     0    19374.5529   286                    Cuts: 97    21146         
      0     0    19382.1492   268                   Cuts: 149    23571         
      0     0    19390.5713   299                   Cuts: 145    26088         
      0     0    19396.0294   352                   Cuts: 107    28284         
      0     0    19396.7675   338                   Cuts: 108    31861         
      0     0    19397.2130   330                    Cuts: 99    35215         
      0     0    19397.6107   367                    Cuts: 86    36849         
      0     2    19397.6107   347                  19397.6107    36849         
Elapsed time = 33.54 sec. (40087.89 ticks, tree = 0.01 MB, solutions = 0)
      1     3    19397.6107   346                  19397.6107    38889         
      2     4    19397.6107   377                  19397.6107    42349         
      3     5    19397.6107   358                  19397.6107    45606         
      4     6    19397.6107   289                  19397.6107    46962         
      6     8    19397.6107   268                  19397.6107    48982         
      7     9    19397.6107   297                  19397.6107    50987         
      9    11    19397.6107   270                  19397.6107    51851         
     11    13    19397.6107   272                  19397.6107    53117         
     13    15    19397.6107   287                  19397.6107    55192         
     18    20    19397.6107   273                  19397.6107    58052         
Elapsed time = 41.01 sec. (48031.71 ticks, tree = 0.58 MB, solutions = 0)
     21    23    19397.6107   325                  19397.6107    61907         
     25    27    19397.6107   336                  19397.6107    65654         
     31    33    19397.6107   266                  19397.6107    70351         
     34    36    19397.6107   239                  19397.6107    72894         
     39    41    19397.6107   265                  19397.6107    77225         
     40    42    19397.6107   230                  19397.6107    77596         
     47    49    19397.6107   244                  19397.6107    80889         
     51    53    19397.6107   324                  19397.6107    83703         
     55    57    19397.6107   300                  19397.6107    89436         
     58    60    19397.6107   396                  19397.6107    94417         
Elapsed time = 54.52 sec. (62764.32 ticks, tree = 2.60 MB, solutions = 0)
     60    62    19397.6107   338                  19397.6107    97349         
     64    66    19397.6107   384                  19397.6107   101270         
     66    68    19397.6107   358                  19397.6107   104148         
     68    70    19399.3321   325                  19397.6107   107219         
     70    72    19400.2488   299                  19397.6107   111330         
     76    78    19428.8486   279                  19397.6107   116626         
     85    87    19416.3965   262                  19397.6107   120440         
     90    92    19418.1851   186                  19397.6107   121190         
    109   111    19724.5602   183                  19397.6107   128248         
    129   131    20689.6784   148                  19397.6107   135732         
Elapsed time = 68.89 sec. (77894.06 ticks, tree = 3.18 MB, solutions = 0)
    180   172    21558.0949   125                  19397.6107   141481         
    266   251    25687.6246    25                  19397.6107   144699         
    274   253    19399.9490   328                  19397.6107   148423         
    280   259    19399.9490   287                  19397.6107   151423         
    288   267    19399.9490   282                  19397.6107   155109         
    293   272    19522.0835   182                  19397.6107   158901         
    308   287    19412.5385   244                  19397.6107   162779         
    331   310    19535.2091   174                  19397.6107   168650         
    341   320    19600.9258   206                  19397.6107   175288         
    359   338    19794.4881   184                  19397.6107   181550         
Elapsed time = 78.31 sec. (89032.91 ticks, tree = 4.27 MB, solutions = 0)
    376   355    19933.8343   156                  19397.6107   185699         
    396   375    21263.3947   142                  19397.6107   191077         
    412   391    21194.4576   143                  19397.6107   193688         
    462   435    23471.5730    66                  19397.6107   196330         
*   480+  451                        28825.0000    19397.6107            32.71%
    500   463    19397.6107   326    28825.0000    19397.6107   197796   32.71%
    504   467    19397.6107   314    28825.0000    19397.6107   201347   32.71%
    505   468    19397.6107   356    28825.0000    19397.6107   204216   32.71%
    506   469    19397.6107   396    28825.0000    19397.6107   207496   32.71%
    507   470    19397.6107   375    28825.0000    19397.6107   211576   32.71%
    509   472    19397.6107   346    28825.0000    19397.6107   215064   32.71%
Elapsed time = 90.33 sec. (103010.09 ticks, tree = 4.98 MB, solutions = 1)
    510   473    19397.6107   356    28825.0000    19397.6107   218168   32.71%
    511   474    19397.6107   318    28825.0000    19397.6107   220361   32.71%
    513   476    19397.6107   295    28825.0000    19397.6107   222990   32.71%
    517   480    19397.6107   347    28825.0000    19397.6107   226027   32.71%
    519   482    19397.6107   308    28825.0000    19397.6107   229238   32.71%
    524   487    19524.0398   297    28825.0000    19397.6107   232984   32.71%
    539   502    19531.2666   252    28825.0000    19397.6107   236092   32.71%
    540   503    19531.2666   247    28825.0000    19397.6107   236174   32.71%
    553   516    19708.1723   235    28825.0000    19397.6107   239291   32.71%
    560   523    19712.0223   232    28825.0000    19397.6107   240992   32.71%
Elapsed time = 101.56 sec. (115246.18 ticks, tree = 5.25 MB, solutions = 1)
    581   541    19950.9730   195    28825.0000    19397.6107   244444   32.71%
*   591+  549                        28330.0000    19397.6107            31.53%
*   591+  549                        28176.0000    19397.6107            31.16%
    591   551    19397.6107   335    28176.0000    19397.6107   247297   31.16%
    592   552    19397.6107   308    28176.0000    19397.6107   249206   31.16%
    596   556    19397.6107   282    28176.0000    19397.6107   252095   31.16%
    600   560    19397.6107   312    28176.0000    19397.6107   254964   31.16%
    606   566    19397.6107   278    28176.0000    19397.6107   258115   31.16%
    611   571    19430.0737   315    28176.0000    19397.6107   260879   31.16%
    620   580    19509.5697   307    28176.0000    19397.6107   265250   31.16%
    626   586    19509.8180   275    28176.0000    19397.6107   268863   31.16%
    657   617    19645.9058   192    28176.0000    19397.6107   273934   31.16%
Elapsed time = 117.63 sec. (134041.46 ticks, tree = 5.72 MB, solutions = 3)
    684   638    19397.6107   250    28176.0000    19397.6107   278704   31.16%
    686   640    19397.6107   336    28176.0000    19397.6107   281392   31.16%
    688   642    19397.6107   353    28176.0000    19397.6107   285334   31.16%
    691   645    19397.6107   348    28176.0000    19397.6107   289055   31.16%
    697   651    19397.6272   360    28176.0000    19397.6107   293083   31.16%

Performing restart 1

Repeating presolve.
Tried aggregator 1 time.
MIP Presolve modified 33075 coefficients.
Reduced MIP has 29856 rows, 3441 columns, and 109418 nonzeros.
Reduced MIP has 3441 binaries, 0 generals, 0 SOSs, and 0 indicators.
Presolve time = 0.09 sec. (104.51 ticks)
Tried aggregator 1 time.
MIP Presolve modified 604 coefficients.
Reduced MIP has 29856 rows, 3441 columns, and 109418 nonzeros.
Reduced MIP has 3441 binaries, 0 generals, 0 SOSs, and 0 indicators.
Presolve time = 0.09 sec. (85.50 ticks)
Represolve time = 0.41 sec. (409.01 ticks)
    701     0    19397.6405   458    28176.0000     Cuts: 182   301947   31.16%
    701     0    19397.6786   466    28176.0000     Cuts: 116   305420   31.16%
    701     0    19397.6786   472    28176.0000     Cuts: 105   310010   31.16%
    701     0    19397.6786   452    28176.0000     Cuts: 108   315893   31.16%
    701     0    19397.6786   505    28176.0000     Cuts: 121   322354   31.16%
    701     0    19397.6786   412    28176.0000      Cuts: 16   326237   31.16%
    701     0    19397.6786   403    28176.0000     Cuts: 132   330515   31.16%
    701     0    19397.6786   405    28176.0000     Cuts: 112   336003   31.16%
    701     0    19397.6843   373    28176.0000     Cuts: 103   340923   31.16%
    701     0    19397.6907   366    28176.0000     Cuts: 109   346172   31.16%
    701     0    19397.6907   346    28176.0000      Cuts: 81   350773   31.16%
    701     0    19397.6907   363    28176.0000      Cuts: 60   355416   31.16%
    701     0    19397.6907   409    28176.0000      Cuts: 84   359942   31.16%
*   701+    0                        27068.0000    19397.6907            28.34%
    701     0  -1.00000e+75     0    27068.0000    19397.6907   359942   28.34%
    701     2    19397.6907   335    27068.0000    19397.7231   359942   28.34%
    702     3    19402.1928   303    27068.0000    19402.2416   363063   28.32%
    704     5    19402.5946   286    27068.0000    19402.6005   363656   28.32%
    705     6    19402.7542   286    27068.0000    19403.0261   363683   28.32%
    706     7    19403.5933   329    27068.0000    19403.8838   381449   28.31%
Elapsed time = 211.68 sec. (233039.68 ticks, tree = 0.03 MB, solutions = 4)
    708     9    19446.7518   266    27068.0000    19403.9460   396209   28.31%
    709    10    19405.5127   201    27068.0000    19405.5127   406776   28.31%
    711    12    19442.8379   202    27068.0000    19405.5145   419620   28.31%
    714    15    19406.9116   186    27068.0000    19406.0436   421117   28.31%
    716    17    19444.2403   159    27068.0000    19406.0436   427156   28.31%
    719    20    19490.8735   192    27068.0000    19406.0436   427918   28.31%
    721    22    19410.3156   160    27068.0000    19406.0436   428170   28.31%
    726    27    19414.8056   194    27068.0000    19406.0436   428789   28.31%
    731    32    19427.4011   153    27068.0000    19406.0436   429156   28.31%
    737    38    19434.6822   144    27068.0000    19406.0436   429687   28.31%
Elapsed time = 259.92 sec. (284881.92 ticks, tree = 0.18 MB, solutions = 4)
    743    44    19450.9855   145    27068.0000    19406.0436   430105   28.31%
    749    50    19477.0000   194    27068.0000    19406.0436   431001   28.31%
    753    54    19516.3746   179    27068.0000    19406.0436   432012   28.31%
    760    61    19541.5325   188    27068.0000    19406.0436   432586   28.31%
    761    62    19542.7633   162    27068.0000    19406.0436   432621   28.31%
    768    67    19948.3564   196    27068.0000    19406.0436   433420   28.31%
    773    72    20033.5524   227    27068.0000    19406.0436   434659   28.31%
    777    76    20147.4976   192    27068.0000    19406.0436   435702   28.31%
    781    79    20271.0440   156    27068.0000    19406.0436   436165   28.31%
    801    96    20431.0000   121    27068.0000    19406.0436   438854   28.31%
Elapsed time = 276.92 sec. (307747.91 ticks, tree = 0.48 MB, solutions = 4)
    822   117    20485.3750   171    27068.0000    19406.0436   443985   28.31%
    828   119    19415.1223   151    27068.0000    19408.1555   447215   28.30%
    865   156    19501.1278   165    27068.0000    19408.1555   452181   28.30%
*   901+  189                        26952.0000    19408.1555            27.99%
    901   191    20126.7238   177    26952.0000    19408.1555   457730   27.99%
    924   209    19411.3584   234    26952.0000    19408.3052   459966   27.99%
    941   226    19447.4974   211    26952.0000    19408.3052   462965   27.99%
    983   268    20208.8891   155    26952.0000    19408.3052   474564   27.99%
   1002   284    19427.8966   196    26952.0000    19408.6271   476891   27.99%
   1058   340    20962.3034   207    26952.0000    19408.6271   483643   27.99%
   1090   360    19509.9088   237    26952.0000    19409.0584   490306   27.99%
Elapsed time = 322.09 sec. (364024.11 ticks, tree = 1.81 MB, solutions = 5)
   1101   371    19530.1765   174    26952.0000    19409.0584   492120   27.99%
   1160   419    19444.7894   217    26952.0000    19410.0466   497981   27.98%
   1232   479    infeasible          26952.0000    19410.0466   504479   27.98%
   1234   481    19508.8305   217    26952.0000    19410.0939   505372   27.98%
   1308   552    22117.8827   120    26952.0000    19410.0939   510780   27.98%
   1368   592    19474.9117   265    26952.0000    19411.7541   520481   27.98%
   1428   649    20870.0500   119    26952.0000    19411.7541   527330   27.98%
   1472   686    19447.4438   226    26952.0000    19411.8158   530187   27.98%
   1530   742    20193.2164   208    26952.0000    19411.8158   537932   27.98%
   1541   749    19439.4216   232    26952.0000    19414.2208   543295   27.97%
Elapsed time = 370.86 sec. (426474.93 ticks, tree = 5.45 MB, solutions = 5)
*  1601+  806                        25765.0000    19414.2208            24.65%
   1601   808    21739.2734   128    25765.0000    19414.2208   550591   24.65%
   1673   859    19450.3018   292    25765.0000    19414.2519   558756   24.65%
   1701   887    19735.1375   206    25765.0000    19414.2519   563548   24.65%
   1783   965    22094.3395   237    25765.0000    19414.2519   571098   24.65%
   1833   996    19431.5727   216    25765.0000    19414.2519   576635   24.65%
   1886  1049    21078.1633   130    25765.0000    19414.2519   584696   24.65%
   1928  1082    infeasible          25765.0000    19414.2519   591788   24.65%
   1930  1082    19414.4440   257    25765.0000    19414.3978   593333   24.65%
   1969  1121    20282.6507   178    25765.0000    19414.3978   599025   24.65%
   2056  1197    19424.3396   173    25765.0000    19415.0906   609727   24.65%
Elapsed time = 433.88 sec. (504918.77 ticks, tree = 7.88 MB, solutions = 6)
   2128  1264    20662.8824   188    25765.0000    19415.0906   615081   24.65%
   2131  1263    19445.0575   212    25765.0000    19415.2509   616727   24.64%
   2196  1321    19466.2869   264    25765.0000    19415.3203   625178   24.64%
   2214  1339    19499.6555   203    25765.0000    19415.3203   632044   24.64%
   2263  1387    20788.4559   186    25765.0000    19415.3203   641647   24.64%
   2277  1396    19468.4945   372    25765.0000    19416.2444   651032   24.64%
   2283  1402    19558.3377   303    25765.0000    19416.2444   654105   24.64%
   2326  1442    21333.0000   176    25765.0000    19416.2444   660396   24.64%
   2376  1487    19491.5963   238    25765.0000    19416.4614   667589   24.64%
   2392  1503    19997.3713   253    25765.0000    19416.4614   675234   24.64%
Elapsed time = 491.53 sec. (572788.43 ticks, tree = 13.39 MB, solutions = 6)
   2429  1534    19434.7334   247    25765.0000    19417.3188   681218   24.64%
   2453  1558    19948.6456   175    25765.0000    19417.3188   687320   24.64%
   2526  1631    22440.0000   150    25765.0000    19417.3188   691098   24.64%
   2619  1714    24575.0000   115    25765.0000    19417.3188   696124   24.64%
   2646  1737    19489.8651   272    25765.0000    19417.5972   703620   24.64%
   2672  1762    19924.0897   240    25765.0000    19417.5972   709757   24.64%
   2723  1800    19447.7023   192    25765.0000    19417.7260   715347   24.64%
   2736  1813    19807.4188   237    25765.0000    19417.7260   721246   24.64%
   2762  1839    19936.9698   280    25765.0000    19417.7260   728621   24.64%
   2801  1878    20328.9294   240    25765.0000    19417.7260   733050   24.64%
Elapsed time = 542.55 sec. (636344.68 ticks, tree = 25.90 MB, solutions = 6)
   2855  1931    21591.0000   167    25765.0000    19417.7260   738923   24.64%
   2872  1943    19442.9370   209    25765.0000    19417.8308   748057   24.63%
   2879  1950    19516.2844   186    25765.0000    19417.8308   752689   24.63%
   2930  1998    20339.1779   141    25765.0000    19417.8308   759132   24.63%
   2942  2006    19439.5637   198    25765.0000    19418.0691   760916   24.63%
   2959  2023    19742.6567   250    25765.0000    19418.0691   768076   24.63%
   3029  2089    20659.0000   172    25765.0000    19418.0691   771581   24.63%
   3062  2114    19445.7513   235    25765.0000    19419.8117   781819   24.63%
   3073  2125    19843.3300   235    25765.0000    19419.8117   789217   24.63%
   3111  2163    20563.5455   237    25765.0000    19419.8117   796379   24.63%
Elapsed time = 594.39 sec. (698651.92 ticks, tree = 34.86 MB, solutions = 6)
   3165  2213    19503.7657   213    25765.0000    19420.7324   800922   24.62%
   3209  2250    22147.3333   211    25765.0000    19420.7324   807926   24.62%
   3258  2295    19474.0545   231    25765.0000    19421.1412   812501   24.62%
   3277  2314    19692.0725   204    25765.0000    19421.1412   815612   24.62%
   3301  2338    20022.8175   142    25765.0000    19421.1412   820086   24.62%
   3380  2411    21226.0000   124    25765.0000    19421.1412   828547   24.62%
   3408  2432    19480.8377   232    25765.0000    19421.1777   832562   24.62%
   3423  2447    19791.2711   174    25765.0000    19421.1777   840809   24.62%
   3491  2513    23298.0000   139    25765.0000    19421.1777   848911   24.62%
   3545  2559    19653.3461   189    25765.0000    19421.2215   856784   24.62%
Elapsed time = 629.84 sec. (746599.22 ticks, tree = 36.87 MB, solutions = 6)
   3601  2615    21064.3000   119    25765.0000    19421.2215   865058   24.62%
   3663  2665    19471.6472   211    25765.0000    19421.6453   870278   24.62%
   3688  2690    20044.0898   188    25765.0000    19421.6453   879222   24.62%
   3774  2763    19494.9078   169    25765.0000    19422.6080   888428   24.62%
   3790  2779    19912.4843   169    25765.0000    19422.6080   893075   24.62%
   3851  2839    20977.4519   257    25765.0000    19422.6080   898073   24.62%
   3893  2871    19607.6752   152    25765.0000    19423.0608   901545   24.61%
   3920  2897    20016.3438   258    25765.0000    19423.0608   908760   24.61%
   3975  2952    20718.0000   181    25765.0000    19423.0608   916123   24.61%
   3997  2974    20718.0000   137    25765.0000    19423.0608   925512   24.61%
Elapsed time = 672.39 sec. (803655.60 ticks, tree = 38.97 MB, solutions = 6)
   4019  2988    19481.7390   186    25765.0000    19423.4120   931547   24.61%
   4041  3010    20663.8571   151    25765.0000    19423.4120   934356   24.61%
   4127  3088    19486.1306   205    25765.0000    19424.3396   940558   24.61%
   4162  3123    20215.0984   221    25765.0000    19424.3396   947913   24.61%
   4240  3192    19447.5971   168    25765.0000    19425.9723   954758   24.60%
   4265  3217    19728.9197   152    25765.0000    19425.9723   959082   24.60%
   4314  3260    19468.9931   223    25765.0000    19426.0503   969835   24.60%
   4345  3291    19990.6908   155    25765.0000    19426.0503   975968   24.60%
   4377  3316    19504.3745   229    25765.0000    19427.9289   980341   24.60%
   4418  3357    20119.9608   166    25765.0000    19427.9289   987156   24.60%
Elapsed time = 709.69 sec. (853833.59 ticks, tree = 40.90 MB, solutions = 6)
   4516  3442    infeasible          25765.0000    19427.9289   993892   24.60%
   4533  3453    19445.3561   239    25765.0000    19429.3007   996236   24.59%
   4539  3459    19563.0103   252    25765.0000    19429.3007  1003590   24.59%
   4568  3488    20113.3099   178    25765.0000    19429.3007  1008377   24.59%
   4621  3537    19591.2599   206    25765.0000    19429.5717  1013026   24.59%
   4679  3595    21084.0000   166    25765.0000    19429.5717  1020327   24.59%
*  4701+ 3615                        25434.0000    19429.5717            23.61%
*  4701+ 3615                        25390.0000    19429.5717            23.48%
   4705  3621    21637.0128   193    25390.0000    19429.5717  1024064   23.48%
   4801  3712    24784.0000    74    25390.0000    19429.5717  1028934   23.48%
   4817  3723    19706.5296   204    25390.0000    19431.2825  1033388   23.47%
   4830  3736    19858.9868   186    25390.0000    19431.2825  1038639   23.47%
Elapsed time = 744.87 sec. (900437.21 ticks, tree = 45.13 MB, solutions = 8)
   4871  3775    infeasible          25390.0000    19431.2825  1046599   23.47%
   4901  3805    22006.0000   205    25390.0000    19431.2825  1048416   23.47%
   4959  3850    19441.3689   203    25390.0000    19431.6595  1054332   23.47%
   4967  3858    19729.3246   255    25390.0000    19431.6595  1058430   23.47%
   4987  3878    19912.6188   237    25390.0000    19431.6595  1065565   23.47%
   5030  3921    21022.0588   170    25390.0000    19431.6595  1073123   23.47%
   5098  3981    19439.1955   212    25390.0000    19431.6763  1077946   23.47%
   5123  4006    19518.1051   211    25390.0000    19431.6763  1083966   23.47%
   5149  4032    20571.8665   207    25390.0000    19431.6763  1090783   23.47%
   5226  4105    20667.0000   128    25390.0000    19431.6763  1097679   23.47%
Elapsed time = 785.06 sec. (953497.32 ticks, tree = 49.70 MB, solutions = 8)
   5275  4145    19435.8725   248    25390.0000    19431.7915  1102933   23.47%
   5299  4169    19625.2804   169    25390.0000    19431.7915  1108508   23.47%
   5335  4200    19472.8674   253    25390.0000    19431.8699  1114648   23.47%
   5346  4211    19565.0676   308    25390.0000    19431.8699  1119990   23.47%
   5367  4232    20069.5774   199    25390.0000    19431.8699  1126559   23.47%
   5451  4306    21430.0000   232    25390.0000    19431.8699  1132013   23.47%
   5479  4330    19608.3756   182    25390.0000    19432.4696  1133914   23.46%
   5498  4349    19892.3016   158    25390.0000    19432.4696  1138248   23.46%
Starting limited solution polishing.
   5501  4352    19938.1314   169    25390.0000    19432.4696  1139140   23.46%
   5535  4378    19448.1797   213    25390.0000    19432.8760  1144930   23.46%
Elapsed time = 828.97 sec. (1008876.08 ticks, tree = 53.52 MB, solutions = 8)
   5573  4416    19795.3306   224    25390.0000    19432.8760  1150899   23.46%
   5616  4453    19471.5515   221    25390.0000    19434.5915  1156300   23.46%
   5645  4482    19785.4135   208    25390.0000    19434.5915  1163987   23.46%
   5680  4509    19523.7135   194    25390.0000    19435.4396  1169484   23.45%
   5745  4574    20979.0000   238    25390.0000    19435.4396  1176164   23.45%
   5788  4608    19675.3883   177    25390.0000    19435.4829  1183790   23.45%
   5801  4621    19791.4305   238    25390.0000    19435.4829  1186595   23.45%
   5859  4665    19469.9140   202    25390.0000    19435.7407  1194607   23.45%
   5900  4702    19532.4488   248    25390.0000    19436.2347  1201316   23.45%
*  5901+ 4698                        25331.0000    19436.2347            23.27%
   5957  4756    20562.6275   133    25331.0000    19436.2347  1209220   23.27%
Elapsed time = 874.85 sec. (1068773.88 ticks, tree = 55.42 MB, solutions = 9)
   5969  4763    19726.7282   293    25331.0000    19436.3375  1216633   23.27%
   5992  4786    20029.2727   210    25331.0000    19436.3375  1221847   23.27%
*  6001+ 4791                        25231.0000    19436.3375            22.97%
   6026  4816    20823.1804   263    25231.0000    19436.3375  1229961   22.97%
   6035  4818    19452.1922   205    25231.0000    19436.3375  1231860   22.97%
   6077  4860    20081.0000   228    25231.0000    19436.3375  1237899   22.97%
   6140  4917    19439.1285   200    25231.0000    19436.3779  1241983   22.97%

Clique cuts applied:  16
Cover cuts applied:  67
Implied bound cuts applied:  2
Flow cuts applied:  3
Mixed integer rounding cuts applied:  80
Zero-half cuts applied:  78
Lift and project cuts applied:  8
Gomory fractional cuts applied:  2

Root node processing (before b&c):
  Real time             =   33.50 sec. (39965.36 ticks)
Sequential b&c:
  Real time             =  866.52 sec. (1060221.79 ticks)
                          ------------
Total (root+branch&cut) =  900.02 sec. (1100187.14 ticks)
MIP: [1;32mCPLEX finished.[0m
MIP: [1;32mCPLEX status: Feasible[0m
CAN: [1;35mItem: 0, Level: 0, at bin: 7[0m
CAN: [1;35mItem: 0, Level: 1, at bin: 6[0m
CAN: [1;35mItem: 0, Level: 2, at bin: 20[0m
CAN: [1;35mItem: 1, Level: 0, at bin: 23[0m
CAN: [1;35mItem: 1, Level: 1, at bin: 26[0m
CAN: [1;35mItem: 1, Level: 2, at bin: 6[0m
CAN: [1;35mItem: 2, Level: 0, at bin: 8[0m
CAN: [1;35mItem: 2, Level: 1, at bin: 16[0m
CAN: [1;35mItem: 2, Level: 2, at bin: 2[0m
CAN: [1;35mItem: 3, Level: 0, at bin: 21[0m
CAN: [1;35mItem: 3, Level: 1, at bin: 3[0m
CAN: [1;35mItem: 3, Level: 2, at bin: 6[0m
CAN: [1;35mItem: 4, Level: 0, at bin: 8[0m
CAN: [1;35mItem: 4, Level: 1, at bin: 16[0m
CAN: [1;35mItem: 4, Level: 2, at bin: 2[0m
CAN: [1;35mItem: 5, Level: 0, at bin: 17[0m
CAN: [1;35mItem: 5, Level: 1, at bin: 19[0m
CAN: [1;35mItem: 5, Level: 2, at bin: 20[0m
CAN: [1;35mItem: 6, Level: 0, at bin: 9[0m
CAN: [1;35mItem: 6, Level: 1, at bin: 11[0m
CAN: [1;35mItem: 6, Level: 2, at bin: 9[0m
CAN: [1;35mItem: 7, Level: 0, at bin: 22[0m
CAN: [1;35mItem: 7, Level: 1, at bin: 14[0m
CAN: [1;35mItem: 7, Level: 2, at bin: 4[0m
CAN: [1;35mItem: 8, Level: 0, at bin: 17[0m
CAN: [1;35mItem: 8, Level: 1, at bin: 19[0m
CAN: [1;35mItem: 8, Level: 2, at bin: 20[0m
CAN: [1;35mItem: 9, Level: 0, at bin: 18[0m
CAN: [1;35mItem: 9, Level: 1, at bin: 27[0m
CAN: [1;35mItem: 9, Level: 2, at bin: 5[0m
CAN: [1;35mItem: 10, Level: 0, at bin: 4[0m
CAN: [1;35mItem: 10, Level: 1, at bin: 14[0m
CAN: [1;35mItem: 10, Level: 2, at bin: 4[0m
CAN: [1;35mItem: 11, Level: 0, at bin: 21[0m
CAN: [1;35mItem: 11, Level: 1, at bin: 3[0m
CAN: [1;35mItem: 11, Level: 2, at bin: 6[0m
CAN: [1;35mItem: 12, Level: 0, at bin: 12[0m
CAN: [1;35mItem: 12, Level: 1, at bin: 6[0m
CAN: [1;35mItem: 12, Level: 2, at bin: 20[0m
CAN: [1;35mItem: 13, Level: 0, at bin: 9[0m
CAN: [1;35mItem: 13, Level: 1, at bin: 11[0m
CAN: [1;35mItem: 13, Level: 2, at bin: 9[0m
CAN: [1;35mItem: 14, Level: 0, at bin: 20[0m
CAN: [1;35mItem: 14, Level: 1, at bin: 18[0m
CAN: [1;35mItem: 14, Level: 2, at bin: 6[0m
CAN: [1;35mItem: 15, Level: 0, at bin: 3[0m
CAN: [1;35mItem: 15, Level: 1, at bin: 26[0m
CAN: [1;35mItem: 15, Level: 2, at bin: 6[0m
CAN: [1;35mItem: 16, Level: 0, at bin: 14[0m
CAN: [1;35mItem: 16, Level: 1, at bin: 19[0m
CAN: [1;35mItem: 16, Level: 2, at bin: 20[0m
CAN: [1;35mItem: 17, Level: 0, at bin: 15[0m
CAN: [1;35mItem: 17, Level: 1, at bin: 12[0m
CAN: [1;35mItem: 17, Level: 2, at bin: 5[0m
CAN: [1;35mItem: 18, Level: 0, at bin: 5[0m
CAN: [1;35mItem: 18, Level: 1, at bin: 11[0m
CAN: [1;35mItem: 18, Level: 2, at bin: 9[0m
CAN: [1;35mItem: 19, Level: 0, at bin: 23[0m
CAN: [1;35mItem: 19, Level: 1, at bin: 26[0m
CAN: [1;35mItem: 19, Level: 2, at bin: 6[0m
CAN: [1;35mItem: 20, Level: 0, at bin: 10[0m
CAN: [1;35mItem: 20, Level: 1, at bin: 7[0m
CAN: [1;35mItem: 20, Level: 2, at bin: 0[0m
CAN: [1;35mItem: 21, Level: 0, at bin: 10[0m
CAN: [1;35mItem: 21, Level: 1, at bin: 7[0m
CAN: [1;35mItem: 21, Level: 2, at bin: 0[0m
CAN: [1;35mItem: 22, Level: 0, at bin: 13[0m
CAN: [1;35mItem: 22, Level: 1, at bin: 15[0m
CAN: [1;35mItem: 22, Level: 2, at bin: 5[0m
CAN: [1;35mItem: 23, Level: 0, at bin: 22[0m
CAN: [1;35mItem: 23, Level: 1, at bin: 14[0m
CAN: [1;35mItem: 23, Level: 2, at bin: 4[0m
CAN: [1;35mItem: 24, Level: 0, at bin: 0[0m
CAN: [1;35mItem: 24, Level: 1, at bin: 0[0m
CAN: [1;35mItem: 24, Level: 2, at bin: 9[0m
CAN: [1;35mItem: 25, Level: 0, at bin: 14[0m
CAN: [1;35mItem: 25, Level: 1, at bin: 19[0m
CAN: [1;35mItem: 25, Level: 2, at bin: 20[0m
CAN: [1;35mItem: 26, Level: 0, at bin: 20[0m
CAN: [1;35mItem: 26, Level: 1, at bin: 18[0m
CAN: [1;35mItem: 26, Level: 2, at bin: 6[0m
CAN: [1;35mItem: 27, Level: 0, at bin: 5[0m
CAN: [1;35mItem: 27, Level: 1, at bin: 11[0m
CAN: [1;35mItem: 27, Level: 2, at bin: 9[0m
CAN: [1;35mItem: 28, Level: 0, at bin: 18[0m
CAN: [1;35mItem: 28, Level: 1, at bin: 27[0m
CAN: [1;35mItem: 28, Level: 2, at bin: 5[0m
CAN: [1;35mItem: 29, Level: 0, at bin: 3[0m
CAN: [1;35mItem: 29, Level: 1, at bin: 26[0m
CAN: [1;35mItem: 29, Level: 2, at bin: 6[0m
MIP: [1;32mSolution: 
Indexes: [7, 23, 8, 21, 8, 17, 9, 22, 17, 18, 4, 21, 12, 9, 20, 3, 14, 15, 5, 23, 10, 10, 13, 22, 0, 14, 20, 5, 18, 3][0, -1, -1, 26, 14, 11, -1, 6, 16, 11, 7, -1, 6, 15, 19, 12, -1, 19, 27, -1, 18, 3, 14, 26][9, -1, -1, 6, -1, -1, 20, 0, -1, -1, -1, 9, 5, -1, 4, 5, 2, -1, 6, 20, -1, -1, -1, -1, -1, -1, 6, 5], P Variables: [7, 6, 20][23, 26, 6][8, 16, 2][21, 3, 6][8, 16, 2][17, 19, 20][9, 11, 9][22, 14, 4][17, 19, 20][18, 27, 5][4, 14, 4][21, 3, 6][12, 6, 20][9, 11, 9][20, 18, 6][3, 26, 6][14, 19, 20][15, 12, 5][5, 11, 9][23, 26, 6][10, 7, 0][10, 7, 0][13, 15, 5][22, 14, 4][0, 0, 9][14, 19, 20][20, 18, 6][5, 11, 9][18, 27, 5][3, 26, 6], Flow leaving each bin: [0m
MIP: [1;32mObjective value: 25231[0m
MIP: [1;32mLower Bound: 19436.4[0m
MIP: [1;32mBranch-and-Bound nodes: 6141[0m

# best solution:
best objective value:	25231
best dual bound value:	19436
optimality gap:	22.9678%
CPU time:	898.123
