ifile	/scratch/csagturk/mlbppo_inst/n0030_m02_p050__097.inst
prob	MLBPPO
threads	1
ttime	900
instance: /scratch/csagturk/mlbppo_inst/n0030_m02_p050__097.inst
	m=2, n=[30, 21, 18], #pos=15
MIP: [1;32minit CPLEX[0m
CAN: [1;35mcreated 1008 x_{ijk} variables[0m
CAN: [1;35mcreated 69 y_{ij} variables[0m
CAN: [1;35mcreated 1170 p_{ijk} variables[0m
MIP: [1;32mcreated decision variables[0m
CAN: [1;35madded 30 constraints to enforce the packing of each item[0m
CAN: [1;35madded 21 constraints to enforce the packing of each item[0m
CAN: [1;35madded 39 capacity constraints[0m
MIP: [1;32mcreated constraints[0m
MIP: [1;32mcreated objective function[0m
MIP: [1;32mcalling CPLEX solve ...[0m
Version identifier: 22.1.0.0 | 2022-03-09 | 1a383f8ce
CPXPARAM_Threads                                 1
CPXPARAM_TimeLimit                               900
Tried aggregator 6 times.
MIP Presolve eliminated 13622 rows and 10214 columns.
MIP Presolve modified 729 coefficients.
Aggregator did 21137 substitutions.
Reduced MIP has 19928 rows, 14448 columns, and 51958 nonzeros.
Reduced MIP has 7904 binaries, 0 generals, 0 SOSs, and 37 indicators.
Presolve time = 0.20 sec. (492.59 ticks)
Found incumbent of value 22712.000000 after 0.87 sec. (1237.01 ticks)
Probing fixed 0 vars, tightened 27 bounds.
Probing changed sense of 21 constraints.
Probing time = 1.05 sec. (924.78 ticks)
Tried aggregator 2 times.
MIP Presolve eliminated 156 rows and 151 columns.
MIP Presolve modified 32 coefficients.
Aggregator did 12954 substitutions.
Reduced MIP has 6818 rows, 1343 columns, and 25226 nonzeros.
Reduced MIP has 1343 binaries, 0 generals, 0 SOSs, and 0 indicators.
Presolve time = 0.06 sec. (56.72 ticks)
Probing time = 0.00 sec. (3.48 ticks)
Tried aggregator 1 time.
Detecting symmetries...
MIP Presolve eliminated 9 rows and 0 columns.
Reduced MIP has 6809 rows, 1343 columns, and 25109 nonzeros.
Reduced MIP has 1343 binaries, 0 generals, 0 SOSs, and 0 indicators.
Presolve time = 0.02 sec. (16.08 ticks)
Probing time = 0.00 sec. (3.48 ticks)
Clique table members: 1253.
MIP emphasis: balance optimality and feasibility.
MIP search method: dynamic search.
Parallel mode: none, using 1 thread.
Root relaxation solution time = 0.03 sec. (35.48 ticks)

        Nodes                                         Cuts/
   Node  Left     Objective  IInf  Best Integer    Best Bound    ItCnt     Gap

*     0+    0                        22712.0000        0.0000           100.00%
      0     0    13788.9789   149    22712.0000    13788.9789      757   39.29%
      0     0    13820.9617   169    22712.0000      Cuts: 48     1502   39.15%
      0     0    13825.5692   212    22712.0000     Cuts: 134     4515   39.13%
      0     0    13844.2850   130    22712.0000     Cuts: 144     5496   39.04%
*     0+    0                        21230.0000    13844.2850            34.79%
      0     0    13849.5791   158    21230.0000      Cuts: 99     5839   34.76%
      0     0    13851.8365   169    21230.0000      Cuts: 81     6814   34.75%
      0     0    13852.9653   251    21230.0000      Cuts: 94     7908   34.75%
      0     0    13853.2351   244    21230.0000      Cuts: 63     8916   34.75%
      0     0    13854.4811   237    21230.0000      Cuts: 49     9467   34.74%
      0     0    13854.9716   213    21230.0000      Cuts: 53    10032   34.74%
      0     0    13856.3127   203    21230.0000      Cuts: 61    11102   34.73%
      0     0    13858.7165   210    21230.0000      Cuts: 53    11981   34.72%
      0     0    13859.4756   147    21230.0000      Cuts: 45    12545   34.72%
      0     0    13862.9223   149    21230.0000      Cuts: 91    12934   34.70%
      0     0    13863.3030   164    21230.0000      Cuts: 87    13293   34.70%
      0     0    13863.3441   166    21230.0000      Cuts: 32    13563   34.70%
*     0+    0                        17328.0000    13863.3441            19.99%
*     0+    0                        17109.0000    13863.3441            18.97%
      0     2    13863.3441   135    17109.0000    13863.3441    13563   18.97%
Elapsed time = 4.74 sec. (5502.23 ticks, tree = 0.01 MB, solutions = 4)
     24    26    13863.3454   127    17109.0000    13863.3441    15391   18.97%
     30    32    13863.3454   122    17109.0000    13863.3441    15843   18.97%
     37    39    13883.1344   150    17109.0000    13863.3441    17931   18.97%
     40    42    13883.1344   148    17109.0000    13863.3441    18430   18.97%
     54    56    13935.0618   128    17109.0000    13863.3441    20597   18.97%
*    60+   60                        16548.0000    13863.3441            16.22%
*    60+   60                        16103.0000    13863.3441            13.91%
     70    72    13935.6439   114    16103.0000    13863.3441    21436   13.91%
     80    82    14391.2500    95    16103.0000    13863.3441    24195   13.91%
    114   116    14460.1753    87    16103.0000    13863.3441    27052   13.91%
*   190+  185                        16089.0000    13863.3441            13.83%
    190   187    15745.5333    32    16089.0000    13863.3441    28612   13.83%
*   200+  193                        16015.0000    13863.3441            13.44%
    238   227    13932.0869   119    16015.0000    13863.3441    34859   13.44%
Elapsed time = 7.25 sec. (8985.08 ticks, tree = 1.72 MB, solutions = 8)
*   290+  258                        15794.0000    13863.3441            12.22%
*   350   314      integral     0    15786.0000    13863.3441    42301   12.18%
    360   323    13867.8485   151    15786.0000    13863.3441    42867   12.18%
    415   377    13863.3857   143    15786.0000    13863.3441    50139   12.18%
    483   445    13863.3441   148    15786.0000    13863.3441    55506   12.18%

Performing restart 1

Repeating presolve.
Tried aggregator 1 time.
MIP Presolve modified 3785 coefficients.
Reduced MIP has 6809 rows, 1343 columns, and 23415 nonzeros.
Reduced MIP has 1343 binaries, 0 generals, 0 SOSs, and 0 indicators.
Presolve time = 0.02 sec. (20.40 ticks)
Tried aggregator 1 time.
MIP Presolve modified 358 coefficients.
Reduced MIP has 6809 rows, 1343 columns, and 23415 nonzeros.
Reduced MIP has 1343 binaries, 0 generals, 0 SOSs, and 0 indicators.
Presolve time = 0.02 sec. (20.32 ticks)
Represolve time = 0.13 sec. (127.43 ticks)
    484     0    13869.2958   212    15786.0000      Cuts: 54    58262   12.14%
    484     0    13877.7455   194    15786.0000     Cuts: 101    58771   12.09%
    484     0    13882.3041   191    15786.0000      Cuts: 84    59827   12.06%
    484     0    13883.9948   224    15786.0000      Cuts: 96    62262   12.05%
    484     0    13885.9996   233    15786.0000      Cuts: 84    63835   12.04%
    484     0    13887.7055   294    15786.0000      Cuts: 84    66206   12.03%
    484     0    13888.5518   284    15786.0000      Cuts: 82    68221   12.02%
    484     0    13888.6362   296    15786.0000      Cuts: 68    68716   12.02%
    484     0    13889.5764   268    15786.0000      Cuts: 93    69935   12.01%
    484     0    13890.3055   328    15786.0000      Cuts: 89    71202   12.01%
    484     0    13890.7502   334    15786.0000      Cuts: 35    71621   12.01%
    484     0    13891.7116   299    15786.0000      Cuts: 34    72119   12.00%
    484     0    13892.1011   272    15786.0000      Cuts: 32    73684   12.00%
    484     0    13892.2477   270    15786.0000      Cuts: 59    74636   12.00%
    484     0    13892.2477   237    15786.0000      Cuts: 28    74927   12.00%
    484     0    13892.2477   231    15786.0000      Cuts: 39    75155   12.00%
    484     0    13892.2477   219    15786.0000      Cuts: 20    75358   12.00%
    484     0    13892.2477   205    15786.0000      Cuts: 11    75512   12.00%
*   484+    0                        15239.0000    13892.2477             8.84%
    484     0  -1.00000e+75     0    15239.0000    13892.2477    75512    8.84%
    484     2    13892.2477   191    15239.0000    13892.3395    75512    8.84%
    487     5    13959.8520   156    15239.0000    13892.8396    79178    8.83%
    493    11    14024.0696   147    15239.0000    13892.8396    82199    8.83%
    502    20    14037.9977   137    15239.0000    13892.8396    83771    8.83%
    511    29    14081.9053   126    15239.0000    13892.8396    86174    8.83%
    531    47    14702.6667    91    15239.0000    13892.8396    87946    8.83%
    588    86    13900.6232   142    15239.0000    13894.2879    90977    8.82%
Elapsed time = 26.41 sec. (33934.50 ticks, tree = 0.50 MB, solutions = 11)
    602   100    14045.3352   157    15239.0000    13894.2879    95949    8.82%
    619   117    14112.0000   127    15239.0000    13894.2879    99310    8.82%
    649   147    14189.0270   114    15239.0000    13894.2879   104892    8.82%
    704   192    14007.5298   107    15239.0000    13899.3423   111327    8.79%
    773   243    13899.3423   181    15239.0000    13899.3980   116320    8.79%
    784   254    14122.0000   132    15239.0000    13899.8123   123068    8.79%
    793   263    14122.0000    73    15239.0000    13899.8123   128036    8.79%
    802   272    14251.1538    98    15239.0000    13899.8123   133326    8.79%
    847   314    14132.6667    84    15239.0000    13899.9579   138886    8.79%
    853   320    14153.5000    89    15239.0000    13899.9579   145610    8.79%
Elapsed time = 34.12 sec. (44300.31 ticks, tree = 1.71 MB, solutions = 11)
    928   367    13919.9729   146    15239.0000    13901.3675   152211    8.78%
    974   407    14435.0000    34    15239.0000    13901.3675   158698    8.78%
*   984+  415                        15205.0000    13901.3675             8.57%
*   984+  415                        15193.0000    13901.3675             8.50%
*   984+  415                        15134.0000    13901.3675             8.14%
    984   417    14435.0000    32    15134.0000    13901.3675   159089    8.14%
   1003   429    14032.2308   118    15134.0000    13901.4206   163836    8.14%
   1016   442    14032.2308   133    15134.0000    13901.4206   169330    8.14%
   1047   469    13936.9053   183    15134.0000    13902.9599   175178    8.13%
   1117   525    14045.9231   138    15134.0000    13902.9599   184100    8.13%
   1130   538    14102.6667    99    15134.0000    13902.9599   191158    8.13%
   1132   540    14129.4286   104    15134.0000    13902.9599   195704    8.13%
   1144   552    14970.0000   110    15134.0000    13902.9599   200108    8.13%
Elapsed time = 44.02 sec. (57004.84 ticks, tree = 2.07 MB, solutions = 14)
   1184   580    14970.0000    20    15134.0000    13902.9599   201770    8.13%
   1196   588    14102.6667   114    15134.0000    13906.3795   204970    8.11%
   1202   594    14112.4706   140    15134.0000    13906.3795   209150    8.11%
   1205   597    14167.9193   164    15134.0000    13906.3795   213696    8.11%
   1246   633    14739.0000    49    15134.0000    13906.3795   219202    8.11%
   1284   663    13996.5708   155    15134.0000    13906.3795   223130    8.11%
   1308   687    14202.2308   109    15134.0000    13906.3795   229843    8.11%
   1346   725    14808.0000    84    15134.0000    13906.3795   236509    8.11%
   1402   763    13996.5708   169    15134.0000    13907.6893   241934    8.10%
   1409   770    14136.0000   138    15134.0000    13907.6893   246238    8.10%
Elapsed time = 52.14 sec. (67641.46 ticks, tree = 2.46 MB, solutions = 14)
   1413   774    14136.0000   154    15134.0000    13907.6893   252291    8.10%
   1415   776    14136.9494   187    15134.0000    13907.6893   256394    8.10%
   1449   809    14950.5000    81    15134.0000    13907.6893   261951    8.10%
   1484   838    13958.5159   139    15134.0000    13908.7517   264562    8.10%
   1542   896    14106.6905   138    15134.0000    13908.7517   271385    8.10%
   1592   939    14882.5385   141    15134.0000    13909.6268   279994    8.09%
   1603   946    14216.8718   148    15134.0000    13910.2674   284847    8.09%
   1605   948    14219.2308   135    15134.0000    13910.2674   287811    8.09%
   1626   969    14250.0000    99    15134.0000    13910.2674   294194    8.09%
   1630   973    14250.0000    82    15134.0000    13910.2674   299542    8.09%
Elapsed time = 64.62 sec. (83900.54 ticks, tree = 2.76 MB, solutions = 14)
   1633   976    14250.0000    89    15134.0000    13910.2674   307451    8.09%
   1640   983    14250.0000    70    15134.0000    13910.2674   311001    8.09%
   1644   987    14250.0000    61    15134.0000    13910.2674   316783    8.09%
   1672  1015    14291.6389    58    15134.0000    13910.2674   321900    8.09%
   1710  1039    14040.8752   168    15134.0000    13912.9410   327814    8.07%
   1757  1085    14501.7692    85    15134.0000    13912.9410   333073    8.07%
   1782  1107    14095.2308   127    15134.0000    13913.9236   338938    8.06%
   1786  1111    14095.2308   148    15134.0000    13913.9236   343235    8.06%
   1789  1114    14108.3154   193    15134.0000    13913.9236   349771    8.06%
   1817  1142    14680.6000   136    15134.0000    13913.9236   357028    8.06%
Elapsed time = 74.21 sec. (95968.09 ticks, tree = 3.12 MB, solutions = 14)
   1828  1153    14702.4286   125    15134.0000    13913.9236   362897    8.06%
   1845  1167    14069.8258   157    15134.0000    13915.8957   367488    8.05%
   1919  1235    14045.9157   138    15134.0000    13915.8957   374298    8.05%
   1930  1246    14208.3485   119    15134.0000    13915.8957   379715    8.05%
   1938  1254    14781.6667   106    15134.0000    13915.8957   384829    8.05%
   1973  1281    14055.7159   142    15134.0000    13917.0078   392195    8.04%
   1995  1303    14229.2857   139    15134.0000    13917.0078   399510    8.04%
   2005  1313    14272.7976   138    15134.0000    13917.0078   405596    8.04%
   2024  1328    14049.4596   153    15134.0000    13917.0285   409813    8.04%
   2061  1363    14340.7509   141    15134.0000    13917.0285   417613    8.04%
Elapsed time = 82.28 sec. (106688.16 ticks, tree = 3.44 MB, solutions = 14)
   2084  1372    13971.0569   181    15134.0000    13917.1377   423730    8.04%
   2145  1430    14976.0000    59    15134.0000    13917.1377   430900    8.04%
   2186  1455    14122.0000   140    15134.0000    13917.1718   436411    8.04%
   2190  1459    14122.0000   117    15134.0000    13917.1718   440520    8.04%
   2197  1466    14122.0000    60    15134.0000    13917.1718   444692    8.04%
   2207  1476    14122.0000    78    15134.0000    13917.1718   448697    8.04%
   2224  1493    14156.0769   163    15134.0000    13917.1718   454314    8.04%
   2267  1529    14030.1238   151    15134.0000    13917.3491   461204    8.04%
   2284  1546    14554.7949   144    15134.0000    13917.3491   465742    8.04%
   2301  1559    14475.5566   154    15134.0000    13917.3491   470777    8.04%
Elapsed time = 93.30 sec. (121588.88 ticks, tree = 3.74 MB, solutions = 14)
   2314  1570    14716.0000   129    15134.0000    13917.3491   477238    8.04%
   2325  1581    14716.0000   165    15134.0000    13917.3491   482951    8.04%
   2362  1617    15128.0000    47    15134.0000    13917.3491   489260    8.04%
   2393  1638    14004.4420   158    15134.0000    13919.9729   496463    8.02%
   2410  1655    14177.3437   159    15134.0000    13919.9729   502752    8.02%
   2420  1665    14359.1275   151    15134.0000    13919.9729   508906    8.02%
   2451  1690    13931.0741   170    15134.0000    13921.1745   516984    8.01%
   2490  1725    14095.8557   212    15134.0000    13922.3980   523395    8.01%
   2496  1731    14151.6750   181    15134.0000    13922.3980   528079    8.01%
   2531  1755    13979.6398   145    15134.0000    13925.6840   545918    7.98%
Elapsed time = 103.43 sec. (135105.22 ticks, tree = 4.03 MB, solutions = 14)
   2550  1774    14321.2857   120    15134.0000    13925.6840   566095    7.98%
   2666  1877    14277.0000   139    15134.0000    13925.6840   587521    7.98%
   2740  1947    14144.1333   149    15134.0000    13928.8159   606180    7.96%
   2749  1956    14163.3333   162    15134.0000    13928.8159   621492    7.96%
   2801  1998    14299.0769   154    15134.0000    13930.3758   637945    7.95%
   2901  2074    14105.8655   210    15134.0000    13930.6466   658251    7.95%
   2953  2121    14636.4138   122    15134.0000    13930.6466   679521    7.95%
*  2984+ 1213                        14361.0000    13932.2983             2.99%
   2984  1215    14261.6598   149    14361.0000    13932.2983   694444    2.99%
   3026  1253    14357.0000   101    14361.0000    13932.2983   713904    2.99%
   3084  1304    14226.3077   135    14361.0000    13932.2983   735343    2.99%
Elapsed time = 137.28 sec. (178468.46 ticks, tree = 3.83 MB, solutions = 15)
   3105  1321    14106.6430   167    14361.0000    13933.1334   751479    2.98%
   3148  1357    14156.0927   157    14361.0000    13934.6308   771759    2.97%
   3180  1385    14190.5874   158    14361.0000    13935.0018   791691    2.97%
   3184  1388    14314.4569   214    14361.0000    13935.0018   798096    2.97%
   3243  1430    14126.6667   174    14361.0000    13936.1518   820797    2.96%
   3264  1447    14025.5346   166    14361.0000    13936.7210   840540    2.95%
   3333  1514    14253.0000   162    14361.0000    13936.7210   864418    2.95%
   3363  1535    14138.6610   162    14361.0000    13937.1748   889318    2.95%
   3391  1559    14115.7692   141    14361.0000    13937.5616   909882    2.95%
   3404  1566    14093.6138   217    14361.0000    13937.9941   926042    2.95%
Elapsed time = 172.16 sec. (222467.11 ticks, tree = 4.39 MB, solutions = 15)
   3423  1583    14274.6000   221    14361.0000    13937.9941   945873    2.95%
   3441  1596    14182.0476   158    14361.0000    13938.2609   965089    2.94%
   3456  1605    13986.6282   212    14361.0000    13938.2822   985362    2.94%
   3466  1615    14073.0000   153    14361.0000    13938.2822  1002561    2.94%
   3484  1631    14123.0000   183    14361.0000    13938.2822  1016082    2.94%
   3513  1654    14073.0000   197    14361.0000    13938.3905  1032080    2.94%
   3536  1670    14140.8000   164    14361.0000    13938.4829  1050850    2.94%
   3576  1700    14073.7349   149    14361.0000    13938.9770  1072285    2.94%
   3598  1712    14052.5490   157    14361.0000    13939.3178  1091436    2.94%
   3616  1725    14004.9341   179    14361.0000    13939.8333  1111565    2.93%
Elapsed time = 207.35 sec. (267318.40 ticks, tree = 4.67 MB, solutions = 15)
   3633  1738    14073.0000   160    14361.0000    13940.0030  1133576    2.93%
   3726  1809    14039.9010   171    14361.0000    13940.8741  1151657    2.93%
   3834  1898    14135.2308   165    14361.0000    13942.6351  1170476    2.91%
   3846  1905    14048.2106   147    14361.0000    13942.9381  1185419    2.91%
   3952  1992    14052.6800   229    14361.0000    13944.4572  1200708    2.90%
   3985  2021    14006.0139   218    14361.0000    13944.5599  1209784    2.90%
   3999  2030    14188.3077   172    14361.0000    13944.7405  1232833    2.90%
   4017  2040    14034.1933   172    14361.0000    13944.8457  1244292    2.90%
*  4084+  800                        14126.0000    13944.8457             1.28%
   4084   799    14126.0000     0    14126.0000    13944.8457  1257768    1.28%
   4096   806    14043.9440   136    14126.0000    13945.8008  1274870    1.28%
Elapsed time = 243.81 sec. (312228.92 ticks, tree = 2.19 MB, solutions = 16)
   4134   820    14032.0805   159    14126.0000    13949.8855  1295907    1.25%
   4143   821    14034.8631   216    14126.0000    13950.7434  1306321    1.24%
   4150   822    infeasible          14126.0000    13952.3664  1319621    1.23%
   4169   825    14051.2575   195    14126.0000    13953.1562  1335407    1.22%
   4184   832    14122.0000   171    14126.0000    13954.3565  1351803    1.22%
   4229   865    14025.1767   169    14126.0000    13955.2365  1372480    1.21%
   4243   868    14013.9653   218    14126.0000    13958.5300  1390014    1.19%
   4257   876    14049.9293   186    14126.0000    13959.6827  1408735    1.18%
*  4284+  438                        14063.0000    13959.6827             0.73%
   4285   438    14019.6505   201    14063.0000    13959.7956  1412830    0.73%
   4298   440    14033.8753   211    14063.0000    13960.8293  1429247    0.73%
Elapsed time = 279.48 sec. (356543.09 ticks, tree = 1.02 MB, solutions = 17)
   4310   439    14034.5290   190    14063.0000    13961.4940  1442374    0.72%
   4326   437    13964.2569   183    14063.0000    13962.5124  1451780    0.71%
   4351   441    13987.8557   212    14063.0000    13964.1294  1469653    0.70%
   4374   452    14034.5816   133    14063.0000    13964.1294  1485879    0.70%
   4379   454    13993.2098   202    14063.0000    13964.7583  1494968    0.70%
   4386   459    14052.3617   241    14063.0000    13964.7583  1503461    0.70%
   4401   457    14031.1086   192    14063.0000    13966.4115  1515077    0.69%
   4415   456    14015.2056   161    14063.0000    13966.6387  1530057    0.69%
   4426   455    14043.6539   231    14063.0000    13967.8884  1540627    0.68%
   4443   456    14043.6879   185    14063.0000    13969.6114  1554846    0.66%
Elapsed time = 311.75 sec. (398298.61 ticks, tree = 1.26 MB, solutions = 17)
   4453   458    14006.6036   267    14063.0000    13969.9577  1568254    0.66%
   4464   462    14060.1898   188    14063.0000    13970.4253  1585769    0.66%
   4476   457    14012.4816   173    14063.0000    13973.0754  1599740    0.64%
   4507   440    14021.7830   150    14063.0000    13977.3413  1618195    0.61%
   4529   442    14029.5809   227    14063.0000    13978.1368  1634120    0.60%
   4547   438    13994.0085   248    14063.0000    13978.5670  1654440    0.60%
   4556   436    14037.9047   206    14063.0000    13979.6398  1667319    0.59%
   4566   436    14042.0791   207    14063.0000    13979.6398  1683070    0.59%
   4585   429    14012.8337   244    14063.0000    13982.8396  1700889    0.57%
   4602   426    14015.9419   292    14063.0000    13985.8732  1720275    0.55%
Elapsed time = 348.36 sec. (444405.43 ticks, tree = 1.06 MB, solutions = 17)
   4627   416    13994.1630   258    14063.0000    13987.7212  1740420    0.54%
   4653   406    14039.8304   212    14063.0000    13992.1905  1754957    0.50%
   4664   401    14050.3277   204    14063.0000    13993.2098  1766172    0.50%
   4677   400    14024.0454   230    14063.0000    13994.0085  1782748    0.49%
   4710   383    14028.0837   159    14063.0000    13999.5534  1799962    0.45%
   4742   363    14045.9039   223    14063.0000    14004.4420  1820170    0.42%
   4762   352    14006.1334   239    14063.0000    14006.2185  1834805    0.40%
   4778   350    14055.9399   230    14063.0000    14007.5884  1850026    0.39%
   4795   341    14015.3887   204    14063.0000    14010.0156  1861775    0.38%
   4818   331    14045.2000   178    14063.0000    14011.5211  1879631    0.37%
Elapsed time = 383.74 sec. (488037.00 ticks, tree = 0.82 MB, solutions = 17)
   4861   301    14054.9249   244    14063.0000    14016.4518  1901108    0.33%
   4938   242    14038.0000   192    14063.0000    14024.0474  1931446    0.28%
   5001   184    14042.8914   214    14063.0000    14030.1801  1953475    0.23%
   5022   174    14037.5532   228    14063.0000    14032.2308  1972541    0.22%
   5035   165    14036.4348   237    14063.0000    14032.2308  1990882    0.22%
   5056   149    14055.0065   246    14063.0000    14035.3024  2010057    0.20%
   5111   103    14047.0000   257    14063.0000    14043.6879  2029761    0.14%
   5185    40    14091.9220   238    14063.0000    14056.0145  2050575    0.05%

Clique cuts applied:  34
Cover cuts applied:  148
Flow cuts applied:  2
Mixed integer rounding cuts applied:  118
Zero-half cuts applied:  105
Lift and project cuts applied:  10
Gomory fractional cuts applied:  2

Root node processing (before b&c):
  Real time             =    4.74 sec. (5498.28 ticks)
Sequential b&c:
  Real time             =  406.69 sec. (515820.62 ticks)
                          ------------
Total (root+branch&cut) =  411.42 sec. (521318.89 ticks)
MIP: [1;32mCPLEX finished.[0m
MIP: [1;32mCPLEX status: Optimal[0m
CAN: [1;35mItem: 0, Level: 0, at bin: 17[0m
CAN: [1;35mItem: 0, Level: 1, at bin: 17[0m
CAN: [1;35mItem: 1, Level: 0, at bin: 3[0m
CAN: [1;35mItem: 1, Level: 1, at bin: 14[0m
CAN: [1;35mItem: 2, Level: 0, at bin: 13[0m
CAN: [1;35mItem: 2, Level: 1, at bin: 14[0m
CAN: [1;35mItem: 3, Level: 0, at bin: 7[0m
CAN: [1;35mItem: 3, Level: 1, at bin: 16[0m
CAN: [1;35mItem: 4, Level: 0, at bin: 12[0m
CAN: [1;35mItem: 4, Level: 1, at bin: 5[0m
CAN: [1;35mItem: 5, Level: 0, at bin: 6[0m
CAN: [1;35mItem: 5, Level: 1, at bin: 13[0m
CAN: [1;35mItem: 6, Level: 0, at bin: 18[0m
CAN: [1;35mItem: 6, Level: 1, at bin: 4[0m
CAN: [1;35mItem: 7, Level: 0, at bin: 3[0m
CAN: [1;35mItem: 7, Level: 1, at bin: 14[0m
CAN: [1;35mItem: 8, Level: 0, at bin: 16[0m
CAN: [1;35mItem: 8, Level: 1, at bin: 5[0m
CAN: [1;35mItem: 9, Level: 0, at bin: 6[0m
CAN: [1;35mItem: 9, Level: 1, at bin: 13[0m
CAN: [1;35mItem: 10, Level: 0, at bin: 14[0m
CAN: [1;35mItem: 10, Level: 1, at bin: 1[0m
CAN: [1;35mItem: 11, Level: 0, at bin: 19[0m
CAN: [1;35mItem: 11, Level: 1, at bin: 9[0m
CAN: [1;35mItem: 12, Level: 0, at bin: 9[0m
CAN: [1;35mItem: 12, Level: 1, at bin: 9[0m
CAN: [1;35mItem: 13, Level: 0, at bin: 6[0m
CAN: [1;35mItem: 13, Level: 1, at bin: 13[0m
CAN: [1;35mItem: 14, Level: 0, at bin: 15[0m
CAN: [1;35mItem: 14, Level: 1, at bin: 13[0m
CAN: [1;35mItem: 15, Level: 0, at bin: 16[0m
CAN: [1;35mItem: 15, Level: 1, at bin: 5[0m
CAN: [1;35mItem: 16, Level: 0, at bin: 17[0m
CAN: [1;35mItem: 16, Level: 1, at bin: 17[0m
CAN: [1;35mItem: 17, Level: 0, at bin: 9[0m
CAN: [1;35mItem: 17, Level: 1, at bin: 9[0m
CAN: [1;35mItem: 18, Level: 0, at bin: 15[0m
CAN: [1;35mItem: 18, Level: 1, at bin: 13[0m
CAN: [1;35mItem: 19, Level: 0, at bin: 7[0m
CAN: [1;35mItem: 19, Level: 1, at bin: 16[0m
CAN: [1;35mItem: 20, Level: 0, at bin: 16[0m
CAN: [1;35mItem: 20, Level: 1, at bin: 5[0m
CAN: [1;35mItem: 21, Level: 0, at bin: 7[0m
CAN: [1;35mItem: 21, Level: 1, at bin: 16[0m
CAN: [1;35mItem: 22, Level: 0, at bin: 11[0m
CAN: [1;35mItem: 22, Level: 1, at bin: 17[0m
CAN: [1;35mItem: 23, Level: 0, at bin: 12[0m
CAN: [1;35mItem: 23, Level: 1, at bin: 5[0m
CAN: [1;35mItem: 24, Level: 0, at bin: 20[0m
CAN: [1;35mItem: 24, Level: 1, at bin: 1[0m
CAN: [1;35mItem: 25, Level: 0, at bin: 11[0m
CAN: [1;35mItem: 25, Level: 1, at bin: 17[0m
CAN: [1;35mItem: 26, Level: 0, at bin: 18[0m
CAN: [1;35mItem: 26, Level: 1, at bin: 4[0m
CAN: [1;35mItem: 27, Level: 0, at bin: 19[0m
CAN: [1;35mItem: 27, Level: 1, at bin: 9[0m
CAN: [1;35mItem: 28, Level: 0, at bin: 20[0m
CAN: [1;35mItem: 28, Level: 1, at bin: 1[0m
CAN: [1;35mItem: 29, Level: 0, at bin: 18[0m
CAN: [1;35mItem: 29, Level: 1, at bin: 4[0m
MIP: [1;32mSolution: 
Indexes: [17, 3, 13, 7, 12, 6, 18, 3, 16, 6, 14, 19, 9, 6, 15, 16, 17, 9, 15, 7, 16, 7, 11, 12, 20, 11, 18, 19, 20, 18][-1, -1, -1, 14, -1, -1, 13, 16, -1, 9, -1, 17, 5, 14, 1, 13, 5, 17, 4, 9, 1], P Variables: [17, 17][3, 14][13, 14][7, 16][12, 5][6, 13][18, 4][3, 14][16, 5][6, 13][14, 1][19, 9][9, 9][6, 13][15, 13][16, 5][17, 17][9, 9][15, 13][7, 16][16, 5][7, 16][11, 17][12, 5][20, 1][11, 17][18, 4][19, 9][20, 1][18, 4], Flow leaving each bin: [0m
MIP: [1;32mObjective value: 14063[0m
MIP: [1;32mLower Bound: 14061.7[0m
MIP: [1;32mBranch-and-Bound nodes: 5222[0m

# best solution:
best objective value:	14063
best dual bound value:	14063
optimality gap:	0%
CPU time:	410.524
