ifile	/scratch/csagturk/mlbppo_inst/n0030_m01_p100__052.inst
prob	MLBPPO
threads	1
ttime	900
instance: /scratch/csagturk/mlbppo_inst/n0030_m01_p100__052.inst
	m=1, n=[30, 17], #pos=30
MIP: [1;32minit CPLEX[0m
CAN: [1;35mcreated 510 x_{ijk} variables[0m
CAN: [1;35mcreated 47 y_{ij} variables[0m
CAN: [1;35mcreated 510 p_{ijk} variables[0m
MIP: [1;32mcreated decision variables[0m
CAN: [1;35madded 30 constraints to enforce the packing of each item[0m
CAN: [1;35madded 0 constraints to enforce the packing of each item[0m
CAN: [1;35madded 17 capacity constraints[0m
MIP: [1;32mcreated constraints[0m
MIP: [1;32mcreated objective function[0m
MIP: [1;32mcalling CPLEX solve ...[0m
Version identifier: 22.1.0.0 | 2022-03-09 | 1a383f8ce
CPXPARAM_Threads                                 1
CPXPARAM_TimeLimit                               900
Tried aggregator 2 times.
MIP Presolve eliminated 299 rows and 170 columns.
MIP Presolve modified 1028 coefficients.
Aggregator did 434 substitutions.
Reduced MIP has 336 rows, 433 columns, and 4939 nonzeros.
Reduced MIP has 433 binaries, 0 generals, 0 SOSs, and 0 indicators.
Presolve time = 0.01 sec. (10.74 ticks)
Found incumbent of value 8165.000000 after 0.02 sec. (14.66 ticks)
Probing fixed 29 vars, tightened 0 bounds.
Probing time = 0.00 sec. (4.35 ticks)
Tried aggregator 1 time.
Detecting symmetries...
MIP Presolve eliminated 47 rows and 29 columns.
MIP Presolve modified 531 coefficients.
Reduced MIP has 280 rows, 404 columns, and 3771 nonzeros.
Reduced MIP has 404 binaries, 0 generals, 0 SOSs, and 0 indicators.
Presolve time = 0.00 sec. (3.07 ticks)
Probing time = 0.00 sec. (2.42 ticks)
Clique table members: 2045.
MIP emphasis: balance optimality and feasibility.
MIP search method: dynamic search.
Parallel mode: none, using 1 thread.
Root relaxation solution time = 0.00 sec. (2.86 ticks)

        Nodes                                         Cuts/
   Node  Left     Objective  IInf  Best Integer    Best Bound    ItCnt     Gap

*     0+    0                         8165.0000        0.0000           100.00%
      0     0     6511.3333    49     8165.0000     6511.3333      165   20.25%
      0     0     6519.2791    35     8165.0000      Cuts: 35      294   20.16%
      0     0     6519.2791    34     8165.0000      Cuts: 52      366   20.16%
*     0+    0                         7413.0000     6519.2791            12.06%
      0     0     6519.2791    35     7413.0000      Cuts: 34      438   12.06%
*     0+    0                         6978.0000     6519.2791             6.57%
*     0+    0                         6913.0000     6519.2791             5.70%
      0     0  -1.00000e+75     0     6913.0000     6519.2791      438    5.70%
Detecting symmetries...
      0     2     6519.2791    21     6913.0000     6519.2791      438    5.70%
Elapsed time = 0.08 sec. (81.15 ticks, tree = 0.01 MB, solutions = 4)
*   250+  212                         6818.0000     6519.2791             4.38%
*   330+  266                         6698.0000     6519.2791             2.67%
    561   451     6553.0000    34     6698.0000     6519.2791     9554    2.67%
    920   750     6520.3349    42     6698.0000     6519.2791    18467    2.67%
*   937+  765                         6695.0000     6519.2791             2.62%
*   937+  749                         6672.0000     6519.2791             2.29%
*   938+  470                         6572.0000     6519.2791             0.80%
    954   488     6528.3038    46     6572.0000     6519.2791    19760    0.80%

Performing restart 1

Repeating presolve.
Tried aggregator 1 time.
MIP Presolve eliminated 3 rows and 16 columns.
MIP Presolve modified 2615 coefficients.
Reduced MIP has 277 rows, 388 columns, and 2419 nonzeros.
Reduced MIP has 388 binaries, 0 generals, 0 SOSs, and 0 indicators.
Presolve time = 0.01 sec. (4.23 ticks)
Tried aggregator 1 time.
MIP Presolve modified 60 coefficients.
Reduced MIP has 277 rows, 388 columns, and 2419 nonzeros.
Reduced MIP has 388 binaries, 0 generals, 0 SOSs, and 0 indicators.
Presolve time = 0.01 sec. (2.98 ticks)
Represolve time = 0.02 sec. (12.90 ticks)
   1048     0     6519.9531    51     6572.0000      Cuts: 12    23404    0.79%
   1048     0     6519.9531    39     6572.0000      Cuts: 55    23478    0.79%
   1048     0     6519.9531    41     6572.0000      Cuts: 49    23553    0.79%
   1048     0     6519.9531    44     6572.0000      Cuts: 24    23620    0.79%
   1048     0     6519.9531    52     6572.0000      Cuts: 19    23702    0.79%
   1048     0     6519.9531    45     6572.0000      Cuts: 22    23827    0.79%
   1048     0     6519.9531    55     6572.0000      Cuts: 39    23945    0.79%
   1048     2     6519.9531    26     6572.0000     6523.5250    23945    0.74%
*  1248+    0                         6543.0000     6543.0000             0.00%

GUB cover cuts applied:  6
Clique cuts applied:  3
Cover cuts applied:  21
Implied bound cuts applied:  2
Flow cuts applied:  1
Mixed integer rounding cuts applied:  6
Zero-half cuts applied:  1

Root node processing (before b&c):
  Real time             =    0.08 sec. (81.23 ticks)
Sequential b&c:
  Real time             =    1.24 sec. (1339.20 ticks)
                          ------------
Total (root+branch&cut) =    1.32 sec. (1420.43 ticks)
MIP: [1;32mCPLEX finished.[0m
MIP: [1;32mCPLEX status: Optimal[0m
CAN: [1;35mItem: 0, Level: 0, at bin: 9[0m
CAN: [1;35mItem: 1, Level: 0, at bin: 2[0m
CAN: [1;35mItem: 2, Level: 0, at bin: 0[0m
CAN: [1;35mItem: 3, Level: 0, at bin: 12[0m
CAN: [1;35mItem: 4, Level: 0, at bin: 7[0m
CAN: [1;35mItem: 5, Level: 0, at bin: 3[0m
CAN: [1;35mItem: 6, Level: 0, at bin: 5[0m
CAN: [1;35mItem: 7, Level: 0, at bin: 0[0m
CAN: [1;35mItem: 8, Level: 0, at bin: 12[0m
CAN: [1;35mItem: 9, Level: 0, at bin: 14[0m
CAN: [1;35mItem: 10, Level: 0, at bin: 13[0m
CAN: [1;35mItem: 11, Level: 0, at bin: 15[0m
CAN: [1;35mItem: 12, Level: 0, at bin: 4[0m
CAN: [1;35mItem: 13, Level: 0, at bin: 5[0m
CAN: [1;35mItem: 14, Level: 0, at bin: 13[0m
CAN: [1;35mItem: 15, Level: 0, at bin: 14[0m
CAN: [1;35mItem: 16, Level: 0, at bin: 6[0m
CAN: [1;35mItem: 17, Level: 0, at bin: 7[0m
CAN: [1;35mItem: 18, Level: 0, at bin: 9[0m
CAN: [1;35mItem: 19, Level: 0, at bin: 7[0m
CAN: [1;35mItem: 20, Level: 0, at bin: 13[0m
CAN: [1;35mItem: 21, Level: 0, at bin: 11[0m
CAN: [1;35mItem: 22, Level: 0, at bin: 4[0m
CAN: [1;35mItem: 23, Level: 0, at bin: 3[0m
CAN: [1;35mItem: 24, Level: 0, at bin: 11[0m
CAN: [1;35mItem: 25, Level: 0, at bin: 11[0m
CAN: [1;35mItem: 26, Level: 0, at bin: 5[0m
CAN: [1;35mItem: 27, Level: 0, at bin: 15[0m
CAN: [1;35mItem: 28, Level: 0, at bin: 5[0m
CAN: [1;35mItem: 29, Level: 0, at bin: 13[0m
MIP: [1;32mSolution: 
Indexes: [9, 2, 0, 12, 7, 3, 5, 0, 12, 14, 13, 15, 4, 5, 13, 14, 6, 7, 9, 7, 13, 11, 4, 3, 11, 11, 5, 15, 5, 13], P Variables: [9][2][0][12][7][3][5][0][12][14][13][15][4][5][13][14][6][7][9][7][13][11][4][3][11][11][5][15][5][13], Flow leaving each bin: [0m
MIP: [1;32mObjective value: 6543[0m
MIP: [1;32mLower Bound: 6543[0m
MIP: [1;32mBranch-and-Bound nodes: 1248[0m

# best solution:
best objective value:	6543
best dual bound value:	6543
optimality gap:	0%
CPU time:	1.31825
