ifile	/scratch/csagturk/mlbppo_inst/n0030_m04_p200__001.inst
prob	MLBPPO
threads	1
ttime	900
instance: /scratch/csagturk/mlbppo_inst/n0030_m04_p200__001.inst
	m=4, n=[30, 28, 29, 30, 34], #pos=60
MIP: [1;32minit CPLEX[0m
CAN: [1;35mcreated 3542 x_{ijk} variables[0m
CAN: [1;35mcreated 151 y_{ij} variables[0m
CAN: [1;35mcreated 3630 p_{ijk} variables[0m
MIP: [1;32mcreated decision variables[0m
CAN: [1;35madded 30 constraints to enforce the packing of each item[0m
CAN: [1;35madded 87 constraints to enforce the packing of each item[0m
CAN: [1;35madded 121 capacity constraints[0m
MIP: [1;32mcreated constraints[0m
MIP: [1;32mcreated objective function[0m
MIP: [1;32mcalling CPLEX solve ...[0m
Version identifier: 22.1.0.0 | 2022-03-09 | 1a383f8ce
CPXPARAM_Threads                                 1
CPXPARAM_TimeLimit                               900
Presolve has eliminated 27270 rows and 54931 columns...
Tried aggregator 2 times.
MIP Presolve eliminated 76727 rows and 54939 columns.
MIP Presolve modified 4548 coefficients.
Aggregator did 167653 substitutions.
Reduced MIP has 165687 rows, 114761 columns, and 454356 nonzeros.
Reduced MIP has 60192 binaries, 0 generals, 0 SOSs, and 167 indicators.
Presolve time = 1.43 sec. (19816.47 ticks)
Probing time = 0.96 sec. (358.90 ticks)
Tried aggregator 3 times.
MIP Presolve eliminated 20 rows and 4 columns.
MIP Presolve added 7 rows and 0 columns.
Aggregator did 108884 substitutions.
Reduced MIP has 56790 rows, 5873 columns, and 235682 nonzeros.
Reduced MIP has 5786 binaries, 87 generals, 0 SOSs, and 167 indicators.
Presolve time = 0.43 sec. (411.53 ticks)
Probing fixed 0 vars, tightened 96 bounds.
Probing time = 0.33 sec. (628.37 ticks)
Tried aggregator 1 time.
Detecting symmetries...
MIP Presolve eliminated 262 rows and 342 columns.
Reduced MIP has 56528 rows, 5531 columns, and 234912 nonzeros.
Reduced MIP has 5531 binaries, 0 generals, 0 SOSs, and 0 indicators.
Presolve time = 0.20 sec. (193.96 ticks)
Probing time = 0.01 sec. (7.47 ticks)
Clique table members: 113746.
MIP emphasis: balance optimality and feasibility.
MIP search method: dynamic search.
Parallel mode: none, using 1 thread.
Root relaxation solution time = 0.11 sec. (153.04 ticks)

        Nodes                                         Cuts/
   Node  Left     Objective  IInf  Best Integer    Best Bound    ItCnt     Gap

      0     0    22732.4041   156                  22732.4041      955         
      0     0    22877.6907   296                   Cuts: 215     3194         
      0     0    22877.6907   309                   Cuts: 123     5296         
      0     0    22887.6635   353                    Cuts: 69     8528         
      0     0    22912.6839   361                   Cuts: 166    11037         
      0     0    22937.5631   453                   Cuts: 130    15333         
      0     0    22967.4772   309                   Cuts: 116    22213         
      0     0    22994.0359   297                   Cuts: 131    22958         
      0     0    23026.0376   341                   Cuts: 125    25363         
      0     0    23065.5544   343                   Cuts: 120    28791         
      0     0    23102.1391   353                   Cuts: 131    32257         
      0     0    23122.1593   351                    Cuts: 74    33416         
      0     0    23140.2397   295                   Cuts: 139    34141         
      0     0    23146.0835   293                   Cuts: 106    34479         
      0     0    23156.9823   333                    Cuts: 90    35408         
      0     0    23160.5130   317                   Cuts: 111    36590         
      0     0    23167.3849   360                   Cuts: 130    37239         
      0     0    23178.0396   389                    Cuts: 87    37958         
      0     0    23183.4212   373                   Cuts: 109    38522         
      0     0    23193.1156   370                   Cuts: 153    39328         
      0     0    23196.4386   398                   Cuts: 141    41073         
      0     2    23196.4386   352                  23196.4898    41073         
Elapsed time = 48.31 sec. (67337.80 ticks, tree = 0.01 MB, solutions = 0)
      2     4    23233.9474   347                  23196.4898    43492         
      3     5    23234.4229   332                  23196.4898    44549         
      5     7    23252.1439   309                  23196.4898    45153         
      6     8    23255.8878   303                  23196.4898    45881         
      7     9    23264.6093   311                  23196.4898    46837         
      8    10    23261.0455   304                  23196.4898    47747         
      9    11    23261.0455   306                  23196.4898    48097         
     10    12    23261.0455   315                  23196.4898    48355         
     17    19    23261.0455   299                  23196.4898    48961         
     20    22    23261.0455   302                  23196.4898    49260         
Elapsed time = 54.05 sec. (72850.03 ticks, tree = 3.63 MB, solutions = 0)
     41    43    23265.2752   310                  23196.4898    51186         
     50    52    23268.3247   303                  23196.4898    53504         
     70    72    23305.1569   276                  23196.4898    56951         
     91    93    23331.8184   299                  23196.4898    60927         
     95    97    23387.9643   324                  23196.4898    64383         
    109   111    23558.1435   283                  23196.4898    67527         
    111   113    23563.1243   298                  23196.4898    70906         
    113   115    24012.8261   312                  23196.4898    75349         
    120   122    23759.3853   256                  23196.4898    79389         
    140   142    24176.1577   228                  23196.4898    83250         
Elapsed time = 67.04 sec. (86906.91 ticks, tree = 7.30 MB, solutions = 0)
    150   152    24145.2752   187                  23196.4898    86836         
    171   173    24427.0164   189                  23196.4898    90736         
    185   187    24693.6376   195                  23196.4898    95633         
    205   207    24993.7745   157                  23196.4898   100423         
    233   235    25936.1316   189                  23196.4898   104824         
    250   250    26562.8229   157                  23196.4898   108926         
    263   263    26652.4414   144                  23196.4898   113266         
    278   278    28130.5302   159                  23196.4898   118211         
    303   303    30303.6500    87                  23196.4898   122228         
    335   331    29306.6096    47                  23196.4898   125170         
Elapsed time = 75.11 sec. (96699.73 ticks, tree = 9.06 MB, solutions = 0)
    388   380    31476.1418    44                  23196.4898   126523         
    396   382    23239.5437   304                  23200.7739   129754         
    400   386    23247.7825   322                  23200.7739   132859         
    410   396    23263.1129   338                  23200.7739   135634         
    430   416    23302.7722   276                  23200.7739   138399         
    440   426    23387.0071   268                  23200.7739   142219         
    451   437    23542.7182   294                  23200.7739   146716         
    469   455    23587.6067   280                  23200.7739   151326         
    481   467    23730.7365   310                  23200.7739   155765         

Performing restart 1

Repeating presolve.
Tried aggregator 1 time.
MIP Presolve eliminated 9 rows and 3 columns.
MIP Presolve modified 54726 coefficients.
Reduced MIP has 56519 rows, 5528 columns, and 207619 nonzeros.
Reduced MIP has 5528 binaries, 0 generals, 0 SOSs, and 0 indicators.
Presolve time = 0.26 sec. (318.64 ticks)
Tried aggregator 1 time.
MIP Presolve eliminated 4 rows and 1 columns.
MIP Presolve modified 893 coefficients.
Reduced MIP has 56515 rows, 5527 columns, and 207492 nonzeros.
Reduced MIP has 5527 binaries, 0 generals, 0 SOSs, and 0 indicators.
Presolve time = 0.20 sec. (217.29 ticks)
Represolve time = 0.68 sec. (760.35 ticks)
    488     0    23192.9667   348                   Cuts: 155   163257         
    488     0    23208.1372   418                   Cuts: 149   166026         
    488     0    23214.9708   422                   Cuts: 158   168746         
    488     0    23227.1531   375                   Cuts: 145   170833         
    488     0    23237.9882   453                   Cuts: 136   173401         
    488     0    23242.1890   482                   Cuts: 116   175486         
    488     0    23243.8968   449                   Cuts: 149   176780         
    488     0    23244.7158   467                   Cuts: 119   179128         
    488     0    23246.6599   499                   Cuts: 104   180401         
    488     0    23248.3071   449                   Cuts: 119   182662         
    488     0    23252.3220   451                    Cuts: 70   184190         
    488     0    23253.5902   456                    Cuts: 73   186137         
    488     0    23255.8957   346                   Cuts: 115   190095         
    488     0    23260.4135   506                   Cuts: 100   192527         
    488     0    23261.7334   445                    Cuts: 73   194456         
    488     0    23264.1221   473                    Cuts: 99   196543         
    488     0    23265.6228   460                    Cuts: 82   198326         
    488     0    23265.7001   443                    Cuts: 63   199560         
    488     0    23266.4461   443                    Cuts: 67   200950         
    488     0    23267.8682   419                    Cuts: 63   202863         
    488     0    23268.1013   458                   Cuts: 139   204058         
    488     2    23268.1013   405                  23268.1051   204058         
Elapsed time = 158.88 sec. (183228.17 ticks, tree = 0.01 MB, solutions = 0)
    489     3    23274.2044   413                  23274.3923   206612         
    490     4    23328.6343   351                  23274.7035   213115         
    491     5    23302.8543   356                  23302.9241   217168         
    492     6    23401.2112   412                  23302.9241   220811         
    493     7    23572.7061   368                  23302.9241   223110         
    494     8    23599.3453   373                  23302.9241   225675         
    495     9    23604.5116   351                  23302.9241   228510         
    496    10    23612.8655   331                  23302.9241   229904         
    497    11    23613.7557   308                  23302.9241   230115         
    498    12    23719.6242   309                  23302.9241   232866         
Elapsed time = 254.51 sec. (274242.46 ticks, tree = 0.96 MB, solutions = 0)
    499    13    23615.7724   370                  23302.9241   234270         
    500    14    23616.2681   362                  23302.9241   234943         
    501    15    23629.3880   338                  23302.9241   237348         
    502    16    23646.7937   336                  23302.9241   238188         
    503    17    23629.7841   340                  23302.9241   239578         
    504    18    23631.4830   351                  23302.9241   240086         
    505    19    23640.2559   369                  23302.9241   241330         
    509    23    23633.8940   291                  23302.9241   242359         
    510    24    23654.7748   270                  23302.9241   243833         
    511    25    23666.2364   260                  23302.9241   244404         
Elapsed time = 280.87 sec. (299594.42 ticks, tree = 1.06 MB, solutions = 0)
    512    26    23692.9390   325                  23302.9241   247480         
    513    27    23668.2852   276                  23302.9241   248611         
    516    30    23799.2283   325                  23302.9241   253020         
    518    32    23670.7409   265                  23302.9241   253461         
    519    33    23683.2839   382                  23302.9241   255335         
    520    34    23690.8398   359                  23302.9241   258732         
    523    37    23684.3663   367                  23302.9241   259514         
    525    39    23732.2028   354                  23302.9241   264333         
    528    42    23721.3987   327                  23302.9241   265699         
    530    44    23686.5744   367                  23302.9241   266965         
Elapsed time = 319.34 sec. (337279.23 ticks, tree = 1.23 MB, solutions = 0)
    531    45    23709.7660   334                  23302.9241   268701         
    532    46    23691.2281   341                  23302.9241   269569         
    533    47    23692.6818   337                  23302.9241   270379         
    534    48    23699.5387   276                  23302.9241   272227         
    537    51    23705.0908   376                  23302.9241   274629         
    538    52    23706.7783   328                  23302.9241   278288         
    539    53    23731.0327   362                  23302.9241   280453         
    540    54    23706.8824   345                  23302.9241   281427         
    541    55    23734.7269   348                  23302.9241   285791         
    542    56    23711.7154   329                  23302.9241   287741         
Elapsed time = 364.62 sec. (379575.81 ticks, tree = 1.33 MB, solutions = 0)
    543    57    23740.5160   337                  23302.9241   290432         
    546    60    23712.8559   324                  23302.9241   295031         
    549    63    23715.3604   307                  23302.9241   296145         
    551    65    23974.2150   284                  23302.9241   297739         
    555    69    23993.4600   255                  23302.9241   298927         
    558    72    24000.1492   298                  23302.9241   299725         
    559    73    24004.4455   345                  23302.9241   301229         
    560    74    24035.2933   307                  23302.9241   303475         
    561    75    24009.6943   338                  23302.9241   305041         
    562    76    24030.1847   288                  23302.9241   307087         
Elapsed time = 388.11 sec. (402221.86 ticks, tree = 1.51 MB, solutions = 0)
    563    77    24062.2309   343                  23302.9241   308917         
    564    78    24058.4154   270                  23302.9241   311287         
    565    79    24063.8597   356                  23302.9241   312585         
    567    81    24065.9557   348                  23302.9241   312911         
    568    82    24332.9749   358                  23302.9241   317879         
    572    86    25340.8571   318                  23302.9241   324965         
    573    87    24089.0468   336                  23302.9241   326090         
    576    90    24253.9647   357                  23302.9241   328585         
    578    92    24100.0256   319                  23302.9241   329454         
    585    99    24108.1639   363                  23302.9241   333479         
Elapsed time = 424.67 sec. (437236.22 ticks, tree = 2.15 MB, solutions = 0)
    588   102    24116.4356   359                  23302.9241   337883         
    590   104    24132.4220   336                  23302.9241   341565         
    593   107    24157.8469   358                  23302.9241   344768         
    596   110    24163.3539   365                  23302.9241   347198         
    597   111    24176.9520   369                  23302.9241   350297         
    598   112    24178.2410   391                  23302.9241   353119         
    599   113    24179.9098   371                  23302.9241   354688         
    600   114    24192.6076   365                  23302.9241   357728         
    602   116    24200.5688   360                  23302.9241   360157         
    605   119    24218.9427   373                  23302.9241   363122         
Elapsed time = 485.58 sec. (494613.83 ticks, tree = 2.76 MB, solutions = 0)
    607   121    24219.0837   373                  23302.9241   367379         
    613   127    24986.2089   300                  23302.9241   374701         
    614   128    24230.3798   394                  23302.9241   376587         
    616   130    25049.2089   242                  23302.9241   384302         
    618   132    24239.5079   360                  23302.9241   387919         
    621   135    25097.2089   284                  23302.9241   396955         
    626   140    25178.2089   275                  23302.9241   402728         
    629   143    24686.6058   338                  23302.9241   409723         
    633   147    24253.7719   322                  23302.9241   413051         
    634   148    24271.6391   380                  23302.9241   416861         
Elapsed time = 548.76 sec. (554303.75 ticks, tree = 3.03 MB, solutions = 0)
    639   153    24255.9066   294                  23302.9241   420232         
    648   162    24261.0683   299                  23302.9241   420938         
    655   169    24576.0542   382                  23302.9241   427248         
    664   178    24280.9016   274                  23302.9241   431038         
    679   193    24285.4058   327                  23302.9241   435491         
    688   202    24290.5302   365                  23302.9241   438434         
    693   207    24429.5492   352                  23302.9241   442741         
    694   208    24430.8554   394                  23302.9241   444744         
    695   209    24445.8078   362                  23302.9241   447630         
    697   211    24431.7992   408                  23302.9241   450290         
Elapsed time = 602.67 sec. (605398.20 ticks, tree = 3.60 MB, solutions = 0)
    700   214    24433.3370   416                  23302.9241   452985         
    701   215    24483.6794   340                  23302.9241   456240         
    705   219    24433.9845   315                  23302.9241   461108         
    708   222    24840.0375   386                  23302.9241   465286         
    712   226    24565.9910   372                  23302.9241   470681         
    719   233    24457.6015   304                  23302.9241   474576         
    721   235    24462.0083   344                  23302.9241   477656         
    724   238    24481.0349   201                  23302.9241   482789         
    726   240    24465.1191   355                  23302.9241   486541         
    728   242    24540.2340   249                  23302.9241   490044         
Elapsed time = 661.53 sec. (660906.34 ticks, tree = 3.88 MB, solutions = 0)
    734   248    24840.6158   406                  23302.9241   495587         
    736   250    24674.1313   326                  23302.9241   501668         
    738   252    25831.7460   408                  23302.9241   506953         
    748   262    25216.3086   314                  23302.9241   512655         
    755   265    25271.0959   285                  23302.9241   519001         
    758   268    25300.5468   287                  23302.9241   524177         
    761   271    25309.6863   294                  23302.9241   527834         
    764   274    25731.6237   250                  23302.9241   531522         
    768   278    25762.7648   274                  23302.9241   535976         
    769   279    25768.7143   288                  23302.9241   538344         
Elapsed time = 727.46 sec. (723326.75 ticks, tree = 4.22 MB, solutions = 0)
    770   280    26114.0347   322                  23302.9241   542278         
    771   281    26285.9378   285                  23302.9241   547406         
    772   282    26200.4214   280                  23302.9241   549995         
    774   284    26447.6591   285                  23302.9241   555048         
    778   286    26453.4687   435                  23302.9241   562333         
    781   289    26748.7471   368                  23302.9241   569772         
    782   290    26773.2820   435                  23302.9241   573180         
    784   292    26780.0107   434                  23302.9241   578907         
    785   293    26902.1651   454                  23302.9241   582634         
    789   297    26882.4966   396                  23302.9241   585913         
Elapsed time = 804.35 sec. (796515.73 ticks, tree = 5.25 MB, solutions = 0)
    793   297    23307.1686   350                  23303.0391   589375         
    794   298    23311.0458   374                  23303.0391   590637         
    796   300    23479.5731   287                  23303.0391   597712         
    804   308    23572.8679   306                  23303.0391   606360         
    811   315    23759.0409   296                  23303.0391   612520         
    822   326    23820.6635   354                  23303.0391   620650         
    824   328    24508.8395   307                  23303.0391   625887         
    829   333    23870.5722   355                  23303.0391   632152         
    832   336    23880.7465   352                  23303.0391   637592         
    834   338    24672.6199   327                  23303.0391   643634         
Elapsed time = 858.34 sec. (849249.95 ticks, tree = 5.61 MB, solutions = 0)
    838   342    23905.3965   324                  23303.0391   648876         
    844   348    23887.7286   219                  23303.0391   655636         
    845   349    24493.0928   441                  23303.0391   659764         
    848   352    24635.5326   333                  23303.0391   664371         
    851   355    23895.0910   362                  23303.0391   668590         
    853   357    24606.7080   346                  23303.0391   675745         
    855   359    23926.9813   374                  23303.0391   681508         

Clique cuts applied:  8
Cover cuts applied:  58
Implied bound cuts applied:  22
Flow cuts applied:  5
Mixed integer rounding cuts applied:  180
Zero-half cuts applied:  55
Lift and project cuts applied:  8
Gomory fractional cuts applied:  1

Root node processing (before b&c):
  Real time             =   48.10 sec. (66863.57 ticks)
Sequential b&c:
  Real time             =  851.91 sec. (821681.67 ticks)
                          ------------
Total (root+branch&cut) =  900.01 sec. (888545.24 ticks)
MIP: [1;32mCPLEX finished.[0m
MIP: [1;32mCPLEX status: Unknown[0m
MIP: [1;32mNo feasible solution exits[0m
