ifile	/scratch/csagturk/mlbppo_inst/n0030_m02_p200__080.inst
prob	MLBPPO
threads	1
ttime	900
instance: /scratch/csagturk/mlbppo_inst/n0030_m02_p200__080.inst
	m=2, n=[30, 35, 34], #pos=60
MIP: [1;32minit CPLEX[0m
CAN: [1;35mcreated 2240 x_{ijk} variables[0m
CAN: [1;35mcreated 99 y_{ij} variables[0m
CAN: [1;35mcreated 2070 p_{ijk} variables[0m
MIP: [1;32mcreated decision variables[0m
CAN: [1;35madded 30 constraints to enforce the packing of each item[0m
CAN: [1;35madded 35 constraints to enforce the packing of each item[0m
CAN: [1;35madded 69 capacity constraints[0m
MIP: [1;32mcreated constraints[0m
MIP: [1;32mcreated objective function[0m
MIP: [1;32mcalling CPLEX solve ...[0m
Version identifier: 22.1.0.0 | 2022-03-09 | 1a383f8ce
CPXPARAM_Threads                                 1
CPXPARAM_TimeLimit                               900
Tried aggregator 3 times.
MIP Presolve eliminated 57316 rows and 41937 columns.
MIP Presolve modified 4047 coefficients.
Aggregator did 51020 substitutions.
Reduced MIP has 50142 rows, 34762 columns, and 180432 nonzeros.
Reduced MIP has 18711 binaries, 0 generals, 0 SOSs, and 69 indicators.
Presolve time = 0.55 sec. (2815.15 ticks)
Probing time = 0.45 sec. (213.75 ticks)
Tried aggregator 3 times.
MIP Presolve eliminated 78 rows and 0 columns.
MIP Presolve added 1 rows and 0 columns.
MIP Presolve modified 225 coefficients.
Aggregator did 31997 substitutions.
Reduced MIP has 18068 rows, 2765 columns, and 113727 nonzeros.
Reduced MIP has 2730 binaries, 35 generals, 0 SOSs, and 69 indicators.
Presolve time = 0.17 sec. (199.63 ticks)
Probing fixed 0 vars, tightened 38 bounds.
Probing time = 0.26 sec. (534.66 ticks)
Tried aggregator 1 time.
Detecting symmetries...
MIP Presolve eliminated 105 rows and 153 columns.
Reduced MIP has 17963 rows, 2612 columns, and 112703 nonzeros.
Reduced MIP has 2612 binaries, 0 generals, 0 SOSs, and 0 indicators.
Presolve time = 0.09 sec. (89.50 ticks)
Probing time = 0.01 sec. (7.23 ticks)
Clique table members: 54770.
MIP emphasis: balance optimality and feasibility.
MIP search method: dynamic search.
Parallel mode: none, using 1 thread.
Root relaxation solution time = 0.04 sec. (62.67 ticks)

        Nodes                                         Cuts/
   Node  Left     Objective  IInf  Best Integer    Best Bound    ItCnt     Gap

      0     0    13605.4545   127                  13605.4545      574         
      0     0    13605.4545   151                   Cuts: 143     1456         
      0     0    13607.5758   137                    Cuts: 16     7352         
      0     0    13607.5758   195                   Cuts: 143     9184         
      0     2    13607.5758   145                  13607.5758     9184         
Elapsed time = 10.41 sec. (15048.02 ticks, tree = 0.01 MB, solutions = 0)
      2     4    13607.5758   169                  13607.5758    10307         
      6     8    13607.5758   119                  13607.5758    12083         
     11    13    13607.5758   106                  13607.5758    13291         
     18    20    13607.5758   120                  13607.5758    15595         
     22    24    13607.5758   110                  13607.5758    16544         
     29    31    13607.5758   115                  13607.5758    19118         
     35    37    13607.5758    94                  13607.5758    21287         
     38    40    13608.5754   159                  13607.5758    24119         
     43    45    13621.6238   102                  13607.5758    25646         
     59    61    13714.9874   147                  13607.5758    32480         
Elapsed time = 13.39 sec. (19106.77 ticks, tree = 0.90 MB, solutions = 0)
    144   128    16207.7044    64                  13607.5758    36469         
    167   139    13607.5758   208                  13607.5758    40046         
    175   147    13673.0842   100                  13607.5758    44434         
    176   148    13607.5758   282                  13607.5758    47926         
    180   152    13607.5758   185                  13607.5758    54359         
    182   154    13607.5758   178                  13607.5758    57566         
    184   156    13607.5758   250                  13607.5758    60875         
    191   163    13607.5758   166                  13607.5758    64019         
    194   166    13726.0235   205                  13607.5758    69280         
    197   169    13607.8245   204                  13607.5758    74019         
Elapsed time = 25.96 sec. (32656.64 ticks, tree = 2.80 MB, solutions = 0)
    200   172    13607.8174   195                  13607.5758    76283         
    206   178    13652.6799   185                  13607.5758    79497         
    210   182    13612.0531   215                  13607.5758    83039         
    213   185    13612.0591   240                  13607.5758    89056         
    215   187    13627.6792   228                  13607.5758    94440         
    217   189    13636.9413   214                  13607.5758   100308         
    218   190    13636.5924   238                  13607.5758   103707         
    220   192    13636.7558   192                  13607.5758   105570         
    224   196    13832.6750   177                  13607.5758   107925         
    259   229    14364.7650   119                  13607.5758   112410         
Elapsed time = 37.86 sec. (46154.99 ticks, tree = 2.99 MB, solutions = 0)
    292   262    15426.2662    41                  13607.5758   114944         
*   369   301      integral     0    18684.0000    13607.5758   116036   27.17%
*   370+  299                        18584.0000    13607.5758            26.78%
    371   299    13607.5758   114    18584.0000    13607.5758   116631   26.78%
    401   329    13619.9528   137    18584.0000    13607.5758   118891   26.78%
    427   355    14161.1781    61    18584.0000    13607.5758   121256   26.78%
    473   397    13740.8842   136    18584.0000    13607.5758   123895   26.78%
*   481+  403                        18393.0000    13607.5758            26.02%
*   481+  402                        18224.0000    13607.5758            25.33%
*   481+  400                        17483.0000    13607.5758            22.17%
*   482+  388                        16500.0000    13607.5758            17.53%
*   482+  386                        16414.0000    13607.5758            17.10%
*   482+  384                        16403.0000    13607.5758            17.04%
    482   386    13607.5758   124    16403.0000    13607.5758   125673   17.04%
    515   419    13983.1420    83    16403.0000    13607.5758   129097   17.04%
    574   474    13607.6516   178    16403.0000    13607.5758   133116   17.04%
    585   485    13656.9510   141    16403.0000    13607.5758   134296   17.04%

Performing restart 1

Repeating presolve.
Tried aggregator 1 time.
MIP Presolve eliminated 26 rows and 7 columns.
MIP Presolve modified 49372 coefficients.
Reduced MIP has 17937 rows, 2605 columns, and 87177 nonzeros.
Reduced MIP has 2605 binaries, 0 generals, 0 SOSs, and 0 indicators.
Presolve time = 0.11 sec. (151.26 ticks)
Tried aggregator 2 times.
MIP Presolve eliminated 26 rows and 3 columns.
MIP Presolve modified 484 coefficients.
Aggregator did 1 substitutions.
Reduced MIP has 17910 rows, 2601 columns, and 86449 nonzeros.
Reduced MIP has 2601 binaries, 0 generals, 0 SOSs, and 0 indicators.
Presolve time = 0.08 sec. (94.50 ticks)
Represolve time = 0.45 sec. (522.99 ticks)
    592     0    13607.5758   159    16403.0000      Cuts: 39   138037   17.04%
    592     0    13607.5758   167    16403.0000      Cuts: 96   138981   17.04%
    592     0    13607.5758   166    16403.0000      Cuts: 22   140045   17.04%
    592     0    13607.5758   129    16403.0000      Cuts: 32   140705   17.04%
    592     0    13607.5758   161    16403.0000     Cuts: 105   141976   17.04%
    592     0    13607.5758   177    16403.0000      Cuts: 28   142659   17.04%
    592     0    13607.5758   173    16403.0000     Cuts: 101   144757   17.04%
    592     2    13607.5758   123    16403.0000    13608.6364   144757   17.04%
Elapsed time = 55.28 sec. (69359.36 ticks, tree = 0.01 MB, solutions = 8)
    593     3    13609.0409   167    16403.0000    13609.0409   147154   17.03%
    596     6    13609.0409   148    16403.0000    13609.0409   148248   17.03%
    598     8    13609.0409   176    16403.0000    13609.0409   150683   17.03%
    602    12    13620.3059   169    16403.0000    13609.0409   151234   17.03%
    611    21    13918.1522   159    16403.0000    13609.0409   151768   17.03%
    620    30    13935.9323   157    16403.0000    13609.0409   151994   17.03%
    632    42    14017.9429   153    16403.0000    13609.0409   152600   17.03%
    641    51    14059.5125   171    16403.0000    13609.0409   153683   17.03%
    657    67    14249.0000   176    16403.0000    13609.0409   154401   17.03%
    662    70    14249.0000   203    16403.0000    13609.0409   155995   17.03%
Elapsed time = 64.05 sec. (81114.12 ticks, tree = 0.36 MB, solutions = 8)
    676    78    14249.0000    84    16403.0000    13609.0409   157802   17.03%
    704    96    14996.0000   119    16403.0000    13609.0409   159670   17.03%
    723   105    13609.0409   148    16403.0000    13609.0409   163305   17.03%
    737   119    13610.3932   134    16403.0000    13609.0409   164467   17.03%
    752   134    13778.7902   130    16403.0000    13609.0409   164815   17.03%
    772   154    13891.2727   133    16403.0000    13609.0409   166655   17.03%
    786   168    13997.7931   167    16403.0000    13609.0409   168201   17.03%
    791   169    13609.0409   126    16403.0000    13609.0409   169583   17.03%
    802   180    13610.4091   121    16403.0000    13609.0409   169704   17.03%
    826   204    13941.1742   118    16403.0000    13609.0409   171498   17.03%
Elapsed time = 76.12 sec. (97085.93 ticks, tree = 0.67 MB, solutions = 8)
    852   230    14038.1818   109    16403.0000    13609.0409   173174   17.03%
    867   239    13609.0409   109    16403.0000    13609.0409   175670   17.03%
    872   244    13609.4952   101    16403.0000    13609.0409   175931   17.03%
    890   262    13699.9030   112    16403.0000    13609.0409   177911   17.03%
    919   291    14931.2667   125    16403.0000    13609.0409   180880   17.03%
    925   293    13609.0409   176    16403.0000    13609.0409   182046   17.03%
    946   314    13854.6436   166    16403.0000    13609.0409   184693   17.03%
    956   324    13911.1111   168    16403.0000    13609.0409   185853   17.03%
    996   362    15010.0000   125    16403.0000    13609.0409   187552   17.03%
   1025   382    13609.0409   148    16403.0000    13609.0409   189059   17.03%
Elapsed time = 85.44 sec. (110327.85 ticks, tree = 1.26 MB, solutions = 8)
   1053   410    13808.0266   147    16403.0000    13609.0409   191583   17.03%
   1101   457    14230.7273   117    16403.0000    13609.0409   195529   17.03%
   1112   468    14230.7273   138    16403.0000    13609.0409   199007   17.03%
   1127   477    14230.7273   118    16403.0000    13609.0409   203166   17.03%
   1141   483    13609.0409   137    16403.0000    13609.0409   206219   17.03%
   1167   509    13788.3149   118    16403.0000    13609.0409   206994   17.03%
   1197   537    14006.3904   127    16403.0000    13609.0409   210160   17.03%
   1200   536    13609.0409   119    16403.0000    13609.0409   211160   17.03%
   1230   566    13808.1924   168    16403.0000    13609.0409   212895   17.03%
   1232   568    13885.9948   165    16403.0000    13609.0409   213260   17.03%
Elapsed time = 93.00 sec. (121304.26 ticks, tree = 1.90 MB, solutions = 8)
   1265   601    13906.3636   181    16403.0000    13609.0409   216313   17.03%
   1275   607    14111.2727   129    16403.0000    13609.0409   218952   17.03%
   1287   615    13610.3184   134    16403.0000    13609.0409   220798   17.03%
   1312   640    13711.8095   169    16403.0000    13609.0409   222017   17.03%
   1343   669    14636.8156   201    16403.0000    13609.0409   223508   17.03%
   1353   676    13659.8909   243    16403.0000    13609.0409   227110   17.03%
   1383   706    13830.1484   187    16403.0000    13609.0409   229260   17.03%
   1392   715    13977.0674   182    16403.0000    13609.0409   231261   17.03%
   1401   722    14415.0798   264    16403.0000    13609.0409   236545   17.03%
   1402   723    14415.1066   271    16403.0000    13609.0409   242396   17.03%
Elapsed time = 107.24 sec. (139753.28 ticks, tree = 2.72 MB, solutions = 8)
   1419   738    14515.0000   144    16403.0000    13609.0409   243503   17.03%
   1429   744    13609.0409   119    16403.0000    13609.0409   245200   17.03%
   1468   783    13953.3636   146    16403.0000    13609.0409   246405   17.03%
   1499   807    14334.1818   151    16403.0000    13609.0409   247841   17.03%
   1527   835    14334.1818   147    16403.0000    13609.0409   249683   17.03%
   1545   843    14616.1818   132    16403.0000    13609.0409   252518   17.03%
   1552   843    13610.3184   111    16403.0000    13609.0409   254376   17.03%
   1603   892    14697.0000    94    16403.0000    13609.0409   255453   17.03%
   1629   914    14697.0000   122    16403.0000    13609.0409   257662   17.03%
   1739  1003    14586.6364    76    16403.0000    13609.0409   264254   17.03%
Elapsed time = 116.70 sec. (153812.47 ticks, tree = 6.00 MB, solutions = 8)
   1841  1091    13891.7667   118    16403.0000    13609.0409   268659   17.03%
   1942  1186    14384.0000   167    16403.0000    13609.0409   273300   17.03%
   2020  1258    13953.3636   114    16403.0000    13609.0409   278345   17.03%
   2163  1387    14334.1818   142    16403.0000    13609.0409   285096   17.03%
   2266  1483    14535.0000   153    16403.0000    13609.0409   291026   17.03%
   2407  1614    14364.2727   152    16403.0000    13609.0409   297603   17.03%
   2490  1691    14189.7273   125    16403.0000    13609.0409   304435   17.03%
   2579  1764    13799.1318   183    16403.0000    13609.0409   309622   17.03%
   2719  1892    13610.3184   113    16403.0000    13609.0409   316585   17.03%
   2883  2048    14405.1000   100    16403.0000    13609.0409   324473   17.03%
Elapsed time = 142.37 sec. (192840.62 ticks, tree = 13.00 MB, solutions = 8)
   2934  2091    infeasible          16403.0000    13609.0409   332619   17.03%
   3106  2255    14334.1818   163    16403.0000    13609.0409   339371   17.03%
   3161  2306    13807.2510   129    16403.0000    13609.0409   343968   17.03%
   3238  2366    13678.5333   141    16403.0000    13609.0409   353088   17.03%
   3348  2470    13614.9767   185    16403.0000    13609.0409   359034   17.03%
   3428  2546    13625.2387   155    16403.0000    13609.0409   366602   17.03%
   3517  2628    13624.9418   159    16403.0000    13609.0409   372857   17.03%
   3592  2701    14334.1818   122    16403.0000    13609.0409   376914   17.03%
   3699  2794    13624.9418   159    16403.0000    13609.0409   384350   17.03%
   3793  2878    13625.4873   195    16403.0000    13609.0409   390724   17.03%
Elapsed time = 173.17 sec. (236342.13 ticks, tree = 18.98 MB, solutions = 8)
   3897  2973    13615.9573   173    16403.0000    13609.0409   396693   17.03%
   3968  3043    14057.0537   103    16403.0000    13609.0409   407073   17.03%
   4069  3136    13625.9909   137    16403.0000    13609.0409   415031   17.03%
   4172  3225    13625.6329   182    16403.0000    13609.0409   422595   17.03%
   4291  3333    13855.0955   106    16403.0000    13609.0409   431653   17.03%
   4452  3476    13609.0409   115    16403.0000    13609.0409   438195   17.03%
   4619  3637    14087.1395   115    16403.0000    13609.0409   445420   17.03%
   4754  3762    13812.3793   110    16403.0000    13609.0409   451622   17.03%
   4898  3886    13641.2947   114    16403.0000    13609.0409   458471   17.03%
   4987  3969    13641.2947   102    16403.0000    13609.0409   463003   17.03%
Elapsed time = 200.38 sec. (277184.30 ticks, tree = 23.45 MB, solutions = 8)
   5106  4082    14238.6154   110    16403.0000    13609.0409   469086   17.03%
   5231  4196    14733.0000    88    16403.0000    13609.0409   474825   17.03%
   5335  4288    14008.0533   112    16403.0000    13609.0409   479121   17.03%
   5467  4407    14407.3077    89    16403.0000    13609.0409   487359   17.03%
   5517  4447    13642.9409   159    16403.0000    13609.0409   494455   17.03%
   5618  4538    13746.5754   159    16403.0000    13609.0409   501002   17.03%
   5679  4595    13815.6457   149    16403.0000    13609.0409   507461   17.03%
   5789  4701    13659.8909   127    16403.0000    13609.0409   518321   17.03%
   5892  4794    14497.0000    85    16403.0000    13609.0409   526220   17.03%
   5912  4804    13656.5190   194    16403.0000    13609.0409   534543   17.03%
Elapsed time = 230.79 sec. (319570.07 ticks, tree = 31.01 MB, solutions = 8)
*  5992+ 4872                        16365.0000    13609.0409            16.84%
   5992  4874    13616.3631   126    16365.0000    13609.0409   539854   16.84%
   6092  4966    13691.2143   121    16365.0000    13609.0409   544696   16.84%
   6192  5061    13616.2633   159    16365.0000    13609.0409   550408   16.84%
   6308  5161    13619.9911   135    16365.0000    13609.0409   557299   16.84%
   6408  5253    13731.0577   156    16365.0000    13609.0409   561970   16.84%
   6513  5347    13617.4933   151    16365.0000    13609.0409   569313   16.84%
   6672  5496    14213.0000   125    16365.0000    13609.0409   584308   16.84%
   6766  5577    14601.0000   104    16365.0000    13609.0409   595438   16.84%
   6842  5640    13625.2387   262    16365.0000    13609.0409   603410   16.84%
   6928  5723    14334.1818   111    16365.0000    13609.0409   609216   16.84%
Elapsed time = 262.85 sec. (365147.74 ticks, tree = 34.60 MB, solutions = 9)
   6948  5737    13624.9976   225    16365.0000    13609.0409   612254   16.84%
   6977  5766    13631.2217   216    16365.0000    13609.0409   617386   16.84%
   7051  5833    13609.0409   126    16365.0000    13609.0409   622290   16.84%
   7066  5848    13678.0093   233    16365.0000    13609.0409   631785   16.84%
   7081  5863    13786.3389   190    16365.0000    13609.0409   639608   16.84%
   7092  5874    13714.9930   171    16365.0000    13609.0409   647662   16.84%
   7133  5911    14186.0000   168    16365.0000    13609.0409   658494   16.84%
   7152  5926    13626.4058   252    16365.0000    13609.0409   666103   16.84%
   7156  5930    13626.4058   333    16365.0000    13609.0409   672610   16.84%
   7159  5933    13626.4058   310    16365.0000    13609.0409   680595   16.84%
Elapsed time = 302.87 sec. (412688.97 ticks, tree = 35.70 MB, solutions = 9)
   7201  5975    13643.6517   238    16365.0000    13609.0409   685726   16.84%
   7262  6029    13635.1110   194    16365.0000    13609.0409   698281   16.84%
   7267  6034    13637.8968   303    16365.0000    13609.0409   705980   16.84%
   7290  6057    13647.6562   219    16365.0000    13609.0409   712799   16.84%
   7361  6122    infeasible          16365.0000    13609.0409   722481   16.84%
   7364  6125    13626.5439   239    16365.0000    13609.0409   727616   16.84%
   7389  6150    13633.1276   237    16365.0000    13609.0409   734642   16.84%
   7403  6164    13637.6907   174    16365.0000    13609.0409   740469   16.84%
   7446  6203    13652.0162   238    16365.0000    13609.0409   757436   16.84%
   7450  6207    13675.4882   321    16365.0000    13609.0409   765723   16.84%
Elapsed time = 348.26 sec. (464950.92 ticks, tree = 37.71 MB, solutions = 9)
   7453  6210    13677.0423   260    16365.0000    13609.0409   773289   16.84%
   7456  6213    13680.7581   222    16365.0000    13609.0409   780499   16.84%
   7460  6217    13682.7628   278    16365.0000    13609.0409   786454   16.84%
   7466  6223    13683.9495   278    16365.0000    13609.0409   793119   16.84%
   7470  6227    13687.0149   301    16365.0000    13609.0409   798654   16.84%
   7477  6234    13689.7114   297    16365.0000    13609.0409   805475   16.84%
   7492  6249    13702.1933   245    16365.0000    13609.0409   807515   16.84%
   7512  6265    13644.3876   310    16365.0000    13609.0409   813126   16.84%
   7516  6269    13706.4714   201    16365.0000    13609.0409   819721   16.84%
   7550  6303    14296.5462   252    16365.0000    13609.0409   827642   16.84%
Elapsed time = 390.24 sec. (513750.26 ticks, tree = 38.86 MB, solutions = 9)
   7604  6350    16360.7200   163    16365.0000    13609.0409   833372   16.84%
   7610  6352    13649.5549   310    16365.0000    13609.0409   842603   16.84%
   7615  6357    13670.2299   269    16365.0000    13609.0409   849942   16.84%
   7622  6364    13691.7015   248    16365.0000    13609.0409   856344   16.84%
   7638  6380    13802.0043   186    16365.0000    13609.0409   862848   16.84%
   7687  6423    13610.1478   128    16365.0000    13609.0409   868254   16.84%
   7777  6511    13764.0355   204    16365.0000    13609.0409   874739   16.84%
   7782  6512    13642.9409   156    16365.0000    13609.0409   876765   16.84%
   7862  6585    13609.1474   145    16365.0000    13609.0409   882133   16.84%
   7916  6632    13609.0409   147    16365.0000    13609.0409   887252   16.84%
Elapsed time = 425.10 sec. (555360.49 ticks, tree = 60.44 MB, solutions = 9)
   7933  6649    13660.4729   178    16365.0000    13609.0409   893623   16.84%
   8024  6738    14376.3636   132    16365.0000    13609.0409   904098   16.84%
   8046  6753    13609.9950   184    16365.0000    13609.0409   909445   16.84%
   8116  6819    13744.6409   119    16365.0000    13609.0409   916891   16.84%
   8175  6878    14120.6667   127    16365.0000    13609.0409   922836   16.84%
   8290  6983    14294.0000   126    16365.0000    13609.0409   927784   16.84%
   8314  7003    13619.7652   315    16365.0000    13609.0409   934004   16.84%
   8352  7041    13761.9867   241    16365.0000    13609.0409   937370   16.84%
   8423  7106    13616.2633   158    16365.0000    13609.0409   941459   16.84%
   8492  7173    14401.0000   165    16365.0000    13609.0409   944644   16.84%
Elapsed time = 459.04 sec. (599126.73 ticks, tree = 91.61 MB, solutions = 9)
   8522  7199    13628.5332   293    16365.0000    13609.0409   952092   16.84%
   8559  7236    13739.9436   112    16365.0000    13609.0409   958968   16.84%
   8592  7265    13628.1488   294    16365.0000    13609.0409   969357   16.84%
   8594  7267    13721.2107   275    16365.0000    13609.0409   977195   16.84%
   8639  7308    13642.9409   245    16365.0000    13609.0409   991613   16.84%
   8645  7314    13844.1333   240    16365.0000    13609.0409   997808   16.84%
   8664  7333    13867.6667   234    16365.0000    13609.0409  1010501   16.84%
   8678  7347    13886.3989   167    16365.0000    13609.0409  1015131   16.84%
   8723  7386        cutoff          16365.0000    13609.0409  1020873   16.84%
   8743  7402    13639.3311   269    16365.0000    13609.0409  1027003   16.84%
Elapsed time = 507.13 sec. (653347.91 ticks, tree = 112.22 MB, solutions = 9)
   8750  7409    13652.2122   231    16365.0000    13609.0409  1035108   16.84%
   8756  7415    13733.4267   201    16365.0000    13609.0409  1044003   16.84%
   8770  7425    13681.6699   267    16365.0000    13609.0409  1052214   16.84%
   8774  7429    13774.2338   248    16365.0000    13609.0409  1061685   16.84%
   8780  7435    14140.7659   187    16365.0000    13609.0409  1068306   16.84%
   8810  7465    14274.3609   159    16365.0000    13609.0409  1073971   16.84%
   8821  7472    13627.0978   236    16365.0000    13609.0409  1079164   16.84%
   8877  7528    13776.4500   187    16365.0000    13609.0409  1085692   16.84%
   8892  7537    13642.9409   252    16365.0000    13609.0409  1092207   16.84%
   8897  7542    13843.5512   222    16365.0000    13609.0409  1097973   16.84%
Elapsed time = 545.82 sec. (696672.51 ticks, tree = 125.75 MB, solutions = 9)
   8902  7547    13855.1833   248    16365.0000    13609.0409  1104858   16.84%
   8905  7550    13902.4948   241    16365.0000    13609.0409  1113310   16.84%
   8926  7571    14018.5704   215    16365.0000    13609.0409  1117964   16.84%
   9000  7640    13626.0974   254    16365.0000    13609.0409  1125449   16.84%
   9067  7707    14117.6364   216    16365.0000    13609.0409  1137654   16.84%
   9072  7712    14185.6364   246    16365.0000    13609.0409  1144882   16.84%
   9077  7713    13609.0409   179    16365.0000    13609.0409  1156769   16.84%
*  9092+ 7724                        16344.0000    13609.0409            16.73%
   9092  7726    13741.6962   117    16344.0000    13609.0409  1159554   16.73%
*  9192+ 7822                        16320.0000    13609.0409            16.61%
   9197  7829    15477.0000   139    16320.0000    13609.0409  1163660   16.61%
   9239  7867    13659.4468   169    16320.0000    13609.0409  1170382   16.61%
Elapsed time = 587.64 sec. (744668.16 ticks, tree = 145.15 MB, solutions = 11)
   9283  7908    14565.0000   185    16320.0000    13609.0409  1177109   16.61%
   9292  7916    14613.0000   181    16320.0000    13609.0409  1177767   16.61%
   9321  7934    13610.1478   154    16320.0000    13609.0409  1183154   16.61%
   9432  8036    infeasible          16320.0000    13609.0409  1190601   16.61%
   9435  8039    13628.1537   218    16320.0000    13609.0409  1200578   16.61%
   9440  8044    13641.1500   242    16320.0000    13609.0409  1213953   16.61%
   9445  8049    13694.0823   238    16320.0000    13609.0409  1220433   16.61%
   9492  8096    13805.2093   119    16320.0000    13609.0409  1223907   16.61%
   9516  8116    13761.5909   247    16320.0000    13609.0409  1233155   16.61%
   9524  8124    13787.3833   207    16320.0000    13609.0409  1239634   16.61%
Elapsed time = 635.30 sec. (800942.01 ticks, tree = 163.73 MB, solutions = 11)
   9581  8181    14119.0000   216    16320.0000    13609.0409  1245006   16.61%
   9598  8198    14528.5396   290    16320.0000    13609.0409  1252987   16.61%
   9608  8204    13628.1718   248    16320.0000    13609.0409  1260072   16.61%
   9614  8210    13641.1500   231    16320.0000    13609.0409  1267293   16.61%
   9630  8226    13799.8000   204    16320.0000    13609.0409  1273143   16.61%
   9657  8253    13806.2465   220    16320.0000    13609.0409  1281215   16.61%
   9692  8286    14119.0000   170    16320.0000    13609.0409  1285429   16.61%
   9698  8288    13626.6955   266    16320.0000    13609.0409  1292740   16.61%
   9707  8297    13626.7950   292    16320.0000    13609.0409  1301268   16.61%
   9717  8307    13627.2211   263    16320.0000    13609.0409  1309336   16.61%
Elapsed time = 676.28 sec. (847518.28 ticks, tree = 179.94 MB, solutions = 11)
   9732  8322    13645.3297   257    16320.0000    13609.0409  1318409   16.61%
   9749  8339    13936.0785   281    16320.0000    13609.0409  1330827   16.61%
   9753  8343    14033.6023   271    16320.0000    13609.0409  1340076   16.61%
   9758  8348    14464.5600   238    16320.0000    13609.0409  1350665   16.61%
   9786  8376    14482.1402   218    16320.0000    13609.0409  1357503   16.61%
   9798  8384    13611.1164   237    16320.0000    13609.0409  1365843   16.61%
   9904  8488    14119.0000   119    16320.0000    13609.0409  1371562   16.61%
   9911  8491    13827.1833   185    16320.0000    13609.0409  1376979   16.61%
  10015  8595    14744.0000   132    16320.0000    13609.0409  1381773   16.61%
  10038  8614    13768.2909   278    16320.0000    13609.0409  1390743   16.61%
Elapsed time = 711.75 sec. (888972.04 ticks, tree = 199.19 MB, solutions = 11)
  10086  8658    13625.9909   284    16320.0000    13609.0409  1399385   16.61%
  10092  8664    13626.6955   200    16320.0000    13609.0409  1400554   16.61%
  10114  8686    13642.5311   269    16320.0000    13609.0409  1407703   16.61%
  10146  8714    14785.3947   167    16320.0000    13609.0409  1414472   16.61%
* 10172+ 8733                        16049.0000    13609.0409            15.20%
* 10172+ 8722                        15717.0000    13609.0409            13.41%
* 10172+ 8722                        15696.0000    13609.0409            13.30%
* 10173+ 8723                        15673.0000    13609.0409            13.17%
* 10173+ 8710                        15631.0000    13609.0409            12.94%
  10173  8712    13609.0409   137    15631.0000    13609.0409  1416381   12.94%
* 10174+ 8660                        15467.0000    13609.0409            12.01%
* 10174+ 8660                        15456.0000    13609.0409            11.95%
  10174  8662    13609.0409   208    15456.0000    13609.0409  1416932   11.95%
  10192  8680    13688.5750   209    15456.0000    13609.0409  1421071   11.95%
  10275  8759    13609.1474   181    15456.0000    13609.0409  1425340   11.95%
  10396  8875    13628.1488   261    15456.0000    13609.0409  1435703   11.95%
  10414  8893    13712.6600   176    15456.0000    13609.0409  1442228   11.95%
Elapsed time = 789.55 sec. (986051.20 ticks, tree = 214.44 MB, solutions = 18)
  10444  8921    infeasible          15456.0000    13609.0409  1452132   11.95%
  10454  8927    13745.9184   202    15456.0000    13609.0409  1456740   11.95%
  10537  9009    14429.0000   125    15456.0000    13609.0409  1463080   11.95%
  10602  9064    13609.9987   213    15456.0000    13609.0409  1469214   11.95%
  10696  9152    infeasible          15456.0000    13609.0409  1478494   11.95%
  10708  9158    13609.1474   243    15456.0000    13609.0409  1483242   11.95%
Starting limited solution polishing.
  10832  9282    14774.0000   140    15456.0000    13609.0409  1489682   11.95%
  10862  9308    13706.7813   174    15456.0000    13609.0409  1496813   11.95%
  10912  9354    13625.9909   256    15456.0000    13609.0409  1502886   11.95%
  10917  9359    13627.0759   284    15456.0000    13609.0409  1510041   11.95%
Elapsed time = 822.42 sec. (1026626.09 ticks, tree = 237.55 MB, solutions = 18)
  10929  9371    13662.0097   255    15456.0000    13609.0409  1519416   11.95%
  10946  9384        cutoff          15456.0000    13609.0409  1528124   11.95%
  10975  9413    13724.8780   154    15456.0000    13609.0409  1536320   11.95%
  11012  9450    14105.3316   165    15456.0000    13609.0409  1538848   11.95%
  11056  9488    13609.0409   225    15456.0000    13609.0409  1546097   11.95%
  11147  9575    14309.0000   166    15456.0000    13609.0409  1553148   11.95%
  11166  9588    13626.0974   242    15456.0000    13609.0409  1563215   11.95%
  11255  9675    14774.0000   140    15456.0000    13609.0409  1569716   11.95%
  11318  9733    13625.9909   107    15456.0000    13609.0409  1577502   11.95%
  11326  9741    13629.3973   277    15456.0000    13609.0409  1585073   11.95%
Elapsed time = 859.67 sec. (1071683.13 ticks, tree = 255.79 MB, solutions = 18)
  11337  9752    13722.5423   145    15456.0000    13609.0409  1592194   11.95%
  11385  9794    13609.1474   210    15456.0000    13609.0409  1600718   11.95%
  11401  9810    13610.1478   164    15456.0000    13609.0409  1604830   11.95%
  11479  9882    13609.0409   195    15456.0000    13609.0409  1611313   11.95%
  11502  9901    13621.6167   128    15456.0000    13609.0409  1617454   11.95%
  11620 10012    13611.2664   205    15456.0000    13609.0409  1625974   11.95%
  11649 10037    13623.7833   139    15456.0000    13609.0409  1633293   11.95%
  11733 10121    14659.1429   112    15456.0000    13609.0409  1641904   11.95%
  11807 10191    13888.1489   147    15456.0000    13609.0409  1644725   11.95%
  11836 10215    13907.9179   126    15456.0000    13609.0409  1652122   11.95%
Elapsed time = 890.64 sec. (1112781.78 ticks, tree = 278.21 MB, solutions = 18)
  11897 10267    14143.2766   100    15456.0000    13609.0409  1657346   11.95%
  11939 10298    13609.0409   130    15456.0000    13609.0409  1662993   11.95%
  11964 10321        cutoff          15456.0000    13609.0409  1672559   11.95%

Clique cuts applied:  9
Cover cuts applied:  92
Implied bound cuts applied:  10
Flow cuts applied:  4
Mixed integer rounding cuts applied:  40
Zero-half cuts applied:  13
Lift and project cuts applied:  1
Gomory fractional cuts applied:  3

Root node processing (before b&c):
  Real time             =   10.37 sec. (14901.97 ticks)
Sequential b&c:
  Real time             =  889.67 sec. (1111134.99 ticks)
                          ------------
Total (root+branch&cut) =  900.04 sec. (1126036.96 ticks)
MIP: [1;32mCPLEX finished.[0m
MIP: [1;32mCPLEX status: Feasible[0m
CAN: [1;35mItem: 0, Level: 0, at bin: 16[0m
CAN: [1;35mItem: 0, Level: 1, at bin: 9[0m
CAN: [1;35mItem: 1, Level: 0, at bin: 30[0m
CAN: [1;35mItem: 1, Level: 1, at bin: 9[0m
CAN: [1;35mItem: 2, Level: 0, at bin: 7[0m
CAN: [1;35mItem: 2, Level: 1, at bin: 11[0m
CAN: [1;35mItem: 3, Level: 0, at bin: 0[0m
CAN: [1;35mItem: 3, Level: 1, at bin: 19[0m
CAN: [1;35mItem: 4, Level: 0, at bin: 31[0m
CAN: [1;35mItem: 4, Level: 1, at bin: 17[0m
CAN: [1;35mItem: 5, Level: 0, at bin: 24[0m
CAN: [1;35mItem: 5, Level: 1, at bin: 6[0m
CAN: [1;35mItem: 6, Level: 0, at bin: 29[0m
CAN: [1;35mItem: 6, Level: 1, at bin: 32[0m
CAN: [1;35mItem: 7, Level: 0, at bin: 1[0m
CAN: [1;35mItem: 7, Level: 1, at bin: 23[0m
CAN: [1;35mItem: 8, Level: 0, at bin: 14[0m
CAN: [1;35mItem: 8, Level: 1, at bin: 23[0m
CAN: [1;35mItem: 9, Level: 0, at bin: 6[0m
CAN: [1;35mItem: 9, Level: 1, at bin: 5[0m
CAN: [1;35mItem: 10, Level: 0, at bin: 23[0m
CAN: [1;35mItem: 10, Level: 1, at bin: 17[0m
CAN: [1;35mItem: 11, Level: 0, at bin: 6[0m
CAN: [1;35mItem: 11, Level: 1, at bin: 5[0m
CAN: [1;35mItem: 12, Level: 0, at bin: 21[0m
CAN: [1;35mItem: 12, Level: 1, at bin: 15[0m
CAN: [1;35mItem: 13, Level: 0, at bin: 14[0m
CAN: [1;35mItem: 13, Level: 1, at bin: 23[0m
CAN: [1;35mItem: 14, Level: 0, at bin: 11[0m
CAN: [1;35mItem: 14, Level: 1, at bin: 15[0m
CAN: [1;35mItem: 15, Level: 0, at bin: 24[0m
CAN: [1;35mItem: 15, Level: 1, at bin: 6[0m
CAN: [1;35mItem: 16, Level: 0, at bin: 5[0m
CAN: [1;35mItem: 16, Level: 1, at bin: 19[0m
CAN: [1;35mItem: 17, Level: 0, at bin: 22[0m
CAN: [1;35mItem: 17, Level: 1, at bin: 11[0m
CAN: [1;35mItem: 18, Level: 0, at bin: 24[0m
CAN: [1;35mItem: 18, Level: 1, at bin: 6[0m
CAN: [1;35mItem: 19, Level: 0, at bin: 27[0m
CAN: [1;35mItem: 19, Level: 1, at bin: 19[0m
CAN: [1;35mItem: 20, Level: 0, at bin: 14[0m
CAN: [1;35mItem: 20, Level: 1, at bin: 23[0m
CAN: [1;35mItem: 21, Level: 0, at bin: 5[0m
CAN: [1;35mItem: 21, Level: 1, at bin: 19[0m
CAN: [1;35mItem: 22, Level: 0, at bin: 7[0m
CAN: [1;35mItem: 22, Level: 1, at bin: 11[0m
CAN: [1;35mItem: 23, Level: 0, at bin: 4[0m
CAN: [1;35mItem: 23, Level: 1, at bin: 6[0m
CAN: [1;35mItem: 24, Level: 0, at bin: 10[0m
CAN: [1;35mItem: 24, Level: 1, at bin: 5[0m
CAN: [1;35mItem: 25, Level: 0, at bin: 0[0m
CAN: [1;35mItem: 25, Level: 1, at bin: 19[0m
CAN: [1;35mItem: 26, Level: 0, at bin: 21[0m
CAN: [1;35mItem: 26, Level: 1, at bin: 15[0m
CAN: [1;35mItem: 27, Level: 0, at bin: 29[0m
CAN: [1;35mItem: 27, Level: 1, at bin: 32[0m
CAN: [1;35mItem: 28, Level: 0, at bin: 16[0m
CAN: [1;35mItem: 28, Level: 1, at bin: 9[0m
CAN: [1;35mItem: 29, Level: 0, at bin: 21[0m
CAN: [1;35mItem: 29, Level: 1, at bin: 15[0m
MIP: [1;32mSolution: 
Indexes: [16, 30, 7, 0, 31, 24, 29, 1, 14, 6, 23, 6, 21, 14, 11, 24, 5, 22, 24, 27, 14, 5, 7, 4, 10, 0, 21, 29, 16, 21][19, 23, -1, -1, 6, 19, 5, 11, -1, -1, 5, 15, -1, -1, 23, -1, 9, -1, -1, -1, -1, 15, 11, 17, 6, -1, -1, 19, -1, 32, 9, 17, -1, -1, -1], P Variables: [16, 9][30, 9][7, 11][0, 19][31, 17][24, 6][29, 32][1, 23][14, 23][6, 5][23, 17][6, 5][21, 15][14, 23][11, 15][24, 6][5, 19][22, 11][24, 6][27, 19][14, 23][5, 19][7, 11][4, 6][10, 5][0, 19][21, 15][29, 32][16, 9][21, 15], Flow leaving each bin: [0m
MIP: [1;32mObjective value: 15456[0m
MIP: [1;32mLower Bound: 13609[0m
MIP: [1;32mBranch-and-Bound nodes: 11973[0m

# best solution:
best objective value:	15456
best dual bound value:	13609
optimality gap:	11.9501%
CPU time:	898.008
