ifile	/scratch/csagturk/mlbppo_inst/n0030_m05_p050__053.inst
prob	MLBPPO
threads	1
ttime	900
instance: /scratch/csagturk/mlbppo_inst/n0030_m05_p050__053.inst
	m=5, n=[30, 20, 17, 14, 15, 14], #pos=15
MIP: [1;32minit CPLEX[0m
CAN: [1;35mcreated 1598 x_{ijk} variables[0m
CAN: [1;35mcreated 110 y_{ij} variables[0m
CAN: [1;35mcreated 2400 p_{ijk} variables[0m
MIP: [1;32mcreated decision variables[0m
CAN: [1;35madded 30 constraints to enforce the packing of each item[0m
CAN: [1;35madded 66 constraints to enforce the packing of each item[0m
CAN: [1;35madded 80 capacity constraints[0m
MIP: [1;32mcreated constraints[0m
MIP: [1;32mcreated objective function[0m
MIP: [1;32mcalling CPLEX solve ...[0m
Version identifier: 22.1.0.0 | 2022-03-09 | 1a383f8ce
CPXPARAM_Threads                                 1
CPXPARAM_TimeLimit                               900
Tried aggregator 2 times.
MIP Presolve eliminated 25257 rows and 18810 columns.
MIP Presolve added 2 rows and 0 columns.
MIP Presolve modified 813 coefficients.
Aggregator did 65392 substitutions.
Reduced MIP has 63183 rows, 45129 columns, and 153470 nonzeros.
Reduced MIP has 24166 binaries, 0 generals, 0 SOSs, and 110 indicators.
Presolve time = 0.51 sec. (3027.65 ticks)
Probing fixed 0 vars, tightened 101 bounds.
Probing changed sense of 66 constraints.
Probing time = 3.12 sec. (2169.84 ticks)
Tried aggregator 2 times.
MIP Presolve eliminated 396 rows and 462 columns.
MIP Presolve modified 8 coefficients.
Aggregator did 41530 substitutions.
Reduced MIP has 21257 rows, 3137 columns, and 69486 nonzeros.
Reduced MIP has 3137 binaries, 0 generals, 0 SOSs, and 0 indicators.
Presolve time = 0.19 sec. (153.88 ticks)
Probing time = 0.00 sec. (4.19 ticks)
Tried aggregator 1 time.
Detecting symmetries...
Reduced MIP has 21257 rows, 3137 columns, and 69486 nonzeros.
Reduced MIP has 3137 binaries, 0 generals, 0 SOSs, and 0 indicators.
Presolve time = 0.04 sec. (40.22 ticks)
Probing time = 0.00 sec. (4.19 ticks)
Clique table members: 1403.
MIP emphasis: balance optimality and feasibility.
MIP search method: dynamic search.
Parallel mode: none, using 1 thread.
Root relaxation solution time = 0.06 sec. (75.96 ticks)

        Nodes                                         Cuts/
   Node  Left     Objective  IInf  Best Integer    Best Bound    ItCnt     Gap

      0     0    25456.5707   226                  25456.5707     1001         
      0     0    25845.8491   372                   Cuts: 268     2662         
      0     0    26091.6595   305                   Cuts: 165     4618         
      0     0    26270.5783   357                   Cuts: 195     6104         
      0     0    26482.8716   311                   Cuts: 119     7114         
      0     0    26526.9615   347                   Cuts: 110     8175         
      0     0    26592.9695   373                   Cuts: 125    12025         
      0     0    26653.6633   347                   Cuts: 109    13413         
      0     0    26689.0355   404                    Cuts: 74    16704         
      0     0    26730.7041   382                   Cuts: 110    19385         
      0     0    26746.3170   420                    Cuts: 94    20843         
      0     0    26778.2204   429                   Cuts: 129    23017         
      0     0    26818.8839   413                    Cuts: 87    24663         
      0     0    26842.4385   374                   Cuts: 125    26029         
      0     0    26874.8873   393                   Cuts: 158    28755         
      0     0    26889.8858   393                   Cuts: 121    29879         
      0     0    26898.1926   400                   Cuts: 165    31159         
      0     0    26899.8639   397                   Cuts: 110    31861         
      0     0    26899.8639   373                    Cuts: 31    32644         
      0     0    26899.8639   361                   Cuts: 113    33675         
      0     2    26899.8639   338                  26900.2261    33675         
Elapsed time = 27.51 sec. (30295.34 ticks, tree = 0.01 MB, solutions = 0)
      1     3    26951.8089   319                  26902.0286    35133         
      2     4    26915.1865   347                  26917.6526    36224         
      3     5    27006.1754   371                  26917.6526    37340         
      4     6    27011.5225   335                  26917.6526    38730         
      6     8    27034.2801   296                  26917.6526    40421         
      9    11    27096.2179   283                  26917.6526    41654         
     10    12    27102.5999   290                  26917.6526    42298         
     15    17    27177.7923   316                  26917.6526    43593         
     18    20    27245.4301   265                  26917.6526    44863         
     28    30    27471.4839   319                  26917.6526    50443         
Elapsed time = 31.70 sec. (34958.68 ticks, tree = 0.27 MB, solutions = 0)
     38    40    27471.4839   349                  26917.6526    54959         
     40    42    27471.4839   335                  26917.6526    55759         
     46    48    27819.0292   344                  26917.6526    60206         
     50    52    27472.6032   333                  26917.6526    61136         
     66    68    28041.8939   264                  26917.6526    64619         
     98   100    28426.3242   202                  26917.6526    68389         
    163   165    30061.1655    67                  26917.6526    72281         
*   220+  212                        38401.0000    26917.6526            29.90%
*   250   232      integral     0    38228.0000    26917.6526    74848   29.59%
    251   232    26939.8661   296    38228.0000    26926.2535    75159   29.56%
    257   238    27278.5177   315    38228.0000    26926.2535    79686   29.56%
    269   250    27512.9471   317    38228.0000    26926.2535    83302   29.56%
Elapsed time = 41.71 sec. (46542.29 ticks, tree = 32.63 MB, solutions = 2)
    291   272    27461.7919   265    38228.0000    26926.2535    87875   29.56%
    310   291    28339.9032   217    38228.0000    26926.2535    92130   29.56%
    338   319    28463.1420   170    38228.0000    26926.2535    96738   29.56%
    392   373    29443.4518   180    38228.0000    26926.2535   100856   29.56%
    417   383    27170.7632   337    38228.0000    26965.6638   105476   29.46%
    420   386    27446.4268   341    38228.0000    26965.6638   109438   29.46%
    425   391    27960.7732   283    38228.0000    26965.6638   114535   29.46%

Performing restart 1

Repeating presolve.
Tried aggregator 1 time.
MIP Presolve modified 3320 coefficients.
Reduced MIP has 21257 rows, 3137 columns, and 68226 nonzeros.
Reduced MIP has 3137 binaries, 0 generals, 0 SOSs, and 0 indicators.
Presolve time = 0.06 sec. (60.01 ticks)
Tried aggregator 1 time.
MIP Presolve modified 332 coefficients.
Reduced MIP has 21257 rows, 3137 columns, and 68226 nonzeros.
Reduced MIP has 3137 binaries, 0 generals, 0 SOSs, and 0 indicators.
Presolve time = 0.06 sec. (59.56 ticks)
Represolve time = 0.24 sec. (214.26 ticks)
    468     0    26600.1944   285    38228.0000     Cuts: 199   123719   29.46%
    468     0    26899.7600   303    38228.0000     Cuts: 134   126040   29.46%
    468     0    26912.2492   336    38228.0000     Cuts: 126   132086   29.46%
    468     0    26912.8790   377    38228.0000     Cuts: 120   133854   29.46%
    468     0    26914.1824   396    38228.0000      Cuts: 57   135599   29.46%
    468     0    26916.7838   392    38228.0000      Cuts: 41   136759   29.46%
    468     0    26916.7838   372    38228.0000      Cuts: 40   137695   29.46%
    468     0    26916.7838   414    38228.0000     Cuts: 147   139173   29.46%
    468     2    26916.7838   366    38228.0000    26965.6638   139173   29.46%
    469     3    26933.1850   275    38228.0000    26965.6638   139602   29.46%
    470     4    26961.3151   346    38228.0000    26965.6638   142663   29.46%
Elapsed time = 74.75 sec. (82398.96 ticks, tree = 0.01 MB, solutions = 2)
    471     5    26948.3090   295    38228.0000    26965.6638   143233   29.46%
    472     6    26957.2755   289    38228.0000    26965.6638   143355   29.46%
    473     7    27057.4738   281    38228.0000    26965.6638   143706   29.46%
    475     9    27172.4092   284    38228.0000    26965.6638   144579   29.46%
    478    12    27179.1978   269    38228.0000    26965.6638   145578   29.46%
    480    14    27193.1024   265    38228.0000    26965.6638   145991   29.46%
    483    17    27208.0955   275    38228.0000    26965.6638   150948   29.46%
    484    18    27211.4095   306    38228.0000    26965.6638   151531   29.46%
    486    20    27214.7225   280    38228.0000    26965.6638   152503   29.46%
    488    22    27245.3742   262    38228.0000    26965.6638   155317   29.46%
Elapsed time = 94.32 sec. (103522.43 ticks, tree = 2.04 MB, solutions = 2)
    489    23    27287.5988   265    38228.0000    26965.6638   155814   29.46%
    491    25    27289.8900   257    38228.0000    26965.6638   157001   29.46%
    493    27    27676.3508   274    38228.0000    26965.6638   158169   29.46%
    499    33    29391.6322   288    38228.0000    26965.6638   160306   29.46%
    505    39    28661.0242   155    38228.0000    26965.6638   162402   29.46%
    508    42    28663.6135   201    38228.0000    26965.6638   162768   29.46%
    515    49    28686.1805   215    38228.0000    26965.6638   163637   29.46%
    523    57    28691.2679   188    38228.0000    26965.6638   165574   29.46%
    533    67    28697.7067   195    38228.0000    26965.6638   166235   29.46%
    544    78    28725.3348   187    38228.0000    26965.6638   166972   29.46%
Elapsed time = 108.97 sec. (120120.94 ticks, tree = 2.25 MB, solutions = 2)
    545    79    30158.5145   205    38228.0000    26965.6638   167909   29.46%
    555    89    28772.9731   214    38228.0000    26965.6638   169680   29.46%
    560    93    32249.4019   248    38228.0000    26965.6638   170598   29.46%
    562    93    27064.0734   255    38228.0000    26965.6638   173896   29.46%
    564    95    27137.5534   279    38228.0000    26965.6638   176792   29.46%
    570   101    27245.1268   276    38228.0000    26965.6638   178130   29.46%
    578   109    27330.5022   250    38228.0000    26965.6638   179264   29.46%
    586   117    28397.0051   280    38228.0000    26965.6638   183222   29.46%
    593   124    27598.0325   221    38228.0000    26965.6638   184544   29.46%
    595   126    27716.4661   205    38228.0000    26965.6638   186824   29.46%
Elapsed time = 125.87 sec. (139497.06 ticks, tree = 2.43 MB, solutions = 2)
    601   132    27989.5630   204    38228.0000    26965.6638   187203   29.46%
    610   141    28238.4765   239    38228.0000    26965.6638   188864   29.46%
    612   143    28435.6545   351    38228.0000    26965.6638   192490   29.46%
    614   145    28449.4136   320    38228.0000    26965.6638   193429   29.46%
    619   150    31337.9231   225    38228.0000    26965.6638   197378   29.46%
    621   152    30812.4602   252    38228.0000    26965.6638   198189   29.46%
    625   156    30841.3674   249    38228.0000    26965.6638   200817   29.46%
    629   160    31079.2359   277    38228.0000    26965.6638   203360   29.46%
    636   165    32495.4572   302    38228.0000    26965.6638   206286   29.46%
    645   170    32804.0968   228    38228.0000    26965.6638   208246   29.46%
Elapsed time = 138.91 sec. (154236.04 ticks, tree = 2.61 MB, solutions = 2)
    649   173    32608.7222   222    38228.0000    26965.6638   209148   29.46%
    655   176    32826.2500   191    38228.0000    26965.6638   210459   29.46%
    671   178    26992.4729   325    38228.0000    26965.6638   217538   29.46%
    672   179    27061.6222   259    38228.0000    26965.6638   220405   29.46%
    677   184    27222.7421   263    38228.0000    26965.6638   222264   29.46%
    682   189    28523.8853   207    38228.0000    26965.6638   230182   29.46%
    683   190    29192.9273   266    38228.0000    26965.6638   234074   29.46%
    691   198    29303.4355   278    38228.0000    26965.6638   236986   29.46%
    699   206    29894.0951   284    38228.0000    26965.6638   239395   29.46%
    708   215    30010.0051   302    38228.0000    26965.6638   240835   29.46%
Elapsed time = 159.12 sec. (177041.87 ticks, tree = 2.78 MB, solutions = 2)
    719   226    30106.8641   314    38228.0000    26965.6638   242815   29.46%
    725   232    31052.1724   278    38228.0000    26965.6638   244696   29.46%
    733   240    34330.2617   272    38228.0000    26965.6638   246519   29.46%
    748   255    36203.3536   192    38228.0000    26965.6638   248575   29.46%
    765   268    27026.3968   276    38228.0000    26968.2574   249353   29.45%
    768   271    27080.0544   338    38228.0000    26968.2574   250048   29.45%
    775   278    28706.8683   276    38228.0000    26968.2574   253260   29.45%
    783   286    29700.1420   207    38228.0000    26968.2574   256151   29.45%
    788   291    30467.3327   291    38228.0000    26968.2574   258341   29.45%
    801   304    30905.7939   219    38228.0000    26968.2574   260331   29.45%
Elapsed time = 169.26 sec. (189571.16 ticks, tree = 2.96 MB, solutions = 2)
    817   320    31619.4901   268    38228.0000    26968.2574   262637   29.45%
    834   335    33437.8047   214    38228.0000    26968.2574   264890   29.45%
    840   335    infeasible          38228.0000    26968.2574   267309   29.45%
    841   336    26981.4353   323    38228.0000    26981.4397   267996   29.42%
    848   343    28415.1875   215    38228.0000    26981.4397   270457   29.42%
    862   357    29895.6834   218    38228.0000    26981.4397   276997   29.42%
    863   358    29897.4370   246    38228.0000    26981.4397   279228   29.42%
    872   367    29950.1010   188    38228.0000    26981.4397   282204   29.42%
    896   391    29951.3578   212    38228.0000    26981.4397   283691   29.42%
    973   465    27074.8394   280    38228.0000    26987.6276   287951   29.40%
Elapsed time = 184.32 sec. (207772.15 ticks, tree = 3.58 MB, solutions = 2)
    982   474    27350.0000   174    38228.0000    26987.6276   301262   29.40%
    986   478    27350.0000   174    38228.0000    26987.6276   314480   29.40%
    988   480    27350.0000   193    38228.0000    26987.6276   322817   29.40%
    990   482    27350.0000   118    38228.0000    26987.6276   331622   29.40%
    994   486    27350.0000   128    38228.0000    26987.6276   341298   29.40%
    997   489    27350.0000   135    38228.0000    26987.6276   351996   29.40%
   1002   494    27350.0000   160    38228.0000    26987.6276   361639   29.40%
   1010   502    27444.0179   205    38228.0000    26987.6276   373702   29.40%
   1014   506    27351.7934   242    38228.0000    26987.6276   382261   29.40%
   1038   530    27358.3772   278    38228.0000    26987.6276   391167   29.40%
Elapsed time = 230.58 sec. (257464.17 ticks, tree = 4.01 MB, solutions = 2)
   1094   586    27360.1606   251    38228.0000    26987.6276   394417   29.40%
   1148   640    27364.4043   131    38228.0000    26987.6276   398466   29.40%
   1162   651    30573.2880   198    38228.0000    26987.6276   409417   29.40%
   1168   657    31013.8357   227    38228.0000    26987.6276   418424   29.40%
   1176   658    31121.0000   264    38228.0000    26987.6276   427810   29.40%
   1182   659    28977.6123   336    38228.0000    26993.8696   437169   29.39%
   1185   662    29100.4723   234    38228.0000    26993.8696   448674   29.39%
   1188   665    29112.7903   240    38228.0000    26993.8696   457694   29.39%
   1205   682    29173.1690   200    38228.0000    26993.8696   469698   29.39%
   1261   738    30292.3750   196    38228.0000    26993.8696   486191   29.39%
Elapsed time = 271.74 sec. (300397.82 ticks, tree = 4.65 MB, solutions = 2)
   1279   750    27283.1845   335    38228.0000    27007.7548   499982   29.35%
   1284   755    27679.6209   236    38228.0000    27007.7548   516663   29.35%
   1294   765    27919.5682   216    38228.0000    27007.7548   531514   29.35%
   1297   768    29884.1482   245    38228.0000    27007.7548   541984   29.35%
   1306   777    30893.5252   316    38228.0000    27007.7548   554128   29.35%
   1308   779    30912.1600   270    38228.0000    27007.7548   558061   29.35%
   1324   793        cutoff          38228.0000    27007.7548   570046   29.35%
   1372   839    32931.0000   142    38228.0000    27007.7548   584636   29.35%
   1437   893    29018.2072   238    38228.0000    27027.6368   604065   29.30%
   1443   899    29294.3310   260    38228.0000    27027.6368   618181   29.30%
Elapsed time = 322.86 sec. (354942.34 ticks, tree = 5.37 MB, solutions = 2)
   1499   953    30814.0000   140    38228.0000    27027.6368   637678   29.30%
   1585  1034    32673.3333   135    38228.0000    27027.6368   651387   29.30%
   1621  1064    27286.2105   266    38228.0000    27054.7225   654291   29.23%
   1633  1076    30432.0694   232    38228.0000    27054.7225   672006   29.23%
   1672  1115    31058.8050   190    38228.0000    27054.7225   687762   29.23%
   1731  1164    29594.0180   230    38228.0000    27056.7595   702339   29.22%
   1780  1209    infeasible          38228.0000    27056.7595   723392   29.22%
   1857  1278    27182.0588   287    38228.0000    27064.4383   738525   29.20%
   1860  1281    27289.0084   271    38228.0000    27064.4383   751980   29.20%
   1873  1294    28620.1770   277    38228.0000    27064.4383   770615   29.20%
Elapsed time = 357.03 sec. (397866.55 ticks, tree = 6.94 MB, solutions = 2)
   1900  1321    30433.1236   239    38228.0000    27064.4383   790268   29.20%
   1912  1333    32008.0000   161    38228.0000    27064.4383   808530   29.20%
   1935  1350    27104.0936   243    38228.0000    27083.6508   827884   29.15%
   1942  1357    27245.0905   304    38228.0000    27083.6508   840907   29.15%
   1948  1363    27461.7225   253    38228.0000    27083.6508   858518   29.15%
   2007  1412    27312.7164   266    38228.0000    27089.9119   876585   29.14%
   2031  1436    29885.9556   291    38228.0000    27089.9119   895212   29.14%
   2067  1466    31598.8153   188    38228.0000    27089.9119   915333   29.14%
   2100  1494    28894.4352   220    38228.0000    27100.8265   931728   29.11%
   2101  1495    29085.0180   239    38228.0000    27100.8265   941384   29.11%
Elapsed time = 407.10 sec. (453368.02 ticks, tree = 7.55 MB, solutions = 2)
   2111  1505    30010.6532   305    38228.0000    27100.8265   961012   29.11%
   2114  1508    30076.0000   159    38228.0000    27100.8265   980819   29.11%
   2115  1509    30076.0000   164    38228.0000    27100.8265   996059   29.11%
   2116  1510    30076.0000   153    38228.0000    27100.8265  1008343   29.11%
   2118  1512    30076.0033   264    38228.0000    27100.8265  1023550   29.11%
   2174  1558    28817.7177   250    38228.0000    27101.0824  1033355   29.11%
   2232  1616    34155.7952   223    38228.0000    27101.0824  1040731   29.11%
   2256  1636    33772.3682   238    38228.0000    27101.0824  1048224   29.11%
   2283  1655    29024.9575   289    38228.0000    27103.2467  1057709   29.10%
   2308  1680    30790.7865   269    38228.0000    27103.2467  1065221   29.10%
Elapsed time = 455.33 sec. (505749.73 ticks, tree = 13.24 MB, solutions = 2)
   2347  1711    27641.7279   253    38228.0000    27105.4712  1072779   29.10%
   2412  1765    27207.7538   271    38228.0000    27107.2749  1084472   29.09%
   2429  1782    29822.7757   195    38228.0000    27107.2749  1100293   29.09%
   2468  1821    33028.0000   166    38228.0000    27107.2749  1106737   29.09%
   2549  1894    29381.6187   262    38228.0000    27107.3998  1118364   29.09%
   2629  1974    34711.0000   171    38228.0000    27107.3998  1129235   29.09%
   2702  2041    30908.4276   175    38228.0000    27107.5997  1139120   29.09%
   2783  2116    34527.6875   114    38228.0000    27107.5997  1153031   29.09%
   2851  2169    28543.0180   233    38228.0000    27107.5997  1164890   29.09%
   2854  2172    29110.0817   314    38228.0000    27107.5997  1175979   29.09%
Elapsed time = 500.58 sec. (557589.90 ticks, tree = 22.00 MB, solutions = 2)
   2868  2186    29680.5501   166    38228.0000    27107.5997  1180958   29.09%
   2922  2238    33916.0000   200    38228.0000    27107.5997  1193612   29.09%
   3015  2327    34014.0000    83    38228.0000    27107.5997  1201289   29.09%
   3046  2349    30210.3305   309    38228.0000    27107.7117  1215342   29.09%
   3066  2369    31589.3125   189    38228.0000    27107.7117  1224509   29.09%
   3153  2450    29084.5105   216    38228.0000    27107.7442  1236155   29.09%
   3243  2530    infeasible          38228.0000    27107.7442  1247801   29.09%
   3284  2567    27519.2526   286    38228.0000    27108.0840  1263025   29.09%
   3304  2587    29771.6933   221    38228.0000    27108.0840  1271607   29.09%
   3412  2691    27108.6071   283    38228.0000    27108.6081  1284543   29.09%
Elapsed time = 563.45 sec. (626807.68 ticks, tree = 28.35 MB, solutions = 2)
   3467  2744    28368.9304   173    38228.0000    27110.4705  1294511   29.08%
   3513  2779    29318.5912   334    38228.0000    27110.9579  1309894   29.08%
   3536  2802    30717.0196   179    38228.0000    27110.9579  1321984   29.08%
   3598  2858    32421.0000   147    38228.0000    27110.9579  1337618   29.08%
   3631  2885    27360.1476   156    38228.0000    27111.4336  1345556   29.08%
   3696  2937    28324.7736   331    38228.0000    27113.1240  1358590   29.08%
   3804  3035    34666.0000   146    38228.0000    27113.1240  1371790   29.08%
   3854  3081    27533.7088   235    38228.0000    27113.4954  1379346   29.07%
   3889  3112    29026.4674   238    38228.0000    27116.0919  1395827   29.07%
   3964  3176    27523.4462   231    38228.0000    27116.3036  1406921   29.07%
Elapsed time = 606.12 sec. (676661.52 ticks, tree = 30.70 MB, solutions = 2)
   4039  3236    27873.0364   298    38228.0000    27116.3061  1423488   29.07%
   4041  3238    28538.8952   277    38228.0000    27116.3061  1435080   29.07%
   4107  3296    32857.2353   128    38228.0000    27116.3061  1446640   29.07%
   4134  3317    29322.2986   309    38228.0000    27119.5430  1461881   29.06%
   4218  3397    36595.0000   182    38228.0000    27119.5430  1474760   29.06%
   4288  3461    30183.6370   331    38228.0000    27120.1306  1490081   29.06%
   4345  3506    28467.8988   369    38228.0000    27122.5757  1506928   29.05%
   4347  3508    29784.5522   317    38228.0000    27122.5757  1518650   29.05%
   4390  3551    29294.0821   276    38228.0000    27122.5757  1526676   29.05%
   4440  3595    31890.4474   213    38228.0000    27122.5757  1538522   29.05%
Elapsed time = 648.62 sec. (724257.66 ticks, tree = 35.06 MB, solutions = 2)
   4491  3630    infeasible          38228.0000    27123.1085  1546924   29.05%
   4508  3647    30624.3182   195    38228.0000    27123.5699  1557244   29.05%
   4529  3658    29716.7805   304    38228.0000    27123.8466  1569711   29.05%
   4533  3662    29770.4196   185    38228.0000    27123.8466  1580493   29.05%
   4582  3699    27884.3173   292    38228.0000    27127.2222  1598111   29.04%
   4584  3701    28024.4036   269    38228.0000    27127.2222  1611185   29.04%
   4588  3705    28566.6311   236    38228.0000    27127.2222  1619949   29.04%
   4598  3715    29290.7886   232    38228.0000    27127.2222  1629749   29.04%
   4670  3783    30202.6000   160    38228.0000    27127.2222  1641713   29.04%
   4737  3840    29635.7507   266    38228.0000    27127.2222  1655854   29.04%
Elapsed time = 690.19 sec. (769153.57 ticks, tree = 38.46 MB, solutions = 2)
   4794  3893    33707.6705   243    38228.0000    27127.2222  1668408   29.04%
   4832  3919    28200.9159   286    38228.0000    27128.0533  1680290   29.04%
   4884  3959    30379.2859   322    38228.0000    27129.4196  1689863   29.03%
   4913  3982    27311.6020   221    38228.0000    27131.2199  1705832   29.03%
   4972  4033    27152.1578   299    38228.0000    27133.2801  1719588   29.02%
   4991  4052    27678.1132   310    38228.0000    27133.2801  1730646   29.02%
   5033  4090    30204.6700   208    38228.0000    27133.2801  1749335   29.02%
   5056  4110    30293.5294   215    38228.0000    27133.2801  1760288   29.02%
   5069  4115    27630.9069   219    38228.0000    27134.0868  1770836   29.02%
   5071  4117    27717.0028   186    38228.0000    27134.0868  1781951   29.02%
Elapsed time = 741.11 sec. (824962.91 ticks, tree = 42.88 MB, solutions = 2)
   5117  4157    27433.1766   290    38228.0000    27137.3632  1791514   29.01%
   5169  4199    28565.8175   270    38228.0000    27139.4782  1813616   29.01%
   5177  4207    29444.5887   228    38228.0000    27139.4782  1828380   29.01%
   5215  4237    32261.1905   146    38228.0000    27139.4782  1839022   29.01%
   5222  4240    27275.9341   305    38228.0000    27141.1882  1847362   29.00%
   5241  4259    28614.3625   188    38228.0000    27141.1882  1858246   29.00%
   5268  4276    28221.3972   218    38228.0000    27144.7240  1868051   28.99%
   5371  4371    33847.0000   129    38228.0000    27144.7240  1883052   28.99%
   5389  4385    27628.9479   335    38228.0000    27152.2885  1899237   28.97%
   5402  4398    28671.2510   281    38228.0000    27152.2885  1907952   28.97%
Elapsed time = 799.80 sec. (888988.30 ticks, tree = 45.01 MB, solutions = 2)
   5417  4409    28445.0180   275    38228.0000    27152.2885  1918904   28.97%
   5418  4410    29328.2107   300    38228.0000    27152.2885  1926849   28.97%
   5420  4412    29353.1307   252    38228.0000    27152.2885  1936772   28.97%
   5422  4414    29372.9911   247    38228.0000    27152.2885  1946185   28.97%
   5425  4417    29560.6875   266    38228.0000    27152.2885  1956936   28.97%
Starting limited solution polishing.
   5491  4477    28541.0994   297    38228.0000    27154.8679  1970861   28.97%
   5504  4490    30121.8716   221    38228.0000    27154.8679  1981548   28.97%
   5578  4548    27179.3512   300    38228.0000    27154.8846  1994977   28.97%
   5580  4550    27227.2075   255    38228.0000    27154.8846  2005879   28.97%
   5593  4563    27576.6631   270    38228.0000    27154.8846  2018955   28.97%
Elapsed time = 844.21 sec. (937181.29 ticks, tree = 45.74 MB, solutions = 2)
   5647  4615    30207.8857   204    38228.0000    27154.8846  2034636   28.97%
   5702  4662        cutoff          38228.0000    27154.8846  2051316   28.97%
   5712  4668    29648.2318   289    38228.0000    27155.8482  2063917   28.96%
   5781  4715    27200.4052   216    38228.0000    27155.9022  2076399   28.96%
   5796  4730    29045.1461   363    38228.0000    27155.9022  2089355   28.96%
   5810  4744    31361.0000   178    38228.0000    27155.9022  2099159   28.96%
   5829  4759    27297.9749   289    38228.0000    27163.8355  2119996   28.94%
   5838  4768    27519.6861   239    38228.0000    27163.8355  2128407   28.94%
   5855  4785    29636.6724   246    38228.0000    27163.8355  2144755   28.94%

Clique cuts applied:  32
Cover cuts applied:  104
Flow cuts applied:  9
Mixed integer rounding cuts applied:  76
Zero-half cuts applied:  67
Lift and project cuts applied:  3
Gomory fractional cuts applied:  6

Root node processing (before b&c):
  Real time             =   27.50 sec. (30278.45 ticks)
Sequential b&c:
  Real time             =  872.51 sec. (968589.48 ticks)
                          ------------
Total (root+branch&cut) =  900.01 sec. (998867.93 ticks)
MIP: [1;32mCPLEX finished.[0m
MIP: [1;32mCPLEX status: Feasible[0m
CAN: [1;35mItem: 0, Level: 0, at bin: 0[0m
CAN: [1;35mItem: 0, Level: 1, at bin: 15[0m
CAN: [1;35mItem: 0, Level: 2, at bin: 8[0m
CAN: [1;35mItem: 0, Level: 3, at bin: 6[0m
CAN: [1;35mItem: 0, Level: 4, at bin: 9[0m
CAN: [1;35mItem: 1, Level: 0, at bin: 16[0m
CAN: [1;35mItem: 1, Level: 1, at bin: 1[0m
CAN: [1;35mItem: 1, Level: 2, at bin: 4[0m
CAN: [1;35mItem: 1, Level: 3, at bin: 13[0m
CAN: [1;35mItem: 1, Level: 4, at bin: 9[0m
CAN: [1;35mItem: 2, Level: 0, at bin: 10[0m
CAN: [1;35mItem: 2, Level: 1, at bin: 10[0m
CAN: [1;35mItem: 2, Level: 2, at bin: 4[0m
CAN: [1;35mItem: 2, Level: 3, at bin: 13[0m
CAN: [1;35mItem: 2, Level: 4, at bin: 9[0m
CAN: [1;35mItem: 3, Level: 0, at bin: 17[0m
CAN: [1;35mItem: 3, Level: 1, at bin: 12[0m
CAN: [1;35mItem: 3, Level: 2, at bin: 9[0m
CAN: [1;35mItem: 3, Level: 3, at bin: 1[0m
CAN: [1;35mItem: 3, Level: 4, at bin: 3[0m
CAN: [1;35mItem: 4, Level: 0, at bin: 19[0m
CAN: [1;35mItem: 4, Level: 1, at bin: 14[0m
CAN: [1;35mItem: 4, Level: 2, at bin: 11[0m
CAN: [1;35mItem: 4, Level: 3, at bin: 7[0m
CAN: [1;35mItem: 4, Level: 4, at bin: 9[0m
CAN: [1;35mItem: 5, Level: 0, at bin: 2[0m
CAN: [1;35mItem: 5, Level: 1, at bin: 9[0m
CAN: [1;35mItem: 5, Level: 2, at bin: 0[0m
CAN: [1;35mItem: 5, Level: 3, at bin: 2[0m
CAN: [1;35mItem: 5, Level: 4, at bin: 13[0m
CAN: [1;35mItem: 6, Level: 0, at bin: 19[0m
CAN: [1;35mItem: 6, Level: 1, at bin: 14[0m
CAN: [1;35mItem: 6, Level: 2, at bin: 11[0m
CAN: [1;35mItem: 6, Level: 3, at bin: 7[0m
CAN: [1;35mItem: 6, Level: 4, at bin: 9[0m
CAN: [1;35mItem: 7, Level: 0, at bin: 18[0m
CAN: [1;35mItem: 7, Level: 1, at bin: 15[0m
CAN: [1;35mItem: 7, Level: 2, at bin: 8[0m
CAN: [1;35mItem: 7, Level: 3, at bin: 6[0m
CAN: [1;35mItem: 7, Level: 4, at bin: 9[0m
CAN: [1;35mItem: 8, Level: 0, at bin: 9[0m
CAN: [1;35mItem: 8, Level: 1, at bin: 3[0m
CAN: [1;35mItem: 8, Level: 2, at bin: 11[0m
CAN: [1;35mItem: 8, Level: 3, at bin: 7[0m
CAN: [1;35mItem: 8, Level: 4, at bin: 9[0m
CAN: [1;35mItem: 9, Level: 0, at bin: 12[0m
CAN: [1;35mItem: 9, Level: 1, at bin: 14[0m
CAN: [1;35mItem: 9, Level: 2, at bin: 11[0m
CAN: [1;35mItem: 9, Level: 3, at bin: 7[0m
CAN: [1;35mItem: 9, Level: 4, at bin: 9[0m
CAN: [1;35mItem: 10, Level: 0, at bin: 14[0m
CAN: [1;35mItem: 10, Level: 1, at bin: 7[0m
CAN: [1;35mItem: 10, Level: 2, at bin: 10[0m
CAN: [1;35mItem: 10, Level: 3, at bin: 3[0m
CAN: [1;35mItem: 10, Level: 4, at bin: 7[0m
CAN: [1;35mItem: 11, Level: 0, at bin: 0[0m
CAN: [1;35mItem: 11, Level: 1, at bin: 15[0m
CAN: [1;35mItem: 11, Level: 2, at bin: 8[0m
CAN: [1;35mItem: 11, Level: 3, at bin: 6[0m
CAN: [1;35mItem: 11, Level: 4, at bin: 9[0m
CAN: [1;35mItem: 12, Level: 0, at bin: 14[0m
CAN: [1;35mItem: 12, Level: 1, at bin: 7[0m
CAN: [1;35mItem: 12, Level: 2, at bin: 10[0m
CAN: [1;35mItem: 12, Level: 3, at bin: 3[0m
CAN: [1;35mItem: 12, Level: 4, at bin: 7[0m
CAN: [1;35mItem: 13, Level: 0, at bin: 12[0m
CAN: [1;35mItem: 13, Level: 1, at bin: 14[0m
CAN: [1;35mItem: 13, Level: 2, at bin: 11[0m
CAN: [1;35mItem: 13, Level: 3, at bin: 7[0m
CAN: [1;35mItem: 13, Level: 4, at bin: 9[0m
CAN: [1;35mItem: 14, Level: 0, at bin: 3[0m
CAN: [1;35mItem: 14, Level: 1, at bin: 1[0m
CAN: [1;35mItem: 14, Level: 2, at bin: 4[0m
CAN: [1;35mItem: 14, Level: 3, at bin: 13[0m
CAN: [1;35mItem: 14, Level: 4, at bin: 9[0m
CAN: [1;35mItem: 15, Level: 0, at bin: 15[0m
CAN: [1;35mItem: 15, Level: 1, at bin: 10[0m
CAN: [1;35mItem: 15, Level: 2, at bin: 4[0m
CAN: [1;35mItem: 15, Level: 3, at bin: 13[0m
CAN: [1;35mItem: 15, Level: 4, at bin: 9[0m
CAN: [1;35mItem: 16, Level: 0, at bin: 11[0m
CAN: [1;35mItem: 16, Level: 1, at bin: 9[0m
CAN: [1;35mItem: 16, Level: 2, at bin: 0[0m
CAN: [1;35mItem: 16, Level: 3, at bin: 2[0m
CAN: [1;35mItem: 16, Level: 4, at bin: 13[0m
CAN: [1;35mItem: 17, Level: 0, at bin: 8[0m
CAN: [1;35mItem: 17, Level: 1, at bin: 14[0m
CAN: [1;35mItem: 17, Level: 2, at bin: 11[0m
CAN: [1;35mItem: 17, Level: 3, at bin: 7[0m
CAN: [1;35mItem: 17, Level: 4, at bin: 9[0m
CAN: [1;35mItem: 18, Level: 0, at bin: 3[0m
CAN: [1;35mItem: 18, Level: 1, at bin: 1[0m
CAN: [1;35mItem: 18, Level: 2, at bin: 4[0m
CAN: [1;35mItem: 18, Level: 3, at bin: 13[0m
CAN: [1;35mItem: 18, Level: 4, at bin: 9[0m
CAN: [1;35mItem: 19, Level: 0, at bin: 9[0m
CAN: [1;35mItem: 19, Level: 1, at bin: 3[0m
CAN: [1;35mItem: 19, Level: 2, at bin: 11[0m
CAN: [1;35mItem: 19, Level: 3, at bin: 7[0m
CAN: [1;35mItem: 19, Level: 4, at bin: 9[0m
CAN: [1;35mItem: 20, Level: 0, at bin: 0[0m
CAN: [1;35mItem: 20, Level: 1, at bin: 15[0m
CAN: [1;35mItem: 20, Level: 2, at bin: 8[0m
CAN: [1;35mItem: 20, Level: 3, at bin: 6[0m
CAN: [1;35mItem: 20, Level: 4, at bin: 9[0m
CAN: [1;35mItem: 21, Level: 0, at bin: 15[0m
CAN: [1;35mItem: 21, Level: 1, at bin: 10[0m
CAN: [1;35mItem: 21, Level: 2, at bin: 4[0m
CAN: [1;35mItem: 21, Level: 3, at bin: 13[0m
CAN: [1;35mItem: 21, Level: 4, at bin: 9[0m
CAN: [1;35mItem: 22, Level: 0, at bin: 0[0m
CAN: [1;35mItem: 22, Level: 1, at bin: 15[0m
CAN: [1;35mItem: 22, Level: 2, at bin: 8[0m
CAN: [1;35mItem: 22, Level: 3, at bin: 6[0m
CAN: [1;35mItem: 22, Level: 4, at bin: 9[0m
CAN: [1;35mItem: 23, Level: 0, at bin: 16[0m
CAN: [1;35mItem: 23, Level: 1, at bin: 1[0m
CAN: [1;35mItem: 23, Level: 2, at bin: 4[0m
CAN: [1;35mItem: 23, Level: 3, at bin: 13[0m
CAN: [1;35mItem: 23, Level: 4, at bin: 9[0m
CAN: [1;35mItem: 24, Level: 0, at bin: 6[0m
CAN: [1;35mItem: 24, Level: 1, at bin: 4[0m
CAN: [1;35mItem: 24, Level: 2, at bin: 8[0m
CAN: [1;35mItem: 24, Level: 3, at bin: 6[0m
CAN: [1;35mItem: 24, Level: 4, at bin: 9[0m
CAN: [1;35mItem: 25, Level: 0, at bin: 11[0m
CAN: [1;35mItem: 25, Level: 1, at bin: 9[0m
CAN: [1;35mItem: 25, Level: 2, at bin: 0[0m
CAN: [1;35mItem: 25, Level: 3, at bin: 2[0m
CAN: [1;35mItem: 25, Level: 4, at bin: 13[0m
CAN: [1;35mItem: 26, Level: 0, at bin: 7[0m
CAN: [1;35mItem: 26, Level: 1, at bin: 15[0m
CAN: [1;35mItem: 26, Level: 2, at bin: 8[0m
CAN: [1;35mItem: 26, Level: 3, at bin: 6[0m
CAN: [1;35mItem: 26, Level: 4, at bin: 9[0m
CAN: [1;35mItem: 27, Level: 0, at bin: 16[0m
CAN: [1;35mItem: 27, Level: 1, at bin: 1[0m
CAN: [1;35mItem: 27, Level: 2, at bin: 4[0m
CAN: [1;35mItem: 27, Level: 3, at bin: 13[0m
CAN: [1;35mItem: 27, Level: 4, at bin: 9[0m
CAN: [1;35mItem: 28, Level: 0, at bin: 8[0m
CAN: [1;35mItem: 28, Level: 1, at bin: 14[0m
CAN: [1;35mItem: 28, Level: 2, at bin: 11[0m
CAN: [1;35mItem: 28, Level: 3, at bin: 7[0m
CAN: [1;35mItem: 28, Level: 4, at bin: 9[0m
CAN: [1;35mItem: 29, Level: 0, at bin: 8[0m
CAN: [1;35mItem: 29, Level: 1, at bin: 14[0m
CAN: [1;35mItem: 29, Level: 2, at bin: 11[0m
CAN: [1;35mItem: 29, Level: 3, at bin: 7[0m
CAN: [1;35mItem: 29, Level: 4, at bin: 9[0m
MIP: [1;32mSolution: 
Indexes: [0, 16, 10, 17, 19, 2, 19, 18, 9, 12, 14, 0, 14, 12, 3, 15, 11, 8, 3, 9, 0, 15, 0, 16, 6, 11, 7, 16, 8, 8][15, -1, 9, 1, -1, -1, 4, 15, 14, 3, 10, 9, 14, -1, 7, 10, 1, 12, 15, 14][-1, 4, -1, 11, 8, -1, -1, 10, -1, 0, 4, -1, 9, -1, 11, 8, -1][2, -1, -1, -1, 13, -1, -1, -1, 6, 1, 3, 7, -1, -1][-1, 3, 13, 7, -1, -1, 9, 9, -1, -1, -1, -1, -1, 9, -1], P Variables: [0, 15, 8, 6, 9][16, 1, 4, 13, 9][10, 10, 4, 13, 9][17, 12, 9, 1, 3][19, 14, 11, 7, 9][2, 9, 0, 2, 13][19, 14, 11, 7, 9][18, 15, 8, 6, 9][9, 3, 11, 7, 9][12, 14, 11, 7, 9][14, 7, 10, 3, 7][0, 15, 8, 6, 9][14, 7, 10, 3, 7][12, 14, 11, 7, 9][3, 1, 4, 13, 9][15, 10, 4, 13, 9][11, 9, 0, 2, 13][8, 14, 11, 7, 9][3, 1, 4, 13, 9][9, 3, 11, 7, 9][0, 15, 8, 6, 9][15, 10, 4, 13, 9][0, 15, 8, 6, 9][16, 1, 4, 13, 9][6, 4, 8, 6, 9][11, 9, 0, 2, 13][7, 15, 8, 6, 9][16, 1, 4, 13, 9][8, 14, 11, 7, 9][8, 14, 11, 7, 9], Flow leaving each bin: [0m
MIP: [1;32mObjective value: 38228[0m
MIP: [1;32mLower Bound: 27163.8[0m
MIP: [1;32mBranch-and-Bound nodes: 5857[0m

# best solution:
best objective value:	38228
best dual bound value:	27163
optimality gap:	28.9448%
CPU time:	897.74
