ifile	/scratch/csagturk/mlbppo_inst/n0030_m03_p050__012.inst
prob	MLBPPO
threads	1
ttime	900
instance: /scratch/csagturk/mlbppo_inst/n0030_m03_p050__012.inst
	m=3, n=[30, 22, 20, 18], #pos=15
MIP: [1;32minit CPLEX[0m
CAN: [1;35mcreated 1460 x_{ijk} variables[0m
CAN: [1;35mcreated 90 y_{ij} variables[0m
CAN: [1;35mcreated 1800 p_{ijk} variables[0m
MIP: [1;32mcreated decision variables[0m
CAN: [1;35madded 30 constraints to enforce the packing of each item[0m
CAN: [1;35madded 42 constraints to enforce the packing of each item[0m
CAN: [1;35madded 60 capacity constraints[0m
MIP: [1;32mcreated constraints[0m
MIP: [1;32mcreated objective function[0m
MIP: [1;32mcalling CPLEX solve ...[0m
Version identifier: 22.1.0.0 | 2022-03-09 | 1a383f8ce
CPXPARAM_Threads                                 1
CPXPARAM_TimeLimit                               900
Tried aggregator 2 times.
MIP Presolve eliminated 22797 rows and 16688 columns.
MIP Presolve modified 744 coefficients.
Aggregator did 50019 substitutions.
Reduced MIP has 48486 rows, 34496 columns, and 120211 nonzeros.
Reduced MIP has 18441 binaries, 0 generals, 0 SOSs, and 83 indicators.
Presolve time = 0.36 sec. (1919.16 ticks)
Probing fixed 0 vars, tightened 57 bounds.
Probing changed sense of 42 constraints.
Probing time = 2.54 sec. (2090.91 ticks)
Tried aggregator 2 times.
MIP Presolve eliminated 252 rows and 294 columns.
MIP Presolve modified 41 coefficients.
Aggregator did 31858 substitutions.
Reduced MIP has 16376 rows, 2344 columns, and 55907 nonzeros.
Reduced MIP has 2344 binaries, 0 generals, 0 SOSs, and 0 indicators.
Presolve time = 0.14 sec. (126.01 ticks)
Probing time = 0.00 sec. (4.03 ticks)
Tried aggregator 1 time.
Detecting symmetries...
Reduced MIP has 16376 rows, 2344 columns, and 55907 nonzeros.
Reduced MIP has 2344 binaries, 0 generals, 0 SOSs, and 0 indicators.
Presolve time = 0.03 sec. (31.11 ticks)
Probing time = 0.00 sec. (4.03 ticks)
Clique table members: 1700.
MIP emphasis: balance optimality and feasibility.
MIP search method: dynamic search.
Parallel mode: none, using 1 thread.
Root relaxation solution time = 0.05 sec. (60.13 ticks)

        Nodes                                         Cuts/
   Node  Left     Objective  IInf  Best Integer    Best Bound    ItCnt     Gap

      0     0    19560.7671   166                  19560.7671      751         
      0     0    19630.7374   209                   Cuts: 176     4316         
      0     0    19721.6053   232                   Cuts: 132     6089         
      0     0    19768.8296   257                   Cuts: 123     7541         
      0     0    19802.5892   257                   Cuts: 107    10352         
      0     0    19813.0270   253                   Cuts: 108    14012         
      0     0    19901.1828   258                    Cuts: 99    16775         
      0     0    19910.8030   326                   Cuts: 100    18576         
      0     0    19925.2899   284                    Cuts: 83    20998         
      0     0    19928.3366   245                   Cuts: 100    24192         
      0     0    19930.4706   294                    Cuts: 98    26108         
      0     0    19930.5539   239                   Cuts: 105    28350         
      0     0    19933.7716   292                    Cuts: 74    30209         
      0     0    19933.9876   283                    Cuts: 78    32598         
      0     0    19934.6526   287                    Cuts: 40    33750         
*     0+    0                        34727.0000    19934.6526            42.60%
      0     2    19934.6526   269    34727.0000    19934.6526    33750   42.60%
Elapsed time = 21.07 sec. (25125.14 ticks, tree = 0.01 MB, solutions = 1)
      1     3    19934.6526   257    34727.0000    19934.6526    35025   42.60%
      2     4    19935.3525   274    34727.0000    19934.6526    37034   42.60%
      4     6    19934.6526   271    34727.0000    19934.6526    38281   42.60%
      7     9    19935.0074   301    34727.0000    19934.6526    41814   42.60%
     10    12    19934.6526   234    34727.0000    19934.6526    42318   42.60%
     15    17    19934.6526   230    34727.0000    19934.6526    43743   42.60%
     18    20    19935.3525   227    34727.0000    19934.6526    44722   42.60%
     21    23    19939.6918   198    34727.0000    19934.6526    46718   42.60%
     24    26    19973.7288   239    34727.0000    19934.6526    48222   42.60%
     36    38    19943.6264   196    34727.0000    19934.6526    52244   42.60%
Elapsed time = 25.07 sec. (29920.97 ticks, tree = 1.32 MB, solutions = 1)
     44    46    19986.7602   231    34727.0000    19934.6526    57311   42.60%
     55    57    20164.1826   223    34727.0000    19934.6526    60914   42.60%
     90    92    20396.3572   129    34727.0000    19934.6526    68122   42.60%
*   110+  110                        24365.0000    19934.6526            18.18%
*   120+  120                        23355.0000    19934.6526            14.65%
    162   159    23107.6282    22    23355.0000    19934.6526    73234   14.65%
    182   171    19935.4180   251    23355.0000    19934.6526    75170   14.65%
    201   190    19989.5029   255    23355.0000    19934.6526    79587   14.65%
    220   209    19975.6902   254    23355.0000    19934.6526    83103   14.65%
    240   229    20069.9669   165    23355.0000    19934.6526    89375   14.65%
    308   297    21191.4045    87    23355.0000    19934.6526    98050   14.65%
*   320+  292                        22809.0000    19934.6526            12.60%
    380   344    19934.6526   263    22809.0000    19934.6526   101779   12.60%
Elapsed time = 32.87 sec. (40204.98 ticks, tree = 2.67 MB, solutions = 4)
    395   359    19934.6526   249    22809.0000    19934.6526   105143   12.60%
    402   366    19934.6526   240    22809.0000    19934.6526   105705   12.60%
    410   374    19992.1029   263    22809.0000    19934.6526   108405   12.60%
    430   394    20833.1561   266    22809.0000    19934.6526   112960   12.60%
    449   413    21039.8326   227    22809.0000    19934.6526   118485   12.60%
    469   433    21526.9068   240    22809.0000    19934.6526   126390   12.60%
    480   444    22097.0433   221    22809.0000    19934.6526   131970   12.60%
    500   460    19936.2283   282    22809.0000    19934.6526   135182   12.60%
    501   461    19934.6526   235    22809.0000    19934.6526   135421   12.60%

Performing restart 1

Repeating presolve.
Tried aggregator 1 time.
MIP Presolve modified 5009 coefficients.
Reduced MIP has 16376 rows, 2344 columns, and 53747 nonzeros.
Reduced MIP has 2344 binaries, 0 generals, 0 SOSs, and 0 indicators.
Presolve time = 0.04 sec. (42.97 ticks)
Tried aggregator 1 time.
MIP Presolve modified 443 coefficients.
Reduced MIP has 16376 rows, 2344 columns, and 53747 nonzeros.
Reduced MIP has 2344 binaries, 0 generals, 0 SOSs, and 0 indicators.
Presolve time = 0.05 sec. (43.06 ticks)
Represolve time = 0.20 sec. (190.39 ticks)
    502     0    19893.5497   308    22809.0000     Cuts: 130   141214   12.60%
    502     0    19929.9330   338    22809.0000      Cuts: 96   145487   12.60%
    502     0    19940.4332   276    22809.0000     Cuts: 105   151209   12.58%
    502     0    19941.2328   339    22809.0000      Cuts: 96   153028   12.57%
    502     0    19941.2397   298    22809.0000      Cuts: 80   155088   12.57%
    502     0    19941.2397   317    22809.0000     Cuts: 112   158921   12.57%
    502     0    19941.8257   273    22809.0000      Cuts: 32   160351   12.57%
    502     0    19941.9294   309    22809.0000      Cuts: 92   161565   12.57%
    502     0    19945.5525   295    22809.0000      Cuts: 79   162885   12.55%
    502     0    19947.3573   316    22809.0000      Cuts: 73   163544   12.55%
    502     0    19950.3522   288    22809.0000      Cuts: 64   164001   12.53%
    502     0    19951.3104   289    22809.0000      Cuts: 63   164226   12.53%
    502     0    19954.4464   290    22809.0000      Cuts: 51   165775   12.52%
    502     0    19955.2084   316    22809.0000      Cuts: 73   167104   12.51%
    502     0    19956.1409   269    22809.0000      Cuts: 38   168368   12.51%
    502     0    19959.7175   340    22809.0000      Cuts: 72   169087   12.49%
    502     0    19962.8798   319    22809.0000      Cuts: 61   170485   12.48%
    502     0    19964.6539   309    22809.0000      Cuts: 64   171251   12.47%
    502     0    19966.8867   337    22809.0000      Cuts: 61   172583   12.46%
    502     0    19969.9448   305    22809.0000      Cuts: 75   173685   12.45%
    502     0    19971.5920   322    22809.0000      Cuts: 74   175480   12.44%
    502     0    19971.8883   299    22809.0000      Cuts: 42   176397   12.44%
    502     0    19971.8883   314    22809.0000      Cuts: 62   177181   12.44%
    502     2    19971.8883   276    22809.0000    19972.4942   177181   12.44%
Elapsed time = 76.35 sec. (90789.63 ticks, tree = 0.01 MB, solutions = 4)
    504     4    20008.3229   269    22809.0000    19974.5620   180240   12.43%
    508     8    19976.2776   265    22809.0000    19976.3442   180867   12.42%
    511    11    19979.4532   270    22809.0000    19979.5503   182408   12.40%
    514    14    19991.3010   258    22809.0000    19979.7541   184549   12.40%
    516    16    20143.1996   229    22809.0000    19979.7541   187641   12.40%
    519    19    20004.9775   292    22809.0000    19979.7541   190577   12.40%
    522    22    20009.1132   262    22809.0000    19979.7541   192464   12.40%
    526    26    20013.2632   250    22809.0000    19979.7541   194133   12.40%
    530    30    20039.9585   249    22809.0000    19979.7541   197129   12.40%
    532    32    20041.3748   246    22809.0000    19979.7541   198375   12.40%
Elapsed time = 86.98 sec. (104779.56 ticks, tree = 0.60 MB, solutions = 4)
    538    38    20048.6790   211    22809.0000    19979.7541   200448   12.40%
    544    44    20231.6736   212    22809.0000    19979.7541   202873   12.40%
    548    48    20256.5580   225    22809.0000    19979.7541   204672   12.40%
    552    52    20423.5369   238    22809.0000    19979.7541   207518   12.40%
    560    60    20517.9627   207    22809.0000    19979.7541   210373   12.40%
    566    66    20426.8186   218    22809.0000    19979.7541   213598   12.40%
    572    72    20336.9282   222    22809.0000    19979.7541   215461   12.40%
    588    88    20375.7212   208    22809.0000    19979.7541   219526   12.40%
    599    99    20423.0537   208    22809.0000    19979.7541   223986   12.40%
    607   107    20562.8889   205    22809.0000    19979.7541   227805   12.40%
Elapsed time = 95.07 sec. (115302.63 ticks, tree = 1.84 MB, solutions = 4)
    621   121    20731.8599   175    22809.0000    19979.7541   231686   12.40%
    637   137    20800.0604   256    22809.0000    19979.7541   234843   12.40%
    640   140    21201.4100   217    22809.0000    19979.7541   238196   12.40%
    645   145    21365.5604   214    22809.0000    19979.7541   241158   12.40%
    661   159    21881.0000   182    22809.0000    19979.7541   244063   12.40%
    666   163    22635.0000   137    22809.0000    19979.7541   246266   12.40%
    670   165    22807.2000   183    22809.0000    19979.7541   250107   12.40%
    673   164        cutoff          22809.0000    19979.7541   254448   12.40%
    674   165    20081.9316   271    22809.0000    19979.8542   257738   12.40%
    679   170    20108.5708   274    22809.0000    19979.8542   262023   12.40%
Elapsed time = 107.57 sec. (129796.50 ticks, tree = 4.94 MB, solutions = 4)
    680   171    20329.7333   225    22809.0000    19979.8542   266337   12.40%
    682   173    20332.3698   247    22809.0000    19979.8542   267639   12.40%
    684   175    20355.9909   263    22809.0000    19979.8542   272364   12.40%
    686   177    20832.5143   230    22809.0000    19979.8542   276259   12.40%
    690   181    20379.7011   282    22809.0000    19979.8542   279928   12.40%
    693   184    20428.4216   195    22809.0000    19979.8542   283870   12.40%
    698   189    20413.1043   254    22809.0000    19979.8542   288305   12.40%
    703   194    20660.2559   238    22809.0000    19979.8542   292572   12.40%
    711   202    20525.0283   282    22809.0000    19979.8542   298934   12.40%
    716   207    20536.2890   243    22809.0000    19979.8542   303361   12.40%
Elapsed time = 118.19 sec. (142826.90 ticks, tree = 5.05 MB, solutions = 4)
    722   213    20607.7577   226    22809.0000    19979.8542   307451   12.40%
    726   217    20565.4602   257    22809.0000    19979.8542   310552   12.40%
    733   224    20572.9693   231    22809.0000    19979.8542   315529   12.40%
    736   227    20622.3705   264    22809.0000    19979.8542   320141   12.40%
    755   244    21876.5493   230    22809.0000    19979.8542   322753   12.40%
    794   283    21326.5268   205    22809.0000    19979.8542   325405   12.40%
    806   285    19989.2386   243    22809.0000    19980.2194   330020   12.40%
    811   290    20020.5435   334    22809.0000    19980.2194   333830   12.40%
    816   295    20046.1158   334    22809.0000    19980.2194   336344   12.40%
    822   301    20150.4499   261    22809.0000    19980.2194   339165   12.40%
Elapsed time = 128.09 sec. (154470.97 ticks, tree = 13.59 MB, solutions = 4)
    833   312    20222.3949   277    22809.0000    19980.2194   343589   12.40%
    848   327    20266.1546   288    22809.0000    19980.2194   347685   12.40%
    861   338    21162.1557   246    22809.0000    19980.2194   351326   12.40%
    872   349    21254.0111   245    22809.0000    19980.2194   354782   12.40%
    894   371    21707.4326   197    22809.0000    19980.2194   358420   12.40%
    904   381    20017.2649   240    22809.0000    19988.6814   361644   12.36%
    908   385    20092.0217   298    22809.0000    19988.6814   365105   12.36%
    913   390    20140.5417   268    22809.0000    19988.6814   367993   12.36%
    920   397    20624.2240   210    22809.0000    19988.6814   372547   12.36%
    931   408    20786.2396   230    22809.0000    19988.6814   375357   12.36%
Elapsed time = 139.50 sec. (167287.92 ticks, tree = 13.78 MB, solutions = 4)
    942   419    20824.2359   239    22809.0000    19988.6814   378487   12.36%
    977   454    21012.3614   193    22809.0000    19988.6814   381630   12.36%
    989   466    21603.3228   213    22809.0000    19988.6814   384652   12.36%
   1012   483    20000.7500   273    22809.0000    19989.1760   389501   12.36%
   1019   490    20096.8154   232    22809.0000    19989.1760   393156   12.36%
   1021   492    20149.5591   316    22809.0000    19989.1760   396367   12.36%
   1022   493    20194.4051   254    22809.0000    19989.1760   397997   12.36%
   1029   499    20323.1479   322    22809.0000    19989.1760   400448   12.36%
   1043   511    20434.5689   253    22809.0000    19989.1760   404289   12.36%
   1088   554    21391.0258   273    22809.0000    19989.1760   416229   12.36%
Elapsed time = 153.87 sec. (183576.05 ticks, tree = 23.12 MB, solutions = 4)
   1118   578    20005.4665   224    22809.0000    19989.2432   423532   12.36%
   1129   589    20174.1317   453    22809.0000    19989.2432   433119   12.36%
   1142   602    20451.9257   335    22809.0000    19989.2432   443466   12.36%
   1172   632    20719.0965   193    22809.0000    19989.2432   455827   12.36%
   1241   696    22585.0000   161    22809.0000    19989.2432   468553   12.36%
   1296   738    20230.6548   269    22809.0000    19990.5674   480002   12.36%
   1366   807    22132.2473   208    22809.0000    19990.5674   491466   12.36%
   1450   886    21100.3666   248    22809.0000    19991.3010   502407   12.35%
   1525   951    19996.3518   271    22809.0000    19991.3010   513830   12.35%
   1542   966    20331.8579   224    22809.0000    19991.3010   525744   12.35%
Elapsed time = 189.40 sec. (224419.29 ticks, tree = 76.89 MB, solutions = 4)
   1640  1051    20021.6438   301    22809.0000    19992.9840   538439   12.35%
   1689  1096    21927.0801   224    22809.0000    19992.9840   549682   12.35%
   1712  1115    20048.9545   298    22809.0000    19995.8742   561249   12.33%
   1730  1133    20170.4913   193    22809.0000    19995.8742   571096   12.33%
   1761  1164    20208.1729   352    22809.0000    19995.8742   583960   12.33%
   1797  1199    20586.7535   261    22809.0000    19995.8742   593717   12.33%
   1821  1219    20006.2286   274    22809.0000    19996.7829   604592   12.33%
   1901  1295    21111.6979   222    22809.0000    19996.7829   614688   12.33%
   1917  1309    infeasible          22809.0000    19996.7829   618854   12.33%
   1956  1340    20025.5341   290    22809.0000    19997.1906   627124   12.33%
Elapsed time = 226.80 sec. (267486.99 ticks, tree = 117.56 MB, solutions = 4)
   1965  1349    20135.4188   271    22809.0000    19997.1906   636968   12.33%
   2002  1385    21180.1276   210    22809.0000    19997.1906   641665   12.33%
   2068  1450    22310.0000    96    22809.0000    19997.1906   652985   12.33%
   2128  1503    20520.1132   270    22809.0000    19998.2709   662236   12.32%
   2206  1573    20053.4226   259    22809.0000    19998.8920   671666   12.32%
   2272  1638    20611.3196   243    22809.0000    19998.8920   683000   12.32%
   2287  1653    21602.0000   186    22809.0000    19998.8920   693281   12.32%
   2305  1670    21602.0000   102    22809.0000    19998.8920   703160   12.32%
   2334  1695    20231.5232   248    22809.0000    19999.9935   716454   12.32%
   2367  1728    20659.8991   197    22809.0000    19999.9935   727642   12.32%
Elapsed time = 265.63 sec. (313719.18 ticks, tree = 168.14 MB, solutions = 4)
   2431  1782    22491.0000   213    22809.0000    19999.9935   741577   12.32%
   2478  1822    20003.9039   289    22809.0000    20000.2201   748233   12.31%
   2502  1845    20288.4551   288    22809.0000    20000.2201   758624   12.31%
   2555  1895    20894.8320   258    22809.0000    20000.2201   771866   12.31%
   2561  1895    20114.7592   293    22809.0000    20000.2400   785315   12.31%
   2599  1929    21299.8507   234    22809.0000    20000.2400   795729   12.31%
   2634  1954    20077.5505   267    22809.0000    20001.3258   803366   12.31%
   2709  2028    22329.5000   160    22809.0000    20001.3258   817802   12.31%
   2728  2043    20496.4421   248    22809.0000    20002.8792   828533   12.30%
   2800  2113    20916.4125   199    22809.0000    20002.8792   839187   12.30%
Elapsed time = 303.33 sec. (356515.00 ticks, tree = 198.99 MB, solutions = 4)
   2840  2150    21941.0000   207    22809.0000    20002.8792   850958   12.30%
   2854  2162    21941.0000   151    22809.0000    20002.8792   860288   12.30%
   2871  2167    infeasible          22809.0000    20002.8792   871676   12.30%
   2888  2176    20329.6683   264    22809.0000    20002.9231   881400   12.30%
   2906  2194    20567.8661   282    22809.0000    20002.9231   888181   12.30%
   2932  2220    20721.0681   291    22809.0000    20002.9231   896277   12.30%
   2981  2266    20126.0000   178    22809.0000    20003.4935   904059   12.30%
   3002  2287    20127.1286   354    22809.0000    20003.4935   908514   12.30%
   3102  2384    20035.9985   295    22809.0000    20004.0311   912900   12.30%
   3123  2405    20390.0225   236    22809.0000    20004.0311   923147   12.30%
Elapsed time = 343.96 sec. (402935.62 ticks, tree = 219.09 MB, solutions = 4)
   3157  2435    21021.0000   285    22809.0000    20004.0311   939853   12.30%
   3172  2450    21021.0000   137    22809.0000    20004.0311   948091   12.30%
   3257  2529    20089.8539   292    22809.0000    20004.1041   958892   12.30%
   3287  2557    20533.6458   178    22809.0000    20004.1041   969406   12.30%
   3350  2617    infeasible          22809.0000    20004.1041   981150   12.30%
   3367  2626    20118.0000   213    22809.0000    20004.8007   990403   12.29%
   3378  2637    20229.4447   196    22809.0000    20004.8007   998598   12.29%
   3418  2677    20685.0000   161    22809.0000    20004.8007  1008694   12.29%
   3432  2691    22193.0000   211    22809.0000    20004.8007  1017235   12.29%
   3460  2716    20020.1765   278    22809.0000    20005.2594  1025520   12.29%
Elapsed time = 381.36 sec. (445411.92 ticks, tree = 259.65 MB, solutions = 4)
   3466  2722    20235.6915   385    22809.0000    20005.2594  1037599   12.29%
   3491  2744    20362.2297   341    22809.0000    20005.2594  1052863   12.29%
   3509  2761    20859.0922   302    22809.0000    20005.2594  1065378   12.29%
   3557  2807    21504.3333   188    22809.0000    20005.2594  1079045   12.29%
   3592  2832    20458.0120   332    22809.0000    20005.2594  1091073   12.29%
   3691  2930    21702.0000   181    22809.0000    20005.2594  1102159   12.29%
   3702  2941    21702.0000   257    22809.0000    20005.2594  1105687   12.29%
   3781  3014    20504.9429   173    22809.0000    20007.1373  1117190   12.28%
   3825  3058    22053.5000   208    22809.0000    20007.1373  1131781   12.28%
   3842  3073    22594.0000    85    22809.0000    20007.1373  1144098   12.28%
Elapsed time = 419.63 sec. (487514.77 ticks, tree = 306.23 MB, solutions = 4)
   3881  3099    20202.7277   228    22809.0000    20007.8109  1153052   12.28%
   3972  3184    20084.6488   274    22809.0000    20008.0196  1166662   12.28%
   3981  3193    20206.0485   250    22809.0000    20008.0196  1176165   12.28%
   4045  3253    20164.7029   255    22809.0000    20008.3259  1196772   12.28%
   4049  3257    20166.0000   229    22809.0000    20008.3259  1204298   12.28%
   4059  3267    20166.0000   161    22809.0000    20008.3259  1210994   12.28%
   4079  3287    20166.0000   108    22809.0000    20008.3259  1217258   12.28%
   4099  3307    20167.0032   311    22809.0000    20008.3259  1227389   12.28%
   4102  3310    20169.2285   301    22809.0000    20008.3259  1227631   12.28%
   4157  3365    22007.8140   160    22809.0000    20008.3259  1239386   12.28%
Elapsed time = 463.63 sec. (538055.07 ticks, tree = 344.38 MB, solutions = 4)
   4204  3408    20022.1590   284    22809.0000    20008.7849  1247807   12.28%
   4207  3411    20076.2358   233    22809.0000    20008.7849  1258827   12.28%
   4213  3417    20148.2500   215    22809.0000    20008.7849  1268289   12.28%
   4218  3422    20201.9221   274    22809.0000    20008.7849  1279427   12.28%
   4225  3429    20263.2688   259    22809.0000    20008.7849  1289619   12.28%
   4252  3456    20351.7695   243    22809.0000    20008.7849  1296448   12.28%
   4272  3474    21097.3654   212    22809.0000    20008.7849  1307357   12.28%
   4299  3497    21833.8974   265    22809.0000    20008.7849  1318455   12.28%
   4362  3556    20390.9154   261    22809.0000    20008.9418  1330369   12.28%
   4429  3618    22402.0000   146    22809.0000    20008.9418  1343604   12.28%
Elapsed time = 505.16 sec. (582595.96 ticks, tree = 350.78 MB, solutions = 4)
   4432  3617    20343.9932   253    22809.0000    20009.4858  1352866   12.27%
   4465  3650    20754.4545   296    22809.0000    20009.4858  1363828   12.27%
   4516  3701    21282.0000   148    22809.0000    20009.4858  1376339   12.27%
   4533  3714    20166.0000   263    22809.0000    20011.6448  1384675   12.26%
   4545  3726    20242.9091   285    22809.0000    20011.6448  1396892   12.26%
   4557  3738    20633.0822   246    22809.0000    20011.6448  1408390   12.26%
   4614  3795    21001.2719   262    22809.0000    20011.6448  1420245   12.26%
   4651  3825    20079.4460   242    22809.0000    20011.8478  1431793   12.26%
   4682  3854    20648.1701   207    22809.0000    20011.8478  1445822   12.26%
   4745  3911    22324.0000   186    22809.0000    20011.8478  1460554   12.26%
Elapsed time = 542.45 sec. (623311.07 ticks, tree = 376.57 MB, solutions = 4)
   4798  3950        cutoff          22809.0000    20011.8478  1474764   12.26%
   4801  3951    20089.0000   225    22809.0000    20012.1718  1482357   12.26%
   4802  3952    20089.0000   235    22809.0000    20012.1718  1484082   12.26%
   4827  3977    20089.0000   151    22809.0000    20012.1718  1492051   12.26%
   4895  4043    infeasible          22809.0000    20012.1718  1502723   12.26%
   4918  4058    20196.0328   296    22809.0000    20012.1840  1514836   12.26%
   5002  4134    infeasible          22809.0000    20012.1840  1530174   12.26%
   5007  4139    20198.4225   220    22809.0000    20012.7293  1537885   12.26%
   5062  4192    infeasible          22809.0000    20012.7293  1548933   12.26%
   5102  4229    20142.7978   259    22809.0000    20013.0617  1563118   12.26%
Elapsed time = 585.85 sec. (672736.06 ticks, tree = 418.47 MB, solutions = 4)
   5120  4247    20269.7420   254    22809.0000    20013.0617  1574310   12.26%
   5151  4276    20504.1250   205    22809.0000    20013.0617  1588918   12.26%
   5196  4316    22728.1500   218    22809.0000    20013.0617  1602584   12.26%
   5205  4319    20237.4537   317    22809.0000    20014.3390  1614199   12.25%
   5230  4342    20687.8787   221    22809.0000    20014.3390  1627454   12.25%
   5259  4371    21172.8943   290    22809.0000    20014.3390  1642581   12.25%
   5338  4446    21984.0000    99    22809.0000    20014.3390  1657589   12.25%
   5369  4469    20174.0000   221    22809.0000    20014.6111  1665339   12.25%
   5448  4548    20176.8681   301    22809.0000    20014.6111  1674548   12.25%
   5491  4587    21801.0000    79    22809.0000    20014.6111  1688722   12.25%
Elapsed time = 623.69 sec. (713318.54 ticks, tree = 453.85 MB, solutions = 4)
   5512  4602    20025.3089   309    22809.0000    20015.1935  1698252   12.25%
   5535  4625    20168.6791   255    22809.0000    20015.1935  1709886   12.25%
   5581  4671    20661.0000   163    22809.0000    20015.1935  1723315   12.25%
   5602  4692    20711.2667   239    22809.0000    20015.1935  1728265   12.25%
   5635  4723    21468.8148    80    22809.0000    20015.1935  1740002   12.25%
   5664  4739    20145.0571   228    22809.0000    20016.4651  1752295   12.24%
   5714  4789    22292.7101   298    22809.0000    20016.4651  1766992   12.24%
   5731  4802    22516.0000   289    22809.0000    20016.4651  1778851   12.24%
   5740  4806    20275.6766   317    22809.0000    20018.9891  1786052   12.23%
   5791  4857    21954.0000   211    22809.0000    20018.9891  1798589   12.23%
Elapsed time = 661.87 sec. (755123.84 ticks, tree = 482.85 MB, solutions = 4)
   5825  4882    20044.6465   273    22809.0000    20019.4194  1805272   12.23%
   5839  4896    20197.0128   235    22809.0000    20019.4194  1815215   12.23%
   5846  4903    20526.0560   256    22809.0000    20019.4194  1825341   12.23%
   5872  4929    20682.5470   173    22809.0000    20019.4194  1835951   12.23%
   5884  4940    20953.0000   268    22809.0000    20019.4194  1847558   12.23%
   5909  4965    20953.0000   298    22809.0000    20019.4194  1857841   12.23%
   5945  4997    22522.0000   208    22809.0000    20019.4194  1869198   12.23%
   5992  5031    20089.0000   169    22809.0000    20019.9323  1877917   12.23%
   5998  5037    20089.0000   211    22809.0000    20019.9323  1885185   12.23%
*  6002+ 5039                        22780.0000    20019.9323            12.12%
   6002  5041    20089.0000   251    22780.0000    20019.9323  1885983   12.12%
Elapsed time = 702.92 sec. (801695.47 ticks, tree = 503.67 MB, solutions = 5)
   6015  5054    20117.9813   248    22780.0000    20019.9323  1893183   12.12%
   6037  5076    20267.5095   475    22780.0000    20019.9323  1902744   12.12%
   6071  5105    21433.8000   209    22780.0000    20019.9323  1914923   12.12%
*  6102+ 5110                        22753.0000    20019.9323            12.01%
   6111  5121    22695.0000   171    22753.0000    20019.9323  1922330   12.01%
   6148  5155    20049.4554   323    22753.0000    20020.3922  1930278   12.01%
   6157  5164    20547.9010   283    22753.0000    20020.3922  1941399   12.01%
   6167  5174    20876.3084   259    22753.0000    20020.3922  1951292   12.01%
   6186  5193    21867.8010   235    22753.0000    20020.3922  1962047   12.01%
   6207  5214    22300.0000   233    22753.0000    20020.3922  1968245   12.01%
   6264  5257    20115.7548   283    22753.0000    20020.4967  1983789   12.01%
Elapsed time = 741.41 sec. (844254.61 ticks, tree = 519.35 MB, solutions = 6)
   6281  5274    20123.0000   149    22753.0000    20020.4967  1992064   12.01%
   6302  5295    20125.3040   275    22753.0000    20020.4967  1992795   12.01%
   6402  5389    21224.5053   222    22753.0000    20020.9992  2001973   12.01%
   6481  5467    21825.6118   218    22753.0000    20020.9992  2014141   12.01%
   6504  5485    22587.0000   237    22753.0000    20020.9992  2029908   12.01%
   6512  5491    22587.0000   220    22753.0000    20020.9992  2040809   12.01%
   6559  5538    22587.0000   129    22753.0000    20020.9992  2052787   12.01%
   6576  5547    20083.2665   269    22753.0000    20021.1342  2063222   12.01%
   6590  5559    20400.5741   239    22753.0000    20021.1342  2074760   12.01%
   6603  5570    20629.4830   272    22753.0000    20021.1342  2086462   12.01%
Elapsed time = 787.09 sec. (897611.10 ticks, tree = 560.05 MB, solutions = 6)
   6620  5587    20605.6372   264    22753.0000    20021.1342  2100340   12.01%
   6641  5608    20930.3156   281    22753.0000    20021.1342  2113412   12.01%
   6681  5647    22208.4688   268    22753.0000    20021.1342  2126692   12.01%
   6699  5661    20163.4626   292    22753.0000    20021.4065  2135740   12.01%
   6711  5673    20262.4726   283    22753.0000    20021.4065  2140023   12.01%
   6789  5744    20126.0000   176    22753.0000    20021.9887  2155842   12.00%
   6795  5750    20126.0000   215    22753.0000    20021.9887  2165564   12.00%
Starting limited solution polishing.
   6802  5756    21519.6948   264    22753.0000    20021.9887  2171129   12.00%
   6906  5851    20195.9351   285    22753.0000    20022.2478  2184886   12.00%
   6965  5910    20823.6947   210    22753.0000    20022.2478  2197643   12.00%
Elapsed time = 831.95 sec. (948772.17 ticks, tree = 591.36 MB, solutions = 6)
   7007  5951    21779.0000    70    22753.0000    20022.2478  2210784   12.00%
   7010  5950    20126.0000   292    22753.0000    20022.6925  2216016   12.00%
   7038  5978    20126.0000   187    22753.0000    20022.6925  2225568   12.00%
   7148  6088    20986.0000    45    22753.0000    20022.6925  2235529   12.00%
   7159  6095    20240.5722   276    22753.0000    20022.8916  2250229   12.00%
   7178  6114    20491.1406   239    22753.0000    20022.8916  2263526   12.00%
*  7202+ 6101                        22698.0000    20022.8916            11.79%
   7203  6104    21134.6692   251    22698.0000    20022.8916  2276838   11.79%
   7225  6126    21295.0000   143    22698.0000    20022.8916  2288801   11.79%
   7242  6143    21311.0966   277    22698.0000    20022.8916  2300017   11.79%
   7269  6162    20212.2255   269    22698.0000    20023.0447  2310012   11.78%
Elapsed time = 871.26 sec. (990527.11 ticks, tree = 607.55 MB, solutions = 7)
   7286  6179    20408.1350   235    22698.0000    20023.0447  2323113   11.78%
   7292  6185    20540.5735   258    22698.0000    20023.0447  2335577   11.78%
   7302  6195    20797.0000   273    22698.0000    20023.0447  2347116   11.78%
   7344  6237    21735.0000   235    22698.0000    20023.0447  2358338   11.78%
   7350  6243    21735.0000   281    22698.0000    20023.0447  2368229   11.78%
   7362  6255    21735.0000   214    22698.0000    20023.0447  2377355   11.78%
   7367  6260    21964.0000   212    22698.0000    20023.0447  2388434   11.78%

Clique cuts applied:  34
Cover cuts applied:  122
Implied bound cuts applied:  2
Flow cuts applied:  2
Mixed integer rounding cuts applied:  109
Zero-half cuts applied:  140
Lift and project cuts applied:  27
Gomory fractional cuts applied:  3

Root node processing (before b&c):
  Real time             =   21.06 sec. (25109.90 ticks)
Sequential b&c:
  Real time             =  878.95 sec. (996758.95 ticks)
                          ------------
Total (root+branch&cut) =  900.01 sec. (1021868.85 ticks)
MIP: [1;32mCPLEX finished.[0m
MIP: [1;32mCPLEX status: Feasible[0m
CAN: [1;35mItem: 0, Level: 0, at bin: 2[0m
CAN: [1;35mItem: 0, Level: 1, at bin: 19[0m
CAN: [1;35mItem: 0, Level: 2, at bin: 8[0m
CAN: [1;35mItem: 1, Level: 0, at bin: 13[0m
CAN: [1;35mItem: 1, Level: 1, at bin: 16[0m
CAN: [1;35mItem: 1, Level: 2, at bin: 7[0m
CAN: [1;35mItem: 2, Level: 0, at bin: 16[0m
CAN: [1;35mItem: 2, Level: 1, at bin: 14[0m
CAN: [1;35mItem: 2, Level: 2, at bin: 11[0m
CAN: [1;35mItem: 3, Level: 0, at bin: 8[0m
CAN: [1;35mItem: 3, Level: 1, at bin: 13[0m
CAN: [1;35mItem: 3, Level: 2, at bin: 8[0m
CAN: [1;35mItem: 4, Level: 0, at bin: 11[0m
CAN: [1;35mItem: 4, Level: 1, at bin: 7[0m
CAN: [1;35mItem: 4, Level: 2, at bin: 17[0m
CAN: [1;35mItem: 5, Level: 0, at bin: 5[0m
CAN: [1;35mItem: 5, Level: 1, at bin: 14[0m
CAN: [1;35mItem: 5, Level: 2, at bin: 11[0m
CAN: [1;35mItem: 6, Level: 0, at bin: 16[0m
CAN: [1;35mItem: 6, Level: 1, at bin: 14[0m
CAN: [1;35mItem: 6, Level: 2, at bin: 11[0m
CAN: [1;35mItem: 7, Level: 0, at bin: 3[0m
CAN: [1;35mItem: 7, Level: 1, at bin: 10[0m
CAN: [1;35mItem: 7, Level: 2, at bin: 17[0m
CAN: [1;35mItem: 8, Level: 0, at bin: 4[0m
CAN: [1;35mItem: 8, Level: 1, at bin: 13[0m
CAN: [1;35mItem: 8, Level: 2, at bin: 8[0m
CAN: [1;35mItem: 9, Level: 0, at bin: 15[0m
CAN: [1;35mItem: 9, Level: 1, at bin: 2[0m
CAN: [1;35mItem: 9, Level: 2, at bin: 14[0m
CAN: [1;35mItem: 10, Level: 0, at bin: 9[0m
CAN: [1;35mItem: 10, Level: 1, at bin: 17[0m
CAN: [1;35mItem: 10, Level: 2, at bin: 4[0m
CAN: [1;35mItem: 11, Level: 0, at bin: 9[0m
CAN: [1;35mItem: 11, Level: 1, at bin: 17[0m
CAN: [1;35mItem: 11, Level: 2, at bin: 4[0m
CAN: [1;35mItem: 12, Level: 0, at bin: 4[0m
CAN: [1;35mItem: 12, Level: 1, at bin: 13[0m
CAN: [1;35mItem: 12, Level: 2, at bin: 8[0m
CAN: [1;35mItem: 13, Level: 0, at bin: 19[0m
CAN: [1;35mItem: 13, Level: 1, at bin: 15[0m
CAN: [1;35mItem: 13, Level: 2, at bin: 5[0m
CAN: [1;35mItem: 14, Level: 0, at bin: 14[0m
CAN: [1;35mItem: 14, Level: 1, at bin: 16[0m
CAN: [1;35mItem: 14, Level: 2, at bin: 7[0m
CAN: [1;35mItem: 15, Level: 0, at bin: 6[0m
CAN: [1;35mItem: 15, Level: 1, at bin: 19[0m
CAN: [1;35mItem: 15, Level: 2, at bin: 8[0m
CAN: [1;35mItem: 16, Level: 0, at bin: 17[0m
CAN: [1;35mItem: 16, Level: 1, at bin: 7[0m
CAN: [1;35mItem: 16, Level: 2, at bin: 17[0m
CAN: [1;35mItem: 17, Level: 0, at bin: 21[0m
CAN: [1;35mItem: 17, Level: 1, at bin: 4[0m
CAN: [1;35mItem: 17, Level: 2, at bin: 7[0m
CAN: [1;35mItem: 18, Level: 0, at bin: 21[0m
CAN: [1;35mItem: 18, Level: 1, at bin: 4[0m
CAN: [1;35mItem: 18, Level: 2, at bin: 7[0m
CAN: [1;35mItem: 19, Level: 0, at bin: 14[0m
CAN: [1;35mItem: 19, Level: 1, at bin: 16[0m
CAN: [1;35mItem: 19, Level: 2, at bin: 7[0m
CAN: [1;35mItem: 20, Level: 0, at bin: 2[0m
CAN: [1;35mItem: 20, Level: 1, at bin: 19[0m
CAN: [1;35mItem: 20, Level: 2, at bin: 8[0m
CAN: [1;35mItem: 21, Level: 0, at bin: 11[0m
CAN: [1;35mItem: 21, Level: 1, at bin: 7[0m
CAN: [1;35mItem: 21, Level: 2, at bin: 17[0m
CAN: [1;35mItem: 22, Level: 0, at bin: 0[0m
CAN: [1;35mItem: 22, Level: 1, at bin: 2[0m
CAN: [1;35mItem: 22, Level: 2, at bin: 14[0m
CAN: [1;35mItem: 23, Level: 0, at bin: 13[0m
CAN: [1;35mItem: 23, Level: 1, at bin: 16[0m
CAN: [1;35mItem: 23, Level: 2, at bin: 7[0m
CAN: [1;35mItem: 24, Level: 0, at bin: 15[0m
CAN: [1;35mItem: 24, Level: 1, at bin: 2[0m
CAN: [1;35mItem: 24, Level: 2, at bin: 14[0m
CAN: [1;35mItem: 25, Level: 0, at bin: 0[0m
CAN: [1;35mItem: 25, Level: 1, at bin: 2[0m
CAN: [1;35mItem: 25, Level: 2, at bin: 14[0m
CAN: [1;35mItem: 26, Level: 0, at bin: 5[0m
CAN: [1;35mItem: 26, Level: 1, at bin: 14[0m
CAN: [1;35mItem: 26, Level: 2, at bin: 11[0m
CAN: [1;35mItem: 27, Level: 0, at bin: 19[0m
CAN: [1;35mItem: 27, Level: 1, at bin: 15[0m
CAN: [1;35mItem: 27, Level: 2, at bin: 5[0m
CAN: [1;35mItem: 28, Level: 0, at bin: 18[0m
CAN: [1;35mItem: 28, Level: 1, at bin: 15[0m
CAN: [1;35mItem: 28, Level: 2, at bin: 5[0m
CAN: [1;35mItem: 29, Level: 0, at bin: 17[0m
CAN: [1;35mItem: 29, Level: 1, at bin: 7[0m
CAN: [1;35mItem: 29, Level: 2, at bin: 17[0m
MIP: [1;32mSolution: 
Indexes: [2, 13, 16, 8, 11, 5, 16, 3, 4, 15, 9, 9, 4, 19, 14, 6, 17, 21, 21, 14, 2, 11, 0, 13, 15, 0, 5, 19, 18, 17][2, -1, 19, 10, 13, 14, 19, -1, 13, 17, -1, 7, -1, 16, 16, 2, 14, 7, 15, 15, -1, 4][-1, -1, 14, -1, 7, -1, -1, 17, -1, -1, 17, -1, -1, 8, 11, 5, 7, 4, -1, 8], P Variables: [2, 19, 8][13, 16, 7][16, 14, 11][8, 13, 8][11, 7, 17][5, 14, 11][16, 14, 11][3, 10, 17][4, 13, 8][15, 2, 14][9, 17, 4][9, 17, 4][4, 13, 8][19, 15, 5][14, 16, 7][6, 19, 8][17, 7, 17][21, 4, 7][21, 4, 7][14, 16, 7][2, 19, 8][11, 7, 17][0, 2, 14][13, 16, 7][15, 2, 14][0, 2, 14][5, 14, 11][19, 15, 5][18, 15, 5][17, 7, 17], Flow leaving each bin: [0m
MIP: [1;32mObjective value: 22698[0m
MIP: [1;32mLower Bound: 20023[0m
MIP: [1;32mBranch-and-Bound nodes: 7378[0m

# best solution:
best objective value:	22698
best dual bound value:	20023
optimality gap:	11.7852%
CPU time:	897.905
