ifile	/scratch/csagturk/mlbppo_inst/n0030_m03_p100__085.inst
prob	MLBPPO
threads	1
ttime	900
instance: /scratch/csagturk/mlbppo_inst/n0030_m03_p100__085.inst
	m=3, n=[30, 21, 20, 19], #pos=30
MIP: [1;32minit CPLEX[0m
CAN: [1;35mcreated 1430 x_{ijk} variables[0m
CAN: [1;35mcreated 90 y_{ij} variables[0m
CAN: [1;35mcreated 1800 p_{ijk} variables[0m
MIP: [1;32mcreated decision variables[0m
CAN: [1;35madded 30 constraints to enforce the packing of each item[0m
CAN: [1;35madded 41 constraints to enforce the packing of each item[0m
CAN: [1;35madded 60 capacity constraints[0m
MIP: [1;32mcreated constraints[0m
MIP: [1;32mcreated objective function[0m
MIP: [1;32mcalling CPLEX solve ...[0m
Version identifier: 22.1.0.0 | 2022-03-09 | 1a383f8ce
CPXPARAM_Threads                                 1
CPXPARAM_TimeLimit                               900
Tried aggregator 2 times.
MIP Presolve eliminated 25139 rows and 18545 columns.
MIP Presolve added 4 rows and 0 columns.
MIP Presolve modified 1317 coefficients.
Aggregator did 47646 substitutions.
Reduced MIP has 46225 rows, 32763 columns, and 119845 nonzeros.
Reduced MIP has 17558 binaries, 0 generals, 0 SOSs, and 80 indicators.
Presolve time = 0.37 sec. (1826.91 ticks)
Probing fixed 0 vars, tightened 56 bounds.
Probing changed sense of 41 constraints.
Probing time = 2.72 sec. (2229.05 ticks)
Tried aggregator 2 times.
MIP Presolve eliminated 246 rows and 287 columns.
MIP Presolve modified 6 coefficients.
Aggregator did 30164 substitutions.
Reduced MIP has 15815 rows, 2312 columns, and 58943 nonzeros.
Reduced MIP has 2312 binaries, 0 generals, 0 SOSs, and 0 indicators.
Presolve time = 0.14 sec. (129.00 ticks)
Probing time = 0.00 sec. (4.03 ticks)
Tried aggregator 1 time.
Detecting symmetries...
Reduced MIP has 15815 rows, 2312 columns, and 58943 nonzeros.
Reduced MIP has 2312 binaries, 0 generals, 0 SOSs, and 0 indicators.
Presolve time = 0.03 sec. (31.58 ticks)
Probing time = 0.00 sec. (4.03 ticks)
Clique table members: 2627.
MIP emphasis: balance optimality and feasibility.
MIP search method: dynamic search.
Parallel mode: none, using 1 thread.
Root relaxation solution time = 0.03 sec. (45.97 ticks)

        Nodes                                         Cuts/
   Node  Left     Objective  IInf  Best Integer    Best Bound    ItCnt     Gap

      0     0    17512.1560   151                  17512.1560      545         
      0     0    17580.7260   188                   Cuts: 163     6314         
      0     0    17591.8690   211                   Cuts: 135     9551         
      0     0    17618.1854   227                   Cuts: 133    12464         
      0     0    17630.7432   247                   Cuts: 139    13977         
      0     0    17655.8652   262                    Cuts: 88    17180         
Detecting symmetries...
      0     0    17696.5222   234                   Cuts: 105    17987         
      0     0    17718.4893   278                   Cuts: 122    19835         
      0     0    17738.4703   246                   Cuts: 155    21106         
      0     0    17751.5262   297                    Cuts: 92    22323         
      0     0    17761.2428   287                    Cuts: 58    23944         
      0     0    17779.8874   265                    Cuts: 76    24570         
      0     0    17792.7077   260                   Cuts: 107    25241         
      0     0    17796.6155   257                    Cuts: 86    25598         
      0     0    17797.2138   267                    Cuts: 66    25979         
      0     0    17800.0110   182                    Cuts: 89    26413         
      0     0    17801.1568   183                    Cuts: 96    26711         
Detecting symmetries...
      0     2    17801.1568   133                  17801.1568    26711         
Elapsed time = 17.50 sec. (20948.80 ticks, tree = 0.01 MB, solutions = 0)
     16    18    17801.1568   147                  17801.1568    27930         
     27    29    17801.1568   147                  17801.1568    28369         
     47    49    17801.1568   171                  17801.1568    29875         
     69    71    17806.5445   224                  17801.1568    31503         
     76    78    17824.1228   213                  17801.1568    33474         
     80    82    17825.7345   203                  17801.1568    34894         
     87    89    17861.1214   217                  17801.1568    36778         
     95    97    17916.7495   213                  17801.1568    38969         
     98   100    17951.0306   194                  17801.1568    40540         
    120   122    17941.5902   188                  17801.1568    43435         
Elapsed time = 20.78 sec. (24857.19 ticks, tree = 1.32 MB, solutions = 0)
    143   145    19248.9986   128                  17801.1568    49327         
    218   212    17802.0565   201                  17801.1568    57036         
    257   251    17825.2984   239                  17801.1568    62683         
    292   286    18106.9117   118                  17801.1568    71135         
    344   332    infeasible                        17801.1568    77505         
    392   372    17828.2400   196                  17801.1568    84826         
    427   407    18026.5223   163                  17801.1568    91451         
    476   456    19087.9671   163                  17801.1568    99663         
    533   507    17832.0204   190                  17801.1568   108211         
    560   534    17902.5575   120                  17801.1568   114083         
Elapsed time = 28.42 sec. (34646.60 ticks, tree = 2.82 MB, solutions = 0)
    585   559    18231.8295   217                  17801.1568   121883         
    610   584    18182.8180   117                  17801.1568   127931         
    632   606    18349.2613   142                  17801.1568   134596         
    659   632    19353.7618   133                  17801.1568   141991         
*   680+  628                        22160.0000    17801.1568            19.67%
    729   667    17849.7337   204    22160.0000    17801.1568   150631   19.67%
    747   685    17881.7385   222    22160.0000    17801.1568   154711   19.67%
    776   714    17959.0887   207    22160.0000    17801.1568   160275   19.67%
    798   736    18307.9185   193    22160.0000    17801.1568   167144   19.67%
    831   769    19426.4370    51    22160.0000    17801.1568   173813   19.67%
*   880+  798                        21519.0000    17801.1568            17.28%
*   887   797      integral     0    21481.0000    17801.1568   176413   17.13%
    900   810    17870.1444   208    21481.0000    17801.1568   179892   17.13%
Elapsed time = 36.11 sec. (44651.11 ticks, tree = 4.01 MB, solutions = 3)
    930   840    18056.2374   215    21481.0000    17801.1568   184595   17.13%
    965   875    18845.5282   177    21481.0000    17801.1568   191984   17.13%
*   998+  903                        21451.0000    17801.1568            17.01%
   1027   934    17827.1481   242    21451.0000    17801.1568   197574   17.01%
   1077   984    18336.7103   173    21451.0000    17801.1568   205421   17.01%

Performing restart 1

Repeating presolve.
Tried aggregator 1 time.
MIP Presolve modified 9397 coefficients.
Reduced MIP has 15815 rows, 2312 columns, and 54143 nonzeros.
Reduced MIP has 2312 binaries, 0 generals, 0 SOSs, and 0 indicators.
Presolve time = 0.04 sec. (39.86 ticks)
Tried aggregator 1 time.
MIP Presolve modified 90 coefficients.
Reduced MIP has 15815 rows, 2312 columns, and 54143 nonzeros.
Reduced MIP has 2312 binaries, 0 generals, 0 SOSs, and 0 indicators.
Presolve time = 0.04 sec. (40.74 ticks)
Represolve time = 0.21 sec. (196.85 ticks)
   1108     0    17806.5996   238    21451.0000      Cuts: 81   214270   16.99%
   1108     0    17809.6061   248    21451.0000     Cuts: 146   215000   16.98%
   1108     0    17810.4080   299    21451.0000     Cuts: 142   215676   16.97%
   1108     0    17811.3307   305    21451.0000     Cuts: 118   216499   16.97%
   1108     0    17812.3958   312    21451.0000      Cuts: 97   218465   16.96%
   1108     0    17813.1796   373    21451.0000      Cuts: 93   220824   16.96%
   1108     0    17813.2369   359    21451.0000      Cuts: 77   222205   16.96%
   1108     0    17813.5011   322    21451.0000      Cuts: 88   224518   16.96%
   1108     0    17813.5121   345    21451.0000      Cuts: 78   226129   16.96%
   1108     0    17813.5384   356    21451.0000      Cuts: 88   227545   16.96%
   1108     0    17813.8477   380    21451.0000      Cuts: 51   229316   16.96%
   1108     0    17813.8477   338    21451.0000      Cuts: 45   231004   16.96%
   1108     0    17813.8477   340    21451.0000      Cuts: 67   232600   16.96%
   1108     0    17813.8477   321    21451.0000      Cuts: 46   233090   16.96%
   1108     0    17813.8477   325    21451.0000      Cuts: 63   234164   16.96%
   1108     0    17813.8477   308    21451.0000      Cuts: 49   235284   16.96%
   1108     0    17813.8477   319    21451.0000      Cuts: 61   236583   16.96%
   1108     0    17813.8477   292    21451.0000      Cuts: 67   239070   16.96%
   1108     0    17813.8477   328    21451.0000      Cuts: 58   241557   16.96%
   1108     2    17813.8477   280    21451.0000    17813.8489   241557   16.96%
   1109     3    17814.0527   257    21451.0000    17814.2362   241668   16.95%
   1111     5    17842.3159   218    21451.0000    17818.3827   243066   16.93%
   1114     8    17844.2182   202    21451.0000    17828.0850   244615   16.89%
   1116    10    17868.8063   270    21451.0000    17828.0850   247153   16.89%
   1118    12    17891.6785   282    21451.0000    17828.0850   251025   16.89%
Elapsed time = 70.73 sec. (86417.67 ticks, tree = 0.64 MB, solutions = 4)
   1120    14    17882.7649   285    21451.0000    17828.0850   257018   16.89%
   1122    16    17885.1844   227    21451.0000    17828.0850   260303   16.89%
   1126    20    17877.3105   236    21451.0000    17828.0850   263480   16.89%
   1130    24    17989.2135   186    21451.0000    17828.0850   268845   16.89%
   1134    28    18080.5020   277    21451.0000    17828.0850   273093   16.89%
   1137    31    18186.2038   227    21451.0000    17828.0850   275609   16.89%
   1142    36    18074.7210   226    21451.0000    17828.0850   276360   16.89%
   1143    37    18114.9706   396    21451.0000    17828.0850   282321   16.89%
   1144    38    18116.8901   419    21451.0000    17828.0850   284831   16.89%
   1146    40    18372.7345   359    21451.0000    17828.0850   287250   16.89%
Elapsed time = 83.91 sec. (102635.66 ticks, tree = 2.06 MB, solutions = 4)
   1150    44    18195.7779   271    21451.0000    17828.0850   289901   16.89%
   1152    46    18399.5070   273    21451.0000    17828.0850   296962   16.89%
   1156    50    18331.0799   206    21451.0000    17828.0850   300117   16.89%
   1158    52    18367.7637   245    21451.0000    17828.0850   303946   16.89%
   1162    56    18389.6923   224    21451.0000    17828.0850   306179   16.89%
   1163    57    18899.9231   380    21451.0000    17828.0850   311405   16.89%
   1166    60    18416.3333   196    21451.0000    17828.0850   318527   16.89%
   1167    61    18456.5312   351    21451.0000    17828.0850   322475   16.89%
   1168    62    18441.1218   190    21451.0000    17828.0850   325154   16.89%
   1170    64    18457.3333   268    21451.0000    17828.0850   328064   16.89%
Elapsed time = 96.79 sec. (118309.13 ticks, tree = 2.26 MB, solutions = 4)
   1171    65    18457.3333   293    21451.0000    17828.0850   332185   16.89%
   1172    66    18457.3333   264    21451.0000    17828.0850   334041   16.89%
   1173    67    18457.4750   165    21451.0000    17828.0850   336956   16.89%
   1174    68    18468.0000   145    21451.0000    17828.0850   341454   16.89%
   1178    72    18487.6000   121    21451.0000    17828.0850   344023   16.89%
   1184    78    18696.0000   151    21451.0000    17828.0850   346794   16.89%
   1193    87    18696.0000    98    21451.0000    17828.0850   348746   16.89%
*  1198+   90                        20345.0000    17828.0850            12.37%
   1198    92    18696.0000    96    20345.0000    17828.0850   349527   12.37%
   1209   103    18696.0000    90    20345.0000    17828.0850   351808   12.37%
   1225   116    17866.5793   240    20345.0000    17842.8390   354164   12.30%
Elapsed time = 106.18 sec. (130121.15 ticks, tree = 3.67 MB, solutions = 5)
   1228   119    17916.0000   126    20345.0000    17842.8390   356700   12.30%
   1230   121    17916.0000   262    20345.0000    17842.8390   361739   12.30%
   1236   127    17916.0000   236    20345.0000    17842.8390   368048   12.30%
   1238   129    17916.0000   227    20345.0000    17842.8390   369079   12.30%
   1248   139    17930.9287   281    20345.0000    17842.8390   372913   12.30%
   1261   152    18329.4763   248    20345.0000    17842.8390   377933   12.30%
   1275   166    18509.8321   220    20345.0000    17842.8390   383912   12.30%
   1287   178    18465.9203   198    20345.0000    17842.8390   386734   12.30%
   1301   192    18114.4221   184    20345.0000    17842.8390   390433   12.30%
   1334   225    18638.9276   155    20345.0000    17842.8390   393029   12.30%
Elapsed time = 118.26 sec. (145621.11 ticks, tree = 3.99 MB, solutions = 5)
   1347   234    19223.6021   218    20345.0000    17842.8390   398864   12.30%
   1358   237    17845.5436   184    20345.0000    17843.1416   402455   12.30%
   1365   244    17921.3333   215    20345.0000    17843.1416   407674   12.30%
   1369   248    17922.5598   222    20345.0000    17843.1416   410103   12.30%
   1372   251    17932.4487   292    20345.0000    17843.1416   413712   12.30%
   1386   265    17981.1340   216    20345.0000    17843.1416   416921   12.30%
   1388   267    18157.0000   245    20345.0000    17843.1416   419514   12.30%
   1390   267    18514.5641   402    20345.0000    17843.1416   422713   12.30%
   1392   269    18541.8828   379    20345.0000    17843.1416   429968   12.30%
   1393   270    18543.7735   330    20345.0000    17843.1416   434150   12.30%
Elapsed time = 130.39 sec. (160115.98 ticks, tree = 4.13 MB, solutions = 5)
   1399   274    18562.0771   242    20345.0000    17843.1416   437390   12.30%
   1402   277    18567.1790   286    20345.0000    17843.1416   440258   12.30%
   1404   279    18567.1790   172    20345.0000    17843.1416   443022   12.30%
   1405   280    18568.6209   368    20345.0000    17843.1416   445993   12.30%
   1406   281    18568.6209   325    20345.0000    17843.1416   449217   12.30%
   1407   282    18616.0877   420    20345.0000    17843.1416   453839   12.30%
   1408   283    18629.4767   247    20345.0000    17843.1416   457915   12.30%
   1410   285    18633.2724   261    20345.0000    17843.1416   461179   12.30%
   1413   288    18634.6412   246    20345.0000    17843.1416   464906   12.30%
   1418   293    18649.4828   309    20345.0000    17843.1416   477152   12.30%
Elapsed time = 146.37 sec. (177429.83 ticks, tree = 4.20 MB, solutions = 5)
   1431   302    18015.5500   210    20345.0000    17843.7722   488914   12.29%
   1438   309    18043.9855   315    20345.0000    17843.7722   501268   12.29%
   1444   315    18046.0445   188    20345.0000    17843.7722   510825   12.29%
   1456   327    18056.6471   247    20345.0000    17843.7722   518502   12.29%
   1468   339    18878.1643   167    20345.0000    17843.7722   529659   12.29%
   1501   371    19580.0000   252    20345.0000    17843.7722   541642   12.29%
   1525   386    17876.4088   247    20345.0000    17845.4558   546310   12.29%
   1534   395    17949.7621   211    20345.0000    17845.4558   557453   12.29%
   1548   409    18022.9294   223    20345.0000    17845.4558   569324   12.29%
   1566   427    18197.9750   141    20345.0000    17845.4558   581612   12.29%
Elapsed time = 182.86 sec. (220795.30 ticks, tree = 4.59 MB, solutions = 5)
   1608   469    18417.6490   193    20345.0000    17845.4558   592569   12.29%
   1644   493    17892.0560   287    20345.0000    17845.5682   601367   12.29%
   1667   515    19053.8670   263    20345.0000    17845.5682   616465   12.29%
   1726   563    17877.5397   296    20345.0000    17849.0763   634205   12.27%
   1740   577    18058.6009   308    20345.0000    17849.0763   650307   12.27%
*  1788+  622                        20103.0000    17849.0763            11.21%
   1812   644    17850.4237   210    20103.0000    17850.4238   661685   11.21%
   1844   676    18359.2118   177    20103.0000    17850.6738   673482   11.20%
   1849   681    18603.2564   135    20103.0000    17850.6738   684045   11.20%
   1852   684    18814.0000   194    20103.0000    17850.6738   693648   11.20%
   1859   691    18814.0000   173    20103.0000    17850.6738   703047   11.20%
Elapsed time = 223.72 sec. (270533.62 ticks, tree = 5.26 MB, solutions = 6)
   1862   694    18814.0000   240    20103.0000    17850.6738   714908   11.20%
   1868   700    18814.0000   214    20103.0000    17850.6738   724834   11.20%
   1879   711    18814.0000    68    20103.0000    17850.6738   732329   11.20%
   1895   723    18018.4973   278    20103.0000    17851.4394   741918   11.20%
   1908   734    18102.5852   198    20103.0000    17851.4394   748582   11.20%
   1986   808    19653.0000    79    20103.0000    17851.4394   764043   11.20%
   2011   829    18023.4223   222    20103.0000    17855.3409   775222   11.18%
   2033   851    18300.2383   170    20103.0000    17855.3409   785892   11.18%
   2080   890    17910.1859   322    20103.0000    17855.6725   796257   11.18%
   2103   913    17920.8150   286    20103.0000    17855.6725   807252   11.18%
Elapsed time = 257.72 sec. (311455.48 ticks, tree = 5.92 MB, solutions = 6)
   2125   935    18040.8267   209    20103.0000    17855.6725   822933   11.18%
   2169   979    18162.9061   198    20103.0000    17855.6725   838811   11.18%
   2211  1015    17908.1218   287    20103.0000    17857.2562   852942   11.17%
   2233  1037    18052.5049   254    20103.0000    17857.2562   865177   11.17%
   2247  1051    18288.1613   192    20103.0000    17857.2562   878311   11.17%
   2266  1070    18990.0000   218    20103.0000    17857.2562   890997   11.17%
   2280  1084    18990.0000   155    20103.0000    17857.2562   903919   11.17%
   2286  1090    18990.0000   244    20103.0000    17857.2562   915225   11.17%
   2308  1112    19025.3050   246    20103.0000    17857.2562   922955   11.17%
   2344  1137    17861.8721   301    20103.0000    17857.5282   935597   11.17%
Elapsed time = 295.77 sec. (357504.30 ticks, tree = 6.62 MB, solutions = 6)
   2352  1145    17886.8740   246    20103.0000    17857.5282   945425   11.17%
   2359  1152    17915.1915   261    20103.0000    17857.5282   957272   11.17%
   2364  1157    17916.0000   215    20103.0000    17857.5282   967417   11.17%
   2381  1174    17931.1682   233    20103.0000    17857.5282   975905   11.17%
   2395  1187    18608.0000   221    20103.0000    17857.5282   992042   11.17%
   2397  1189    18608.0000   228    20103.0000    17857.5282  1001138   11.17%
   2400  1192    18608.0000   127    20103.0000    17857.5282  1011580   11.17%
   2407  1199    18669.4018   282    20103.0000    17857.5282  1019927   11.17%
   2408  1200    18669.5638   255    20103.0000    17857.5282  1020045   11.17%
   2442  1231    17899.8923   279    20103.0000    17859.1309  1029071   11.16%
Elapsed time = 335.15 sec. (404957.71 ticks, tree = 6.90 MB, solutions = 6)
   2450  1239    17916.0000   108    20103.0000    17859.1309  1038102   11.16%
   2454  1243    17916.0000   271    20103.0000    17859.1309  1046706   11.16%
   2457  1246    17916.0000   227    20103.0000    17859.1309  1060407   11.16%
   2471  1260    17916.0000   161    20103.0000    17859.1309  1067274   11.16%
   2474  1263    17916.0000   212    20103.0000    17859.1309  1078637   11.16%
   2485  1274    17916.0000   127    20103.0000    17859.1309  1087528   11.16%
   2495  1284    17916.0000    65    20103.0000    17859.1309  1094479   11.16%
   2536  1325    17920.3582   230    20103.0000    17859.1309  1103060   11.16%
   2576  1361    18072.4283   262    20103.0000    17860.9025  1112851   11.15%
   2579  1364    18078.0000   228    20103.0000    17860.9025  1122363   11.15%
Elapsed time = 372.81 sec. (449751.30 ticks, tree = 7.29 MB, solutions = 6)
   2584  1369    18078.0000   190    20103.0000    17860.9025  1133599   11.15%
   2588  1373    18078.0000   172    20103.0000    17860.9025  1142420   11.15%
   2595  1380    18078.0000    92    20103.0000    17860.9025  1150652   11.15%
   2608  1393    18092.1694   251    20103.0000    17860.9025  1161385   11.15%
   2640  1425    18597.2593   137    20103.0000    17860.9025  1170752   11.15%
   2661  1442    17973.3156   250    20103.0000    17861.4627  1182896   11.15%
   2668  1449    18265.0929   222    20103.0000    17861.4627  1196181   11.15%
   2680  1461    18496.8652   212    20103.0000    17861.4627  1208659   11.15%
   2691  1472    18428.6914   262    20103.0000    17861.4627  1222736   11.15%
   2696  1477    18847.6634   242    20103.0000    17861.4627  1234428   11.15%
Elapsed time = 407.66 sec. (492300.99 ticks, tree = 7.62 MB, solutions = 6)
   2701  1482    18540.0340   307    20103.0000    17861.4627  1249245   11.15%
   2705  1486    18571.1405   210    20103.0000    17861.4627  1262100   11.15%
*  2708+ 1464                        19993.0000    17861.4627            10.66%
   2709  1467    18603.8959   212    19993.0000    17861.4627  1272838   10.66%
   2724  1480    19236.2077   243    19993.0000    17861.4627  1284877   10.66%
   2734  1485    17938.9221   233    19993.0000    17862.3426  1299141   10.66%
   2748  1499    17984.9162   281    19993.0000    17862.3426  1313758   10.66%
   2777  1528    19067.0000   171    19993.0000    17862.3426  1330616   10.66%
   2788  1539    19067.0000   130    19993.0000    17862.3426  1342848   10.66%
   2799  1550    19742.3889   313    19993.0000    17862.3426  1356433   10.66%
   2805  1551    17938.7960   350    19993.0000    17865.3321  1370422   10.64%
Elapsed time = 449.57 sec. (539843.61 ticks, tree = 7.84 MB, solutions = 7)
   2808  1554    17973.8330   232    19993.0000    17865.3321  1372903   10.64%
   2828  1574    18052.8183   271    19993.0000    17865.3321  1390411   10.64%
   2882  1627    18780.0000   170    19993.0000    17865.3321  1402963   10.64%
   2891  1634    18780.0000   265    19993.0000    17865.3321  1417916   10.64%
   2900  1643    18780.0000   223    19993.0000    17865.3321  1431463   10.64%
   2903  1646    18780.0000   201    19993.0000    17865.3321  1444505   10.64%
   2911  1654    18780.0000   120    19993.0000    17865.3321  1451293   10.64%
   2936  1673    17990.2108   277    19993.0000    17865.8048  1460253   10.64%
   2954  1691    18127.2514   407    19993.0000    17865.8048  1476650   10.64%
   2957  1694    18243.3333   296    19993.0000    17865.8048  1486331   10.64%
Elapsed time = 489.16 sec. (587658.27 ticks, tree = 8.14 MB, solutions = 7)
   2961  1698    18243.3333   360    19993.0000    17865.8048  1495613   10.64%
   2968  1705    18245.0145   317    19993.0000    17865.8048  1505331   10.64%
   2972  1709    18253.1067   343    19993.0000    17865.8048  1515986   10.64%
   2974  1711    19000.0000   357    19993.0000    17865.8048  1529838   10.64%
   2977  1714    19000.0000   334    19993.0000    17865.8048  1542620   10.64%
   2979  1716    19000.0000   317    19993.0000    17865.8048  1554275   10.64%
   2983  1720    19000.0000   181    19993.0000    17865.8048  1565448   10.64%
   2998  1735    19000.0000   154    19993.0000    17865.8048  1571786   10.64%
   3008  1745    19000.0000   181    19993.0000    17865.8048  1582166   10.64%
   3017  1754    19000.0000   194    19993.0000    17865.8048  1592698   10.64%
Elapsed time = 531.28 sec. (635153.63 ticks, tree = 8.31 MB, solutions = 7)
   3028  1765    19144.5128   256    19993.0000    17865.8048  1605214   10.64%
   3045  1776    17942.5133   276    19993.0000    17867.3194  1615998   10.63%
   3054  1785    18051.9900   252    19993.0000    17867.3194  1628589   10.63%
   3065  1796    18325.3173   226    19993.0000    17867.3194  1641689   10.63%
   3076  1807    18633.0320   239    19993.0000    17867.3194  1654227   10.63%
   3108  1837    19115.2487   199    19993.0000    17867.3194  1667248   10.63%
   3124  1849    17887.8835   274    19993.0000    17868.3967  1674601   10.63%
   3135  1860    17973.2596   263    19993.0000    17868.3967  1689438   10.63%
   3141  1866    18071.5623   244    19993.0000    17868.3967  1702115   10.63%
   3143  1868    18656.1126   275    19993.0000    17868.3967  1713911   10.63%
Elapsed time = 572.01 sec. (686462.97 ticks, tree = 8.65 MB, solutions = 7)
   3153  1878    18207.0000   187    19993.0000    17868.3967  1728706   10.63%
   3155  1880    18207.0000   279    19993.0000    17868.3967  1739228   10.63%
   3157  1882    18207.0000   328    19993.0000    17868.3967  1749578   10.63%
   3161  1886    18207.0000   241    19993.0000    17868.3967  1764121   10.63%
   3164  1889    18207.0000   280    19993.0000    17868.3967  1773461   10.63%
   3168  1893    18207.0000   234    19993.0000    17868.3967  1787119   10.63%
   3170  1895    18207.0000   204    19993.0000    17868.3967  1796671   10.63%
   3172  1897    18207.0000   113    19993.0000    17868.3967  1805515   10.63%
   3177  1902    18207.0000   286    19993.0000    17868.3967  1814987   10.63%
   3180  1905    18207.0000   227    19993.0000    17868.3967  1824579   10.63%
Elapsed time = 610.81 sec. (730845.39 ticks, tree = 8.75 MB, solutions = 7)
   3188  1913    18212.1751   315    19993.0000    17868.3967  1835382   10.63%
   3208  1933    18390.3732   286    19993.0000    17868.3967  1851078   10.63%
   3262  1980    19755.0000   119    19993.0000    17868.3967  1868127   10.63%
   3268  1983    18043.3093   220    19993.0000    17868.8662  1877319   10.62%
   3288  2003    18272.2175   374    19993.0000    17868.8662  1894417   10.62%
   3308  2023    18374.2816   176    19993.0000    17868.8662  1898893   10.62%
   3347  2060    19044.5000   185    19993.0000    17868.8662  1914852   10.62%
   3360  2066    19115.0000   185    19993.0000    17868.8662  1929365   10.62%
   3401  2103    18077.7735   222    19993.0000    17869.2887  1946908   10.62%
   3404  2106    18078.0000   226    19993.0000    17869.2887  1959862   10.62%
Elapsed time = 658.94 sec. (791672.63 ticks, tree = 9.44 MB, solutions = 7)
   3406  2108    18078.0000   156    19993.0000    17869.2887  1972960   10.62%
   3408  2110    18078.0000   112    19993.0000    17869.2887  1982329   10.62%
   3410  2112    18078.0000   367    19993.0000    17869.2887  1992528   10.62%
   3414  2116    18078.0000   325    19993.0000    17869.2887  2005136   10.62%
   3420  2122    18078.0000   206    19993.0000    17869.2887  2017046   10.62%
   3422  2124    18078.0000   237    19993.0000    17869.2887  2026470   10.62%
   3424  2126    18078.0000   323    19993.0000    17869.2887  2036835   10.62%
   3435  2137    18078.0000   153    19993.0000    17869.2887  2047210   10.62%
   3442  2144    18078.0000   191    19993.0000    17869.2887  2058730   10.62%
   3470  2172    18086.3624   328    19993.0000    17869.2887  2072128   10.62%
Elapsed time = 700.31 sec. (836911.26 ticks, tree = 9.76 MB, solutions = 7)
*  3508+ 2186                        19885.0000    17869.2887            10.14%
*  3508+ 2186                        19849.0000    17869.2887             9.97%
   3508  2188    18439.2993   187    19849.0000    17869.2887  2086311    9.97%
   3529  2203    18005.9851   342    19849.0000    17871.1519  2103552    9.96%
   3565  2239    18549.9641   265    19849.0000    17871.1519  2124733    9.96%
   3578  2247    17899.1547   278    19849.0000    17871.3268  2136375    9.96%
   3600  2269    18063.9379   234    19849.0000    17871.3268  2151684    9.96%
   3602  2271    18074.9768   193    19849.0000    17871.3268  2162565    9.96%
   3604  2273    18293.5411   178    19849.0000    17871.3268  2172484    9.96%
   3608  2277    18300.9599   226    19849.0000    17871.3268  2181375    9.96%
   3644  2312    18956.0000   158    19849.0000    17871.3268  2194062    9.96%
   3654  2322    18956.0000   202    19849.0000    17871.3268  2205374    9.96%
Elapsed time = 736.76 sec. (879779.66 ticks, tree = 10.08 MB, solutions = 9)
   3659  2327    18956.0000   261    19849.0000    17871.3268  2217482    9.96%
   3664  2332    18956.0000   191    19849.0000    17871.3268  2228903    9.96%
   3671  2335    17988.8214   254    19849.0000    17871.4120  2240562    9.96%
   3702  2366    18325.6291   286    19849.0000    17871.4120  2257222    9.96%
   3708  2372    18440.6374   255    19849.0000    17871.4120  2261977    9.96%
   3749  2411    18831.9411   182    19849.0000    17871.4120  2281379    9.96%
   3785  2441    18965.0000   166    19849.0000    17871.4120  2299320    9.96%
*  3808+ 2437                        19708.0000    17871.4120             9.32%
   3808  2439    19239.0000   135    19708.0000    17871.4120  2310798    9.32%
   3819  2444    17948.7932   261    19708.0000    17872.2933  2318100    9.31%
   3833  2458    18044.6764   284    19708.0000    17872.2933  2331956    9.31%
Elapsed time = 773.63 sec. (927548.05 ticks, tree = 10.37 MB, solutions = 10)
   3847  2468    17924.7795   274    19708.0000    17872.6973  2351650    9.31%
   3886  2507    18333.3484   253    19708.0000    17872.6973  2364747    9.31%
   3898  2518    19144.0597   224    19708.0000    17872.6973  2377311    9.31%
   3905  2522    19454.5906   208    19708.0000    17872.6973  2391571    9.31%
   3908  2523    19454.5906   231    19708.0000    17872.6973  2394708    9.31%
   3918  2531    19516.4706   148    19708.0000    17872.6973  2406262    9.31%
   3940  2546    17886.9047   246    19708.0000    17873.0477  2419128    9.31%
   3946  2552    17949.1111   231    19708.0000    17873.0477  2432421    9.31%
   3948  2554    17966.9062   313    19708.0000    17873.0477  2444815    9.31%
   3951  2557    18016.0013   242    19708.0000    17873.0477  2455605    9.31%
Elapsed time = 817.60 sec. (981819.85 ticks, tree = 10.66 MB, solutions = 10)
   3956  2562    18184.2646   232    19708.0000    17873.0477  2468891    9.31%
   3960  2566    18202.0684   246    19708.0000    17873.0477  2480396    9.31%
   3965  2571    18235.2684   254    19708.0000    17873.0477  2492080    9.31%
   3976  2578    18642.4203   202    19708.0000    17873.0477  2506020    9.31%
   3993  2588    17940.3552   277    19708.0000    17874.7266  2519550    9.30%
   4001  2596    18081.8445   227    19708.0000    17874.7266  2533558    9.30%
Starting limited solution polishing.
   4008  2603    18102.9475   235    19708.0000    17874.7266  2540729    9.30%
   4030  2625    18579.9743   226    19708.0000    17874.7266  2553671    9.30%
   4041  2632    17933.8125   218    19708.0000    17875.0581  2563541    9.30%
   4054  2645    18080.9892   262    19708.0000    17875.0581  2580969    9.30%
Elapsed time = 853.27 sec. (1025547.38 ticks, tree = 10.91 MB, solutions = 10)
   4061  2652    18190.9824   340    19708.0000    17875.0581  2597958    9.30%
   4069  2658    18320.6152   330    19708.0000    17875.0581  2613743    9.30%
   4090  2673    18012.7587   269    19708.0000    17876.1075  2628718    9.30%
   4099  2682    18146.0000   138    19708.0000    17876.1075  2645406    9.30%
   4102  2685    18146.0000   269    19708.0000    17876.1075  2658957    9.30%
   4107  2690    18146.0000   244    19708.0000    17876.1075  2671891    9.30%
   4108  2691    18146.0000   218    19708.0000    17876.1075  2671935    9.30%
   4125  2708    18148.9575   368    19708.0000    17876.1075  2685414    9.30%
   4170  2750    17914.2051   225    19708.0000    17876.3515  2700142    9.29%
   4176  2756    17916.0000   165    19708.0000    17876.3515  2713921    9.29%
Elapsed time = 899.62 sec. (1078575.24 ticks, tree = 11.24 MB, solutions = 10)

Clique cuts applied:  20
Cover cuts applied:  57
Flow cuts applied:  2
Mixed integer rounding cuts applied:  112
Zero-half cuts applied:  70
Lift and project cuts applied:  18
Gomory fractional cuts applied:  2

Root node processing (before b&c):
  Real time             =   17.49 sec. (20929.92 ticks)
Sequential b&c:
  Real time             =  882.52 sec. (1058082.58 ticks)
                          ------------
Total (root+branch&cut) =  900.01 sec. (1079012.50 ticks)
MIP: [1;32mCPLEX finished.[0m
MIP: [1;32mCPLEX status: Feasible[0m
CAN: [1;35mItem: 0, Level: 0, at bin: 5[0m
CAN: [1;35mItem: 0, Level: 1, at bin: 10[0m
CAN: [1;35mItem: 0, Level: 2, at bin: 4[0m
CAN: [1;35mItem: 1, Level: 0, at bin: 13[0m
CAN: [1;35mItem: 1, Level: 1, at bin: 1[0m
CAN: [1;35mItem: 1, Level: 2, at bin: 0[0m
CAN: [1;35mItem: 2, Level: 0, at bin: 1[0m
CAN: [1;35mItem: 2, Level: 1, at bin: 7[0m
CAN: [1;35mItem: 2, Level: 2, at bin: 10[0m
CAN: [1;35mItem: 3, Level: 0, at bin: 18[0m
CAN: [1;35mItem: 3, Level: 1, at bin: 19[0m
CAN: [1;35mItem: 3, Level: 2, at bin: 10[0m
CAN: [1;35mItem: 4, Level: 0, at bin: 2[0m
CAN: [1;35mItem: 4, Level: 1, at bin: 3[0m
CAN: [1;35mItem: 4, Level: 2, at bin: 0[0m
CAN: [1;35mItem: 5, Level: 0, at bin: 9[0m
CAN: [1;35mItem: 5, Level: 1, at bin: 14[0m
CAN: [1;35mItem: 5, Level: 2, at bin: 10[0m
CAN: [1;35mItem: 6, Level: 0, at bin: 2[0m
CAN: [1;35mItem: 6, Level: 1, at bin: 3[0m
CAN: [1;35mItem: 6, Level: 2, at bin: 0[0m
CAN: [1;35mItem: 7, Level: 0, at bin: 8[0m
CAN: [1;35mItem: 7, Level: 1, at bin: 8[0m
CAN: [1;35mItem: 7, Level: 2, at bin: 17[0m
CAN: [1;35mItem: 8, Level: 0, at bin: 6[0m
CAN: [1;35mItem: 8, Level: 1, at bin: 15[0m
CAN: [1;35mItem: 8, Level: 2, at bin: 7[0m
CAN: [1;35mItem: 9, Level: 0, at bin: 0[0m
CAN: [1;35mItem: 9, Level: 1, at bin: 3[0m
CAN: [1;35mItem: 9, Level: 2, at bin: 0[0m
CAN: [1;35mItem: 10, Level: 0, at bin: 12[0m
CAN: [1;35mItem: 10, Level: 1, at bin: 13[0m
CAN: [1;35mItem: 10, Level: 2, at bin: 17[0m
CAN: [1;35mItem: 11, Level: 0, at bin: 4[0m
CAN: [1;35mItem: 11, Level: 1, at bin: 19[0m
CAN: [1;35mItem: 11, Level: 2, at bin: 10[0m
CAN: [1;35mItem: 12, Level: 0, at bin: 15[0m
CAN: [1;35mItem: 12, Level: 1, at bin: 1[0m
CAN: [1;35mItem: 12, Level: 2, at bin: 0[0m
CAN: [1;35mItem: 13, Level: 0, at bin: 8[0m
CAN: [1;35mItem: 13, Level: 1, at bin: 8[0m
CAN: [1;35mItem: 13, Level: 2, at bin: 17[0m
CAN: [1;35mItem: 14, Level: 0, at bin: 1[0m
CAN: [1;35mItem: 14, Level: 1, at bin: 7[0m
CAN: [1;35mItem: 14, Level: 2, at bin: 10[0m
CAN: [1;35mItem: 15, Level: 0, at bin: 17[0m
CAN: [1;35mItem: 15, Level: 1, at bin: 13[0m
CAN: [1;35mItem: 15, Level: 2, at bin: 17[0m
CAN: [1;35mItem: 16, Level: 0, at bin: 5[0m
CAN: [1;35mItem: 16, Level: 1, at bin: 10[0m
CAN: [1;35mItem: 16, Level: 2, at bin: 4[0m
CAN: [1;35mItem: 17, Level: 0, at bin: 17[0m
CAN: [1;35mItem: 17, Level: 1, at bin: 13[0m
CAN: [1;35mItem: 17, Level: 2, at bin: 17[0m
CAN: [1;35mItem: 18, Level: 0, at bin: 19[0m
CAN: [1;35mItem: 18, Level: 1, at bin: 8[0m
CAN: [1;35mItem: 18, Level: 2, at bin: 17[0m
CAN: [1;35mItem: 19, Level: 0, at bin: 20[0m
CAN: [1;35mItem: 19, Level: 1, at bin: 16[0m
CAN: [1;35mItem: 19, Level: 2, at bin: 7[0m
CAN: [1;35mItem: 20, Level: 0, at bin: 12[0m
CAN: [1;35mItem: 20, Level: 1, at bin: 13[0m
CAN: [1;35mItem: 20, Level: 2, at bin: 17[0m
CAN: [1;35mItem: 21, Level: 0, at bin: 6[0m
CAN: [1;35mItem: 21, Level: 1, at bin: 15[0m
CAN: [1;35mItem: 21, Level: 2, at bin: 7[0m
CAN: [1;35mItem: 22, Level: 0, at bin: 8[0m
CAN: [1;35mItem: 22, Level: 1, at bin: 8[0m
CAN: [1;35mItem: 22, Level: 2, at bin: 17[0m
CAN: [1;35mItem: 23, Level: 0, at bin: 18[0m
CAN: [1;35mItem: 23, Level: 1, at bin: 19[0m
CAN: [1;35mItem: 23, Level: 2, at bin: 10[0m
CAN: [1;35mItem: 24, Level: 0, at bin: 4[0m
CAN: [1;35mItem: 24, Level: 1, at bin: 19[0m
CAN: [1;35mItem: 24, Level: 2, at bin: 10[0m
CAN: [1;35mItem: 25, Level: 0, at bin: 17[0m
CAN: [1;35mItem: 25, Level: 1, at bin: 13[0m
CAN: [1;35mItem: 25, Level: 2, at bin: 17[0m
CAN: [1;35mItem: 26, Level: 0, at bin: 9[0m
CAN: [1;35mItem: 26, Level: 1, at bin: 14[0m
CAN: [1;35mItem: 26, Level: 2, at bin: 10[0m
CAN: [1;35mItem: 27, Level: 0, at bin: 20[0m
CAN: [1;35mItem: 27, Level: 1, at bin: 16[0m
CAN: [1;35mItem: 27, Level: 2, at bin: 7[0m
CAN: [1;35mItem: 28, Level: 0, at bin: 13[0m
CAN: [1;35mItem: 28, Level: 1, at bin: 1[0m
CAN: [1;35mItem: 28, Level: 2, at bin: 0[0m
CAN: [1;35mItem: 29, Level: 0, at bin: 0[0m
CAN: [1;35mItem: 29, Level: 1, at bin: 3[0m
CAN: [1;35mItem: 29, Level: 2, at bin: 0[0m
MIP: [1;32mSolution: 
Indexes: [5, 13, 1, 18, 2, 9, 2, 8, 6, 0, 12, 4, 15, 8, 1, 17, 5, 17, 19, 20, 12, 6, 8, 18, 4, 17, 9, 20, 13, 0][3, 7, 3, -1, 19, 10, 15, -1, 8, 14, -1, -1, 13, 1, -1, 1, -1, 13, 19, 8, 16][-1, 0, -1, 0, -1, -1, -1, 10, 17, -1, 4, -1, -1, 17, 10, 7, 7, -1, -1, 10], P Variables: [5, 10, 4][13, 1, 0][1, 7, 10][18, 19, 10][2, 3, 0][9, 14, 10][2, 3, 0][8, 8, 17][6, 15, 7][0, 3, 0][12, 13, 17][4, 19, 10][15, 1, 0][8, 8, 17][1, 7, 10][17, 13, 17][5, 10, 4][17, 13, 17][19, 8, 17][20, 16, 7][12, 13, 17][6, 15, 7][8, 8, 17][18, 19, 10][4, 19, 10][17, 13, 17][9, 14, 10][20, 16, 7][13, 1, 0][0, 3, 0], Flow leaving each bin: [0m
MIP: [1;32mObjective value: 19708[0m
MIP: [1;32mLower Bound: 17876.4[0m
MIP: [1;32mBranch-and-Bound nodes: 4179[0m

# best solution:
best objective value:	19708
best dual bound value:	17876
optimality gap:	9.29572%
CPU time:	897.969
