ifile	/scratch/csagturk/mlbppo_inst/n0030_m04_p200__059.inst
prob	MLBPPO
threads	1
ttime	900
instance: /scratch/csagturk/mlbppo_inst/n0030_m04_p200__059.inst
	m=4, n=[30, 29, 31, 32, 32], #pos=60
MIP: [1;32minit CPLEX[0m
CAN: [1;35mcreated 3785 x_{ijk} variables[0m
CAN: [1;35mcreated 154 y_{ij} variables[0m
CAN: [1;35mcreated 3720 p_{ijk} variables[0m
MIP: [1;32mcreated decision variables[0m
CAN: [1;35madded 30 constraints to enforce the packing of each item[0m
CAN: [1;35madded 92 constraints to enforce the packing of each item[0m
CAN: [1;35madded 124 capacity constraints[0m
MIP: [1;32mcreated constraints[0m
MIP: [1;32mcreated objective function[0m
MIP: [1;32mcalling CPLEX solve ...[0m
Version identifier: 22.1.0.0 | 2022-03-09 | 1a383f8ce
CPXPARAM_Threads                                 1
CPXPARAM_TimeLimit                               900
Presolve has eliminated 32626 rows and 65201 columns...
Tried aggregator 2 times.
MIP Presolve eliminated 91067 rows and 65201 columns.
MIP Presolve added 4 rows and 0 columns.
MIP Presolve modified 4222 coefficients.
Aggregator did 172526 substitutions.
Reduced MIP has 170525 rows, 118223 columns, and 458940 nonzeros.
Reduced MIP has 62001 binaries, 0 generals, 0 SOSs, and 179 indicators.
Presolve time = 1.57 sec. (21865.80 ticks)
Probing time = 0.89 sec. (362.19 ticks)
Tried aggregator 3 times.
MIP Presolve added 5 rows and 0 columns.
MIP Presolve modified 2 coefficients.
Aggregator did 112173 substitutions.
Reduced MIP has 58357 rows, 6050 columns, and 234599 nonzeros.
Reduced MIP has 5958 binaries, 92 generals, 0 SOSs, and 179 indicators.
Presolve time = 0.44 sec. (377.54 ticks)
Probing fixed 0 vars, tightened 99 bounds.
Probing time = 0.32 sec. (576.77 ticks)
Tried aggregator 1 time.
Detecting symmetries...
MIP Presolve eliminated 276 rows and 363 columns.
Reduced MIP has 58081 rows, 5687 columns, and 233868 nonzeros.
Reduced MIP has 5687 binaries, 0 generals, 0 SOSs, and 0 indicators.
Presolve time = 0.21 sec. (188.29 ticks)
Probing time = 0.01 sec. (7.16 ticks)
Clique table members: 112399.
MIP emphasis: balance optimality and feasibility.
MIP search method: dynamic search.
Parallel mode: none, using 1 thread.
Root relaxation solution time = 0.12 sec. (167.41 ticks)

        Nodes                                         Cuts/
   Node  Left     Objective  IInf  Best Integer    Best Bound    ItCnt     Gap

      0     0    23314.2427   174                  23314.2427     1073         
      0     0    23536.1316   244                   Cuts: 148     6389         
      0     0    23594.3142   291                   Cuts: 117    10466         
      0     0    23609.8259   322                   Cuts: 187    12653         
      0     0    23639.0389   371                   Cuts: 153    16516         
      0     0    23653.6228   421                   Cuts: 161    18874         
      0     0    23664.8223   336                    Cuts: 98    20323         
      0     0    23681.2794   392                   Cuts: 117    22744         
      0     0    23695.0157   333                   Cuts: 137    25947         
      0     0    23697.1756   334                   Cuts: 164    28322         
      0     0    23705.9784   304                   Cuts: 156    33527         
      0     0    23711.0964   312                   Cuts: 107    35589         
      0     0    23720.6345   314                   Cuts: 119    44911         
      0     0    23734.5317   308                   Cuts: 131    48720         
      0     0    23740.8627   322                   Cuts: 115    50860         
      0     0    23745.0881   324                   Cuts: 173    53371         
      0     0    23750.1936   354                    Cuts: 75    57490         
      0     0    23755.4478   331                    Cuts: 89    59289         
      0     0    23765.7083   375                   Cuts: 111    61662         
      0     0    23769.0154   396                    Cuts: 97    63663         
      0     0    23780.3990   368                   Cuts: 108    65090         
      0     0    23786.9355   364                    Cuts: 92    67759         
      0     0    23794.9348   373                    Cuts: 66    69459         
      0     0    23801.9069   354                   Cuts: 131    70665         
      0     0    23809.6058   393                   Cuts: 137    72430         
      0     0    23820.4592   358                   Cuts: 143    74917         
      0     0    23828.9390   389                    Cuts: 80    76409         
      0     0    23835.5600   342                    Cuts: 86    78697         
      0     0    23838.0417   338                    Cuts: 80    80400         
      0     2    23838.0417   337                  23838.1254    80400         
Elapsed time = 82.62 sec. (100348.44 ticks, tree = 0.01 MB, solutions = 0)
      2     4    23846.6048   325                  23846.6048    83145         
      5     7    23846.6048   287                  23846.6048    83604         
      6     8    23861.2498   413                  23846.6048    85306         
      7     9    23868.6234   362                  23846.6048    87382         
      8    10    23864.4526   292                  23846.6048    90255         
      9    11    23864.7053   289                  23846.6048    92580         
     10    12    23879.2958   310                  23846.6048    95361         
     11    13    23869.5340   295                  23846.6048    96868         
     12    14    23869.5340   353                  23846.6048    97622         
     13    15    23880.1388   327                  23846.6048   100064         
Elapsed time = 95.73 sec. (114414.47 ticks, tree = 0.57 MB, solutions = 0)
     15    17    23880.1388   319                  23846.6048   102199         
     17    19    23880.1388   309                  23846.6048   104054         
     22    24    23894.6296   340                  23846.6048   106303         
     23    25    23881.2527   312                  23846.6048   108425         
     24    26    23883.8418   368                  23846.6048   110025         
     30    32    23882.1323   306                  23846.6048   111144         
     37    39    23909.0392   316                  23846.6048   112992         
     39    41    23944.1971   325                  23846.6048   115199         
     44    46    24094.4807   332                  23846.6048   120345         
     46    48    24151.7940   306                  23846.6048   123669         
Elapsed time = 110.25 sec. (128030.57 ticks, tree = 12.46 MB, solutions = 0)
     49    51    24165.4951   315                  23846.6048   126121         
     50    52    24165.4951   302                  23846.6048   126228         
     54    56    24187.0970   305                  23846.6048   128990         
     62    64    24195.5295   332                  23846.6048   131130         
     70    72    24198.7877   333                  23846.6048   131932         
     80    82    24250.2238   312                  23846.6048   133331         
     86    88    24402.0034   319                  23846.6048   136073         
     94    96    24561.7341   280                  23846.6048   138586         
    103   105    24876.0768   236                  23846.6048   140863         
    110   112    25098.8347   213                  23846.6048   143867         
Elapsed time = 125.04 sec. (141759.73 ticks, tree = 40.24 MB, solutions = 0)
    114   116    25339.0481   279                  23846.6048   146632         
    120   122    25341.3061   225                  23846.6048   149388         
    130   132    26197.7558   243                  23846.6048   152978         
    140   142    27720.7035   172                  23846.6048   154161         
    166   166    29694.9634   153                  23846.6048   156473         
    186   186    31242.8199   161                  23846.6048   159090         
    209   197    23846.6048   335                  23846.6048   161496         
    219   207    23859.5436   354                  23846.6048   163220         
    220   208    23881.4638   408                  23846.6048   165004         
    230   218    24069.1609   411                  23846.6048   172579         
Elapsed time = 141.09 sec. (157165.34 ticks, tree = 88.93 MB, solutions = 0)
    232   220    23870.2856   397                  23846.6048   174762         
    236   224    23870.2856   392                  23846.6048   178384         
    240   228    23861.4772   355                  23846.6048   179045         
    241   229    23881.4953   374                  23846.6048   180674         
    246   234    23954.3153   390                  23846.6048   183876         
    248   236    23862.3433   397                  23846.6048   185542         
    251   239    23861.4772   378                  23846.6048   186974         
    253   241    23901.5740   393                  23846.6048   189468         
    255   243    23875.8118   385                  23846.6048   191333         
    257   245    23878.3609   382                  23846.6048   194197         
Elapsed time = 159.01 sec. (174951.55 ticks, tree = 100.75 MB, solutions = 0)
    260   248    23878.3609   330                  23846.6048   195657         
    261   249    23883.5349   372                  23846.6048   197975         
    262   250    23902.3596   360                  23846.6048   200392         
    264   252    23887.5831   351                  23846.6048   201908         
    270   258    23923.6920   353                  23846.6048   203743         
    273   261    23953.7785   365                  23846.6048   206662         
    275   263    23916.6553   390                  23846.6048   208800         
    276   264    23975.7869   300                  23846.6048   211034         
    280   268    24061.0105   284                  23846.6048   214024         
    284   272    24090.8758   324                  23846.6048   216988         
Elapsed time = 174.70 sec. (188813.13 ticks, tree = 112.60 MB, solutions = 0)
    288   276    24113.5871   293                  23846.6048   219412         
    293   281    24391.8448   297                  23846.6048   221654         
    301   289    24519.8085   275                  23846.6048   224048         
    305   293    24688.6104   290                  23846.6048   226651         
    310   298    24569.4147   260                  23846.6048   229309         
    320   308    24585.8362   272                  23846.6048   232860         
    325   313    24924.4031   297                  23846.6048   237361         
    331   319    26238.9749   303                  23846.6048   242753         
    340   328    26989.2420   206                  23846.6048   246969         
    354   342    27561.9311   170                  23846.6048   251164         
Elapsed time = 187.61 sec. (200885.10 ticks, tree = 123.95 MB, solutions = 0)
    364   352    27598.9183   226                  23846.6048   256536         
    374   362    27598.9183   215                  23846.6048   261763         
    390   378    29917.3370   127                  23846.6048   266022         
    427   415    30906.5922   120                  23846.6048   267370         
    457   443    33278.7991   145                  23846.6048   269539         
    489   463    23850.8945   311                  23846.6048   271771         
    491   465    23846.6048   317                  23846.6048   272247         
    494   468    23846.6048   309                  23846.6048   272380         
    501   475    23861.2498   374                  23846.6048   275402         
    506   480    23861.2498   320                  23846.6048   278648         
Elapsed time = 196.73 sec. (213095.92 ticks, tree = 124.81 MB, solutions = 0)
    508   482    23861.2498   303                  23846.6048   281290         
    510   484    23870.0745   282                  23846.6048   284044         
    512   486    23870.0745   305                  23846.6048   286215         
    514   488    23870.0745   305                  23846.6048   287988         
    517   491    23874.7269   308                  23846.6048   290247         
    520   494    23875.1967   298                  23846.6048   292555         
    522   496    23876.2544   305                  23846.6048   294561         
    524   498    23877.7718   355                  23846.6048   296825         
    525   499    23891.9650   394                  23846.6048   299461         
    527   501    23906.1949   413                  23846.6048   302150         
Elapsed time = 215.09 sec. (231620.98 ticks, tree = 124.99 MB, solutions = 0)
    529   503    23965.8163   412                  23846.6048   306620         
    531   505    24041.2051   338                  23846.6048   310296         
    532   506    24280.9687   346                  23846.6048   314543         
    534   508    24292.8794   377                  23846.6048   317241         
    535   509    24297.8981   361                  23846.6048   319864         
    536   510    24324.9057   380                  23846.6048   323018         
    537   511    24333.0102   410                  23846.6048   325588         
    538   512    24345.8726   349                  23846.6048   328118         
    539   513    24349.8940   341                  23846.6048   329886         
    541   515    24389.3311   373                  23846.6048   335554         
Elapsed time = 234.13 sec. (248985.49 ticks, tree = 125.14 MB, solutions = 0)
    554   528    24439.3053   357                  23846.6048   345088         
    556   530    24837.7402   400                  23846.6048   355591         
    560   534    24874.5300   340                  23846.6048   360647         
    565   539    24986.3559   273                  23846.6048   366861         
    568   542    24995.5613   345                  23846.6048   374426         
    570   544    25127.4657   345                  23846.6048   380477         
    602   572    23850.8945   339                  23846.6048   387628         
    625   595    23864.9786   327                  23846.6048   395290         
    629   599    23872.1127   379                  23846.6048   401409         
    639   609    23885.3902   401                  23846.6048   407891         
Elapsed time = 286.24 sec. (295756.93 ticks, tree = 157.21 MB, solutions = 0)
    641   611    23886.5806   409                  23846.6048   409900         
    662   632    23981.5707   350                  23846.6048   417031         
    668   638    24113.9269   352                  23846.6048   425654         
    702   672    24571.9138   288                  23846.6048   432185         
    733   703    25797.1695   320                  23846.6048   441891         
    754   720    23861.2498   333                  23846.6048   450657         
    762   728    23900.3393   364                  23846.6048   457569         
    778   744    23868.8610   342                  23846.6048   464295         
    794   760    24057.0008   388                  23846.6048   471916         
    804   770    24276.1770   360                  23846.6048   479491         
Elapsed time = 332.00 sec. (338700.64 ticks, tree = 228.23 MB, solutions = 0)
    814   780    24461.7172   332                  23846.6048   487022         
    831   797    24810.5023   383                  23846.6048   495019         
    837   803    25179.1377   377                  23846.6048   502081         
    861   827    25611.2593   330                  23846.6048   510582         
    883   849    26694.3068   251                  23846.6048   519878         
    918   884    30558.8292   252                  23846.6048   531934         
    978   940    33595.0417   133                  23846.6048   543622         
   1008   960    23861.2630   369                  23846.6048   553357         
   1011   963    23861.2630   377                  23846.6048   559430         
   1013   965    23861.2630   360                  23846.6048   564921         
Elapsed time = 375.56 sec. (380829.09 ticks, tree = 317.92 MB, solutions = 0)
   1016   968    23861.2630   411                  23846.6048   571167         
   1027   979    23888.4470   381                  23846.6048   578404         
   1056  1008    23995.2120   309                  23846.6048   586013         
   1069  1021    24112.0799   314                  23846.6048   594335         
   1090  1042    24860.2428   265                  23846.6048   603607         
   1113  1065    27472.9063   339                  23846.6048   612939         
   1135  1085    30058.4350   196                  23846.6048   619983         
   1204  1154    23861.5569   375                  23846.6048   628724         
   1225  1175    23880.2990   421                  23846.6048   635138         
   1252  1202    24158.4708   307                  23846.6048   642147         
Elapsed time = 420.40 sec. (422386.99 ticks, tree = 425.86 MB, solutions = 0)
   1318  1268    24693.2525   290                  23846.6048   649895         
   1387  1331    23861.5720   396                  23846.6048   659917         
   1390  1334    23861.5720   347                  23846.6048   666266         
   1393  1337    23861.5720   363                  23846.6048   674150         
   1395  1339    23862.1028   343                  23846.6048   679155         
   1398  1342    23865.2516   355                  23846.6048   684314         
   1409  1353    23881.9775   458                  23846.6048   690541         

Performing restart 1

Repeating presolve.
Tried aggregator 1 time.
MIP Presolve modified 40959 coefficients.
Reduced MIP has 58081 rows, 5687 columns, and 213708 nonzeros.
Reduced MIP has 5687 binaries, 0 generals, 0 SOSs, and 0 indicators.
Presolve time = 0.17 sec. (190.94 ticks)
Tried aggregator 1 time.
MIP Presolve modified 10631 coefficients.
Reduced MIP has 58081 rows, 5687 columns, and 208338 nonzeros.
Reduced MIP has 5687 binaries, 0 generals, 0 SOSs, and 0 indicators.
Presolve time = 0.18 sec. (177.19 ticks)
Represolve time = 0.57 sec. (590.26 ticks)
   1416     0    23843.3165   414                    Cuts: 74   699425         
   1416     0    23872.1005   352                   Cuts: 121   703834         
   1416     0    23873.3564   367                   Cuts: 123   704993         
   1416     0    23875.0782   373                   Cuts: 142   708004         
   1416     0    23888.2450   348                   Cuts: 129   712283         
   1416     0    23904.3275   329                   Cuts: 129   716705         
   1416     0    23906.7048   336                   Cuts: 161   719205         
   1416     0    23908.7395   352                   Cuts: 198   721690         
   1416     0    23909.6328   364                   Cuts: 213   723283         
   1416     0    23912.1585   362                    Cuts: 97   724378         
   1416     0    23912.4029   381                    Cuts: 96   726371         
   1416     0    23913.1626   358                    Cuts: 69   728213         
   1416     0    23913.5760   422                    Cuts: 61   729386         
   1416     0    23913.5760   408                    Cuts: 37   730623         
   1416     0    23913.8928   366                   Cuts: 131   733373         
   1416     0    23914.0905   433                   Cuts: 113   735364         
   1416     0    23914.1017   442                    Cuts: 36   737482         
   1416     0    23914.1175   388                    Cuts: 44   738425         
   1416     0    23915.4798   425                   Cuts: 141   739871         
   1416     2    23915.4798   349                  23915.5512   739871         
   1417     3    23926.0441   339                  23928.3345   740837         
   1418     4    23933.8643   350                  23929.5971   742684         
Elapsed time = 566.61 sec. (569337.62 ticks, tree = 0.02 MB, solutions = 0)
   1419     5    23978.0959   376                  23934.0907   747178         
   1420     6    23938.3736   346                  23935.2197   748683         
   1421     7    23942.7214   336                  23935.2197   751035         
   1422     8    23945.1603   317                  23935.2197   753213         
   1423     9    23957.9320   323                  23935.2197   756270         
   1424    10    23955.3343   302                  23935.2197   758600         
   1426    12    23961.1308   327                  23935.2197   759751         
   1428    14    23962.0071   287                  23935.2197   761807         
   1429    15    23963.1318   364                  23935.2197   763610         
   1430    16    23970.2843   332                  23935.2197   767975         
Elapsed time = 678.10 sec. (679962.86 ticks, tree = 1.02 MB, solutions = 0)
   1431    17    23973.5004   356                  23935.2197   770358         
   1432    18    23975.2324   300                  23935.2197   773041         
   1433    19    23978.6281   319                  23935.2197   775325         
   1434    20    23975.9469   320                  23935.2197   776677         
   1435    21    23981.4028   317                  23935.2197   779209         
   1436    22    23981.7780   298                  23935.2197   781116         
   1437    23    23984.5435   301                  23935.2197   784544         
   1438    24    23998.0047   277                  23935.2197   790006         
   1439    25    23989.5965   275                  23935.2197   793254         
   1441    27    24001.3979   209                  23935.2197   795196         
Elapsed time = 810.17 sec. (801569.49 ticks, tree = 2.91 MB, solutions = 0)
   1444    30    24182.2924   217                  23935.2197   796952         
   1450    36    24012.3953   194                  23935.2197   799532         
   1454    40    24012.3953   234                  23935.2197   805262         
   1456    42    24012.3953   193                  23935.2197   814337         
   1457    43    24012.3953   256                  23935.2197   820351         
   1459    45    24054.4084   288                  23935.2197   823845         
   1462    48    24025.5125   277                  23935.2197   826011         
   1466    52    24026.5801   272                  23935.2197   829679         
   1471    57    24064.4228   313                  23935.2197   838132         
   1478    64    24156.9797   287                  23935.2197   841104         
Elapsed time = 895.25 sec. (888533.65 ticks, tree = 3.25 MB, solutions = 0)
   1485    71    24052.7069   285                  23935.2197   844895         

Clique cuts applied:  6
Cover cuts applied:  59
Implied bound cuts applied:  68
Flow cuts applied:  6
Mixed integer rounding cuts applied:  206
Zero-half cuts applied:  82
Lift and project cuts applied:  8
Gomory fractional cuts applied:  6

Root node processing (before b&c):
  Real time             =   82.42 sec. (99914.80 ticks)
Sequential b&c:
  Real time             =  817.58 sec. (793532.59 ticks)
                          ------------
Total (root+branch&cut) =  900.00 sec. (893447.39 ticks)
MIP: [1;32mCPLEX finished.[0m
MIP: [1;32mCPLEX status: Unknown[0m
MIP: [1;32mNo feasible solution exits[0m
