ifile	/scratch/csagturk/mlbppo_inst/n0030_m04_p200__068.inst
prob	MLBPPO
threads	1
ttime	900
instance: /scratch/csagturk/mlbppo_inst/n0030_m04_p200__068.inst
	m=4, n=[30, 29, 26, 26, 28], #pos=60
MIP: [1;32minit CPLEX[0m
CAN: [1;35mcreated 3028 x_{ijk} variables[0m
CAN: [1;35mcreated 139 y_{ij} variables[0m
CAN: [1;35mcreated 3270 p_{ijk} variables[0m
MIP: [1;32mcreated decision variables[0m
CAN: [1;35madded 30 constraints to enforce the packing of each item[0m
CAN: [1;35madded 81 constraints to enforce the packing of each item[0m
CAN: [1;35madded 109 capacity constraints[0m
MIP: [1;32mcreated constraints[0m
MIP: [1;32mcreated objective function[0m
MIP: [1;32mcalling CPLEX solve ...[0m
Version identifier: 22.1.0.0 | 2022-03-09 | 1a383f8ce
CPXPARAM_Threads                                 1
CPXPARAM_TimeLimit                               900
Presolve has eliminated 26355 rows and 52909 columns...
Tried aggregator 2 times.
MIP Presolve eliminated 74167 rows and 52909 columns.
MIP Presolve added 2 rows and 0 columns.
MIP Presolve modified 3522 coefficients.
Aggregator did 121225 substitutions.
Reduced MIP has 119660 rows, 83380 columns, and 326207 nonzeros.
Reduced MIP has 44047 binaries, 0 generals, 0 SOSs, and 154 indicators.
Presolve time = 1.09 sec. (11481.79 ticks)
Probing time = 0.67 sec. (267.55 ticks)
Tried aggregator 3 times.
MIP Presolve added 8 rows and 0 columns.
MIP Presolve modified 38 coefficients.
Aggregator did 78431 substitutions.
Reduced MIP has 41237 rows, 4949 columns, and 169353 nonzeros.
Reduced MIP has 4868 binaries, 81 generals, 0 SOSs, and 154 indicators.
Presolve time = 0.31 sec. (276.37 ticks)
Probing fixed 0 vars, tightened 83 bounds.
Probing time = 0.20 sec. (336.80 ticks)
Tried aggregator 1 time.
Detecting symmetries...
MIP Presolve eliminated 243 rows and 316 columns.
Reduced MIP has 40994 rows, 4633 columns, and 168713 nonzeros.
Reduced MIP has 4633 binaries, 0 generals, 0 SOSs, and 0 indicators.
Presolve time = 0.14 sec. (134.49 ticks)
Probing time = 0.01 sec. (6.18 ticks)
Clique table members: 81002.
MIP emphasis: balance optimality and feasibility.
MIP search method: dynamic search.
Parallel mode: none, using 1 thread.
Root relaxation solution time = 0.08 sec. (111.88 ticks)

        Nodes                                         Cuts/
   Node  Left     Objective  IInf  Best Integer    Best Bound    ItCnt     Gap

      0     0    20950.2538   143                  20950.2538      784         
      0     0    21066.7417   266                   Cuts: 158     2492         
      0     0    21155.7866   283                   Cuts: 119     5990         
      0     0    21223.2408   291                   Cuts: 137    10139         
      0     0    21250.2873   295                   Cuts: 104    14711         
      0     0    21264.0567   299                   Cuts: 155    17418         
      0     0    21277.0066   355                    Cuts: 91    20256         
      0     0    21289.6597   336                   Cuts: 134    22912         
      0     0    21303.5243   354                   Cuts: 128    24723         
      0     0    21338.6718   340                    Cuts: 84    26999         
      0     0    21345.0119   370                   Cuts: 140    29091         
      0     0    21382.6341   389                   Cuts: 123    30128         
      0     0    21402.8615   358                   Cuts: 123    31091         
      0     0    21420.4286   373                   Cuts: 159    32316         
      0     0    21439.7306   353                   Cuts: 106    34956         
      0     0    21453.3893   352                   Cuts: 142    36494         
      0     0    21468.3969   407                   Cuts: 111    37817         
      0     0    21479.9858   368                   Cuts: 137    39473         
      0     0    21498.4431   329                    Cuts: 95    40157         
      0     0    21510.7415   343                   Cuts: 100    41488         
      0     0    21516.9592   337                    Cuts: 99    42041         
      0     0    21519.3787   391                   Cuts: 116    42632         
      0     0    21524.2098   282                    Cuts: 91    44296         
      0     0    21527.2721   287                    Cuts: 99    45279         
      0     2    21527.2721   287                  21527.2813    45279         
Elapsed time = 38.60 sec. (53115.86 ticks, tree = 0.01 MB, solutions = 0)
      2     4    21555.7083   286                  21527.2813    46600         
      3     5    21535.3703   288                  21527.2813    47507         
      5     7    21554.3298   328                  21527.2813    48823         
      7     9    21583.4816   335                  21527.2813    51373         
      9    11    21587.4429   279                  21527.2813    53172         
     10    12    21584.5148   250                  21527.2813    54069         
     15    17    21584.5148   256                  21527.2813    55086         
     25    27    21595.4069   363                  21527.2813    56652         
     26    28    21598.0076   340                  21527.2813    58161         
     43    45    21672.9654   284                  21527.2813    61515         
Elapsed time = 42.66 sec. (57563.76 ticks, tree = 2.48 MB, solutions = 0)
     44    46    21609.9859   426                  21527.2813    64168         
     48    50    21718.0728   394                  21527.2813    67733         
     60    62    21794.7874   314                  21527.2813    72534         
     89    90    22228.0853   311                  21527.2813    77262         
     94    95    22371.1413   315                  21527.2813    79349         
    103   104    22374.3538   292                  21527.2813    84097         
    112   113    22547.2689   286                  21527.2813    86749         
    126   127    22657.6115   295                  21527.2813    91895         
    146   147    25169.0546   145                  21527.2813    98428         
    162   163    25251.6511   148                  21527.2813    99693         
Elapsed time = 53.00 sec. (68770.20 ticks, tree = 3.91 MB, solutions = 0)
    204   203    26692.0449   126                  21527.2813   106292         
    268   265    31902.2730    55                  21527.2813   110029         
    306   288    21562.1594   336                  21534.2636   113502         
    313   295    21633.6688   412                  21534.2636   120558         
    314   296    21595.1602   549                  21534.2636   123979         
    320   302    21595.9402   423                  21534.2636   126672         
    330   312    21595.9402   399                  21534.2636   129593         
    334   316    21595.9402   415                  21534.2636   132240         
    340   322    21596.2799   362                  21534.2636   134096         
    347   329    21611.6107   353                  21534.2636   138830         
Elapsed time = 63.15 sec. (80379.38 ticks, tree = 5.40 MB, solutions = 0)
    353   335    21650.7870   355                  21534.2636   143572         
    360   342    21672.0663   414                  21534.2636   147474         
    378   360    21706.5677   317                  21534.2636   152178         
    387   369    21744.0574   358                  21534.2636   154380         
    400   382    21992.6338   315                  21534.2636   162191         
    407   389    21888.3585   303                  21534.2636   166698         
    413   395    21849.4775   330                  21534.2636   171104         
    420   402    22677.8694   210                  21534.2636   175810         
    436   418    23904.0364   143                  21534.2636   181603         
    459   441    24628.9417   136                  21534.2636   186219         
Elapsed time = 72.80 sec. (91172.86 ticks, tree = 6.17 MB, solutions = 0)
    480   462    23924.4277   115                  21534.2636   188898         
    527   505    21540.5580   399                  21535.4278   193660         
    543   521    21593.8619   304                  21538.8422   198671         
    553   531    21609.3037   359                  21538.8422   202417         
    560   538    21613.1193   332                  21538.8422   203672         
    572   550    21617.1769   405                  21538.8422   207799         
    576   554    21623.0353   390                  21538.8422   212338         
    594   572    21710.4678   332                  21538.8422   216700         
    600   578    21888.9708   264                  21538.8422   220778         
    604   582    21604.4479   419                  21540.5580   226389         
Elapsed time = 83.00 sec. (103225.59 ticks, tree = 7.15 MB, solutions = 0)
    618   596    21581.6417   340                  21540.5580   228962         
    622   600    21606.3871   391                  21540.5580   233718         
    627   605    21626.7384   348                  21540.5580   238630         
    631   609    21722.1352   370                  21540.5580   244345         
    640   618    21660.4909   331                  21540.5580   248860         
    656   634    21686.1359   302                  21540.5580   254467         
    661   639    21706.1145   364                  21540.5580   259932         
    670   648    21854.2225   324                  21540.5580   265358         
    680   658    21881.8291   324                  21540.5580   269174         
    689   667    22159.7897   322                  21540.5580   275984         
Elapsed time = 93.72 sec. (114720.72 ticks, tree = 12.12 MB, solutions = 0)
    696   674    22254.6534   276                  21540.5580   281089         
    705   683    22905.2975   246                  21540.5580   287885         
    714   692    22302.2726   179                  21540.5580   291964         
    720   698    22302.2726   181                  21540.5580   292987         
    728   706    23678.7439   220                  21540.5580   297998         
    737   715    23827.9975   182                  21540.5580   302596         
    762   740    23865.3175   235                  21540.5580   308070         
    784   754    21540.5580   449                  21540.5580   313453         
    796   766    21563.4648   372                  21540.5580   319638         
    800   770    21669.9015   448                  21540.5580   324337         
Elapsed time = 105.32 sec. (127164.09 ticks, tree = 12.82 MB, solutions = 0)
    810   780    21617.7165   476                  21540.5580   328840         
    812   782    21600.6953   381                  21540.5580   332766         
    815   785    21697.0683   454                  21540.5580   339626         
    817   787    21618.9768   375                  21540.5580   343076         
    820   790    21618.9768   330                  21540.5580   346793         
    828   798    21618.9768   258                  21540.5580   349236         
    833   803    21618.9768   259                  21540.5580   353311         
    840   810    21637.2395   343                  21540.5580   355876         
    845   815    21657.8311   334                  21540.5580   361470         
    856   826    21862.3856   343                  21540.5580   368164         
Elapsed time = 116.57 sec. (139029.27 ticks, tree = 13.19 MB, solutions = 0)
    863   833    21821.1341   332                  21540.5580   372956         
    869   839    21810.8650   346                  21540.5580   377146         
    877   847    22106.2487   328                  21540.5580   383580         
    882   852    21909.0199   328                  21540.5580   385662         
    892   862    22411.6817   305                  21540.5580   391374         
    911   881    25540.3223   211                  21540.5580   398296         
    945   915    26015.8099    72                  21540.5580   402351         
    970   928    21592.9197   325                  21540.5580   406609         
    975   933    21599.2382   388                  21540.5580   412663         
    980   938    21602.0719   332                  21540.5580   417947         
Elapsed time = 126.15 sec. (149729.70 ticks, tree = 13.96 MB, solutions = 0)
    987   945    21686.4216   363                  21540.5580   422948         

Performing restart 1

Repeating presolve.
Tried aggregator 1 time.
MIP Presolve modified 34845 coefficients.
Reduced MIP has 40994 rows, 4633 columns, and 151423 nonzeros.
Reduced MIP has 4633 binaries, 0 generals, 0 SOSs, and 0 indicators.
Presolve time = 0.12 sec. (136.54 ticks)
Tried aggregator 1 time.
MIP Presolve modified 4360 coefficients.
Reduced MIP has 40994 rows, 4633 columns, and 149109 nonzeros.
Reduced MIP has 4633 binaries, 0 generals, 0 SOSs, and 0 indicators.
Presolve time = 0.12 sec. (122.26 ticks)
Represolve time = 0.41 sec. (440.37 ticks)
    992     0    21529.6855   318                   Cuts: 129   431726         
    992     0    21532.2923   291                   Cuts: 128   432950         
    992     0    21534.8839   348                   Cuts: 125   434520         
    992     0    21536.4271   376                   Cuts: 135   435440         
    992     0    21536.8657   345                   Cuts: 136   436210         
    992     0    21538.2491   293                   Cuts: 124   436930         
    992     0    21538.6622   347                   Cuts: 109   438744         
    992     0    21538.9734   347                   Cuts: 123   439652         
    992     0    21539.6261   354                   Cuts: 102   441305         
    992     0    21540.6215   292                   Cuts: 116   442893         
    992     0    21542.1031   314                   Cuts: 120   444365         
    992     0    21542.9220   323                   Cuts: 104   447099         
    992     0    21543.2677   419                   Cuts: 100   447974         
    992     0    21544.2953   298                    Cuts: 66   448632         
    992     0    21544.3001   315                    Cuts: 73   449331         
    992     0    21544.4667   336                    Cuts: 79   450035         
    992     0    21545.7020   321                    Cuts: 85   450969         
    992     2    21545.7020   216                  21545.7743   450969         
    993     3    21547.9395   267                  21548.1499   451914         
    995     5    21597.3787   291                  21549.7116   455511         
    996     6    21605.4260   368                  21549.7116   458412         
    997     7    21606.8156   337                  21549.7116   459910         
    998     8    21608.2575   401                  21549.7116   461388         
    999     9    21622.3057   546                  21549.7116   467308         
   1000    10    21612.5306   345                  21549.7116   468098         
   1001    11    21614.1346   365                  21549.7116   468869         
Elapsed time = 250.15 sec. (269000.01 ticks, tree = 0.37 MB, solutions = 0)
   1003    13    21614.5478   331                  21549.7116   470796         
   1004    14    21615.7768   390                  21549.7116   472119         
   1007    17    21631.1969   354                  21549.7116   475778         
   1008    18    21635.6364   425                  21549.7116   478069         
   1010    20    21641.2691   271                  21549.7116   481161         
   1015    25    21742.5882   378                  21549.7116   484452         
   1016    26    21744.4975   427                  21549.7116   486989         
   1017    27    21744.5661   394                  21549.7116   487287         
   1020    30    21816.0409   319                  21549.7116   490916         
   1027    37    21753.8494   300                  21549.7116   492755         
Elapsed time = 317.01 sec. (332008.88 ticks, tree = 0.85 MB, solutions = 0)
   1032    42    21754.0354   298                  21549.7116   496385         
   1040    50    21771.8056   310                  21549.7116   501488         
   1041    51    22184.8361   525                  21549.7116   507056         
   1043    53    21803.7414   259                  21549.7116   511993         
   1044    54    21773.6250   319                  21549.7116   514403         
   1045    55    21775.8750   254                  21549.7116   517456         
   1046    56    21822.7266   225                  21549.7116   521094         
   1047    57    21780.5451   283                  21549.7116   521768         
   1049    59    21911.2206   415                  21549.7116   529313         
   1050    60    21783.4197   282                  21549.7116   532586         
Elapsed time = 398.80 sec. (410312.60 ticks, tree = 1.01 MB, solutions = 0)
   1052    62    21783.6429   261                  21549.7116   533166         
   1054    64    21794.2500   218                  21549.7116   536563         
   1055    65    22307.1308   341                  21549.7116   541029         
   1057    67    22123.0000   272                  21549.7116   544261         
   1059    69    21965.3333   254                  21549.7116   549427         
   1060    70    21979.9688   376                  21549.7116   552718         
   1061    71    21976.2500   283                  21549.7116   554919         
   1063    73    21981.2857   277                  21549.7116   559492         
   1064    74    21981.2857   306                  21549.7116   561807         
   1065    75    21986.1923   486                  21549.7116   566343         
Elapsed time = 463.27 sec. (472237.44 ticks, tree = 2.37 MB, solutions = 0)
   1070    80    22027.2044   394                  21549.7116   568825         
   1075    85    22028.2376   398                  21549.7116   574814         
   1079    89    22029.2376   367                  21549.7116   575934         
   1082    92    23115.3061   363                  21549.7116   582131         
   1091   101    24547.3200   216                  21549.7116   587471         
   1092   102    22029.5569   329                  21549.7116   587588         
   1106   116    22030.2425   400                  21549.7116   589280         
   1114   124    22030.5339   344                  21549.7116   589710         
   1121   131    23148.1261   279                  21549.7116   592835         
   1139   149    22031.2807   330                  21549.7116   593701         
Elapsed time = 522.19 sec. (531523.86 ticks, tree = 5.08 MB, solutions = 0)
   1140   150    22446.0531   291                  21549.7116   599953         
   1144   154    22725.3687   357                  21549.7116   603392         
   1172   182    22033.1520   330                  21549.7116   604626         
   1192   202    22034.8698   238                  21549.7116   606204         
   1197   207    22067.6839   263                  21549.7116   610186         
   1200   210    22198.7120   368                  21549.7116   613873         
   1216   224    23538.6606   299                  21549.7116   617981         
   1221   229    23588.6210   288                  21549.7116   620277         
   1223   231    23610.8179   462                  21549.7116   624965         
   1224   232    23612.7725   491                  21549.7116   627702         
Elapsed time = 570.76 sec. (581520.57 ticks, tree = 5.66 MB, solutions = 0)
   1226   234    23690.1480   507                  21549.7116   633248         
   1227   235    23723.1528   490                  21549.7116   635805         
   1228   236    23728.2840   473                  21549.7116   638414         
   1230   238    23844.7262   476                  21549.7116   643242         
   1231   239    23854.6954   511                  21549.7116   645312         
   1233   241    23951.8333   519                  21549.7116   649491         
   1235   243    24089.4000   488                  21549.7116   654252         
   1239   245    24470.8571   406                  21549.7116   659632         
   1242   246    infeasible                        21549.7116   662645         
   1247   248    24611.0000   412                  21549.7116   665070         
Elapsed time = 647.25 sec. (655749.97 ticks, tree = 5.77 MB, solutions = 0)
   1270   259    24611.0000   345                  21549.7116   666816         
   1294   275    24911.0000   447                  21549.7116   669795         
   1299   277    25408.3538   449                  21549.7116   672409         
   1313   280    21550.9574   265                  21551.0547   674760         
   1318   285    21560.6680   368                  21551.0547   682567         
   1324   291    21592.8023   455                  21551.0547   692082         
   1328   295    21612.3963   454                  21551.0547   698157         
   1332   299    21586.4094   330                  21551.0547   702080         
   1337   304    21602.1593   159                  21551.0547   712050         
   1338   305    21625.1302   380                  21551.0547   717833         
Elapsed time = 697.19 sec. (707067.89 ticks, tree = 6.17 MB, solutions = 0)
   1339   306    21627.7522   341                  21551.0547   723326         
   1340   307    21632.0754   275                  21551.0547   728173         
   1342   309    21644.4548   319                  21551.0547   740460         
   1343   310    21645.5323   273                  21551.0547   747510         
   1345   312    21676.7361   122                  21551.0547   756869         
   1348   315    21674.4200   388                  21551.0547   762393         
   1350   317    21689.0958   426                  21551.0547   767598         
   1352   319    21827.5951   376                  21551.0547   771627         
   1357   324    21697.2493   452                  21551.0547   778742         
   1361   328    21698.7418   348                  21551.0547   785068         
Elapsed time = 756.55 sec. (762954.58 ticks, tree = 6.95 MB, solutions = 0)
   1366   333    21700.6279   455                  21551.0547   787928         
   1369   336    21857.1317   396                  21551.0547   791309         
   1373   340    21811.5009   275                  21551.0547   796424         
   1377   344    21708.0000   163                  21551.0547   802185         
   1378   345    21708.0000   297                  21551.0547   804367         
   1379   346    21708.0000   428                  21551.0547   809472         
   1380   347    21813.2667   397                  21551.0547   815415         
   1382   349    21730.7912   495                  21551.0547   819792         
   1383   350    21767.9742   627                  21551.0547   825648         
   1386   353    21815.9066   510                  21551.0547   832991         
Elapsed time = 819.27 sec. (821998.33 ticks, tree = 7.44 MB, solutions = 0)
   1387   354    21902.0708   566                  21551.0547   837249         
   1388   355    21851.4118   429                  21551.0547   841006         
   1390   357    21860.5000   358                  21551.0547   847943         
   1392   359    21860.6116   321                  21551.0547   851075         
   1396   363    21974.1944   240                  21551.0547   860439         
   1398   365    21948.8897   363                  21551.0547   862732         
   1417   384    22008.5236   294                  21551.0547   865962         
   1437   404    22116.4221   311                  21551.0547   870033         
   1440   407    22119.0000   280                  21551.0547   875351         
   1442   409    22656.8331   262                  21551.0547   882372         
Elapsed time = 876.06 sec. (876599.59 ticks, tree = 7.82 MB, solutions = 0)
   1445   412    22685.1814   305                  21551.0547   890102         
   1447   414    22387.3080   395                  21551.0547   896733         
   1449   416    22119.0000   387                  21551.0547   903491         
   1451   418    22119.0000   367                  21551.0547   908290         

Clique cuts applied:  22
Cover cuts applied:  33
Implied bound cuts applied:  5
Flow cuts applied:  5
Mixed integer rounding cuts applied:  148
Zero-half cuts applied:  66
Lift and project cuts applied:  8

Root node processing (before b&c):
  Real time             =   38.48 sec. (52860.56 ticks)
Sequential b&c:
  Real time             =  861.53 sec. (846858.72 ticks)
                          ------------
Total (root+branch&cut) =  900.01 sec. (899719.29 ticks)
MIP: [1;32mCPLEX finished.[0m
MIP: [1;32mCPLEX status: Unknown[0m
MIP: [1;32mNo feasible solution exits[0m
