ifile	/scratch/csagturk/mlbppo_inst/n0030_m01_p200__085.inst
prob	MLBPPO
threads	1
ttime	900
instance: /scratch/csagturk/mlbppo_inst/n0030_m01_p200__085.inst
	m=1, n=[30, 29], #pos=60
MIP: [1;32minit CPLEX[0m
CAN: [1;35mcreated 870 x_{ijk} variables[0m
CAN: [1;35mcreated 59 y_{ij} variables[0m
CAN: [1;35mcreated 870 p_{ijk} variables[0m
MIP: [1;32mcreated decision variables[0m
CAN: [1;35madded 30 constraints to enforce the packing of each item[0m
CAN: [1;35madded 0 constraints to enforce the packing of each item[0m
CAN: [1;35madded 29 capacity constraints[0m
MIP: [1;32mcreated constraints[0m
MIP: [1;32mcreated objective function[0m
MIP: [1;32mcalling CPLEX solve ...[0m
Version identifier: 22.1.0.0 | 2022-03-09 | 1a383f8ce
CPXPARAM_Threads                                 1
CPXPARAM_TimeLimit                               900
Tried aggregator 2 times.
MIP Presolve eliminated 1506 rows and 719 columns.
MIP Presolve modified 3164 coefficients.
Aggregator did 546 substitutions.
Reduced MIP has 585 rows, 504 columns, and 11088 nonzeros.
Reduced MIP has 504 binaries, 0 generals, 0 SOSs, and 0 indicators.
Presolve time = 0.05 sec. (54.98 ticks)
Found incumbent of value 12927.000000 after 0.06 sec. (62.96 ticks)
Probing fixed 109 vars, tightened 0 bounds.
Probing time = 0.01 sec. (14.57 ticks)
Cover probing fixed 43 vars, tightened 2 bounds.
Tried aggregator 1 time.
MIP Presolve eliminated 289 rows and 161 columns.
MIP Presolve added 2 rows and 0 columns.
MIP Presolve modified 2028 coefficients.
Reduced MIP has 256 rows, 343 columns, and 2998 nonzeros.
Reduced MIP has 343 binaries, 0 generals, 0 SOSs, and 0 indicators.
Presolve time = 0.00 sec. (4.69 ticks)
Probing fixed 4 vars, tightened 0 bounds.
Probing time = 0.00 sec. (2.57 ticks)
Tried aggregator 1 time.
Detecting symmetries...
MIP Presolve eliminated 5 rows and 4 columns.
MIP Presolve modified 56 coefficients.
Reduced MIP has 251 rows, 339 columns, and 2899 nonzeros.
Reduced MIP has 339 binaries, 0 generals, 0 SOSs, and 0 indicators.
Presolve time = 0.00 sec. (2.19 ticks)
Probing time = 0.00 sec. (2.29 ticks)
Clique table members: 1913.
MIP emphasis: balance optimality and feasibility.
MIP search method: dynamic search.
Parallel mode: none, using 1 thread.
Root relaxation solution time = 0.00 sec. (3.40 ticks)

        Nodes                                         Cuts/
   Node  Left     Objective  IInf  Best Integer    Best Bound    ItCnt     Gap

*     0+    0                        12927.0000        0.0000           100.00%
      0     0     7086.9072    42    12927.0000     7086.9072      256   45.18%
      0     0     7138.3529    67    12927.0000      Cuts: 97      537   44.78%
      0     0     7235.3325    52    12927.0000      Cuts: 50      714   44.03%
*     0+    0                         8151.0000     7235.3325            11.23%
      0     0     7286.7589    71     8151.0000      Cuts: 50      872   10.60%
      0     0     7347.0592    99     8151.0000      Cuts: 35     1081    9.86%
      0     0     7453.4851    96     8151.0000      Cuts: 74     1155    8.56%
Detecting symmetries...
      0     0     7512.5981   104     8151.0000      Cuts: 33     1203    7.83%
      0     0     7552.3916    88     8151.0000      Cuts: 30     1267    7.34%
      0     0     7578.5346    97     8151.0000      Cuts: 28     1306    7.02%
      0     0     7581.3409    96     8151.0000      Cuts: 28     1327    6.99%
      0     0     7590.1770   104     8151.0000      Cuts: 25     1362    6.88%
      0     0     7598.3984   102     8151.0000       Cuts: 9     1404    6.78%
      0     0     7605.9079   106     8151.0000      Cuts: 24     1443    6.69%
*     0+    0                         8138.0000     7605.9079             6.54%
      0     0     7608.7095   102     8138.0000      Cuts: 12     1468    6.50%
      0     0     7615.3377   100     8138.0000       Cuts: 8     1503    6.42%
      0     0     7618.5658    94     8138.0000      Cuts: 13     1534    6.38%
      0     0     7621.6611    94     8138.0000      Cuts: 10     1562    6.34%
      0     0     7624.6148    97     8138.0000      Cuts: 11     1595    6.31%
      0     0     7626.3604   104     8138.0000      Cuts: 10     1625    6.29%
      0     0     7629.6950   100     8138.0000      Cuts: 16     1660    6.25%
      0     0     7636.2366   120     8138.0000      Cuts: 18     1694    6.17%
*     0+    0                         7921.0000     7636.2366             3.60%
      0     0     7638.9147    99     7921.0000      Cuts: 13     1733    3.56%
      0     0     7642.0986   102     7921.0000      Cuts: 16     1767    3.52%
      0     0     7643.5376   114     7921.0000       Cuts: 8     1797    3.50%
      0     0     7645.0623   107     7921.0000       Cuts: 6     1831    3.48%
Detecting symmetries...
      0     2     7645.0623   107     7921.0000     7645.3097     1831    3.48%
Elapsed time = 0.38 sec. (330.93 ticks, tree = 0.01 MB, solutions = 4)
*    10    10      integral     0     7790.0000     7650.3910     2386    1.79%
*    11     9      integral     0     7785.0000     7650.3910     2425    1.73%
*    12     6      integral     0     7700.0000     7671.9688     2515    0.36%

GUB cover cuts applied:  9
Clique cuts applied:  5
Cover cuts applied:  12
Implied bound cuts applied:  6
Flow cuts applied:  2
Mixed integer rounding cuts applied:  28
Zero-half cuts applied:  24

Root node processing (before b&c):
  Real time             =    0.38 sec. (331.03 ticks)
Sequential b&c:
  Real time             =    0.02 sec. (24.64 ticks)
                          ------------
Total (root+branch&cut) =    0.40 sec. (355.67 ticks)
MIP: [1;32mCPLEX finished.[0m
MIP: [1;32mCPLEX status: Optimal[0m
CAN: [1;35mItem: 0, Level: 0, at bin: 28[0m
CAN: [1;35mItem: 1, Level: 0, at bin: 1[0m
CAN: [1;35mItem: 2, Level: 0, at bin: 2[0m
CAN: [1;35mItem: 3, Level: 0, at bin: 10[0m
CAN: [1;35mItem: 4, Level: 0, at bin: 8[0m
CAN: [1;35mItem: 5, Level: 0, at bin: 28[0m
CAN: [1;35mItem: 6, Level: 0, at bin: 19[0m
CAN: [1;35mItem: 7, Level: 0, at bin: 9[0m
CAN: [1;35mItem: 8, Level: 0, at bin: 15[0m
CAN: [1;35mItem: 9, Level: 0, at bin: 12[0m
CAN: [1;35mItem: 10, Level: 0, at bin: 26[0m
CAN: [1;35mItem: 11, Level: 0, at bin: 11[0m
CAN: [1;35mItem: 12, Level: 0, at bin: 26[0m
CAN: [1;35mItem: 13, Level: 0, at bin: 24[0m
CAN: [1;35mItem: 14, Level: 0, at bin: 9[0m
CAN: [1;35mItem: 15, Level: 0, at bin: 27[0m
CAN: [1;35mItem: 16, Level: 0, at bin: 15[0m
CAN: [1;35mItem: 17, Level: 0, at bin: 26[0m
CAN: [1;35mItem: 18, Level: 0, at bin: 12[0m
CAN: [1;35mItem: 19, Level: 0, at bin: 9[0m
CAN: [1;35mItem: 20, Level: 0, at bin: 6[0m
CAN: [1;35mItem: 21, Level: 0, at bin: 24[0m
CAN: [1;35mItem: 22, Level: 0, at bin: 2[0m
CAN: [1;35mItem: 23, Level: 0, at bin: 9[0m
CAN: [1;35mItem: 24, Level: 0, at bin: 10[0m
CAN: [1;35mItem: 25, Level: 0, at bin: 20[0m
CAN: [1;35mItem: 26, Level: 0, at bin: 12[0m
CAN: [1;35mItem: 27, Level: 0, at bin: 15[0m
CAN: [1;35mItem: 28, Level: 0, at bin: 6[0m
CAN: [1;35mItem: 29, Level: 0, at bin: 27[0m
MIP: [1;32mSolution: 
Indexes: [28, 1, 2, 10, 8, 28, 19, 9, 15, 12, 26, 11, 26, 24, 9, 27, 15, 26, 12, 9, 6, 24, 2, 9, 10, 20, 12, 15, 6, 27], P Variables: [28][1][2][10][8][28][19][9][15][12][26][11][26][24][9][27][15][26][12][9][6][24][2][9][10][20][12][15][6][27], Flow leaving each bin: [0m
MIP: [1;32mObjective value: 7700[0m
MIP: [1;32mLower Bound: 7700[0m
MIP: [1;32mBranch-and-Bound nodes: 21[0m

# best solution:
best objective value:	7700
best dual bound value:	7699
optimality gap:	0.012987%
CPU time:	0.396804
