ifile	/scratch/csagturk/mlbppo_inst/n0030_m01_p100__068.inst
prob	MLBPPO
threads	1
ttime	900
instance: /scratch/csagturk/mlbppo_inst/n0030_m01_p100__068.inst
	m=1, n=[30, 26], #pos=30
MIP: [1;32minit CPLEX[0m
CAN: [1;35mcreated 780 x_{ijk} variables[0m
CAN: [1;35mcreated 56 y_{ij} variables[0m
CAN: [1;35mcreated 780 p_{ijk} variables[0m
MIP: [1;32mcreated decision variables[0m
CAN: [1;35madded 30 constraints to enforce the packing of each item[0m
CAN: [1;35madded 0 constraints to enforce the packing of each item[0m
CAN: [1;35madded 26 capacity constraints[0m
MIP: [1;32mcreated constraints[0m
MIP: [1;32mcreated objective function[0m
MIP: [1;32mcalling CPLEX solve ...[0m
Version identifier: 22.1.0.0 | 2022-03-09 | 1a383f8ce
CPXPARAM_Threads                                 1
CPXPARAM_TimeLimit                               900
Tried aggregator 2 times.
MIP Presolve eliminated 645 rows and 492 columns.
MIP Presolve modified 1366 coefficients.
Aggregator did 574 substitutions.
Reduced MIP has 397 rows, 520 columns, and 7283 nonzeros.
Reduced MIP has 520 binaries, 0 generals, 0 SOSs, and 0 indicators.
Presolve time = 0.02 sec. (25.12 ticks)
Found incumbent of value 10775.000000 after 0.03 sec. (32.60 ticks)
Probing fixed 48 vars, tightened 0 bounds.
Probing time = 0.01 sec. (10.61 ticks)
Cover probing fixed 1 vars, tightened 0 bounds.
Tried aggregator 1 time.
Detecting symmetries...
MIP Presolve eliminated 66 rows and 49 columns.
MIP Presolve modified 914 coefficients.
Reduced MIP has 316 rows, 471 columns, and 5074 nonzeros.
Reduced MIP has 471 binaries, 0 generals, 0 SOSs, and 0 indicators.
Presolve time = 0.00 sec. (4.38 ticks)
Probing time = 0.00 sec. (2.80 ticks)
Clique table members: 3006.
MIP emphasis: balance optimality and feasibility.
MIP search method: dynamic search.
Parallel mode: none, using 1 thread.
Root relaxation solution time = 0.00 sec. (4.22 ticks)

        Nodes                                         Cuts/
   Node  Left     Objective  IInf  Best Integer    Best Bound    ItCnt     Gap

*     0+    0                        10775.0000        0.0000           100.00%
      0     0     6634.5714    43    10775.0000     6634.5714      223   38.43%
      0     0     6651.7667    55    10775.0000      Cuts: 44      501   38.27%
*     0+    0                         7020.0000     6651.7667             5.25%
      0     0     6651.7667    82     7020.0000      Cuts: 66      627    5.25%
      0     0     6651.7667    34     7020.0000      Cuts: 10      693    5.25%
      0     0     6651.7667    42     7020.0000      Cuts: 30      764    5.25%
Detecting symmetries...
      0     2     6651.7667    15     7020.0000     6651.7667      764    5.25%
Elapsed time = 0.14 sec. (150.66 ticks, tree = 0.01 MB, solutions = 2)
*   110+   92                         6925.0000     6651.7667             3.95%
*   290+  222                         6901.0000     6651.7667             3.61%
    436   333     6651.8333    69     6901.0000     6651.7667     8263    3.61%

Performing restart 1

Repeating presolve.
Tried aggregator 1 time.
MIP Presolve eliminated 0 rows and 1 columns.
MIP Presolve modified 4066 coefficients.
Reduced MIP has 316 rows, 470 columns, and 3107 nonzeros.
Reduced MIP has 470 binaries, 0 generals, 0 SOSs, and 0 indicators.
Presolve time = 0.01 sec. (5.63 ticks)
Tried aggregator 1 time.
MIP Presolve modified 132 coefficients.
Reduced MIP has 316 rows, 470 columns, and 3107 nonzeros.
Reduced MIP has 470 binaries, 0 generals, 0 SOSs, and 0 indicators.
Presolve time = 0.01 sec. (4.53 ticks)
Represolve time = 0.03 sec. (18.84 ticks)
    519     0     6660.1890    50     6901.0000      Cuts: 21    12141    3.49%
    519     0     6660.1890    89     6901.0000      Cuts: 66    12304    3.49%
    519     0     6660.1890    45     6901.0000       Cuts: 7    12375    3.49%
    519     0     6660.1890    64     6901.0000      Cuts: 40    12458    3.49%
    519     0     6660.1890    54     6901.0000      Cuts: 14    12541    3.49%
    519     0     6660.1890    82     6901.0000      Cuts: 43    12700    3.49%
    519     0     6660.1890    46     6901.0000      Cuts: 19    12799    3.49%
    519     0     6660.1890    70     6901.0000      Cuts: 49    12899    3.49%
    519     2     6660.1890    27     6901.0000     6660.6190    12899    3.48%
    578    49     6682.5000    32     6901.0000     6673.0000    14053    3.30%
    700   142     6681.5385    42     6901.0000     6674.5714    15323    3.28%
    918   279        cutoff           6901.0000     6681.5385    18446    3.18%
*   919+  228                         6864.0000     6681.5385             2.66%
*   919+  215                         6843.0000     6681.5385             2.36%
    919   216     6798.7938    67     6843.0000     6681.5385    18615    2.36%
*  1019+  173                         6782.0000     6682.5000             1.47%
   1019   174     6718.3333    44     6782.0000     6682.5000    21854    1.47%
   1144   257     6683.2857    44     6782.0000     6683.2857    25663    1.46%
*  1219+  274                         6769.0000     6683.2857             1.27%
   1219   275     6718.3333    28     6769.0000     6683.2857    27806    1.27%
   1492   444     6701.0000    78     6769.0000     6684.0000    42745    1.26%
Elapsed time = 3.71 sec. (4268.54 ticks, tree = 0.31 MB, solutions = 8)
   1703   483     6686.0000    93     6769.0000     6686.0000    60204    1.23%
   1948   629     6708.9736    97     6769.0000     6686.1667    79361    1.22%
   2223   720     6687.1429    67     6769.0000     6687.1429   100282    1.21%
   2453   800     6694.7368    69     6769.0000     6687.1429   120809    1.21%
   2663   868     6693.7320    81     6769.0000     6689.0000   139904    1.18%
   2922   935     6697.3850    70     6769.0000     6691.4393   159073    1.15%
   3120  1005     6749.8576    79     6769.0000     6692.1538   179053    1.14%
   3343  1056     6700.9515    92     6769.0000     6693.8571   200826    1.11%
   3499  1120     6748.0000    43     6769.0000     6694.0000   219222    1.11%
   3690  1160     6759.6939    92     6769.0000     6695.2857   239930    1.09%
Elapsed time = 11.44 sec. (13872.11 ticks, tree = 1.17 MB, solutions = 8)
   3909  1153     6697.6667    82     6769.0000     6697.6667   260125    1.05%
   4099  1182     6766.0000    91     6769.0000     6700.0000   279797    1.02%
   4303  1206     6701.3333    82     6769.0000     6701.3333   301620    1.00%
   4501  1208     6733.5228    62     6769.0000     6703.7500   323955    0.96%
   4705  1240     6725.6154    83     6769.0000     6705.5000   342861    0.94%
   4876  1247        cutoff           6769.0000     6707.4615   363582    0.91%
   5099  1226     6724.5000    75     6769.0000     6707.6033   383314    0.91%
   5265  1163     6747.5473    95     6769.0000     6711.0625   403350    0.86%
   5458  1228     6765.0000    72     6769.0000     6711.9480   424140    0.84%
   5663  1268     6713.1538    79     6769.0000     6713.1538   445024    0.83%
Elapsed time = 18.83 sec. (23456.44 ticks, tree = 1.21 MB, solutions = 8)
   5919  1297     6745.0000    49     6769.0000     6714.2308   462679    0.81%
   6154  1275     6717.0000    85     6769.0000     6717.0000   483035    0.77%
*  6176     1      integral     0     6717.0000     6717.0000   484396    0.00%

GUB cover cuts applied:  18
Clique cuts applied:  3
Cover cuts applied:  179
Flow cuts applied:  6
Mixed integer rounding cuts applied:  78
Zero-half cuts applied:  8
Lift and project cuts applied:  1
Gomory fractional cuts applied:  8

Root node processing (before b&c):
  Real time             =    0.14 sec. (150.79 ticks)
Sequential b&c:
  Real time             =   20.23 sec. (25304.59 ticks)
                          ------------
Total (root+branch&cut) =   20.38 sec. (25455.38 ticks)
MIP: [1;32mCPLEX finished.[0m
MIP: [1;32mCPLEX status: Optimal[0m
CAN: [1;35mItem: 0, Level: 0, at bin: 7[0m
CAN: [1;35mItem: 1, Level: 0, at bin: 5[0m
CAN: [1;35mItem: 2, Level: 0, at bin: 25[0m
CAN: [1;35mItem: 3, Level: 0, at bin: 16[0m
CAN: [1;35mItem: 4, Level: 0, at bin: 17[0m
CAN: [1;35mItem: 5, Level: 0, at bin: 17[0m
CAN: [1;35mItem: 6, Level: 0, at bin: 16[0m
CAN: [1;35mItem: 7, Level: 0, at bin: 21[0m
CAN: [1;35mItem: 8, Level: 0, at bin: 22[0m
CAN: [1;35mItem: 9, Level: 0, at bin: 23[0m
CAN: [1;35mItem: 10, Level: 0, at bin: 19[0m
CAN: [1;35mItem: 11, Level: 0, at bin: 14[0m
CAN: [1;35mItem: 12, Level: 0, at bin: 6[0m
CAN: [1;35mItem: 13, Level: 0, at bin: 6[0m
CAN: [1;35mItem: 14, Level: 0, at bin: 12[0m
CAN: [1;35mItem: 15, Level: 0, at bin: 2[0m
CAN: [1;35mItem: 16, Level: 0, at bin: 19[0m
CAN: [1;35mItem: 17, Level: 0, at bin: 12[0m
CAN: [1;35mItem: 18, Level: 0, at bin: 19[0m
CAN: [1;35mItem: 19, Level: 0, at bin: 2[0m
CAN: [1;35mItem: 20, Level: 0, at bin: 25[0m
CAN: [1;35mItem: 21, Level: 0, at bin: 2[0m
CAN: [1;35mItem: 22, Level: 0, at bin: 23[0m
CAN: [1;35mItem: 23, Level: 0, at bin: 6[0m
CAN: [1;35mItem: 24, Level: 0, at bin: 24[0m
CAN: [1;35mItem: 25, Level: 0, at bin: 22[0m
CAN: [1;35mItem: 26, Level: 0, at bin: 23[0m
CAN: [1;35mItem: 27, Level: 0, at bin: 22[0m
CAN: [1;35mItem: 28, Level: 0, at bin: 24[0m
CAN: [1;35mItem: 29, Level: 0, at bin: 25[0m
MIP: [1;32mSolution: 
Indexes: [7, 5, 25, 16, 17, 17, 16, 21, 22, 23, 19, 14, 6, 6, 12, 2, 19, 12, 19, 2, 25, 2, 23, 6, 24, 22, 23, 22, 24, 25], P Variables: [7][5][25][16][17][17][16][21][22][23][19][14][6][6][12][2][19][12][19][2][25][2][23][6][24][22][23][22][24][25], Flow leaving each bin: [0m
MIP: [1;32mObjective value: 6717[0m
MIP: [1;32mLower Bound: 6717[0m
MIP: [1;32mBranch-and-Bound nodes: 6177[0m

# best solution:
best objective value:	6717
best dual bound value:	6717
optimality gap:	0%
CPU time:	20.3153
