ifile	/scratch/csagturk/mlbppo_inst/n0030_m05_p100__027.inst
prob	MLBPPO
threads	1
ttime	900
instance: /scratch/csagturk/mlbppo_inst/n0030_m05_p100__027.inst
	m=5, n=[30, 24, 20, 22, 23, 23], #pos=30
MIP: [1;32minit CPLEX[0m
CAN: [1;35mcreated 2675 x_{ijk} variables[0m
CAN: [1;35mcreated 142 y_{ij} variables[0m
CAN: [1;35mcreated 3360 p_{ijk} variables[0m
MIP: [1;32mcreated decision variables[0m
CAN: [1;35madded 30 constraints to enforce the packing of each item[0m
CAN: [1;35madded 89 constraints to enforce the packing of each item[0m
CAN: [1;35madded 112 capacity constraints[0m
MIP: [1;32mcreated constraints[0m
MIP: [1;32mcreated objective function[0m
MIP: [1;32mcalling CPLEX solve ...[0m
Version identifier: 22.1.0.0 | 2022-03-09 | 1a383f8ce
CPXPARAM_Threads                                 1
CPXPARAM_TimeLimit                               900
Presolve has eliminated 19176 rows and 38797 columns...
Tried aggregator 2 times.
MIP Presolve eliminated 53718 rows and 38797 columns.
MIP Presolve modified 2108 coefficients.
Aggregator did 123249 substitutions.
Reduced MIP has 120690 rows, 84794 columns, and 301250 nonzeros.
Reduced MIP has 44812 binaries, 0 generals, 0 SOSs, and 161 indicators.
Presolve time = 1.03 sec. (10665.75 ticks)
Probing fixed 0 vars, tightened 137 bounds.
Probing time = 7.37 sec. (5028.50 ticks)
Tried aggregator 2 times.
MIP Presolve eliminated 496 rows and 585 columns.
MIP Presolve modified 4 coefficients.
Aggregator did 79447 substitutions.
Reduced MIP has 40764 rows, 4762 columns, and 141220 nonzeros.
Reduced MIP has 4762 binaries, 0 generals, 0 SOSs, and 0 indicators.
Presolve time = 0.39 sec. (318.71 ticks)
Probing time = 0.03 sec. (40.90 ticks)
Tried aggregator 1 time.
Detecting symmetries...
MIP Presolve eliminated 38 rows and 21 columns.
Reduced MIP has 40726 rows, 4741 columns, and 141144 nonzeros.
Reduced MIP has 4741 binaries, 0 generals, 0 SOSs, and 0 indicators.
Presolve time = 0.08 sec. (80.22 ticks)
Probing time = 0.01 sec. (5.27 ticks)
Clique table members: 10266.
MIP emphasis: balance optimality and feasibility.
MIP search method: dynamic search.
Parallel mode: none, using 1 thread.
Root relaxation solution time = 0.08 sec. (114.90 ticks)

        Nodes                                         Cuts/
   Node  Left     Objective  IInf  Best Integer    Best Bound    ItCnt     Gap

      0     0    21843.6958   149                  21843.6958      959         
      0     0    22132.0012   253                   Cuts: 224     2267         
      0     0    22228.2157   488                   Cuts: 166     5379         
      0     0    22314.7203   405                   Cuts: 145     7818         
      0     0    22383.7176   419                   Cuts: 102     9842         
      0     0    22412.3854   339                   Cuts: 124    13970         
      0     0    22441.4576   372                   Cuts: 118    15709         
      0     0    22483.2763   410                    Cuts: 98    16973         
      0     0    22494.4898   413                    Cuts: 72    17559         
      0     0    22507.0401   422                    Cuts: 91    18998         
      0     0    22515.5816   445                   Cuts: 148    20614         
      0     0    22527.3176   428                    Cuts: 99    21456         
      0     0    22540.8378   422                    Cuts: 62    21881         
      0     0    22561.2822   445                    Cuts: 93    25008         
      0     0    22569.4040   419                   Cuts: 104    27788         
      0     0    22579.7837   506                   Cuts: 109    29377         
      0     0    22587.3762   494                   Cuts: 114    30203         
      0     0    22598.5538   480                   Cuts: 103    30543         
      0     0    22602.1249   488                   Cuts: 110    30921         
      0     0    22605.8054   383                    Cuts: 55    31437         
      0     0    22607.2295   385                    Cuts: 91    31852         
      0     2    22607.2295   382                  22607.3071    31852         
Elapsed time = 36.27 sec. (46845.85 ticks, tree = 0.01 MB, solutions = 0)
      2     4    22662.8790   427                  22607.3071    33248         
      4     6    22623.3798   429                  22607.3071    34123         
      6     8    22632.4179   411                  22607.3071    36397         
      7     9    22632.6375   436                  22607.3071    37470         
      8    10    22640.4029   442                  22607.3071    38496         
      9    11    22645.3550   381                  22607.3071    39240         
     10    12    22677.3023   391                  22607.3071    39967         
     12    14    22663.6269   395                  22607.3071    40904         
     16    18    22712.5486   324                  22607.3071    42112         
     23    25    23114.7938   342                  22607.3071    46306         
Elapsed time = 40.32 sec. (51086.03 ticks, tree = 0.15 MB, solutions = 0)
     40    42    23292.0131   240                  22607.3071    50179         
     60    62    24004.8463   271                  22607.3071    55728         
     69    71    24176.9331   231                  22607.3071    61173         
     70    72    24176.9331   217                  22607.3071    61666         
     81    83    24403.4684   339                  22607.3071    68383         
     90    92    24525.6878   165                  22607.3071    69841         
    100   102    25085.4897   203                  22607.3071    72490         
    123   125    25617.6197   137                  22607.3071    75688         
    155   157    25903.3165    97                  22607.3071    79813         
    188   189    29573.9882   100                  22607.3071    86316         
Elapsed time = 49.83 sec. (61995.74 ticks, tree = 1.90 MB, solutions = 0)
    232   233    31554.0000    80                  22607.3071    90739         
    290   275    22648.2704   390                  22632.6746    94725         
    300   285    22738.9598   346                  22632.6746    99186         
    315   300    24097.1361   176                  22632.6746   104495         
    320   305    24133.2201   161                  22632.6746   105081         
    353   338    24216.8393   125                  22632.6746   109987         
    363   348    24724.2722   306                  22632.6746   114838         
    380   363    infeasible                        22632.6746   121926         
    391   368    22936.3735   399                  22633.6913   127782         
    400   377    22704.9595   406                  22633.6913   132397         
Elapsed time = 58.58 sec. (72473.42 ticks, tree = 3.20 MB, solutions = 0)
    427   404    22805.6243   343                  22642.6512   137353         
    448   425    23861.3939   264                  22642.6512   142698         

Performing restart 1

Repeating presolve.
Tried aggregator 1 time.
MIP Presolve modified 15151 coefficients.
Reduced MIP has 40726 rows, 4741 columns, and 133944 nonzeros.
Reduced MIP has 4741 binaries, 0 generals, 0 SOSs, and 0 indicators.
Presolve time = 0.11 sec. (105.70 ticks)
Tried aggregator 1 time.
MIP Presolve modified 775 coefficients.
Reduced MIP has 40726 rows, 4741 columns, and 133944 nonzeros.
Reduced MIP has 4741 binaries, 0 generals, 0 SOSs, and 0 indicators.
Presolve time = 0.12 sec. (105.18 ticks)
Represolve time = 0.38 sec. (379.69 ticks)
    466     0    22607.5797   485                   Cuts: 154   152440         
    466     0    22616.0409   537                   Cuts: 152   155475         
    466     0    22622.9570   542                   Cuts: 129   158465         
    466     0    22626.3646   507                   Cuts: 127   159332         
    466     0    22632.8729   486                   Cuts: 123   159894         
    466     0    22637.6333   558                   Cuts: 110   161488         
    466     0    22640.0042   555                   Cuts: 100   163013         
    466     0    22643.5802   533                   Cuts: 102   166011         
    466     0    22645.9046   576                   Cuts: 102   167537         
    466     0    22646.5044   574                   Cuts: 119   169064         
    466     0    22647.0680   571                    Cuts: 61   171695         
    466     0    22647.5951   587                    Cuts: 60   172975         
    466     0    22648.6291   553                    Cuts: 53   174091         
    466     0    22649.3003   583                    Cuts: 70   177324         
    466     0    22650.0298   495                    Cuts: 43   179310         
    466     0    22651.1172   462                    Cuts: 52   183321         
    466     0    22652.0035   507                    Cuts: 57   185790         
    466     0    22653.6180   460                    Cuts: 38   186592         
    466     0    22654.1343   510                    Cuts: 62   187616         
    466     0    22654.6980   414                    Cuts: 33   188136         
    466     0    22654.9753   416                    Cuts: 52   188488         
    466     2    22654.9753   403                  22654.9757   188488         
    467     3    22687.8515   398                  22687.8617   190560         
    468     4    22699.1029   362                  22691.4055   191073         
    469     5    22900.4763   395                  22691.4055   197010         
    470     6    22715.2529   388                  22691.4055   199115         
    471     7    22731.5429   479                  22691.4055   203995         
    472     8    22740.0389   435                  22691.4055   207046         
    473     9    22955.5347   366                  22691.4055   221184         
Elapsed time = 172.75 sec. (191860.07 ticks, tree = 0.36 MB, solutions = 0)
    474    10    22741.7223   457                  22691.4055   223585         
    475    11    22748.8978   453                  22691.4055   226543         
    476    12    22750.3684   452                  22691.4055   228351         
    477    13    22754.0598   435                  22691.4055   230423         
    478    14    22755.6707   457                  22691.4055   231945         
    479    15    22756.6622   421                  22691.4055   232756         
    480    16    22761.0290   348                  22691.4055   232953         
    481    17    22763.8453   297                  22691.4055   233287         
    482    18    22773.7155   317                  22691.4055   233820         
    483    19    22784.4217   398                  22691.4055   234189         
Elapsed time = 209.43 sec. (229320.33 ticks, tree = 0.74 MB, solutions = 0)
    484    20    22791.5761   333                  22691.4055   234777         
    485    21    23247.3540   359                  22691.4055   238375         
    486    22    22794.1293   361                  22691.4055   240247         
    487    23    22797.0053   353                  22691.4055   240675         
    490    26    22809.3915   403                  22691.4055   241662         
    493    29    22820.8171   377                  22691.4055   242976         
    497    33    22852.7526   416                  22691.4055   244188         
    498    34    22889.9361   393                  22691.4055   245781         
    500    36    22860.7760   388                  22691.4055   247127         
    503    39    22878.7378   445                  22691.4055   248603         
Elapsed time = 233.90 sec. (252922.99 ticks, tree = 1.19 MB, solutions = 0)
    504    40    22904.1363   329                  22691.4055   251596         
    505    41    22911.8827   311                  22691.4055   252351         
    506    42    22912.4448   311                  22691.4055   252353         
    507    43    22942.8185   353                  22691.4055   253180         
    508    44    22975.3761   272                  22691.4055   254916         
    512    48    23000.2047   305                  22691.4055   255817         
    515    51    23009.1850   315                  22691.4055   257864         
    516    52    23023.8071   299                  22691.4055   258769         
    519    55    23081.5059   285                  22691.4055   260975         
    522    58    23074.3512   323                  22691.4055   261370         
Elapsed time = 254.92 sec. (273349.60 ticks, tree = 1.63 MB, solutions = 0)
    525    61    23281.9690   257                  22691.4055   263060         
    526    62    23503.3189   268                  22691.4055   265283         
    529    65    23375.0495   297                  22691.4055   266532         
    532    68    23432.5179   298                  22691.4055   267682         
    535    71    23467.3795   296                  22691.4055   268544         
    539    75    23558.7273   296                  22691.4055   270177         
    542    78    23609.6190   311                  22691.4055   271909         
    547    83    23700.9716   312                  22691.4055   272222         
    552    88    23767.0042   272                  22691.4055   273579         
    554    90    23775.3839   293                  22691.4055   275006         
Elapsed time = 267.04 sec. (285831.51 ticks, tree = 1.85 MB, solutions = 0)
    557    93    24818.8498   320                  22691.4055   276355         
    565   101    24938.3633   236                  22691.4055   278682         
    568   104    24289.2148   335                  22691.4055   279220         
    577   113    24514.4068   227                  22691.4055   281454         
    586   120    24714.2434   229                  22691.4055   282831         
    588   120    22721.0803   417                  22700.4561   285283         
    589   121    22725.5372   430                  22700.4561   286041         
    590   122    22746.8596   434                  22700.4561   287517         
    592   124    23395.7245   334                  22700.4561   295480         
    594   126    22942.4001   389                  22700.4561   298717         
Elapsed time = 286.22 sec. (306184.44 ticks, tree = 2.10 MB, solutions = 0)
    596   128    23033.4248   357                  22700.4561   300936         
    597   129    23076.3815   389                  22700.4561   304299         
    599   131    23103.7041   422                  22700.4561   306728         
    601   133    23252.8769   384                  22700.4561   310128         
    602   134    23881.4093   388                  22700.4561   312472         
    605   137    23683.7767   445                  22700.4561   316106         
    606   138    23367.3732   437                  22700.4561   318771         
    607   139    23376.5424   427                  22700.4561   321049         
    609   141    23427.5996   386                  22700.4561   323226         
    623   155    24315.1364   320                  22700.4561   337401         
Elapsed time = 306.72 sec. (327307.84 ticks, tree = 2.60 MB, solutions = 0)
    632   164    24138.7071   358                  22700.4561   340955         
    639   171    23532.2413   387                  22700.4561   351391         
    656   188    23642.7219   351                  22700.4561   358780         
    661   193    25677.5036   293                  22700.4561   364294         
    672   204    24642.7713   274                  22700.4561   374116         
    690   222    24743.0005   199                  22700.4561   379171         
    703   235    24978.6571   273                  22700.4561   383721         
    705   237    24999.7496   284                  22700.4561   388101         
    706   238    25008.5721   250                  22700.4561   390688         
    708   240    25016.7626   273                  22700.4561   394899         
Elapsed time = 352.42 sec. (373414.08 ticks, tree = 3.18 MB, solutions = 0)
    725   257    25123.4294   283                  22700.4561   398648         
    732   264    27038.6173   357                  22700.4561   404049         
    735   267    26112.5009   293                  22700.4561   408980         
    738   268    27585.0612   418                  22700.4561   413954         
    743   273    27595.6049   336                  22700.4561   417138         
    744   274    27769.9583   332                  22700.4561   420640         
    746   276    27653.4000   201                  22700.4561   426440         
    749   279    27663.5385   164                  22700.4561   430849         
    751   281    27689.4536   184                  22700.4561   434239         
    754   284    27714.8028   220                  22700.4561   440207         
Elapsed time = 408.83 sec. (428257.13 ticks, tree = 4.12 MB, solutions = 0)
    755   285    27855.1724   286                  22700.4561   443856         
    756   286    27718.8169   369                  22700.4561   446762         
    758   288    27731.9545   264                  22700.4561   451759         
    761   291    27769.3881   180                  22700.4561   457313         
    765   295    27832.4000   232                  22700.4561   460793         
    782   305    27888.0000   388                  22700.4561   465177         
    789   311    27975.2727   277                  22700.4561   468926         
    818   331    29527.0000    98                  22700.4561   472837         
    832   341    23449.1194   387                  22724.4293   485205         
    841   350    23712.8399   425                  22724.4293   495577         
Elapsed time = 459.27 sec. (478205.72 ticks, tree = 4.59 MB, solutions = 0)
    846   355    24383.6651   430                  22724.4293   500265         
    854   363    27005.1737   304                  22724.4293   513726         
    865   374    24867.7914   412                  22724.4293   521070         
    882   391    24482.7047   266                  22725.2273   538161         
    891   400    24657.0987   332                  22725.2273   547631         
    898   407    24857.4797   272                  22725.2273   558297         
    906   415    24984.8186   325                  22725.2273   564514         
    938   447    25621.0230   315                  22725.2273   575761         
    982   491    25809.2870   212                  22725.2273   580984         
   1017   520    22785.7705   457                  22743.3951   589493         
Elapsed time = 503.14 sec. (523364.09 ticks, tree = 5.46 MB, solutions = 0)
   1031   534    23852.6210   357                  22743.3951   602415         
   1056   559    24480.2536   300                  22743.3951   613855         
   1070   573    24814.6188   326                  22743.3951   627171         
   1072   575    25247.4231   258                  22743.3951   635810         
   1087   590    26205.6711   377                  22743.3951   641941         
   1142   645    24931.6319   242                  22743.3951   649691         
   1196   691    27992.9641   228                  22743.3951   663143         
   1219   703    23704.1075   369                  22749.1835   673588         
   1226   710    23991.7616   254                  22749.1835   681405         
   1247   731    24359.2336   383                  22749.1835   694380         
Elapsed time = 546.51 sec. (568233.00 ticks, tree = 6.90 MB, solutions = 0)
   1252   736    27636.7557   348                  22749.1835   703944         
   1270   754    24436.0000   180                  22749.1835   715776         
   1320   804    24716.0794   231                  22749.1835   724664         
   1349   830    23216.3489   390                  22753.5650   736751         
   1359   840    23706.2424   427                  22753.5650   750909         
   1372   853    24872.6706   346                  22753.5650   765721         
   1393   874    24137.6358   312                  22753.5650   777694         

Performing restart 2

Repeating presolve.
Tried aggregator 1 time.
MIP Presolve modified 775 coefficients.
Reduced MIP has 40726 rows, 4741 columns, and 142279 nonzeros.
Reduced MIP has 4741 binaries, 0 generals, 0 SOSs, and 0 indicators.
Presolve time = 0.10 sec. (92.28 ticks)
Tried aggregator 1 time.
MIP Presolve modified 775 coefficients.
Reduced MIP has 40726 rows, 4741 columns, and 142279 nonzeros.
Reduced MIP has 4741 binaries, 0 generals, 0 SOSs, and 0 indicators.
Presolve time = 0.12 sec. (113.03 ticks)
Represolve time = 0.48 sec. (434.29 ticks)
   1398     0    22655.3393   489                    Cuts: 70   786940         
   1398     0    22655.4200   504                    Cuts: 87   788720         
   1398     0    22655.8872   507                    Cuts: 61   790074         
   1398     0    22655.9601   487                    Cuts: 56   790552         
   1398     0    22655.9601   528                    Cuts: 99   791545         
   1398     0    22655.9815   482                    Cuts: 70   792513         
   1398     0    22656.0586   527                   Cuts: 117   793202         
   1398     0    22656.1573   528                    Cuts: 80   793860         
   1398     0    22656.2929   490                    Cuts: 75   794802         
   1398     0    22656.2929   514                   Cuts: 112   795528         
   1398     2    22656.2929   464                  22753.5650   795528         
   1400     4    22661.9280   443                  22753.5650   799332         
   1403     7    22705.6411   486                  22753.5650   804008         
Elapsed time = 655.14 sec. (691790.82 ticks, tree = 0.35 MB, solutions = 0)
   1406    10    22708.3946   452                  22753.5650   810040         
   1408    12    22708.8702   463                  22753.5650   817502         
   1412    16    23063.0194   392                  22753.5650   825763         
   1417    21    23222.7551   380                  22753.5650   836956         
   1422    26    22813.9042   351                  22753.5650   845086         
   1425    29    22810.9300   373                  22753.5650   852902         
   1429    33    24467.5228   370                  22753.5650   862048         
   1434    38    23731.5077   365                  22753.5650   869627         
   1443    47    23697.3859   334                  22753.5650   874075         
   1451    55    25042.7761   257                  22753.5650   881894         
Elapsed time = 695.34 sec. (737790.58 ticks, tree = 1.61 MB, solutions = 0)
   1465    69    23858.0685   283                  22753.5650   889241         
   1476    80    25176.9481   322                  22753.5650   897904         
   1488    92    25595.3772   186                  22753.5650   901969         
   1501   105    25652.5974   223                  22753.5650   908863         
   1514   118    25747.9772   235                  22753.5650   915670         
   1523   127    25708.2816   315                  22753.5650   922982         
   1531   135    25719.6557   422                  22753.5650   931927         
   1534   138    25719.7131   395                  22753.5650   938765         
   1540   144    25729.0000   149                  22753.5650   945016         
   1560   159    26232.5625   135                  22753.5650   951047         
Elapsed time = 730.38 sec. (779209.02 ticks, tree = 2.31 MB, solutions = 0)
   1582   181    26452.8750   110                  22753.5650   954026         
   1603   200    30267.0000   133                  22753.5650   958992         
   1626   217    31844.0000   115                  22753.5650   962825         
   1629   218    23346.5624   336                  22753.5650   973064         
   1637   226    23564.6156   400                  22753.5650   980568         
   1645   234    23580.7128   372                  22753.5650   987123         
   1656   245    23641.3259   265                  22753.5650   994349         
   1660   249    23633.0005   312                  22753.5650   997522         
   1663   252    23704.3366   449                  22753.5650  1004818         
   1672   261    23932.2128   330                  22753.5650  1012105         
Elapsed time = 764.52 sec. (819916.59 ticks, tree = 3.97 MB, solutions = 0)
   1680   269    24837.3640   335                  22753.5650  1019251         
   1685   274    24872.7138   246                  22753.5650  1027110         
   1698   287    24944.3127   262                  22753.5650  1032571         
   1717   306    25186.0645   189                  22753.5650  1040295         
   1737   326    25540.3394   217                  22753.5650  1047705         
   1757   345    30607.3077   162                  22753.5650  1053335         
   1781   368    30725.0000   175                  22753.5650  1057249         
   1806   393    30725.0000   131                  22753.5650  1059972         
   1832   411    22721.7556   474                  22753.5650  1063615         
   1836   415    22825.4412   461                  22753.5650  1069745         
Elapsed time = 796.64 sec. (860599.61 ticks, tree = 5.04 MB, solutions = 0)
   1843   422    22912.2321   299                  22753.5650  1077658         
   1856   435    22980.0130   293                  22753.5650  1082245         
   1873   452    24948.5161   210                  22753.5650  1090891         
   1889   468    25476.5168   199                  22753.5650  1097492         
   1906   485    26691.4349   186                  22753.5650  1100145         
   1923   502    28968.7414   257                  22753.5650  1108213         
   1946   525    29259.6643   227                  22753.5650  1112948         
   1969   548    29942.3750   185                  22753.5650  1116440         
   1997   574    31894.2000   107                  22753.5650  1117289         
   2006   583    22802.2154   286                  22753.5650  1123914         
Elapsed time = 827.31 sec. (900408.66 ticks, tree = 6.22 MB, solutions = 0)
   2017   594    22841.5371   275                  22753.5650  1132514         
   2032   609    23011.9497   348                  22753.5650  1140845         
   2045   622    23071.8405   295                  22753.5650  1146914         
   2062   639    23678.1057   238                  22753.5650  1153313         
   2078   655    24135.6211   225                  22753.5650  1165768         
   2101   678    25724.3876   289                  22753.5650  1175668         
   2118   695    26098.1220   244                  22753.5650  1185490         
   2140   714    28451.1630   156                  22753.5650  1190113         
   2156   723    22743.9711   502                  22753.5650  1198009         
   2160   727    22771.6868   401                  22753.5650  1200240         
Elapsed time = 860.66 sec. (942126.08 ticks, tree = 7.21 MB, solutions = 0)
   2164   731    23302.8479   370                  22753.5650  1210694         
   2171   738    22882.6917   399                  22753.5650  1219170         
   2181   748    23229.2180   331                  22753.5650  1227917         
   2187   754    24216.9151   323                  22753.5650  1239851         
   2197   764    24161.2293   314                  22753.5650  1251745         
   2209   776    23349.2341   265                  22753.5650  1262236         
   2222   789    23427.8256   322                  22753.5650  1270095         
   2230   797    23473.0600   351                  22753.5650  1277759         
   2238   805    23543.4276   302                  22753.5650  1286506         
   2243   810    25348.3945   240                  22753.5650  1296026         
Elapsed time = 898.58 sec. (984379.70 ticks, tree = 7.77 MB, solutions = 0)

Clique cuts applied:  10
Cover cuts applied:  32
Flow cuts applied:  5
Mixed integer rounding cuts applied:  139
Zero-half cuts applied:  34
Lift and project cuts applied:  11
Gomory fractional cuts applied:  1

Root node processing (before b&c):
  Real time             =   36.23 sec. (46765.61 ticks)
Sequential b&c:
  Real time             =  863.77 sec. (939248.57 ticks)
                          ------------
Total (root+branch&cut) =  900.01 sec. (986014.18 ticks)
MIP: [1;32mCPLEX finished.[0m
MIP: [1;32mCPLEX status: Unknown[0m
MIP: [1;32mNo feasible solution exits[0m
