ifile	/scratch/csagturk/mlbppo_inst/n0030_m01_p150__036.inst
prob	MLBPPO
threads	1
ttime	900
instance: /scratch/csagturk/mlbppo_inst/n0030_m01_p150__036.inst
	m=1, n=[30, 25], #pos=45
MIP: [1;32minit CPLEX[0m
CAN: [1;35mcreated 750 x_{ijk} variables[0m
CAN: [1;35mcreated 55 y_{ij} variables[0m
CAN: [1;35mcreated 750 p_{ijk} variables[0m
MIP: [1;32mcreated decision variables[0m
CAN: [1;35madded 30 constraints to enforce the packing of each item[0m
CAN: [1;35madded 0 constraints to enforce the packing of each item[0m
CAN: [1;35madded 25 capacity constraints[0m
MIP: [1;32mcreated constraints[0m
MIP: [1;32mcreated objective function[0m
MIP: [1;32mcalling CPLEX solve ...[0m
Version identifier: 22.1.0.0 | 2022-03-09 | 1a383f8ce
CPXPARAM_Threads                                 1
CPXPARAM_TimeLimit                               900
Tried aggregator 2 times.
MIP Presolve eliminated 911 rows and 527 columns.
MIP Presolve added 2 rows and 0 columns.
MIP Presolve modified 2943 coefficients.
Aggregator did 528 substitutions.
Reduced MIP has 480 rows, 470 columns, and 7803 nonzeros.
Reduced MIP has 470 binaries, 0 generals, 0 SOSs, and 0 indicators.
Presolve time = 0.04 sec. (45.77 ticks)
Probing fixed 146 vars, tightened 0 bounds.
Probing time = 0.01 sec. (9.30 ticks)
Tried aggregator 1 time.
MIP Presolve eliminated 199 rows and 147 columns.
MIP Presolve modified 1108 coefficients.
Reduced MIP has 262 rows, 323 columns, and 2712 nonzeros.
Reduced MIP has 323 binaries, 0 generals, 0 SOSs, and 0 indicators.
Presolve time = 0.00 sec. (3.40 ticks)
Probing fixed 14 vars, tightened 0 bounds.
Probing time = 0.00 sec. (2.75 ticks)
Tried aggregator 1 time.
Detecting symmetries...
MIP Presolve eliminated 17 rows and 14 columns.
MIP Presolve modified 192 coefficients.
Reduced MIP has 240 rows, 309 columns, and 2366 nonzeros.
Reduced MIP has 309 binaries, 0 generals, 0 SOSs, and 0 indicators.
Presolve time = 0.00 sec. (2.16 ticks)
Probing time = 0.00 sec. (2.25 ticks)
Clique table members: 1738.
MIP emphasis: balance optimality and feasibility.
MIP search method: dynamic search.
Parallel mode: none, using 1 thread.
Root relaxation solution time = 0.00 sec. (2.86 ticks)

        Nodes                                         Cuts/
   Node  Left     Objective  IInf  Best Integer    Best Bound    ItCnt     Gap

      0     0     8071.6414    61                   8071.6414      216         
      0     0     8088.0098    81                    Cuts: 39      459         
      0     0     8121.2983   110                    Cuts: 79      654         
      0     0     8136.4337   108                    Cuts: 62      770         
      0     0     8158.7600   120                    Cuts: 42      911         
      0     0     8192.7655   121                    Cuts: 44     1013         
Detecting symmetries...
      0     0     8222.8212   135                    Cuts: 60     1111         
      0     0     8252.1610   127                    Cuts: 40     1201         
      0     0     8306.7744   125                    Cuts: 48     1351         
      0     0     8344.7971   113                    Cuts: 42     1462         
*     0+    0                         9486.0000     8344.7971            12.03%
      0     0     8348.6322   111     9486.0000      Cuts: 19     1505   11.99%
      0     0     8353.4760   109     9486.0000      Cuts: 19     1655   11.94%
      0     0     8354.4071   112     9486.0000      Cuts: 39     1730   11.93%
      0     0     8358.8037    96     9486.0000      Cuts: 16     1803   11.88%
      0     0     8359.7460   113     9486.0000      Cuts: 25     1871   11.87%
*     0+    0                         9446.0000     8359.7460            11.50%
Detecting symmetries...
      0     2     8359.7460   112     9446.0000     8360.2877     1871   11.49%
Elapsed time = 0.32 sec. (298.59 ticks, tree = 0.01 MB, solutions = 2)
*    10+   10                         9209.0000     8384.9844             8.95%
*    20+   20                         9164.0000     8384.9844             8.50%
*    60+   49                         9051.0000     8384.9844             7.36%
*    70+   33                         8593.0000     8386.5479             2.40%
    276   130     8496.8047    37     8593.0000     8460.7778     9944    1.54%
    511    58     8575.3914    44     8593.0000     8548.5000    18325    0.52%

GUB cover cuts applied:  12
Clique cuts applied:  2
Cover cuts applied:  37
Implied bound cuts applied:  43
Flow cuts applied:  1
Mixed integer rounding cuts applied:  34
Zero-half cuts applied:  18

Root node processing (before b&c):
  Real time             =    0.32 sec. (298.67 ticks)
Sequential b&c:
  Real time             =    0.49 sec. (540.28 ticks)
                          ------------
Total (root+branch&cut) =    0.80 sec. (838.95 ticks)
MIP: [1;32mCPLEX finished.[0m
MIP: [1;32mCPLEX status: Optimal[0m
CAN: [1;35mItem: 0, Level: 0, at bin: 11[0m
CAN: [1;35mItem: 1, Level: 0, at bin: 0[0m
CAN: [1;35mItem: 2, Level: 0, at bin: 24[0m
CAN: [1;35mItem: 3, Level: 0, at bin: 24[0m
CAN: [1;35mItem: 4, Level: 0, at bin: 1[0m
CAN: [1;35mItem: 5, Level: 0, at bin: 2[0m
CAN: [1;35mItem: 6, Level: 0, at bin: 18[0m
CAN: [1;35mItem: 7, Level: 0, at bin: 13[0m
CAN: [1;35mItem: 8, Level: 0, at bin: 3[0m
CAN: [1;35mItem: 9, Level: 0, at bin: 16[0m
CAN: [1;35mItem: 10, Level: 0, at bin: 2[0m
CAN: [1;35mItem: 11, Level: 0, at bin: 12[0m
CAN: [1;35mItem: 12, Level: 0, at bin: 10[0m
CAN: [1;35mItem: 13, Level: 0, at bin: 2[0m
CAN: [1;35mItem: 14, Level: 0, at bin: 21[0m
CAN: [1;35mItem: 15, Level: 0, at bin: 20[0m
CAN: [1;35mItem: 16, Level: 0, at bin: 6[0m
CAN: [1;35mItem: 17, Level: 0, at bin: 15[0m
CAN: [1;35mItem: 18, Level: 0, at bin: 14[0m
CAN: [1;35mItem: 19, Level: 0, at bin: 21[0m
CAN: [1;35mItem: 20, Level: 0, at bin: 9[0m
CAN: [1;35mItem: 21, Level: 0, at bin: 11[0m
CAN: [1;35mItem: 22, Level: 0, at bin: 2[0m
CAN: [1;35mItem: 23, Level: 0, at bin: 16[0m
CAN: [1;35mItem: 24, Level: 0, at bin: 12[0m
CAN: [1;35mItem: 25, Level: 0, at bin: 14[0m
CAN: [1;35mItem: 26, Level: 0, at bin: 20[0m
CAN: [1;35mItem: 27, Level: 0, at bin: 10[0m
CAN: [1;35mItem: 28, Level: 0, at bin: 20[0m
CAN: [1;35mItem: 29, Level: 0, at bin: 13[0m
MIP: [1;32mSolution: 
Indexes: [11, 0, 24, 24, 1, 2, 18, 13, 3, 16, 2, 12, 10, 2, 21, 20, 6, 15, 14, 21, 9, 11, 2, 16, 12, 14, 20, 10, 20, 13], P Variables: [11][0][24][24][1][2][18][13][3][16][2][12][10][2][21][20][6][15][14][21][9][11][2][16][12][14][20][10][20][13], Flow leaving each bin: [0m
MIP: [1;32mObjective value: 8593[0m
MIP: [1;32mLower Bound: 8593[0m
MIP: [1;32mBranch-and-Bound nodes: 632[0m

# best solution:
best objective value:	8593
best dual bound value:	8593
optimality gap:	0%
CPU time:	0.80315
