ifile	/scratch/csagturk/mlbppo_inst/n0030_m03_p100__021.inst
prob	MLBPPO
threads	1
ttime	900
instance: /scratch/csagturk/mlbppo_inst/n0030_m03_p100__021.inst
	m=3, n=[30, 24, 19, 22], #pos=30
MIP: [1;32minit CPLEX[0m
CAN: [1;35mcreated 1594 x_{ijk} variables[0m
CAN: [1;35mcreated 95 y_{ij} variables[0m
CAN: [1;35mcreated 1950 p_{ijk} variables[0m
MIP: [1;32mcreated decision variables[0m
CAN: [1;35madded 30 constraints to enforce the packing of each item[0m
CAN: [1;35madded 43 constraints to enforce the packing of each item[0m
CAN: [1;35madded 65 capacity constraints[0m
MIP: [1;32mcreated constraints[0m
MIP: [1;32mcreated objective function[0m
MIP: [1;32mcalling CPLEX solve ...[0m
Version identifier: 22.1.0.0 | 2022-03-09 | 1a383f8ce
CPXPARAM_Threads                                 1
CPXPARAM_TimeLimit                               900
Tried aggregator 3 times.
MIP Presolve eliminated 29611 rows and 21559 columns.
MIP Presolve modified 1568 coefficients.
Aggregator did 49956 substitutions.
Reduced MIP has 48498 rows, 34398 columns, and 128381 nonzeros.
Reduced MIP has 18456 binaries, 0 generals, 0 SOSs, and 77 indicators.
Presolve time = 0.41 sec. (2104.34 ticks)
Probing fixed 0 vars, tightened 57 bounds.
Probing changed sense of 43 constraints.
Probing time = 2.95 sec. (2469.81 ticks)
Tried aggregator 2 times.
MIP Presolve eliminated 258 rows and 301 columns.
Aggregator did 31621 substitutions.
Reduced MIP has 16619 rows, 2476 columns, and 64537 nonzeros.
Reduced MIP has 2476 binaries, 0 generals, 0 SOSs, and 0 indicators.
Presolve time = 0.15 sec. (136.51 ticks)
Probing time = 0.00 sec. (4.14 ticks)
Tried aggregator 1 time.
Detecting symmetries...
Reduced MIP has 16619 rows, 2476 columns, and 64537 nonzeros.
Reduced MIP has 2476 binaries, 0 generals, 0 SOSs, and 0 indicators.
Presolve time = 0.03 sec. (34.45 ticks)
Probing time = 0.00 sec. (4.14 ticks)
Clique table members: 2887.
MIP emphasis: balance optimality and feasibility.
MIP search method: dynamic search.
Parallel mode: none, using 1 thread.
Root relaxation solution time = 0.04 sec. (49.94 ticks)

        Nodes                                         Cuts/
   Node  Left     Objective  IInf  Best Integer    Best Bound    ItCnt     Gap

      0     0    19912.7880   142                  19912.7880      648         
      0     0    19966.1816   228                   Cuts: 189     1581         
      0     0    19967.5818   261                   Cuts: 110     2787         
      0     0    19994.7057   222                   Cuts: 101     7725         
      0     0    20021.9169   281                    Cuts: 86     9459         
      0     0    20073.8057   276                   Cuts: 108    12191         
      0     0    20079.8936   262                   Cuts: 104    15056         
      0     0    20100.5455   239                    Cuts: 78    18995         
      0     0    20115.5142   323                    Cuts: 86    22697         
      0     0    20120.8925   290                    Cuts: 86    25426         
      0     0    20122.1835   303                    Cuts: 92    26741         
      0     0    20125.1070   295                    Cuts: 61    28263         
      0     0    20126.0470   298                    Cuts: 86    29172         
*     0+    0                        33030.0000    20126.0470            39.07%
*     0+    0                        32963.0000    20126.0470            38.94%
      0     2    20126.0470   298    32963.0000    20126.0772    29172   38.94%
Elapsed time = 18.22 sec. (21657.00 ticks, tree = 0.01 MB, solutions = 2)
      2     4    20129.3414   268    32963.0000    20129.3934    30969   38.93%
      3     5    20132.9018   306    32963.0000    20129.3934    32253   38.93%
      4     6    20130.3868   307    32963.0000    20130.5690    33644   38.93%
      5     7    20148.3810   314    32963.0000    20130.6435    36114   38.93%
      6     8    20138.5164   264    32963.0000    20131.4722    37604   38.93%
      8    10    20139.0155   268    32963.0000    20131.4722    38668   38.93%
     11    13    20139.3285   262    32963.0000    20131.4722    39619   38.93%
     30    32    20139.3285   261    32963.0000    20131.4722    40896   38.93%
     33    35    20183.6728   275    32963.0000    20131.4722    43456   38.93%
     50    52    20236.9045   225    32963.0000    20131.4722    45529   38.93%
Elapsed time = 21.86 sec. (26288.57 ticks, tree = 0.15 MB, solutions = 2)
     85    87    20342.2600   239    32963.0000    20131.4722    49398   38.93%
    110   112    20770.5995   184    32963.0000    20131.4722    53916   38.93%
    157   154    20151.1725   285    32963.0000    20131.5103    61151   38.93%
    209   206    20151.5436   287    32963.0000    20131.5103    65557   38.93%
    230   227    20376.6562   283    32963.0000    20131.5103    70802   38.93%
    252   247    20327.0558   212    32963.0000    20131.5103    74820   38.93%
    264   259    20434.0978   217    32963.0000    20131.5103    79192   38.93%
    285   280    20864.8548   247    32963.0000    20131.5103    84156   38.93%
    331   326    22789.8750    69    32963.0000    20131.5103    90096   38.93%
*   360+  352                        25824.0000    20131.5103            22.04%
    390   372    20141.2567   299    25824.0000    20133.7541    94281   22.03%
Elapsed time = 29.65 sec. (36680.84 ticks, tree = 1.43 MB, solutions = 3)
    402   384    20150.1131   270    25824.0000    20134.7106    98818   22.03%
    409   391    20177.4859   288    25824.0000    20134.7106   105584   22.03%
    410   392    20212.7365   283    25824.0000    20134.7106   107034   22.03%
    416   398    20212.7365   281    25824.0000    20134.7106   112381   22.03%
    419   401    20212.7365   281    25824.0000    20134.7106   117155   22.03%
    422   404    20212.7365   321    25824.0000    20134.7106   119202   22.03%
    425   407    20212.7365   254    25824.0000    20134.7106   124986   22.03%
    428   410    20212.7365   302    25824.0000    20134.7106   129367   22.03%
    432   414    20212.7365   279    25824.0000    20134.7106   134653   22.03%
    435   417    20212.7365   291    25824.0000    20134.7106   139443   22.03%
Elapsed time = 40.83 sec. (49595.70 ticks, tree = 1.69 MB, solutions = 3)
    440   422    20212.7365   254    25824.0000    20134.7106   143344   22.03%
    446   428    20213.6515   301    25824.0000    20134.7106   147853   22.03%
    460   440    20213.6515   298    25824.0000    20134.7106   149808   22.03%

Performing restart 1

Repeating presolve.
Tried aggregator 1 time.
MIP Presolve modified 13427 coefficients.
Reduced MIP has 16619 rows, 2476 columns, and 58157 nonzeros.
Reduced MIP has 2476 binaries, 0 generals, 0 SOSs, and 0 indicators.
Presolve time = 0.05 sec. (50.74 ticks)
Tried aggregator 1 time.
MIP Presolve modified 414 coefficients.
Reduced MIP has 16619 rows, 2476 columns, and 58157 nonzeros.
Reduced MIP has 2476 binaries, 0 generals, 0 SOSs, and 0 indicators.
Presolve time = 0.05 sec. (46.36 ticks)
Represolve time = 0.21 sec. (214.30 ticks)
    470     0    20122.7527   316    25824.0000     Cuts: 134   161640   22.03%
    470     0    20138.6617   323    25824.0000     Cuts: 106   164943   22.02%
    470     0    20141.3573   378    25824.0000     Cuts: 114   167219   22.01%
    470     0    20145.9355   341    25824.0000     Cuts: 103   169273   21.99%
    470     0    20148.0937   324    25824.0000     Cuts: 107   171149   21.98%
    470     0    20149.2553   365    25824.0000     Cuts: 122   173026   21.97%
    470     0    20151.2815   352    25824.0000     Cuts: 109   174767   21.97%
    470     0    20153.0926   347    25824.0000      Cuts: 98   176338   21.96%
    470     0    20155.9851   385    25824.0000      Cuts: 93   178807   21.95%
    470     0    20156.5404   419    25824.0000      Cuts: 93   180368   21.95%
    470     0    20158.5240   411    25824.0000      Cuts: 54   182223   21.94%
    470     0    20160.6305   402    25824.0000      Cuts: 41   184721   21.93%
    470     0    20163.2654   371    25824.0000      Cuts: 47   185107   21.92%
    470     0    20164.2158   376    25824.0000      Cuts: 39   185355   21.92%
    470     0    20166.1425   406    25824.0000      Cuts: 49   185655   21.91%
    470     0    20169.5249   369    25824.0000      Cuts: 43   186246   21.90%
    470     0    20171.3150   387    25824.0000      Cuts: 62   186480   21.89%
    470     0    20171.7592   362    25824.0000      Cuts: 47   186629   21.89%
    470     0    20172.7275   385    25824.0000      Cuts: 37   186906   21.88%
    470     0    20173.7213   339    25824.0000      Cuts: 27   187050   21.88%
    470     0    20175.7098   333    25824.0000      Cuts: 27   187349   21.87%
    470     0    20176.4584   336    25824.0000      Cuts: 43   187588   21.87%
    470     0    20177.4204   305    25824.0000      Cuts: 23   187942   21.87%
    470     0    20178.0881   313    25824.0000      Cuts: 38   188168   21.86%
    470     2    20178.0881   313    25824.0000    20178.4718   188168   21.86%
    471     3    20187.9427   324    25824.0000    20187.9704   190026   21.82%
    472     4    20194.0902   302    25824.0000    20190.5933   192895   21.81%
    473     5    20202.9874   268    25824.0000    20194.4805   197295   21.80%
    474     6    20210.4268   292    25824.0000    20194.4805   199544   21.80%
    475     7    20210.7216   269    25824.0000    20194.4805   200265   21.80%
    476     8    20260.8822   250    25824.0000    20194.4805   202628   21.80%
Elapsed time = 97.75 sec. (112502.40 ticks, tree = 0.02 MB, solutions = 3)
    477     9    20215.7217   300    25824.0000    20194.4805   206173   21.80%
    478    10    20217.9544   281    25824.0000    20194.4805   206420   21.80%
    479    11    20219.1011   274    25824.0000    20194.4805   206678   21.80%
    480    12    20292.4645   259    25824.0000    20194.4805   207775   21.80%
    481    13    20220.4345   268    25824.0000    20194.4805   208928   21.80%
    482    14    20241.6058   241    25824.0000    20194.4805   209278   21.80%
    483    15    20274.4755   279    25824.0000    20194.4805   212281   21.80%
    484    16    20261.5136   245    25824.0000    20194.4805   212741   21.80%
    486    18    20267.3574   224    25824.0000    20194.4805   213698   21.80%
    487    19    20482.2846   305    25824.0000    20194.4805   222727   21.80%
Elapsed time = 121.89 sec. (140493.69 ticks, tree = 0.06 MB, solutions = 3)
    488    20    20267.5810   292    25824.0000    20194.4805   223166   21.80%
    489    21    20270.0725   268    25824.0000    20194.4805   225034   21.80%
    490    22    20279.8735   263    25824.0000    20194.4805   225704   21.80%
    493    25    20286.4493   207    25824.0000    20194.4805   228244   21.80%
    495    27    20287.2939   208    25824.0000    20194.4805   230514   21.80%
    497    29    20316.6276   172    25824.0000    20194.4805   231535   21.80%
    498    30    20321.4841   248    25824.0000    20194.4805   231861   21.80%
    499    31    20323.9581   245    25824.0000    20194.4805   233724   21.80%
    500    32    20324.8223   260    25824.0000    20194.4805   236105   21.80%
    503    35    20327.6610   216    25824.0000    20194.4805   237817   21.80%
Elapsed time = 145.66 sec. (167163.39 ticks, tree = 0.31 MB, solutions = 3)
    505    37    20377.6496   228    25824.0000    20194.4805   239022   21.80%
    506    38    20379.6298   236    25824.0000    20194.4805   239437   21.80%
    507    39    20403.1129   218    25824.0000    20194.4805   241200   21.80%
    510    42    20398.9729   182    25824.0000    20194.4805   242401   21.80%
    511    43    20457.8158   212    25824.0000    20194.4805   243161   21.80%
    512    44    20407.8014   229    25824.0000    20194.4805   244872   21.80%
    514    46    20416.7349   260    25824.0000    20194.4805   246032   21.80%
    515    47    20417.5097   253    25824.0000    20194.4805   247676   21.80%
    517    49    20431.4275   177    25824.0000    20194.4805   250413   21.80%
    522    54    20488.3936   235    25824.0000    20194.4805   252008   21.80%
Elapsed time = 159.20 sec. (183035.91 ticks, tree = 0.36 MB, solutions = 3)
    525    57    20497.3161   263    25824.0000    20194.4805   254767   21.80%
    530    62    20496.9544   191    25824.0000    20194.4805   256054   21.80%
    534    66    20506.9939   161    25824.0000    20194.4805   257735   21.80%
    539    71    20510.8063   180    25824.0000    20194.4805   259763   21.80%
    542    74    20513.9542   148    25824.0000    20194.4805   260883   21.80%
    547    79    20516.2397   154    25824.0000    20194.4805   263254   21.80%
    552    84    20518.8745   175    25824.0000    20194.4805   264619   21.80%
    556    88    20524.6135   160    25824.0000    20194.4805   266031   21.80%
    563    95    20555.1892   134    25824.0000    20194.4805   269627   21.80%
    568   100    23039.0833   151    25824.0000    20194.4805   272437   21.80%
Elapsed time = 169.56 sec. (195731.78 ticks, tree = 0.76 MB, solutions = 3)
    571   101    infeasible          25824.0000    20194.4805   274576   21.80%
    575   105    21723.6875   229    25824.0000    20194.4805   277076   21.80%
    580   109    21969.7175   189    25824.0000    20194.4805   281513   21.80%
    584   111    infeasible          25824.0000    20194.4805   287829   21.80%
    591   116    23041.3000   144    25824.0000    20194.4805   292152   21.80%
    603   123    23466.9565   151    25824.0000    20194.4805   295072   21.80%
    612   128    24186.5000   173    25824.0000    20194.4805   298271   21.80%
    631   145    24436.0000    60    25824.0000    20194.4805   301531   21.80%
    639   150    24452.7531   166    25824.0000    20194.4805   303888   21.80%
    650   156    20204.9504   280    25824.0000    20195.2903   307148   21.80%
Elapsed time = 179.85 sec. (209142.22 ticks, tree = 0.94 MB, solutions = 3)
    653   159    20208.6953   271    25824.0000    20195.2903   309172   21.80%
    655   161    20231.0180   304    25824.0000    20195.2903   311634   21.80%
    658   164    20236.6567   326    25824.0000    20195.2903   314959   21.80%
    661   167    20251.3636   317    25824.0000    20195.2903   317546   21.80%
    664   170    20266.5184   300    25824.0000    20195.2903   320121   21.80%
    667   173    20266.5619   286    25824.0000    20195.2903   323378   21.80%
    670   176    20274.6518   335    25824.0000    20195.2903   325837   21.80%
    672   178    20297.5832   306    25824.0000    20195.2903   328910   21.80%
    673   179    20293.7790   317    25824.0000    20195.2903   331037   21.80%
    689   195    20363.1114   220    25824.0000    20195.2903   342063   21.80%
Elapsed time = 191.44 sec. (223054.39 ticks, tree = 1.06 MB, solutions = 3)
    701   207    20390.6249   195    25824.0000    20195.2903   347043   21.80%
    719   225    20682.2803   199    25824.0000    20195.2903   355218   21.80%
    745   245    21095.3750   181    25824.0000    20195.2903   370393   21.80%
    755   248    20250.4816   324    25824.0000    20205.0975   384090   21.76%
    758   251    20254.5211   276    25824.0000    20205.0975   387824   21.76%
    763   256    20300.5955   259    25824.0000    20205.0975   394664   21.76%
    786   279    20391.5000   236    25824.0000    20205.0975   405510   21.76%
    798   291    20621.9693   218    25824.0000    20205.0975   409505   21.76%
    819   308    21349.8593   220    25824.0000    20205.0975   413944   21.76%
    830   313    20270.0484   251    25824.0000    20206.2086   417593   21.75%
Elapsed time = 229.68 sec. (268518.38 ticks, tree = 6.45 MB, solutions = 3)
    843   326    20412.4319   287    25824.0000    20206.2086   423998   21.75%
    853   336    20475.5771   255    25824.0000    20206.2086   427410   21.75%
    877   358    20770.3535   251    25824.0000    20206.2086   431629   21.75%
    902   373    20250.7969   295    25824.0000    20207.8815   437252   21.75%
    909   380    20356.9664   255    25824.0000    20207.8815   444102   21.75%
    917   388    20533.7012   254    25824.0000    20207.8815   456402   21.75%
    937   408    20556.5981   288    25824.0000    20207.8815   468234   21.75%
    961   428    21539.0424   213    25824.0000    20207.8815   479010   21.75%
    998   459    20228.3937   374    25824.0000    20207.9067   503603   21.75%
   1010   471    20324.5523   290    25824.0000    20207.9067   518193   21.75%
Elapsed time = 275.53 sec. (321949.51 ticks, tree = 18.35 MB, solutions = 3)
   1023   484    20419.5837   261    25824.0000    20207.9067   535281   21.75%
   1040   501    20880.9460   257    25824.0000    20207.9067   554998   21.75%
   1045   506    21133.1714   334    25824.0000    20207.9067   564560   21.75%
   1061   522    21372.8077   256    25824.0000    20207.9067   579894   21.75%
   1075   532    21629.5658   239    25824.0000    20207.9067   594545   21.75%
   1087   538    20210.5629   321    25824.0000    20208.6989   613248   21.74%
   1102   553    20448.8760   266    25824.0000    20208.6989   630934   21.74%
   1114   565    20611.0443   242    25824.0000    20208.6989   650985   21.74%
   1184   631    21588.0000   229    25824.0000    20208.6989   660224   21.74%
   1213   651    20214.8127   272    25824.0000    20209.2831   668322   21.74%
Elapsed time = 312.62 sec. (366474.54 ticks, tree = 21.36 MB, solutions = 3)
   1215   653    20262.4665   313    25824.0000    20209.2831   677377   21.74%
   1233   671    20497.0543   225    25824.0000    20209.2831   685236   21.74%
   1262   688    21303.1250   178    25824.0000    20209.2831   694027   21.74%
   1331   751    infeasible          25824.0000    20209.2831   702301   21.74%
   1345   755    20263.5791   291    25824.0000    20209.9492   711295   21.74%
   1348   758    20332.3317   304    25824.0000    20209.9492   721472   21.74%
   1373   781    20782.8064   262    25824.0000    20209.9492   730275   21.74%
   1421   812    20213.8753   278    25824.0000    20210.5811   739734   21.74%
   1434   825    20707.0081   237    25824.0000    20210.5811   746892   21.74%
   1467   850    20246.3442   263    25824.0000    20210.7332   758421   21.74%
Elapsed time = 349.17 sec. (411945.42 ticks, tree = 22.06 MB, solutions = 3)
   1489   872    20396.7144   224    25824.0000    20210.7332   769504   21.74%
   1524   907    20496.1059   276    25824.0000    20210.7332   780166   21.74%
   1565   938    infeasible          25824.0000    20210.7332   790998   21.74%
   1572   939    20306.1747   246    25824.0000    20214.0300   801536   21.72%
   1590   957    20456.3302   233    25824.0000    20214.0300   811416   21.72%
   1629   992    20241.1318   302    25824.0000    20215.1005   819474   21.72%
   1650  1013    20541.0901   294    25824.0000    20215.1005   830631   21.72%
   1678  1035    20320.0053   267    25824.0000    20219.4469   839625   21.70%
   1715  1070    21593.2366   254    25824.0000    20219.4469   851125   21.70%
   1740  1091    20460.3673   321    25824.0000    20222.9221   861473   21.69%
Elapsed time = 382.09 sec. (454269.90 ticks, tree = 22.83 MB, solutions = 3)
   1774  1121    infeasible          25824.0000    20222.9221   868869   21.69%
   1796  1139    20408.8509   245    25824.0000    20224.9188   878228   21.68%
   1832  1173    infeasible          25824.0000    20224.9188   888412   21.68%
   1836  1173    20282.3585   306    25824.0000    20226.2133   894734   21.68%
   1848  1185    20475.9287   242    25824.0000    20226.2133   904818   21.68%
   1880  1209    infeasible          25824.0000    20226.2133   916400   21.68%
   1886  1215    20477.4972   225    25824.0000    20227.1136   925391   21.67%
   1932  1259    21744.7941   172    25824.0000    20227.1136   937110   21.67%
   1981  1300    20403.4170   302    25824.0000    20228.4237   948990   21.67%
   1999  1318    20894.2774   275    25824.0000    20228.4237   959394   21.67%
Elapsed time = 412.85 sec. (493455.31 ticks, tree = 23.75 MB, solutions = 3)
   2027  1346    21589.0051   243    25824.0000    20228.4237   970129   21.67%
   2076  1391    23888.0000   200    25824.0000    20228.4237   980039   21.67%
   2091  1398    20252.6484   330    25824.0000    20231.9209   990584   21.65%
   2102  1409    20419.7918   243    25824.0000    20231.9209  1001630   21.65%
   2126  1429    20503.1135   314    25824.0000    20232.1898  1009094   21.65%
   2154  1455    21161.4623   226    25824.0000    20232.1898  1020196   21.65%
   2183  1480    20296.6503   265    25824.0000    20236.4200  1031618   21.64%
   2218  1515    20834.0000   187    25824.0000    20236.4200  1048555   21.64%
   2341  1606    infeasible          25824.0000    20236.4200  1061967   21.64%
   2347  1608    20302.7748   299    25824.0000    20237.1294  1071392   21.63%
Elapsed time = 448.19 sec. (537882.62 ticks, tree = 24.79 MB, solutions = 3)
   2370  1631    20597.7637   279    25824.0000    20237.1294  1076066   21.63%
   2398  1649    20564.2937   313    25824.0000    20238.1064  1086341   21.63%
   2422  1673    20844.8243   271    25824.0000    20238.1064  1098387   21.63%
   2485  1724    20487.1116   270    25824.0000    20239.1807  1117442   21.63%
   2506  1745    20624.2214   237    25824.0000    20239.1807  1128150   21.63%
   2560  1791    infeasible          25824.0000    20239.1807  1140276   21.63%
   2578  1807    20389.0939   267    25824.0000    20239.5166  1150914   21.63%
   2603  1830    21032.4466   262    25824.0000    20239.5166  1162703   21.63%
   2644  1867    infeasible          25824.0000    20239.5166  1176519   21.63%
   2655  1873    20254.0970   283    25824.0000    20239.6659  1185095   21.62%
Elapsed time = 486.84 sec. (586249.92 ticks, tree = 28.35 MB, solutions = 3)
   2688  1906    20376.3778   232    25824.0000    20239.6659  1197823   21.62%
   2747  1953    20331.9715   320    25824.0000    20239.8498  1215522   21.62%
   2773  1979    21095.5222   271    25824.0000    20239.8498  1226685   21.62%
   2795  1999    21913.5813   306    25824.0000    20239.8498  1241034   21.62%
   2812  2010    20351.7536   263    25824.0000    20239.9289  1254070   21.62%
   2814  2012    20358.6216   213    25824.0000    20239.9289  1263145   21.62%
   2831  2029    20770.1052   219    25824.0000    20239.9289  1277177   21.62%
   2880  2074    20351.2444   265    25824.0000    20240.3490  1288975   21.62%
   2908  2102    21208.7567   223    25824.0000    20240.3490  1301249   21.62%
   2928  2116    20394.7236   344    25824.0000    20241.5149  1312063   21.62%
Elapsed time = 522.87 sec. (632801.28 ticks, tree = 29.56 MB, solutions = 3)
   2946  2134    20769.0476   279    25824.0000    20241.5149  1323942   21.62%
   2985  2165    20256.0823   291    25824.0000    20242.3692  1335354   21.61%
   3046  2224    21212.0000   146    25824.0000    20242.3692  1348244   21.61%
   3090  2260    20385.8939   303    25824.0000    20244.8268  1360740   21.60%
   3120  2290    20756.9686   277    25824.0000    20244.8268  1372639   21.60%
   3160  2324    infeasible          25824.0000    20244.8268  1387479   21.60%
   3165  2329    20337.7493   281    25824.0000    20245.2101  1392997   21.60%
   3200  2358    20302.0276   255    25824.0000    20245.8823  1406063   21.60%
   3240  2394    20309.6394   316    25824.0000    20245.9545  1422469   21.60%
   3250  2404    20381.8619   344    25824.0000    20245.9545  1434225   21.60%
Elapsed time = 554.67 sec. (675640.36 ticks, tree = 30.45 MB, solutions = 3)
   3270  2424    20573.8125   171    25824.0000    20245.9545  1443975   21.60%
   3337  2477    20522.7598   334    25824.0000    20246.3116  1458255   21.60%
   3363  2501    21087.8509   300    25824.0000    20246.3116  1469273   21.60%
   3386  2522    22098.4815   229    25824.0000    20246.3116  1480451   21.60%
   3416  2544    20447.9107   314    25824.0000    20247.0152  1492454   21.60%
   3448  2576    21014.3123   244    25824.0000    20247.0152  1504332   21.60%
   3489  2615    23411.6380   227    25824.0000    20247.0152  1516866   21.60%
*  3590+ 2707                        25800.0000    20247.0152            21.52%
   3591  2707    20307.8996   329    25800.0000    20247.4570  1530079   21.52%
   3600  2716    20477.5108   233    25800.0000    20247.4570  1540506   21.52%
   3631  2743    21607.0699   211    25800.0000    20247.4570  1550824   21.52%
Elapsed time = 595.74 sec. (728782.99 ticks, tree = 32.17 MB, solutions = 4)
   3655  2765    21695.0000   222    25800.0000    20247.4570  1556120   21.52%
   3679  2783    20307.0241   359    25800.0000    20247.5585  1564742   21.52%
   3687  2791    20783.1463   308    25800.0000    20247.5585  1576506   21.52%
   3713  2813    21286.7358   248    25800.0000    20247.5585  1588019   21.52%
   3734  2830    20444.9232   310    25800.0000    20248.1584  1598991   21.52%
   3759  2855    20685.5520   246    25800.0000    20248.1584  1609630   21.52%
   3801  2889    22167.0000   145    25800.0000    20248.1584  1621753   21.52%
   3821  2903    20366.3508   339    25800.0000    20248.4926  1631640   21.52%
   3841  2921    20860.2512   328    25800.0000    20248.4926  1637019   21.52%
   3862  2942    21323.0075   232    25800.0000    20248.4926  1642320   21.52%
Elapsed time = 627.74 sec. (769495.00 ticks, tree = 35.38 MB, solutions = 4)
   3902  2972    20329.2568   311    25800.0000    20249.0529  1650043   21.52%
   3913  2983    20405.6264   260    25800.0000    20249.0529  1655904   21.52%
   3934  3004    21094.5099   256    25800.0000    20249.0529  1668569   21.52%
   3945  3011    20567.7688   267    25800.0000    20249.1142  1678498   21.52%
   3964  3024    20403.3389   303    25800.0000    20249.2347  1698076   21.51%
   3985  3045    20621.6700   217    25800.0000    20249.2347  1715218   21.51%
   4025  3077    20277.0453   344    25800.0000    20250.5655  1723305   21.51%
   4046  3098    20523.7853   214    25800.0000    20250.5655  1734475   21.51%
   4069  3117    20337.9560   364    25800.0000    20250.6067  1749739   21.51%
   4072  3120    20414.9625   281    25800.0000    20250.6067  1760234   21.51%
Elapsed time = 668.73 sec. (821306.68 ticks, tree = 38.24 MB, solutions = 4)
   4108  3152    infeasible          25800.0000    20250.6067  1771878   21.51%
   4134  3170    20292.4630   342    25800.0000    20251.1502  1783583   21.51%
   4149  3185    20406.1454   351    25800.0000    20251.1502  1794615   21.51%
   4188  3218    20263.3501   303    25800.0000    20251.6187  1807605   21.51%
   4210  3240    20422.0524   296    25800.0000    20251.6187  1819592   21.51%
   4230  3256    20279.9174   333    25800.0000    20251.9225  1835086   21.50%
   4245  3271    20470.6042   271    25800.0000    20251.9225  1846676   21.50%
   4267  3289    20380.8265   294    25800.0000    20254.0296  1859115   21.50%
   4269  3291    20416.2787   344    25800.0000    20254.0296  1871617   21.50%
   4271  3293    20468.1765   326    25800.0000    20254.0296  1879221   21.50%
Elapsed time = 707.38 sec. (871020.69 ticks, tree = 38.64 MB, solutions = 4)
   4307  3327    20502.6923   309    25800.0000    20254.0296  1891707   21.50%
   4376  3378    infeasible          25800.0000    20254.0296  1903412   21.50%
   4378  3380    20289.8933   292    25800.0000    20254.3993  1909233   21.49%
   4413  3413    20914.5359   251    25800.0000    20254.3993  1920945   21.49%
   4452  3442    20271.2997   320    25800.0000    20254.5211  1930007   21.49%
   4487  3475    20724.0611   301    25800.0000    20254.5211  1942113   21.49%
   4516  3504    21284.1456   268    25800.0000    20254.5211  1952027   21.49%
   4531  3515    20426.3202   213    25800.0000    20254.5857  1959484   21.49%
   4586  3564    21969.4211   231    25800.0000    20254.5857  1971244   21.49%
   4605  3575    20303.4431   303    25800.0000    20257.2674  1981189   21.48%
Elapsed time = 738.88 sec. (912848.50 ticks, tree = 41.24 MB, solutions = 4)
   4634  3604    20490.4762   216    25800.0000    20257.2674  1993078   21.48%
   4675  3635    20352.2098   299    25800.0000    20257.8604  2003513   21.48%
   4680  3640    20415.8503   322    25800.0000    20257.8604  2019210   21.48%
   4696  3656    20546.8946   302    25800.0000    20257.8604  2030955   21.48%
   4750  3704    21747.5802   279    25800.0000    20257.8604  2042570   21.48%
   4763  3711    20299.1807   287    25800.0000    20258.0570  2049104   21.48%
   4790  3738    21468.0769   206    25800.0000    20258.0570  2058789   21.48%
   4840  3788    23697.5882   202    25800.0000    20258.0570  2068582   21.48%
   4917  3859    25145.0000   102    25800.0000    20258.0570  2073188   21.48%
*  4929  3864      integral     0    25427.0000    20258.0570  2074549   20.33%
   4932  3866    20337.8019   267    25427.0000    20258.4767  2079544   20.33%
Elapsed time = 775.21 sec. (959998.35 ticks, tree = 47.35 MB, solutions = 5)
   4950  3884    20713.4410   271    25427.0000    20258.4767  2087916   20.33%
   4980  3912    21138.9755   279    25427.0000    20258.4767  2097571   20.33%
   5024  3946    infeasible          25427.0000    20258.4767  2105616   20.33%
   5032  3952    20664.6401   284    25427.0000    20258.6901  2116686   20.33%
   5087  4005    21601.0000   180    25427.0000    20258.6901  2128860   20.33%
   5112  4024    20431.9763   354    25427.0000    20259.6818  2140395   20.32%
   5136  4048    21046.0566   242    25427.0000    20259.6818  2151550   20.32%
   5179  4075    20332.1495   298    25427.0000    20260.2548  2166234   20.32%
   5198  4094    20859.4731   225    25427.0000    20260.2548  2177426   20.32%
   5273  4159    22469.0000   152    25427.0000    20260.2548  2191994   20.32%
Elapsed time = 805.97 sec. (1002978.89 ticks, tree = 48.70 MB, solutions = 5)
   5323  4198    20332.7618   316    25427.0000    20261.0341  2208610   20.32%
   5336  4211    20501.9367   294    25427.0000    20261.0341  2219302   20.32%
   5355  4230    20788.0152   288    25427.0000    20261.0341  2227782   20.32%
Starting limited solution polishing.
   5417  4276    20290.6487   262    25427.0000    20261.1884  2237758   20.32%
   5444  4301    20909.3205   273    25427.0000    20261.1884  2249031   20.32%
   5470  4325    22166.9081   246    25427.0000    20261.1884  2259874   20.32%
   5482  4329    20390.7688   298    25427.0000    20262.3350  2270945   20.31%
   5497  4344    20444.2446   277    25427.0000    20262.3350  2282288   20.31%
   5570  4409    21893.2143   211    25427.0000    20262.3350  2293695   20.31%
   5590  4422    20358.4798   296    25427.0000    20263.7839  2305274   20.31%
Elapsed time = 841.85 sec. (1051891.56 ticks, tree = 49.52 MB, solutions = 5)
   5609  4439    20851.4378   261    25427.0000    20263.7839  2316359   20.31%
   5664  4486    20298.3747   292    25427.0000    20264.0614  2327357   20.30%
*  5670+ 4490                        25418.0000    20264.0614            20.28%
   5670  4492    20362.9020   264    25418.0000    20264.0614  2330448   20.28%
   5704  4526    20701.8673   292    25418.0000    20264.0614  2343111   20.28%
   5749  4565    20374.3763   388    25418.0000    20264.2010  2361486   20.28%
   5768  4584    20529.4262   263    25418.0000    20264.2010  2371188   20.28%
*  5770+ 4577                        25348.0000    20264.2010            20.06%
   5770  4579    20530.8610   272    25348.0000    20264.2010  2371386   20.06%
   5808  4609    22441.3362   211    25348.0000    20264.2010  2385703   20.06%
   5814  4609    20546.3433   274    25348.0000    20265.0303  2395926   20.05%
   5832  4625    20955.6308   244    25348.0000    20265.0303  2406886   20.05%
Elapsed time = 881.93 sec. (1105086.90 ticks, tree = 50.37 MB, solutions = 7)
   5870  4657    20398.5617   294    25348.0000    20266.8308  2419671   20.05%
   5898  4683    21102.3281   249    25348.0000    20266.8308  2431700   20.05%
   5941  4716    20465.7603   360    25348.0000    20267.2529  2450885   20.04%

Clique cuts applied:  16
Cover cuts applied:  118
Flow cuts applied:  3
Mixed integer rounding cuts applied:  159
Zero-half cuts applied:  98
Lift and project cuts applied:  27
Gomory fractional cuts applied:  5

Root node processing (before b&c):
  Real time             =   18.21 sec. (21626.69 ticks)
Sequential b&c:
  Real time             =  881.80 sec. (1107147.86 ticks)
                          ------------
Total (root+branch&cut) =  900.01 sec. (1128774.54 ticks)
MIP: [1;32mCPLEX finished.[0m
MIP: [1;32mCPLEX status: Feasible[0m
CAN: [1;35mItem: 0, Level: 0, at bin: 9[0m
CAN: [1;35mItem: 0, Level: 1, at bin: 4[0m
CAN: [1;35mItem: 0, Level: 2, at bin: 16[0m
CAN: [1;35mItem: 1, Level: 0, at bin: 8[0m
CAN: [1;35mItem: 1, Level: 1, at bin: 17[0m
CAN: [1;35mItem: 1, Level: 2, at bin: 15[0m
CAN: [1;35mItem: 2, Level: 0, at bin: 11[0m
CAN: [1;35mItem: 2, Level: 1, at bin: 11[0m
CAN: [1;35mItem: 2, Level: 2, at bin: 10[0m
CAN: [1;35mItem: 3, Level: 0, at bin: 19[0m
CAN: [1;35mItem: 3, Level: 1, at bin: 18[0m
CAN: [1;35mItem: 3, Level: 2, at bin: 15[0m
CAN: [1;35mItem: 4, Level: 0, at bin: 23[0m
CAN: [1;35mItem: 4, Level: 1, at bin: 5[0m
CAN: [1;35mItem: 4, Level: 2, at bin: 10[0m
CAN: [1;35mItem: 5, Level: 0, at bin: 4[0m
CAN: [1;35mItem: 5, Level: 1, at bin: 16[0m
CAN: [1;35mItem: 5, Level: 2, at bin: 3[0m
CAN: [1;35mItem: 6, Level: 0, at bin: 20[0m
CAN: [1;35mItem: 6, Level: 1, at bin: 1[0m
CAN: [1;35mItem: 6, Level: 2, at bin: 9[0m
CAN: [1;35mItem: 7, Level: 0, at bin: 2[0m
CAN: [1;35mItem: 7, Level: 1, at bin: 15[0m
CAN: [1;35mItem: 7, Level: 2, at bin: 3[0m
CAN: [1;35mItem: 8, Level: 0, at bin: 4[0m
CAN: [1;35mItem: 8, Level: 1, at bin: 16[0m
CAN: [1;35mItem: 8, Level: 2, at bin: 3[0m
CAN: [1;35mItem: 9, Level: 0, at bin: 23[0m
CAN: [1;35mItem: 9, Level: 1, at bin: 5[0m
CAN: [1;35mItem: 9, Level: 2, at bin: 10[0m
CAN: [1;35mItem: 10, Level: 0, at bin: 5[0m
CAN: [1;35mItem: 10, Level: 1, at bin: 9[0m
CAN: [1;35mItem: 10, Level: 2, at bin: 19[0m
CAN: [1;35mItem: 11, Level: 0, at bin: 1[0m
CAN: [1;35mItem: 11, Level: 1, at bin: 1[0m
CAN: [1;35mItem: 11, Level: 2, at bin: 9[0m
CAN: [1;35mItem: 12, Level: 0, at bin: 18[0m
CAN: [1;35mItem: 12, Level: 1, at bin: 18[0m
CAN: [1;35mItem: 12, Level: 2, at bin: 15[0m
CAN: [1;35mItem: 13, Level: 0, at bin: 13[0m
CAN: [1;35mItem: 13, Level: 1, at bin: 15[0m
CAN: [1;35mItem: 13, Level: 2, at bin: 3[0m
CAN: [1;35mItem: 14, Level: 0, at bin: 17[0m
CAN: [1;35mItem: 14, Level: 1, at bin: 7[0m
CAN: [1;35mItem: 14, Level: 2, at bin: 14[0m
CAN: [1;35mItem: 15, Level: 0, at bin: 3[0m
CAN: [1;35mItem: 15, Level: 1, at bin: 15[0m
CAN: [1;35mItem: 15, Level: 2, at bin: 3[0m
CAN: [1;35mItem: 16, Level: 0, at bin: 8[0m
CAN: [1;35mItem: 16, Level: 1, at bin: 17[0m
CAN: [1;35mItem: 16, Level: 2, at bin: 15[0m
CAN: [1;35mItem: 17, Level: 0, at bin: 3[0m
CAN: [1;35mItem: 17, Level: 1, at bin: 15[0m
CAN: [1;35mItem: 17, Level: 2, at bin: 3[0m
CAN: [1;35mItem: 18, Level: 0, at bin: 11[0m
CAN: [1;35mItem: 18, Level: 1, at bin: 11[0m
CAN: [1;35mItem: 18, Level: 2, at bin: 10[0m
CAN: [1;35mItem: 19, Level: 0, at bin: 8[0m
CAN: [1;35mItem: 19, Level: 1, at bin: 17[0m
CAN: [1;35mItem: 19, Level: 2, at bin: 15[0m
CAN: [1;35mItem: 20, Level: 0, at bin: 10[0m
CAN: [1;35mItem: 20, Level: 1, at bin: 11[0m
CAN: [1;35mItem: 20, Level: 2, at bin: 10[0m
CAN: [1;35mItem: 21, Level: 0, at bin: 8[0m
CAN: [1;35mItem: 21, Level: 1, at bin: 17[0m
CAN: [1;35mItem: 21, Level: 2, at bin: 15[0m
CAN: [1;35mItem: 22, Level: 0, at bin: 14[0m
CAN: [1;35mItem: 22, Level: 1, at bin: 5[0m
CAN: [1;35mItem: 22, Level: 2, at bin: 10[0m
CAN: [1;35mItem: 23, Level: 0, at bin: 6[0m
CAN: [1;35mItem: 23, Level: 1, at bin: 10[0m
CAN: [1;35mItem: 23, Level: 2, at bin: 9[0m
CAN: [1;35mItem: 24, Level: 0, at bin: 7[0m
CAN: [1;35mItem: 24, Level: 1, at bin: 11[0m
CAN: [1;35mItem: 24, Level: 2, at bin: 10[0m
CAN: [1;35mItem: 25, Level: 0, at bin: 7[0m
CAN: [1;35mItem: 25, Level: 1, at bin: 11[0m
CAN: [1;35mItem: 25, Level: 2, at bin: 10[0m
CAN: [1;35mItem: 26, Level: 0, at bin: 18[0m
CAN: [1;35mItem: 26, Level: 1, at bin: 18[0m
CAN: [1;35mItem: 26, Level: 2, at bin: 15[0m
CAN: [1;35mItem: 27, Level: 0, at bin: 17[0m
CAN: [1;35mItem: 27, Level: 1, at bin: 7[0m
CAN: [1;35mItem: 27, Level: 2, at bin: 14[0m
CAN: [1;35mItem: 28, Level: 0, at bin: 10[0m
CAN: [1;35mItem: 28, Level: 1, at bin: 11[0m
CAN: [1;35mItem: 28, Level: 2, at bin: 10[0m
CAN: [1;35mItem: 29, Level: 0, at bin: 5[0m
CAN: [1;35mItem: 29, Level: 1, at bin: 9[0m
CAN: [1;35mItem: 29, Level: 2, at bin: 19[0m
MIP: [1;32mSolution: 
Indexes: [9, 8, 11, 19, 23, 4, 20, 2, 4, 23, 5, 1, 18, 13, 17, 3, 8, 3, 11, 8, 10, 8, 14, 6, 7, 7, 18, 17, 10, 5][-1, 1, 15, 15, 16, 9, 10, 11, 17, 4, 11, 11, -1, 15, 5, -1, -1, 7, 18, 18, 1, -1, -1, 5][-1, 9, -1, -1, 16, 10, -1, 14, -1, 19, 9, 10, -1, -1, -1, 3, 3, 15, 15], P Variables: [9, 4, 16][8, 17, 15][11, 11, 10][19, 18, 15][23, 5, 10][4, 16, 3][20, 1, 9][2, 15, 3][4, 16, 3][23, 5, 10][5, 9, 19][1, 1, 9][18, 18, 15][13, 15, 3][17, 7, 14][3, 15, 3][8, 17, 15][3, 15, 3][11, 11, 10][8, 17, 15][10, 11, 10][8, 17, 15][14, 5, 10][6, 10, 9][7, 11, 10][7, 11, 10][18, 18, 15][17, 7, 14][10, 11, 10][5, 9, 19], Flow leaving each bin: [0m
MIP: [1;32mObjective value: 25348[0m
MIP: [1;32mLower Bound: 20267.3[0m
MIP: [1;32mBranch-and-Bound nodes: 5945[0m

# best solution:
best objective value:	25348
best dual bound value:	20267
optimality gap:	20.045%
CPU time:	897.185
