ifile	/scratch/csagturk/mlbppo_inst/n0040_m02_p150__040.inst
prob	MLBPPO
threads	1
ttime	900
instance: /scratch/csagturk/mlbppo_inst/n0040_m02_p150__040.inst
	m=2, n=[40, 35, 38], #pos=60
MIP: [1;32minit CPLEX[0m
CAN: [1;35mcreated 2730 x_{ijk} variables[0m
CAN: [1;35mcreated 113 y_{ij} variables[0m
CAN: [1;35mcreated 2920 p_{ijk} variables[0m
MIP: [1;32mcreated decision variables[0m
CAN: [1;35madded 40 constraints to enforce the packing of each item[0m
CAN: [1;35madded 35 constraints to enforce the packing of each item[0m
CAN: [1;35madded 73 capacity constraints[0m
MIP: [1;32mcreated constraints[0m
MIP: [1;32mcreated objective function[0m
MIP: [1;32mcalling CPLEX solve ...[0m
Version identifier: 22.1.0.0 | 2022-03-09 | 1a383f8ce
CPXPARAM_Threads                                 1
CPXPARAM_TimeLimit                               900
Tried aggregator 2 times.
MIP Presolve eliminated 70872 rows and 51172 columns.
MIP Presolve modified 4915 coefficients.
Aggregator did 90312 substitutions.
Reduced MIP has 88338 rows, 61022 columns, and 287899 nonzeros.
Reduced MIP has 32331 binaries, 0 generals, 0 SOSs, and 68 indicators.
Presolve time = 0.88 sec. (7071.45 ticks)
Probing time = 0.73 sec. (276.12 ticks)
Tried aggregator 3 times.
MIP Presolve eliminated 88 rows and 6 columns.
MIP Presolve added 2 rows and 0 columns.
Aggregator did 57279 substitutions.
Reduced MIP has 30973 rows, 3737 columns, and 169215 nonzeros.
Reduced MIP has 3702 binaries, 35 generals, 0 SOSs, and 68 indicators.
Presolve time = 0.28 sec. (305.09 ticks)
Probing fixed 0 vars, tightened 36 bounds.
Probing time = 0.36 sec. (720.21 ticks)
Tried aggregator 1 time.
Detecting symmetries...
MIP Presolve eliminated 111 rows and 140 columns.
Reduced MIP has 30862 rows, 3597 columns, and 168562 nonzeros.
Reduced MIP has 3597 binaries, 0 generals, 0 SOSs, and 0 indicators.
Presolve time = 0.14 sec. (149.02 ticks)
Probing time = 0.01 sec. (6.06 ticks)
Clique table members: 80634.
MIP emphasis: balance optimality and feasibility.
MIP search method: dynamic search.
Parallel mode: none, using 1 thread.
Root relaxation solution time = 0.09 sec. (115.49 ticks)

        Nodes                                         Cuts/
   Node  Left     Objective  IInf  Best Integer    Best Bound    ItCnt     Gap

      0     0    18349.3000   199                  18349.3000      847         
      0     0    18367.6293   294                   Cuts: 198     2741         
      0     0    18372.7500   313                   Cuts: 142     8227         
      0     0    18378.9974   210                   Cuts: 158    14341         
      0     0    18392.2870   492                   Cuts: 152    23050         
      0     0    18401.9445   379                   Cuts: 150    26668         
      0     0    18414.2383   226                   Cuts: 161    32551         
      0     0    18417.9589   341                   Cuts: 127    38296         
      0     0    18424.9005   383                   Cuts: 144    44174         
      0     0    18430.5439   446                   Cuts: 111    48885         
      0     0    18445.8663   435                   Cuts: 117    58207         
      0     0    18451.4067   311                   Cuts: 128    63657         
      0     0    18460.4527   249                    Cuts: 83    69276         
      0     0    18460.8441   210                    Cuts: 95    71076         
      0     0    18465.3488   330                    Cuts: 85    76363         
      0     0    18467.2754   362                   Cuts: 133    80917         
      0     0    18467.3009   272                    Cuts: 94    82074         
      0     0    18469.2982   228                    Cuts: 78    87466         
      0     0    18474.8304   324                   Cuts: 129    92221         
      0     0    18475.0109   348                   Cuts: 136    95438         
      0     2    18475.0109   238                  18475.0109    95438         
Elapsed time = 82.86 sec. (88372.22 ticks, tree = 0.01 MB, solutions = 0)
      1     3    18475.0109   239                  18475.0109    96692         
      3     5    18477.2450   397                  18475.0109    99270         
      4     6    18475.7016   278                  18475.0109    99882         
      6     8    18475.7016   320                  18475.0109   102990         
      8    10    18475.7016   258                  18475.0109   104308         
      9    11    18475.7016   258                  18475.0109   105704         
     10    12    18475.7016   251                  18475.0109   106038         
     12    14    18475.7016   300                  18475.0109   107880         
     14    16    18475.7016   240                  18475.0109   108460         
     20    22    18475.7016   231                  18475.0109   109217         
Elapsed time = 90.54 sec. (96655.57 ticks, tree = 2.23 MB, solutions = 0)
     30    32    18475.7016   227                  18475.0109   109756         
     50    52    18475.7016   232                  18475.0109   110982         
     60    62    18475.7016   236                  18475.0109   112764         
     70    72    18475.7016   220                  18475.0109   113335         
     79    81    18475.7381   286                  18475.0109   116254         
     90    92    18495.9355   187                  18475.0109   119436         
    105   107    18599.7619   187                  18475.0109   122368         
    117   119    18555.8024   184                  18475.0109   125845         
    122   124    18555.8024   182                  18475.0109   126998         
    127   129    18661.4108   197                  18475.0109   131644         
Elapsed time = 103.25 sec. (110476.99 ticks, tree = 23.61 MB, solutions = 0)
    140   140    18734.7772   176                  18475.0109   135904         
    152   152    18988.4436   159                  18475.0109   141683         
    158   158    18860.3807   221                  18475.0109   146474         
    164   162    19060.1620   156                  18475.0109   150264         
    188   184    19419.3927   122                  18475.0109   153915         
    225   219    20070.2626   118                  18475.0109   157404         
    260   254    20881.1015   117                  18475.0109   160200         
    313   307    22308.2044    35                  18475.0109   163089         
*   320+  312                        24751.0000    18475.0109            25.36%
*   340+  329                        24074.0000    18475.0109            23.26%
*   363   333      integral     0    23745.0000    18475.0109   163563   22.19%
    367   337    18476.1254   331    23745.0000    18475.0109   166516   22.19%
Elapsed time = 112.58 sec. (120919.15 ticks, tree = 69.95 MB, solutions = 3)
    370   340    18476.1254   281    23745.0000    18475.0109   167001   22.19%
    380   350    18483.3819   240    23745.0000    18475.0109   168865   22.19%
    400   370    18477.5524   222    23745.0000    18475.0109   170083   22.19%
    408   378    18488.8479   296    23745.0000    18475.0109   173951   22.19%
    410   380    18479.3537   206    23745.0000    18475.0109   174042   22.19%
    420   390    18481.9191   247    23745.0000    18475.0109   176228   22.19%
    425   395    18484.6717   249    23745.0000    18475.0109   179983   22.19%
    441   411    18497.6825   215    23745.0000    18475.0109   182848   22.19%
    450   420    18519.5532   218    23745.0000    18475.0109   185692   22.19%
*   463+  426                        23687.0000    18475.0109            22.00%
    467   432    18562.0336   176    23687.0000    18475.0109   188471   22.00%
Elapsed time = 128.53 sec. (137550.97 ticks, tree = 92.92 MB, solutions = 4)
    482   447    18560.7963   216    23687.0000    18475.0109   191500   22.00%
    491   456    18664.1305   154    23687.0000    18475.0109   195363   22.00%
    503   468    18727.6893   151    23687.0000    18475.0109   198017   22.00%
    520   485    19024.6485   193    23687.0000    18475.0109   202641   22.00%
    534   499    18928.5331   172    23687.0000    18475.0109   206645   22.00%
    540   505    19022.5049   116    23687.0000    18475.0109   209862   22.00%
    551   514    19396.7032   104    23687.0000    18475.0109   213387   22.00%
    563   526    19659.3607    84    23687.0000    18475.0109   215349   22.00%
*   574+  535                        23663.0000    18475.0109            21.92%
    574   537    18475.0109   247    23663.0000    18475.0109   216575   21.92%
    575   538    18475.9658   218    23663.0000    18475.0109   217132   21.92%
Elapsed time = 143.23 sec. (155457.03 ticks, tree = 118.84 MB, solutions = 5)
    580   543    18476.1254   217    23663.0000    18475.0109   217751   21.92%
    611   574    18487.3243   226    23663.0000    18475.0109   220667   21.92%
    620   583    18489.2423   254    23663.0000    18475.0109   222004   21.92%
    631   594    18495.7644   267    23663.0000    18475.0109   224595   21.92%
    639   602    18566.4616   244    23663.0000    18475.0109   228100   21.92%
    640   603    18604.0986   269    23663.0000    18475.0109   230946   21.92%
    648   611    18635.3216   327    23663.0000    18475.0109   234677   21.92%
    657   620    18693.5371   264    23663.0000    18475.0109   237777   21.92%
    665   628    18769.6189   271    23663.0000    18475.0109   241248   21.92%
    674   637    18869.0047   225    23663.0000    18475.0109   244811   21.92%
Elapsed time = 154.87 sec. (167378.68 ticks, tree = 141.83 MB, solutions = 5)

Performing restart 1

Repeating presolve.
Tried aggregator 1 time.
MIP Presolve eliminated 0 rows and 1 columns.
MIP Presolve modified 60004 coefficients.
Reduced MIP has 30860 rows, 3596 columns, and 138139 nonzeros.
Reduced MIP has 3596 binaries, 0 generals, 0 SOSs, and 0 indicators.
Presolve time = 0.16 sec. (203.02 ticks)
Tried aggregator 1 time.
MIP Presolve modified 600 coefficients.
Reduced MIP has 30860 rows, 3596 columns, and 138139 nonzeros.
Reduced MIP has 3596 binaries, 0 generals, 0 SOSs, and 0 indicators.
Presolve time = 0.13 sec. (133.38 ticks)
Represolve time = 0.67 sec. (656.14 ticks)
    684     0    18475.4529   353    23663.0000      Cuts: 85   261123   21.92%
    684     0    18476.6466   394    23663.0000      Cuts: 95   273202   21.92%
    684     0    18480.2944   401    23663.0000     Cuts: 113   279682   21.90%
    684     0    18480.9825   421    23663.0000     Cuts: 124   284611   21.90%
    684     0    18484.1243   265    23663.0000     Cuts: 150   292112   21.89%
    684     0    18485.2177   435    23663.0000     Cuts: 122   301735   21.88%
    684     0    18485.2580   363    23663.0000     Cuts: 132   306997   21.88%
    684     0    18485.4350   331    23663.0000     Cuts: 110   312562   21.88%
    684     0    18486.0260   442    23663.0000     Cuts: 124   317929   21.88%
    684     0    18486.1583   464    23663.0000     Cuts: 124   326768   21.88%
    684     0    18486.2529   400    23663.0000      Cuts: 76   332732   21.88%
    684     0    18486.8396   444    23663.0000      Cuts: 90   336967   21.87%
    684     0    18486.9885   288    23663.0000      Cuts: 88   342615   21.87%
    684     0    18487.1083   389    23663.0000     Cuts: 145   351279   21.87%
    684     0    18487.2800   267    23663.0000      Cuts: 69   353511   21.87%
    684     0    18487.2800   265    23663.0000     Cuts: 181   356279   21.87%
    684     0    18487.9412   361    23663.0000     Cuts: 138   363768   21.87%
    684     0    18487.9412   296    23663.0000     Cuts: 122   365573   21.87%
    684     0    18487.9412   390    23663.0000     Cuts: 131   367917   21.87%
    684     2    18487.9412   262    23663.0000    18488.7797   367917   21.87%
    685     3    18490.0179   338    23663.0000    18490.0942   372218   21.86%
    686     4    18490.7211   324    23663.0000    18490.7408   375779   21.86%
    687     5    18491.0650   344    23663.0000    18491.8994   380166   21.85%
    688     6    18511.4440   307    23663.0000    18491.8994   384386   21.85%
    689     7    18493.8622   253    23663.0000    18491.8994   386100   21.85%
    691     9    18495.3266   250    23663.0000    18491.8994   386934   21.85%
    693    11    18496.5885   203    23663.0000    18491.8994   387910   21.85%
    695    13    18500.9477   198    23663.0000    18491.8994   390356   21.85%
    697    15    18528.8327   227    23663.0000    18491.8994   393322   21.85%
Elapsed time = 280.30 sec. (294817.28 ticks, tree = 0.54 MB, solutions = 5)
    699    17    18526.1101   247    23663.0000    18491.8994   395531   21.85%
    701    19    18516.6856   199    23663.0000    18491.8994   397210   21.85%
    703    21    18522.5669   221    23663.0000    18491.8994   398673   21.85%
    704    22    18522.1790   223    23663.0000    18491.8994   399816   21.85%
    706    24    18538.2097   195    23663.0000    18491.8994   402760   21.85%
    709    27    18534.1697   247    23663.0000    18491.8994   403959   21.85%
    712    30    18540.9414   245    23663.0000    18491.8994   405873   21.85%
    716    34    18541.7307   196    23663.0000    18491.8994   407127   21.85%
    720    38    18630.3735   211    23663.0000    18491.8994   409151   21.85%
    724    42    18560.8405   209    23663.0000    18491.8994   411330   21.85%
Elapsed time = 296.84 sec. (315472.96 ticks, tree = 0.68 MB, solutions = 5)
    728    46    18568.6900   174    23663.0000    18491.8994   413167   21.85%
    732    50    18578.0000   210    23663.0000    18491.8994   415565   21.85%
    736    54    18584.1538   205    23663.0000    18491.8994   416656   21.85%
    743    61    18590.9055   223    23663.0000    18491.8994   417052   21.85%
    744    62    18591.1986   224    23663.0000    18491.8994   417098   21.85%
    751    69    18593.1063   175    23663.0000    18491.8994   417294   21.85%
    757    75    18595.9389   174    23663.0000    18491.8994   417892   21.85%
    764    82    18598.6014   181    23663.0000    18491.8994   418257   21.85%
    772    90    18599.1500   174    23663.0000    18491.8994   418377   21.85%
    778    95    18713.5849   169    23663.0000    18491.8994   418554   21.85%
Elapsed time = 305.43 sec. (327737.88 ticks, tree = 0.96 MB, solutions = 5)
    782    98    18722.5588   189    23663.0000    18491.8994   419921   21.85%
    784   100    18722.5588   197    23663.0000    18491.8994   421435   21.85%
    791   107    18737.3389   197    23663.0000    18491.8994   421877   21.85%
    797   111    18807.2481   171    23663.0000    18491.8994   422962   21.85%
    804   116    18817.4737   195    23663.0000    18491.8994   423958   21.85%
    810   122    18836.1579   176    23663.0000    18491.8994   425063   21.85%
    816   124    19108.9474   161    23663.0000    18491.8994   426723   21.85%
    820   124    18493.5935   269    23663.0000    18493.5935   429948   21.85%
    822   126    18496.7564   198    23663.0000    18493.5935   437954   21.85%
    824   128    18501.6744   257    23663.0000    18493.5935   446662   21.85%
Elapsed time = 344.36 sec. (371898.48 ticks, tree = 1.13 MB, solutions = 5)
    831   135    18512.6227   235    23663.0000    18493.5935   455586   21.85%
    844   148    18571.4854   218    23663.0000    18493.5935   459857   21.85%
    858   162    18575.0000   146    23663.0000    18493.5935   472840   21.85%
    865   169    18575.0000   114    23663.0000    18493.5935   487467   21.85%
    872   176    18575.0300   233    23663.0000    18493.5935   503778   21.85%
*   884+  186                        23001.0000    18493.5935            19.60%
    884   188    18669.6667   126    23001.0000    18493.5935   511398   19.60%
    899   203    19129.2500   105    23001.0000    18493.5935   516690   19.60%
    919   223    18629.0180   162    23001.0000    18493.5935   520951   19.60%
    941   245    18585.8356   133    23001.0000    18493.5935   526617   19.60%
    964   268    18594.8829   180    23001.0000    18493.5935   532049   19.60%
Elapsed time = 376.72 sec. (417184.79 ticks, tree = 1.86 MB, solutions = 6)
*   984+  286                        22349.0000    18493.5935            17.25%
    995   299    18620.5710   110    22349.0000    18493.5935   537360   17.25%
   1057   361    19149.4545    94    22349.0000    18493.5935   540035   17.25%
*  1084+  384                        21660.0000    18493.5935            14.62%
*  1084+  384                        21539.0000    18493.5935            14.14%
*  1084+  384                        21344.0000    18493.5935            13.35%
   1093   392    18493.5935   250    21344.0000    18493.5935   543422   13.35%
   1094   393    18493.5935   211    21344.0000    18493.5935   545103   13.35%
   1111   410    18503.8908   215    21344.0000    18493.5935   553089   13.35%
   1135   434    18538.8851   183    21344.0000    18493.5935   560889   13.35%
   1161   460    18685.3006   196    21344.0000    18493.5935   571472   13.35%
*  1184+  481                        20813.0000    18493.5935            11.14%
   1184   483    18740.3514   134    20813.0000    18493.5935   578053   11.14%
   1233   532    18793.3889   212    20813.0000    18493.5935   585795   11.14%
   1263   561    19302.0000   229    20813.0000    18493.5935   590227   11.14%
Elapsed time = 448.26 sec. (502573.27 ticks, tree = 3.41 MB, solutions = 11)
   1273   567    18493.5935   283    20813.0000    18493.5935   596701   11.14%
   1284   578    18502.4409   218    20813.0000    18493.5935   606232   11.14%
   1303   597    18663.6536   163    20813.0000    18493.5935   617240   11.14%
   1337   631    18889.0736   121    20813.0000    18493.5935   626082   11.14%
   1373   664    18493.5935   228    20813.0000    18493.5935   634224   11.14%
   1378   669    18496.8251   201    20813.0000    18493.5935   648812   11.14%
   1384   675    18500.3240   216    20813.0000    18493.5935   653505   11.14%
   1401   692    18555.2001   205    20813.0000    18493.5935   664342   11.14%
   1407   698    18579.2808   266    20813.0000    18493.5935   670154   11.14%
   1422   713    18596.5214   183    20813.0000    18493.5935   680547   11.14%
Elapsed time = 515.93 sec. (584213.75 ticks, tree = 4.19 MB, solutions = 11)
   1437   728    18640.4773   183    20813.0000    18493.5935   693157   11.14%
   1466   757    18667.2779   179    20813.0000    18493.5935   701156   11.14%
   1484   775    18854.3333   181    20813.0000    18493.5935   706384   11.14%
   1511   802    19432.3684   120    20813.0000    18493.5935   714400   11.14%
   1556   847    19868.8766    96    20813.0000    18493.5935   719802   11.14%
   1581   858    18493.5935   211    20813.0000    18493.5935   722188   11.14%
   1584   861    18496.7564   222    20813.0000    18493.5935   729717   11.14%
   1610   887    18522.2582   220    20813.0000    18493.5935   739987   11.14%
   1645   922    18894.5870   170    20813.0000    18493.5935   749726   11.14%
   1685   958    infeasible          20813.0000    18493.5935   760013   11.14%
Elapsed time = 560.95 sec. (641784.37 ticks, tree = 5.46 MB, solutions = 11)
   1719   992    19517.0000   105    20813.0000    18493.5935   769140   11.14%
   1744  1013    18493.5935   196    20813.0000    18493.5935   777349   11.14%
   1748  1017    18501.0173   321    20813.0000    18493.5935   787770   11.14%
   1758  1027    18513.8785   273    20813.0000    18493.5935   795962   11.14%
   1772  1041    18533.2690   280    20813.0000    18493.5935   804910   11.14%
   1784  1053    18546.6674   212    20813.0000    18493.5935   812479   11.14%
   1824  1093    18827.4211   180    20813.0000    18493.5935   817784   11.14%
   1887  1156    19661.4762   144    20813.0000    18493.5935   824009   11.14%
   1964  1232    20259.0000   128    20813.0000    18493.5935   830876   11.14%
   1976  1238    18499.0230   151    20813.0000    18493.5935   836374   11.14%
Elapsed time = 624.79 sec. (718417.82 ticks, tree = 6.96 MB, solutions = 11)
   1987  1249    18512.6497   206    20813.0000    18493.5935   847976   11.14%
   2008  1270    18681.3709   320    20813.0000    18493.5935   857322   11.14%
   2024  1282    18499.0230   197    20813.0000    18493.5935   866233   11.14%
   2043  1301    18525.1743   159    20813.0000    18493.5935   879430   11.14%
   2083  1341    19482.9474   124    20813.0000    18493.5935   893193   11.14%
   2157  1415    19608.0000    80    20813.0000    18493.5935   905420   11.14%
   2164  1419    18499.0230   173    20813.0000    18493.7681   909523   11.14%
   2177  1432    18600.8632   259    20813.0000    18493.7681   927171   11.14%
   2197  1452    18566.7304   176    20813.0000    18493.7681   942917   11.14%
   2237  1492    18760.7524    89    20813.0000    18493.7681   955812   11.14%
Elapsed time = 690.48 sec. (796075.45 ticks, tree = 8.27 MB, solutions = 11)
   2264  1513    18496.8251   224    20813.0000    18493.7952   973136   11.14%
   2268  1517    18505.5852   257    20813.0000    18493.7952   990102   11.14%
   2270  1519    18511.0468   364    20813.0000    18493.7952   993772   11.14%
   2281  1530    18537.8485   254    20813.0000    18493.7952  1002794   11.14%
*  2284+ 1524                        20692.0000    18493.7952            10.62%
   2290  1532    18626.4383   233    20692.0000    18493.7952  1009389   10.62%
   2306  1548    18836.7046   255    20692.0000    18493.7952  1022099   10.62%
   2319  1557    18496.1640   253    20692.0000    18493.8576  1031251   10.62%
   2328  1566    18535.2389   236    20692.0000    18493.8576  1038810   10.62%
   2357  1595    18629.5714   190    20692.0000    18493.8576  1048479   10.62%
   2384  1622    18778.5468   176    20692.0000    18493.8576  1052574   10.62%
Elapsed time = 732.76 sec. (850614.05 ticks, tree = 8.94 MB, solutions = 12)
   2473  1707    infeasible          20692.0000    18493.8576  1059585   10.62%
   2477  1709    18510.3042   303    20692.0000    18493.9823  1070531   10.62%
   2487  1719    18528.5400   251    20692.0000    18493.9823  1075568   10.62%
   2502  1734    18843.0000   137    20692.0000    18493.9823  1086955   10.62%
   2526  1758    18843.0000   115    20692.0000    18493.9823  1098494   10.62%
   2561  1793    18867.3145   128    20692.0000    18493.9823  1111401   10.62%
   2567  1795    18496.7564   182    20692.0000    18493.9929  1117310   10.62%
   2578  1806    18535.8420   187    20692.0000    18493.9929  1126566   10.62%
*  2584+ 1796                        20506.0000    18493.9929             9.81%
   2584  1798    18559.8111   177    20506.0000    18493.9929  1133618    9.81%
   2604  1818    18941.0000   145    20506.0000    18493.9929  1145532    9.81%
Elapsed time = 787.02 sec. (917559.63 ticks, tree = 9.95 MB, solutions = 13)
   2616  1830    18941.0000   119    20506.0000    18493.9929  1160314    9.81%
   2623  1837    18941.0000   116    20506.0000    18493.9929  1171350    9.81%
   2632  1846    18941.0000   135    20506.0000    18493.9929  1187599    9.81%
   2641  1855    18941.0000   165    20506.0000    18493.9929  1198866    9.81%
   2650  1864    18941.0000    95    20506.0000    18493.9929  1211849    9.81%
   2657  1871    18941.0000   177    20506.0000    18493.9929  1219489    9.81%
   2659  1873    18941.0000    86    20506.0000    18493.9929  1231591    9.81%
   2672  1886    18941.0000    98    20506.0000    18493.9929  1243960    9.81%
Starting limited solution polishing.
   2684  1898    18941.0000   191    20506.0000    18493.9929  1252571    9.81%
   2713  1927    18941.0000   183    20506.0000    18493.9929  1256771    9.81%
Elapsed time = 829.34 sec. (968151.39 ticks, tree = 23.73 MB, solutions = 13)
   2719  1931        cutoff          20506.0000    18493.9929  1265788    9.81%
   2723  1933    18499.9682   355    20506.0000    18495.5792  1278666    9.80%
   2725  1935    18505.3592   388    20506.0000    18495.5792  1285783    9.80%
   2727  1937    18510.4356   311    20506.0000    18495.5792  1293442    9.80%
   2728  1938    18527.1595   363    20506.0000    18495.5792  1302893    9.80%
   2731  1941    18514.8358   482    20506.0000    18495.5792  1309440    9.80%
   2732  1942    18523.2918   346    20506.0000    18495.5792  1316718    9.80%
   2733  1943    18563.1220   328    20506.0000    18495.5792  1325975    9.80%
   2740  1950    18556.0000   215    20506.0000    18495.5792  1332369    9.80%
   2741  1951    18595.0701   512    20506.0000    18495.5792  1340234    9.80%
Elapsed time = 881.10 sec. (1021005.13 ticks, tree = 29.07 MB, solutions = 13)
   2751  1961    18577.1367   198    20506.0000    18495.5792  1344329    9.80%
   2773  1983    18709.2847   137    20506.0000    18495.5792  1352720    9.80%
*  2784+ 1989                        20482.0000    18495.5792             9.70%
*  2784+ 1988                        20448.0000    18495.5792             9.55%
   2784  1990    19133.8613   145    20448.0000    18495.5792  1356989    9.55%
   2809  2015    19340.9399   163    20448.0000    18495.5792  1363560    9.55%
   2818  2024    19340.1818   175    20448.0000    18495.5792  1370188    9.55%
   2853  2059    19545.0000   125    20448.0000    18495.5792  1373369    9.55%
*  2884+ 2087                        20423.0000    18495.5792             9.44%
   2889  2094    19545.0000   145    20423.0000    18495.5792  1377728    9.44%

Clique cuts applied:  11
Cover cuts applied:  31
Implied bound cuts applied:  29
Flow cuts applied:  3
Mixed integer rounding cuts applied:  73
Zero-half cuts applied:  65
Lift and project cuts applied:  13
Gomory fractional cuts applied:  1

Root node processing (before b&c):
  Real time             =   82.65 sec. (87851.66 ticks)
Sequential b&c:
  Real time             =  817.39 sec. (962236.21 ticks)
                          ------------
Total (root+branch&cut) =  900.04 sec. (1050087.87 ticks)
MIP: [1;32mCPLEX finished.[0m
MIP: [1;32mCPLEX status: Feasible[0m
CAN: [1;35mItem: 0, Level: 0, at bin: 22[0m
CAN: [1;35mItem: 0, Level: 1, at bin: 26[0m
CAN: [1;35mItem: 1, Level: 0, at bin: 14[0m
CAN: [1;35mItem: 1, Level: 1, at bin: 21[0m
CAN: [1;35mItem: 2, Level: 0, at bin: 5[0m
CAN: [1;35mItem: 2, Level: 1, at bin: 36[0m
CAN: [1;35mItem: 3, Level: 0, at bin: 12[0m
CAN: [1;35mItem: 3, Level: 1, at bin: 13[0m
CAN: [1;35mItem: 4, Level: 0, at bin: 15[0m
CAN: [1;35mItem: 4, Level: 1, at bin: 11[0m
CAN: [1;35mItem: 5, Level: 0, at bin: 1[0m
CAN: [1;35mItem: 5, Level: 1, at bin: 25[0m
CAN: [1;35mItem: 6, Level: 0, at bin: 30[0m
CAN: [1;35mItem: 6, Level: 1, at bin: 12[0m
CAN: [1;35mItem: 7, Level: 0, at bin: 10[0m
CAN: [1;35mItem: 7, Level: 1, at bin: 13[0m
CAN: [1;35mItem: 8, Level: 0, at bin: 16[0m
CAN: [1;35mItem: 8, Level: 1, at bin: 30[0m
CAN: [1;35mItem: 9, Level: 0, at bin: 13[0m
CAN: [1;35mItem: 9, Level: 1, at bin: 9[0m
CAN: [1;35mItem: 10, Level: 0, at bin: 13[0m
CAN: [1;35mItem: 10, Level: 1, at bin: 9[0m
CAN: [1;35mItem: 11, Level: 0, at bin: 8[0m
CAN: [1;35mItem: 11, Level: 1, at bin: 32[0m
CAN: [1;35mItem: 12, Level: 0, at bin: 4[0m
CAN: [1;35mItem: 12, Level: 1, at bin: 11[0m
CAN: [1;35mItem: 13, Level: 0, at bin: 15[0m
CAN: [1;35mItem: 13, Level: 1, at bin: 11[0m
CAN: [1;35mItem: 14, Level: 0, at bin: 13[0m
CAN: [1;35mItem: 14, Level: 1, at bin: 9[0m
CAN: [1;35mItem: 15, Level: 0, at bin: 22[0m
CAN: [1;35mItem: 15, Level: 1, at bin: 26[0m
CAN: [1;35mItem: 16, Level: 0, at bin: 27[0m
CAN: [1;35mItem: 16, Level: 1, at bin: 12[0m
CAN: [1;35mItem: 17, Level: 0, at bin: 16[0m
CAN: [1;35mItem: 17, Level: 1, at bin: 30[0m
CAN: [1;35mItem: 18, Level: 0, at bin: 11[0m
CAN: [1;35mItem: 18, Level: 1, at bin: 14[0m
CAN: [1;35mItem: 19, Level: 0, at bin: 4[0m
CAN: [1;35mItem: 19, Level: 1, at bin: 11[0m
CAN: [1;35mItem: 20, Level: 0, at bin: 27[0m
CAN: [1;35mItem: 20, Level: 1, at bin: 12[0m
CAN: [1;35mItem: 21, Level: 0, at bin: 33[0m
CAN: [1;35mItem: 21, Level: 1, at bin: 21[0m
CAN: [1;35mItem: 22, Level: 0, at bin: 11[0m
CAN: [1;35mItem: 22, Level: 1, at bin: 14[0m
CAN: [1;35mItem: 23, Level: 0, at bin: 22[0m
CAN: [1;35mItem: 23, Level: 1, at bin: 26[0m
CAN: [1;35mItem: 24, Level: 0, at bin: 23[0m
CAN: [1;35mItem: 24, Level: 1, at bin: 22[0m
CAN: [1;35mItem: 25, Level: 0, at bin: 15[0m
CAN: [1;35mItem: 25, Level: 1, at bin: 11[0m
CAN: [1;35mItem: 26, Level: 0, at bin: 10[0m
CAN: [1;35mItem: 26, Level: 1, at bin: 13[0m
CAN: [1;35mItem: 27, Level: 0, at bin: 25[0m
CAN: [1;35mItem: 27, Level: 1, at bin: 36[0m
CAN: [1;35mItem: 28, Level: 0, at bin: 22[0m
CAN: [1;35mItem: 28, Level: 1, at bin: 26[0m
CAN: [1;35mItem: 29, Level: 0, at bin: 31[0m
CAN: [1;35mItem: 29, Level: 1, at bin: 26[0m
CAN: [1;35mItem: 30, Level: 0, at bin: 20[0m
CAN: [1;35mItem: 30, Level: 1, at bin: 31[0m
CAN: [1;35mItem: 31, Level: 0, at bin: 12[0m
CAN: [1;35mItem: 31, Level: 1, at bin: 13[0m
CAN: [1;35mItem: 32, Level: 0, at bin: 31[0m
CAN: [1;35mItem: 32, Level: 1, at bin: 26[0m
CAN: [1;35mItem: 33, Level: 0, at bin: 17[0m
CAN: [1;35mItem: 33, Level: 1, at bin: 25[0m
CAN: [1;35mItem: 34, Level: 0, at bin: 5[0m
CAN: [1;35mItem: 34, Level: 1, at bin: 36[0m
CAN: [1;35mItem: 35, Level: 0, at bin: 19[0m
CAN: [1;35mItem: 35, Level: 1, at bin: 31[0m
CAN: [1;35mItem: 36, Level: 0, at bin: 13[0m
CAN: [1;35mItem: 36, Level: 1, at bin: 9[0m
CAN: [1;35mItem: 37, Level: 0, at bin: 26[0m
CAN: [1;35mItem: 37, Level: 1, at bin: 22[0m
CAN: [1;35mItem: 38, Level: 0, at bin: 30[0m
CAN: [1;35mItem: 38, Level: 1, at bin: 12[0m
CAN: [1;35mItem: 39, Level: 0, at bin: 19[0m
CAN: [1;35mItem: 39, Level: 1, at bin: 31[0m
MIP: [1;32mSolution: 
Indexes: [22, 14, 5, 12, 15, 1, 30, 10, 16, 13, 13, 8, 4, 15, 13, 22, 27, 16, 11, 4, 27, 33, 11, 22, 23, 15, 10, 25, 22, 31, 20, 12, 31, 17, 5, 19, 13, 26, 30, 19][-1, 25, -1, -1, 11, 36, -1, -1, 32, -1, 13, 14, 13, 9, 21, 11, 30, 25, -1, 31, 31, -1, 26, 22, -1, 36, 22, 12, -1, -1, 12, 26, -1, 21, -1], P Variables: [22, 26][14, 21][5, 36][12, 13][15, 11][1, 25][30, 12][10, 13][16, 30][13, 9][13, 9][8, 32][4, 11][15, 11][13, 9][22, 26][27, 12][16, 30][11, 14][4, 11][27, 12][33, 21][11, 14][22, 26][23, 22][15, 11][10, 13][25, 36][22, 26][31, 26][20, 31][12, 13][31, 26][17, 25][5, 36][19, 31][13, 9][26, 22][30, 12][19, 31], Flow leaving each bin: [0m
MIP: [1;32mObjective value: 20423[0m
MIP: [1;32mLower Bound: 18495.6[0m
MIP: [1;32mBranch-and-Bound nodes: 2892[0m

# best solution:
best objective value:	20423
best dual bound value:	18495
optimality gap:	9.44034%
CPU time:	898.593
