ifile	/scratch/csagturk/mlbppo_inst/n0040_m02_p200__086.inst
prob	MLBPPO
threads	1
ttime	900
instance: /scratch/csagturk/mlbppo_inst/n0040_m02_p200__086.inst
	m=2, n=[40, 35, 40], #pos=80
MIP: [1;32minit CPLEX[0m
CAN: [1;35mcreated 2800 x_{ijk} variables[0m
CAN: [1;35mcreated 115 y_{ij} variables[0m
CAN: [1;35mcreated 3000 p_{ijk} variables[0m
MIP: [1;32mcreated decision variables[0m
CAN: [1;35madded 40 constraints to enforce the packing of each item[0m
CAN: [1;35madded 35 constraints to enforce the packing of each item[0m
CAN: [1;35madded 75 capacity constraints[0m
MIP: [1;32mcreated constraints[0m
MIP: [1;32mcreated objective function[0m
MIP: [1;32mcalling CPLEX solve ...[0m
Version identifier: 22.1.0.0 | 2022-03-09 | 1a383f8ce
CPXPARAM_Threads                                 1
CPXPARAM_TimeLimit                               900
Tried aggregator 2 times.
MIP Presolve eliminated 92732 rows and 65844 columns.
MIP Presolve modified 6160 coefficients.
Aggregator did 76974 substitutions.
Reduced MIP has 75939 rows, 52235 columns, and 291401 nonzeros.
Reduced MIP has 27938 binaries, 0 generals, 0 SOSs, and 69 indicators.
Presolve time = 0.93 sec. (6293.08 ticks)
Probing fixed 0 vars, tightened 36 bounds.
Probing time = 10.35 sec. (7164.10 ticks)
Tried aggregator 2 times.
MIP Presolve eliminated 213 rows and 244 columns.
MIP Presolve modified 1 coefficients.
Aggregator did 48385 substitutions.
Reduced MIP has 27342 rows, 3606 columns, and 193843 nonzeros.
Reduced MIP has 3606 binaries, 0 generals, 0 SOSs, and 0 indicators.
Presolve time = 0.34 sec. (353.27 ticks)
Probing time = 0.02 sec. (24.92 ticks)
Tried aggregator 1 time.
Detecting symmetries...
MIP Presolve eliminated 3 rows and 2 columns.
Reduced MIP has 27339 rows, 3604 columns, and 193837 nonzeros.
Reduced MIP has 3604 binaries, 0 generals, 0 SOSs, and 0 indicators.
Presolve time = 0.09 sec. (96.16 ticks)
Probing time = 0.01 sec. (8.02 ticks)
Clique table members: 14673.
MIP emphasis: balance optimality and feasibility.
MIP search method: dynamic search.
Parallel mode: none, using 1 thread.
Root relaxation solution time = 0.07 sec. (92.69 ticks)

        Nodes                                         Cuts/
   Node  Left     Objective  IInf  Best Integer    Best Bound    ItCnt     Gap

      0     0    17885.1758   174                  17885.1758      676         
      0     0    17905.5839   221                    Cuts: 64     2811         
      0     0    17905.5839   214                   Cuts: 121     5141         
      0     0    17905.5839   241                   Cuts: 145     6724         
      0     0    17905.5839   221                   Cuts: 102     8690         
      0     0    17905.5839   234                   Cuts: 111    11088         
      0     2    17905.5839   190                  17905.5839    11088         
Elapsed time = 28.57 sec. (33970.81 ticks, tree = 0.01 MB, solutions = 0)
      1     3    17905.5839   199                  17905.5839    16947         
      2     4    17905.5839   247                  17905.5839    18964         
      3     5    17905.5839   179                  17905.5839    21018         
      4     6    17905.5839   466                  17905.5839    22395         
      7     9    17911.7369   179                  17905.5839    23826         
      9    11    17913.0611   167                  17905.5839    24280         
     12    14    17913.0611   192                  17905.5839    27166         
     14    16    17913.0611   229                  17905.5839    27872         
     18    20    17913.0611   154                  17905.5839    29353         
     24    26    17913.0611   219                  17905.5839    31370         
Elapsed time = 37.88 sec. (43849.32 ticks, tree = 1.61 MB, solutions = 0)
     38    40    17913.0611   149                  17905.5839    35280         
     46    48    17913.0611   189                  17905.5839    38492         
     58    60    17913.0611   194                  17905.5839    42182         
     70    72    17958.6325   165                  17905.5839    46843         
     80    82    17958.6325   163                  17905.5839    50168         
     91    93    17960.1732   199                  17905.5839    55574         
     99   101    17965.4780   195                  17905.5839    60367         
    101   103    17981.1146   211                  17905.5839    61680         
    105   107    17971.3949   241                  17905.5839    67043         
    111   113    17983.0287   235                  17905.5839    71641         
Elapsed time = 47.12 sec. (55114.21 ticks, tree = 4.53 MB, solutions = 0)
    118   120    18103.1192   189                  17905.5839    76068         
    120   122    18119.5697   188                  17905.5839    76529         
    129   129    18675.1399   190                  17905.5839    82170         
    144   136    infeasible                        17905.5839    86410         
    150   140    17913.0611   178                  17905.5839    87677         
    160   150    17913.0611   169                  17905.5839    89332         
    173   163    17913.0611   175                  17905.5839    91274         
    187   177    17913.0611   197                  17905.5839    93570         
    200   190    17913.0611   170                  17905.5839    96067         
    213   203    17913.0611   173                  17905.5839    98673         
Elapsed time = 60.78 sec. (70607.57 ticks, tree = 7.88 MB, solutions = 0)
    224   214    17913.0611   171                  17905.5839   101024         
    235   225    17951.2171   175                  17905.5839   103917         
    249   239    17951.2171   165                  17905.5839   108926         
    260   250    17951.2171   158                  17905.5839   113075         
    272   262    17970.3320   192                  17905.5839   119102         
    280   268    18068.5920   131                  17905.5839   123069         
    293   279    18156.9997   135                  17905.5839   127278         
    311   293    18948.6956   175                  17905.5839   135004         
    350   330    20816.8942    51                  17905.5839   141830         
    383   341    17905.5839   182                  17905.5839   144850         
Elapsed time = 68.26 sec. (80926.48 ticks, tree = 12.22 MB, solutions = 0)
    395   353    17911.7369   169                  17905.5839   149875         
    400   358    17911.7369   171                  17905.5839   150708         
    413   371    17913.0611   173                  17905.5839   153782         
    431   389    17913.0611   169                  17905.5839   157294         
    447   405    17913.0611   234                  17905.5839   160010         
    465   423    17913.0611   173                  17905.5839   163633         
    478   436    17913.0611   232                  17905.5839   168152         
    480   438    17917.3160   215                  17905.5839   169319         
    490   448    18002.8905   244                  17905.5839   176148         

Performing restart 1

Repeating presolve.
Tried aggregator 1 time.
MIP Presolve eliminated 1 rows and 1 columns.
MIP Presolve modified 92633 coefficients.
Reduced MIP has 27333 rows, 3603 columns, and 147168 nonzeros.
Reduced MIP has 3603 binaries, 0 generals, 0 SOSs, and 0 indicators.
Presolve time = 0.22 sec. (309.15 ticks)
Tried aggregator 1 time.
MIP Presolve modified 126 coefficients.
Reduced MIP has 27333 rows, 3603 columns, and 147168 nonzeros.
Reduced MIP has 3603 binaries, 0 generals, 0 SOSs, and 0 indicators.
Presolve time = 0.12 sec. (137.04 ticks)
Represolve time = 0.50 sec. (628.13 ticks)
    497     0    17922.3945   262                   Cuts: 169   182343         
    497     0    17924.2444   214                   Cuts: 191   184284         
    497     0    17924.6704   219                   Cuts: 196   187196         
    497     0    17928.8308   224                   Cuts: 137   191099         
    497     0    17932.5729   254                   Cuts: 218   195187         
    497     0    17932.6856   239                   Cuts: 140   199303         
    497     0    17932.6856   224                   Cuts: 181   203503         
    497     0    17932.6856   199                   Cuts: 163   207606         
    497     0    17933.7285   245                   Cuts: 155   211381         
    497     0    17933.7308   217                   Cuts: 176   217338         
    497     0    17933.8519   213                   Cuts: 148   221507         
    497     0    17933.8519   306                   Cuts: 113   224879         
    497     0    17933.8519   300                    Cuts: 40   226930         
    497     0    17933.8519   212                    Cuts: 92   228862         
    497     0    17933.8519   236                   Cuts: 115   230968         
    497     2    17933.8519   229                  17934.5897   230968         
Elapsed time = 140.43 sec. (156834.59 ticks, tree = 0.01 MB, solutions = 0)
    498     3    17935.4201   196                  17935.4423   234816         
    499     4    17935.4594   332                  17935.4959   239269         
    500     5    17935.4970   215                  17935.4993   242419         
    501     6    17941.4433   285                  17935.4993   249611         
    503     8    17936.0515   198                  17936.2412   250489         
    505    10    17939.6719   171                  17936.5191   250903         
    508    13    17945.3145   162                  17936.5191   251184         
    511    16    17961.2935   156                  17936.5191   251928         
    516    21    18006.6171   170                  17936.5191   252458         
    520    25    18188.9091   140                  17936.5191   253595         
Elapsed time = 162.51 sec. (180516.36 ticks, tree = 0.53 MB, solutions = 0)
    526    31    18194.6667   145                  17936.5191   254664         
    532    37    18203.0000   145                  17936.5191   255071         
    538    43    18203.0000   178                  17936.5191   256326         
    549    54    18203.0000   151                  17936.5191   257016         
    563    68    18247.0000   163                  17936.5191   257885         
    573    76    18247.0000   169                  17936.5191   259029         
    588    84    18558.3077   168                  17936.5191   260264         
    600    91    17942.0953   180                  17937.2932   261644         
    602    93    17947.5512   175                  17937.2932   261895         
    604    95    17959.5006   176                  17937.2932   262160         
Elapsed time = 175.69 sec. (198170.79 ticks, tree = 0.87 MB, solutions = 0)
    606    97    17993.8532   178                  17937.2932   262444         
    608    99    18073.0009   173                  17937.2932   262957         
    617   108    18100.2217   175                  17937.2932   263545         
    632   123    18114.9678   172                  17937.2932   264208         
    655   146    18120.0000   174                  17937.2932   264654         
    663   154    18120.0000   210                  17937.2932   265596         
    669   160    18120.0000   247                  17937.2932   267271         
    679   170    18120.0000   178                  17937.2932   268830         
    689   180    18120.0000   155                  17937.2932   269987         
    697   188    18120.0000   177                  17937.2932   271002         
Elapsed time = 183.40 sec. (209667.85 ticks, tree = 1.31 MB, solutions = 0)
    705   195    27961.5000   218                  17937.2932   272060         
    707   195    17983.3716   172                  17939.6542   272651         
    717   205    18211.3351   168                  17939.6542   273707         
    724   212    18178.0500   154                  17939.6542   274256         
    746   234    18194.0000   150                  17939.6542   275750         
    759   247    18194.0000   173                  17939.6542   277773         
    769   257    18194.0000   189                  17939.6542   279541         
    777   265    18194.0000   223                  17939.6542   280908         
    788   276    18194.0000   174                  17939.6542   283053         
    797   285    18194.0000   213                  17939.6542   284618         
Elapsed time = 195.61 sec. (224667.07 ticks, tree = 2.01 MB, solutions = 0)
    807   293    18194.0000   204                  17939.6542   287251         
    817   303    18194.0000   195                  17939.6542   288858         
    825   311    18194.0000   191                  17939.6542   291722         
    835   319    18194.0000   185                  17939.6542   295585         
    839   321    19433.9295   165                  17939.6542   299786         
    844   324    18811.1892   187                  17939.6542   301965         
    859   333    20506.1083   192                  17939.6542   304849         
    880   344    infeasible                        17939.6542   307043         
    881   345    17996.3716   157                  17939.6736   307312         
    956   420    18393.7500   173                  17939.6736   311229         
Elapsed time = 208.64 sec. (240992.75 ticks, tree = 2.65 MB, solutions = 0)
   1004   453    17991.4170   221                  17939.7190   316812         
   1091   540    18495.8485   157                  17939.7190   323928         
   1103   546    17941.4420   188                  17940.2203   330108         
   1177   620    18243.0000   211                  17940.2203   339099         
   1221   664    18243.0000   221                  17940.2203   347557         
   1235   678    18243.0000   210                  17940.2203   349913         
   1282   711    17942.5541   177                  17941.4433   361000         
   1360   789    18314.0000   265                  17941.4433   367714         
   1408   826    17941.4433   170                  17941.4433   382545         
   1456   874    18107.0000   204                  17941.4433   396668         
Elapsed time = 273.86 sec. (316558.50 ticks, tree = 4.75 MB, solutions = 0)

Performing restart 2

Repeating presolve.
Tried aggregator 1 time.
MIP Presolve eliminated 16 rows and 0 columns.
MIP Presolve modified 168 coefficients.
Reduced MIP has 27317 rows, 3603 columns, and 148094 nonzeros.
Reduced MIP has 3603 binaries, 0 generals, 0 SOSs, and 0 indicators.
Presolve time = 0.11 sec. (131.00 ticks)
Tried aggregator 1 time.
MIP Presolve modified 126 coefficients.
Reduced MIP has 27317 rows, 3603 columns, and 148094 nonzeros.
Reduced MIP has 3603 binaries, 0 generals, 0 SOSs, and 0 indicators.
Presolve time = 0.12 sec. (137.70 ticks)
Represolve time = 0.46 sec. (497.52 ticks)
   1491     0    17933.8519   225                    Cuts: 63   408637         
   1491     0    17933.8519   224                   Cuts: 165   421594         
   1491     0    17933.8519   238                   Cuts: 145   431126         
   1491     0    17933.8519   235                   Cuts: 140   441288         
   1491     0    17933.8519   254                    Cuts: 66   443155         
   1491     0    17933.8519   238                    Cuts: 88   445981         
   1491     0    17933.8519   214                   Cuts: 151   450036         
   1491     0    17933.8519   225                   Cuts: 157   463103         
   1491     0    17933.8519   226                   Cuts: 132   472574         
   1491     2    17933.8519   226                  17941.4433   472574         
   1492     3    17935.4227   278                  17941.4433   485348         
   1493     4    17935.4619   279                  17941.4433   498894         
   1494     5    17935.4998   294                  17941.4433   511842         
   1495     6    17941.4433   357                  17941.4433   518730         
   1500    11    17944.5079   186                  17941.4433   522145         
   1507    18    17978.0497   170                  17941.4433   524953         
   1517    28    18057.3165   570                  17941.4433   528987         
   1525    36    18057.5771   173                  17941.4433   529613         
   1546    57    18135.2777   401                  17941.4433   531125         
Elapsed time = 500.15 sec. (593278.03 ticks, tree = 11.14 MB, solutions = 0)
   1558    68    18495.4615   174                  17941.4433   532975         
   1579    88    18726.0000   154                  17941.4433   535377         
   1588    94    17983.3716   216                  17941.4433   539628         
   1596   102    18106.8811   162                  17941.4433   540959         
   1612   118    18138.9822   178                  17941.4433   543123         
   1633   139    18397.6667   176                  17941.4433   545259         
   1652   150    17942.0984   186                  17941.4433   550225         
   1663   161    17968.1484   180                  17941.4433   552888         
   1671   169    18019.5288   191                  17941.4433   554550         
   1684   182    18102.3077   192                  17941.4433   557355         
Elapsed time = 550.93 sec. (661268.07 ticks, tree = 38.07 MB, solutions = 0)
   1698   196    18186.3333   170                  17941.4433   559719         
   1711   209    18576.0000   168                  17941.4433   562585         
   1728   226    18791.0000   176                  17941.4433   565473         
   1743   241    18791.0000   181                  17941.4433   569928         
   1758   256    18791.0000   189                  17941.4433   576083         
   1765   263    18791.0000   160                  17941.4433   581009         
   1772   270    18791.0000   214                  17941.4433   585744         
   1779   277    18791.0000   145                  17941.4433   589408         
   1786   282    18791.0000   230                  17941.4433   595777         
   1800   282    18791.0000   202                  17941.4433   601949         
Elapsed time = 581.04 sec. (702056.22 ticks, tree = 59.47 MB, solutions = 0)
   1813   285    17991.4170   182                  17941.4433   606337         
   1817   289    18004.5749   202                  17941.4433   608193         
   1822   294    18071.1113   199                  17941.4433   608984         
   1829   301    18118.3200   189                  17941.4433   610709         
   1846   318    18204.4710   183                  17941.4433   612622         
   1865   337    18610.0000   177                  17941.4433   614781         
   1886   355    18734.0000   153                  17941.4433   618142         
   1890   356    17941.4420   195                  17942.2413   620366         
   1895   361    17949.8391   328                  17942.9992   625999         
   1904   370    17975.7252   300                  17942.9992   629363         
Elapsed time = 630.13 sec. (767810.41 ticks, tree = 78.70 MB, solutions = 0)
   1913   379    18217.0720   195                  17942.9992   632572         
   1918   384    18236.5736   550                  17942.9992   634299         
   1924   390    18258.6179   317                  17942.9992   636208         
   1930   396    18296.7858   323                  17942.9992   639098         
   1942   408    18360.3889   212                  17942.9992   641147         
   1954   418    18544.0000   215                  17942.9992   646161         
   1963   423    18704.3571   212                  17942.9992   661372         
   1966   423    17943.0456   181                  17943.1411   663221         
   1979   436    17973.6932   197                  17943.2192   665228         
   1995   452    18215.2000   208                  17943.2192   668094         
Elapsed time = 688.82 sec. (840935.98 ticks, tree = 96.23 MB, solutions = 0)
   2009   466    18447.0000   196                  17943.2192   670560         
   2025   482    18573.7500   175                  17943.2192   672691         
   2035   486    17952.1880   185                  17943.4129   675814         
   2051   502    17987.5786   171                  17943.4129   678712         
   2068   519    18070.0000   173                  17943.4129   680923         
   2089   540    18070.0000   166                  17943.4129   683501         
   2106   557    18070.0000   144                  17943.4129   687302         
   2123   574    18070.0000   140                  17943.4129   690342         
   2141   589    18070.0000   141                  17943.4129   694350         
   2156   604    18070.0000   127                  17943.4129   698794         
Elapsed time = 715.08 sec. (880502.19 ticks, tree = 128.75 MB, solutions = 0)
   2170   618    18070.0000   141                  17943.4129   703629         
   2188   635    18216.5294   121                  17943.4129   705452         
   2213   647    17970.3110   208                  17945.2656   708103         
   2230   664    18107.3636   186                  17945.2656   711128         
   2247   681    18414.5385   186                  17945.2656   713345         
   2275   704    19012.0000   178                  17945.2656   714417         
   2304   730    18019.0494   435                  17945.4141   718270         
   2311   737    18028.9230   298                  17945.4141   721131         
   2327   753    18085.9524   235                  17945.4141   722445         
   2339   765    18181.7639   271                  17945.4141   724825         
Elapsed time = 766.16 sec. (945833.77 ticks, tree = 161.30 MB, solutions = 0)
   2350   775    18396.2500   254                  17945.4141   727385         
   2354   775    17945.4141   220                  17946.4715   731538         
   2360   781    17954.3565   317                  17946.7542   734732         
   2371   792    17986.1809   196                  17946.7542   737479         
   2382   803    18102.0000   163                  17946.7542   740875         
   2404   823    18751.0000   177                  17946.7542   742745         
   2416   832    infeasible                        17946.7542   755739         
   2417   831    infeasible                        17946.7542   786602         
   2418   832    17996.3716   213                  17947.4296   788087         
   2432   846    18150.5766   193                  17947.4296   791368         
Elapsed time = 847.72 sec. (1041276.54 ticks, tree = 178.42 MB, solutions = 0)
   2453   863    18291.6667   175                  17947.4296   792846         
   2478   881    18314.0000   173                  17947.4296   795684         
   2504   907    18314.0000   154                  17947.4296   798505         
   2532   935    18314.0000   141                  17947.4296   801970         
   2570   971    18314.0000   138                  17947.4296   806498         
   2592   993    18746.1509   117                  17947.4296   810575         
   2620  1021    18314.0000   133                  17947.4296   813817         
   2634  1029    17979.2200   213                  17948.1168   818401         
   2648  1043    18031.0000   189                  17948.1168   820825         
   2662  1057    18134.0000   202                  17948.1168   823037         
Elapsed time = 891.81 sec. (1101089.65 ticks, tree = 219.02 MB, solutions = 0)
   2703  1098    18134.0000   185                  17948.1168   824047         
   2729  1123    18247.7040   239                  17948.1168   829477         

Clique cuts applied:  4
Cover cuts applied:  28
Flow cuts applied:  1
Mixed integer rounding cuts applied:  43
Zero-half cuts applied:  14
Lift and project cuts applied:  6
Gomory fractional cuts applied:  4

Root node processing (before b&c):
  Real time             =   28.43 sec. (33646.07 ticks)
Sequential b&c:
  Real time             =  871.58 sec. (1077739.39 ticks)
                          ------------
Total (root+branch&cut) =  900.01 sec. (1111385.47 ticks)
MIP: [1;32mCPLEX finished.[0m
MIP: [1;32mCPLEX status: Unknown[0m
MIP: [1;32mNo feasible solution exits[0m
