ifile	/scratch/csagturk/mlbppo_inst/n0040_m01_p100__002.inst
prob	MLBPPO
threads	1
ttime	900
instance: /scratch/csagturk/mlbppo_inst/n0040_m01_p100__002.inst
	m=1, n=[40, 20], #pos=40
MIP: [1;32minit CPLEX[0m
CAN: [1;35mcreated 800 x_{ijk} variables[0m
CAN: [1;35mcreated 60 y_{ij} variables[0m
CAN: [1;35mcreated 800 p_{ijk} variables[0m
MIP: [1;32mcreated decision variables[0m
CAN: [1;35madded 40 constraints to enforce the packing of each item[0m
CAN: [1;35madded 0 constraints to enforce the packing of each item[0m
CAN: [1;35madded 20 capacity constraints[0m
MIP: [1;32mcreated constraints[0m
MIP: [1;32mcreated objective function[0m
MIP: [1;32mcalling CPLEX solve ...[0m
Version identifier: 22.1.0.0 | 2022-03-09 | 1a383f8ce
CPXPARAM_Threads                                 1
CPXPARAM_TimeLimit                               900
Tried aggregator 2 times.
MIP Presolve eliminated 226 rows and 146 columns.
MIP Presolve modified 1518 coefficients.
Aggregator did 742 substitutions.
Reduced MIP has 692 rows, 732 columns, and 13135 nonzeros.
Reduced MIP has 732 binaries, 0 generals, 0 SOSs, and 0 indicators.
Presolve time = 0.02 sec. (25.11 ticks)
Probing fixed 30 vars, tightened 0 bounds.
Probing time = 0.01 sec. (16.65 ticks)
Tried aggregator 1 time.
Detecting symmetries...
MIP Presolve eliminated 52 rows and 30 columns.
MIP Presolve modified 836 coefficients.
Reduced MIP has 632 rows, 702 columns, and 11221 nonzeros.
Reduced MIP has 702 binaries, 0 generals, 0 SOSs, and 0 indicators.
Presolve time = 0.01 sec. (8.77 ticks)
Probing time = 0.00 sec. (3.32 ticks)
Clique table members: 5788.
MIP emphasis: balance optimality and feasibility.
MIP search method: dynamic search.
Parallel mode: none, using 1 thread.
Root relaxation solution time = 0.00 sec. (4.25 ticks)

        Nodes                                         Cuts/
   Node  Left     Objective  IInf  Best Integer    Best Bound    ItCnt     Gap

      0     0     9196.2500    40                   9196.2500      147         
      0     0     9236.3750    77                    Cuts: 61      367         
      0     0     9236.3750    76                    Cuts: 63      582         
      0     0     9236.3750    80                    Cuts: 29      705         
*     0+    0                        10748.0000     9236.3750            14.06%
*     0+    0                         9794.0000     9236.3750             5.69%
Detecting symmetries...
      0     2     9236.3750    20     9794.0000     9236.3750      705    5.69%
Elapsed time = 0.28 sec. (264.20 ticks, tree = 0.01 MB, solutions = 2)
*    80+   80                         9761.0000     9236.3750             5.37%
*    90+   90                         9748.0000     9236.3750             5.25%
*   140+  134                         9700.0000     9236.3750             4.78%
    220   206     9236.3750    29     9700.0000     9236.3750     5647    4.78%
*   240+  224                         9677.0000     9236.3750             4.55%
*   301   196      integral     0     9265.0000     9236.3750     7227    0.31%
    415   235     9255.0000    42     9265.0000     9236.3750    10642    0.31%
    560   327     9255.0000    39     9265.0000     9236.3750    15731    0.31%
    691   398     9236.3750    69     9265.0000     9236.3750    21355    0.31%
    763   450     9255.0000    45     9265.0000     9236.3750    26962    0.31%
    841   500     9255.0000    22     9265.0000     9236.3750    32982    0.31%
    916   545     9255.0000    68     9265.0000     9236.3750    38257    0.31%
    979   577    infeasible           9265.0000     9236.3750    43366    0.31%
   1035   609     9236.3750    71     9265.0000     9236.3750    48142    0.31%

Performing restart 1

Repeating presolve.
Tried aggregator 1 time.
MIP Presolve eliminated 40 rows and 59 columns.
MIP Presolve modified 7543 coefficients.
Reduced MIP has 592 rows, 643 columns, and 6046 nonzeros.
Reduced MIP has 643 binaries, 0 generals, 0 SOSs, and 0 indicators.
Presolve time = 0.01 sec. (7.81 ticks)
Tried aggregator 1 time.
MIP Presolve modified 1 coefficients.
Reduced MIP has 592 rows, 643 columns, and 6045 nonzeros.
Reduced MIP has 643 binaries, 0 generals, 0 SOSs, and 0 indicators.
Presolve time = 0.01 sec. (4.09 ticks)
Represolve time = 0.03 sec. (23.89 ticks)
   1049     0     9255.0000    64     9265.0000      Cuts: 47    50715    0.11%
   1049     0     9255.0000    96     9265.0000      Cuts: 41    50924    0.11%
   1049     0     9255.0000    16     9265.0000      Cuts: 12    50958    0.11%
   1049     0     9255.0000    24     9265.0000      Cuts: 26    51014    0.11%
   1049     0     9255.0000    26     9265.0000      Cuts: 12    51078    0.11%
   1049     0     9255.0000    29     9265.0000      Cuts: 15    51151    0.11%
*  1249+    1                         9255.0000     9255.0000             0.00%

GUB cover cuts applied:  5
Clique cuts applied:  2
Cover cuts applied:  27
Flow cuts applied:  2
Mixed integer rounding cuts applied:  4
Zero-half cuts applied:  3
Lift and project cuts applied:  1
Gomory fractional cuts applied:  2

Root node processing (before b&c):
  Real time             =    0.28 sec. (264.31 ticks)
Sequential b&c:
  Real time             =    2.44 sec. (3298.13 ticks)
                          ------------
Total (root+branch&cut) =    2.72 sec. (3562.44 ticks)
MIP: [1;32mCPLEX finished.[0m
MIP: [1;32mCPLEX status: Optimal[0m
CAN: [1;35mItem: 0, Level: 0, at bin: 4[0m
CAN: [1;35mItem: 1, Level: 0, at bin: 19[0m
CAN: [1;35mItem: 2, Level: 0, at bin: 7[0m
CAN: [1;35mItem: 3, Level: 0, at bin: 11[0m
CAN: [1;35mItem: 4, Level: 0, at bin: 4[0m
CAN: [1;35mItem: 5, Level: 0, at bin: 4[0m
CAN: [1;35mItem: 6, Level: 0, at bin: 9[0m
CAN: [1;35mItem: 7, Level: 0, at bin: 13[0m
CAN: [1;35mItem: 8, Level: 0, at bin: 19[0m
CAN: [1;35mItem: 9, Level: 0, at bin: 0[0m
CAN: [1;35mItem: 10, Level: 0, at bin: 16[0m
CAN: [1;35mItem: 11, Level: 0, at bin: 19[0m
CAN: [1;35mItem: 12, Level: 0, at bin: 10[0m
CAN: [1;35mItem: 13, Level: 0, at bin: 18[0m
CAN: [1;35mItem: 14, Level: 0, at bin: 16[0m
CAN: [1;35mItem: 15, Level: 0, at bin: 8[0m
CAN: [1;35mItem: 16, Level: 0, at bin: 7[0m
CAN: [1;35mItem: 17, Level: 0, at bin: 13[0m
CAN: [1;35mItem: 18, Level: 0, at bin: 5[0m
CAN: [1;35mItem: 19, Level: 0, at bin: 14[0m
CAN: [1;35mItem: 20, Level: 0, at bin: 11[0m
CAN: [1;35mItem: 21, Level: 0, at bin: 6[0m
CAN: [1;35mItem: 22, Level: 0, at bin: 9[0m
CAN: [1;35mItem: 23, Level: 0, at bin: 10[0m
CAN: [1;35mItem: 24, Level: 0, at bin: 0[0m
CAN: [1;35mItem: 25, Level: 0, at bin: 13[0m
CAN: [1;35mItem: 26, Level: 0, at bin: 15[0m
CAN: [1;35mItem: 27, Level: 0, at bin: 13[0m
CAN: [1;35mItem: 28, Level: 0, at bin: 9[0m
CAN: [1;35mItem: 29, Level: 0, at bin: 6[0m
CAN: [1;35mItem: 30, Level: 0, at bin: 2[0m
CAN: [1;35mItem: 31, Level: 0, at bin: 19[0m
CAN: [1;35mItem: 32, Level: 0, at bin: 8[0m
CAN: [1;35mItem: 33, Level: 0, at bin: 9[0m
CAN: [1;35mItem: 34, Level: 0, at bin: 15[0m
CAN: [1;35mItem: 35, Level: 0, at bin: 5[0m
CAN: [1;35mItem: 36, Level: 0, at bin: 16[0m
CAN: [1;35mItem: 37, Level: 0, at bin: 13[0m
CAN: [1;35mItem: 38, Level: 0, at bin: 14[0m
CAN: [1;35mItem: 39, Level: 0, at bin: 18[0m
MIP: [1;32mSolution: 
Indexes: [4, 19, 7, 11, 4, 4, 9, 13, 19, 0, 16, 19, 10, 18, 16, 8, 7, 13, 5, 14, 11, 6, 9, 10, 0, 13, 15, 13, 9, 6, 2, 19, 8, 9, 15, 5, 16, 13, 14, 18], P Variables: [4][19][7][11][4][4][9][13][19][0][16][19][10][18][16][8][7][13][5][14][11][6][9][10][0][13][15][13][9][6][2][19][8][9][15][5][16][13][14][18], Flow leaving each bin: [0m
MIP: [1;32mObjective value: 9255[0m
MIP: [1;32mLower Bound: 9255[0m
MIP: [1;32mBranch-and-Bound nodes: 1249[0m

# best solution:
best objective value:	9255
best dual bound value:	9255
optimality gap:	0%
CPU time:	2.65383
