ifile	/scratch/csagturk/mlbppo_inst/n0040_m01_p100__087.inst
prob	MLBPPO
threads	1
ttime	900
instance: /scratch/csagturk/mlbppo_inst/n0040_m01_p100__087.inst
	m=1, n=[40, 23], #pos=40
MIP: [1;32minit CPLEX[0m
CAN: [1;35mcreated 920 x_{ijk} variables[0m
CAN: [1;35mcreated 63 y_{ij} variables[0m
CAN: [1;35mcreated 920 p_{ijk} variables[0m
MIP: [1;32mcreated decision variables[0m
CAN: [1;35madded 40 constraints to enforce the packing of each item[0m
CAN: [1;35madded 0 constraints to enforce the packing of each item[0m
CAN: [1;35madded 23 capacity constraints[0m
MIP: [1;32mcreated constraints[0m
MIP: [1;32mcreated objective function[0m
MIP: [1;32mcalling CPLEX solve ...[0m
Version identifier: 22.1.0.0 | 2022-03-09 | 1a383f8ce
CPXPARAM_Threads                                 1
CPXPARAM_TimeLimit                               900
Tried aggregator 2 times.
MIP Presolve eliminated 584 rows and 413 columns.
MIP Presolve modified 1419 coefficients.
Aggregator did 728 substitutions.
Reduced MIP has 592 rows, 722 columns, and 10648 nonzeros.
Reduced MIP has 722 binaries, 0 generals, 0 SOSs, and 0 indicators.
Presolve time = 0.02 sec. (20.78 ticks)
Found incumbent of value 11336.000000 after 0.03 sec. (28.48 ticks)
Probing fixed 65 vars, tightened 0 bounds.
Probing time = 0.01 sec. (14.49 ticks)
Tried aggregator 1 time.
Detecting symmetries...
MIP Presolve eliminated 87 rows and 65 columns.
MIP Presolve modified 1009 coefficients.
Reduced MIP has 489 rows, 657 columns, and 7738 nonzeros.
Reduced MIP has 657 binaries, 0 generals, 0 SOSs, and 0 indicators.
Presolve time = 0.01 sec. (6.42 ticks)
Probing time = 0.00 sec. (3.05 ticks)
Clique table members: 4447.
MIP emphasis: balance optimality and feasibility.
MIP search method: dynamic search.
Parallel mode: none, using 1 thread.
Root relaxation solution time = 0.00 sec. (5.86 ticks)

        Nodes                                         Cuts/
   Node  Left     Objective  IInf  Best Integer    Best Bound    ItCnt     Gap

*     0+    0                        11336.0000        0.0000           100.00%
      0     0     8288.4737    61    11336.0000     8288.4737      196   26.88%
      0     0     8312.0000    35    11336.0000      Cuts: 29      321   26.68%
      0     0     8312.0000    52    11336.0000      Cuts: 52      455   26.68%
      0     0     8312.0000    45    11336.0000      Cuts: 21      573   26.68%
      0     0     8312.0000    83    11336.0000      Cuts: 40      715   26.68%
*     0+    0                         9160.0000     8312.0000             9.26%
Detecting symmetries...
      0     2     8312.0000    31     9160.0000     8312.0000      715    9.26%
Elapsed time = 0.18 sec. (197.40 ticks, tree = 0.01 MB, solutions = 2)
*    30+   30                         8736.0000     8312.0000             4.85%
*    90+   76                         8620.0000     8312.0000             3.57%
*   130+   89                         8605.0000     8312.0000             3.40%
    264   182     8312.0000    48     8605.0000     8312.0000     6936    3.40%
*   343   184      integral     0     8436.0000     8312.0000     8610    1.47%
*   360+    1                         8312.0000     8312.0000             0.00%

GUB cover cuts applied:  6
Cover cuts applied:  75
Zero-half cuts applied:  5
Lift and project cuts applied:  1
Gomory fractional cuts applied:  1

Root node processing (before b&c):
  Real time             =    0.18 sec. (197.53 ticks)
Sequential b&c:
  Real time             =    0.23 sec. (318.82 ticks)
                          ------------
Total (root+branch&cut) =    0.41 sec. (516.35 ticks)
MIP: [1;32mCPLEX finished.[0m
MIP: [1;32mCPLEX status: Optimal[0m
CAN: [1;35mItem: 0, Level: 0, at bin: 17[0m
CAN: [1;35mItem: 1, Level: 0, at bin: 4[0m
CAN: [1;35mItem: 2, Level: 0, at bin: 3[0m
CAN: [1;35mItem: 3, Level: 0, at bin: 14[0m
CAN: [1;35mItem: 4, Level: 0, at bin: 0[0m
CAN: [1;35mItem: 5, Level: 0, at bin: 16[0m
CAN: [1;35mItem: 6, Level: 0, at bin: 7[0m
CAN: [1;35mItem: 7, Level: 0, at bin: 16[0m
CAN: [1;35mItem: 8, Level: 0, at bin: 14[0m
CAN: [1;35mItem: 9, Level: 0, at bin: 12[0m
CAN: [1;35mItem: 10, Level: 0, at bin: 0[0m
CAN: [1;35mItem: 11, Level: 0, at bin: 11[0m
CAN: [1;35mItem: 12, Level: 0, at bin: 6[0m
CAN: [1;35mItem: 13, Level: 0, at bin: 14[0m
CAN: [1;35mItem: 14, Level: 0, at bin: 14[0m
CAN: [1;35mItem: 15, Level: 0, at bin: 22[0m
CAN: [1;35mItem: 16, Level: 0, at bin: 7[0m
CAN: [1;35mItem: 17, Level: 0, at bin: 17[0m
CAN: [1;35mItem: 18, Level: 0, at bin: 17[0m
CAN: [1;35mItem: 19, Level: 0, at bin: 0[0m
CAN: [1;35mItem: 20, Level: 0, at bin: 11[0m
CAN: [1;35mItem: 21, Level: 0, at bin: 2[0m
CAN: [1;35mItem: 22, Level: 0, at bin: 4[0m
CAN: [1;35mItem: 23, Level: 0, at bin: 16[0m
CAN: [1;35mItem: 24, Level: 0, at bin: 13[0m
CAN: [1;35mItem: 25, Level: 0, at bin: 13[0m
CAN: [1;35mItem: 26, Level: 0, at bin: 17[0m
CAN: [1;35mItem: 27, Level: 0, at bin: 19[0m
CAN: [1;35mItem: 28, Level: 0, at bin: 19[0m
CAN: [1;35mItem: 29, Level: 0, at bin: 13[0m
CAN: [1;35mItem: 30, Level: 0, at bin: 22[0m
CAN: [1;35mItem: 31, Level: 0, at bin: 3[0m
CAN: [1;35mItem: 32, Level: 0, at bin: 6[0m
CAN: [1;35mItem: 33, Level: 0, at bin: 13[0m
CAN: [1;35mItem: 34, Level: 0, at bin: 17[0m
CAN: [1;35mItem: 35, Level: 0, at bin: 22[0m
CAN: [1;35mItem: 36, Level: 0, at bin: 7[0m
CAN: [1;35mItem: 37, Level: 0, at bin: 12[0m
CAN: [1;35mItem: 38, Level: 0, at bin: 2[0m
CAN: [1;35mItem: 39, Level: 0, at bin: 4[0m
MIP: [1;32mSolution: 
Indexes: [17, 4, 3, 14, 0, 16, 7, 16, 14, 12, 0, 11, 6, 14, 14, 22, 7, 17, 17, 0, 11, 2, 4, 16, 13, 13, 17, 19, 19, 13, 22, 3, 6, 13, 17, 22, 7, 12, 2, 4], P Variables: [17][4][3][14][0][16][7][16][14][12][0][11][6][14][14][22][7][17][17][0][11][2][4][16][13][13][17][19][19][13][22][3][6][13][17][22][7][12][2][4], Flow leaving each bin: [0m
MIP: [1;32mObjective value: 8312[0m
MIP: [1;32mLower Bound: 8312[0m
MIP: [1;32mBranch-and-Bound nodes: 360[0m

# best solution:
best objective value:	8312
best dual bound value:	8312
optimality gap:	0%
CPU time:	0.411279
