ifile	/scratch/csagturk/mlbppo_inst/n0040_m05_p200__079.inst
prob	MLBPPO
threads	1
ttime	900
instance: /scratch/csagturk/mlbppo_inst/n0040_m05_p200__079.inst
	m=5, n=[40, 32, 40, 48, 46, 44], #pos=80
MIP: [1;32minit CPLEX[0m
CAN: [1;35mcreated 8712 x_{ijk} variables[0m
CAN: [1;35mcreated 250 y_{ij} variables[0m
CAN: [1;35mcreated 8400 p_{ijk} variables[0m
MIP: [1;32mcreated decision variables[0m
CAN: [1;35madded 40 constraints to enforce the packing of each item[0m
CAN: [1;35madded 166 constraints to enforce the packing of each item[0m
CAN: [1;35madded 210 capacity constraints[0m
MIP: [1;32mcreated constraints[0m
MIP: [1;32mcreated objective function[0m
MIP: [1;32mcalling CPLEX solve ...[0m
Version identifier: 22.1.0.0 | 2022-03-09 | 1a383f8ce
CPXPARAM_Threads                                 1
CPXPARAM_TimeLimit                               900
Presolve has eliminated 96843 rows and 195435 columns...
Tried aggregator 2 times.
MIP Presolve eliminated 280490 rows and 195435 columns.
MIP Presolve modified 8691 coefficients.
Aggregator did 613213 substitutions.
Reduced MIP has 608277 rows, 416994 columns, and 1579601 nonzeros.
Reduced MIP has 215393 binaries, 0 generals, 0 SOSs, and 319 indicators.
Presolve time = 6.18 sec. (255995.66 ticks)
Probing time = 3.98 sec. (954.58 ticks)
Tried aggregator 3 times.
MIP Presolve added 13 rows and 0 columns.
Aggregator did 402717 substitutions.
Reduced MIP has 205573 rows, 14277 columns, and 774180 nonzeros.
Reduced MIP has 14111 binaries, 166 generals, 0 SOSs, and 319 indicators.
Presolve time = 1.63 sec. (1303.16 ticks)
Probing fixed 0 vars, tightened 213 bounds.
Probing time = 1.64 sec. (2595.90 ticks)
Tried aggregator 1 time.
Detecting symmetries...
MIP Presolve eliminated 498 rows and 651 columns.
Reduced MIP has 205075 rows, 13626 columns, and 772865 nonzeros.
Reduced MIP has 13626 binaries, 0 generals, 0 SOSs, and 0 indicators.
Presolve time = 0.80 sec. (620.67 ticks)
Probing time = 0.02 sec. (14.50 ticks)
Clique table members: 373457.
MIP emphasis: balance optimality and feasibility.
MIP search method: dynamic search.
Parallel mode: none, using 1 thread.
Root relaxation solution time = 0.41 sec. (521.58 ticks)

        Nodes                                         Cuts/
   Node  Left     Objective  IInf  Best Integer    Best Bound    ItCnt     Gap

      0     0    31654.2485   189                  31654.2485     1413         
      0     0    31835.2596   320                   Cuts: 240     3946         
      0     0    32055.7127   405                   Cuts: 162     9068         
      0     0    32125.6150   495                   Cuts: 160    15327         
      0     0    32216.1044   470                   Cuts: 152    19461         
      0     0    32374.0235   470                   Cuts: 168    23735         
      0     0    32441.7419   525                   Cuts: 154    28074         
      0     0    32482.6797   529                   Cuts: 170    33744         
      0     0    32512.4105   526                   Cuts: 190    39329         
      0     0    32548.7716   623                   Cuts: 127    46804         
      0     0    32587.6826   573                   Cuts: 143    49622         
      0     0    32605.6887   571                   Cuts: 152    51733         
      0     0    32618.4024   617                   Cuts: 109    54378         
      0     0    32626.0417   563                   Cuts: 120    56967         
      0     0    32638.0506   598                   Cuts: 114    59849         
      0     0    32640.9389   556                    Cuts: 93    60887         
      0     0    32648.9929   642                   Cuts: 123    63652         
      0     0    32653.3207   595                   Cuts: 173    66007         
      0     0    32656.0425   580                   Cuts: 102    67550         
      0     0    32663.3238   471                    Cuts: 75    68726         
      0     0    32670.5071   529                    Cuts: 95    71076         
      0     0    32674.4247   589                   Cuts: 142    73230         
Heuristic still looking.
Heuristic still looking.
      0     2    32674.4247   510                  32675.1623    73230         
Elapsed time = 180.79 sec. (376191.15 ticks, tree = 0.01 MB, solutions = 0)
      1     3    32685.7573   436                  32678.4842    74479         
      2     4    32732.4869   493                  32678.4842    76171         
      3     5    32719.6548   411                  32678.4842    77132         
      4     6    32750.5811   420                  32678.4842    81325         
      5     7    32724.4825   380                  32678.4842    82851         
      6     8    32729.2619   367                  32678.4842    84614         
      7     9    32769.4559   390                  32678.4842    86974         
      8    10    32788.4692   388                  32678.4842    88134         
      9    11    32776.9793   406                  32678.4842    88886         
     11    13    32859.5985   271                  32678.4842    90623         
Elapsed time = 197.04 sec. (387682.90 ticks, tree = 3.45 MB, solutions = 0)
     12    14    32939.0704   436                  32678.4842    93459         
     14    16    32964.3109   322                  32678.4842    95530         
     16    18    33473.3131   297                  32678.4842    98402         
     17    19    33407.2471   399                  32678.4842   101682         
     18    20    33331.5694   492                  32678.4842   106549         
     19    21    33447.6604   404                  32678.4842   110080         
     20    22    33428.7819   346                  32678.4842   113974         
     21    23    33471.1107   446                  32678.4842   115725         
     22    24    33434.9714   355                  32678.4842   118188         
     23    25    33462.0886   433                  32678.4842   120294         
Elapsed time = 239.27 sec. (415947.62 ticks, tree = 6.90 MB, solutions = 0)
     24    26    33447.1340   417                  32678.4842   123726         
     25    27    33575.1766   362                  32678.4842   127442         
     28    30    33582.5378   368                  32678.4842   129066         
     30    32    33600.1140   381                  32678.4842   131986         
     32    34    33626.4959   379                  32678.4842   134195         
     34    36    33617.9921   414                  32678.4842   135700         
     35    37    33626.4959   410                  32678.4842   137261         
     37    39    33627.5700   433                  32678.4842   140707         
     39    41    33626.4959   395                  32678.4842   142410         
     40    42    33627.5604   443                  32678.4842   147820         
Elapsed time = 270.53 sec. (435363.77 ticks, tree = 19.92 MB, solutions = 0)
     41    43    33635.6761   402                  32678.4842   150558         
     42    44    33682.1681   550                  32678.4842   155172         
     43    45    33853.5519   409                  32678.4842   156156         
     49    51    33853.5519   411                  32678.4842   157288         
     55    57    33857.5216   400                  32678.4842   158059         
     62    64    33878.1262   306                  32678.4842   159313         
     70    72    33878.1262   387                  32678.4842   160218         
     74    76    33889.7321   349                  32678.4842   161451         
     76    78    33902.5997   322                  32678.4842   162893         
     85    87    33902.5997   297                  32678.4842   163662         
Elapsed time = 288.41 sec. (449234.13 ticks, tree = 21.22 MB, solutions = 0)
     90    92    33902.5997   297                  32678.4842   164581         
     95    97    33919.5214   356                  32678.4842   166348         
     97    99    33925.9956   299                  32678.4842   167664         
    102   104    33925.9956   292                  32678.4842   169098         
    105   107    34025.8342   342                  32678.4842   171644         
    113   115    33925.9956   275                  32678.4842   172642         
    119   121    33927.2326   348                  32678.4842   174257         
    121   123    34011.7702   348                  32678.4842   176757         
    123   125    33958.4112   504                  32678.4842   180058         
    125   127    33992.2774   400                  32678.4842   182174         
Elapsed time = 309.70 sec. (464093.56 ticks, tree = 25.55 MB, solutions = 0)
    128   130    33928.2620   300                  32678.4842   183541         
    134   136    33928.2620   310                  32678.4842   184129         
    139   141    33934.3407   270                  32678.4842   185699         
    143   145    34006.5447   302                  32678.4842   187593         
    144   146    34045.1248   488                  32678.4842   189234         
    146   148    34073.5061   340                  32678.4842   193234         
    151   153    34073.5061   330                  32678.4842   193918         
    155   157    34074.8194   386                  32678.4842   195397         
    160   162    34073.5061   333                  32678.4842   195801         
    166   168    34074.8194   377                  32678.4842   197407         
Elapsed time = 330.68 sec. (477575.47 ticks, tree = 59.67 MB, solutions = 0)
    168   170    34074.8194   395                  32678.4842   198551         
    170   172    34076.4555   573                  32678.4842   200044         
    176   178    34075.8605   368                  32678.4842   201652         
    177   179    34180.0514   396                  32678.4842   203149         
    180   182    34075.8605   353                  32678.4842   203451         
    185   187    34090.9871   389                  32678.4842   205224         
    190   192    34083.7010   360                  32678.4842   205652         
    194   196    34083.0159   391                  32678.4842   206910         
    200   202    34082.7635   356                  32678.4842   207540         
    204   206    34151.0413   313                  32678.4842   209302         
Elapsed time = 367.22 sec. (501068.12 ticks, tree = 120.34 MB, solutions = 0)
    207   209    34484.8746   598                  32678.4842   212151         
    210   212    34179.6547   388                  32678.4842   214610         
    212   214    34182.7913   392                  32678.4842   216484         
    216   218    34298.7110   309                  32678.4842   217866         
    217   219    34292.8319   354                  32678.4842   219399         
    220   222    34325.1649   305                  32678.4842   220121         
    223   225    34432.2916   308                  32678.4842   221443         
    226   228    34351.8967   338                  32678.4842   222975         
    228   230    34490.7427   319                  32678.4842   224638         
    231   233    34522.8652   300                  32678.4842   225793         
Elapsed time = 386.60 sec. (513864.76 ticks, tree = 163.45 MB, solutions = 0)
    232   234    34589.6251   372                  32678.4842   228212         
    234   236    34767.7194   332                  32678.4842   229672         
    237   239    34604.4348   418                  32678.4842   230835         
    239   241    34693.4397   365                  32678.4842   232164         
    241   243    34751.0749   330                  32678.4842   232972         
    245   247    34853.5144   332                  32678.4842   234816         
    248   250    34895.3883   302                  32678.4842   237053         
    250   252    35343.7092   521                  32678.4842   238639         
    252   254    35081.1012   614                  32678.4842   240678         
    254   256    38533.4508   539                  32678.4842   247273         
Elapsed time = 412.26 sec. (528889.65 ticks, tree = 200.18 MB, solutions = 0)
    258   260    35654.8421   426                  32678.4842   249053         
    260   262    35668.4729   427                  32678.4842   250216         
    262   264    36159.3234   388                  32678.4842   252323         
    264   266    36614.4776   307                  32678.4842   254304         
    267   269    36917.5500   388                  32678.4842   256538         
    270   272    36841.9461   360                  32678.4842   257628         
    273   275    36854.0502   347                  32678.4842   259320         
    277   279    36897.3238   342                  32678.4842   261161         
    280   282    36933.4574   342                  32678.4842   261292         
    292   294    40305.3737   371                  32678.4842   268002         
Elapsed time = 436.66 sec. (546890.22 ticks, tree = 232.66 MB, solutions = 0)
    303   305    39328.6663   351                  32678.4842   273321         
    320   322    39259.6663   315                  32678.4842   280265         
    330   332    40242.3737   346                  32678.4842   286688         
    357   359    41588.3159   293                  32678.4842   292872         
    365   367    41288.5395   222                  32678.4842   294365         
    392   392    42602.3877   285                  32678.4842   299660         
    443   419    44566.9749   187                  32678.4842   303255         
    480   444    47915.7833   274                  32678.4842   306763         
    509   473    50656.8473   247                  32678.4842   310927         
    566   478    51176.7486   251                  32678.4842   311922         
Elapsed time = 479.32 sec. (588085.05 ticks, tree = 524.95 MB, solutions = 0)
    573   477    32810.4554   456                  32725.2232   317495         
    577   481    32877.7126   497                  32725.2232   322911         
    581   485    32921.2951   485                  32725.2232   328315         
    584   488    33142.1380   437                  32725.2232   334112         
    586   490    33147.9649   453                  32725.2232   339597         
    600   504    33147.9649   408                  32725.2232   342818         
    605   509    33158.8184   525                  32725.2232   347892         
    609   513    33150.1479   584                  32725.2232   352381         
    612   516    33200.2248   639                  32725.2232   358971         
    617   521    33425.3142   467                  32725.2232   363906         
Elapsed time = 587.85 sec. (651151.41 ticks, tree = 596.74 MB, solutions = 0)
    625   529    33532.0915   530                  32725.2232   368276         
    639   543    33543.4317   346                  32725.2232   372611         
    640   544    33543.4317   342                  32725.2232   372645         
    650   554    33587.8888   429                  32725.2232   380142         
    654   558    33575.0324   457                  32725.2232   385834         
    660   564    33937.9073   480                  32725.2232   396546         
    672   576    33760.7959   430                  32725.2232   400895         
    688   592    33754.9227   427                  32725.2232   403517         
    715   619    33754.9227   407                  32725.2232   406284         
    738   642    33818.5875   379                  32725.2232   409716         
Elapsed time = 669.81 sec. (702030.28 ticks, tree = 789.90 MB, solutions = 0)
    755   659    33842.5833   380                  32725.2232   413821         
    773   677    33979.7515   364                  32725.2232   418520         
    784   688    34019.0770   336                  32725.2232   424040         
    800   704    34503.1806   335                  32725.2232   430858         
    808   712    35167.0624   390                  32725.2232   437900         
    817   721    35184.6321   335                  32725.2232   443455         
    825   729    36450.9102   266                  32725.2232   449924         
    858   738    32788.1863   414                  32732.5355   453892         
    861   741    32786.2633   424                  32751.4651   458001         
    864   744    33026.0896   396                  32751.4651   466249         
Elapsed time = 737.16 sec. (746498.64 ticks, tree = 952.73 MB, solutions = 0)
    867   747    33095.6397   317                  32751.4651   472694         
    869   749    33284.2086   462                  32751.4651   478613         
    874   754    33557.9898   400                  32751.4651   487946         
    876   756    33572.0684   346                  32751.4651   490990         
    880   760    33617.7591   290                  32751.4651   495698         
    886   766    33617.7591   438                  32751.4651   502054         
    891   771    33617.7591   296                  32751.4651   506867         
    892   772    33619.8364   578                  32751.4651   511712         
    899   779    33634.5123   304                  32751.4651   516003         
    908   788    33634.5123   390                  32751.4651   520097         
Elapsed time = 808.50 sec. (791829.74 ticks, tree = 1012.00 MB, solutions = 0)
    914   794    33651.9859   282                  32751.4651   524585         
    918   798    33644.9181   425                  32751.4651   529725         
    929   809    33644.9181   331                  32751.4651   534669         
    930   810    33685.9062   339                  32751.4651   538994         
    933   813    33741.1179   305                  32751.4651   545199         
    940   820    33771.5307   348                  32751.4651   550484         
    944   824    33771.5307   407                  32751.4651   554733         
    948   828    33771.5307   407                  32751.4651   559574         
    952   832    33771.5307   343                  32751.4651   563623         
    958   838    33930.4115   288                  32751.4651   569185         
Elapsed time = 887.06 sec. (836161.48 ticks, tree = 1061.99 MB, solutions = 0)

Clique cuts applied:  24
Cover cuts applied:  46
Implied bound cuts applied:  21
Flow cuts applied:  8
Mixed integer rounding cuts applied:  144
Zero-half cuts applied:  76
Gomory fractional cuts applied:  2

Root node processing (before b&c):
  Real time             =  179.83 sec. (374195.23 ticks)
Sequential b&c:
  Real time             =  720.28 sec. (469018.25 ticks)
                          ------------
Total (root+branch&cut) =  900.11 sec. (843213.49 ticks)
MIP: [1;32mCPLEX finished.[0m
MIP: [1;32mCPLEX status: Unknown[0m
MIP: [1;32mNo feasible solution exits[0m
