ifile	/scratch/csagturk/mlbppo_inst/n0040_m03_p050__069.inst
prob	MLBPPO
threads	1
ttime	900
instance: /scratch/csagturk/mlbppo_inst/n0040_m03_p050__069.inst
	m=3, n=[40, 26, 22, 21], #pos=20
MIP: [1;32minit CPLEX[0m
CAN: [1;35mcreated 2074 x_{ijk} variables[0m
CAN: [1;35mcreated 109 y_{ij} variables[0m
CAN: [1;35mcreated 2760 p_{ijk} variables[0m
MIP: [1;32mcreated decision variables[0m
CAN: [1;35madded 40 constraints to enforce the packing of each item[0m
CAN: [1;35madded 48 constraints to enforce the packing of each item[0m
CAN: [1;35madded 69 capacity constraints[0m
MIP: [1;32mcreated constraints[0m
MIP: [1;32mcreated objective function[0m
MIP: [1;32mcalling CPLEX solve ...[0m
Version identifier: 22.1.0.0 | 2022-03-09 | 1a383f8ce
CPXPARAM_Threads                                 1
CPXPARAM_TimeLimit                               900
Tried aggregator 3 times.
MIP Presolve eliminated 32486 rows and 23925 columns.
MIP Presolve modified 1216 coefficients.
Aggregator did 92832 substitutions.
Reduced MIP has 90047 rows, 63237 columns, and 222269 nonzeros.
Reduced MIP has 33381 binaries, 0 generals, 0 SOSs, and 93 indicators.
Presolve time = 0.82 sec. (5826.78 ticks)
Probing fixed 0 vars, tightened 63 bounds.
Probing time = 4.62 sec. (2998.00 ticks)
Tried aggregator 2 times.
MIP Presolve eliminated 282 rows and 330 columns.
Aggregator did 59414 substitutions.
Reduced MIP has 30354 rows, 3493 columns, and 102787 nonzeros.
Reduced MIP has 3493 binaries, 0 generals, 0 SOSs, and 0 indicators.
Presolve time = 0.30 sec. (231.82 ticks)
Probing time = 0.01 sec. (17.18 ticks)
Tried aggregator 1 time.
Detecting symmetries...
MIP Presolve eliminated 6 rows and 3 columns.
Reduced MIP has 30348 rows, 3490 columns, and 102775 nonzeros.
Reduced MIP has 3490 binaries, 0 generals, 0 SOSs, and 0 indicators.
Presolve time = 0.07 sec. (61.54 ticks)
Probing time = 0.01 sec. (5.01 ticks)
Clique table members: 1206.
MIP emphasis: balance optimality and feasibility.
MIP search method: dynamic search.
Parallel mode: none, using 1 thread.
Root relaxation solution time = 0.11 sec. (131.10 ticks)

        Nodes                                         Cuts/
   Node  Left     Objective  IInf  Best Integer    Best Bound    ItCnt     Gap

      0     0    24509.0540   283                  24509.0540     1213         
      0     0    24524.3815   399                   Cuts: 223     3879         
      0     0    24548.9445   318                   Cuts: 148    11103         
      0     0    24551.9082   407                   Cuts: 158    13929         
      0     0    24552.6619   346                   Cuts: 127    16733         
      0     0    24594.5384   410                    Cuts: 96    21528         
      0     0    24611.9302   418                   Cuts: 140    26414         
      0     0    24628.5311   438                   Cuts: 137    30028         
      0     0    24634.7919   457                    Cuts: 75    33353         
      0     0    24640.9246   401                   Cuts: 100    36755         
      0     0    24644.2264   412                   Cuts: 110    40986         
      0     0    24647.3122   404                   Cuts: 123    44762         
      0     0    24648.6870   384                   Cuts: 119    47667         
      0     0    24648.9601   375                   Cuts: 125    50314         
      0     0    24650.5355   410                    Cuts: 61    53593         
*     0+    0                        40986.0000    24650.5355            39.86%
*     0+    0                        39585.0000    24650.5355            37.73%
      0     2    24650.5355   381    39585.0000    24650.5355    53593   37.73%
Elapsed time = 56.24 sec. (65010.69 ticks, tree = 0.01 MB, solutions = 2)
      1     3    24650.5355   408    39585.0000    24650.5355    57645   37.73%
      2     4    24650.5355   403    39585.0000    24650.5355    61578   37.73%
      3     5    24650.5355   402    39585.0000    24650.5355    63487   37.73%
      5     7    24650.5355   357    39585.0000    24650.5355    64955   37.73%
      6     8    24650.5355   336    39585.0000    24650.5355    66174   37.73%
      8    10    24650.5355   323    39585.0000    24650.5355    67192   37.73%
      9    11    24650.5355   338    39585.0000    24650.5355    68211   37.73%
     11    13    24650.5355   325    39585.0000    24650.5355    69171   37.73%
     13    15    24650.5355   323    39585.0000    24650.5355    70216   37.73%
     19    21    24655.6479   281    39585.0000    24650.5355    74420   37.73%
Elapsed time = 64.80 sec. (73739.71 ticks, tree = 0.10 MB, solutions = 2)
     26    28    24658.4962   282    39585.0000    24650.5355    78136   37.73%
     34    36    24857.2855   292    39585.0000    24650.5355    81351   37.73%
     39    41    24660.8262   326    39585.0000    24650.5355    85380   37.73%
     40    42    24660.8262   330    39585.0000    24650.5355    85959   37.73%
     42    44    24668.3374   284    39585.0000    24650.5355    86544   37.73%
     47    49    24668.3374   298    39585.0000    24650.5355    90115   37.73%
     53    55    24668.3374   338    39585.0000    24650.5355    93794   37.73%
     60    62    24687.5829   279    39585.0000    24650.5355    96877   37.73%
     65    67    24691.7577   335    39585.0000    24650.5355   100574   37.73%
     71    73    24718.0713   257    39585.0000    24650.5355   104600   37.73%
Elapsed time = 75.38 sec. (84661.34 ticks, tree = 4.09 MB, solutions = 2)
     78    80    24718.0713   249    39585.0000    24650.5355   108732   37.73%
     84    86    24720.2962   244    39585.0000    24650.5355   112421   37.73%
     90    92    24720.2962   241    39585.0000    24650.5355   113814   37.73%
     98   100    24787.2469   212    39585.0000    24650.5355   118146   37.73%
    100   102    24797.6104   205    39585.0000    24650.5355   118754   37.73%
    115   117    24908.7794   201    39585.0000    24650.5355   123473   37.73%
    130   132    24843.4939   162    39585.0000    24650.5355   126845   37.73%
    150   152    24954.7856   161    39585.0000    24650.5355   132101   37.73%
    171   173    25234.9859   126    39585.0000    24650.5355   136847   37.73%
    198   200    25127.2481   157    39585.0000    24650.5355   142741   37.73%
Elapsed time = 84.36 sec. (95249.96 ticks, tree = 7.30 MB, solutions = 2)
    226   226    25761.4428   119    39585.0000    24650.5355   147768   37.73%
    243   235    24689.4192   284    39585.0000    24650.5355   152253   37.73%
    245   237    24696.1080   287    39585.0000    24650.5355   154727   37.73%
    260   252    24716.1327   305    39585.0000    24650.5355   160803   37.73%
    262   254    24710.7880   296    39585.0000    24650.5355   163369   37.73%
    268   260    24789.4629   256    39585.0000    24650.5355   168081   37.73%
    276   268    24790.0908   251    39585.0000    24650.5355   171919   37.73%
    280   272    24790.0908   245    39585.0000    24650.5355   173548   37.73%
    293   285    24803.6527   239    39585.0000    24650.5355   178379   37.73%
    298   290    24825.1782   277    39585.0000    24650.5355   181814   37.73%
Elapsed time = 97.08 sec. (109317.97 ticks, tree = 12.19 MB, solutions = 2)
    305   297    24835.4565   271    39585.0000    24650.5355   185993   37.73%
    311   303    24835.4565   253    39585.0000    24650.5355   190135   37.73%
    314   306    24835.4565   240    39585.0000    24650.5355   192181   37.73%
    320   312    24835.4565   223    39585.0000    24650.5355   194937   37.73%
    330   322    24835.4565   227    39585.0000    24650.5355   199186   37.73%
    341   333    24835.4565   240    39585.0000    24650.5355   204120   37.73%
    349   341    24863.1557   255    39585.0000    24650.5355   209045   37.73%
    353   345    24859.0847   155    39585.0000    24650.5355   213328   37.73%
    360   352    24859.0847   150    39585.0000    24650.5355   217439   37.73%
    363   355    24859.0847   177    39585.0000    24650.5355   222087   37.73%
Elapsed time = 106.93 sec. (120652.14 ticks, tree = 15.78 MB, solutions = 2)
    379   371    25288.6192   222    39585.0000    24650.5355   226535   37.73%
    414   404    25438.5821   170    39585.0000    24650.5355   232219   37.73%
    453   435    26167.9631   125    39585.0000    24650.5355   238640   37.73%
    475   449    24650.8914   330    39585.0000    24650.5355   243366   37.73%
    480   454    24655.6479   325    39585.0000    24650.5355   248053   37.73%
    482   456    24655.6479   346    39585.0000    24650.5355   251909   37.73%
    486   460    24658.4962   351    39585.0000    24650.5355   256376   37.73%
    489   463    24660.8262   334    39585.0000    24650.5355   260038   37.73%
    493   467    24660.8262   357    39585.0000    24650.5355   263172   37.73%
    496   470    24660.8262   352    39585.0000    24650.5355   266544   37.73%
Elapsed time = 118.99 sec. (134202.80 ticks, tree = 16.37 MB, solutions = 2)
    501   475    24660.8262   355    39585.0000    24650.5355   270745   37.73%
    503   477    24697.4307   279    39585.0000    24650.5355   275379   37.73%
    504   478    24650.8914   335    39585.0000    24650.5355   277761   37.73%

Performing restart 1

Repeating presolve.
Tried aggregator 1 time.
MIP Presolve modified 8350 coefficients.
Reduced MIP has 30348 rows, 3490 columns, and 98815 nonzeros.
Reduced MIP has 3490 binaries, 0 generals, 0 SOSs, and 0 indicators.
Presolve time = 0.07 sec. (70.52 ticks)
Tried aggregator 1 time.
MIP Presolve modified 496 coefficients.
Reduced MIP has 30348 rows, 3490 columns, and 98815 nonzeros.
Reduced MIP has 3490 binaries, 0 generals, 0 SOSs, and 0 indicators.
Presolve time = 0.09 sec. (79.66 ticks)
Represolve time = 0.33 sec. (305.25 ticks)
    505     0    24629.7958   521    39585.0000     Cuts: 189   294916   37.73%
    505     0    24673.5996   547    39585.0000     Cuts: 128   306361   37.67%
    505     0    24674.6065   495    39585.0000     Cuts: 106   337058   37.67%
    505     0    24678.9229   371    39585.0000     Cuts: 123   353251   37.66%
    505     0    24682.0160   423    39585.0000     Cuts: 144   359645   37.65%
    505     0    24685.6080   431    39585.0000     Cuts: 136   368352   37.64%
    505     0    24685.6354   411    39585.0000     Cuts: 107   381491   37.64%
    505     0    24685.6865   327    39585.0000     Cuts: 141   395306   37.64%
    505     0    24685.6865   374    39585.0000     Cuts: 138   403002   37.64%
    505     0    24685.6865   393    39585.0000     Cuts: 125   408492   37.64%
    505     0    24685.7552   413    39585.0000      Cuts: 54   413520   37.64%
    505     0    24685.7727   404    39585.0000      Cuts: 82   421669   37.64%
    505     2    24685.7727   395    39585.0000    24686.0208   421669   37.64%
    506     3    24694.0511   305    39585.0000    24690.2324   422096   37.63%
    508     5    24719.5043   285    39585.0000    24690.2324   423016   37.63%
    510     7    24700.0133   309    39585.0000    24690.2324   423907   37.63%
    512     9    24728.5041   368    39585.0000    24690.2324   429144   37.63%
    513    10    24700.8458   252    39585.0000    24690.2324   435416   37.63%
    514    11    24707.3868   299    39585.0000    24690.2324   451329   37.63%
Elapsed time = 316.47 sec. (328560.25 ticks, tree = 0.28 MB, solutions = 2)
    515    12    24713.7832   324    39585.0000    24690.2324   464114   37.63%
    517    14    24713.7832   351    39585.0000    24690.2324   466395   37.63%
    518    15    24720.8809   327    39585.0000    24690.2324   470857   37.63%
    519    16    24739.8188   362    39585.0000    24690.2324   473125   37.63%
    520    17    24722.1558   312    39585.0000    24690.2324   481810   37.63%
    521    18    24723.0837   328    39585.0000    24690.2324   488451   37.63%
    523    20    24733.6826   274    39585.0000    24690.2324   489871   37.63%
    525    22    24743.3434   291    39585.0000    24690.2324   491279   37.63%
    527    24    24759.6536   248    39585.0000    24690.2324   492404   37.63%
    529    26    24788.3616   254    39585.0000    24690.2324   493135   37.63%
Elapsed time = 355.76 sec. (368521.85 ticks, tree = 2.45 MB, solutions = 2)
    532    29    24794.0899   218    39585.0000    24690.2324   493677   37.63%
    534    31    24828.9645   194    39585.0000    24690.2324   495311   37.63%
    537    34    24867.4740   211    39585.0000    24690.2324   496289   37.63%
    540    37    24905.9883   228    39585.0000    24690.2324   497360   37.63%
    543    40    25075.8503   207    39585.0000    24690.2324   499151   37.63%
    545    42    25089.2667   269    39585.0000    24690.2324   501317   37.63%
    548    45    25096.0179   254    39585.0000    24690.2324   502885   37.63%
    551    48    25112.3806   221    39585.0000    24690.2324   503891   37.63%
    555    52    25140.0759   213    39585.0000    24690.2324   505647   37.63%
    557    54    25141.4180   279    39585.0000    24690.2324   506903   37.63%
Elapsed time = 367.90 sec. (384151.21 ticks, tree = 9.11 MB, solutions = 2)
    560    57    25142.4845   248    39585.0000    24690.2324   509729   37.63%
    564    61    25143.6196   246    39585.0000    24690.2324   510703   37.63%
    567    64    25142.4845   206    39585.0000    24690.2324   511700   37.63%
    571    68    25159.1286   186    39585.0000    24690.2324   512211   37.63%
    575    72    25196.6541   231    39585.0000    24690.2324   513441   37.63%
    579    76    25208.6526   210    39585.0000    24690.2324   513938   37.63%
    584    80    25769.7500   223    39585.0000    24690.2324   514421   37.63%
    588    84    25825.1667   229    39585.0000    24690.2324   514857   37.63%
    591    87    25846.7000   224    39585.0000    24690.2324   515629   37.63%
    600    96    26191.8553   185    39585.0000    24690.2324   517761   37.63%
Elapsed time = 378.59 sec. (398084.60 ticks, tree = 18.87 MB, solutions = 2)
    605   101    26195.4000   184    39585.0000    24690.2324   518651   37.63%
    616   108    24710.6943   288    39585.0000    24695.7165   522300   37.61%
    625   117    24809.5924   261    39585.0000    24695.7165   525076   37.61%
    634   126    24932.1169   219    39585.0000    24695.7165   531162   37.61%
    635   127    24836.2852   234    39585.0000    24695.7165   531634   37.61%
    645   137    25019.6420   228    39585.0000    24695.7165   534587   37.61%
    655   147    25072.1863   229    39585.0000    24695.7165   539350   37.61%
    669   161    25158.2656   202    39585.0000    24695.7165   544247   37.61%
    685   177    25358.8909   180    39585.0000    24695.7165   546037   37.61%
    707   199    26276.0000   184    39585.0000    24695.7165   547675   37.61%
Elapsed time = 428.96 sec. (458704.54 ticks, tree = 43.84 MB, solutions = 2)
    725   217    26298.8966   189    39585.0000    24695.7165   550798   37.61%
    749   238    26783.0000   162    39585.0000    24695.7165   554367   37.61%
    772   259    26783.0000    67    39585.0000    24695.7165   559570   37.61%
    808   282    26983.0000    27    39585.0000    24695.7165   562063   37.61%
    810   282    24705.6819   291    39585.0000    24704.3634   563114   37.59%
    818   290    24747.8143   345    39585.0000    24704.3634   566036   37.59%
    826   298    24797.8212   286    39585.0000    24704.3634   569655   37.59%
    834   306    25015.0487   224    39585.0000    24704.3634   577960   37.59%
    843   315    25518.6087   259    39585.0000    24704.3634   583027   37.59%
    852   324    25992.6706   263    39585.0000    24704.3634   587045   37.59%
Elapsed time = 467.70 sec. (507086.37 ticks, tree = 73.60 MB, solutions = 2)
    863   333    26514.0882   233    39585.0000    24704.3634   590767   37.59%
    882   346    26528.9895   149    39585.0000    24704.3634   592413   37.59%
    888   349    24822.0416   239    39585.0000    24706.7172   594979   37.59%
    895   356    25025.7467   297    39585.0000    24706.7172   599809   37.59%
    908   369    25135.5512   244    39585.0000    24706.7172   602408   37.59%
    921   378    25286.4210   284    39585.0000    24706.7172   605111   37.59%
    943   396    26729.0000   203    39585.0000    24706.7172   607875   37.59%
    958   405    24771.2750   356    39585.0000    24707.5735   612423   37.58%
    965   412    24870.8942   277    39585.0000    24707.5735   616757   37.58%
    978   425    25072.3442   381    39585.0000    24707.5735   620647   37.58%
Elapsed time = 521.70 sec. (568950.39 ticks, tree = 96.93 MB, solutions = 2)
    985   432    25145.2022   317    39585.0000    24707.5735   624150   37.58%
   1010   457    26225.0000   207    39585.0000    24707.5735   627352   37.58%
   1058   504    26963.0000   212    39585.0000    24707.5735   630394   37.58%
   1083   524    24708.1590   295    39585.0000    24707.6440   634498   37.58%
   1093   534    24821.6143   257    39585.0000    24707.6440   639977   37.58%
   1107   548    24917.7903   241    39585.0000    24707.6440   646160   37.58%
   1120   561    25025.8111   264    39585.0000    24707.6440   649915   37.58%
   1145   586    25046.5758   243    39585.0000    24707.6440   652723   37.58%
   1192   630    26845.0000   137    39585.0000    24707.6440   658631   37.58%
*  1205+  641                        37770.0000    24707.6440            34.58%
   1205   643    26845.0000   121    37770.0000    24707.6440   660185   34.58%
Elapsed time = 567.39 sec. (622395.90 ticks, tree = 135.56 MB, solutions = 3)
   1249   675    24809.9809   270    37770.0000    24708.1590   669559   34.58%
   1259   685    24895.3227   277    37770.0000    24708.1590   676493   34.58%
   1272   698    25494.1603   319    37770.0000    24708.1590   680994   34.58%
   1297   718    27419.5882   214    37770.0000    24708.1590   684747   34.58%
   1305   726    27422.5500   204    37770.0000    24708.1590   685182   34.58%
   1375   791    28960.0000   196    37770.0000    24708.1590   691203   34.58%
   1386   794    24708.6094   298    37770.0000    24708.7924   695896   34.58%
   1396   804    24944.5735   297    37770.0000    24708.7924   704343   34.58%
   1414   822    25017.9497   319    37770.0000    24708.7924   710102   34.58%
   1427   833    infeasible          37770.0000    24708.7924   715693   34.58%
Elapsed time = 631.95 sec. (697481.40 ticks, tree = 167.76 MB, solutions = 3)
   1443   847    25922.6677   322    37770.0000    24708.7924   723789   34.58%
   1450   846    24726.9615   300    37770.0000    24708.8778   729198   34.58%
   1459   855    24921.3813   319    37770.0000    24708.8778   734144   34.58%
   1469   865    24984.2306   373    37770.0000    24708.8778   737311   34.58%
   1489   882    25466.6840   286    37770.0000    24708.8778   741861   34.58%
   1504   891    24756.4277   280    37770.0000    24708.9626   746563   34.58%
   1515   902    24786.2080   234    37770.0000    24708.9626   751459   34.58%
   1528   915    24938.7933   331    37770.0000    24708.9626   757584   34.58%
   1539   924    25272.9862   310    37770.0000    24708.9626   765941   34.58%
   1552   937    25421.9618   259    37770.0000    24708.9626   770130   34.58%
Elapsed time = 675.76 sec. (749326.01 ticks, tree = 189.73 MB, solutions = 3)
   1574   959    25454.2877   278    37770.0000    24708.9626   774193   34.58%
   1608   983    24818.0993   331    37770.0000    24713.3775   784177   34.57%
   1615   990    24997.2985   363    37770.0000    24713.3775   792464   34.57%
   1624   999    25210.1239   313    37770.0000    24713.3775   799755   34.57%
   1625  1000    25184.9613   266    37770.0000    24713.3775   800450   34.57%
   1635  1010    25251.9640   326    37770.0000    24713.3775   804959   34.57%
   1644  1019    25442.6899   286    37770.0000    24713.3775   811535   34.57%
   1659  1034    25690.4182   266    37770.0000    24713.3775   817590   34.57%
   1673  1047    25627.0936   239    37770.0000    24713.3775   823896   34.57%
   1688  1057    26725.1111   252    37770.0000    24713.3775   826461   34.57%
Elapsed time = 738.39 sec. (817778.07 ticks, tree = 213.92 MB, solutions = 3)
   1718  1081    27504.0000   206    37770.0000    24713.3775   829533   34.57%
   1760  1114    27744.0000   225    37770.0000    24713.3775   833267   34.57%
   1768  1118    24740.6865   284    37770.0000    24713.7835   837165   34.57%
   1779  1129    24878.4023   204    37770.0000    24713.7835   844179   34.57%
   1798  1144    25665.7212   306    37770.0000    24713.7835   848870   34.57%
   1825  1167    25902.4258   240    37770.0000    24713.7835   853917   34.57%
   1865  1204    27035.0000   180    37770.0000    24713.7835   857863   34.57%
   1908  1235    24721.7834   291    37770.0000    24719.4462   867143   34.55%
   1920  1247    24941.1399   316    37770.0000    24719.4462   873193   34.55%
   1936  1263    25242.8307   269    37770.0000    24719.4462   879828   34.55%
Elapsed time = 781.37 sec. (868080.18 ticks, tree = 247.60 MB, solutions = 3)
   1947  1270    25487.2206   275    37770.0000    24719.4462   885892   34.55%
   1967  1289    26417.9194   274    37770.0000    24719.4462   889235   34.55%
   1978  1296    24740.9615   365    37770.0000    24719.8533   894153   34.55%
   1985  1303    24894.8331   372    37770.0000    24719.8533   898593   34.55%
   1995  1313    25136.5842   308    37770.0000    24719.8533   903910   34.55%
   2003  1319    infeasible          37770.0000    24719.8533   911829   34.55%
Starting limited solution polishing.
   2005  1321    25279.8754   312    37770.0000    24719.8533   912724   34.55%
   2010  1322    24760.8988   379    37770.0000    24722.7048   924986   34.54%
   2017  1329    24953.8739   335    37770.0000    24722.7048   932710   34.54%
   2025  1337    25001.8388   307    37770.0000    24722.7048   939109   34.54%
Elapsed time = 843.96 sec. (937774.72 ticks, tree = 265.23 MB, solutions = 3)
   2032  1344    25049.4345   313    37770.0000    24722.7048   942217   34.54%
   2042  1354    25083.5257   280    37770.0000    24722.7048   946816   34.54%
   2053  1363    26013.9783   249    37770.0000    24722.7048   950651   34.54%
   2062  1372    26236.5129   314    37770.0000    24722.7048   953656   34.54%
   2086  1393    26352.1000   204    37770.0000    24722.7048   956383   34.54%
   2131  1435    27674.0000   194    37770.0000    24722.7048   960929   34.54%
   2149  1441    24757.3063   257    37770.0000    24722.8728   966509   34.54%
   2156  1448    24894.4831   353    37770.0000    24722.8728   971668   34.54%
   2165  1457    25026.5177   266    37770.0000    24722.8728   979081   34.54%
   2172  1464    25116.4915   308    37770.0000    24722.8728   983584   34.54%
Elapsed time = 883.18 sec. (981805.25 ticks, tree = 288.50 MB, solutions = 3)
   2185  1477    25322.3716   303    37770.0000    24722.8728   986687   34.54%
   2191  1483    25390.1281   311    37770.0000    24722.8728   988122   34.54%

Clique cuts applied:  10
Cover cuts applied:  55
Flow cuts applied:  3
Mixed integer rounding cuts applied:  108
Zero-half cuts applied:  33
Lift and project cuts applied:  1
Gomory fractional cuts applied:  2

Root node processing (before b&c):
  Real time             =   56.22 sec. (64972.00 ticks)
Sequential b&c:
  Real time             =  843.80 sec. (935278.31 ticks)
                          ------------
Total (root+branch&cut) =  900.02 sec. (1000250.31 ticks)
MIP: [1;32mCPLEX finished.[0m
MIP: [1;32mCPLEX status: Feasible[0m
CAN: [1;35mItem: 0, Level: 0, at bin: 23[0m
CAN: [1;35mItem: 0, Level: 1, at bin: 11[0m
CAN: [1;35mItem: 0, Level: 2, at bin: 9[0m
CAN: [1;35mItem: 1, Level: 0, at bin: 12[0m
CAN: [1;35mItem: 1, Level: 1, at bin: 1[0m
CAN: [1;35mItem: 1, Level: 2, at bin: 5[0m
CAN: [1;35mItem: 2, Level: 0, at bin: 17[0m
CAN: [1;35mItem: 2, Level: 1, at bin: 19[0m
CAN: [1;35mItem: 2, Level: 2, at bin: 1[0m
CAN: [1;35mItem: 3, Level: 0, at bin: 12[0m
CAN: [1;35mItem: 3, Level: 1, at bin: 1[0m
CAN: [1;35mItem: 3, Level: 2, at bin: 5[0m
CAN: [1;35mItem: 4, Level: 0, at bin: 16[0m
CAN: [1;35mItem: 4, Level: 1, at bin: 20[0m
CAN: [1;35mItem: 4, Level: 2, at bin: 11[0m
CAN: [1;35mItem: 5, Level: 0, at bin: 17[0m
CAN: [1;35mItem: 5, Level: 1, at bin: 19[0m
CAN: [1;35mItem: 5, Level: 2, at bin: 1[0m
CAN: [1;35mItem: 6, Level: 0, at bin: 17[0m
CAN: [1;35mItem: 6, Level: 1, at bin: 19[0m
CAN: [1;35mItem: 6, Level: 2, at bin: 1[0m
CAN: [1;35mItem: 7, Level: 0, at bin: 1[0m
CAN: [1;35mItem: 7, Level: 1, at bin: 2[0m
CAN: [1;35mItem: 7, Level: 2, at bin: 2[0m
CAN: [1;35mItem: 8, Level: 0, at bin: 22[0m
CAN: [1;35mItem: 8, Level: 1, at bin: 20[0m
CAN: [1;35mItem: 8, Level: 2, at bin: 11[0m
CAN: [1;35mItem: 9, Level: 0, at bin: 2[0m
CAN: [1;35mItem: 9, Level: 1, at bin: 17[0m
CAN: [1;35mItem: 9, Level: 2, at bin: 18[0m
CAN: [1;35mItem: 10, Level: 0, at bin: 21[0m
CAN: [1;35mItem: 10, Level: 1, at bin: 8[0m
CAN: [1;35mItem: 10, Level: 2, at bin: 13[0m
CAN: [1;35mItem: 11, Level: 0, at bin: 22[0m
CAN: [1;35mItem: 11, Level: 1, at bin: 20[0m
CAN: [1;35mItem: 11, Level: 2, at bin: 11[0m
CAN: [1;35mItem: 12, Level: 0, at bin: 6[0m
CAN: [1;35mItem: 12, Level: 1, at bin: 18[0m
CAN: [1;35mItem: 12, Level: 2, at bin: 9[0m
CAN: [1;35mItem: 13, Level: 0, at bin: 4[0m
CAN: [1;35mItem: 13, Level: 1, at bin: 6[0m
CAN: [1;35mItem: 13, Level: 2, at bin: 20[0m
CAN: [1;35mItem: 14, Level: 0, at bin: 18[0m
CAN: [1;35mItem: 14, Level: 1, at bin: 5[0m
CAN: [1;35mItem: 14, Level: 2, at bin: 12[0m
CAN: [1;35mItem: 15, Level: 0, at bin: 20[0m
CAN: [1;35mItem: 15, Level: 1, at bin: 16[0m
CAN: [1;35mItem: 15, Level: 2, at bin: 19[0m
CAN: [1;35mItem: 16, Level: 0, at bin: 8[0m
CAN: [1;35mItem: 16, Level: 1, at bin: 19[0m
CAN: [1;35mItem: 16, Level: 2, at bin: 1[0m
CAN: [1;35mItem: 17, Level: 0, at bin: 18[0m
CAN: [1;35mItem: 17, Level: 1, at bin: 5[0m
CAN: [1;35mItem: 17, Level: 2, at bin: 12[0m
CAN: [1;35mItem: 18, Level: 0, at bin: 2[0m
CAN: [1;35mItem: 18, Level: 1, at bin: 17[0m
CAN: [1;35mItem: 18, Level: 2, at bin: 18[0m
CAN: [1;35mItem: 19, Level: 0, at bin: 7[0m
CAN: [1;35mItem: 19, Level: 1, at bin: 5[0m
CAN: [1;35mItem: 19, Level: 2, at bin: 12[0m
CAN: [1;35mItem: 20, Level: 0, at bin: 20[0m
CAN: [1;35mItem: 20, Level: 1, at bin: 16[0m
CAN: [1;35mItem: 20, Level: 2, at bin: 19[0m
CAN: [1;35mItem: 21, Level: 0, at bin: 19[0m
CAN: [1;35mItem: 21, Level: 1, at bin: 9[0m
CAN: [1;35mItem: 21, Level: 2, at bin: 18[0m
CAN: [1;35mItem: 22, Level: 0, at bin: 13[0m
CAN: [1;35mItem: 22, Level: 1, at bin: 14[0m
CAN: [1;35mItem: 22, Level: 2, at bin: 7[0m
CAN: [1;35mItem: 23, Level: 0, at bin: 25[0m
CAN: [1;35mItem: 23, Level: 1, at bin: 7[0m
CAN: [1;35mItem: 23, Level: 2, at bin: 18[0m
CAN: [1;35mItem: 24, Level: 0, at bin: 11[0m
CAN: [1;35mItem: 24, Level: 1, at bin: 19[0m
CAN: [1;35mItem: 24, Level: 2, at bin: 1[0m
CAN: [1;35mItem: 25, Level: 0, at bin: 19[0m
CAN: [1;35mItem: 25, Level: 1, at bin: 9[0m
CAN: [1;35mItem: 25, Level: 2, at bin: 18[0m
CAN: [1;35mItem: 26, Level: 0, at bin: 9[0m
CAN: [1;35mItem: 26, Level: 1, at bin: 7[0m
CAN: [1;35mItem: 26, Level: 2, at bin: 18[0m
CAN: [1;35mItem: 27, Level: 0, at bin: 5[0m
CAN: [1;35mItem: 27, Level: 1, at bin: 3[0m
CAN: [1;35mItem: 27, Level: 2, at bin: 3[0m
CAN: [1;35mItem: 28, Level: 0, at bin: 15[0m
CAN: [1;35mItem: 28, Level: 1, at bin: 13[0m
CAN: [1;35mItem: 28, Level: 2, at bin: 20[0m
CAN: [1;35mItem: 29, Level: 0, at bin: 16[0m
CAN: [1;35mItem: 29, Level: 1, at bin: 20[0m
CAN: [1;35mItem: 29, Level: 2, at bin: 11[0m
CAN: [1;35mItem: 30, Level: 0, at bin: 21[0m
CAN: [1;35mItem: 30, Level: 1, at bin: 8[0m
CAN: [1;35mItem: 30, Level: 2, at bin: 13[0m
CAN: [1;35mItem: 31, Level: 0, at bin: 14[0m
CAN: [1;35mItem: 31, Level: 1, at bin: 8[0m
CAN: [1;35mItem: 31, Level: 2, at bin: 13[0m
CAN: [1;35mItem: 32, Level: 0, at bin: 6[0m
CAN: [1;35mItem: 32, Level: 1, at bin: 18[0m
CAN: [1;35mItem: 32, Level: 2, at bin: 9[0m
CAN: [1;35mItem: 33, Level: 0, at bin: 3[0m
CAN: [1;35mItem: 33, Level: 1, at bin: 11[0m
CAN: [1;35mItem: 33, Level: 2, at bin: 9[0m
CAN: [1;35mItem: 34, Level: 0, at bin: 24[0m
CAN: [1;35mItem: 34, Level: 1, at bin: 20[0m
CAN: [1;35mItem: 34, Level: 2, at bin: 11[0m
CAN: [1;35mItem: 35, Level: 0, at bin: 4[0m
CAN: [1;35mItem: 35, Level: 1, at bin: 6[0m
CAN: [1;35mItem: 35, Level: 2, at bin: 20[0m
CAN: [1;35mItem: 36, Level: 0, at bin: 10[0m
CAN: [1;35mItem: 36, Level: 1, at bin: 0[0m
CAN: [1;35mItem: 36, Level: 2, at bin: 2[0m
CAN: [1;35mItem: 37, Level: 0, at bin: 13[0m
CAN: [1;35mItem: 37, Level: 1, at bin: 14[0m
CAN: [1;35mItem: 37, Level: 2, at bin: 7[0m
CAN: [1;35mItem: 38, Level: 0, at bin: 8[0m
CAN: [1;35mItem: 38, Level: 1, at bin: 19[0m
CAN: [1;35mItem: 38, Level: 2, at bin: 1[0m
CAN: [1;35mItem: 39, Level: 0, at bin: 22[0m
CAN: [1;35mItem: 39, Level: 1, at bin: 20[0m
CAN: [1;35mItem: 39, Level: 2, at bin: 11[0m
MIP: [1;32mSolution: 
Indexes: [23, 12, 17, 12, 16, 17, 17, 1, 22, 2, 21, 22, 6, 4, 18, 20, 8, 18, 2, 7, 20, 19, 13, 25, 11, 19, 9, 5, 15, 16, 21, 14, 6, 3, 24, 4, 10, 13, 8, 22][-1, 2, 17, 11, 6, 3, 18, 5, 19, 7, 0, 19, 1, 14, 8, 13, 20, 19, 5, 9, 16, 8, 20, 11, 20, 7][2, 5, 2, 3, -1, 12, 20, 18, 13, 18, -1, 9, -1, 20, 7, -1, 19, 18, 9, 1, 11, -1], P Variables: [23, 11, 9][12, 1, 5][17, 19, 1][12, 1, 5][16, 20, 11][17, 19, 1][17, 19, 1][1, 2, 2][22, 20, 11][2, 17, 18][21, 8, 13][22, 20, 11][6, 18, 9][4, 6, 20][18, 5, 12][20, 16, 19][8, 19, 1][18, 5, 12][2, 17, 18][7, 5, 12][20, 16, 19][19, 9, 18][13, 14, 7][25, 7, 18][11, 19, 1][19, 9, 18][9, 7, 18][5, 3, 3][15, 13, 20][16, 20, 11][21, 8, 13][14, 8, 13][6, 18, 9][3, 11, 9][24, 20, 11][4, 6, 20][10, 0, 2][13, 14, 7][8, 19, 1][22, 20, 11], Flow leaving each bin: [0m
MIP: [1;32mObjective value: 37770[0m
MIP: [1;32mLower Bound: 24722.9[0m
MIP: [1;32mBranch-and-Bound nodes: 2201[0m

# best solution:
best objective value:	37770
best dual bound value:	24722
optimality gap:	34.5459%
CPU time:	896.442
