ifile	/scratch/csagturk/mlbppo_inst/n0040_m05_p100__085.inst
prob	MLBPPO
threads	1
ttime	900
instance: /scratch/csagturk/mlbppo_inst/n0040_m05_p100__085.inst
	m=5, n=[40, 27, 26, 27, 29, 26], #pos=40
MIP: [1;32minit CPLEX[0m
CAN: [1;35mcreated 4021 x_{ijk} variables[0m
CAN: [1;35mcreated 175 y_{ij} variables[0m
CAN: [1;35mcreated 5400 p_{ijk} variables[0m
MIP: [1;32mcreated decision variables[0m
CAN: [1;35madded 40 constraints to enforce the packing of each item[0m
CAN: [1;35madded 109 constraints to enforce the packing of each item[0m
CAN: [1;35madded 135 capacity constraints[0m
MIP: [1;32mcreated constraints[0m
MIP: [1;32mcreated objective function[0m
MIP: [1;32mcalling CPLEX solve ...[0m
Version identifier: 22.1.0.0 | 2022-03-09 | 1a383f8ce
CPXPARAM_Threads                                 1
CPXPARAM_TimeLimit                               900
Presolve has eliminated 33024 rows and 66590 columns...
Tried aggregator 3 times.
MIP Presolve eliminated 93016 rows and 66590 columns.
MIP Presolve modified 2893 coefficients.
Aggregator did 261384 substitutions.
Reduced MIP has 256952 rows, 178269 columns, and 632427 nonzeros.
Reduced MIP has 92980 binaries, 0 generals, 0 SOSs, and 211 indicators.
Presolve time = 2.33 sec. (44208.09 ticks)
Probing fixed 0 vars, tightened 182 bounds.
Probing time = 14.34 sec. (8824.62 ticks)
Tried aggregator 2 times.
MIP Presolve eliminated 638 rows and 747 columns.
MIP Presolve modified 3 coefficients.
Aggregator did 169926 substitutions.
Reduced MIP has 86396 rows, 7596 columns, and 291097 nonzeros.
Reduced MIP has 7596 binaries, 0 generals, 0 SOSs, and 0 indicators.
Presolve time = 0.85 sec. (680.99 ticks)
Probing time = 0.03 sec. (37.38 ticks)
Tried aggregator 1 time.
Detecting symmetries...
MIP Presolve eliminated 17 rows and 9 columns.
Reduced MIP has 86379 rows, 7587 columns, and 291063 nonzeros.
Reduced MIP has 7587 binaries, 0 generals, 0 SOSs, and 0 indicators.
Presolve time = 0.19 sec. (166.90 ticks)
Probing time = 0.01 sec. (7.49 ticks)
Clique table members: 11210.
MIP emphasis: balance optimality and feasibility.
MIP search method: dynamic search.
Parallel mode: none, using 1 thread.
Root relaxation solution time = 0.30 sec. (304.33 ticks)

        Nodes                                         Cuts/
   Node  Left     Objective  IInf  Best Integer    Best Bound    ItCnt     Gap

      0     0    35424.9989   362                  35424.9989     1536         
      0     0    35720.1194   443                   Cuts: 194     5149         
      0     0    36184.4851   526                   Cuts: 219     9183         
      0     0    36554.6436   544                   Cuts: 189    12388         
      0     0    36747.8629   579                   Cuts: 163    15581         
      0     0    36969.2288   546                   Cuts: 190    20558         
      0     0    37133.9840   531                   Cuts: 133    24124         
      0     0    37224.2174   548                   Cuts: 146    27229         
      0     0    37286.8923   540                   Cuts: 139    29830         
      0     0    37362.7740   547                   Cuts: 145    33918         
      0     0    37412.8363   521                   Cuts: 150    38430         
      0     0    37454.0240   595                   Cuts: 148    42491         
      0     0    37487.4202   650                   Cuts: 144    46451         
      0     0    37508.8215   560                   Cuts: 133    51281         
      0     0    37536.9779   557                   Cuts: 159    55521         
      0     0    37554.1110   568                   Cuts: 134    57188         
      0     0    37567.4171   577                   Cuts: 134    59813         
      0     0    37570.9909   548                   Cuts: 155    62847         
      0     0    37579.1890   588                   Cuts: 148    65706         
      0     0    37607.0605   651                   Cuts: 149    68369         
      0     0    37615.4088   610                   Cuts: 170    71929         
      0     0    37626.2049   574                   Cuts: 105    74412         
      0     0    37636.8682   645                   Cuts: 139    76776         
      0     0    37643.3188   649                   Cuts: 102    79585         
      0     0    37652.9114   539                    Cuts: 75    81282         
      0     0    37658.5906   536                   Cuts: 153    84381         
Heuristic still looking.
      0     2    37658.5906   523                  37658.5906    84381         
Elapsed time = 149.00 sec. (161960.42 ticks, tree = 0.01 MB, solutions = 0)
      1     3    37670.4935   496                  37658.5906    85476         
      2     4    37658.5906   578                  37658.9348    86628         
      3     5    37689.3677   539                  37658.9348    88038         
      4     6    37690.8719   507                  37658.9348    89269         
      5     7    37695.8411   496                  37658.9348    90669         
      6     8    37703.6405   533                  37658.9348    92770         
      7     9    37842.0742   460                  37658.9348    96019         
      8    10    37884.2253   466                  37658.9348    97494         
      9    11    37876.8285   464                  37658.9348    98115         
     10    12    37942.1984   455                  37658.9348    99850         
Elapsed time = 159.67 sec. (171519.07 ticks, tree = 0.78 MB, solutions = 0)
     14    16    37937.6408   413                  37658.9348   102076         
     17    19    38007.1162   439                  37658.9348   104395         
     20    22    38107.2730   463                  37658.9348   106836         
     23    25    38074.0596   424                  37658.9348   109536         
     25    27    38459.1505   549                  37658.9348   113621         
     30    32    38110.2387   441                  37658.9348   116547         
     36    38    38130.9069   512                  37658.9348   119720         
     40    42    38133.7431   459                  37658.9348   121506         
     50    52    38142.5186   437                  37658.9348   124856         
     60    62    38170.3576   434                  37658.9348   127803         
Elapsed time = 181.31 sec. (189712.75 ticks, tree = 10.03 MB, solutions = 0)
     65    67    39256.4590   459                  37658.9348   131956         
     70    72    39463.9733   480                  37658.9348   136479         
     76    78    39659.4848   456                  37658.9348   140760         
     86    88    39797.5948   492                  37658.9348   145168         
     96    98    40219.6296   509                  37658.9348   149699         
    100   102    40481.2866   457                  37658.9348   151786         
    117   119    40589.3080   523                  37658.9348   155097         
    125   123    41048.6296   461                  37658.9348   159091         
    130   128    41122.6735   492                  37658.9348   162473         
    140   138    41224.8301   516                  37658.9348   166486         
Elapsed time = 193.76 sec. (202535.57 ticks, tree = 11.06 MB, solutions = 0)
    148   142    41617.5643   513                  37658.9348   172102         
    153   147    41705.5736   496                  37658.9348   176819         
    166   160    41764.4027   469                  37658.9348   180211         
    180   174    41817.8406   462                  37658.9348   183210         
    199   193    41905.5753   402                  37658.9348   185733         
    203   197    41905.5753   431                  37658.9348   186326         
    212   206    42086.1961   557                  37658.9348   189848         
    224   218    42382.4913   448                  37658.9348   193953         
    228   222    42242.3409   479                  37658.9348   196999         
    233   227    43684.1113   503                  37658.9348   201232         
Elapsed time = 204.20 sec. (213239.06 ticks, tree = 12.25 MB, solutions = 0)
    240   234    43665.3234   410                  37658.9348   204540         
    247   241    43679.8740   381                  37658.9348   207384         
    258   252    45981.5878   350                  37658.9348   211686         
    265   259    44867.0462   303                  37658.9348   214087         
    274   268    44881.4865   302                  37658.9348   217425         
    281   275    44914.6482   299                  37658.9348   220220         
    296   290    44914.6482   288                  37658.9348   223133         
    309   303    45118.5007   342                  37658.9348   225436         
    319   313    45118.5007   241                  37658.9348   228517         
    331   325    45380.6578   339                  37658.9348   231684         
Elapsed time = 213.94 sec. (223240.65 ticks, tree = 13.58 MB, solutions = 0)
    347   331    37660.5473   515                  37660.2148   234305         
    349   333    37682.3372   580                  37660.2148   237494         
    355   339    37777.2317   530                  37660.2148   241006         
    357   341    37757.3926   484                  37660.2148   244259         
    359   343    37769.8206   516                  37660.2148   247281         
    364   348    37865.3371   499                  37660.2148   250516         
    373   357    37807.4471   436                  37660.2148   253301         
    378   362    37837.4812   470                  37660.2148   257075         
    380   364    37837.4812   483                  37660.2148   257430         
    389   373    37886.6152   490                  37660.2148   260600         
Elapsed time = 225.64 sec. (235176.92 ticks, tree = 14.21 MB, solutions = 0)
    398   382    37866.7192   458                  37660.2148   263703         
    400   384    38056.9084   469                  37660.2148   266235         
    405   389    38027.0920   528                  37660.2148   271522         
    408   392    38101.4566   617                  37660.2148   276248         
    420   404    38155.4844   443                  37660.2148   279024         
    436   420    38155.4844   436                  37660.2148   281605         
    448   430    38166.6163   457                  37660.2148   283924         
    460   441    38564.4809   383                  37660.2148   287178         
    468   449    38734.1611   425                  37660.2148   291303         
    471   450    38854.0278   534                  37660.2148   294031         
Elapsed time = 239.94 sec. (249585.73 ticks, tree = 15.22 MB, solutions = 0)
    474   451    38896.4211   491                  37660.2148   297597         
    477   450    39137.5016   520                  37660.2148   300767         
    485   458    39197.1744   474                  37660.2148   303940         
    490   463    39336.3602   425                  37660.2148   308417         
    494   467    39560.7110   443                  37660.2148   313149         
    499   472    39407.7528   384                  37660.2148   317620         
    506   479    39468.8113   355                  37660.2148   321162         
    514   487    39893.7071   522                  37660.2148   325769         
    519   492    40852.4620   525                  37660.2148   330454         

Performing restart 1

Repeating presolve.
Tried aggregator 1 time.
MIP Presolve modified 25584 coefficients.
Reduced MIP has 86379 rows, 7587 columns, and 278895 nonzeros.
Reduced MIP has 7587 binaries, 0 generals, 0 SOSs, and 0 indicators.
Presolve time = 0.20 sec. (194.84 ticks)
Tried aggregator 1 time.
MIP Presolve modified 480 coefficients.
Reduced MIP has 86379 rows, 7587 columns, and 278895 nonzeros.
Reduced MIP has 7587 binaries, 0 generals, 0 SOSs, and 0 indicators.
Presolve time = 0.25 sec. (211.30 ticks)
Represolve time = 0.69 sec. (646.00 ticks)
    520     0    37629.6012   461                   Cuts: 166   346992         
    520     0    37663.0975   564                   Cuts: 153   351013         
    520     0    37679.8753   552                   Cuts: 184   353824         
    520     0    37690.6225   609                   Cuts: 146   357295         
    520     0    37705.8228   583                   Cuts: 148   360804         
    520     0    37706.7800   531                   Cuts: 155   372449         
    520     0    37712.5500   627                   Cuts: 165   376362         
    520     0    37720.1352   641                   Cuts: 129   381961         
    520     0    37723.0297   631                   Cuts: 149   385426         
    520     0    37742.6987   673                   Cuts: 180   391800         
    520     0    37757.0036   643                   Cuts: 114   401022         
    520     0    37762.5696   592                   Cuts: 136   412220         
    520     0    37771.9883   604                   Cuts: 116   417015         
    520     0    37776.7992   559                   Cuts: 112   420264         
    520     0    37783.2118   619                   Cuts: 126   425018         
    520     0    37785.3717   650                   Cuts: 102   428630         
    520     0    37787.5255   637                    Cuts: 52   432274         
    520     0    37788.8186   581                    Cuts: 72   435227         
    520     0    37790.4221   611                   Cuts: 122   439974         
    520     0    37791.3073   612                    Cuts: 93   442895         
    520     2    37791.3073   612                  37794.5887   442895         
Elapsed time = 530.51 sec. (487009.61 ticks, tree = 0.01 MB, solutions = 0)
    521     3    37814.2606   501                  37814.4308   447468         
    522     4    37818.8726   548                  37814.4665   453985         
    523     5    37838.4027   487                  37819.0143   464724         
    524     6    37846.9861   620                  37819.0143   470548         
    525     7    37864.0950   560                  37819.0143   472053         
    526     8    37868.3037   537                  37819.0143   474380         
    527     9    37998.4692   550                  37819.0143   492513         
    528    10    37872.8640   539                  37819.0143   492832         

Clique cuts applied:  24
Cover cuts applied:  60
Flow cuts applied:  10
Mixed integer rounding cuts applied:  221
Zero-half cuts applied:  126
Lift and project cuts applied:  6
Gomory fractional cuts applied:  3

Root node processing (before b&c):
  Real time             =  148.91 sec. (161789.29 ticks)
Sequential b&c:
  Real time             =  751.12 sec. (638211.47 ticks)
                          ------------
Total (root+branch&cut) =  900.03 sec. (800000.77 ticks)
MIP: [1;32mCPLEX finished.[0m
MIP: [1;32mCPLEX status: Unknown[0m
MIP: [1;32mNo feasible solution exits[0m
