ifile	/scratch/csagturk/mlbppo_inst/n0040_m04_p200__053.inst
prob	MLBPPO
threads	1
ttime	900
instance: /scratch/csagturk/mlbppo_inst/n0040_m04_p200__053.inst
	m=4, n=[40, 37, 35, 38, 41], #pos=80
MIP: [1;32minit CPLEX[0m
CAN: [1;35mcreated 5663 x_{ijk} variables[0m
CAN: [1;35mcreated 191 y_{ij} variables[0m
CAN: [1;35mcreated 6040 p_{ijk} variables[0m
MIP: [1;32mcreated decision variables[0m
CAN: [1;35madded 40 constraints to enforce the packing of each item[0m
CAN: [1;35madded 110 constraints to enforce the packing of each item[0m
CAN: [1;35madded 151 capacity constraints[0m
MIP: [1;32mcreated constraints[0m
MIP: [1;32mcreated objective function[0m
MIP: [1;32mcalling CPLEX solve ...[0m
Version identifier: 22.1.0.0 | 2022-03-09 | 1a383f8ce
CPXPARAM_Threads                                 1
CPXPARAM_TimeLimit                               900
Presolve has eliminated 68612 rows and 137177 columns...
Tried aggregator 2 times.
MIP Presolve eliminated 195012 rows and 137177 columns.
MIP Presolve modified 6817 coefficients.
Aggregator did 308880 substitutions.
Reduced MIP has 305734 rows, 210410 columns, and 845672 nonzeros.
Reduced MIP has 109569 binaries, 0 generals, 0 SOSs, and 220 indicators.
Presolve time = 3.36 sec. (72654.86 ticks)
Probing time = 2.22 sec. (599.93 ticks)
Tried aggregator 2 times.
MIP Presolve modified 53 coefficients.
Aggregator did 201352 substitutions.
Reduced MIP has 104382 rows, 9058 columns, and 442968 nonzeros.
Reduced MIP has 8948 binaries, 110 generals, 0 SOSs, and 220 indicators.
Presolve time = 0.82 sec. (668.55 ticks)
Probing fixed 0 vars, tightened 120 bounds.
Probing time = 0.83 sec. (1552.11 ticks)
Tried aggregator 1 time.
Detecting symmetries...
MIP Presolve eliminated 330 rows and 440 columns.
Reduced MIP has 104052 rows, 8618 columns, and 442088 nonzeros.
Reduced MIP has 8618 binaries, 0 generals, 0 SOSs, and 0 indicators.
Presolve time = 0.40 sec. (353.29 ticks)
Probing time = 0.01 sec. (8.98 ticks)
Clique table members: 217245.
MIP emphasis: balance optimality and feasibility.
MIP search method: dynamic search.
Parallel mode: none, using 1 thread.
Root relaxation solution time = 0.20 sec. (268.16 ticks)

        Nodes                                         Cuts/
   Node  Left     Objective  IInf  Best Integer    Best Bound    ItCnt     Gap

      0     0    24510.6210   186                  24510.6210     1079         
      0     0    24591.4264   324                   Cuts: 202     5329         
      0     0    24623.3059   340                   Cuts: 168     7674         
      0     0    24643.5690   346                   Cuts: 114    11407         
      0     0    24654.6369   421                   Cuts: 141    15682         
      0     0    24674.2821   363                   Cuts: 149    29686         
      0     0    24700.9530   331                   Cuts: 136    40315         
      0     0    24717.6207   328                   Cuts: 139    44292         
      0     0    24728.3450   358                   Cuts: 156    48974         
      0     0    24737.4728   338                   Cuts: 130    54968         
      0     0    24743.0909   393                   Cuts: 137    58571         
      0     0    24753.7789   313                   Cuts: 110    61413         
      0     0    24761.1984   358                   Cuts: 128    66844         
      0     0    24768.8909   358                   Cuts: 156    71182         
      0     0    24777.5522   392                   Cuts: 141    77021         
      0     0    24778.3233   380                   Cuts: 116    78984         
      0     0    24797.0915   356                   Cuts: 107    82668         
      0     0    24799.5112   364                   Cuts: 123    85570         
Heuristic still looking.
      0     2    24799.5112   364                  24799.7000    85570         
Elapsed time = 263.65 sec. (236710.41 ticks, tree = 0.01 MB, solutions = 0)
      1     3    24808.6347   333                  24800.1211    88635         
      2     4    24809.3688   338                  24808.6347    92658         
      3     5    24808.7197   359                  24808.6347    95045         
      5     7    24808.6347   337                  24808.6347    96538         
      6     8    24808.6347   298                  24808.6347    97043         
      7     9    24808.6347   295                  24808.6347    97893         
      8    10    24813.3447   287                  24808.6347    98811         
      9    11    24822.4759   282                  24808.6347    99110         
     10    12    24843.1135   331                  24808.6347   100636         
     13    15    24826.7375   287                  24808.6347   102713         
Elapsed time = 285.51 sec. (252532.92 ticks, tree = 3.38 MB, solutions = 0)
     17    19    24827.1436   296                  24808.6347   105028         
     19    21    24835.0316   276                  24808.6347   106470         
     22    24    24845.6381   313                  24808.6347   109084         
     24    26    24900.4807   287                  24808.6347   110858         
     27    29    24882.2244   302                  24808.6347   113489         
     30    32    24902.1867   242                  24808.6347   115479         
     33    35    24902.1867   236                  24808.6347   117571         
     37    39    24902.1867   256                  24808.6347   121210         
     39    41    24902.1867   255                  24808.6347   122164         
     42    44    24902.1867   255                  24808.6347   125144         
Elapsed time = 297.31 sec. (264459.57 ticks, tree = 7.02 MB, solutions = 0)
     45    47    24902.1867   259                  24808.6347   127563         
     47    49    24906.7537   297                  24808.6347   130883         
     50    52    24906.7537   330                  24808.6347   134510         
     53    55    24930.4307   441                  24808.6347   140718         
     55    57    24951.8193   313                  24808.6347   142832         
     57    59    25011.1235   327                  24808.6347   145314         
     59    61    24974.4417   339                  24808.6347   147706         
     62    64    25068.1426   351                  24808.6347   149977         
     63    65    24974.4417   467                  24808.6347   152632         
     66    68    24974.4417   336                  24808.6347   154635         
Elapsed time = 319.82 sec. (282339.62 ticks, tree = 17.72 MB, solutions = 0)
     68    70    24975.0708   384                  24808.6347   157047         
     69    71    24975.7789   317                  24808.6347   159125         
     74    76    25029.2916   294                  24808.6347   161399         
     78    80    24990.7264   377                  24808.6347   164364         
     80    82    24990.7264   372                  24808.6347   165344         
     82    84    24990.7264   336                  24808.6347   167175         
     86    88    25047.3369   412                  24808.6347   169360         
     90    92    25044.0847   333                  24808.6347   171476         
     99   101    25044.2951   407                  24808.6347   174085         
    102   104    25169.3192   422                  24808.6347   177392         
Elapsed time = 334.97 sec. (293794.43 ticks, tree = 25.45 MB, solutions = 0)
    108   110    25150.8849   334                  24808.6347   179561         
    112   114    25203.4391   398                  24808.6347   182991         
    126   128    25205.6354   307                  24808.6347   185138         
    135   137    25234.1999   404                  24808.6347   188339         
    139   141    25261.7950   387                  24808.6347   192039         
    144   146    26569.2875   322                  24808.6347   194900         
    148   150    26569.2875   253                  24808.6347   196690         
    153   155    26569.2875   213                  24808.6347   198632         
    161   163    26569.2875   162                  24808.6347   200934         
    167   169    26670.2120   241                  24808.6347   203783         
Elapsed time = 348.05 sec. (304728.73 ticks, tree = 26.48 MB, solutions = 0)
    178   180    26677.0824   225                  24808.6347   206443         
    183   185    26682.6003   363                  24808.6347   209064         
    188   190    26805.5199   224                  24808.6347   211646         
    191   193    27012.4395   283                  24808.6347   214445         
    195   197    26807.6632   388                  24808.6347   216388         
    200   202    27005.5114   311                  24808.6347   219090         
    204   206    26998.0896   372                  24808.6347   221340         
    208   210    27362.9521   309                  24808.6347   225201         
    209   211    27445.8645   323                  24808.6347   226922         
    214   216    27488.6479   259                  24808.6347   228780         
Elapsed time = 364.26 sec. (318142.78 ticks, tree = 27.21 MB, solutions = 0)
    218   220    27668.0907   257                  24808.6347   231297         
    220   222    28160.9137   272                  24808.6347   232309         
    245   233    32080.2347   269                  24808.6347   233980         
    272   240    24812.0779   330                  24808.6347   236604         
    273   241    24812.0779   360                  24808.6347   238069         
    274   242    24812.0779   388                  24808.6347   240189         
    275   243    24812.0779   379                  24808.6347   243252         
    276   244    24812.0779   384                  24808.6347   244842         
    280   248    24812.0779   332                  24808.6347   247294         
    281   249    24812.0779   385                  24808.6347   249329         
Elapsed time = 390.22 sec. (339434.05 ticks, tree = 27.74 MB, solutions = 0)
    282   250    24812.0779   352                  24808.6347   251543         
    283   251    24900.5664   378                  24808.6347   252848         
    284   252    24812.0779   345                  24808.6347   254944         
    285   253    24812.0779   343                  24808.6347   257404         
    288   256    24812.0779   365                  24808.6347   260179         
    289   257    24812.0779   368                  24808.6347   261711         
    290   258    24812.0779   380                  24808.6347   264018         
    291   259    24812.0779   394                  24808.6347   265872         
    292   260    24812.0779   398                  24808.6347   267891         
    293   261    24812.1822   431                  24808.6347   269231         
Elapsed time = 428.22 sec. (365264.34 ticks, tree = 31.11 MB, solutions = 0)
    294   262    24812.0779   374                  24808.6347   271779         
    296   264    24812.0779   410                  24808.6347   273848         
    298   266    24812.0779   407                  24808.6347   275810         
    299   267    24812.0779   367                  24808.6347   278063         
    300   268    24812.0779   328                  24808.6347   281792         
    302   270    24812.0779   370                  24808.6347   283792         
    305   273    24812.0779   345                  24808.6347   286256         
    306   274    24812.0779   368                  24808.6347   288302         
    307   275    24812.0779   361                  24808.6347   289991         
    308   276    24812.0779   462                  24808.6347   292387         
Elapsed time = 477.07 sec. (396848.15 ticks, tree = 31.34 MB, solutions = 0)
    309   277    24812.0779   374                  24808.6347   294459         
    310   278    24812.0779   372                  24808.6347   297096         
    311   279    24812.0779   388                  24808.6347   299836         
    312   280    24812.0779   364                  24808.6347   303165         
    313   281    24812.0779   365                  24808.6347   305391         
    314   282    24812.0779   448                  24808.6347   308822         
    316   284    24812.0779   385                  24808.6347   312520         
    317   285    24812.0779   370                  24808.6347   314238         
    318   286    24816.3353   336                  24808.6347   316425         
    319   287    24824.9935   346                  24808.6347   320510         
Elapsed time = 535.85 sec. (433444.39 ticks, tree = 31.49 MB, solutions = 0)
    320   288    24843.1181   341                  24808.6347   323585         
    322   290    24871.6964   348                  24808.6347   328423         
    324   292    24911.0693   363                  24808.6347   334365         
    326   294    24932.9882   329                  24808.6347   339921         
    328   296    24933.2942   364                  24808.6347   344310         
    330   298    24978.1780   332                  24808.6347   349956         
    334   302    24993.9520   339                  24808.6347   356580         
    336   304    25004.7381   347                  24808.6347   362297         
    339   307    25062.0245   346                  24808.6347   368192         
    340   308    25063.3900   300                  24808.6347   372083         
Elapsed time = 628.86 sec. (490355.63 ticks, tree = 31.83 MB, solutions = 0)
    341   309    25063.3900   360                  24808.6347   376694         
    343   311    25104.6904   391                  24808.6347   383446         
    344   312    25228.4082   346                  24808.6347   388937         
    345   313    25229.7027   359                  24808.6347   392586         
    346   314    25238.4507   451                  24808.6347   397054         
    348   316    25257.7927   420                  24808.6347   407256         
    350   318    25242.2724   315                  24808.6347   410965         
    352   320    25242.2724   314                  24808.6347   416240         
    353   321    25254.4566   386                  24808.6347   421205         
    354   322    25293.4397   364                  24808.6347   424987         
Elapsed time = 729.86 sec. (549607.10 ticks, tree = 33.64 MB, solutions = 0)
    355   323    25262.5889   464                  24808.6347   428801         
    356   324    25254.4566   353                  24808.6347   433305         
    358   326    25263.9808   455                  24808.6347   439405         
    365   333    25313.0979   386                  24808.6347   448481         
    380   348    25671.3174   304                  24808.6347   457552         
    400   368    26119.0623   166                  24808.6347   469119         
    427   395    26183.4118   191                  24808.6347   479891         
    446   414    26272.6141   328                  24808.6347   488886         
    468   436    26917.6730   237                  24808.6347   500564         
    488   456    27289.6424   204                  24808.6347   508658         
Elapsed time = 788.49 sec. (593029.43 ticks, tree = 35.76 MB, solutions = 0)
    535   503    28528.0870   140                  24808.6347   518796         
    595   559    33887.0917   176                  24808.6347   528097         
    631   581    24812.7495   359                  24808.6347   535723         
    633   583    24840.8388   298                  24808.7481   541669         
    638   588    24842.9544   354                  24808.7481   550058         
    640   590    24855.2076   361                  24808.7481   555399         
    643   593    24848.0497   341                  24808.7481   560664         
    645   595    24848.0497   351                  24808.7481   564810         
    647   597    24848.0497   331                  24808.7481   568556         
    649   599    24848.0497   334                  24808.7481   573298         
Elapsed time = 865.24 sec. (648814.64 ticks, tree = 36.49 MB, solutions = 0)
    651   601    24848.0497   360                  24808.7481   576603         
    654   604    24848.0497   349                  24808.7481   582210         
    656   606    24859.1865   403                  24808.7481   588711         

Clique cuts applied:  28
Cover cuts applied:  46
Implied bound cuts applied:  6
Flow cuts applied:  4
Mixed integer rounding cuts applied:  88
Zero-half cuts applied:  28
Gomory fractional cuts applied:  3

Root node processing (before b&c):
  Real time             =  263.12 sec. (235492.58 ticks)
Sequential b&c:
  Real time             =  636.96 sec. (435017.61 ticks)
                          ------------
Total (root+branch&cut) =  900.08 sec. (670510.19 ticks)
MIP: [1;32mCPLEX finished.[0m
MIP: [1;32mCPLEX status: Unknown[0m
MIP: [1;32mNo feasible solution exits[0m
