ifile	/scratch/csagturk/mlbppo_inst/n0040_m04_p050__050.inst
prob	MLBPPO
threads	1
ttime	900
instance: /scratch/csagturk/mlbppo_inst/n0040_m04_p050__050.inst
	m=4, n=[40, 27, 22, 21, 21], #pos=20
MIP: [1;32minit CPLEX[0m
CAN: [1;35mcreated 2577 x_{ijk} variables[0m
CAN: [1;35mcreated 131 y_{ij} variables[0m
CAN: [1;35mcreated 3640 p_{ijk} variables[0m
MIP: [1;32mcreated decision variables[0m
CAN: [1;35madded 40 constraints to enforce the packing of each item[0m
CAN: [1;35madded 70 constraints to enforce the packing of each item[0m
CAN: [1;35madded 91 capacity constraints[0m
MIP: [1;32mcreated constraints[0m
MIP: [1;32mcreated objective function[0m
MIP: [1;32mcalling CPLEX solve ...[0m
Version identifier: 22.1.0.0 | 2022-03-09 | 1a383f8ce
CPXPARAM_Threads                                 1
CPXPARAM_TimeLimit                               900
Presolve has eliminated 17642 rows and 35555 columns...
Tried aggregator 3 times.
MIP Presolve eliminated 48991 rows and 35555 columns.
MIP Presolve modified 1320 coefficients.
Aggregator did 132020 substitutions.
Reduced MIP has 128546 rows, 90126 columns, and 313517 nonzeros.
Reduced MIP has 47434 binaries, 0 generals, 0 SOSs, and 137 indicators.
Presolve time = 1.18 sec. (11683.20 ticks)
Probing fixed 0 vars, tightened 101 bounds.
Probing time = 5.76 sec. (4045.84 ticks)
Tried aggregator 2 times.
MIP Presolve eliminated 414 rows and 484 columns.
Aggregator did 84927 substitutions.
Reduced MIP has 43208 rows, 4715 columns, and 142701 nonzeros.
Reduced MIP has 4715 binaries, 0 generals, 0 SOSs, and 0 indicators.
Presolve time = 0.40 sec. (328.80 ticks)
Probing time = 0.01 sec. (18.33 ticks)
Tried aggregator 1 time.
Detecting symmetries...
MIP Presolve eliminated 6 rows and 3 columns.
Reduced MIP has 43202 rows, 4712 columns, and 142689 nonzeros.
Reduced MIP has 4712 binaries, 0 generals, 0 SOSs, and 0 indicators.
Presolve time = 0.09 sec. (85.85 ticks)
Probing time = 0.01 sec. (5.59 ticks)
Clique table members: 1586.
MIP emphasis: balance optimality and feasibility.
MIP search method: dynamic search.
Parallel mode: none, using 1 thread.
Root relaxation solution time = 0.16 sec. (188.44 ticks)

        Nodes                                         Cuts/
   Node  Left     Objective  IInf  Best Integer    Best Bound    ItCnt     Gap

      0     0    27865.8538   300                  27865.8538     1550         
      0     0    28101.9514   456                   Cuts: 225     4159         
      0     0    28215.7870   518                   Cuts: 180     7736         
      0     0    28249.5596   518                   Cuts: 135    11094         
      0     0    28270.6004   511                   Cuts: 156    15904         
      0     0    28291.0315   537                   Cuts: 164    20399         
      0     0    28318.7238   512                   Cuts: 135    26377         
      0     0    28337.8735   514                   Cuts: 108    29291         
      0     0    28346.5391   555                   Cuts: 113    32062         
      0     0    28350.3965   577                   Cuts: 134    34883         
      0     0    28356.7022   503                   Cuts: 125    38403         
      0     0    28363.8512   546                   Cuts: 138    41799         
      0     0    28372.9925   560                   Cuts: 118    44424         
      0     0    28374.3618   478                   Cuts: 104    48326         
      0     0    28376.4359   574                   Cuts: 132    51124         
      0     0    28376.9024   449                    Cuts: 57    52810         
      0     0    28377.6033   498                   Cuts: 112    54577         
Heuristic still looking.
      0     2    28377.6033   392                  28377.6033    54577         
Elapsed time = 71.62 sec. (84330.78 ticks, tree = 0.01 MB, solutions = 0)
      1     3    28377.6033   457                  28377.6033    56770         
      2     4    28377.6033   394                  28377.6033    63197         
      3     5    28377.6033   456                  28377.6033    64287         
      5     7    28377.6033   399                  28377.6033    66247         
      6     8    28377.6033   370                  28377.6033    67030         
      7     9    28377.6033   351                  28377.6033    67502         
      8    10    28377.6033   353                  28377.6033    67832         
     10    12    28377.6033   355                  28377.6033    68239         
     12    14    28377.6033   357                  28377.6033    69876         
     16    18    28377.6033   396                  28377.6033    71576         
Elapsed time = 80.22 sec. (93805.65 ticks, tree = 0.11 MB, solutions = 0)
     20    22    28377.6033   359                  28377.6033    73556         
     31    33    28377.6033   435                  28377.6033    75656         
     34    36    28377.6033   354                  28377.6033    77954         
     40    42    28377.6033   371                  28377.6033    80127         
     43    45    28377.6033   413                  28377.6033    82509         
     49    51    28405.2049   425                  28377.6033    86358         
     50    52    28389.1400   443                  28377.6033    88421         
     60    62    28389.1400   432                  28377.6033    90612         
     78    80    28391.4116   378                  28377.6033    92767         
     82    84    28484.3357   452                  28377.6033    98010         
Elapsed time = 96.50 sec. (111037.13 ticks, tree = 20.09 MB, solutions = 0)
     84    86    28548.6470   400                  28377.6033   101100         
     88    90    28412.3255   409                  28377.6033   104139         
     91    93    28498.9396   354                  28377.6033   107177         
     94    96    28417.6512   394                  28377.6033   109968         
    101   103    28477.3866   419                  28377.6033   112642         
    107   109    28436.1001   427                  28377.6033   115491         
    115   117    28481.3935   420                  28377.6033   121242         
    121   123    28479.6695   426                  28377.6033   123862         
    133   135    28522.4185   336                  28377.6033   127001         
    144   146    28771.4394   311                  28377.6033   132319         
Elapsed time = 108.80 sec. (124122.81 ticks, tree = 30.46 MB, solutions = 0)
    160   161    30010.1849   349                  28377.6033   137392         
    172   172    30983.1504   346                  28377.6033   144333         
    180   180    31302.8057   326                  28377.6033   148555         
    206   200    32139.4985   250                  28377.6033   153976         
    221   215    32372.8578   179                  28377.6033   157716         
    283   277    34615.0000    75                  28377.6033   161001         
*   327   303      integral     0    35262.0000    28377.6033   162648   19.52%
    332   304    28377.6033   432    35262.0000    28377.6033   164743   19.52%
    334   306    28377.6033   430    35262.0000    28377.6033   167429   19.52%
    336   308    28377.6033   452    35262.0000    28377.6033   170812   19.52%
    340   312    28377.6033   409    35262.0000    28377.6033   172559   19.52%
Elapsed time = 118.19 sec. (136786.92 ticks, tree = 31.68 MB, solutions = 1)
    345   317    28377.6033   451    35262.0000    28377.6033   175873   19.52%
    348   320    28377.6033   475    35262.0000    28377.6033   178400   19.52%
    360   332    28377.6033   407    35262.0000    28377.6033   180351   19.52%
    373   345    28405.2049   374    35262.0000    28377.6033   184784   19.52%
    376   348    28405.2049   391    35262.0000    28377.6033   186914   19.52%
    380   352    28405.2361   394    35262.0000    28377.6033   190337   19.52%
    382   354    28405.4889   404    35262.0000    28377.6033   192755   19.52%
    384   356    28429.0126   447    35262.0000    28377.6033   195227   19.52%
    387   359    28499.9081   392    35262.0000    28377.6033   198871   19.52%
    391   363    28499.9081   373    35262.0000    28377.6033   201918   19.52%
Elapsed time = 132.30 sec. (153409.40 ticks, tree = 32.04 MB, solutions = 1)
    394   366    28531.7583   392    35262.0000    28377.6033   206065   19.52%
    397   369    28503.6879   362    35262.0000    28377.6033   208792   19.52%
    398   370    28503.6879   416    35262.0000    28377.6033   210938   19.52%
    399   371    28503.6879   362    35262.0000    28377.6033   213135   19.52%
    402   374    28503.6879   379    35262.0000    28377.6033   216518   19.52%
    410   382    28522.7030   323    35262.0000    28377.6033   220048   19.52%
    420   392    28522.7030   332    35262.0000    28377.6033   221630   19.52%
    437   409    28826.4823   396    35262.0000    28377.6033   226578   19.52%
    442   414    28566.2096   327    35262.0000    28377.6033   227695   19.52%
    463   435    28814.1624   288    35262.0000    28377.6033   233867   19.52%
Elapsed time = 142.47 sec. (165216.98 ticks, tree = 32.55 MB, solutions = 1)
    480   452    29092.1197   254    35262.0000    28377.6033   239521   19.52%
    490   462    28377.6033   366    35262.0000    28377.6033   242605   19.52%

Performing restart 1

Repeating presolve.
Tried aggregator 1 time.
MIP Presolve modified 8679 coefficients.
Reduced MIP has 43202 rows, 4712 columns, and 138729 nonzeros.
Reduced MIP has 4712 binaries, 0 generals, 0 SOSs, and 0 indicators.
Presolve time = 0.10 sec. (96.48 ticks)
Tried aggregator 1 time.
MIP Presolve modified 712 coefficients.
Reduced MIP has 43202 rows, 4712 columns, and 138729 nonzeros.
Reduced MIP has 4712 binaries, 0 generals, 0 SOSs, and 0 indicators.
Presolve time = 0.12 sec. (111.50 ticks)
Represolve time = 0.41 sec. (398.89 ticks)
    491     0    28270.6962   478    35262.0000     Cuts: 190   251116   19.52%
    491     0    28353.0804   366    35262.0000     Cuts: 178   259702   19.52%
    491     0    28372.4306   343    35262.0000     Cuts: 168   267209   19.52%
    491     0    28389.9489   445    35262.0000     Cuts: 129   278315   19.49%
    491     0    28395.5466   471    35262.0000     Cuts: 148   286581   19.47%
    491     0    28396.8432   415    35262.0000     Cuts: 154   297821   19.47%
    491     0    28398.4611   484    35262.0000     Cuts: 154   303778   19.46%
    491     0    28399.7743   428    35262.0000     Cuts: 127   308847   19.46%
    491     0    28400.6695   428    35262.0000     Cuts: 125   315390   19.46%
    491     0    28401.3509   408    35262.0000     Cuts: 145   321210   19.46%
    491     0    28401.4099   432    35262.0000     Cuts: 102   325807   19.46%
    491     0    28401.8750   473    35262.0000      Cuts: 82   328289   19.45%
    491     0    28401.9647   513    35262.0000      Cuts: 66   330813   19.45%
    491     0    28401.9663   471    35262.0000      Cuts: 79   333327   19.45%
    491     0    28401.9696   480    35262.0000     Cuts: 102   336470   19.45%
    491     2    28401.9696   465    35262.0000    28406.4902   336470   19.44%
    492     3    28406.4902   427    35262.0000    28406.5581   337034   19.44%
    493     4    28407.1194   443    35262.0000    28407.9235   340918   19.44%
    494     5    28408.9281   390    35262.0000    28408.9979   347275   19.43%
    495     6    28418.5757   466    35262.0000    28409.0560   352720   19.43%
    496     7    28430.8698   381    35262.0000    28409.0560   354184   19.43%
    497     8    28580.0835   389    35262.0000    28409.0560   360123   19.43%
    498     9    28446.1047   436    35262.0000    28409.0560   368067   19.43%
Elapsed time = 315.43 sec. (358437.01 ticks, tree = 0.05 MB, solutions = 1)
    499    10    28436.7106   369    35262.0000    28409.0560   368659   19.43%
    500    11    28456.0905   477    35262.0000    28409.0560   373614   19.43%
    501    12    28528.0311   408    35262.0000    28409.0560   379854   19.43%
    502    13    28458.2909   426    35262.0000    28409.0560   384237   19.43%
    503    14    28535.9487   381    35262.0000    28409.0560   386014   19.43%
    504    15    28462.1366   411    35262.0000    28409.0560   386756   19.43%
    506    17    28672.2149   368    35262.0000    28409.0560   388228   19.43%
    508    19    28513.3297   376    35262.0000    28409.0560   390089   19.43%
    509    20    28520.8073   406    35262.0000    28409.0560   391654   19.43%
    511    22    28527.4985   371    35262.0000    28409.0560   392531   19.43%
Elapsed time = 335.21 sec. (383473.53 ticks, tree = 0.14 MB, solutions = 1)
    514    25    28536.6927   370    35262.0000    28409.0560   393156   19.43%
    516    27    28639.1418   359    35262.0000    28409.0560   394331   19.43%
    519    30    28552.8932   347    35262.0000    28409.0560   395284   19.43%
    522    33    28557.7794   354    35262.0000    28409.0560   396273   19.43%
    525    36    28586.9456   350    35262.0000    28409.0560   397473   19.43%
    527    38    28711.0995   338    35262.0000    28409.0560   398452   19.43%
    530    41    28729.4033   372    35262.0000    28409.0560   399435   19.43%
    533    44    28760.6131   354    35262.0000    28409.0560   400281   19.43%
    536    47    28769.6082   358    35262.0000    28409.0560   401359   19.43%
    539    50    28806.2219   342    35262.0000    28409.0560   402221   19.43%
Elapsed time = 343.00 sec. (395011.56 ticks, tree = 0.33 MB, solutions = 1)
    542    53    28825.8555   312    35262.0000    28409.0560   403015   19.43%
    545    56    29014.8918   305    35262.0000    28409.0560   404153   19.43%
    548    59    29139.6358   249    35262.0000    28409.0560   404598   19.43%
    551    62    29172.9713   294    35262.0000    28409.0560   405809   19.43%
    554    65    29160.2805   276    35262.0000    28409.0560   407065   19.43%
    558    69    29168.2601   247    35262.0000    28409.0560   407895   19.43%
    562    73    29252.8026   275    35262.0000    28409.0560   408813   19.43%
    566    77    29349.3503   317    35262.0000    28409.0560   410000   19.43%
    570    81    29310.6487   289    35262.0000    28409.0560   411188   19.43%
    581    92    29786.7409   313    35262.0000    28409.0560   414507   19.43%
Elapsed time = 384.65 sec. (442640.92 ticks, tree = 0.62 MB, solutions = 1)
    593   104    30847.0949   281    35262.0000    28409.0560   417815   19.43%
    607   118    30441.5125   306    35262.0000    28409.0560   420577   19.43%
    624   135    30834.8868   287    35262.0000    28409.0560   422854   19.43%
    642   146    28448.2209   345    35262.0000    28410.2155   424911   19.43%
    650   154    28747.5155   325    35262.0000    28410.2155   428364   19.43%
    660   164    29308.5463   313    35262.0000    28410.2155   431929   19.43%
    672   176    29136.6784   284    35262.0000    28410.2155   435297   19.43%
    685   189    29019.8413   310    35262.0000    28410.2155   438457   19.43%
    703   207    30040.6094   274    35262.0000    28410.2155   441726   19.43%
    725   223    30566.6429   221    35262.0000    28410.2155   445438   19.43%
Elapsed time = 423.65 sec. (497772.07 ticks, tree = 1.54 MB, solutions = 1)
    754   240    28564.3532   376    35262.0000    28420.5022   450251   19.40%
    767   253    28849.8970   232    35262.0000    28420.5022   454529   19.40%
    792   277    29894.1154   216    35262.0000    28420.5022   460040   19.40%
    849   316    34204.0000   163    35262.0000    28420.5022   462027   19.40%
    881   346    35193.0000   131    35262.0000    28420.5022   464567   19.40%
    891   352    28420.6612   401    35262.0000    28420.6612   466560   19.40%
    902   363    28569.6377   334    35262.0000    28420.6947   471155   19.40%
    931   392    28936.3063   277    35262.0000    28420.6947   476925   19.40%
    956   411    28509.8571   390    35262.0000    28420.7745   482493   19.40%
    973   428    28657.0642   301    35262.0000    28420.7745   487197   19.40%
Elapsed time = 496.82 sec. (588226.80 ticks, tree = 4.84 MB, solutions = 1)
   1009   460    29332.8412   284    35262.0000    28420.7745   490708   19.40%
   1050   493    32572.3333   196    35262.0000    28420.7745   493432   19.40%
   1089   525    34170.0000   255    35262.0000    28420.7745   495209   19.40%
   1092   524    28436.8154   399    35262.0000    28437.4148   496207   19.35%
   1097   529    28550.6597   365    35262.0000    28437.4432   507052   19.35%
   1100   532    28606.3988   305    35262.0000    28437.4432   509668   19.35%
   1105   537    28758.6450   320    35262.0000    28437.4432   511416   19.35%
   1112   544    28778.1301   303    35262.0000    28437.4432   512745   19.35%
   1122   554    28929.7529   331    35262.0000    28437.4432   514326   19.35%
   1140   572    29569.8879   312    35262.0000    28437.4432   518550   19.35%
Elapsed time = 544.17 sec. (646690.09 ticks, tree = 13.96 MB, solutions = 1)
   1177   602    30241.8333   226    35262.0000    28437.4432   522379   19.35%
   1216   632    28443.1800   401    35262.0000    28439.0729   523939   19.35%
   1222   638    28662.8306   287    35262.0000    28439.0729   526253   19.35%
   1242   658    29159.5562   292    35262.0000    28439.0729   531371   19.35%
   1272   685    30547.0000   298    35262.0000    28439.0729   536434   19.35%
   1310   713    28494.2669   361    35262.0000    28442.3739   538671   19.34%
   1320   723    28647.1626   316    35262.0000    28442.3739   542445   19.34%
   1349   750    28995.3507   299    35262.0000    28442.3739   547110   19.34%
   1377   774    29958.7786   323    35262.0000    28442.3739   550955   19.34%
   1421   818    30948.0000   296    35262.0000    28442.3739   555339   19.34%
Elapsed time = 599.36 sec. (716638.73 ticks, tree = 21.20 MB, solutions = 1)
   1435   825    28519.8820   371    35262.0000    28443.1800   559364   19.34%
   1445   835    28838.9384   327    35262.0000    28443.1800   563239   19.34%
   1460   850    29286.1255   315    35262.0000    28443.1800   567135   19.34%
   1481   871    29435.4470   330    35262.0000    28443.1800   570242   19.34%
   1505   891    31579.2667   288    35262.0000    28443.1800   574433   19.34%
   1525   901    28602.5541   393    35262.0000    28443.8737   583154   19.34%
   1531   907    28721.3162   344    35262.0000    28443.8737   585395   19.34%
   1558   934    28779.8267   339    35262.0000    28443.8737   588512   19.34%
   1584   958    30426.5835   208    35262.0000    28443.8737   592832   19.34%
   1622   992    31818.6733   296    35262.0000    28443.8737   598415   19.34%
Elapsed time = 650.59 sec. (782680.85 ticks, tree = 22.42 MB, solutions = 1)
   1639  1001    28495.7904   377    35262.0000    28451.3045   602368   19.31%
   1651  1013    28910.9329   325    35262.0000    28451.3045   607210   19.31%
   1678  1040    29008.6154   254    35262.0000    28451.3045   611843   19.31%
   1718  1074    31080.9932   257    35262.0000    28451.3045   616140   19.31%
   1728  1080    28464.1892   371    35262.0000    28453.4432   617710   19.31%
   1751  1103    28863.0233   320    35262.0000    28453.4432   622250   19.31%
   1789  1139    29283.6064   266    35262.0000    28453.4432   626299   19.31%
   1824  1170    28474.9277   372    35262.0000    28460.7767   629210   19.29%
   1851  1197    28699.8692   249    35262.0000    28460.7767   633966   19.29%
   1871  1211    28615.7417   388    35262.0000    28463.4188   645347   19.28%
Elapsed time = 730.21 sec. (876973.07 ticks, tree = 24.56 MB, solutions = 1)
   1883  1223    28833.2156   330    35262.0000    28463.4188   649460   19.28%
   1891  1231    28929.6792   354    35262.0000    28463.4188   651405   19.28%
   1922  1259    28577.7720   429    35262.0000    28465.0706   656272   19.28%
   1931  1268    28965.5411   370    35262.0000    28465.0706   660513   19.28%
   1961  1294    29155.6922   326    35262.0000    28465.0706   665353   19.28%
   1999  1330    31223.2208   274    35262.0000    28465.0706   668853   19.28%
   2024  1351    infeasible          35262.0000    28465.0706   670030   19.28%
   2025  1352    28613.5289   461    35262.0000    28467.0080   675300   19.27%
   2030  1357    29090.0543   356    35262.0000    28467.0080   678851   19.27%
   2044  1371    29563.4917   337    35262.0000    28467.0080   683061   19.27%
Elapsed time = 805.77 sec. (970597.63 ticks, tree = 26.96 MB, solutions = 1)
   2060  1387    29794.0863   326    35262.0000    28467.0080   687109   19.27%
   2080  1397    30693.6162   339    35262.0000    28467.0080   692787   19.27%
Starting limited solution polishing.
   2091  1406    30936.3787   321    35262.0000    28467.0080   695577   19.27%
   2114  1429    31805.5455   302    35262.0000    28467.0080   699395   19.27%
   2144  1454    32209.1818   277    35262.0000    28467.0080   704527   19.27%
   2152  1457    28668.0585   284    35262.0000    28467.1039   706052   19.27%
   2164  1469    29210.0352   359    35262.0000    28467.1039   711116   19.27%
   2190  1493    29957.8667   334    35262.0000    28467.1039   716374   19.27%
   2194  1493    28694.7700   381    35262.0000    28468.3290   717882   19.27%
   2210  1509    29014.3341   346    35262.0000    28468.3290   723612   19.27%
Elapsed time = 852.59 sec. (1029085.54 ticks, tree = 27.94 MB, solutions = 1)
   2230  1529    29280.6324   300    35262.0000    28468.3290   728514   19.27%
   2254  1546    28629.1413   330    35262.0000    28473.1965   738465   19.25%
   2260  1552    29251.1810   302    35262.0000    28473.1965   742156   19.25%
   2266  1558    29340.2134   311    35262.0000    28473.1965   748488   19.25%
   2283  1575    29475.2556   254    35262.0000    28473.1965   750935   19.25%
   2323  1615    30425.0426   212    35262.0000    28473.1965   755920   19.25%
   2386  1678    33717.0000   189    35262.0000    28473.1965   759982   19.25%
   2426  1718    35083.0000   284    35262.0000    28473.1965   763839   19.25%
   2470  1762    35083.0000   175    35262.0000    28473.1965   766451   19.25%

Clique cuts applied:  27
Cover cuts applied:  80
Implied bound cuts applied:  1
Flow cuts applied:  2
Mixed integer rounding cuts applied:  101
Zero-half cuts applied:  42
Lift and project cuts applied:  5
Gomory fractional cuts applied:  6

Root node processing (before b&c):
  Real time             =   71.60 sec. (84275.21 ticks)
Sequential b&c:
  Real time             =  828.42 sec. (1005042.59 ticks)
                          ------------
Total (root+branch&cut) =  900.02 sec. (1089317.80 ticks)
MIP: [1;32mCPLEX finished.[0m
MIP: [1;32mCPLEX status: Feasible[0m
CAN: [1;35mItem: 0, Level: 0, at bin: 13[0m
CAN: [1;35mItem: 0, Level: 1, at bin: 6[0m
CAN: [1;35mItem: 0, Level: 2, at bin: 10[0m
CAN: [1;35mItem: 0, Level: 3, at bin: 7[0m
CAN: [1;35mItem: 1, Level: 0, at bin: 22[0m
CAN: [1;35mItem: 1, Level: 1, at bin: 20[0m
CAN: [1;35mItem: 1, Level: 2, at bin: 8[0m
CAN: [1;35mItem: 1, Level: 3, at bin: 9[0m
CAN: [1;35mItem: 2, Level: 0, at bin: 8[0m
CAN: [1;35mItem: 2, Level: 1, at bin: 9[0m
CAN: [1;35mItem: 2, Level: 2, at bin: 17[0m
CAN: [1;35mItem: 2, Level: 3, at bin: 19[0m
CAN: [1;35mItem: 3, Level: 0, at bin: 10[0m
CAN: [1;35mItem: 3, Level: 1, at bin: 8[0m
CAN: [1;35mItem: 3, Level: 2, at bin: 9[0m
CAN: [1;35mItem: 3, Level: 3, at bin: 9[0m
CAN: [1;35mItem: 4, Level: 0, at bin: 3[0m
CAN: [1;35mItem: 4, Level: 1, at bin: 18[0m
CAN: [1;35mItem: 4, Level: 2, at bin: 15[0m
CAN: [1;35mItem: 4, Level: 3, at bin: 16[0m
CAN: [1;35mItem: 5, Level: 0, at bin: 2[0m
CAN: [1;35mItem: 5, Level: 1, at bin: 17[0m
CAN: [1;35mItem: 5, Level: 2, at bin: 10[0m
CAN: [1;35mItem: 5, Level: 3, at bin: 7[0m
CAN: [1;35mItem: 6, Level: 0, at bin: 17[0m
CAN: [1;35mItem: 6, Level: 1, at bin: 5[0m
CAN: [1;35mItem: 6, Level: 2, at bin: 18[0m
CAN: [1;35mItem: 6, Level: 3, at bin: 7[0m
CAN: [1;35mItem: 7, Level: 0, at bin: 22[0m
CAN: [1;35mItem: 7, Level: 1, at bin: 20[0m
CAN: [1;35mItem: 7, Level: 2, at bin: 8[0m
CAN: [1;35mItem: 7, Level: 3, at bin: 9[0m
CAN: [1;35mItem: 8, Level: 0, at bin: 0[0m
CAN: [1;35mItem: 8, Level: 1, at bin: 6[0m
CAN: [1;35mItem: 8, Level: 2, at bin: 10[0m
CAN: [1;35mItem: 8, Level: 3, at bin: 7[0m
CAN: [1;35mItem: 9, Level: 0, at bin: 14[0m
CAN: [1;35mItem: 9, Level: 1, at bin: 16[0m
CAN: [1;35mItem: 9, Level: 2, at bin: 4[0m
CAN: [1;35mItem: 9, Level: 3, at bin: 16[0m
CAN: [1;35mItem: 10, Level: 0, at bin: 2[0m
CAN: [1;35mItem: 10, Level: 1, at bin: 17[0m
CAN: [1;35mItem: 10, Level: 2, at bin: 10[0m
CAN: [1;35mItem: 10, Level: 3, at bin: 7[0m
CAN: [1;35mItem: 11, Level: 0, at bin: 5[0m
CAN: [1;35mItem: 11, Level: 1, at bin: 15[0m
CAN: [1;35mItem: 11, Level: 2, at bin: 17[0m
CAN: [1;35mItem: 11, Level: 3, at bin: 19[0m
CAN: [1;35mItem: 12, Level: 0, at bin: 1[0m
CAN: [1;35mItem: 12, Level: 1, at bin: 7[0m
CAN: [1;35mItem: 12, Level: 2, at bin: 9[0m
CAN: [1;35mItem: 12, Level: 3, at bin: 9[0m
CAN: [1;35mItem: 13, Level: 0, at bin: 14[0m
CAN: [1;35mItem: 13, Level: 1, at bin: 16[0m
CAN: [1;35mItem: 13, Level: 2, at bin: 4[0m
CAN: [1;35mItem: 13, Level: 3, at bin: 16[0m
CAN: [1;35mItem: 14, Level: 0, at bin: 0[0m
CAN: [1;35mItem: 14, Level: 1, at bin: 6[0m
CAN: [1;35mItem: 14, Level: 2, at bin: 10[0m
CAN: [1;35mItem: 14, Level: 3, at bin: 7[0m
CAN: [1;35mItem: 15, Level: 0, at bin: 7[0m
CAN: [1;35mItem: 15, Level: 1, at bin: 0[0m
CAN: [1;35mItem: 15, Level: 2, at bin: 4[0m
CAN: [1;35mItem: 15, Level: 3, at bin: 16[0m
CAN: [1;35mItem: 16, Level: 0, at bin: 20[0m
CAN: [1;35mItem: 16, Level: 1, at bin: 8[0m
CAN: [1;35mItem: 16, Level: 2, at bin: 9[0m
CAN: [1;35mItem: 16, Level: 3, at bin: 9[0m
CAN: [1;35mItem: 17, Level: 0, at bin: 19[0m
CAN: [1;35mItem: 17, Level: 1, at bin: 15[0m
CAN: [1;35mItem: 17, Level: 2, at bin: 17[0m
CAN: [1;35mItem: 17, Level: 3, at bin: 19[0m
CAN: [1;35mItem: 18, Level: 0, at bin: 1[0m
CAN: [1;35mItem: 18, Level: 1, at bin: 7[0m
CAN: [1;35mItem: 18, Level: 2, at bin: 9[0m
CAN: [1;35mItem: 18, Level: 3, at bin: 9[0m
CAN: [1;35mItem: 19, Level: 0, at bin: 26[0m
CAN: [1;35mItem: 19, Level: 1, at bin: 0[0m
CAN: [1;35mItem: 19, Level: 2, at bin: 4[0m
CAN: [1;35mItem: 19, Level: 3, at bin: 16[0m
CAN: [1;35mItem: 20, Level: 0, at bin: 5[0m
CAN: [1;35mItem: 20, Level: 1, at bin: 15[0m
CAN: [1;35mItem: 20, Level: 2, at bin: 17[0m
CAN: [1;35mItem: 20, Level: 3, at bin: 19[0m
CAN: [1;35mItem: 21, Level: 0, at bin: 8[0m
CAN: [1;35mItem: 21, Level: 1, at bin: 9[0m
CAN: [1;35mItem: 21, Level: 2, at bin: 17[0m
CAN: [1;35mItem: 21, Level: 3, at bin: 19[0m
CAN: [1;35mItem: 22, Level: 0, at bin: 25[0m
CAN: [1;35mItem: 22, Level: 1, at bin: 20[0m
CAN: [1;35mItem: 22, Level: 2, at bin: 8[0m
CAN: [1;35mItem: 22, Level: 3, at bin: 9[0m
CAN: [1;35mItem: 23, Level: 0, at bin: 5[0m
CAN: [1;35mItem: 23, Level: 1, at bin: 15[0m
CAN: [1;35mItem: 23, Level: 2, at bin: 17[0m
CAN: [1;35mItem: 23, Level: 3, at bin: 19[0m
CAN: [1;35mItem: 24, Level: 0, at bin: 18[0m
CAN: [1;35mItem: 24, Level: 1, at bin: 4[0m
CAN: [1;35mItem: 24, Level: 2, at bin: 5[0m
CAN: [1;35mItem: 24, Level: 3, at bin: 16[0m
CAN: [1;35mItem: 25, Level: 0, at bin: 10[0m
CAN: [1;35mItem: 25, Level: 1, at bin: 8[0m
CAN: [1;35mItem: 25, Level: 2, at bin: 9[0m
CAN: [1;35mItem: 25, Level: 3, at bin: 9[0m
CAN: [1;35mItem: 26, Level: 0, at bin: 23[0m
CAN: [1;35mItem: 26, Level: 1, at bin: 8[0m
CAN: [1;35mItem: 26, Level: 2, at bin: 9[0m
CAN: [1;35mItem: 26, Level: 3, at bin: 9[0m
CAN: [1;35mItem: 27, Level: 0, at bin: 15[0m
CAN: [1;35mItem: 27, Level: 1, at bin: 9[0m
CAN: [1;35mItem: 27, Level: 2, at bin: 17[0m
CAN: [1;35mItem: 27, Level: 3, at bin: 19[0m
CAN: [1;35mItem: 28, Level: 0, at bin: 6[0m
CAN: [1;35mItem: 28, Level: 1, at bin: 1[0m
CAN: [1;35mItem: 28, Level: 2, at bin: 11[0m
CAN: [1;35mItem: 28, Level: 3, at bin: 9[0m
CAN: [1;35mItem: 29, Level: 0, at bin: 15[0m
CAN: [1;35mItem: 29, Level: 1, at bin: 9[0m
CAN: [1;35mItem: 29, Level: 2, at bin: 17[0m
CAN: [1;35mItem: 29, Level: 3, at bin: 19[0m
CAN: [1;35mItem: 30, Level: 0, at bin: 25[0m
CAN: [1;35mItem: 30, Level: 1, at bin: 20[0m
CAN: [1;35mItem: 30, Level: 2, at bin: 8[0m
CAN: [1;35mItem: 30, Level: 3, at bin: 9[0m
CAN: [1;35mItem: 31, Level: 0, at bin: 11[0m
CAN: [1;35mItem: 31, Level: 1, at bin: 1[0m
CAN: [1;35mItem: 31, Level: 2, at bin: 11[0m
CAN: [1;35mItem: 31, Level: 3, at bin: 9[0m
CAN: [1;35mItem: 32, Level: 0, at bin: 18[0m
CAN: [1;35mItem: 32, Level: 1, at bin: 4[0m
CAN: [1;35mItem: 32, Level: 2, at bin: 5[0m
CAN: [1;35mItem: 32, Level: 3, at bin: 16[0m
CAN: [1;35mItem: 33, Level: 0, at bin: 17[0m
CAN: [1;35mItem: 33, Level: 1, at bin: 5[0m
CAN: [1;35mItem: 33, Level: 2, at bin: 18[0m
CAN: [1;35mItem: 33, Level: 3, at bin: 7[0m
CAN: [1;35mItem: 34, Level: 0, at bin: 4[0m
CAN: [1;35mItem: 34, Level: 1, at bin: 14[0m
CAN: [1;35mItem: 34, Level: 2, at bin: 15[0m
CAN: [1;35mItem: 34, Level: 3, at bin: 16[0m
CAN: [1;35mItem: 35, Level: 0, at bin: 6[0m
CAN: [1;35mItem: 35, Level: 1, at bin: 1[0m
CAN: [1;35mItem: 35, Level: 2, at bin: 11[0m
CAN: [1;35mItem: 35, Level: 3, at bin: 9[0m
CAN: [1;35mItem: 36, Level: 0, at bin: 2[0m
CAN: [1;35mItem: 36, Level: 1, at bin: 17[0m
CAN: [1;35mItem: 36, Level: 2, at bin: 10[0m
CAN: [1;35mItem: 36, Level: 3, at bin: 7[0m
CAN: [1;35mItem: 37, Level: 0, at bin: 22[0m
CAN: [1;35mItem: 37, Level: 1, at bin: 20[0m
CAN: [1;35mItem: 37, Level: 2, at bin: 8[0m
CAN: [1;35mItem: 37, Level: 3, at bin: 9[0m
CAN: [1;35mItem: 38, Level: 0, at bin: 24[0m
CAN: [1;35mItem: 38, Level: 1, at bin: 21[0m
CAN: [1;35mItem: 38, Level: 2, at bin: 15[0m
CAN: [1;35mItem: 38, Level: 3, at bin: 16[0m
CAN: [1;35mItem: 39, Level: 0, at bin: 7[0m
CAN: [1;35mItem: 39, Level: 1, at bin: 0[0m
CAN: [1;35mItem: 39, Level: 2, at bin: 4[0m
CAN: [1;35mItem: 39, Level: 3, at bin: 16[0m
MIP: [1;32mSolution: 
Indexes: [13, 22, 8, 10, 3, 2, 17, 22, 0, 14, 2, 5, 1, 14, 0, 7, 20, 19, 1, 26, 5, 8, 25, 5, 18, 10, 23, 15, 6, 15, 25, 11, 18, 17, 4, 6, 2, 22, 24, 7][6, 7, 17, 18, 14, 15, 1, 0, 9, -1, 8, 1, -1, 6, 16, 9, -1, 5, 4, 15, 8, -1, 20, 8, 21, 20, 0][4, 11, -1, -1, 5, 18, 10, 9, 9, 17, -1, -1, -1, -1, 15, 17, 4, 10, 15, -1, 8, 15][-1, -1, -1, -1, 16, 16, -1, -1, 9, 9, 7, 9, -1, -1, -1, 16, -1, 19, 7, -1, -1], P Variables: [13, 6, 10, 7][22, 20, 8, 9][8, 9, 17, 19][10, 8, 9, 9][3, 18, 15, 16][2, 17, 10, 7][17, 5, 18, 7][22, 20, 8, 9][0, 6, 10, 7][14, 16, 4, 16][2, 17, 10, 7][5, 15, 17, 19][1, 7, 9, 9][14, 16, 4, 16][0, 6, 10, 7][7, 0, 4, 16][20, 8, 9, 9][19, 15, 17, 19][1, 7, 9, 9][26, 0, 4, 16][5, 15, 17, 19][8, 9, 17, 19][25, 20, 8, 9][5, 15, 17, 19][18, 4, 5, 16][10, 8, 9, 9][23, 8, 9, 9][15, 9, 17, 19][6, 1, 11, 9][15, 9, 17, 19][25, 20, 8, 9][11, 1, 11, 9][18, 4, 5, 16][17, 5, 18, 7][4, 14, 15, 16][6, 1, 11, 9][2, 17, 10, 7][22, 20, 8, 9][24, 21, 15, 16][7, 0, 4, 16], Flow leaving each bin: [0m
MIP: [1;32mObjective value: 35262[0m
MIP: [1;32mLower Bound: 28473.2[0m
MIP: [1;32mBranch-and-Bound nodes: 2491[0m

# best solution:
best objective value:	35262
best dual bound value:	28473
optimality gap:	19.253%
CPU time:	897.841
