ifile	/scratch/csagturk/mlbppo_inst/n0040_m01_p150__082.inst
prob	MLBPPO
threads	1
ttime	900
instance: /scratch/csagturk/mlbppo_inst/n0040_m01_p150__082.inst
	m=1, n=[40, 28], #pos=60
MIP: [1;32minit CPLEX[0m
CAN: [1;35mcreated 1120 x_{ijk} variables[0m
CAN: [1;35mcreated 68 y_{ij} variables[0m
CAN: [1;35mcreated 1120 p_{ijk} variables[0m
MIP: [1;32mcreated decision variables[0m
CAN: [1;35madded 40 constraints to enforce the packing of each item[0m
CAN: [1;35madded 0 constraints to enforce the packing of each item[0m
CAN: [1;35madded 28 capacity constraints[0m
MIP: [1;32mcreated constraints[0m
MIP: [1;32mcreated objective function[0m
MIP: [1;32mcalling CPLEX solve ...[0m
Version identifier: 22.1.0.0 | 2022-03-09 | 1a383f8ce
CPXPARAM_Threads                                 1
CPXPARAM_TimeLimit                               900
Tried aggregator 2 times.
MIP Presolve eliminated 1224 rows and 755 columns.
MIP Presolve modified 2252 coefficients.
Aggregator did 761 substitutions.
Reduced MIP has 864 rows, 752 columns, and 16529 nonzeros.
Reduced MIP has 752 binaries, 0 generals, 0 SOSs, and 0 indicators.
Presolve time = 0.04 sec. (38.24 ticks)
Probing fixed 219 vars, tightened 0 bounds.
Probing time = 0.02 sec. (29.47 ticks)
Cover probing fixed 17 vars, tightened 0 bounds.
Tried aggregator 1 time.
MIP Presolve eliminated 342 rows and 248 columns.
MIP Presolve modified 2357 coefficients.
Reduced MIP has 473 rows, 504 columns, and 6055 nonzeros.
Reduced MIP has 504 binaries, 0 generals, 0 SOSs, and 0 indicators.
Presolve time = 0.01 sec. (8.06 ticks)
Probing fixed 36 vars, tightened 0 bounds.
Probing time = 0.01 sec. (6.82 ticks)
Tried aggregator 1 time.
Detecting symmetries...
MIP Presolve eliminated 41 rows and 36 columns.
MIP Presolve modified 590 coefficients.
Reduced MIP has 418 rows, 468 columns, and 5029 nonzeros.
Reduced MIP has 468 binaries, 0 generals, 0 SOSs, and 0 indicators.
Presolve time = 0.00 sec. (4.18 ticks)
Probing fixed 4 vars, tightened 0 bounds.
Probing time = 0.00 sec. (5.44 ticks)
Clique table members: 3775.
MIP emphasis: balance optimality and feasibility.
MIP search method: dynamic search.
Parallel mode: none, using 1 thread.
Root relaxation solution time = 0.00 sec. (5.28 ticks)

        Nodes                                         Cuts/
   Node  Left     Objective  IInf  Best Integer    Best Bound    ItCnt     Gap

      0     0     8963.4286    73                   8963.4286      321         
      0     0     8968.7962    92                    Cuts: 56      647         
      0     0     8985.1022   106                    Cuts: 99      828         
      0     0     8998.7648    89                    Cuts: 64      949         
      0     0     9002.5932    82                    Cuts: 52     1065         
      0     0     9005.0130    76                    Cuts: 60     1178         
*     0+    0                         9987.0000     9005.0130             9.83%
Detecting symmetries...
      0     0     9006.4733    95     9987.0000      Cuts: 48     1334    9.82%
      0     0     9006.5417    96     9987.0000      Cuts: 50     1447    9.82%
      0     0     9007.7230    71     9987.0000      Cuts: 18     1507    9.81%
      0     0     9009.5000    70     9987.0000      Cuts: 43     1637    9.79%
      0     0     9009.5000    81     9987.0000      Cuts: 42     1744    9.79%
*     0+    0                         9656.0000     9009.5000             6.70%
Detecting symmetries...
      0     2     9009.5000    24     9656.0000     9009.5000     1744    6.70%
Elapsed time = 0.30 sec. (327.00 ticks, tree = 0.01 MB, solutions = 2)
*    77    56      integral     0     9641.0000     9009.5000     3213    6.55%
*   139    98      integral     0     9635.0000     9009.5000     4597    6.49%
*   239+  168                         9620.0000     9009.5000             6.35%
    293   201     9090.0444    23     9620.0000     9009.5000     8708    6.35%
*   310+  208                         9581.0000     9009.5000             5.96%
*   410+  282                         9569.0000     9009.5000             5.85%
    431   299     9009.7265    90     9569.0000     9009.5000    13999    5.85%
*   570+  401                         9541.0000     9009.5000             5.57%
    574   403     9100.0970    38     9541.0000     9009.5000    19906    5.57%
*   580+  400                         9508.0000     9009.5000             5.24%
*   690+  416                         9244.0000     9009.5000             2.54%
    696   420     9010.0091    69     9244.0000     9009.5000    25004    2.54%
*   790+  471                         9241.0000     9009.5000             2.51%
    823   488     9124.0204    67     9241.0000     9009.5000    30572    2.51%
    959   577     9010.1588    64     9241.0000     9009.5000    36048    2.51%
   1039   613     9151.6923    50     9241.0000     9009.5000    41517    2.51%
   1153   663     9017.3983    99     9241.0000     9009.6757    46963    2.50%
   1238   694     9010.0881    89     9241.0000     9009.7213    52343    2.50%
   1485   804     9011.2430    96     9241.0000     9009.7265    72489    2.50%
Elapsed time = 2.78 sec. (3471.87 ticks, tree = 1.78 MB, solutions = 11)

Performing restart 1

Repeating presolve.
Tried aggregator 2 times.
MIP Presolve eliminated 13 rows and 15 columns.
MIP Presolve modified 3419 coefficients.
Aggregator did 1 substitutions.
Reduced MIP has 404 rows, 452 columns, and 3230 nonzeros.
Reduced MIP has 452 binaries, 0 generals, 0 SOSs, and 0 indicators.
Presolve time = 0.01 sec. (7.55 ticks)
Tried aggregator 1 time.
MIP Presolve modified 48 coefficients.
Reduced MIP has 404 rows, 452 columns, and 3230 nonzeros.
Reduced MIP has 452 binaries, 0 generals, 0 SOSs, and 0 indicators.
Presolve time = 0.01 sec. (3.63 ticks)
Represolve time = 0.04 sec. (24.04 ticks)
   1513     0     9011.2566   135     9241.0000      Cuts: 33    76029    2.49%
   1513     0     9011.2844   139     9241.0000      Cuts: 56    76296    2.49%
   1513     0     9014.7292   143     9241.0000      Cuts: 65    76961    2.45%
   1513     0     9015.4565   124     9241.0000      Cuts: 66    77104    2.44%
   1513     0     9020.7882   119     9241.0000      Cuts: 58    77324    2.38%
   1513     0     9025.9993   117     9241.0000      Cuts: 71    77639    2.33%
   1513     0     9028.9020   126     9241.0000      Cuts: 63    77840    2.30%
   1513     0     9028.9020   110     9241.0000      Cuts: 72    77972    2.30%
   1513     0     9028.9020   109     9241.0000      Cuts: 63    78116    2.30%
   1513     0     9029.0156   101     9241.0000      Cuts: 20    78216    2.29%
   1513     0     9029.3733    87     9241.0000      Cuts: 32    78330    2.29%
   1513     0     9029.9429   119     9241.0000      Cuts: 52    78471    2.28%
   1513     0     9029.9429   113     9241.0000      Cuts: 34    78607    2.28%
   1513     0     9029.9429   111     9241.0000      Cuts: 27    78715    2.28%
   1513     0     9030.7259   111     9241.0000      Cuts: 25    78851    2.28%
   1513     0     9030.7259   122     9241.0000      Cuts: 58    79023    2.28%
   1513     2     9030.7259   121     9241.0000     9030.7259    79023    2.28%
   1818   200     9207.0000    64     9241.0000     9035.0000    89835    2.23%
   2001   282     9132.4000    68     9241.0000     9036.6000   107128    2.21%
   2193   379     9064.8025   102     9241.0000     9039.0000   124451    2.19%
   2384   453     9107.6667    70     9241.0000     9045.5712   144072    2.11%
   2605   523     9157.3178    64     9241.0000     9062.2167   161124    1.93%
   2829   588     9083.0000    79     9241.0000     9075.2077   178326    1.79%
   3062   669     9154.2623    62     9241.0000     9090.6667   198392    1.63%
   3256   701     9134.3124    41     9241.0000     9095.9000   216475    1.57%
   3533   816    infeasible           9241.0000     9099.9119   238309    1.53%
Elapsed time = 10.79 sec. (13156.49 ticks, tree = 1.64 MB, solutions = 11)
   3827   883     9179.2273    48     9241.0000     9108.4897   255541    1.43%
   4056   958     9232.0817   104     9241.0000     9114.0536   271416    1.37%
   4244   990     9131.3333   105     9241.0000     9117.1706   289920    1.34%
   4513  1021     9168.7648   101     9241.0000     9125.2645   306026    1.25%
   4799  1055        cutoff           9241.0000     9131.3333   323319    1.19%
   5091  1038     9153.0000    52     9241.0000     9139.8388   340171    1.09%
   5362  1058        cutoff           9241.0000     9145.1235   358521    1.04%
   5619  1064     9202.5896    75     9241.0000     9152.2000   373246    0.96%
   5848  1065        cutoff           9241.0000     9156.7605   390399    0.91%
   6096  1097     9158.9000    61     9241.0000     9158.9000   407806    0.89%
Elapsed time = 18.24 sec. (22809.88 ticks, tree = 3.06 MB, solutions = 11)
   6380  1143     9189.6154    97     9241.0000     9160.9231   424858    0.87%
   6705  1138     9187.9146    60     9241.0000     9165.0714   443407    0.82%
   7047  1081     9213.5758    43     9241.0000     9170.3065   461530    0.76%
   7397  1001     9214.6667    57     9241.0000     9177.4498   480205    0.69%
*  7405   234      integral     0     9192.0000     9177.4498   480405    0.16%

GUB cover cuts applied:  15
Clique cuts applied:  16
Cover cuts applied:  189
Implied bound cuts applied:  10
Flow cuts applied:  4
Mixed integer rounding cuts applied:  95
Zero-half cuts applied:  34
Gomory fractional cuts applied:  2

Root node processing (before b&c):
  Real time             =    0.30 sec. (327.24 ticks)
Sequential b&c:
  Real time             =   21.22 sec. (26658.21 ticks)
                          ------------
Total (root+branch&cut) =   21.52 sec. (26985.45 ticks)
MIP: [1;32mCPLEX finished.[0m
MIP: [1;32mCPLEX status: Optimal[0m
CAN: [1;35mItem: 0, Level: 0, at bin: 9[0m
CAN: [1;35mItem: 1, Level: 0, at bin: 27[0m
CAN: [1;35mItem: 2, Level: 0, at bin: 19[0m
CAN: [1;35mItem: 3, Level: 0, at bin: 4[0m
CAN: [1;35mItem: 4, Level: 0, at bin: 7[0m
CAN: [1;35mItem: 5, Level: 0, at bin: 0[0m
CAN: [1;35mItem: 6, Level: 0, at bin: 24[0m
CAN: [1;35mItem: 7, Level: 0, at bin: 4[0m
CAN: [1;35mItem: 8, Level: 0, at bin: 15[0m
CAN: [1;35mItem: 9, Level: 0, at bin: 3[0m
CAN: [1;35mItem: 10, Level: 0, at bin: 6[0m
CAN: [1;35mItem: 11, Level: 0, at bin: 5[0m
CAN: [1;35mItem: 12, Level: 0, at bin: 19[0m
CAN: [1;35mItem: 13, Level: 0, at bin: 9[0m
CAN: [1;35mItem: 14, Level: 0, at bin: 15[0m
CAN: [1;35mItem: 15, Level: 0, at bin: 24[0m
CAN: [1;35mItem: 16, Level: 0, at bin: 15[0m
CAN: [1;35mItem: 17, Level: 0, at bin: 16[0m
CAN: [1;35mItem: 18, Level: 0, at bin: 13[0m
CAN: [1;35mItem: 19, Level: 0, at bin: 1[0m
CAN: [1;35mItem: 20, Level: 0, at bin: 27[0m
CAN: [1;35mItem: 21, Level: 0, at bin: 15[0m
CAN: [1;35mItem: 22, Level: 0, at bin: 19[0m
CAN: [1;35mItem: 23, Level: 0, at bin: 18[0m
CAN: [1;35mItem: 24, Level: 0, at bin: 19[0m
CAN: [1;35mItem: 25, Level: 0, at bin: 10[0m
CAN: [1;35mItem: 26, Level: 0, at bin: 6[0m
CAN: [1;35mItem: 27, Level: 0, at bin: 9[0m
CAN: [1;35mItem: 28, Level: 0, at bin: 7[0m
CAN: [1;35mItem: 29, Level: 0, at bin: 5[0m
CAN: [1;35mItem: 30, Level: 0, at bin: 7[0m
CAN: [1;35mItem: 31, Level: 0, at bin: 19[0m
CAN: [1;35mItem: 32, Level: 0, at bin: 10[0m
CAN: [1;35mItem: 33, Level: 0, at bin: 4[0m
CAN: [1;35mItem: 34, Level: 0, at bin: 17[0m
CAN: [1;35mItem: 35, Level: 0, at bin: 6[0m
CAN: [1;35mItem: 36, Level: 0, at bin: 24[0m
CAN: [1;35mItem: 37, Level: 0, at bin: 18[0m
CAN: [1;35mItem: 38, Level: 0, at bin: 13[0m
CAN: [1;35mItem: 39, Level: 0, at bin: 23[0m
MIP: [1;32mSolution: 
Indexes: [9, 27, 19, 4, 7, 0, 24, 4, 15, 3, 6, 5, 19, 9, 15, 24, 15, 16, 13, 1, 27, 15, 19, 18, 19, 10, 6, 9, 7, 5, 7, 19, 10, 4, 17, 6, 24, 18, 13, 23], P Variables: [9][27][19][4][7][0][24][4][15][3][6][5][19][9][15][24][15][16][13][1][27][15][19][18][19][10][6][9][7][5][7][19][10][4][17][6][24][18][13][23], Flow leaving each bin: [0m
MIP: [1;32mObjective value: 9192[0m
MIP: [1;32mLower Bound: 9192[0m
MIP: [1;32mBranch-and-Bound nodes: 7664[0m

# best solution:
best objective value:	9192
best dual bound value:	9192
optimality gap:	0%
CPU time:	21.4121
