ifile	/scratch/csagturk/mlbppo_inst/n0040_m01_p050__081.inst
prob	MLBPPO
threads	1
ttime	900
instance: /scratch/csagturk/mlbppo_inst/n0040_m01_p050__081.inst
	m=1, n=[40, 27], #pos=20
MIP: [1;32minit CPLEX[0m
CAN: [1;35mcreated 1080 x_{ijk} variables[0m
CAN: [1;35mcreated 67 y_{ij} variables[0m
CAN: [1;35mcreated 1080 p_{ijk} variables[0m
MIP: [1;32mcreated decision variables[0m
CAN: [1;35madded 40 constraints to enforce the packing of each item[0m
CAN: [1;35madded 0 constraints to enforce the packing of each item[0m
CAN: [1;35madded 27 capacity constraints[0m
MIP: [1;32mcreated constraints[0m
MIP: [1;32mcreated objective function[0m
MIP: [1;32mcalling CPLEX solve ...[0m
Version identifier: 22.1.0.0 | 2022-03-09 | 1a383f8ce
CPXPARAM_Threads                                 1
CPXPARAM_TimeLimit                               900
Tried aggregator 2 times.
MIP Presolve eliminated 284 rows and 261 columns.
MIP Presolve modified 1114 coefficients.
Aggregator did 960 substitutions.
Reduced MIP has 463 rows, 966 columns, and 11168 nonzeros.
Reduced MIP has 966 binaries, 0 generals, 0 SOSs, and 0 indicators.
Presolve time = 0.02 sec. (22.24 ticks)
Found incumbent of value 13248.000000 after 0.03 sec. (29.90 ticks)
Probing fixed 16 vars, tightened 0 bounds.
Probing time = 0.01 sec. (14.12 ticks)
Cover probing fixed 4 vars, tightened 0 bounds.
Tried aggregator 1 time.
Detecting symmetries...
MIP Presolve eliminated 19 rows and 20 columns.
MIP Presolve modified 409 coefficients.
Reduced MIP has 440 rows, 946 columns, and 10275 nonzeros.
Reduced MIP has 946 binaries, 0 generals, 0 SOSs, and 0 indicators.
Presolve time = 0.01 sec. (7.59 ticks)
Probing time = 0.00 sec. (2.96 ticks)
Clique table members: 3947.
MIP emphasis: balance optimality and feasibility.
MIP search method: dynamic search.
Parallel mode: none, using 1 thread.
Root relaxation solution time = 0.00 sec. (4.11 ticks)

        Nodes                                         Cuts/
   Node  Left     Objective  IInf  Best Integer    Best Bound    ItCnt     Gap

*     0+    0                        13248.0000        0.0000           100.00%
      0     0     9800.1111    54    13248.0000     9800.1111      166   26.03%
      0     0     9800.3684    50    13248.0000      Cuts: 46      330   26.02%
      0     0     9800.3684    88    13248.0000      Cuts: 75      567   26.02%
*     0+    0                        11647.0000     9800.3684            15.85%
      0     0     9800.3684    56    11647.0000      Cuts: 18      681   15.85%
      0     0     9800.3684   107    11647.0000      Cuts: 47      895   15.85%
*     0+    0                        10718.0000     9800.3684             8.56%
*     0+    0                        10618.0000     9800.3684             7.70%
*     0+    0                        10244.0000     9800.3684             4.33%
*     0+    0                        10218.0000     9800.3684             4.09%
      0     0  -1.00000e+75     0    10218.0000     9800.3684      895    4.09%
      0     2     9800.3684    31    10218.0000     9800.3684      895    4.09%
Elapsed time = 0.21 sec. (244.91 ticks, tree = 0.01 MB, solutions = 6)
*    60+   60                        10215.0000     9800.3684             4.06%
*    90+   88                        10190.0000     9800.3684             3.82%
*   190+  167                        10161.0000     9800.3684             3.55%
    293   248     9830.4800    41    10161.0000     9800.3684     6249    3.55%
    522   449     9812.7744    32    10161.0000     9800.3684    11798    3.55%
    701   621     9800.3684    37    10161.0000     9800.3684    17288    3.55%
*   921+  692                        10035.0000     9800.3684             2.34%
    921   694     9800.6750    62    10035.0000     9800.3684    23196    2.34%

Performing restart 1

Repeating presolve.
Tried aggregator 1 time.
MIP Presolve eliminated 0 rows and 3 columns.
MIP Presolve modified 7628 coefficients.
Reduced MIP has 440 rows, 943 columns, and 6496 nonzeros.
Reduced MIP has 943 binaries, 0 generals, 0 SOSs, and 0 indicators.
Presolve time = 0.01 sec. (8.00 ticks)
Tried aggregator 1 time.
MIP Presolve modified 4 coefficients.
Reduced MIP has 440 rows, 943 columns, and 6492 nonzeros.
Reduced MIP has 943 binaries, 0 generals, 0 SOSs, and 0 indicators.
Presolve time = 0.01 sec. (4.46 ticks)
Represolve time = 0.04 sec. (29.92 ticks)
   1031     0     9800.3684    63    10035.0000      Cuts: 16    29328    2.34%
   1031     0     9800.3684    70    10035.0000      Cuts: 61    29492    2.34%
   1031     0     9800.5155    86    10035.0000      Cuts: 24    29726    2.34%
   1031     0     9814.3636    65    10035.0000      Cuts: 76    29949    2.20%
   1031     0     9815.0000    46    10035.0000      Cuts: 68    30113    2.19%
   1031     0     9815.0000    75    10035.0000      Cuts: 68    30302    2.19%
   1031     0     9815.0000    40    10035.0000      Cuts: 10    30376    2.19%
   1031     0     9815.0000    62    10035.0000      Cuts: 67    30561    2.19%
   1031     0     9815.0000    56    10035.0000      Cuts: 26    30741    2.19%
   1031     2     9815.0000    12    10035.0000     9815.0000    30741    2.19%
   1111    79     9821.0902    28    10035.0000     9815.0000    31948    2.19%
   1131    99     9844.0000    23    10035.0000     9815.0000    32024    2.19%
   1270   223     9815.0000    21    10035.0000     9815.0000    33331    2.19%
   1456   380     9949.7273    26    10035.0000     9815.0000    35404    2.19%
*  1946     1      integral     0     9815.0000     9815.0000    40571    0.00%

GUB cover cuts applied:  5
Clique cuts applied:  3
Cover cuts applied:  16
Implied bound cuts applied:  2
Flow cuts applied:  2
Mixed integer rounding cuts applied:  6
Zero-half cuts applied:  10
Gomory fractional cuts applied:  7

Root node processing (before b&c):
  Real time             =    0.21 sec. (245.09 ticks)
Sequential b&c:
  Real time             =    3.60 sec. (4744.43 ticks)
                          ------------
Total (root+branch&cut) =    3.81 sec. (4989.52 ticks)
MIP: [1;32mCPLEX finished.[0m
MIP: [1;32mCPLEX status: Optimal[0m
CAN: [1;35mItem: 0, Level: 0, at bin: 12[0m
CAN: [1;35mItem: 1, Level: 0, at bin: 10[0m
CAN: [1;35mItem: 2, Level: 0, at bin: 17[0m
CAN: [1;35mItem: 3, Level: 0, at bin: 2[0m
CAN: [1;35mItem: 4, Level: 0, at bin: 3[0m
CAN: [1;35mItem: 5, Level: 0, at bin: 8[0m
CAN: [1;35mItem: 6, Level: 0, at bin: 24[0m
CAN: [1;35mItem: 7, Level: 0, at bin: 2[0m
CAN: [1;35mItem: 8, Level: 0, at bin: 16[0m
CAN: [1;35mItem: 9, Level: 0, at bin: 4[0m
CAN: [1;35mItem: 10, Level: 0, at bin: 14[0m
CAN: [1;35mItem: 11, Level: 0, at bin: 15[0m
CAN: [1;35mItem: 12, Level: 0, at bin: 2[0m
CAN: [1;35mItem: 13, Level: 0, at bin: 26[0m
CAN: [1;35mItem: 14, Level: 0, at bin: 8[0m
CAN: [1;35mItem: 15, Level: 0, at bin: 18[0m
CAN: [1;35mItem: 16, Level: 0, at bin: 21[0m
CAN: [1;35mItem: 17, Level: 0, at bin: 18[0m
CAN: [1;35mItem: 18, Level: 0, at bin: 3[0m
CAN: [1;35mItem: 19, Level: 0, at bin: 6[0m
CAN: [1;35mItem: 20, Level: 0, at bin: 23[0m
CAN: [1;35mItem: 21, Level: 0, at bin: 6[0m
CAN: [1;35mItem: 22, Level: 0, at bin: 15[0m
CAN: [1;35mItem: 23, Level: 0, at bin: 12[0m
CAN: [1;35mItem: 24, Level: 0, at bin: 23[0m
CAN: [1;35mItem: 25, Level: 0, at bin: 21[0m
CAN: [1;35mItem: 26, Level: 0, at bin: 11[0m
CAN: [1;35mItem: 27, Level: 0, at bin: 21[0m
CAN: [1;35mItem: 28, Level: 0, at bin: 16[0m
CAN: [1;35mItem: 29, Level: 0, at bin: 14[0m
CAN: [1;35mItem: 30, Level: 0, at bin: 0[0m
CAN: [1;35mItem: 31, Level: 0, at bin: 7[0m
CAN: [1;35mItem: 32, Level: 0, at bin: 17[0m
CAN: [1;35mItem: 33, Level: 0, at bin: 16[0m
CAN: [1;35mItem: 34, Level: 0, at bin: 12[0m
CAN: [1;35mItem: 35, Level: 0, at bin: 3[0m
CAN: [1;35mItem: 36, Level: 0, at bin: 0[0m
CAN: [1;35mItem: 37, Level: 0, at bin: 8[0m
CAN: [1;35mItem: 38, Level: 0, at bin: 11[0m
CAN: [1;35mItem: 39, Level: 0, at bin: 10[0m
MIP: [1;32mSolution: 
Indexes: [12, 10, 17, 2, 3, 8, 24, 2, 16, 4, 14, 15, 2, 26, 8, 18, 21, 18, 3, 6, 23, 6, 15, 12, 23, 21, 11, 21, 16, 14, 0, 7, 17, 16, 12, 3, 0, 8, 11, 10], P Variables: [12][10][17][2][3][8][24][2][16][4][14][15][2][26][8][18][21][18][3][6][23][6][15][12][23][21][11][21][16][14][0][7][17][16][12][3][0][8][11][10], Flow leaving each bin: [0m
MIP: [1;32mObjective value: 9815[0m
MIP: [1;32mLower Bound: 9815[0m
MIP: [1;32mBranch-and-Bound nodes: 1947[0m

# best solution:
best objective value:	9815
best dual bound value:	9815
optimality gap:	0%
CPU time:	3.8017
