ifile	/scratch/csagturk/mlbppo_inst/n0040_m01_p200__022.inst
prob	MLBPPO
threads	1
ttime	900
instance: /scratch/csagturk/mlbppo_inst/n0040_m01_p200__022.inst
	m=1, n=[40, 44], #pos=80
MIP: [1;32minit CPLEX[0m
CAN: [1;35mcreated 1760 x_{ijk} variables[0m
CAN: [1;35mcreated 84 y_{ij} variables[0m
CAN: [1;35mcreated 1760 p_{ijk} variables[0m
MIP: [1;32mcreated decision variables[0m
CAN: [1;35madded 40 constraints to enforce the packing of each item[0m
CAN: [1;35madded 0 constraints to enforce the packing of each item[0m
CAN: [1;35madded 44 capacity constraints[0m
MIP: [1;32mcreated constraints[0m
MIP: [1;32mcreated objective function[0m
MIP: [1;32mcalling CPLEX solve ...[0m
Version identifier: 22.1.0.0 | 2022-03-09 | 1a383f8ce
CPXPARAM_Threads                                 1
CPXPARAM_TimeLimit                               900
Tried aggregator 2 times.
MIP Presolve eliminated 2428 rows and 1229 columns.
MIP Presolve modified 7777 coefficients.
Aggregator did 1178 substitutions.
Reduced MIP has 1712 rows, 1157 columns, and 52520 nonzeros.
Reduced MIP has 1157 binaries, 0 generals, 0 SOSs, and 0 indicators.
Presolve time = 0.16 sec. (220.51 ticks)
Probing time = 0.00 sec. (7.36 ticks)
Cover probing fixed 4 vars, tightened 1 bounds.
Tried aggregator 1 time.
Detecting symmetries...
MIP Presolve eliminated 24 rows and 9 columns.
MIP Presolve modified 10 coefficients.
Reduced MIP has 1688 rows, 1148 columns, and 51582 nonzeros.
Reduced MIP has 1148 binaries, 0 generals, 0 SOSs, and 0 indicators.
Presolve time = 0.04 sec. (43.50 ticks)
Probing time = 0.00 sec. (7.90 ticks)
Clique table members: 7073.
MIP emphasis: balance optimality and feasibility.
MIP search method: dynamic search.
Parallel mode: none, using 1 thread.
Root relaxation solution time = 0.04 sec. (64.95 ticks)

        Nodes                                         Cuts/
   Node  Left     Objective  IInf  Best Integer    Best Bound    ItCnt     Gap

      0     0     8031.1600   194                   8031.1600      657         
      0     0     8047.2500    89                    Cuts: 12     1354         
*     0+    0                        10036.0000     8047.2500            19.82%
      0     0     8047.2500   125    10036.0000      Cuts: 66     1833   19.82%
*     0+    0                         9093.0000     8047.2500            11.50%
      0     0     8047.2500   111     9093.0000      Cuts: 23     2141   11.50%
*     0+    0                         9049.0000     8047.2500            11.07%
*     0+    0                         8614.0000     8047.2500             6.58%
      0     0  -1.00000e+75     0     8614.0000     8047.2500     2141    6.58%
      0     0     8047.2500   136     8614.0000      Cuts: 79     2431    6.58%
Detecting symmetries...
      0     2     8047.2500    88     8614.0000     8047.2500     2431    6.58%
Elapsed time = 0.86 sec. (1136.65 ticks, tree = 0.01 MB, solutions = 4)
      6     6     8047.8838    73     8614.0000     8047.2500     5205    6.58%
     50    32     8088.6667    81     8614.0000     8051.7343     8032    6.53%
    108    63     8071.0527    56     8614.0000     8061.6633     9934    6.41%
    186   123     8072.5706    77     8614.0000     8063.4250    11776    6.39%
    263   188     8374.3796    16     8614.0000     8067.7401    14099    6.34%
    354   250     8206.5747    63     8614.0000     8071.0527    15659    6.30%
    445   314     8155.4250    76     8614.0000     8071.0527    17752    6.30%
    508   353     8217.4658   113     8614.0000     8071.2632    19865    6.30%
    560   381     8350.3735   103     8614.0000     8071.2632    21764    6.30%
    781   545     8131.7026    68     8614.0000     8079.9895    29805    6.20%
Elapsed time = 2.92 sec. (4372.66 ticks, tree = 3.45 MB, solutions = 4)
*  1000+  545                         8478.0000     8083.7923             4.65%
   1073   594     8348.5403    63     8478.0000     8085.5500    37073    4.63%

Performing restart 1

Repeating presolve.
Tried aggregator 1 time.
MIP Presolve eliminated 612 rows and 316 columns.
MIP Presolve modified 32634 coefficients.
Reduced MIP has 1044 rows, 832 columns, and 14166 nonzeros.
Reduced MIP has 832 binaries, 0 generals, 0 SOSs, and 0 indicators.
Presolve time = 0.07 sec. (83.74 ticks)
Tried aggregator 1 time.
MIP Presolve eliminated 331 rows and 164 columns.
MIP Presolve modified 1692 coefficients.
Reduced MIP has 713 rows, 668 columns, and 7788 nonzeros.
Reduced MIP has 668 binaries, 0 generals, 0 SOSs, and 0 indicators.
Presolve time = 0.01 sec. (11.33 ticks)
Tried aggregator 1 time.
MIP Presolve eliminated 83 rows and 34 columns.
MIP Presolve modified 241 coefficients.
Reduced MIP has 630 rows, 634 columns, and 6759 nonzeros.
Reduced MIP has 634 binaries, 0 generals, 0 SOSs, and 0 indicators.
Presolve time = 0.01 sec. (8.22 ticks)
Tried aggregator 1 time.
MIP Presolve modified 66 coefficients.
Reduced MIP has 630 rows, 634 columns, and 6759 nonzeros.
Reduced MIP has 634 binaries, 0 generals, 0 SOSs, and 0 indicators.
Presolve time = 0.01 sec. (7.61 ticks)
Represolve time = 0.17 sec. (169.11 ticks)
   1110     0     8072.8924   162     8478.0000      Cuts: 54    40228    4.61%
   1110     0     8079.4817   161     8478.0000      Cuts: 47    40365    4.61%
   1110     0     8082.7221   159     8478.0000      Cuts: 33    40464    4.61%
   1110     0     8082.9338   165     8478.0000      Cuts: 30    40517    4.61%
   1110     0     8087.9525   169     8478.0000      Cuts: 27    40732    4.60%
   1110     0     8097.2551   154     8478.0000      Cuts: 26    40975    4.49%
   1110     0     8099.1405   156     8478.0000      Cuts: 24    41045    4.47%
   1110     0     8102.6163   165     8478.0000      Cuts: 28    41199    4.43%
   1110     0     8104.5311   164     8478.0000      Cuts: 31    41292    4.41%
   1110     0     8106.8326   171     8478.0000      Cuts: 27    41407    4.38%
   1110     0     8108.9998   166     8478.0000      Cuts: 25    41487    4.35%
   1110     0     8110.2445   182     8478.0000      Cuts: 20    41548    4.34%
   1110     0     8111.3828   186     8478.0000      Cuts: 22    41643    4.32%
   1110     0     8111.7546   179     8478.0000      Cuts: 16    41682    4.32%
   1110     0     8113.7413   185     8478.0000      Cuts: 17    41749    4.30%
   1110     0     8114.2518   181     8478.0000      Cuts: 31    41785    4.29%
   1110     0     8114.9518   183     8478.0000      Cuts: 13    41842    4.28%
   1110     0     8116.5729   189     8478.0000      Cuts: 20    41917    4.26%
   1110     0     8116.6477   192     8478.0000      Cuts: 12    41945    4.26%
   1110     0     8116.6939   193     8478.0000       Cuts: 9    41973    4.26%
   1110     0     8116.9264   197     8478.0000      Cuts: 20    42024    4.26%
   1110     2     8116.9264   195     8478.0000     8116.9646    42024    4.26%
   1159    28     8172.7734   133     8478.0000     8122.3962    44269    4.19%
   1376   183     8187.2631   130     8478.0000     8132.2379    53043    4.08%
   1615   370     8198.7539    96     8478.0000     8149.0333    62830    3.88%
*  1980   620      integral     0     8450.0000     8165.6114    75764    3.37%
   1992   619     8390.8131    89     8450.0000     8168.5572    76656    3.33%
   2275   759     8235.3210    53     8450.0000     8190.4028    91232    3.07%
   2541   893     8269.8040   118     8450.0000     8199.0545   104746    2.97%
   2794  1029     8290.1909    96     8450.0000     8204.4934   117731    2.91%
   3001  1125     8258.4714    80     8450.0000     8210.6126   131565    2.83%
Elapsed time = 11.82 sec. (14842.93 ticks, tree = 1.56 MB, solutions = 6)
*  3085  1170      integral     0     8431.0000     8211.0603   135231    2.61%
*  3127   911      integral     0     8357.0000     8213.5173   137992    1.72%
   3211   929     8346.1661    78     8357.0000     8217.0204   144628    1.67%
   3452   919        cutoff           8357.0000     8226.2402   159185    1.56%
   3665   941        cutoff           8357.0000     8233.1637   173208    1.48%
   3894   967     8312.3855    95     8357.0000     8241.7101   187405    1.38%
   4114   915     8362.2783    86     8357.0000     8251.8611   202166    1.26%
   4355   850        cutoff           8357.0000     8261.1558   216152    1.15%
   4653   804        cutoff           8357.0000     8271.4723   231508    1.02%
   5037   721     8310.9542    67     8357.0000     8286.6828   249833    0.84%
   5436   587        cutoff           8357.0000     8302.8716   265734    0.65%
   5963   249        cutoff           8357.0000     8329.6311   282366    0.33%
Elapsed time = 19.86 sec. (24455.72 ticks, tree = 0.35 MB, solutions = 8)

GUB cover cuts applied:  6
Clique cuts applied:  11
Cover cuts applied:  199
Implied bound cuts applied:  13
Flow cuts applied:  1
Mixed integer rounding cuts applied:  61
Zero-half cuts applied:  40
Gomory fractional cuts applied:  2

Root node processing (before b&c):
  Real time             =    0.85 sec. (1123.83 ticks)
Sequential b&c:
  Real time             =   19.28 sec. (23653.69 ticks)
                          ------------
Total (root+branch&cut) =   20.13 sec. (24777.52 ticks)
MIP: [1;32mCPLEX finished.[0m
MIP: [1;32mCPLEX status: Optimal[0m
CAN: [1;35mItem: 0, Level: 0, at bin: 38[0m
CAN: [1;35mItem: 1, Level: 0, at bin: 38[0m
CAN: [1;35mItem: 2, Level: 0, at bin: 3[0m
CAN: [1;35mItem: 3, Level: 0, at bin: 39[0m
CAN: [1;35mItem: 4, Level: 0, at bin: 21[0m
CAN: [1;35mItem: 5, Level: 0, at bin: 35[0m
CAN: [1;35mItem: 6, Level: 0, at bin: 21[0m
CAN: [1;35mItem: 7, Level: 0, at bin: 2[0m
CAN: [1;35mItem: 8, Level: 0, at bin: 21[0m
CAN: [1;35mItem: 9, Level: 0, at bin: 40[0m
CAN: [1;35mItem: 10, Level: 0, at bin: 34[0m
CAN: [1;35mItem: 11, Level: 0, at bin: 13[0m
CAN: [1;35mItem: 12, Level: 0, at bin: 13[0m
CAN: [1;35mItem: 13, Level: 0, at bin: 40[0m
CAN: [1;35mItem: 14, Level: 0, at bin: 17[0m
CAN: [1;35mItem: 15, Level: 0, at bin: 17[0m
CAN: [1;35mItem: 16, Level: 0, at bin: 16[0m
CAN: [1;35mItem: 17, Level: 0, at bin: 16[0m
CAN: [1;35mItem: 18, Level: 0, at bin: 17[0m
CAN: [1;35mItem: 19, Level: 0, at bin: 2[0m
CAN: [1;35mItem: 20, Level: 0, at bin: 16[0m
CAN: [1;35mItem: 21, Level: 0, at bin: 31[0m
CAN: [1;35mItem: 22, Level: 0, at bin: 29[0m
CAN: [1;35mItem: 23, Level: 0, at bin: 16[0m
CAN: [1;35mItem: 24, Level: 0, at bin: 34[0m
CAN: [1;35mItem: 25, Level: 0, at bin: 6[0m
CAN: [1;35mItem: 26, Level: 0, at bin: 31[0m
CAN: [1;35mItem: 27, Level: 0, at bin: 2[0m
CAN: [1;35mItem: 28, Level: 0, at bin: 21[0m
CAN: [1;35mItem: 29, Level: 0, at bin: 31[0m
CAN: [1;35mItem: 30, Level: 0, at bin: 38[0m
CAN: [1;35mItem: 31, Level: 0, at bin: 34[0m
CAN: [1;35mItem: 32, Level: 0, at bin: 34[0m
CAN: [1;35mItem: 33, Level: 0, at bin: 3[0m
CAN: [1;35mItem: 34, Level: 0, at bin: 6[0m
CAN: [1;35mItem: 35, Level: 0, at bin: 39[0m
CAN: [1;35mItem: 36, Level: 0, at bin: 34[0m
CAN: [1;35mItem: 37, Level: 0, at bin: 21[0m
CAN: [1;35mItem: 38, Level: 0, at bin: 40[0m
CAN: [1;35mItem: 39, Level: 0, at bin: 32[0m
MIP: [1;32mSolution: 
Indexes: [38, 38, 3, 39, 21, 35, 21, 2, 21, 40, 34, 13, 13, 40, 17, 17, 16, 16, 17, 2, 16, 31, 29, 16, 34, 6, 31, 2, 21, 31, 38, 34, 34, 3, 6, 39, 34, 21, 40, 32], P Variables: [38][38][3][39][21][35][21][2][21][40][34][13][13][40][17][17][16][16][17][2][16][31][29][16][34][6][31][2][21][31][38][34][34][3][6][39][34][21][40][32], Flow leaving each bin: [0m
MIP: [1;32mObjective value: 8357[0m
MIP: [1;32mLower Bound: 8357[0m
MIP: [1;32mBranch-and-Bound nodes: 6247[0m

# best solution:
best objective value:	8357
best dual bound value:	8357
optimality gap:	0%
CPU time:	20.0664
