ifile	/scratch/csagturk/mlbppo_inst/n0050_m02_p050__039.inst
prob	MLBPPO
threads	1
ttime	900
instance: /scratch/csagturk/mlbppo_inst/n0050_m02_p050__039.inst
	m=2, n=[50, 33, 23], #pos=25
MIP: [1;32minit CPLEX[0m
CAN: [1;35mcreated 2409 x_{ijk} variables[0m
CAN: [1;35mcreated 106 y_{ij} variables[0m
CAN: [1;35mcreated 2800 p_{ijk} variables[0m
MIP: [1;32mcreated decision variables[0m
CAN: [1;35madded 50 constraints to enforce the packing of each item[0m
CAN: [1;35madded 33 constraints to enforce the packing of each item[0m
CAN: [1;35madded 56 capacity constraints[0m
MIP: [1;32mcreated constraints[0m
MIP: [1;32mcreated objective function[0m
MIP: [1;32mcalling CPLEX solve ...[0m
Version identifier: 22.1.0.0 | 2022-03-09 | 1a383f8ce
CPXPARAM_Threads                                 1
CPXPARAM_TimeLimit                               900
Tried aggregator 3 times.
MIP Presolve eliminated 33015 rows and 24224 columns.
MIP Presolve modified 1326 coefficients.
Aggregator did 82635 substitutions.
Reduced MIP has 79557 rows, 55862 columns, and 201784 nonzeros.
Reduced MIP has 29556 binaries, 0 generals, 0 SOSs, and 64 indicators.
Presolve time = 0.62 sec. (4763.00 ticks)
Probing fixed 0 vars, tightened 33 bounds.
Probing time = 3.60 sec. (2893.82 ticks)
Tried aggregator 2 times.
MIP Presolve eliminated 197 rows and 227 columns.
Aggregator did 52415 substitutions.
Reduced MIP has 26947 rows, 3220 columns, and 96454 nonzeros.
Reduced MIP has 3220 binaries, 0 generals, 0 SOSs, and 0 indicators.
Presolve time = 0.23 sec. (224.38 ticks)
Probing time = 0.01 sec. (16.14 ticks)
Tried aggregator 1 time.
Detecting symmetries...
MIP Presolve eliminated 4 rows and 2 columns.
Reduced MIP has 26943 rows, 3218 columns, and 96446 nonzeros.
Reduced MIP has 3218 binaries, 0 generals, 0 SOSs, and 0 indicators.
Presolve time = 0.05 sec. (54.91 ticks)
Probing time = 0.01 sec. (5.31 ticks)
Clique table members: 3145.
MIP emphasis: balance optimality and feasibility.
MIP search method: dynamic search.
Parallel mode: none, using 1 thread.
Root relaxation solution time = 0.08 sec. (107.05 ticks)

        Nodes                                         Cuts/
   Node  Left     Objective  IInf  Best Integer    Best Bound    ItCnt     Gap

      0     0    22831.7143   215                  22831.7143      807         
      0     0    22841.2000   310                   Cuts: 214     2552         
      0     0    22858.1040   266                   Cuts: 130     6462         
      0     0    22858.1040   319                   Cuts: 161     9205         
      0     0    22858.1040   300                    Cuts: 70    11410         
      0     0    22858.1040   316                   Cuts: 157    14240         
*     0+    0                        31147.0000    22858.1040            26.61%
      0     2    22858.1040   254    31147.0000    22858.1040    14240   26.61%
Elapsed time = 23.12 sec. (29454.99 ticks, tree = 0.01 MB, solutions = 1)
      1     3    22858.1040   263    31147.0000    22858.1040    19511   26.61%
      3     5    22858.1040   318    31147.0000    22858.1040    21939   26.61%
      4     6    22858.1040   318    31147.0000    22858.1040    23448   26.61%
      5     7    22858.1040   380    31147.0000    22858.1040    26086   26.61%
      8    10    22858.1040   300    31147.0000    22858.1040    27149   26.61%
     10    12    22858.1040   275    31147.0000    22858.1040    27618   26.61%
     13    15    22860.4904   217    31147.0000    22858.1040    28521   26.61%
     18    20    22860.4904   198    31147.0000    22858.1040    29631   26.61%
     20    22    22860.4904   205    31147.0000    22858.1040    30211   26.61%
     33    35    22860.4904   204    31147.0000    22858.1040    32881   26.61%
Elapsed time = 30.43 sec. (38042.52 ticks, tree = 0.15 MB, solutions = 1)
     40    42    22860.4904   175    31147.0000    22858.1040    34582   26.61%
     62    64    22860.4904   202    31147.0000    22858.1040    39477   26.61%
     70    72    22861.2360   190    31147.0000    22858.1040    42952   26.61%
     81    83    22861.2360   177    31147.0000    22858.1040    45926   26.61%
    100   102    22865.4780   178    31147.0000    22858.1040    50546   26.61%
    122   124    22865.4780   150    31147.0000    22858.1040    56810   26.61%
    143   145    22865.4780   173    31147.0000    22858.1040    62180   26.61%
    156   158    22944.0765   140    31147.0000    22858.1040    67378   26.61%
*   170+  170                        26178.0000    22858.1040            12.68%
    177   179    23212.8091   109    26178.0000    22858.1040    73570   12.68%
    199   201    23147.5132   110    26178.0000    22858.1040    79124   12.68%
Elapsed time = 38.98 sec. (48999.86 ticks, tree = 1.27 MB, solutions = 2)
    240   242    23722.5989    45    26178.0000    22858.1040    83626   12.68%
*   260+  260                        24751.0000    22858.1040             7.65%
    282   284    24581.3372    45    24751.0000    22858.1040    85883    7.65%
*   290+  290                        24736.0000    22858.1040             7.59%
*   290+  290                        24626.0000    22858.1040             7.18%
    323   307    22858.1040   287    24626.0000    22858.1040    89385    7.18%
    337   321    22860.4904   197    24626.0000    22858.1040    92841    7.18%
    350   334    22873.4696   186    24626.0000    22858.1040    95375    7.18%
    367   351    22873.4696   204    24626.0000    22858.1040    97840    7.18%
    390   374    22890.2650   141    24626.0000    22858.1040   101675    7.18%
    410   394    22939.4857   148    24626.0000    22858.1040   105893    7.18%
    430   414    22939.4857   152    24626.0000    22858.1040   108271    7.18%
    449   433    22969.2786   147    24626.0000    22858.1040   113209    7.18%
Elapsed time = 51.62 sec. (65211.62 ticks, tree = 2.38 MB, solutions = 5)
    475   459    23068.9865    85    24626.0000    22858.1040   119435    7.18%
    501   485    22860.7083   233    24626.0000    22858.1040   125892    7.18%
    502   486    22858.1040   259    24626.0000    22858.1040   126243    7.18%

Performing restart 1

Repeating presolve.
Tried aggregator 1 time.
MIP Presolve modified 11782 coefficients.
Reduced MIP has 26943 rows, 3218 columns, and 90476 nonzeros.
Reduced MIP has 3218 binaries, 0 generals, 0 SOSs, and 0 indicators.
Presolve time = 0.06 sec. (67.14 ticks)
Tried aggregator 1 time.
MIP Presolve modified 238 coefficients.
Reduced MIP has 26943 rows, 3218 columns, and 90476 nonzeros.
Reduced MIP has 3218 binaries, 0 generals, 0 SOSs, and 0 indicators.
Presolve time = 0.07 sec. (70.26 ticks)
Represolve time = 0.37 sec. (358.07 ticks)
    503     0    22858.1040   296    24626.0000     Cuts: 172   140267    7.18%
    503     0    22859.8662   267    24626.0000     Cuts: 147   155386    7.17%
    503     0    22860.2984   293    24626.0000     Cuts: 121   169535    7.17%
    503     0    22860.2984   312    24626.0000     Cuts: 111   176020    7.17%
    503     0    22860.2984   334    24626.0000      Cuts: 83   181261    7.17%
    503     0    22860.2984   304    24626.0000      Cuts: 70   187141    7.17%
    503     0    22860.2984   310    24626.0000     Cuts: 124   194667    7.17%
    503     0    22860.2984   372    24626.0000      Cuts: 76   199106    7.17%
    503     2    22860.2984   372    24626.0000    22860.7434   199106    7.17%
    504     3    22861.4251   225    24626.0000    22862.0282   207413    7.16%
    505     4    22862.0282   230    24626.0000    22862.7187   223494    7.16%
    506     5    22875.2731   227    24626.0000    22862.7187   245819    7.16%
    507     6    22863.5023   276    24626.0000    22862.9031   256092    7.16%
    509     8    22863.6444   224    24626.0000    22862.9031   257046    7.16%
    512    11    22863.6444   212    24626.0000    22862.9031   257574    7.16%
Elapsed time = 221.77 sec. (261248.05 ticks, tree = 0.46 MB, solutions = 5)
    514    13    22863.6444   211    24626.0000    22862.9031   257683    7.16%
    517    16    22865.0107   205    24626.0000    22862.9031   258219    7.16%
    520    19    22879.6111   217    24626.0000    22862.9031   259180    7.16%
    523    20    22929.7320   219    24626.0000    22862.9031   259305    7.16%
    530    21    22932.4000   213    24626.0000    22862.9031   259373    7.16%
    538    22    22939.0864   216    24626.0000    22862.9031   259431    7.16%
    543    22    22943.6131   216    24626.0000    22862.9031   259454    7.16%
    553    32    22992.8814   217    24626.0000    22862.9031   259511    7.16%
    562    41    23020.0000   207    24626.0000    22862.9031   259841    7.16%
    569    48    23020.0000   197    24626.0000    22862.9031   260333    7.16%
Elapsed time = 229.56 sec. (273214.30 ticks, tree = 0.62 MB, solutions = 5)
    576    55    23020.0000   178    24626.0000    22862.9031   260736    7.16%
    581    60    23020.0000   188    24626.0000    22862.9031   261737    7.16%
    588    67    23020.0000   164    24626.0000    22862.9031   262560    7.16%
    592    71    23161.6571   168    24626.0000    22862.9031   264097    7.16%
    596    75    23020.0000   179    24626.0000    22862.9031   265764    7.16%
    603    82    23230.5714   152    24626.0000    22862.9031   266411    7.16%
    608    87    23158.8649   136    24626.0000    22862.9031   267535    7.16%
    616    94    23455.0000   147    24626.0000    22862.9031   267838    7.16%
    625    98    23455.0000   150    24626.0000    22862.9031   267997    7.16%
    636   104    23455.0000   136    24626.0000    22862.9031   268819    7.16%
Elapsed time = 236.16 sec. (283904.07 ticks, tree = 0.89 MB, solutions = 5)
    649   109    22863.9143   257    24626.0000    22863.6444   274740    7.16%
    651   111    22866.4987   261    24626.0000    22863.6444   275447    7.16%
    653   113    22872.4785   235    24626.0000    22863.6444   276247    7.16%
    658   118    22888.0714   211    24626.0000    22863.6444   277287    7.16%
    663   123    22919.8915   212    24626.0000    22863.6444   278236    7.16%
    673   133    22955.2902   223    24626.0000    22863.6444   279362    7.16%
    682   142    23013.9221   223    24626.0000    22863.6444   280438    7.16%
    697   157    23435.8571   217    24626.0000    22863.6444   281694    7.16%
    720   176    23624.0000   206    24626.0000    22863.6444   283385    7.16%
    733   185    23624.0000   185    24626.0000    22863.6444   285431    7.16%
Elapsed time = 265.56 sec. (319571.73 ticks, tree = 1.25 MB, solutions = 5)
    741   192    23624.0000   167    24626.0000    22863.6444   287647    7.16%
    751   199    23624.0000   172    24626.0000    22863.6444   289399    7.16%
    771   211    23624.0000   126    24626.0000    22863.6444   291812    7.16%
    774   210    22863.6444   213    24626.0000    22863.6444   292356    7.16%
    803   238    22942.7929   206    24626.0000    22863.6444   293324    7.16%
    828   263    23020.0000   218    24626.0000    22863.6444   293980    7.16%
    838   273    23020.0000   224    24626.0000    22863.6444   296423    7.16%
    859   293    23501.7692   170    24626.0000    22863.6444   298634    7.16%
    873   303    22863.6444   217    24626.0000    22863.6444   300039    7.16%
    903   330    22982.3333   220    24626.0000    22863.6444   300770    7.16%
Elapsed time = 313.42 sec. (376004.60 ticks, tree = 1.92 MB, solutions = 5)
    933   360    23020.0000   211    24626.0000    22863.6444   302437    7.16%
    946   373    23020.0000   214    24626.0000    22863.6444   304629    7.16%
    975   400    23455.0000   145    24626.0000    22863.6444   306840    7.16%
    985   401    22863.6444   198    24626.0000    22863.6444   308890    7.16%
   1035   450    23020.0000   216    24626.0000    22863.6444   310495    7.16%
   1055   470    23269.5294   200    24626.0000    22863.6444   312863    7.16%
   1081   489    23455.0000   163    24626.0000    22863.6444   315462    7.16%
   1094   498    22863.6444   213    24626.0000    22864.2460   316634    7.15%
   1144   548    23020.0000   203    24626.0000    22864.2460   318749    7.15%
   1165   569    23020.0000   241    24626.0000    22864.2460   321510    7.15%
Elapsed time = 348.31 sec. (415770.28 ticks, tree = 3.04 MB, solutions = 5)
   1183   587    23020.0000   215    24626.0000    22864.2460   323495    7.15%
   1209   609    22864.2460   252    24626.0000    22864.2595   325707    7.15%
   1216   616    22867.0649   222    24626.0000    22864.2595   326845    7.15%
   1227   627    22888.1594   208    24626.0000    22864.2595   327665    7.15%
   1237   637    22895.4627   316    24626.0000    22864.2595   328468    7.15%
   1248   648    23058.2292   226    24626.0000    22864.2595   329394    7.15%
   1263   661    23950.0000   221    24626.0000    22864.2595   330494    7.15%
   1285   682    23972.8947   176    24626.0000    22864.2595   333021    7.15%
   1310   699    infeasible          24626.0000    22864.2595   336131    7.15%
   1312   699    22864.2595   241    24626.0000    22864.3198   337384    7.15%
Elapsed time = 388.18 sec. (461848.00 ticks, tree = 3.43 MB, solutions = 5)
   1384   767    23344.0000   201    24626.0000    22864.3198   344860    7.15%
   1408   786    22864.3441   246    24626.0000    22864.3796   348273    7.15%
   1484   856    23404.0000   194    24626.0000    22864.8299   354640    7.15%
   1510   866    22892.2824   230    24626.0000    22865.0107   358973    7.15%
   1589   928    22865.0107   215    24626.0000    22865.0107   367985    7.15%
   1699  1037    23020.0000    99    24626.0000    22865.0107   380876    7.15%
   1725  1058    22865.0107   221    24626.0000    22867.1342   384322    7.14%
   1808  1140    23248.0000   167    24626.0000    22867.1342   389668    7.14%
   1835  1155    22867.2834   219    24626.0000    22867.3035   392696    7.14%
   1924  1236    23448.0000   185    24626.0000    22867.3035   399736    7.14%
Elapsed time = 466.04 sec. (553292.18 ticks, tree = 5.92 MB, solutions = 5)
   1997  1296    23337.5882   197    24626.0000    22867.8649   409593    7.14%
   2072  1365    22873.3760   213    24626.0000    22868.0974   417050    7.14%
   2171  1462    23651.0000   144    24626.0000    22868.0974   431072    7.14%
   2272  1554    23581.0000   208    24626.0000    22868.4802   442127    7.14%
   2344  1607    22914.0944   234    24626.0000    22868.4802   455402    7.14%
   2438  1693    infeasible          24626.0000    22868.4802   464806    7.14%
   2537  1775    22914.0944   232    24626.0000    22868.4802   475684    7.14%
   2635  1873    23865.0000   203    24626.0000    22868.4802   483703    7.14%
   2771  2009    24489.0000   107    24626.0000    22868.4802   492641    7.14%
   2926  2154    23442.0000   230    24626.0000    22868.4802   499598    7.14%
Elapsed time = 536.93 sec. (639077.50 ticks, tree = 10.02 MB, solutions = 5)
   2962  2180    22914.0944   216    24626.0000    22868.8543   504468    7.14%
   3053  2266    23442.0000   197    24626.0000    22868.8543   513650    7.14%
   3083  2286    infeasible          24626.0000    22868.8543   524938    7.14%
   3177  2364    22906.9878   206    24626.0000    22868.9167   533165    7.14%
   3309  2487    24017.0000   117    24626.0000    22868.9167   541001    7.14%
   3420  2581    23598.0000   140    24626.0000    22868.9167   551573    7.14%
   3438  2587    22906.9878   236    24626.0000    22868.9167   555523    7.14%
   3542  2674    22918.3119   197    24626.0000    22869.1811   566123    7.13%
   3655  2778    22912.5431   224    24626.0000    22869.1984   576401    7.13%
   3763  2881    infeasible          24626.0000    22869.1984   586359    7.13%
Elapsed time = 616.08 sec. (731223.06 ticks, tree = 13.34 MB, solutions = 5)
   3862  2965    23049.0000   201    24626.0000    22869.6770   596463    7.13%
   3903  2971    22941.1818   290    24626.0000    22872.5017   606288    7.12%
   3969  3035    infeasible          24626.0000    22872.5017   614199    7.12%
   4003  3063    22910.7769   226    24626.0000    22873.0791   621563    7.12%
   4019  3069    22921.0035   217    24626.0000    22873.0791   624147    7.12%
   4128  3172    23611.0000   254    24626.0000    22873.0791   634451    7.12%
   4172  3193    22911.6212   214    24626.0000    22873.5772   644532    7.12%
   4249  3269    23436.0000   217    24626.0000    22873.5772   653255    7.12%
   4272  3287    22892.7656   220    24626.0000    22874.0784   659230    7.11%
   4370  3382    23301.0000   139    24626.0000    22874.0784   669097    7.11%
Elapsed time = 680.27 sec. (806985.78 ticks, tree = 15.62 MB, solutions = 5)
   4373  3381    22879.9829   219    24626.0000    22874.0833   670276    7.11%
   4442  3446    23404.0000   215    24626.0000    22874.0833   677357    7.11%
   4474  3470    22906.9878   244    24626.0000    22874.0833   684494    7.11%
   4556  3542    22906.9878   212    24626.0000    22874.2343   692872    7.11%
   4642  3618    23598.0000   196    24626.0000    22874.2343   704226    7.11%
   4650  3622    22924.6661   243    24626.0000    22874.4235   706762    7.11%
   4737  3708    23778.0000   214    24626.0000    22874.4235   713701    7.11%
   4744  3711    22896.5748   225    24626.0000    22874.6649   715954    7.11%
   4845  3812    23044.0000   190    24626.0000    22874.6649   723421    7.11%
   4933  3900    23044.0000   194    24626.0000    22874.6649   731641    7.11%
Elapsed time = 736.84 sec. (874788.69 ticks, tree = 17.97 MB, solutions = 5)
   5035  3998    24605.0000   116    24626.0000    22874.6649   738751    7.11%
   5067  4021    22902.3249   236    24626.0000    22875.3012   741166    7.11%
   5149  4097    22879.0401   289    24626.0000    22875.4802   748678    7.11%
   5203  4147    23683.0000   212    24626.0000    22875.4802   752683    7.11%
   5251  4188    22903.3556   210    24626.0000    22875.4802   758440    7.11%
   5341  4269    22918.3654   215    24626.0000    22875.4802   769964    7.11%
   5436  4359    infeasible          24626.0000    22875.4802   778113    7.11%
   5458  4377    22903.3556   233    24626.0000    22875.4802   780361    7.11%
   5522  4439    23832.0000   252    24626.0000    22875.4802   788881    7.11%
   5595  4506    23446.3400   245    24626.0000    22875.4802   797896    7.11%
Elapsed time = 794.80 sec. (948051.23 ticks, tree = 20.90 MB, solutions = 5)
   5696  4599    24005.0000   179    24626.0000    22875.4802   806711    7.11%
   5718  4611    22922.4576   218    24626.0000    22875.4802   811194    7.11%
   5785  4671    22903.3556   227    24626.0000    22875.4802   819126    7.11%
   5863  4744    23832.0000   168    24626.0000    22875.4802   828904    7.11%
Starting limited solution polishing.
   5915  4771    22903.3556   209    24626.0000    22876.5164   839514    7.10%
   6001  4849    22898.4205   244    24626.0000    22876.5712   850205    7.10%
   6090  4934    23536.0000   187    24626.0000    22876.5712   857791    7.10%
   6110  4948    22919.0194   214    24626.0000    22876.6124   861296    7.10%
   6206  5038    22883.4217   219    24626.0000    22876.9487   871240    7.10%
   6312  5136    22902.6717   217    24626.0000    22878.1333   880568    7.10%
Elapsed time = 843.18 sec. (1008046.80 ticks, tree = 23.89 MB, solutions = 5)
*  6403+ 5216                        24619.0000    22878.1333             7.07%
*  6403+ 5078                        24391.0000    22878.1333             6.20%
   6403  5080    23612.0000   197    24391.0000    22878.1333   889570    6.20%
   6413  5086    22878.1333   237    24391.0000    22878.4328   892434    6.20%
   6503  5173    23395.0000   179    24391.0000    22878.4328   900582    6.20%
   6527  5193    22886.3106   219    24391.0000    22878.4791   904343    6.20%
   6616  5275    infeasible          24391.0000    22878.4791   911891    6.20%
   6648  5307    23547.8997   215    24391.0000    22879.1841   922765    6.20%
*  6703+ 5342                        24379.0000    22879.1841             6.15%
   6711  5346    23651.0000   209    24379.0000    22879.1841   933405    6.15%
   6723  5354    22879.5606   287    24379.0000    22879.5417   936770    6.15%
   6790  5413    23557.0000   218    24379.0000    22879.5417   946366    6.15%

Clique cuts applied:  13
Cover cuts applied:  38
Mixed integer rounding cuts applied:  30
Zero-half cuts applied:  11
Lift and project cuts applied:  2
Gomory fractional cuts applied:  6

Root node processing (before b&c):
  Real time             =   23.10 sec. (29409.58 ticks)
Sequential b&c:
  Real time             =  876.92 sec. (1047497.89 ticks)
                          ------------
Total (root+branch&cut) =  900.02 sec. (1076907.47 ticks)
MIP: [1;32mCPLEX finished.[0m
MIP: [1;32mCPLEX status: Feasible[0m
CAN: [1;35mItem: 0, Level: 0, at bin: 23[0m
CAN: [1;35mItem: 0, Level: 1, at bin: 9[0m
CAN: [1;35mItem: 1, Level: 0, at bin: 8[0m
CAN: [1;35mItem: 1, Level: 1, at bin: 15[0m
CAN: [1;35mItem: 2, Level: 0, at bin: 13[0m
CAN: [1;35mItem: 2, Level: 1, at bin: 21[0m
CAN: [1;35mItem: 3, Level: 0, at bin: 31[0m
CAN: [1;35mItem: 3, Level: 1, at bin: 20[0m
CAN: [1;35mItem: 4, Level: 0, at bin: 4[0m
CAN: [1;35mItem: 4, Level: 1, at bin: 22[0m
CAN: [1;35mItem: 5, Level: 0, at bin: 11[0m
CAN: [1;35mItem: 5, Level: 1, at bin: 14[0m
CAN: [1;35mItem: 6, Level: 0, at bin: 10[0m
CAN: [1;35mItem: 6, Level: 1, at bin: 17[0m
CAN: [1;35mItem: 7, Level: 0, at bin: 28[0m
CAN: [1;35mItem: 7, Level: 1, at bin: 11[0m
CAN: [1;35mItem: 8, Level: 0, at bin: 32[0m
CAN: [1;35mItem: 8, Level: 1, at bin: 20[0m
CAN: [1;35mItem: 9, Level: 0, at bin: 19[0m
CAN: [1;35mItem: 9, Level: 1, at bin: 21[0m
CAN: [1;35mItem: 10, Level: 0, at bin: 29[0m
CAN: [1;35mItem: 10, Level: 1, at bin: 19[0m
CAN: [1;35mItem: 11, Level: 0, at bin: 19[0m
CAN: [1;35mItem: 11, Level: 1, at bin: 21[0m
CAN: [1;35mItem: 12, Level: 0, at bin: 30[0m
CAN: [1;35mItem: 12, Level: 1, at bin: 1[0m
CAN: [1;35mItem: 13, Level: 0, at bin: 8[0m
CAN: [1;35mItem: 13, Level: 1, at bin: 15[0m
CAN: [1;35mItem: 14, Level: 0, at bin: 9[0m
CAN: [1;35mItem: 14, Level: 1, at bin: 9[0m
CAN: [1;35mItem: 15, Level: 0, at bin: 17[0m
CAN: [1;35mItem: 15, Level: 1, at bin: 0[0m
CAN: [1;35mItem: 16, Level: 0, at bin: 21[0m
CAN: [1;35mItem: 16, Level: 1, at bin: 6[0m
CAN: [1;35mItem: 17, Level: 0, at bin: 30[0m
CAN: [1;35mItem: 17, Level: 1, at bin: 1[0m
CAN: [1;35mItem: 18, Level: 0, at bin: 8[0m
CAN: [1;35mItem: 18, Level: 1, at bin: 15[0m
CAN: [1;35mItem: 19, Level: 0, at bin: 26[0m
CAN: [1;35mItem: 19, Level: 1, at bin: 6[0m
CAN: [1;35mItem: 20, Level: 0, at bin: 17[0m
CAN: [1;35mItem: 20, Level: 1, at bin: 0[0m
CAN: [1;35mItem: 21, Level: 0, at bin: 10[0m
CAN: [1;35mItem: 21, Level: 1, at bin: 17[0m
CAN: [1;35mItem: 22, Level: 0, at bin: 14[0m
CAN: [1;35mItem: 22, Level: 1, at bin: 22[0m
CAN: [1;35mItem: 23, Level: 0, at bin: 14[0m
CAN: [1;35mItem: 23, Level: 1, at bin: 22[0m
CAN: [1;35mItem: 24, Level: 0, at bin: 24[0m
CAN: [1;35mItem: 24, Level: 1, at bin: 15[0m
CAN: [1;35mItem: 25, Level: 0, at bin: 16[0m
CAN: [1;35mItem: 25, Level: 1, at bin: 11[0m
CAN: [1;35mItem: 26, Level: 0, at bin: 27[0m
CAN: [1;35mItem: 26, Level: 1, at bin: 5[0m
CAN: [1;35mItem: 27, Level: 0, at bin: 31[0m
CAN: [1;35mItem: 27, Level: 1, at bin: 20[0m
CAN: [1;35mItem: 28, Level: 0, at bin: 27[0m
CAN: [1;35mItem: 28, Level: 1, at bin: 5[0m
CAN: [1;35mItem: 29, Level: 0, at bin: 20[0m
CAN: [1;35mItem: 29, Level: 1, at bin: 17[0m
CAN: [1;35mItem: 30, Level: 0, at bin: 3[0m
CAN: [1;35mItem: 30, Level: 1, at bin: 8[0m
CAN: [1;35mItem: 31, Level: 0, at bin: 23[0m
CAN: [1;35mItem: 31, Level: 1, at bin: 9[0m
CAN: [1;35mItem: 32, Level: 0, at bin: 21[0m
CAN: [1;35mItem: 32, Level: 1, at bin: 6[0m
CAN: [1;35mItem: 33, Level: 0, at bin: 20[0m
CAN: [1;35mItem: 33, Level: 1, at bin: 17[0m
CAN: [1;35mItem: 34, Level: 0, at bin: 15[0m
CAN: [1;35mItem: 34, Level: 1, at bin: 13[0m
CAN: [1;35mItem: 35, Level: 0, at bin: 21[0m
CAN: [1;35mItem: 35, Level: 1, at bin: 6[0m
CAN: [1;35mItem: 36, Level: 0, at bin: 6[0m
CAN: [1;35mItem: 36, Level: 1, at bin: 13[0m
CAN: [1;35mItem: 37, Level: 0, at bin: 12[0m
CAN: [1;35mItem: 37, Level: 1, at bin: 1[0m
CAN: [1;35mItem: 38, Level: 0, at bin: 24[0m
CAN: [1;35mItem: 38, Level: 1, at bin: 15[0m
CAN: [1;35mItem: 39, Level: 0, at bin: 5[0m
CAN: [1;35mItem: 39, Level: 1, at bin: 19[0m
CAN: [1;35mItem: 40, Level: 0, at bin: 15[0m
CAN: [1;35mItem: 40, Level: 1, at bin: 13[0m
CAN: [1;35mItem: 41, Level: 0, at bin: 19[0m
CAN: [1;35mItem: 41, Level: 1, at bin: 21[0m
CAN: [1;35mItem: 42, Level: 0, at bin: 23[0m
CAN: [1;35mItem: 42, Level: 1, at bin: 9[0m
CAN: [1;35mItem: 43, Level: 0, at bin: 29[0m
CAN: [1;35mItem: 43, Level: 1, at bin: 19[0m
CAN: [1;35mItem: 44, Level: 0, at bin: 11[0m
CAN: [1;35mItem: 44, Level: 1, at bin: 14[0m
CAN: [1;35mItem: 45, Level: 0, at bin: 13[0m
CAN: [1;35mItem: 45, Level: 1, at bin: 21[0m
CAN: [1;35mItem: 46, Level: 0, at bin: 11[0m
CAN: [1;35mItem: 46, Level: 1, at bin: 14[0m
CAN: [1;35mItem: 47, Level: 0, at bin: 12[0m
CAN: [1;35mItem: 47, Level: 1, at bin: 1[0m
CAN: [1;35mItem: 48, Level: 0, at bin: 16[0m
CAN: [1;35mItem: 48, Level: 1, at bin: 11[0m
CAN: [1;35mItem: 49, Level: 0, at bin: 17[0m
CAN: [1;35mItem: 49, Level: 1, at bin: 0[0m
MIP: [1;32mSolution: 
Indexes: [23, 8, 13, 31, 4, 11, 10, 28, 32, 19, 29, 19, 30, 8, 9, 17, 21, 30, 8, 26, 17, 10, 14, 14, 24, 16, 27, 31, 27, 20, 3, 23, 21, 20, 15, 21, 6, 12, 24, 5, 15, 19, 23, 29, 11, 13, 11, 12, 16, 17][-1, -1, -1, 8, 22, 19, 13, -1, 15, 9, 17, 14, 1, 21, 22, 13, 11, 0, -1, 21, 17, 6, -1, 9, 15, -1, 6, 5, 11, 19, 1, 20, 20], P Variables: [23, 9][8, 15][13, 21][31, 20][4, 22][11, 14][10, 17][28, 11][32, 20][19, 21][29, 19][19, 21][30, 1][8, 15][9, 9][17, 0][21, 6][30, 1][8, 15][26, 6][17, 0][10, 17][14, 22][14, 22][24, 15][16, 11][27, 5][31, 20][27, 5][20, 17][3, 8][23, 9][21, 6][20, 17][15, 13][21, 6][6, 13][12, 1][24, 15][5, 19][15, 13][19, 21][23, 9][29, 19][11, 14][13, 21][11, 14][12, 1][16, 11][17, 0], Flow leaving each bin: [0m
MIP: [1;32mObjective value: 24379[0m
MIP: [1;32mLower Bound: 22879.5[0m
MIP: [1;32mBranch-and-Bound nodes: 6803[0m

# best solution:
best objective value:	24379
best dual bound value:	22879
optimality gap:	6.15284%
CPU time:	896.75
