ifile	/scratch/csagturk/mlbppo_inst/n0050_m03_p200__069.inst
prob	MLBPPO
threads	1
ttime	900
instance: /scratch/csagturk/mlbppo_inst/n0050_m03_p200__069.inst
	m=3, n=[50, 62, 54, 49], #pos=100
MIP: [1;32minit CPLEX[0m
CAN: [1;35mcreated 9094 x_{ijk} variables[0m
CAN: [1;35mcreated 215 y_{ij} variables[0m
CAN: [1;35mcreated 8250 p_{ijk} variables[0m
MIP: [1;32mcreated decision variables[0m
CAN: [1;35madded 50 constraints to enforce the packing of each item[0m
CAN: [1;35madded 116 constraints to enforce the packing of each item[0m
CAN: [1;35madded 165 capacity constraints[0m
MIP: [1;32mcreated constraints[0m
MIP: [1;32mcreated objective function[0m
MIP: [1;32mcalling CPLEX solve ...[0m
Version identifier: 22.1.0.0 | 2022-03-09 | 1a383f8ce
CPXPARAM_Threads                                 1
CPXPARAM_TimeLimit                               900
Presolve has eliminated 145410 rows and 287439 columns...
Tried aggregator 2 times.
MIP Presolve eliminated 409978 rows and 287439 columns.
MIP Presolve modified 9548 coefficients.
Aggregator did 492816 substitutions.
Reduced MIP has 487160 rows, 333367 columns, and 1368752 nonzeros.
Reduced MIP has 172544 binaries, 0 generals, 0 SOSs, and 231 indicators.
Presolve time = 5.49 sec. (202761.50 ticks)
Probing time = 3.71 sec. (837.86 ticks)
Tried aggregator 3 times.
MIP Presolve added 1 rows and 0 columns.
MIP Presolve modified 122 coefficients.
Aggregator did 321299 substitutions.
Reduced MIP has 165862 rows, 12068 columns, and 726155 nonzeros.
Reduced MIP has 11952 binaries, 116 generals, 0 SOSs, and 231 indicators.
Presolve time = 1.56 sec. (1302.53 ticks)
Probing fixed 0 vars, tightened 124 bounds.
Probing time = 2.50 sec. (4278.77 ticks)
Tried aggregator 1 time.
Detecting symmetries...
MIP Presolve eliminated 232 rows and 347 columns.
MIP Presolve modified 111 coefficients.
Reduced MIP has 165746 rows, 11721 columns, and 725692 nonzeros.
Reduced MIP has 11717 binaries, 4 generals, 0 SOSs, and 0 indicators.
Presolve time = 0.51 sec. (380.91 ticks)
Probing time = 0.25 sec. (308.92 ticks)
Clique table members: 353024.
MIP emphasis: balance optimality and feasibility.
MIP search method: dynamic search.
Parallel mode: none, using 1 thread.
Root relaxation solution time = 0.48 sec. (548.81 ticks)

        Nodes                                         Cuts/
   Node  Left     Objective  IInf  Best Integer    Best Bound    ItCnt     Gap

      0     0    25808.8527   232                  25808.8527     1151         
      0     0    25814.9086   376                   Cuts: 240     4300         
      0     0    25825.3653   451                   Cuts: 172    10117         
      0     0    25827.9730   462                   Cuts: 144    19594         
      0     0    25832.3696   341                   Cuts: 136    38116         
      0     0    25835.9117   306                   Cuts: 136    47753         
      0     0    25837.0711   371                   Cuts: 201    51009         
      0     0    25838.4008   374                   Cuts: 139    55577         
Heuristic still looking.
Heuristic still looking.
      0     2    25838.4008   374                  25838.4740    55577         
Elapsed time = 483.85 sec. (403419.51 ticks, tree = 0.01 MB, solutions = 0)
      1     3    25853.4759   338                  25840.5189    63799         
      2     4    25849.7248   269                  25850.1886    79690         
      4     6    25919.4032   313                  25850.1886    83729         
      5     7    25859.9076   251                  25850.1886    84154         
      6     8    25859.9076   260                  25850.1886    84430         
      7     9    25859.9076   251                  25850.1886    85474         
      8    10    25859.9076   251                  25850.1886    85761         
      9    11    25859.9076   243                  25850.1886    86213         
     10    12    25859.9076   253                  25850.1886    86687         
     14    16    25859.9076   300                  25850.1886    89292         
Elapsed time = 709.05 sec. (488507.64 ticks, tree = 0.33 MB, solutions = 0)
     18    20    25869.2065   257                  25850.1886    91553         
     22    24    25869.2065   254                  25850.1886    92604         
     26    28    25869.2065   254                  25850.1886    93529         
     30    32    25932.8949   266                  25850.1886    95376         
     34    36    25869.2065   252                  25850.1886    96568         
     38    40    25869.2065   261                  25850.1886    98502         
     41    43    25870.2649   271                  25850.1886    99714         
     43    45    25870.5158   282                  25850.1886   101001         
     47    49    25870.5158   265                  25850.1886   102716         
     50    52    25870.5158   267                  25850.1886   104763         
Elapsed time = 721.38 sec. (500237.76 ticks, tree = 1.18 MB, solutions = 0)
     51    53    25870.5158   265                  25850.1886   104773         
     55    57    25870.5158   275                  25850.1886   108620         
     59    61    25870.5158   254                  25850.1886   109826         
     60    62    25870.5158   267                  25850.1886   110975         
     64    66    25930.1829   256                  25850.1886   112681         
     68    70    25870.5158   275                  25850.1886   113718         
     70    72    25871.1290   260                  25850.1886   116993         
     73    75    25944.4187   308                  25850.1886   118515         
     76    78    25902.2358   248                  25850.1886   120728         
     78    80    25962.9221   243                  25850.1886   123054         
Elapsed time = 739.70 sec. (516406.55 ticks, tree = 2.53 MB, solutions = 0)
     81    83    25962.9221   267                  25850.1886   125454         
     84    86    25970.0302   257                  25850.1886   127586         
     86    88    25962.9221   256                  25850.1886   129089         
     88    90    25962.9221   255                  25850.1886   130777         
     90    92    25962.9221   251                  25850.1886   133034         
     94    96    25962.9221   269                  25850.1886   134753         
     98   100    25962.9221   267                  25850.1886   136420         
    100   102    25962.9221   271                  25850.1886   138196         
    103   105    26038.0502   283                  25850.1886   140143         
    105   107    25962.9221   280                  25850.1886   142593         
Elapsed time = 754.52 sec. (529288.64 ticks, tree = 3.18 MB, solutions = 0)
    108   110    26032.9147   321                  25850.1886   143856         
    110   112    25962.9221   308                  25850.1886   145612         
    111   113    25962.9221   278                  25850.1886   146261         
    113   115    25962.9221   297                  25850.1886   147863         
    116   118    25962.9221   278                  25850.1886   150219         
    118   120    25962.9221   264                  25850.1886   152101         
    120   122    25962.9221   306                  25850.1886   157644         
    122   124    25972.1185   322                  25850.1886   159857         
    125   127    25962.9221   336                  25850.1886   162848         
    129   131    25962.9221   328                  25850.1886   164741         
Elapsed time = 775.88 sec. (546013.04 ticks, tree = 3.74 MB, solutions = 0)
    130   132    25979.6114   318                  25850.1886   166595         
    132   134    26038.4081   306                  25850.1886   168262         
    134   136    26257.8576   342                  25850.1886   172339         
    136   138    26240.9149   297                  25850.1886   173697         
    138   140    26240.9149   270                  25850.1886   175399         
    139   141    26243.1048   340                  25850.1886   176242         
    140   142    26283.2377   359                  25850.1886   179219         
    141   143    26244.5275   387                  25850.1886   181609         
    142   144    26389.0569   324                  25850.1886   183926         
    144   146    26391.0656   345                  25850.1886   185672         
Elapsed time = 793.51 sec. (559549.62 ticks, tree = 4.13 MB, solutions = 0)
    146   148    26408.4151   316                  25850.1886   188880         
    148   150    26409.4614   259                  25850.1886   191858         
    149   151    26426.9763   332                  25850.1886   192642         
    151   153    26476.7494   272                  25850.1886   194369         
    152   154    26550.3756   268                  25850.1886   196265         
    153   155    26554.7393   285                  25850.1886   198004         
    155   157    26497.1623   262                  25850.1886   200158         
    157   159    26753.0598   270                  25850.1886   202204         
    160   162    26535.8000   235                  25850.1886   203182         
    163   165    26535.8000   214                  25850.1886   205745         
Elapsed time = 811.03 sec. (573386.28 ticks, tree = 4.59 MB, solutions = 0)
    165   167    26545.8105   245                  25850.1886   208739         
    167   169    26609.3604   268                  25850.1886   210511         
    169   171    26671.8978   286                  25850.1886   216064         
    171   173    26625.6465   286                  25850.1886   218731         
    173   175    26862.4987   207                  25850.1886   221319         
    175   177    27154.3009   356                  25850.1886   224737         
    178   180    26892.9210   253                  25850.1886   226713         
    182   184    27259.3495   236                  25850.1886   230899         
    184   186    28175.2190   267                  25850.1886   233111         
    185   187    27051.2863   241                  25850.1886   233182         
Elapsed time = 829.20 sec. (588755.34 ticks, tree = 5.11 MB, solutions = 0)
    187   189    27110.4000   259                  25850.1886   236313         
    189   191    27110.4000   266                  25850.1886   239113         
    191   193    27113.0639   282                  25850.1886   241592         
    193   195    27119.7323   239                  25850.1886   243103         
    195   197    27195.2619   301                  25850.1886   244585         
    197   199    27206.0906   224                  25850.1886   247126         
    198   200    27359.0320   297                  25850.1886   249366         
    200   202    27384.5821   304                  25850.1886   253282         
    202   204    27208.4585   258                  25850.1886   255205         
    206   208    27871.7061   251                  25850.1886   257456         
Elapsed time = 844.47 sec. (601575.09 ticks, tree = 7.00 MB, solutions = 0)
    209   211    27219.7737   230                  25850.1886   259810         
    211   213    27696.3619   261                  25850.1886   261495         
    215   217    27241.1424   267                  25850.1886   263488         
    217   219    27245.0026   254                  25850.1886   265600         
    222   224    27713.7500   275                  25850.1886   268023         
    226   228    27898.8618   288                  25850.1886   270831         
    230   232    27635.5149   254                  25850.1886   273842         
    233   235    27632.7001   257                  25850.1886   277420         
    236   238    27776.5150   255                  25850.1886   280344         
    245   247    28343.9348   220                  25850.1886   288760         
Elapsed time = 861.03 sec. (616802.37 ticks, tree = 7.95 MB, solutions = 0)
    259   261    27952.6757   204                  25850.1886   295350         
    270   272    28658.7266   254                  25850.1886   301771         
    283   285    28105.4821   226                  25850.1886   310317         
    296   298    29323.4708   184                  25850.1886   318990         
    314   316    29969.3686   215                  25850.1886   326937         
    330   330    30954.6170   132                  25850.1886   334950         
    360   360    32183.8852   106                  25850.1886   343009         
    390   390    32735.3346   116                  25850.1886   350438         
    416   416    34351.9462    66                  25850.1886   354731         
    452   450    35428.1338    51                  25850.1886   357731         
Elapsed time = 897.92 sec. (656714.21 ticks, tree = 12.92 MB, solutions = 0)

Clique cuts applied:  9
Cover cuts applied:  35
Implied bound cuts applied:  9
Flow cuts applied:  3
Mixed integer rounding cuts applied:  30
Zero-half cuts applied:  36
Gomory fractional cuts applied:  4

Root node processing (before b&c):
  Real time             =  482.01 sec. (399687.18 ticks)
Sequential b&c:
  Real time             =  418.05 sec. (260730.95 ticks)
                          ------------
Total (root+branch&cut) =  900.06 sec. (660418.13 ticks)
MIP: [1;32mCPLEX finished.[0m
MIP: [1;32mCPLEX status: Unknown[0m
MIP: [1;32mNo feasible solution exits[0m
