ifile	/scratch/csagturk/mlbppo_inst/n0050_m04_p100__098.inst
prob	MLBPPO
threads	1
ttime	900
instance: /scratch/csagturk/mlbppo_inst/n0050_m04_p100__098.inst
	m=4, n=[50, 34, 29, 29, 32], #pos=50
MIP: [1;32minit CPLEX[0m
CAN: [1;35mcreated 4455 x_{ijk} variables[0m
CAN: [1;35mcreated 174 y_{ij} variables[0m
CAN: [1;35mcreated 6200 p_{ijk} variables[0m
MIP: [1;32mcreated decision variables[0m
CAN: [1;35madded 50 constraints to enforce the packing of each item[0m
CAN: [1;35madded 92 constraints to enforce the packing of each item[0m
CAN: [1;35madded 124 capacity constraints[0m
MIP: [1;32mcreated constraints[0m
MIP: [1;32mcreated objective function[0m
MIP: [1;32mcalling CPLEX solve ...[0m
Version identifier: 22.1.0.0 | 2022-03-09 | 1a383f8ce
CPXPARAM_Threads                                 1
CPXPARAM_TimeLimit                               900
Presolve has eliminated 34250 rows and 69043 columns...
Tried aggregator 3 times.
MIP Presolve eliminated 96782 rows and 69043 columns.
MIP Presolve modified 4321 coefficients.
Aggregator did 318533 substitutions.
Reduced MIP has 313628 rows, 216390 columns, and 788003 nonzeros.
Reduced MIP has 112398 binaries, 0 generals, 0 SOSs, and 180 indicators.
Presolve time = 3.03 sec. (63003.30 ticks)
Elapsed time = 17.63 sec. (10001.14 ticks) for 14% of probing
Probing fixed 0 vars, tightened 141 bounds.
Probing time = 18.09 sec. (10308.51 ticks)
Tried aggregator 2 times.
MIP Presolve eliminated 541 rows and 633 columns.
MIP Presolve modified 4 coefficients.
Aggregator did 207431 substitutions.
Reduced MIP has 105661 rows, 8326 columns, and 371885 nonzeros.
Reduced MIP has 8326 binaries, 0 generals, 0 SOSs, and 0 indicators.
Presolve time = 1.08 sec. (875.48 ticks)
Probing time = 0.04 sec. (36.81 ticks)
Tried aggregator 2 times.
Detecting symmetries...
MIP Presolve eliminated 11 rows and 6 columns.
Aggregator did 1 substitutions.
Reduced MIP has 105649 rows, 8319 columns, and 371861 nonzeros.
Reduced MIP has 8319 binaries, 0 generals, 0 SOSs, and 0 indicators.
Presolve time = 0.51 sec. (411.39 ticks)
Probing time = 0.01 sec. (8.79 ticks)
Clique table members: 5696.
MIP emphasis: balance optimality and feasibility.
MIP search method: dynamic search.
Parallel mode: none, using 1 thread.
Root relaxation solution time = 0.45 sec. (469.98 ticks)

        Nodes                                         Cuts/
   Node  Left     Objective  IInf  Best Integer    Best Bound    ItCnt     Gap

      0     0    37312.6637   401                  37312.6637     2080         
      0     0    37539.3622   510                   Cuts: 141     6397         
      0     0    37543.0741   553                   Cuts: 223    18583         
      0     0    37550.0992   544                   Cuts: 125    25605         
      0     0    37557.4394   556                   Cuts: 203    34355         
      0     0    37574.6321   634                   Cuts: 159    41443         
      0     0    37583.7074   522                   Cuts: 166    52236         
      0     0    37599.0145   538                   Cuts: 136    62342         
      0     0    37610.6058   529                   Cuts: 138    67680         
      0     0    37623.0755   611                   Cuts: 205    71246         
      0     0    37627.4211   581                   Cuts: 135    76622         
      0     0    37630.8553   568                   Cuts: 180    81276         
      0     0    37639.4164   556                   Cuts: 149    87644         
      0     0    37645.7195   528                   Cuts: 110    90663         
      0     0    37649.2944   565                   Cuts: 120    95631         
      0     0    37653.3071   536                   Cuts: 160   102278         
      0     0    37659.7266   501                   Cuts: 143   108515         
      0     0    37661.2850   580                   Cuts: 129   111621         
Heuristic still looking.
Heuristic still looking.
      0     2    37661.2850   580                  37661.5663   111621         
Elapsed time = 362.11 sec. (277835.87 ticks, tree = 0.01 MB, solutions = 0)
      1     3    37672.9371   576                  37663.3568   114844         
      2     4    37669.6520   548                  37670.0296   117198         
      3     5    37672.9342   520                  37670.4250   119012         
      4     6    37692.4334   481                  37670.4250   126807         
      5     7    37699.4924   495                  37670.4250   129335         
      6     8    37720.2041   498                  37670.4250   138571         
      7     9    37706.4995   439                  37670.4250   139333         
      8    10    37706.4995   472                  37670.4250   141464         
      9    11    37730.3678   444                  37670.4250   142556         
     10    12    37744.1417   444                  37670.4250   144322         
Elapsed time = 419.74 sec. (313997.74 ticks, tree = 0.14 MB, solutions = 0)
     11    13    37783.8733   509                  37670.4250   150016         
     13    15    37845.2184   562                  37670.4250   156185         
     14    16    37749.2607   535                  37670.4250   157953         
     15    17    37749.2607   536                  37670.4250   161285         
     16    18    37772.7047   536                  37670.4250   166565         
     17    19    37762.5008   541                  37670.4250   171958         
     19    21    37829.3426   518                  37670.4250   175703         
     20    22    37988.3176   493                  37670.4250   177979         
     21    23    37905.6854   588                  37670.4250   182859         
     24    26    37861.9246   508                  37670.4250   185582         
Elapsed time = 472.47 sec. (346881.87 ticks, tree = 4.40 MB, solutions = 0)
     37    39    37861.9246   472                  37670.4250   187520         
     40    42    37861.9246   476                  37670.4250   187708         
     57    59    37888.3818   561                  37670.4250   189814         
     59    61    37923.0812   543                  37670.4250   192912         
     76    78    37871.2509   501                  37670.4250   194565         
     80    82    37871.2509   519                  37670.4250   195236         
     90    92    37947.0842   505                  37670.4250   196258         
     94    96    37879.9240   497                  37670.4250   198764         
     97    99    38183.6508   496                  37670.4250   201417         
    100   102    37890.8915   515                  37670.4250   203493         
Elapsed time = 492.92 sec. (363553.28 ticks, tree = 5.60 MB, solutions = 0)
    101   103    37891.8561   519                  37670.4250   205395         
    102   104    37946.2089   570                  37670.4250   207854         
    104   106    37904.4424   496                  37670.4250   210487         
    107   109    38057.2679   536                  37670.4250   213669         
    109   111    37980.7862   560                  37670.4250   216248         
    115   117    37904.4424   583                  37670.4250   218674         
    117   119    37904.4424   533                  37670.4250   221007         
    120   122    37904.4424   494                  37670.4250   222190         
    122   124    37904.4424   535                  37670.4250   224441         
    124   126    37908.6804   628                  37670.4250   229179         
Elapsed time = 518.53 sec. (382234.88 ticks, tree = 5.98 MB, solutions = 0)
    126   128    37904.4424   568                  37670.4250   230969         
    127   129    38057.2679   518                  37670.4250   234329         
    128   130    38057.2679   516                  37670.4250   237514         
    129   131    38057.2679   568                  37670.4250   241330         
    130   132    38057.2679   546                  37670.4250   244694         
    131   133    38066.4525   540                  37670.4250   248182         
    132   134    38066.4525   533                  37670.4250   250437         
    133   135    38066.4525   551                  37670.4250   255314         
    134   136    38066.4525   553                  37670.4250   257172         
    135   137    38066.4525   504                  37670.4250   259460         
Elapsed time = 559.31 sec. (409537.52 ticks, tree = 6.17 MB, solutions = 0)
    136   138    38066.4525   491                  37670.4250   265133         
    137   139    38066.4525   583                  37670.4250   269722         
    138   140    38067.3954   483                  37670.4250   273432         
    139   141    38125.5182   544                  37670.4250   276830         
    140   142    38088.2754   487                  37670.4250   281479         
    141   143    38088.2754   473                  37670.4250   284112         
    142   144    38088.2754   523                  37670.4250   288925         
    143   145    38088.2754   521                  37670.4250   293169         
    144   146    38088.2754   508                  37670.4250   297299         
    145   147    38088.2754   486                  37670.4250   300859         
Elapsed time = 636.01 sec. (456579.76 ticks, tree = 6.33 MB, solutions = 0)
    146   148    38088.2754   485                  37670.4250   305886         
    147   149    38132.5304   543                  37670.4250   309988         
    148   150    38212.0885   643                  37670.4250   324134         
    149   151    38134.0500   595                  37670.4250   328519         
    150   152    38373.3111   580                  37670.4250   333955         
    151   153    38134.0500   597                  37670.4250   338613         
    152   154    38208.4155   608                  37670.4250   342166         
    153   155    38134.0500   576                  37670.4250   344708         
    154   156    38152.8108   570                  37670.4250   347255         
    155   157    38203.8329   587                  37670.4250   351812         
Elapsed time = 738.78 sec. (513069.57 ticks, tree = 6.47 MB, solutions = 0)
    156   158    38292.0642   496                  37670.4250   355702         
    157   159    38292.0642   487                  37670.4250   358376         
    158   160    38295.8288   528                  37670.4250   362179         
    159   161    38297.4755   518                  37670.4250   365963         
    160   162    38297.4755   508                  37670.4250   366084         
    161   163    38297.4755   506                  37670.4250   367803         
    166   168    38298.6325   481                  37670.4250   369560         
    173   175    38298.6325   439                  37670.4250   371198         
    179   181    38298.6325   441                  37670.4250   373219         
    182   184    38379.7333   453                  37670.4250   374812         
Elapsed time = 769.48 sec. (534192.81 ticks, tree = 6.91 MB, solutions = 0)
    185   187    38378.3610   452                  37670.4250   377428         
    190   192    38378.9861   506                  37670.4250   379469         
    195   197    38541.6081   481                  37670.4250   381743         
    208   210    38549.3918   444                  37670.4250   384747         
    212   214    38919.3741   475                  37670.4250   389895         
    226   228    38574.5025   443                  37670.4250   392678         
    238   240    38753.4825   445                  37670.4250   396864         
    240   242    38638.4824   431                  37670.4250   398294         
    244   246    38681.5869   432                  37670.4250   401804         
    249   251    38951.0958   402                  37670.4250   405832         
Elapsed time = 788.99 sec. (548718.73 ticks, tree = 7.98 MB, solutions = 0)
    252   254    39467.8550   382                  37670.4250   409460         
    255   257    39502.0005   406                  37670.4250   412642         
    263   265    39509.4500   377                  37670.4250   414653         
    270   272    40125.9990   358                  37670.4250   418302         
    277   277    40224.0933   410                  37670.4250   421811         
    283   283    40431.7771   396                  37670.4250   422846         
    297   297    40546.2981   356                  37670.4250   426256         
    310   310    41169.2155   396                  37670.4250   429523         
    320   320    41362.1308   416                  37670.4250   433452         
    346   346    42324.4258   291                  37670.4250   443309         
Elapsed time = 806.12 sec. (562313.82 ticks, tree = 9.52 MB, solutions = 0)
    389   383    43152.7625   263                  37670.4250   453597         
    444   424    37705.8859   480                  37672.9371   465208         
    470   450    37706.9142   492                  37672.9371   471930         

Performing restart 1

Repeating presolve.
Tried aggregator 1 time.
MIP Presolve modified 48724 coefficients.
Reduced MIP has 105649 rows, 8319 columns, and 348341 nonzeros.
Reduced MIP has 8319 binaries, 0 generals, 0 SOSs, and 0 indicators.
Presolve time = 0.30 sec. (258.94 ticks)
Tried aggregator 1 time.
MIP Presolve modified 1138 coefficients.
Reduced MIP has 105649 rows, 8319 columns, and 348341 nonzeros.
Reduced MIP has 8319 binaries, 0 generals, 0 SOSs, and 0 indicators.
Presolve time = 0.36 sec. (264.20 ticks)
Represolve time = 0.94 sec. (785.29 ticks)
    472     0    37526.5679   683                   Cuts: 245   492048         
    472     0    37552.5310   668                   Cuts: 224   499042         

Clique cuts applied:  33
Cover cuts applied:  87
Implied bound cuts applied:  14
Flow cuts applied:  2
Mixed integer rounding cuts applied:  132
Zero-half cuts applied:  135
Lift and project cuts applied:  39
Gomory fractional cuts applied:  9

Root node processing (before b&c):
  Real time             =  361.97 sec. (277523.82 ticks)
Sequential b&c:
  Real time             =  538.05 sec. (345393.28 ticks)
                          ------------
Total (root+branch&cut) =  900.02 sec. (622917.10 ticks)
MIP: [1;32mCPLEX finished.[0m
MIP: [1;32mCPLEX status: Unknown[0m
MIP: [1;32mNo feasible solution exits[0m
