ifile	/scratch/csagturk/mlbppo_inst/n0050_m02_p100__008.inst
prob	MLBPPO
threads	1
ttime	900
instance: /scratch/csagturk/mlbppo_inst/n0050_m02_p100__008.inst
	m=2, n=[50, 31, 27], #pos=50
MIP: [1;32minit CPLEX[0m
CAN: [1;35mcreated 2387 x_{ijk} variables[0m
CAN: [1;35mcreated 108 y_{ij} variables[0m
CAN: [1;35mcreated 2900 p_{ijk} variables[0m
MIP: [1;32mcreated decision variables[0m
CAN: [1;35madded 50 constraints to enforce the packing of each item[0m
CAN: [1;35madded 31 constraints to enforce the packing of each item[0m
CAN: [1;35madded 58 capacity constraints[0m
MIP: [1;32mcreated constraints[0m
MIP: [1;32mcreated objective function[0m
MIP: [1;32mcalling CPLEX solve ...[0m
Version identifier: 22.1.0.0 | 2022-03-09 | 1a383f8ce
CPXPARAM_Threads                                 1
CPXPARAM_TimeLimit                               900
Tried aggregator 3 times.
MIP Presolve eliminated 52522 rows and 38114 columns.
MIP Presolve modified 2758 coefficients.
Aggregator did 74725 substitutions.
Reduced MIP has 72090 rows, 50377 columns, and 204582 nonzeros.
Reduced MIP has 26811 binaries, 0 generals, 0 SOSs, and 59 indicators.
Presolve time = 0.68 sec. (4658.29 ticks)
Probing fixed 0 vars, tightened 32 bounds.
Probing time = 5.20 sec. (3881.39 ticks)
Tried aggregator 2 times.
MIP Presolve eliminated 234 rows and 219 columns.
MIP Presolve modified 10 coefficients.
Aggregator did 46945 substitutions.
Reduced MIP has 24914 rows, 3213 columns, and 107936 nonzeros.
Reduced MIP has 3213 binaries, 0 generals, 0 SOSs, and 0 indicators.
Presolve time = 0.26 sec. (238.58 ticks)
Probing time = 0.02 sec. (22.32 ticks)
Tried aggregator 1 time.
Detecting symmetries...
MIP Presolve eliminated 9 rows and 5 columns.
Reduced MIP has 24905 rows, 3208 columns, and 107839 nonzeros.
Reduced MIP has 3208 binaries, 0 generals, 0 SOSs, and 0 indicators.
Presolve time = 0.09 sec. (88.33 ticks)
Probing time = 0.01 sec. (5.29 ticks)
Clique table members: 6305.
MIP emphasis: balance optimality and feasibility.
MIP search method: dynamic search.
Parallel mode: none, using 1 thread.
Root relaxation solution time = 0.08 sec. (93.77 ticks)

        Nodes                                         Cuts/
   Node  Left     Objective  IInf  Best Integer    Best Bound    ItCnt     Gap

      0     0    20251.0404   194                  20251.0404      738         
      0     0    20251.0404   302                   Cuts: 195     2540         
      0     0    20265.4665   306                    Cuts: 58     4991         
      0     0    20265.4665   293                   Cuts: 145     8090         
      0     0    20265.4665   384                   Cuts: 151    10592         
*     0+    0                        28505.0000    20265.4665            28.91%
      0     2    20265.4665   229    28505.0000    20265.4665    10592   28.91%
Elapsed time = 21.01 sec. (25295.76 ticks, tree = 0.01 MB, solutions = 1)
      1     3    20265.4665   231    28505.0000    20265.4665    16475   28.91%
      2     4    20265.4665   261    28505.0000    20265.4665    18347   28.91%
      3     5    20265.4665   306    28505.0000    20265.4665    21622   28.91%
      5     7    20265.4665   289    28505.0000    20265.4665    22894   28.91%
      8    10    20265.4665   228    28505.0000    20265.4665    24019   28.91%
     10    12    20265.4665   218    28505.0000    20265.4665    24266   28.91%
     16    18    20265.4665   252    28505.0000    20265.4665    25156   28.91%
     20    22    20265.4665   238    28505.0000    20265.4665    25924   28.91%
     24    26    20265.4665   212    28505.0000    20265.4665    27205   28.91%
     40    42    20265.4665   181    28505.0000    20265.4665    30880   28.91%
Elapsed time = 30.18 sec. (35085.96 ticks, tree = 1.43 MB, solutions = 1)
     59    61    20362.7218   149    28505.0000    20265.4665    36237   28.91%
     70    72    20265.6499   156    28505.0000    20265.4665    40054   28.91%
     81    83    20398.7744   160    28505.0000    20265.4665    45330   28.91%
     91    93    20279.1882   196    28505.0000    20265.4665    49891   28.91%
    106   108    20279.3461   158    28505.0000    20265.4665    54956   28.91%
    115   117    20281.4645   198    28505.0000    20265.4665    59607   28.91%
    122   124    20366.8145   161    28505.0000    20265.4665    64583   28.91%
    131   131    20408.8604   161    28505.0000    20265.4665    68962   28.91%
    148   144    20265.4665   178    28505.0000    20265.4665    74964   28.91%
    154   150    20265.5550   179    28505.0000    20265.4665    76099   28.91%
Elapsed time = 38.14 sec. (45523.20 ticks, tree = 5.37 MB, solutions = 1)
    165   161    20351.0263   141    28505.0000    20265.4665    80867   28.91%
    173   169    20265.5550   153    28505.0000    20265.4665    85156   28.91%
    182   178    20265.5550   153    28505.0000    20265.4665    89149   28.91%
    202   198    20265.5550   175    28505.0000    20265.4665    96563   28.91%
    210   206    20265.5550   153    28505.0000    20265.4665   101064   28.91%
    218   214    20265.5550   174    28505.0000    20265.4665   105950   28.91%
    221   217    20265.5550   173    28505.0000    20265.4665   107504   28.91%
    231   227    20304.0223   201    28505.0000    20265.4665   112360   28.91%
    253   249    20405.2341   121    28505.0000    20265.4665   117174   28.91%
    272   268    20545.6959   168    28505.0000    20265.4665   122249   28.91%
Elapsed time = 45.72 sec. (55525.20 ticks, tree = 7.23 MB, solutions = 1)
    303   297    22303.0318    55    28505.0000    20265.4665   126773   28.91%
*   320+  312                        23516.0000    20265.4665            13.82%
*   330+  322                        22881.0000    20265.4665            11.43%
*   348   332      integral     0    22852.0000    20265.4665   128630   11.32%
    349   332    20265.4665   219    22852.0000    20265.4665   129095   11.32%
    360   343    20265.5550   201    22852.0000    20265.4665   130932   11.32%
    380   363    20265.5550   214    22852.0000    20265.4665   133959   11.32%
    395   378    20276.7959   212    22852.0000    20265.4665   138238   11.32%
    400   383    20276.7959   211    22852.0000    20265.4665   139398   11.32%
    410   393    20265.5550   212    22852.0000    20265.4665   141663   11.32%
    430   413    20265.5550   219    22852.0000    20265.4665   144500   11.32%
    450   433    20265.5550   177    22852.0000    20265.4665   146780   11.32%
    470   451    20478.1081   151    22852.0000    20265.4665   152077   11.32%
Elapsed time = 55.92 sec. (67523.17 ticks, tree = 12.80 MB, solutions = 4)
    484   461    20265.5550   201    22852.0000    20265.4665   155446   11.32%
    490   467    20265.5550   226    22852.0000    20265.4665   156220   11.32%
*   494+  468                        22798.0000    20265.4665            11.11%
    494   470    20265.4665   182    22798.0000    20265.4665   157740   11.11%
    500   476    20265.4665   224    22798.0000    20265.4665   159253   11.11%
    520   496    20265.5550   168    22798.0000    20265.4665   162770   11.11%
    539   515    20283.3522   192    22798.0000    20265.4665   167655   11.11%
    560   536    20283.3522   180    22798.0000    20265.4665   170676   11.11%
    580   556    20392.2278   145    22798.0000    20265.4665   175885   11.11%
    595   567    20265.4665   233    22798.0000    20265.4665   179267   11.11%

Performing restart 1

Repeating presolve.
Tried aggregator 1 time.
MIP Presolve eliminated 12 rows and 3 columns.
MIP Presolve modified 30124 coefficients.
Reduced MIP has 24893 rows, 3205 columns, and 92376 nonzeros.
Reduced MIP has 3205 binaries, 0 generals, 0 SOSs, and 0 indicators.
Presolve time = 0.08 sec. (94.23 ticks)
Tried aggregator 1 time.
MIP Presolve eliminated 3 rows and 1 columns.
MIP Presolve modified 178 coefficients.
Reduced MIP has 24890 rows, 3204 columns, and 92296 nonzeros.
Reduced MIP has 3204 binaries, 0 generals, 0 SOSs, and 0 indicators.
Presolve time = 0.07 sec. (71.98 ticks)
Represolve time = 0.45 sec. (413.13 ticks)
    604     0    20265.5983   235    22798.0000      Cuts: 57   188993   11.11%
    604     0    20266.4774   380    22798.0000     Cuts: 109   201658   11.10%
    604     0    20266.4774   376    22798.0000     Cuts: 113   219994   11.10%
    604     0    20266.4774   332    22798.0000     Cuts: 105   237647   11.10%
    604     0    20266.4774   371    22798.0000     Cuts: 120   254219   11.10%
    604     0    20266.4774   341    22798.0000      Cuts: 55   264231   11.10%
    604     0    20266.4774   351    22798.0000     Cuts: 120   272303   11.10%
    604     0    20266.4774   396    22798.0000      Cuts: 40   276411   11.10%
    604     0    20266.4774   426    22798.0000      Cuts: 95   286210   11.10%
    604     2    20266.4774   358    22798.0000    20266.5681   286210   11.10%
Elapsed time = 192.43 sec. (231837.71 ticks, tree = 0.01 MB, solutions = 5)
    605     3    20266.5681   260    22798.0000    20266.7697   297160   11.10%
    606     4    20266.7697   290    22798.0000    20267.3670   312064   11.10%
    607     5    20267.6630   249    22798.0000    20267.6630   329640   11.10%
    608     6    20289.3191   229    22798.0000    20267.6630   338823   11.10%
    609     7    20267.6630   249    22798.0000    20267.6630   339268   11.10%
    611     9    20267.6630   222    22798.0000    20267.6630   340575   11.10%
    613    11    20267.6630   218    22798.0000    20267.6630   340944   11.10%
    615    13    20267.6630   254    22798.0000    20267.6630   342058   11.10%
    617    15    20269.4988   207    22798.0000    20267.6630   342229   11.10%
    620    18    20270.5485   213    22798.0000    20267.6630   342725   11.10%
Elapsed time = 244.89 sec. (291914.97 ticks, tree = 0.46 MB, solutions = 5)
    624    22    20271.9420   256    22798.0000    20267.6630   343107   11.10%
    629    27    20285.0465   209    22798.0000    20267.6630   343537   11.10%
    633    31    20301.0769   220    22798.0000    20267.6630   344204   11.10%
    637    35    20313.3030   224    22798.0000    20267.6630   344735   11.10%
    643    41    20323.5000   251    22798.0000    20267.6630   345059   11.10%
    648    46    20356.0000   205    22798.0000    20267.6630   345667   11.10%
    654    50    20356.0000   222    22798.0000    20267.6630   346666   11.10%
    658    54    20356.0000   194    22798.0000    20267.6630   347834   11.10%
    662    56    20356.0000   186    22798.0000    20267.6630   348974   11.10%
    664    56    20356.0000   180    22798.0000    20267.6630   349839   11.10%
Elapsed time = 293.15 sec. (337980.11 ticks, tree = 0.62 MB, solutions = 5)
    669    57    20356.0000   179    22798.0000    20267.6630   352072   11.10%
    673    57    20356.0000   213    22798.0000    20267.6630   355258   11.10%
    676    56    20267.6630   216    22798.0000    20267.6630   357055   11.10%
    682    62    20270.8876   206    22798.0000    20267.6630   358140   11.10%
    687    67    20272.7412   231    22798.0000    20267.6630   358770   11.10%
    694    74    20275.2641   206    22798.0000    20267.6630   359696   11.10%
    701    81    20280.2385   241    22798.0000    20267.6630   360022   11.10%
    703    83    20328.2898   256    22798.0000    20267.6630   362009   11.10%
*   704+   82                        22784.0000    20267.6630            11.04%
    704    84    20292.8877   210    22784.0000    20267.6630   362040   11.04%
    709    89    20419.1278   278    22784.0000    20267.6630   362855   11.04%
Elapsed time = 312.50 sec. (361204.61 ticks, tree = 0.76 MB, solutions = 6)
    712    90    20457.4014   277    22784.0000    20267.6630   365575   11.04%
    716    94    20477.8297   314    22784.0000    20267.6630   366688   11.04%
    720    97    20521.3855   310    22784.0000    20267.6630   367397   11.04%
    726   102    20629.2632   274    22784.0000    20267.6630   367669   11.04%
    732   108    20683.0000   242    22784.0000    20267.6630   368219   11.04%
    737   113    20683.0000   218    22784.0000    20267.6630   368919   11.04%
    740   116    20683.0000   270    22784.0000    20267.6630   369399   11.04%
    746   122    20683.0000   260    22784.0000    20267.6630   370241   11.04%
    754   128    20683.0000   240    22784.0000    20267.6630   371132   11.04%
    762   136    20683.0000   204    22784.0000    20267.6630   372462   11.04%
Elapsed time = 320.67 sec. (372052.01 ticks, tree = 0.96 MB, solutions = 6)
    770   140    20683.0000   162    22784.0000    20267.6630   374788   11.04%
    783   141    20267.6630   256    22784.0000    20267.6630   389252   11.04%
    786   144    20270.7039   239    22784.0000    20267.6630   391089   11.04%
    795   153    20290.6000   226    22784.0000    20267.6630   393299   11.04%
    804   162    20356.0000   265    22784.0000    20267.6630   394595   11.04%
    812   170    20356.0000   231    22784.0000    20267.6630   396254   11.04%
    818   176    20476.3750   243    22784.0000    20267.6630   398545   11.04%
    826   180    20267.6630   263    22784.0000    20267.6630   399548   11.04%
    834   188    20282.1354   239    22784.0000    20267.6630   401939   11.04%
    866   215    20267.6630   248    22784.0000    20267.6630   416828   11.04%
Elapsed time = 435.89 sec. (492016.18 ticks, tree = 1.30 MB, solutions = 6)
    884   233    20293.6667   215    22784.0000    20267.6630   420115   11.04%
    903   246    20267.6630   255    22784.0000    20268.2969   425368   11.04%
    924   267    20283.5820   264    22784.0000    20268.3033   431533   11.04%
    953   294    20772.2632   305    22784.0000    20268.3033   437737   11.04%
   1004   345    20826.0000   230    22784.0000    20268.3033   444874   11.04%
   1044   383    20826.0000   198    22784.0000    20268.3033   454924   11.04%
   1063   398    20268.3086   261    22784.0000    20269.4286   462543   11.04%
   1084   419    20358.5106   215    22784.0000    20269.4988   467462   11.04%
   1090   421    20311.2068   264    22784.0000    20269.4988   469121   11.04%
   1132   461    20845.0000   234    22784.0000    20269.4988   476612   11.04%
Elapsed time = 522.20 sec. (583693.25 ticks, tree = 2.37 MB, solutions = 6)
   1159   482    20311.2068   223    22784.0000    20269.4988   482547   11.04%
   1199   522    20546.2500   194    22784.0000    20269.4988   493688   11.04%
   1246   551    20311.2068   238    22784.0000    20269.4988   505028   11.04%
   1273   578    20356.0000   223    22784.0000    20269.4988   508348   11.04%
   1312   613    infeasible          22784.0000    20269.4988   519460   11.04%
   1326   615    20311.2068   255    22784.0000    20269.4988   532448   11.04%
   1372   661    20356.0000   252    22784.0000    20269.4988   541655   11.04%
   1401   690    20356.0000   253    22784.0000    20269.4988   552904   11.04%
   1432   717    20574.1635   191    22784.0000    20269.4988   565034   11.04%
   1468   741    20311.2068   225    22784.0000    20275.5455   572433   11.01%
Elapsed time = 613.47 sec. (680669.99 ticks, tree = 3.61 MB, solutions = 6)
   1503   776    20356.0000   250    22784.0000    20275.5455   577134   11.01%
   1530   799    20277.5614   232    22784.0000    20275.5455   590320   11.01%
   1573   842    20351.0000   229    22784.0000    20275.5455   596461   11.01%
   1598   861    20277.5614   315    22784.0000    20276.1012   613568   11.01%
   1688   944    20992.0000   173    22784.0000    20276.1012   621167   11.01%
   1702   948    20314.0500   257    22784.0000    20276.1012   624181   11.01%
   1822  1049    20314.0500   299    22784.0000    20276.1578   635209   11.01%
   1892  1116    20750.0000   258    22784.0000    20276.1578   642951   11.01%
   1925  1149    20750.0000   286    22784.0000    20276.1578   652098   11.01%
   1941  1157    20351.1429   258    22784.0000    20277.5614   660328   11.00%
Elapsed time = 715.75 sec. (788029.12 ticks, tree = 5.46 MB, solutions = 6)
   1990  1204    20897.8182   238    22784.0000    20277.5614   664286   11.00%
   2037  1238    20334.7222   204    22784.0000    20277.5614   674088   11.00%
   2154  1344    20281.5872   301    22784.0000    20278.0000   693621   11.00%
   2173  1363    20667.9667   300    22784.0000    20278.0000   698513   11.00%
   2272  1458    20891.0000   225    22784.0000    20278.0000   705419   11.00%
   2284  1466    20280.3810   244    22784.0000    20279.2117   707744   10.99%
   2310  1486    20304.9619   233    22784.0000    20279.2376   711833   10.99%
   2322  1498    20360.2705   322    22784.0000    20279.2376   718570   10.99%
   2396  1564    21269.0000   161    22784.0000    20279.2376   728543   10.99%
   2413  1578    20281.4133   248    22784.0000    20279.4441   733894   10.99%
Elapsed time = 808.75 sec. (884163.59 ticks, tree = 7.29 MB, solutions = 6)
Starting limited solution polishing.
   2530  1691    20925.0000   150    22784.0000    20279.4441   742062   10.99%
   2544  1699    20281.5872   269    22784.0000    20279.9357   745227   10.99%
   2600  1753    infeasible          22784.0000    20279.9357   754419   10.99%
   2612  1759    20450.0000   275    22784.0000    20280.0537   766242   10.99%
   2664  1806    20280.3810   227    22784.0000    20280.3810   773054   10.99%
   2694  1832    20280.3810   226    22784.0000    20280.3810   776300   10.99%
   2747  1879    20285.2228   213    22784.0000    20280.8653   782731   10.99%
   2795  1927    20351.0000   197    22784.0000    20280.8653   792848   10.99%

Clique cuts applied:  11
Cover cuts applied:  45
Flow cuts applied:  1
Mixed integer rounding cuts applied:  30
Zero-half cuts applied:  8
Gomory fractional cuts applied:  6

Root node processing (before b&c):
  Real time             =   20.96 sec. (25184.33 ticks)
Sequential b&c:
  Real time             =  879.06 sec. (953243.21 ticks)
                          ------------
Total (root+branch&cut) =  900.02 sec. (978427.54 ticks)
MIP: [1;32mCPLEX finished.[0m
MIP: [1;32mCPLEX status: Feasible[0m
CAN: [1;35mItem: 0, Level: 0, at bin: 8[0m
CAN: [1;35mItem: 0, Level: 1, at bin: 3[0m
CAN: [1;35mItem: 1, Level: 0, at bin: 16[0m
CAN: [1;35mItem: 1, Level: 1, at bin: 18[0m
CAN: [1;35mItem: 2, Level: 0, at bin: 15[0m
CAN: [1;35mItem: 2, Level: 1, at bin: 4[0m
CAN: [1;35mItem: 3, Level: 0, at bin: 15[0m
CAN: [1;35mItem: 3, Level: 1, at bin: 4[0m
CAN: [1;35mItem: 4, Level: 0, at bin: 0[0m
CAN: [1;35mItem: 4, Level: 1, at bin: 17[0m
CAN: [1;35mItem: 5, Level: 0, at bin: 14[0m
CAN: [1;35mItem: 5, Level: 1, at bin: 26[0m
CAN: [1;35mItem: 6, Level: 0, at bin: 1[0m
CAN: [1;35mItem: 6, Level: 1, at bin: 0[0m
CAN: [1;35mItem: 7, Level: 0, at bin: 11[0m
CAN: [1;35mItem: 7, Level: 1, at bin: 14[0m
CAN: [1;35mItem: 8, Level: 0, at bin: 16[0m
CAN: [1;35mItem: 8, Level: 1, at bin: 18[0m
CAN: [1;35mItem: 9, Level: 0, at bin: 24[0m
CAN: [1;35mItem: 9, Level: 1, at bin: 19[0m
CAN: [1;35mItem: 10, Level: 0, at bin: 22[0m
CAN: [1;35mItem: 10, Level: 1, at bin: 19[0m
CAN: [1;35mItem: 11, Level: 0, at bin: 12[0m
CAN: [1;35mItem: 11, Level: 1, at bin: 23[0m
CAN: [1;35mItem: 12, Level: 0, at bin: 5[0m
CAN: [1;35mItem: 12, Level: 1, at bin: 0[0m
CAN: [1;35mItem: 13, Level: 0, at bin: 5[0m
CAN: [1;35mItem: 13, Level: 1, at bin: 0[0m
CAN: [1;35mItem: 14, Level: 0, at bin: 30[0m
CAN: [1;35mItem: 14, Level: 1, at bin: 16[0m
CAN: [1;35mItem: 15, Level: 0, at bin: 8[0m
CAN: [1;35mItem: 15, Level: 1, at bin: 3[0m
CAN: [1;35mItem: 16, Level: 0, at bin: 17[0m
CAN: [1;35mItem: 16, Level: 1, at bin: 6[0m
CAN: [1;35mItem: 17, Level: 0, at bin: 0[0m
CAN: [1;35mItem: 17, Level: 1, at bin: 17[0m
CAN: [1;35mItem: 18, Level: 0, at bin: 7[0m
CAN: [1;35mItem: 18, Level: 1, at bin: 6[0m
CAN: [1;35mItem: 19, Level: 0, at bin: 22[0m
CAN: [1;35mItem: 19, Level: 1, at bin: 19[0m
CAN: [1;35mItem: 20, Level: 0, at bin: 10[0m
CAN: [1;35mItem: 20, Level: 1, at bin: 0[0m
CAN: [1;35mItem: 21, Level: 0, at bin: 19[0m
CAN: [1;35mItem: 21, Level: 1, at bin: 8[0m
CAN: [1;35mItem: 22, Level: 0, at bin: 0[0m
CAN: [1;35mItem: 22, Level: 1, at bin: 17[0m
CAN: [1;35mItem: 23, Level: 0, at bin: 26[0m
CAN: [1;35mItem: 23, Level: 1, at bin: 2[0m
CAN: [1;35mItem: 24, Level: 0, at bin: 4[0m
CAN: [1;35mItem: 24, Level: 1, at bin: 3[0m
CAN: [1;35mItem: 25, Level: 0, at bin: 21[0m
CAN: [1;35mItem: 25, Level: 1, at bin: 14[0m
CAN: [1;35mItem: 26, Level: 0, at bin: 19[0m
CAN: [1;35mItem: 26, Level: 1, at bin: 8[0m
CAN: [1;35mItem: 27, Level: 0, at bin: 10[0m
CAN: [1;35mItem: 27, Level: 1, at bin: 0[0m
CAN: [1;35mItem: 28, Level: 0, at bin: 12[0m
CAN: [1;35mItem: 28, Level: 1, at bin: 23[0m
CAN: [1;35mItem: 29, Level: 0, at bin: 19[0m
CAN: [1;35mItem: 29, Level: 1, at bin: 8[0m
CAN: [1;35mItem: 30, Level: 0, at bin: 7[0m
CAN: [1;35mItem: 30, Level: 1, at bin: 6[0m
CAN: [1;35mItem: 31, Level: 0, at bin: 1[0m
CAN: [1;35mItem: 31, Level: 1, at bin: 0[0m
CAN: [1;35mItem: 32, Level: 0, at bin: 9[0m
CAN: [1;35mItem: 32, Level: 1, at bin: 14[0m
CAN: [1;35mItem: 33, Level: 0, at bin: 7[0m
CAN: [1;35mItem: 33, Level: 1, at bin: 6[0m
CAN: [1;35mItem: 34, Level: 0, at bin: 8[0m
CAN: [1;35mItem: 34, Level: 1, at bin: 3[0m
CAN: [1;35mItem: 35, Level: 0, at bin: 24[0m
CAN: [1;35mItem: 35, Level: 1, at bin: 19[0m
CAN: [1;35mItem: 36, Level: 0, at bin: 26[0m
CAN: [1;35mItem: 36, Level: 1, at bin: 2[0m
CAN: [1;35mItem: 37, Level: 0, at bin: 2[0m
CAN: [1;35mItem: 37, Level: 1, at bin: 12[0m
CAN: [1;35mItem: 38, Level: 0, at bin: 9[0m
CAN: [1;35mItem: 38, Level: 1, at bin: 14[0m
CAN: [1;35mItem: 39, Level: 0, at bin: 15[0m
CAN: [1;35mItem: 39, Level: 1, at bin: 4[0m
CAN: [1;35mItem: 40, Level: 0, at bin: 24[0m
CAN: [1;35mItem: 40, Level: 1, at bin: 19[0m
CAN: [1;35mItem: 41, Level: 0, at bin: 19[0m
CAN: [1;35mItem: 41, Level: 1, at bin: 8[0m
CAN: [1;35mItem: 42, Level: 0, at bin: 21[0m
CAN: [1;35mItem: 42, Level: 1, at bin: 14[0m
CAN: [1;35mItem: 43, Level: 0, at bin: 15[0m
CAN: [1;35mItem: 43, Level: 1, at bin: 4[0m
CAN: [1;35mItem: 44, Level: 0, at bin: 16[0m
CAN: [1;35mItem: 44, Level: 1, at bin: 18[0m
CAN: [1;35mItem: 45, Level: 0, at bin: 14[0m
CAN: [1;35mItem: 45, Level: 1, at bin: 26[0m
CAN: [1;35mItem: 46, Level: 0, at bin: 27[0m
CAN: [1;35mItem: 46, Level: 1, at bin: 0[0m
CAN: [1;35mItem: 47, Level: 0, at bin: 30[0m
CAN: [1;35mItem: 47, Level: 1, at bin: 16[0m
CAN: [1;35mItem: 48, Level: 0, at bin: 2[0m
CAN: [1;35mItem: 48, Level: 1, at bin: 12[0m
CAN: [1;35mItem: 49, Level: 0, at bin: 16[0m
CAN: [1;35mItem: 49, Level: 1, at bin: 18[0m
MIP: [1;32mSolution: 
Indexes: [8, 16, 15, 15, 0, 14, 1, 11, 16, 24, 22, 12, 5, 5, 30, 8, 17, 0, 7, 22, 10, 19, 0, 26, 4, 21, 19, 10, 12, 19, 7, 1, 9, 7, 8, 24, 26, 2, 9, 15, 24, 19, 21, 15, 16, 14, 27, 30, 2, 16][17, 0, 12, -1, 3, 0, -1, 6, 3, 14, 0, 14, 23, -1, 26, 4, 18, 6, -1, 8, -1, 14, 19, -1, 19, -1, 2, 0, -1, -1, 16], P Variables: [8, 3][16, 18][15, 4][15, 4][0, 17][14, 26][1, 0][11, 14][16, 18][24, 19][22, 19][12, 23][5, 0][5, 0][30, 16][8, 3][17, 6][0, 17][7, 6][22, 19][10, 0][19, 8][0, 17][26, 2][4, 3][21, 14][19, 8][10, 0][12, 23][19, 8][7, 6][1, 0][9, 14][7, 6][8, 3][24, 19][26, 2][2, 12][9, 14][15, 4][24, 19][19, 8][21, 14][15, 4][16, 18][14, 26][27, 0][30, 16][2, 12][16, 18], Flow leaving each bin: [0m
MIP: [1;32mObjective value: 22784[0m
MIP: [1;32mLower Bound: 20280.9[0m
MIP: [1;32mBranch-and-Bound nodes: 2818[0m

# best solution:
best objective value:	22784
best dual bound value:	20280
optimality gap:	10.9902%
CPU time:	898.023
