ifile	/scratch/csagturk/mlbppo_inst/n0050_m01_p150__027.inst
prob	MLBPPO
threads	1
ttime	900
instance: /scratch/csagturk/mlbppo_inst/n0050_m01_p150__027.inst
	m=1, n=[50, 39], #pos=75
MIP: [1;32minit CPLEX[0m
CAN: [1;35mcreated 1950 x_{ijk} variables[0m
CAN: [1;35mcreated 89 y_{ij} variables[0m
CAN: [1;35mcreated 1950 p_{ijk} variables[0m
MIP: [1;32mcreated decision variables[0m
CAN: [1;35madded 50 constraints to enforce the packing of each item[0m
CAN: [1;35madded 0 constraints to enforce the packing of each item[0m
CAN: [1;35madded 39 capacity constraints[0m
MIP: [1;32mcreated constraints[0m
MIP: [1;32mcreated objective function[0m
MIP: [1;32mcalling CPLEX solve ...[0m
Version identifier: 22.1.0.0 | 2022-03-09 | 1a383f8ce
CPXPARAM_Threads                                 1
CPXPARAM_TimeLimit                               900
Tried aggregator 2 times.
MIP Presolve eliminated 1786 rows and 1096 columns.
MIP Presolve modified 5115 coefficients.
Aggregator did 1422 substitutions.
Reduced MIP has 1730 rows, 1421 columns, and 49389 nonzeros.
Reduced MIP has 1421 binaries, 0 generals, 0 SOSs, and 0 indicators.
Presolve time = 0.10 sec. (132.04 ticks)
Probing fixed 169 vars, tightened 0 bounds.
Probing time = 0.10 sec. (182.68 ticks)
Cover probing fixed 12 vars, tightened 0 bounds.
Tried aggregator 1 time.
MIP Presolve eliminated 313 rows and 185 columns.
MIP Presolve modified 4340 coefficients.
Reduced MIP has 1379 rows, 1236 columns, and 33907 nonzeros.
Reduced MIP has 1236 binaries, 0 generals, 0 SOSs, and 0 indicators.
Presolve time = 0.02 sec. (34.01 ticks)
Probing fixed 23 vars, tightened 0 bounds.
Probing time = 0.05 sec. (85.49 ticks)
Tried aggregator 1 time.
Detecting symmetries...
MIP Presolve eliminated 39 rows and 23 columns.
MIP Presolve modified 93 coefficients.
Reduced MIP has 1339 rows, 1213 columns, and 32205 nonzeros.
Reduced MIP has 1213 binaries, 0 generals, 0 SOSs, and 0 indicators.
Presolve time = 0.02 sec. (21.66 ticks)
Probing time = 0.00 sec. (5.16 ticks)
Clique table members: 17052.
MIP emphasis: balance optimality and feasibility.
MIP search method: dynamic search.
Parallel mode: none, using 1 thread.
Root relaxation solution time = 0.02 sec. (33.70 ticks)

        Nodes                                         Cuts/
   Node  Left     Objective  IInf  Best Integer    Best Bound    ItCnt     Gap

      0     0    11028.7143   141                  11028.7143      462         
      0     0    11034.1111    54                    Cuts: 20      698         
      0     0    11034.1111   152                    Cuts: 63     1112         
      0     0    11034.1111   154                    Cuts: 23     1504         
*     0+    0                        11927.0000    11034.1111             7.49%
*     0+    0                        11885.0000    11034.1111             7.16%
*     0+    0                        11818.0000    11034.1111             6.63%
      0     0  -1.00000e+75     0    11818.0000    11034.1111     1504    6.63%
Detecting symmetries...
      0     2    11034.1111    43    11818.0000    11034.1111     1504    6.63%
Elapsed time = 0.81 sec. (1142.44 ticks, tree = 0.01 MB, solutions = 3)
     96    91    11061.0851    69    11818.0000    11034.1111     4755    6.63%
    175   163    11034.1111    80    11818.0000    11034.1111     9035    6.63%
*   180+  160                        11641.0000    11034.1111             5.21%
    232   211    11034.1111    55    11641.0000    11034.1111    11591    5.21%
    310   285    11034.1111    42    11641.0000    11034.1111    15207    5.21%
    341   311    11034.1111    77    11641.0000    11034.1111    17811    5.21%
    405   362    11059.5556    44    11641.0000    11034.1111    20583    5.21%

Performing restart 1

Repeating presolve.
Tried aggregator 1 time.
MIP Presolve eliminated 4 rows and 0 columns.
MIP Presolve modified 25238 coefficients.
Reduced MIP has 1335 rows, 1213 columns, and 20229 nonzeros.
Reduced MIP has 1213 binaries, 0 generals, 0 SOSs, and 0 indicators.
Presolve time = 0.03 sec. (35.89 ticks)
Tried aggregator 1 time.
MIP Presolve eliminated 30 rows and 20 columns.
MIP Presolve modified 348 coefficients.
Reduced MIP has 1305 rows, 1193 columns, and 19439 nonzeros.
Reduced MIP has 1193 binaries, 0 generals, 0 SOSs, and 0 indicators.
Presolve time = 0.02 sec. (16.24 ticks)
Tried aggregator 1 time.
MIP Presolve eliminated 3 rows and 1 columns.
MIP Presolve modified 60 coefficients.
Reduced MIP has 1302 rows, 1192 columns, and 19393 nonzeros.
Reduced MIP has 1192 binaries, 0 generals, 0 SOSs, and 0 indicators.
Presolve time = 0.02 sec. (15.75 ticks)
Represolve time = 0.19 sec. (210.16 ticks)
    474     0    11034.1111    93    11641.0000      Cuts: 12    24710    5.21%
    474     0    11034.1111   173    11641.0000      Cuts: 85    25276    5.21%
    474     0    11034.1111    58    11641.0000       Cuts: 9    25508    5.21%
    474     0    11034.1111   127    11641.0000      Cuts: 80    25877    5.21%
    474     0    11034.1111    47    11641.0000       Cuts: 9    26065    5.21%
    474     0    11034.1111   141    11641.0000      Cuts: 56    26580    5.21%
    474     0    11034.1111    98    11641.0000      Cuts: 35    26993    5.21%
    474     0    11034.1111   102    11641.0000      Cuts: 61    27236    5.21%
*   474+    0                        11611.0000    11034.1111             4.97%
    474     0  -1.00000e+75     0    11611.0000    11034.1111    27236    4.97%
    474     2    11034.1111    29    11611.0000    11034.9565    27236    4.96%
    514    42    11194.0000    29    11611.0000    11036.2353    28007    4.95%
*   574+   90                        11438.0000    11036.6000             3.51%
    574    92    11112.4062    41    11438.0000    11036.6000    28843    3.51%
    674   173    11038.3846    32    11438.0000    11036.6000    30320    3.51%
Elapsed time = 4.63 sec. (6391.67 ticks, tree = 0.24 MB, solutions = 6)
*   874+  323                        11394.0000    11036.6000             3.14%
    874   324    11190.7500    26    11394.0000    11036.6000    32550    3.14%
    974   415    11085.0000    32    11394.0000    11036.6000    33741    3.14%
   1584   905    11061.7826    38    11394.0000    11041.8889    41010    3.09%
   2203  1418    11128.0000    26    11394.0000    11044.9412    47683    3.06%
   2866  1915    11143.2883    48    11394.0000    11044.9412    55597    3.06%
   3122  2117    11103.8516   106    11394.0000    11044.9412    64459    3.06%
   3437  2379    11128.0000    32    11394.0000    11044.9412    73436    3.06%
   3734  2621    11189.2754    33    11394.0000    11044.9412    82705    3.06%
   4163  3004    11208.3333    26    11394.0000    11045.3043    93053    3.06%
*  4258  3057      integral     0    11391.0000    11045.3043    94120    3.03%
   4708  3435    11045.3043    37    11391.0000    11045.3043   101400    3.03%
Elapsed time = 11.44 sec. (16060.68 ticks, tree = 2.98 MB, solutions = 8)
   5311  3962    11191.9375    42    11391.0000    11045.3043   110896    3.03%
   5957  4513    11127.0000    28    11391.0000    11045.3043   119944    3.03%
   6442  4881    11161.3261    48    11391.0000    11045.3043   129250    3.03%
   6710  5104    11045.3043    41    11391.0000    11045.3043   139043    3.03%
   7137  5463    11045.3043    56    11391.0000    11045.3043   149482    3.03%
   7521  5784    11135.2857    37    11391.0000    11045.3043   160391    3.03%
   7724  5957    11051.5319    68    11391.0000    11045.3043   169839    3.03%
   8061  6246    11045.3043   102    11391.0000    11045.3043   179343    3.03%
   8335  6456    11058.1412   119    11391.0000    11045.3043   189527    3.03%
   8543  6627    11045.3043   113    11391.0000    11045.3043   199703    3.03%
Elapsed time = 18.20 sec. (25831.94 ticks, tree = 5.60 MB, solutions = 8)
   8699  6761    11056.6087   130    11391.0000    11045.3043   209944    3.03%
   8815  6854    11093.9899    84    11391.0000    11045.3043   220634    3.03%
   9047  7045    11307.0000    20    11391.0000    11045.3043   231577    3.03%
   9186  7142    11113.0231   116    11391.0000    11045.3043   243111    3.03%
   9375  7296    11078.0507    94    11391.0000    11045.3043   255309    3.03%
*  9474+ 7082                        11371.0000    11045.3043             2.86%
*  9474+ 1832                        11127.0000    11045.3043             0.73%
   9497  1840    11058.8676   123    11127.0000    11045.3043   265013    0.73%
   9552  1852    11051.6771   117    11127.0000    11045.3043   276054    0.73%
   9605  1861    infeasible          11127.0000    11045.3043   286595    0.73%
   9635  1864    11075.4292    97    11127.0000    11045.3043   297201    0.73%
   9674  1888    11107.8311    88    11127.0000    11045.3043   304432    0.73%
Elapsed time = 25.89 sec. (36477.20 ticks, tree = 1.77 MB, solutions = 10)
   9710  1894    11050.0288   102    11127.0000    11045.3043   312836    0.73%
   9761  1926    11045.3043   160    11127.0000    11045.3043   320297    0.73%
   9799  1932    11045.3043   115    11127.0000    11045.3043   329124    0.73%
   9855  1975    11064.9083    99    11127.0000    11045.3043   337838    0.73%
   9894  1989    11116.0853   100    11127.0000    11045.3043   347084    0.73%

Performing restart 2

Repeating presolve.
Tried aggregator 1 time.
MIP Presolve eliminated 135 rows and 88 columns.
MIP Presolve modified 411 coefficients.
Reduced MIP has 1167 rows, 1104 columns, and 16616 nonzeros.
Reduced MIP has 1104 binaries, 0 generals, 0 SOSs, and 0 indicators.
Presolve time = 0.02 sec. (16.91 ticks)
Tried aggregator 1 time.
MIP Presolve eliminated 3 rows and 1 columns.
MIP Presolve modified 73 coefficients.
Reduced MIP has 1164 rows, 1103 columns, and 16562 nonzeros.
Reduced MIP has 1103 binaries, 0 generals, 0 SOSs, and 0 indicators.
Presolve time = 0.01 sec. (14.71 ticks)
Represolve time = 0.14 sec. (124.81 ticks)
   9897     0    11041.6500   191    11127.0000       Cuts: 9   350952    0.73%
   9897     0    11042.6667   229    11127.0000      Cuts: 90   351655    0.73%
   9897     0    11043.0811   242    11127.0000      Cuts: 65   352408    0.73%
   9897     0    11043.0811   242    11127.0000     Cuts: 103   353053    0.73%
   9897     0    11043.7667   164    11127.0000      Cuts: 21   353554    0.73%
   9897     0    11043.7778   205    11127.0000      Cuts: 96   353886    0.73%
   9897     0    11044.1429   156    11127.0000      Cuts: 49   354539    0.73%
   9897     0    11044.2114   188    11127.0000      Cuts: 89   355870    0.73%
   9897     0    11044.5460   139    11127.0000      Cuts: 35   356624    0.73%
   9897     0    11044.6406   196    11127.0000      Cuts: 74   356870    0.73%
   9897     0    11044.6585   190    11127.0000      Cuts: 56   357175    0.73%
   9897     0    11044.6585   153    11127.0000      Cuts: 42   357696    0.73%
   9897     0    11044.6585   161    11127.0000      Cuts: 73   358532    0.73%
   9897     0    11044.6585   145    11127.0000      Cuts: 30   359822    0.73%
   9897     0    11044.6585   234    11127.0000     Cuts: 103   360962    0.73%
   9897     2    11044.6585   106    11127.0000    11045.3043   360962    0.73%
   9931    29    11090.1304   178    11127.0000    11054.8000   363682    0.65%
   9972    62    11078.5778   178    11127.0000    11057.8182   367230    0.62%
   9997    83    11089.1765    39    11127.0000    11076.3333   369029    0.46%
  10020    97    11102.0000    45    11127.0000    11077.5882   372878    0.44%
Elapsed time = 38.68 sec. (52882.68 ticks, tree = 0.21 MB, solutions = 10)
  10150   185    11103.0000    43    11127.0000    11079.0160   376492    0.43%
  10356   340    11097.0000    35    11127.0000    11079.3333   380240    0.43%
  10657   555    11085.6500    86    11127.0000    11084.5686   385014    0.38%
  10894   615    11085.0000    57    11127.0000    11085.0000   392457    0.38%
  11016   652    11085.0000    28    11127.0000    11085.0000   401302    0.38%
  11158   703    11085.0000    82    11127.0000    11085.0000   412910    0.38%
  11257   770    11085.0000    56    11127.0000    11085.0000   421475    0.38%
  11357   846    11123.9054    85    11127.0000    11085.0000   431342    0.38%
  11457   911    11085.0000    66    11127.0000    11085.0000   441267    0.38%
  11551   983    11085.0000    91    11127.0000    11085.0000   451613    0.38%
Elapsed time = 45.40 sec. (62567.97 ticks, tree = 0.85 MB, solutions = 10)
  11626  1000    11085.0000    89    11127.0000    11085.0000   463221    0.38%
  11729  1067    11121.1172    84    11127.0000    11085.0000   475626    0.38%
  11857  1165    11094.5094   108    11127.0000    11085.0000   488311    0.38%
  11957  1236    11085.0000    96    11127.0000    11085.0000   501670    0.38%
  12102  1345    11109.5301    69    11127.0000    11085.0000   515346    0.38%
  12245  1453    11085.0000    64    11127.0000    11085.0000   528201    0.38%
  12339  1526    11085.0000   105    11127.0000    11085.0000   539680    0.38%
  12429  1596    11085.2534   127    11127.0000    11085.0000   553118    0.38%
  12507  1622    11085.0000    24    11127.0000    11085.0000   565011    0.38%
  12656  1626    11085.0000    32    11127.0000    11085.0000   579699    0.38%
Elapsed time = 52.37 sec. (72229.17 ticks, tree = 1.57 MB, solutions = 10)
  12805  1660    11085.0000    43    11127.0000    11085.0000   594335    0.38%
  12937  1686    11085.0000    45    11127.0000    11085.0000   610904    0.38%
  13008  1713    11085.0000   121    11127.0000    11085.0000   622339    0.38%
  13073  1756    11085.0000    53    11127.0000    11085.0000   630975    0.38%
  13141  1821    11085.0000   186    11127.0000    11085.0000   640456    0.38%
  13218  1898    11085.0000    69    11127.0000    11085.0000   648234    0.38%
  13347  1967    11085.0000    29    11127.0000    11085.0000   662976    0.38%
  13427  1969    11085.0000    90    11127.0000    11085.0000   678051    0.38%
  13507  2023    11085.0000    70    11127.0000    11085.0000   691315    0.38%
  13579  2036    11152.2601   126    11127.0000    11085.0000   703722    0.38%
Elapsed time = 59.35 sec. (81910.17 ticks, tree = 1.91 MB, solutions = 10)
  13619  2054    11085.0000   133    11127.0000    11085.0000   713374    0.38%
  13659  2076    11086.8057   104    11127.0000    11085.0000   723580    0.38%
  13734  2136    11085.0000   132    11127.0000    11085.0000   734475    0.38%
  13790  2154        cutoff          11127.0000    11085.0000   746666    0.38%
  13855  2180    11085.0000   123    11127.0000    11085.0000   757777    0.38%
  13929  2247    11085.0000   125    11127.0000    11085.0000   765175    0.38%
  14003  2319        cutoff          11127.0000    11085.0000   773990    0.38%
  14088  2353    11085.0000    75    11127.0000    11085.0000   787878    0.38%
  14154  2382    11096.9894    63    11127.0000    11085.0000   799462    0.38%
  14245  2373        cutoff          11127.0000    11085.0000   812186    0.38%
Elapsed time = 66.21 sec. (91695.91 ticks, tree = 2.35 MB, solutions = 10)
  14315  2401    11086.7672    85    11127.0000    11085.0000   824837    0.38%
  14338  2417    11087.7500   137    11127.0000    11085.0000   831496    0.38%
  14471  2481    11085.0000    14    11127.0000    11085.0000   845131    0.38%
  14700  2565    11117.1957    69    11127.0000    11085.0000   860870    0.38%
  14813  2571    11097.2510    59    11127.0000    11085.0000   872929    0.38%
  14894  2547    11114.3125    53    11127.0000    11085.0000   884165    0.38%
  14943  2543    11085.0000    14    11127.0000    11085.0000   894143    0.38%
  15019  2575    11085.0000   147    11127.0000    11085.0000   905789    0.38%
  15074  2594    11117.0000   116    11127.0000    11085.0000   917126    0.38%
* 15162     0      integral     0    11085.0000    11085.0000   935161    0.00%
Elapsed time = 73.35 sec. (101625.64 ticks, tree = 0.17 MB, solutions = 11)

GUB cover cuts applied:  34
Clique cuts applied:  10
Cover cuts applied:  286
Implied bound cuts applied:  1
Flow cuts applied:  7
Mixed integer rounding cuts applied:  65
Zero-half cuts applied:  17
Gomory fractional cuts applied:  2

Root node processing (before b&c):
  Real time             =    0.81 sec. (1142.81 ticks)
Sequential b&c:
  Real time             =   72.54 sec. (100493.19 ticks)
                          ------------
Total (root+branch&cut) =   73.35 sec. (101636.00 ticks)
MIP: [1;32mCPLEX finished.[0m
MIP: [1;32mCPLEX status: Optimal[0m
CAN: [1;35mItem: 0, Level: 0, at bin: 37[0m
CAN: [1;35mItem: 1, Level: 0, at bin: 37[0m
CAN: [1;35mItem: 2, Level: 0, at bin: 24[0m
CAN: [1;35mItem: 3, Level: 0, at bin: 33[0m
CAN: [1;35mItem: 4, Level: 0, at bin: 1[0m
CAN: [1;35mItem: 5, Level: 0, at bin: 16[0m
CAN: [1;35mItem: 6, Level: 0, at bin: 33[0m
CAN: [1;35mItem: 7, Level: 0, at bin: 15[0m
CAN: [1;35mItem: 8, Level: 0, at bin: 12[0m
CAN: [1;35mItem: 9, Level: 0, at bin: 8[0m
CAN: [1;35mItem: 10, Level: 0, at bin: 24[0m
CAN: [1;35mItem: 11, Level: 0, at bin: 37[0m
CAN: [1;35mItem: 12, Level: 0, at bin: 4[0m
CAN: [1;35mItem: 13, Level: 0, at bin: 4[0m
CAN: [1;35mItem: 14, Level: 0, at bin: 0[0m
CAN: [1;35mItem: 15, Level: 0, at bin: 14[0m
CAN: [1;35mItem: 16, Level: 0, at bin: 23[0m
CAN: [1;35mItem: 17, Level: 0, at bin: 11[0m
CAN: [1;35mItem: 18, Level: 0, at bin: 23[0m
CAN: [1;35mItem: 19, Level: 0, at bin: 7[0m
CAN: [1;35mItem: 20, Level: 0, at bin: 7[0m
CAN: [1;35mItem: 21, Level: 0, at bin: 37[0m
CAN: [1;35mItem: 22, Level: 0, at bin: 7[0m
CAN: [1;35mItem: 23, Level: 0, at bin: 16[0m
CAN: [1;35mItem: 24, Level: 0, at bin: 10[0m
CAN: [1;35mItem: 25, Level: 0, at bin: 4[0m
CAN: [1;35mItem: 26, Level: 0, at bin: 3[0m
CAN: [1;35mItem: 27, Level: 0, at bin: 30[0m
CAN: [1;35mItem: 28, Level: 0, at bin: 34[0m
CAN: [1;35mItem: 29, Level: 0, at bin: 19[0m
CAN: [1;35mItem: 30, Level: 0, at bin: 30[0m
CAN: [1;35mItem: 31, Level: 0, at bin: 19[0m
CAN: [1;35mItem: 32, Level: 0, at bin: 20[0m
CAN: [1;35mItem: 33, Level: 0, at bin: 20[0m
CAN: [1;35mItem: 34, Level: 0, at bin: 1[0m
CAN: [1;35mItem: 35, Level: 0, at bin: 0[0m
CAN: [1;35mItem: 36, Level: 0, at bin: 20[0m
CAN: [1;35mItem: 37, Level: 0, at bin: 3[0m
CAN: [1;35mItem: 38, Level: 0, at bin: 3[0m
CAN: [1;35mItem: 39, Level: 0, at bin: 23[0m
CAN: [1;35mItem: 40, Level: 0, at bin: 20[0m
CAN: [1;35mItem: 41, Level: 0, at bin: 14[0m
CAN: [1;35mItem: 42, Level: 0, at bin: 23[0m
CAN: [1;35mItem: 43, Level: 0, at bin: 12[0m
CAN: [1;35mItem: 44, Level: 0, at bin: 10[0m
CAN: [1;35mItem: 45, Level: 0, at bin: 8[0m
CAN: [1;35mItem: 46, Level: 0, at bin: 37[0m
CAN: [1;35mItem: 47, Level: 0, at bin: 15[0m
CAN: [1;35mItem: 48, Level: 0, at bin: 0[0m
CAN: [1;35mItem: 49, Level: 0, at bin: 33[0m
MIP: [1;32mSolution: 
Indexes: [37, 37, 24, 33, 1, 16, 33, 15, 12, 8, 24, 37, 4, 4, 0, 14, 23, 11, 23, 7, 7, 37, 7, 16, 10, 4, 3, 30, 34, 19, 30, 19, 20, 20, 1, 0, 20, 3, 3, 23, 20, 14, 23, 12, 10, 8, 37, 15, 0, 33], P Variables: [37][37][24][33][1][16][33][15][12][8][24][37][4][4][0][14][23][11][23][7][7][37][7][16][10][4][3][30][34][19][30][19][20][20][1][0][20][3][3][23][20][14][23][12][10][8][37][15][0][33], Flow leaving each bin: [0m
MIP: [1;32mObjective value: 11085[0m
MIP: [1;32mLower Bound: 11085[0m
MIP: [1;32mBranch-and-Bound nodes: 15163[0m

# best solution:
best objective value:	11085
best dual bound value:	11085
optimality gap:	0%
CPU time:	73.0786
