ifile	/scratch/csagturk/mlbppo_inst/n0050_m02_p050__032.inst
prob	MLBPPO
threads	1
ttime	900
instance: /scratch/csagturk/mlbppo_inst/n0050_m02_p050__032.inst
	m=2, n=[50, 30, 23], #pos=25
MIP: [1;32minit CPLEX[0m
CAN: [1;35mcreated 2190 x_{ijk} variables[0m
CAN: [1;35mcreated 103 y_{ij} variables[0m
CAN: [1;35mcreated 2650 p_{ijk} variables[0m
MIP: [1;32mcreated decision variables[0m
CAN: [1;35madded 50 constraints to enforce the packing of each item[0m
CAN: [1;35madded 30 constraints to enforce the packing of each item[0m
CAN: [1;35madded 53 capacity constraints[0m
MIP: [1;32mcreated constraints[0m
MIP: [1;32mcreated objective function[0m
MIP: [1;32mcalling CPLEX solve ...[0m
Version identifier: 22.1.0.0 | 2022-03-09 | 1a383f8ce
CPXPARAM_Threads                                 1
CPXPARAM_TimeLimit                               900
Tried aggregator 3 times.
MIP Presolve eliminated 27656 rows and 20447 columns.
MIP Presolve modified 1418 coefficients.
Aggregator did 77485 substitutions.
Reduced MIP has 74655 rows, 52442 columns, and 190057 nonzeros.
Reduced MIP has 27771 binaries, 0 generals, 0 SOSs, and 58 indicators.
Presolve time = 0.58 sec. (4122.15 ticks)
Probing fixed 0 vars, tightened 30 bounds.
Probing time = 3.33 sec. (2696.04 ticks)
Tried aggregator 2 times.
MIP Presolve eliminated 180 rows and 204 columns.
MIP Presolve modified 2 coefficients.
Aggregator did 49163 substitutions.
Reduced MIP has 25314 rows, 3075 columns, and 91168 nonzeros.
Reduced MIP has 3075 binaries, 0 generals, 0 SOSs, and 0 indicators.
Presolve time = 0.23 sec. (212.39 ticks)
Probing time = 0.02 sec. (21.32 ticks)
Tried aggregator 1 time.
Detecting symmetries...
MIP Presolve eliminated 6 rows and 4 columns.
Reduced MIP has 25308 rows, 3071 columns, and 91156 nonzeros.
Reduced MIP has 3071 binaries, 0 generals, 0 SOSs, and 0 indicators.
Presolve time = 0.05 sec. (52.44 ticks)
Probing time = 0.01 sec. (5.15 ticks)
Clique table members: 3253.
MIP emphasis: balance optimality and feasibility.
MIP search method: dynamic search.
Parallel mode: none, using 1 thread.
Root relaxation solution time = 0.06 sec. (80.81 ticks)

        Nodes                                         Cuts/
   Node  Left     Objective  IInf  Best Integer    Best Bound    ItCnt     Gap

      0     0    21085.4760   200                  21085.4760      763         
      0     0    21103.9158   409                   Cuts: 109     5928         
      0     0    21140.0641   297                   Cuts: 140    10637         
      0     0    21181.6843   314                   Cuts: 165    12880         
      0     0    21196.4379   327                   Cuts: 130    17746         
      0     0    21212.1652   260                   Cuts: 107    23267         
      0     0    21221.1576   314                    Cuts: 93    25678         
      0     0    21226.6907   320                   Cuts: 150    29257         
      0     0    21230.4265   313                   Cuts: 115    32137         
      0     0    21233.1320   327                    Cuts: 96    36284         
      0     0    21240.8326   356                   Cuts: 114    40626         
      0     0    21246.0913   303                   Cuts: 133    44553         
      0     0    21249.7072   305                   Cuts: 160    46590         
      0     0    21251.8725   290                   Cuts: 103    49243         
      0     0    21252.9450   319                   Cuts: 156    51617         
      0     0    21254.4043   329                    Cuts: 80    56447         
*     0+    0                        27358.0000    21254.4043            22.31%
      0     2    21254.4043   306    27358.0000    21254.4043    56447   22.31%
Elapsed time = 42.50 sec. (50064.97 ticks, tree = 0.01 MB, solutions = 1)
      1     3    21255.6195   300    27358.0000    21254.4043    58952   22.31%
      2     4    21254.4043   306    27358.0000    21254.4043    60576   22.31%
      9    11    21255.7510   346    27358.0000    21254.4043    63299   22.31%
     10    12    21254.5006   262    27358.0000    21254.4043    64280   22.31%
     13    15    21254.5006   247    27358.0000    21254.4043    65288   22.31%
     16    18    21254.5006   249    27358.0000    21254.4043    66004   22.31%
     19    21    21258.6599   251    27358.0000    21254.4043    67284   22.31%
     20    22    21262.1363   313    27358.0000    21254.4043    70823   22.31%
     22    24    21258.6599   240    27358.0000    21254.4043    71295   22.31%
     32    34    21258.6599   230    27358.0000    21254.4043    75031   22.31%
Elapsed time = 48.79 sec. (57434.78 ticks, tree = 2.33 MB, solutions = 1)
     40    42    21289.7202   272    27358.0000    21254.4043    77880   22.31%
     49    51    21276.4817   227    27358.0000    21254.4043    80082   22.31%
     60    62    21276.4817   219    27358.0000    21254.4043    81393   22.31%
     95    97    21278.0001   189    27358.0000    21254.4043    84064   22.31%
    117   119    21296.8953   200    27358.0000    21254.4043    87148   22.31%
*   120+  120                        22932.0000    21254.4043             7.32%
    124   126    21293.7574   196    22932.0000    21254.4043    88429    7.32%
    143   145    21389.6537   131    22932.0000    21254.4043    91191    7.32%
    171   171    21479.2865   131    22932.0000    21254.4043    94790    7.32%
    234   230    21965.9226    67    22932.0000    21254.4043    98488    7.32%
*   270+  248                        22382.0000    21254.4043             5.04%
    272   250    21254.4043   256    22382.0000    21254.4043    99941    5.04%
Elapsed time = 58.01 sec. (68670.13 ticks, tree = 43.43 MB, solutions = 3)
    290   268    21254.4043   248    22382.0000    21254.4043   100838    5.04%
    297   275    21263.0662   221    22382.0000    21254.4043   105621    5.04%
    310   288    21263.0662   188    22382.0000    21254.4043   106367    5.04%
    330   308    21263.0662   179    22382.0000    21254.4043   108697    5.04%
    340   318    21263.0662   171    22382.0000    21254.4043   109557    5.04%
    360   338    21263.0662   165    22382.0000    21254.4043   110948    5.04%
    381   359    21263.2664   200    22382.0000    21254.4043   113228    5.04%
    396   374    21274.7217   263    22382.0000    21254.4043   117329    5.04%
    400   378    21295.2441   246    22382.0000    21254.4043   119112    5.04%
    415   393    21321.7378   256    22382.0000    21254.4043   122953    5.04%
Elapsed time = 68.95 sec. (80875.11 ticks, tree = 70.66 MB, solutions = 3)
    434   412    21498.3896   187    22382.0000    21254.4043   127230    5.04%
    452   430    21484.7944   166    22382.0000    21254.4043   131052    5.04%
    520   490    21254.4043   262    22382.0000    21254.4043   134446    5.04%
    525   495    21255.6195   379    22382.0000    21254.4043   136805    5.04%
    540   510    21255.6195   264    22382.0000    21254.4043   138524    5.04%
    549   519    21255.6195   368    22382.0000    21254.4043   141975    5.04%
    563   533    21255.6195   281    22382.0000    21254.4043   144644    5.04%
    583   553    21255.6195   245    22382.0000    21254.4043   146731    5.04%
    597   567    21272.9192   268    22382.0000    21254.4043   149822    5.04%
    607   577    21257.3263   298    22382.0000    21254.4043   152246    5.04%
Elapsed time = 79.06 sec. (92203.03 ticks, tree = 107.25 MB, solutions = 3)
    616   586    21258.6599   263    22382.0000    21254.4043   154589    5.04%
    652   622    21259.2046   228    22382.0000    21254.4043   157442    5.04%
    680   650    21264.9392   246    22382.0000    21254.4043   160555    5.04%
    708   678    21318.7330   246    22382.0000    21254.4043   164387    5.04%
    730   700    21591.1071   142    22382.0000    21254.4043   168607    5.04%
    762   728    21828.3893   109    22382.0000    21254.4043   173092    5.04%
    795   755    21254.5006   306    22382.0000    21254.4043   175807    5.04%
    796   756    21255.7510   338    22382.0000    21254.4043   178653    5.04%
    797   757    21258.6599   311    22382.0000    21254.4043   183243    5.04%
    798   758    21262.1363   333    22382.0000    21254.4043   187891    5.04%
Elapsed time = 90.87 sec. (105236.98 ticks, tree = 107.86 MB, solutions = 3)
    800   760    21258.6599   264    22382.0000    21254.4043   188166    5.04%
    840   800    21258.6599   239    22382.0000    21254.4043   190296    5.04%
    875   835    21258.6599   270    22382.0000    21254.4043   193201    5.04%
    915   875    21259.6269   243    22382.0000    21254.4043   196141    5.04%
    928   888    21286.7526   216    22382.0000    21254.4043   199138    5.04%
    950   908    21375.8265   146    22382.0000    21254.4043   203516    5.04%
    994   952    21525.9890    38    22382.0000    21254.4043   206485    5.04%
*  1000+  904                        22190.0000    21254.4043             4.22%
   1004   910    21255.6195   372    22190.0000    21254.4043   209482    4.22%
   1010   916    21255.6195   270    22190.0000    21254.4043   210266    4.22%
   1038   944    21258.6599   238    22190.0000    21254.4043   213118    4.22%
Elapsed time = 101.44 sec. (117366.86 ticks, tree = 145.62 MB, solutions = 4)
   1051   957    21259.1263   250    22190.0000    21254.4043   213653    4.22%
   1075   981    21291.2875   206    22190.0000    21254.4043   216041    4.22%
   1104  1010    21424.9535   177    22190.0000    21254.4043   220026    4.22%
   1112  1018    21254.5006   308    22190.0000    21254.4043   221668    4.22%

Performing restart 1

Repeating presolve.
Tried aggregator 1 time.
MIP Presolve modified 12137 coefficients.
Reduced MIP has 25308 rows, 3071 columns, and 85276 nonzeros.
Reduced MIP has 3071 binaries, 0 generals, 0 SOSs, and 0 indicators.
Presolve time = 0.07 sec. (66.03 ticks)
Tried aggregator 1 time.
MIP Presolve modified 690 coefficients.
Reduced MIP has 25308 rows, 3071 columns, and 85276 nonzeros.
Reduced MIP has 3071 binaries, 0 generals, 0 SOSs, and 0 indicators.
Presolve time = 0.07 sec. (69.60 ticks)
Represolve time = 0.35 sec. (328.03 ticks)
   1113     0    21254.9208   340    22190.0000     Cuts: 145   230270    4.21%
   1113     0    21254.9499   357    22190.0000      Cuts: 91   233196    4.21%
   1113     0    21255.2711   360    22190.0000     Cuts: 115   237114    4.21%
   1113     0    21255.8903   378    22190.0000     Cuts: 155   241244    4.21%
   1113     0    21256.2581   362    22190.0000     Cuts: 101   249845    4.21%
   1113     0    21256.9657   363    22190.0000     Cuts: 126   254301    4.20%
   1113     0    21257.5249   364    22190.0000     Cuts: 105   260111    4.20%
   1113     0    21257.8288   340    22190.0000     Cuts: 106   265501    4.20%
   1113     0    21258.6974   340    22190.0000     Cuts: 134   269587    4.20%
   1113     0    21259.2393   360    22190.0000     Cuts: 113   281549    4.19%
   1113     0    21259.8623   267    22190.0000      Cuts: 93   289674    4.19%
   1113     0    21260.8809   285    22190.0000     Cuts: 105   300335    4.19%
   1113     0    21261.1506   334    22190.0000      Cuts: 99   310411    4.19%
   1113     0    21261.1852   288    22190.0000      Cuts: 66   312096    4.19%
   1113     0    21261.2713   357    22190.0000     Cuts: 109   314358    4.19%
   1113     0    21261.3512   338    22190.0000      Cuts: 71   317770    4.18%
   1113     0    21261.4527   311    22190.0000      Cuts: 89   322611    4.18%
   1113     0    21261.4552   334    22190.0000     Cuts: 175   326932    4.18%
   1113     0    21261.5601   364    22190.0000      Cuts: 79   329559    4.18%
   1113     2    21261.5601   299    22190.0000    21261.8331   329559    4.18%
   1114     3    21262.1164   272    22190.0000    21262.3074   332605    4.18%
   1115     4    21262.3581   332    22190.0000    21262.4357   335421    4.18%
   1116     5    21262.5178   312    22190.0000    21262.5276   337843    4.18%
   1118     7    21263.6231   246    22190.0000    21263.5182   339103    4.18%
   1119     8    21269.1290   297    22190.0000    21263.8154   346512    4.17%
Elapsed time = 232.65 sec. (277264.98 ticks, tree = 0.42 MB, solutions = 4)
   1121    10    21274.7026   260    22190.0000    21264.1277   349684    4.17%
   1123    12    21273.3461   244    22190.0000    21264.1277   350239    4.17%
   1125    14    21286.8888   274    22190.0000    21264.1277   358137    4.17%
   1129    18    21316.6071   238    22190.0000    21264.1277   358936    4.17%
   1131    20    21348.9418   267    22190.0000    21264.1277   360976    4.17%
   1132    21    21339.5831   309    22190.0000    21264.1277   364005    4.17%
   1135    22    21397.7378   230    22190.0000    21264.1277   365557    4.17%
   1138    22    21419.3615   221    22190.0000    21264.1277   367633    4.17%
   1141    23    21432.0047   239    22190.0000    21264.1277   369831    4.17%
   1145    24    21437.3865   242    22190.0000    21264.1277   371661    4.17%
Elapsed time = 246.87 sec. (294722.58 ticks, tree = 1.85 MB, solutions = 4)
   1149    24    21462.5883   226    22190.0000    21264.1277   374143    4.17%
   1153    24    21488.1699   225    22190.0000    21264.1277   377042    4.17%
   1159    28    21785.6825   196    22190.0000    21264.1277   379571    4.17%
   1164    33    21786.9733   208    22190.0000    21264.1277   381490    4.17%
   1168    37    21787.3936   213    22190.0000    21264.1277   383819    4.17%
   1172    41    21797.0807   209    22190.0000    21264.1277   386471    4.17%
   1177    46    21831.1388   200    22190.0000    21264.1277   388969    4.17%
   1184    53    21796.3410   211    22190.0000    21264.1277   390453    4.17%
   1191    60    21798.0000   210    22190.0000    21264.1277   391477    4.17%
   1197    66    21798.0000   190    22190.0000    21264.1277   392551    4.17%
Elapsed time = 254.59 sec. (305426.30 ticks, tree = 2.03 MB, solutions = 4)
   1203    72    21803.4238   222    22190.0000    21264.1277   394960    4.17%
   1210    79    22085.0000   199    22190.0000    21264.1277   396639    4.17%
   1218    87    21820.0769   197    22190.0000    21264.1277   397829    4.17%
   1223    92    21825.8800   186    22190.0000    21264.1277   399040    4.17%
   1230    99    21845.8889   183    22190.0000    21264.1277   400206    4.17%
   1237   106    22040.1732   168    22190.0000    21264.1277   401258    4.17%
   1242   107    21290.5276   306    22190.0000    21266.7200   408642    4.16%
   1243   108    21292.0576   272    22190.0000    21266.7200   410976    4.16%
   1244   109    21293.1756   355    22190.0000    21266.7200   416440    4.16%
   1252   117    21423.4095   329    22190.0000    21266.7200   423654    4.16%
Elapsed time = 283.04 sec. (338638.26 ticks, tree = 2.24 MB, solutions = 4)
   1264   129    21475.6870   206    22190.0000    21266.7200   432790    4.16%
   1283   148    21494.1587   206    22190.0000    21266.7200   442107    4.16%
   1314   179    21583.5529   184    22190.0000    21266.7200   451431    4.16%
   1342   204    21271.7054   288    22190.0000    21267.2315   462666    4.16%
   1353   215    21410.6841   226    22190.0000    21267.2315   470464    4.16%
   1369   222    21555.4376   273    22190.0000    21267.2315   483830    4.16%
   1377   230    21594.3584   245    22190.0000    21267.2315   486303    4.16%
   1405   258    21746.6388   183    22190.0000    21267.2315   492061    4.16%
   1416   265    21289.4185   339    22190.0000    21269.1098   506337    4.15%
   1417   266    21289.4185   299    22190.0000    21269.1098   515424    4.15%
Elapsed time = 338.15 sec. (404741.24 ticks, tree = 2.90 MB, solutions = 4)
   1418   267    21289.4449   297    22190.0000    21269.1098   523505    4.15%
   1430   273    21388.6360   241    22190.0000    21269.1098   532733    4.15%
   1448   284    21462.3874   236    22190.0000    21269.1098   544258    4.15%
   1473   309    21756.4579   209    22190.0000    21269.1098   553757    4.15%
   1538   368    21286.2758   253    22190.0000    21269.1905   564885    4.15%
   1556   386    21333.6324   226    22190.0000    21269.1905   576340    4.15%
   1581   411    21545.6533   185    22190.0000    21269.1905   590905    4.15%
   1622   452    21916.0504   192    22190.0000    21269.1905   598137    4.15%
   1625   451    21278.6759   291    22190.0000    21270.2352   605199    4.14%
   1628   454    21286.5952   258    22190.0000    21270.2352   614468    4.14%
Elapsed time = 392.55 sec. (468281.67 ticks, tree = 3.50 MB, solutions = 4)
   1640   463    21423.7664   224    22190.0000    21270.2352   627501    4.14%
   1662   474    21786.6549   218    22190.0000    21270.2352   640384    4.14%
   1673   485    21801.1814   201    22190.0000    21270.2352   644993    4.14%
*  1713+  517                        22181.0000    21270.2352             4.11%
   1713   519    22027.6000   173    22181.0000    21270.2352   656427    4.11%
   1727   522    21287.3037   261    22181.0000    21273.5017   677192    4.09%
   1741   536    21308.8242   215    22181.0000    21273.5017   685743    4.09%
   1772   567    21378.6875   184    22181.0000    21273.5017   693390    4.09%
   1814   605    21283.1359   261    22181.0000    21274.7510   706622    4.09%
   1833   624    21465.1063   218    22181.0000    21274.7510   717211    4.09%
   1860   651    22055.5998   180    22181.0000    21274.7510   730424    4.09%
Elapsed time = 475.22 sec. (560735.91 ticks, tree = 3.98 MB, solutions = 5)
   1872   660    21307.1336   309    22181.0000    21275.1583   751569    4.08%
   1873   661    21307.3694   285    22181.0000    21275.1583   752366    4.08%
   1894   682    21378.9389   212    22181.0000    21275.1583   760974    4.08%
   1913   701    21875.6177   190    22181.0000    21275.1583   768454    4.08%
   1930   714    21307.3207   267    22181.0000    21275.3474   775317    4.08%
   1938   722    21337.5241   215    22181.0000    21275.3474   785677    4.08%
   1953   731    21498.6553   218    22181.0000    21275.3474   796226    4.08%
   1981   755    21873.7638   253    22181.0000    21275.3474   811919    4.08%
   2013   787    21909.2044   236    22181.0000    21275.3474   818101    4.08%
   2064   838    22099.0000   215    22181.0000    21275.3474   827258    4.08%
Elapsed time = 563.46 sec. (665444.03 ticks, tree = 4.58 MB, solutions = 5)
   2080   846    21306.2088   283    22181.0000    21276.4641   838486    4.08%
   2106   872    21344.1983   219    22181.0000    21276.4641   849959    4.08%
   2153   919    21607.0000   189    22181.0000    21276.4641   860824    4.08%
   2231   990    22163.0000    76    22181.0000    21276.4641   867532    4.08%
   2262  1002    21298.4133   273    22181.0000    21276.6073   873108    4.08%
   2277  1017    21460.5709   216    22181.0000    21276.6073   887163    4.08%
   2305  1045    21992.3981   209    22181.0000    21276.6073   904812    4.08%
   2349  1081    21303.5637   246    22181.0000    21279.8479   920776    4.06%
   2363  1095    21444.7532   213    22181.0000    21279.8479   930715    4.06%
   2403  1132    22112.0077   199    22181.0000    21279.8479   940234    4.06%
Elapsed time = 614.80 sec. (727922.85 ticks, tree = 5.51 MB, solutions = 5)
   2407  1132    21293.5765   321    22181.0000    21280.4973   946956    4.06%
   2408  1133    21304.0127   299    22181.0000    21280.4973   957287    4.06%
   2409  1134    21304.0127   266    22181.0000    21280.4973   967826    4.06%
   2410  1135    21305.4751   258    22181.0000    21280.4973   975373    4.06%
   2411  1136    21307.2032   296    22181.0000    21280.4973   983630    4.06%
   2412  1137    21309.4026   382    22181.0000    21280.4973   993493    4.06%
   2413  1138    21332.6696   291    22181.0000    21280.4973  1001909    4.06%
   2427  1152    21348.7932   236    22181.0000    21280.4973  1010124    4.06%
   2448  1173    21505.0923   191    22181.0000    21280.4973  1020127    4.06%
   2477  1202    21764.0500   175    22181.0000    21280.4973  1026243    4.06%
Elapsed time = 661.65 sec. (779676.36 ticks, tree = 5.81 MB, solutions = 5)
   2482  1204    21291.6246   300    22181.0000    21281.9900  1036589    4.05%
   2496  1218    21306.0900   266    22181.0000    21281.9900  1045616    4.05%
   2508  1230    21538.8360   282    22181.0000    21281.9900  1057727    4.05%
   2513  1235    22006.9318   222    22181.0000    21281.9900  1066048    4.05%
   2535  1257    22113.9672   246    22181.0000    21281.9900  1074912    4.05%
   2550  1262    21330.3148   315    22181.0000    21283.1797  1083403    4.05%
   2563  1272    21427.2028   232    22181.0000    21283.1797  1093178    4.05%
   2590  1296    21956.2500   170    22181.0000    21283.1797  1106323    4.05%
   2633  1335    22043.6889   144    22181.0000    21283.1797  1120267    4.05%
   2667  1359    21287.5585   277    22181.0000    21284.8183  1137080    4.04%
Elapsed time = 726.21 sec. (856671.79 ticks, tree = 6.68 MB, solutions = 5)
   2669  1361    21292.2982   287    22181.0000    21284.8183  1149069    4.04%
   2691  1383    21341.7302   214    22181.0000    21284.8183  1161572    4.04%
   2726  1418    22073.3168   197    22181.0000    21284.8183  1177794    4.04%
   2773  1463    22154.0000   291    22181.0000    21284.8183  1185907    4.04%
   2878  1515    21290.5624   268    22181.0000    21286.2973  1197901    4.03%
   2883  1520    21294.3584   246    22181.0000    21286.2973  1207117    4.03%
   2899  1533    21439.9381   230    22181.0000    21286.2973  1222101    4.03%
   2941  1575    21508.5000   214    22181.0000    21286.2973  1237458    4.03%
   2970  1600    21289.9652   313    22181.0000    21286.4924  1257191    4.03%
   2971  1601    21292.5668   326    22181.0000    21286.4924  1268128    4.03%
Elapsed time = 795.15 sec. (934970.81 ticks, tree = 7.73 MB, solutions = 5)
   2972  1602    21292.5668   343    22181.0000    21286.4924  1277825    4.03%
   2973  1603    21297.0688   286    22181.0000    21286.4924  1286850    4.03%
   2974  1604    21299.2083   296    22181.0000    21286.4924  1296586    4.03%
   2975  1605    21317.7272   316    22181.0000    21286.4924  1306538    4.03%
   2976  1606    21321.4991   345    22181.0000    21286.4924  1314386    4.03%
   2978  1608    21345.0598   270    22181.0000    21286.4924  1322618    4.03%
   2991  1621    21379.8164   254    22181.0000    21286.4924  1336411    4.03%
   3002  1632    21586.0366   278    22181.0000    21286.4924  1351650    4.03%
Starting limited solution polishing.
   3013  1643    21655.1538   186    22181.0000    21286.4924  1365029    4.03%
   3053  1675    22154.6538   145    22181.0000    21286.4924  1376483    4.03%
Elapsed time = 838.25 sec. (982966.65 ticks, tree = 8.24 MB, solutions = 5)
   3058  1678    21287.9128   251    22181.0000    21286.5952  1380124    4.03%
   3083  1703    21379.3179   230    22181.0000    21286.5952  1392041    4.03%
   3113  1729    22178.0000   239    22181.0000    21286.5952  1397789    4.03%
   3178  1784    infeasible          22181.0000    21286.5952  1412901    4.03%
   3206  1794    21291.2940   248    22181.0000    21286.6015  1426645    4.03%
   3218  1806    21341.7001   242    22181.0000    21286.6015  1435408    4.03%
   3230  1818    21444.5705   223    22181.0000    21286.6015  1447265    4.03%
   3259  1847    21601.6618   251    22181.0000    21286.6015  1458979    4.03%
   3279  1858    21294.6164   276    22181.0000    21286.9066  1463677    4.03%
   3294  1873    21396.4172   229    22181.0000    21286.9066  1475323    4.03%
Elapsed time = 884.66 sec. (1038886.13 ticks, tree = 9.09 MB, solutions = 5)
   3313  1892    21451.7954   216    22181.0000    21286.9066  1484006    4.03%
   3341  1917    21863.0667   253    22181.0000    21286.9066  1494492    4.03%

Clique cuts applied:  15
Cover cuts applied:  78
Implied bound cuts applied:  10
Flow cuts applied:  1
Mixed integer rounding cuts applied:  98
Zero-half cuts applied:  59
Lift and project cuts applied:  3
Gomory fractional cuts applied:  3

Root node processing (before b&c):
  Real time             =   42.48 sec. (50016.40 ticks)
Sequential b&c:
  Real time             =  857.54 sec. (1007849.37 ticks)
                          ------------
Total (root+branch&cut) =  900.02 sec. (1057865.76 ticks)
MIP: [1;32mCPLEX finished.[0m
MIP: [1;32mCPLEX status: Feasible[0m
CAN: [1;35mItem: 0, Level: 0, at bin: 13[0m
CAN: [1;35mItem: 0, Level: 1, at bin: 22[0m
CAN: [1;35mItem: 1, Level: 0, at bin: 9[0m
CAN: [1;35mItem: 1, Level: 1, at bin: 14[0m
CAN: [1;35mItem: 2, Level: 0, at bin: 1[0m
CAN: [1;35mItem: 2, Level: 1, at bin: 17[0m
CAN: [1;35mItem: 3, Level: 0, at bin: 24[0m
CAN: [1;35mItem: 3, Level: 1, at bin: 2[0m
CAN: [1;35mItem: 4, Level: 0, at bin: 20[0m
CAN: [1;35mItem: 4, Level: 1, at bin: 10[0m
CAN: [1;35mItem: 5, Level: 0, at bin: 26[0m
CAN: [1;35mItem: 5, Level: 1, at bin: 16[0m
CAN: [1;35mItem: 6, Level: 0, at bin: 4[0m
CAN: [1;35mItem: 6, Level: 1, at bin: 17[0m
CAN: [1;35mItem: 7, Level: 0, at bin: 16[0m
CAN: [1;35mItem: 7, Level: 1, at bin: 14[0m
CAN: [1;35mItem: 8, Level: 0, at bin: 22[0m
CAN: [1;35mItem: 8, Level: 1, at bin: 19[0m
CAN: [1;35mItem: 9, Level: 0, at bin: 3[0m
CAN: [1;35mItem: 9, Level: 1, at bin: 9[0m
CAN: [1;35mItem: 10, Level: 0, at bin: 18[0m
CAN: [1;35mItem: 10, Level: 1, at bin: 13[0m
CAN: [1;35mItem: 11, Level: 0, at bin: 17[0m
CAN: [1;35mItem: 11, Level: 1, at bin: 22[0m
CAN: [1;35mItem: 12, Level: 0, at bin: 21[0m
CAN: [1;35mItem: 12, Level: 1, at bin: 10[0m
CAN: [1;35mItem: 13, Level: 0, at bin: 4[0m
CAN: [1;35mItem: 13, Level: 1, at bin: 17[0m
CAN: [1;35mItem: 14, Level: 0, at bin: 21[0m
CAN: [1;35mItem: 14, Level: 1, at bin: 10[0m
CAN: [1;35mItem: 15, Level: 0, at bin: 21[0m
CAN: [1;35mItem: 15, Level: 1, at bin: 10[0m
CAN: [1;35mItem: 16, Level: 0, at bin: 13[0m
CAN: [1;35mItem: 16, Level: 1, at bin: 22[0m
CAN: [1;35mItem: 17, Level: 0, at bin: 26[0m
CAN: [1;35mItem: 17, Level: 1, at bin: 16[0m
CAN: [1;35mItem: 18, Level: 0, at bin: 8[0m
CAN: [1;35mItem: 18, Level: 1, at bin: 8[0m
CAN: [1;35mItem: 19, Level: 0, at bin: 19[0m
CAN: [1;35mItem: 19, Level: 1, at bin: 21[0m
CAN: [1;35mItem: 20, Level: 0, at bin: 14[0m
CAN: [1;35mItem: 20, Level: 1, at bin: 13[0m
CAN: [1;35mItem: 21, Level: 0, at bin: 1[0m
CAN: [1;35mItem: 21, Level: 1, at bin: 17[0m
CAN: [1;35mItem: 22, Level: 0, at bin: 24[0m
CAN: [1;35mItem: 22, Level: 1, at bin: 2[0m
CAN: [1;35mItem: 23, Level: 0, at bin: 18[0m
CAN: [1;35mItem: 23, Level: 1, at bin: 13[0m
CAN: [1;35mItem: 24, Level: 0, at bin: 23[0m
CAN: [1;35mItem: 24, Level: 1, at bin: 2[0m
CAN: [1;35mItem: 25, Level: 0, at bin: 9[0m
CAN: [1;35mItem: 25, Level: 1, at bin: 14[0m
CAN: [1;35mItem: 26, Level: 0, at bin: 8[0m
CAN: [1;35mItem: 26, Level: 1, at bin: 8[0m
CAN: [1;35mItem: 27, Level: 0, at bin: 27[0m
CAN: [1;35mItem: 27, Level: 1, at bin: 3[0m
CAN: [1;35mItem: 28, Level: 0, at bin: 22[0m
CAN: [1;35mItem: 28, Level: 1, at bin: 19[0m
CAN: [1;35mItem: 29, Level: 0, at bin: 22[0m
CAN: [1;35mItem: 29, Level: 1, at bin: 19[0m
CAN: [1;35mItem: 30, Level: 0, at bin: 12[0m
CAN: [1;35mItem: 30, Level: 1, at bin: 3[0m
CAN: [1;35mItem: 31, Level: 0, at bin: 2[0m
CAN: [1;35mItem: 31, Level: 1, at bin: 11[0m
CAN: [1;35mItem: 32, Level: 0, at bin: 27[0m
CAN: [1;35mItem: 32, Level: 1, at bin: 3[0m
CAN: [1;35mItem: 33, Level: 0, at bin: 17[0m
CAN: [1;35mItem: 33, Level: 1, at bin: 22[0m
CAN: [1;35mItem: 34, Level: 0, at bin: 9[0m
CAN: [1;35mItem: 34, Level: 1, at bin: 14[0m
CAN: [1;35mItem: 35, Level: 0, at bin: 2[0m
CAN: [1;35mItem: 35, Level: 1, at bin: 11[0m
CAN: [1;35mItem: 36, Level: 0, at bin: 15[0m
CAN: [1;35mItem: 36, Level: 1, at bin: 7[0m
CAN: [1;35mItem: 37, Level: 0, at bin: 26[0m
CAN: [1;35mItem: 37, Level: 1, at bin: 16[0m
CAN: [1;35mItem: 38, Level: 0, at bin: 29[0m
CAN: [1;35mItem: 38, Level: 1, at bin: 11[0m
CAN: [1;35mItem: 39, Level: 0, at bin: 14[0m
CAN: [1;35mItem: 39, Level: 1, at bin: 13[0m
CAN: [1;35mItem: 40, Level: 0, at bin: 14[0m
CAN: [1;35mItem: 40, Level: 1, at bin: 13[0m
CAN: [1;35mItem: 41, Level: 0, at bin: 29[0m
CAN: [1;35mItem: 41, Level: 1, at bin: 11[0m
CAN: [1;35mItem: 42, Level: 0, at bin: 14[0m
CAN: [1;35mItem: 42, Level: 1, at bin: 13[0m
CAN: [1;35mItem: 43, Level: 0, at bin: 0[0m
CAN: [1;35mItem: 43, Level: 1, at bin: 9[0m
CAN: [1;35mItem: 44, Level: 0, at bin: 20[0m
CAN: [1;35mItem: 44, Level: 1, at bin: 10[0m
CAN: [1;35mItem: 45, Level: 0, at bin: 16[0m
CAN: [1;35mItem: 45, Level: 1, at bin: 14[0m
CAN: [1;35mItem: 46, Level: 0, at bin: 29[0m
CAN: [1;35mItem: 46, Level: 1, at bin: 11[0m
CAN: [1;35mItem: 47, Level: 0, at bin: 8[0m
CAN: [1;35mItem: 47, Level: 1, at bin: 8[0m
CAN: [1;35mItem: 48, Level: 0, at bin: 3[0m
CAN: [1;35mItem: 48, Level: 1, at bin: 9[0m
CAN: [1;35mItem: 49, Level: 0, at bin: 10[0m
CAN: [1;35mItem: 49, Level: 1, at bin: 6[0m
MIP: [1;32mSolution: 
Indexes: [13, 9, 1, 24, 20, 26, 4, 16, 22, 3, 18, 17, 21, 4, 21, 21, 13, 26, 8, 19, 14, 1, 24, 18, 23, 9, 8, 27, 22, 22, 12, 2, 27, 17, 9, 2, 15, 26, 29, 14, 14, 29, 14, 0, 20, 16, 29, 8, 3, 10][9, 17, 11, 9, 17, -1, -1, -1, 8, 14, 6, -1, 3, 22, 13, 7, 14, 22, 13, 21, 10, 10, 19, 2, 2, -1, 16, 3, -1, 11], P Variables: [13, 22][9, 14][1, 17][24, 2][20, 10][26, 16][4, 17][16, 14][22, 19][3, 9][18, 13][17, 22][21, 10][4, 17][21, 10][21, 10][13, 22][26, 16][8, 8][19, 21][14, 13][1, 17][24, 2][18, 13][23, 2][9, 14][8, 8][27, 3][22, 19][22, 19][12, 3][2, 11][27, 3][17, 22][9, 14][2, 11][15, 7][26, 16][29, 11][14, 13][14, 13][29, 11][14, 13][0, 9][20, 10][16, 14][29, 11][8, 8][3, 9][10, 6], Flow leaving each bin: [0m
MIP: [1;32mObjective value: 22181[0m
MIP: [1;32mLower Bound: 21286.9[0m
MIP: [1;32mBranch-and-Bound nodes: 3356[0m

# best solution:
best objective value:	22181
best dual bound value:	21286
optimality gap:	4.03498%
CPU time:	898.165
