ifile	/scratch/csagturk/mlbppo_inst/n0050_m04_p100__090.inst
prob	MLBPPO
threads	1
ttime	900
instance: /scratch/csagturk/mlbppo_inst/n0050_m04_p100__090.inst
	m=4, n=[50, 36, 33, 32, 27], #pos=50
MIP: [1;32minit CPLEX[0m
CAN: [1;35mcreated 4908 x_{ijk} variables[0m
CAN: [1;35mcreated 178 y_{ij} variables[0m
CAN: [1;35mcreated 6400 p_{ijk} variables[0m
MIP: [1;32mcreated decision variables[0m
CAN: [1;35madded 50 constraints to enforce the packing of each item[0m
CAN: [1;35madded 101 constraints to enforce the packing of each item[0m
CAN: [1;35madded 128 capacity constraints[0m
MIP: [1;32mcreated constraints[0m
MIP: [1;32mcreated objective function[0m
MIP: [1;32mcalling CPLEX solve ...[0m
Version identifier: 22.1.0.0 | 2022-03-09 | 1a383f8ce
CPXPARAM_Threads                                 1
CPXPARAM_TimeLimit                               900
Presolve has eliminated 52018 rows and 104357 columns...
Tried aggregator 3 times.
MIP Presolve eliminated 147927 rows and 104357 columns.
MIP Presolve modified 3252 coefficients.
Aggregator did 320437 substitutions.
Reduced MIP has 314990 rows, 217615 columns, and 778369 nonzeros.
Reduced MIP has 113090 binaries, 0 generals, 0 SOSs, and 201 indicators.
Presolve time = 3.18 sec. (70489.75 ticks)
Elapsed time = 18.77 sec. (10000.09 ticks) for 15% of probing
Probing fixed 0 vars, tightened 144 bounds.
Probing time = 19.74 sec. (10596.65 ticks)
Tried aggregator 2 times.
MIP Presolve eliminated 604 rows and 705 columns.
MIP Presolve modified 35 coefficients.
Aggregator did 208435 substitutions.
Reduced MIP has 105952 rows, 8475 columns, and 360091 nonzeros.
Reduced MIP has 8475 binaries, 0 generals, 0 SOSs, and 0 indicators.
Presolve time = 1.12 sec. (868.75 ticks)
Probing time = 0.02 sec. (18.07 ticks)
Tried aggregator 1 time.
Detecting symmetries...
MIP Presolve eliminated 2 rows and 1 columns.
Reduced MIP has 105950 rows, 8474 columns, and 360087 nonzeros.
Reduced MIP has 8474 binaries, 0 generals, 0 SOSs, and 0 indicators.
Presolve time = 0.27 sec. (202.03 ticks)
Probing time = 0.01 sec. (8.92 ticks)
Clique table members: 5762.
MIP emphasis: balance optimality and feasibility.
MIP search method: dynamic search.
Parallel mode: none, using 1 thread.
Root relaxation solution time = 0.26 sec. (302.52 ticks)

        Nodes                                         Cuts/
   Node  Left     Objective  IInf  Best Integer    Best Bound    ItCnt     Gap

      0     0    37574.9243   244                  37574.9243     1534         
      0     0    37727.3038   387                   Cuts: 218     5717         
      0     0    37822.6983   500                   Cuts: 206     9312         
      0     0    37859.1188   565                   Cuts: 186    17458         
      0     0    37892.9664   579                   Cuts: 199    26538         
      0     0    37977.2438   549                   Cuts: 164    31271         
      0     0    38007.6627   501                   Cuts: 159    37600         
      0     0    38014.9261   585                   Cuts: 155    44186         
      0     0    38030.7863   558                   Cuts: 182    50997         
      0     0    38048.2074   549                   Cuts: 184    56512         
      0     0    38075.5375   569                   Cuts: 182    63423         
      0     0    38087.5406   493                   Cuts: 189    80191         
      0     0    38094.0801   514                   Cuts: 158    87114         
      0     0    38118.6986   545                   Cuts: 148    95558         
      0     0    38135.7187   501                   Cuts: 156   104165         
      0     0    38144.3829   520                   Cuts: 202   111052         
      0     0    38149.4583   552                   Cuts: 150   123123         
      0     0    38151.2147   515                   Cuts: 195   128455         
      0     0    38154.6678   544                   Cuts: 141   133962         
Heuristic still looking.
Heuristic still looking.
Heuristic still looking.
      0     2    38154.6678   544                  38154.8024   133962         
Elapsed time = 444.36 sec. (336664.04 ticks, tree = 0.01 MB, solutions = 0)
      1     3    38200.3098   464                  38155.2590   142174         
      2     4    38181.3042   486                  38181.3336   146881         
      3     5    38256.0495   483                  38181.3336   154108         
      4     6    38203.0395   452                  38181.3336   158035         
      5     7    38203.7442   400                  38181.3336   160252         
      6     8    38219.6193   418                  38181.3336   161753         
      7     9    38261.1082   416                  38181.3336   164321         
      8    10    38225.9484   421                  38181.3336   165578         
      9    11    38234.1679   412                  38181.3336   166012         
     10    12    38432.8034   394                  38181.3336   168989         
Elapsed time = 502.36 sec. (372146.44 ticks, tree = 0.95 MB, solutions = 0)
     11    13    38257.8692   399                  38181.3336   171386         
     12    14    38258.6234   388                  38181.3336   173535         
     14    16    38261.9210   378                  38181.3336   175949         
     15    17    38277.0522   373                  38181.3336   176732         
     16    18    38265.7450   373                  38181.3336   177892         
     18    20    38265.8793   373                  38181.3336   180329         
     19    21    38265.8793   386                  38181.3336   183005         
     21    23    38265.8793   409                  38181.3336   186268         
     22    24    38267.4262   406                  38181.3336   190458         
     24    26    38267.7813   410                  38181.3336   193037         
Elapsed time = 519.73 sec. (386186.29 ticks, tree = 5.30 MB, solutions = 0)
     26    28    38269.5594   371                  38181.3336   195195         
     28    30    38278.5790   365                  38181.3336   198634         
     29    31    38269.5594   365                  38181.3336   201201         
     31    33    38269.5594   356                  38181.3336   202117         
     33    35    38271.2511   375                  38181.3336   203607         
     36    38    38269.5594   423                  38181.3336   206982         
     38    40    38269.5594   419                  38181.3336   211004         
     41    43    38269.5594   349                  38181.3336   212184         
     45    47    38269.5594   359                  38181.3336   214439         
     49    51    38269.5594   357                  38181.3336   216341         
Elapsed time = 536.92 sec. (399999.07 ticks, tree = 9.79 MB, solutions = 0)
     52    54    38269.5594   354                  38181.3336   218636         
     57    59    38269.5594   403                  38181.3336   221249         
     60    62    38269.5594   354                  38181.3336   222547         
     62    64    38269.5594   363                  38181.3336   225255         
     63    65    38311.9423   423                  38181.3336   227566         
     66    68    38269.5594   361                  38181.3336   229249         
     72    74    38269.5594   388                  38181.3336   231706         
     76    78    38269.5594   380                  38181.3336   233763         
     81    83    38269.5594   373                  38181.3336   235418         
     86    88    38269.5594   410                  38181.3336   238189         
Elapsed time = 556.87 sec. (415066.18 ticks, tree = 12.00 MB, solutions = 0)
     87    89    38270.4136   390                  38181.3336   242801         
     90    92    38270.4136   391                  38181.3336   243111         
     92    94    38320.5057   460                  38181.3336   245245         
     94    96    38314.9673   503                  38181.3336   248518         
     96    98    38279.3323   478                  38181.3336   250886         
     97    99    38292.2876   417                  38181.3336   254554         
     98   100    38295.6847   427                  38181.3336   255618         
     99   101    38356.9517   507                  38181.3336   260363         
    100   102    38354.3030   440                  38181.3336   264718         
    101   103    38308.9062   413                  38181.3336   266251         
Elapsed time = 584.35 sec. (432831.36 ticks, tree = 21.17 MB, solutions = 0)
    103   105    38346.2641   437                  38181.3336   268480         
    105   107    38356.6635   464                  38181.3336   271101         
    116   118    38353.1983   386                  38181.3336   272480         
    120   122    38354.4893   427                  38181.3336   273088         
    126   128    38353.4286   469                  38181.3336   274555         
    140   142    38353.4286   415                  38181.3336   275896         
    151   153    38353.4286   439                  38181.3336   277132         
    156   158    38394.8389   434                  38181.3336   279427         
    160   162    38393.5913   456                  38181.3336   280611         
    161   163    38474.6705   467                  38181.3336   282677         
Elapsed time = 603.40 sec. (445747.58 ticks, tree = 70.75 MB, solutions = 0)
    164   166    38414.8501   539                  38181.3336   284711         
    170   172    38485.9119   532                  38181.3336   286746         
    175   177    38648.9085   531                  38181.3336   288678         
    179   181    38527.7048   525                  38181.3336   290512         
    182   184    38540.6034   494                  38181.3336   292190         
    186   188    38566.8408   518                  38181.3336   294440         
    189   191    38841.1337   483                  38181.3336   296543         
    191   193    38948.0087   435                  38181.3336   298736         
    197   199    38913.8103   409                  38181.3336   300388         
    201   203    38963.5243   491                  38181.3336   302913         
Elapsed time = 621.57 sec. (457196.24 ticks, tree = 103.82 MB, solutions = 0)
    206   208    38972.8719   519                  38181.3336   305254         
    208   210    39482.9692   488                  38181.3336   307584         
    210   212    39560.1058   559                  38181.3336   309662         
    212   214    40310.2805   375                  38181.3336   312112         
    216   218    40643.8769   303                  38181.3336   314365         
    218   220    40669.0565   289                  38181.3336   316307         
    221   223    40672.4335   418                  38181.3336   318190         
    226   228    41371.5481   327                  38181.3336   319950         
    232   234    41372.1706   301                  38181.3336   321298         
    240   242    41371.9027   338                  38181.3336   323070         
Elapsed time = 641.35 sec. (469806.02 ticks, tree = 136.05 MB, solutions = 0)
    250   252    41485.8631   316                  38181.3336   325024         
    260   262    41371.7048   249                  38181.3336   326494         
    265   267    41480.2677   245                  38181.3336   328587         
    271   273    41569.5688   214                  38181.3336   330429         
    277   279    41676.0489   317                  38181.3336   332141         
    282   284    41797.0543   247                  38181.3336   334146         
    292   294    41905.0901   258                  38181.3336   336182         
    299   301    42012.0924   267                  38181.3336   337638         
    303   305    41982.3573   371                  38181.3336   338768         
    307   309    42204.1679   265                  38181.3336   340495         
Elapsed time = 656.80 sec. (481799.17 ticks, tree = 190.62 MB, solutions = 0)
    311   313    42055.4281   214                  38181.3336   341771         
    320   322    42226.6786   222                  38181.3336   343740         
    329   331    43127.0976   234                  38181.3336   346169         
    336   338    43410.8308   247                  38181.3336   348236         
    344   346    43727.0292   255                  38181.3336   349834         
    355   357    44552.1961   192                  38181.3336   352148         
    360   362    44780.0293   168                  38181.3336   353482         
    372   374    46000.5193   147                  38181.3336   355372         
    387   389    46309.5176   133                  38181.3336   356706         
    445   447    50166.8494    94                  38181.3336   363664         
Elapsed time = 673.87 sec. (495449.05 ticks, tree = 304.75 MB, solutions = 0)
    480   470    38182.3880   483                  38181.3439   367942         
    481   471    38194.0038   560                  38181.3439   375706         
    483   473    38233.7138   501                  38181.3439   379576         
    487   477    38183.8133   519                  38181.3439   384111         
    488   478    38191.5764   502                  38181.3439   389006         
    491   481    38207.6626   529                  38181.3439   395393         
    493   483    38196.6772   427                  38181.3439   399788         
    494   484    38197.6746   498                  38181.3439   404118         
    506   496    38197.3856   469                  38181.3439   408112         
    515   505    38197.3856   466                  38181.3439   412595         
Elapsed time = 772.43 sec. (550928.23 ticks, tree = 354.31 MB, solutions = 0)
    517   507    38263.5191   457                  38181.3439   417849         
    538   528    38263.5191   386                  38181.3439   422083         
    556   546    38263.8703   475                  38181.3439   428357         
    560   550    38263.5191   398                  38181.3439   428616         
    578   568    38271.0056   398                  38181.3439   435184         
    596   586    38272.8903   384                  38181.3439   441141         
    600   590    38528.0553   405                  38181.3439   448157         
    608   598    38622.9340   395                  38181.3439   455042         
    621   611    38667.7104   339                  38181.3439   461537         
    627   617    38667.7104   447                  38181.3439   466217         
Elapsed time = 869.76 sec. (606441.38 ticks, tree = 446.88 MB, solutions = 0)
    631   621    38672.3400   386                  38181.3439   471182         
    639   629    38672.3400   447                  38181.3439   476066         
    654   644    38672.3400   362                  38181.3439   481807         
    673   663    38816.9275   500                  38181.3439   488320         

Clique cuts applied:  39
Cover cuts applied:  54
Implied bound cuts applied:  34
Flow cuts applied:  3
Mixed integer rounding cuts applied:  95
Zero-half cuts applied:  51
Gomory fractional cuts applied:  3

Root node processing (before b&c):
  Real time             =  444.23 sec. (336407.96 ticks)
Sequential b&c:
  Real time             =  455.82 sec. (288300.03 ticks)
                          ------------
Total (root+branch&cut) =  900.05 sec. (624707.99 ticks)
MIP: [1;32mCPLEX finished.[0m
MIP: [1;32mCPLEX status: Unknown[0m
MIP: [1;32mNo feasible solution exits[0m
