ifile	/scratch/csagturk/mlbppo_inst/n0050_m03_p050__027.inst
prob	MLBPPO
threads	1
ttime	900
instance: /scratch/csagturk/mlbppo_inst/n0050_m03_p050__027.inst
	m=3, n=[50, 32, 25, 25], #pos=25
MIP: [1;32minit CPLEX[0m
CAN: [1;35mcreated 3025 x_{ijk} variables[0m
CAN: [1;35mcreated 132 y_{ij} variables[0m
CAN: [1;35mcreated 4100 p_{ijk} variables[0m
MIP: [1;32mcreated decision variables[0m
CAN: [1;35madded 50 constraints to enforce the packing of each item[0m
CAN: [1;35madded 57 constraints to enforce the packing of each item[0m
CAN: [1;35madded 82 capacity constraints[0m
MIP: [1;32mcreated constraints[0m
MIP: [1;32mcreated objective function[0m
MIP: [1;32mcalling CPLEX solve ...[0m
Version identifier: 22.1.0.0 | 2022-03-09 | 1a383f8ce
CPXPARAM_Threads                                 1
CPXPARAM_TimeLimit                               900
Presolve has eliminated 22046 rows and 44254 columns...
Tried aggregator 2 times.
MIP Presolve eliminated 61459 rows and 44254 columns.
MIP Presolve modified 1746 coefficients.
Aggregator did 154112 substitutions.
Reduced MIP has 150034 rows, 104649 columns, and 370576 nonzeros.
Reduced MIP has 54877 binaries, 0 generals, 0 SOSs, and 112 indicators.
Presolve time = 1.30 sec. (15926.84 ticks)
Probing fixed 0 vars, tightened 78 bounds.
Probing time = 7.58 sec. (4432.55 ticks)
Tried aggregator 2 times.
MIP Presolve eliminated 338 rows and 395 columns.
Aggregator did 99204 substitutions.
Reduced MIP has 50494 rows, 5050 columns, and 171382 nonzeros.
Reduced MIP has 5050 binaries, 0 generals, 0 SOSs, and 0 indicators.
Presolve time = 0.51 sec. (393.05 ticks)
Probing time = 0.02 sec. (17.45 ticks)
Tried aggregator 1 time.
Detecting symmetries...
MIP Presolve eliminated 4 rows and 2 columns.
Reduced MIP has 50490 rows, 5048 columns, and 171374 nonzeros.
Reduced MIP has 5048 binaries, 0 generals, 0 SOSs, and 0 indicators.
Presolve time = 0.12 sec. (99.40 ticks)
Probing time = 0.01 sec. (6.30 ticks)
Clique table members: 1447.
MIP emphasis: balance optimality and feasibility.
MIP search method: dynamic search.
Parallel mode: none, using 1 thread.
Root relaxation solution time = 0.14 sec. (169.96 ticks)

        Nodes                                         Cuts/
   Node  Left     Objective  IInf  Best Integer    Best Bound    ItCnt     Gap

      0     0    32320.2663   238                  32320.2663     1125         
      0     0    32433.1687   488                   Cuts: 267     4792         
      0     0    32451.3974   428                   Cuts: 169    12032         
      0     0    32457.0366   435                   Cuts: 137    17730         
      0     0    32466.1443   495                   Cuts: 150    23337         
      0     0    32479.2269   520                   Cuts: 169    27972         
      0     0    32481.5825   450                   Cuts: 138    36040         
      0     0    32485.2846   539                   Cuts: 169    43097         
      0     0    32494.2428   533                   Cuts: 189    55561         
      0     0    32502.2150   572                   Cuts: 149    61595         
      0     0    32505.9050   588                   Cuts: 134    65868         
      0     0    32510.3577   613                   Cuts: 142    70480         
      0     0    32512.0057   623                   Cuts: 127    77437         
      0     0    32514.1162   592                    Cuts: 73    82320         
      0     0    32517.3932   587                   Cuts: 107    89629         
Heuristic still looking.
      0     2    32517.3932   583                  32517.3932    89629         
Elapsed time = 136.94 sec. (129350.95 ticks, tree = 0.01 MB, solutions = 0)
      1     3    32518.0899   504                  32517.3932    90694         
      2     4    32518.0899   532                  32517.3932    91869         
      4     6    32518.0899   464                  32517.3932    92049         
      6     8    32518.0899   514                  32517.3932    93339         
      8    10    32518.0899   434                  32517.3932    94331         
      9    11    32518.0899   436                  32517.3932    95070         
     10    12    32518.0899   422                  32517.3932    95454         
     11    13    32518.0899   418                  32517.3932    95564         
     13    15    32518.0899   428                  32517.3932    96410         
     33    35    32522.2347   494                  32517.3932   100727         
Elapsed time = 146.13 sec. (138391.47 ticks, tree = 1.42 MB, solutions = 0)
     34    36    32532.5146   576                  32517.3932   105847         
     38    40    32522.2347   452                  32517.3932   109924         
     40    42    32522.2347   462                  32517.3932   111677         
     46    48    32522.2347   434                  32517.3932   114236         
     50    52    32522.2347   396                  32517.3932   114444         
     59    61    32522.2347   398                  32517.3932   116179         
     60    62    32522.2347   404                  32517.3932   116265         
     63    65    32522.2347   455                  32517.3932   117960         
     72    74    32522.2347   371                  32517.3932   119736         
     76    78    32522.2347   438                  32517.3932   121791         
Elapsed time = 166.11 sec. (156494.93 ticks, tree = 9.50 MB, solutions = 0)
     80    82    32522.2347   382                  32517.3932   122281         
     95    97    32522.2347   378                  32517.3932   124029         
    100   102    32522.2347   372                  32517.3932   124775         
    116   118    32532.0045   366                  32517.3932   126861         
    120   122    32632.2093   382                  32517.3932   128199         
    121   123    32574.5752   401                  32517.3932   131621         
    130   132    32569.3078   361                  32517.3932   133989         
    139   141    32568.8529   362                  32517.3932   135952         
    143   145    32628.7162   384                  32517.3932   140225         
    148   150    32623.5917   379                  32517.3932   143179         
Elapsed time = 184.18 sec. (172010.67 ticks, tree = 36.38 MB, solutions = 0)
    155   157    32638.1776   385                  32517.3932   147262         
    160   162    32821.8396   367                  32517.3932   150549         
    173   175    32929.4557   313                  32517.3932   155234         
    180   182    32914.8099   279                  32517.3932   157958         
    190   192    33022.7974   311                  32517.3932   162777         
    199   201    33091.8717   318                  32517.3932   168041         
    211   213    33305.8398   244                  32517.3932   173202         
    220   222    33500.9884   201                  32517.3932   176913         
    240   242    33881.7751   166                  32517.3932   181931         
    276   278    34532.0045   112                  32517.3932   185904         
Elapsed time = 196.45 sec. (183389.35 ticks, tree = 38.98 MB, solutions = 0)
    312   314    35128.7506   128                  32517.3932   188169         
    367   362    infeasible                        32517.3932   191901         
*   370+  363                        38904.0000    32517.3932            16.42%
*   373   362      integral     0    38874.0000    32517.3932   191935   16.35%
    377   362    32517.3932   569    38874.0000    32517.3932   193378   16.35%
    390   375    32517.9741   466    38874.0000    32517.3932   194954   16.35%
    400   385    32517.9741   463    38874.0000    32517.3932   195557   16.35%
    410   395    32517.9741   456    38874.0000    32517.3932   196120   16.35%
    446   431    32517.9741   477    38874.0000    32517.3932   198574   16.35%
    474   459    32517.9741   442    38874.0000    32517.3932   200642   16.35%
    491   476    32538.4963   462    38874.0000    32517.3932   205998   16.35%
    497   482    32565.3811   399    38874.0000    32517.3932   210840   16.35%
Elapsed time = 210.81 sec. (198876.45 ticks, tree = 40.64 MB, solutions = 2)
    500   485    32559.4819   446    38874.0000    32517.3932   214150   16.35%
    502   487    32565.2712   392    38874.0000    32517.3932   217783   16.35%
*   503+  481                        38161.0000    32517.3932            14.79%
    503   483    32517.3932   498    38161.0000    32517.3932   218084   14.79%
    504   484    32517.3932   508    38161.0000    32517.3932   218346   14.79%
    520   500    32517.3932   489    38161.0000    32517.3932   220258   14.79%
    540   520    32517.3932   461    38161.0000    32517.3932   222365   14.79%
    564   544    32517.3932   463    38161.0000    32517.3932   224510   14.79%
    589   569    32517.3932   456    38161.0000    32517.3932   226878   14.79%
    597   577    32534.4013   366    38161.0000    32517.3932   229918   14.79%
    598   578    32540.3612   425    38161.0000    32517.3932   232832   14.79%
Elapsed time = 252.13 sec. (251101.41 ticks, tree = 41.42 MB, solutions = 3)
    600   580    32540.3612   442    38161.0000    32517.3932   235922   14.79%
    604   584    32540.7045   439    38161.0000    32517.3932   238070   14.79%

Performing restart 1

Repeating presolve.
Tried aggregator 1 time.
MIP Presolve modified 14708 coefficients.
Reduced MIP has 50490 rows, 5048 columns, and 164224 nonzeros.
Reduced MIP has 5048 binaries, 0 generals, 0 SOSs, and 0 indicators.
Presolve time = 0.12 sec. (115.26 ticks)
Tried aggregator 1 time.
MIP Presolve modified 614 coefficients.
Reduced MIP has 50490 rows, 5048 columns, and 164224 nonzeros.
Reduced MIP has 5048 binaries, 0 generals, 0 SOSs, and 0 indicators.
Presolve time = 0.15 sec. (129.77 ticks)
Represolve time = 0.59 sec. (527.34 ticks)
    613     0    32503.3778   457    38161.0000     Cuts: 131   250820   14.79%
    613     0    32516.3789   480    38161.0000     Cuts: 162   258433   14.79%
    613     0    32528.2154   498    38161.0000     Cuts: 167   267998   14.76%
    613     0    32532.6570   503    38161.0000     Cuts: 146   274498   14.75%
    613     0    32533.8961   503    38161.0000     Cuts: 152   280132   14.75%
    613     0    32540.1581   532    38161.0000     Cuts: 151   288260   14.73%
    613     0    32543.5806   625    38161.0000     Cuts: 156   296685   14.72%
    613     0    32544.0301   593    38161.0000     Cuts: 112   318891   14.72%
    613     0    32546.9575   556    38161.0000     Cuts: 119   327112   14.71%
    613     0    32547.2272   599    38161.0000     Cuts: 177   343471   14.71%
    613     0    32547.8661   594    38161.0000      Cuts: 91   350749   14.71%
    613     0    32548.5327   708    38161.0000      Cuts: 93   359709   14.71%
    613     0    32549.6672   669    38161.0000      Cuts: 84   370923   14.70%
    613     0    32550.4449   559    38161.0000      Cuts: 91   380850   14.70%
    613     0    32551.0794   629    38161.0000     Cuts: 106   386717   14.70%
    613     0    32551.3823   528    38161.0000      Cuts: 80   391600   14.70%
    613     0    32551.5841   574    38161.0000     Cuts: 108   395360   14.70%
    613     0    32552.1702   534    38161.0000      Cuts: 82   401311   14.70%
    613     0    32552.1965   583    38161.0000      Cuts: 96   403506   14.70%
    613     0    32552.2330   588    38161.0000      Cuts: 72   405749   14.70%
    613     2    32552.2330   544    38161.0000    32552.4047   405749   14.70%
    614     3    32552.7988   433    38161.0000    32552.8037   406152   14.70%
    615     4    32553.1373   449    38161.0000    32553.1497   406606   14.70%
    616     5    32553.2325   448    38161.0000    32553.2535   406727   14.69%
    617     6    32599.7429   465    38161.0000    32553.2535   412992   14.69%
    618     7    32553.4639   454    38161.0000    32553.4676   417831   14.69%
    619     8    32553.7791   494    38161.0000    32553.8649   421351   14.69%
    620     9    32554.1813   461    38161.0000    32554.2360   422154   14.69%
Elapsed time = 564.92 sec. (527501.81 ticks, tree = 0.83 MB, solutions = 3)
    621    10    32554.2924   470    38161.0000    32554.3546   422718   14.69%
    622    11    32555.3248   448    38161.0000    32554.5676   423568   14.69%
    623    12    32556.0424   436    38161.0000    32554.5676   423919   14.69%
    624    13    32562.2333   494    38161.0000    32554.5676   428941   14.69%
    625    14    32565.3399   440    38161.0000    32554.5676   437823   14.69%
    626    15    32566.4564   441    38161.0000    32554.5676   439291   14.69%
    627    16    32566.6232   431    38161.0000    32554.5676   439534   14.69%
    628    17    32603.5074   400    38161.0000    32554.5676   440368   14.69%
    629    18    32623.2308   423    38161.0000    32554.5676   441203   14.69%
    630    19    32648.3465   443    38161.0000    32554.5676   443390   14.69%
Elapsed time = 594.89 sec. (556834.43 ticks, tree = 0.90 MB, solutions = 3)
    631    20    32673.3381   404    38161.0000    32554.5676   446681   14.69%
    632    21    32703.7227   408    38161.0000    32554.5676   447863   14.69%
    633    22    32744.4443   423    38161.0000    32554.5676   449671   14.69%
    635    24    32746.2267   421    38161.0000    32554.5676   451624   14.69%
    637    26    32764.7268   391    38161.0000    32554.5676   452805   14.69%
    639    28    32790.4600   458    38161.0000    32554.5676   456642   14.69%
    640    29    32775.7843   412    38161.0000    32554.5676   457988   14.69%
    642    31    32781.6853   371    38161.0000    32554.5676   458777   14.69%
    643    32    32806.2176   358    38161.0000    32554.5676   459713   14.69%
    645    34    32787.0881   375    38161.0000    32554.5676   461583   14.69%
Elapsed time = 616.31 sec. (580480.06 ticks, tree = 1.03 MB, solutions = 3)
    646    35    32787.8033   383    38161.0000    32554.5676   462577   14.69%
    647    36    32809.3061   381    38161.0000    32554.5676   465019   14.69%
    650    39    32813.4456   347    38161.0000    32554.5676   466865   14.69%
    652    41    32809.0620   336    38161.0000    32554.5676   470643   14.69%
    653    42    32804.2298   335    38161.0000    32554.5676   472209   14.69%
    655    44    32811.6160   331    38161.0000    32554.5676   472968   14.69%
    658    47    32853.2247   306    38161.0000    32554.5676   474291   14.69%
    661    50    32879.6416   344    38161.0000    32554.5676   475965   14.69%
    663    52    32934.5969   335    38161.0000    32554.5676   479479   14.69%
    668    57    33203.4183   400    38161.0000    32554.5676   489024   14.69%
Elapsed time = 637.35 sec. (602206.26 ticks, tree = 1.21 MB, solutions = 3)
    672    61    32944.3451   299    38161.0000    32554.5676   491862   14.69%
    676    65    32959.0717   253    38161.0000    32554.5676   501906   14.69%
    682    71    32962.7621   263    38161.0000    32554.5676   507037   14.69%
    684    73    33175.0704   287    38161.0000    32554.5676   512608   14.69%
    694    83    33058.5580   256    38161.0000    32554.5676   522802   14.69%
    703    92    33179.2615   252    38161.0000    32554.5676   528033   14.69%
    709    98    33290.1061   279    38161.0000    32554.5676   533481   14.69%
    713   102    33365.7082   297    38161.0000    32554.5676   541141   14.69%
    718   107    33917.7726   302    38161.0000    32554.5676   552562   14.69%
    721   110    34005.9945   350    38161.0000    32554.5676   561929   14.69%
Elapsed time = 706.13 sec. (676910.99 ticks, tree = 1.64 MB, solutions = 3)
    727   116    33647.8645   390    38161.0000    32554.5676   569976   14.69%
    733   122    33448.6194   266    38161.0000    32554.5676   577133   14.69%
    744   133    33516.8179   263    38161.0000    32554.5676   581893   14.69%
    748   137    33977.6566   261    38161.0000    32554.5676   588500   14.69%
    759   148    34072.0753   271    38161.0000    32554.5676   593587   14.69%
    771   160    33726.5006   301    38161.0000    32554.5676   601566   14.69%
    773   162    33689.8345   253    38161.0000    32554.5676   601850   14.69%
    788   177    33774.3446   239    38161.0000    32554.5676   606840   14.69%
    803   192    33809.0962   216    38161.0000    32554.5676   610660   14.69%
    819   208    33836.0142   189    38161.0000    32554.5676   615139   14.69%
Elapsed time = 748.32 sec. (721114.33 ticks, tree = 4.76 MB, solutions = 3)
    833   222    34319.8868   258    38161.0000    32554.5676   621791   14.69%
    846   235    34399.5817   318    38161.0000    32554.5676   627785   14.69%
    870   244    36192.0000   185    38161.0000    32554.5676   630038   14.69%
    878   252    36192.0000   208    38161.0000    32554.5676   633722   14.69%
    892   264    36192.0000   253    38161.0000    32554.5676   640445   14.69%
    898   264    32567.2836   409    38161.0000    32554.8855   645518   14.69%
    904   270    32572.3708   422    38161.0000    32554.8855   650848   14.69%
    907   273    32598.4077   446    38161.0000    32554.8855   659612   14.69%
    912   278    32616.1330   385    38161.0000    32554.8855   663684   14.69%
    920   286    32643.3368   456    38161.0000    32554.8855   668464   14.69%
Elapsed time = 796.55 sec. (772821.71 ticks, tree = 5.38 MB, solutions = 3)
    925   291    32663.2104   400    38161.0000    32554.8855   674824   14.69%
    929   295    32781.5204   450    38161.0000    32554.8855   684149   14.69%
    933   299    32677.1654   394    38161.0000    32554.8855   689261   14.69%
    945   311    32725.3812   342    38161.0000    32554.8855   694665   14.69%
    948   314    32775.5910   438    38161.0000    32554.8855   705775   14.69%
    952   318    32782.9075   396    38161.0000    32554.8855   712182   14.69%
    955   321    32958.2897   423    38161.0000    32554.8855   720963   14.69%
    960   326    32965.2356   416    38161.0000    32554.8855   727786   14.69%
    962   328    33002.6491   399    38161.0000    32554.8855   739628   14.69%
    964   330    33011.3399   459    38161.0000    32554.8855   748973   14.69%
Elapsed time = 853.58 sec. (828493.42 ticks, tree = 5.74 MB, solutions = 3)
    966   332    33016.1804   452    38161.0000    32554.8855   757527   14.69%
    968   334    33182.8220   482    38161.0000    32554.8855   764634   14.69%
    974   338    33716.6000   380    38161.0000    32554.8855   774866   14.69%
    975   339    33732.0668   375    38161.0000    32554.8855   780874   14.69%
    977   341    33737.2607   356    38161.0000    32554.8855   787422   14.69%
    978   342    33967.7044   380    38161.0000    32554.8855   792976   14.69%
    980   344    33786.4437   425    38161.0000    32554.8855   800462   14.69%

Clique cuts applied:  18
Cover cuts applied:  48
Flow cuts applied:  3
Mixed integer rounding cuts applied:  129
Zero-half cuts applied:  58
Lift and project cuts applied:  5
Gomory fractional cuts applied:  7

Root node processing (before b&c):
  Real time             =  136.91 sec. (129274.67 ticks)
Sequential b&c:
  Real time             =  763.12 sec. (741537.38 ticks)
                          ------------
Total (root+branch&cut) =  900.02 sec. (870812.05 ticks)
MIP: [1;32mCPLEX finished.[0m
MIP: [1;32mCPLEX status: Feasible[0m
CAN: [1;35mItem: 0, Level: 0, at bin: 27[0m
CAN: [1;35mItem: 0, Level: 1, at bin: 11[0m
CAN: [1;35mItem: 0, Level: 2, at bin: 17[0m
CAN: [1;35mItem: 1, Level: 0, at bin: 14[0m
CAN: [1;35mItem: 1, Level: 1, at bin: 3[0m
CAN: [1;35mItem: 1, Level: 2, at bin: 20[0m
CAN: [1;35mItem: 2, Level: 0, at bin: 26[0m
CAN: [1;35mItem: 2, Level: 1, at bin: 7[0m
CAN: [1;35mItem: 2, Level: 2, at bin: 21[0m
CAN: [1;35mItem: 3, Level: 0, at bin: 2[0m
CAN: [1;35mItem: 3, Level: 1, at bin: 2[0m
CAN: [1;35mItem: 3, Level: 2, at bin: 7[0m
CAN: [1;35mItem: 4, Level: 0, at bin: 14[0m
CAN: [1;35mItem: 4, Level: 1, at bin: 3[0m
CAN: [1;35mItem: 4, Level: 2, at bin: 20[0m
CAN: [1;35mItem: 5, Level: 0, at bin: 29[0m
CAN: [1;35mItem: 5, Level: 1, at bin: 12[0m
CAN: [1;35mItem: 5, Level: 2, at bin: 7[0m
CAN: [1;35mItem: 6, Level: 0, at bin: 7[0m
CAN: [1;35mItem: 6, Level: 1, at bin: 23[0m
CAN: [1;35mItem: 6, Level: 2, at bin: 5[0m
CAN: [1;35mItem: 7, Level: 0, at bin: 3[0m
CAN: [1;35mItem: 7, Level: 1, at bin: 17[0m
CAN: [1;35mItem: 7, Level: 2, at bin: 14[0m
CAN: [1;35mItem: 8, Level: 0, at bin: 29[0m
CAN: [1;35mItem: 8, Level: 1, at bin: 12[0m
CAN: [1;35mItem: 8, Level: 2, at bin: 7[0m
CAN: [1;35mItem: 9, Level: 0, at bin: 1[0m
CAN: [1;35mItem: 9, Level: 1, at bin: 5[0m
CAN: [1;35mItem: 9, Level: 2, at bin: 12[0m
CAN: [1;35mItem: 10, Level: 0, at bin: 9[0m
CAN: [1;35mItem: 10, Level: 1, at bin: 17[0m
CAN: [1;35mItem: 10, Level: 2, at bin: 14[0m
CAN: [1;35mItem: 11, Level: 0, at bin: 11[0m
CAN: [1;35mItem: 11, Level: 1, at bin: 8[0m
CAN: [1;35mItem: 11, Level: 2, at bin: 18[0m
CAN: [1;35mItem: 12, Level: 0, at bin: 30[0m
CAN: [1;35mItem: 12, Level: 1, at bin: 13[0m
CAN: [1;35mItem: 12, Level: 2, at bin: 23[0m
CAN: [1;35mItem: 13, Level: 0, at bin: 22[0m
CAN: [1;35mItem: 13, Level: 1, at bin: 20[0m
CAN: [1;35mItem: 13, Level: 2, at bin: 3[0m
CAN: [1;35mItem: 14, Level: 0, at bin: 13[0m
CAN: [1;35mItem: 14, Level: 1, at bin: 10[0m
CAN: [1;35mItem: 14, Level: 2, at bin: 6[0m
CAN: [1;35mItem: 15, Level: 0, at bin: 31[0m
CAN: [1;35mItem: 15, Level: 1, at bin: 9[0m
CAN: [1;35mItem: 15, Level: 2, at bin: 21[0m
CAN: [1;35mItem: 16, Level: 0, at bin: 0[0m
CAN: [1;35mItem: 16, Level: 1, at bin: 10[0m
CAN: [1;35mItem: 16, Level: 2, at bin: 6[0m
CAN: [1;35mItem: 17, Level: 0, at bin: 13[0m
CAN: [1;35mItem: 17, Level: 1, at bin: 10[0m
CAN: [1;35mItem: 17, Level: 2, at bin: 6[0m
CAN: [1;35mItem: 18, Level: 0, at bin: 21[0m
CAN: [1;35mItem: 18, Level: 1, at bin: 15[0m
CAN: [1;35mItem: 18, Level: 2, at bin: 0[0m
CAN: [1;35mItem: 19, Level: 0, at bin: 7[0m
CAN: [1;35mItem: 19, Level: 1, at bin: 23[0m
CAN: [1;35mItem: 19, Level: 2, at bin: 5[0m
CAN: [1;35mItem: 20, Level: 0, at bin: 6[0m
CAN: [1;35mItem: 20, Level: 1, at bin: 21[0m
CAN: [1;35mItem: 20, Level: 2, at bin: 12[0m
CAN: [1;35mItem: 21, Level: 0, at bin: 5[0m
CAN: [1;35mItem: 21, Level: 1, at bin: 20[0m
CAN: [1;35mItem: 21, Level: 2, at bin: 3[0m
CAN: [1;35mItem: 22, Level: 0, at bin: 3[0m
CAN: [1;35mItem: 22, Level: 1, at bin: 17[0m
CAN: [1;35mItem: 22, Level: 2, at bin: 14[0m
CAN: [1;35mItem: 23, Level: 0, at bin: 28[0m
CAN: [1;35mItem: 23, Level: 1, at bin: 12[0m
CAN: [1;35mItem: 23, Level: 2, at bin: 7[0m
CAN: [1;35mItem: 24, Level: 0, at bin: 6[0m
CAN: [1;35mItem: 24, Level: 1, at bin: 21[0m
CAN: [1;35mItem: 24, Level: 2, at bin: 12[0m
CAN: [1;35mItem: 25, Level: 0, at bin: 19[0m
CAN: [1;35mItem: 25, Level: 1, at bin: 8[0m
CAN: [1;35mItem: 25, Level: 2, at bin: 18[0m
CAN: [1;35mItem: 26, Level: 0, at bin: 18[0m
CAN: [1;35mItem: 26, Level: 1, at bin: 16[0m
CAN: [1;35mItem: 26, Level: 2, at bin: 5[0m
CAN: [1;35mItem: 27, Level: 0, at bin: 30[0m
CAN: [1;35mItem: 27, Level: 1, at bin: 13[0m
CAN: [1;35mItem: 27, Level: 2, at bin: 23[0m
CAN: [1;35mItem: 28, Level: 0, at bin: 12[0m
CAN: [1;35mItem: 28, Level: 1, at bin: 7[0m
CAN: [1;35mItem: 28, Level: 2, at bin: 21[0m
CAN: [1;35mItem: 29, Level: 0, at bin: 26[0m
CAN: [1;35mItem: 29, Level: 1, at bin: 7[0m
CAN: [1;35mItem: 29, Level: 2, at bin: 21[0m
CAN: [1;35mItem: 30, Level: 0, at bin: 23[0m
CAN: [1;35mItem: 30, Level: 1, at bin: 3[0m
CAN: [1;35mItem: 30, Level: 2, at bin: 20[0m
CAN: [1;35mItem: 31, Level: 0, at bin: 10[0m
CAN: [1;35mItem: 31, Level: 1, at bin: 9[0m
CAN: [1;35mItem: 31, Level: 2, at bin: 21[0m
CAN: [1;35mItem: 32, Level: 0, at bin: 12[0m
CAN: [1;35mItem: 32, Level: 1, at bin: 7[0m
CAN: [1;35mItem: 32, Level: 2, at bin: 21[0m
CAN: [1;35mItem: 33, Level: 0, at bin: 21[0m
CAN: [1;35mItem: 33, Level: 1, at bin: 15[0m
CAN: [1;35mItem: 33, Level: 2, at bin: 0[0m
CAN: [1;35mItem: 34, Level: 0, at bin: 16[0m
CAN: [1;35mItem: 34, Level: 1, at bin: 2[0m
CAN: [1;35mItem: 34, Level: 2, at bin: 7[0m
CAN: [1;35mItem: 35, Level: 0, at bin: 0[0m
CAN: [1;35mItem: 35, Level: 1, at bin: 10[0m
CAN: [1;35mItem: 35, Level: 2, at bin: 6[0m
CAN: [1;35mItem: 36, Level: 0, at bin: 20[0m
CAN: [1;35mItem: 36, Level: 1, at bin: 16[0m
CAN: [1;35mItem: 36, Level: 2, at bin: 5[0m
CAN: [1;35mItem: 37, Level: 0, at bin: 0[0m
CAN: [1;35mItem: 37, Level: 1, at bin: 10[0m
CAN: [1;35mItem: 37, Level: 2, at bin: 6[0m
CAN: [1;35mItem: 38, Level: 0, at bin: 23[0m
CAN: [1;35mItem: 38, Level: 1, at bin: 3[0m
CAN: [1;35mItem: 38, Level: 2, at bin: 20[0m
CAN: [1;35mItem: 39, Level: 0, at bin: 1[0m
CAN: [1;35mItem: 39, Level: 1, at bin: 5[0m
CAN: [1;35mItem: 39, Level: 2, at bin: 12[0m
CAN: [1;35mItem: 40, Level: 0, at bin: 31[0m
CAN: [1;35mItem: 40, Level: 1, at bin: 9[0m
CAN: [1;35mItem: 40, Level: 2, at bin: 21[0m
CAN: [1;35mItem: 41, Level: 0, at bin: 11[0m
CAN: [1;35mItem: 41, Level: 1, at bin: 8[0m
CAN: [1;35mItem: 41, Level: 2, at bin: 18[0m
CAN: [1;35mItem: 42, Level: 0, at bin: 28[0m
CAN: [1;35mItem: 42, Level: 1, at bin: 12[0m
CAN: [1;35mItem: 42, Level: 2, at bin: 7[0m
CAN: [1;35mItem: 43, Level: 0, at bin: 24[0m
CAN: [1;35mItem: 43, Level: 1, at bin: 0[0m
CAN: [1;35mItem: 43, Level: 2, at bin: 6[0m
CAN: [1;35mItem: 44, Level: 0, at bin: 5[0m
CAN: [1;35mItem: 44, Level: 1, at bin: 20[0m
CAN: [1;35mItem: 44, Level: 2, at bin: 3[0m
CAN: [1;35mItem: 45, Level: 0, at bin: 18[0m
CAN: [1;35mItem: 45, Level: 1, at bin: 16[0m
CAN: [1;35mItem: 45, Level: 2, at bin: 5[0m
CAN: [1;35mItem: 46, Level: 0, at bin: 9[0m
CAN: [1;35mItem: 46, Level: 1, at bin: 17[0m
CAN: [1;35mItem: 46, Level: 2, at bin: 14[0m
CAN: [1;35mItem: 47, Level: 0, at bin: 27[0m
CAN: [1;35mItem: 47, Level: 1, at bin: 11[0m
CAN: [1;35mItem: 47, Level: 2, at bin: 17[0m
CAN: [1;35mItem: 48, Level: 0, at bin: 10[0m
CAN: [1;35mItem: 48, Level: 1, at bin: 9[0m
CAN: [1;35mItem: 48, Level: 2, at bin: 21[0m
CAN: [1;35mItem: 49, Level: 0, at bin: 20[0m
CAN: [1;35mItem: 49, Level: 1, at bin: 16[0m
CAN: [1;35mItem: 49, Level: 2, at bin: 5[0m
MIP: [1;32mSolution: 
Indexes: [27, 14, 26, 2, 14, 29, 7, 3, 29, 1, 9, 11, 30, 22, 13, 31, 0, 13, 21, 7, 6, 5, 3, 28, 6, 19, 18, 30, 12, 26, 23, 10, 12, 21, 16, 0, 20, 0, 23, 1, 31, 11, 28, 24, 5, 18, 9, 27, 10, 20][10, 5, 2, 17, -1, 20, 21, 23, -1, 17, 9, 8, 7, 10, 3, -1, 2, -1, 16, 8, 16, 15, 20, 3, 0, -1, 7, 11, 12, 12, 13, 9][6, -1, 7, 20, -1, 12, -1, 21, 18, 21, 6, 17, 7, 23, -1, 0, 5, 14, -1, -1, 3, 12, -1, 5, -1], P Variables: [27, 11, 17][14, 3, 20][26, 7, 21][2, 2, 7][14, 3, 20][29, 12, 7][7, 23, 5][3, 17, 14][29, 12, 7][1, 5, 12][9, 17, 14][11, 8, 18][30, 13, 23][22, 20, 3][13, 10, 6][31, 9, 21][0, 10, 6][13, 10, 6][21, 15, 0][7, 23, 5][6, 21, 12][5, 20, 3][3, 17, 14][28, 12, 7][6, 21, 12][19, 8, 18][18, 16, 5][30, 13, 23][12, 7, 21][26, 7, 21][23, 3, 20][10, 9, 21][12, 7, 21][21, 15, 0][16, 2, 7][0, 10, 6][20, 16, 5][0, 10, 6][23, 3, 20][1, 5, 12][31, 9, 21][11, 8, 18][28, 12, 7][24, 0, 6][5, 20, 3][18, 16, 5][9, 17, 14][27, 11, 17][10, 9, 21][20, 16, 5], Flow leaving each bin: [0m
MIP: [1;32mObjective value: 38161[0m
MIP: [1;32mLower Bound: 32554.9[0m
MIP: [1;32mBranch-and-Bound nodes: 981[0m

# best solution:
best objective value:	38161
best dual bound value:	32554
optimality gap:	14.693%
CPU time:	897.776
