ifile	/scratch/csagturk/mlbppo_inst/n0050_m03_p200__098.inst
prob	MLBPPO
threads	1
ttime	900
instance: /scratch/csagturk/mlbppo_inst/n0050_m03_p200__098.inst
	m=3, n=[50, 44, 38, 37], #pos=100
MIP: [1;32minit CPLEX[0m
CAN: [1;35mcreated 5278 x_{ijk} variables[0m
CAN: [1;35mcreated 169 y_{ij} variables[0m
CAN: [1;35mcreated 5950 p_{ijk} variables[0m
MIP: [1;32mcreated decision variables[0m
CAN: [1;35madded 50 constraints to enforce the packing of each item[0m
CAN: [1;35madded 82 constraints to enforce the packing of each item[0m
CAN: [1;35madded 119 capacity constraints[0m
MIP: [1;32mcreated constraints[0m
MIP: [1;32mcreated objective function[0m
MIP: [1;32mcalling CPLEX solve ...[0m
Version identifier: 22.1.0.0 | 2022-03-09 | 1a383f8ce
CPXPARAM_Threads                                 1
CPXPARAM_TimeLimit                               900
Presolve has eliminated 63345 rows and 125992 columns...
Tried aggregator 2 times.
MIP Presolve eliminated 178872 rows and 125992 columns.
MIP Presolve modified 7379 coefficients.
Aggregator did 285509 substitutions.
Reduced MIP has 282189 rows, 193616 columns, and 787911 nonzeros.
Reduced MIP has 100728 binaries, 0 generals, 0 SOSs, and 163 indicators.
Presolve time = 3.04 sec. (61723.25 ticks)
Probing time = 2.34 sec. (514.69 ticks)
Tried aggregator 3 times.
MIP Presolve added 1 rows and 0 columns.
MIP Presolve modified 36 coefficients.
Aggregator did 185531 substitutions.
Reduced MIP has 96659 rows, 8085 columns, and 416850 nonzeros.
Reduced MIP has 8003 binaries, 82 generals, 0 SOSs, and 163 indicators.
Presolve time = 0.87 sec. (681.38 ticks)
Probing fixed 0 vars, tightened 87 bounds.
Probing time = 1.07 sec. (1671.01 ticks)
Tried aggregator 1 time.
Detecting symmetries...
MIP Presolve eliminated 246 rows and 327 columns.
Reduced MIP has 96413 rows, 7758 columns, and 416195 nonzeros.
Reduced MIP has 7758 binaries, 0 generals, 0 SOSs, and 0 indicators.
Presolve time = 0.41 sec. (330.40 ticks)
Probing time = 0.02 sec. (9.23 ticks)
Clique table members: 201982.
MIP emphasis: balance optimality and feasibility.
MIP search method: dynamic search.
Parallel mode: none, using 1 thread.
Root relaxation solution time = 0.26 sec. (285.88 ticks)

        Nodes                                         Cuts/
   Node  Left     Objective  IInf  Best Integer    Best Bound    ItCnt     Gap

      0     0    27788.3774   239                  27788.3774     1161         
      0     0    27793.9632   313                   Cuts: 282     3981         
      0     0    27798.6692   417                   Cuts: 248     8054         
      0     0    27798.7823   441                   Cuts: 165    12685         
      0     0    27798.9276   372                   Cuts: 129    20577         
      0     0    27801.7121   445                   Cuts: 129    36381         
      0     0    27820.8022   347                   Cuts: 127    44309         
      0     0    27825.9493   307                    Cuts: 95    47666         
      0     0    27832.4575   424                   Cuts: 141    52501         
      0     0    27849.0086   308                   Cuts: 138    53931         
      0     0    27885.3099   370                   Cuts: 163    61812         
      0     0    27890.8435   410                   Cuts: 114    65337         
      0     0    27904.0012   431                   Cuts: 130    71944         
      0     0    27905.2947   318                   Cuts: 131    88292         
      0     0    27906.2164   324                   Cuts: 104    98617         
Heuristic still looking.
Heuristic still looking.
      0     2    27906.2164   324                  27906.2358    98617         
Elapsed time = 422.73 sec. (284405.79 ticks, tree = 0.01 MB, solutions = 0)
      1     3    27907.8039   367                  27906.2358   105393         
      2     4    27906.4048   286                  27906.4099   115503         
      3     5    27906.5413   300                  27906.4178   122420         
      4     6    27910.7865   377                  27906.8703   126474         
      5     7    27907.0475   306                  27907.0475   130103         
      6     8    27910.0751   342                  27907.0475   133538         
      7     9    27908.0813   261                  27907.0475   134317         
      8    10    27909.7523   294                  27907.0475   135295         
      9    11    27913.7533   330                  27907.0475   138323         
     10    12    27920.1352   386                  27907.0475   141666         
Elapsed time = 527.39 sec. (337682.95 ticks, tree = 0.13 MB, solutions = 0)
     11    13    27922.7818   325                  27907.0475   143780         
     13    15    27922.7818   330                  27907.0475   145775         
     15    17    27922.7818   395                  27907.0475   148464         
     20    22    27922.7818   309                  27907.0475   150350         
     25    27    27922.8415   309                  27907.0475   152860         
     26    28    27923.8603   297                  27907.0475   153736         
     28    30    27923.8603   314                  27907.0475   155020         
     30    32    27923.8603   303                  27907.0475   156565         
     32    34    27923.8603   338                  27907.0475   160614         
     37    39    27923.8603   299                  27907.0475   162890         
Elapsed time = 542.51 sec. (352032.09 ticks, tree = 2.51 MB, solutions = 0)
     40    42    27923.8603   300                  27907.0475   163424         
     45    47    27923.8603   311                  27907.0475   166066         
     46    48    27923.8603   395                  27907.0475   168351         
     50    52    27923.8895   393                  27907.0475   174619         
     54    56    27923.8934   456                  27907.0475   178325         
     56    58    27923.8603   395                  27907.0475   178687         
     58    60    27923.8674   380                  27907.0475   180694         
     59    61    27928.5616   419                  27907.0475   182875         
     60    62    27923.8674   410                  27907.0475   185352         
     64    66    27925.1642   461                  27907.0475   188893         
Elapsed time = 560.20 sec. (367444.28 ticks, tree = 2.89 MB, solutions = 0)
     67    69    27923.8674   390                  27907.0475   189990         
     69    71    27923.9100   363                  27907.0475   191433         
     71    73    27924.0066   326                  27907.0475   193242         
     73    75    27924.1992   361                  27907.0475   195291         
     76    78    27924.1807   330                  27907.0475   198204         
     80    82    27984.3267   355                  27907.0475   200057         
     83    85    27924.6189   314                  27907.0475   202266         
     85    87    27937.0750   393                  27907.0475   205798         
     86    88    27927.2690   336                  27907.0475   208148         
     87    89    27936.6889   401                  27907.0475   209656         
Elapsed time = 580.61 sec. (384192.01 ticks, tree = 4.02 MB, solutions = 0)
     88    90    27928.0639   345                  27907.0475   210403         
     90    92    27929.8134   383                  27907.0475   214492         
     91    93    28029.0703   441                  27907.0475   217626         
     93    95    27942.6674   401                  27907.0475   220634         
     94    96    27950.6691   457                  27907.0475   221911         
     96    98    27953.9292   375                  27907.0475   224612         
    102   104    27953.9292   375                  27907.0475   226455         
    104   106    27953.9292   376                  27907.0475   228242         
    107   109    27953.9499   384                  27907.0475   230217         
    110   112    28013.6049   372                  27907.0475   232519         
Elapsed time = 596.93 sec. (398766.42 ticks, tree = 4.35 MB, solutions = 0)
    113   115    27971.4417   437                  27907.0475   235845         
    115   117    27968.6290   389                  27907.0475   237939         
    116   118    27982.5978   390                  27907.0475   241655         
    118   120    28010.5899   457                  27907.0475   245526         
    119   121    28006.5523   365                  27907.0475   247430         
    120   122    28017.6915   384                  27907.0475   250475         
    121   123    28012.2748   407                  27907.0475   251368         
    122   124    28039.0242   371                  27907.0475   254423         
    123   125    28029.8654   465                  27907.0475   256090         
    124   126    28039.9704   490                  27907.0475   258920         
Elapsed time = 614.82 sec. (413927.57 ticks, tree = 4.56 MB, solutions = 0)
    126   128    28030.0105   441                  27907.0475   262011         
    127   129    28029.9355   401                  27907.0475   264545         
    129   131    28030.0796   369                  27907.0475   266354         
    130   132    28030.7769   381                  27907.0475   269624         
    132   134    28047.5048   401                  27907.0475   272462         
    134   136    28036.7057   415                  27907.0475   277797         
    137   139    28031.8199   377                  27907.0475   280261         
    139   141    28031.8993   379                  27907.0475   283143         
    142   144    28033.3538   404                  27907.0475   285219         
    143   145    28053.7492   424                  27907.0475   288022         
Elapsed time = 634.91 sec. (430049.75 ticks, tree = 4.83 MB, solutions = 0)
    144   146    28042.8978   376                  27907.0475   288621         
    147   149    28042.8978   368                  27907.0475   290424         
    153   155    28042.9543   366                  27907.0475   292329         
    155   157    28042.9543   374                  27907.0475   294564         
    158   160    28043.0177   362                  27907.0475   296564         
    159   161    28055.1744   354                  27907.0475   299101         
    161   163    28055.1823   391                  27907.0475   301276         
    163   165    28049.6818   349                  27907.0475   303576         
    165   167    28050.6225   357                  27907.0475   306505         
    168   170    28050.6734   364                  27907.0475   309003         
Elapsed time = 651.18 sec. (442878.64 ticks, tree = 5.18 MB, solutions = 0)
    171   173    28054.6824   334                  27907.0475   311849         
    173   175    28060.4152   351                  27907.0475   315210         
    176   178    28104.0188   364                  27907.0475   318915         
    177   179    28068.2239   347                  27907.0475   319784         
    179   181    28081.1956   355                  27907.0475   323099         
    182   184    28069.1608   362                  27907.0475   324795         
    184   186    28102.6967   384                  27907.0475   327997         
    185   187    28075.5058   372                  27907.0475   329312         
    186   188    28079.1484   377                  27907.0475   330903         
    187   189    28085.4468   422                  27907.0475   331849         
Elapsed time = 669.02 sec. (458945.26 ticks, tree = 5.46 MB, solutions = 0)
    188   190    28215.2237   398                  27907.0475   334123         
    190   192    28232.3557   368                  27907.0475   337131         
    192   194    28116.9836   333                  27907.0475   339421         
    194   196    28319.7026   314                  27907.0475   343757         
    196   198    28376.3913   237                  27907.0475   349587         
    200   202    28404.2670   280                  27907.0475   352447         
    202   204    28414.1377   312                  27907.0475   355806         
    204   206    28799.1040   318                  27907.0475   358575         
    208   210    29179.4765   201                  27907.0475   361693         
    229   231    29952.3459   156                  27907.0475   378345         
Elapsed time = 689.67 sec. (476902.71 ticks, tree = 6.08 MB, solutions = 0)
    253   255    30842.1054   109                  27907.0475   391716         
    280   282    32682.2916   130                  27907.0475   403633         
    293   285    27907.8651   335                  27907.8368   412710         
    300   292    27907.8651   369                  27907.8368   417639         
    313   305    27910.1752   466                  27907.8368   426026         
    324   316    27909.1435   465                  27907.8368   437654         
    330   322    27910.0496   308                  27907.8368   443171         
    340   332    27923.0709   329                  27907.8368   450476         
    352   344    27923.1300   356                  27907.8368   457456         
    357   349    27923.2450   338                  27907.8368   465950         
Elapsed time = 738.61 sec. (524769.17 ticks, tree = 7.77 MB, solutions = 0)
    367   359    27926.4810   336                  27907.8368   473686         
    371   363    27926.5293   317                  27907.8368   481399         
    376   368    27926.7003   341                  27907.8368   488912         
    383   375    27939.2310   394                  27907.8368   498310         
    391   383    27928.0061   403                  27907.8368   504702         
    396   388    27938.6530   441                  27907.8368   511842         
    402   394    27951.2734   439                  27907.8368   519591         
    407   399    27939.3769   429                  27907.8368   526758         
    413   405    27933.5222   373                  27907.8368   534022         
    419   411    27934.7964   340                  27907.8368   541980         
Elapsed time = 790.03 sec. (567119.82 ticks, tree = 8.65 MB, solutions = 0)
    422   414    27987.4954   409                  27907.8368   551082         
    427   419    27989.0526   331                  27907.8368   559483         
    434   426    27965.5449   438                  27907.8368   567363         
    440   432    27974.5238   429                  27907.8368   575074         
    445   437    27995.5594   436                  27907.8368   582996         
    449   441    27998.4043   430                  27907.8368   591523         
    454   446    28033.8897   450                  27907.8368   599807         
    462   454    28039.7050   421                  27907.8368   604771         

Performing restart 1

Repeating presolve.
Tried aggregator 1 time.
MIP Presolve modified 53095 coefficients.
Reduced MIP has 96413 rows, 7758 columns, and 389063 nonzeros.
Reduced MIP has 7758 binaries, 0 generals, 0 SOSs, and 0 indicators.
Presolve time = 0.36 sec. (353.56 ticks)
Tried aggregator 1 time.
MIP Presolve modified 51167 coefficients.
Reduced MIP has 96413 rows, 7758 columns, and 362488 nonzeros.
Reduced MIP has 7758 binaries, 0 generals, 0 SOSs, and 0 indicators.
Presolve time = 0.42 sec. (364.97 ticks)
Represolve time = 1.12 sec. (999.25 ticks)
    465     0    27913.6327   415                   Cuts: 132   620580         
    465     0    27918.8777   390                   Cuts: 161   624462         
    465     0    27921.0631   333                   Cuts: 144   639947         

Clique cuts applied:  12
Cover cuts applied:  54
Implied bound cuts applied:  1
Flow cuts applied:  4
Mixed integer rounding cuts applied:  136
Zero-half cuts applied:  112
Lift and project cuts applied:  43
Gomory fractional cuts applied:  5

Root node processing (before b&c):
  Real time             =  422.11 sec. (283139.84 ticks)
Sequential b&c:
  Real time             =  477.91 sec. (366559.60 ticks)
                          ------------
Total (root+branch&cut) =  900.02 sec. (649699.44 ticks)
MIP: [1;32mCPLEX finished.[0m
MIP: [1;32mCPLEX status: Unknown[0m
MIP: [1;32mNo feasible solution exits[0m
