ifile	/scratch/csagturk/mlbppo_inst/n0050_m01_p050__081.inst
prob	MLBPPO
threads	1
ttime	900
instance: /scratch/csagturk/mlbppo_inst/n0050_m01_p050__081.inst
	m=1, n=[50, 34], #pos=25
MIP: [1;32minit CPLEX[0m
CAN: [1;35mcreated 1700 x_{ijk} variables[0m
CAN: [1;35mcreated 84 y_{ij} variables[0m
CAN: [1;35mcreated 1700 p_{ijk} variables[0m
MIP: [1;32mcreated decision variables[0m
CAN: [1;35madded 50 constraints to enforce the packing of each item[0m
CAN: [1;35madded 0 constraints to enforce the packing of each item[0m
CAN: [1;35madded 34 capacity constraints[0m
MIP: [1;32mcreated constraints[0m
MIP: [1;32mcreated objective function[0m
MIP: [1;32mcalling CPLEX solve ...[0m
Version identifier: 22.1.0.0 | 2022-03-09 | 1a383f8ce
CPXPARAM_Threads                                 1
CPXPARAM_TimeLimit                               900
Tried aggregator 2 times.
MIP Presolve eliminated 508 rows and 509 columns.
MIP Presolve modified 1834 coefficients.
Aggregator did 1460 substitutions.
Reduced MIP has 691 rows, 1465 columns, and 20439 nonzeros.
Reduced MIP has 1465 binaries, 0 generals, 0 SOSs, and 0 indicators.
Presolve time = 0.06 sec. (51.86 ticks)
Found incumbent of value 17016.000000 after 0.07 sec. (65.42 ticks)
Probing fixed 20 vars, tightened 0 bounds.
Probing time = 0.02 sec. (38.36 ticks)
Tried aggregator 1 time.
Detecting symmetries...
MIP Presolve eliminated 20 rows and 20 columns.
MIP Presolve modified 643 coefficients.
Reduced MIP has 665 rows, 1445 columns, and 19098 nonzeros.
Reduced MIP has 1445 binaries, 0 generals, 0 SOSs, and 0 indicators.
Presolve time = 0.01 sec. (15.20 ticks)
Probing time = 0.00 sec. (3.66 ticks)
Clique table members: 7304.
MIP emphasis: balance optimality and feasibility.
MIP search method: dynamic search.
Parallel mode: none, using 1 thread.
Root relaxation solution time = 0.01 sec. (8.41 ticks)

        Nodes                                         Cuts/
   Node  Left     Objective  IInf  Best Integer    Best Bound    ItCnt     Gap

*     0+    0                        17016.0000        0.0000           100.00%
      0     0    13494.0000    43    17016.0000    13494.0000      264   20.70%
      0     0    13494.0000    75    17016.0000      Cuts: 61      453   20.70%
      0     0    13494.0000    63    17016.0000      Cuts: 44      658   20.70%
      0     0    13494.0000   113    17016.0000      Cuts: 78      977   20.70%
*     0+    0                        14715.0000    13494.0000             8.30%
*     0+    0                        14328.0000    13494.0000             5.82%
*     0+    0                        13881.0000    13494.0000             2.79%
      0     0  -1.00000e+75     0    13881.0000    13494.0000      977    2.79%
      0     2    13494.0000    31    13881.0000    13494.0000      977    2.79%
Elapsed time = 0.37 sec. (488.58 ticks, tree = 0.01 MB, solutions = 4)
*   160+  154                        13856.0000    13494.0000             2.61%
    240   214    13677.5362    28    13856.0000    13494.0000     4280    2.61%
*   378   316      integral     0    13843.0000    13494.0000     8632    2.52%
*   380+  314                        13830.0000    13494.0000             2.43%
    396   324    13711.4090    20    13830.0000    13494.0000     8706    2.43%
*   424   330      integral     0    13829.0000    13494.0000     8758    2.42%
*   524+  401                        13816.0000    13494.0000             2.33%
    524   403    13597.5716    75    13816.0000    13494.0000    12469    2.33%
*   594   457      integral     0    13812.0000    13494.0000    17123    2.30%
    599   461    13497.8507    82    13812.0000    13494.0000    18329    2.30%
*   677   503      integral     0    13790.0000    13494.0000    21235    2.15%
    684   510    13709.0000    69    13790.0000    13494.0000    23156    2.15%
    735   547        cutoff          13790.0000    13494.0000    28213    2.15%
*   777+  451                        13717.0000    13494.0000             1.63%
    807   471    13494.0000    86    13717.0000    13494.0000    33162    1.63%
    878   542    13494.5552    67    13717.0000    13494.0000    38655    1.63%
    888   552    13494.0000   107    13717.0000    13494.0000    40349    1.63%

Performing restart 1

Repeating presolve.
Tried aggregator 1 time.
MIP Presolve eliminated 0 rows and 4 columns.
MIP Presolve modified 15654 coefficients.
Reduced MIP has 665 rows, 1441 columns, and 11649 nonzeros.
Reduced MIP has 1441 binaries, 0 generals, 0 SOSs, and 0 indicators.
Presolve time = 0.01 sec. (16.07 ticks)
Tried aggregator 1 time.
MIP Presolve modified 1 coefficients.
Reduced MIP has 665 rows, 1441 columns, and 11648 nonzeros.
Reduced MIP has 1441 binaries, 0 generals, 0 SOSs, and 0 indicators.
Presolve time = 0.01 sec. (7.57 ticks)
Represolve time = 0.06 sec. (57.01 ticks)
    892     0    13494.0000    91    13717.0000      Cuts: 21    42876    1.63%
    892     0    13494.0000   108    13717.0000      Cuts: 92    43195    1.63%
    892     0    13494.0000   115    13717.0000      Cuts: 48    43493    1.63%
    892     0    13494.0000    84    13717.0000      Cuts: 21    43663    1.63%
    892     0    13494.0000    83    13717.0000      Cuts: 82    44015    1.63%
    892     0    13494.0000    71    13717.0000      Cuts: 41    44303    1.63%
    892     0    13494.0000    89    13717.0000      Cuts: 59    44671    1.63%
    892     2    13494.0000    26    13717.0000    13494.0000    44671    1.63%
Elapsed time = 3.65 sec. (4857.58 ticks, tree = 0.01 MB, solutions = 12)
   1027   104    13694.0000    15    13717.0000    13494.0000    46094    1.63%
   1092   144    13590.6167    33    13717.0000    13494.0000    47105    1.63%
   1698   605    13494.0000    14    13717.0000    13494.0000    56969    1.63%
   2117   904    13502.4662    75    13717.0000    13494.0000    69610    1.63%
   2525  1262    13494.0000    52    13717.0000    13494.0000    82671    1.63%
*  2830  1501      integral     0    13694.0000    13494.0000    92879    1.46%
   2866  1520    13523.7692    41    13694.0000    13494.0000    96534    1.46%
   3055  1639    13494.0000    56    13694.0000    13494.0000   108449    1.46%
   3301  1854    13615.4000    47    13694.0000    13494.0000   116495    1.46%
   3558  2059    13494.0000    45    13694.0000    13494.0000   128982    1.46%
   3835  2289    13605.5273    86    13694.0000    13494.0000   141942    1.46%
Elapsed time = 10.94 sec. (15461.73 ticks, tree = 9.20 MB, solutions = 13)
   4068  2456    13610.7265    85    13694.0000    13494.0000   154924    1.46%
   4265  2594    13662.4992    87    13694.0000    13494.0000   166473    1.46%
   4412  2673    13500.3496    66    13694.0000    13494.0000   178326    1.46%
   4553  2747    13563.4670    89    13694.0000    13494.0000   191187    1.46%
   4692  2834    13556.6329   101    13694.0000    13494.0000   202933    1.46%
   4828  2891    13555.9122    88    13694.0000    13494.0000   217155    1.46%
   5008  3054    13571.1662    85    13694.0000    13494.0000   226805    1.46%
   5236  3268    13503.4259    84    13694.0000    13494.0000   236180    1.46%
   5457  3461    13546.2892    56    13694.0000    13494.0000   246050    1.46%
   5633  3576    13518.1818   108    13694.0000    13494.0000   259999    1.46%
Elapsed time = 17.48 sec. (25078.59 ticks, tree = 15.73 MB, solutions = 13)
   5844  3777    13494.0000    66    13694.0000    13494.0000   268454    1.46%
   5989  3884    13653.5021    78    13694.0000    13494.0000   281234    1.46%
   6111  3956    13654.4840    95    13694.0000    13494.0000   295246    1.46%
   6241  4050    13494.0000    87    13694.0000    13494.0000   307397    1.46%
   6443  4237    13581.6520    87    13694.0000    13494.0000   319167    1.46%
   6547  4295    13642.8462   106    13694.0000    13494.0000   331441    1.46%
   6632  4341    13637.4545    63    13694.0000    13494.0000   343277    1.46%
   6773  4433    13499.1944    87    13694.0000    13494.0000   353596    1.46%
   6988  4633    13638.0588    64    13694.0000    13494.0000   364830    1.46%
   7123  4717    13628.8423    98    13694.0000    13494.0000   377243    1.46%
Elapsed time = 23.82 sec. (34763.44 ticks, tree = 22.85 MB, solutions = 13)
   7233  4791        cutoff          13694.0000    13494.0000   388994    1.46%
   7300  4830    13495.5170    94    13694.0000    13494.0000   398657    1.46%
   7396  4910    13494.0000    98    13694.0000    13494.0000   408655    1.46%
   7508  4987    13631.8256   107    13694.0000    13494.0000   420704    1.46%
   7612  5056    13532.8227    91    13694.0000    13494.0000   429700    1.46%
   7712  5115    13604.8302    53    13694.0000    13494.0000   440955    1.46%
*  7742  4725      integral     0    13681.0000    13494.0000   444180    1.37%
   7879  4846    13537.7988   105    13681.0000    13494.0000   453199    1.37%
   7969  4904    13564.4000   110    13681.0000    13494.0000   465927    1.37%
   8052  4964    13586.1793    87    13681.0000    13494.0000   476461    1.37%
   8159  5033    13600.1719    98    13681.0000    13494.0000   486576    1.37%
Elapsed time = 30.24 sec. (44491.82 ticks, tree = 25.61 MB, solutions = 14)
   8273  5123    13494.0000   108    13681.0000    13494.0000   495828    1.37%
   8380  5218    13494.2413   106    13681.0000    13494.0000   505986    1.37%
   8399  5234    13494.0000    88    13681.0000    13494.0000   507905    1.37%
   8487  5322    13494.0000    72    13681.0000    13494.0000   512298    1.37%
   8630  5461    13494.0000    84    13681.0000    13494.0000   521202    1.37%
   8761  5568    13494.0000    87    13681.0000    13494.0000   533481    1.37%
   8892  5685    13494.0000    89    13681.0000    13494.0000   544103    1.37%
   9030  5797    13494.0000    73    13681.0000    13494.0000   556453    1.37%
   9180  5915    13658.9602    88    13681.0000    13494.0000   568808    1.37%
   9295  5966    13496.9343    93    13681.0000    13494.0000   577195    1.37%
Elapsed time = 36.55 sec. (54112.10 ticks, tree = 30.43 MB, solutions = 14)
   9406  6055    13531.3000    88    13681.0000    13494.0000   587385    1.37%
   9558  6187    13494.0000    97    13681.0000    13494.0000   598058    1.37%
   9690  6300    13512.0000    62    13681.0000    13494.0000   608585    1.37%
   9784  6367    13619.9955    83    13681.0000    13494.0000   618134    1.37%
   9803  6377    13523.7692   107    13681.0000    13494.0000   621498    1.37%
   9976  6537    13503.0679   114    13681.0000    13494.0000   631158    1.37%
  10121  6668        cutoff          13681.0000    13494.0000   641342    1.37%
  10237  6750        cutoff          13681.0000    13494.0000   651835    1.37%
  10337  6842    13494.0000    81    13681.0000    13494.0000   656878    1.37%
  10516  7015    13494.5777    88    13681.0000    13494.0000   666057    1.37%
Elapsed time = 42.84 sec. (63756.46 ticks, tree = 39.58 MB, solutions = 14)
  10603  7074    13494.0000   126    13681.0000    13494.0000   674906    1.37%
  10672  7132    13520.2953   104    13681.0000    13494.0000   683128    1.37%
  10777  7215    13613.0769    92    13681.0000    13494.0000   694503    1.37%
  10877  7285    13494.0000   134    13681.0000    13494.0000   703809    1.37%
  10951  7351    13511.9438   126    13681.0000    13494.0000   713081    1.37%
  11019  7415    13494.0000    80    13681.0000    13494.0000   719705    1.37%
  11125  7505    13667.6224   100    13681.0000    13494.0000   729653    1.37%
  11204  7559    13494.0000   235    13681.0000    13494.0000   739331    1.37%
  11243  7598    13494.0000   134    13681.0000    13494.0000   743846    1.37%
  11350  7697    13494.0000    87    13681.0000    13494.0000   751893    1.37%
Elapsed time = 57.71 sec. (83384.10 ticks, tree = 43.66 MB, solutions = 14)
  11468  7792    13494.0000   129    13681.0000    13494.0000   761110    1.37%
  11592  7916    13494.0000    69    13681.0000    13494.0000   768259    1.37%
  11729  8049    13494.0000   148    13681.0000    13494.0000   777801    1.37%
  11878  8198    13494.3386   149    13681.0000    13494.0000   787533    1.37%
  11926  8233        cutoff          13681.0000    13494.0000   795551    1.37%
  12054  8337    13499.3517   124    13681.0000    13494.0000   806226    1.37%
  12127  8402    13494.0000    91    13681.0000    13494.0000   813436    1.37%
  12272  8539    13494.0000    89    13681.0000    13494.0000   823345    1.37%
  12323  8582    13517.2400    95    13681.0000    13494.0000   828225    1.37%
  12427  8662    13544.2527   100    13681.0000    13494.0000   839238    1.37%
Elapsed time = 64.22 sec. (93257.03 ticks, tree = 50.65 MB, solutions = 14)
  12535  8755    13523.7692   127    13681.0000    13494.0000   848941    1.37%
  12664  8875    13494.0000   151    13681.0000    13494.0000   859601    1.37%
  12829  9024    13665.8000    85    13681.0000    13494.0000   870220    1.37%
  12903  9088    13632.6000    87    13681.0000    13494.0000   880084    1.37%
  12982  9150    13494.0000    95    13681.0000    13494.0000   890226    1.37%
  13098  9262    13572.8219   103    13681.0000    13494.0000   898172    1.37%
  13193  9334    13494.0000   107    13681.0000    13494.0000   908744    1.37%
  13292  9430    13494.0000    64    13681.0000    13494.0000   915109    1.37%
  13382  9491    13494.0000    25    13681.0000    13494.0000   925548    1.37%
  13801  9858    13494.0000   107    13681.0000    13494.0000   964261    1.37%
Elapsed time = 72.73 sec. (106196.12 ticks, tree = 60.14 MB, solutions = 14)
  14229 10191    infeasible          13681.0000    13494.0000  1007507    1.37%
* 14564     1      integral     0    13494.0000    13494.0000  1035991    0.00%

GUB cover cuts applied:  27
Clique cuts applied:  22
Cover cuts applied:  540
Implied bound cuts applied:  1
Flow cuts applied:  8
Mixed integer rounding cuts applied:  17
Zero-half cuts applied:  2
Gomory fractional cuts applied:  5

Root node processing (before b&c):
  Real time             =    0.37 sec. (489.07 ticks)
Sequential b&c:
  Real time             =   76.79 sec. (112437.22 ticks)
                          ------------
Total (root+branch&cut) =   77.16 sec. (112926.29 ticks)
MIP: [1;32mCPLEX finished.[0m
MIP: [1;32mCPLEX status: Optimal[0m
CAN: [1;35mItem: 0, Level: 0, at bin: 9[0m
CAN: [1;35mItem: 1, Level: 0, at bin: 4[0m
CAN: [1;35mItem: 2, Level: 0, at bin: 21[0m
CAN: [1;35mItem: 3, Level: 0, at bin: 27[0m
CAN: [1;35mItem: 4, Level: 0, at bin: 12[0m
CAN: [1;35mItem: 5, Level: 0, at bin: 17[0m
CAN: [1;35mItem: 6, Level: 0, at bin: 20[0m
CAN: [1;35mItem: 7, Level: 0, at bin: 3[0m
CAN: [1;35mItem: 8, Level: 0, at bin: 23[0m
CAN: [1;35mItem: 9, Level: 0, at bin: 30[0m
CAN: [1;35mItem: 10, Level: 0, at bin: 15[0m
CAN: [1;35mItem: 11, Level: 0, at bin: 22[0m
CAN: [1;35mItem: 12, Level: 0, at bin: 9[0m
CAN: [1;35mItem: 13, Level: 0, at bin: 19[0m
CAN: [1;35mItem: 14, Level: 0, at bin: 13[0m
CAN: [1;35mItem: 15, Level: 0, at bin: 24[0m
CAN: [1;35mItem: 16, Level: 0, at bin: 6[0m
CAN: [1;35mItem: 17, Level: 0, at bin: 1[0m
CAN: [1;35mItem: 18, Level: 0, at bin: 18[0m
CAN: [1;35mItem: 19, Level: 0, at bin: 25[0m
CAN: [1;35mItem: 20, Level: 0, at bin: 23[0m
CAN: [1;35mItem: 21, Level: 0, at bin: 10[0m
CAN: [1;35mItem: 22, Level: 0, at bin: 1[0m
CAN: [1;35mItem: 23, Level: 0, at bin: 26[0m
CAN: [1;35mItem: 24, Level: 0, at bin: 13[0m
CAN: [1;35mItem: 25, Level: 0, at bin: 2[0m
CAN: [1;35mItem: 26, Level: 0, at bin: 32[0m
CAN: [1;35mItem: 27, Level: 0, at bin: 5[0m
CAN: [1;35mItem: 28, Level: 0, at bin: 12[0m
CAN: [1;35mItem: 29, Level: 0, at bin: 25[0m
CAN: [1;35mItem: 30, Level: 0, at bin: 18[0m
CAN: [1;35mItem: 31, Level: 0, at bin: 14[0m
CAN: [1;35mItem: 32, Level: 0, at bin: 22[0m
CAN: [1;35mItem: 33, Level: 0, at bin: 32[0m
CAN: [1;35mItem: 34, Level: 0, at bin: 19[0m
CAN: [1;35mItem: 35, Level: 0, at bin: 4[0m
CAN: [1;35mItem: 36, Level: 0, at bin: 24[0m
CAN: [1;35mItem: 37, Level: 0, at bin: 17[0m
CAN: [1;35mItem: 38, Level: 0, at bin: 4[0m
CAN: [1;35mItem: 39, Level: 0, at bin: 22[0m
CAN: [1;35mItem: 40, Level: 0, at bin: 26[0m
CAN: [1;35mItem: 41, Level: 0, at bin: 21[0m
CAN: [1;35mItem: 42, Level: 0, at bin: 20[0m
CAN: [1;35mItem: 43, Level: 0, at bin: 2[0m
CAN: [1;35mItem: 44, Level: 0, at bin: 30[0m
CAN: [1;35mItem: 45, Level: 0, at bin: 27[0m
CAN: [1;35mItem: 46, Level: 0, at bin: 15[0m
CAN: [1;35mItem: 47, Level: 0, at bin: 17[0m
CAN: [1;35mItem: 48, Level: 0, at bin: 10[0m
CAN: [1;35mItem: 49, Level: 0, at bin: 6[0m
MIP: [1;32mSolution: 
Indexes: [9, 4, 21, 27, 12, 17, 20, 3, 23, 30, 15, 22, 9, 19, 13, 24, 6, 1, 18, 25, 23, 10, 1, 26, 13, 2, 32, 5, 12, 25, 18, 14, 22, 32, 19, 4, 24, 17, 4, 22, 26, 21, 20, 2, 30, 27, 15, 17, 10, 6], P Variables: [9][4][21][27][12][17][20][3][23][30][15][22][9][19][13][24][6][1][18][25][23][10][1][26][13][2][32][5][12][25][18][14][22][32][19][4][24][17][4][22][26][21][20][2][30][27][15][17][10][6], Flow leaving each bin: [0m
MIP: [1;32mObjective value: 13494[0m
MIP: [1;32mLower Bound: 13494[0m
MIP: [1;32mBranch-and-Bound nodes: 14565[0m

# best solution:
best objective value:	13494
best dual bound value:	13494
optimality gap:	0%
CPU time:	76.8117
