ifile	/scratch/csagturk/mlbppo_inst/n0050_m01_p100__025.inst
prob	MLBPPO
threads	1
ttime	900
instance: /scratch/csagturk/mlbppo_inst/n0050_m01_p100__025.inst
	m=1, n=[50, 42], #pos=50
MIP: [1;32minit CPLEX[0m
CAN: [1;35mcreated 2100 x_{ijk} variables[0m
CAN: [1;35mcreated 92 y_{ij} variables[0m
CAN: [1;35mcreated 2100 p_{ijk} variables[0m
MIP: [1;32mcreated decision variables[0m
CAN: [1;35madded 50 constraints to enforce the packing of each item[0m
CAN: [1;35madded 0 constraints to enforce the packing of each item[0m
CAN: [1;35madded 42 capacity constraints[0m
MIP: [1;32mcreated constraints[0m
MIP: [1;32mcreated objective function[0m
MIP: [1;32mcalling CPLEX solve ...[0m
Version identifier: 22.1.0.0 | 2022-03-09 | 1a383f8ce
CPXPARAM_Threads                                 1
CPXPARAM_TimeLimit                               900
Tried aggregator 2 times.
MIP Presolve eliminated 1630 rows and 1175 columns.
MIP Presolve modified 2882 coefficients.
Aggregator did 1571 substitutions.
Reduced MIP has 1092 rows, 1496 columns, and 31084 nonzeros.
Reduced MIP has 1496 binaries, 0 generals, 0 SOSs, and 0 indicators.
Presolve time = 0.08 sec. (94.57 ticks)
Found incumbent of value 19023.000000 after 0.12 sec. (139.06 ticks)
Probing fixed 94 vars, tightened 0 bounds.
Probing time = 0.04 sec. (73.43 ticks)
Cover probing fixed 4 vars, tightened 0 bounds.
Tried aggregator 1 time.
Detecting symmetries...
MIP Presolve eliminated 188 rows and 98 columns.
MIP Presolve modified 3478 coefficients.
Reduced MIP has 881 rows, 1398 columns, and 21543 nonzeros.
Reduced MIP has 1398 binaries, 0 generals, 0 SOSs, and 0 indicators.
Presolve time = 0.02 sec. (20.44 ticks)
Probing fixed 5 vars, tightened 0 bounds.
Probing time = 0.02 sec. (28.33 ticks)
Clique table members: 11595.
MIP emphasis: balance optimality and feasibility.
MIP search method: dynamic search.
Parallel mode: none, using 1 thread.
Root relaxation solution time = 0.01 sec. (15.27 ticks)

        Nodes                                         Cuts/
   Node  Left     Objective  IInf  Best Integer    Best Bound    ItCnt     Gap

*     0+    0                        19023.0000        0.0000           100.00%
      0     0    12227.4500    72    19023.0000    12227.4500      333   35.72%
*     0+    0                        14431.0000    12227.4500            15.27%
      0     0    12228.2667    82    14431.0000      Cuts: 67      636   15.26%
      0     0    12228.2667   134    14431.0000     Cuts: 120     1433   15.26%
      0     0    12228.2667    58    14431.0000      Cuts: 23     1620   15.26%
      0     0    12228.2667   102    14431.0000      Cuts: 81     1998   15.26%
*     0+    0                        13364.0000    12228.2667             8.50%
*     0+    0                        13352.0000    12228.2667             8.42%
*     0+    0                        13340.0000    12228.2667             8.33%
*     0+    0                        12940.0000    12228.2667             5.50%
      0     0  -1.00000e+75     0    12940.0000    12228.2667     1998    5.50%
*     0+    0                        12913.0000    12228.2667             5.30%
*     0+    0                        12783.0000    12228.2667             4.34%
      0     0  -1.00000e+75     0    12783.0000    12228.2667     1998    4.34%
      0     2    12228.2667    36    12783.0000    12228.2667     1998    4.34%
Elapsed time = 0.99 sec. (1230.31 ticks, tree = 0.01 MB, solutions = 8)
     40    42    12228.2667    51    12783.0000    12228.2667     4108    4.34%
    176   170    12228.2667    34    12783.0000    12228.2667     7407    4.34%
    400   382    12293.7867    35    12783.0000    12228.2667    11195    4.34%
*   474+  436                        12706.0000    12228.2667             3.76%
    474   438    12231.1800    48    12706.0000    12228.2667    12438    3.76%
*   475+  430                        12693.0000    12228.2667             3.66%
    475   432    12228.2667    62    12693.0000    12228.2667    12624    3.66%

Performing restart 1

Repeating presolve.
Tried aggregator 1 time.
MIP Presolve eliminated 11 rows and 5 columns.
MIP Presolve modified 17434 coefficients.
Reduced MIP has 870 rows, 1393 columns, and 12990 nonzeros.
Reduced MIP has 1393 binaries, 0 generals, 0 SOSs, and 0 indicators.
Presolve time = 0.02 sec. (20.14 ticks)
Tried aggregator 1 time.
MIP Presolve eliminated 5 rows and 2 columns.
MIP Presolve modified 72 coefficients.
Reduced MIP has 865 rows, 1391 columns, and 12902 nonzeros.
Reduced MIP has 1391 binaries, 0 generals, 0 SOSs, and 0 indicators.
Presolve time = 0.01 sec. (11.33 ticks)
Represolve time = 0.08 sec. (72.46 ticks)
    585     0    12189.8034    82    12693.0000      Cuts: 37    16396    3.66%
    585     0    12192.0949   105    12693.0000     Cuts: 104    16810    3.66%
    585     0    12206.2657   114    12693.0000      Cuts: 71    17198    3.66%
    585     0    12207.5968   159    12693.0000      Cuts: 87    17895    3.66%
    585     0    12208.9883   166    12693.0000      Cuts: 49    18752    3.66%
    585     0    12214.0731   129    12693.0000      Cuts: 49    19526    3.66%
    585     0    12215.0654   182    12693.0000     Cuts: 122    20322    3.66%
*   585+    0                        12448.0000    12228.2667             1.77%
    585     0  -1.00000e+75     0    12448.0000    12228.2667    20322    1.77%
    585     2    12215.0654   105    12448.0000    12228.2667    20322    1.77%
    622    33    12245.6667    41    12448.0000    12229.1875    20896    1.76%
    678    78    12238.0698    40    12448.0000    12229.2600    21523    1.76%
    685    85    12258.0000    35    12448.0000    12229.2600    21568    1.76%
    997   321    12257.1429    36    12448.0000    12229.5000    26042    1.76%
Elapsed time = 5.89 sec. (7752.75 ticks, tree = 1.47 MB, solutions = 11)
   1506   731    12311.9364    37    12448.0000    12231.6712    31678    1.74%
   2085  1227    12412.0000    33    12448.0000    12232.8333    39962    1.73%
   2634  1686    12439.0000    46    12448.0000    12234.6667    49973    1.71%
   3423  2345    12333.0000    35    12448.0000    12236.0589    58889    1.70%
   4171  3009    12433.0000    32    12448.0000    12236.8571    68613    1.70%
   4955  3659    12258.6667    47    12448.0000    12238.2414    79155    1.69%
   5756  4337    12254.7931    41    12448.0000    12239.3014    88578    1.68%
   6585  5046    12250.0000    45    12448.0000    12239.3333    99576    1.68%
   7382  5708    12239.3333    39    12448.0000    12239.3333   110495    1.68%
   8103  6324    infeasible          12448.0000    12239.3333   122096    1.68%
Elapsed time = 12.63 sec. (17308.77 ticks, tree = 6.36 MB, solutions = 11)
   8746  6860    12346.0000    30    12448.0000    12239.3333   133460    1.68%
   9464  7463    12239.3333    53    12448.0000    12239.3333   145804    1.68%
   9822  7714    12268.6000    49    12448.0000    12239.3333   157848    1.68%
* 10045+ 2551                        12346.0000    12239.3333             0.86%
* 10045+ 1759                        12304.0000    12239.3333             0.53%
  10045  1758    12304.0000     0    12304.0000    12239.3333   165943    0.53%

Performing restart 2

Repeating presolve.
Tried aggregator 1 time.
MIP Presolve eliminated 73 rows and 80 columns.
MIP Presolve modified 176 coefficients.
Reduced MIP has 792 rows, 1311 columns, and 11354 nonzeros.
Reduced MIP has 1311 binaries, 0 generals, 0 SOSs, and 0 indicators.
Presolve time = 0.01 sec. (10.75 ticks)
Tried aggregator 1 time.
MIP Presolve modified 24 coefficients.
Reduced MIP has 792 rows, 1311 columns, and 11354 nonzeros.
Reduced MIP has 1311 binaries, 0 generals, 0 SOSs, and 0 indicators.
Presolve time = 0.01 sec. (9.92 ticks)
Represolve time = 0.12 sec. (84.37 ticks)
  10155     0    12215.6927   110    12304.0000      Cuts: 23   178666    0.53%
  10155     0    12215.6927   135    12304.0000      Cuts: 90   179191    0.53%
  10155     0    12215.6927   162    12304.0000      Cuts: 61   179913    0.53%
  10155     0    12215.6927    96    12304.0000      Cuts: 30   180529    0.53%
  10155     0    12215.6927   144    12304.0000      Cuts: 95   181089    0.53%
  10155     0    12215.6927   109    12304.0000      Cuts: 33   181412    0.53%
  10155     0    12216.0896   137    12304.0000      Cuts: 78   181978    0.53%
  10155     0    12216.0896   128    12304.0000      Cuts: 34   182460    0.53%
  10155     0    12216.0896   135    12304.0000     Cuts: 116   183015    0.53%
  10155     0    12216.0896    95    12304.0000      Cuts: 25   183290    0.53%
  10155     0    12216.0896   119    12304.0000      Cuts: 98   183927    0.53%
  10155     2    12216.0896    68    12304.0000    12239.3333   183927    0.53%
  10245    73    12255.4000    51    12304.0000    12239.3333   185625    0.53%
  10375   149    12249.0909    35    12304.0000    12239.3333   188805    0.53%
  10623   316    12239.3333    46    12304.0000    12239.3333   191937    0.53%
  10856   473    12266.8000    67    12304.0000    12239.3333   196035    0.53%
  11019   574    12239.3333    58    12304.0000    12239.3333   200401    0.53%
Elapsed time = 24.27 sec. (32627.81 ticks, tree = 0.50 MB, solutions = 13)
  11245   722    12278.0000    53    12304.0000    12239.3333   205627    0.53%
  11476   889    12243.6471    62    12304.0000    12239.3333   212601    0.53%
  11623  1014    12291.0000    29    12304.0000    12239.4042   219637    0.52%
  11673  1032    12246.9023   138    12304.0000    12240.1429   226394    0.52%
  11718  1055    12246.4091   113    12304.0000    12241.0000   232356    0.51%
  11792  1110    12241.4000    92    12304.0000    12241.4000   239882    0.51%
  11850  1164    12291.0000   118    12304.0000    12241.4000   247291    0.51%
  11916  1205    12291.0000    56    12304.0000    12241.4000   258963    0.51%
  11987  1252    12291.0000    92    12304.0000    12241.7969   268048    0.51%
  12060  1305    12244.6675    94    12304.0000    12241.8571   278115    0.51%
Elapsed time = 30.68 sec. (42286.31 ticks, tree = 1.09 MB, solutions = 13)
  12172  1379    12257.9091   139    12304.0000    12242.0000   287916    0.50%
  12233  1403    12254.3933   135    12304.0000    12242.4103   297145    0.50%
  12288  1428    12242.7333    91    12304.0000    12242.7521   305787    0.50%
  12337  1458    12286.0000    72    12304.0000    12243.0690   316653    0.50%
  12439  1522    12247.1547    91    12304.0000    12244.0000   327887    0.49%
  12695  1675    12299.6842    55    12304.0000    12244.0000   338861    0.49%
  12852  1771        cutoff          12304.0000    12244.0000   349176    0.49%
  12982  1860    12302.0000    72    12304.0000    12244.0000   358589    0.49%
  13120  1959    12244.0000    63    12304.0000    12244.0000   366963    0.49%
  13234  2031    12291.0000    76    12304.0000    12244.0000   377934    0.49%
Elapsed time = 37.36 sec. (51982.71 ticks, tree = 2.74 MB, solutions = 13)
  13331  2089    12244.0000   152    12304.0000    12244.0000   389653    0.49%
  13415  2132    12302.0000    84    12304.0000    12244.0000   403509    0.49%
  13504  2183    12244.0000   130    12304.0000    12244.0000   415042    0.49%
  13667  2259    12245.5648    72    12304.0000    12244.0000   425657    0.49%
  13844  2333        cutoff          12304.0000    12244.0000   435774    0.49%
  13934  2399    12244.0000   134    12304.0000    12244.0000   447641    0.49%
  14011  2456    12289.2255   117    12304.0000    12244.0000   461047    0.49%
  14153  2545    12244.0000    45    12304.0000    12244.0000   472382    0.49%
  14265  2607    12244.0000    86    12304.0000    12244.0000   484455    0.49%
  14363  2679    12302.0000   108    12304.0000    12244.0000   498530    0.49%
Elapsed time = 44.26 sec. (61699.61 ticks, tree = 6.02 MB, solutions = 13)
  14536  2793    12244.8178    78    12304.0000    12244.0000   513006    0.49%
  14737  2852    12245.8567    65    12304.0000    12244.0000   525326    0.49%
  14875  2917        cutoff          12304.0000    12244.0000   538021    0.49%
  15008  3007    12270.9330   105    12304.0000    12244.0000   550232    0.49%
  15117  3055    12299.6842   162    12304.0000    12244.0000   563407    0.49%
  15263  3166        cutoff          12304.0000    12244.0000   575388    0.49%
  15451  3286    12244.1222    99    12304.0000    12244.0000   587615    0.49%
  15684  3462    12244.0000    84    12304.0000    12244.0000   599234    0.49%
  15923  3614    12258.1878   125    12304.0000    12244.0000   611875    0.49%
  16043  3664    12302.0000    75    12304.0000    12244.0000   622360    0.49%
Elapsed time = 51.20 sec. (71339.01 ticks, tree = 11.55 MB, solutions = 13)
  16129  3713    12289.2704    98    12304.0000    12244.0000   633339    0.49%
  16182  3747    12244.6746   117    12304.0000    12244.0000   642219    0.49%
  16249  3782    12276.4118    83    12304.0000    12244.0000   653201    0.49%
  16291  3810    12245.4796   166    12304.0000    12244.0000   661521    0.49%
  16333  3828    12269.3291   163    12304.0000    12244.0000   672898    0.49%
  16408  3877    12253.2121    89    12304.0000    12244.0000   684161    0.49%
  16469  3900    12245.7203   207    12304.0000    12244.0000   696110    0.49%
  16510  3931    12244.0000   182    12304.0000    12244.0000   705351    0.49%
  16584  3969    12244.0000   154    12304.0000    12244.0000   717433    0.49%
  16713  4051    12302.0000    63    12304.0000    12244.0000   728899    0.49%
Elapsed time = 58.00 sec. (81133.29 ticks, tree = 13.20 MB, solutions = 13)
  16773  4077    12273.0892   168    12304.0000    12244.0000   739492    0.49%
  16835  4124    12291.0000    59    12304.0000    12244.0000   748205    0.49%
  16900  4167    12244.0000   136    12304.0000    12244.0000   757770    0.49%
  16981  4222    12279.6856   121    12304.0000    12244.0000   768494    0.49%
  17054  4255    12247.1097   132    12304.0000    12244.0000   779977    0.49%
  17110  4288    12261.9244   127    12304.0000    12244.0000   789316    0.49%
  17157  4314    12302.0000    33    12304.0000    12244.0000   799713    0.49%
  17285  4408    12244.0000   116    12304.0000    12244.0000   809867    0.49%
  17328  4417    12299.6842   134    12304.0000    12244.0000   822634    0.49%
  17431  4484    12299.6842   138    12304.0000    12244.0000   833840    0.49%
Elapsed time = 64.79 sec. (90839.31 ticks, tree = 15.81 MB, solutions = 13)
  17522  4524    12292.3334   101    12304.0000    12244.0000   846585    0.49%
  17555  4539        cutoff          12304.0000    12244.0000   855330    0.49%
  17577  4554    12244.0000   154    12304.0000    12244.0000   863596    0.49%
  17608  4581    12244.0000   140    12304.0000    12244.0000   872699    0.49%
  17636  4599    12274.3725   114    12304.0000    12244.0000   882389    0.49%
  17690  4626    12302.0000    86    12304.0000    12244.0000   892316    0.49%
  17777  4675    12244.0000   112    12304.0000    12244.0000   902871    0.49%
  17855  4742    12302.0000    33    12304.0000    12244.0000   908900    0.49%
  17897  4755    12363.2804   158    12304.0000    12244.0000   917868    0.49%
  17974  4796    12249.5702   181    12304.0000    12244.0000   943483    0.49%
Elapsed time = 75.08 sec. (105261.74 ticks, tree = 17.91 MB, solutions = 13)
  18164  4921    12261.0594   176    12304.0000    12244.0000   980771    0.49%
  18311  5003    12265.0357   153    12304.0000    12244.0000  1012756    0.49%
  18380  5044        cutoff          12304.0000    12244.0000  1041200    0.49%
  18555  5158    12302.0000    93    12304.0000    12244.0000  1074243    0.49%
  18678  5211    12267.6061   118    12304.0000    12244.0000  1114943    0.49%
  18829  5320    12244.0000   109    12304.0000    12244.0000  1145445    0.49%
  19073  5484    12257.0639   117    12304.0000    12244.0000  1181780    0.49%
  19234  5545    12251.7776   147    12304.0000    12244.0000  1221413    0.49%
  19407  5694    12244.0000    92    12304.0000    12244.0000  1256609    0.49%
  19841  6051    12244.0000    51    12304.0000    12244.0000  1295939    0.49%
Elapsed time = 102.62 sec. (145371.05 ticks, tree = 25.47 MB, solutions = 13)
* 19855+    1                        12244.0000    12244.0000             0.00%

GUB cover cuts applied:  65
Clique cuts applied:  5
Cover cuts applied:  356
Implied bound cuts applied:  2
Flow cuts applied:  6
Mixed integer rounding cuts applied:  172
Zero-half cuts applied:  28
Lift and project cuts applied:  5
Gomory fractional cuts applied:  9

Root node processing (before b&c):
  Real time             =    0.99 sec. (1230.85 ticks)
Sequential b&c:
  Real time             =  101.84 sec. (144410.20 ticks)
                          ------------
Total (root+branch&cut) =  102.83 sec. (145641.05 ticks)
MIP: [1;32mCPLEX finished.[0m
MIP: [1;32mCPLEX status: Optimal[0m
CAN: [1;35mItem: 0, Level: 0, at bin: 18[0m
CAN: [1;35mItem: 1, Level: 0, at bin: 35[0m
CAN: [1;35mItem: 2, Level: 0, at bin: 15[0m
CAN: [1;35mItem: 3, Level: 0, at bin: 18[0m
CAN: [1;35mItem: 4, Level: 0, at bin: 30[0m
CAN: [1;35mItem: 5, Level: 0, at bin: 32[0m
CAN: [1;35mItem: 6, Level: 0, at bin: 30[0m
CAN: [1;35mItem: 7, Level: 0, at bin: 21[0m
CAN: [1;35mItem: 8, Level: 0, at bin: 32[0m
CAN: [1;35mItem: 9, Level: 0, at bin: 39[0m
CAN: [1;35mItem: 10, Level: 0, at bin: 18[0m
CAN: [1;35mItem: 11, Level: 0, at bin: 29[0m
CAN: [1;35mItem: 12, Level: 0, at bin: 11[0m
CAN: [1;35mItem: 13, Level: 0, at bin: 27[0m
CAN: [1;35mItem: 14, Level: 0, at bin: 27[0m
CAN: [1;35mItem: 15, Level: 0, at bin: 14[0m
CAN: [1;35mItem: 16, Level: 0, at bin: 37[0m
CAN: [1;35mItem: 17, Level: 0, at bin: 29[0m
CAN: [1;35mItem: 18, Level: 0, at bin: 36[0m
CAN: [1;35mItem: 19, Level: 0, at bin: 33[0m
CAN: [1;35mItem: 20, Level: 0, at bin: 12[0m
CAN: [1;35mItem: 21, Level: 0, at bin: 13[0m
CAN: [1;35mItem: 22, Level: 0, at bin: 39[0m
CAN: [1;35mItem: 23, Level: 0, at bin: 13[0m
CAN: [1;35mItem: 24, Level: 0, at bin: 12[0m
CAN: [1;35mItem: 25, Level: 0, at bin: 11[0m
CAN: [1;35mItem: 26, Level: 0, at bin: 41[0m
CAN: [1;35mItem: 27, Level: 0, at bin: 33[0m
CAN: [1;35mItem: 28, Level: 0, at bin: 25[0m
CAN: [1;35mItem: 29, Level: 0, at bin: 32[0m
CAN: [1;35mItem: 30, Level: 0, at bin: 36[0m
CAN: [1;35mItem: 31, Level: 0, at bin: 25[0m
CAN: [1;35mItem: 32, Level: 0, at bin: 34[0m
CAN: [1;35mItem: 33, Level: 0, at bin: 40[0m
CAN: [1;35mItem: 34, Level: 0, at bin: 4[0m
CAN: [1;35mItem: 35, Level: 0, at bin: 37[0m
CAN: [1;35mItem: 36, Level: 0, at bin: 41[0m
CAN: [1;35mItem: 37, Level: 0, at bin: 15[0m
CAN: [1;35mItem: 38, Level: 0, at bin: 30[0m
CAN: [1;35mItem: 39, Level: 0, at bin: 4[0m
CAN: [1;35mItem: 40, Level: 0, at bin: 27[0m
CAN: [1;35mItem: 41, Level: 0, at bin: 7[0m
CAN: [1;35mItem: 42, Level: 0, at bin: 23[0m
CAN: [1;35mItem: 43, Level: 0, at bin: 16[0m
CAN: [1;35mItem: 44, Level: 0, at bin: 34[0m
CAN: [1;35mItem: 45, Level: 0, at bin: 14[0m
CAN: [1;35mItem: 46, Level: 0, at bin: 18[0m
CAN: [1;35mItem: 47, Level: 0, at bin: 23[0m
CAN: [1;35mItem: 48, Level: 0, at bin: 29[0m
CAN: [1;35mItem: 49, Level: 0, at bin: 21[0m
MIP: [1;32mSolution: 
Indexes: [18, 35, 15, 18, 30, 32, 30, 21, 32, 39, 18, 29, 11, 27, 27, 14, 37, 29, 36, 33, 12, 13, 39, 13, 12, 11, 41, 33, 25, 32, 36, 25, 34, 40, 4, 37, 41, 15, 30, 4, 27, 7, 23, 16, 34, 14, 18, 23, 29, 21], P Variables: [18][35][15][18][30][32][30][21][32][39][18][29][11][27][27][14][37][29][36][33][12][13][39][13][12][11][41][33][25][32][36][25][34][40][4][37][41][15][30][4][27][7][23][16][34][14][18][23][29][21], Flow leaving each bin: [0m
MIP: [1;32mObjective value: 12244[0m
MIP: [1;32mLower Bound: 12244[0m
MIP: [1;32mBranch-and-Bound nodes: 19855[0m

# best solution:
best objective value:	12244
best dual bound value:	12244
optimality gap:	0%
CPU time:	102.314
