ifile	/scratch/csagturk/mlbppo_inst/n0050_m02_p100__060.inst
prob	MLBPPO
threads	1
ttime	900
instance: /scratch/csagturk/mlbppo_inst/n0050_m02_p100__060.inst
	m=2, n=[50, 32, 28], #pos=50
MIP: [1;32minit CPLEX[0m
CAN: [1;35mcreated 2496 x_{ijk} variables[0m
CAN: [1;35mcreated 110 y_{ij} variables[0m
CAN: [1;35mcreated 3000 p_{ijk} variables[0m
MIP: [1;32mcreated decision variables[0m
CAN: [1;35madded 50 constraints to enforce the packing of each item[0m
CAN: [1;35madded 32 constraints to enforce the packing of each item[0m
CAN: [1;35madded 60 capacity constraints[0m
MIP: [1;32mcreated constraints[0m
MIP: [1;32mcreated objective function[0m
MIP: [1;32mcalling CPLEX solve ...[0m
Version identifier: 22.1.0.0 | 2022-03-09 | 1a383f8ce
CPXPARAM_Threads                                 1
CPXPARAM_TimeLimit                               900
Tried aggregator 4 times.
MIP Presolve eliminated 47992 rows and 34866 columns.
MIP Presolve modified 2942 coefficients.
Aggregator did 88186 substitutions.
Reduced MIP has 85442 rows, 59523 columns, and 237918 nonzeros.
Reduced MIP has 31514 binaries, 0 generals, 0 SOSs, and 64 indicators.
Presolve time = 0.88 sec. (5988.09 ticks)
Probing fixed 0 vars, tightened 32 bounds.
Probing time = 5.53 sec. (3672.85 ticks)
Tried aggregator 2 times.
MIP Presolve eliminated 220 rows and 227 columns.
Aggregator did 55822 substitutions.
Reduced MIP has 29400 rows, 3474 columns, and 125054 nonzeros.
Reduced MIP has 3474 binaries, 0 generals, 0 SOSs, and 0 indicators.
Presolve time = 0.30 sec. (276.58 ticks)
Probing time = 0.01 sec. (5.57 ticks)
Tried aggregator 1 time.
Detecting symmetries...
Reduced MIP has 29400 rows, 3474 columns, and 125054 nonzeros.
Reduced MIP has 3474 binaries, 0 generals, 0 SOSs, and 0 indicators.
Presolve time = 0.07 sec. (65.62 ticks)
Probing time = 0.01 sec. (5.57 ticks)
Clique table members: 5937.
MIP emphasis: balance optimality and feasibility.
MIP search method: dynamic search.
Parallel mode: none, using 1 thread.
Root relaxation solution time = 0.10 sec. (116.14 ticks)

        Nodes                                         Cuts/
   Node  Left     Objective  IInf  Best Integer    Best Bound    ItCnt     Gap

      0     0    20523.6688   217                  20523.6688      896         
      0     0    20527.6457   326                   Cuts: 173     1990         
      0     0    20527.6638   317                   Cuts: 184     3772         
      0     0    20527.8072   334                   Cuts: 124     5903         
      0     0    20527.9490   362                   Cuts: 103     7763         
      0     2    20527.9490   277                  20527.9490     7763         
Elapsed time = 19.01 sec. (24555.54 ticks, tree = 0.01 MB, solutions = 0)
      2     4    20527.9490   242                  20527.9490     8486         
      3     5    20527.9490   309                  20527.9490     9643         
      6     8    20527.9490   310                  20527.9490    11107         
      8    10    20527.9490   234                  20527.9490    12149         
     11    13    20527.9490   234                  20527.9490    13183         
     14    16    20527.9490   293                  20527.9490    14316         
     18    20    20527.9490   232                  20527.9490    14933         
     20    22    20527.9490   236                  20527.9490    15475         
     22    24    20527.9490   282                  20527.9490    16390         
     30    32    20527.9490   229                  20527.9490    17236         
Elapsed time = 23.27 sec. (29398.66 ticks, tree = 2.43 MB, solutions = 0)
     48    50    20527.9490   201                  20527.9490    20500         
     50    52    20527.9490   210                  20527.9490    20775         
     65    67    20527.9490   219                  20527.9490    24587         
     84    86    20527.9490   175                  20527.9490    28005         
    105   107    20527.9490   174                  20527.9490    32354         
    119   121    20530.2002   192                  20527.9490    36750         
    136   138    20527.9518   143                  20527.9490    40391         
    157   159    20527.9518   123                  20527.9490    45325         
    172   174    20607.2657   165                  20527.9490    49663         
    188   186    20717.6798   121                  20527.9490    54264         
Elapsed time = 31.24 sec. (39626.01 ticks, tree = 5.71 MB, solutions = 0)
    240   238    21687.7931    64                  20527.9490    60163         
*   300+  291                        23676.0000    20527.9490            13.30%
    309   298    20527.9490   223    23676.0000    20527.9490    62709   13.30%
    320   309    20527.9490   228    23676.0000    20527.9490    65418   13.30%
    330   319    20527.9490   177    23676.0000    20527.9490    67987   13.30%
    346   335    20527.9490   161    23676.0000    20527.9490    71838   13.30%
    349   338    20592.2892   222    23676.0000    20527.9490    75078   13.30%
    351   340    20527.9490   218    23676.0000    20527.9490    77326   13.30%
    356   345    20527.9490   159    23676.0000    20527.9490    80058   13.30%
    370   359    20642.1318   197    23676.0000    20527.9490    84271   13.30%
    391   380    20866.1732   116    23676.0000    20527.9490    89233   13.30%
Elapsed time = 43.33 sec. (54162.33 ticks, tree = 6.94 MB, solutions = 1)
    415   404    20664.3000   127    23676.0000    20527.9490    93442   13.30%
    442   431    20932.6968   125    23676.0000    20527.9490    99883   13.30%
    459   447    20527.9490   200    23676.0000    20527.9490   102633   13.30%
*   460+  446                        23673.0000    20527.9490            13.29%
    460   448    20527.9490   219    23673.0000    20527.9490   103497   13.29%
    475   463    20527.9490   192    23673.0000    20527.9490   106635   13.29%
    490   478    20527.9490   226    23673.0000    20527.9490   109940   13.29%
    495   483    20527.9490   288    23673.0000    20527.9490   116393   13.29%
    496   484    20527.9490   328    23673.0000    20527.9490   120297   13.29%
    498   486    20527.9490   290    23673.0000    20527.9490   125602   13.29%
    501   489    20527.9490   268    23673.0000    20527.9490   131277   13.29%
Elapsed time = 62.31 sec. (75564.82 ticks, tree = 7.49 MB, solutions = 2)
    502   490    20527.9490   227    23673.0000    20527.9490   135691   13.29%
    504   492    20527.9490   215    23673.0000    20527.9490   141505   13.29%
    506   494    20527.9490   224    23673.0000    20527.9490   143704   13.29%
    507   495    20527.9490   282    23673.0000    20527.9490   148387   13.29%
    509   497    20527.9490   220    23673.0000    20527.9490   153191   13.29%
    512   500    20527.9490   224    23673.0000    20527.9490   156973   13.29%
    513   501    20527.9490   301    23673.0000    20527.9490   161257   13.29%
    514   502    20527.9490   233    23673.0000    20527.9490   167401   13.29%
    517   505    20527.9490   217    23673.0000    20527.9490   172723   13.29%
    522   510    20527.9490   222    23673.0000    20527.9490   177347   13.29%
Elapsed time = 84.45 sec. (98228.65 ticks, tree = 8.27 MB, solutions = 2)
    528   516    20527.9490   226    23673.0000    20527.9490   182265   13.29%
    540   528    20527.9518   189    23673.0000    20527.9490   189734   13.29%
    541   529    20527.9518   213    23673.0000    20527.9490   194879   13.29%
    548   536    20527.9518   199    23673.0000    20527.9490   199806   13.29%
    550   538    20527.9518   190    23673.0000    20527.9490   205016   13.29%
    551   539    20527.9518   185    23673.0000    20527.9490   209547   13.29%
    560   548    20527.9518   164    23673.0000    20527.9490   213065   13.29%
    563   551    20527.9518   214    23673.0000    20527.9490   216532   13.29%
    565   553    20527.9518   206    23673.0000    20527.9490   219712   13.29%
    566   554    20527.9518   200    23673.0000    20527.9490   226464   13.29%
Elapsed time = 106.24 sec. (121022.11 ticks, tree = 8.51 MB, solutions = 2)
    568   556    20527.9518   234    23673.0000    20527.9490   229367   13.29%
    569   557    20527.9518   217    23673.0000    20527.9490   233528   13.29%

Performing restart 1

Repeating presolve.
Tried aggregator 1 time.
MIP Presolve modified 32085 coefficients.
Reduced MIP has 29400 rows, 3474 columns, and 109058 nonzeros.
Reduced MIP has 3474 binaries, 0 generals, 0 SOSs, and 0 indicators.
Presolve time = 0.09 sec. (106.19 ticks)
Tried aggregator 1 time.
MIP Presolve modified 320 coefficients.
Reduced MIP has 29400 rows, 3474 columns, and 109058 nonzeros.
Reduced MIP has 3474 binaries, 0 generals, 0 SOSs, and 0 indicators.
Presolve time = 0.09 sec. (86.39 ticks)
Represolve time = 0.41 sec. (397.41 ticks)
    570     0    20528.0951   386    23673.0000     Cuts: 151   238518   13.28%
    570     0    20547.9268   300    23673.0000     Cuts: 115   251153   13.20%
    570     0    20551.2071   474    23673.0000     Cuts: 166   265243   13.19%
    570     0    20552.1323   343    23673.0000     Cuts: 183   271733   13.18%
    570     0    20560.8443   305    23673.0000     Cuts: 117   287390   13.15%
    570     0    20561.1053   303    23673.0000     Cuts: 150   297809   13.15%
    570     0    20561.9547   352    23673.0000     Cuts: 143   306897   13.14%
    570     0    20562.7367   316    23673.0000     Cuts: 157   315493   13.14%
    570     0    20562.8230   341    23673.0000     Cuts: 162   323926   13.14%
    570     0    20562.8465   264    23673.0000     Cuts: 185   335223   13.14%
    570     0    20562.8465   330    23673.0000     Cuts: 118   342452   13.14%
    570     0    20562.8465   310    23673.0000     Cuts: 132   350398   13.14%
    570     0    20562.8465   417    23673.0000     Cuts: 123   355970   13.14%
    570     0    20562.8465   316    23673.0000      Cuts: 66   359078   13.14%
    570     0    20562.8465   346    23673.0000     Cuts: 118   364683   13.14%
    570     0    20562.8465   344    23673.0000      Cuts: 65   367517   13.14%
    570     2    20562.8465   344    23673.0000    20562.9794   367517   13.14%
    571     3    20562.9906   273    23673.0000    20563.0206   378547   13.14%
    572     4    20563.4442   257    23673.0000    20563.4975   396000   13.14%
    573     5    20608.0811   225    23673.0000    20563.4975   410976   13.14%
    574     6    20563.8934   303    23673.0000    20564.5522   424325   13.13%
    575     7    20565.8632   272    23673.0000    20566.2889   425749   13.12%
    577     9    20576.8552   231    23673.0000    20567.3101   426596   13.12%
    579    11    20571.3318   254    23673.0000    20567.3101   426773   13.12%
Elapsed time = 382.22 sec. (438914.48 ticks, tree = 0.27 MB, solutions = 2)
    582    14    20572.1176   259    23673.0000    20567.3101   427466   13.12%
    585    17    20574.5432   223    23673.0000    20567.3101   427795   13.12%
    589    21    20586.7727   225    23673.0000    20567.3101   428446   13.12%
    593    25    20580.2011   246    23673.0000    20567.3101   429471   13.12%
    597    29    20586.0273   239    23673.0000    20567.3101   429915   13.12%
    601    33    20599.0999   235    23673.0000    20567.3101   430272   13.12%
    607    39    20635.5238   233    23673.0000    20567.3101   430632   13.12%
    612    41    20568.8375   255    23673.0000    20569.8790   440979   13.11%
    613    42    20570.1254   225    23673.0000    20570.1254   442114   13.11%
    615    44    20570.1254   226    23673.0000    20570.3159   442464   13.11%
Elapsed time = 425.23 sec. (484857.99 ticks, tree = 0.44 MB, solutions = 2)
    619    48    20573.3057   228    23673.0000    20570.3159   443075   13.11%
    620    49    20577.3208   230    23673.0000    20570.3159   443506   13.11%
    624    53    20594.7366   208    23673.0000    20570.3159   444539   13.11%
    629    58    20607.8751   229    23673.0000    20570.3159   445337   13.11%
    633    62    20618.3032   278    23673.0000    20570.3159   447144   13.11%
    636    65    20832.8397   261    23673.0000    20570.3159   448476   13.11%
    639    68    20894.9484   287    23673.0000    20570.3159   449521   13.11%
    645    74    20903.2262   232    23673.0000    20570.3159   450048   13.11%
    650    79    20879.6132   243    23673.0000    20570.3159   450737   13.11%
    656    85    20959.2366   266    23673.0000    20570.3159   451449   13.11%
Elapsed time = 436.47 sec. (499688.06 ticks, tree = 0.64 MB, solutions = 2)
    663    92    20974.9688   258    23673.0000    20570.3159   451555   13.11%
    669    98    21015.6429   285    23673.0000    20570.3159   452101   13.11%
*   670+   97                        23543.0000    20570.3159            12.63%
    670    99    21017.4000   262    23543.0000    20570.3159   452187   12.63%
    676   105    21041.1429   246    23543.0000    20570.3159   452783   12.63%
    683   111    21319.8182   252    23543.0000    20570.3159   452932   12.63%
    690   118    21522.0000   237    23543.0000    20570.3159   453271   12.63%
    697   125    21522.0000   204    23543.0000    20570.3159   453905   12.63%
    705   131    21522.0000   240    23543.0000    20570.3159   455221   12.63%
    712   138    21522.0000   200    23543.0000    20570.3159   455626   12.63%
    739   157    21522.0000   162    23543.0000    20570.3159   457848   12.63%
Elapsed time = 455.32 sec. (524742.84 ticks, tree = 1.00 MB, solutions = 3)
    766   177    21522.0000   131    23543.0000    20570.3159   459587   12.63%
    781   187    21522.0000   126    23543.0000    20570.3159   460635   12.63%
    794   191    20570.4799   216    23543.0000    20570.4799   461066   12.63%
    847   237    21125.2527   224    23543.0000    20570.4799   466363   12.63%
*   870+  258                        22952.0000    20570.4799            10.38%
    874   264    21727.0000   209    22952.0000    20570.4799   468007   10.38%
    930   302    20570.4799   249    22952.0000    20570.4799   473821   10.38%
    970   342    20888.9299   225    22952.0000    20570.4799   478009   10.38%
   1053   414    20570.4799   225    22952.0000    20570.4799   484455   10.38%
   1127   488    20957.0000   220    22952.0000    20570.4799   491340   10.38%
   1196   536    20570.4799   234    22952.0000    20570.4799   497502   10.38%
Elapsed time = 571.73 sec. (653852.29 ticks, tree = 2.92 MB, solutions = 4)
   1274   614    20924.0000   182    22952.0000    20570.4799   505404   10.38%
   1327   651    20601.4365   215    22952.0000    20571.0372   512156   10.37%
   1404   726    21444.0000   194    22952.0000    20571.0372   519170   10.37%
   1440   753    20594.0323   239    22952.0000    20571.0372   522890   10.37%
   1532   845    21414.8408   158    22952.0000    20571.0372   531226   10.37%
   1553   854    20594.0323   239    22952.0000    20571.2977   533208   10.37%
   1613   914    21047.0000   271    22952.0000    20571.2977   540422   10.37%
   1642   935    20606.9032   201    22952.0000    20571.7667   545218   10.37%
   1745  1036    21040.0000   141    22952.0000    20571.7667   551831   10.37%
   1792  1071    20575.5970   271    22952.0000    20571.9179   555595   10.37%
Elapsed time = 697.73 sec. (783146.41 ticks, tree = 5.63 MB, solutions = 4)
   1849  1120    20628.9422   214    22952.0000    20572.0038   562713   10.37%
   1944  1215    21141.0000   153    22952.0000    20572.0038   570726   10.37%
   1987  1249    20594.0323   225    22952.0000    20572.0653   573698   10.37%
   2071  1329    21442.0000   227    22952.0000    20572.0653   582324   10.37%
   2140  1384    20901.6259   216    22952.0000    20572.2811   591371   10.37%
   2147  1385    20664.9357   233    22952.0000    20573.2566   593263   10.36%
   2251  1483    infeasible          22952.0000    20573.2566   600455   10.36%
   2335  1561    21032.0000   226    22952.0000    20573.5389   608518   10.36%
   2388  1612    21032.0000   111    22952.0000    20573.5389   617534   10.36%
   2420  1640    20633.4098   212    22952.0000    20574.8596   624230   10.36%
Elapsed time = 784.92 sec. (876795.47 ticks, tree = 8.23 MB, solutions = 4)
   2446  1666    21008.4583   208    22952.0000    20574.8596   626484   10.36%
   2560  1764    20574.8596   239    22952.0000    20574.8596   634884   10.36%
   2707  1900    20574.8596   259    22952.0000    20574.8596   653389   10.36%
   2718  1911    20725.2738   221    22952.0000    20574.8596   656992   10.36%
Starting limited solution polishing.
   2822  2012    21249.0000   172    22952.0000    20574.8596   661717   10.36%
   2985  2171    22535.0000    40    22952.0000    20574.8596   668232   10.36%
   2994  2176    20574.8596   252    22952.0000    20574.8596   668994   10.36%
   3044  2226    20998.4667   261    22952.0000    20574.8596   673131   10.36%

Clique cuts applied:  12
Cover cuts applied:  38
Implied bound cuts applied:  70
Flow cuts applied:  3
Mixed integer rounding cuts applied:  46
Zero-half cuts applied:  20
Lift and project cuts applied:  1
Gomory fractional cuts applied:  5

Root node processing (before b&c):
  Real time             =   18.97 sec. (24459.30 ticks)
Sequential b&c:
  Real time             =  881.05 sec. (968370.75 ticks)
                          ------------
Total (root+branch&cut) =  900.03 sec. (992830.05 ticks)
MIP: [1;32mCPLEX finished.[0m
MIP: [1;32mCPLEX status: Feasible[0m
CAN: [1;35mItem: 0, Level: 0, at bin: 15[0m
CAN: [1;35mItem: 0, Level: 1, at bin: 18[0m
CAN: [1;35mItem: 1, Level: 0, at bin: 24[0m
CAN: [1;35mItem: 1, Level: 1, at bin: 2[0m
CAN: [1;35mItem: 2, Level: 0, at bin: 22[0m
CAN: [1;35mItem: 2, Level: 1, at bin: 26[0m
CAN: [1;35mItem: 3, Level: 0, at bin: 19[0m
CAN: [1;35mItem: 3, Level: 1, at bin: 8[0m
CAN: [1;35mItem: 4, Level: 0, at bin: 25[0m
CAN: [1;35mItem: 4, Level: 1, at bin: 18[0m
CAN: [1;35mItem: 5, Level: 0, at bin: 10[0m
CAN: [1;35mItem: 5, Level: 1, at bin: 20[0m
CAN: [1;35mItem: 6, Level: 0, at bin: 25[0m
CAN: [1;35mItem: 6, Level: 1, at bin: 18[0m
CAN: [1;35mItem: 7, Level: 0, at bin: 26[0m
CAN: [1;35mItem: 7, Level: 1, at bin: 12[0m
CAN: [1;35mItem: 8, Level: 0, at bin: 22[0m
CAN: [1;35mItem: 8, Level: 1, at bin: 26[0m
CAN: [1;35mItem: 9, Level: 0, at bin: 15[0m
CAN: [1;35mItem: 9, Level: 1, at bin: 18[0m
CAN: [1;35mItem: 10, Level: 0, at bin: 1[0m
CAN: [1;35mItem: 10, Level: 1, at bin: 23[0m
CAN: [1;35mItem: 11, Level: 0, at bin: 2[0m
CAN: [1;35mItem: 11, Level: 1, at bin: 8[0m
CAN: [1;35mItem: 12, Level: 0, at bin: 16[0m
CAN: [1;35mItem: 12, Level: 1, at bin: 19[0m
CAN: [1;35mItem: 13, Level: 0, at bin: 2[0m
CAN: [1;35mItem: 13, Level: 1, at bin: 8[0m
CAN: [1;35mItem: 14, Level: 0, at bin: 13[0m
CAN: [1;35mItem: 14, Level: 1, at bin: 19[0m
CAN: [1;35mItem: 15, Level: 0, at bin: 17[0m
CAN: [1;35mItem: 15, Level: 1, at bin: 26[0m
CAN: [1;35mItem: 16, Level: 0, at bin: 5[0m
CAN: [1;35mItem: 16, Level: 1, at bin: 27[0m
CAN: [1;35mItem: 17, Level: 0, at bin: 30[0m
CAN: [1;35mItem: 17, Level: 1, at bin: 0[0m
CAN: [1;35mItem: 18, Level: 0, at bin: 0[0m
CAN: [1;35mItem: 18, Level: 1, at bin: 23[0m
CAN: [1;35mItem: 19, Level: 0, at bin: 3[0m
CAN: [1;35mItem: 19, Level: 1, at bin: 8[0m
CAN: [1;35mItem: 20, Level: 0, at bin: 9[0m
CAN: [1;35mItem: 20, Level: 1, at bin: 3[0m
CAN: [1;35mItem: 21, Level: 0, at bin: 22[0m
CAN: [1;35mItem: 21, Level: 1, at bin: 26[0m
CAN: [1;35mItem: 22, Level: 0, at bin: 1[0m
CAN: [1;35mItem: 22, Level: 1, at bin: 23[0m
CAN: [1;35mItem: 23, Level: 0, at bin: 28[0m
CAN: [1;35mItem: 23, Level: 1, at bin: 20[0m
CAN: [1;35mItem: 24, Level: 0, at bin: 17[0m
CAN: [1;35mItem: 24, Level: 1, at bin: 26[0m
CAN: [1;35mItem: 25, Level: 0, at bin: 27[0m
CAN: [1;35mItem: 25, Level: 1, at bin: 16[0m
CAN: [1;35mItem: 26, Level: 0, at bin: 25[0m
CAN: [1;35mItem: 26, Level: 1, at bin: 18[0m
CAN: [1;35mItem: 27, Level: 0, at bin: 8[0m
CAN: [1;35mItem: 27, Level: 1, at bin: 19[0m
CAN: [1;35mItem: 28, Level: 0, at bin: 8[0m
CAN: [1;35mItem: 28, Level: 1, at bin: 19[0m
CAN: [1;35mItem: 29, Level: 0, at bin: 25[0m
CAN: [1;35mItem: 29, Level: 1, at bin: 18[0m
CAN: [1;35mItem: 30, Level: 0, at bin: 17[0m
CAN: [1;35mItem: 30, Level: 1, at bin: 26[0m
CAN: [1;35mItem: 31, Level: 0, at bin: 0[0m
CAN: [1;35mItem: 31, Level: 1, at bin: 23[0m
CAN: [1;35mItem: 32, Level: 0, at bin: 21[0m
CAN: [1;35mItem: 32, Level: 1, at bin: 24[0m
CAN: [1;35mItem: 33, Level: 0, at bin: 22[0m
CAN: [1;35mItem: 33, Level: 1, at bin: 26[0m
CAN: [1;35mItem: 34, Level: 0, at bin: 26[0m
CAN: [1;35mItem: 34, Level: 1, at bin: 12[0m
CAN: [1;35mItem: 35, Level: 0, at bin: 30[0m
CAN: [1;35mItem: 35, Level: 1, at bin: 0[0m
CAN: [1;35mItem: 36, Level: 0, at bin: 24[0m
CAN: [1;35mItem: 36, Level: 1, at bin: 2[0m
CAN: [1;35mItem: 37, Level: 0, at bin: 5[0m
CAN: [1;35mItem: 37, Level: 1, at bin: 27[0m
CAN: [1;35mItem: 38, Level: 0, at bin: 13[0m
CAN: [1;35mItem: 38, Level: 1, at bin: 19[0m
CAN: [1;35mItem: 39, Level: 0, at bin: 27[0m
CAN: [1;35mItem: 39, Level: 1, at bin: 16[0m
CAN: [1;35mItem: 40, Level: 0, at bin: 24[0m
CAN: [1;35mItem: 40, Level: 1, at bin: 2[0m
CAN: [1;35mItem: 41, Level: 0, at bin: 0[0m
CAN: [1;35mItem: 41, Level: 1, at bin: 23[0m
CAN: [1;35mItem: 42, Level: 0, at bin: 29[0m
CAN: [1;35mItem: 42, Level: 1, at bin: 3[0m
CAN: [1;35mItem: 43, Level: 0, at bin: 19[0m
CAN: [1;35mItem: 43, Level: 1, at bin: 8[0m
CAN: [1;35mItem: 44, Level: 0, at bin: 4[0m
CAN: [1;35mItem: 44, Level: 1, at bin: 16[0m
CAN: [1;35mItem: 45, Level: 0, at bin: 5[0m
CAN: [1;35mItem: 45, Level: 1, at bin: 27[0m
CAN: [1;35mItem: 46, Level: 0, at bin: 31[0m
CAN: [1;35mItem: 46, Level: 1, at bin: 24[0m
CAN: [1;35mItem: 47, Level: 0, at bin: 18[0m
CAN: [1;35mItem: 47, Level: 1, at bin: 23[0m
CAN: [1;35mItem: 48, Level: 0, at bin: 23[0m
CAN: [1;35mItem: 48, Level: 1, at bin: 27[0m
CAN: [1;35mItem: 49, Level: 0, at bin: 21[0m
CAN: [1;35mItem: 49, Level: 1, at bin: 24[0m
MIP: [1;32mSolution: 
Indexes: [15, 24, 22, 19, 25, 10, 25, 26, 22, 15, 1, 2, 16, 2, 13, 17, 5, 30, 0, 3, 9, 22, 1, 28, 17, 27, 25, 8, 8, 25, 17, 0, 21, 22, 26, 30, 24, 5, 13, 27, 24, 0, 29, 19, 4, 5, 31, 18, 23, 21][23, 23, 8, 8, 16, 27, -1, -1, 19, 3, 20, -1, -1, 19, -1, 18, 19, 26, 23, 8, -1, 24, 26, 27, 2, 18, 12, 16, 20, 3, 0, 24], P Variables: [15, 18][24, 2][22, 26][19, 8][25, 18][10, 20][25, 18][26, 12][22, 26][15, 18][1, 23][2, 8][16, 19][2, 8][13, 19][17, 26][5, 27][30, 0][0, 23][3, 8][9, 3][22, 26][1, 23][28, 20][17, 26][27, 16][25, 18][8, 19][8, 19][25, 18][17, 26][0, 23][21, 24][22, 26][26, 12][30, 0][24, 2][5, 27][13, 19][27, 16][24, 2][0, 23][29, 3][19, 8][4, 16][5, 27][31, 24][18, 23][23, 27][21, 24], Flow leaving each bin: [0m
MIP: [1;32mObjective value: 22952[0m
MIP: [1;32mLower Bound: 20574.9[0m
MIP: [1;32mBranch-and-Bound nodes: 3052[0m

# best solution:
best objective value:	22952
best dual bound value:	20574
optimality gap:	10.3608%
CPU time:	897.294
