ifile	/scratch/csagturk/mlbppo_inst/n0050_m01_p050__092.inst
prob	MLBPPO
threads	1
ttime	900
instance: /scratch/csagturk/mlbppo_inst/n0050_m01_p050__092.inst
	m=1, n=[50, 28], #pos=25
MIP: [1;32minit CPLEX[0m
CAN: [1;35mcreated 1400 x_{ijk} variables[0m
CAN: [1;35mcreated 78 y_{ij} variables[0m
CAN: [1;35mcreated 1400 p_{ijk} variables[0m
MIP: [1;32mcreated decision variables[0m
CAN: [1;35madded 50 constraints to enforce the packing of each item[0m
CAN: [1;35madded 0 constraints to enforce the packing of each item[0m
CAN: [1;35madded 28 capacity constraints[0m
MIP: [1;32mcreated constraints[0m
MIP: [1;32mcreated objective function[0m
MIP: [1;32mcalling CPLEX solve ...[0m
Version identifier: 22.1.0.0 | 2022-03-09 | 1a383f8ce
CPXPARAM_Threads                                 1
CPXPARAM_TimeLimit                               900
Tried aggregator 2 times.
MIP Presolve eliminated 401 rows and 387 columns.
MIP Presolve modified 1192 coefficients.
Aggregator did 1207 substitutions.
Reduced MIP has 595 rows, 1234 columns, and 15096 nonzeros.
Reduced MIP has 1234 binaries, 0 generals, 0 SOSs, and 0 indicators.
Presolve time = 0.02 sec. (20.08 ticks)
Found incumbent of value 14334.000000 after 0.03 sec. (30.88 ticks)
Probing fixed 24 vars, tightened 0 bounds.
Probing time = 0.01 sec. (20.35 ticks)
Tried aggregator 1 time.
Detecting symmetries...
MIP Presolve eliminated 28 rows and 24 columns.
MIP Presolve modified 500 coefficients.
Reduced MIP has 563 rows, 1210 columns, and 13957 nonzeros.
Reduced MIP has 1210 binaries, 0 generals, 0 SOSs, and 0 indicators.
Presolve time = 0.01 sec. (10.96 ticks)
Probing time = 0.00 sec. (3.20 ticks)
Clique table members: 5845.
MIP emphasis: balance optimality and feasibility.
MIP search method: dynamic search.
Parallel mode: none, using 1 thread.
Root relaxation solution time = 0.01 sec. (7.03 ticks)

        Nodes                                         Cuts/
   Node  Left     Objective  IInf  Best Integer    Best Bound    ItCnt     Gap

*     0+    0                        14334.0000        0.0000           100.00%
      0     0    11953.2000    56    14334.0000    11953.2000      253   16.61%
      0     0    11953.2000    67    14334.0000      Cuts: 69      428   16.61%
      0     0    11953.2000    71    14334.0000      Cuts: 67      700   16.61%
*     0+    0                        12830.0000    11953.2000             6.83%
      0     2    11953.2000    35    12830.0000    11953.2000      700    6.83%
Elapsed time = 0.40 sec. (455.48 ticks, tree = 0.01 MB, solutions = 2)
*    40+   40                        12383.0000    11953.2000             3.47%
*    70+   64                        12357.0000    11953.2000             3.27%
*   132    92      integral     0    12229.0000    11953.2000     2427    2.26%
    280   213    11953.2000    32    12229.0000    11953.2000     4918    2.26%
    453   366    11953.2000    32    12229.0000    11953.2000     7334    2.26%
*   454+  312                        12043.0000    11953.2000             0.75%
    455   315    11953.2000    35    12043.0000    11953.2000     7859    0.75%

Performing restart 1

Repeating presolve.
Tried aggregator 1 time.
MIP Presolve eliminated 6 rows and 38 columns.
MIP Presolve modified 10579 coefficients.
Reduced MIP has 557 rows, 1172 columns, and 8329 nonzeros.
Reduced MIP has 1172 binaries, 0 generals, 0 SOSs, and 0 indicators.
Presolve time = 0.01 sec. (10.64 ticks)
Tried aggregator 1 time.
MIP Presolve modified 1 coefficients.
Reduced MIP has 557 rows, 1172 columns, and 8328 nonzeros.
Reduced MIP has 1172 binaries, 0 generals, 0 SOSs, and 0 indicators.
Presolve time = 0.01 sec. (5.38 ticks)
Represolve time = 0.04 sec. (34.50 ticks)
    564     0    11953.2000    70    12043.0000      Cuts: 37    12366    0.75%
    564     0    11953.2000   111    12043.0000      Cuts: 88    12671    0.75%
    564     0    11953.2000    53    12043.0000      Cuts: 27    12797    0.75%
    564     0    11953.2000    65    12043.0000      Cuts: 68    12959    0.75%
    564     0    11953.2000    45    12043.0000      Cuts: 16    13078    0.75%
    564     0    11953.2000    53    12043.0000      Cuts: 68    13208    0.75%
    564     0    11953.2000    29    12043.0000      Cuts: 38    13328    0.75%
    564     0    11953.2000    55    12043.0000      Cuts: 40    13463    0.75%
    564     2    11953.2000    14    12043.0000    11953.2000    13463    0.75%
    664    87    11983.0000    25    12043.0000    11953.2000    14616    0.75%
    805   175    11953.2000    22    12043.0000    11953.2000    16132    0.75%
    864   214    11983.0000    30    12043.0000    11953.2000    16833    0.75%
   1128   394    11953.2000    23    12043.0000    11953.2000    19601    0.75%
   1394   610    11996.0000    20    12043.0000    11953.6000    22132    0.74%
*  2682  1529      integral     0    12020.0000    11970.0000    34874    0.42%
   2715  1546    11970.0000    14    12020.0000    11970.0000    35117    0.42%
Elapsed time = 4.94 sec. (6212.53 ticks, tree = 1.10 MB, solutions = 7)
   3877  1971    11970.0000    12    12020.0000    11970.0000    48337    0.42%
   4736  2272    11996.0000    29    12020.0000    11970.0000    67415    0.42%
   5808  3048    11970.0000    15    12020.0000    11970.0000    85188    0.42%
   6606  3596    11970.0000    44    12020.0000    11970.0000   107529    0.42%
   7453  4090    infeasible          12020.0000    11970.0000   129167    0.42%
   7946  4413    11970.0000    28    12020.0000    11970.0000   150006    0.42%
   8505  4758    11970.0000    39    12020.0000    11970.0000   171801    0.42%
   9106  5166    11970.4316    88    12020.0000    11970.0000   186091    0.42%
   9544  5495    11996.0000    55    12020.0000    11970.0000   208157    0.42%
   9604  5537    11970.0000    38    12020.0000    11970.0000   214470    0.42%
Elapsed time = 14.28 sec. (17765.82 ticks, tree = 4.59 MB, solutions = 7)
   9937  5734    11996.0000    48    12020.0000    11970.0000   229383    0.42%
  10153  5816    11970.0000    48    12020.0000    11970.0000   252072    0.42%
  10413  5985    11970.0000    48    12020.0000    11970.0000   270551    0.42%
  10773  6301    11970.0000    59    12020.0000    11970.0000   285007    0.42%
* 10841     1      integral     0    11970.0000    11970.0000   289953    0.00%

GUB cover cuts applied:  4
Clique cuts applied:  4
Cover cuts applied:  357
Flow cuts applied:  2
Mixed integer rounding cuts applied:  4
Zero-half cuts applied:  4
Gomory fractional cuts applied:  1

Root node processing (before b&c):
  Real time             =    0.40 sec. (455.71 ticks)
Sequential b&c:
  Real time             =   16.98 sec. (21397.66 ticks)
                          ------------
Total (root+branch&cut) =   17.38 sec. (21853.38 ticks)
MIP: [1;32mCPLEX finished.[0m
MIP: [1;32mCPLEX status: Optimal[0m
CAN: [1;35mItem: 0, Level: 0, at bin: 1[0m
CAN: [1;35mItem: 1, Level: 0, at bin: 20[0m
CAN: [1;35mItem: 2, Level: 0, at bin: 24[0m
CAN: [1;35mItem: 3, Level: 0, at bin: 9[0m
CAN: [1;35mItem: 4, Level: 0, at bin: 22[0m
CAN: [1;35mItem: 5, Level: 0, at bin: 26[0m
CAN: [1;35mItem: 6, Level: 0, at bin: 18[0m
CAN: [1;35mItem: 7, Level: 0, at bin: 17[0m
CAN: [1;35mItem: 8, Level: 0, at bin: 16[0m
CAN: [1;35mItem: 9, Level: 0, at bin: 1[0m
CAN: [1;35mItem: 10, Level: 0, at bin: 6[0m
CAN: [1;35mItem: 11, Level: 0, at bin: 15[0m
CAN: [1;35mItem: 12, Level: 0, at bin: 2[0m
CAN: [1;35mItem: 13, Level: 0, at bin: 15[0m
CAN: [1;35mItem: 14, Level: 0, at bin: 10[0m
CAN: [1;35mItem: 15, Level: 0, at bin: 10[0m
CAN: [1;35mItem: 16, Level: 0, at bin: 4[0m
CAN: [1;35mItem: 17, Level: 0, at bin: 13[0m
CAN: [1;35mItem: 18, Level: 0, at bin: 2[0m
CAN: [1;35mItem: 19, Level: 0, at bin: 27[0m
CAN: [1;35mItem: 20, Level: 0, at bin: 19[0m
CAN: [1;35mItem: 21, Level: 0, at bin: 22[0m
CAN: [1;35mItem: 22, Level: 0, at bin: 27[0m
CAN: [1;35mItem: 23, Level: 0, at bin: 26[0m
CAN: [1;35mItem: 24, Level: 0, at bin: 3[0m
CAN: [1;35mItem: 25, Level: 0, at bin: 0[0m
CAN: [1;35mItem: 26, Level: 0, at bin: 17[0m
CAN: [1;35mItem: 27, Level: 0, at bin: 4[0m
CAN: [1;35mItem: 28, Level: 0, at bin: 15[0m
CAN: [1;35mItem: 29, Level: 0, at bin: 10[0m
CAN: [1;35mItem: 30, Level: 0, at bin: 5[0m
CAN: [1;35mItem: 31, Level: 0, at bin: 9[0m
CAN: [1;35mItem: 32, Level: 0, at bin: 12[0m
CAN: [1;35mItem: 33, Level: 0, at bin: 6[0m
CAN: [1;35mItem: 34, Level: 0, at bin: 3[0m
CAN: [1;35mItem: 35, Level: 0, at bin: 24[0m
CAN: [1;35mItem: 36, Level: 0, at bin: 18[0m
CAN: [1;35mItem: 37, Level: 0, at bin: 0[0m
CAN: [1;35mItem: 38, Level: 0, at bin: 1[0m
CAN: [1;35mItem: 39, Level: 0, at bin: 19[0m
CAN: [1;35mItem: 40, Level: 0, at bin: 16[0m
CAN: [1;35mItem: 41, Level: 0, at bin: 17[0m
CAN: [1;35mItem: 42, Level: 0, at bin: 20[0m
CAN: [1;35mItem: 43, Level: 0, at bin: 23[0m
CAN: [1;35mItem: 44, Level: 0, at bin: 4[0m
CAN: [1;35mItem: 45, Level: 0, at bin: 9[0m
CAN: [1;35mItem: 46, Level: 0, at bin: 16[0m
CAN: [1;35mItem: 47, Level: 0, at bin: 5[0m
CAN: [1;35mItem: 48, Level: 0, at bin: 27[0m
CAN: [1;35mItem: 49, Level: 0, at bin: 12[0m
MIP: [1;32mSolution: 
Indexes: [1, 20, 24, 9, 22, 26, 18, 17, 16, 1, 6, 15, 2, 15, 10, 10, 4, 13, 2, 27, 19, 22, 27, 26, 3, 0, 17, 4, 15, 10, 5, 9, 12, 6, 3, 24, 18, 0, 1, 19, 16, 17, 20, 23, 4, 9, 16, 5, 27, 12], P Variables: [1][20][24][9][22][26][18][17][16][1][6][15][2][15][10][10][4][13][2][27][19][22][27][26][3][0][17][4][15][10][5][9][12][6][3][24][18][0][1][19][16][17][20][23][4][9][16][5][27][12], Flow leaving each bin: [0m
MIP: [1;32mObjective value: 11970[0m
MIP: [1;32mLower Bound: 11970[0m
MIP: [1;32mBranch-and-Bound nodes: 10842[0m

# best solution:
best objective value:	11970
best dual bound value:	11970
optimality gap:	0%
CPU time:	17.1831
