ifile	/scratch/csagturk/mlbppo_inst/n0010_m03_p050__046.inst
prob	NFMLBPPO
threads	1
ttime	900
instance: /scratch/csagturk/mlbppo_inst/n0010_m03_p050__046.inst
	m=3, n=[10, 9, 10, 7], #pos=5
MIP: [1;32minit CPLEX[0m
CAN: [1;35mcreated 250 x_{ijk} variables[0m
CAN: [1;35mcreated 36 y_{ij} variables[0m
CAN: [1;35mcreated 360 f_{ijkh} variables[0m
MIP: [1;32mcreated decision variables[0m
CAN: [1;35madded 10 constraints to enforce the packing of each item[0m
CAN: [1;35madded 19 constraints to enforce the packing of each item[0m
CAN: [1;35madded 26 capacity constraints[0m
MIP: [1;32mcreated constraints[0m
MIP: [1;32mcreated objective function[0m
MIP: [1;32mcalling CPLEX solve ...[0m
Version identifier: 22.1.0.0 | 2022-03-09 | 1a383f8ce
CPXPARAM_Threads                                 1
CPXPARAM_TimeLimit                               900
Tried aggregator 2 times.
MIP Presolve eliminated 432 rows and 473 columns.
MIP Presolve modified 203 coefficients.
Aggregator did 103 substitutions.
Reduced MIP has 2501 rows, 2460 columns, and 8566 nonzeros.
Reduced MIP has 2403 binaries, 0 generals, 0 SOSs, and 21 indicators.
Presolve time = 0.01 sec. (12.09 ticks)
Found incumbent of value 17275.000000 after 0.03 sec. (24.05 ticks)
Probing fixed 65 vars, tightened 38 bounds.
Probing changed sense of 96 constraints.
Probing time = 0.07 sec. (72.88 ticks)
Tried aggregator 1 time.
MIP Presolve eliminated 273 rows and 275 columns.
Reduced MIP has 2228 rows, 2185 columns, and 7809 nonzeros.
Reduced MIP has 2185 binaries, 0 generals, 0 SOSs, and 0 indicators.
Presolve time = 0.01 sec. (7.61 ticks)
Probing time = 0.00 sec. (3.39 ticks)
Tried aggregator 1 time.
Detecting symmetries...
Reduced MIP has 2228 rows, 2185 columns, and 7809 nonzeros.
Reduced MIP has 2185 binaries, 0 generals, 0 SOSs, and 0 indicators.
Presolve time = 0.01 sec. (6.23 ticks)
Probing time = 0.00 sec. (3.40 ticks)
Clique table members: 5731.
MIP emphasis: balance optimality and feasibility.
MIP search method: dynamic search.
Parallel mode: none, using 1 thread.
Root relaxation solution time = 0.02 sec. (19.52 ticks)

        Nodes                                         Cuts/
   Node  Left     Objective  IInf  Best Integer    Best Bound    ItCnt     Gap

*     0+    0                        17275.0000        0.0000           100.00%
      0     0     6871.4612   103    17275.0000     6871.4612      724   60.22%
*     0+    0                         9715.0000     6871.4612            29.27%
      0     0     7048.3035   130     9715.0000      Cuts: 93     1649   27.45%
      0     0     7113.2598   168     9715.0000      Cuts: 49     2842   26.78%
      0     0     7210.8061   131     9715.0000      Cuts: 19     3380   25.78%
*     0+    0                         8954.0000     7210.8061            19.47%
      0     0     7233.1223   131     8954.0000      Cuts: 28     3773   19.22%
      0     0     7249.1293   131     8954.0000      Cuts: 22     3996   19.04%
Detecting symmetries...
      0     0     7258.0960   161     8954.0000      Cuts: 13     4418   18.94%
      0     0     7267.1953   105     8954.0000      Cuts: 16     4728   18.84%
      0     0     7269.0161    98     8954.0000       Cuts: 9     5490   18.82%
      0     0     7269.9614   112     8954.0000      Cuts: 11     5712   18.81%
      0     0     7271.0532   114     8954.0000      Cuts: 14     5920   18.80%
      0     0     7271.5054   164     8954.0000      Cuts: 10     6041   18.79%
      0     0     7273.0421   149     8954.0000       Cuts: 8     6150   18.77%
      0     0     7281.9466   154     8954.0000       Cuts: 4     6411   18.67%
      0     0     7294.0621   123     8954.0000      Cuts: 23     6841   18.54%
      0     0     7297.2811   140     8954.0000      Cuts: 19     7000   18.50%
      0     0     7298.5721   136     8954.0000  ZeroHalf: 19     7179   18.49%
      0     0     7298.5721   137     8954.0000   ZeroHalf: 7     7272   18.49%
*     0+    0                         7599.0000     7298.5721             3.95%
      0     0  -1.00000e+75     0     7599.0000     7298.5721     7272    3.95%
Detecting symmetries...
      0     2     7298.5721   137     7599.0000     7298.5721     7272    3.95%
Elapsed time = 1.18 sec. (1275.81 ticks, tree = 0.01 MB, solutions = 4)
     10    12     7330.4770    89     7599.0000     7300.8704    11499    3.92%
     31    23     7320.1220   121     7599.0000     7301.5164    14670    3.91%
     79    52     7319.1266   158     7599.0000     7302.4707    20800    3.90%
    129    86     7336.9757   142     7599.0000     7302.6676    26593    3.90%
    180   117     7366.2402   115     7599.0000     7304.4485    32854    3.88%
    243   161     7320.6282   139     7599.0000     7305.9086    38788    3.86%
    290   188     7445.4088   104     7599.0000     7309.4243    44821    3.81%
*   310+  183                         7539.0000     7309.9106             3.04%
    322   186     7369.5849   111     7539.0000     7314.0082    50285    2.98%
    370   217     7511.9496   133     7539.0000     7316.1766    56471    2.96%
    580   306     7450.8249   144     7539.0000     7336.9757    79341    2.68%
Elapsed time = 3.66 sec. (4484.60 ticks, tree = 0.49 MB, solutions = 5)
    769   349     7533.4899   112     7539.0000     7364.7287   100079    2.31%
    877   334     7402.1223   101     7539.0000     7383.7020   112101    2.06%
   1027   280        cutoff           7539.0000     7415.8252   125025    1.63%
   1427   126        cutoff           7539.0000     7478.3768   141041    0.80%

Clique cuts applied:  8
Cover cuts applied:  45
Flow cuts applied:  1
Mixed integer rounding cuts applied:  20
Zero-half cuts applied:  30
Gomory fractional cuts applied:  1

Root node processing (before b&c):
  Real time             =    1.16 sec. (1254.03 ticks)
Sequential b&c:
  Real time             =    6.52 sec. (7420.03 ticks)
                          ------------
Total (root+branch&cut) =    7.68 sec. (8674.06 ticks)
MIP: [1;32mCPLEX finished.[0m
MIP: [1;32mCPLEX status: Optimal[0m
MIP: [1;32mSolution: 
Indexes: [5, 5, 3, 4, 7, 0, 4, 7, 6, 0][4, -1, -1, 6, 1, 1, 6, 8, -1][-1, 3, -1, -1, 3, -1, 0, -1, 0, -1], P Variables: [0, 0, 0][0, 0, 0][0, 0, 0][0, 0, 0][0, 0, 0][0, 0, 0][0, 0, 0][0, 0, 0][0, 0, 0][0, 0, 0], Flow leaving each bin: Level: 0, Item: 0 => [0]
Level: 0, Item: 1 => [1]
Level: 0, Item: 2 => [2]
Level: 0, Item: 3 => [3]
Level: 0, Item: 4 => [4]
Level: 0, Item: 5 => [5]
Level: 0, Item: 6 => [6]
Level: 0, Item: 7 => [7]
Level: 0, Item: 8 => [8]
Level: 0, Item: 9 => [9]
Level: 1, Bin: 0 => [5, 9]
Level: 1, Bin: 3 => [2]
Level: 1, Bin: 4 => [3, 6]
Level: 1, Bin: 5 => [0, 1]
Level: 1, Bin: 6 => [8]
Level: 1, Bin: 7 => [4, 7]
Level: 2, Bin: 1 => [0, 1, 3, 6]
Level: 2, Bin: 4 => [5, 9]
Level: 2, Bin: 6 => [2, 8]
Level: 2, Bin: 8 => [4, 7]
Level: 3, Bin: 0 => [2, 4, 7, 8]
Level: 3, Bin: 3 => [0, 1, 3, 5, 6, 9]
[0m
MIP: [1;32mObjective value: 7539[0m
MIP: [1;32mLower Bound: 7539[0m
MIP: [1;32mBranch-and-Bound nodes: 1595[0m

# best solution:
best objective value:	7539
best dual bound value:	7539
optimality gap:	0%
CPU time:	7.65813
