ifile	/scratch/csagturk/mlbppo_inst/n0010_m03_p200__066.inst
prob	NFMLBPPO
threads	1
ttime	900
instance: /scratch/csagturk/mlbppo_inst/n0010_m03_p200__066.inst
	m=3, n=[10, 10, 10, 12], #pos=20
MIP: [1;32minit CPLEX[0m
CAN: [1;35mcreated 320 x_{ijk} variables[0m
CAN: [1;35mcreated 42 y_{ij} variables[0m
CAN: [1;35mcreated 420 f_{ijkh} variables[0m
MIP: [1;32mcreated decision variables[0m
CAN: [1;35madded 10 constraints to enforce the packing of each item[0m
CAN: [1;35madded 20 constraints to enforce the packing of each item[0m
CAN: [1;35madded 32 capacity constraints[0m
MIP: [1;32mcreated constraints[0m
MIP: [1;32mcreated objective function[0m
MIP: [1;32mcalling CPLEX solve ...[0m
Version identifier: 22.1.0.0 | 2022-03-09 | 1a383f8ce
CPXPARAM_Threads                                 1
CPXPARAM_TimeLimit                               900
Tried aggregator 2 times.
MIP Presolve eliminated 831 rows and 858 columns.
MIP Presolve modified 540 coefficients.
Aggregator did 82 substitutions.
Reduced MIP has 3093 rows, 2932 columns, and 12050 nonzeros.
Reduced MIP has 2872 binaries, 0 generals, 0 SOSs, and 29 indicators.
Presolve time = 0.02 sec. (16.41 ticks)
Found incumbent of value 19879.000000 after 0.05 sec. (39.11 ticks)
Probing fixed 138 vars, tightened 40 bounds.
Probing changed sense of 104 constraints.
Probing time = 0.11 sec. (115.62 ticks)
Tried aggregator 2 times.
MIP Presolve eliminated 370 rows and 363 columns.
Aggregator did 2 substitutions.
Reduced MIP has 2721 rows, 2567 columns, and 10825 nonzeros.
Reduced MIP has 2567 binaries, 0 generals, 0 SOSs, and 0 indicators.
Presolve time = 0.01 sec. (14.66 ticks)
Probing time = 0.00 sec. (3.50 ticks)
Tried aggregator 1 time.
Detecting symmetries...
Reduced MIP has 2721 rows, 2567 columns, and 10825 nonzeros.
Reduced MIP has 2567 binaries, 0 generals, 0 SOSs, and 0 indicators.
Presolve time = 0.01 sec. (8.48 ticks)
Probing time = 0.00 sec. (3.50 ticks)
Clique table members: 7566.
MIP emphasis: balance optimality and feasibility.
MIP search method: dynamic search.
Parallel mode: none, using 1 thread.
Root relaxation solution time = 0.02 sec. (21.56 ticks)

        Nodes                                         Cuts/
   Node  Left     Objective  IInf  Best Integer    Best Bound    ItCnt     Gap

*     0+    0                        19879.0000        0.0000           100.00%
      0     0     6262.2539    76    19879.0000     6262.2539      706   68.50%
      0     0     6469.9946   123    19879.0000      Cuts: 56     1806   67.45%
      0     0     6536.6072   154    19879.0000      Cuts: 34     2964   67.12%
      0     0     6594.0206   140    19879.0000      Cuts: 29     3652   66.83%
*     0+    0                        11364.0000     6594.0206            41.97%
*     0+    0                         9758.0000     6594.0206            32.42%
*     0+    0                         9229.0000     6594.0206            28.55%
      0     0     6661.1226   123     9229.0000      Cuts: 28     4339   27.82%
      0     0     6666.9628   133     9229.0000      Cuts: 37     4818   27.76%
Detecting symmetries...
      0     0     6668.0827   158     9229.0000      Cuts: 12     5139   27.75%
      0     0     6682.0817   127     9229.0000      Cuts: 16     5413   27.60%
      0     0     6713.6697   146     9229.0000      Cuts: 32     5956   27.25%
      0     0     6727.0267   124     9229.0000      Cuts: 22     6110   27.11%
      0     0     6729.8319   132     9229.0000      Cuts: 17     6162   27.08%
      0     0     6737.0657   135     9229.0000      Cuts: 17     6398   27.00%
      0     0     6741.4253   150     9229.0000       Cuts: 9     6506   26.95%
      0     0     6742.1106   154     9229.0000      Cuts: 23     6622   26.95%
      0     0     6746.3164   142     9229.0000       Cuts: 9     6854   26.90%
      0     0     6749.7264   136     9229.0000      Cuts: 10     7003   26.86%
      0     0     6749.7264   137     9229.0000       Cuts: 3     7054   26.86%
*     0+    0                         8452.0000     6749.7264            20.14%
      0     0  -1.00000e+75     0     8452.0000     6749.7264     7054   20.14%
Detecting symmetries...
      0     2     6749.7264   137     8452.0000     6750.2463     7054   20.13%
Elapsed time = 1.42 sec. (1599.70 ticks, tree = 0.01 MB, solutions = 5)
     14    16     6884.3851   114     8452.0000     6777.9073    11725   19.81%
     40    36     6856.3210   136     8452.0000     6786.4056    16620   19.71%
     56    50        cutoff           8452.0000     6786.4056    21681   19.71%
*    73    60      integral     0     8141.0000     6786.4056    23633   16.64%
     77    62     6945.5524   101     8141.0000     6786.4056    25043   16.64%
     90    75     7788.0000    16     8141.0000     6786.4056    28644   16.64%
*    95    77      integral     0     7975.0000     6786.4056    28894   14.90%
    124    96     6925.0512   114     7975.0000     6796.2239    34352   14.78%
    150   116     6945.9978   104     7975.0000     6796.2239    39828   14.78%
    166   132     7761.7500   118     7975.0000     6796.2239    45031   14.78%
    204   160     7173.1719   114     7975.0000     6800.8873    50644   14.72%
    320   240     6894.6928   122     7975.0000     6822.0274    71702   14.46%
Elapsed time = 3.93 sec. (4857.86 ticks, tree = 0.90 MB, solutions = 7)
    366   275     6857.8711   176     7975.0000     6824.0932    84893   14.43%
    431   329     7882.6250    71     7975.0000     6826.4097   101881   14.40%
    511   382     7352.5346    97     7975.0000     6831.9559   121558   14.33%
    561   424     7595.1793    85     7975.0000     6839.4760   134261   14.24%
    666   511     7928.9179    48     7975.0000     6844.4052   154603   14.18%
    751   584     7275.0189   133     7975.0000     6847.6474   174051   14.14%
    800   621     6944.4620   104     7975.0000     6851.2223   188220   14.09%
    878   677     6975.8495   154     7975.0000     6863.8879   205461   13.93%
*   888   672      integral     0     7905.0000     6863.8879   210679   13.17%
    932   702     6988.0945   126     7905.0000     6876.9794   216564   13.00%

Performing restart 1

Repeating presolve.
Tried aggregator 2 times.
MIP Presolve modified 594 coefficients.
Aggregator did 4 substitutions.
Reduced MIP has 2717 rows, 2563 columns, and 10788 nonzeros.
Reduced MIP has 2563 binaries, 0 generals, 0 SOSs, and 0 indicators.
Presolve time = 0.02 sec. (15.79 ticks)
Tried aggregator 1 time.
MIP Presolve modified 114 coefficients.
Reduced MIP has 2717 rows, 2563 columns, and 10788 nonzeros.
Reduced MIP has 2563 binaries, 0 generals, 0 SOSs, and 0 indicators.
Presolve time = 0.01 sec. (11.28 ticks)
Represolve time = 0.14 sec. (137.56 ticks)
    998     0     6745.4154   174     7905.0000      Cuts: 19   230335   12.92%
    998     0     6745.4154   180     7905.0000      Cuts: 35   230515   12.92%
    998     0     6753.9718   176     7905.0000      Cuts: 38   230682   12.92%
    998     0     6762.8762   166     7905.0000      Cuts: 36   230902   12.92%
    998     0     6762.8762   198     7905.0000      Cuts: 39   231261   12.92%
*   998+    0                         7892.0000     6883.7274            12.78%
    998     0     6762.8762   185     7892.0000      Cuts: 10   231551   12.78%
    998     0     6765.1387   200     7892.0000      Cuts: 37   232254   12.78%
    998     0     6768.7921   140     7892.0000       Cuts: 5   232572   12.78%
    998     0     6769.0534   170     7892.0000      Cuts: 25   232974   12.78%
    998     2     6769.0534   169     7892.0000     6883.7274   232974   12.78%
Elapsed time = 15.10 sec. (18349.89 ticks, tree = 0.01 MB, solutions = 9)
    999     3     6786.5472   119     7892.0000     6883.7274   233805   12.78%
   1001     5     6930.1111   116     7892.0000     6883.7274   235765   12.78%
   1006    10     6856.8807    98     7892.0000     6883.7274   240239   12.78%
   1014    18     6965.7069    63     7892.0000     6883.7274   242521   12.78%
   1024    28     7226.2000    63     7892.0000     6883.7274   244326   12.78%
   1042    39     6791.6376   144     7892.0000     6883.7274   245964   12.78%
   1052    49     7075.1970   143     7892.0000     6883.7274   248802   12.78%
   1063    59     7731.8920   135     7892.0000     6883.7274   251290   12.78%
   1068    62     6941.1376   116     7892.0000     6883.7274   254206   12.78%
   1083    77     7218.6667   105     7892.0000     6883.7274   258411   12.78%
Elapsed time = 23.44 sec. (29658.79 ticks, tree = 0.40 MB, solutions = 9)
   1137   116     6971.3250   127     7892.0000     6883.7274   261999   12.78%
   1152   127     7755.5417   141     7892.0000     6883.7274   266186   12.78%
   1168   137     7297.3716   118     7892.0000     6883.7274   270159   12.78%
   1207   161     7393.4470   112     7892.0000     6883.7274   275866   12.78%
   1230   173     7304.8819   141     7892.0000     6883.7274   280859   12.78%
   1293   214     7246.3667   118     7892.0000     6883.7274   290708   12.78%
   1327   238     7190.4056   134     7892.0000     6883.7274   297233   12.78%
   1370   270     7452.3333    77     7892.0000     6883.7274   306457   12.78%
   1436   318     7416.6405   136     7892.0000     6883.7274   312075   12.78%
   1497   365     7243.0000    79     7892.0000     6892.6078   318030   12.66%
Elapsed time = 31.01 sec. (39394.13 ticks, tree = 0.79 MB, solutions = 9)
   1536   397     7615.3333   145     7892.0000     6892.6078   321545   12.66%
   1631   466     7356.9000   103     7892.0000     6929.8532   330892   12.19%
   1685   515     7164.3724    97     7892.0000     6933.3029   339256   12.15%
   1726   545     7170.1728   142     7892.0000     6945.2657   346532   12.00%
   1799   599     7403.8300    85     7892.0000     6953.8485   356799   11.89%
   1874   665     7332.4419   134     7892.0000     6956.0138   368812   11.86%
   1966   729     7512.3448   134     7892.0000     6970.8690   377416   11.67%
   2044   789     7287.8065   132     7892.0000     6977.8372   388387   11.58%
   2107   838     7121.3184   160     7892.0000     6987.2232   399718   11.46%
   2135   858     7504.0401   135     7892.0000     6998.6763   408613   11.32%
Elapsed time = 39.85 sec. (49446.14 ticks, tree = 1.59 MB, solutions = 9)
   2195   908     7642.5893   126     7892.0000     7003.7600   418144   11.25%
   2255   955     7446.9881   153     7892.0000     7005.0000   426682   11.24%
   2297   981     7012.0000   106     7892.0000     7007.4014   437101   11.21%
   2399  1058     7061.8068   164     7892.0000     7013.0000   446319   11.14%
   2468  1112     7161.3904   104     7892.0000     7015.3806   454396   11.11%
   2517  1152     7670.3333    84     7892.0000     7015.6662   464104   11.10%
   2598  1206     7077.4545    94     7892.0000     7019.0000   473210   11.06%
   2714  1297     7396.5013   119     7892.0000     7023.6667   483896   11.00%
   2840  1393     7288.5556    61     7892.0000     7033.0000   494798   10.88%
   2932  1455     7652.9910   117     7892.0000     7036.8667   504030   10.84%
Elapsed time = 48.42 sec. (59256.27 ticks, tree = 2.69 MB, solutions = 9)
   3023  1526     7688.0000    75     7892.0000     7040.0000   515082   10.80%
   3160  1634     7200.6227   149     7892.0000     7044.2000   526389   10.74%
   3293  1732     7673.6667    70     7892.0000     7047.0000   535423   10.71%
   3385  1803     7487.6822   126     7892.0000     7053.3333   545947   10.63%
   3508  1889     7481.1667    89     7892.0000     7066.0536   557734   10.47%
   3615  1973     7425.6429   135     7892.0000     7070.3284   571045   10.41%
   3682  2031     7703.2444    53     7892.0000     7070.7273   583864   10.41%
   3759  2075     7149.9669   131     7892.0000     7074.7606   592878   10.36%
   3861  2152     7329.3319   147     7892.0000     7077.4909   603904   10.32%
   3923  2195     7544.0406   105     7892.0000     7081.7383   614271   10.27%
Elapsed time = 57.70 sec. (69088.98 ticks, tree = 4.06 MB, solutions = 9)
   3965  2217     7426.9391   117     7892.0000     7083.4667   626219   10.24%
   4032  2265     7110.6220   170     7892.0000     7084.6306   634955   10.23%
   4082  2304     7472.0597   140     7892.0000     7086.9000   647472   10.20%
   4155  2356     7460.0000    89     7892.0000     7087.6842   661526   10.19%
   4207  2383     7356.8000   147     7892.0000     7088.8989   669667   10.18%
   4298  2449     7597.1250    79     7892.0000     7091.0000   682547   10.15%
   4362  2490     7182.4561   120     7892.0000     7092.1475   693332   10.13%
   4447  2551     7466.8333    98     7892.0000     7093.5714   706014   10.12%
   4567  2630     7467.4000   120     7892.0000     7095.2273   716678   10.10%
   4651  2672     7337.7290   132     7892.0000     7098.0000   729131   10.06%
Elapsed time = 67.02 sec. (78957.31 ticks, tree = 4.91 MB, solutions = 9)
   4760  2738     7350.6566    99     7892.0000     7100.1172   740579   10.03%
   4822  2769     7839.4923    65     7892.0000     7102.9165   752974   10.00%
   4921  2829     7784.4103   124     7892.0000     7105.9088   765639    9.96%
   4979  2870     7647.4361    94     7892.0000     7106.8213   777394    9.95%
   5078  2935     7153.7097   102     7892.0000     7111.3750   785862    9.89%
   5192  3004     7565.9487   139     7892.0000     7115.0390   799694    9.84%
   5272  3055     7585.5000   104     7892.0000     7116.0000   808570    9.83%
   5336  3089     7587.1250    75     7892.0000     7117.2266   820523    9.82%
   5426  3153     7813.2000    74     7892.0000     7119.0000   830511    9.79%
   5507  3202     7145.0338   159     7892.0000     7120.3744   840239    9.78%
Elapsed time = 76.40 sec. (88647.55 ticks, tree = 5.87 MB, solutions = 9)
   5562  3233     7720.6667    43     7892.0000     7121.9375   850903    9.76%
   5651  3296     7533.4667   130     7892.0000     7123.5105   861754    9.74%
   5709  3326     7297.8750    67     7892.0000     7127.0130   870661    9.69%
   5768  3349     7591.0476   102     7892.0000     7131.1690   882728    9.64%
*  5778+ 3204                         7822.0000     7131.1690             8.83%
   5848  3230     7484.4798   142     7822.0000     7135.7664   894885    8.77%
   5953  3287     7720.0000    59     7822.0000     7139.0500   906301    8.73%
   6037  3318     7392.2308   111     7822.0000     7142.0197   919952    8.69%
   6149  3406     7248.8048   147     7822.0000     7144.7857   930968    8.66%
   6239  3464     7476.0625   122     7822.0000     7147.9825   942823    8.62%
*  6378+ 3448                         7795.0000     7154.6667             8.21%
   6622  3594     7211.5857   188     7795.0000     7160.5570   984403    8.14%
Elapsed time = 88.77 sec. (101293.26 ticks, tree = 6.55 MB, solutions = 11)
   6933  3802     7620.5152   159     7795.0000     7167.4577  1029718    8.05%
   7238  3989     7483.3998   124     7795.0000     7177.0000  1076484    7.93%
   7529  4154     7468.7369   194     7795.0000     7188.8500  1115608    7.78%
   7762  4242        cutoff           7795.0000     7197.3062  1161982    7.67%
   8072  4417     7505.6146    86     7795.0000     7203.8095  1204903    7.58%
   8410  4572     7590.7203   111     7795.0000     7211.7115  1251380    7.48%
*  8478  2787      integral     0     7569.0000     7213.3272  1259598    4.70%
*  8491  1522      integral     0     7448.0000     7214.4800  1263052    3.14%
   8651  1498     7283.6000   105     7448.0000     7225.6082  1285659    2.99%
   8996  1564     7290.0417   114     7448.0000     7244.5625  1324032    2.73%
   9268  1550     7432.5636   115     7448.0000     7260.0156  1359460    2.52%
   9569  1521     7366.2836   123     7448.0000     7277.3323  1398729    2.29%
Elapsed time = 126.95 sec. (139622.12 ticks, tree = 3.01 MB, solutions = 13)
   9986  1341     7372.2009   120     7448.0000     7309.0105  1441730    1.87%
  10247  1286     7379.2043   115     7448.0000     7324.0000  1474355    1.66%
  10623  1137     7415.0000    96     7448.0000     7344.5455  1513493    1.39%
  11133   901        cutoff           7448.0000     7369.7250  1548956    1.05%
  11877   289        cutoff           7448.0000     7421.9274  1585389    0.35%

Clique cuts applied:  1
Cover cuts applied:  78
Flow cuts applied:  3
Mixed integer rounding cuts applied:  15
Zero-half cuts applied:  16
Lift and project cuts applied:  6
Gomory fractional cuts applied:  2

Root node processing (before b&c):
  Real time             =    1.40 sec. (1575.89 ticks)
Sequential b&c:
  Real time             =  146.24 sec. (158137.67 ticks)
                          ------------
Total (root+branch&cut) =  147.64 sec. (159713.56 ticks)
MIP: [1;32mCPLEX finished.[0m
MIP: [1;32mCPLEX status: Optimal[0m
MIP: [1;32mSolution: 
Indexes: [9, 0, 7, 8, 3, 8, 9, 4, 7, 3][6, -1, -1, 9, 6, -1, -1, 9, 6, 3][-1, -1, -1, 11, -1, -1, 8, -1, -1, 11], P Variables: [0, 0, 0][0, 0, 0][0, 0, 0][0, 0, 0][0, 0, 0][0, 0, 0][0, 0, 0][0, 0, 0][0, 0, 0][0, 0, 0], Flow leaving each bin: Level: 0, Item: 0 => [0]
Level: 0, Item: 1 => [1]
Level: 0, Item: 2 => [2]
Level: 0, Item: 3 => [3]
Level: 0, Item: 4 => [4]
Level: 0, Item: 5 => [5]
Level: 0, Item: 6 => [6]
Level: 0, Item: 7 => [7]
Level: 0, Item: 8 => [8]
Level: 0, Item: 9 => [9]
Level: 1, Bin: 0 => [1]
Level: 1, Bin: 3 => [4, 9]
Level: 1, Bin: 4 => [7]
Level: 1, Bin: 7 => [2, 8]
Level: 1, Bin: 8 => [3, 5]
Level: 1, Bin: 9 => [0, 6]
Level: 2, Bin: 3 => [0, 6]
Level: 2, Bin: 6 => [1, 3, 5, 7]
Level: 2, Bin: 9 => [2, 4, 8, 9]
Level: 3, Bin: 8 => [1, 3, 5, 7]
Level: 3, Bin: 11 => [0, 2, 4, 6, 8, 9]
[0m
MIP: [1;32mObjective value: 7448[0m
MIP: [1;32mLower Bound: 7448[0m
MIP: [1;32mBranch-and-Bound nodes: 12177[0m

# best solution:
best objective value:	7448
best dual bound value:	7448
optimality gap:	0%
CPU time:	147.139
