ifile	/scratch/csagturk/mlbppo_inst/n0010_m05_p050__074.inst
prob	NFMLBPPO
threads	1
ttime	900
instance: /scratch/csagturk/mlbppo_inst/n0010_m05_p050__074.inst
	m=5, n=[10, 10, 11, 11, 11, 9], #pos=5
MIP: [1;32minit CPLEX[0m
CAN: [1;35mcreated 551 x_{ijk} variables[0m
CAN: [1;35mcreated 62 y_{ij} variables[0m
CAN: [1;35mcreated 620 f_{ijkh} variables[0m
MIP: [1;32mcreated decision variables[0m
CAN: [1;35madded 10 constraints to enforce the packing of each item[0m
CAN: [1;35madded 43 constraints to enforce the packing of each item[0m
CAN: [1;35madded 52 capacity constraints[0m
MIP: [1;32mcreated constraints[0m
MIP: [1;32mcreated objective function[0m
MIP: [1;32mcalling CPLEX solve ...[0m
Version identifier: 22.1.0.0 | 2022-03-09 | 1a383f8ce
CPXPARAM_Threads                                 1
CPXPARAM_TimeLimit                               900
Tried aggregator 2 times.
MIP Presolve eliminated 1760 rows and 1936 columns.
MIP Presolve modified 275 coefficients.
Aggregator did 182 substitutions.
Reduced MIP has 4641 rows, 4515 columns, and 16362 nonzeros.
Reduced MIP has 4387 binaries, 0 generals, 0 SOSs, and 52 indicators.
Presolve time = 0.02 sec. (22.92 ticks)
Found incumbent of value 49757.000000 after 0.06 sec. (58.90 ticks)
Probing fixed 261 vars, tightened 84 bounds.
Probing changed sense of 114 constraints.
Probing time = 0.12 sec. (128.45 ticks)
Tried aggregator 1 time.
MIP Presolve eliminated 628 rows and 631 columns.
Reduced MIP has 4013 rows, 3884 columns, and 14373 nonzeros.
Reduced MIP has 3884 binaries, 0 generals, 0 SOSs, and 0 indicators.
Presolve time = 0.01 sec. (13.63 ticks)
Probing time = 0.00 sec. (3.79 ticks)
Tried aggregator 1 time.
Detecting symmetries...
Reduced MIP has 4013 rows, 3884 columns, and 14373 nonzeros.
Reduced MIP has 3884 binaries, 0 generals, 0 SOSs, and 0 indicators.
Presolve time = 0.01 sec. (11.08 ticks)
Probing time = 0.00 sec. (3.79 ticks)
Clique table members: 10532.
MIP emphasis: balance optimality and feasibility.
MIP search method: dynamic search.
Parallel mode: none, using 1 thread.
Root relaxation solution time = 0.04 sec. (50.00 ticks)

        Nodes                                         Cuts/
   Node  Left     Objective  IInf  Best Integer    Best Bound    ItCnt     Gap

*     0+    0                        49757.0000        0.0000           100.00%
      0     0     8687.1872   159    49757.0000     8687.1872     1618   82.54%
      0     0     9491.3239   178    49757.0000     Cuts: 102     3331   80.92%
      0     0     9623.1977   246    49757.0000      Cuts: 62     4565   80.66%
      0     0     9703.7592   286    49757.0000      Cuts: 26     6107   80.50%
*     0+    0                        15233.0000     9703.7592            36.30%
*     0+    0                        14862.0000     9703.7592            34.71%
*     0+    0                        13275.0000     9703.7592            26.90%
      0     0  -1.00000e+75     0    13275.0000     9703.7592     6107   26.90%
      0     0     9761.0826   274    13275.0000      Cuts: 23     7844   26.47%
      0     0     9812.5181   271    13275.0000      Cuts: 21     8907   26.08%
Detecting symmetries...
      0     0     9891.2698   252    13275.0000      Cuts: 13    11301   25.49%
      0     0     9930.3752   285    13275.0000      Cuts: 29    12891   25.19%
      0     0     9955.3571   279    13275.0000      Cuts: 15    13583   25.01%
      0     0     9980.1328   281    13275.0000      Cuts: 13    14673   24.82%
      0     0     9992.1191   258    13275.0000      Cuts: 14    15605   24.73%
      0     0     9992.4645   235    13275.0000       Cuts: 3    15734   24.73%
      0     0     9995.6957   180    13275.0000      Cuts: 10    15960   24.70%
      0     0     9999.5617   269    13275.0000      Cuts: 14    16340   24.67%
      0     0     9999.5617   273    13275.0000       Cuts: 6    16551   24.67%
      0     0    10003.9150   249    13275.0000    MIRcuts: 2    16677   24.64%
      0     0    10003.9150   256    13275.0000       Cuts: 9    16983   24.64%
*     0+    0                        13181.0000    10003.9150            24.10%
*     0+    0                        13163.0000    10003.9150            24.00%
*     0+    0                        13125.0000    10003.9150            23.78%
      0     0  -1.00000e+75     0    13125.0000    10003.9150    16983   23.78%
Detecting symmetries...
      0     2    10003.9150   256    13125.0000    10004.8125    16983   23.77%
Elapsed time = 2.53 sec. (2967.36 ticks, tree = 0.01 MB, solutions = 7)
      3     5    10129.7540   214    13125.0000    10058.6389    21243   23.36%
      7     9    10349.4712   245    13125.0000    10131.8743    27736   22.80%
     11    13    10359.3115   238    13125.0000    10131.8743    32408   22.80%
     17    17    10808.5101   189    13125.0000    10131.8743    36289   22.80%
     22    22    11520.5280   193    13125.0000    10131.8743    40460   22.80%
     31    31    12580.6002    88    13125.0000    10131.8743    44219   22.80%
     46    37    10352.4379   231    13125.0000    10138.0071    50063   22.76%
     50    41    10914.6410   104    13125.0000    10138.0071    54238   22.76%
     55    46    11307.0395   147    13125.0000    10138.0071    57841   22.76%
     87    70    11930.0000    34    13125.0000    10181.1833    73768   22.43%
Elapsed time = 5.52 sec. (6574.25 ticks, tree = 0.28 MB, solutions = 7)
*   130    99      integral     0    12767.0000    10215.2401    89275   19.99%
    134   101    10420.9219   172    12767.0000    10235.2341    92401   19.83%
*   149    93      integral     0    12389.0000    10235.2341   100109   17.38%
    179   113    10442.9836   166    12389.0000    10275.7648   113755   17.06%
    198   128    10814.5222   219    12389.0000    10288.6249   127809   16.95%
    233   151    10843.7090   133    12389.0000    10339.3359   144171   16.54%
    260   168    11895.9160   167    12389.0000    10344.2348   158206   16.50%
    306   199    10427.2477   191    12389.0000    10355.7114   177724   16.41%
    333   222    11648.8261    75    12389.0000    10356.7777   192576   16.40%
*   337   209      integral     0    12283.0000    10356.7777   193113   15.68%
*   347   201      integral     0    12073.0000    10361.4708   196018   14.18%
    362   210    10689.7791   215    12073.0000    10366.6796   202608   14.13%
*   386   203      integral     0    11968.0000    10370.2954   211222   13.35%
    396   205    10475.2598   177    11968.0000    10372.3946   219118   13.33%
    425   219    11927.1042   122    11968.0000    10389.8957   236636   13.19%
Elapsed time = 14.08 sec. (16499.84 ticks, tree = 0.86 MB, solutions = 12)
    449   230    10544.7586   149    11968.0000    10420.8440   250927   12.93%
    483   248    11553.2379   162    11968.0000    10435.7062   269824   12.80%
    539   287    10978.1381   194    11968.0000    10440.3378   287269   12.76%
    569   307    11868.8333   138    11968.0000    10444.4347   305198   12.73%
    615   328    10900.0467   115    11968.0000    10469.5101   324414   12.52%
    648   341    11363.0445   122    11968.0000    10496.4308   339219   12.30%
    682   358    11318.0415   135    11968.0000    10522.2080   352325   12.08%
    715   374    11716.5858   117    11968.0000    10537.5356   365060   11.95%
    744   387    11855.6761   183    11968.0000    10542.9257   382788   11.91%
    776   398    11373.8628   116    11968.0000    10573.6766   398087   11.65%
Elapsed time = 22.65 sec. (26236.78 ticks, tree = 1.20 MB, solutions = 12)
    816   419    10718.8640   267    11968.0000    10579.9335   415668   11.60%
    855   445    11044.9397   177    11968.0000    10600.0077   432529   11.43%
    876   454    11366.7214    90    11968.0000    10626.9516   446202   11.21%
    907   465    10878.4913   156    11968.0000    10634.0310   460085   11.15%
    943   475    10847.1517   249    11968.0000    10643.4343   473614   11.07%
    974   490    11734.5797    51    11968.0000    10664.6969   489382   10.89%
   1020   506    11271.3442   218    11968.0000    10699.0470   507826   10.60%
   1058   516    11148.1139   228    11968.0000    10723.1561   523028   10.40%
   1100   529    10788.1246   213    11968.0000    10736.8104   538971   10.29%
   1146   555    11805.0156    59    11968.0000    10754.1032   556271   10.14%
Elapsed time = 31.36 sec. (36034.87 ticks, tree = 1.66 MB, solutions = 12)
   1184   565    11009.6597   249    11968.0000    10774.1738   572888    9.98%
   1211   574    11810.4141   225    11968.0000    10794.4673   589159    9.81%
   1252   580    11662.9147   219    11968.0000    10821.3472   608727    9.58%
   1301   609    11605.7579   193    11968.0000    10839.3150   625862    9.43%
   1332   609    11380.0082   153    11968.0000    10856.0347   642854    9.29%
*  1345   611      integral     0    11963.0000    10856.0347   645147    9.25%
   1378   606    11631.2714   195    11963.0000    10879.0339   659395    9.06%
   1420   612    11746.8333   131    11963.0000    10908.0398   676805    8.82%
*  1486   568      integral     0    11831.0000    10914.5113   690653    7.75%
   1488   567    11370.1037   137    11831.0000    10918.8529   693189    7.71%
   1526   567    11647.2458   158    11831.0000    10938.8841   710612    7.54%
   1573   574    11326.8068   175    11831.0000    10961.1737   729041    7.35%
Elapsed time = 39.91 sec. (45914.67 ticks, tree = 1.69 MB, solutions = 14)
   1604   572    11345.6240   202    11831.0000    10971.6225   744503    7.26%
   1626   572    11669.1395   155    11831.0000    10985.3958   756214    7.15%
   1655   565    11274.6279   206    11831.0000    11004.7432   769534    6.98%
   1693   561    11731.6642   211    11831.0000    11013.8376   784843    6.91%
   1731   553    11527.7437   205    11831.0000    11042.3485   801681    6.67%
   1772   555    11165.3137   117    11831.0000    11054.9642   816046    6.56%
   1816   546        cutoff          11831.0000    11083.2971   833979    6.32%
   1860   536    11275.5063   184    11831.0000    11112.8075   850353    6.07%
   1883   531    11637.0469   151    11831.0000    11127.3437   863988    5.95%
   1927   517    11806.6771   173    11831.0000    11159.4051   876175    5.68%
Elapsed time = 49.02 sec. (55799.61 ticks, tree = 1.41 MB, solutions = 14)
   1959   508        cutoff          11831.0000    11178.9640   888503    5.51%
   2007   516        cutoff          11831.0000    11190.3948   901358    5.41%
   2050   511        cutoff          11831.0000    11203.1955   916168    5.31%
   2080   513    11684.9512    73    11831.0000    11214.2907   927950    5.21%
   2115   504    11576.4132   143    11831.0000    11232.8978   940977    5.06%
   2158   487    11810.7456   201    11831.0000    11249.8814   954438    4.91%
   2196   474    11737.7341   147    11831.0000    11278.2556   967933    4.67%
   2258   467    11829.7024   117    11831.0000    11300.4933   983770    4.48%
*  2300   416      integral     0    11780.0000    11319.4861   991631    3.91%
   2345   409    11561.8324   213    11780.0000    11337.3343  1002414    3.76%
   2419   389    11646.0847   117    11780.0000    11373.9492  1016053    3.45%
Elapsed time = 58.33 sec. (65547.30 ticks, tree = 1.08 MB, solutions = 15)
   2494   355    11689.9018    65    11780.0000    11418.0833  1031289    3.07%
   2565   316        cutoff          11780.0000    11478.4820  1043996    2.56%
   2641   296    11650.1611   120    11780.0000    11523.8881  1059047    2.17%
   2719   266    11578.7435   142    11780.0000    11553.6126  1073664    1.92%
   2770   248    11585.8674   122    11780.0000    11578.7435  1085325    1.71%
   2867   237    11769.1897    92    11780.0000    11599.3043  1099859    1.53%
   3023   122        cutoff          11780.0000    11690.7664  1113642    0.76%

Clique cuts applied:  5
Cover cuts applied:  88
Flow cuts applied:  6
Mixed integer rounding cuts applied:  53
Zero-half cuts applied:  17
Gomory fractional cuts applied:  3

Root node processing (before b&c):
  Real time             =    2.48 sec. (2919.14 ticks)
Sequential b&c:
  Real time             =   62.88 sec. (70021.89 ticks)
                          ------------
Total (root+branch&cut) =   65.36 sec. (72941.03 ticks)
MIP: [1;32mCPLEX finished.[0m
MIP: [1;32mCPLEX status: Optimal[0m
MIP: [1;32mSolution: 
Indexes: [7, 2, 9, 8, 7, 9, 8, 7, 2, 8][-1, -1, 5, -1, -1, -1, -1, 0, 7, 7][9, -1, -1, -1, -1, 0, -1, 9, -1, -1, -1][10, -1, -1, -1, -1, -1, -1, -1, -1, 6, -1][-1, -1, -1, -1, -1, -1, 6, -1, -1, -1, 6], P Variables: [0, 0, 0, 0, 0][0, 0, 0, 0, 0][0, 0, 0, 0, 0][0, 0, 0, 0, 0][0, 0, 0, 0, 0][0, 0, 0, 0, 0][0, 0, 0, 0, 0][0, 0, 0, 0, 0][0, 0, 0, 0, 0][0, 0, 0, 0, 0], Flow leaving each bin: Level: 0, Item: 0 => [0]
Level: 0, Item: 1 => [1]
Level: 0, Item: 2 => [2]
Level: 0, Item: 3 => [3]
Level: 0, Item: 4 => [4]
Level: 0, Item: 5 => [5]
Level: 0, Item: 6 => [6]
Level: 0, Item: 7 => [7]
Level: 0, Item: 8 => [8]
Level: 0, Item: 9 => [9]
Level: 1, Bin: 2 => [1, 8]
Level: 1, Bin: 7 => [0, 4, 7]
Level: 1, Bin: 8 => [3, 6, 9]
Level: 1, Bin: 9 => [2, 5]
Level: 2, Bin: 0 => [0, 4, 7]
Level: 2, Bin: 5 => [1, 8]
Level: 2, Bin: 7 => [2, 3, 5, 6, 9]
Level: 3, Bin: 0 => [1, 8]
Level: 3, Bin: 9 => [0, 2, 3, 4, 5, 6, 7, 9]
Level: 4, Bin: 6 => [0, 2, 3, 4, 5, 6, 7, 9]
Level: 4, Bin: 10 => [1, 8]
Level: 5, Bin: 6 => [0, 1, 2, 3, 4, 5, 6, 7, 8, 9]
[0m
MIP: [1;32mObjective value: 11780[0m
MIP: [1;32mLower Bound: 11780[0m
MIP: [1;32mBranch-and-Bound nodes: 3150[0m

# best solution:
best objective value:	11780
best dual bound value:	11780
optimality gap:	0%
CPU time:	65.0421
