ifile	/scratch/csagturk/mlbppo_inst/n0010_m01_p100__014.inst
prob	NFMLBPPO
threads	1
ttime	900
instance: /scratch/csagturk/mlbppo_inst/n0010_m01_p100__014.inst
	m=1, n=[10, 8], #pos=10
MIP: [1;32minit CPLEX[0m
CAN: [1;35mcreated 80 x_{ijk} variables[0m
CAN: [1;35mcreated 18 y_{ij} variables[0m
CAN: [1;35mcreated 180 f_{ijkh} variables[0m
MIP: [1;32mcreated decision variables[0m
CAN: [1;35madded 10 constraints to enforce the packing of each item[0m
CAN: [1;35madded 0 constraints to enforce the packing of each item[0m
CAN: [1;35madded 8 capacity constraints[0m
MIP: [1;32mcreated constraints[0m
MIP: [1;32mcreated objective function[0m
MIP: [1;32mcalling CPLEX solve ...[0m
Version identifier: 22.1.0.0 | 2022-03-09 | 1a383f8ce
CPXPARAM_Threads                                 1
CPXPARAM_TimeLimit                               900
Tried aggregator 2 times.
MIP Presolve eliminated 185 rows and 194 columns.
MIP Presolve modified 175 coefficients.
Aggregator did 19 substitutions.
Reduced MIP has 784 rows, 755 columns, and 2756 nonzeros.
Reduced MIP has 755 binaries, 0 generals, 0 SOSs, and 0 indicators.
Presolve time = 0.01 sec. (4.28 ticks)
Found incumbent of value 4076.000000 after 0.01 sec. (7.44 ticks)
Probing fixed 608 vars, tightened 0 bounds.
Probing changed sense of 85 constraints.
Probing time = 0.01 sec. (6.85 ticks)
Tried aggregator 1 time.
MIP Presolve eliminated 733 rows and 698 columns.
MIP Presolve modified 95 coefficients.
Reduced MIP has 46 rows, 57 columns, and 238 nonzeros.
Reduced MIP has 57 binaries, 0 generals, 0 SOSs, and 0 indicators.
Presolve time = 0.00 sec. (0.85 ticks)
Probing time = 0.00 sec. (0.12 ticks)
Tried aggregator 1 time.
Detecting symmetries...
Reduced MIP has 46 rows, 57 columns, and 238 nonzeros.
Reduced MIP has 57 binaries, 0 generals, 0 SOSs, and 0 indicators.
Presolve time = 0.00 sec. (0.16 ticks)
Probing time = 0.00 sec. (0.13 ticks)
Clique table members: 201.
MIP emphasis: balance optimality and feasibility.
MIP search method: dynamic search.
Parallel mode: none, using 1 thread.
Root relaxation solution time = 0.00 sec. (0.14 ticks)

        Nodes                                         Cuts/
   Node  Left     Objective  IInf  Best Integer    Best Bound    ItCnt     Gap

*     0+    0                         4076.0000        0.0000           100.00%
      0     0     2269.7579    16     4076.0000     2269.7579       25   44.31%
*     0+    0                         2934.0000     2269.7579            22.64%
      0     0     2302.0385    17     2934.0000      Cuts: 28       72   21.54%
*     0+    0                         2351.0000     2302.0385             2.08%
      0     0     2314.4348    23     2351.0000      Cuts: 10       93    1.56%
      0     0     2318.5435    21     2351.0000      Cuts: 12      111    1.38%
      0     0     2321.4783    25     2351.0000      Cuts: 10      124    1.26%
      0     0     2323.3825    25     2351.0000       Cuts: 8      133    1.17%
Detecting symmetries...
      0     0     2324.8214    31     2351.0000       Cuts: 3      138    1.11%
      0     0     2326.7709    35     2351.0000       Cuts: 9      151    1.03%
      0     0     2327.5685    31     2351.0000       Cuts: 8      158    1.00%
      0     0     2332.8519    27     2351.0000      Cuts: 10      164    0.77%
      0     0     2332.8519    28     2351.0000      Cuts: 10      173    0.77%
      0     0     2332.8519    28     2351.0000      Cuts: 12      185    0.77%
Detecting symmetries...
      0     2     2332.8519    25     2351.0000     2333.0000      185    0.77%
Elapsed time = 0.04 sec. (25.68 ticks, tree = 0.01 MB, solutions = 3)

GUB cover cuts applied:  1
Clique cuts applied:  2
Cover cuts applied:  4
Mixed integer rounding cuts applied:  4
Zero-half cuts applied:  10
Gomory fractional cuts applied:  2

Root node processing (before b&c):
  Real time             =    0.04 sec. (25.72 ticks)
Sequential b&c:
  Real time             =    0.00 sec. (0.73 ticks)
                          ------------
Total (root+branch&cut) =    0.05 sec. (26.44 ticks)
MIP: [1;32mCPLEX finished.[0m
MIP: [1;32mCPLEX status: Optimal[0m
MIP: [1;32mSolution: 
Indexes: [3, 1, 1, 1, 0, 1, 3, 7, 7, 0], P Variables: [0][0][0][0][0][0][0][0][0][0], Flow leaving each bin: Level: 0, Item: 0 => [0]
Level: 0, Item: 1 => [1]
Level: 0, Item: 2 => [2]
Level: 0, Item: 3 => [3]
Level: 0, Item: 4 => [4]
Level: 0, Item: 5 => [5]
Level: 0, Item: 6 => [6]
Level: 0, Item: 7 => [7]
Level: 0, Item: 8 => [8]
Level: 0, Item: 9 => [9]
Level: 1, Bin: 0 => [4, 9]
Level: 1, Bin: 1 => [1, 2, 3, 5]
Level: 1, Bin: 3 => [0, 6]
Level: 1, Bin: 7 => [7, 8]
[0m
MIP: [1;32mObjective value: 2351[0m
MIP: [1;32mLower Bound: 2351[0m
MIP: [1;32mBranch-and-Bound nodes: 9[0m

# best solution:
best objective value:	2351
best dual bound value:	2351
optimality gap:	0%
CPU time:	0.0448423
