ifile	/scratch/csagturk/mlbppo_inst/n0010_m05_p150__043.inst
prob	NFMLBPPO
threads	1
ttime	900
instance: /scratch/csagturk/mlbppo_inst/n0010_m05_p150__043.inst
	m=5, n=[10, 9, 9, 10, 10, 13], #pos=15
MIP: [1;32minit CPLEX[0m
CAN: [1;35mcreated 491 x_{ijk} variables[0m
CAN: [1;35mcreated 61 y_{ij} variables[0m
CAN: [1;35mcreated 610 f_{ijkh} variables[0m
MIP: [1;32mcreated decision variables[0m
CAN: [1;35madded 10 constraints to enforce the packing of each item[0m
CAN: [1;35madded 38 constraints to enforce the packing of each item[0m
CAN: [1;35madded 51 capacity constraints[0m
MIP: [1;32mcreated constraints[0m
MIP: [1;32mcreated objective function[0m
MIP: [1;32mcalling CPLEX solve ...[0m
Version identifier: 22.1.0.0 | 2022-03-09 | 1a383f8ce
CPXPARAM_Threads                                 1
CPXPARAM_TimeLimit                               900
Tried aggregator 3 times.
MIP Presolve eliminated 1340 rows and 1441 columns.
MIP Presolve modified 514 coefficients.
Aggregator did 160 substitutions.
Reduced MIP has 4563 rows, 4361 columns, and 17559 nonzeros.
Reduced MIP has 4247 binaries, 0 generals, 0 SOSs, and 48 indicators.
Presolve time = 0.03 sec. (26.25 ticks)
Probing fixed 112 vars, tightened 73 bounds.
Probing changed sense of 98 constraints.
Probing time = 0.16 sec. (175.22 ticks)
Tried aggregator 1 time.
MIP Presolve eliminated 429 rows and 438 columns.
Reduced MIP has 4134 rows, 3923 columns, and 16130 nonzeros.
Reduced MIP has 3923 binaries, 0 generals, 0 SOSs, and 0 indicators.
Presolve time = 0.01 sec. (15.18 ticks)
Probing time = 0.00 sec. (3.92 ticks)
Tried aggregator 1 time.
Detecting symmetries...
Reduced MIP has 4134 rows, 3923 columns, and 16130 nonzeros.
Reduced MIP has 3923 binaries, 0 generals, 0 SOSs, and 0 indicators.
Presolve time = 0.01 sec. (12.02 ticks)
Probing time = 0.00 sec. (3.92 ticks)
Clique table members: 11327.
MIP emphasis: balance optimality and feasibility.
MIP search method: dynamic search.
Parallel mode: none, using 1 thread.
Root relaxation solution time = 0.20 sec. (251.11 ticks)

        Nodes                                         Cuts/
   Node  Left     Objective  IInf  Best Integer    Best Bound    ItCnt     Gap

      0     0     7119.9681   206                   7119.9681     3526         
      0     0     7766.7817   288                    Cuts: 89     7794         
      0     0     8141.1367   320                    Cuts: 73    11286         
      0     0     8331.2858   153                    Cuts: 37    15588         
      0     0     8865.1260   169                    Cuts: 54    17448         
*     0+    0                        13025.0000     8865.1260            31.94%
*     0+    0                         9981.0000     8865.1260            11.18%
      0     0     8980.2000   150     9981.0000      Cuts: 36    19936   10.03%
Detecting symmetries...
      0     0     9038.5218   200     9981.0000      Cuts: 37    21090    9.44%
      0     0     9042.5042   185     9981.0000      Cuts: 19    21823    9.40%
      0     0     9081.9782   219     9981.0000      Cuts: 30    22984    9.01%
      0     0     9083.2982   229     9981.0000      Cuts: 14    23499    8.99%
      0     0     9088.6628   318     9981.0000      Cuts: 23    24281    8.94%
      0     0     9100.3065   159     9981.0000      Cuts: 15    24926    8.82%
      0     0     9110.1597   228     9981.0000      Cuts: 31    25831    8.72%
      0     0     9114.8571   215     9981.0000      Cuts: 21    27192    8.68%
      0     0     9119.3030   241     9981.0000      Cuts: 29    28851    8.63%
      0     0     9121.0710   288     9981.0000      Cuts: 21    29848    8.62%
      0     0     9123.2153   138     9981.0000    MIRcuts: 4    30923    8.59%
      0     0     9123.4732   314     9981.0000      Cuts: 43    32209    8.59%
      0     0     9124.4286   200     9981.0000      Cuts: 11    32609    8.58%
      0     0     9124.7969   320     9981.0000      Cuts: 16    33035    8.58%
*     0+    0                         9958.0000     9124.7969             8.37%
*     0+    0                         9665.0000     9124.7969             5.59%
*     0+    0                         9657.0000     9124.7969             5.51%
      0     0  -1.00000e+75     0     9657.0000     9124.7969    33035    5.51%
Detecting symmetries...
      0     2     9124.7969   313     9657.0000     9125.1302    33035    5.51%
Elapsed time = 5.67 sec. (6851.84 ticks, tree = 0.01 MB, solutions = 5)
      3     5     9555.5000    98     9657.0000     9319.3289    36035    3.50%
      5     7     9332.0000    83     9657.0000     9332.0000    39226    3.37%
      7     9     9332.0000   112     9657.0000     9332.0000    43455    3.37%
*    10     6      integral     0     9396.0000     9332.0000    45233    0.68%
     11     6     9392.7500   142     9396.0000     9332.0000    45810    0.68%
     23     4        cutoff           9396.0000     9392.7500    48765    0.03%

Clique cuts applied:  3
Cover cuts applied:  27
Flow cuts applied:  10
Mixed integer rounding cuts applied:  23
Zero-half cuts applied:  27
Gomory fractional cuts applied:  2

Root node processing (before b&c):
  Real time             =    5.62 sec. (6805.47 ticks)
Sequential b&c:
  Real time             =    1.31 sec. (1527.49 ticks)
                          ------------
Total (root+branch&cut) =    6.93 sec. (8332.96 ticks)
MIP: [1;32mCPLEX finished.[0m
MIP: [1;32mCPLEX status: Optimal[0m
MIP: [1;32mSolution: 
Indexes: [4, 4, 5, 4, 4, 6, 6, 6, 3, 2][-1, -1, 8, 8, 5, 5, 6, -1, -1][-1, -1, -1, -1, -1, 8, 9, -1, 7][-1, -1, -1, -1, -1, -1, -1, 3, 9, 3][-1, -1, -1, 4, -1, -1, -1, -1, -1, 4], P Variables: [0, 0, 0, 0, 0][0, 0, 0, 0, 0][0, 0, 0, 0, 0][0, 0, 0, 0, 0][0, 0, 0, 0, 0][0, 0, 0, 0, 0][0, 0, 0, 0, 0][0, 0, 0, 0, 0][0, 0, 0, 0, 0][0, 0, 0, 0, 0], Flow leaving each bin: Level: 0, Item: 0 => [0]
Level: 0, Item: 1 => [1]
Level: 0, Item: 2 => [2]
Level: 0, Item: 3 => [3]
Level: 0, Item: 4 => [4]
Level: 0, Item: 5 => [5]
Level: 0, Item: 6 => [6]
Level: 0, Item: 7 => [7]
Level: 0, Item: 8 => [8]
Level: 0, Item: 9 => [9]
Level: 1, Bin: 2 => [9]
Level: 1, Bin: 3 => [8]
Level: 1, Bin: 4 => [0, 1, 3, 4]
Level: 1, Bin: 5 => [2]
Level: 1, Bin: 6 => [5, 6, 7]
Level: 2, Bin: 5 => [0, 1, 2, 3, 4]
Level: 2, Bin: 6 => [5, 6, 7]
Level: 2, Bin: 8 => [8, 9]
Level: 3, Bin: 7 => [8, 9]
Level: 3, Bin: 8 => [0, 1, 2, 3, 4]
Level: 3, Bin: 9 => [5, 6, 7]
Level: 4, Bin: 3 => [5, 6, 7, 8, 9]
Level: 4, Bin: 9 => [0, 1, 2, 3, 4]
Level: 5, Bin: 4 => [0, 1, 2, 3, 4, 5, 6, 7, 8, 9]
[0m
MIP: [1;32mObjective value: 9396[0m
MIP: [1;32mLower Bound: 9396[0m
MIP: [1;32mBranch-and-Bound nodes: 28[0m

# best solution:
best objective value:	9396
best dual bound value:	9396
optimality gap:	0%
CPU time:	6.91503
