ifile	/scratch/csagturk/mlbppo_inst/n0010_m02_p050__027.inst
prob	NFMLBPPO
threads	1
ttime	900
instance: /scratch/csagturk/mlbppo_inst/n0010_m02_p050__027.inst
	m=2, n=[10, 7, 6], #pos=5
MIP: [1;32minit CPLEX[0m
CAN: [1;35mcreated 112 x_{ijk} variables[0m
CAN: [1;35mcreated 23 y_{ij} variables[0m
CAN: [1;35mcreated 230 f_{ijkh} variables[0m
MIP: [1;32mcreated decision variables[0m
CAN: [1;35madded 10 constraints to enforce the packing of each item[0m
CAN: [1;35madded 7 constraints to enforce the packing of each item[0m
CAN: [1;35madded 13 capacity constraints[0m
MIP: [1;32mcreated constraints[0m
MIP: [1;32mcreated objective function[0m
MIP: [1;32mcalling CPLEX solve ...[0m
Version identifier: 22.1.0.0 | 2022-03-09 | 1a383f8ce
CPXPARAM_Threads                                 1
CPXPARAM_TimeLimit                               900
Tried aggregator 3 times.
MIP Presolve eliminated 251 rows and 275 columns.
MIP Presolve modified 102 coefficients.
Aggregator did 58 substitutions.
Reduced MIP has 1079 rows, 1042 columns, and 3488 nonzeros.
Reduced MIP has 1021 binaries, 0 generals, 0 SOSs, and 7 indicators.
Presolve time = 0.01 sec. (6.42 ticks)
Found incumbent of value 6440.000000 after 0.02 sec. (11.11 ticks)
Probing fixed 191 vars, tightened 13 bounds.
Probing changed sense of 59 constraints.
Probing time = 0.02 sec. (21.04 ticks)
Tried aggregator 2 times.
MIP Presolve eliminated 321 rows and 295 columns.
MIP Presolve modified 13 coefficients.
Aggregator did 5 substitutions.
Reduced MIP has 753 rows, 742 columns, and 2491 nonzeros.
Reduced MIP has 742 binaries, 0 generals, 0 SOSs, and 0 indicators.
Presolve time = 0.00 sec. (4.20 ticks)
Probing time = 0.00 sec. (3.11 ticks)
Tried aggregator 1 time.
Detecting symmetries...
Reduced MIP has 753 rows, 742 columns, and 2491 nonzeros.
Reduced MIP has 742 binaries, 0 generals, 0 SOSs, and 0 indicators.
Presolve time = 0.00 sec. (2.21 ticks)
Probing time = 0.00 sec. (3.11 ticks)
Clique table members: 1895.
MIP emphasis: balance optimality and feasibility.
MIP search method: dynamic search.
Parallel mode: none, using 1 thread.
Root relaxation solution time = 0.00 sec. (2.56 ticks)

        Nodes                                         Cuts/
   Node  Left     Objective  IInf  Best Integer    Best Bound    ItCnt     Gap

*     0+    0                         6440.0000        0.0000           100.00%
      0     0     3991.2752    26     6440.0000     3991.2752      185   38.02%
*     0+    0                         5254.0000     3991.2752            24.03%
      0     0     4247.6891    70     5254.0000      Cuts: 31      330   19.15%
      0     0     4289.1564    85     5254.0000      Cuts: 44      454   18.36%
      0     0     4298.1448   103     5254.0000      Cuts: 26      590   18.19%
      0     0     4362.2758    65     5254.0000      Cuts: 12      669   16.97%
*     0+    0                         4464.0000     4362.2758             2.28%
      0     0     4362.8694   102     4464.0000      Cuts: 26      724    2.27%
Detecting symmetries...
      0     0     4368.5033    94     4464.0000      Cuts: 21      804    2.14%
      0     0     4371.8391    91     4464.0000      Cuts: 12      867    2.06%
      0     0     4377.8407    87     4464.0000      Cuts: 12      911    1.93%
      0     0     4381.2088    84     4464.0000      Cuts: 19      947    1.85%
      0     0     4384.8258    88     4464.0000      Cuts: 18     1009    1.77%
      0     0     4384.8258    83     4464.0000      Cuts: 30     1062    1.77%
      0     0     4384.8258    87     4464.0000      Cuts: 38     1107    1.77%
*     0+    0                         4453.0000     4384.8258             1.53%
Detecting symmetries...
      0     2     4384.8258    87     4453.0000     4384.8258     1107    1.53%
Elapsed time = 0.18 sec. (159.99 ticks, tree = 0.01 MB, solutions = 4)

Cover cuts applied:  10
Implied bound cuts applied:  4
Mixed integer rounding cuts applied:  13
Zero-half cuts applied:  10
Gomory fractional cuts applied:  1

Root node processing (before b&c):
  Real time             =    0.18 sec. (160.02 ticks)
Sequential b&c:
  Real time             =    0.02 sec. (27.15 ticks)
                          ------------
Total (root+branch&cut) =    0.20 sec. (187.18 ticks)
MIP: [1;32mCPLEX finished.[0m
MIP: [1;32mCPLEX status: Optimal[0m
MIP: [1;32mSolution: 
Indexes: [1, 6, 6, 2, 4, 1, 1, 1, 0, 0][2, 3, 2, -1, 3, -1, 4], P Variables: [0, 0][0, 0][0, 0][0, 0][0, 0][0, 0][0, 0][0, 0][0, 0][0, 0], Flow leaving each bin: Level: 0, Item: 0 => [0]
Level: 0, Item: 1 => [1]
Level: 0, Item: 2 => [2]
Level: 0, Item: 3 => [3]
Level: 0, Item: 4 => [4]
Level: 0, Item: 5 => [5]
Level: 0, Item: 6 => [6]
Level: 0, Item: 7 => [7]
Level: 0, Item: 8 => [8]
Level: 0, Item: 9 => [9]
Level: 1, Bin: 0 => [8, 9]
Level: 1, Bin: 1 => [0, 5, 6, 7]
Level: 1, Bin: 2 => [3]
Level: 1, Bin: 4 => [4]
Level: 1, Bin: 6 => [1, 2]
Level: 2, Bin: 2 => [3, 8, 9]
Level: 2, Bin: 3 => [0, 4, 5, 6, 7]
Level: 2, Bin: 4 => [1, 2]
[0m
MIP: [1;32mObjective value: 4453[0m
MIP: [1;32mLower Bound: 4453[0m
MIP: [1;32mBranch-and-Bound nodes: 24[0m

# best solution:
best objective value:	4453
best dual bound value:	4453
optimality gap:	0%
CPU time:	0.198482
