ifile	/scratch/csagturk/mlbppo_inst/n0010_m03_p100__059.inst
prob	NFMLBPPO
threads	1
ttime	900
instance: /scratch/csagturk/mlbppo_inst/n0010_m03_p100__059.inst
	m=3, n=[10, 10, 11, 13], #pos=10
MIP: [1;32minit CPLEX[0m
CAN: [1;35mcreated 353 x_{ijk} variables[0m
CAN: [1;35mcreated 44 y_{ij} variables[0m
CAN: [1;35mcreated 440 f_{ijkh} variables[0m
MIP: [1;32mcreated decision variables[0m
CAN: [1;35madded 10 constraints to enforce the packing of each item[0m
CAN: [1;35madded 21 constraints to enforce the packing of each item[0m
CAN: [1;35madded 34 capacity constraints[0m
MIP: [1;32mcreated constraints[0m
MIP: [1;32mcreated objective function[0m
MIP: [1;32mcalling CPLEX solve ...[0m
Version identifier: 22.1.0.0 | 2022-03-09 | 1a383f8ce
CPXPARAM_Threads                                 1
CPXPARAM_TimeLimit                               900
Tried aggregator 2 times.
MIP Presolve eliminated 880 rows and 968 columns.
MIP Presolve modified 464 coefficients.
Aggregator did 87 substitutions.
Reduced MIP has 3297 rows, 3202 columns, and 12629 nonzeros.
Reduced MIP has 3139 binaries, 0 generals, 0 SOSs, and 31 indicators.
Presolve time = 0.02 sec. (17.02 ticks)
Found incumbent of value 22386.000000 after 0.05 sec. (35.60 ticks)
Probing fixed 144 vars, tightened 42 bounds.
Probing changed sense of 94 constraints.
Probing time = 0.14 sec. (130.44 ticks)
Tried aggregator 2 times.
MIP Presolve eliminated 369 rows and 366 columns.
Aggregator did 1 substitutions.
Reduced MIP has 2927 rows, 2835 columns, and 11427 nonzeros.
Reduced MIP has 2835 binaries, 0 generals, 0 SOSs, and 0 indicators.
Presolve time = 0.02 sec. (15.46 ticks)
Probing time = 0.00 sec. (3.70 ticks)
Tried aggregator 1 time.
Detecting symmetries...
Reduced MIP has 2927 rows, 2835 columns, and 11427 nonzeros.
Reduced MIP has 2835 binaries, 0 generals, 0 SOSs, and 0 indicators.
Presolve time = 0.01 sec. (9.07 ticks)
Probing time = 0.00 sec. (3.69 ticks)
Clique table members: 8001.
MIP emphasis: balance optimality and feasibility.
MIP search method: dynamic search.
Parallel mode: none, using 1 thread.
Root relaxation solution time = 0.03 sec. (29.34 ticks)

        Nodes                                         Cuts/
   Node  Left     Objective  IInf  Best Integer    Best Bound    ItCnt     Gap

*     0+    0                        22386.0000        0.0000           100.00%
      0     0     6991.3400   117    22386.0000     6991.3400      885   68.77%
      0     0     7191.1628   161    22386.0000      Cuts: 90     2267   67.88%
      0     0     7218.0152   114    22386.0000      Cuts: 47     3000   67.76%
      0     0     7246.4857   159    22386.0000      Cuts: 20     3475   67.63%
*     0+    0                        10697.0000     7246.4857            32.26%
*     0+    0                         9995.0000     7246.4857            27.50%
      0     0  -1.00000e+75     0     9995.0000     7246.4857     3475   27.50%
      0     0     7253.5482   122     9995.0000       Cuts: 7     4034   27.43%
      0     0     7255.1807   113     9995.0000       Cuts: 9     4335   27.41%
Detecting symmetries...
      0     0     7274.7128   204     9995.0000      Cuts: 22     5456   27.22%
      0     0     7331.5388   137     9995.0000      Cuts: 16     6936   26.65%
      0     0     7338.2528   183     9995.0000      Cuts: 29     7581   26.58%
      0     0     7339.9531   171     9995.0000       Cuts: 5     7742   26.56%
      0     0     7345.3996   158     9995.0000       Cuts: 8     8316   26.51%
      0     0     7351.7621   186     9995.0000      Cuts: 11     8746   26.45%
      0     0     7370.3478   169     9995.0000       Cuts: 7     9327   26.26%
      0     0     7401.8273   172     9995.0000      Cuts: 28    10521   25.94%
      0     0     7404.1723   186     9995.0000      Cuts: 15    10748   25.92%
      0     0     7409.0629   169     9995.0000       Cuts: 8    10960   25.87%
      0     0     7413.3662   176     9995.0000       Cuts: 5    11431   25.83%
*     0+    0                         9734.0000     7413.3662            23.84%
*     0+    0                         9521.0000     7413.3662            22.14%
      0     0     7415.4987   188     9521.0000      Cuts: 12    11557   22.11%
      0     0     7418.8159   187     9521.0000      Cuts: 13    11861   22.08%
      0     0     7427.5370   195     9521.0000      Cuts: 13    12038   21.99%
      0     0     7428.6396   185     9521.0000       Cuts: 8    12216   21.98%
      0     0     7434.3038   167     9521.0000      Cuts: 18    12604   21.92%
      0     0     7439.9195   176     9521.0000      Cuts: 15    13123   21.86%
      0     0     7444.8470   185     9521.0000      Cuts: 12    14126   21.81%
      0     0     7448.9619   187     9521.0000      Cuts: 13    14457   21.76%
      0     0     7451.9643   174     9521.0000      Cuts: 16    15444   21.73%
      0     0     7453.1263   177     9521.0000      Cuts: 25    15697   21.72%
*     0+    0                         9175.0000     7453.1263            18.77%
      0     0  -1.00000e+75     0     9175.0000     7453.1263    15697   18.77%
Detecting symmetries...
      0     2     7453.1263   177     9175.0000     7453.7270    15697   18.76%
Elapsed time = 2.95 sec. (2866.16 ticks, tree = 0.01 MB, solutions = 6)
      3     5     7537.4347   177     9175.0000     7471.2603    19605   18.57%
      6     8     7525.6103   168     9175.0000     7471.2603    24407   18.57%
      9    11     7570.8056   163     9175.0000     7471.2603    27770   18.57%
     14    16     7631.2164   127     9175.0000     7471.2603    31986   18.57%
     34    34     7946.9668   117     9175.0000     7471.2603    37081   18.57%
*    54    40      integral     0     9144.0000     7471.2603    38333   18.29%
     56    42     7557.8500   179     9144.0000     7472.1254    41281   18.28%
     66    52     7716.3951   121     9144.0000     7472.1254    46182   18.28%
     82    68     8503.5099    63     9144.0000     7472.1254    50517   18.28%
*    87    71      integral     0     9034.0000     7472.1254    50764   17.29%
     90    72     7570.5845   109     9034.0000     7491.7183    52712   17.07%
*   130+  104                         9012.0000     7493.1935            16.85%
    140   112     7633.0812   170     9012.0000     7511.7903    68119   16.65%
Elapsed time = 5.87 sec. (6203.59 ticks, tree = 0.20 MB, solutions = 9)
*   180+  144                         8999.0000     7519.5945            16.44%
    180   146     8075.2353    64     8999.0000     7519.5945    84886   16.44%
*   186   136      integral     0     8783.0000     7519.5945    85685   14.38%
    226   164     7702.3047   170     8783.0000     7526.7511   101895   14.30%
    287   213     8338.5062   140     8783.0000     7537.4586   119886   14.18%
*   310+  222                         8731.0000     7539.9565            13.64%
*   340+  244                         8711.0000     7546.3500            13.37%
    349   250     7765.8655   169     8711.0000     7547.4107   135646   13.36%
    411   300     7676.1863   162     8711.0000     7564.3010   154841   13.16%
    470   351     8679.1888    99     8711.0000     7570.5845   171923   13.09%

Performing restart 1

Repeating presolve.
Tried aggregator 3 times.
MIP Presolve eliminated 1 rows and 0 columns.
MIP Presolve modified 910 coefficients.
Aggregator did 11 substitutions.
Reduced MIP has 2915 rows, 2824 columns, and 11368 nonzeros.
Reduced MIP has 2824 binaries, 0 generals, 0 SOSs, and 0 indicators.
Presolve time = 0.03 sec. (20.97 ticks)
Tried aggregator 1 time.
MIP Presolve modified 50 coefficients.
Reduced MIP has 2915 rows, 2824 columns, and 11368 nonzeros.
Reduced MIP has 2824 binaries, 0 generals, 0 SOSs, and 0 indicators.
Presolve time = 0.02 sec. (11.81 ticks)
Represolve time = 0.17 sec. (150.90 ticks)
    486     0     7450.3309   174     8711.0000      Cuts: 40   180464   13.09%
    486     0     7459.4376   189     8711.0000      Cuts: 24   180833   13.09%
    486     0     7459.4642   167     8711.0000      Cuts: 10   181015   13.09%
    486     0     7459.4642   177     8711.0000      Cuts: 27   181896   13.09%
    486     0     7460.8660   205     8711.0000      Cuts: 30   182543   13.09%
    486     0     7460.8660   203     8711.0000   ZeroHalf: 5   182764   13.09%
    486     2     7460.8660   200     8711.0000     7570.9643   182764   13.09%
    487     3     7483.1451   164     8711.0000     7570.9643   183321   13.09%
    489     5     7550.2396   165     8711.0000     7570.9643   184803   13.09%
    490     6     7634.4321   187     8711.0000     7570.9643   185731   13.09%
Elapsed time = 19.80 sec. (21495.97 ticks, tree = 0.01 MB, solutions = 13)
    492     8     7639.2376   170     8711.0000     7570.9643   188522   13.09%
    494    10     7704.5158   156     8711.0000     7570.9643   190619   13.09%
    496    12     7938.0002   177     8711.0000     7570.9643   191500   13.09%
*   499    11      integral     0     7774.0000     7570.9643   192475    2.61%
*   501    11      integral     0     7765.0000     7570.9643   192834    2.50%
    504    11     7495.0041   181     7765.0000     7570.9643   193848    2.50%
    509    15     7516.8843   199     7765.0000     7570.9643   195089    2.50%
    518    19     7617.7039   151     7765.0000     7570.9643   197910    2.50%
    533    21     7712.6773   161     7765.0000     7570.9643   201186    2.50%
    544    22     7631.8116   158     7765.0000     7570.9643   202923    2.50%
    571    30     7717.8320   182     7765.0000     7570.9643   206977    2.50%
Elapsed time = 28.20 sec. (31547.89 ticks, tree = 0.12 MB, solutions = 15)
    586    34     7587.7520   164     7765.0000     7570.9643   208977    2.50%
    602    41     7661.2139   152     7765.0000     7570.9643   213626    2.50%
    619    46     7647.0000   130     7765.0000     7570.9643   216018    2.50%
    626    47     7562.6753   164     7765.0000     7570.9643   217811    2.50%
    642    58     7623.5690   140     7765.0000     7570.9643   219579    2.50%
    665    66     7706.6221   109     7765.0000     7570.9643   223194    2.50%
    703    71     7646.9273   114     7765.0000     7593.5122   230526    2.21%
    729    76     7718.1429   113     7765.0000     7594.7257   234329    2.19%
    763    82     7713.1004   198     7765.0000     7597.5010   241572    2.16%
    788    86     7677.0294   108     7765.0000     7608.8132   244864    2.01%
Elapsed time = 37.74 sec. (41832.17 ticks, tree = 0.21 MB, solutions = 15)
*   799    35      integral     0     7677.0000     7612.9152   246333    0.83%

Clique cuts applied:  6
Cover cuts applied:  31
Flow cuts applied:  1
Mixed integer rounding cuts applied:  24
Zero-half cuts applied:  14
Gomory fractional cuts applied:  1

Root node processing (before b&c):
  Real time             =    2.88 sec. (2807.26 ticks)
Sequential b&c:
  Real time             =   35.71 sec. (39851.93 ticks)
                          ------------
Total (root+branch&cut) =   38.59 sec. (42659.19 ticks)
MIP: [1;32mCPLEX finished.[0m
MIP: [1;32mCPLEX status: Optimal[0m
MIP: [1;32mSolution: 
Indexes: [6, 4, 1, 1, 9, 4, 0, 2, 9, 1][1, 6, 1, -1, 3, -1, 5, -1, -1, 1][-1, 8, -1, 1, -1, 8, 1, -1, -1, -1, -1], P Variables: [0, 0, 0][0, 0, 0][0, 0, 0][0, 0, 0][0, 0, 0][0, 0, 0][0, 0, 0][0, 0, 0][0, 0, 0][0, 0, 0], Flow leaving each bin: Level: 0, Item: 0 => [0]
Level: 0, Item: 1 => [1]
Level: 0, Item: 2 => [2]
Level: 0, Item: 3 => [3]
Level: 0, Item: 4 => [4]
Level: 0, Item: 5 => [5]
Level: 0, Item: 6 => [6]
Level: 0, Item: 7 => [7]
Level: 0, Item: 8 => [8]
Level: 0, Item: 9 => [9]
Level: 1, Bin: 0 => [6]
Level: 1, Bin: 1 => [2, 3, 9]
Level: 1, Bin: 2 => [7]
Level: 1, Bin: 4 => [1, 5]
Level: 1, Bin: 6 => [0]
Level: 1, Bin: 9 => [4, 8]
Level: 2, Bin: 1 => [4, 6, 7, 8]
Level: 2, Bin: 3 => [1, 5]
Level: 2, Bin: 5 => [0]
Level: 2, Bin: 6 => [2, 3, 9]
Level: 3, Bin: 1 => [1, 2, 3, 5, 9]
Level: 3, Bin: 8 => [0, 4, 6, 7, 8]
[0m
MIP: [1;32mObjective value: 7677[0m
MIP: [1;32mLower Bound: 7677[0m
MIP: [1;32mBranch-and-Bound nodes: 847[0m

# best solution:
best objective value:	7677
best dual bound value:	7677
optimality gap:	0%
CPU time:	38.39
