ifile	/scratch/csagturk/mlbppo_inst/n0020_m05_p200__009.inst
prob	NFMLBPPO
threads	1
ttime	900
instance: /scratch/csagturk/mlbppo_inst/n0020_m05_p200__009.inst
	m=5, n=[20, 18, 18, 19, 19, 22], #pos=40
MIP: [1;32minit CPLEX[0m
CAN: [1;35mcreated 1805 x_{ijk} variables[0m
CAN: [1;35mcreated 116 y_{ij} variables[0m
CAN: [1;35mcreated 2320 f_{ijkh} variables[0m
MIP: [1;32mcreated decision variables[0m
CAN: [1;35madded 20 constraints to enforce the packing of each item[0m
CAN: [1;35madded 74 constraints to enforce the packing of each item[0m
CAN: [1;35madded 96 capacity constraints[0m
MIP: [1;32mcreated constraints[0m
MIP: [1;32mcreated objective function[0m
MIP: [1;32mcalling CPLEX solve ...[0m
Version identifier: 22.1.0.0 | 2022-03-09 | 1a383f8ce
CPXPARAM_Threads                                 1
CPXPARAM_TimeLimit                               900
Tried aggregator 3 times.
MIP Presolve eliminated 11463 rows and 11928 columns.
MIP Presolve modified 1984 coefficients.
Aggregator did 288 substitutions.
Reduced MIP has 28010 rows, 26965 columns, and 115413 nonzeros.
Reduced MIP has 26744 binaries, 0 generals, 0 SOSs, and 130 indicators.
Presolve time = 0.19 sec. (175.95 ticks)
Probing fixed 320 vars, tightened 143 bounds.
Probing changed sense of 315 constraints.
Probing time = 4.24 sec. (4002.99 ticks)
Tried aggregator 1 time.
Detecting symmetries...
MIP Presolve eliminated 1055 rows and 1077 columns.
Reduced MIP has 26955 rows, 25888 columns, and 110812 nonzeros.
Reduced MIP has 25888 binaries, 0 generals, 0 SOSs, and 0 indicators.
Presolve time = 0.15 sec. (123.91 ticks)
Probing time = 0.02 sec. (11.13 ticks)
Clique table members: 77290.
MIP emphasis: balance optimality and feasibility.
MIP search method: dynamic search.
Parallel mode: none, using 1 thread.
Root relaxation solution time = 3.79 sec. (3580.37 ticks)

        Nodes                                         Cuts/
   Node  Left     Objective  IInf  Best Integer    Best Bound    ItCnt     Gap

      0     0    13350.1879   385                  13350.1879    15205         
      0     0    13672.4832   423                    Cuts: 91    25094         
      0     0    13922.0927   583                    Cuts: 61    35108         
      0     0    14101.0605   529                    Cuts: 68    45638         
      0     0    14128.4354   507                    Cuts: 53    69612         
      0     0    14214.8874   590                    Cuts: 41    80925         
      0     0    14243.7061   647                    Cuts: 66   101114         
      0     0    14288.5348   673                    Cuts: 63   114922         
      0     0    14316.9471   649                    Cuts: 42   129273         
      0     0    14346.6412   745                    Cuts: 55   148915         
      0     0    14382.7799   787                    Cuts: 48   163800         
      0     0    14392.1378   671                    Cuts: 26   191197         
      0     0    14419.1967   597                    Cuts: 62   211841         
      0     0    14426.0165   670                    Cuts: 35   227427         
      0     0    14433.3673   641                    Cuts: 59   242030         
      0     0    14436.4886   724                    Cuts: 33   252471         
      0     0    14437.7981   637                    Cuts: 28   261487         
      0     0    14441.4259   609                    Cuts: 45   280142         
      0     0    14442.9843   635                    Cuts: 36   290455         
      0     0    14444.7207   606                    Cuts: 30   304190         
      0     0    14448.5858   589                    Cuts: 43   314746         
      0     0    14453.4187   531                    Cuts: 25   329715         
      0     0    14456.9758   686                    Cuts: 33   357729         
      0     0    14470.7515   651                    Cuts: 22   371551         
      0     0    14478.8738   597                    Cuts: 43   391941         
      0     0    14481.3369   667                    Cuts: 32   404524         
Heuristic still looking.
Heuristic still looking.
      0     2    14481.3369   667                  14481.9655   404524         
Elapsed time = 547.48 sec. (402978.83 ticks, tree = 0.01 MB, solutions = 0)
      1     3    14628.3897   404                  14481.9655   413391         
      2     4    14661.0135   325                  14481.9655   430757         
      3     5    14672.0840   276                  14481.9655   438450         
      4     6    14672.0840   234                  14481.9655   472246         
      5     7    14679.7061   394                  14481.9655   520347         
      6     8    14850.2299   485                  14481.9655   573896         
      7     9    14982.2951   283                  14481.9655   589762         
      8    10    15457.5761   448                  14481.9655   612855         
      9    11    15478.4062   177                  14481.9655   616996         
*    10+   10                        17843.0000    14481.9655            18.84%
     10    12    15096.4184   301    17843.0000    14481.9655   626878   18.84%
Elapsed time = 617.81 sec. (452435.04 ticks, tree = 0.13 MB, solutions = 1)
     13    15    15227.9062   249    17843.0000    14481.9655   644550   18.84%
     15    17    15489.0729   265    17843.0000    14481.9655   651569   18.84%
     17    19    15511.0729   296    17843.0000    14481.9655   667289   18.84%
     18    20    15240.1735   250    17843.0000    14481.9655   680461   18.84%
     20    22    15262.3693   258    17843.0000    14481.9655   685214   18.84%
     22    24    15307.4062   257    17843.0000    14481.9655   690982   18.84%
     23    25    15748.0729   276    17843.0000    14481.9655   699417   18.84%
     24    26    15328.9062   225    17843.0000    14481.9655   706085   18.84%
     26    28    15404.9063   253    17843.0000    14481.9655   719360   18.84%
     27    29    15720.0729   241    17843.0000    14481.9655   741172   18.84%
Elapsed time = 634.75 sec. (467297.70 ticks, tree = 0.76 MB, solutions = 1)
     28    30    15572.4062   174    17843.0000    14481.9655   745034   18.84%
     29    31    15650.7602   176    17843.0000    14481.9655   750794   18.84%
     35    37    15650.7602   217    17843.0000    14481.9655   754905   18.84%
     54    56    15738.7508   244    17843.0000    14481.9655   766887   18.84%
     57    59    15738.7508   259    17843.0000    14481.9655   776341   18.84%
     62    64    15933.9496   197    17843.0000    14481.9655   786665   18.84%
     68    70    16559.5871   212    17843.0000    14481.9655   797105   18.84%
     75    77    16201.7673   177    17843.0000    14481.9655   805437   18.84%
     84    86    16367.7548   117    17843.0000    14481.9655   813994   18.84%
     94    94    16297.5483   137    17843.0000    14481.9655   823196   18.84%
Elapsed time = 646.66 sec. (477853.55 ticks, tree = 2.02 MB, solutions = 1)
    102   100    16357.9680   201    17843.0000    14481.9655   832488   18.84%
    109   107    17342.0323   197    17843.0000    14481.9655   841686   18.84%
*   120+  110                        17731.0000    14481.9655            18.32%
    121   110    14601.8805   427    17731.0000    14602.0734   860190   17.65%
    122   111    14616.1600   209    17731.0000    14602.4577   867314   17.64%
    123   112    14639.0092   464    17731.0000    14602.4577   879896   17.64%
    124   113    14840.7053   177    17731.0000    14602.4577   887843   17.64%
    125   114    14840.7053   172    17731.0000    14602.4577   889060   17.64%
    126   115    14851.4558    90    17731.0000    14602.4577   893764   17.64%
    127   116    14851.4558    91    17731.0000    14602.4577   897673   17.64%
    129   118    14851.4558    68    17731.0000    14602.4577   902473   17.64%
Elapsed time = 692.04 sec. (513095.39 ticks, tree = 2.36 MB, solutions = 2)
    130   119    14851.4558    65    17731.0000    14602.4577   903750   17.64%
    131   120    14851.4558    72    17731.0000    14602.4577   906618   17.64%
    132   121    14855.1409   140    17731.0000    14602.4577   911123   17.64%
    134   123    14851.4558    82    17731.0000    14602.4577   913454   17.64%
    135   124    14851.4558    58    17731.0000    14602.4577   915715   17.64%
    136   125    14858.3196    95    17731.0000    14602.4577   919741   17.64%
    137   126    14878.6953    63    17731.0000    14602.4577   923651   17.64%
    138   127    14888.0587   151    17731.0000    14602.4577   928589   17.64%
    139   128    14942.9356    81    17731.0000    14602.4577   932769   17.64%
    140   129    14989.8884   177    17731.0000    14602.4577   938811   17.64%
Elapsed time = 719.45 sec. (533652.85 ticks, tree = 2.50 MB, solutions = 2)
    141   130    14987.3255    83    17731.0000    14602.4577   942546   17.64%
    142   131    14990.0702    50    17731.0000    14602.4577   945271   17.64%
    143   132    14990.0702    56    17731.0000    14602.4577   947604   17.64%
    144   133    15075.7922    68    17731.0000    14602.4577   952711   17.64%
    145   134    14990.0702    86    17731.0000    14602.4577   955874   17.64%
    146   135    15020.7539    77    17731.0000    14602.4577   958589   17.64%
    147   136    14996.6424   122    17731.0000    14602.4577   964775   17.64%
    148   137    15075.7922    55    17731.0000    14602.4577   968125   17.64%
    149   138    15214.1794   103    17731.0000    14602.4577   974666   17.64%
*   150+  129                        17170.0000    14602.4577            14.95%
    150   131    15083.6239   143    17170.0000    14602.4577   979767   14.95%
Elapsed time = 764.28 sec. (569658.14 ticks, tree = 2.72 MB, solutions = 3)
    154   135    15212.6026   138    17170.0000    14602.4577   987352   14.95%
    167   148    15760.6667    71    17170.0000    14602.4577   995763   14.95%
    182   161    15750.9524    68    17170.0000    14602.4577  1004054   14.95%
    189   168    15801.5210   345    17170.0000    14602.4577  1015668   14.95%
*   190+  167                        16941.0000    14602.4577            13.80%
    190   169    15820.0690    34    16941.0000    14602.4577  1015747   13.80%
    192   171    15859.6382   325    16941.0000    14602.4577  1029887   13.80%
    195   174    16266.4324    61    16941.0000    14602.4577  1038358   13.80%
    198   177    16299.2786    34    16941.0000    14602.4577  1047863   13.80%
    209   188    16775.1047    34    16941.0000    14602.4577  1056096   13.80%
*   210+  181                        16889.0000    14602.4577            13.54%
*   219   188      integral     0    16825.0000    14602.4577  1060046   13.21%
*   224   186      integral     0    16798.0000    14602.4577  1060270   13.07%
    225   185    14791.8033   280    16798.0000    14633.7439  1073487   12.88%
Elapsed time = 795.92 sec. (594122.93 ticks, tree = 3.49 MB, solutions = 7)
    226   186    14795.6341   188    16798.0000    14633.7439  1078146   12.88%
    227   187    14795.6341   180    16798.0000    14633.7439  1080140   12.88%
    228   188    14795.6341   165    16798.0000    14633.7439  1082902   12.88%
    229   189    14795.6341   171    16798.0000    14633.7439  1085258   12.88%
    230   190    14798.8130   139    16798.0000    14633.7439  1087907   12.88%
    231   191    14827.9693   148    16798.0000    14633.7439  1094372   12.88%
    233   193    14827.9693   118    16798.0000    14633.7439  1100976   12.88%
    235   195    14889.9805   229    16798.0000    14633.7439  1112231   12.88%
    236   196    14899.4170   167    16798.0000    14633.7439  1118044   12.88%
    237   197    14902.6593   135    16798.0000    14633.7439  1124523   12.88%
Elapsed time = 833.11 sec. (620951.50 ticks, tree = 3.64 MB, solutions = 7)
    238   198    14902.6593   131    16798.0000    14633.7439  1129023   12.88%
    240   200    14902.6593   129    16798.0000    14633.7439  1134063   12.88%
    241   201    14902.6593   135    16798.0000    14633.7439  1136957   12.88%
    243   203    14902.6593   120    16798.0000    14633.7439  1139397   12.88%
    244   204    14902.6593   114    16798.0000    14633.7439  1143087   12.88%
    245   205    14902.6593   111    16798.0000    14633.7439  1145354   12.88%
    246   206    14902.6593   115    16798.0000    14633.7439  1149048   12.88%
    248   208    14902.6593   124    16798.0000    14633.7439  1151614   12.88%
    249   209    14902.6593   122    16798.0000    14633.7439  1156213   12.88%
    250   210    14902.6593   132    16798.0000    14633.7439  1158424   12.88%
Elapsed time = 896.50 sec. (666744.10 ticks, tree = 3.80 MB, solutions = 7)
    251   211    14902.6593   129    16798.0000    14633.7439  1161545   12.88%

Clique cuts applied:  12
Cover cuts applied:  30
Flow cuts applied:  4
Mixed integer rounding cuts applied:  79
Zero-half cuts applied:  68
Gomory fractional cuts applied:  2

Root node processing (before b&c):
  Real time             =  544.60 sec. (400899.17 ticks)
Sequential b&c:
  Real time             =  355.41 sec. (268560.13 ticks)
                          ------------
Total (root+branch&cut) =  900.01 sec. (669459.29 ticks)
MIP: [1;32mCPLEX finished.[0m
MIP: [1;32mCPLEX status: Feasible[0m
MIP: [1;32mSolution: 
Indexes: [15, 7, 2, 15, 0, 13, 9, 10, 11, 13, 12, 1, 2, 10, 12, 2, 10, 11, 3, 9][13, 2, 16, 15, -1, -1, -1, 11, -1, 8, 13, 1, 17, 16, -1, 11, -1, -1][-1, 12, 12, -1, -1, -1, -1, -1, 7, -1, -1, 12, -1, 12, -1, 2, 12, 12][-1, -1, 12, -1, -1, -1, -1, 3, -1, -1, -1, -1, 12, -1, -1, -1, -1, -1, -1][-1, -1, -1, 15, -1, -1, -1, -1, -1, -1, -1, -1, 15, -1, -1, -1, -1, -1, -1], P Variables: [0, 0, 0, 0, 0][0, 0, 0, 0, 0][0, 0, 0, 0, 0][0, 0, 0, 0, 0][0, 0, 0, 0, 0][0, 0, 0, 0, 0][0, 0, 0, 0, 0][0, 0, 0, 0, 0][0, 0, 0, 0, 0][0, 0, 0, 0, 0][0, 0, 0, 0, 0][0, 0, 0, 0, 0][0, 0, 0, 0, 0][0, 0, 0, 0, 0][0, 0, 0, 0, 0][0, 0, 0, 0, 0][0, 0, 0, 0, 0][0, 0, 0, 0, 0][0, 0, 0, 0, 0][0, 0, 0, 0, 0], Flow leaving each bin: Level: 0, Item: 0 => [0]
Level: 0, Item: 1 => [1]
Level: 0, Item: 2 => [2]
Level: 0, Item: 3 => [3]
Level: 0, Item: 4 => [4]
Level: 0, Item: 5 => [5]
Level: 0, Item: 6 => [6]
Level: 0, Item: 7 => [7]
Level: 0, Item: 8 => [8]
Level: 0, Item: 9 => [9]
Level: 0, Item: 10 => [10]
Level: 0, Item: 11 => [11]
Level: 0, Item: 12 => [12]
Level: 0, Item: 13 => [13]
Level: 0, Item: 14 => [14]
Level: 0, Item: 15 => [15]
Level: 0, Item: 16 => [16]
Level: 0, Item: 17 => [17]
Level: 0, Item: 18 => [18]
Level: 0, Item: 19 => [19]
Level: 1, Bin: 0 => [4]
Level: 1, Bin: 1 => [11]
Level: 1, Bin: 2 => [2, 12, 15]
Level: 1, Bin: 3 => [18]
Level: 1, Bin: 7 => [1]
Level: 1, Bin: 9 => [6, 19]
Level: 1, Bin: 10 => [7, 13, 16]
Level: 1, Bin: 11 => [8, 17]
Level: 1, Bin: 12 => [10, 14]
Level: 1, Bin: 13 => [5, 9]
Level: 1, Bin: 15 => [0, 3]
Level: 2, Bin: 1 => [8, 17]
Level: 2, Bin: 2 => [11]
Level: 2, Bin: 8 => [6, 19]
Level: 2, Bin: 11 => [0, 1, 3]
Level: 2, Bin: 13 => [4, 7, 13, 16]
Level: 2, Bin: 15 => [18]
Level: 2, Bin: 16 => [2, 5, 9, 12, 15]
Level: 2, Bin: 17 => [10, 14]
Level: 3, Bin: 2 => [18]
Level: 3, Bin: 7 => [6, 19]
Level: 3, Bin: 12 => [0, 1, 2, 3, 4, 5, 7, 8, 9, 10, 11, 12, 13, 14, 15, 16, 17]
Level: 4, Bin: 3 => [6, 19]
Level: 4, Bin: 12 => [0, 1, 2, 3, 4, 5, 7, 8, 9, 10, 11, 12, 13, 14, 15, 16, 17, 18]
Level: 5, Bin: 15 => [0, 1, 2, 3, 4, 5, 6, 7, 8, 9, 10, 11, 12, 13, 14, 15, 16, 17, 18, 19]
[0m
MIP: [1;32mObjective value: 16798[0m
MIP: [1;32mLower Bound: 14633.7[0m
MIP: [1;32mBranch-and-Bound nodes: 253[0m

# best solution:
best objective value:	16798
best dual bound value:	14633
optimality gap:	12.8884%
CPU time:	896.723
