ifile	/scratch/csagturk/mlbppo_inst/n0020_m04_p100__066.inst
prob	NFMLBPPO
threads	1
ttime	900
instance: /scratch/csagturk/mlbppo_inst/n0020_m04_p100__066.inst
	m=4, n=[20, 19, 19, 18, 17], #pos=20
MIP: [1;32minit CPLEX[0m
CAN: [1;35mcreated 1389 x_{ijk} variables[0m
CAN: [1;35mcreated 93 y_{ij} variables[0m
CAN: [1;35mcreated 1860 f_{ijkh} variables[0m
MIP: [1;32mcreated decision variables[0m
CAN: [1;35madded 20 constraints to enforce the packing of each item[0m
CAN: [1;35madded 56 constraints to enforce the packing of each item[0m
CAN: [1;35madded 73 capacity constraints[0m
MIP: [1;32mcreated constraints[0m
MIP: [1;32mcreated objective function[0m
MIP: [1;32mcalling CPLEX solve ...[0m
Version identifier: 22.1.0.0 | 2022-03-09 | 1a383f8ce
CPXPARAM_Threads                                 1
CPXPARAM_TimeLimit                               900
Tried aggregator 2 times.
MIP Presolve eliminated 7662 rows and 8043 columns.
MIP Presolve modified 862 coefficients.
Aggregator did 239 substitutions.
Reduced MIP has 22352 rows, 21860 columns, and 84021 nonzeros.
Reduced MIP has 21692 binaries, 0 generals, 0 SOSs, and 101 indicators.
Presolve time = 0.12 sec. (107.38 ticks)
Probing fixed 989 vars, tightened 112 bounds.
Probing changed sense of 338 constraints.
Probing time = 2.25 sec. (2295.08 ticks)
Tried aggregator 2 times.
Detecting symmetries...
MIP Presolve eliminated 1706 rows and 1666 columns.
Aggregator did 12 substitutions.
Reduced MIP has 20634 rows, 20182 columns, and 77595 nonzeros.
Reduced MIP has 20182 binaries, 0 generals, 0 SOSs, and 0 indicators.
Presolve time = 0.13 sec. (118.00 ticks)
Probing time = 0.01 sec. (9.90 ticks)
Clique table members: 56145.
MIP emphasis: balance optimality and feasibility.
MIP search method: dynamic search.
Parallel mode: none, using 1 thread.
Root relaxation solution time = 1.77 sec. (1962.34 ticks)

        Nodes                                         Cuts/
   Node  Left     Objective  IInf  Best Integer    Best Bound    ItCnt     Gap

      0     0    12882.2429   381                  12882.2429     8667         
      0     0    13008.4397   403                    Cuts: 60    17609         
      0     0    13077.0945   412                    Cuts: 67    27724         
      0     0    13169.4523   511                    Cuts: 73    38618         
      0     0    13256.1805   451                    Cuts: 60    46007         
      0     0    13328.7482   599                    Cuts: 57    56591         
      0     0    13358.9695   609                    Cuts: 64    68096         
      0     0    13362.8118   576                    Cuts: 46    74208         
      0     0    13377.8345   579                    Cuts: 43    86093         
      0     0    13399.5082   563                    Cuts: 51   104180         
      0     0    13440.5239   448                    Cuts: 55   117706         
      0     0    13447.3652   443                    Cuts: 54   130096         
      0     0    13453.4475   420                    Cuts: 36   148142         
      0     0    13462.4998   562                    Cuts: 46   164462         
      0     0    13482.4226   448                    Cuts: 39   180324         
      0     0    13483.2943   472                    Cuts: 28   189716         
      0     0    13485.0452   422                    Cuts: 25   197228         
      0     0    13490.1693   457                    Cuts: 37   205112         
      0     0    13490.6673   430                    Cuts: 30   210939         
      0     0    13491.2357   448                    Cuts: 24   220449         
*     0+    0                        30740.0000    13491.2357            56.11%
*     0+    0                        23304.0000    13491.2357            42.11%
      0     2    13491.2357   428    23304.0000    13491.9859   220449   42.10%
Elapsed time = 109.68 sec. (125180.13 ticks, tree = 0.01 MB, solutions = 2)
      2     4    13582.3409   441    23304.0000    13495.8066   233394   42.09%
      3     5    13496.8673   449    23304.0000    13496.8535   239011   42.08%
      4     6    13504.2347   409    23304.0000    13496.9560   244627   42.08%
      5     7    13516.3232   382    23304.0000    13496.9560   252076   42.08%
      6     8    13516.4339   362    23304.0000    13496.9560   257928   42.08%
      7     9    13516.6731   384    23304.0000    13496.9560   263577   42.08%
      8    10    13517.6588   320    23304.0000    13496.9560   268207   42.08%
      9    11    13527.5498   359    23304.0000    13496.9560   272874   42.08%
     10    12    13518.2505   315    23304.0000    13496.9560   275105   42.08%
     13    15    13523.9423   272    23304.0000    13496.9560   283146   42.08%
Elapsed time = 120.84 sec. (136945.61 ticks, tree = 0.29 MB, solutions = 2)
     17    19    13538.5304   319    23304.0000    13496.9560   291332   42.08%
     18    20    13553.2363   382    23304.0000    13496.9560   299294   42.08%
     20    22    13538.5304   325    23304.0000    13496.9560   304345   42.08%
     23    25    13570.7488   308    23304.0000    13496.9560   314265   42.08%
     26    28    13571.7317   239    23304.0000    13496.9560   321215   42.08%
     29    31    13612.5121   372    23304.0000    13496.9560   333729   42.08%
     30    32    13808.6303   273    23304.0000    13496.9560   338058   42.08%
     32    34    13840.0161   284    23304.0000    13496.9560   358153   42.08%
     34    36    14461.1369   219    23304.0000    13496.9560   365484   42.08%
     36    38    13956.9919   198    23304.0000    13496.9560   377803   42.08%
Elapsed time = 137.33 sec. (153678.24 ticks, tree = 0.83 MB, solutions = 2)
     40    42    13996.2976   211    23304.0000    13496.9560   387728   42.08%
     44    46    14295.2226   148    23304.0000    13496.9560   396728   42.08%
*    50+   50                        20796.0000    13496.9560            35.10%
     50    52    14421.6809   209    20796.0000    13496.9560   405554   35.10%
     55    57    14675.0225   224    20796.0000    13496.9560   415579   35.10%
     60    62    14642.8415   156    20796.0000    13496.9560   424367   35.10%
     66    68    14876.3419   206    20796.0000    13496.9560   434834   35.10%
*    70+   70                        17636.0000    13496.9560            23.47%
     71    73    15113.0571   198    17636.0000    13496.9560   444574   23.47%
     80    82    16147.6318   165    17636.0000    13496.9560   454100   23.47%
     99   101    16419.0000    55    17636.0000    13496.9560   464695   23.47%
    117   119    16985.2575   119    17636.0000    13496.9560   476250   23.47%
Elapsed time = 148.38 sec. (165352.78 ticks, tree = 1.70 MB, solutions = 4)
    143   129    13503.3994   475    17636.0000    13497.1366   492134   23.47%
    144   130    13504.3941   483    17636.0000    13497.1366   497434   23.47%
    145   131    13504.8357   463    17636.0000    13497.1366   504168   23.47%
    147   133    13504.8357   459    17636.0000    13497.1366   510920   23.47%
    149   135    13504.8357   435    17636.0000    13497.1366   519166   23.47%
    150   136    13504.8357   445    17636.0000    13497.1366   523591   23.47%
    151   137    13505.6209   552    17636.0000    13497.1366   529473   23.47%
    154   140    13528.9418   305    17636.0000    13497.1366   537488   23.47%
    156   142    13551.1978   296    17636.0000    13497.1366   545374   23.47%
    158   144    13568.9493   411    17636.0000    13497.1366   552720   23.47%
Elapsed time = 163.99 sec. (181447.90 ticks, tree = 1.96 MB, solutions = 4)
*   160+  115                        16341.0000    13497.1366            17.40%
    160   117    13577.5348   341    16341.0000    13497.1366   560787   17.40%
    162   119    13608.8893   326    16341.0000    13497.1366   568991   17.40%
    164   121    13608.8893   326    16341.0000    13497.1366   573416   17.40%
    168   125    13630.1584   317    16341.0000    13497.1366   583764   17.40%
    170   127    13740.5776   155    16341.0000    13497.1366   588207   17.40%
    180   137    13742.4375    52    16341.0000    13497.1366   594046   17.40%
    191   148    13742.4375    72    16341.0000    13497.1366   600577   17.40%
    195   152    13747.7266   322    16341.0000    13497.1366   612938   17.40%
    200   157    14370.7014   144    16341.0000    13497.1366   623798   17.40%
    207   164    15046.7973   265    16341.0000    13497.1366   635584   17.40%
Elapsed time = 175.45 sec. (193444.86 ticks, tree = 2.16 MB, solutions = 5)
    213   170    15888.4922   215    16341.0000    13497.1366   645314   17.40%
    220   177    15903.9204   163    16341.0000    13497.1366   653611   17.40%
    228   177    13501.8893   489    16341.0000    13501.8893   663942   17.37%
    230   179    13501.8893   469    16341.0000    13501.8893   670093   17.37%
    233   182    13520.1457   376    16341.0000    13501.8893   678818   17.37%
    236   185    13561.5086   409    16341.0000    13501.8893   689757   17.37%
    239   188    13571.9494   428    16341.0000    13501.8893   701822   17.37%
    240   189    13576.5425   366    16341.0000    13501.8893   712098   17.37%
    241   190    13576.5425   395    16341.0000    13501.8893   719219   17.37%
    242   191    13576.5425   345    16341.0000    13501.8893   729304   17.37%
Elapsed time = 209.96 sec. (228417.58 ticks, tree = 2.45 MB, solutions = 5)
    243   192    13576.5425   364    16341.0000    13501.8893   740350   17.37%
    244   193    13583.4990   403    16341.0000    13501.8893   750122   17.37%
    245   194    13586.4023   356    16341.0000    13501.8893   757253   17.37%
    246   195    13586.4023   344    16341.0000    13501.8893   768483   17.37%
    247   196    13586.4023   380    16341.0000    13501.8893   778528   17.37%
    248   197    13592.2581   392    16341.0000    13501.8893   787549   17.37%
    249   198    13597.0589   396    16341.0000    13501.8893   796703   17.37%
    250   199    13597.0589   368    16341.0000    13501.8893   802945   17.37%
    251   200    13608.1403   368    16341.0000    13501.8893   813977   17.37%
    252   201    13612.0447   311    16341.0000    13501.8893   821648   17.37%
Elapsed time = 247.66 sec. (265047.45 ticks, tree = 2.56 MB, solutions = 5)
    253   202    13712.6077   382    16341.0000    13501.8893   830403   17.37%
    254   203    13712.6077   384    16341.0000    13501.8893   837240   17.37%
    255   204    13712.6077   344    16341.0000    13501.8893   847481   17.37%
    256   205    13713.0621   375    16341.0000    13501.8893   860265   17.37%
    257   206    13728.0735   317    16341.0000    13501.8893   876146   17.37%
    258   207    13736.7633   301    16341.0000    13501.8893   885201   17.37%
    260   209    13736.7633   295    16341.0000    13501.8893   888228   17.37%
    262   211    13736.7633   287    16341.0000    13501.8893   900321   17.37%
    265   214    13755.9036   324    16341.0000    13501.8893   908936   17.37%
    269   218    13838.8840   283    16341.0000    13501.8893   916060   17.37%
Elapsed time = 274.24 sec. (291258.56 ticks, tree = 2.89 MB, solutions = 5)
    273   222    13925.4585   400    16341.0000    13501.8893   925877   17.37%
    277   226    13958.4172   336    16341.0000    13501.8893   935626   17.37%
    289   236    14147.4108   256    16341.0000    13501.8893   945718   17.37%
    296   243    14282.1902   256    16341.0000    13501.8893   956907   17.37%
    309   254    14610.2273   288    16341.0000    13501.8893   966355   17.37%
    321   266    15380.1120   200    16341.0000    13501.8893   978545   17.37%
    331   272    13501.8893   483    16341.0000    13501.8893   998079   17.37%
    332   273    13501.8893   442    16341.0000    13501.8893  1004708   17.37%
    333   274    13509.4637   446    16341.0000    13501.8893  1013140   17.37%
    334   275    13520.1457   440    16341.0000    13501.8893  1023286   17.37%
Elapsed time = 297.81 sec. (315452.93 ticks, tree = 3.53 MB, solutions = 5)
    335   276    13520.1457   448    16341.0000    13501.8893  1034254   17.37%
    336   277    13539.3361   392    16341.0000    13501.8893  1042719   17.37%
    337   278    13561.5086   421    16341.0000    13501.8893  1052475   17.37%
    338   279    13562.4897   414    16341.0000    13501.8893  1062116   17.37%
    339   280    13571.9494   395    16341.0000    13501.8893  1074533   17.37%
    340   281    13576.5425   397    16341.0000    13501.8893  1088205   17.37%
    341   282    13576.5425   370    16341.0000    13501.8893  1096421   17.37%
    342   283    13576.5425   279    16341.0000    13501.8893  1108036   17.37%
    343   284    13576.5425   287    16341.0000    13501.8893  1118895   17.37%
    344   285    13576.5425   330    16341.0000    13501.8893  1130416   17.37%
Elapsed time = 345.57 sec. (362656.50 ticks, tree = 3.63 MB, solutions = 5)
    345   286    13576.5425   383    16341.0000    13501.8893  1140463   17.37%
    347   288    13586.4023   372    16341.0000    13501.8893  1158876   17.37%
    349   290    13592.2581   349    16341.0000    13501.8893  1170749   17.37%
    351   292    13597.0589   369    16341.0000    13501.8893  1186588   17.37%
    353   294    13706.1843   424    16341.0000    13501.8893  1203007   17.37%
    355   296    13706.1843   378    16341.0000    13501.8893  1217746   17.37%
    356   297    13732.7982   398    16341.0000    13501.8893  1228011   17.37%
    358   299    13759.5900   412    16341.0000    13501.8893  1245183   17.37%
    360   301    13852.7503   349    16341.0000    13501.8893  1259475   17.37%
    362   303    13895.0482   320    16341.0000    13501.8893  1271774   17.37%
Elapsed time = 399.35 sec. (414362.44 ticks, tree = 3.82 MB, solutions = 5)
    365   306    13897.1934   270    16341.0000    13501.8893  1283657   17.37%
    400   341    15414.5797   246    16341.0000    13501.8893  1322284   17.37%
    403   340    13510.6642   495    16341.0000    13501.8893  1334720   17.37%
    405   342    13525.3266   409    16341.0000    13501.8893  1348262   17.37%
    408   345    13590.7268   452    16341.0000    13501.8893  1364235   17.37%
    410   347    13602.6945   383    16341.0000    13501.8893  1383887   17.37%
    412   349    13602.6945   357    16341.0000    13501.8893  1398521   17.37%
    414   351    13602.6945   386    16341.0000    13501.8893  1410869   17.37%
    421   358    13606.3994   289    16341.0000    13501.8893  1430747   17.37%
    428   365    13708.3025   454    16341.0000    13501.8893  1461309   17.37%
Elapsed time = 448.60 sec. (463731.29 ticks, tree = 4.48 MB, solutions = 5)
    439   376    13864.1847   306    16341.0000    13501.8893  1517872   17.37%
    449   386    14183.1176   221    16341.0000    13501.8893  1552546   17.37%
    469   400    13510.7479   541    16341.0000    13502.1323  1603875   17.37%
    478   409    13704.1511   241    16341.0000    13502.1323  1655296   17.37%
    490   421    13737.9750   239    16341.0000    13502.1323  1713673   17.37%
    505   436    13822.8304   236    16341.0000    13502.1323  1782876   17.37%
    520   451    14409.1980   161    16341.0000    13502.1323  1845066   17.37%

Performing restart 1

Repeating presolve.
Tried aggregator 2 times.
MIP Presolve eliminated 17 rows and 0 columns.
MIP Presolve modified 3637 coefficients.
Aggregator did 20 substitutions.
Reduced MIP has 20597 rows, 20162 columns, and 76692 nonzeros.
Reduced MIP has 20162 binaries, 0 generals, 0 SOSs, and 0 indicators.
Presolve time = 0.11 sec. (114.22 ticks)
Tried aggregator 1 time.
MIP Presolve modified 278 coefficients.
Reduced MIP has 20597 rows, 20162 columns, and 76692 nonzeros.
Reduced MIP has 20162 binaries, 0 generals, 0 SOSs, and 0 indicators.
Presolve time = 0.08 sec. (80.47 ticks)
Represolve time = 0.40 sec. (390.14 ticks)
    535     0    13491.5266   410    16341.0000      Cuts: 10  1903639   17.37%
    535     0    13491.7375   403    16341.0000      Cuts: 50  1912776   17.37%
    535     0    13504.0815   435    16341.0000      Cuts: 34  1926418   17.36%
    535     0    13522.9233   450    16341.0000      Cuts: 90  1938430   17.25%
    535     0    13524.5958   464    16341.0000      Cuts: 67  1946457   17.24%
    535     0    13533.7872   457    16341.0000      Cuts: 53  1959318   17.18%
    535     0    13537.7252   494    16341.0000      Cuts: 60  1975106   17.15%
    535     0    13538.3800   508    16341.0000      Cuts: 42  1991458   17.15%
    535     0    13538.4210   507    16341.0000      Cuts: 37  2008145   17.15%
    535     0    13538.4526   522    16341.0000      Cuts: 39  2019696   17.15%
    535     0    13538.4948   523    16341.0000      Cuts: 17  2031389   17.15%
    535     0    13538.4948   444    16341.0000      Cuts: 11  2034525   17.15%
    535     0    13538.5816   460    16341.0000      Cuts: 25  2037597   17.15%
    535     0    13538.6791   412    16341.0000      Cuts: 10  2041286   17.15%
    535     0    13538.7514   406    16341.0000      Cuts: 17  2045715   17.15%
    535     0    13538.7514   387    16341.0000      Cuts: 14  2050735   17.15%
    535     0    13538.7514   432    16341.0000      Cuts: 13  2054126   17.15%
    535     2    13538.7514   404    16341.0000    13539.3989  2054126   17.14%
    537     4    13545.3493   445    16341.0000    13546.1346  2064734   17.10%
    538     5    13675.4846   446    16341.0000    13546.1346  2073951   17.10%
Elapsed time = 611.09 sec. (634915.54 ticks, tree = 0.03 MB, solutions = 5)
    541     8    13685.7134   390    16341.0000    13546.1346  2102940   17.10%
    545    12    13724.9826   299    16341.0000    13546.1346  2123659   17.10%
    552    19    13804.0311   296    16341.0000    13546.1346  2145200   17.10%
    555    22    13816.1989   343    16341.0000    13546.1346  2167557   17.10%
    558    25    13865.6723   391    16341.0000    13546.1346  2178791   17.10%
    565    32    13959.8709   308    16341.0000    13546.1346  2191133   17.10%
    570    37    13987.4603   347    16341.0000    13546.1346  2208034   17.10%
    580    47    14145.4813   282    16341.0000    13546.1346  2223782   17.10%
    587    54    15026.4640   285    16341.0000    13546.1346  2235511   17.10%
    599    64    14954.9220   286    16341.0000    13546.1346  2252846   17.10%
Elapsed time = 649.04 sec. (678486.62 ticks, tree = 0.97 MB, solutions = 5)
    613    78    15073.0000   183    16341.0000    13546.1346  2261824   17.10%
    646   111    15282.3333   123    16341.0000    13546.1346  2269526   17.10%
    673   130    13548.2685   434    16341.0000    13546.7645  2275385   17.10%
    676   133    13611.4375   426    16341.0000    13546.7645  2288819   17.10%
    684   141    13680.6368   296    16341.0000    13546.7645  2306997   17.10%
    697   154    13776.6107   252    16341.0000    13546.7645  2320089   17.10%
    719   176    14673.2042   223    16341.0000    13546.7645  2336442   17.10%
    746   197    13698.6202   537    16341.0000    13548.4085  2356021   17.09%
    748   199    13745.6916   419    16341.0000    13548.4085  2373900   17.09%
    749   200    13783.4761   468    16341.0000    13548.4085  2383716   17.09%
Elapsed time = 702.85 sec. (740624.62 ticks, tree = 2.53 MB, solutions = 5)
    750   201    13802.4608   460    16341.0000    13548.4085  2394157   17.09%
    751   202    13808.1143   446    16341.0000    13548.4085  2404179   17.09%
    753   204    13816.3585   391    16341.0000    13548.4085  2422507   17.09%
    755   206    13857.5705   285    16341.0000    13548.4085  2438487   17.09%
    756   207    13885.0661   499    16341.0000    13548.4085  2448580   17.09%
    758   209    13890.0174   401    16341.0000    13548.4085  2456394   17.09%
    760   211    13918.3734   402    16341.0000    13548.4085  2474718   17.09%
    762   213    13922.4982   387    16341.0000    13548.4085  2490682   17.09%
    764   215    13939.2044   333    16341.0000    13548.4085  2507254   17.09%
    767   218    14023.5575   344    16341.0000    13548.4085  2527602   17.09%
Elapsed time = 759.40 sec. (798338.11 ticks, tree = 2.87 MB, solutions = 5)
    771   222    15218.8647   284    16341.0000    13548.4085  2543122   17.09%
    779   230    15320.4432   236    16341.0000    13548.4085  2559539   17.09%
    789   240    15477.8858   263    16341.0000    13548.4085  2576850   17.09%
    817   264    13552.5539   379    16341.0000    13552.4161  2598333   17.06%
    819   266    13554.4385   325    16341.0000    13552.4161  2612237   17.06%
    821   268    13567.6667   464    16341.0000    13552.4161  2630809   17.06%
    822   269    13596.1344   419    16341.0000    13552.4161  2640913   17.06%
    824   271    13596.8690   454    16341.0000    13552.4161  2658302   17.06%
    825   272    13956.0942   341    16341.0000    13552.4161  2668875   17.06%
    827   274    14010.5217   336    16341.0000    13552.4161  2686010   17.06%
Elapsed time = 821.91 sec. (864464.79 ticks, tree = 3.71 MB, solutions = 5)
    829   276    14018.2646   368    16341.0000    13552.4161  2701063   17.06%
    831   278    14025.9836   342    16341.0000    13552.4161  2718963   17.06%
    833   280    14087.1496   327    16341.0000    13552.4161  2732150   17.06%
Starting limited solution polishing.
    835   282    14105.5354   413    16341.0000    13552.4161  2742995   17.06%
    839   286    14536.9071   355    16341.0000    13552.4161  2758770   17.06%
    856   296    13676.8082   409    16341.0000    13552.7934  2787711   17.06%
    863   303    13752.8822   350    16341.0000    13552.7934  2808812   17.06%
    866   306    13766.9735   362    16341.0000    13552.7934  2825986   17.06%
    868   308    13790.1816   337    16341.0000    13552.7934  2841841   17.06%
    871   311    13812.0943   339    16341.0000    13552.7934  2854423   17.06%
Elapsed time = 877.70 sec. (923704.25 ticks, tree = 4.26 MB, solutions = 5)
    873   313    14152.9005   335    16341.0000    13552.7934  2879452   17.06%
    875   315    14165.0888   380    16341.0000    13552.7934  2893125   17.06%
    877   317    14178.6482   399    16341.0000    13552.7934  2906627   17.06%
    879   319    14188.1053   337    16341.0000    13552.7934  2923846   17.06%

Clique cuts applied:  15
Cover cuts applied:  35
Flow cuts applied:  3
Mixed integer rounding cuts applied:  81
Zero-half cuts applied:  29
Lift and project cuts applied:  2
Gomory fractional cuts applied:  1

Root node processing (before b&c):
  Real time             =  108.59 sec. (124233.37 ticks)
Sequential b&c:
  Real time             =  791.42 sec. (823604.31 ticks)
                          ------------
Total (root+branch&cut) =  900.01 sec. (947837.68 ticks)
MIP: [1;32mCPLEX finished.[0m
MIP: [1;32mCPLEX status: Feasible[0m
MIP: [1;32mSolution: 
Indexes: [15, 18, 6, 12, 7, 2, 0, 2, 4, 2, 4, 1, 5, 1, 4, 16, 1, 12, 0, 18][5, 11, 14, -1, 14, 16, 2, 18, -1, -1, -1, -1, 5, -1, -1, 2, 11, -1, 18][-1, -1, 14, -1, -1, 17, -1, -1, -1, -1, -1, 2, -1, -1, 3, -1, 14, -1, 2][-1, -1, 12, 12, -1, -1, -1, -1, -1, -1, -1, -1, -1, -1, 4, -1, -1, 12], P Variables: [0, 0, 0, 0][0, 0, 0, 0][0, 0, 0, 0][0, 0, 0, 0][0, 0, 0, 0][0, 0, 0, 0][0, 0, 0, 0][0, 0, 0, 0][0, 0, 0, 0][0, 0, 0, 0][0, 0, 0, 0][0, 0, 0, 0][0, 0, 0, 0][0, 0, 0, 0][0, 0, 0, 0][0, 0, 0, 0][0, 0, 0, 0][0, 0, 0, 0][0, 0, 0, 0][0, 0, 0, 0], Flow leaving each bin: Level: 0, Item: 0 => [0]
Level: 0, Item: 1 => [1]
Level: 0, Item: 2 => [2]
Level: 0, Item: 3 => [3]
Level: 0, Item: 4 => [4]
Level: 0, Item: 5 => [5]
Level: 0, Item: 6 => [6]
Level: 0, Item: 7 => [7]
Level: 0, Item: 8 => [8]
Level: 0, Item: 9 => [9]
Level: 0, Item: 10 => [10]
Level: 0, Item: 11 => [11]
Level: 0, Item: 12 => [12]
Level: 0, Item: 13 => [13]
Level: 0, Item: 14 => [14]
Level: 0, Item: 15 => [15]
Level: 0, Item: 16 => [16]
Level: 0, Item: 17 => [17]
Level: 0, Item: 18 => [18]
Level: 0, Item: 19 => [19]
Level: 1, Bin: 0 => [6, 18]
Level: 1, Bin: 1 => [11, 13, 16]
Level: 1, Bin: 2 => [5, 7, 9]
Level: 1, Bin: 4 => [8, 10, 14]
Level: 1, Bin: 5 => [12]
Level: 1, Bin: 6 => [2]
Level: 1, Bin: 7 => [4]
Level: 1, Bin: 12 => [3, 17]
Level: 1, Bin: 15 => [0]
Level: 1, Bin: 16 => [15]
Level: 1, Bin: 18 => [1, 19]
Level: 2, Bin: 2 => [0, 2]
Level: 2, Bin: 5 => [3, 6, 17, 18]
Level: 2, Bin: 11 => [11, 13, 15, 16]
Level: 2, Bin: 14 => [5, 7, 8, 9, 10, 14]
Level: 2, Bin: 16 => [12]
Level: 2, Bin: 18 => [1, 4, 19]
Level: 3, Bin: 2 => [1, 4, 11, 13, 15, 16, 19]
Level: 3, Bin: 3 => [5, 7, 8, 9, 10, 14]
Level: 3, Bin: 14 => [0, 2, 12]
Level: 3, Bin: 17 => [3, 6, 17, 18]
Level: 4, Bin: 4 => [0, 2, 12]
Level: 4, Bin: 12 => [1, 3, 4, 5, 6, 7, 8, 9, 10, 11, 13, 14, 15, 16, 17, 18, 19]
[0m
MIP: [1;32mObjective value: 16341[0m
MIP: [1;32mLower Bound: 13552.8[0m
MIP: [1;32mBranch-and-Bound nodes: 881[0m

# best solution:
best objective value:	16341
best dual bound value:	13552
optimality gap:	17.0675%
CPU time:	897.142
