ifile	/scratch/csagturk/mlbppo_inst/n0020_m05_p200__015.inst
prob	NFMLBPPO
threads	1
ttime	900
instance: /scratch/csagturk/mlbppo_inst/n0020_m05_p200__015.inst
	m=5, n=[20, 18, 19, 26, 24, 22], #pos=40
MIP: [1;32minit CPLEX[0m
CAN: [1;35mcreated 2348 x_{ijk} variables[0m
CAN: [1;35mcreated 129 y_{ij} variables[0m
CAN: [1;35mcreated 2580 f_{ijkh} variables[0m
MIP: [1;32mcreated decision variables[0m
CAN: [1;35madded 20 constraints to enforce the packing of each item[0m
CAN: [1;35madded 87 constraints to enforce the packing of each item[0m
CAN: [1;35madded 109 capacity constraints[0m
MIP: [1;32mcreated constraints[0m
MIP: [1;32mcreated objective function[0m
MIP: [1;32mcalling CPLEX solve ...[0m
Version identifier: 22.1.0.0 | 2022-03-09 | 1a383f8ce
CPXPARAM_Threads                                 1
CPXPARAM_TimeLimit                               900
Tried aggregator 2 times.
MIP Presolve eliminated 14217 rows and 14847 columns.
MIP Presolve modified 1986 coefficients.
Aggregator did 283 substitutions.
Reduced MIP has 36524 rows, 35597 columns, and 148663 nonzeros.
Reduced MIP has 35338 binaries, 0 generals, 0 SOSs, and 158 indicators.
Presolve time = 0.21 sec. (195.17 ticks)
Probing fixed 1593 vars, tightened 169 bounds.
Probing changed sense of 366 constraints.
Probing time = 6.52 sec. (6010.14 ticks)
Tried aggregator 2 times.
Detecting symmetries...
MIP Presolve eliminated 2517 rows and 2484 columns.
Aggregator did 16 substitutions.
Reduced MIP has 33991 rows, 33097 columns, and 138163 nonzeros.
Reduced MIP has 33097 binaries, 0 generals, 0 SOSs, and 0 indicators.
Presolve time = 0.24 sec. (206.55 ticks)
Probing time = 0.02 sec. (13.46 ticks)
Clique table members: 97189.
MIP emphasis: balance optimality and feasibility.
MIP search method: dynamic search.
Parallel mode: none, using 1 thread.
Root relaxation solution time = 5.28 sec. (5108.05 ticks)

        Nodes                                         Cuts/
   Node  Left     Objective  IInf  Best Integer    Best Bound    ItCnt     Gap

      0     0    14566.4226   392                  14566.4226    16419         
      0     0    14781.5253   576                    Cuts: 86    35788         
      0     0    15310.7324   543                    Cuts: 66    53537         
      0     0    15401.5379   630                    Cuts: 68    70313         
      0     0    15518.8199   579                    Cuts: 74    80527         
      0     0    15555.9681   743                    Cuts: 76    93188         
      0     0    15600.2781   778                    Cuts: 56   120453         
      0     0    15623.5639   680                    Cuts: 53   136967         
      0     0    15636.3229   733                    Cuts: 42   143174         
      0     0    15661.0582   675                    Cuts: 28   150628         
      0     0    15670.0495   770                    Cuts: 24   157320         
      0     0    15676.3633   697                    Cuts: 23   167212         
      0     0    15682.6104   821                    Cuts: 21   175165         
      0     0    15693.6188   708                    Cuts: 17   182094         
      0     0    15693.9710   523                    Cuts: 14   187335         
      0     0    15694.2664   576                     Cuts: 8   192117         
      0     0    15694.8458   670                     Cuts: 8   196855         
Heuristic still looking.
Heuristic still looking.
*     0+    0                        23725.0000    15694.8458            33.85%
*     0+    0                        22847.0000    15694.8458            31.30%
*     0+    0                        21686.0000    15694.8458            27.63%
*     0+    0                        19852.0000    15694.8458            20.94%
      0     0  -1.00000e+75     0    19852.0000    15694.8458   196855   20.94%
      0     2    15694.8458   670    19852.0000    15696.6564   196855   20.93%
Elapsed time = 186.73 sec. (184796.62 ticks, tree = 0.01 MB, solutions = 4)
      1     3    15704.7393   762    19852.0000    15698.4906   208521   20.92%
      2     4    15976.6702   626    19852.0000    15704.7942   223569   20.89%
      3     5    16001.5473   751    19852.0000    15704.7942   240781   20.89%
      4     6    16019.1663   686    19852.0000    15704.7942   269787   20.89%
      5     7    16126.9604   665    19852.0000    15704.7942   307542   20.89%
      6     8    16133.2397   612    19852.0000    15704.7942   339298   20.89%
      7     9    16144.2224   651    19852.0000    15704.7942   351816   20.89%
      8    10    16254.5803   507    19852.0000    15704.7942   363012   20.89%
      9    11    16259.4455   523    19852.0000    15704.7942   371483   20.89%
     10    12    16394.8906   476    19852.0000    15704.7942   380635   20.89%
Elapsed time = 236.65 sec. (229586.73 ticks, tree = 0.15 MB, solutions = 4)
     11    13    16619.0996   402    19852.0000    15704.7942   387298   20.89%
     12    14    16860.8403   442    19852.0000    15704.7942   397519   20.89%
     13    15    17010.4073   353    19852.0000    15704.7942   407136   20.89%
     14    16    17143.6477   447    19852.0000    15704.7942   419138   20.89%
     15    17    17059.8410   327    19852.0000    15704.7942   425142   20.89%
     16    18    17059.8410   331    19852.0000    15704.7942   430381   20.89%
     17    19    17142.4522   361    19852.0000    15704.7942   437652   20.89%
     18    20    17059.8410   319    19852.0000    15704.7942   441310   20.89%
     20    22    17059.8410   319    19852.0000    15704.7942   448212   20.89%
     21    23    17059.8410   318    19852.0000    15704.7942   453154   20.89%
Elapsed time = 265.10 sec. (254102.78 ticks, tree = 0.60 MB, solutions = 4)
     23    25    17059.8410   316    19852.0000    15704.7942   461075   20.89%
     25    27    17059.8410   346    19852.0000    15704.7942   469339   20.89%
     27    29    17064.5651   317    19852.0000    15704.7942   479586   20.89%
     31    33    17083.6998   279    19852.0000    15704.7942   487873   20.89%
     34    36    17095.6145   370    19852.0000    15704.7942   502750   20.89%
     35    37    17374.4814   327    19852.0000    15704.7942   507454   20.89%
     37    39    17390.5835   312    19852.0000    15704.7942   515160   20.89%
     39    41    17419.2732   328    19852.0000    15704.7942   523601   20.89%
     40    42    17423.1108   330    19852.0000    15704.7942   533809   20.89%
     42    44    17885.6218   418    19852.0000    15704.7942   542053   20.89%
Elapsed time = 283.95 sec. (269623.52 ticks, tree = 0.94 MB, solutions = 4)
     44    46    17501.6271   313    19852.0000    15704.7942   552622   20.89%
     48    50    17575.3297   276    19852.0000    15704.7942   560169   20.89%
     50    52    17580.9041   285    19852.0000    15704.7942   567726   20.89%
     54    56    17618.7337   256    19852.0000    15704.7942   577676   20.89%
     57    59    17633.3297   286    19852.0000    15704.7942   586551   20.89%
     59    61    17622.6177   275    19852.0000    15704.7942   591420   20.89%
     60    62    17639.9808   284    19852.0000    15704.7942   599755   20.89%
     62    64    18943.4676   241    19852.0000    15704.7942   609046   20.89%
     64    66    17682.3946   308    19852.0000    15704.7942   616778   20.89%
     65    67    17662.9839   369    19852.0000    15704.7942   625475   20.89%
Elapsed time = 299.76 sec. (282470.42 ticks, tree = 1.31 MB, solutions = 4)
     66    68    17686.2618   268    19852.0000    15704.7942   633824   20.89%
     67    69    17816.0109   301    19852.0000    15704.7942   643763   20.89%
     68    70    17891.2909   433    19852.0000    15704.7942   657639   20.89%
     69    71    17849.7177   276    19852.0000    15704.7942   661011   20.89%
     71    73    18361.3672   295    19852.0000    15704.7942   672479   20.89%
     73    75    18538.6481   274    19852.0000    15704.7942   685514   20.89%
     74    76    17957.2779   250    19852.0000    15704.7942   690665   20.89%
     76    78    18016.8816   254    19852.0000    15704.7942   697830   20.89%
     78    80    18339.3156   382    19852.0000    15704.7942   710102   20.89%
     79    81    18687.0784   293    19852.0000    15704.7942   724133   20.89%
Elapsed time = 325.01 sec. (306973.72 ticks, tree = 1.55 MB, solutions = 4)
     81    81    18724.7528   291    19852.0000    15704.7942   728725   20.89%
     83    81    18752.8558   268    19852.0000    15704.7942   732188   20.89%
     86    82    18932.0905   363    19852.0000    15704.7942   739280   20.89%
     92    82    19448.6130   243    19852.0000    15704.7942   748274   20.89%
     95    81    16887.4668   265    19852.0000    15705.0657   761173   20.89%
     96    82    16975.7926   265    19852.0000    15705.0657   767962   20.89%
     98    84    16929.2645   250    19852.0000    15705.0657   777822   20.89%
    100    86    16940.4773   269    19852.0000    15705.0657   786683   20.89%
    101    87    16942.0192   209    19852.0000    15705.0657   790827   20.89%
    102    88    16996.6316   266    19852.0000    15705.0657   797589   20.89%
Elapsed time = 341.45 sec. (323080.51 ticks, tree = 1.66 MB, solutions = 4)
    104    90    16954.0518   265    19852.0000    15705.0657   805385   20.89%
    106    92    16957.4751   209    19852.0000    15705.0657   812629   20.89%
    107    93    17157.4945   186    19852.0000    15705.0657   818186   20.89%
    109    95    16957.4751   221    19852.0000    15705.0657   824853   20.89%
    112    98    16957.4751   191    19852.0000    15705.0657   829514   20.89%
    114   100    16957.4751   193    19852.0000    15705.0657   835506   20.89%
    117   103    16957.4751   238    19852.0000    15705.0657   841938   20.89%
    121   107    16957.4751   182    19852.0000    15705.0657   846504   20.89%
    125   111    17004.4112   198    19852.0000    15705.0657   855874   20.89%
    128   114    17227.1511   297    19852.0000    15705.0657   866541   20.89%
Elapsed time = 354.98 sec. (336668.56 ticks, tree = 2.08 MB, solutions = 4)
    130   116    17078.6278   206    19852.0000    15705.0657   874214   20.89%
    134   120    17405.2718   174    19852.0000    15705.0657   883266   20.89%
    137   123    17174.7510   183    19852.0000    15705.0657   890748   20.89%
    141   127    17719.6515   114    19852.0000    15705.0657   901293   20.89%
    144   130    17694.6515   164    19852.0000    15705.0657   915777   20.89%
    147   133    17636.7328   160    19852.0000    15705.0657   922607   20.89%
    149   135    18079.4083   214    19852.0000    15705.0657   932341   20.89%
    152   138    18128.1515   122    19852.0000    15705.0657   938671   20.89%
    160   146    18148.1894    86    19852.0000    15705.0657   942529   20.89%
    172   158    18585.5849    96    19852.0000    15705.0657   950574   20.89%
Elapsed time = 368.29 sec. (349757.82 ticks, tree = 2.84 MB, solutions = 4)
    186   172    18596.6667    36    19852.0000    15705.0657   959164   20.89%
*   191   171      integral     0    19064.0000    15705.0657   963497   17.62%
    202   172    15721.0178   577    19064.0000    15725.0624   971566   17.51%
    203   173    15754.3550   606    19064.0000    15726.1206   977920   17.51%
    204   174    15799.5404   606    19064.0000    15726.1206   985543   17.51%
    205   175    15814.2961   495    19064.0000    15726.1206   991394   17.51%
    206   176    15826.7468   541    19064.0000    15726.1206   998555   17.51%
    208   178    15841.9843   554    19064.0000    15726.1206  1007895   17.51%
    210   180    15887.4386   459    19064.0000    15726.1206  1020186   17.51%
    212   182    15896.4694   406    19064.0000    15726.1206  1029317   17.51%
    214   184    15901.7553   442    19064.0000    15726.1206  1038548   17.51%
Elapsed time = 383.45 sec. (363953.74 ticks, tree = 3.30 MB, solutions = 5)
    215   185    15912.3592   383    19064.0000    15726.1206  1045168   17.51%
    216   186    15917.4952   453    19064.0000    15726.1206  1051930   17.51%
    217   187    15917.4952   463    19064.0000    15726.1206  1057969   17.51%
    219   189    15917.4952   454    19064.0000    15726.1206  1065653   17.51%
    220   190    15917.4952   476    19064.0000    15726.1206  1072392   17.51%
    222   192    15917.4952   447    19064.0000    15726.1206  1083370   17.51%
    224   194    15922.6713   421    19064.0000    15726.1206  1092655   17.51%
    225   195    15927.0547   441    19064.0000    15726.1206  1098633   17.51%
    226   196    15946.4117   493    19064.0000    15726.1206  1106710   17.51%
    233   203    15973.9916   423    19064.0000    15726.1206  1128117   17.51%
Elapsed time = 404.12 sec. (381681.29 ticks, tree = 3.62 MB, solutions = 5)
    237   207    16082.4562   357    19064.0000    15726.1206  1150060   17.51%
    242   212    16275.5592   418    19064.0000    15726.1206  1175024   17.51%
    246   216    16396.6784   453    19064.0000    15726.1206  1197786   17.51%
    254   224    16868.4894   436    19064.0000    15726.1206  1225820   17.51%
    262   232    17213.3960   324    19064.0000    15726.1206  1245304   17.51%
    276   246    17473.4938   299    19064.0000    15726.1206  1277200   17.51%
    289   259    17717.5314   276    19064.0000    15726.1206  1306437   17.51%
    304   270    15885.2350   648    19064.0000    15754.5450  1350631   17.36%
    307   273    16004.0789   589    19064.0000    15754.5450  1371479   17.36%
    311   277    16105.9185   601    19064.0000    15754.5450  1407025   17.36%
Elapsed time = 464.38 sec. (431023.18 ticks, tree = 4.96 MB, solutions = 5)
    313   279    16109.8348   538    19064.0000    15754.5450  1424636   17.36%
    315   281    16109.8348   545    19064.0000    15754.5450  1443693   17.36%
    317   283    16109.8871   500    19064.0000    15754.5450  1461482   17.36%
    319   285    16110.6665   565    19064.0000    15754.5450  1477706   17.36%
    320   286    16112.1746   537    19064.0000    15754.5450  1482155   17.36%
    324   290    16115.4877   509    19064.0000    15754.5450  1498422   17.36%
    329   295    16131.5916   444    19064.0000    15754.5450  1517035   17.36%
    333   299    16154.7512   454    19064.0000    15754.5450  1533292   17.36%
    336   302    16175.3144   509    19064.0000    15754.5450  1552271   17.36%
    339   305    16227.7990   520    19064.0000    15754.5450  1570675   17.36%
Elapsed time = 518.32 sec. (480002.82 ticks, tree = 5.42 MB, solutions = 5)
    340   306    16233.4820   562    19064.0000    15754.5450  1575068   17.36%
    343   309    16399.6670   425    19064.0000    15754.5450  1599287   17.36%
    348   314    16441.5639   407    19064.0000    15754.5450  1613733   17.36%
    354   320    16467.8699   480    19064.0000    15754.5450  1627307   17.36%
    357   323    16649.8599   499    19064.0000    15754.5450  1646017   17.36%
    362   328    16702.2974   437    19064.0000    15754.5450  1666391   17.36%
    367   333    16927.5764   440    19064.0000    15754.5450  1691192   17.36%
    371   337    17299.3677   503    19064.0000    15754.5450  1718944   17.36%
    374   340    17366.6649   403    19064.0000    15754.5450  1734157   17.36%
    380   346    17722.1988   347    19064.0000    15754.5450  1756716   17.36%
Elapsed time = 591.53 sec. (542312.34 ticks, tree = 6.39 MB, solutions = 5)
    390   353    18232.7265   295    19064.0000    15754.5450  1786528   17.36%
    406   367    18622.3094   205    19064.0000    15754.5450  1814380   17.36%
    412   369    15905.4852   632    19064.0000    15801.3228  1841780   17.11%
    417   374    15979.0084   570    19064.0000    15801.3228  1864549   17.11%
    424   381    15982.0869   597    19064.0000    15801.3228  1882455   17.11%
    429   386    15990.2186   600    19064.0000    15801.3228  1902152   17.11%
    433   390    16024.4144   575    19064.0000    15801.3228  1924213   17.11%
    435   392    16034.7937   595    19064.0000    15801.3228  1939790   17.11%
    439   396    16160.0031   533    19064.0000    15801.3228  1963567   17.11%
    442   399    16213.6819   515    19064.0000    15801.3228  1985843   17.11%
Elapsed time = 645.16 sec. (586949.53 ticks, tree = 7.32 MB, solutions = 5)
    444   401    16572.8743   437    19064.0000    15801.3228  2006718   17.11%
    449   406    16646.2831   388    19064.0000    15801.3228  2031001   17.11%
    453   410    16988.9860   362    19064.0000    15801.3228  2054010   17.11%
    458   415    17140.4200   319    19064.0000    15801.3228  2077013   17.11%
    464   421    17204.1741   357    19064.0000    15801.3228  2093132   17.11%
    467   424    17308.4259   389    19064.0000    15801.3228  2105471   17.11%
    472   429    17397.7749   406    19064.0000    15801.3228  2118465   17.11%
    478   435    17586.5678   375    19064.0000    15801.3228  2131429   17.11%
    480   437    17738.8976   353    19064.0000    15801.3228  2142561   17.11%
    485   442    17853.2801   308    19064.0000    15801.3228  2158364   17.11%
Elapsed time = 698.27 sec. (636105.28 ticks, tree = 8.07 MB, solutions = 5)
    494   451    18090.4277   308    19064.0000    15801.3228  2174624   17.11%
    497   454    18479.7398   438    19064.0000    15801.3228  2189456   17.11%
    502   459    18587.1815   471    19064.0000    15801.3228  2202508   17.11%
    509   466    18679.1481   570    19064.0000    15801.3228  2219424   17.11%
    513   467    15934.7710   610    19064.0000    15815.9773  2238652   17.04%
    516   470    16178.1715   477    19064.0000    15815.9773  2261736   17.04%
    519   473    16231.9212   562    19064.0000    15815.9773  2284572   17.04%
    520   474    16362.8438   482    19064.0000    15815.9773  2289952   17.04%

Performing restart 1

Repeating presolve.
Tried aggregator 2 times.
MIP Presolve eliminated 45 rows and 0 columns.
MIP Presolve modified 5132 coefficients.
Aggregator did 21 substitutions.
Reduced MIP has 33925 rows, 33076 columns, and 137305 nonzeros.
Reduced MIP has 33076 binaries, 0 generals, 0 SOSs, and 0 indicators.
Presolve time = 0.20 sec. (198.77 ticks)
Tried aggregator 1 time.
MIP Presolve modified 372 coefficients.
Reduced MIP has 33925 rows, 33076 columns, and 137305 nonzeros.
Reduced MIP has 33076 binaries, 0 generals, 0 SOSs, and 0 indicators.
Presolve time = 0.19 sec. (146.19 ticks)
Represolve time = 0.71 sec. (606.19 ticks)
    522     0    15634.8622   682    19064.0000      Cuts: 24  2350029   17.04%
    522     0    15654.6373   667    19064.0000      Cuts: 48  2356968   17.04%
    522     0    15723.7814   518    19064.0000      Cuts: 48  2366602   17.04%
    522     0    15728.0645   645    19064.0000      Cuts: 46  2372107   17.04%
    522     0    15733.2193   654    19064.0000      Cuts: 48  2379233   17.04%
    522     0    15737.3199   658    19064.0000      Cuts: 43  2387156   17.04%
Starting limited solution polishing.
    522     2    15737.3199   658    19064.0000    15815.9773  2387156   17.04%
    523     3    15760.2852   633    19064.0000    15815.9773  2398707   17.04%
Elapsed time = 831.19 sec. (762649.20 ticks, tree = 0.02 MB, solutions = 5)
    524     4    15764.3815   605    19064.0000    15815.9773  2407067   17.04%
    525     5    16780.1942   460    19064.0000    15815.9773  2425998   17.04%
    526     6    15782.5658   704    19064.0000    15815.9773  2433181   17.04%
    527     7    15931.9033   653    19064.0000    15815.9773  2486209   17.04%
    528     8    15809.7669   556    19064.0000    15815.9773  2533203   17.04%
    529     9    15823.2444   691    19064.0000    15815.9773  2583875   17.04%
    530    10    15892.9844   512    19064.0000    15815.9773  2601615   17.04%
    531    11    16936.3490   367    19064.0000    15815.9773  2616074   17.04%

Clique cuts applied:  14
Cover cuts applied:  30
Flow cuts applied:  2
Mixed integer rounding cuts applied:  71
Zero-half cuts applied:  17
Lift and project cuts applied:  1
Gomory fractional cuts applied:  6

Root node processing (before b&c):
  Real time             =  183.23 sec. (181986.65 ticks)
Sequential b&c:
  Real time             =  716.78 sec. (643766.02 ticks)
                          ------------
Total (root+branch&cut) =  900.01 sec. (825752.67 ticks)
MIP: [1;32mCPLEX finished.[0m
MIP: [1;32mCPLEX status: Feasible[0m
MIP: [1;32mSolution: 
Indexes: [11, 2, 16, 6, 10, 10, 12, 9, 17, 12, 0, 0, 10, 16, 6, 11, 9, 17, 9, 2][8, -1, 14, -1, -1, -1, 18, -1, -1, 5, 14, 10, 15, -1, -1, -1, 8, 5][-1, -1, -1, -1, -1, 15, -1, -1, 8, -1, 15, -1, -1, -1, 8, 15, -1, -1, 19][-1, -1, -1, -1, -1, -1, -1, -1, 14, -1, -1, -1, -1, -1, -1, 14, -1, -1, -1, 14, -1, -1, -1, -1, -1, -1][-1, -1, -1, -1, -1, -1, -1, -1, -1, -1, -1, -1, -1, -1, 12, -1, -1, -1, -1, -1, -1, -1, -1, -1], P Variables: [0, 0, 0, 0, 0][0, 0, 0, 0, 0][0, 0, 0, 0, 0][0, 0, 0, 0, 0][0, 0, 0, 0, 0][0, 0, 0, 0, 0][0, 0, 0, 0, 0][0, 0, 0, 0, 0][0, 0, 0, 0, 0][0, 0, 0, 0, 0][0, 0, 0, 0, 0][0, 0, 0, 0, 0][0, 0, 0, 0, 0][0, 0, 0, 0, 0][0, 0, 0, 0, 0][0, 0, 0, 0, 0][0, 0, 0, 0, 0][0, 0, 0, 0, 0][0, 0, 0, 0, 0][0, 0, 0, 0, 0], Flow leaving each bin: Level: 0, Item: 0 => [0]
Level: 0, Item: 1 => [1]
Level: 0, Item: 2 => [2]
Level: 0, Item: 3 => [3]
Level: 0, Item: 4 => [4]
Level: 0, Item: 5 => [5]
Level: 0, Item: 6 => [6]
Level: 0, Item: 7 => [7]
Level: 0, Item: 8 => [8]
Level: 0, Item: 9 => [9]
Level: 0, Item: 10 => [10]
Level: 0, Item: 11 => [11]
Level: 0, Item: 12 => [12]
Level: 0, Item: 13 => [13]
Level: 0, Item: 14 => [14]
Level: 0, Item: 15 => [15]
Level: 0, Item: 16 => [16]
Level: 0, Item: 17 => [17]
Level: 0, Item: 18 => [18]
Level: 0, Item: 19 => [19]
Level: 1, Bin: 0 => [10, 11]
Level: 1, Bin: 2 => [1, 19]
Level: 1, Bin: 6 => [3, 14]
Level: 1, Bin: 9 => [7, 16, 18]
Level: 1, Bin: 10 => [4, 5, 12]
Level: 1, Bin: 11 => [0, 15]
Level: 1, Bin: 12 => [6, 9]
Level: 1, Bin: 16 => [2, 13]
Level: 1, Bin: 17 => [8, 17]
Level: 2, Bin: 5 => [7, 8, 16, 17, 18]
Level: 2, Bin: 8 => [2, 10, 11, 13]
Level: 2, Bin: 10 => [0, 15]
Level: 2, Bin: 14 => [1, 4, 5, 12, 19]
Level: 2, Bin: 15 => [6, 9]
Level: 2, Bin: 18 => [3, 14]
Level: 3, Bin: 8 => [1, 2, 4, 5, 10, 11, 12, 13, 19]
Level: 3, Bin: 15 => [0, 6, 7, 8, 9, 15, 16, 17, 18]
Level: 3, Bin: 19 => [3, 14]
Level: 4, Bin: 14 => [0, 1, 2, 3, 4, 5, 6, 7, 8, 9, 10, 11, 12, 13, 14, 15, 16, 17, 18, 19]
Level: 5, Bin: 12 => [0, 1, 2, 3, 4, 5, 6, 7, 8, 9, 10, 11, 12, 13, 14, 15, 16, 17, 18, 19]
[0m
MIP: [1;32mObjective value: 19064[0m
MIP: [1;32mLower Bound: 15816[0m
MIP: [1;32mBranch-and-Bound nodes: 533[0m

# best solution:
best objective value:	19064
best dual bound value:	15815
optimality gap:	17.0426%
CPU time:	896.695
