ifile	/scratch/csagturk/mlbppo_inst/n0020_m05_p100__013.inst
prob	NFMLBPPO
threads	1
ttime	900
instance: /scratch/csagturk/mlbppo_inst/n0020_m05_p100__013.inst
	m=5, n=[20, 16, 13, 11, 16, 17], #pos=20
MIP: [1;32minit CPLEX[0m
CAN: [1;35mcreated 1119 x_{ijk} variables[0m
CAN: [1;35mcreated 93 y_{ij} variables[0m
CAN: [1;35mcreated 1860 f_{ijkh} variables[0m
MIP: [1;32mcreated decision variables[0m
CAN: [1;35madded 20 constraints to enforce the packing of each item[0m
CAN: [1;35madded 56 constraints to enforce the packing of each item[0m
CAN: [1;35madded 73 capacity constraints[0m
MIP: [1;32mcreated constraints[0m
MIP: [1;32mcreated objective function[0m
MIP: [1;32mcalling CPLEX solve ...[0m
Version identifier: 22.1.0.0 | 2022-03-09 | 1a383f8ce
CPXPARAM_Threads                                 1
CPXPARAM_TimeLimit                               900
Tried aggregator 2 times.
MIP Presolve eliminated 6041 rows and 6342 columns.
MIP Presolve modified 995 coefficients.
Aggregator did 246 substitutions.
Reduced MIP has 18566 rows, 17884 columns, and 69322 nonzeros.
Reduced MIP has 17716 binaries, 0 generals, 0 SOSs, and 85 indicators.
Presolve time = 0.09 sec. (91.11 ticks)
Probing fixed 299 vars, tightened 111 bounds.
Probing changed sense of 299 constraints.
Probing time = 1.49 sec. (1630.02 ticks)
Tried aggregator 2 times.
Detecting symmetries...
MIP Presolve eliminated 926 rows and 934 columns.
MIP Presolve modified 425 coefficients.
Aggregator did 5 substitutions.
Reduced MIP has 17625 rows, 16945 columns, and 65760 nonzeros.
Reduced MIP has 16945 binaries, 0 generals, 0 SOSs, and 0 indicators.
Presolve time = 0.10 sec. (102.75 ticks)
Probing time = 0.01 sec. (7.66 ticks)
Clique table members: 47568.
MIP emphasis: balance optimality and feasibility.
MIP search method: dynamic search.
Parallel mode: none, using 1 thread.
Root relaxation solution time = 1.39 sec. (1595.18 ticks)

        Nodes                                         Cuts/
   Node  Left     Objective  IInf  Best Integer    Best Bound    ItCnt     Gap

      0     0    17264.5456   424                  17264.5456     9542         
      0     0    18060.6161   466                   Cuts: 120    18619         
      0     0    18265.5638   538                    Cuts: 90    25688         
      0     0    18375.1059   738                   Cuts: 100    32761         
      0     0    18547.1731   629                    Cuts: 50    42351         
      0     0    18667.9083   633                    Cuts: 59    58241         
Detecting symmetries...
      0     0    18788.3832   743                    Cuts: 42    75214         
      0     0    18907.5482   643                    Cuts: 53    86906         
      0     0    18950.9501   743                    Cuts: 29    94902         
      0     0    18990.5818   611                    Cuts: 33   107221         
      0     0    19077.6406   661                    Cuts: 38   118998         
      0     0    19114.5306   576                    Cuts: 41   128134         
      0     0    19117.2616   549                    Cuts: 18   132816         
      0     0    19122.6270   574                    Cuts: 14   138490         
      0     0    19127.0939   568                    Cuts: 21   145783         
      0     0    19129.4642   649                    Cuts: 25   153523         
      0     0    19134.2615   563                    Cuts: 19   171413         
      0     0    19135.1246   550                    Cuts: 12   175197         
*     0+    0                        30910.0000    19135.1246            38.09%
*     0+    0                        30849.0000    19135.1246            37.97%
*     0+    0                        30804.0000    19135.1246            37.88%
*     0+    0                        30346.0000    19135.1246            36.94%
*     0+    0                        26091.0000    19135.1246            26.66%
*     0+    0                        22885.0000    19135.1246            16.39%
      0     0  -1.00000e+75     0    22885.0000    19135.1246   175197   16.39%
Heuristic still looking.
*     0+    0                        22539.0000    19135.1246            15.10%
*     0+    0                        22155.0000    19135.1246            13.63%
      0     0  -1.00000e+75     0    22155.0000    19135.1246   175197   13.63%
Detecting symmetries...
      0     2    19135.1246   495    22155.0000    19136.2595   175197   13.63%
Elapsed time = 108.89 sec. (120863.00 ticks, tree = 0.01 MB, solutions = 8)
      1     3    19147.4916   531    22155.0000    19136.2595   182263   13.63%
      2     4    19231.6855   586    22155.0000    19148.2317   197496   13.57%
      3     5    19208.4597   505    22155.0000    19148.5713   214767   13.57%
      4     6    19159.3286   509    22155.0000    19159.6124   223705   13.52%
      5     7    19207.2028   442    22155.0000    19159.6124   236869   13.52%
      6     8    19351.2089   502    22155.0000    19159.6124   261262   13.52%
      7     9    19254.9268   471    22155.0000    19159.6124   277393   13.52%
      8    10    19262.0333   523    22155.0000    19159.6124   283774   13.52%
      9    11    20337.7973   377    22155.0000    19159.6124   287229   13.52%
     13    15    20419.4047   318    22155.0000    19159.6124   297517   13.52%
Elapsed time = 133.99 sec. (146995.05 ticks, tree = 0.25 MB, solutions = 8)
     15    17    20521.0712   321    22155.0000    19159.6124   305151   13.52%
     20    22    20521.0712   337    22155.0000    19159.6124   313747   13.52%
     25    27    20521.0712   285    22155.0000    19159.6124   324830   13.52%
     28    30    20533.0835   304    22155.0000    19159.6124   338531   13.52%
     34    36    20563.3055   211    22155.0000    19159.6124   351585   13.52%
     48    50    21068.1159   248    22155.0000    19159.6124   363339   13.52%
     78    80    21751.8667   169    22155.0000    19159.6124   373847   13.52%
     94    84    19195.2278   454    22155.0000    19208.8793   397157   13.30%
     95    85    19222.3520   576    22155.0000    19208.8793   406155   13.30%
     96    86    19353.1557   481    22155.0000    19208.8793   416308   13.30%
Elapsed time = 154.90 sec. (169184.08 ticks, tree = 0.76 MB, solutions = 8)
     97    87    19376.5709   477    22155.0000    19208.8793   424252   13.30%
     98    88    19399.3693   493    22155.0000    19208.8793   430975   13.30%
     99    89    19528.0027   448    22155.0000    19208.8793   441247   13.30%
    100    90    19562.7301   481    22155.0000    19208.8793   447478   13.30%
    101    91    19762.2553   451    22155.0000    19208.8793   456139   13.30%
    102    92    19820.3361   397    22155.0000    19208.8793   467512   13.30%
    103    93    19820.3361   411    22155.0000    19208.8793   474406   13.30%
    104    94    19848.3043   337    22155.0000    19208.8793   480567   13.30%
    105    95    19848.3043   378    22155.0000    19208.8793   487065   13.30%
    106    96    20008.4980   356    22155.0000    19208.8793   494659   13.30%
Elapsed time = 177.74 sec. (192055.86 ticks, tree = 0.85 MB, solutions = 8)
    107    97    19909.1097   338    22155.0000    19208.8793   502608   13.30%
    108    98    19909.1097   309    22155.0000    19208.8793   512755   13.30%
    109    99    19911.0059   317    22155.0000    19208.8793   517475   13.30%
    110   100    19968.3813   423    22155.0000    19208.8793   523576   13.30%
    111   101    19943.6015   296    22155.0000    19208.8793   528725   13.30%
    112   102    19943.6015   310    22155.0000    19208.8793   533788   13.30%
    113   103    19943.6015   296    22155.0000    19208.8793   540775   13.30%
    114   104    19943.6015   300    22155.0000    19208.8793   544586   13.30%
    115   105    19950.4814   355    22155.0000    19208.8793   549293   13.30%
    116   106    19947.5983   263    22155.0000    19208.8793   558452   13.30%
Elapsed time = 194.50 sec. (209014.79 ticks, tree = 0.93 MB, solutions = 8)
    117   107    19966.7652   360    22155.0000    19208.8793   564621   13.30%
    118   108    20608.6647   447    22155.0000    19208.8793   571632   13.30%
    119   109    20490.4625   405    22155.0000    19208.8793   579977   13.30%
    120   110    20011.8820   430    22155.0000    19208.8793   589796   13.30%
    121   111    20123.1827   401    22155.0000    19208.8793   597813   13.30%
    122   112    20216.0235   399    22155.0000    19208.8793   604930   13.30%
    123   113    20139.6255   353    22155.0000    19208.8793   610394   13.30%
    125   115    20384.0806   401    22155.0000    19208.8793   619624   13.30%
    126   116    20240.2369   518    22155.0000    19208.8793   625449   13.30%
    127   117    20175.9355   471    22155.0000    19208.8793   631025   13.30%
Elapsed time = 210.72 sec. (225678.73 ticks, tree = 1.03 MB, solutions = 8)
    132   122    20210.2117   358    22155.0000    19208.8793   638729   13.30%
    133   123    20360.0395   498    22155.0000    19208.8793   643921   13.30%
    135   125    20272.2430   447    22155.0000    19208.8793   649644   13.30%
    137   127    20254.6744   355    22155.0000    19208.8793   658077   13.30%
    138   128    20307.8967   399    22155.0000    19208.8793   663402   13.30%
    139   129    20276.0978   429    22155.0000    19208.8793   669017   13.30%
    140   130    20327.1287   406    22155.0000    19208.8793   675272   13.30%
    141   131    20367.1079   409    22155.0000    19208.8793   681060   13.30%
    143   133    20599.9707   361    22155.0000    19208.8793   687523   13.30%
    144   134    20820.5182   380    22155.0000    19208.8793   695770   13.30%
Elapsed time = 224.57 sec. (239886.47 ticks, tree = 1.17 MB, solutions = 8)
    145   135    20860.9733   387    22155.0000    19208.8793   705482   13.30%
    146   136    20837.3737   385    22155.0000    19208.8793   709432   13.30%
    147   137    21408.2921   345    22155.0000    19208.8793   716071   13.30%
    150   140    21408.2921   235    22155.0000    19208.8793   730636   13.30%
    157   147    21414.4883   249    22155.0000    19208.8793   745452   13.30%
    166   152    21750.0533   285    22155.0000    19208.8793   759471   13.30%
    171   155    infeasible          22155.0000    19208.8793   773023   13.30%
    181   159    19229.8130   569    22155.0000    19212.4793   806722   13.28%
    182   160    19259.6981   513    22155.0000    19212.4793   822150   13.28%
    183   161    19268.7888   513    22155.0000    19212.4793   830418   13.28%
Elapsed time = 246.66 sec. (262981.85 ticks, tree = 1.43 MB, solutions = 8)
    184   162    19313.0979   519    22155.0000    19212.4793   839086   13.28%
    185   163    19314.5702   560    22155.0000    19212.4793   844842   13.28%
    187   165    19315.1531   475    22155.0000    19212.4793   849317   13.28%
    188   166    19331.6820   433    22155.0000    19212.4793   854704   13.28%
    189   167    19343.8786   473    22155.0000    19212.4793   869523   13.28%
    190   168    19350.5446   479    22155.0000    19212.4793   875427   13.28%
    191   169    19350.5446   493    22155.0000    19212.4793   880093   13.28%
    192   170    19383.5388   481    22155.0000    19212.4793   886563   13.28%
    193   171    19384.6122   490    22155.0000    19212.4793   890833   13.28%
    194   172    19395.1649   489    22155.0000    19212.4793   896197   13.28%
Elapsed time = 263.27 sec. (279612.96 ticks, tree = 1.79 MB, solutions = 8)
    196   174    19409.4811   429    22155.0000    19212.4793   902438   13.28%
    197   175    19488.5063   453    22155.0000    19212.4793   914043   13.28%
    198   176    19655.3606   312    22155.0000    19212.4793   922367   13.28%
    200   178    19707.1200   272    22155.0000    19212.4793   928048   13.28%
    207   185    19766.4789   332    22155.0000    19212.4793   935301   13.28%
    220   198    20046.7112   336    22155.0000    19212.4793   940409   13.28%
    236   214    21374.1081   217    22155.0000    19212.4793   951672   13.28%
    245   217    19325.1641   527    22155.0000    19222.4084   976078   13.24%
    246   218    20382.6877   412    22155.0000    19222.4084   985844   13.24%
    247   219    20382.6877   323    22155.0000    19222.4084   994646   13.24%
Elapsed time = 297.15 sec. (313329.94 ticks, tree = 2.51 MB, solutions = 8)
    248   220    20385.1685   379    22155.0000    19222.4084  1004156   13.24%
    249   221    20396.7971   342    22155.0000    19222.4084  1012343   13.24%
    250   222    20396.7971   344    22155.0000    19222.4084  1021773   13.24%
    251   223    20396.7971   334    22155.0000    19222.4084  1030247   13.24%
    252   224    20405.5251   282    22155.0000    19222.4084  1037323   13.24%
    253   225    20405.5251   375    22155.0000    19222.4084  1048306   13.24%
    256   228    20472.9620   284    22155.0000    19222.4084  1059613   13.24%
    264   236    20493.6391   260    22155.0000    19222.4084  1071988   13.24%
    270   242    20561.6855   229    22155.0000    19222.4084  1085518   13.24%
    331   297    20378.9785   450    22155.0000    19222.5843  1150774   13.24%
Elapsed time = 331.54 sec. (347109.36 ticks, tree = 3.21 MB, solutions = 8)
    346   312    20533.1577   277    22155.0000    19222.5843  1200753   13.24%
    383   349    21105.2199   229    22155.0000    19222.5843  1248088   13.24%
    398   360    19239.2580   698    22155.0000    19231.8009  1288201   13.19%
    400   362    19274.6983   652    22155.0000    19231.8009  1319117   13.19%
    402   364    19275.6046   615    22155.0000    19231.8009  1349481   13.19%
    403   365    19330.0095   592    22155.0000    19231.8009  1367977   13.19%
    405   367    19331.1995   581    22155.0000    19231.8009  1397309   13.19%
    406   368    19384.8197   470    22155.0000    19231.8009  1411893   13.19%
    408   370    19403.7366   554    22155.0000    19231.8009  1436334   13.19%
    410   372    19526.1272   698    22155.0000    19231.8009  1465129   13.19%
Elapsed time = 387.85 sec. (405440.64 ticks, tree = 3.85 MB, solutions = 8)
    412   374    20545.6851   426    22155.0000    19231.8009  1477678   13.19%
    416   378    20659.1248   379    22155.0000    19231.8009  1498817   13.19%
    437   399    20814.2390   294    22155.0000    19231.8009  1532413   13.19%

Performing restart 1

Repeating presolve.
Tried aggregator 3 times.
MIP Presolve eliminated 10 rows and 0 columns.
MIP Presolve modified 4903 coefficients.
Aggregator did 28 substitutions.
Reduced MIP has 17587 rows, 16917 columns, and 64625 nonzeros.
Reduced MIP has 16917 binaries, 0 generals, 0 SOSs, and 0 indicators.
Presolve time = 0.12 sec. (124.86 ticks)
Tried aggregator 1 time.
MIP Presolve modified 366 coefficients.
Reduced MIP has 17587 rows, 16917 columns, and 64625 nonzeros.
Reduced MIP has 16917 binaries, 0 generals, 0 SOSs, and 0 indicators.
Presolve time = 0.07 sec. (72.58 ticks)
Represolve time = 0.47 sec. (421.90 ticks)
    479     0    19077.6739   512    22155.0000      Cuts: 48  1588162   13.19%
    479     0    19097.0968   495    22155.0000      Cuts: 51  1598162   13.19%
    479     0    19125.1613   520    22155.0000      Cuts: 69  1610266   13.19%
*   479+    0                        21873.0000    19231.8009            12.08%
    479     0    19183.6926   524    21873.0000      Cuts: 59  1625150   12.08%
    479     0    19186.8961   538    21873.0000      Cuts: 48  1631084   12.08%
    479     0    19190.1079   551    21873.0000      Cuts: 14  1635113   12.08%
    479     0    19191.2653   588    21873.0000      Cuts: 41  1641086   12.08%
    479     0    19191.9770   593    21873.0000       Cuts: 8  1643781   12.08%
    479     2    19191.9770   536    21873.0000    19231.8009  1643781   12.08%
    481     4    19230.8048   510    21873.0000    19231.8009  1662720   12.08%
    482     5    19279.1063   522    21873.0000    19231.8009  1678718   12.08%
    483     6    19426.9351   571    21873.0000    19231.8009  1691643   12.08%
    485     8    19307.6724   566    21873.0000    19231.8009  1724683   12.08%
    487    10    19313.1787   563    21873.0000    19231.8009  1739940   12.08%
    489    12    19325.4185   519    21873.0000    19231.8009  1759093   12.08%
Elapsed time = 508.68 sec. (524689.74 ticks, tree = 0.35 MB, solutions = 9)
    491    14    19862.6235   451    21873.0000    19231.8009  1771940   12.08%
    495    18    20122.2902   438    21873.0000    19231.8009  1785004   12.08%
    497    20    20218.2327   419    21873.0000    19231.8009  1801788   12.08%
    499    22    20249.3549   397    21873.0000    19231.8009  1815965   12.08%
    502    25    20256.4670   388    21873.0000    19231.8009  1824381   12.08%
    506    29    20310.2275   419    21873.0000    19231.8009  1839555   12.08%
    510    33    20313.9627   375    21873.0000    19231.8009  1850435   12.08%
    513    36    20619.8303   377    21873.0000    19231.8009  1868798   12.08%
    515    36    20603.5484   394    21873.0000    19231.8009  1883735   12.08%
    518    39    20769.7857   348    21873.0000    19231.8009  1895539   12.08%
Elapsed time = 568.12 sec. (581651.25 ticks, tree = 0.59 MB, solutions = 9)
    521    42    20759.9802   364    21873.0000    19231.8009  1907491   12.08%
    526    47    20938.4646   376    21873.0000    19231.8009  1921996   12.08%
    538    52    21963.8238   340    21873.0000    19231.8009  1944980   12.08%
    540    54    19209.6201   555    21873.0000    19231.8009  1951405   12.08%
    543    57    19423.9896   552    21873.0000    19231.8009  1968111   12.08%
    545    59    19267.6625   594    21873.0000    19231.8009  1977919   12.08%
    547    61    19296.6057   563    21873.0000    19231.8009  1987438   12.08%
    550    64    19353.5656   520    21873.0000    19231.8009  1999790   12.08%
    553    67    19444.3186   535    21873.0000    19231.8009  2016360   12.08%
    556    70    20432.0652   436    21873.0000    19231.8009  2031853   12.08%
Elapsed time = 615.39 sec. (626976.24 ticks, tree = 0.99 MB, solutions = 9)
    558    72    19612.1906   501    21873.0000    19231.8009  2041922   12.08%
    559    73    19757.4395   399    21873.0000    19231.8009  2056505   12.08%
    562    76    20267.2567   446    21873.0000    19231.8009  2092017   12.08%
    572    84    20748.0655   503    21873.0000    19231.8009  2110581   12.08%
    584    96    21104.1960   445    21873.0000    19231.8009  2133450   12.08%
    589   101    21590.5031   408    21873.0000    19231.8009  2150693   12.08%
    600   102    19243.2760   602    21873.0000    19231.8009  2166108   12.08%
    603   105    19317.1980   663    21873.0000    19231.8009  2180635   12.08%
    607   109    19426.7073   473    21873.0000    19231.8009  2196204   12.08%
    612   114    19697.0697   434    21873.0000    19231.8009  2212863   12.08%
Elapsed time = 663.95 sec. (674108.64 ticks, tree = 1.39 MB, solutions = 9)
    615   117    19750.8151   418    21873.0000    19231.8009  2229901   12.08%
    621   123    19855.8516   420    21873.0000    19231.8009  2246574   12.08%
    635   137    20684.0642   420    21873.0000    19231.8009  2263715   12.08%
    656   158    21351.4948   322    21873.0000    19231.8009  2274447   12.08%
    668   164    19220.5722   499    21873.0000    19231.8009  2285577   12.08%
    672   168    19287.6190   526    21873.0000    19231.8009  2303093   12.08%
    676   172    19402.9156   514    21873.0000    19231.8009  2315790   12.08%
    679   175    20794.7224   497    21873.0000    19231.8009  2329786   12.08%
    684   180    20833.0850   477    21873.0000    19231.8009  2344462   12.08%
    689   185    20948.5669   522    21873.0000    19231.8009  2357775   12.08%
Elapsed time = 709.31 sec. (716917.42 ticks, tree = 2.07 MB, solutions = 9)
    700   196    21038.4668   321    21873.0000    19231.8009  2369443   12.08%
    726   221    21512.0804   367    21873.0000    19231.8009  2377924   12.08%
    742   228    19267.7898   624    21873.0000    19231.8009  2392172   12.08%
    745   231    19339.2972   478    21873.0000    19231.8009  2409663   12.08%
    749   235    19374.1386   403    21873.0000    19231.8009  2422723   12.08%
    751   237    19668.6803   576    21873.0000    19231.8009  2438547   12.08%
    754   240    20986.4067   399    21873.0000    19231.8009  2452058   12.08%
    756   242    21239.8687   445    21873.0000    19231.8009  2467250   12.08%
    759   245    21305.8661   383    21873.0000    19231.8009  2482654   12.08%
    761   247    21316.3210   350    21873.0000    19231.8009  2494416   12.08%
Elapsed time = 764.16 sec. (770068.39 ticks, tree = 2.68 MB, solutions = 9)
    766   252    21360.2466   356    21873.0000    19231.8009  2506670   12.08%
    771   257    21425.2857   406    21873.0000    19231.8009  2521039   12.08%
    779   263        cutoff          21873.0000    19231.8009  2536484   12.08%
    781   263    19540.0648   536    21873.0000    19231.8009  2549654   12.08%
    784   266    19552.7207   477    21873.0000    19231.8009  2558132   12.08%
    787   269    19584.5150   495    21873.0000    19231.8009  2570994   12.08%
    790   272    19692.2686   368    21873.0000    19231.8009  2579659   12.08%
    795   277    19863.0638   390    21873.0000    19231.8009  2591794   12.08%
    799   281    19901.8281   367    21873.0000    19231.8009  2599567   12.08%
    804   286    20838.7433   446    21873.0000    19231.8009  2620920   12.08%
Elapsed time = 816.55 sec. (818250.70 ticks, tree = 3.05 MB, solutions = 9)
    808   290    20911.2581   412    21873.0000    19231.8009  2637376   12.08%
    811   293    21003.7356   369    21873.0000    19231.8009  2649593   12.08%
    815   297    21088.0631   458    21873.0000    19231.8009  2667276   12.08%
    824   306    21293.1433   451    21873.0000    19231.8009  2683928   12.08%
    837   315    21510.2078   343    21873.0000    19231.8009  2701617   12.08%
    845   323    21545.2686   321    21873.0000    19231.8009  2716625   12.08%
    864   341    21635.3443   390    21873.0000    19231.8009  2736035   12.08%
Starting limited solution polishing.
    883   341    19235.6581   592    21873.0000    19231.8009  2749154   12.08%
    886   344    20447.6073   596    21873.0000    19231.8009  2765097   12.08%
    889   347    20458.0505   534    21873.0000    19231.8009  2779848   12.08%
Elapsed time = 861.87 sec. (863492.47 ticks, tree = 3.65 MB, solutions = 9)
    892   350    20513.8106   507    21873.0000    19231.8009  2794925   12.08%
    897   355    20614.8359   522    21873.0000    19231.8009  2810308   12.08%
    900   358    21100.6402   465    21873.0000    19231.8009  2824793   12.08%
    905   363    21248.4864   417    21873.0000    19231.8009  2837924   12.08%
    912   370    21367.1219   376    21873.0000    19231.8009  2851171   12.08%
    927   381    19281.8666   633    21873.0000    19233.4348  2870228   12.07%

Clique cuts applied:  7
Cover cuts applied:  42
Flow cuts applied:  3
Mixed integer rounding cuts applied:  95
Zero-half cuts applied:  24
Gomory fractional cuts applied:  3

Root node processing (before b&c):
  Real time             =  108.29 sec. (120338.12 ticks)
Sequential b&c:
  Real time             =  791.72 sec. (779592.48 ticks)
                          ------------
Total (root+branch&cut) =  900.01 sec. (899930.60 ticks)
MIP: [1;32mCPLEX finished.[0m
MIP: [1;32mCPLEX status: Feasible[0m
MIP: [1;32mSolution: 
Indexes: [2, 1, 12, 3, 11, 13, 6, 1, 8, 3, 6, 3, 7, 7, 2, 12, 11, 8, 5, 14][-1, 12, 2, 1, -1, 10, 4, 3, 10, -1, -1, 2, 5, 5, 2, -1][-1, 2, 0, 10, 1, 10, -1, -1, -1, -1, 1, -1, 2][1, 1, 8, -1, -1, -1, -1, -1, -1, -1, 8][-1, 2, -1, -1, -1, -1, -1, -1, 9, -1, -1, -1, -1, -1, -1, -1], P Variables: [0, 0, 0, 0, 0][0, 0, 0, 0, 0][0, 0, 0, 0, 0][0, 0, 0, 0, 0][0, 0, 0, 0, 0][0, 0, 0, 0, 0][0, 0, 0, 0, 0][0, 0, 0, 0, 0][0, 0, 0, 0, 0][0, 0, 0, 0, 0][0, 0, 0, 0, 0][0, 0, 0, 0, 0][0, 0, 0, 0, 0][0, 0, 0, 0, 0][0, 0, 0, 0, 0][0, 0, 0, 0, 0][0, 0, 0, 0, 0][0, 0, 0, 0, 0][0, 0, 0, 0, 0][0, 0, 0, 0, 0], Flow leaving each bin: Level: 0, Item: 0 => [0]
Level: 0, Item: 1 => [1]
Level: 0, Item: 2 => [2]
Level: 0, Item: 3 => [3]
Level: 0, Item: 4 => [4]
Level: 0, Item: 5 => [5]
Level: 0, Item: 6 => [6]
Level: 0, Item: 7 => [7]
Level: 0, Item: 8 => [8]
Level: 0, Item: 9 => [9]
Level: 0, Item: 10 => [10]
Level: 0, Item: 11 => [11]
Level: 0, Item: 12 => [12]
Level: 0, Item: 13 => [13]
Level: 0, Item: 14 => [14]
Level: 0, Item: 15 => [15]
Level: 0, Item: 16 => [16]
Level: 0, Item: 17 => [17]
Level: 0, Item: 18 => [18]
Level: 0, Item: 19 => [19]
Level: 1, Bin: 1 => [1, 7]
Level: 1, Bin: 2 => [0, 14]
Level: 1, Bin: 3 => [3, 9, 11]
Level: 1, Bin: 5 => [18]
Level: 1, Bin: 6 => [6, 10]
Level: 1, Bin: 7 => [12, 13]
Level: 1, Bin: 8 => [8, 17]
Level: 1, Bin: 11 => [4, 16]
Level: 1, Bin: 12 => [2, 15]
Level: 1, Bin: 13 => [5]
Level: 1, Bin: 14 => [19]
Level: 2, Bin: 1 => [3, 9, 11]
Level: 2, Bin: 2 => [0, 4, 14, 16, 19]
Level: 2, Bin: 3 => [12, 13]
Level: 2, Bin: 4 => [6, 10]
Level: 2, Bin: 5 => [2, 5, 15]
Level: 2, Bin: 10 => [8, 17, 18]
Level: 2, Bin: 12 => [1, 7]
Level: 3, Bin: 0 => [0, 4, 14, 16, 19]
Level: 3, Bin: 1 => [6, 8, 10, 17, 18]
Level: 3, Bin: 2 => [1, 3, 7, 9, 11]
Level: 3, Bin: 10 => [2, 5, 12, 13, 15]
Level: 4, Bin: 1 => [0, 4, 6, 8, 10, 14, 16, 17, 18, 19]
Level: 4, Bin: 8 => [1, 2, 3, 5, 7, 9, 11, 12, 13, 15]
Level: 5, Bin: 2 => [0, 4, 6, 8, 10, 14, 16, 17, 18, 19]
Level: 5, Bin: 9 => [1, 2, 3, 5, 7, 9, 11, 12, 13, 15]
[0m
MIP: [1;32mObjective value: 21873[0m
MIP: [1;32mLower Bound: 19233.4[0m
MIP: [1;32mBranch-and-Bound nodes: 931[0m

# best solution:
best objective value:	21873
best dual bound value:	19233
optimality gap:	12.0697%
CPU time:	897.448
