ifile	/scratch/csagturk/mlbppo_inst/n0020_m03_p150__084.inst
prob	NFMLBPPO
threads	1
ttime	900
instance: /scratch/csagturk/mlbppo_inst/n0020_m03_p150__084.inst
	m=3, n=[20, 16, 19, 20], #pos=30
MIP: [1;32minit CPLEX[0m
CAN: [1;35mcreated 1004 x_{ijk} variables[0m
CAN: [1;35mcreated 75 y_{ij} variables[0m
CAN: [1;35mcreated 1500 f_{ijkh} variables[0m
MIP: [1;32mcreated decision variables[0m
CAN: [1;35madded 20 constraints to enforce the packing of each item[0m
CAN: [1;35madded 35 constraints to enforce the packing of each item[0m
CAN: [1;35madded 55 capacity constraints[0m
MIP: [1;32mcreated constraints[0m
MIP: [1;32mcreated objective function[0m
MIP: [1;32mcalling CPLEX solve ...[0m
Version identifier: 22.1.0.0 | 2022-03-09 | 1a383f8ce
CPXPARAM_Threads                                 1
CPXPARAM_TimeLimit                               900
Tried aggregator 2 times.
MIP Presolve eliminated 5887 rows and 6153 columns.
MIP Presolve modified 1297 coefficients.
Aggregator did 184 substitutions.
Reduced MIP has 16145 rows, 15552 columns, and 66160 nonzeros.
Reduced MIP has 15447 binaries, 0 generals, 0 SOSs, and 62 indicators.
Presolve time = 0.08 sec. (81.25 ticks)
Probing fixed 1098 vars, tightened 70 bounds.
Probing changed sense of 265 constraints.
Probing time = 1.89 sec. (2067.81 ticks)
Tried aggregator 2 times.
MIP Presolve eliminated 1635 rows and 1574 columns.
MIP Presolve modified 917 coefficients.
Aggregator did 17 substitutions.
Reduced MIP has 14470 rows, 13961 columns, and 58357 nonzeros.
Reduced MIP has 13961 binaries, 0 generals, 0 SOSs, and 0 indicators.
Presolve time = 0.08 sec. (80.16 ticks)
Probing time = 0.01 sec. (7.09 ticks)
Tried aggregator 2 times.
Detecting symmetries...
Aggregator did 2 substitutions.
Reduced MIP has 14468 rows, 13959 columns, and 58353 nonzeros.
Reduced MIP has 13959 binaries, 0 generals, 0 SOSs, and 0 indicators.
Presolve time = 0.05 sec. (55.58 ticks)
Probing time = 0.01 sec. (7.08 ticks)
Clique table members: 42209.
MIP emphasis: balance optimality and feasibility.
MIP search method: dynamic search.
Parallel mode: none, using 1 thread.
Root relaxation solution time = 0.96 sec. (1166.64 ticks)

        Nodes                                         Cuts/
   Node  Left     Objective  IInf  Best Integer    Best Bound    ItCnt     Gap

      0     0     9836.0510   280                   9836.0510     5925         
      0     0     9914.2483   280                    Cuts: 23    13851         
      0     0     9916.7053   336                    Cuts: 95    20309         
      0     0     9923.6703   472                    Cuts: 77    31393         
      0     0     9939.2203   347                    Cuts: 50    41268         
      0     0     9943.1797   352                    Cuts: 51    48073         
Detecting symmetries...
      0     0     9955.6954   457                    Cuts: 56    58211         
      0     0     9969.1188   450                    Cuts: 43    75009         
      0     0     9977.4934   379                    Cuts: 54    85914         
      0     0     9981.6615   478                    Cuts: 38    98897         
      0     0     9982.6789   411                    Cuts: 27   116690         
      0     0     9983.6622   442                    Cuts: 26   125710         
      0     0     9985.0242   461                    Cuts: 23   133414         
      0     0     9986.9903   526                    Cuts: 35   145924         
      0     0     9989.9997   520                    Cuts: 28   155653         
      0     0     9990.3049   453                    Cuts: 21   161467         
      0     0     9993.5059   386                    Cuts: 22   169588         
      0     0     9994.3269   484                    Cuts: 27   180765         
Heuristic still looking.
*     0+    0                        19007.0000     9994.3269            47.42%
*     0+    0                        16271.0000     9994.3269            38.58%
*     0+    0                        15814.0000     9994.3269            36.80%
*     0+    0                        15571.0000     9994.3269            35.81%
*     0+    0                        15494.0000     9994.3269            35.50%
*     0+    0                        15353.0000     9994.3269            34.90%
      0     0  -1.00000e+75     0    15353.0000     9994.3269   180765   34.90%
Detecting symmetries...
      0     2     9994.3269   365    15353.0000     9994.4428   180765   34.90%
Elapsed time = 88.82 sec. (101939.49 ticks, tree = 0.01 MB, solutions = 6)
      1     3    10002.8731   386    15353.0000     9994.4428   186309   34.90%
      2     4     9994.7801   364    15353.0000     9995.1613   195315   34.90%
      3     5    10030.1579   326    15353.0000     9995.5126   203959   34.90%
      4     6     9998.2433   205    15353.0000     9998.2433   214607   34.88%
      5     7    10105.0421   337    15353.0000     9998.2433   242858   34.88%
      6     8    10005.4899   218    15353.0000    10002.8731   250442   34.85%
      7     9    10005.4899   226    15353.0000    10002.8731   252587   34.85%
      8    10    10005.4899   218    15353.0000    10002.8731   255277   34.85%
      9    11    10005.4899   219    15353.0000    10002.8731   257260   34.85%
     11    13    10005.4899   234    15353.0000    10002.8731   269634   34.85%
Elapsed time = 101.05 sec. (115933.48 ticks, tree = 0.07 MB, solutions = 6)
     13    15    10005.4899   236    15353.0000    10002.8731   281044   34.85%
     14    16    10005.8567   232    15353.0000    10002.8731   296210   34.85%
     18    20    10031.9072   332    15353.0000    10002.8731   312340   34.85%
     22    24    10043.3467   253    15353.0000    10002.8731   322238   34.85%
     30    32    10079.9919   235    15353.0000    10002.8731   334671   34.85%
     45    47    10180.7580   174    15353.0000    10002.8731   349632   34.85%
*    50+   50                        11306.0000    10002.8731            11.53%
     56    58    10507.1076   153    11306.0000    10002.8731   361588   11.53%
     75    71    10005.4247   406    11306.0000    10002.8731   383403   11.53%
     76    72    10005.4247   393    11306.0000    10002.8731   388152   11.53%
     78    74    10005.4247   375    11306.0000    10002.8731   396518   11.53%
Elapsed time = 115.18 sec. (131465.90 ticks, tree = 0.85 MB, solutions = 7)
     79    75    10005.4247   341    11306.0000    10002.8731   401336   11.53%
     80    76    10005.4247   377    11306.0000    10002.8731   405220   11.53%
     81    77    10005.4247   328    11306.0000    10002.8731   412845   11.53%
     83    79    10005.4247   328    11306.0000    10002.8731   420242   11.53%
     84    80    10013.6908   376    11306.0000    10002.8731   430154   11.53%
     85    81    10024.1608   368    11306.0000    10002.8731   436426   11.53%
     88    84    10038.0704   375    11306.0000    10002.8731   445637   11.53%
     90    86    10084.7788   332    11306.0000    10002.8731   459017   11.53%
     91    87    10181.3109   291    11306.0000    10002.8731   464452   11.53%
     92    88    10260.4338   310    11306.0000    10002.8731   472066   11.53%
Elapsed time = 135.40 sec. (152907.74 ticks, tree = 0.94 MB, solutions = 7)
     93    89    10183.9797   266    11306.0000    10002.8731   479000   11.53%
     95    91    10203.3857   250    11306.0000    10002.8731   486591   11.53%
     96    92    10272.3944   341    11306.0000    10002.8731   498959   11.53%
     97    93    10211.7493   294    11306.0000    10002.8731   504933   11.53%
     98    94    10282.1576   225    11306.0000    10002.8731   509614   11.53%
    100    96    10282.1576   223    11306.0000    10002.8731   514181   11.53%
    103    99    10282.1576   191    11306.0000    10002.8731   519919   11.53%
    110   106    10287.8874   181    11306.0000    10002.8731   525345   11.53%
    123   119    10702.3607   155    11306.0000    10002.8731   536811   11.53%
    137   123    10005.8028   380    11306.0000    10005.4247   552743   11.50%
Elapsed time = 149.36 sec. (167925.65 ticks, tree = 1.22 MB, solutions = 7)
    139   125    10005.8028   407    11306.0000    10005.4247   561961   11.50%
    140   126    10005.8028   400    11306.0000    10005.4247   563589   11.50%
    141   127    10005.8266   395    11306.0000    10005.4247   568126   11.50%
    144   130    10005.8266   400    11306.0000    10005.4247   573566   11.50%
    146   132    10014.1734   374    11306.0000    10005.4247   581003   11.50%
    147   133    10042.0785   387    11306.0000    10005.4247   589505   11.50%
    149   135    10043.6416   327    11306.0000    10005.4247   594575   11.50%
    151   137    10053.7232   334    11306.0000    10005.4247   600095   11.50%
    153   139    10064.4193   333    11306.0000    10005.4247   607239   11.50%
    154   140    10148.1613   278    11306.0000    10005.4247   614526   11.50%
Elapsed time = 163.24 sec. (182389.85 ticks, tree = 1.34 MB, solutions = 7)
    155   141    10254.0897   303    11306.0000    10005.4247   621679   11.50%
    156   142    10273.2473   276    11306.0000    10005.4247   626654   11.50%
    158   144    10299.3813   293    11306.0000    10005.4247   633790   11.50%
    159   145    10343.3560   268    11306.0000    10005.4247   640534   11.50%
    160   146    10367.5733   292    11306.0000    10005.4247   643240   11.50%
    162   148    10773.7008   294    11306.0000    10005.4247   651348   11.50%
    164   150    10806.6580   237    11306.0000    10005.4247   656431   11.50%
    167   153    10882.6281   229    11306.0000    10005.4247   662125   11.50%
    174   160    10907.6415   246    11306.0000    10005.4247   668387   11.50%
    178   164    10932.4780   264    11306.0000    10005.4247   675063   11.50%
Elapsed time = 178.34 sec. (197760.15 ticks, tree = 1.52 MB, solutions = 7)
    180   166    11003.0883   272    11306.0000    10005.4247   680591   11.50%
    184   170    11158.5659   269    11306.0000    10005.4247   687514   11.50%
    187   169    10007.1005   337    11306.0000    10005.4247   698543   11.50%
    188   170    10062.3778   265    11306.0000    10005.4247   705482   11.50%
    189   171    10085.5101   265    11306.0000    10005.4247   709588   11.50%
    190   172    10125.6683   230    11306.0000    10005.4247   715215   11.50%
    192   174    10170.5572   239    11306.0000    10005.4247   721465   11.50%
    193   175    10201.9921   224    11306.0000    10005.4247   724860   11.50%
    195   177    10206.3947   172    11306.0000    10005.4247   728822   11.50%
    198   180    10221.4133   162    11306.0000    10005.4247   734855   11.50%
Elapsed time = 195.42 sec. (214437.54 ticks, tree = 1.64 MB, solutions = 7)
    201   183    10330.9859   211    11306.0000    10005.4247   742582   11.50%
    203   185    10442.6349   194    11306.0000    10005.4247   750636   11.50%
    206   188    10603.7514   194    11306.0000    10005.4247   760234   11.50%
    209   191    11154.5084   160    11306.0000    10005.4247   767508   11.50%
    214   192    10005.8028   370    11306.0000    10005.4247   777322   11.50%
    215   193    10024.2224   403    11306.0000    10005.4247   785165   11.50%
    216   194    10024.2380   401    11306.0000    10005.4247   789928   11.50%
    218   196    10041.6853   463    11306.0000    10005.4247   797159   11.50%
    220   198    10044.2533   413    11306.0000    10005.4247   799896   11.50%
    224   202    10050.0092   368    11306.0000    10005.4247   807166   11.50%
Elapsed time = 210.18 sec. (230372.50 ticks, tree = 1.80 MB, solutions = 7)
    227   205    10067.7814   412    11306.0000    10005.4247   813478   11.50%
    228   206    10190.0518   283    11306.0000    10005.4247   819657   11.50%
    230   208    10269.0607   361    11306.0000    10005.4247   826354   11.50%
    233   211    10352.5439   397    11306.0000    10005.4247   832066   11.50%
    238   216    10522.3651   310    11306.0000    10005.4247   839683   11.50%
    261   233    10006.9099   379    11306.0000    10005.4247   859260   11.50%
    263   235    10006.9099   341    11306.0000    10005.4247   865739   11.50%
    264   236    10010.1014   485    11306.0000    10005.4247   876192   11.50%
    265   237    10041.1441   386    11306.0000    10005.4247   885027   11.50%
    266   238    10010.1351   506    11306.0000    10005.4247   887284   11.50%
Elapsed time = 228.45 sec. (249169.60 ticks, tree = 2.07 MB, solutions = 7)
    267   239    10037.9918   424    11306.0000    10005.4247   897735   11.50%
    270   242    10010.3024   430    11306.0000    10005.4247   901381   11.50%
    271   243    10024.2264   399    11306.0000    10005.4247   912064   11.50%
    272   244    10026.5816   461    11306.0000    10005.4247   919112   11.50%
    274   245    10113.2681   383    11306.0000    10005.4247   933424   11.50%
    276   247    10033.5855   378    11306.0000    10005.4247   941598   11.50%
    277   248    10068.7954   351    11306.0000    10005.4247   949854   11.50%
    278   249    10071.1812   338    11306.0000    10005.4247   955509   11.50%
    279   250    10084.5379   318    11306.0000    10005.4247   963700   11.50%
    280   251    10088.4992   329    11306.0000    10005.4247   966508   11.50%
Elapsed time = 248.82 sec. (270702.71 ticks, tree = 2.17 MB, solutions = 7)
    287   258    10604.7087   274    11306.0000    10005.4247   989072   11.50%
    295   266    10425.5516   229    11306.0000    10005.4247  1013787   11.50%
    300   271    10527.8927   206    11306.0000    10005.4247  1034648   11.50%
    320   283    10005.8028   376    11306.0000    10005.4247  1059706   11.50%
    322   285    10024.6099   424    11306.0000    10005.4247  1072553   11.50%
    329   292    10053.1809   407    11306.0000    10005.4247  1089210   11.50%
    338   301    10101.5332   360    11306.0000    10005.4247  1112428   11.50%
    342   305    10727.8079   185    11306.0000    10005.4247  1130674   11.50%
    346   309    10840.4231   225    11306.0000    10005.4247  1146936   11.50%
    351   314    10896.8803   199    11306.0000    10005.4247  1161491   11.50%
Elapsed time = 291.57 sec. (315002.89 ticks, tree = 2.65 MB, solutions = 7)
    375   334    10005.8028   408    11306.0000    10005.4247  1183862   11.50%
    378   337    10005.8028   398    11306.0000    10005.4247  1197873   11.50%
    380   339    10024.5072   404    11306.0000    10005.4247  1211868   11.50%
    386   345    10086.6576   350    11306.0000    10005.4247  1233344   11.50%
    393   352    10120.9052   299    11306.0000    10005.4247  1251727   11.50%
    399   358    10418.7700   235    11306.0000    10005.4247  1268074   11.50%
    402   361    10902.0000   188    11306.0000    10005.4247  1282027   11.50%
    409   364    10005.8028   394    11306.0000    10005.4247  1307784   11.50%
    412   367    10016.3247   435    11306.0000    10005.4247  1329385   11.50%
    418   373    10038.6298   443    11306.0000    10005.4247  1349973   11.50%
Elapsed time = 343.01 sec. (368613.37 ticks, tree = 3.07 MB, solutions = 7)
    423   378    10116.6116   318    11306.0000    10005.4247  1369822   11.50%
    426   381    10127.2588   332    11306.0000    10005.4247  1383607   11.50%
    429   384    10318.8848   280    11306.0000    10005.4247  1399188   11.50%
    433   388    10853.2917   262    11306.0000    10005.4247  1418070   11.50%
    435   390    10923.7337   215    11306.0000    10005.4247  1432091   11.50%
    441   392    10005.8028   396    11306.0000    10005.4247  1450274   11.50%
    443   394    10005.8028   376    11306.0000    10005.4247  1461507   11.50%
    445   396    10024.5072   357    11306.0000    10005.4247  1476853   11.50%
    449   400    10024.5072   384    11306.0000    10005.4247  1490494   11.50%
    453   404    10046.9799   427    11306.0000    10005.4247  1507559   11.50%
Elapsed time = 389.35 sec. (414779.39 ticks, tree = 3.30 MB, solutions = 7)
    457   408    10312.5913   309    11306.0000    10005.4247  1530735   11.50%
    464   415    10722.8994   225    11306.0000    10005.4247  1552663   11.50%
    479   427    10005.8028   405    11306.0000    10005.4899  1574260   11.50%
    484   432    10025.3823   413    11306.0000    10005.4899  1598674   11.50%
    487   435    10031.1920   425    11306.0000    10005.4899  1620916   11.50%
    495   443    10018.8200   349    11306.0000    10005.4899  1643318   11.50%
    501   449    10051.0760   322    11306.0000    10005.4899  1665001   11.50%
    508   456    10298.5767   288    11306.0000    10005.4899  1690014   11.50%
    520   468    10753.8901   205    11306.0000    10005.4899  1716107   11.50%

Performing restart 1

Repeating presolve.
Tried aggregator 2 times.
MIP Presolve eliminated 21 rows and 0 columns.
MIP Presolve modified 4532 coefficients.
Aggregator did 16 substitutions.
Reduced MIP has 14431 rows, 13943 columns, and 56927 nonzeros.
Reduced MIP has 13943 binaries, 0 generals, 0 SOSs, and 0 indicators.
Presolve time = 0.08 sec. (83.62 ticks)
Tried aggregator 1 time.
MIP Presolve modified 88 coefficients.
Reduced MIP has 14431 rows, 13943 columns, and 56927 nonzeros.
Reduced MIP has 13943 binaries, 0 generals, 0 SOSs, and 0 indicators.
Presolve time = 0.06 sec. (58.47 ticks)
Represolve time = 0.41 sec. (359.33 ticks)
    521     0     9986.4860   353    11306.0000      Cuts: 39  1754759   11.50%
    521     0     9994.9853   375    11306.0000      Cuts: 46  1766527   11.50%
    521     0     9996.6841   507    11306.0000      Cuts: 53  1775716   11.50%
    521     0     9997.2820   465    11306.0000      Cuts: 22  1785018   11.50%
    521     0     9998.0087   518    11306.0000      Cuts: 22  1793813   11.50%
    521     0     9999.8927   415    11306.0000      Cuts: 14  1798125   11.50%
    521     0    10000.6224   462    11306.0000      Cuts: 29  1806408   11.50%
    521     0    10001.3388   338    11306.0000      Cuts: 20  1812349   11.50%
    521     0    10001.3388   352    11306.0000      Cuts: 38  1816363   11.50%
    521     0    10001.3388   326    11306.0000       Cuts: 7  1818097   11.50%
    521     0    10001.3388   321    11306.0000      Cuts: 14  1819560   11.50%
    521     0    10001.3388   320    11306.0000      Cuts: 21  1822695   11.50%
    521     2    10001.3388   269    11306.0000    10005.4899  1822695   11.50%
Elapsed time = 488.01 sec. (522280.29 ticks, tree = 0.01 MB, solutions = 7)
    523     4    10017.2625   405    11306.0000    10009.0989  1839050   11.47%
    524     5    10018.8639   462    11306.0000    10009.0989  1857163   11.47%
    525     6    10027.1381   363    11306.0000    10009.0989  1871725   11.47%
    531    12    10037.1848   175    11306.0000    10009.0989  1903049   11.47%
    541    22    10058.0000   139    11306.0000    10009.0989  1933329   11.47%
    558    39    10405.2907   259    11306.0000    10009.0989  1964968   11.47%
    587    62    10708.2317   111    11306.0000    10009.0989  1979963   11.47%
    600    63    10034.9599   359    11306.0000    10013.5510  1995504   11.43%
    601    64    10035.1071   361    11306.0000    10013.5510  2002853   11.43%
    603    66    10043.0339   350    11306.0000    10013.5510  2016227   11.43%
Elapsed time = 548.78 sec. (590513.73 ticks, tree = 0.59 MB, solutions = 7)
    605    68    10052.9817   379    11306.0000    10013.5510  2030102   11.43%
    607    70    10072.4674   317    11306.0000    10013.5510  2046038   11.43%
    610    73    10143.3071   262    11306.0000    10013.5510  2062952   11.43%
    612    75    10147.2119   281    11306.0000    10013.5510  2077796   11.43%
    614    77    10155.7288   253    11306.0000    10013.5510  2094244   11.43%
    616    79    10163.6549   257    11306.0000    10013.5510  2106172   11.43%
    618    81    10163.6549   233    11306.0000    10013.5510  2120112   11.43%
    624    87    10276.7740   251    11306.0000    10013.5510  2141400   11.43%
    638   101    10366.6000   174    11306.0000    10013.5510  2157755   11.43%
    652   114    10893.0000   276    11306.0000    10013.5510  2177524   11.43%
Elapsed time = 592.16 sec. (637632.71 ticks, tree = 0.95 MB, solutions = 7)
    671   132    10893.1216   372    11306.0000    10013.5510  2194698   11.43%
    683   139    10025.1816   319    11306.0000    10019.1965  2201450   11.38%
    686   142    10062.7124   263    11306.0000    10019.1965  2220372   11.38%
    689   145    10080.9965   219    11306.0000    10019.1965  2233948   11.38%
    693   149    10173.4769   267    11306.0000    10019.1965  2248929   11.38%
    697   153    10176.3571   194    11306.0000    10019.1965  2256827   11.38%
    702   158    10192.8814   232    11306.0000    10019.1965  2265979   11.38%
    745   201    10221.2945   173    11306.0000    10019.1965  2271430   11.38%
    772   220    10021.6428   289    11306.0000    10019.3366  2282701   11.38%
    777   225    10067.9390   312    11306.0000    10019.3366  2321485   11.38%
Elapsed time = 643.13 sec. (694429.73 ticks, tree = 1.84 MB, solutions = 7)
    780   228    10077.5539   202    11306.0000    10019.3366  2339565   11.38%
    799   247    10114.3919   124    11306.0000    10019.3366  2374076   11.38%
    824   267    10038.7377   397    11306.0000    10021.6428  2396472   11.36%
    826   269    10045.3427   363    11306.0000    10021.6428  2413950   11.36%
    828   271    10045.3427   351    11306.0000    10021.6428  2428751   11.36%
    831   274    10131.1837   369    11306.0000    10021.6428  2450408   11.36%
    835   278    10154.0707   336    11306.0000    10021.6428  2464648   11.36%
    841   284    10266.3545   234    11306.0000    10021.6428  2489882   11.36%
    856   293    10021.6428   266    11306.0000    10021.6428  2516433   11.36%
    861   298    10035.1214   257    11306.0000    10021.6428  2536127   11.36%
Elapsed time = 700.42 sec. (754692.81 ticks, tree = 2.40 MB, solutions = 7)
    865   302    10055.3161   345    11306.0000    10021.6428  2548433   11.36%
    868   305    10055.3161   318    11306.0000    10021.6428  2563623   11.36%
    874   311    10069.6199   216    11306.0000    10021.6428  2579094   11.36%
    880   317    10159.1103   254    11306.0000    10021.6428  2593733   11.36%
    884   320    10432.1192   284    11306.0000    10021.6428  2608293   11.36%
    895   324    11257.3849   211    11306.0000    10021.6428  2615647   11.36%
    897   324    10025.3533   286    11306.0000    10021.6428  2618677   11.36%
    900   327    10038.2758   300    11306.0000    10021.6428  2629089   11.36%
    902   329    10078.1776   391    11306.0000    10021.6428  2640220   11.36%
    906   333    10082.3273   362    11306.0000    10021.6428  2660810   11.36%
Elapsed time = 743.92 sec. (799423.91 ticks, tree = 2.67 MB, solutions = 7)
    943   370    10134.7431   210    11306.0000    10021.6428  2671909   11.36%
    958   378    10025.3533   309    11306.0000    10021.7828  2678120   11.36%
    961   381    10038.2758   311    11306.0000    10021.7828  2690040   11.36%
    965   385    10042.2827   280    11306.0000    10021.7828  2706769   11.36%
    971   391    10056.1315   303    11306.0000    10021.7828  2720104   11.36%
    975   395    10075.3505   271    11306.0000    10021.7828  2731699   11.36%
    999   419    10641.4910   175    11306.0000    10021.7828  2745313   11.36%
   1019   429    10040.1000   264    11306.0000    10024.7891  2759285   11.33%
   1025   435    10057.5336   356    11306.0000    10024.7891  2777042   11.33%
   1033   443    10061.9892   327    11306.0000    10024.7891  2793411   11.33%
Elapsed time = 798.40 sec. (859633.99 ticks, tree = 3.55 MB, solutions = 7)
   1037   446    10099.7288   332    11306.0000    10024.7891  2805507   11.33%
   1055   463    10256.6695   125    11306.0000    10024.7891  2817017   11.33%
   1082   484    10103.2765   407    11306.0000    10024.7891  2833073   11.33%
   1091   493    10113.0080   238    11306.0000    10024.7891  2846064   11.33%
   1110   512    10167.6500   163    11306.0000    10024.7891  2859207   11.33%
Starting limited solution polishing.
   1125   519    10125.1297   302    11306.0000    10025.1816  2879008   11.33%
   1127   521    10132.5807   411    11306.0000    10025.1816  2892335   11.33%
   1131   525    10140.8801   276    11306.0000    10025.1816  2907789   11.33%
   1137   531    10147.9652   232    11306.0000    10025.1816  2922651   11.33%
   1144   538    10242.2287   312    11306.0000    10025.1816  2942173   11.33%
Elapsed time = 851.15 sec. (917092.18 ticks, tree = 4.36 MB, solutions = 7)
   1151   545    10202.2596   250    11306.0000    10025.1816  2950357   11.33%
   1165   551    10025.3038   275    11306.0000    10025.3038  2969138   11.33%
   1168   554    10031.3539   241    11306.0000    10025.3038  2981250   11.33%
   1171   557    10055.7445   340    11306.0000    10025.3038  2996579   11.33%
   1176   562    10059.8345   251    11306.0000    10025.3038  3011410   11.33%
   1186   572    10075.3302   215    11306.0000    10025.3038  3023034   11.33%
   1197   583    10104.5171   220    11306.0000    10025.3038  3032305   11.33%
   1206   586    10025.3038   270    11306.0000    10025.3533  3042959   11.33%

Cover cuts applied:  30
Flow cuts applied:  4
Mixed integer rounding cuts applied:  87
Zero-half cuts applied:  23
Gomory fractional cuts applied:  1

Root node processing (before b&c):
  Real time             =   87.86 sec. (101147.92 ticks)
Sequential b&c:
  Real time             =  812.14 sec. (866874.06 ticks)
                          ------------
Total (root+branch&cut) =  900.00 sec. (968021.98 ticks)
MIP: [1;32mCPLEX finished.[0m
MIP: [1;32mCPLEX status: Feasible[0m
MIP: [1;32mSolution: 
Indexes: [15, 10, 6, 2, 7, 6, 11, 1, 2, 0, 4, 6, 6, 15, 7, 7, 2, 14, 4, 8][2, 8, 0, -1, 2, -1, 12, 8, 1, -1, 12, 1, -1, -1, 0, 15][13, 13, 3, -1, -1, -1, -1, -1, 3, -1, -1, -1, 3, -1, -1, 13, -1, -1, -1], P Variables: [0, 0, 0][0, 0, 0][0, 0, 0][0, 0, 0][0, 0, 0][0, 0, 0][0, 0, 0][0, 0, 0][0, 0, 0][0, 0, 0][0, 0, 0][0, 0, 0][0, 0, 0][0, 0, 0][0, 0, 0][0, 0, 0][0, 0, 0][0, 0, 0][0, 0, 0][0, 0, 0], Flow leaving each bin: Level: 0, Item: 0 => [0]
Level: 0, Item: 1 => [1]
Level: 0, Item: 2 => [2]
Level: 0, Item: 3 => [3]
Level: 0, Item: 4 => [4]
Level: 0, Item: 5 => [5]
Level: 0, Item: 6 => [6]
Level: 0, Item: 7 => [7]
Level: 0, Item: 8 => [8]
Level: 0, Item: 9 => [9]
Level: 0, Item: 10 => [10]
Level: 0, Item: 11 => [11]
Level: 0, Item: 12 => [12]
Level: 0, Item: 13 => [13]
Level: 0, Item: 14 => [14]
Level: 0, Item: 15 => [15]
Level: 0, Item: 16 => [16]
Level: 0, Item: 17 => [17]
Level: 0, Item: 18 => [18]
Level: 0, Item: 19 => [19]
Level: 1, Bin: 0 => [9]
Level: 1, Bin: 1 => [7]
Level: 1, Bin: 2 => [3, 8, 16]
Level: 1, Bin: 4 => [10, 18]
Level: 1, Bin: 6 => [2, 5, 11, 12]
Level: 1, Bin: 7 => [4, 14, 15]
Level: 1, Bin: 8 => [19]
Level: 1, Bin: 10 => [1]
Level: 1, Bin: 11 => [6]
Level: 1, Bin: 14 => [17]
Level: 1, Bin: 15 => [0, 13]
Level: 2, Bin: 0 => [3, 8, 16, 17]
Level: 2, Bin: 1 => [6, 19]
Level: 2, Bin: 2 => [9, 10, 18]
Level: 2, Bin: 8 => [4, 7, 14, 15]
Level: 2, Bin: 12 => [1, 2, 5, 11, 12]
Level: 2, Bin: 15 => [0, 13]
Level: 3, Bin: 3 => [1, 2, 4, 5, 7, 9, 10, 11, 12, 14, 15, 18]
Level: 3, Bin: 13 => [0, 3, 6, 8, 13, 16, 17, 19]
[0m
MIP: [1;32mObjective value: 11306[0m
MIP: [1;32mLower Bound: 10025.4[0m
MIP: [1;32mBranch-and-Bound nodes: 1207[0m

# best solution:
best objective value:	11306
best dual bound value:	10025
optimality gap:	11.3303%
CPU time:	896.926
