ifile	/scratch/csagturk/mlbppo_inst/n0020_m02_p150__029.inst
prob	NFMLBPPO
threads	1
ttime	900
instance: /scratch/csagturk/mlbppo_inst/n0020_m02_p150__029.inst
	m=2, n=[20, 12, 11], #pos=30
MIP: [1;32minit CPLEX[0m
CAN: [1;35mcreated 372 x_{ijk} variables[0m
CAN: [1;35mcreated 43 y_{ij} variables[0m
CAN: [1;35mcreated 860 f_{ijkh} variables[0m
MIP: [1;32mcreated decision variables[0m
CAN: [1;35madded 20 constraints to enforce the packing of each item[0m
CAN: [1;35madded 12 constraints to enforce the packing of each item[0m
CAN: [1;35madded 23 capacity constraints[0m
MIP: [1;32mcreated constraints[0m
MIP: [1;32mcreated objective function[0m
MIP: [1;32mcalling CPLEX solve ...[0m
Version identifier: 22.1.0.0 | 2022-03-09 | 1a383f8ce
CPXPARAM_Threads                                 1
CPXPARAM_TimeLimit                               900
Tried aggregator 2 times.
MIP Presolve eliminated 1933 rows and 1974 columns.
MIP Presolve modified 626 coefficients.
Aggregator did 88 substitutions.
Reduced MIP has 6385 rows, 6113 columns, and 22659 nonzeros.
Reduced MIP has 6077 binaries, 0 generals, 0 SOSs, and 15 indicators.
Presolve time = 0.03 sec. (28.43 ticks)
Probing fixed 981 vars, tightened 24 bounds.
Probing changed sense of 202 constraints.
Probing time = 0.39 sec. (395.91 ticks)
Tried aggregator 2 times.
MIP Presolve eliminated 1343 rows and 1267 columns.
Aggregator did 2 substitutions.
Reduced MIP has 5040 rows, 4844 columns, and 17698 nonzeros.
Reduced MIP has 4844 binaries, 0 generals, 0 SOSs, and 0 indicators.
Presolve time = 0.03 sec. (25.40 ticks)
Probing time = 0.00 sec. (4.69 ticks)
Tried aggregator 1 time.
Detecting symmetries...
Reduced MIP has 5040 rows, 4844 columns, and 17698 nonzeros.
Reduced MIP has 4844 binaries, 0 generals, 0 SOSs, and 0 indicators.
Presolve time = 0.01 sec. (14.40 ticks)
Probing time = 0.00 sec. (4.69 ticks)
Clique table members: 13500.
MIP emphasis: balance optimality and feasibility.
MIP search method: dynamic search.
Parallel mode: none, using 1 thread.
Root relaxation solution time = 0.06 sec. (87.92 ticks)

        Nodes                                         Cuts/
   Node  Left     Objective  IInf  Best Integer    Best Bound    ItCnt     Gap

      0     0     8263.7685   179                   8263.7685     1035         
      0     0     8273.7031   188                    Cuts: 28     1892         
      0     0     8287.0667   176                    Cuts: 51     3193         
      0     0     8331.0020   225                    Cuts: 44     5218         
      0     0     8345.6568   232                    Cuts: 36     6539         
      0     0     8363.2765   285                    Cuts: 38     9118         
Detecting symmetries...
      0     0     8400.6128   207                    Cuts: 35    11521         
      0     0     8417.2500   170                    Cuts: 50    14889         
      0     0     8424.4260   261                    Cuts: 35    17516         
      0     0     8428.2871   259                    Cuts: 44    21126         
      0     0     8432.7835   241                    Cuts: 38    22627         
      0     0     8450.7392   265                    Cuts: 31    25163         
      0     0     8454.6957   293                    Cuts: 42    27870         
      0     0     8455.3107   275                    Cuts: 24    30149         
      0     0     8455.7859   276                    Cuts: 31    32340         
      0     0     8456.1401   242                    Cuts: 24    33902         
      0     0     8456.2277   254                    Cuts: 19    34923         
*     0+    0                        12096.0000     8456.2277            30.09%
*     0+    0                        10673.0000     8456.2277            20.77%
*     0+    0                        10428.0000     8456.2277            18.91%
Detecting symmetries...
      0     2     8456.2277   233    10428.0000     8456.2767    34923   18.91%
Elapsed time = 6.29 sec. (8416.68 ticks, tree = 0.01 MB, solutions = 3)
      2     4     8462.7547   231    10428.0000     8463.0330    37793   18.84%
      3     5     8467.4615   232    10428.0000     8463.0330    39703   18.84%
      5     7     8467.4615   231    10428.0000     8463.0330    41572   18.84%
      7     9     8467.4615   215    10428.0000     8463.0330    44105   18.84%
      9    11     8467.4615   236    10428.0000     8463.0330    45365   18.84%
     13    15     8480.2303   241    10428.0000     8463.0330    49201   18.84%
     15    17     8471.6974   237    10428.0000     8463.0330    51112   18.84%
     18    20     8492.4381   183    10428.0000     8463.0330    53774   18.84%
     22    22     8568.7994   183    10428.0000     8463.0330    56336   18.84%
     48    41     8591.2021   228    10428.0000     8463.7434    65566   18.84%
Elapsed time = 9.26 sec. (12367.85 ticks, tree = 0.70 MB, solutions = 3)
     65    58     8784.6442   130    10428.0000     8463.7434    73037   18.84%
     95    73     8578.3175   190    10428.0000     8467.4615    81132   18.80%
*   119    91      integral     0    10298.0000     8467.4615    84398   17.78%
    120    92     8467.4615   276    10298.0000     8467.4615    87093   17.78%
    138   104     8467.4615   260    10298.0000     8467.4615    98395   17.78%
    165   121     8467.4615   270    10298.0000     8467.4615   107419   17.78%
    176   132     8510.0245   213    10298.0000     8467.4615   117401   17.78%
    193   145     8467.4615   276    10298.0000     8467.4615   126808   17.78%
*   217   157      integral     0    10171.0000     8467.4615   132559   16.75%
    218   158     8467.4615   266    10171.0000     8467.4615   135273   16.75%
    227   167     8474.0922   214    10171.0000     8467.4615   142938   16.75%
*   250+  174                         9674.0000     8467.4615            12.47%
    263   183     8748.1378   128     9674.0000     8467.4615   153210   12.47%
Elapsed time = 17.80 sec. (23556.13 ticks, tree = 1.16 MB, solutions = 6)
    287   204     9266.2020    62     9674.0000     8467.4615   162822   12.47%
    307   218     8469.6607   310     9674.0000     8467.4615   168426   12.47%
    313   224     8469.6607   292     9674.0000     8467.4615   172598   12.47%
    330   237     8521.0323   200     9674.0000     8467.4615   181982   12.47%
    361   253     8467.4615   256     9674.0000     8467.4615   191352   12.47%
    385   269     8467.4615   228     9674.0000     8467.4615   201106   12.47%
*   399   279      integral     0     9667.0000     8467.4615   205985   12.41%
*   400   275      integral     0     9564.0000     8467.4615   205997   11.47%
    415   286     9393.1005    67     9564.0000     8467.4615   211164   11.47%
    445   304     8496.8542   191     9564.0000     8467.4615   221328   11.47%
    471   322     8958.2591   171     9564.0000     8467.4615   232632   11.47%
    498   334     8549.7177   223     9564.0000     8467.4615   242513   11.47%
Elapsed time = 25.81 sec. (33948.02 ticks, tree = 1.57 MB, solutions = 8)
    517   347     8469.3425   371     9564.0000     8467.4615   250739   11.47%
    522   352     8471.9795   279     9564.0000     8467.4615   254672   11.47%
    547   367     8502.7565   311     9564.0000     8467.4615   263015   11.47%
    556   373     8479.9328   227     9564.0000     8467.4615   268258   11.47%
    566   383     8885.3310   159     9564.0000     8467.4615   274554   11.47%
    588   399        cutoff           9564.0000     8467.4615   280568   11.47%
    599   405     8905.2761   147     9564.0000     8467.4615   287747   11.47%
    624   420     8467.4615   256     9564.0000     8467.4615   295737   11.47%
    631   427     8470.8150   315     9564.0000     8467.4615   301717   11.47%
    646   442     9551.7890    79     9564.0000     8467.4615   312777   11.47%
Elapsed time = 34.94 sec. (43979.04 ticks, tree = 1.83 MB, solutions = 8)
    661   449     8504.8739   231     9564.0000     8467.4615   320784   11.47%
    674   458     8488.4183   234     9564.0000     8467.4615   330394   11.47%
    694   474     8554.4980   186     9564.0000     8467.4615   338799   11.47%
    715   489     8516.3077   295     9564.0000     8467.4615   346773   11.47%
    727   495     8501.1093   250     9564.0000     8467.4615   353547   11.47%
    732   500     8515.3505   314     9564.0000     8467.4615   359550   11.47%
    756   514     8517.3333   234     9564.0000     8467.4615   370346   11.47%
    769   519     8592.3333   215     9564.0000     8467.4615   379812   11.47%
    793   535     8587.1519   182     9564.0000     8467.4615   388805   11.47%
    815   547     8512.9578   234     9564.0000     8467.4615   399759   11.47%
Elapsed time = 44.24 sec. (54905.27 ticks, tree = 2.15 MB, solutions = 8)
    827   555     8501.7463   263     9564.0000     8467.4615   408248   11.47%
    832   560     8516.2064   305     9564.0000     8467.4615   416226   11.47%
    835   563     8529.5556   238     9564.0000     8467.4615   422620   11.47%
    840   568     8531.2872   291     9564.0000     8467.4615   428735   11.47%
    867   585     8501.1093   266     9564.0000     8467.4615   439398   11.47%
    872   590     8546.4391   210     9564.0000     8467.4615   446545   11.47%
    902   616     8971.9987   152     9564.0000     8467.4615   457496   11.47%
    919   627        cutoff           9564.0000     8467.4615   465518   11.47%
    941   643     8719.9938   125     9564.0000     8467.4615   475434   11.47%
*   950+  630                         9490.0000     8467.4615            10.77%
    963   638     8523.7239   318     9490.0000     8467.4615   484213   10.77%
Elapsed time = 53.75 sec. (66009.27 ticks, tree = 2.44 MB, solutions = 9)
    983   652     8570.7679   146     9490.0000     8468.3266   494148   10.77%
    997   660     8550.9044   229     9490.0000     8468.3704   503983   10.77%
   1020   675     8507.3027   242     9490.0000     8468.3704   511063   10.77%
   1025   680     8533.4009   234     9490.0000     8468.3704   518746   10.77%
   1040   689     8519.8242   293     9490.0000     8468.6490   527177   10.76%
   1057   698     8516.3077   266     9490.0000     8468.6490   537156   10.76%

Performing restart 1

Repeating presolve.
Tried aggregator 1 time.
MIP Presolve eliminated 39 rows and 27 columns.
MIP Presolve modified 97 coefficients.
Reduced MIP has 5001 rows, 4817 columns, and 17443 nonzeros.
Reduced MIP has 4817 binaries, 0 generals, 0 SOSs, and 0 indicators.
Presolve time = 0.02 sec. (13.90 ticks)
Tried aggregator 1 time.
Reduced MIP has 5001 rows, 4817 columns, and 17443 nonzeros.
Reduced MIP has 4817 binaries, 0 generals, 0 SOSs, and 0 indicators.
Presolve time = 0.02 sec. (15.42 ticks)
Represolve time = 0.19 sec. (173.19 ticks)
   1060     0     8472.9498   256     9490.0000       Cuts: 7   543536   10.72%
   1060     0     8492.3678   255     9490.0000      Cuts: 31   544810   10.51%
   1060     0     8495.6183   291     9490.0000      Cuts: 32   546140   10.48%
   1060     0     8495.6183   295     9490.0000      Cuts: 33   547458   10.48%
   1060     0     8495.6183   279     9490.0000       Cuts: 6   548273   10.48%
   1060     0     8495.6183   275     9490.0000      Cuts: 31   549304   10.48%
   1060     0     8495.6183   253     9490.0000       Cuts: 7   549555   10.48%
   1060     0     8495.6183   284     9490.0000      Cuts: 37   550944   10.48%
   1060     0     8495.6183   224     9490.0000       Cuts: 5   551006   10.48%
   1060     0     8495.6183   269     9490.0000      Cuts: 41   552096   10.48%
*  1060+    0                         9436.0000     8495.6183             9.97%
*  1060+    0                         9254.0000     8495.6183             8.20%
   1060     0  -1.00000e+75     0     9254.0000     8495.6183   552096    8.20%
   1060     2     8495.6183   194     9254.0000     8497.2209   552096    8.18%
   1061     3     8503.7086   246     9254.0000     8504.9886   553246    8.09%
   1062     4     8504.9886   201     9254.0000     8507.9631   554448    8.06%
   1063     5     8513.0067   253     9254.0000     8508.7311   556348    8.05%
Elapsed time = 77.75 sec. (98153.38 ticks, tree = 0.01 MB, solutions = 11)
   1064     6     8520.0896   179     9254.0000     8508.7311   557374    8.05%
   1065     7     8570.7179   210     9254.0000     8508.7311   558877    8.05%
   1066     8     8525.3809   182     9254.0000     8508.7311   560324    8.05%
   1067     9     8533.1169   236     9254.0000     8508.7311   560923    8.05%
   1068    10     8540.9825   222     9254.0000     8508.7311   561197    8.05%
   1069    11     8546.6677   169     9254.0000     8508.7311   562004    8.05%
   1070    12     8570.3841   221     9254.0000     8508.7311   562604    8.05%
   1072    14     8550.9122   194     9254.0000     8508.7311   563034    8.05%
   1074    16     8550.9122   202     9254.0000     8508.7311   563838    8.05%
   1080    21     8575.5455   180     9254.0000     8508.7311   564524    8.05%
Elapsed time = 93.29 sec. (121175.20 ticks, tree = 0.09 MB, solutions = 11)
   1083    23     8577.1091   213     9254.0000     8508.7311   564926    8.05%
   1089    27     8578.7647   174     9254.0000     8508.7311   566055    8.05%
   1093    29     8664.7812   154     9254.0000     8508.7311   567339    8.05%
   1098    31     8679.3165   163     9254.0000     8508.7311   567758    8.05%
   1106    34     8514.2090   236     9254.0000     8514.2090   569380    7.99%
   1110    38     8515.6772   214     9254.0000     8514.2090   569880    7.99%
   1113    41     8517.3333   155     9254.0000     8514.2090   571706    7.99%
   1114    42     8522.3345   200     9254.0000     8514.2090   573903    7.99%
   1115    43     8537.8565   222     9254.0000     8514.2090   575894    7.99%
   1118    46     8588.7385   243     9254.0000     8514.2090   578970    7.99%
Elapsed time = 104.72 sec. (138004.90 ticks, tree = 0.16 MB, solutions = 11)
   1122    50     8543.2395   167     9254.0000     8514.2090   580711    7.99%
   1125    53     8545.3774   203     9254.0000     8514.2090   581721    7.99%
   1130    58     8651.0127   147     9254.0000     8514.2090   584870    7.99%
   1145    68     9004.3825   132     9254.0000     8514.2090   588390    7.99%
   1161    73     8514.2090   216     9254.0000     8514.2090   590679    7.99%
   1165    77     8516.5238   229     9254.0000     8514.2090   592948    7.99%
   1174    86     8517.3333   206     9254.0000     8514.2090   596079    7.99%
   1189   101     8546.4584   226     9254.0000     8514.2090   599049    7.99%
   1227   130        cutoff           9254.0000     8514.2090   602326    7.99%
   1248   149     9010.9375   177     9254.0000     8514.2090   609493    7.99%
Elapsed time = 114.33 sec. (151509.79 ticks, tree = 3.60 MB, solutions = 11)
   1264   159     8595.7576   250     9254.0000     8514.2090   614886    7.99%
   1280   175     8821.8956   186     9254.0000     8514.2090   622364    7.99%
   1294   183     8645.7669   234     9254.0000     8514.2090   632165    7.99%
   1325   210     8561.1140   214     9254.0000     8517.3333   641278    7.96%
   1346   230     9066.0000   139     9254.0000     8517.3333   650389    7.96%
   1364   244     8764.7746   224     9254.0000     8517.3333   658699    7.96%
   1390   248     9152.1818   122     9254.0000     8517.3333   667913    7.96%
   1425   270     8547.3417   220     9254.0000     8517.3333   679331    7.96%
   1461   288     8524.1116   241     9254.0000     8517.3333   689512    7.96%
   1485   300     8614.1200   192     9254.0000     8525.4266   703365    7.87%
Elapsed time = 146.91 sec. (192570.22 ticks, tree = 7.48 MB, solutions = 11)
   1503   316     9200.0455   196     9254.0000     8525.4266   716286    7.87%
   1553   358     9095.6071   205     9254.0000     8527.4557   725249    7.85%
   1580   380     8646.2400   251     9254.0000     8527.7695   738655    7.85%
   1604   398     8676.3953   253     9254.0000     8527.7696   754041    7.85%
   1661   432     8527.9091   198     9254.0000     8527.9091   772906    7.85%
   1706   471     8782.9082   259     9254.0000     8527.9091   785069    7.85%
   1733   483     8940.5653   175     9254.0000     8527.9091   797559    7.85%
   1803   527        cutoff           9254.0000     8527.9091   811353    7.85%
   1844   551     8527.9091   196     9254.0000     8527.9091   821121    7.85%
   1883   575     8698.1703   196     9254.0000     8527.9091   835040    7.85%
Elapsed time = 178.95 sec. (232442.79 ticks, tree = 12.65 MB, solutions = 11)
   1950   617     8636.3990   267     9254.0000     8527.9091   853263    7.85%
   1987   639     8702.0909   155     9254.0000     8527.9091   868082    7.85%
   2032   666     9040.5714   143     9254.0000     8527.9091   883752    7.85%
   2092   705     8848.0479   234     9254.0000     8527.9091   899326    7.85%
*  2130+  654                         9140.0000     8527.9091             6.70%
   2140   661     8869.5872   216     9140.0000     8527.9091   916804    6.70%
   2193   685     8746.6580   205     9140.0000     8531.2687   933571    6.66%
   2208   692     8881.9152   274     9140.0000     8532.1162   950303    6.65%
   2242   712     8790.3653   227     9140.0000     8533.5824   963744    6.63%
   2303   758     8534.6922   242     9140.0000     8534.4437   976912    6.63%
   2363   793        cutoff           9140.0000     8536.4190   994725    6.60%
Elapsed time = 213.17 sec. (272205.13 ticks, tree = 16.56 MB, solutions = 12)
   2386   810     8904.9714   221     9140.0000     8536.8568  1004789    6.60%
   2420   827        cutoff           9140.0000     8537.8565  1017473    6.59%
   2448   846     8624.9148   293     9140.0000     8540.0067  1029610    6.56%
   2489   872     8684.9094   249     9140.0000     8540.0067  1042770    6.56%
   2542   909     9038.8566   267     9140.0000     8541.2702  1054076    6.55%
   2558   913     8828.3030   164     9140.0000     8542.2891  1063205    6.54%
   2595   934     8765.3125   259     9140.0000     8543.0587  1077439    6.53%
   2640   959     8640.0714   184     9140.0000     8544.1982  1093007    6.52%
   2681   973     8827.9091   165     9140.0000     8546.6677  1111127    6.49%
   2719   996     8980.4737   175     9140.0000     8547.0467  1129517    6.49%
Elapsed time = 246.06 sec. (311151.42 ticks, tree = 21.77 MB, solutions = 12)
   2755  1018     9093.7812   147     9140.0000     8548.2388  1145211    6.47%
   2788  1021        cutoff           9140.0000     8549.7195  1160071    6.46%
   2810  1030     8740.8333   232     9140.0000     8550.6993  1178650    6.45%
   2833  1048     8855.1786   226     9140.0000     8550.8420  1193308    6.45%
   2876  1069     9133.6000   228     9140.0000     8550.9122  1208527    6.45%
   2911  1087     9093.8000   165     9140.0000     8552.3860  1222700    6.43%
   2949  1097     8845.4000   100     9140.0000     8554.6309  1241027    6.40%
   2982  1111     9138.6581   264     9140.0000     8557.1972  1256598    6.38%
   3021  1128     8694.1197   263     9140.0000     8558.3105  1270539    6.36%
   3078  1164     9044.8214   231     9140.0000     8560.9469  1288639    6.34%
Elapsed time = 280.53 sec. (350685.92 ticks, tree = 25.92 MB, solutions = 12)
   3108  1182     8839.6591   218     9140.0000     8561.4275  1305087    6.33%
   3158  1197     8855.9091   137     9140.0000     8563.8581  1321670    6.30%
   3199  1207     8716.9000   229     9140.0000     8565.2186  1340463    6.29%
   3228  1219     8829.0191   292     9140.0000     8565.7959  1359049    6.28%
   3267  1231     8623.7986   224     9140.0000     8567.2125  1376994    6.27%
   3305  1255     9121.2997   225     9140.0000     8567.8333  1392795    6.26%
   3336  1268     9056.1364   168     9140.0000     8570.3985  1410537    6.23%
   3359  1274     8724.0862   280     9140.0000     8571.0885  1428448    6.22%
   3406  1300     8781.9074   199     9140.0000     8571.8272  1444430    6.22%
   3435  1313        cutoff           9140.0000     8574.0629  1460732    6.19%
Elapsed time = 314.90 sec. (390599.08 ticks, tree = 28.43 MB, solutions = 12)
   3491  1349     8980.4737   185     9140.0000     8574.3333  1475700    6.19%
   3537  1377     8639.8947   275     9140.0000     8575.1428  1492380    6.18%
   3574  1389     9078.0000   214     9140.0000     8577.1091  1509458    6.16%
   3604  1401     8687.0000   156     9140.0000     8577.6603  1522322    6.15%
   3639  1413     8813.1591   208     9140.0000     8580.2573  1540448    6.12%
   3678  1426     8836.1721   259     9140.0000     8583.4830  1554434    6.09%
   3712  1437     9020.0446   210     9140.0000     8584.6820  1573045    6.08%
   3748  1450     8857.7528   198     9140.0000     8587.0592  1593007    6.05%
   3776  1464     8879.1262   257     9140.0000     8588.4607  1609203    6.03%
   3811  1476     8980.4737   127     9140.0000     8589.6964  1624797    6.02%
Elapsed time = 350.10 sec. (429839.20 ticks, tree = 32.89 MB, solutions = 12)
   3857  1503     8968.7619   207     9140.0000     8593.0000  1639404    5.98%
   3897  1522     8977.2424   161     9140.0000     8593.3092  1656492    5.98%
   3927  1525     9110.0000   124     9140.0000     8594.4443  1673471    5.97%
   3976  1546     8812.4091   174     9140.0000     8595.7576  1691629    5.95%
   4018  1561     8736.8944   284     9140.0000     8597.1317  1710485    5.94%
   4046  1576     8768.4783   295     9140.0000     8597.3273  1728669    5.94%
   4070  1582     8783.9710   263     9140.0000     8597.5357  1751245    5.94%
   4107  1607     9062.7514   270     9140.0000     8598.2472  1767511    5.93%
   4145  1616     8780.5000   223     9140.0000     8600.0367  1789014    5.91%
   4170  1630     8991.5000   217     9140.0000     8601.8103  1805070    5.89%
Elapsed time = 383.96 sec. (469267.15 ticks, tree = 34.85 MB, solutions = 12)
   4206  1635        cutoff           9140.0000     8605.7767  1822410    5.84%
   4232  1641     8631.5657   235     9140.0000     8606.7201  1839373    5.83%
   4277  1663     9022.3125   182     9140.0000     8609.8862  1858689    5.80%
   4304  1675     8973.0000   230     9140.0000     8611.3737  1874697    5.78%
   4336  1696     9133.5057   203     9140.0000     8612.6242  1890450    5.77%
   4368  1715     9062.5460   253     9140.0000     8614.3327  1907783    5.75%
   4426  1742     8718.8085   259     9140.0000     8616.7405  1923021    5.72%
   4482  1766     8781.2424   258     9140.0000     8620.1312  1938904    5.69%
   4520  1776     8700.6203   237     9140.0000     8623.8266  1956318    5.65%
   4586  1819     8769.1218   236     9140.0000     8627.8951  1973199    5.60%
Elapsed time = 418.29 sec. (508898.61 ticks, tree = 40.92 MB, solutions = 12)
   4621  1830     9133.6769   165     9140.0000     8632.5853  1989553    5.55%
   4664  1846     8754.1591   253     9140.0000     8636.6410  2007529    5.51%
   4723  1873     8701.4535   259     9140.0000     8639.9773  2023476    5.47%
   4781  1904     9123.0000   143     9140.0000     8639.9773  2038752    5.47%
   4824  1916     9104.9507   189     9140.0000     8639.9773  2056489    5.47%
   4871  1933     8890.0488   258     9140.0000     8639.9773  2073183    5.47%
   4910  1952     8892.6052   252     9140.0000     8642.0303  2090913    5.45%
   4949  1966     8999.3555   242     9140.0000     8642.5596  2107571    5.44%
   5009  1990     9129.1786   181     9140.0000     8645.0946  2123564    5.41%
   5040  2000     9021.6692   245     9140.0000     8645.1091  2141972    5.41%
Elapsed time = 452.54 sec. (548057.38 ticks, tree = 45.65 MB, solutions = 12)
   5082  2009     8901.0648   274     9140.0000     8650.9208  2159147    5.35%
   5125  2015        cutoff           9140.0000     8652.8647  2177426    5.33%
   5174  2031     8865.9844   280     9140.0000     8652.8647  2192558    5.33%
   5208  2042     9042.0526   167     9140.0000     8654.1071  2205982    5.32%
   5272  2076     8680.5661   267     9140.0000     8656.3505  2221718    5.29%
   5299  2083     8898.4091   145     9140.0000     8658.9522  2238284    5.26%
   5361  2107     9061.1250   146     9140.0000     8663.0416  2254174    5.22%
   5402  2109     8956.1818   194     9140.0000     8668.6020  2269607    5.16%
   5434  2123     8973.1818   207     9140.0000     8669.7858  2287007    5.14%
   5464  2136     9085.0694   204     9140.0000     8671.2522  2303319    5.13%
Elapsed time = 486.78 sec. (587002.43 ticks, tree = 50.33 MB, solutions = 12)
   5522  2175     9139.0000   194     9140.0000     8672.7380  2321382    5.11%
   5572  2189     8947.6103   230     9140.0000     8675.2542  2339416    5.08%
   5601  2198     8831.5714   290     9140.0000     8675.9841  2355635    5.08%
   5651  2227     9021.0000   135     9140.0000     8676.6350  2372158    5.07%
   5693  2242     8994.6562   258     9140.0000     8681.8787  2390363    5.01%
   5734  2251     9093.4629   203     9140.0000     8682.1250  2405749    5.01%
   5762  2254     9127.0531   241     9140.0000     8682.1250  2424301    5.01%
   5789  2255     8938.5814   365     9140.0000     8682.1250  2446020    5.01%
   5811  2260     8985.9091   206     9140.0000     8682.1250  2463239    5.01%
   5841  2261     9102.9278   264     9140.0000     8684.7251  2481218    4.98%
Elapsed time = 521.83 sec. (626845.70 ticks, tree = 53.61 MB, solutions = 12)
   5874  2262     8968.7055   272     9140.0000     8687.5952  2495630    4.95%
   5909  2276     9095.6071   239     9140.0000     8688.3333  2510712    4.94%
   5946  2295        cutoff           9140.0000     8689.6993  2525038    4.93%
   5992  2310     9123.0000   214     9140.0000     8692.8107  2540384    4.89%
   6057  2337     8920.7248   267     9140.0000     8695.1500  2557875    4.87%
   6088  2343     8958.6875   235     9140.0000     8698.6404  2569403    4.83%
   6125  2367     8983.9553   234     9140.0000     8699.7537  2585241    4.82%
   6168  2373        cutoff           9140.0000     8702.8105  2602157    4.78%
   6218  2394     9098.3304   272     9140.0000     8704.7502  2621094    4.76%
   6273  2429     9017.0000   113     9140.0000     8706.6354  2635382    4.74%
Elapsed time = 556.80 sec. (666450.17 ticks, tree = 57.02 MB, solutions = 12)
   6317  2437     9013.0031   198     9140.0000     8708.0383  2652753    4.73%
   6363  2450     8980.4737   162     9140.0000     8710.9231  2669334    4.69%
   6399  2464     9123.0000   158     9140.0000     8712.5567  2683552    4.68%
   6438  2464     8898.3992   242     9140.0000     8717.9835  2702145    4.62%
   6479  2485     8980.4737   217     9140.0000     8718.7370  2714917    4.61%
   6541  2505     9048.1396   252     9140.0000     8721.8439  2731195    4.58%
   6598  2527     8827.9615   247     9140.0000     8723.4350  2747538    4.56%
   6635  2544     8855.5745   268     9140.0000     8726.1762  2763881    4.53%
   6682  2565     8944.0000   146     9140.0000     8729.4110  2781608    4.49%
   6715  2580     8905.4895   270     9140.0000     8730.9836  2795217    4.48%
Elapsed time = 590.07 sec. (705177.61 ticks, tree = 60.50 MB, solutions = 12)
   6764  2595     9037.0000   146     9140.0000     8733.3293  2811785    4.45%
   6802  2602     8817.6803   258     9140.0000     8735.5153  2829641    4.43%
   6835  2611     9081.8804   276     9140.0000     8736.4545  2848176    4.42%
   6875  2603     9034.3535   280     9140.0000     8738.9326  2866405    4.39%
   6917  2622     9038.3750   228     9140.0000     8740.6143  2883974    4.37%
   6962  2639        cutoff           9140.0000     8742.1705  2902007    4.35%
   7024  2659     8948.6818   234     9140.0000     8746.9117  2918709    4.30%
   7070  2672     8860.4000   194     9140.0000     8748.0938  2934670    4.29%
   7111  2692     8995.0102   232     9140.0000     8749.6483  2951792    4.27%
   7172  2699        cutoff           9140.0000     8752.1811  2969570    4.24%
Elapsed time = 623.78 sec. (744300.99 ticks, tree = 65.87 MB, solutions = 12)
   7223  2706     8777.5641   188     9140.0000     8753.0000  2983740    4.23%
   7288  2699     8945.0000   226     9140.0000     8755.3325  3002400    4.21%
   7324  2709     8996.2969   204     9140.0000     8757.2000  3016409    4.19%
   7360  2710     9135.4749   262     9140.0000     8760.6071  3033613    4.15%
   7412  2725     8943.3300   291     9140.0000     8763.5137  3050092    4.12%
   7465  2734     8833.6111   284     9140.0000     8767.6364  3066543    4.07%
   7523  2736        cutoff           9140.0000     8770.5890  3084170    4.04%
   7563  2737     8828.2941   259     9140.0000     8773.0000  3101109    4.02%
   7588  2741     8775.2857   255     9140.0000     8775.2857  3120097    3.99%
   7617  2752     8777.4365   276     9140.0000     8777.0000  3136359    3.97%
Elapsed time = 658.72 sec. (784141.11 ticks, tree = 66.09 MB, solutions = 12)
   7657  2771     8949.0000   182     9140.0000     8781.4253  3152434    3.92%
   7706  2783     9021.9091   145     9140.0000     8785.0254  3170242    3.88%
   7747  2780     8986.7659   286     9140.0000     8789.5467  3188408    3.83%
   7784  2782     8827.8302   303     9140.0000     8791.7188  3205802    3.81%
   7826  2795     9005.0000   173     9140.0000     8794.3086  3222590    3.78%
   7867  2799     9095.0000   146     9140.0000     8797.1082  3238514    3.75%
   7928  2815     9067.2030   179     9140.0000     8800.5465  3251975    3.71%
   7977  2817     9076.2115   245     9140.0000     8804.6667  3268123    3.67%
   8049  2819     8907.6952   215     9140.0000     8812.8214  3284796    3.58%
   8090  2825     8914.0653   251     9140.0000     8814.2885  3299508    3.56%
Elapsed time = 693.16 sec. (823141.22 ticks, tree = 68.99 MB, solutions = 12)
   8126  2816     8973.5796   228     9140.0000     8819.2500  3315914    3.51%
   8174  2821        cutoff           9140.0000     8822.1482  3332341    3.48%
   8200  2824     8992.5682   222     9140.0000     8824.6212  3347165    3.45%
   8252  2836     8887.4171   211     9140.0000     8827.9091  3366325    3.41%
   8305  2861     8873.0797   348     9140.0000     8828.3571  3379138    3.41%
   8351  2861     9028.0000   283     9140.0000     8831.0238  3395870    3.38%
   8415  2880     8885.5498   216     9140.0000     8834.0000  3412792    3.35%
   8472  2892     8834.0000   171     9140.0000     8834.0000  3430801    3.35%
*  8532   560      integral     0     8921.0000     8834.0000  3443602    0.98%
   8598   545     8910.6677   251     8921.0000     8839.2857  3458965    0.92%
Elapsed time = 726.90 sec. (861458.17 ticks, tree = 13.37 MB, solutions = 13)
   8660   503     8876.8360   179     8921.0000     8848.6088  3474528    0.81%
   8753   430        cutoff           8921.0000     8858.0000  3494964    0.71%
   8823   396        cutoff           8921.0000     8862.0369  3512476    0.66%
   8897   347        cutoff           8921.0000     8870.0000  3529745    0.57%
   8993   273     8880.7330   197     8921.0000     8880.3158  3547269    0.46%
   9089   208     8888.0000   161     8921.0000     8888.0000  3565971    0.37%
   9165   188     8888.4991   223     8921.0000     8888.3214  3586849    0.37%
   9324    42        cutoff           8921.0000     8912.8750  3603109    0.09%

Clique cuts applied:  21
Cover cuts applied:  161
Mixed integer rounding cuts applied:  60
Zero-half cuts applied:  17
Lift and project cuts applied:  2
Gomory fractional cuts applied:  3

Root node processing (before b&c):
  Real time             =    6.12 sec. (8271.29 ticks)
Sequential b&c:
  Real time             =  747.73 sec. (885805.00 ticks)
                          ------------
Total (root+branch&cut) =  753.85 sec. (894076.29 ticks)
MIP: [1;32mCPLEX finished.[0m
MIP: [1;32mCPLEX status: Optimal[0m
MIP: [1;32mSolution: 
Indexes: [8, 2, 1, 5, 8, 1, 3, 1, 11, 5, 11, 4, 9, 2, 2, 4, 9, 8, 3, 11][-1, 2, 10, 4, 10, 2, -1, -1, 8, 4, -1, 3], P Variables: [0, 0][0, 0][0, 0][0, 0][0, 0][0, 0][0, 0][0, 0][0, 0][0, 0][0, 0][0, 0][0, 0][0, 0][0, 0][0, 0][0, 0][0, 0][0, 0][0, 0], Flow leaving each bin: Level: 0, Item: 0 => [0]
Level: 0, Item: 1 => [1]
Level: 0, Item: 2 => [2]
Level: 0, Item: 3 => [3]
Level: 0, Item: 4 => [4]
Level: 0, Item: 5 => [5]
Level: 0, Item: 6 => [6]
Level: 0, Item: 7 => [7]
Level: 0, Item: 8 => [8]
Level: 0, Item: 9 => [9]
Level: 0, Item: 10 => [10]
Level: 0, Item: 11 => [11]
Level: 0, Item: 12 => [12]
Level: 0, Item: 13 => [13]
Level: 0, Item: 14 => [14]
Level: 0, Item: 15 => [15]
Level: 0, Item: 16 => [16]
Level: 0, Item: 17 => [17]
Level: 0, Item: 18 => [18]
Level: 0, Item: 19 => [19]
Level: 1, Bin: 1 => [2, 5, 7]
Level: 1, Bin: 2 => [1, 13, 14]
Level: 1, Bin: 3 => [6, 18]
Level: 1, Bin: 4 => [11, 15]
Level: 1, Bin: 5 => [3, 9]
Level: 1, Bin: 8 => [0, 4, 17]
Level: 1, Bin: 9 => [12, 16]
Level: 1, Bin: 11 => [8, 10, 19]
Level: 2, Bin: 2 => [2, 3, 5, 7, 9]
Level: 2, Bin: 3 => [8, 10, 19]
Level: 2, Bin: 4 => [6, 12, 16, 18]
Level: 2, Bin: 8 => [0, 4, 17]
Level: 2, Bin: 10 => [1, 11, 13, 14, 15]
[0m
MIP: [1;32mObjective value: 8921[0m
MIP: [1;32mLower Bound: 8921[0m
MIP: [1;32mBranch-and-Bound nodes: 9376[0m

# best solution:
best objective value:	8921
best dual bound value:	8921
optimality gap:	0%
CPU time:	751.228
