ifile	/scratch/csagturk/mlbppo_inst/n0020_m04_p150__082.inst
prob	NFMLBPPO
threads	1
ttime	900
instance: /scratch/csagturk/mlbppo_inst/n0020_m04_p150__082.inst
	m=4, n=[20, 17, 22, 24, 22], #pos=30
MIP: [1;32minit CPLEX[0m
CAN: [1;35mcreated 1770 x_{ijk} variables[0m
CAN: [1;35mcreated 105 y_{ij} variables[0m
CAN: [1;35mcreated 2100 f_{ijkh} variables[0m
MIP: [1;32mcreated decision variables[0m
CAN: [1;35madded 20 constraints to enforce the packing of each item[0m
CAN: [1;35madded 63 constraints to enforce the packing of each item[0m
CAN: [1;35madded 85 capacity constraints[0m
MIP: [1;32mcreated constraints[0m
MIP: [1;32mcreated objective function[0m
MIP: [1;32mcalling CPLEX solve ...[0m
Version identifier: 22.1.0.0 | 2022-03-09 | 1a383f8ce
CPXPARAM_Threads                                 1
CPXPARAM_TimeLimit                               900
Tried aggregator 2 times.
MIP Presolve eliminated 8389 rows and 8799 columns.
MIP Presolve modified 1942 coefficients.
Aggregator did 230 substitutions.
Reduced MIP has 29886 rows, 29296 columns, and 121094 nonzeros.
Reduced MIP has 29107 binaries, 0 generals, 0 SOSs, and 116 indicators.
Presolve time = 0.16 sec. (160.97 ticks)
Probing fixed 0 vars, tightened 126 bounds.
Probing changed sense of 30 constraints.
Probing time = 3.79 sec. (4126.78 ticks)
Tried aggregator 1 time.
Detecting symmetries...
MIP Presolve eliminated 680 rows and 723 columns.
Reduced MIP has 29206 rows, 28573 columns, and 119366 nonzeros.
Reduced MIP has 28573 binaries, 0 generals, 0 SOSs, and 0 indicators.
Presolve time = 0.14 sec. (134.22 ticks)
Probing time = 0.02 sec. (12.41 ticks)
Clique table members: 82532.
MIP emphasis: balance optimality and feasibility.
MIP search method: dynamic search.
Parallel mode: none, using 1 thread.
Root relaxation solution time = 3.17 sec. (3661.41 ticks)

        Nodes                                         Cuts/
   Node  Left     Objective  IInf  Best Integer    Best Bound    ItCnt     Gap

      0     0    15806.8017   375                  15806.8017    12494         
      0     0    15967.3328   357                    Cuts: 74    25715         
      0     0    16059.7073   356                    Cuts: 76    37946         
      0     0    16132.8542   453                    Cuts: 64    51741         
      0     0    16194.8552   457                    Cuts: 60    65059         
      0     0    16247.2219   523                    Cuts: 50    76406         
      0     0    16300.4199   441                    Cuts: 70    83817         
      0     0    16388.0982   462                    Cuts: 46    90324         
      0     0    16457.9463   448                    Cuts: 40   100217         
      0     0    16470.4642   387                    Cuts: 43   108495         
      0     0    16502.4111   543                    Cuts: 33   119953         
      0     0    16531.0061   456                    Cuts: 30   127289         
      0     0    16560.8006   504                    Cuts: 40   134671         
      0     0    16572.7227   403                    Cuts: 32   140434         
      0     0    16585.8681   486                    Cuts: 30   148173         
      0     0    16607.8121   483                    Cuts: 27   159963         
      0     0    16626.5931   465                    Cuts: 38   168234         
      0     0    16648.9759   537                    Cuts: 63   179364         
      0     0    16650.2826   467                    Cuts: 40   184644         
      0     0    16650.4380   475                    Cuts: 28   188739         
      0     0    16665.7901   458                    Cuts: 14   201354         
      0     0    16669.0784   550                    Cuts: 31   212167         
Heuristic still looking.
*     0+    0                        39629.0000    16669.0784            57.94%
*     0+    0                        37487.0000    16669.0784            55.53%
*     0+    0                        36231.0000    16669.0784            53.99%
*     0+    0                        34897.0000    16669.0784            52.23%
      0     2    16669.0784   476    34897.0000    16671.3146   212167   52.23%
Elapsed time = 122.61 sec. (132932.58 ticks, tree = 0.01 MB, solutions = 4)
      1     3    16684.0293   429    34897.0000    16671.3146   218294   52.23%
      2     4    16702.7498   324    34897.0000    16684.8482   227032   52.19%
      3     5    16740.4302   337    34897.0000    16684.8482   232751   52.19%
      4     6    16766.1866   312    34897.0000    16684.8482   245947   52.19%
      5     7    16771.6914   272    34897.0000    16684.8482   260298   52.19%
      6     8    16783.9407   298    34897.0000    16684.8482   265880   52.19%
      7     9    16796.2043   293    34897.0000    16684.8482   269179   52.19%
      8    10    16783.9407   307    34897.0000    16684.8482   270032   52.19%
     10    12    16783.9407   308    34897.0000    16684.8482   284201   52.19%
     14    16    16783.9407   327    34897.0000    16684.8482   286993   52.19%
Elapsed time = 132.48 sec. (143594.68 ticks, tree = 1.05 MB, solutions = 4)
     25    27    16862.0118   344    34897.0000    16684.8482   298593   52.19%
     28    30    16862.0118   341    34897.0000    16684.8482   313473   52.19%
     31    33    16898.9477   323    34897.0000    16684.8482   327621   52.19%
     33    35    16893.5223   295    34897.0000    16684.8482   335699   52.19%
     36    38    17032.2961   275    34897.0000    16684.8482   345050   52.19%
     37    39    16938.3698   314    34897.0000    16684.8482   350063   52.19%
     38    40    16999.6553   376    34897.0000    16684.8482   358413   52.19%
     40    42    16971.5159   289    34897.0000    16684.8482   363221   52.19%
     43    45    17060.8846   348    34897.0000    16684.8482   377584   52.19%
     46    48    17066.4975   243    34897.0000    16684.8482   386354   52.19%
Elapsed time = 146.45 sec. (157864.51 ticks, tree = 1.96 MB, solutions = 4)
     50    52    17129.1607   241    34897.0000    16684.8482   395227   52.19%
     54    56    17129.1607   249    34897.0000    16684.8482   404941   52.19%
     62    64    17129.1607   255    34897.0000    16684.8482   414708   52.19%
     73    75    17160.9803   222    34897.0000    16684.8482   424494   52.19%
     78    80    17239.5814   215    34897.0000    16684.8482   433930   52.19%
     84    82    17434.8145   239    34897.0000    16684.8482   440778   52.19%
     92    88    17690.9124   301    34897.0000    16684.8482   453625   52.19%
    100    95    17665.2964   202    34897.0000    16684.8482   464409   52.19%
    108   103    17847.2221   195    34897.0000    16684.8482   476384   52.19%
    113   108    18175.1663   200    34897.0000    16684.8482   489256   52.19%
Elapsed time = 156.41 sec. (168873.58 ticks, tree = 2.86 MB, solutions = 4)
    117   112    19843.1204   170    34897.0000    16684.8482   504431   52.19%
    121   116    18298.7719   195    34897.0000    16684.8482   513702   52.19%
    126   121    18530.7904   177    34897.0000    16684.8482   524124   52.19%
    131   126    19499.9724    94    34897.0000    16684.8482   540734   52.19%
    141   136    19282.2409   133    34897.0000    16684.8482   552000   52.19%
    147   142    22459.1982   126    34897.0000    16684.8482   567279   52.19%
    171   150    16699.7316   467    34897.0000    16693.1659   583606   52.16%
    173   152    16711.0712   334    34897.0000    16693.1659   592365   52.16%
    174   153    16766.1811   331    34897.0000    16693.1659   599265   52.16%
    175   154    16711.0712   346    34897.0000    16693.1659   606407   52.16%
Elapsed time = 172.26 sec. (185912.15 ticks, tree = 3.60 MB, solutions = 4)
    176   155    16711.0712   349    34897.0000    16693.1659   615359   52.16%
    177   156    16711.0712   353    34897.0000    16693.1659   620582   52.16%
    178   157    16750.3469   222    34897.0000    16693.1659   630282   52.16%
    180   159    16750.3469   202    34897.0000    16693.1659   633040   52.16%
    184   163    16750.3469   208    34897.0000    16693.1659   640010   52.16%
    187   166    16750.3469   221    34897.0000    16693.1659   645574   52.16%
    190   169    16892.1210   441    34897.0000    16693.1659   657851   52.16%
    192   171    16765.5534   394    34897.0000    16693.1659   667862   52.16%
    193   172    16806.7884   232    34897.0000    16693.1659   674525   52.16%
    194   173    16810.8061   383    34897.0000    16693.1659   680533   52.16%
Elapsed time = 186.44 sec. (200471.09 ticks, tree = 3.85 MB, solutions = 4)
    196   175    16943.1210   362    34897.0000    16693.1659   689363   52.16%
    197   176    16965.2191   346    34897.0000    16693.1659   696753   52.16%
    200   179    16976.5546   164    34897.0000    16693.1659   700016   52.16%
    204   183    16976.5546   182    34897.0000    16693.1659   705759   52.16%
    209   188    17112.1129   374    34897.0000    16693.1659   717353   52.16%
    214   193    17023.0768   140    34897.0000    16693.1659   723980   52.16%
    216   195    17134.1428   290    34897.0000    16693.1659   732533   52.16%
    220   199    17028.6573   181    34897.0000    16693.1659   739283   52.16%
    226   205    17038.3684   117    34897.0000    16693.1659   748833   52.16%
    230   209    17113.0229   334    34897.0000    16693.1659   763248   52.16%
Elapsed time = 198.66 sec. (212527.85 ticks, tree = 4.39 MB, solutions = 4)
    233   212    17160.7471   238    34897.0000    16693.1659   775759   52.16%
    236   215    17767.5478   224    34897.0000    16693.1659   787125   52.16%
    238   217    17358.7395   262    34897.0000    16693.1659   798482   52.16%
    240   219    17363.3934   268    34897.0000    16693.1659   803760   52.16%
    245   224    17405.0857   229    34897.0000    16693.1659   814502   52.16%
    249   228    17591.3255   172    34897.0000    16693.1659   822742   52.16%
    254   233    18060.2000   200    34897.0000    16693.1659   835511   52.16%
    259   236    18083.8511   215    34897.0000    16693.1659   845372   52.16%
    264   241    20257.3946   180    34897.0000    16693.1659   853465   52.16%
    270   247    18217.2158   240    34897.0000    16693.1659   862209   52.16%
Elapsed time = 211.41 sec. (224471.58 ticks, tree = 4.95 MB, solutions = 4)
    277   254    18227.1240   231    34897.0000    16693.1659   871934   52.16%
    283   260    18561.0470   209    34897.0000    16693.1659   883981   52.16%
    288   265    19505.0764   265    34897.0000    16693.1659   899302   52.16%
    298   275    21214.1164   143    34897.0000    16693.1659   910139   52.16%
    335   294    24241.0770    39    34897.0000    16693.1659   918235   52.16%
    343   292    16744.7478   393    34897.0000    16707.6755   931376   52.12%
    345   294    16744.7977   380    34897.0000    16707.6755   938759   52.12%
    346   295    16799.0488   418    34897.0000    16707.6755   946725   52.12%
    347   296    16841.2885   332    34897.0000    16707.6755   952584   52.12%
    348   297    16853.2027   320    34897.0000    16707.6755   958184   52.12%
Elapsed time = 226.72 sec. (239861.84 ticks, tree = 5.79 MB, solutions = 4)
    350   299    16853.2027   301    34897.0000    16707.6755   965541   52.12%
    352   301    16853.2027   342    34897.0000    16707.6755   973725   52.12%
    354   303    16853.2027   310    34897.0000    16707.6755   978951   52.12%
    356   305    16853.2027   278    34897.0000    16707.6755   987518   52.12%
    358   307    16866.5321   281    34897.0000    16707.6755   993126   52.12%
    360   309    16881.2514   319    34897.0000    16707.6755  1004029   52.12%
    362   311    16905.9740   318    34897.0000    16707.6755  1013496   52.12%
    364   313    16905.9740   339    34897.0000    16707.6755  1023856   52.12%
    366   315    16927.4802   207    34897.0000    16707.6755  1032542   52.12%
    370   319    16927.4802   207    34897.0000    16707.6755  1037920   52.12%
Elapsed time = 243.02 sec. (255770.67 ticks, tree = 6.09 MB, solutions = 4)
    372   321    16930.8196   243    34897.0000    16707.6755  1044216   52.12%
    375   324    16930.8196   237    34897.0000    16707.6755  1052489   52.12%
    378   327    16932.9646   227    34897.0000    16707.6755  1058592   52.12%
    380   329    17014.8605   275    34897.0000    16707.6755  1065166   52.12%
    383   332    17167.9160   325    34897.0000    16707.6755  1076079   52.12%
    386   335    17552.6041   350    34897.0000    16707.6755  1088412   52.12%
    387   336    17552.6041   332    34897.0000    16707.6755  1093859   52.12%
    389   338    17601.1527   249    34897.0000    16707.6755  1100193   52.12%
    390   339    17646.0735   379    34897.0000    16707.6755  1107007   52.12%
    401   350    17722.2754   324    34897.0000    16707.6755  1130448   52.12%
Elapsed time = 261.30 sec. (272916.36 ticks, tree = 6.56 MB, solutions = 4)
    403   352    16743.9267   399    34897.0000    16711.0712  1143258   52.11%
    408   357    16787.2611   310    34897.0000    16711.0712  1165828   52.11%
    412   361    16787.2611   307    34897.0000    16711.0712  1187965   52.11%
    419   368    16812.5449   303    34897.0000    16711.0712  1210531   52.11%
    430   379    16867.4196   306    34897.0000    16711.0712  1236884   52.11%
    452   401    17292.9693   262    34897.0000    16711.0712  1269867   52.11%
    460   409    17443.0458   288    34897.0000    16711.0712  1283586   52.11%
    478   427    18914.3483   245    34897.0000    16711.0712  1317851   52.11%

Performing restart 1

Repeating presolve.
Tried aggregator 1 time.
MIP Presolve modified 1609 coefficients.
Reduced MIP has 29206 rows, 28573 columns, and 119366 nonzeros.
Reduced MIP has 28573 binaries, 0 generals, 0 SOSs, and 0 indicators.
Presolve time = 0.11 sec. (103.06 ticks)
Tried aggregator 1 time.
MIP Presolve modified 948 coefficients.
Reduced MIP has 29206 rows, 28573 columns, and 119366 nonzeros.
Reduced MIP has 28573 binaries, 0 generals, 0 SOSs, and 0 indicators.
Presolve time = 0.13 sec. (125.76 ticks)
Represolve time = 0.57 sec. (499.23 ticks)
    483     0    16657.4033   428    34897.0000      Cuts: 57  1368836   52.11%
    483     0    16731.9220   544    34897.0000      Cuts: 76  1384696   52.05%
    483     0    16763.9908   538    34897.0000      Cuts: 79  1397280   51.96%
*   483+    0                        32574.0000    16763.9908            48.54%
*   483+    0                        31401.0000    16763.9908            46.61%
    483     0  -1.00000e+75     0    31401.0000    16763.9908  1397280   46.61%
    483     0    16765.7839   560    31401.0000      Cuts: 45  1403041   46.61%
    483     0    16781.5424   598    31401.0000      Cuts: 20  1411119   46.56%
    483     0    16781.5424   640    31401.0000      Cuts: 45  1417842   46.56%
    483     0    16781.5424   445    31401.0000       Cuts: 8  1422886   46.56%
    483     0    16785.1169   484    31401.0000      Cuts: 38  1431290   46.55%
    483     0    16785.1169   451    31401.0000      Cuts: 36  1436192   46.55%
    483     0    16785.1169   529    31401.0000      Cuts: 31  1442186   46.55%
    483     0    16786.1113   461    31401.0000       Cuts: 7  1451324   46.54%
    483     0    16786.6488   526    31401.0000      Cuts: 19  1465361   46.54%
    483     0    16786.6488   489    31401.0000      Cuts: 17  1471577   46.54%
    483     0    16786.6488   490    31401.0000      Cuts: 10  1478545   46.54%
    483     0    16786.6488   527    31401.0000      Cuts: 11  1487607   46.54%
    483     2    16786.6488   476    31401.0000    16789.0695  1487607   46.53%
    484     3    16810.6239   523    31401.0000    16814.3861  1500785   46.45%
Elapsed time = 425.74 sec. (444559.83 ticks, tree = 0.02 MB, solutions = 6)
    485     4    16814.3861   553    31401.0000    16814.3861  1513105   46.45%
    486     5    16814.3861   484    31401.0000    16814.3861  1523933   46.45%
    487     6    16814.3898   490    31401.0000    16814.3898  1532030   46.45%
    489     8    16823.8528   526    31401.0000    16814.3898  1586506   46.45%
    492    11    16865.7451   279    31401.0000    16814.3898  1606959   46.45%
    496    15    16881.3665   314    31401.0000    16814.3898  1632458   46.45%
    499    18    16893.3647   283    31401.0000    16814.3898  1659246   46.45%
    507    26    16917.5494   260    31401.0000    16814.3898  1672685   46.45%
    514    33    17033.5892   363    31401.0000    16814.3898  1691298   46.45%
    521    40    17154.8009   259    31401.0000    16814.3898  1700512   46.45%
Elapsed time = 471.87 sec. (497596.10 ticks, tree = 0.51 MB, solutions = 6)
    532    51    17467.3169   222    31401.0000    16814.3898  1711228   46.45%
    543    56    17568.3750   173    31401.0000    16814.3898  1722469   46.45%
    548    58    20550.4156   293    31401.0000    16814.3898  1731219   46.45%
    557    67    18014.6593   238    31401.0000    16814.3898  1746156   46.45%
    565    75    18124.2279   231    31401.0000    16814.3898  1753240   46.45%
    577    87    19699.5714   172    31401.0000    16814.3898  1758401   46.45%
    596   106    19658.6984   122    31401.0000    16814.3898  1763603   46.45%
    621   128    21420.0000   142    31401.0000    16814.3898  1768088   46.45%
    635   142    21759.0000   132    31401.0000    16814.3898  1769154   46.45%
    661   165    16814.3898   428    31401.0000    16814.3898  1775175   46.45%
Elapsed time = 512.65 sec. (547778.12 ticks, tree = 2.54 MB, solutions = 6)
    663   167    16815.2742   433    31401.0000    16814.3898  1779222   46.45%
    668   172    16865.8851   227    31401.0000    16814.3898  1792373   46.45%
    673   177    16912.6377   304    31401.0000    16814.3898  1809401   46.45%
    680   184    17024.9455   189    31401.0000    16814.3898  1823619   46.45%
    690   194    17092.8269   225    31401.0000    16814.3898  1834507   46.45%
    704   208    17136.9059   214    31401.0000    16814.3898  1844466   46.45%
    720   224    18509.2333   236    31401.0000    16814.3898  1856597   46.45%
    745   249    18369.2381   169    31401.0000    16814.3898  1861333   46.45%
    776   278    20939.0000    99    31401.0000    16814.3898  1864108   46.45%
    806   307    20941.9231    65    31401.0000    16814.3898  1869022   46.45%
Elapsed time = 544.57 sec. (589357.37 ticks, tree = 4.76 MB, solutions = 6)
    835   334    23677.0000    69    31401.0000    16814.3898  1874720   46.45%
*   850   336      integral     0    24221.0000    16814.3898  1875783   30.58%
    851   336    16814.3898   485    24221.0000    16814.4083  1875823   30.58%
    853   338    16905.2539   392    24221.0000    16815.1231  1908084   30.58%
    854   339    16907.4998   446    24221.0000    16815.1231  1932945   30.58%
    855   340    16924.4087   481    24221.0000    16815.1231  1976667   30.58%
    857   342    16933.6345   464    24221.0000    16815.1231  1992314   30.58%
    858   343    16940.2469   486    24221.0000    16815.1231  2009836   30.58%
    859   344    16962.0485   357    24221.0000    16815.1231  2017388   30.58%
    861   346    17058.1081   288    24221.0000    16815.1231  2043868   30.58%
    863   348    17082.7792   296    24221.0000    16815.1231  2054908   30.58%
Elapsed time = 617.97 sec. (665860.81 ticks, tree = 5.67 MB, solutions = 7)
    864   349    17082.7792   282    24221.0000    16815.1231  2067499   30.58%
    866   351    17105.8395   299    24221.0000    16815.1231  2077419   30.58%
    868   353    17163.9611   243    24221.0000    16815.1231  2088348   30.58%
    870   355    17351.7552   720    24221.0000    16815.1231  2120536   30.58%
    871   356    17353.7244   728    24221.0000    16815.1231  2123482   30.58%
    872   357    17354.0749   716    24221.0000    16815.1231  2130847   30.58%
    874   359    17365.0390   735    24221.0000    16815.1231  2141413   30.58%
    876   361    17366.0696   708    24221.0000    16815.1231  2150491   30.58%
    877   362    17378.7423   648    24221.0000    16815.1231  2156077   30.58%
    879   364    17432.5717   629    24221.0000    16815.1231  2176322   30.58%
Elapsed time = 676.90 sec. (726491.77 ticks, tree = 6.58 MB, solutions = 7)
    881   366    17472.4522   680    24221.0000    16815.1231  2183607   30.58%
    883   368    17481.4525   509    24221.0000    16815.1231  2193453   30.58%
    884   369    17564.7540   688    24221.0000    16815.1231  2205162   30.58%
    885   370    16874.7071   452    24221.0000    16815.1436  2221516   30.58%
    888   373    16888.2460   419    24221.0000    16815.1436  2234924   30.58%
    891   376    16916.2929   360    24221.0000    16815.1436  2253262   30.58%
    899   384    17001.3971   218    24221.0000    16815.1436  2268519   30.58%
    906   391    17033.7806   261    24221.0000    16815.1436  2284892   30.58%
    911   396    17078.1112   211    24221.0000    16815.1436  2300706   30.58%
    925   410    17240.0524   222    24221.0000    16815.1436  2309400   30.58%
Elapsed time = 754.24 sec. (809770.42 ticks, tree = 7.48 MB, solutions = 7)
    942   427    17283.4270   230    24221.0000    16815.1436  2320473   30.58%
    958   443    18056.6334   224    24221.0000    16815.1436  2331200   30.58%
    974   456    16815.1436   523    24221.0000    16815.1512  2348505   30.58%
    977   459    16844.3667   310    24221.0000    16815.1554  2364451   30.58%
    983   465    16891.9856   250    24221.0000    16815.1554  2377580   30.58%
    989   471    17081.1345   204    24221.0000    16815.1554  2394182   30.58%
   1003   485    17147.4636   188    24221.0000    16815.1554  2404121   30.58%
   1022   504    17572.2924   180    24221.0000    16815.1554  2413794   30.58%
   1047   529    18730.8768   218    24221.0000    16815.1554  2419593   30.58%
   1067   549    22109.0476   164    24221.0000    16815.1554  2428533   30.58%
Elapsed time = 799.86 sec. (865243.67 ticks, tree = 9.65 MB, solutions = 7)
   1080   554    16819.7448   402    24221.0000    16815.3115  2432751   30.58%
Starting limited solution polishing.
*  1083+  555                        23997.0000    16815.3115            29.93%
   1084   558    16836.5151   352    23997.0000    16815.3115  2445427   29.93%
   1089   563    16846.2001   349    23997.0000    16815.3115  2462892   29.93%
   1098   572    16891.7319   285    23997.0000    16815.3115  2474882   29.93%
   1105   579    16997.7943   266    23997.0000    16815.3115  2486310   29.93%
   1113   587    17387.4008   216    23997.0000    16815.3115  2496330   29.93%
   1123   596    17725.4165   224    23997.0000    16815.3115  2502759   29.93%
   1138   611    18067.9994   192    23997.0000    16815.3115  2513723   29.93%
   1150   623    18652.0120   147    23997.0000    16815.3115  2526339   29.93%
   1170   643    20118.6594   205    23997.0000    16815.3115  2535248   29.93%
Elapsed time = 840.18 sec. (913415.70 ticks, tree = 11.08 MB, solutions = 8)
   1182   655    20936.0310   193    23997.0000    16815.3115  2550806   29.93%
   1190   663    21273.1157   343    23997.0000    16815.3115  2563198   29.93%
   1201   674    21339.4354   226    23997.0000    16815.3115  2571678   29.93%
   1218   691    21501.7435   264    23997.0000    16815.3115  2580303   29.93%
   1236   709    21906.0952   232    23997.0000    16815.3115  2588449   29.93%
   1250   718    16818.5992   364    23997.0000    16815.4978  2597134   29.93%
   1252   720    16905.2539   429    23997.0000    16815.4978  2627220   29.93%
   1253   721    16908.8032   440    23997.0000    16815.4978  2642093   29.93%
   1254   722    16908.8032   404    23997.0000    16815.4978  2655826   29.93%
   1255   723    16927.7728   395    23997.0000    16815.4978  2673136   29.93%
Elapsed time = 888.45 sec. (966318.47 ticks, tree = 12.37 MB, solutions = 8)
   1256   724    16948.4644   538    23997.0000    16815.4978  2703847   29.93%

Clique cuts applied:  10
Cover cuts applied:  38
Flow cuts applied:  4
Mixed integer rounding cuts applied:  71
Zero-half cuts applied:  31
Gomory fractional cuts applied:  4

Root node processing (before b&c):
  Real time             =  118.85 sec. (129869.09 ticks)
Sequential b&c:
  Real time             =  781.16 sec. (847926.60 ticks)
                          ------------
Total (root+branch&cut) =  900.01 sec. (977795.69 ticks)
MIP: [1;32mCPLEX finished.[0m
MIP: [1;32mCPLEX status: Feasible[0m
MIP: [1;32mSolution: 
Indexes: [15, 12, 3, 6, 11, 4, 9, 6, 6, 13, 14, 12, 9, 1, 3, 12, 16, 13, 8, 15][-1, 19, -1, 4, 0, -1, 2, -1, 12, 11, -1, 2, 16, 9, 3, 2, 3][14, -1, 14, 0, 18, -1, -1, -1, -1, 0, -1, 6, 1, -1, -1, -1, 6, -1, -1, 3, -1, -1][2, 12, -1, 10, -1, -1, 2, -1, -1, -1, -1, -1, -1, -1, 2, -1, -1, -1, 14, -1, -1, -1, -1, -1], P Variables: [0, 0, 0, 0][0, 0, 0, 0][0, 0, 0, 0][0, 0, 0, 0][0, 0, 0, 0][0, 0, 0, 0][0, 0, 0, 0][0, 0, 0, 0][0, 0, 0, 0][0, 0, 0, 0][0, 0, 0, 0][0, 0, 0, 0][0, 0, 0, 0][0, 0, 0, 0][0, 0, 0, 0][0, 0, 0, 0][0, 0, 0, 0][0, 0, 0, 0][0, 0, 0, 0][0, 0, 0, 0], Flow leaving each bin: Level: 0, Item: 0 => [0]
Level: 0, Item: 1 => [1]
Level: 0, Item: 2 => [2]
Level: 0, Item: 3 => [3]
Level: 0, Item: 4 => [4]
Level: 0, Item: 5 => [5]
Level: 0, Item: 6 => [6]
Level: 0, Item: 7 => [7]
Level: 0, Item: 8 => [8]
Level: 0, Item: 9 => [9]
Level: 0, Item: 10 => [10]
Level: 0, Item: 11 => [11]
Level: 0, Item: 12 => [12]
Level: 0, Item: 13 => [13]
Level: 0, Item: 14 => [14]
Level: 0, Item: 15 => [15]
Level: 0, Item: 16 => [16]
Level: 0, Item: 17 => [17]
Level: 0, Item: 18 => [18]
Level: 0, Item: 19 => [19]
Level: 1, Bin: 1 => [13]
Level: 1, Bin: 3 => [2, 14]
Level: 1, Bin: 4 => [5]
Level: 1, Bin: 6 => [3, 7, 8]
Level: 1, Bin: 8 => [18]
Level: 1, Bin: 9 => [6, 12]
Level: 1, Bin: 11 => [4]
Level: 1, Bin: 12 => [1, 11, 15]
Level: 1, Bin: 13 => [9, 17]
Level: 1, Bin: 14 => [10]
Level: 1, Bin: 15 => [0, 19]
Level: 1, Bin: 16 => [16]
Level: 2, Bin: 0 => [5]
Level: 2, Bin: 2 => [0, 3, 4, 7, 8, 19]
Level: 2, Bin: 3 => [10, 16]
Level: 2, Bin: 4 => [2, 14]
Level: 2, Bin: 9 => [9, 17]
Level: 2, Bin: 11 => [6, 12]
Level: 2, Bin: 12 => [18]
Level: 2, Bin: 16 => [1, 11, 15]
Level: 2, Bin: 19 => [13]
Level: 3, Bin: 0 => [9, 10, 16, 17]
Level: 3, Bin: 1 => [18]
Level: 3, Bin: 3 => [13]
Level: 3, Bin: 6 => [1, 6, 11, 12, 15]
Level: 3, Bin: 14 => [0, 3, 4, 5, 7, 8, 19]
Level: 3, Bin: 18 => [2, 14]
Level: 4, Bin: 2 => [0, 1, 3, 4, 5, 6, 7, 8, 9, 10, 11, 12, 15, 16, 17, 19]
Level: 4, Bin: 10 => [13]
Level: 4, Bin: 12 => [18]
Level: 4, Bin: 14 => [2, 14]
[0m
MIP: [1;32mObjective value: 23997[0m
MIP: [1;32mLower Bound: 16815.5[0m
MIP: [1;32mBranch-and-Bound nodes: 1257[0m

# best solution:
best objective value:	23997
best dual bound value:	16815
optimality gap:	29.9287%
CPU time:	897.542
