ifile	/scratch/csagturk/mlbppo_inst/n0020_m02_p150__070.inst
prob	NFMLBPPO
threads	1
ttime	900
instance: /scratch/csagturk/mlbppo_inst/n0020_m02_p150__070.inst
	m=2, n=[20, 17, 19], #pos=30
MIP: [1;32minit CPLEX[0m
CAN: [1;35mcreated 663 x_{ijk} variables[0m
CAN: [1;35mcreated 56 y_{ij} variables[0m
CAN: [1;35mcreated 1120 f_{ijkh} variables[0m
MIP: [1;32mcreated decision variables[0m
CAN: [1;35madded 20 constraints to enforce the packing of each item[0m
CAN: [1;35madded 17 constraints to enforce the packing of each item[0m
CAN: [1;35madded 36 capacity constraints[0m
MIP: [1;32mcreated constraints[0m
MIP: [1;32mcreated objective function[0m
MIP: [1;32mcalling CPLEX solve ...[0m
Version identifier: 22.1.0.0 | 2022-03-09 | 1a383f8ce
CPXPARAM_Threads                                 1
CPXPARAM_TimeLimit                               900
Tried aggregator 2 times.
MIP Presolve eliminated 3090 rows and 3213 columns.
MIP Presolve modified 1222 coefficients.
Aggregator did 107 substitutions.
Reduced MIP has 11590 rows, 11189 columns, and 47563 nonzeros.
Reduced MIP has 11138 binaries, 0 generals, 0 SOSs, and 30 indicators.
Presolve time = 0.09 sec. (60.01 ticks)
Probing fixed 2351 vars, tightened 34 bounds.
Probing changed sense of 285 constraints.
Probing time = 1.97 sec. (1463.02 ticks)
Tried aggregator 2 times.
MIP Presolve eliminated 2908 rows and 2755 columns.
MIP Presolve modified 563 coefficients.
Aggregator did 13 substitutions.
Reduced MIP has 8660 rows, 8421 columns, and 34695 nonzeros.
Reduced MIP has 8421 binaries, 0 generals, 0 SOSs, and 0 indicators.
Presolve time = 0.05 sec. (52.25 ticks)
Probing time = 0.01 sec. (5.72 ticks)
Tried aggregator 2 times.
Detecting symmetries...
Aggregator did 4 substitutions.
Reduced MIP has 8656 rows, 8417 columns, and 34718 nonzeros.
Reduced MIP has 8417 binaries, 0 generals, 0 SOSs, and 0 indicators.
Presolve time = 0.06 sec. (34.30 ticks)
Probing time = 0.01 sec. (5.73 ticks)
Clique table members: 28000.
MIP emphasis: balance optimality and feasibility.
MIP search method: dynamic search.
Parallel mode: none, using 1 thread.
Root relaxation solution time = 0.14 sec. (176.47 ticks)

        Nodes                                         Cuts/
   Node  Left     Objective  IInf  Best Integer    Best Bound    ItCnt     Gap

      0     0     9134.4435   187                   9134.4435     1983         
      0     0     9143.3401   219                    Cuts: 28     4500         
*     0+    0                        14177.0000     9143.3401            35.51%
      0     0     9148.8163   254    14177.0000      Cuts: 27     7822   35.47%
      0     0     9149.1832   232    14177.0000      Cuts: 26    10479   35.46%
*     0+    0                        14166.0000     9149.1832            35.41%
*     0+    0                        12896.0000     9149.1832            29.05%
*     0+    0                        12219.0000     9149.1832            25.12%
*     0+    0                        11975.0000     9149.1832            23.60%
      0     0  -1.00000e+75     0    11975.0000     9149.1832    10479   23.60%
      0     0     9149.8523   332    11975.0000      Cuts: 47    15674   23.59%
      0     0     9150.3251   287    11975.0000      Cuts: 20    20590   23.59%
Detecting symmetries...
      0     0     9152.9810   325    11975.0000      Cuts: 35    29888   23.57%
      0     0     9154.1418   256    11975.0000      Cuts: 35    34028   23.56%
      0     0     9155.2563   306    11975.0000      Cuts: 26    38079   23.55%
      0     0     9156.6585   313    11975.0000      Cuts: 46    46145   23.54%
      0     0     9158.3319   289    11975.0000      Cuts: 28    48978   23.52%
      0     0     9163.6702   297    11975.0000      Cuts: 21    53912   23.48%
      0     0     9164.6760   279    11975.0000      Cuts: 24    61759   23.47%
      0     0     9165.3273   287    11975.0000      Cuts: 22    67792   23.46%
      0     0     9165.5225   280    11975.0000      Cuts: 17    72933   23.46%
*     0+    0                        10769.0000     9165.5225            14.89%
*     0+    0                        10744.0000     9165.5225            14.69%
*     0+    0                        10474.0000     9165.5225            12.49%
*     0+    0                        10152.0000     9165.5225             9.72%
      0     0  -1.00000e+75     0    10152.0000     9165.5225    72933    9.72%
Detecting symmetries...
      0     2     9165.5225   269    10152.0000     9166.5239    72933    9.71%
Elapsed time = 30.05 sec. (27772.60 ticks, tree = 0.01 MB, solutions = 9)
      1     3     9168.0596   257    10152.0000     9166.5239    75796    9.71%
      2     4     9167.2012   288    10152.0000     9167.2012    79624    9.70%
      3     5     9168.0596   259    10152.0000     9167.2012    82271    9.70%
      4     6     9168.2850   237    10152.0000     9167.2012    86092    9.70%
      6     8     9168.2908   214    10152.0000     9167.2012    89508    9.70%
      7     9     9168.4542   225    10152.0000     9167.2012    95781    9.70%
      9    11     9168.4418   215    10152.0000     9167.2012    97390    9.70%
     10    12     9168.5568   189    10152.0000     9167.2012   101861    9.70%
     12    14     9168.9976   186    10152.0000     9167.2012   109105    9.70%
     18    20     9178.8338   219    10152.0000     9167.2012   121345    9.70%
Elapsed time = 35.98 sec. (33570.41 ticks, tree = 0.41 MB, solutions = 9)
     27    29     9181.7974   218    10152.0000     9167.2012   134283    9.70%
     37    39     9410.6496   148    10152.0000     9167.2012   146728    9.70%
     69    55     9167.3356   282    10152.0000     9167.2012   156073    9.70%
     72    58     9168.3699   253    10152.0000     9167.2012   161949    9.70%
     75    61     9170.3872   270    10152.0000     9167.2012   169322    9.70%
     83    69     9204.8381   227    10152.0000     9167.2012   177833    9.70%
     87    73     9351.7016   270    10152.0000     9167.2012   187375    9.70%
     92    78     9213.7544   187    10152.0000     9167.2012   193666    9.70%
    110    90     9168.6447   293    10152.0000     9167.3356   207122    9.70%
    120   100     9193.5575   217    10152.0000     9167.3356   217395    9.70%
Elapsed time = 50.99 sec. (47284.87 ticks, tree = 0.77 MB, solutions = 9)
    133   109     9170.9428   283    10152.0000     9168.0596   231918    9.69%
    136   112     9171.6199   289    10152.0000     9168.0596   238005    9.69%
    137   113     9171.7601   316    10152.0000     9168.0596   242161    9.69%
    139   115     9191.2620   246    10152.0000     9168.0596   251968    9.69%
    153   129     9214.4048   243    10152.0000     9168.0596   260792    9.69%
    158   134     9317.5360   241    10152.0000     9168.0596   271106    9.69%
    170   144     9679.4518   142    10152.0000     9168.0596   280267    9.69%
    186   156     9174.1697   252    10152.0000     9168.0596   292176    9.69%
    198   168     9202.4420   260    10152.0000     9168.0596   301180    9.69%
    203   173     9221.7643   244    10152.0000     9168.0596   308191    9.69%
Elapsed time = 65.33 sec. (60942.85 ticks, tree = 1.08 MB, solutions = 9)
    212   178     9174.1693   275    10152.0000     9168.2908   319661    9.69%
    214   180     9174.1693   268    10152.0000     9168.2908   325327    9.69%
    222   188     9177.5363   224    10152.0000     9168.2908   332767    9.69%
    227   193     9211.2318   268    10152.0000     9168.2908   343224    9.69%
    229   195     9334.8979   172    10152.0000     9168.2908   350029    9.69%
    234   198     9440.4517   196    10152.0000     9168.2908   355793    9.69%
    240   204     9604.2272   157    10152.0000     9168.2908   358580    9.69%
    247   211     9667.1271   184    10152.0000     9168.2908   361383    9.69%
    271   221     9177.3578   250    10152.0000     9168.2934   367542    9.69%
    277   227     9180.4163   245    10152.0000     9168.2934   370493    9.69%
Elapsed time = 80.37 sec. (73072.85 ticks, tree = 1.34 MB, solutions = 9)
    295   245     9438.2469   198    10152.0000     9168.2934   379542    9.69%
    312   258     9180.0125   209    10152.0000     9168.3699   388379    9.69%
    318   264     9221.8536   194    10152.0000     9168.3699   395610    9.69%
    328   269     9190.7263   274    10152.0000     9168.3699   407102    9.69%
    336   277     9243.1977   228    10152.0000     9168.3699   414172    9.69%
    345   286     9433.1070   239    10152.0000     9168.3699   420476    9.69%
    370   307     9203.6877   259    10152.0000     9168.3699   434353    9.69%
    373   310     9203.6877   252    10152.0000     9168.3699   441655    9.69%
    375   312     9214.1670   248    10152.0000     9168.3699   446821    9.69%
    378   315     9252.7629   231    10152.0000     9168.3699   453509    9.69%
Elapsed time = 95.93 sec. (86501.64 ticks, tree = 1.68 MB, solutions = 9)
    389   326     9329.6796   249    10152.0000     9168.3699   460794    9.69%
    408   345     9743.5023   175    10152.0000     9168.3699   469903    9.69%
    416   349     9211.1172   282    10152.0000     9168.4418   479043    9.69%
    419   352     9244.6727   310    10152.0000     9168.4418   486436    9.69%
    423   356     9259.4554   265    10152.0000     9168.4418   493078    9.69%
    431   364     9413.5998   191    10152.0000     9168.4418   502081    9.69%
    460   375     9178.6523   228    10152.0000     9168.4418   512460    9.69%
    467   382     9364.9989   215    10152.0000     9168.4418   520236    9.69%
    477   388     9178.8403   286    10152.0000     9168.4542   526912    9.69%
    484   395     9236.2564   287    10152.0000     9168.4542   535416    9.69%
Elapsed time = 109.38 sec. (98251.00 ticks, tree = 1.91 MB, solutions = 9)
    492   403     9393.2051   214    10152.0000     9168.4542   544508    9.69%
    505   416    10050.7464   124    10152.0000     9168.4542   551524    9.69%
    513   420     9223.6704   197    10152.0000     9168.4542   561107    9.69%
    520   427     9460.8767   160    10152.0000     9168.4542   568127    9.69%
    537   440     9229.9576   233    10152.0000     9168.6882   579823    9.69%
    539   442     9245.5117   268    10152.0000     9168.6882   585749    9.69%
    545   448     9416.0925   212    10152.0000     9168.6882   593586    9.69%
    563   463     9176.4683   278    10152.0000     9168.6882   602858    9.69%
    569   469     9330.6150   232    10152.0000     9168.6882   612925    9.69%
    573   473     9294.7990   196    10152.0000     9168.6882   621601    9.69%
Elapsed time = 122.11 sec. (108763.45 ticks, tree = 2.27 MB, solutions = 9)
    576   476     9320.4369   233    10152.0000     9168.6882   627226    9.69%
    605   497     9211.4819   260    10152.0000     9168.9976   639311    9.68%
    620   512     9505.7147   207    10152.0000     9168.9976   648881    9.68%
    640   528     9249.1231   226    10152.0000     9169.0518   658916    9.68%
    644   532     9346.7352   239    10152.0000     9169.0518   666144    9.68%
    655   543     9719.4778   147    10152.0000     9169.0518   673563    9.68%
    662   545     9173.9363   291    10152.0000     9169.4637   680673    9.68%
    666   549     9173.9363   275    10152.0000     9169.4637   685492    9.68%
    671   554     9193.4085   222    10152.0000     9169.4637   692698    9.68%
    679   562     9534.2381   163    10152.0000     9169.4637   701417    9.68%
Elapsed time = 135.91 sec. (120072.75 ticks, tree = 2.71 MB, solutions = 9)
    693   571     9215.5375   257    10152.0000     9169.8904   707968    9.67%
    698   576     9238.6974   241    10152.0000     9169.8904   713884    9.67%
    710   584     9207.1445   280    10152.0000     9170.3872   725216    9.67%
    712   586     9330.8117   215    10152.0000     9170.3872   731078    9.67%
    729   603     9693.3269    79    10152.0000     9170.3872   741906    9.67%
*   770+  632                        10127.0000     9170.3872             9.45%
    775   633     9208.4686   247    10127.0000     9170.3872   751577    9.45%
    782   640     9232.7067   269    10127.0000     9170.3872   759019    9.45%
    794   652     9375.4058   234    10127.0000     9170.3872   767473    9.45%
    829   681     9212.5091   312    10127.0000     9170.7287   780298    9.44%
    830   682     9235.2228   265    10127.0000     9170.7287   782167    9.44%
Elapsed time = 150.15 sec. (132092.46 ticks, tree = 3.28 MB, solutions = 10)
    838   690     9558.9615   214    10127.0000     9170.7287   791701    9.44%
    857   707        cutoff          10127.0000     9170.7287   800578    9.44%
    860   708     9277.3233   256    10127.0000     9170.7856   806979    9.44%
    868   716     9638.8498   221    10127.0000     9170.7856   813057    9.44%
    883   725     9209.1149   279    10127.0000     9170.8184   822217    9.44%
    888   730     9214.6978   284    10127.0000     9170.8184   828763    9.44%
    894   736     9321.9772   235    10127.0000     9170.8184   837730    9.44%
    910   746     9212.9251   337    10127.0000     9170.9428   851322    9.44%
    918   754     9277.8981   255    10127.0000     9170.9428   858582    9.44%

Performing restart 1

Repeating presolve.
Tried aggregator 2 times.
MIP Presolve eliminated 136 rows and 110 columns.
MIP Presolve modified 5001 coefficients.
Aggregator did 16 substitutions.
Reduced MIP has 8503 rows, 8291 columns, and 32347 nonzeros.
Reduced MIP has 8291 binaries, 0 generals, 0 SOSs, and 0 indicators.
Presolve time = 0.06 sec. (58.84 ticks)
Tried aggregator 1 time.
MIP Presolve modified 234 coefficients.
Reduced MIP has 8503 rows, 8291 columns, and 32347 nonzeros.
Reduced MIP has 8291 binaries, 0 generals, 0 SOSs, and 0 indicators.
Presolve time = 0.04 sec. (35.22 ticks)
Represolve time = 0.35 sec. (262.38 ticks)
    934     0     9166.6431   326    10127.0000      Cuts: 27   887323    9.44%
    934     0     9169.4741   347    10127.0000      Cuts: 24   894421    9.44%
    934     0     9170.2146   353    10127.0000      Cuts: 26   898270    9.44%
    934     0     9173.6333   364    10127.0000      Cuts: 29   906020    9.41%
    934     0     9176.4552   342    10127.0000      Cuts: 29   910862    9.39%
    934     0     9176.7672   341    10127.0000      Cuts: 16   915014    9.38%
    934     0     9177.4999   346    10127.0000      Cuts: 28   919698    9.38%
    934     0     9178.2472   332    10127.0000      Cuts: 23   922879    9.37%
    934     0     9188.1002   426    10127.0000      Cuts: 27   929111    9.27%
    934     0     9191.0422   413    10127.0000      Cuts: 22   932021    9.24%
    934     0     9193.0038   341    10127.0000      Cuts: 14   934206    9.22%
    934     0     9195.5597   382    10127.0000      Cuts: 13   935940    9.20%
    934     0     9196.7577   357    10127.0000      Cuts: 11   937576    9.19%
    934     0     9197.0683   400    10127.0000      Cuts: 12   938416    9.18%
    934     0     9197.6357   386    10127.0000       Cuts: 8   939906    9.18%
    934     0     9197.7896   285    10127.0000      Cuts: 13   942233    9.18%
    934     0     9197.8530   473    10127.0000      Cuts: 14   947438    9.17%
    934     0     9197.9527   442    10127.0000      Cuts: 10   949015    9.17%
    934     0     9198.0156   397    10127.0000      Cuts: 11   949947    9.17%
    934     0     9198.0675   376    10127.0000    MIRcuts: 5   950359    9.17%
    934     0     9198.0676   401    10127.0000      Cuts: 10   950626    9.17%
    934     0     9198.0911   399    10127.0000       Cuts: 8   950971    9.17%
    934     2     9198.0911   399    10127.0000     9198.1338   950971    9.17%
Elapsed time = 207.85 sec. (183794.50 ticks, tree = 0.01 MB, solutions = 10)
    937     5     9213.2882   357    10127.0000     9202.9925   958532    9.12%
    941     9     9247.6129   304    10127.0000     9203.0418   975166    9.12%
    945    13     9231.6888   362    10127.0000     9203.0418   986500    9.12%
    950    18     9237.3332   394    10127.0000     9203.0418   993815    9.12%
    959    27     9307.6339   290    10127.0000     9203.0418  1010239    9.12%
    964    32     9284.6481   177    10127.0000     9203.0418  1026145    9.12%
    974    42     9435.9965   216    10127.0000     9203.0418  1042996    9.12%
   1000    68     9800.0286   117    10127.0000     9203.0418  1057482    9.12%
   1029    87     9223.8180   317    10127.0000     9213.2882  1072049    9.02%
   1033    91     9227.7415   244    10127.0000     9213.2882  1083563    9.02%
Elapsed time = 259.01 sec. (229370.43 ticks, tree = 1.27 MB, solutions = 10)
   1041    99     9325.3405   171    10127.0000     9213.2882  1092203    9.02%
   1086   130     9231.4056   303    10127.0000     9215.4923  1107971    9.00%
   1098   142     9376.5881   160    10127.0000     9215.4923  1119736    9.00%
   1116   156     9344.7773   296    10127.0000     9215.4928  1135303    9.00%
   1121   161     9376.2844   351    10127.0000     9215.4928  1148854    9.00%
   1133   173     9495.7263   250    10127.0000     9215.4928  1163852    9.00%
   1178   211     9216.1536   320    10127.0000     9216.8104  1178803    8.99%
   1186   219     9325.3797   301    10127.0000     9218.6740  1194420    8.97%
   1212   245     9569.7925   172    10127.0000     9218.6740  1209063    8.97%
   1226   251     9245.9360   261    10127.0000     9218.8067  1220210    8.97%
Elapsed time = 315.80 sec. (277699.89 ticks, tree = 1.90 MB, solutions = 10)
   1231   256     9267.7991   259    10127.0000     9218.8067  1232751    8.97%
   1241   266     9270.9863   279    10127.0000     9218.8067  1250189    8.97%
   1255   280     9278.9658   223    10127.0000     9218.8067  1264213    8.97%
   1270   295     9296.2462   211    10127.0000     9218.8067  1278765    8.97%
   1296   321     9404.0714   178    10127.0000     9218.8067  1297899    8.97%
   1316   339     9773.4466   139    10127.0000     9218.8067  1311338    8.97%
   1333   348     9252.2368   269    10127.0000     9219.0432  1318310    8.97%
   1338   353     9269.2951   188    10127.0000     9219.0432  1331478    8.97%
   1393   402     9263.7106   244    10127.0000     9221.0597  1345098    8.95%
   1443   447     9270.3956   338    10127.0000     9222.2516  1360815    8.93%
Elapsed time = 365.81 sec. (318796.91 ticks, tree = 2.83 MB, solutions = 10)
   1464   468     9715.1598    95    10127.0000     9222.2516  1377014    8.93%
   1525   519        cutoff          10127.0000     9222.9358  1393634    8.93%
   1531   523     9278.1658   273    10127.0000     9223.8180  1407151    8.92%
   1540   532     9302.3714   241    10127.0000     9223.8180  1418972    8.92%
   1556   548     9463.8049   218    10127.0000     9223.8180  1439967    8.92%
   1597   586     9244.2364   240    10127.0000     9223.8180  1457228    8.92%
   1624   611     9716.5074   155    10127.0000     9223.8180  1469950    8.92%
   1629   612     9232.6783   360    10127.0000     9224.8064  1478207    8.91%
   1637   620     9309.0166   227    10127.0000     9224.8064  1491750    8.91%
   1667   646     9348.7866   266    10127.0000     9225.4229  1507742    8.90%
Elapsed time = 413.34 sec. (358813.13 ticks, tree = 3.81 MB, solutions = 10)
   1675   648     9254.5327   274    10127.0000     9225.7265  1523124    8.90%
   1679   652     9304.5820   265    10127.0000     9225.7265  1540106    8.90%
   1683   656     9392.5579   281    10127.0000     9225.7265  1555085    8.90%
   1698   671     9498.5699   124    10127.0000     9225.7265  1562825    8.90%
   1721   694     9645.8532   179    10127.0000     9225.7265  1577398    8.90%
   1772   736     9290.2466   286    10127.0000     9226.0670  1586566    8.90%
   1781   745     9488.4537   170    10127.0000     9226.0670  1602740    8.90%
   1816   775     9252.7523   271    10127.0000     9227.7415  1624154    8.88%
   1826   785     9340.6766   318    10127.0000     9227.7415  1638654    8.88%
   1890   847        cutoff          10127.0000     9227.7415  1649155    8.88%
Elapsed time = 454.54 sec. (403117.19 ticks, tree = 4.78 MB, solutions = 10)
   1911   866     9623.1000    87    10127.0000     9228.2587  1666236    8.87%
*  1934+  872                        10056.0000     9229.5600             8.22%
   1934   874     9468.4054   248    10056.0000     9229.5600  1681656    8.22%
   1971   904     9343.0845   263    10056.0000     9229.8820  1698109    8.22%
   1985   914     9326.2669   175    10056.0000     9230.7536  1709594    8.21%
   2026   938     9402.2041   223    10056.0000     9231.9731  1733585    8.19%
   2050   959     9303.9500   274    10056.0000     9233.2839  1746646    8.18%
   2078   983     9330.9337   346    10056.0000     9233.4238  1759929    8.18%
   2094   999     9794.9280   175    10056.0000     9233.4238  1776871    8.18%
   2119  1011     9302.1401   303    10056.0000     9234.0431  1786205    8.17%
   2126  1018     9348.3604   283    10056.0000     9234.0431  1801347    8.17%
Elapsed time = 496.60 sec. (447370.79 ticks, tree = 5.54 MB, solutions = 11)
   2137  1029     9511.0222   189    10056.0000     9234.0431  1820713    8.17%
   2149  1041     9379.3906   249    10056.0000     9234.0431  1842499    8.17%
   2165  1057     9451.6003   145    10056.0000     9234.0431  1863240    8.17%
   2179  1071     9597.3268   203    10056.0000     9234.0431  1882485    8.17%
   2213  1101     9731.7908   281    10056.0000     9234.0431  1903653    8.17%
   2261  1133     9529.6863   152    10056.0000     9234.4113  1922376    8.17%
   2303  1164     9313.8844   288    10056.0000     9235.3501  1934771    8.16%
   2309  1170     9353.5461   213    10056.0000     9235.3501  1952110    8.16%
   2357  1214     9295.4389   194    10056.0000     9235.4325  1971923    8.16%
   2368  1225     9450.5558   175    10056.0000     9235.4325  1984749    8.16%
Elapsed time = 535.03 sec. (488683.10 ticks, tree = 6.56 MB, solutions = 11)
   2403  1253     9314.8417   229    10056.0000     9236.9044  2000712    8.15%
   2413  1263     9562.7609   157    10056.0000     9236.9044  2016634    8.15%
   2471  1313     9239.1920   286    10056.0000     9237.1830  2034051    8.14%
   2478  1318        cutoff          10056.0000     9237.1830  2050706    8.14%
   2504  1344     9499.6507   203    10056.0000     9237.1830  2069942    8.14%
   2541  1369     9394.7872   230    10056.0000     9237.4362  2085396    8.14%
   2563  1391     9731.7490   125    10056.0000     9237.4362  2098324    8.14%
   2580  1401     9561.8242   248    10056.0000     9239.1102  2113758    8.12%
   2614  1430     9270.8109   259    10056.0000     9239.3144  2125555    8.12%
   2637  1450     9348.5000   206    10056.0000     9241.0243  2146608    8.10%
Elapsed time = 574.07 sec. (530896.02 ticks, tree = 7.57 MB, solutions = 11)
   2645  1458     9414.6794   228    10056.0000     9241.0243  2159867    8.10%
   2700  1509     9364.8780   264    10056.0000     9242.0917  2182627    8.09%
   2715  1524     9714.9491   172    10056.0000     9242.0917  2199477    8.09%
   2744  1547     9320.6232   176    10056.0000     9242.4828  2214795    8.09%
   2768  1569     9734.6994   136    10056.0000     9242.4828  2229930    8.09%
   2786  1581     9597.3265   250    10056.0000     9242.6344  2247514    8.09%
   2809  1601     9292.9323   278    10056.0000     9243.5679  2264422    8.08%
   2814  1606     9420.2976   306    10056.0000     9243.5679  2278729    8.08%
   2830  1622     9621.6982   192    10056.0000     9243.5679  2296218    8.08%
   2866  1652     9378.6936   336    10056.0000     9243.9706  2311959    8.08%
Elapsed time = 624.60 sec. (575151.05 ticks, tree = 8.47 MB, solutions = 11)
   2887  1673     9881.6493   166    10056.0000     9243.9706  2330340    8.08%
   2915  1691     9339.1173   242    10056.0000     9247.4741  2347432    8.04%
   2934  1710     9606.9606   136    10056.0000     9247.4741  2353537    8.04%
   2947  1719     9388.0927   217    10056.0000     9247.6911  2367272    8.04%
   2994  1763     9279.5907   411    10056.0000     9247.7532  2386046    8.04%
   3028  1797     9814.6225   168    10056.0000     9247.7532  2403574    8.04%
   3045  1808     9681.1831   197    10056.0000     9250.9806  2420760    8.01%
   3068  1827     9370.0316   295    10056.0000     9251.1614  2438181    8.00%
   3099  1856     9675.0885   135    10056.0000     9251.1614  2459106    8.00%
   3115  1864     9484.5886   279    10056.0000     9251.7131  2474187    8.00%
Elapsed time = 675.44 sec. (616123.68 ticks, tree = 9.50 MB, solutions = 11)
   3178  1921     9531.9721   192    10056.0000     9252.2368  2493250    7.99%
   3215  1952     9551.6460   255    10056.0000     9252.2368  2512941    7.99%
   3238  1968     9273.9986   264    10056.0000     9252.9531  2528787    7.99%
   3245  1975     9485.2380   219    10056.0000     9252.9531  2547875    7.99%
   3274  2000     9338.5008   294    10056.0000     9253.4963  2565525    7.98%
   3284  2010     9559.7685   165    10056.0000     9253.4963  2582874    7.98%
   3307  2024     9639.1631   216    10056.0000     9254.5327  2606078    7.97%
   3319  2026     9337.4848   212    10056.0000     9255.7429  2619911    7.96%
   3327  2034     9763.8714   186    10056.0000     9255.7429  2637517    7.96%
   3344  2047     9711.8840   193    10056.0000     9258.2827  2653179    7.93%
Elapsed time = 727.14 sec. (656360.05 ticks, tree = 10.38 MB, solutions = 11)
   3364  2061     9507.1487   257    10056.0000     9260.3509  2671365    7.91%
   3392  2085     9578.6692   261    10056.0000     9261.0624  2690676    7.91%
*  3403  1954      integral     0     9924.0000     9261.0624  2707420    6.68%
   3405  1954     9264.9878   196     9924.0000     9261.5054  2710740    6.68%
   3430  1975     9282.3414   238     9924.0000     9261.5054  2733533    6.68%
   3466  2006     9280.1235   226     9924.0000     9262.5496  2748429    6.67%
   3518  2054     9399.3224   225     9924.0000     9264.2525  2770334    6.65%
   3548  2076     9465.1785   225     9924.0000     9264.6509  2793837    6.64%
   3584  2101     9312.3830   216     9924.0000     9264.9693  2808534    6.64%
   3595  2112     9484.0603   300     9924.0000     9264.9693  2826028    6.64%
   3614  2124     9323.9545   251     9924.0000     9264.9878  2841651    6.64%
Elapsed time = 780.33 sec. (698368.65 ticks, tree = 10.77 MB, solutions = 12)
   3660  2166     9275.5945   191     9924.0000     9265.0302  2861993    6.64%
   3696  2198     9323.8071   296     9924.0000     9265.3018  2883598    6.64%
   3720  2214     9281.2198   282     9924.0000     9265.5167  2906232    6.64%
   3727  2221     9373.4869   243     9924.0000     9265.5167  2920650    6.64%
   3734  2228     9473.1299   233     9924.0000     9265.5167  2932270    6.64%
*  3764+ 1355                         9621.0000     9265.5167             3.69%
   3770  1360     9331.5307   298     9621.0000     9265.5555  2951186    3.69%
   3796  1382        cutoff           9621.0000     9265.5555  2968864    3.69%
   3799  1383     9349.6870   301     9621.0000     9265.6412  2976395    3.69%
   3803  1387     9383.6770   295     9621.0000     9265.6412  2990087    3.69%
   3822  1405     9560.2333   194     9621.0000     9265.6412  3004441    3.69%
Elapsed time = 833.83 sec. (741613.35 ticks, tree = 7.16 MB, solutions = 13)
Starting limited solution polishing.
   3834  1411     9359.3463   328     9621.0000     9265.7031  3012764    3.69%
   3877  1449     9527.5584   199     9621.0000     9265.8896  3029909    3.69%
   3890  1457     9456.9939   220     9621.0000     9266.1455  3049690    3.69%
   3897  1464     9534.0000    53     9621.0000     9266.1455  3066647    3.69%
   3908  1471     9377.7555   361     9621.0000     9266.5282  3082592    3.68%
   3921  1480     9459.4476   299     9621.0000     9266.5528  3099483    3.68%
   3937  1489     9441.0128   258     9621.0000     9266.5878  3117954    3.68%
   3958  1506     9301.6715   302     9621.0000     9268.8697  3137435    3.66%
   3984  1532     9540.0836   185     9621.0000     9268.8697  3155072    3.66%
   4000  1538     9474.4859   197     9621.0000     9269.9794  3174227    3.65%
Elapsed time = 885.28 sec. (783444.53 ticks, tree = 7.79 MB, solutions = 13)
   4007  1541     9368.3731   309     9621.0000     9270.2313  3188755    3.65%
   4014  1548     9447.3136   308     9621.0000     9270.2313  3206447    3.65%

Cover cuts applied:  54
Implied bound cuts applied:  1
Flow cuts applied:  3
Mixed integer rounding cuts applied:  156
Zero-half cuts applied:  26
Lift and project cuts applied:  3
Gomory fractional cuts applied:  2

Root node processing (before b&c):
  Real time             =   29.45 sec. (27376.30 ticks)
Sequential b&c:
  Real time             =  870.55 sec. (767646.20 ticks)
                          ------------
Total (root+branch&cut) =  900.00 sec. (795022.50 ticks)
MIP: [1;32mCPLEX finished.[0m
MIP: [1;32mCPLEX status: Feasible[0m
MIP: [1;32mSolution: 
Indexes: [16, 12, 12, 14, 3, 11, 8, 14, 4, 14, 3, 8, 5, 13, 8, 4, 14, 11, 5, 16][-1, -1, -1, 2, 16, 16, -1, -1, 3, -1, -1, 3, 7, 2, 17, -1, 2], P Variables: [0, 0][0, 0][0, 0][0, 0][0, 0][0, 0][0, 0][0, 0][0, 0][0, 0][0, 0][0, 0][0, 0][0, 0][0, 0][0, 0][0, 0][0, 0][0, 0][0, 0], Flow leaving each bin: Level: 0, Item: 0 => [0]
Level: 0, Item: 1 => [1]
Level: 0, Item: 2 => [2]
Level: 0, Item: 3 => [3]
Level: 0, Item: 4 => [4]
Level: 0, Item: 5 => [5]
Level: 0, Item: 6 => [6]
Level: 0, Item: 7 => [7]
Level: 0, Item: 8 => [8]
Level: 0, Item: 9 => [9]
Level: 0, Item: 10 => [10]
Level: 0, Item: 11 => [11]
Level: 0, Item: 12 => [12]
Level: 0, Item: 13 => [13]
Level: 0, Item: 14 => [14]
Level: 0, Item: 15 => [15]
Level: 0, Item: 16 => [16]
Level: 0, Item: 17 => [17]
Level: 0, Item: 18 => [18]
Level: 0, Item: 19 => [19]
Level: 1, Bin: 3 => [4, 10]
Level: 1, Bin: 4 => [8, 15]
Level: 1, Bin: 5 => [12, 18]
Level: 1, Bin: 8 => [6, 11, 14]
Level: 1, Bin: 11 => [5, 17]
Level: 1, Bin: 12 => [1, 2]
Level: 1, Bin: 13 => [13]
Level: 1, Bin: 14 => [3, 7, 9, 16]
Level: 1, Bin: 16 => [0, 19]
Level: 2, Bin: 2 => [0, 4, 10, 13, 19]
Level: 2, Bin: 3 => [5, 6, 11, 14, 17]
Level: 2, Bin: 7 => [1, 2]
Level: 2, Bin: 16 => [8, 12, 15, 18]
Level: 2, Bin: 17 => [3, 7, 9, 16]
[0m
MIP: [1;32mObjective value: 9621[0m
MIP: [1;32mLower Bound: 9270.23[0m
MIP: [1;32mBranch-and-Bound nodes: 4018[0m

# best solution:
best objective value:	9621
best dual bound value:	9270
optimality gap:	3.64827%
CPU time:	893.727
