ifile	/scratch/csagturk/mlbppo_inst/n0020_m01_p200__040.inst
prob	NFMLBPPO
threads	1
ttime	900
instance: /scratch/csagturk/mlbppo_inst/n0020_m01_p200__040.inst
	m=1, n=[20, 18], #pos=40
MIP: [1;32minit CPLEX[0m
CAN: [1;35mcreated 360 x_{ijk} variables[0m
CAN: [1;35mcreated 38 y_{ij} variables[0m
CAN: [1;35mcreated 760 f_{ijkh} variables[0m
MIP: [1;32mcreated decision variables[0m
CAN: [1;35madded 20 constraints to enforce the packing of each item[0m
CAN: [1;35madded 0 constraints to enforce the packing of each item[0m
CAN: [1;35madded 18 capacity constraints[0m
MIP: [1;32mcreated constraints[0m
MIP: [1;32mcreated objective function[0m
MIP: [1;32mcalling CPLEX solve ...[0m
Version identifier: 22.1.0.0 | 2022-03-09 | 1a383f8ce
CPXPARAM_Threads                                 1
CPXPARAM_TimeLimit                               900
Tried aggregator 2 times.
MIP Presolve eliminated 2100 rows and 2100 columns.
MIP Presolve modified 1294 coefficients.
Aggregator did 20 substitutions.
Reduced MIP has 6203 rows, 5818 columns, and 27768 nonzeros.
Reduced MIP has 5818 binaries, 0 generals, 0 SOSs, and 0 indicators.
Presolve time = 0.03 sec. (30.18 ticks)
Probing fixed 5414 vars, tightened 0 bounds.
Probing changed sense of 957 constraints.
Probing time = 0.11 sec. (106.65 ticks)
Cover probing fixed 0 vars, tightened 48 bounds.
Tried aggregator 2 times.
MIP Presolve eliminated 6093 rows and 5691 columns.
MIP Presolve modified 719 coefficients.
Aggregator did 1 substitutions.
Reduced MIP has 90 rows, 126 columns, and 573 nonzeros.
Reduced MIP has 126 binaries, 0 generals, 0 SOSs, and 0 indicators.
Presolve time = 0.01 sec. (7.84 ticks)
Probing time = 0.00 sec. (0.31 ticks)
Tried aggregator 1 time.
Detecting symmetries...
MIP Presolve eliminated 3 rows and 1 columns.
MIP Presolve added 2 rows and 0 columns.
MIP Presolve modified 11 coefficients.
Reduced MIP has 89 rows, 125 columns, and 563 nonzeros.
Reduced MIP has 125 binaries, 0 generals, 0 SOSs, and 0 indicators.
Presolve time = 0.00 sec. (0.60 ticks)
Probing time = 0.00 sec. (0.33 ticks)
Clique table members: 359.
MIP emphasis: balance optimality and feasibility.
MIP search method: dynamic search.
Parallel mode: none, using 1 thread.
Root relaxation solution time = 0.00 sec. (0.46 ticks)

        Nodes                                         Cuts/
   Node  Left     Objective  IInf  Best Integer    Best Bound    ItCnt     Gap

      0     0     5162.9026    21                   5162.9026       69         
      0     0     5189.7143    16                    Cuts: 45      152         
      0     0     5190.6667    30                    Cuts: 28      228         
*     0+    0                         5688.0000     5190.6667             8.74%
      0     0     5198.2446    43     5688.0000      Cuts: 30      304    8.61%
*     0+    0                         5553.0000     5198.2446             6.39%
      0     0     5222.5344    53     5553.0000      Cuts: 22      354    5.95%
      0     0     5229.6537    49     5553.0000      Cuts: 19      387    5.82%
Detecting symmetries...
      0     0     5232.9140    53     5553.0000      Cuts: 11      413    5.76%
      0     0     5243.2680    57     5553.0000      Cuts: 22      444    5.58%
      0     0     5257.1308    49     5553.0000       Cuts: 7      459    5.33%
      0     0     5268.9394    41     5553.0000       Cuts: 8      480    5.12%
      0     0     5271.9167    45     5553.0000      Cuts: 16      509    5.06%
      0     0     5282.2143    46     5553.0000      Cuts: 20      531    4.88%
      0     0     5304.8901    57     5553.0000      Cuts: 16      564    4.47%
      0     0     5307.1466    55     5553.0000      Cuts: 10      579    4.43%
      0     0     5309.6962    65     5553.0000       Cuts: 8      606    4.38%
      0     0     5310.0000    34     5553.0000       Cuts: 4      611    4.38%
*     0+    0                         5314.0000     5310.0000             0.08%
      0     0        cutoff           5314.0000                    612    0.00%
Elapsed time = 0.30 sec. (264.77 ticks, tree = 0.01 MB, solutions = 3)

GUB cover cuts applied:  1
Clique cuts applied:  9
Cover cuts applied:  6
Implied bound cuts applied:  1
Flow cuts applied:  1
Mixed integer rounding cuts applied:  13
Zero-half cuts applied:  16

Root node processing (before b&c):
  Real time             =    0.30 sec. (265.09 ticks)
Sequential b&c:
  Real time             =    0.00 sec. (0.00 ticks)
                          ------------
Total (root+branch&cut) =    0.30 sec. (265.09 ticks)
MIP: [1;32mCPLEX finished.[0m
MIP: [1;32mCPLEX status: Optimal[0m
MIP: [1;32mSolution: 
Indexes: [11, 6, 2, 7, 12, 0, 15, 3, 3, 17, 16, 9, 15, 17, 7, 9, 7, 11, 2, 12], P Variables: [0][0][0][0][0][0][0][0][0][0][0][0][0][0][0][0][0][0][0][0], Flow leaving each bin: Level: 0, Item: 0 => [0]
Level: 0, Item: 1 => [1]
Level: 0, Item: 2 => [2]
Level: 0, Item: 3 => [3]
Level: 0, Item: 4 => [4]
Level: 0, Item: 5 => [5]
Level: 0, Item: 6 => [6]
Level: 0, Item: 7 => [7]
Level: 0, Item: 8 => [8]
Level: 0, Item: 9 => [9]
Level: 0, Item: 10 => [10]
Level: 0, Item: 11 => [11]
Level: 0, Item: 12 => [12]
Level: 0, Item: 13 => [13]
Level: 0, Item: 14 => [14]
Level: 0, Item: 15 => [15]
Level: 0, Item: 16 => [16]
Level: 0, Item: 17 => [17]
Level: 0, Item: 18 => [18]
Level: 0, Item: 19 => [19]
Level: 1, Bin: 0 => [5]
Level: 1, Bin: 2 => [2, 18]
Level: 1, Bin: 3 => [7, 8]
Level: 1, Bin: 6 => [1]
Level: 1, Bin: 7 => [3, 14, 16]
Level: 1, Bin: 9 => [11, 15]
Level: 1, Bin: 11 => [0, 17]
Level: 1, Bin: 12 => [4, 19]
Level: 1, Bin: 15 => [6, 12]
Level: 1, Bin: 16 => [10]
Level: 1, Bin: 17 => [9, 13]
[0m
MIP: [1;32mObjective value: 5314[0m
MIP: [1;32mLower Bound: 5314[0m
MIP: [1;32mBranch-and-Bound nodes: 0[0m

# best solution:
best objective value:	5314
best dual bound value:	5314
optimality gap:	0%
CPU time:	0.309171
