ifile	/scratch/csagturk/mlbppo_inst/n0020_m02_p100__072.inst
prob	NFMLBPPO
threads	1
ttime	900
instance: /scratch/csagturk/mlbppo_inst/n0020_m02_p100__072.inst
	m=2, n=[20, 13, 13], #pos=20
MIP: [1;32minit CPLEX[0m
CAN: [1;35mcreated 429 x_{ijk} variables[0m
CAN: [1;35mcreated 46 y_{ij} variables[0m
CAN: [1;35mcreated 920 f_{ijkh} variables[0m
MIP: [1;32mcreated decision variables[0m
CAN: [1;35madded 20 constraints to enforce the packing of each item[0m
CAN: [1;35madded 13 constraints to enforce the packing of each item[0m
CAN: [1;35madded 26 capacity constraints[0m
MIP: [1;32mcreated constraints[0m
MIP: [1;32mcreated objective function[0m
MIP: [1;32mcalling CPLEX solve ...[0m
Version identifier: 22.1.0.0 | 2022-03-09 | 1a383f8ce
CPXPARAM_Threads                                 1
CPXPARAM_TimeLimit                               900
Tried aggregator 2 times.
MIP Presolve eliminated 1494 rows and 1554 columns.
MIP Presolve modified 563 coefficients.
Aggregator did 101 substitutions.
Reduced MIP has 7962 rows, 7770 columns, and 28470 nonzeros.
Reduced MIP has 7731 binaries, 0 generals, 0 SOSs, and 20 indicators.
Presolve time = 0.04 sec. (36.59 ticks)
Probing fixed 908 vars, tightened 26 bounds.
Probing changed sense of 236 constraints.
Probing time = 0.71 sec. (686.42 ticks)
Tried aggregator 2 times.
MIP Presolve eliminated 1273 rows and 1227 columns.
Aggregator did 1 substitutions.
Reduced MIP has 6688 rows, 6542 columns, and 24207 nonzeros.
Reduced MIP has 6542 binaries, 0 generals, 0 SOSs, and 0 indicators.
Presolve time = 0.04 sec. (34.32 ticks)
Probing time = 0.01 sec. (5.67 ticks)
Tried aggregator 1 time.
Detecting symmetries...
Reduced MIP has 6688 rows, 6542 columns, and 24207 nonzeros.
Reduced MIP has 6542 binaries, 0 generals, 0 SOSs, and 0 indicators.
Presolve time = 0.02 sec. (19.95 ticks)
Probing time = 0.01 sec. (5.67 ticks)
Clique table members: 17646.
MIP emphasis: balance optimality and feasibility.
MIP search method: dynamic search.
Parallel mode: none, using 1 thread.
Root relaxation solution time = 0.11 sec. (153.67 ticks)

        Nodes                                         Cuts/
   Node  Left     Objective  IInf  Best Integer    Best Bound    ItCnt     Gap

      0     0     9218.8667   221                   9218.8667     1575         
      0     0     9285.9093   308                    Cuts: 55     4910         
      0     0     9387.3937   316                    Cuts: 41     9165         
      0     0     9401.6267   287                    Cuts: 31    12229         
      0     0     9405.9641   335                    Cuts: 38    14129         
      0     0     9407.6667   328                    Cuts: 27    19306         
      0     0     9409.3102   287                    Cuts: 30    22802         
      0     0     9419.4726   259                    Cuts: 28    28626         
      0     0     9421.6935   286                    Cuts: 31    31224         
      0     0     9424.0536   282                    Cuts: 25    35422         
      0     0     9424.3288   318                    Cuts: 30    37377         
      0     0     9429.1890   202                    Cuts: 11    38396         
      0     0     9433.2578   247                    Cuts: 29    39698         
      0     0     9438.0116   240                    Cuts: 20    41820         
      0     0     9439.2967   264                    Cuts: 37    43712         
*     0+    0                        11550.0000     9439.2967            18.27%
*     0+    0                        10789.0000     9439.2967            12.51%
*     0+    0                        10698.0000     9439.2967            11.77%
      0     0  -1.00000e+75     0    10698.0000     9439.2967    43712   11.77%
      0     2     9439.2967   201    10698.0000     9439.2967    43712   11.77%
Elapsed time = 12.59 sec. (15492.71 ticks, tree = 0.01 MB, solutions = 3)
      2     4     9447.7674   161    10698.0000     9439.2967    45675   11.77%
      5     5     9478.9353   204    10698.0000     9439.2967    49165   11.77%
      8     8     9478.9353   187    10698.0000     9439.2967    51352   11.77%
     12    12     9486.0971   155    10698.0000     9439.2967    53140   11.77%
     15    13     9509.2741   237    10698.0000     9439.2967    55223   11.77%
*    20+   14                        10689.0000     9439.2967            11.69%
     20    16     9531.2459   158    10689.0000     9439.2967    56952   11.69%
     27    23     9582.6500    59    10689.0000     9439.2967    61563   11.69%
     41    37     9596.7983    53    10689.0000     9439.2967    63559   11.69%
     69    63    10228.0000    21    10689.0000     9439.2967    65609   11.69%
     86    72     9466.5414   226    10689.0000     9439.2967    74693   11.69%
Elapsed time = 15.60 sec. (19330.04 ticks, tree = 1.53 MB, solutions = 4)
     90    76     9512.0177   220    10689.0000     9439.2967    82437   11.69%
     94    80     9513.6923   229    10689.0000     9439.2967    89763   11.69%
     97    83     9692.7447   188    10689.0000     9439.2967    97067   11.69%
    129   115     9818.4286    29    10689.0000     9439.2967   109354   11.69%
*   130+   91                         9899.0000     9439.2967             4.64%
    160   109     9599.8889    56     9899.0000     9439.2967   120550    4.64%
    181   130     9687.8915   195     9899.0000     9439.2967   131795    4.64%
    199   142     9439.7448   231     9899.0000     9439.2967   139727    4.64%
    207   150     9547.2435   145     9899.0000     9439.2967   147751    4.64%
    239   182     9821.0864   105     9899.0000     9439.2967   158518    4.64%
    249   188     9533.7143   130     9899.0000     9439.2967   164528    4.64%
Elapsed time = 24.29 sec. (29941.53 ticks, tree = 2.18 MB, solutions = 5)
    270   209     9638.4330   174     9899.0000     9439.2967   175257    4.64%
    286   219     9466.5414   234     9899.0000     9439.2967   183634    4.64%
    305   232     9560.7797   161     9899.0000     9439.2967   192931    4.64%
    338   259     9439.2967   218     9899.0000     9439.2967   204015    4.64%
    342   263     9533.7143   214     9899.0000     9439.2967   210624    4.64%
    359   280     9609.8571    95     9899.0000     9439.2967   220841    4.64%
    376   293     9439.2967   270     9899.0000     9439.2967   227092    4.64%
    380   297     9533.7143   141     9899.0000     9439.2967   232156    4.64%
    407   316     9466.5414   285     9899.0000     9439.2967   244128    4.64%
    420   325     9532.2650   122     9899.0000     9439.2967   250825    4.64%
Elapsed time = 33.03 sec. (40411.39 ticks, tree = 2.60 MB, solutions = 5)
    433   334     9462.4287   201     9899.0000     9439.4143   257338    4.64%
    437   338     9533.7143   183     9899.0000     9439.4143   267373    4.64%
    451   352     9607.7540   207     9899.0000     9439.4143   277486    4.64%
    466   363     9440.8155   294     9899.0000     9439.6463   287443    4.64%
    468   365     9479.4122   282     9899.0000     9439.6463   293776    4.64%
    490   383     9726.0000    27     9899.0000     9439.6463   306265    4.64%

Performing restart 1

Repeating presolve.
Tried aggregator 3 times.
MIP Presolve eliminated 10 rows and 0 columns.
MIP Presolve modified 1038 coefficients.
Aggregator did 7 substitutions.
Reduced MIP has 6671 rows, 6535 columns, and 24022 nonzeros.
Reduced MIP has 6535 binaries, 0 generals, 0 SOSs, and 0 indicators.
Presolve time = 0.06 sec. (54.48 ticks)
Tried aggregator 1 time.
MIP Presolve modified 114 coefficients.
Reduced MIP has 6671 rows, 6535 columns, and 24022 nonzeros.
Reduced MIP has 6535 binaries, 0 generals, 0 SOSs, and 0 indicators.
Presolve time = 0.03 sec. (26.94 ticks)
Represolve time = 0.26 sec. (232.81 ticks)
    509     0     9436.8967   315     9899.0000      Cuts: 43   324814    4.64%
    509     0     9439.4395   323     9899.0000      Cuts: 27   328979    4.64%
    509     0     9445.6269   314     9899.0000      Cuts: 36   331352    4.58%
    509     0     9448.8418   296     9899.0000      Cuts: 20   333000    4.55%
    509     0     9448.8774   326     9899.0000      Cuts: 18   334348    4.55%
    509     0     9448.8774   285     9899.0000      Cuts: 13   335132    4.55%
    509     0     9448.8774   278     9899.0000      Cuts: 16   336130    4.55%
    509     0     9448.8836   299     9899.0000      Cuts: 20   337306    4.55%
    509     0     9448.8937   295     9899.0000      Cuts: 14   339430    4.55%
    509     0     9448.9250   289     9899.0000      Cuts: 15   340283    4.55%
    509     0     9448.9250   266     9899.0000      Cuts: 13   342978    4.55%
    509     0     9448.9250   257     9899.0000      Cuts: 15   343958    4.55%
    509     0     9449.0708   234     9899.0000      Cuts: 10   344704    4.55%
    509     0     9449.0708   256     9899.0000      Cuts: 17   346030    4.55%
    509     0     9449.0708   241     9899.0000       Cuts: 6   346266    4.55%
    509     0     9449.0708   257     9899.0000      Cuts: 35   346875    4.55%
    509     0     9449.0708   255     9899.0000       Cuts: 7   348013    4.55%
    509     2     9449.0708   218     9899.0000     9450.4896   348013    4.53%
    511     4     9456.2470   255     9899.0000     9456.4951   351575    4.47%
    514     7     9491.5364   188     9899.0000     9456.4951   356601    4.47%
    517    10     9517.5080   141     9899.0000     9456.4951   359670    4.47%
Elapsed time = 58.86 sec. (71203.90 ticks, tree = 0.03 MB, solutions = 5)
    523    16     9549.0399   149     9899.0000     9456.4951   361885    4.47%
    538    26     9463.9881   179     9899.0000     9457.3610   367748    4.46%
    544    32     9505.8514   180     9899.0000     9457.3610   370874    4.46%
    557    41     9699.1500   103     9899.0000     9457.3610   376660    4.46%
    608    87     9844.0000    29     9899.0000     9457.3610   379265    4.46%
    611    86     9495.4863   213     9899.0000     9468.6537   380184    4.35%
    627   102     9717.7368   135     9899.0000     9468.6537   387160    4.35%
    662   129     9499.7745   151     9899.0000     9472.3206   398044    4.31%
    730   185     9539.6437   140     9899.0000     9472.4879   407756    4.31%
    775   224    infeasible           9899.0000     9472.4879   418729    4.31%
Elapsed time = 67.69 sec. (82771.45 ticks, tree = 0.80 MB, solutions = 5)
    786   235     9606.7619    82     9899.0000     9473.9711   425296    4.29%
    793   242     9668.0000    31     9899.0000     9473.9711   427118    4.29%
    820   257     9530.6573   164     9899.0000     9476.3439   428718    4.27%
    824   261     9559.3412   178     9899.0000     9476.3439   431210    4.27%
    844   276     9809.5500   111     9899.0000     9476.3439   435136    4.27%
    884   310     9476.3439   182     9899.0000     9482.4659   441624    4.21%
    893   315     9510.0386   135     9899.0000     9483.3131   445696    4.20%
    913   329     9509.4373   176     9899.0000     9488.1200   450953    4.15%
    940   356     9735.0000    43     9899.0000     9488.1200   455534    4.15%
    972   380     9498.5883   143     9899.0000     9495.4863   456867    4.08%
Elapsed time = 78.25 sec. (94888.90 ticks, tree = 3.44 MB, solutions = 5)
   1028   430     9506.6643   202     9899.0000     9496.7299   464795    4.06%
   1036   438     9636.2029   131     9899.0000     9496.7299   473017    4.06%
   1046   442     9787.5714    84     9899.0000     9499.7745   476508    4.03%
   1062   453     9682.0000    81     9899.0000     9500.4331   480647    4.03%
   1126   506     9613.9200   185     9899.0000     9500.5755   486244    4.02%
   1131   511     9702.3547   131     9899.0000     9500.5755   488827    4.02%
   1138   514     9624.7889   132     9899.0000     9500.8983   493210    4.02%
   1152   520     9586.5953   159     9899.0000     9502.0520   498629    4.01%
   1174   535     9564.6911   114     9899.0000     9502.2894   505105    4.01%
   1192   545     9573.2857   150     9899.0000     9504.8763   509983    3.98%
Elapsed time = 88.82 sec. (107375.72 ticks, tree = 8.33 MB, solutions = 5)
   1203   550     9580.9000   156     9899.0000     9505.0160   514713    3.98%
   1222   569     9668.0000    53     9899.0000     9505.0160   524651    3.98%
   1234   578     9578.7295   170     9899.0000     9506.1002   530547    3.97%
   1243   582     9516.4071   186     9899.0000     9509.5283   535707    3.93%
   1253   584     9662.0338   222     9899.0000     9509.7191   542235    3.93%
   1255   586     9698.2778   248     9899.0000     9509.7191   546600    3.93%
   1258   586     9872.8889   253     9899.0000     9509.7191   547580    3.93%
   1267   588     9511.8484   184     9899.0000     9512.4705   551139    3.90%
   1291   603     9789.0000   132     9899.0000     9512.4705   556560    3.90%
   1295   603     9646.4810   184     9899.0000     9512.7165   559017    3.90%
Elapsed time = 99.07 sec. (120152.37 ticks, tree = 10.55 MB, solutions = 5)
   1345   647    infeasible           9899.0000     9512.7165   566667    3.90%
   1347   647     9580.7199   244     9899.0000     9514.9010   573018    3.88%
   1349   649     9592.8571   177     9899.0000     9514.9010   575448    3.88%
   1372   671     9688.0000    80     9899.0000     9514.9010   581580    3.88%
   1397   695     9691.0744   253     9899.0000     9514.9010   588230    3.88%
   1413   704     9633.2533   177     9899.0000     9520.1914   592020    3.83%
   1417   706     9822.0000   131     9899.0000     9520.1914   595252    3.83%
   1419   706     9690.5000   148     9899.0000     9520.2984   597508    3.83%
   1428   713     9798.0000   132     9899.0000     9520.2984   599894    3.83%
   1434   714     9534.4109   237     9899.0000     9521.3633   605403    3.81%
Elapsed time = 111.20 sec. (133927.42 ticks, tree = 14.05 MB, solutions = 5)
   1453   726     9568.8333   156     9899.0000     9521.5843   614186    3.81%
   1492   755     9561.8899   200     9899.0000     9523.0396   624245    3.80%
   1494   757     9600.7017   202     9899.0000     9523.0396   627765    3.80%
   1501   764     9771.3158   154     9899.0000     9523.0396   631857    3.80%
   1554   811     9649.0067   179     9899.0000     9524.9382   640880    3.78%
   1567   817     9762.4762   215     9899.0000     9524.9765   650273    3.78%
   1573   817     9602.2143   116     9899.0000     9528.3498   654682    3.74%
   1605   843     9789.0000     8     9899.0000     9528.3498   661126    3.74%
   1626   858     9692.0286   172     9899.0000     9529.2064   664324    3.74%
   1684   894     9601.4944   192     9899.0000     9530.8213   687673    3.72%
Elapsed time = 126.38 sec. (151481.85 ticks, tree = 20.17 MB, solutions = 5)
   1738   925     9606.0038   145     9899.0000     9532.8039   706434    3.70%
   1774   955     9735.0000    52     9899.0000     9532.9094   730261    3.70%
   1795   971     9599.8027   281     9899.0000     9533.5306   759870    3.69%
   1838  1001     9700.6154   116     9899.0000     9535.8329   783371    3.67%
   1899  1050     9592.6726   235     9899.0000     9540.3981   799172    3.62%
   1931  1065    infeasible           9899.0000     9543.3610   817383    3.59%
   1980  1093     9669.7291   146     9899.0000     9545.3875   841585    3.57%
   2068  1163     9780.0000   164     9899.0000     9550.0161   854755    3.53%
   2124  1199     9617.1500   133     9899.0000     9552.2501   871341    3.50%
*  2139+  553                         9735.0000     9552.2501             1.88%
   2148   555     9592.1050   210     9735.0000     9558.7257   888605    1.81%
Elapsed time = 161.88 sec. (192168.18 ticks, tree = 16.11 MB, solutions = 6)
   2162   562     9622.6667   148     9735.0000     9560.7000   900690    1.79%
   2181   570     9656.0000   118     9735.0000     9562.7776   917896    1.77%
   2219   601     9721.6642   244     9735.0000     9562.8422   927584    1.77%
   2246   597     9628.4000   131     9735.0000     9568.5039   948097    1.71%
   2260   592     9620.0570   259     9735.0000     9571.6900   964928    1.68%
   2278   599     9650.9293   189     9735.0000     9572.0980   979685    1.67%
   2323   627     9687.0000   102     9735.0000     9573.1500   990102    1.66%
   2339   625     9699.3750   207     9735.0000     9575.2270  1003671    1.64%
   2372   645     9695.5652   151     9735.0000     9576.1905  1023735    1.63%
   2406   662     9698.0000   137     9735.0000     9577.6538  1045954    1.62%
Elapsed time = 198.42 sec. (235793.84 ticks, tree = 19.96 MB, solutions = 6)
   2481   727     9613.0000   212     9735.0000     9577.6667  1066754    1.62%
   2530   755        cutoff           9735.0000     9579.0514  1080308    1.60%
*  2571   652      integral     0     9718.0000     9582.9252  1087961    1.39%
   2581   656     9644.0741   234     9718.0000     9583.4762  1092498    1.38%
   2606   673     9689.1611   271     9718.0000     9583.4833  1108723    1.38%
   2623   676     9602.0000   161     9718.0000     9584.2941  1124783    1.38%
   2664   701     9590.5298   253     9718.0000     9585.6629  1144190    1.36%
   2725   753     9655.8673   274     9718.0000     9585.7071  1171786    1.36%
   2747   754    infeasible           9718.0000     9593.0552  1188757    1.29%
   2758   754     9641.0000    82     9718.0000     9593.8249  1206645    1.28%
   2771   767     9641.0000   124     9718.0000     9593.8249  1221995    1.28%
Elapsed time = 235.39 sec. (277653.50 ticks, tree = 21.59 MB, solutions = 7)
   2828   805     9598.9763   199     9718.0000     9594.9294  1234723    1.27%
   2841   808     9599.0331   233     9718.0000     9595.9753  1248521    1.26%
   2871   819     9645.6316   226     9718.0000     9598.6499  1263446    1.23%
   2892   827     9668.0588   195     9718.0000     9598.8706  1273110    1.23%
   2922   845     9622.9000   206     9718.0000     9599.0038  1293673    1.22%
   2931   846     9713.6884   216     9718.0000     9599.4248  1308618    1.22%
   2947   845     9601.1111   332     9718.0000     9601.1111  1322900    1.20%
   2981   862        cutoff           9718.0000     9601.7402  1334879    1.20%
   2997   863    infeasible           9718.0000     9602.0000  1347990    1.19%
   3078   915     9602.0000    79     9718.0000     9602.0000  1361938    1.19%
Elapsed time = 270.27 sec. (317499.89 ticks, tree = 27.47 MB, solutions = 7)
*  3108     0      integral     0     9602.0000     9602.0000  1364745    0.00%

Clique cuts applied:  14
Cover cuts applied:  119
Implied bound cuts applied:  1
Flow cuts applied:  1
Mixed integer rounding cuts applied:  70
Zero-half cuts applied:  7
Gomory fractional cuts applied:  4

Root node processing (before b&c):
  Real time             =   12.24 sec. (15203.32 ticks)
Sequential b&c:
  Real time             =  258.76 sec. (303044.20 ticks)
                          ------------
Total (root+branch&cut) =  270.99 sec. (318247.52 ticks)
MIP: [1;32mCPLEX finished.[0m
MIP: [1;32mCPLEX status: Optimal[0m
MIP: [1;32mSolution: 
Indexes: [6, 12, 6, 5, 9, 3, 8, 3, 9, 1, 0, 2, 1, 12, 1, 3, 4, 2, 0, 1][5, 0, 8, 4, 0, 2, 10, -1, 8, 10, -1, -1, 2], P Variables: [0, 0][0, 0][0, 0][0, 0][0, 0][0, 0][0, 0][0, 0][0, 0][0, 0][0, 0][0, 0][0, 0][0, 0][0, 0][0, 0][0, 0][0, 0][0, 0][0, 0], Flow leaving each bin: Level: 0, Item: 0 => [0]
Level: 0, Item: 1 => [1]
Level: 0, Item: 2 => [2]
Level: 0, Item: 3 => [3]
Level: 0, Item: 4 => [4]
Level: 0, Item: 5 => [5]
Level: 0, Item: 6 => [6]
Level: 0, Item: 7 => [7]
Level: 0, Item: 8 => [8]
Level: 0, Item: 9 => [9]
Level: 0, Item: 10 => [10]
Level: 0, Item: 11 => [11]
Level: 0, Item: 12 => [12]
Level: 0, Item: 13 => [13]
Level: 0, Item: 14 => [14]
Level: 0, Item: 15 => [15]
Level: 0, Item: 16 => [16]
Level: 0, Item: 17 => [17]
Level: 0, Item: 18 => [18]
Level: 0, Item: 19 => [19]
Level: 1, Bin: 0 => [10, 18]
Level: 1, Bin: 1 => [9, 12, 14, 19]
Level: 1, Bin: 2 => [11, 17]
Level: 1, Bin: 3 => [5, 7, 15]
Level: 1, Bin: 4 => [16]
Level: 1, Bin: 5 => [3]
Level: 1, Bin: 6 => [0, 2]
Level: 1, Bin: 8 => [6]
Level: 1, Bin: 9 => [4, 8]
Level: 1, Bin: 12 => [1, 13]
Level: 2, Bin: 0 => [9, 12, 14, 16, 19]
Level: 2, Bin: 2 => [1, 3, 13]
Level: 2, Bin: 4 => [5, 7, 15]
Level: 2, Bin: 5 => [10, 18]
Level: 2, Bin: 8 => [6, 11, 17]
Level: 2, Bin: 10 => [0, 2, 4, 8]
[0m
MIP: [1;32mObjective value: 9602[0m
MIP: [1;32mLower Bound: 9602[0m
MIP: [1;32mBranch-and-Bound nodes: 3109[0m

# best solution:
best objective value:	9602
best dual bound value:	9602
optimality gap:	0%
CPU time:	270.154
