ifile	/scratch/csagturk/mlbppo_inst/n0020_m04_p100__072.inst
prob	NFMLBPPO
threads	1
ttime	900
instance: /scratch/csagturk/mlbppo_inst/n0020_m04_p100__072.inst
	m=4, n=[20, 12, 11, 10, 10], #pos=20
MIP: [1;32minit CPLEX[0m
CAN: [1;35mcreated 582 x_{ijk} variables[0m
CAN: [1;35mcreated 63 y_{ij} variables[0m
CAN: [1;35mcreated 1260 f_{ijkh} variables[0m
MIP: [1;32mcreated decision variables[0m
CAN: [1;35madded 20 constraints to enforce the packing of each item[0m
CAN: [1;35madded 33 constraints to enforce the packing of each item[0m
CAN: [1;35madded 43 capacity constraints[0m
MIP: [1;32mcreated constraints[0m
MIP: [1;32mcreated objective function[0m
MIP: [1;32mcalling CPLEX solve ...[0m
Version identifier: 22.1.0.0 | 2022-03-09 | 1a383f8ce
CPXPARAM_Threads                                 1
CPXPARAM_TimeLimit                               900
Tried aggregator 2 times.
MIP Presolve eliminated 2525 rows and 2625 columns.
MIP Presolve modified 523 coefficients.
Aggregator did 175 substitutions.
Reduced MIP has 10414 rows, 9995 columns, and 36149 nonzeros.
Reduced MIP has 9896 binaries, 0 generals, 0 SOSs, and 39 indicators.
Presolve time = 0.05 sec. (46.27 ticks)
Probing fixed 141 vars, tightened 66 bounds.
Probing changed sense of 234 constraints.
Probing time = 0.54 sec. (600.97 ticks)
Tried aggregator 2 times.
Detecting symmetries...
MIP Presolve eliminated 582 rows and 573 columns.
Aggregator did 1 substitutions.
Reduced MIP has 9831 rows, 9421 columns, and 34099 nonzeros.
Reduced MIP has 9421 binaries, 0 generals, 0 SOSs, and 0 indicators.
Presolve time = 0.06 sec. (53.21 ticks)
Probing time = 0.01 sec. (6.13 ticks)
Clique table members: 25711.
MIP emphasis: balance optimality and feasibility.
MIP search method: dynamic search.
Parallel mode: none, using 1 thread.
Root relaxation solution time = 0.19 sec. (233.63 ticks)

        Nodes                                         Cuts/
   Node  Left     Objective  IInf  Best Integer    Best Bound    ItCnt     Gap

      0     0     9868.8860   194                   9868.8860     3188         
      0     0    10557.6738   303                    Cuts: 62     7804         
      0     0    10587.0761   354                    Cuts: 65    16437         
      0     0    10630.7723   368                    Cuts: 55    22074         
      0     0    10647.3033   390                    Cuts: 52    26343         
      0     0    10695.2662   437                    Cuts: 89    32810         
      0     0    10725.5621   525                    Cuts: 62    38579         
      0     0    10779.3713   440                    Cuts: 45    42809         
      0     0    10791.0577   502                    Cuts: 40    49549         
      0     0    10820.6838   388                    Cuts: 52    54329         
      0     0    10833.1537   464                    Cuts: 84    57483         
      0     0    10845.5205   537                    Cuts: 44    64143         
      0     0    10858.9029   539                    Cuts: 47    69639         
      0     0    10862.7796   563                    Cuts: 29    73372         
      0     0    10911.4324   574                    Cuts: 34    77778         
      0     0    10924.5859   381                    Cuts: 32    82084         
      0     0    10934.5396   534                    Cuts: 56    87493         
      0     0    10941.6565   467                    Cuts: 23    92849         
      0     0    10951.8371   559                    Cuts: 33    97690         
      0     0    10961.4777   431                    Cuts: 24   101627         
      0     0    10966.5306   409                    Cuts: 39   108353         
      0     0    10968.1074   446                    Cuts: 26   112707         
      0     0    10968.1074   428                    Cuts: 15   118245         
*     0+    0                        13216.0000    10968.1074            17.01%
*     0+    0                        12551.0000    10968.1074            12.61%
*     0+    0                        12543.0000    10968.1074            12.56%
*     0+    0                        12219.0000    10968.1074            10.24%
      0     2    10968.1074   374    12219.0000    10973.7148   118245   10.19%
Elapsed time = 35.40 sec. (42343.20 ticks, tree = 0.01 MB, solutions = 4)
      1     3    11325.1472   315    12219.0000    10974.6948   122457   10.18%
      2     4    11130.5740   318    12219.0000    11131.8836   131430    8.90%
      3     5    11260.3930   288    12219.0000    11131.8836   138284    8.90%
      5     7    11218.9672   198    12219.0000    11187.8914   144199    8.44%
      6     8    11253.2271   205    12219.0000    11218.9672   152777    8.18%
      9    11    11218.9672   191    12219.0000    11218.9672   154638    8.18%
     10    12    11221.0860   175    12219.0000    11218.9672   155219    8.18%
     12    14    11235.1333   162    12219.0000    11218.9672   159986    8.18%
     13    15    11291.9060   171    12219.0000    11218.9672   165738    8.18%
     21    23    11711.6719   151    12219.0000    11218.9672   176109    8.18%
Elapsed time = 41.56 sec. (49485.39 ticks, tree = 0.48 MB, solutions = 4)
     28    28    11889.6853   227    12219.0000    11218.9672   191267    8.18%
     34    31    12161.3199   190    12219.0000    11218.9672   198613    8.18%
     43    31    11282.2632   276    12219.0000    11218.9672   204084    8.18%
     47    35    11314.2633   157    12219.0000    11218.9672   214935    8.18%
     81    60    11322.1722   193    12219.0000    11218.9672   225965    8.18%
     84    63    11409.2085   147    12219.0000    11218.9672   231307    8.18%
     87    66    11418.7705   164    12219.0000    11218.9672   238779    8.18%
*    90+   39                        11813.0000    11218.9672             5.03%
     90    41    11418.7705   163    11813.0000    11218.9672   238816    5.03%
     97    48    11418.7705   108    11813.0000    11218.9672   245332    5.03%
    100    48    11547.8000   187    11813.0000    11218.9672   250135    5.03%
Elapsed time = 52.28 sec. (61098.72 ticks, tree = 1.20 MB, solutions = 5)
*   130+   51                        11474.0000    11218.9672             2.22%
    131    51    11298.8431   205    11474.0000    11253.2271   263433    1.92%
    153    69    11254.8723   213    11474.0000    11253.2271   271381    1.92%
    160    76    11285.6354   244    11474.0000    11253.2271   279479    1.92%
    167    83    11309.3238   174    11474.0000    11253.2271   287581    1.92%
*   199    57      integral     0    11389.0000    11253.2271   291527    1.19%
    201    58    11279.1242   212    11389.0000    11254.8723   294659    1.18%
    210    67    11324.3589   170    11389.0000    11254.8723   300686    1.18%
    215    72    11360.0000    37    11389.0000    11254.8723   305522    1.18%
    227    78    11258.3726   263    11389.0000    11257.7019   312564    1.15%
    233    82        cutoff          11389.0000    11257.7019   320778    1.15%
*   238    57      integral     0    11344.0000    11257.7019   325322    0.76%
    239    57    11312.3432   214    11344.0000    11258.3726   328467    0.75%
Elapsed time = 62.78 sec. (72991.31 ticks, tree = 0.43 MB, solutions = 8)
    242    60    11323.3656   322    11344.0000    11258.3726   334865    0.75%
    251    61    11258.3990   257    11344.0000    11258.3726   342775    0.75%
    264    68    11293.0153   223    11344.0000    11258.3990   350371    0.75%
    274    70    11293.1428   215    11344.0000    11258.6149   357665    0.75%
    279    69    11302.2948   246    11344.0000    11261.3452   366375    0.73%
    284    69    11322.0534   355    11344.0000    11261.9405   372926    0.72%
    290    67    11305.1515   308    11344.0000    11269.1890   384134    0.66%
    298    61        cutoff          11344.0000    11279.1242   390926    0.57%
    305    58        cutoff          11344.0000    11285.4877   397638    0.52%
    313    61    11340.5023   200    11344.0000    11285.6354   405928    0.51%
Elapsed time = 73.63 sec. (85482.82 ticks, tree = 0.45 MB, solutions = 8)
    317    60    11315.4025   365    11344.0000    11286.7224   415322    0.50%
    324    58    11308.3355   181    11344.0000    11287.0980   420734    0.50%
    333    56    11330.2315   216    11344.0000    11287.8758   428010    0.49%
    343    53    11313.3003   264    11344.0000    11289.9134   434217    0.48%
    366    45    11339.5135   229    11344.0000    11300.5448   444137    0.38%
    402    37    11338.3568   209    11344.0000    11305.8247   456033    0.34%
    444    23    11334.6797   301    11344.0000    11318.9259   466972    0.22%
    452    19    11325.8153   333    11344.0000    11325.1472   474977    0.17%
    455    19    11326.2421   328    11344.0000    11326.1427   481202    0.16%

Clique cuts applied:  12
Cover cuts applied:  68
Flow cuts applied:  2
Mixed integer rounding cuts applied:  50
Zero-half cuts applied:  25
Gomory fractional cuts applied:  3

Root node processing (before b&c):
  Real time             =   35.15 sec. (42112.36 ticks)
Sequential b&c:
  Real time             =   48.69 sec. (55064.25 ticks)
                          ------------
Total (root+branch&cut) =   83.83 sec. (97176.61 ticks)
MIP: [1;32mCPLEX finished.[0m
MIP: [1;32mCPLEX status: Optimal[0m
MIP: [1;32mSolution: 
Indexes: [10, 5, 2, 4, 9, 0, 8, 3, 4, 8, 3, 2, 9, 2, 5, 10, 3, 5, 0, 2][5, -1, 4, 10, 2, 2, -1, -1, 4, 5, 2, -1][-1, -1, 2, -1, 3, 2, -1, -1, -1, -1, 2][-1, -1, 5, 5, -1, -1, -1, -1, -1, -1], P Variables: [0, 0, 0, 0][0, 0, 0, 0][0, 0, 0, 0][0, 0, 0, 0][0, 0, 0, 0][0, 0, 0, 0][0, 0, 0, 0][0, 0, 0, 0][0, 0, 0, 0][0, 0, 0, 0][0, 0, 0, 0][0, 0, 0, 0][0, 0, 0, 0][0, 0, 0, 0][0, 0, 0, 0][0, 0, 0, 0][0, 0, 0, 0][0, 0, 0, 0][0, 0, 0, 0][0, 0, 0, 0], Flow leaving each bin: Level: 0, Item: 0 => [0]
Level: 0, Item: 1 => [1]
Level: 0, Item: 2 => [2]
Level: 0, Item: 3 => [3]
Level: 0, Item: 4 => [4]
Level: 0, Item: 5 => [5]
Level: 0, Item: 6 => [6]
Level: 0, Item: 7 => [7]
Level: 0, Item: 8 => [8]
Level: 0, Item: 9 => [9]
Level: 0, Item: 10 => [10]
Level: 0, Item: 11 => [11]
Level: 0, Item: 12 => [12]
Level: 0, Item: 13 => [13]
Level: 0, Item: 14 => [14]
Level: 0, Item: 15 => [15]
Level: 0, Item: 16 => [16]
Level: 0, Item: 17 => [17]
Level: 0, Item: 18 => [18]
Level: 0, Item: 19 => [19]
Level: 1, Bin: 0 => [5, 18]
Level: 1, Bin: 2 => [2, 11, 13, 19]
Level: 1, Bin: 3 => [7, 10, 16]
Level: 1, Bin: 4 => [3, 8]
Level: 1, Bin: 5 => [1, 14, 17]
Level: 1, Bin: 8 => [6, 9]
Level: 1, Bin: 9 => [4, 12]
Level: 1, Bin: 10 => [0, 15]
Level: 2, Bin: 2 => [0, 1, 3, 8, 14, 15, 17]
Level: 2, Bin: 4 => [2, 6, 9, 11, 13, 19]
Level: 2, Bin: 5 => [4, 5, 12, 18]
Level: 2, Bin: 10 => [7, 10, 16]
Level: 3, Bin: 2 => [0, 1, 3, 4, 5, 7, 8, 10, 12, 14, 15, 16, 17, 18]
Level: 3, Bin: 3 => [2, 6, 9, 11, 13, 19]
Level: 4, Bin: 5 => [0, 1, 2, 3, 4, 5, 6, 7, 8, 9, 10, 11, 12, 13, 14, 15, 16, 17, 18, 19]
[0m
MIP: [1;32mObjective value: 11344[0m
MIP: [1;32mLower Bound: 11344[0m
MIP: [1;32mBranch-and-Bound nodes: 524[0m

# best solution:
best objective value:	11344
best dual bound value:	11344
optimality gap:	0%
CPU time:	83.608
