ifile	/scratch/csagturk/mlbppo_inst/n0020_m02_p050__009.inst
prob	NFMLBPPO
threads	1
ttime	900
instance: /scratch/csagturk/mlbppo_inst/n0020_m02_p050__009.inst
	m=2, n=[20, 16, 13], #pos=10
MIP: [1;32minit CPLEX[0m
CAN: [1;35mcreated 528 x_{ijk} variables[0m
CAN: [1;35mcreated 49 y_{ij} variables[0m
CAN: [1;35mcreated 980 f_{ijkh} variables[0m
MIP: [1;32mcreated decision variables[0m
CAN: [1;35madded 20 constraints to enforce the packing of each item[0m
CAN: [1;35madded 16 constraints to enforce the packing of each item[0m
CAN: [1;35madded 29 capacity constraints[0m
MIP: [1;32mcreated constraints[0m
MIP: [1;32mcreated objective function[0m
MIP: [1;32mcalling CPLEX solve ...[0m
Version identifier: 22.1.0.0 | 2022-03-09 | 1a383f8ce
CPXPARAM_Threads                                 1
CPXPARAM_TimeLimit                               900
Tried aggregator 2 times.
MIP Presolve eliminated 2500 rows and 2625 columns.
MIP Presolve modified 322 coefficients.
Aggregator did 144 substitutions.
Reduced MIP has 8865 rows, 8768 columns, and 30681 nonzeros.
Reduced MIP has 8720 binaries, 0 generals, 0 SOSs, and 26 indicators.
Presolve time = 0.05 sec. (40.29 ticks)
Found incumbent of value 12161.000000 after 0.12 sec. (96.21 ticks)
Probing fixed 1819 vars, tightened 32 bounds.
Probing changed sense of 254 constraints.
Probing time = 0.82 sec. (711.98 ticks)
Tried aggregator 2 times.
MIP Presolve eliminated 2285 rows and 2175 columns.
MIP Presolve modified 143 coefficients.
Aggregator did 17 substitutions.
Reduced MIP has 6559 rows, 6576 columns, and 22670 nonzeros.
Reduced MIP has 6576 binaries, 0 generals, 0 SOSs, and 0 indicators.
Presolve time = 0.04 sec. (36.01 ticks)
Probing time = 0.01 sec. (5.09 ticks)
Tried aggregator 2 times.
Detecting symmetries...
Aggregator did 5 substitutions.
Reduced MIP has 6554 rows, 6571 columns, and 22670 nonzeros.
Reduced MIP has 6571 binaries, 0 generals, 0 SOSs, and 0 indicators.
Presolve time = 0.03 sec. (25.48 ticks)
Probing time = 0.01 sec. (5.09 ticks)
Clique table members: 18820.
MIP emphasis: balance optimality and feasibility.
MIP search method: dynamic search.
Parallel mode: none, using 1 thread.
Root relaxation solution time = 0.09 sec. (106.73 ticks)

        Nodes                                         Cuts/
   Node  Left     Objective  IInf  Best Integer    Best Bound    ItCnt     Gap

*     0+    0                        12161.0000        0.0000           100.00%
      0     0     8948.8333   178    12161.0000     8948.8333     1666   26.41%
      0     0     8965.5400   209    12161.0000      Cuts: 14     3063   26.28%
      0     0     9025.5122   215    12161.0000      Cuts: 45     5682   25.78%
      0     0     9054.2795   235    12161.0000      Cuts: 63     7921   25.55%
*     0+    0                        11101.0000     9054.2795            18.44%
*     0+    0                        10855.0000     9054.2795            16.59%
      0     0  -1.00000e+75     0    10855.0000     9054.2795     7921   16.59%
      0     0     9064.0146   221    10855.0000      Cuts: 38     9278   16.50%
      0     0     9085.1094   219    10855.0000      Cuts: 36    11930   16.30%
      0     0     9091.8621   246    10855.0000      Cuts: 51    14017   16.24%
      0     0     9106.0443   291    10855.0000      Cuts: 34    16818   16.11%
      0     0     9141.9898   288    10855.0000      Cuts: 31    20257   15.78%
      0     0     9143.3179   267    10855.0000      Cuts: 32    22002   15.77%
      0     0     9145.4955   282    10855.0000      Cuts: 30    23808   15.75%
      0     0     9148.5844   255    10855.0000      Cuts: 29    26040   15.72%
      0     0     9152.1431   279    10855.0000      Cuts: 36    28454   15.69%
      0     0     9152.7395   271    10855.0000      Cuts: 21    30899   15.68%
      0     0     9154.3421   233    10855.0000      Cuts: 14    31988   15.67%
      0     0     9176.2354   237    10855.0000      Cuts: 24    34427   15.47%
      0     0     9188.6260   223    10855.0000      Cuts: 19    36036   15.35%
      0     0     9190.1153   237    10855.0000      Cuts: 38    39672   15.34%
*     0+    0                        10570.0000     9190.1153            13.05%
*     0+    0                        10457.0000     9190.1153            12.12%
      0     0  -1.00000e+75     0    10457.0000     9190.1153    39672   12.12%
      0     2     9190.1153   207    10457.0000     9190.1153    39672   12.12%
Elapsed time = 12.47 sec. (14103.30 ticks, tree = 0.01 MB, solutions = 5)
      2     4     9240.5926   192    10457.0000     9190.1153    41862   12.12%
      7     9     9190.1153   183    10457.0000     9190.1153    46618   12.12%
     10    12     9194.9511   220    10457.0000     9190.1153    49562   12.12%
     12    14     9241.4408   159    10457.0000     9190.1153    52899   12.12%
     13    15     9191.1330   177    10457.0000     9190.1153    55549   12.12%
     15    17     9198.7394   192    10457.0000     9190.1153    57515   12.12%
     20    22     9291.6751   157    10457.0000     9190.1153    60180   12.12%
     24    25     9254.1541   177    10457.0000     9190.1153    62892   12.12%
     27    28     9280.1875   120    10457.0000     9190.1153    66633   12.12%
*    60+   57                        10380.0000     9190.1153            11.46%
     81    72     9191.6338   188    10380.0000     9190.1153    75083   11.46%
Elapsed time = 16.45 sec. (18421.01 ticks, tree = 0.36 MB, solutions = 6)
    120   111     9445.9062    98    10380.0000     9190.1153    87701   11.46%
*   160+  131                        10309.0000     9190.1153            10.85%
    183   152     9241.4408   179    10309.0000     9190.1153    96658   10.85%
*   200+  165                        10226.0000     9190.1153            10.13%
*   210+  171                        10117.0000     9190.1153             9.16%
    222   178     9191.1330   199    10117.0000     9190.1153   106208    9.16%
    255   205     9190.1153   199    10117.0000     9190.1153   117251    9.16%
    268   218     9212.4008   252    10117.0000     9190.1153   126679    9.16%
    275   225     9247.0543   174    10117.0000     9190.1153   132960    9.16%
    315   258     9190.2095   204    10117.0000     9190.1153   142065    9.16%
    329   272     9311.9677   158    10117.0000     9190.1153   151511    9.16%
    356   291     9190.1153   218    10117.0000     9190.1153   158246    9.16%
    361   296     9190.4965   224    10117.0000     9190.1153   164219    9.16%
Elapsed time = 26.16 sec. (28652.60 ticks, tree = 1.18 MB, solutions = 9)
    369   304     9197.4267   242    10117.0000     9190.1153   172142    9.16%
    406   337     9190.1153   203    10117.0000     9190.1153   182606    9.16%
    411   342     9330.0408   148    10117.0000     9190.1153   190188    9.16%
    439   366     9218.1090   219    10117.0000     9190.1153   200474    9.16%
    466   387     9190.1153   219    10117.0000     9190.1153   207881    9.16%
    473   394     9190.4965   210    10117.0000     9190.1153   215333    9.16%
    480   401     9277.6500   169    10117.0000     9190.1153   223201    9.16%
    502   423     9871.8429    72    10117.0000     9190.1153   233794    9.16%
    517   434     9190.2252   212    10117.0000     9190.1153   240126    9.16%
    548   460     9254.4603   231    10117.0000     9190.1153   248268    9.16%
Elapsed time = 35.76 sec. (39042.75 ticks, tree = 1.76 MB, solutions = 9)
    576   484     9191.6977   237    10117.0000     9190.1153   257901    9.16%
    590   498     9300.5883   148    10117.0000     9190.1153   267817    9.16%
    628   524     9309.3772   187    10117.0000     9190.1153   278658    9.16%
*   640+  530                        10099.0000     9190.1153             9.00%
    658   541     9259.9479   197    10099.0000     9190.1153   286437    9.00%
    686   563     9190.1153   224    10099.0000     9190.1153   294007    9.00%
    716   591    10042.5263    37    10099.0000     9190.1153   303068    9.00%
    727   599     9193.1522   223    10099.0000     9190.1153   309432    9.00%
    730   602     9258.1439   194    10099.0000     9190.1153   314612    9.00%
*   740+  556                         9847.0000     9190.1153             6.67%
    743   561     9680.4813   122     9847.0000     9190.1153   318402    6.67%
    750   564     9190.1153   209     9847.0000     9190.1153   322636    6.67%
Elapsed time = 45.82 sec. (49677.44 ticks, tree = 2.14 MB, solutions = 11)
    756   570     9193.7869   202     9847.0000     9190.1153   327204    6.67%
    766   578     9519.5719   205     9847.0000     9190.1153   337171    6.67%
    812   610     9345.9389   202     9847.0000     9190.1153   349225    6.67%
    854   644     9190.1153   237     9847.0000     9190.1153   358494    6.67%
    864   654     9337.4136   242     9847.0000     9190.1153   364531    6.67%
*   879   652      integral     0     9806.0000     9190.1153   368380    6.28%
    880   653     9190.1153   243     9806.0000     9190.1153   371745    6.28%
    884   657     9190.1153   230     9806.0000     9190.1153   376738    6.28%
    890   663     9215.0785   249     9806.0000     9190.1153   382691    6.28%
    912   681     9190.1153   228     9806.0000     9190.1153   390985    6.28%
    922   691     9322.7815   162     9806.0000     9190.1153   400178    6.28%
Elapsed time = 56.10 sec. (60427.98 ticks, tree = 2.60 MB, solutions = 12)
    928   697     9461.1515   182     9806.0000     9190.1153   405454    6.28%
    968   724     9314.6433   227     9806.0000     9190.1153   415209    6.28%
    989   738     9254.6012   218     9806.0000     9190.1153   424035    6.28%
   1018   764     9633.6781    41     9806.0000     9190.1153   429676    6.28%

Performing restart 1

Repeating presolve.
Tried aggregator 2 times.
MIP Presolve eliminated 1 rows and 0 columns.
MIP Presolve modified 602 coefficients.
Aggregator did 7 substitutions.
Reduced MIP has 6546 rows, 6564 columns, and 22605 nonzeros.
Reduced MIP has 6564 binaries, 0 generals, 0 SOSs, and 0 indicators.
Presolve time = 0.04 sec. (35.96 ticks)
Tried aggregator 1 time.
MIP Presolve modified 128 coefficients.
Reduced MIP has 6546 rows, 6564 columns, and 22605 nonzeros.
Reduced MIP has 6564 binaries, 0 generals, 0 SOSs, and 0 indicators.
Presolve time = 0.04 sec. (27.24 ticks)
Represolve time = 0.27 sec. (224.60 ticks)
   1021     0     9193.6606   247     9806.0000      Cuts: 24   443781    6.24%
   1021     0     9193.6606   275     9806.0000      Cuts: 38   444798    6.24%
   1021     0     9199.7108   249     9806.0000       Cuts: 9   445784    6.18%
   1021     0     9199.7141   263     9806.0000      Cuts: 52   446933    6.18%
   1021     0     9199.7141   283     9806.0000      Cuts: 37   448416    6.18%
   1021     0     9200.1894   212     9806.0000      Cuts: 23   449535    6.18%
   1021     0     9200.5712   242     9806.0000      Cuts: 39   450998    6.17%
   1021     0     9200.5712   257     9806.0000      Cuts: 43   452177    6.17%
   1021     0     9201.7400   251     9806.0000      Cuts: 30   454138    6.16%
   1021     0     9202.7833   237     9806.0000      Cuts: 44   456844    6.15%
   1021     0     9203.0008   252     9806.0000      Cuts: 38   458232    6.15%
   1021     0     9205.2754   235     9806.0000      Cuts: 29   460891    6.13%
   1021     0     9206.8117   278     9806.0000      Cuts: 39   462965    6.11%
   1021     0     9206.9699   267     9806.0000      Cuts: 44   464568    6.11%
   1021     2     9206.9699   233     9806.0000     9208.0209   464568    6.10%
   1025     6     9259.3194   215     9806.0000     9239.6982   469933    5.78%
   1027     8     9277.1134   222     9806.0000     9239.6982   474797    5.78%
   1030    11     9292.9841   195     9806.0000     9239.6982   480132    5.78%
   1033    14     9298.7724   167     9806.0000     9239.6982   483755    5.78%
   1035    16     9302.1267   189     9806.0000     9239.6982   488634    5.78%
Elapsed time = 77.82 sec. (84525.64 ticks, tree = 0.05 MB, solutions = 12)
   1044    25     9598.1667   144     9806.0000     9239.6982   496502    5.78%
   1065    38     9257.7652   182     9806.0000     9243.8963   501991    5.73%
   1073    46     9328.8133   173     9806.0000     9243.8963   507203    5.73%
   1086    59     9458.0289   104     9806.0000     9243.8963   513133    5.73%
   1097    65     9270.9467   202     9806.0000     9265.3931   519451    5.51%
*  1121+   84                         9784.0000     9265.3931             5.30%
   1121    84     9784.0000     0     9784.0000     9265.3931   525893    5.30%
   1122    85     9347.1225   254     9784.0000     9269.3801   529696    5.26%
   1144   107     9464.3779   131     9784.0000     9269.3801   537937    5.26%
   1155   114     9328.7649   220     9784.0000     9269.8329   543113    5.26%
   1180   135     9676.2947   127     9784.0000     9269.8329   551503    5.26%
Elapsed time = 88.40 sec. (97211.20 ticks, tree = 0.52 MB, solutions = 13)
   1187   138     9315.9101   196     9784.0000     9274.3974   556026    5.21%
   1207   157     9491.3846   107     9784.0000     9274.3974   566378    5.21%
*  1221+  167                         9739.0000     9274.3974             4.77%
   1221   169     9528.4074    99     9739.0000     9274.3974   568957    4.77%
   1227   169     9337.4389   183     9739.0000     9279.0466   571761    4.72%
   1249   185     9315.6902   187     9739.0000     9283.4429   580569    4.68%
   1257   193     9499.8760   184     9739.0000     9283.4429   587926    4.68%
   1268   201     9322.8799   276     9739.0000     9287.0481   593477    4.64%
   1277   207     9287.0701   215     9739.0000     9287.3497   599539    4.64%
   1288   216     9592.7595   166     9739.0000     9287.7942   607350    4.63%
   1306   223     9370.3983   193     9739.0000     9288.1254   612175    4.63%
Elapsed time = 101.76 sec. (111493.47 ticks, tree = 0.82 MB, solutions = 14)
   1320   235     9596.7500    94     9739.0000     9288.1254   621670    4.63%
   1321   236     9597.6250   113     9739.0000     9288.1254   621837    4.63%
   1373   277     9311.8940   201     9739.0000     9294.2934   629200    4.57%
   1388   286     9730.0000    63     9739.0000     9294.2934   634253    4.57%
*  1401+  281                         9730.0000     9294.2934             4.48%
   1402   281     9298.1115   207     9730.0000     9294.9194   637392    4.47%
   1411   290     9543.0351   227     9730.0000     9294.9194   644453    4.47%
   1424   299     9417.6939   175     9730.0000     9299.4734   653233    4.42%
   1427   302     9425.1367   229     9730.0000     9299.4734   660248    4.42%
   1430   305     9461.5378   179     9730.0000     9299.4734   664441    4.42%
   1440   308     9312.1858   259     9730.0000     9302.9454   668703    4.39%
Elapsed time = 115.28 sec. (125968.81 ticks, tree = 1.19 MB, solutions = 15)
   1472   332     9310.8889   195     9730.0000     9306.7423   676775    4.35%
   1474   334     9429.2727   182     9730.0000     9306.7423   683318    4.35%
   1476   336     9498.0000   111     9730.0000     9306.7423   687702    4.35%
   1493   353     9498.0000   104     9730.0000     9306.7423   701883    4.35%
   1501   361     9499.2112   216     9730.0000     9306.7423   707202    4.35%
   1519   374     9681.8056   169     9730.0000     9306.7423   712951    4.35%
   1523   374     9306.7423   127     9730.0000     9306.7500   715140    4.35%
   1527   378     9335.8081   179     9730.0000     9307.0237   718609    4.35%
   1535   386     9415.0000    84     9730.0000     9307.0237   723974    4.35%
   1617   459     9334.8857   181     9730.0000     9309.5727   743533    4.32%
Elapsed time = 128.84 sec. (140110.73 ticks, tree = 1.75 MB, solutions = 15)
   1689   519     9425.3846   268     9730.0000     9312.6236   764846    4.29%
   1700   523     9338.3474   153     9730.0000     9313.8115   783983    4.28%
   1738   548     9437.5135   267     9730.0000     9319.7889   811083    4.22%
   1755   552     9359.7946   198     9730.0000     9320.6734   833876    4.21%
   1791   575     9330.9639   234     9730.0000     9324.3977   859176    4.17%
   1821   603     9685.9193   187     9730.0000     9324.3977   882649    4.17%
   1834   611     9476.0000    59     9730.0000     9325.2174   896370    4.16%
   1867   636     9458.0612   216     9730.0000     9325.5185   919931    4.16%
   1884   647     9378.4000   136     9730.0000     9327.2857   937991    4.14%
   1934   693     9359.6800   224     9730.0000     9328.1938   958718    4.13%
Elapsed time = 168.59 sec. (185987.80 ticks, tree = 2.61 MB, solutions = 15)
   1947   702     9423.2356   253     9730.0000     9330.4448   975744    4.11%
   1974   724     9481.4105   115     9730.0000     9330.6906   994613    4.10%
   2003   745     9571.4025   171     9730.0000     9331.4407  1022581    4.10%
   2039   764     9341.7778   174     9730.0000     9332.1800  1048383    4.09%
*  2047   632      integral     0     9609.0000     9332.1800  1059739    2.88%
   2069   647     9355.0866   263     9609.0000     9334.4165  1076757    2.86%
   2079   649     9513.9060   229     9609.0000     9335.6875  1095548    2.84%
   2081   649     9430.9709   297     9609.0000     9335.7284  1105730    2.84%
   2106   667     9541.4386   144     9609.0000     9335.7284  1132061    2.84%
   2127   667    infeasible           9609.0000     9338.8498  1153761    2.81%
   2140   670     9420.9192   266     9609.0000     9339.8843  1178983    2.80%
Elapsed time = 207.87 sec. (228594.69 ticks, tree = 2.56 MB, solutions = 16)
   2148   674     9462.4500   200     9609.0000     9341.0826  1198877    2.79%
*  2171+  577                         9559.0000     9341.0826             2.28%
   2184   583     9383.3884   268     9559.0000     9342.3003  1224685    2.27%
   2195   588     9426.5625   227     9559.0000     9342.5236  1244628    2.26%
   2214   592     9407.4167   243     9559.0000     9345.1315  1272707    2.24%
   2230   594        cutoff           9559.0000     9350.5909  1298536    2.18%
   2242   593     9445.8750   160     9559.0000     9354.4977  1320949    2.14%
   2260   593     9378.7284   313     9559.0000     9355.0159  1337382    2.13%
   2269   595     9364.4144   321     9559.0000     9356.6002  1355058    2.12%
   2291   599        cutoff           9559.0000     9357.2210  1374383    2.11%
   2317   613     9555.0000    94     9559.0000     9360.5944  1397693    2.08%
Elapsed time = 246.48 sec. (270638.79 ticks, tree = 2.42 MB, solutions = 17)
   2325   612     9505.7795   306     9559.0000     9361.2977  1423666    2.07%
   2334   614     9537.1359   252     9559.0000     9361.2977  1446830    2.07%
   2351   617     9518.0894   214     9559.0000     9366.0952  1472696    2.02%
   2380   622        cutoff           9559.0000     9370.4203  1503094    1.97%
   2429   657     9478.1426   194     9559.0000     9373.0779  1529676    1.94%
   2459   665     9492.5576   188     9559.0000     9374.3853  1559191    1.93%
   2485   665     9408.0787   208     9559.0000     9380.2500  1590901    1.87%
*  2508   668      integral     0     9557.0000     9382.4203  1607470    1.83%
   2512   667     9491.2008   159     9557.0000     9382.6798  1610731    1.82%
   2541   676     9521.0000   206     9557.0000     9384.4074  1639110    1.81%
   2565   681     9400.5146   209     9557.0000     9386.8418  1661789    1.78%
Elapsed time = 284.47 sec. (310977.30 ticks, tree = 2.83 MB, solutions = 18)
   2581   688     9467.6004   242     9557.0000     9387.8655  1683913    1.77%
   2597   690     9388.5000   152     9557.0000     9390.3684  1699017    1.74%
   2641   704     9538.3436   204     9557.0000     9394.4634  1724714    1.70%
   2678   716     9453.7179   210     9557.0000     9396.1803  1757273    1.68%
   2687   715     9518.5000   221     9557.0000     9398.7271  1778859    1.66%
   2708   712     9457.5949   196     9557.0000     9403.0761  1814352    1.61%
   2725   714     9469.8182   252     9557.0000     9403.4000  1837466    1.61%
   2750   718     9486.3750   153     9557.0000     9403.7647  1854645    1.60%
   2774   721     9508.5000   147     9557.0000     9405.0362  1882559    1.59%
   2802   725     9475.0000   222     9557.0000     9407.4119  1909102    1.57%
Elapsed time = 322.75 sec. (350918.15 ticks, tree = 2.99 MB, solutions = 18)
   2824   722     9502.5303   232     9557.0000     9409.6958  1930262    1.54%
   2845   726        cutoff           9557.0000     9410.6667  1950053    1.53%
   2862   726     9461.8346   222     9557.0000     9412.6680  1972897    1.51%
   2881   721     9521.3906   213     9557.0000     9414.0622  1997457    1.50%
   2911   734     9415.0000   122     9557.0000     9415.0000  2012852    1.49%
*  2943     1      integral     0     9415.0000     9415.0000  2027111    0.00%

Cover cuts applied:  88
Flow cuts applied:  2
Mixed integer rounding cuts applied:  126
Zero-half cuts applied:  26
Lift and project cuts applied:  3
Gomory fractional cuts applied:  3

Root node processing (before b&c):
  Real time             =   12.22 sec. (13921.18 ticks)
Sequential b&c:
  Real time             =  331.84 sec. (360188.40 ticks)
                          ------------
Total (root+branch&cut) =  344.06 sec. (374109.59 ticks)
MIP: [1;32mCPLEX finished.[0m
MIP: [1;32mCPLEX status: Optimal[0m
MIP: [1;32mSolution: 
Indexes: [2, 6, 2, 6, 4, 11, 9, 8, 0, 14, 0, 3, 3, 5, 5, 4, 8, 14, 1, 11][4, 11, 12, 11, 7, 7, 4, -1, 2, 2, -1, 10, -1, -1, 11, -1], P Variables: [0, 0][0, 0][0, 0][0, 0][0, 0][0, 0][0, 0][0, 0][0, 0][0, 0][0, 0][0, 0][0, 0][0, 0][0, 0][0, 0][0, 0][0, 0][0, 0][0, 0], Flow leaving each bin: Level: 0, Item: 0 => [0]
Level: 0, Item: 1 => [1]
Level: 0, Item: 2 => [2]
Level: 0, Item: 3 => [3]
Level: 0, Item: 4 => [4]
Level: 0, Item: 5 => [5]
Level: 0, Item: 6 => [6]
Level: 0, Item: 7 => [7]
Level: 0, Item: 8 => [8]
Level: 0, Item: 9 => [9]
Level: 0, Item: 10 => [10]
Level: 0, Item: 11 => [11]
Level: 0, Item: 12 => [12]
Level: 0, Item: 13 => [13]
Level: 0, Item: 14 => [14]
Level: 0, Item: 15 => [15]
Level: 0, Item: 16 => [16]
Level: 0, Item: 17 => [17]
Level: 0, Item: 18 => [18]
Level: 0, Item: 19 => [19]
Level: 1, Bin: 0 => [8, 10]
Level: 1, Bin: 1 => [18]
Level: 1, Bin: 2 => [0, 2]
Level: 1, Bin: 3 => [11, 12]
Level: 1, Bin: 4 => [4, 15]
Level: 1, Bin: 5 => [13, 14]
Level: 1, Bin: 6 => [1, 3]
Level: 1, Bin: 8 => [7, 16]
Level: 1, Bin: 9 => [6]
Level: 1, Bin: 11 => [5, 19]
Level: 1, Bin: 14 => [9, 17]
Level: 2, Bin: 2 => [6, 7, 16]
Level: 2, Bin: 4 => [1, 3, 8, 10]
Level: 2, Bin: 7 => [4, 13, 14, 15]
Level: 2, Bin: 10 => [5, 19]
Level: 2, Bin: 11 => [9, 11, 12, 17, 18]
Level: 2, Bin: 12 => [0, 2]
[0m
MIP: [1;32mObjective value: 9415[0m
MIP: [1;32mLower Bound: 9415[0m
MIP: [1;32mBranch-and-Bound nodes: 2944[0m

# best solution:
best objective value:	9415
best dual bound value:	9415
optimality gap:	0%
CPU time:	342.531
