ifile	/scratch/csagturk/mlbppo_inst/n0020_m03_p100__059.inst
prob	NFMLBPPO
threads	1
ttime	900
instance: /scratch/csagturk/mlbppo_inst/n0020_m03_p100__059.inst
	m=3, n=[20, 17, 15, 12], #pos=20
MIP: [1;32minit CPLEX[0m
CAN: [1;35mcreated 775 x_{ijk} variables[0m
CAN: [1;35mcreated 64 y_{ij} variables[0m
CAN: [1;35mcreated 1280 f_{ijkh} variables[0m
MIP: [1;32mcreated decision variables[0m
CAN: [1;35madded 20 constraints to enforce the packing of each item[0m
CAN: [1;35madded 32 constraints to enforce the packing of each item[0m
CAN: [1;35madded 44 capacity constraints[0m
MIP: [1;32mcreated constraints[0m
MIP: [1;32mcreated objective function[0m
MIP: [1;32mcalling CPLEX solve ...[0m
Version identifier: 22.1.0.0 | 2022-03-09 | 1a383f8ce
CPXPARAM_Threads                                 1
CPXPARAM_TimeLimit                               900
Tried aggregator 2 times.
MIP Presolve eliminated 2453 rows and 2562 columns.
MIP Presolve modified 700 coefficients.
Aggregator did 163 substitutions.
Reduced MIP has 14409 rows, 14154 columns, and 51443 nonzeros.
Reduced MIP has 14058 binaries, 0 generals, 0 SOSs, and 59 indicators.
Presolve time = 0.07 sec. (67.03 ticks)
Probing fixed 69 vars, tightened 64 bounds.
Probing changed sense of 321 constraints.
Probing time = 1.38 sec. (1491.50 ticks)
Tried aggregator 1 time.
Detecting symmetries...
MIP Presolve eliminated 574 rows and 582 columns.
Reduced MIP has 13835 rows, 13572 columns, and 49852 nonzeros.
Reduced MIP has 13572 binaries, 0 generals, 0 SOSs, and 0 indicators.
Presolve time = 0.06 sec. (58.52 ticks)
Probing time = 0.01 sec. (8.11 ticks)
Clique table members: 36017.
MIP emphasis: balance optimality and feasibility.
MIP search method: dynamic search.
Parallel mode: none, using 1 thread.
Root relaxation solution time = 0.53 sec. (661.28 ticks)

        Nodes                                         Cuts/
   Node  Left     Objective  IInf  Best Integer    Best Bound    ItCnt     Gap

      0     0    13558.7751   315                  13558.7751     4265         
      0     0    13707.8945   322                   Cuts: 103     9975         
      0     0    13770.0949   348                    Cuts: 48    15503         
      0     0    13835.7455   385                    Cuts: 56    20543         
      0     0    13870.1683   406                    Cuts: 53    26224         
      0     0    13885.2268   449                    Cuts: 39    34093         
      0     0    13897.5657   418                    Cuts: 25    43210         
      0     0    13903.6189   409                    Cuts: 27    51923         
      0     0    13910.4810   391                    Cuts: 24    57983         
      0     0    13917.5820   376                    Cuts: 18    63611         
      0     0    13930.9180   344                    Cuts: 29    73017         
      0     0    13953.1079   438                    Cuts: 33    80994         
      0     0    13963.4079   416                    Cuts: 20    91307         
      0     0    13964.0355   430                    Cuts: 24    94028         
      0     0    13968.1616   398                     Cuts: 7    99865         
      0     0    13970.9419   441                    Cuts: 32   107346         
      0     0    13975.8699   450                    Cuts: 29   116472         
      0     0    13976.6123   498                    Cuts: 33   122861         
*     0+    0                        21713.0000    13976.6123            35.63%
*     0+    0                        19914.0000    13976.6123            29.82%
*     0+    0                        19765.0000    13976.6123            29.29%
      0     0  -1.00000e+75     0    19765.0000    13976.6123   122861   29.29%
      0     2    13976.6123   315    19765.0000    13977.1126   122861   29.28%
Elapsed time = 57.48 sec. (70461.09 ticks, tree = 0.01 MB, solutions = 3)
      1     3    13990.9418   323    19765.0000    13977.1126   125520   29.28%
      2     4    13983.3779   374    19765.0000    13983.3779   131712   29.25%
      3     5    13983.3779   360    19765.0000    13983.3779   134651   29.25%
      4     6    13983.3779   288    19765.0000    13983.3779   137571   29.25%
      5     7    13983.8262   321    19765.0000    13983.3779   147494   29.25%
      7     9    13983.3835   386    19765.0000    13983.3779   156876   29.25%
      8    10    13983.3779   288    19765.0000    13983.3779   157490   29.25%
     10    12    13983.7527   247    19765.0000    13983.3779   160965   29.25%
     11    13    13999.1591   247    19765.0000    13983.3779   166672   29.25%
     15    17    14039.1891   403    19765.0000    13983.3779   182107   29.25%
Elapsed time = 63.85 sec. (78181.61 ticks, tree = 0.20 MB, solutions = 3)
     21    23    14051.1104   311    19765.0000    13983.3779   190745   29.25%
*    30+   30                        16305.0000    13983.3779            14.24%
     48    50    14330.0476    85    16305.0000    13983.3779   203144   14.24%
*    50+   50                        16281.0000    13983.3779            14.11%
*    90+   88                        16086.0000    13983.3779            13.07%
    103   100    15637.0725     7    16086.0000    13983.3779   214816   13.07%
    115   102    13986.1149   364    16086.0000    13983.3779   219659   13.07%
    117   104    13989.3773   350    16086.0000    13983.3779   228066   13.07%
    118   105    13986.4395   339    16086.0000    13983.3779   234092   13.07%
    119   106    14019.2904   372    16086.0000    13983.3779   239520   13.07%
    120   107    13990.1408   370    16086.0000    13983.3779   243762   13.07%
    122   109    13994.4994   369    16086.0000    13983.3779   250190   13.07%
    124   111    14012.1863   270    16086.0000    13983.3779   260385   13.07%
Elapsed time = 76.88 sec. (92799.90 ticks, tree = 0.91 MB, solutions = 6)
    125   112    14023.2539   293    16086.0000    13983.3779   264943   13.07%
    127   114    14023.2539   282    16086.0000    13983.3779   270014   13.07%
    131   118    14036.6161   203    16086.0000    13983.3779   277156   13.07%
    134   121    14040.4853   256    16086.0000    13983.3779   283755   13.07%
    137   124    14051.6609   231    16086.0000    13983.3779   289470   13.07%
    143   130    14202.3746   245    16086.0000    13983.3779   297000   13.07%
    153   140    14360.6162   262    16086.0000    13983.3779   304763   13.07%
    211   182    13986.1149   364    16086.0000    13983.3779   321646   13.07%
    212   183    13986.1149   355    16086.0000    13983.3779   327701   13.07%
    213   184    13986.1149   373    16086.0000    13983.3779   335151   13.07%
Elapsed time = 90.45 sec. (108481.68 ticks, tree = 1.48 MB, solutions = 6)
    214   185    13986.1149   361    16086.0000    13983.3779   340790   13.07%
    215   186    13986.1149   385    16086.0000    13983.3779   346743   13.07%
    216   187    13986.1149   367    16086.0000    13983.3779   351929   13.07%
    217   188    13986.1149   384    16086.0000    13983.3779   356693   13.07%
    218   189    13998.9824   367    16086.0000    13983.3779   366213   13.07%
    219   190    13999.3687   325    16086.0000    13983.3779   371066   13.07%
    221   192    13999.3687   306    16086.0000    13983.3779   375600   13.07%
    225   196    13999.3861   301    16086.0000    13983.3779   381472   13.07%
    230   201    13999.3861   306    16086.0000    13983.3779   387267   13.07%
    233   204    14012.4302   276    16086.0000    13983.3779   393420   13.07%
Elapsed time = 106.91 sec. (126271.55 ticks, tree = 1.61 MB, solutions = 6)
    235   206    14013.8501   311    16086.0000    13983.3779   399182   13.07%
    238   209    14024.1363   330    16086.0000    13983.3779   404971   13.07%
    240   211    14030.0996   316    16086.0000    13983.3779   411037   13.07%
    242   213    14039.2576   210    16086.0000    13983.3779   417736   13.07%
    245   216    14040.5413   224    16086.0000    13983.3779   424230   13.07%
    249   220    14063.8166   314    16086.0000    13983.3779   432233   13.07%
    254   225    14118.4239   292    16086.0000    13983.3779   440350   13.07%
    261   230    14499.4539   259    16086.0000    13983.3779   447528   13.07%
    281   245    13986.1149   414    16086.0000    13983.3779   478680   13.07%
    282   246    13986.1149   375    16086.0000    13983.3779   486383   13.07%
Elapsed time = 128.02 sec. (149166.59 ticks, tree = 2.01 MB, solutions = 6)
    283   247    13986.1149   400    16086.0000    13983.3779   494970   13.07%
    284   248    13986.1149   390    16086.0000    13983.3779   497527   13.07%
    285   249    13986.1149   366    16086.0000    13983.3779   503716   13.07%
    286   250    13986.1149   398    16086.0000    13983.3779   511502   13.07%
    287   251    13986.1149   356    16086.0000    13983.3779   517707   13.07%
    288   252    13986.1149   360    16086.0000    13983.3779   527310   13.07%
    289   253    13986.1149   379    16086.0000    13983.3779   536264   13.07%
    290   254    13986.1149   424    16086.0000    13983.3779   547508   13.07%
    292   256    13986.1149   429    16086.0000    13983.3779   555856   13.07%
    293   257    13986.1149   379    16086.0000    13983.3779   561526   13.07%
Elapsed time = 149.08 sec. (172210.05 ticks, tree = 2.29 MB, solutions = 6)
    294   258    13986.1149   423    16086.0000    13983.3779   567973   13.07%
    295   259    13987.5081   379    16086.0000    13983.3779   575465   13.07%
    296   260    13996.3836   375    16086.0000    13983.3779   581857   13.07%
    297   261    13996.3836   372    16086.0000    13983.3779   588408   13.07%
    299   263    13996.3836   322    16086.0000    13983.3779   593095   13.07%
    300   264    13996.3836   344    16086.0000    13983.3779   598781   13.07%
    302   266    13996.3836   333    16086.0000    13983.3779   606354   13.07%
    306   270    14023.3988   362    16086.0000    13983.3779   615594   13.07%
    308   272    14035.4356   337    16086.0000    13983.3779   622367   13.07%
    309   273    14043.5266   384    16086.0000    13983.3779   627559   13.07%
Elapsed time = 163.09 sec. (187522.83 ticks, tree = 2.52 MB, solutions = 6)
    312   276    14049.5309   306    16086.0000    13983.3779   632633   13.07%
    313   277    14074.7628   314    16086.0000    13983.3779   638379   13.07%
    319   283    14097.5823   379    16086.0000    13983.3779   645672   13.07%
*   320+  282                        16045.0000    13983.3779            12.85%
    321   285    14165.2672   310    16045.0000    13983.3779   649544   12.85%
    326   290    14248.0306   281    16045.0000    13983.3779   657708   12.85%
    330   294    14285.8737   298    16045.0000    13983.3779   662722   12.85%
    353   317    15251.7125   202    16045.0000    13983.3779   672751   12.85%
    375   333    13986.1149   450    16045.0000    13983.3835   695965   12.85%
    376   334    13986.1149   430    16045.0000    13983.3835   705686   12.85%
    377   335    13986.1149   446    16045.0000    13983.3835   714318   12.85%
Elapsed time = 183.35 sec. (209919.20 ticks, tree = 2.98 MB, solutions = 7)
    378   336    13986.1149   405    16045.0000    13983.3835   723577   12.85%
    379   337    13986.1149   419    16045.0000    13983.3835   732618   12.85%
    380   338    13986.1149   448    16045.0000    13983.3835   741943   12.85%
    381   339    13986.1149   433    16045.0000    13983.3835   752408   12.85%
    382   340    13986.1149   396    16045.0000    13983.3835   760669   12.85%
    383   341    13986.1149   408    16045.0000    13983.3835   768868   12.85%
    384   342    13986.1149   394    16045.0000    13983.3835   778224   12.85%
    385   343    13986.1149   407    16045.0000    13983.3835   787012   12.85%
    386   344    13986.1149   357    16045.0000    13983.3835   793230   12.85%
    387   345    13986.1149   387    16045.0000    13983.3835   801843   12.85%
Elapsed time = 214.32 sec. (243131.31 ticks, tree = 3.03 MB, solutions = 7)
    388   346    13986.1149   422    16045.0000    13983.3835   810772   12.85%
    389   347    13986.1149   452    16045.0000    13983.3835   820096   12.85%
    390   348    13986.1149   423    16045.0000    13983.3835   829447   12.85%
    391   349    13986.1149   411    16045.0000    13983.3835   835887   12.85%
    392   350    13986.1149   373    16045.0000    13983.3835   843254   12.85%
    393   351    13986.1149   388    16045.0000    13983.3835   850962   12.85%
    394   352    13986.1149   350    16045.0000    13983.3835   859060   12.85%
    395   353    14001.1628   375    16045.0000    13983.3835   867015   12.85%
    396   354    14001.1628   360    16045.0000    13983.3835   874396   12.85%
    398   356    14031.6461   360    16045.0000    13983.3835   889314   12.85%
Elapsed time = 243.21 sec. (273905.05 ticks, tree = 3.21 MB, solutions = 7)
    400   358    14045.3593   362    16045.0000    13983.3835   907414   12.85%
    403   361    14061.9091   345    16045.0000    13983.3835   925536   12.85%
    407   365    14063.3891   317    16045.0000    13983.3835   947946   12.85%
    412   370    14099.6937   319    16045.0000    13983.3835   963561   12.85%
    420   378    14185.7285   284    16045.0000    13983.3835   982195   12.85%
    460   414    13986.1149   395    16045.0000    13983.3835  1021051   12.85%
    462   416    13986.1149   390    16045.0000    13983.3835  1035650   12.85%
    468   422    13986.3514   345    16045.0000    13983.3835  1054834   12.85%
    477   431    14141.0194   318    16045.0000    13983.3835  1076050   12.85%
    484   438    14081.0157   247    16045.0000    13983.3835  1096422   12.85%
Elapsed time = 292.52 sec. (328351.88 ticks, tree = 3.78 MB, solutions = 7)
    495   449    14704.9321   191    16045.0000    13983.3835  1123155   12.85%

Performing restart 1

Repeating presolve.
Tried aggregator 1 time.
MIP Presolve modified 729 coefficients.
Reduced MIP has 13835 rows, 13572 columns, and 49852 nonzeros.
Reduced MIP has 13572 binaries, 0 generals, 0 SOSs, and 0 indicators.
Presolve time = 0.05 sec. (46.12 ticks)
Tried aggregator 1 time.
MIP Presolve modified 377 coefficients.
Reduced MIP has 13835 rows, 13572 columns, and 49852 nonzeros.
Reduced MIP has 13572 binaries, 0 generals, 0 SOSs, and 0 indicators.
Presolve time = 0.06 sec. (54.85 ticks)
Represolve time = 0.32 sec. (291.79 ticks)
    526     0    13964.3287   340    16045.0000      Cuts: 37  1161912   12.85%
    526     0    13979.4599   419    16045.0000      Cuts: 44  1170492   12.85%
    526     0    13985.6772   488    16045.0000      Cuts: 45  1181964   12.83%
    526     0    13988.4251   440    16045.0000      Cuts: 21  1188958   12.82%
    526     0    13993.0299   462    16045.0000      Cuts: 31  1197887   12.79%
    526     0    13994.3559   385    16045.0000      Cuts: 25  1206269   12.78%
    526     0    13995.9184   438    16045.0000      Cuts: 39  1218002   12.77%
    526     0    14000.0871   410    16045.0000      Cuts: 18  1231907   12.74%
    526     0    14000.1605   488    16045.0000      Cuts: 26  1241979   12.74%
    526     0    14000.2735   440    16045.0000      Cuts: 12  1256045   12.74%
    526     0    14000.9596   473    16045.0000      Cuts: 18  1265933   12.74%
    526     0    14003.3603   497    16045.0000      Cuts: 24  1274379   12.72%
    526     0    14003.8251   526    16045.0000      Cuts: 24  1283201   12.72%
    526     0    14004.5429   418    16045.0000   MIRcuts: 11  1292005   12.72%
    526     0    14005.9849   558    16045.0000      Cuts: 24  1300937   12.71%
    526     0    14006.2003   568    16045.0000      Cuts: 20  1313167   12.71%
    526     0    14006.6385   376    16045.0000      Cuts: 11  1317055   12.70%
    526     0    14006.8152   418    16045.0000      Cuts: 28  1324735   12.70%
    526     0    14006.9616   417    16045.0000      Cuts: 14  1330370   12.70%
    526     0    14007.8931   372    16045.0000      Cuts: 12  1333680   12.70%
    526     0    14007.9956   402    16045.0000      Cuts: 17  1340863   12.70%
    526     2    14007.9956   357    16045.0000    14008.2313  1340863   12.69%
    528     4    14067.7487   384    16045.0000    14009.2675  1352180   12.69%
    529     5    14014.2396   509    16045.0000    14010.5941  1363060   12.68%
    530     6    14031.5274   381    16045.0000    14014.3415  1373663   12.66%
    537    13    14102.8654   254    16045.0000    14015.8121  1396795   12.65%
    551    27    14241.7778   256    16045.0000    14015.8121  1426380   12.65%
    561    37    14519.5718   239    16045.0000    14015.8121  1447764   12.65%
    572    48    14549.4769   157    16045.0000    14015.8121  1468570   12.65%
    595    69    15155.5714   210    16045.0000    14015.8121  1490691   12.65%
Elapsed time = 423.15 sec. (485409.29 ticks, tree = 0.66 MB, solutions = 7)
    632   101    15436.2923   148    16045.0000    14015.8121  1505162   12.65%
    635   101    14019.1438   328    16045.0000    14015.9516  1508397   12.65%
    645   111    14056.4785   175    16045.0000    14015.9516  1531243   12.65%
    663   129    14628.9592   180    16045.0000    14015.9516  1561177   12.65%
    694   160    15306.5714    84    16045.0000    14015.9516  1569624   12.65%
    732   194    14046.5612   418    16045.0000    14019.4226  1586534   12.62%
    734   196    14066.2916   463    16045.0000    14019.4226  1602923   12.62%
    736   198    14072.4040   391    16045.0000    14019.4226  1614345   12.62%
    739   201    14099.1456   408    16045.0000    14019.4226  1638797   12.62%
    747   209    14380.0606   286    16045.0000    14019.4226  1657508   12.62%
Elapsed time = 467.51 sec. (541015.76 ticks, tree = 1.69 MB, solutions = 7)
    768   230    14675.2667   158    16045.0000    14019.4226  1673448   12.62%
    810   263    14031.5406   327    16045.0000    14022.3155  1690347   12.61%
    812   265    14043.8500   406    16045.0000    14022.3155  1706253   12.61%
    814   267    14053.8051   270    16045.0000    14022.3155  1717470   12.61%
    844   297    14244.0000   101    16045.0000    14022.3155  1737964   12.61%
    872   325    14286.0777   284    16045.0000    14022.3155  1753726   12.61%
    893   342    14040.4535   274    16045.0000    14024.1504  1759601   12.59%
    909   358    14328.3119   163    16045.0000    14024.1504  1776516   12.59%
    966   407    14031.4983   294    16045.0000    14026.8098  1792841   12.58%
    968   409    14031.4983   305    16045.0000    14026.8098  1808306   12.58%
Elapsed time = 520.98 sec. (608155.57 ticks, tree = 3.17 MB, solutions = 7)
    971   412    14036.8450   328    16045.0000    14026.8098  1825045   12.58%
    979   420    14135.3883   200    16045.0000    14026.8098  1841280   12.58%
   1012   453    14249.0000    57    16045.0000    14026.8098  1858783   12.58%
   1034   475    14326.0451   162    16045.0000    14026.8098  1882010   12.58%
   1055   489    14048.7854   436    16045.0000    14031.4983  1896670   12.55%
   1075   509    14244.0000    91    16045.0000    14031.4983  1912636   12.55%
   1103   537    14525.6531   241    16045.0000    14031.4983  1934802   12.55%
   1123   551    14031.4983   298    16045.0000    14031.4983  1947060   12.55%
   1132   560    14058.1842   149    16045.0000    14031.4983  1970997   12.55%
   1158   586    14249.0000    87    16045.0000    14031.4983  1990421   12.55%
Elapsed time = 562.13 sec. (659372.77 ticks, tree = 4.44 MB, solutions = 7)
   1187   608    14031.4983   220    16045.0000    14031.4983  2009479   12.55%
   1193   614    14113.4474   157    16045.0000    14031.4983  2016394   12.55%
   1199   620    14113.4474   143    16045.0000    14031.4983  2023654   12.55%
   1211   632    14249.0000    34    16045.0000    14031.4983  2031999   12.55%
   1231   652    14258.9236   320    16045.0000    14031.4983  2049514   12.55%
   1272   690    15334.1714    60    16045.0000    14031.4983  2057734   12.55%
   1310   710    14031.4983   221    16045.0000    14031.4983  2061880   12.55%
   1331   731    14299.7033   186    16045.0000    14031.4983  2081773   12.55%
   1354   754    14462.3409   226    16045.0000    14031.4983  2100833   12.55%
   1387   776    14031.4983   201    16045.0000    14031.4983  2112864   12.55%
Elapsed time = 600.81 sec. (705350.95 ticks, tree = 5.85 MB, solutions = 7)
   1400   789    14113.4474   129    16045.0000    14031.4983  2128142   12.55%
   1439   828    14815.9128   178    16045.0000    14031.4983  2151049   12.55%
   1457   846    15281.5947   156    16045.0000    14031.4983  2159882   12.55%
   1476   863    14781.4118    29    16045.0000    14031.4983  2166506   12.55%
   1487   866    14031.4983   139    16045.0000    14031.4983  2172242   12.55%
   1492   871    14059.4421   199    16045.0000    14031.4983  2187414   12.55%
   1500   879    14120.3545   201    16045.0000    14031.4983  2190167   12.55%
   1535   914    14390.9206   149    16045.0000    14031.4983  2210661   12.55%
   1574   953    15457.4836   114    16045.0000    14031.4983  2217467   12.55%
   1581   956    14031.4983   199    16045.0000    14031.4983  2222413   12.55%
Elapsed time = 637.78 sec. (745043.41 ticks, tree = 7.18 MB, solutions = 7)
   1587   962    14060.8182   181    16045.0000    14031.4983  2235116   12.55%
   1595   970    14125.6522   295    16045.0000    14031.4983  2247470   12.55%
   1607   982    14399.8559   231    16045.0000    14031.4983  2272943   12.55%
   1626  1001    14410.8104   312    16045.0000    14031.4983  2287032   12.55%
   1653  1028    14480.4499   279    16045.0000    14031.4983  2299419   12.55%
   1700  1071    14040.5343   191    16045.0000    14031.4983  2310676   12.55%
*  1726+ 1094                        16027.0000    14031.4983            12.45%
   1737  1107    14973.9846   189    16027.0000    14031.4983  2331819   12.45%
*  1781  1119      integral     0    15940.0000    14031.4983  2336313   11.97%
   1783  1121    14100.8131   243    15940.0000    14031.4983  2344056   11.97%
   1801  1139    14216.4230   264    15940.0000    14031.4983  2363402   11.97%
   1828  1166    14437.9635   188    15940.0000    14031.4983  2377840   11.97%
Elapsed time = 671.59 sec. (784700.31 ticks, tree = 8.79 MB, solutions = 9)
   1863  1196    14032.1755   531    15940.0000    14031.8450  2395306   11.97%
   1871  1204    14041.6638   485    15940.0000    14031.8450  2410064   11.97%
   1877  1210    14047.5691   223    15940.0000    14031.8450  2428273   11.97%
   1891  1224    14124.3531   138    15940.0000    14031.8450  2449137   11.97%
   1926  1259    14696.6407   216    15940.0000    14031.8450  2466249   11.97%
   2003  1314    14034.3330   441    15940.0000    14032.0833  2497133   11.97%
   2004  1315    14034.3330   385    15940.0000    14032.0833  2506837   11.97%
   2009  1320    14311.0362   229    15940.0000    14032.0833  2523525   11.97%
   2027  1338    14372.1829   167    15940.0000    14032.0833  2545387   11.97%
   2047  1358    14900.2705   178    15940.0000    14032.0833  2564094   11.97%
Elapsed time = 724.76 sec. (847689.88 ticks, tree = 10.09 MB, solutions = 9)
   2055  1360    14187.5115   309    15940.0000    14032.1755  2577501   11.97%
   2062  1367    14322.6327   141    15940.0000    14032.1755  2592654   11.97%
   2085  1390    14928.7188   235    15940.0000    14032.1755  2613834   11.97%
   2114  1419    15690.4738   224    15940.0000    14032.1755  2629008   11.97%
   2117  1418    14038.3057   298    15940.0000    14032.2763  2638546   11.97%
   2122  1423    14047.7697   369    15940.0000    14032.2763  2650265   11.97%
   2126  1427    14173.8734   131    15940.0000    14032.2763  2666750   11.97%
   2145  1446    14367.7242   289    15940.0000    14032.2763  2691553   11.97%
   2163  1464    14679.9659   306    15940.0000    14032.2763  2708831   11.97%
   2172  1470    14116.1500   393    15940.0000    14032.6946  2730041   11.97%
Elapsed time = 772.45 sec. (901299.93 ticks, tree = 10.89 MB, solutions = 9)
   2192  1490    14217.9603   242    15940.0000    14032.6946  2745538   11.97%
   2208  1506    14375.5029   313    15940.0000    14032.6946  2759800   11.97%
   2228  1526    15361.3837   245    15940.0000    14032.6946  2780749   11.97%
   2240  1532    14066.4342   444    15940.0000    14032.9588  2804938   11.96%
   2244  1536    14325.4432   260    15940.0000    14032.9588  2813984   11.96%
   2262  1554    14341.8197   190    15940.0000    14032.9588  2824465   11.96%
   2280  1572    14431.2609   155    15940.0000    14032.9588  2846861   11.96%
   2310  1600    14715.3889   142    15940.0000    14032.9588  2870301   11.96%
   2317  1604    14111.1328   298    15940.0000    14033.4524  2883633   11.96%
   2323  1610    14158.1127   237    15940.0000    14033.4524  2893652   11.96%
Elapsed time = 821.32 sec. (956268.90 ticks, tree = 11.87 MB, solutions = 9)
Starting limited solution polishing.
   2326  1613    14782.7686   317    15940.0000    14033.4524  2912051   11.96%
   2344  1631    14834.0890   362    15940.0000    14033.4524  2924065   11.96%
   2378  1657    14138.7926   365    15940.0000    14033.9622  2938194   11.96%
   2382  1661    14150.1327   369    15940.0000    14033.9622  2950937   11.96%
   2385  1664    14150.1327   324    15940.0000    14033.9622  2962752   11.96%
   2394  1673    14476.9655   299    15940.0000    14033.9622  2981741   11.96%
   2433  1712    15131.2368   134    15940.0000    14033.9622  2996243   11.96%
   2452  1721    14183.4287   361    15940.0000    14034.1015  3004367   11.96%
   2459  1728    14184.4449   296    15940.0000    14034.1015  3010147   11.96%
   2463  1732    14297.8225   336    15940.0000    14034.1015  3031552   11.96%
Elapsed time = 867.32 sec. (1007763.38 ticks, tree = 12.78 MB, solutions = 9)
   2472  1741    14337.4037   179    15940.0000    14034.1015  3053490   11.96%
   2489  1758    14403.5151   316    15940.0000    14034.1015  3072876   11.96%
   2511  1780    15006.9347   231    15940.0000    14034.1015  3088052   11.96%
   2530  1795    14214.3231   334    15940.0000    14034.2403  3108303   11.96%
   2534  1799    14238.7565   302    15940.0000    14034.2403  3118110   11.96%
   2560  1825    14577.0000    59    15940.0000    14034.2403  3142939   11.96%

Clique cuts applied:  21
Cover cuts applied:  52
Flow cuts applied:  1
Mixed integer rounding cuts applied:  93
Zero-half cuts applied:  15
Gomory fractional cuts applied:  4

Root node processing (before b&c):
  Real time             =   56.70 sec. (69799.54 ticks)
Sequential b&c:
  Real time             =  843.31 sec. (975668.41 ticks)
                          ------------
Total (root+branch&cut) =  900.01 sec. (1045467.95 ticks)
MIP: [1;32mCPLEX finished.[0m
MIP: [1;32mCPLEX status: Feasible[0m
MIP: [1;32mSolution: 
Indexes: [14, 10, 16, 15, 6, 6, 13, 16, 15, 12, 1, 11, 9, 10, 0, 15, 14, 14, 14, 9][9, 7, -1, -1, -1, -1, 6, -1, -1, 11, 3, 5, 4, 6, 7, 1, 9][-1, 7, -1, 0, 3, 10, 9, 7, -1, 9, -1, 3, -1, -1, -1], P Variables: [0, 0, 0][0, 0, 0][0, 0, 0][0, 0, 0][0, 0, 0][0, 0, 0][0, 0, 0][0, 0, 0][0, 0, 0][0, 0, 0][0, 0, 0][0, 0, 0][0, 0, 0][0, 0, 0][0, 0, 0][0, 0, 0][0, 0, 0][0, 0, 0][0, 0, 0][0, 0, 0], Flow leaving each bin: Level: 0, Item: 0 => [0]
Level: 0, Item: 1 => [1]
Level: 0, Item: 2 => [2]
Level: 0, Item: 3 => [3]
Level: 0, Item: 4 => [4]
Level: 0, Item: 5 => [5]
Level: 0, Item: 6 => [6]
Level: 0, Item: 7 => [7]
Level: 0, Item: 8 => [8]
Level: 0, Item: 9 => [9]
Level: 0, Item: 10 => [10]
Level: 0, Item: 11 => [11]
Level: 0, Item: 12 => [12]
Level: 0, Item: 13 => [13]
Level: 0, Item: 14 => [14]
Level: 0, Item: 15 => [15]
Level: 0, Item: 16 => [16]
Level: 0, Item: 17 => [17]
Level: 0, Item: 18 => [18]
Level: 0, Item: 19 => [19]
Level: 1, Bin: 0 => [14]
Level: 1, Bin: 1 => [10]
Level: 1, Bin: 6 => [4, 5]
Level: 1, Bin: 9 => [12, 19]
Level: 1, Bin: 10 => [1, 13]
Level: 1, Bin: 11 => [11]
Level: 1, Bin: 12 => [9]
Level: 1, Bin: 13 => [6]
Level: 1, Bin: 14 => [0, 16, 17, 18]
Level: 1, Bin: 15 => [3, 8, 15]
Level: 1, Bin: 16 => [2, 7]
Level: 2, Bin: 1 => [3, 8, 15]
Level: 2, Bin: 3 => [1, 13]
Level: 2, Bin: 4 => [9]
Level: 2, Bin: 5 => [11]
Level: 2, Bin: 6 => [4, 5, 6]
Level: 2, Bin: 7 => [0, 10, 16, 17, 18]
Level: 2, Bin: 9 => [2, 7, 14]
Level: 2, Bin: 11 => [12, 19]
Level: 3, Bin: 0 => [1, 13]
Level: 3, Bin: 3 => [9, 12, 19]
Level: 3, Bin: 7 => [0, 3, 8, 10, 15, 16, 17, 18]
Level: 3, Bin: 9 => [2, 4, 5, 6, 7, 14]
Level: 3, Bin: 10 => [11]
[0m
MIP: [1;32mObjective value: 15940[0m
MIP: [1;32mLower Bound: 14034.2[0m
MIP: [1;32mBranch-and-Bound nodes: 2616[0m

# best solution:
best objective value:	15940
best dual bound value:	14034
optimality gap:	11.9573%
CPU time:	897.768
