ifile	/scratch/csagturk/mlbppo_inst/n0030_m01_p100__049.inst
prob	NFMLBPPO
threads	1
ttime	900
instance: /scratch/csagturk/mlbppo_inst/n0030_m01_p100__049.inst
	m=1, n=[30, 24], #pos=30
MIP: [1;32minit CPLEX[0m
CAN: [1;35mcreated 720 x_{ijk} variables[0m
CAN: [1;35mcreated 54 y_{ij} variables[0m
CAN: [1;35mcreated 1620 f_{ijkh} variables[0m
MIP: [1;32mcreated decision variables[0m
CAN: [1;35madded 30 constraints to enforce the packing of each item[0m
CAN: [1;35madded 0 constraints to enforce the packing of each item[0m
CAN: [1;35madded 24 capacity constraints[0m
MIP: [1;32mcreated constraints[0m
MIP: [1;32mcreated objective function[0m
MIP: [1;32mcalling CPLEX solve ...[0m
Version identifier: 22.1.0.0 | 2022-03-09 | 1a383f8ce
CPXPARAM_Threads                                 1
CPXPARAM_TimeLimit                               900
Tried aggregator 2 times.
MIP Presolve eliminated 4415 rows and 4538 columns.
MIP Presolve modified 1492 coefficients.
Aggregator did 53 substitutions.
Reduced MIP has 18656 rows, 18473 columns, and 71234 nonzeros.
Reduced MIP has 18473 binaries, 0 generals, 0 SOSs, and 0 indicators.
Presolve time = 0.10 sec. (84.94 ticks)
Probing fixed 16925 vars, tightened 0 bounds.
Probing changed sense of 1436 constraints.
Probing time = 1.26 sec. (1287.15 ticks)
Tried aggregator 1 time.
MIP Presolve eliminated 18210 rows and 17941 columns.
MIP Presolve modified 1065 coefficients.
Reduced MIP has 433 rows, 532 columns, and 7398 nonzeros.
Reduced MIP has 532 binaries, 0 generals, 0 SOSs, and 0 indicators.
Presolve time = 0.02 sec. (21.55 ticks)
Probing time = 0.00 sec. (2.81 ticks)
Tried aggregator 1 time.
Detecting symmetries...
MIP Presolve modified 3 coefficients.
Reduced MIP has 433 rows, 532 columns, and 7395 nonzeros.
Reduced MIP has 532 binaries, 0 generals, 0 SOSs, and 0 indicators.
Presolve time = 0.00 sec. (4.03 ticks)
Probing time = 0.00 sec. (2.84 ticks)
Clique table members: 2880.
MIP emphasis: balance optimality and feasibility.
MIP search method: dynamic search.
Parallel mode: none, using 1 thread.
Root relaxation solution time = 0.00 sec. (4.77 ticks)

        Nodes                                         Cuts/
   Node  Left     Objective  IInf  Best Integer    Best Bound    ItCnt     Gap

      0     0     6715.4118    37                   6715.4118      231         
*     0+    0                         8399.0000     6715.4118            20.05%
      0     0     6735.3938    39     8399.0000      Cuts: 37      373   19.81%
      0     0     6735.3938    91     8399.0000      Cuts: 62      539   19.81%
*     0+    0                         8191.0000     6735.3938            17.77%
      0     0     6735.3938    64     8191.0000      Cuts: 17      629   17.77%
*     0+    0                         7471.0000     6735.3938             9.85%
      0     0     6735.3938    63     7471.0000      Cuts: 41      713    9.85%
*     0+    0                         7417.0000     6735.3938             9.19%
*     0+    0                         7406.0000     6735.3938             9.05%
*     0+    0                         7356.0000     6735.3938             8.44%
*     0+    0                         7279.0000     6735.3938             7.47%
      0     0  -1.00000e+75     0     7279.0000     6735.3938      713    7.47%
Detecting symmetries...
      0     2     6735.3938    29     7279.0000     6735.3938      713    7.47%
Elapsed time = 1.81 sec. (1769.26 ticks, tree = 0.01 MB, solutions = 7)
*    30+   28                         7214.0000     6735.3938             6.63%
    425   381     7040.4135    25     7214.0000     6735.3938     6523    6.63%
*   600+  517                         7190.0000     6735.3938             6.32%
*   610+  486                         7099.0000     6735.3938             5.12%
    659   529     6741.3837    55     7099.0000     6735.3938    12057    5.12%
*   660+  422                         6982.0000     6735.3938             3.53%
*   740+  483                         6971.0000     6735.3938             3.38%
    778   519     6797.3571    33     6971.0000     6735.3938    16837    3.38%
    924   638     6735.3938    71     6971.0000     6735.3938    21662    3.38%
*  1039+  668                         6927.0000     6735.3938             2.77%
   1039   670     6735.5583    71     6927.0000     6735.3938    28182    2.77%
*  1040+  622                         6906.0000     6735.3938             2.47%
*  1040+  571                         6877.0000     6735.3938             2.06%
   1040   573     6737.7158    65     6877.0000     6735.3938    28413    2.06%

Performing restart 1

Repeating presolve.
Tried aggregator 1 time.
MIP Presolve eliminated 1 rows and 6 columns.
MIP Presolve modified 5704 coefficients.
Reduced MIP has 432 rows, 526 columns, and 4600 nonzeros.
Reduced MIP has 526 binaries, 0 generals, 0 SOSs, and 0 indicators.
Presolve time = 0.01 sec. (6.63 ticks)
Tried aggregator 1 time.
MIP Presolve modified 6 coefficients.
Reduced MIP has 432 rows, 526 columns, and 4600 nonzeros.
Reduced MIP has 526 binaries, 0 generals, 0 SOSs, and 0 indicators.
Presolve time = 0.01 sec. (3.95 ticks)
Represolve time = 0.05 sec. (39.53 ticks)
   1150     0     6737.6250    79     6877.0000      Cuts: 58    33287    2.03%
   1150     0     6749.1611   105     6877.0000      Cuts: 82    33467    1.86%
   1150     0     6763.5346    52     6877.0000      Cuts: 63    33600    1.65%
   1150     0     6764.2358    51     6877.0000      Cuts: 57    33725    1.64%
   1150     0     6764.2358    39     6877.0000      Cuts: 42    33818    1.64%
   1150     0     6764.2358    45     6877.0000      Cuts: 50    33924    1.64%
   1150     0     6764.2358    60     6877.0000      Cuts: 29    34090    1.64%
   1150     0     6764.2358    45     6877.0000      Cuts: 24    34235    1.64%
   1150     0     6764.2358    40     6877.0000      Cuts: 48    34320    1.64%
   1150     0     6764.2358    33     6877.0000      Cuts: 30    34488    1.64%
   1150     2     6764.2358    29     6877.0000     6766.8960    34488    1.60%
   1250    58     6813.0000    25     6877.0000     6780.0260    35609    1.41%
   1359   124     6798.2000    33     6877.0000     6790.0000    37181    1.27%
*  1450+  126                         6855.0000     6790.0000             0.95%
   1780   315     6797.3251    39     6855.0000     6790.0000    42386    0.95%
Elapsed time = 5.38 sec. (5956.69 ticks, tree = 0.16 MB, solutions = 16)
   2184   492     6836.6021    68     6855.0000     6790.0000    64384    0.95%
   2460   642     6793.7622    75     6855.0000     6790.0000    85839    0.95%
   2620   736        cutoff           6855.0000     6790.0000    97550    0.95%
*  2650+    1                         6790.0000     6790.0000             0.00%

GUB cover cuts applied:  9
Clique cuts applied:  3
Cover cuts applied:  82
Implied bound cuts applied:  1
Flow cuts applied:  1
Mixed integer rounding cuts applied:  66
Zero-half cuts applied:  6
Gomory fractional cuts applied:  7

Root node processing (before b&c):
  Real time             =    1.82 sec. (1772.35 ticks)
Sequential b&c:
  Real time             =    6.21 sec. (7413.24 ticks)
                          ------------
Total (root+branch&cut) =    8.02 sec. (9185.59 ticks)
MIP: [1;32mCPLEX finished.[0m
MIP: [1;32mCPLEX status: Optimal[0m
MIP: [1;32mSolution: 
Indexes: [17, 12, 9, 0, 1, 17, 8, 19, 4, 0, 8, 19, 16, 9, 5, 19, 9, 12, 23, 0, 0, 23, 6, 4, 11, 16, 12, 6, 5, 11], P Variables: [0][0][0][0][0][0][0][0][0][0][0][0][0][0][0][0][0][0][0][0][0][0][0][0][0][0][0][0][0][0], Flow leaving each bin: Level: 0, Item: 0 => [0]
Level: 0, Item: 1 => [1]
Level: 0, Item: 2 => [2]
Level: 0, Item: 3 => [3]
Level: 0, Item: 4 => [4]
Level: 0, Item: 5 => [5]
Level: 0, Item: 6 => [6]
Level: 0, Item: 7 => [7]
Level: 0, Item: 8 => [8]
Level: 0, Item: 9 => [9]
Level: 0, Item: 10 => [10]
Level: 0, Item: 11 => [11]
Level: 0, Item: 12 => [12]
Level: 0, Item: 13 => [13]
Level: 0, Item: 14 => [14]
Level: 0, Item: 15 => [15]
Level: 0, Item: 16 => [16]
Level: 0, Item: 17 => [17]
Level: 0, Item: 18 => [18]
Level: 0, Item: 19 => [19]
Level: 0, Item: 20 => [20]
Level: 0, Item: 21 => [21]
Level: 0, Item: 22 => [22]
Level: 0, Item: 23 => [23]
Level: 0, Item: 24 => [24]
Level: 0, Item: 25 => [25]
Level: 0, Item: 26 => [26]
Level: 0, Item: 27 => [27]
Level: 0, Item: 28 => [28]
Level: 0, Item: 29 => [29]
Level: 1, Bin: 0 => [3, 9, 19, 20]
Level: 1, Bin: 1 => [4]
Level: 1, Bin: 4 => [8, 23]
Level: 1, Bin: 5 => [14, 28]
Level: 1, Bin: 6 => [22, 27]
Level: 1, Bin: 8 => [6, 10]
Level: 1, Bin: 9 => [2, 13, 16]
Level: 1, Bin: 11 => [24, 29]
Level: 1, Bin: 12 => [1, 17, 26]
Level: 1, Bin: 16 => [12, 25]
Level: 1, Bin: 17 => [0, 5]
Level: 1, Bin: 19 => [7, 11, 15]
Level: 1, Bin: 23 => [18, 21]
[0m
MIP: [1;32mObjective value: 6790[0m
MIP: [1;32mLower Bound: 6790[0m
MIP: [1;32mBranch-and-Bound nodes: 2650[0m

# best solution:
best objective value:	6790
best dual bound value:	6790
optimality gap:	0%
CPU time:	8.02524
