ifile	/scratch/csagturk/mlbppo_inst/n0030_m02_p050__025.inst
prob	NFMLBPPO
threads	1
ttime	900
instance: /scratch/csagturk/mlbppo_inst/n0030_m02_p050__025.inst
	m=2, n=[30, 19, 16], #pos=15
MIP: [1;32minit CPLEX[0m
CAN: [1;35mcreated 874 x_{ijk} variables[0m
CAN: [1;35mcreated 65 y_{ij} variables[0m
CAN: [1;35mcreated 1950 f_{ijkh} variables[0m
MIP: [1;32mcreated decision variables[0m
CAN: [1;35madded 30 constraints to enforce the packing of each item[0m
CAN: [1;35madded 19 constraints to enforce the packing of each item[0m
CAN: [1;35madded 35 capacity constraints[0m
MIP: [1;32mcreated constraints[0m
MIP: [1;32mcreated objective function[0m
MIP: [1;32mcalling CPLEX solve ...[0m
Version identifier: 22.1.0.0 | 2022-03-09 | 1a383f8ce
CPXPARAM_Threads                                 1
CPXPARAM_TimeLimit                               900
Tried aggregator 2 times.
MIP Presolve eliminated 4830 rows and 4991 columns.
MIP Presolve modified 588 coefficients.
Aggregator did 237 substitutions.
Reduced MIP has 22743 rows, 22571 columns, and 77470 nonzeros.
Reduced MIP has 22514 binaries, 0 generals, 0 SOSs, and 33 indicators.
Presolve time = 0.12 sec. (105.45 ticks)
Found incumbent of value 18388.000000 after 0.28 sec. (234.55 ticks)
Probing fixed 2929 vars, tightened 38 bounds.
Probing changed sense of 503 constraints.
Probing time = 3.95 sec. (3411.91 ticks)
Tried aggregator 2 times.
MIP Presolve eliminated 3655 rows and 3555 columns.
MIP Presolve modified 66 coefficients.
Aggregator did 6 substitutions.
Reduced MIP has 19081 rows, 19010 columns, and 65402 nonzeros.
Reduced MIP has 19010 binaries, 0 generals, 0 SOSs, and 0 indicators.
Presolve time = 0.11 sec. (101.88 ticks)
Probing time = 0.01 sec. (9.28 ticks)
Tried aggregator 1 time.
Detecting symmetries...
Reduced MIP has 19081 rows, 19010 columns, and 65402 nonzeros.
Reduced MIP has 19010 binaries, 0 generals, 0 SOSs, and 0 indicators.
Presolve time = 0.07 sec. (63.41 ticks)
Probing time = 0.01 sec. (9.28 ticks)
Clique table members: 51741.
MIP emphasis: balance optimality and feasibility.
MIP search method: dynamic search.
Parallel mode: none, using 1 thread.
Root relaxation solution time = 0.45 sec. (585.95 ticks)

        Nodes                                         Cuts/
   Node  Left     Objective  IInf  Best Integer    Best Bound    ItCnt     Gap

*     0+    0                        18388.0000        0.0000           100.00%
      0     0    10821.5017   276    18388.0000    10821.5017     2885   41.15%
      0     0    10836.2668   280    18388.0000      Cuts: 28     6125   41.07%
      0     0    10836.2668   321    18388.0000      Cuts: 47     9748   41.07%
      0     0    10836.2668   231    18388.0000      Cuts: 34    13361   41.07%
*     0+    0                        15762.0000    10836.2668            31.25%
*     0+    0                        14162.0000    10836.2668            23.48%
      0     0  -1.00000e+75     0    14162.0000    10836.2668    13361   23.48%
      0     0    10837.6390   301    14162.0000      Cuts: 43    18670   23.47%
      0     0    10844.5823   256    14162.0000      Cuts: 63    23164   23.42%
      0     0    10848.1310   312    14162.0000      Cuts: 52    29924   23.40%
      0     0    10851.1692   337    14162.0000      Cuts: 57    36212   23.38%
      0     0    10895.2271   384    14162.0000      Cuts: 30    46635   23.07%
      0     0    10914.5037   353    14162.0000      Cuts: 34    50978   22.93%
      0     0    10923.9435   395    14162.0000      Cuts: 33    54197   22.86%
      0     0    10939.6916   365    14162.0000      Cuts: 39    59922   22.75%
      0     0    10948.2625   403    14162.0000      Cuts: 62    65356   22.69%
      0     0    10953.0632   357    14162.0000      Cuts: 32    71214   22.66%
      0     0    10957.9286   325    14162.0000      Cuts: 18    75654   22.62%
      0     0    10958.0657   383    14162.0000      Cuts: 20    79158   22.62%
*     0+    0                        13245.0000    10958.0657            17.27%
*     0+    0                        13131.0000    10958.0657            16.55%
*     0+    0                        11722.0000    10958.0657             6.52%
      0     0  -1.00000e+75     0    11722.0000    10958.0657    79158    6.52%
      0     2    10958.0657   252    11722.0000    10958.0657    79158    6.52%
Elapsed time = 38.64 sec. (44807.90 ticks, tree = 0.01 MB, solutions = 6)
      3     5    10958.1001   283    11722.0000    10958.0657    81508    6.52%
      5     7    10958.0657   312    11722.0000    10958.0657    84423    6.52%
      7     9    10958.0657   313    11722.0000    10958.0657    89359    6.52%
      8    10    10959.9186   285    11722.0000    10958.0657    92331    6.52%
      9    11    10962.4310   268    11722.0000    10958.0657    95075    6.52%
     10    12    11005.6804   334    11722.0000    10958.0657    98681    6.52%
     12    14    10961.1830   263    11722.0000    10958.0657   100621    6.52%
     15    17    10961.1830   234    11722.0000    10958.0657   103169    6.52%
     19    21    10962.5161   216    11722.0000    10958.0657   106587    6.52%
     25    27    10962.5161   245    11722.0000    10958.0657   111914    6.52%
Elapsed time = 43.58 sec. (49987.01 ticks, tree = 1.10 MB, solutions = 6)
     38    40    11009.6702   128    11722.0000    10958.0657   121362    6.52%
     64    64    11217.2338   164    11722.0000    10958.0657   131642    6.52%
*   110   100      integral     0    11553.0000    10958.0657   135831    5.15%
*   141   109      integral     0    11535.0000    10958.0657   136296    5.00%
    142   109    10958.0657   260    11535.0000    10958.0657   139453    5.00%
    150   117    10962.4310   286    11535.0000    10958.0657   149478    5.00%
    163   130    10988.0051   199    11535.0000    10958.0657   159536    5.00%
    181   148    11000.0367   102    11535.0000    10958.0657   168583    5.00%
    233   196    10960.8094   292    11535.0000    10958.0657   184410    5.00%
    235   198    10963.1584   311    11535.0000    10958.0657   189753    5.00%
    236   199    10963.1584   321    11535.0000    10958.0657   193336    5.00%
    238   201    10963.1584   276    11535.0000    10958.0657   198121    5.00%
Elapsed time = 55.66 sec. (63482.21 ticks, tree = 3.17 MB, solutions = 8)
    239   202    10963.1584   300    11535.0000    10958.0657   201791    5.00%
    240   203    10963.1584   288    11535.0000    10958.0657   204221    5.00%
    244   207    10963.1584   307    11535.0000    10958.0657   208716    5.00%
    250   213    10978.5358   278    11535.0000    10958.0657   215560    5.00%
    262   225    11070.0263   183    11535.0000    10958.0657   225111    5.00%
    280   243    11114.2778   147    11535.0000    10958.0657   234040    5.00%
    322   277    10962.5161   261    11535.0000    10958.0657   244497    5.00%
    333   288    10965.5829   191    11535.0000    10958.0657   254033    5.00%
    343   298    11015.4772   163    11535.0000    10958.0657   263686    5.00%
    372   324    10962.5161   318    11535.0000    10958.0657   282254    5.00%
Elapsed time = 69.71 sec. (78369.89 ticks, tree = 4.54 MB, solutions = 8)
    374   326    10962.5161   274    11535.0000    10958.0657   286702    5.00%
    376   328    10962.5161   246    11535.0000    10958.0657   290493    5.00%
    377   329    10962.5161   243    11535.0000    10958.0657   295127    5.00%
    379   331    10962.5161   245    11535.0000    10958.0657   301714    5.00%
    382   334    10962.5161   227    11535.0000    10958.0657   306150    5.00%
    384   336    10962.5161   223    11535.0000    10958.0657   311082    5.00%
    387   339    10962.5161   271    11535.0000    10958.0657   318186    5.00%
    388   340    11055.5597   226    11535.0000    10958.0657   322436    5.00%
    389   341    11081.5051   171    11535.0000    10958.0657   326200    5.00%
    390   342    11081.5051   190    11535.0000    10958.0657   330785    5.00%
Elapsed time = 82.90 sec. (92625.00 ticks, tree = 4.86 MB, solutions = 8)
    391   343    11081.5051   170    11535.0000    10958.0657   333716    5.00%
    393   345    11084.1391   201    11535.0000    10958.0657   341331    5.00%
    394   346    11084.1391   177    11535.0000    10958.0657   345139    5.00%
    395   347    11084.1391   141    11535.0000    10958.0657   348210    5.00%
    396   348    11086.6494   192    11535.0000    10958.0657   353889    5.00%
    398   350    11105.5432   145    11535.0000    10958.0657   359923    5.00%
    399   351    11156.4490   180    11535.0000    10958.0657   363862    5.00%
    400   352    11173.4213   211    11535.0000    10958.0657   367582    5.00%
    407   359    11197.8258    98    11535.0000    10958.0657   375553    5.00%
    441   393    11246.5000    84    11535.0000    10958.0657   383188    5.00%
Elapsed time = 96.42 sec. (107124.83 ticks, tree = 5.51 MB, solutions = 8)
    465   411    10960.8094   318    11535.0000    10958.0657   389504    5.00%
    467   413    10960.8094   318    11535.0000    10958.0657   394246    5.00%
    469   415    10960.8094   315    11535.0000    10958.0657   400513    5.00%
    470   416    10960.8094   336    11535.0000    10958.0657   405268    5.00%
    472   418    10963.1584   294    11535.0000    10958.0657   410621    5.00%
    473   419    10975.7400   290    11535.0000    10958.0657   415414    5.00%
    475   421    10963.1584   268    11535.0000    10958.0657   419893    5.00%
    477   423    10963.1584   274    11535.0000    10958.0657   423800    5.00%
    478   424    10968.1882   265    11535.0000    10958.0657   428251    5.00%
    480   426    10987.4727   254    11535.0000    10958.0657   433141    5.00%
Elapsed time = 110.10 sec. (122069.37 ticks, tree = 5.83 MB, solutions = 8)
    483   429    10994.7411   267    11535.0000    10958.0657   438731    5.00%
    486   432    10961.1889   324    11535.0000    10958.0657   446708    5.00%
    487   433    10963.2669   305    11535.0000    10958.1001   448238    5.00%

Performing restart 1

Repeating presolve.
Tried aggregator 2 times.
MIP Presolve eliminated 7 rows and 6 columns.
MIP Presolve modified 1589 coefficients.
Aggregator did 23 substitutions.
Reduced MIP has 19051 rows, 18981 columns, and 65268 nonzeros.
Reduced MIP has 18981 binaries, 0 generals, 0 SOSs, and 0 indicators.
Presolve time = 0.11 sec. (106.67 ticks)
Tried aggregator 1 time.
MIP Presolve modified 300 coefficients.
Reduced MIP has 19051 rows, 18981 columns, and 65268 nonzeros.
Reduced MIP has 18981 binaries, 0 generals, 0 SOSs, and 0 indicators.
Presolve time = 0.09 sec. (79.96 ticks)
Represolve time = 0.54 sec. (436.43 ticks)
    488     0    10959.1691   304    11535.0000      Cuts: 35   468379    4.99%
    488     0    10965.2960   306    11535.0000      Cuts: 49   473537    4.94%
    488     0    10969.1815   399    11535.0000      Cuts: 58   482248    4.91%
    488     0    10969.9490   371    11535.0000      Cuts: 39   488039    4.90%
    488     0    10970.2935   430    11535.0000      Cuts: 40   494009    4.90%
    488     0    10972.7671   387    11535.0000      Cuts: 28   499518    4.87%
    488     0    10975.1145   386    11535.0000      Cuts: 31   506715    4.85%
    488     0    10975.1456   352    11535.0000      Cuts: 30   510812    4.85%
    488     0    10975.3244   341    11535.0000      Cuts: 26   516167    4.85%
    488     0    10976.4954   373    11535.0000      Cuts: 48   520560    4.84%
    488     0    10976.5804   361    11535.0000      Cuts: 29   523105    4.84%
    488     0    10976.7955   361    11535.0000      Cuts: 20   528756    4.84%
    488     0    10976.8183   327    11535.0000      Cuts: 12   530447    4.84%
    488     0    10976.8304   337    11535.0000      Cuts: 25   532656    4.84%
    488     0    10976.9349   325    11535.0000      Cuts: 19   536930    4.84%
    488     0    10976.9349   318    11535.0000      Cuts: 22   538794    4.84%
*   488+    0                        11519.0000    10976.9349             4.71%
    488     0  -1.00000e+75     0    11519.0000    10976.9349   538794    4.71%
    488     2    10976.9349   287    11519.0000    10976.9602   538794    4.71%
    489     3    10977.1139   281    11519.0000    10977.2295   538959    4.70%
    491     5    10978.4021   329    11519.0000    10978.4455   544334    4.69%
    492     6    10978.7292   305    11519.0000    10978.5500   548822    4.69%
    493     7    10979.2296   348    11519.0000    10978.5500   554696    4.69%
    495     9    10979.9087   287    11519.0000    10978.5500   561201    4.69%
    497    11    11016.3001   270    11519.0000    10978.5500   564191    4.69%
Elapsed time = 178.09 sec. (199839.75 ticks, tree = 0.08 MB, solutions = 9)
    498    12    11032.3013   291    11519.0000    10978.5500   567444    4.69%
    501    15    11049.2501   276    11519.0000    10978.5500   572641    4.69%
    505    19    11094.6257   288    11519.0000    10978.5500   576776    4.69%
    509    23    11078.6368   218    11519.0000    10978.5500   581748    4.69%
    513    27    11115.1966   232    11519.0000    10978.5500   585914    4.69%
    518    32    11125.1703   168    11519.0000    10978.5500   588081    4.69%
    527    41    11139.0460   165    11519.0000    10978.5500   589185    4.69%
    532    46    11150.4645   189    11519.0000    10978.5500   589991    4.69%
    540    54    11263.2338   154    11519.0000    10978.5500   591359    4.69%
    549    60    11384.2575    95    11519.0000    10978.5500   592309    4.69%
Elapsed time = 186.80 sec. (211247.90 ticks, tree = 0.56 MB, solutions = 9)
    557    60    11045.9937   369    11519.0000    10980.1001   605034    4.68%
    558    61    11118.8023   289    11519.0000    10980.1001   611920    4.68%
    559    62    11061.2974   302    11519.0000    10980.1001   617982    4.68%
    560    63    11063.7298   324    11519.0000    10980.1001   625155    4.68%
    561    64    11086.1038   262    11519.0000    10980.1001   629162    4.68%
    562    65    11071.6520   270    11519.0000    10980.1001   630830    4.68%
    563    66    11087.9691   270    11519.0000    10980.1001   631890    4.68%
    564    67    11094.8702   200    11519.0000    10980.1001   633586    4.68%
    565    68    11087.9691   274    11519.0000    10980.1001   633653    4.68%
    566    69    11106.4936   272    11519.0000    10980.1001   635019    4.68%
Elapsed time = 228.44 sec. (255764.23 ticks, tree = 0.63 MB, solutions = 9)
    567    70    11191.3049   185    11519.0000    10980.1001   636168    4.68%
    571    74    11119.4085   209    11519.0000    10980.1001   637884    4.68%
    576    79    11170.7950   203    11519.0000    10980.1001   641014    4.68%
    585    88    11173.1153   192    11519.0000    10980.1001   643298    4.68%
    588    90    11180.6213   157    11519.0000    10980.1001   643602    4.68%
    600   100    11491.0000    95    11519.0000    10980.1001   644711    4.68%
    610   104    11491.0000    51    11519.0000    10980.1001   645598    4.68%
    615   109    11491.0000    50    11519.0000    10980.1001   645698    4.68%
    621   115    11491.0000    38    11519.0000    10980.1001   645862    4.68%
*   638+   94                        11491.0000    10980.1001             4.45%
    639    94    11043.2315   265    11491.0000    10981.7873   659357    4.43%
Elapsed time = 259.56 sec. (290159.74 ticks, tree = 0.88 MB, solutions = 10)
    642    97    11062.4770   160    11491.0000    10981.7873   662949    4.43%
    656   111    11127.7577   159    11491.0000    10981.7873   666833    4.43%
    682   131    11001.1769   217    11491.0000    10981.8136   670868    4.43%
    701   150    11065.2419   161    11491.0000    10981.8136   676954    4.43%
    735   178    10982.8088   241    11491.0000    10982.7908   681139    4.42%
    768   209    11233.8333   108    11491.0000    10982.7908   687842    4.42%
    787   224    11034.6959   169    11491.0000    10982.8381   696564    4.42%
    788   225    11039.2546   176    11491.0000    10982.8381   696864    4.42%
    830   265    11416.1250   105    11491.0000    10982.8381   702722    4.42%
    835   265    10985.7302   234    11491.0000    10982.8497   704750    4.42%
Elapsed time = 302.30 sec. (334435.27 ticks, tree = 2.58 MB, solutions = 10)
    872   302    11077.1648    97    11491.0000    10982.8497   712065    4.42%
    906   326    11031.6838   147    11491.0000    10982.8885   718279    4.42%
    925   342    11020.8731   207    11491.0000    10983.2751   727191    4.42%
*   928+  342                        11466.0000    10983.2751             4.21%
    964   380    11260.0000    50    11466.0000    10983.2751   732908    4.21%
   1010   422    10985.8315   204    11466.0000    10983.9834   736658    4.20%
   1048   456    10983.9834   218    11466.0000    10983.9834   744100    4.20%
   1080   482    11004.2351   180    11466.0000    10983.9834   756773    4.20%
   1113   514    11375.0714   112    11466.0000    10983.9834   763676    4.20%
   1128   523    11108.1363   179    11466.0000    10984.6140   769058    4.20%
   1176   568    11057.4442   192    11466.0000    10985.7302   781220    4.19%
Elapsed time = 345.80 sec. (380085.22 ticks, tree = 5.63 MB, solutions = 11)
   1260   652    11339.0000   114    11466.0000    10985.7302   787864    4.19%
   1308   692    10990.1165   231    11466.0000    10987.2614   789945    4.18%
   1314   698    11029.0152   209    11466.0000    10987.2614   791913    4.18%
   1388   772    11185.0000   121    11466.0000    10987.2614   794363    4.18%
   1429   809    10988.8925   317    11466.0000    10988.9706   802592    4.16%
   1441   821    11075.8122   246    11466.0000    10989.0213   814306    4.16%
   1471   847    11012.1199   288    11466.0000    10989.6215   829987    4.15%
   1508   869    11008.3324   198    11466.0000    10990.6665   836344    4.15%
   1527   884    11010.4501   285    11466.0000    10990.7925   845157    4.14%
   1551   900    11009.5678   265    11466.0000    10990.8876   853551    4.14%
Elapsed time = 398.22 sec. (434922.68 ticks, tree = 23.88 MB, solutions = 11)
   1574   919    11092.1802   161    11466.0000    10991.0440   861859    4.14%
   1588   933    11139.3109   210    11466.0000    10991.0440   867932    4.14%
   1619   957    11005.2588   107    11466.0000    10991.9797   871921    4.13%
   1669  1007    11122.0000   112    11466.0000    10991.9797   883198    4.13%
   1718  1055    11124.0353   127    11466.0000    10991.9797   890512    4.13%
   1720  1055    11048.3893   223    11466.0000    10992.4173   892033    4.13%
   1780  1107    11450.0000    84    11466.0000    10992.4173   902265    4.13%
   1867  1189    11008.2648   207    11466.0000    10993.0889   904050    4.12%
   1886  1202    11058.3500   235    11466.0000    10993.0889   909552    4.12%
   1894  1207    11076.7008   275    11466.0000    10993.2785   917555    4.12%
Elapsed time = 440.90 sec. (479802.80 ticks, tree = 38.42 MB, solutions = 11)
   1917  1223    11002.9956   215    11466.0000    10993.7057   926127    4.12%
   1945  1244    11046.6366   301    11466.0000    10996.0338   937575    4.10%
   1951  1250    11126.2083   232    11466.0000    10996.0338   946064    4.10%
   1975  1269    11008.9992   138    11466.0000    10996.1004   952679    4.10%
   1996  1287    11031.3064   225    11466.0000    10996.7484   960750    4.09%
   2025  1310    11008.6215   188    11466.0000    10997.6916   967326    4.08%
   2060  1343    11185.7007   144    11466.0000    10997.6916   979782    4.08%
   2084  1358        cutoff          11466.0000    10997.6916   987041    4.08%
   2086  1358    11071.2004   327    11466.0000    10997.7526   991941    4.08%
   2088  1360    11191.5478   232    11466.0000    10997.7526   995385    4.08%
Elapsed time = 483.19 sec. (529137.12 ticks, tree = 39.93 MB, solutions = 11)
   2110  1374    11026.1160   172    11466.0000    10998.4327  1001307    4.08%
   2225  1482    11031.6183   303    11466.0000    10999.0918  1012857    4.07%
   2237  1490    11083.6667   288    11466.0000    10999.1689  1021582    4.07%
   2273  1514    11045.0705   381    11466.0000    10999.2588  1035666    4.07%
   2304  1543    11349.0000    68    11466.0000    10999.2588  1046082    4.07%
   2405  1638    11007.5951   203    11466.0000    10999.4667  1050821    4.07%
   2434  1658    11035.9231    71    11466.0000    11001.1769  1061972    4.05%
   2448  1668    11007.4965   327    11466.0000    11001.2296  1070496    4.05%
   2451  1671    11026.3785   249    11466.0000    11001.2296  1075986    4.05%
   2475  1691    11033.2573   274    11466.0000    11002.1548  1086875    4.05%
Elapsed time = 532.96 sec. (589538.70 ticks, tree = 43.32 MB, solutions = 11)
   2499  1714    11446.6046   170    11466.0000    11002.1548  1096022    4.05%
   2528  1740    11353.0000    50    11466.0000    11004.2142  1103333    4.03%
   2631  1832    11008.4816   220    11466.0000    11004.8657  1108077    4.02%
   2661  1851    11021.6957   239    11466.0000    11006.6927  1117263    4.01%
   2691  1877    11231.6126   209    11466.0000    11006.8462  1128148    4.00%
   2717  1897    11261.0000   139    11466.0000    11007.1842  1133455    4.00%
   2747  1920    11340.0000    28    11466.0000    11007.4798  1141403    4.00%
   2850  2023    11340.0000   111    11466.0000    11007.4798  1144656    4.00%
   2900  2069    11206.0000   111    11466.0000    11007.4965  1151612    4.00%
   2971  2140    11206.0000    76    11466.0000    11007.4965  1156512    4.00%
Elapsed time = 569.43 sec. (632566.18 ticks, tree = 52.32 MB, solutions = 11)
   3014  2177    11007.8812   312    11466.0000    11008.0568  1172663    3.99%
   3019  2182    11034.9383   270    11466.0000    11008.0568  1180205    3.99%
   3088  2251    11324.0000    47    11466.0000    11008.0568  1186678    3.99%
   3154  2307    11090.5351   189    11466.0000    11008.1242  1196495    3.99%
   3175  2323    11022.4507   309    11466.0000    11008.3371  1209129    3.99%
   3178  2326    11055.8407   238    11466.0000    11008.3371  1215080    3.99%
   3200  2343    11011.2342   229    11466.0000    11008.3631  1222997    3.99%
   3219  2359    11108.1580   186    11466.0000    11008.3637  1230788    3.99%
   3241  2377    11022.2277   204    11466.0000    11008.8463  1238532    3.99%
   3266  2396    11124.6346   111    11466.0000    11008.9591  1251957    3.99%
Elapsed time = 621.01 sec. (692097.82 ticks, tree = 55.80 MB, solutions = 11)
   3309  2439    11145.0000    34    11466.0000    11008.9591  1266807    3.99%
   3328  2454    11105.8810   157    11466.0000    11009.1802  1274073    3.98%
   3365  2482    11076.8560   254    11466.0000    11009.2429  1287002    3.98%
   3380  2491    11025.0226   266    11466.0000    11009.4583  1295373    3.98%
   3388  2499    11088.2127   154    11466.0000    11009.4583  1297703    3.98%
   3402  2509    11064.9375   161    11466.0000    11009.5406  1305836    3.98%
   3437  2534    11036.6180   181    11466.0000    11009.5678  1313900    3.98%
   3466  2559    11101.4000   111    11466.0000    11009.7889  1323368    3.98%
   3486  2576    11035.9395   204    11466.0000    11009.8115  1331181    3.98%
   3507  2591    11119.1122   187    11466.0000    11010.0383  1336459    3.98%
Elapsed time = 657.83 sec. (735953.38 ticks, tree = 57.73 MB, solutions = 11)
   3526  2605    11043.2609   185    11466.0000    11010.0688  1342566    3.98%
   3552  2624    11094.7708   296    11466.0000    11010.3156  1353349    3.97%
   3573  2639    11072.2350   397    11466.0000    11010.4501  1363755    3.97%
   3593  2657    11293.3333   145    11466.0000    11010.4501  1372255    3.97%
   3612  2671    11062.3217   153    11466.0000    11010.6735  1379569    3.97%
   3644  2699    11104.4255   127    11466.0000    11011.2176  1389240    3.97%
   3655  2705    11100.2088   192    11466.0000    11011.5561  1393228    3.96%
   3728  2775    11295.0000    86    11466.0000    11011.5561  1399490    3.96%
   3795  2829    11040.2848   280    11466.0000    11011.5828  1405768    3.96%
   3808  2842    11267.3871   135    11466.0000    11011.5828  1414872    3.96%
Elapsed time = 694.97 sec. (779417.84 ticks, tree = 67.87 MB, solutions = 11)
   3938  2968    11045.4741   228    11466.0000    11011.6716  1421673    3.96%
   3965  2989    11231.9286   149    11466.0000    11011.7123  1432116    3.96%
   3974  2995    11081.5773   205    11466.0000    11011.7400  1436145    3.96%
   3990  3008    11056.8889   222    11466.0000    11011.7748  1441842    3.96%
   4013  3027    11260.0000    32    11466.0000    11011.7748  1450625    3.96%
   4093  3107    11260.0000    54    11466.0000    11011.7748  1460494    3.96%
   4115  3121    11039.7143    58    11466.0000    11011.8074  1468331    3.96%
   4132  3138    11122.0000    65    11466.0000    11011.8074  1487693    3.96%
   4148  3154    11122.0000    70    11466.0000    11011.8074  1507402    3.96%
   4169  3175    11122.0000    67    11466.0000    11011.8074  1522925    3.96%
Elapsed time = 728.98 sec. (821403.83 ticks, tree = 71.24 MB, solutions = 11)
*  4188+  623                        11122.0000    11011.8074             0.99%
   4189   623    11022.0557   210    11122.0000    11011.8143  1535817    0.99%
   4203   629    11047.1382   220    11122.0000    11012.1858  1545242    0.99%
   4209   631    11014.2307   396    11122.0000    11012.2407  1557103    0.99%
   4228   637    11032.2317   336    11122.0000    11012.5002  1573329    0.98%
   4230   639    11035.4190   350    11122.0000    11012.5002  1578640    0.98%
   4240   641    11038.9498   213    11122.0000    11012.5002  1583244    0.98%
   4254   650    11081.1628   192    11122.0000    11013.2745  1590707    0.98%
   4260   651    11045.5884   264    11122.0000    11013.5697  1596583    0.97%
   4274   655    11096.2176   228    11122.0000    11014.2246  1605094    0.97%
   4285   653    11068.1599   221    11122.0000    11014.6688  1613290    0.97%
Elapsed time = 787.63 sec. (891185.91 ticks, tree = 7.02 MB, solutions = 12)
   4293   656    11039.1841   352    11122.0000    11014.7775  1626646    0.96%
   4295   658    11082.8293   338    11122.0000    11014.7775  1638432    0.96%
   4313   663    11062.6253   240    11122.0000    11015.5960  1650652    0.96%
   4331   670    11042.1974   280    11122.0000    11016.0246  1659932    0.95%
   4341   674    11051.5537   302    11122.0000    11016.2975  1671858    0.95%
   4355   677    11062.0000   283    11122.0000    11016.4513  1686484    0.95%
   4357   679    11062.0000    97    11122.0000    11016.4513  1694946    0.95%
   4363   685    11062.0000    36    11122.0000    11016.4513  1708411    0.95%
   4370   692    11062.0000    50    11122.0000    11016.4513  1726598    0.95%
Starting limited solution polishing.
   4399   721    11062.0000    68    11122.0000    11016.4513  1738827    0.95%
Elapsed time = 849.70 sec. (963299.38 ticks, tree = 11.09 MB, solutions = 12)
   4442   756    11045.0517   293    11122.0000    11017.3249  1752725    0.94%
   4444   758    11068.2020   359    11122.0000    11017.3249  1761591    0.94%
   4446   760    11072.0984   285    11122.0000    11017.3249  1769380    0.94%
   4450   761    11091.5209   184    11122.0000    11017.3249  1779626    0.94%
   4462   764    11061.2863   246    11122.0000    11017.4814  1789695    0.94%
   4466   767    11095.8462   120    11122.0000    11017.4814  1796942    0.94%
   4479   770    11049.5548   312    11122.0000    11017.4814  1804327    0.94%
   4482   772    11060.3364   245    11122.0000    11017.4814  1812825    0.94%
   4488   773    11117.3521   201    11122.0000    11017.4814  1821175    0.94%

Cover cuts applied:  100
Flow cuts applied:  3
Mixed integer rounding cuts applied:  143
Zero-half cuts applied:  8
Gomory fractional cuts applied:  4

Root node processing (before b&c):
  Real time             =   37.05 sec. (43899.83 ticks)
Sequential b&c:
  Real time             =  862.96 sec. (976274.96 ticks)
                          ------------
Total (root+branch&cut) =  900.00 sec. (1020174.79 ticks)
MIP: [1;32mCPLEX finished.[0m
MIP: [1;32mCPLEX status: Feasible[0m
MIP: [1;32mSolution: 
Indexes: [6, 8, 13, 2, 0, 13, 9, 10, 17, 2, 6, 6, 8, 17, 8, 13, 4, 16, 17, 3, 16, 1, 4, 4, 1, 17, 14, 9, 17, 16][0, 8, 4, 12, 7, -1, 5, -1, 12, 7, 8, -1, -1, 9, 5, -1, 8, 0, -1], P Variables: [0, 0][0, 0][0, 0][0, 0][0, 0][0, 0][0, 0][0, 0][0, 0][0, 0][0, 0][0, 0][0, 0][0, 0][0, 0][0, 0][0, 0][0, 0][0, 0][0, 0][0, 0][0, 0][0, 0][0, 0][0, 0][0, 0][0, 0][0, 0][0, 0][0, 0], Flow leaving each bin: Level: 0, Item: 0 => [0]
Level: 0, Item: 1 => [1]
Level: 0, Item: 2 => [2]
Level: 0, Item: 3 => [3]
Level: 0, Item: 4 => [4]
Level: 0, Item: 5 => [5]
Level: 0, Item: 6 => [6]
Level: 0, Item: 7 => [7]
Level: 0, Item: 8 => [8]
Level: 0, Item: 9 => [9]
Level: 0, Item: 10 => [10]
Level: 0, Item: 11 => [11]
Level: 0, Item: 12 => [12]
Level: 0, Item: 13 => [13]
Level: 0, Item: 14 => [14]
Level: 0, Item: 15 => [15]
Level: 0, Item: 16 => [16]
Level: 0, Item: 17 => [17]
Level: 0, Item: 18 => [18]
Level: 0, Item: 19 => [19]
Level: 0, Item: 20 => [20]
Level: 0, Item: 21 => [21]
Level: 0, Item: 22 => [22]
Level: 0, Item: 23 => [23]
Level: 0, Item: 24 => [24]
Level: 0, Item: 25 => [25]
Level: 0, Item: 26 => [26]
Level: 0, Item: 27 => [27]
Level: 0, Item: 28 => [28]
Level: 0, Item: 29 => [29]
Level: 1, Bin: 0 => [4]
Level: 1, Bin: 1 => [21, 24]
Level: 1, Bin: 2 => [3, 9]
Level: 1, Bin: 3 => [19]
Level: 1, Bin: 4 => [16, 22, 23]
Level: 1, Bin: 6 => [0, 10, 11]
Level: 1, Bin: 8 => [1, 12, 14]
Level: 1, Bin: 9 => [6, 27]
Level: 1, Bin: 10 => [7]
Level: 1, Bin: 13 => [2, 5, 15]
Level: 1, Bin: 14 => [26]
Level: 1, Bin: 16 => [17, 20, 29]
Level: 1, Bin: 17 => [8, 13, 18, 25, 28]
Level: 2, Bin: 0 => [4, 8, 13, 18, 25, 28]
Level: 2, Bin: 4 => [3, 9]
Level: 2, Bin: 5 => [0, 10, 11, 26]
Level: 2, Bin: 7 => [6, 16, 22, 23, 27]
Level: 2, Bin: 8 => [7, 17, 20, 21, 24, 29]
Level: 2, Bin: 9 => [2, 5, 15]
Level: 2, Bin: 12 => [1, 12, 14, 19]
[0m
MIP: [1;32mObjective value: 11122[0m
MIP: [1;32mLower Bound: 11017.5[0m
MIP: [1;32mBranch-and-Bound nodes: 4490[0m

# best solution:
best objective value:	11122
best dual bound value:	11017
optimality gap:	0.944075%
CPU time:	897.303
