ifile	/scratch/csagturk/mlbppo_inst/n0030_m03_p100__011.inst
prob	NFMLBPPO
threads	1
ttime	900
instance: /scratch/csagturk/mlbppo_inst/n0030_m03_p100__011.inst
	m=3, n=[30, 27, 28, 25], #pos=30
MIP: [1;32minit CPLEX[0m
CAN: [1;35mcreated 2266 x_{ijk} variables[0m
CAN: [1;35mcreated 110 y_{ij} variables[0m
CAN: [1;35mcreated 3300 f_{ijkh} variables[0m
MIP: [1;32mcreated decision variables[0m
CAN: [1;35madded 30 constraints to enforce the packing of each item[0m
CAN: [1;35madded 55 constraints to enforce the packing of each item[0m
CAN: [1;35madded 80 capacity constraints[0m
MIP: [1;32mcreated constraints[0m
MIP: [1;32mcreated objective function[0m
MIP: [1;32mcalling CPLEX solve ...[0m
Version identifier: 22.1.0.0 | 2022-03-09 | 1a383f8ce
CPXPARAM_Threads                                 1
CPXPARAM_TimeLimit                               900
Tried aggregator 2 times.
MIP Presolve eliminated 18029 rows and 18600 columns.
MIP Presolve modified 1657 coefficients.
Aggregator did 344 substitutions.
Reduced MIP has 53448 rows, 52682 columns, and 205030 nonzeros.
Reduced MIP has 52517 binaries, 0 generals, 0 SOSs, and 106 indicators.
Presolve time = 0.36 sec. (274.08 ticks)
Elapsed time = 13.27 sec. (10000.03 ticks) for 63% of probing (2683 vars fixed)
Probing fixed 2683 vars, tightened 110 bounds.
Probing changed sense of 498 constraints.
Probing time = 16.19 sec. (12772.86 ticks)
Tried aggregator 2 times.
Detecting symmetries...
MIP Presolve eliminated 3733 rows and 3677 columns.
Aggregator did 3 substitutions.
Reduced MIP has 49712 rows, 49002 columns, and 190946 nonzeros.
Reduced MIP has 49002 binaries, 0 generals, 0 SOSs, and 0 indicators.
Presolve time = 0.40 sec. (301.63 ticks)
Probing time = 0.04 sec. (19.43 ticks)
Clique table members: 135894.
MIP emphasis: balance optimality and feasibility.
MIP search method: dynamic search.
Parallel mode: none, using 1 thread.
Root relaxation solution time = 12.88 sec. (13147.89 ticks)

        Nodes                                         Cuts/
   Node  Left     Objective  IInf  Best Integer    Best Bound    ItCnt     Gap

      0     0    17201.8841   663                  17201.8841    16054         
      0     0    17244.8793   516                    Cuts: 35    42302         
      0     0    17245.3544   771                    Cuts: 79    72579         
      0     0    17251.3589   770                    Cuts: 78   116402         
      0     0    17262.0894   700                    Cuts: 56   158250         
      0     0    17273.6769   681                    Cuts: 73   197657         
      0     0    17281.3260   921                    Cuts: 55   229494         
      0     0    17308.4837   588                    Cuts: 85   278212         
      0     0    17344.5157   798                    Cuts: 97   333049         
      0     0    17349.0833   906                    Cuts: 64   375681         
      0     0    17356.3605   730                    Cuts: 56   432641         
      0     0    17384.9734   665                    Cuts: 39   473263         
      0     0    17386.8982   566                    Cuts: 55   510883         
      0     0    17399.3380   800                    Cuts: 54   589455         
      0     0    17403.4592   597                    Cuts: 56   626373         

Clique cuts applied:  13
Cover cuts applied:  41
Flow cuts applied:  2
Mixed integer rounding cuts applied:  109
Zero-half cuts applied:  26
Gomory fractional cuts applied:  1

Root node processing (before b&c):
  Real time             =  900.02 sec. (731093.11 ticks)
Sequential b&c:
  Real time             =    0.00 sec. (0.00 ticks)
                          ------------
Total (root+branch&cut) =  900.02 sec. (731093.11 ticks)
MIP: [1;32mCPLEX finished.[0m
MIP: [1;32mCPLEX status: Unknown[0m
MIP: [1;32mNo feasible solution exits[0m
