ifile	/scratch/csagturk/mlbppo_inst/n0030_m02_p050__022.inst
prob	NFMLBPPO
threads	1
ttime	900
instance: /scratch/csagturk/mlbppo_inst/n0030_m02_p050__022.inst
	m=2, n=[30, 19, 14], #pos=15
MIP: [1;32minit CPLEX[0m
CAN: [1;35mcreated 836 x_{ijk} variables[0m
CAN: [1;35mcreated 63 y_{ij} variables[0m
CAN: [1;35mcreated 1890 f_{ijkh} variables[0m
MIP: [1;32mcreated decision variables[0m
CAN: [1;35madded 30 constraints to enforce the packing of each item[0m
CAN: [1;35madded 19 constraints to enforce the packing of each item[0m
CAN: [1;35madded 33 capacity constraints[0m
MIP: [1;32mcreated constraints[0m
MIP: [1;32mcreated objective function[0m
MIP: [1;32mcalling CPLEX solve ...[0m
Version identifier: 22.1.0.0 | 2022-03-09 | 1a383f8ce
CPXPARAM_Threads                                 1
CPXPARAM_TimeLimit                               900
Tried aggregator 2 times.
MIP Presolve eliminated 4470 rows and 4619 columns.
MIP Presolve modified 478 coefficients.
Aggregator did 230 substitutions.
Reduced MIP has 21878 rows, 21710 columns, and 73755 nonzeros.
Reduced MIP has 21653 binaries, 0 generals, 0 SOSs, and 32 indicators.
Presolve time = 0.11 sec. (94.27 ticks)
Found incumbent of value 18541.000000 after 0.25 sec. (213.21 ticks)
Probing fixed 3182 vars, tightened 38 bounds.
Probing changed sense of 488 constraints.
Probing time = 3.75 sec. (3198.35 ticks)
Tried aggregator 2 times.
MIP Presolve eliminated 3898 rows and 3785 columns.
Aggregator did 6 substitutions.
Reduced MIP has 17974 rows, 17919 columns, and 61119 nonzeros.
Reduced MIP has 17919 binaries, 0 generals, 0 SOSs, and 0 indicators.
Presolve time = 0.10 sec. (93.49 ticks)
Probing time = 0.02 sec. (10.42 ticks)
Tried aggregator 1 time.
Detecting symmetries...
Reduced MIP has 17974 rows, 17919 columns, and 61119 nonzeros.
Reduced MIP has 17919 binaries, 0 generals, 0 SOSs, and 0 indicators.
Presolve time = 0.06 sec. (57.38 ticks)
Probing time = 0.02 sec. (10.42 ticks)
Clique table members: 47435.
MIP emphasis: balance optimality and feasibility.
MIP search method: dynamic search.
Parallel mode: none, using 1 thread.
Root relaxation solution time = 0.56 sec. (821.61 ticks)

        Nodes                                         Cuts/
   Node  Left     Objective  IInf  Best Integer    Best Bound    ItCnt     Gap

*     0+    0                        18541.0000        0.0000           100.00%
      0     0    11904.5000   370    18541.0000    11904.5000     3127   35.79%
      0     0    11929.3926   159    18541.0000      Cuts: 25     5072   35.66%
      0     0    11930.4846   365    18541.0000      Cuts: 63     8793   35.65%
      0     0    11930.5333   342    18541.0000      Cuts: 51    11117   35.65%
*     0+    0                        16242.0000    11930.5333            26.55%
      0     0  -1.00000e+75     0    16242.0000    11930.5333    11117   26.55%
      0     0    11931.0612   371    16242.0000      Cuts: 47    13637   26.54%
      0     0    11931.0612   399    16242.0000      Cuts: 38    16813   26.54%
      0     0    11931.0612   255    16242.0000      Cuts: 10    19823   26.54%
      0     0    11931.0612   261    16242.0000      Cuts: 56    22752   26.54%
*     0+    0                        13594.0000    11931.0612            12.23%
*     0+    0                        13493.0000    11931.0612            11.58%
*     0+    0                        13440.0000    11931.0612            11.23%
      0     0  -1.00000e+75     0    13440.0000    11931.0612    22752   11.23%
      0     2    11931.0612   114    13440.0000    11931.0612    22752   11.23%
Elapsed time = 14.84 sec. (16398.31 ticks, tree = 0.01 MB, solutions = 5)
      2     4    11931.0612   183    13440.0000    11931.0612    25781   11.23%
      3     5    11931.0612   129    13440.0000    11931.0612    27236   11.23%
      7     9    11931.0612   108    13440.0000    11931.0612    30057   11.23%
     10    12    11931.0612   104    13440.0000    11931.0612    31566   11.23%
     15    17    11934.7874   199    13440.0000    11931.0612    36031   11.23%
     20    22    11934.7874   123    13440.0000    11931.0612    40014   11.23%
     25    27    11934.7874   121    13440.0000    11931.0612    42984   11.23%
     30    32    11934.7874   165    13440.0000    11931.0612    46143   11.23%
     37    39    11934.7874   118    13440.0000    11931.0612    49510   11.23%
     54    56    11934.7874   107    13440.0000    11931.0612    58195   11.23%
Elapsed time = 18.87 sec. (21194.80 ticks, tree = 2.68 MB, solutions = 5)
*    60+   60                        13316.0000    11931.0612            10.40%
*    80+   80                        12955.0000    11931.0612             7.90%
     80    82    11934.9375    75    12955.0000    11931.0612    66974    7.90%
    155   124    11931.0612   255    12955.0000    11931.0612    74198    7.90%
    158   127    11931.0612   190    12955.0000    11931.0612    78086    7.90%
    161   130    11931.0612   127    12955.0000    11931.0612    82687    7.90%
    170   139    11931.0612   156    12955.0000    11931.0612    87462    7.90%
*   180+  147                        12778.0000    11931.0612             6.63%
    180   149    11931.0612   125    12778.0000    11931.0612    93116    6.63%
    192   161    11934.1875   184    12778.0000    11931.0612   102229    6.63%
    241   202        cutoff          12778.0000    11931.0612   109432    6.63%
    243   202    11931.0612   265    12778.0000    11931.0612   112996    6.63%
    245   204    11931.0612   242    12778.0000    11931.0612   118341    6.63%
Elapsed time = 29.11 sec. (32626.64 ticks, tree = 11.24 MB, solutions = 8)
    249   208    11931.0612   175    12778.0000    11931.0612   123610    6.63%
    251   210    11931.0612   245    12778.0000    11931.0612   128782    6.63%
    256   215    11931.9167   172    12778.0000    11931.0612   135263    6.63%
    264   223    12012.8920   123    12778.0000    11931.0612   142591    6.63%
    324   271    11936.1959   136    12778.0000    11931.0612   151893    6.63%
    357   300    11931.0612   283    12778.0000    11931.0612   164927    6.63%
    358   301    11931.0612   227    12778.0000    11931.0612   169000    6.63%
    359   302    11931.0612   177    12778.0000    11931.0612   173586    6.63%
    360   303    11931.0612   139    12778.0000    11931.0612   176822    6.63%
    361   304    11931.0612   197    12778.0000    11931.0612   181698    6.63%
Elapsed time = 43.58 sec. (48930.76 ticks, tree = 12.46 MB, solutions = 8)
    373   316    11933.8021   197    12778.0000    11931.0612   190985    6.63%
    385   328    11933.8021   129    12778.0000    11931.0612   199228    6.63%
    410   353    12002.4965    80    12778.0000    11931.0612   209097    6.63%
    430   369    11931.0612   205    12778.0000    11931.0612   218479    6.63%
    432   371    11931.0612   232    12778.0000    11931.0612   226862    6.63%
    437   376    11931.0612   168    12778.0000    11931.0612   233978    6.63%
    440   379    11931.0612   113    12778.0000    11931.0612   236801    6.63%
    449   388    11931.0612   123    12778.0000    11931.0612   245566    6.63%
    465   404    11955.2310   177    12778.0000    11931.0612   257519    6.63%
    496   435    11961.5859   139    12778.0000    11931.0612   267797    6.63%
Elapsed time = 54.03 sec. (61063.56 ticks, tree = 14.06 MB, solutions = 8)
*   509+  446                        12757.0000    11931.0612             6.47%
    510   449    11931.0612   149    12757.0000    11931.0612   273866    6.47%
    516   455    11931.0612   143    12757.0000    11931.0612   279924    6.47%
    520   459    11931.0612   206    12757.0000    11931.0612   286646    6.47%
    522   461    11933.9315   250    12757.0000    11931.0612   290998    6.47%
    526   465    11969.0083   146    12757.0000    11931.0612   297811    6.47%
    545   482    12063.6652    74    12757.0000    11931.0612   310952    6.47%
    582   515    11931.9167   141    12757.0000    11931.0612   326328    6.47%
    590   523    11990.2939   188    12757.0000    11931.0612   336381    6.47%
    604   535    12184.3333   114    12757.0000    11931.0612   343416    6.47%

Performing restart 1

Repeating presolve.
Tried aggregator 3 times.
MIP Presolve modified 894 coefficients.
Aggregator did 6 substitutions.
Reduced MIP has 17968 rows, 17913 columns, and 61109 nonzeros.
Reduced MIP has 17913 binaries, 0 generals, 0 SOSs, and 0 indicators.
Presolve time = 0.11 sec. (115.12 ticks)
Tried aggregator 1 time.
MIP Presolve modified 160 coefficients.
Reduced MIP has 17968 rows, 17913 columns, and 61109 nonzeros.
Reduced MIP has 17913 binaries, 0 generals, 0 SOSs, and 0 indicators.
Presolve time = 0.08 sec. (71.16 ticks)
Represolve time = 0.50 sec. (421.47 ticks)
    619     0    11931.8325   401    12757.0000      Cuts: 61   356994    6.47%
    619     0    11931.8341   372    12757.0000      Cuts: 49   359729    6.47%
    619     0    11931.9057   437    12757.0000      Cuts: 40   362833    6.47%
    619     0    11931.9283   439    12757.0000      Cuts: 28   365581    6.47%
    619     0    11931.9403   376    12757.0000      Cuts: 42   370444    6.47%
    619     0    11931.9465   406    12757.0000      Cuts: 49   375360    6.47%
    619     0    11931.9465   435    12757.0000      Cuts: 40   378989    6.47%
    619     0    11931.9465   321    12757.0000      Cuts: 18   382618    6.47%
    619     0    11931.9465   345    12757.0000      Cuts: 70   384833    6.47%
    619     0    11931.9465   322    12757.0000      Cuts: 29   387938    6.47%
    619     0    11931.9465   411    12757.0000      Cuts: 45   390794    6.47%
    619     0    11931.9465   357    12757.0000      Cuts: 18   396048    6.47%
    619     0    11931.9465   328    12757.0000      Cuts: 57   398119    6.47%
    619     0    11931.9465   311    12757.0000      Cuts: 46   400515    6.47%
    619     0    11931.9465   357    12757.0000      Cuts: 39   402734    6.47%
*   619+    0                        12748.0000    11931.9465             6.40%
    619     0  -1.00000e+75     0    12748.0000    11931.9465   402734    6.40%
    619     2    11931.9465    97    12748.0000    11931.9465   402734    6.40%
Elapsed time = 96.74 sec. (111777.18 ticks, tree = 0.01 MB, solutions = 10)
    624     7    11933.8052   187    12748.0000    11931.9532   405817    6.40%
    634    10    11998.6795    88    12748.0000    11931.9532   407314    6.40%
    641    12    12012.3397   186    12748.0000    11931.9532   409601    6.40%
    654    20    12338.9740   102    12748.0000    11931.9532   410001    6.40%
    666    29    12657.0000   108    12748.0000    11931.9532   412059    6.40%
    677    40    12657.0000   117    12748.0000    11931.9532   413826    6.40%
    684    47    12657.0000   128    12748.0000    11931.9532   417662    6.40%
    694    57    12657.0000    75    12748.0000    11931.9532   420116    6.40%
    709    64    12657.0000    55    12748.0000    11931.9532   421708    6.40%
    714    65    11931.9532   184    12748.0000    11931.9532   422232    6.40%
Elapsed time = 107.34 sec. (126216.05 ticks, tree = 1.00 MB, solutions = 10)
*   719+   68                        12698.0000    11931.9532             6.03%
    719    70    11934.1215   145    12698.0000    11931.9532   424186    6.03%
    734    71    12187.8800   140    12698.0000    11931.9532   424949    6.03%
    743    80    12201.6573   124    12698.0000    11931.9532   425621    6.03%
    749    84    12657.0000    85    12698.0000    11931.9532   428333    6.03%
    759    94    12657.0000   104    12698.0000    11931.9532   431615    6.03%
    777   110    12657.0000    86    12698.0000    11931.9532   433264    6.03%
    794   117    11932.1995   232    12698.0000    11932.2183   437064    6.03%
    799   122    11932.7362   227    12698.0000    11932.7733   438101    6.03%
    818   141    12197.1429   131    12698.0000    11933.1720   440954    6.02%
*   819+  139                        12680.0000    11933.1720             5.89%
    825   147    12657.0000   156    12680.0000    11933.1720   443266    5.89%
Elapsed time = 121.91 sec. (145154.92 ticks, tree = 1.89 MB, solutions = 12)
    839   161    12657.0000   110    12680.0000    11933.1720   447856    5.89%
*   880    61      integral     0    12657.0000    11933.1720   448636    5.72%
    881    61    11933.1720   210    12657.0000    11933.3501   448638    5.72%
    896    75    12446.6667   168    12657.0000    11933.4150   453822    5.72%
    905    83    12652.0000    99    12657.0000    11933.4150   458274    5.72%
    914    92    12652.0000   146    12657.0000    11933.4150   462943    5.72%
    919    95    12652.0000    94    12657.0000    11933.4150   463394    5.72%
    928    98    11934.6074   294    12657.0000    11934.0822   472418    5.71%
    937   107    11936.8895   295    12657.0000    11934.0822   472992    5.71%
    955   125    11982.9643   265    12657.0000    11934.0822   475865    5.71%
    957   127    11998.1096   185    12657.0000    11934.0822   477779    5.71%
Elapsed time = 144.32 sec. (173272.88 ticks, tree = 1.69 MB, solutions = 13)
    959   129    12004.7000   144    12657.0000    11934.0822   480652    5.71%
    961   131    12019.7727   107    12657.0000    11934.0822   485563    5.71%
    970   138    12328.1667   139    12657.0000    11934.0822   490524    5.71%
    980   148    12357.0000   168    12657.0000    11934.0822   494334    5.71%
   1003   165    11934.6074   151    12657.0000    11934.0845   498551    5.71%
   1040   198    11938.5649   198    12657.0000    11935.0306   506970    5.70%
   1044   202    11986.6988   196    12657.0000    11935.0306   513063    5.70%
   1046   204    11991.8870   154    12657.0000    11935.0306   517786    5.70%
   1049   207    11998.4040   162    12657.0000    11935.0306   522618    5.70%
   1055   213    12426.7882   116    12657.0000    11935.0306   526469    5.70%
Elapsed time = 164.42 sec. (196969.11 ticks, tree = 3.84 MB, solutions = 13)
   1071   229    12652.0000   224    12657.0000    11935.0306   531072    5.70%
   1079   237    12652.0000   240    12657.0000    11935.0306   534396    5.70%
   1095   247    12652.0000   168    12657.0000    11935.0306   540040    5.70%
   1097   249    12652.0000   170    12657.0000    11935.0306   541285    5.70%
   1099   251    12652.0000   170    12657.0000    11935.0306   541472    5.70%
   1102   250    11962.8131   235    12657.0000    11935.4391   546826    5.70%
   1103   251    11965.2117   228    12657.0000    11935.4391   546836    5.70%
   1104   252    11965.6066   234    12657.0000    11935.4391   546855    5.70%
   1105   253    11965.6535   242    12657.0000    11935.4391   546900    5.70%
   1119   267    12017.6667   208    12657.0000    11935.4391   547246    5.70%
Elapsed time = 188.09 sec. (220416.20 ticks, tree = 4.34 MB, solutions = 13)
   1176   319    12498.0000    43    12657.0000    11935.4391   560216    5.70%
   1187   326    12090.4559   316    12657.0000    11935.7980   572445    5.70%
   1189   328    12164.1222   170    12657.0000    11935.7980   583693    5.70%
   1191   330    12429.0000   239    12657.0000    11935.7980   594726    5.70%
   1194   333    12484.3333   176    12657.0000    11935.7980   606833    5.70%
   1205   343    12526.0000   159    12657.0000    11935.7980   618298    5.70%
   1261   380    11946.1995   262    12657.0000    11936.1127   635595    5.70%
   1263   382    11960.4707   258    12657.0000    11936.1127   649314    5.70%
   1265   384    11971.9567   198    12657.0000    11936.1127   656296    5.70%
   1267   386    11974.8324   237    12657.0000    11936.1127   672850    5.70%
Elapsed time = 252.23 sec. (292231.26 ticks, tree = 5.75 MB, solutions = 13)
   1269   388    11975.7490   327    12657.0000    11936.1127   683470    5.70%
   1271   390    11989.7192   227    12657.0000    11936.1127   699179    5.70%
   1273   392    11995.0568   283    12657.0000    11936.1127   714368    5.70%
   1275   394    12190.3086   187    12657.0000    11936.1127   726358    5.70%
   1278   397    12204.5556   199    12657.0000    11936.1127   739182    5.70%
   1280   399    12262.4075   297    12657.0000    11936.1127   751595    5.70%
   1286   403    12405.3442   161    12657.0000    11936.1127   763525    5.70%
   1313   420    12066.5535   288    12657.0000    11936.3058   778386    5.69%
   1319   426    12379.8916   218    12657.0000    11936.3058   787826    5.69%
   1330   427    11965.4316   321    12657.0000    11936.5895   801747    5.69%
Elapsed time = 318.66 sec. (369294.82 ticks, tree = 6.25 MB, solutions = 13)
   1332   429    11989.4856   201    12657.0000    11936.5895   814615    5.69%
   1333   430    11989.6685   256    12657.0000    11936.5895   822048    5.69%
   1335   432    11995.9626   297    12657.0000    11936.5895   833732    5.69%
   1337   434    12047.0707   248    12657.0000    11936.5895   844908    5.69%
   1339   436    12080.0476   217    12657.0000    11936.5895   856811    5.69%
   1342   439    12117.6202   268    12657.0000    11936.5895   868181    5.69%
   1345   442    12130.9543   262    12657.0000    11936.5895   879678    5.69%
   1349   445    12212.6667   221    12657.0000    11936.5895   891658    5.69%
   1377   466    11959.3750   184    12657.0000    11936.5895   903427    5.69%
   1419   504    12566.0000   130    12657.0000    11936.5895   912912    5.69%
Elapsed time = 368.69 sec. (426762.99 ticks, tree = 7.23 MB, solutions = 13)
   1436   515    11987.4867   260    12657.0000    11938.7980   919477    5.67%
   1459   534    11978.8542   242    12657.0000    11941.1804   935221    5.66%
   1480   551    11984.7027   274    12657.0000    11941.4429   955830    5.65%
   1482   553    11999.9464   281    12657.0000    11941.4429   969354    5.65%
   1484   555    12004.1267   205    12657.0000    11941.4429   983765    5.65%
   1485   556    12030.7122   146    12657.0000    11941.4429   995964    5.65%
   1487   558    12023.7460   137    12657.0000    11941.4429  1008561    5.65%
   1502   573    12245.0000    59    12657.0000    11941.4429  1019730    5.65%
   1512   578    11949.3524   251    12657.0000    11942.0922  1027172    5.65%
   1559   607    12637.0000    85    12657.0000    11942.0922  1034527    5.65%
Elapsed time = 421.65 sec. (486709.57 ticks, tree = 8.20 MB, solutions = 13)
   1583   625    11992.8108   335    12657.0000    11943.9000  1043636    5.63%
   1585   627    12010.5536   196    12657.0000    11943.9000  1056428    5.63%
   1587   629    12018.2226   155    12657.0000    11943.9000  1063632    5.63%
   1611   645    11993.6667   329    12657.0000    11945.4765  1080833    5.62%
   1627   660    12455.0000   153    12657.0000    11945.4765  1090314    5.62%
   1669   700    12455.0000   108    12657.0000    11945.4765  1098233    5.62%
   1687   713    12097.7308   323    12657.0000    11945.7879  1115343    5.62%
   1690   716    12452.3815   262    12657.0000    11945.7879  1133139    5.62%
   1693   719    12483.6705   282    12657.0000    11945.7879  1141459    5.62%
   1699   722    12017.3382   226    12657.0000    11947.3482  1157641    5.61%
Elapsed time = 487.07 sec. (562382.21 ticks, tree = 9.41 MB, solutions = 13)
   1705   728    12072.1123   208    12657.0000    11947.3482  1173774    5.61%
   1710   733    12076.6923   166    12657.0000    11947.3482  1178723    5.61%
   1719   742    12236.0000   152    12657.0000    11947.3482  1181333    5.61%
   1766   789    12236.0000   111    12657.0000    11947.3482  1193899    5.61%
   1786   806    11947.6650   159    12657.0000    11949.2828  1200693    5.59%
   1832   834    12616.0000   123    12657.0000    11949.2828  1207252    5.59%
   1873   871    11987.1146   253    12657.0000    11950.7613  1217660    5.58%
   1903   901    12555.0000   105    12657.0000    11950.7613  1229643    5.58%
   1913   911    12555.0000   144    12657.0000    11950.7613  1230501    5.58%
   1950   944    11962.7083   324    12657.0000    11951.3584  1245755    5.58%
Elapsed time = 542.80 sec. (628903.67 ticks, tree = 11.39 MB, solutions = 13)
   1951   945    11963.6942   324    12657.0000    11951.3584  1254394    5.58%
   1953   947    11979.8099   166    12657.0000    11951.3584  1268944    5.58%
   1955   949    12095.3235   372    12657.0000    11951.3584  1286187    5.58%
   1956   950    12106.5000   283    12657.0000    11951.3584  1294239    5.58%
   1958   952    12409.6667   257    12657.0000    11951.3584  1312091    5.58%
   2001   990    infeasible          12657.0000    11951.3584  1319931    5.58%
   2019  1006    12018.6071   135    12657.0000    11951.4730  1323274    5.57%
   2053  1036    12498.0000   148    12657.0000    11951.4730  1327801    5.57%
   2077  1050    12127.9209   293    12657.0000    11953.0400  1341653    5.56%
   2079  1052    12212.6961   356    12657.0000    11953.0400  1353803    5.56%
Elapsed time = 599.90 sec. (694505.92 ticks, tree = 12.43 MB, solutions = 13)
   2082  1055    12509.5000   282    12657.0000    11953.0400  1364029    5.56%
   2086  1055    12654.4933   267    12657.0000    11953.0400  1378333    5.56%
   2093  1055    12014.2500   355    12657.0000    11953.4397  1401843    5.56%
   2095  1057    12152.9608   349    12657.0000    11953.4397  1416433    5.56%
   2097  1059    12545.0909   252    12657.0000    11953.4397  1426098    5.56%
   2119  1081    12609.0000    90    12657.0000    11953.4397  1435763    5.56%
   2175  1132    11986.9434   350    12657.0000    11954.1667  1457559    5.55%
   2176  1133    12002.0514   419    12657.0000    11954.1667  1466604    5.55%
   2177  1134    12023.9067   267    12657.0000    11954.1667  1474872    5.55%
   2179  1136    12051.0781   270    12657.0000    11954.1667  1491659    5.55%
Elapsed time = 667.88 sec. (772998.04 ticks, tree = 13.37 MB, solutions = 13)
   2181  1138    12061.3214   292    12657.0000    11954.1667  1501684    5.55%
   2191  1148    12112.5516   355    12657.0000    11954.1667  1508948    5.55%
   2193  1150    12176.3891   286    12657.0000    11954.1667  1526498    5.55%
   2195  1152    12254.8418   260    12657.0000    11954.1667  1541792    5.55%
   2219  1176    12537.0000    52    12657.0000    11954.1667  1548199    5.55%
   2260  1210    11976.5385   299    12657.0000    11954.8956  1564787    5.55%
   2273  1217    11958.8769   314    12657.0000    11956.9465  1580692    5.53%
   2275  1219    11982.8874   277    12657.0000    11956.9465  1590783    5.53%
   2300  1226    12014.5838   367    12657.0000    11957.1362  1618854    5.53%
   2303  1229    12033.8715   331    12657.0000    11957.1362  1633178    5.53%
Elapsed time = 739.50 sec. (856895.88 ticks, tree = 14.25 MB, solutions = 13)
   2305  1231    12060.7769   370    12657.0000    11957.1362  1646103    5.53%
   2306  1232    12082.6000   380    12657.0000    11957.1362  1656666    5.53%
   2308  1234    12062.1345   321    12657.0000    11957.1362  1668826    5.53%
   2311  1237    12100.4927   312    12657.0000    11957.1362  1679689    5.53%
   2319  1245    12129.3296   209    12657.0000    11957.1362  1682704    5.53%
   2344  1262    11997.7188   303    12657.0000    11958.8904  1695596    5.52%
   2347  1265    12023.3333   285    12657.0000    11958.8904  1710762    5.52%
   2349  1267    12034.0000   286    12657.0000    11958.8904  1722991    5.52%
   2351  1269    12052.2813   299    12657.0000    11958.8904  1735744    5.52%
   2353  1271    12080.2656   293    12657.0000    11958.8904  1748044    5.52%
Elapsed time = 793.56 sec. (917466.01 ticks, tree = 14.91 MB, solutions = 13)
   2359  1273    11961.1828   268    12657.0000    11959.9647  1759520    5.51%
   2362  1276    11970.8165   291    12657.0000    11959.9647  1774288    5.51%
   2411  1325    12455.0000   101    12657.0000    11959.9647  1783394    5.51%
Starting limited solution polishing.
   2421  1331    11961.3676   296    12657.0000    11962.7083  1800801    5.49%
   2492  1399    12498.0000   142    12657.0000    11962.7083  1809737    5.49%
   2510  1407    11962.7083   236    12657.0000    11963.5175  1818306    5.48%
   2514  1411    12026.9841   235    12657.0000    11963.5175  1829527    5.48%
   2519  1416    12483.6667   198    12657.0000    11963.5175  1832691    5.48%
   2548  1445    12555.0000   144    12657.0000    11963.5175  1835429    5.48%
   2582  1471    12170.8645   378    12657.0000    11963.8281  1848830    5.48%
Elapsed time = 865.47 sec. (1002033.35 ticks, tree = 16.79 MB, solutions = 13)
   2585  1474    12288.2250   298    12657.0000    11963.8281  1856895    5.48%
   2589  1477    12582.2738   293    12657.0000    11963.8281  1869490    5.48%
   2601  1479    11963.8281   263    12657.0000    11964.0556  1886882    5.47%
   2652  1513    12507.0000   165    12657.0000    11964.0556  1900507    5.47%
   2655  1512    12087.0029   388    12657.0000    11964.6078  1907813    5.47%

Clique cuts applied:  22
Cover cuts applied:  85
Flow cuts applied:  3
Mixed integer rounding cuts applied:  35
Zero-half cuts applied:  19
Gomory fractional cuts applied:  3

Root node processing (before b&c):
  Real time             =   14.16 sec. (15975.07 ticks)
Sequential b&c:
  Real time             =  885.85 sec. (1025642.81 ticks)
                          ------------
Total (root+branch&cut) =  900.00 sec. (1041617.88 ticks)
MIP: [1;32mCPLEX finished.[0m
MIP: [1;32mCPLEX status: Feasible[0m
MIP: [1;32mSolution: 
Indexes: [6, 16, 12, 0, 2, 8, 5, 3, 18, 8, 17, 16, 14, 15, 6, 7, 7, 13, 12, 10, 0, 15, 10, 3, 14, 6, 17, 18, 10, 18][13, -1, 11, 4, -1, 9, 4, 2, 5, -1, 13, -1, 13, 5, 10, 2, 10, 11, 2], P Variables: [0, 0][0, 0][0, 0][0, 0][0, 0][0, 0][0, 0][0, 0][0, 0][0, 0][0, 0][0, 0][0, 0][0, 0][0, 0][0, 0][0, 0][0, 0][0, 0][0, 0][0, 0][0, 0][0, 0][0, 0][0, 0][0, 0][0, 0][0, 0][0, 0][0, 0], Flow leaving each bin: Level: 0, Item: 0 => [0]
Level: 0, Item: 1 => [1]
Level: 0, Item: 2 => [2]
Level: 0, Item: 3 => [3]
Level: 0, Item: 4 => [4]
Level: 0, Item: 5 => [5]
Level: 0, Item: 6 => [6]
Level: 0, Item: 7 => [7]
Level: 0, Item: 8 => [8]
Level: 0, Item: 9 => [9]
Level: 0, Item: 10 => [10]
Level: 0, Item: 11 => [11]
Level: 0, Item: 12 => [12]
Level: 0, Item: 13 => [13]
Level: 0, Item: 14 => [14]
Level: 0, Item: 15 => [15]
Level: 0, Item: 16 => [16]
Level: 0, Item: 17 => [17]
Level: 0, Item: 18 => [18]
Level: 0, Item: 19 => [19]
Level: 0, Item: 20 => [20]
Level: 0, Item: 21 => [21]
Level: 0, Item: 22 => [22]
Level: 0, Item: 23 => [23]
Level: 0, Item: 24 => [24]
Level: 0, Item: 25 => [25]
Level: 0, Item: 26 => [26]
Level: 0, Item: 27 => [27]
Level: 0, Item: 28 => [28]
Level: 0, Item: 29 => [29]
Level: 1, Bin: 0 => [3, 20]
Level: 1, Bin: 2 => [4]
Level: 1, Bin: 3 => [7, 23]
Level: 1, Bin: 5 => [6]
Level: 1, Bin: 6 => [0, 14, 25]
Level: 1, Bin: 7 => [15, 16]
Level: 1, Bin: 8 => [5, 9]
Level: 1, Bin: 10 => [19, 22, 28]
Level: 1, Bin: 12 => [2, 18]
Level: 1, Bin: 13 => [17]
Level: 1, Bin: 14 => [12, 24]
Level: 1, Bin: 15 => [13, 21]
Level: 1, Bin: 16 => [1, 11]
Level: 1, Bin: 17 => [10, 26]
Level: 1, Bin: 18 => [8, 27, 29]
Level: 2, Bin: 2 => [8, 13, 15, 16, 21, 27, 29]
Level: 2, Bin: 4 => [0, 7, 14, 23, 25]
Level: 2, Bin: 5 => [5, 9, 17]
Level: 2, Bin: 9 => [6]
Level: 2, Bin: 10 => [1, 11, 12, 24]
Level: 2, Bin: 11 => [4, 10, 26]
Level: 2, Bin: 13 => [2, 3, 18, 19, 20, 22, 28]
[0m
MIP: [1;32mObjective value: 12657[0m
MIP: [1;32mLower Bound: 11964.6[0m
MIP: [1;32mBranch-and-Bound nodes: 2656[0m

# best solution:
best objective value:	12657
best dual bound value:	11964
optimality gap:	5.47523%
CPU time:	897.165
