ifile	/scratch/csagturk/mlbppo_inst/n0030_m04_p200__013.inst
prob	NFMLBPPO
threads	1
ttime	900
instance: /scratch/csagturk/mlbppo_inst/n0030_m04_p200__013.inst
	m=4, n=[30, 25, 38, 35, 35], #pos=60
MIP: [1;32minit CPLEX[0m
CAN: [1;35mcreated 4255 x_{ijk} variables[0m
CAN: [1;35mcreated 163 y_{ij} variables[0m
CAN: [1;35mcreated 4890 f_{ijkh} variables[0m
MIP: [1;32mcreated decision variables[0m
CAN: [1;35madded 30 constraints to enforce the packing of each item[0m
CAN: [1;35madded 98 constraints to enforce the packing of each item[0m
CAN: [1;35madded 133 capacity constraints[0m
MIP: [1;32mcreated constraints[0m
MIP: [1;32mcreated objective function[0m
MIP: [1;32mcalling CPLEX solve ...[0m
Version identifier: 22.1.0.0 | 2022-03-09 | 1a383f8ce
CPXPARAM_Threads                                 1
CPXPARAM_TimeLimit                               900
Tried aggregator 2 times.
MIP Presolve eliminated 36240 rows and 37386 columns.
MIP Presolve added 2 rows and 0 columns.
MIP Presolve modified 4761 coefficients.
Aggregator did 355 substitutions.
Reduced MIP has 98291 rows, 96327 columns, and 429424 nonzeros.
Reduced MIP has 96033 binaries, 0 generals, 0 SOSs, and 190 indicators.
Presolve time = 0.55 sec. (579.75 ticks)
Elapsed time = 9.43 sec. (10000.57 ticks) for 7% of probing (1090 vars fixed)
Elapsed time = 18.72 sec. (20001.66 ticks) for 12% of probing (1759 vars fixed)
Elapsed time = 28.05 sec. (30001.76 ticks) for 22% of probing (2447 vars fixed)
Probing fixed 2447 vars, tightened 196 bounds.
Probing time = 29.40 sec. (31545.33 ticks)
Tried aggregator 2 times.
Detecting symmetries...
MIP Presolve eliminated 3624 rows and 3585 columns.
MIP Presolve modified 98 coefficients.
Aggregator did 6 substitutions.
Reduced MIP has 94759 rows, 92736 columns, and 413612 nonzeros.
Reduced MIP has 92736 binaries, 0 generals, 0 SOSs, and 0 indicators.
Presolve time = 0.63 sec. (617.41 ticks)
Probing time = 0.06 sec. (32.45 ticks)
Clique table members: 283705.
MIP emphasis: balance optimality and feasibility.
MIP search method: dynamic search.
Parallel mode: none, using 1 thread.
Root relaxation solution time = 108.62 sec. (132041.13 ticks)

        Nodes                                         Cuts/
   Node  Left     Objective  IInf  Best Integer    Best Bound    ItCnt     Gap

      0     0    22939.7438  1046                  22939.7438    80754         
      0     0    22973.0326   976                    Cuts: 93   157300         
      0     0    23013.0143   789                    Cuts: 67   207743         
      0     0    23069.1027   685                    Cuts: 98   248787         
      0     0    23132.5834   756                   Cuts: 103   280094         
      0     0    23272.0748   960                   Cuts: 100   336073         
      0     0    23361.4793  1021                    Cuts: 86   407155         
      0     0    23436.1921  1017                   Cuts: 100   451030         
      0     0    23491.1555   890                    Cuts: 84   503835         

Clique cuts applied:  44
Cover cuts applied:  55
Flow cuts applied:  2
Mixed integer rounding cuts applied:  106
Zero-half cuts applied:  44

Root node processing (before b&c):
  Real time             =  900.04 sec. (815107.16 ticks)
Sequential b&c:
  Real time             =    0.00 sec. (0.00 ticks)
                          ------------
Total (root+branch&cut) =  900.04 sec. (815107.16 ticks)
MIP: [1;32mCPLEX finished.[0m
MIP: [1;32mCPLEX status: Unknown[0m
MIP: [1;32mNo feasible solution exits[0m
