ifile	/scratch/csagturk/mlbppo_inst/n0030_m04_p200__023.inst
prob	NFMLBPPO
threads	1
ttime	900
instance: /scratch/csagturk/mlbppo_inst/n0030_m04_p200__023.inst
	m=4, n=[30, 24, 29, 29, 29], #pos=60
MIP: [1;32minit CPLEX[0m
CAN: [1;35mcreated 3098 x_{ijk} variables[0m
CAN: [1;35mcreated 141 y_{ij} variables[0m
CAN: [1;35mcreated 4230 f_{ijkh} variables[0m
MIP: [1;32mcreated decision variables[0m
CAN: [1;35madded 30 constraints to enforce the packing of each item[0m
CAN: [1;35madded 82 constraints to enforce the packing of each item[0m
CAN: [1;35madded 111 capacity constraints[0m
MIP: [1;32mcreated constraints[0m
MIP: [1;32mcreated objective function[0m
MIP: [1;32mcalling CPLEX solve ...[0m
Version identifier: 22.1.0.0 | 2022-03-09 | 1a383f8ce
CPXPARAM_Threads                                 1
CPXPARAM_TimeLimit                               900
Tried aggregator 2 times.
MIP Presolve eliminated 24586 rows and 25296 columns.
MIP Presolve modified 3984 coefficients.
Aggregator did 276 substitutions.
Reduced MIP has 74112 rows, 72267 columns, and 311286 nonzeros.
Reduced MIP has 72021 binaries, 0 generals, 0 SOSs, and 160 indicators.
Presolve time = 0.40 sec. (414.55 ticks)
Elapsed time = 8.99 sec. (10000.17 ticks) for 12% of probing (81 vars fixed)
Probing fixed 92 vars, tightened 145 bounds.
Probing time = 11.39 sec. (12543.26 ticks)
Tried aggregator 2 times.
Detecting symmetries...
MIP Presolve eliminated 995 rows and 1028 columns.
MIP Presolve modified 101 coefficients.
Aggregator did 63 substitutions.
Reduced MIP has 73117 rows, 71176 columns, and 308489 nonzeros.
Reduced MIP has 71157 binaries, 19 generals, 0 SOSs, and 38 indicators.
Presolve time = 0.50 sec. (457.80 ticks)
Probing time = 0.05 sec. (25.50 ticks)
Clique table members: 212161.
MIP emphasis: balance optimality and feasibility.
MIP search method: dynamic search.
Parallel mode: none, using 1 thread.
Root relaxation solution time = 206.94 sec. (188732.05 ticks)

        Nodes                                         Cuts/
   Node  Left     Objective  IInf  Best Integer    Best Bound    ItCnt     Gap

      0     0    20024.6634  1173                  20024.6634   133082         
      0     0    20575.6195   922                   Cuts: 194   241651         
      0     0    21909.3321   876                   Cuts: 173   370125         
      0     0    22174.6466   929                   Cuts: 132   451798         

Clique cuts applied:  40
Cover cuts applied:  92
Implied bound cuts applied:  54
Flow cuts applied:  8
Mixed integer rounding cuts applied:  60
Zero-half cuts applied:  112
Lift and project cuts applied:  1
Gomory fractional cuts applied:  4

Root node processing (before b&c):
  Real time             =  900.02 sec. (748817.64 ticks)
Sequential b&c:
  Real time             =    0.00 sec. (0.00 ticks)
                          ------------
Total (root+branch&cut) =  900.02 sec. (748817.64 ticks)
MIP: [1;32mCPLEX finished.[0m
MIP: [1;32mCPLEX status: Unknown[0m
MIP: [1;32mNo feasible solution exits[0m
