ifile	/scratch/csagturk/mlbppo_inst/n0030_m03_p050__011.inst
prob	NFMLBPPO
threads	1
ttime	900
instance: /scratch/csagturk/mlbppo_inst/n0030_m03_p050__011.inst
	m=3, n=[30, 18, 17, 16], #pos=15
MIP: [1;32minit CPLEX[0m
CAN: [1;35mcreated 1118 x_{ijk} variables[0m
CAN: [1;35mcreated 81 y_{ij} variables[0m
CAN: [1;35mcreated 2430 f_{ijkh} variables[0m
MIP: [1;32mcreated decision variables[0m
CAN: [1;35madded 30 constraints to enforce the packing of each item[0m
CAN: [1;35madded 35 constraints to enforce the packing of each item[0m
CAN: [1;35madded 51 capacity constraints[0m
MIP: [1;32mcreated constraints[0m
MIP: [1;32mcreated objective function[0m
MIP: [1;32mcalling CPLEX solve ...[0m
Version identifier: 22.1.0.0 | 2022-03-09 | 1a383f8ce
CPXPARAM_Threads                                 1
CPXPARAM_TimeLimit                               900
Tried aggregator 2 times.
MIP Presolve eliminated 8760 rows and 9052 columns.
MIP Presolve modified 546 coefficients.
Aggregator did 322 substitutions.
Reduced MIP has 26704 rows, 26165 columns, and 93675 nonzeros.
Reduced MIP has 26060 binaries, 0 generals, 0 SOSs, and 59 indicators.
Presolve time = 0.13 sec. (122.89 ticks)
Probing fixed 1144 vars, tightened 70 bounds.
Probing changed sense of 446 constraints.
Probing time = 3.24 sec. (3379.28 ticks)
Tried aggregator 2 times.
Detecting symmetries...
MIP Presolve eliminated 1871 rows and 1801 columns.
Aggregator did 2 substitutions.
Reduced MIP has 24831 rows, 24362 columns, and 86887 nonzeros.
Reduced MIP has 24362 binaries, 0 generals, 0 SOSs, and 0 indicators.
Presolve time = 0.15 sec. (142.46 ticks)
Probing time = 0.02 sec. (11.98 ticks)
Clique table members: 64078.
MIP emphasis: balance optimality and feasibility.
MIP search method: dynamic search.
Parallel mode: none, using 1 thread.
Root relaxation solution time = 1.88 sec. (2189.51 ticks)

        Nodes                                         Cuts/
   Node  Left     Objective  IInf  Best Integer    Best Bound    ItCnt     Gap

      0     0    17154.7753   529                  17154.7753     6061         
      0     0    17238.1855   627                    Cuts: 57    16482         
      0     0    17241.9525   490                    Cuts: 65    31649         
      0     0    17271.7189   491                    Cuts: 87    46598         
      0     0    17286.1213   642                    Cuts: 71    55168         
      0     0    17299.3821   578                    Cuts: 72    68806         
      0     0    17326.7456   603                    Cuts: 44    86418         
      0     0    17358.6154   635                    Cuts: 54   105652         
      0     0    17373.4508   489                    Cuts: 52   124129         
      0     0    17381.0552   548                    Cuts: 65   135449         
      0     0    17390.2417   690                    Cuts: 33   150432         
      0     0    17398.3919   679                    Cuts: 40   160096         
      0     0    17413.9321   727                    Cuts: 34   175726         
      0     0    17417.5862   761                    Cuts: 36   188880         
      0     0    17421.9066   643                    Cuts: 36   196330         
      0     0    17426.2212   682                    Cuts: 34   210292         
      0     0    17431.3885   631                    Cuts: 39   228004         
      0     0    17432.2008   597                    Cuts: 47   240268         
      0     0    17434.8569   579                    Cuts: 32   246495         
      0     0    17437.4723   697                    Cuts: 43   254317         
      0     0    17442.7086   478                    Cuts: 18   255510         
      0     0    17443.6066   622                    Cuts: 39   266763         
Heuristic still looking.
*     0+    0                        28921.0000    17443.6066            39.69%
*     0+    0                        26932.0000    17443.6066            35.23%
*     0+    0                        25893.0000    17443.6066            32.63%
      0     2    17443.6066   487    25893.0000    17443.7917   266763   32.63%
Elapsed time = 159.77 sec. (188935.70 ticks, tree = 0.01 MB, solutions = 3)
      1     3    17472.6934   571    25893.0000    17443.7917   275732   32.63%
      2     4    17457.1783   448    25893.0000    17457.1783   284341   32.58%
      3     5    17461.3238   521    25893.0000    17457.1783   293861   32.58%
      4     6    17457.1783   376    25893.0000    17457.1783   301037   32.58%
      5     7    17460.4973   362    25893.0000    17457.1783   311949   32.58%
      6     8    17462.9932   378    25893.0000    17457.1783   315543   32.58%
      7     9    17487.1656   374    25893.0000    17457.1783   319011   32.58%
      8    10    17466.0188   364    25893.0000    17457.1783   320458   32.58%
      9    11    17474.4465   400    25893.0000    17457.1783   329317   32.58%
     10    12    17560.1134   387    25893.0000    17457.1783   333816   32.58%
Elapsed time = 174.90 sec. (206595.19 ticks, tree = 0.12 MB, solutions = 3)
     13    15    17474.4465   366    25893.0000    17457.1783   342421   32.58%
     16    18    17483.2717   315    25893.0000    17457.1783   356338   32.58%
     18    20    17539.5976   331    25893.0000    17457.1783   367598   32.58%
     22    24    17502.3400   269    25893.0000    17457.1783   376691   32.58%
     24    26    17526.8504   273    25893.0000    17457.1783   391079   32.58%
     26    28    17574.2414   130    25893.0000    17457.1783   403001   32.58%
*    30+   30                        20474.0000    17457.1783            14.73%
     33    35    17583.4915    55    20474.0000    17457.1783   421221   14.73%
     39    41    17583.4915    54    20474.0000    17457.1783   441026   14.73%
     44    46    17583.4915    47    20474.0000    17457.1783   458192   14.73%
     48    50    17583.4915    58    20474.0000    17457.1783   466901   14.73%
Elapsed time = 183.75 sec. (218092.01 ticks, tree = 1.13 MB, solutions = 4)
*    50+   50                        19373.0000    17457.1783             9.89%
     52    54    17583.4915    50    19373.0000    17457.1783   482122    9.89%
     57    59    17583.4915    34    19373.0000    17457.1783   498863    9.89%
     60    62    17583.4915    49    19373.0000    17457.1783   511624    9.89%
     64    66    17604.4915    50    19373.0000    17457.1783   527385    9.89%
     73    75    17604.4915    51    19373.0000    17457.1783   542356    9.89%
*    80+   80                        19258.0000    17457.1783             9.35%
     80    82    17733.4915    33    19258.0000    17457.1783   558628    9.35%
     98   100    18270.0000    36    19258.0000    17457.1783   569460    9.35%
    117   119    18331.1530   106    19258.0000    17457.1783   578465    9.35%
    135   133    17466.3141   509    19258.0000    17461.6208   590411    9.33%
    137   135    17468.9663   416    19258.0000    17461.6208   602971    9.33%
Elapsed time = 194.31 sec. (231989.63 ticks, tree = 2.20 MB, solutions = 6)
    139   137    17509.8382   379    19258.0000    17461.6208   611601    9.33%
    141   139    17515.3424   387    19258.0000    17461.6208   618528    9.33%
    144   142    17515.3424   365    19258.0000    17461.6208   627302    9.33%
    150   148    17518.2999   340    19258.0000    17461.6208   633839    9.33%
    155   153    17532.5575   305    19258.0000    17461.6208   644125    9.33%
    159   157    17532.5575   278    19258.0000    17461.6208   655660    9.33%
    162   160    17532.5575   308    19258.0000    17461.6208   668015    9.33%
    166   164    17570.2747   330    19258.0000    17461.6208   680575    9.33%
    170   168    17735.4792   299    19258.0000    17461.6208   696187    9.33%
    177   175    17685.0737   224    19258.0000    17461.6208   707197    9.33%
Elapsed time = 203.72 sec. (244168.54 ticks, tree = 2.69 MB, solutions = 6)
    180   178    17694.5002   213    19258.0000    17461.6208   719310    9.33%
    184   182    17715.3063   287    19258.0000    17461.6208   732126    9.33%
    194   190    17885.2645   256    19258.0000    17461.6208   750736    9.33%
    206   202    17864.4286   208    19258.0000    17461.6208   765139    9.33%
    215   211    17843.3023   118    19258.0000    17461.6208   780727    9.33%
    223   219    17843.3023    99    19258.0000    17461.6208   797028    9.33%
    234   230    18356.6667    73    19258.0000    17461.6208   811811    9.33%
    260   252    18898.0000    20    19258.0000    17461.6208   816985    9.33%
*   274   256      integral     0    19121.0000    17461.6208   819396    8.68%
    275   255    17466.0613   336    19121.0000    17461.6929   827494    8.68%
    278   258    17495.6006   377    19121.0000    17461.6929   836580    8.68%
Elapsed time = 211.81 sec. (255315.62 ticks, tree = 3.74 MB, solutions = 7)
    282   262    17546.1288   286    19121.0000    17461.6929   845096    8.68%
    288   268    17613.8190   391    19121.0000    17461.6929   853184    8.68%
    293   273    17613.8190   383    19121.0000    17461.6929   858524    8.68%
    297   277    17613.8190   382    19121.0000    17461.6929   865481    8.68%
    300   280    17613.8190   371    19121.0000    17461.6929   868588    8.68%
    305   285    17641.3445   308    19121.0000    17461.6929   876658    8.68%
    314   294    17646.8547   304    19121.0000    17461.6929   883576    8.68%
    324   304    17661.2629   314    19121.0000    17461.6929   892533    8.68%
    337   313    17785.1595   256    19121.0000    17461.6929   903505    8.68%
    344   316    17499.3266   496    19121.0000    17462.9932   922285    8.67%
Elapsed time = 221.74 sec. (267597.82 ticks, tree = 4.45 MB, solutions = 7)
    346   318    17550.2335   416    19121.0000    17462.9932   929416    8.67%
    350   322    17642.5293   367    19121.0000    17462.9932   937435    8.67%
    359   331    17752.7410   300    19121.0000    17462.9932   945050    8.67%
    369   341    17752.7410   286    19121.0000    17462.9932   951402    8.67%
    377   349    17761.8168   283    19121.0000    17462.9932   959398    8.67%
    388   358    17761.8168   298    19121.0000    17462.9932   967901    8.67%
    395   365    18229.5967   280    19121.0000    17462.9932   979008    8.67%
    404   372    18263.7469   211    19121.0000    17462.9932   989611    8.67%
    415   383    18275.5620   237    19121.0000    17462.9932   999767    8.67%
    428   396    18454.1524   250    19121.0000    17462.9932  1008566    8.67%
Elapsed time = 229.86 sec. (278056.65 ticks, tree = 5.42 MB, solutions = 7)
    432   396    17480.2242   412    19121.0000    17466.0722  1025886    8.66%
    434   398    17494.7909   313    19121.0000    17466.0722  1039809    8.66%
    435   399    17498.9607   372    19121.0000    17466.0722  1050050    8.66%
    437   401    17503.7507   330    19121.0000    17466.0722  1057349    8.66%
    439   403    17542.1996   240    19121.0000    17466.0722  1067323    8.66%
    440   404    17546.1736   247    19121.0000    17466.0722  1075401    8.66%
    442   406    17562.7782   296    19121.0000    17466.0722  1087589    8.66%
    449   413    17640.7763   355    19121.0000    17466.0722  1094778    8.66%
    457   421    17653.8878   376    19121.0000    17466.0722  1104236    8.66%
    462   426    17684.9790   257    19121.0000    17466.0722  1113128    8.66%
Elapsed time = 244.87 sec. (295637.97 ticks, tree = 5.78 MB, solutions = 7)
    466   430    17780.4116   201    19121.0000    17466.0722  1125710    8.66%
    474   434    17780.4116   197    19121.0000    17466.0722  1138024    8.66%
    482   440    17865.1896    97    19121.0000    17466.0722  1150971    8.66%
    494   452    17865.1896   189    19121.0000    17466.0722  1166813    8.66%
    501   459    17867.2456   268    19121.0000    17466.0722  1173997    8.66%
    503   461    17867.5043   247    19121.0000    17466.0722  1176080    8.66%
    505   463    17869.8078   149    19121.0000    17466.0722  1178696    8.66%
    506   464    17870.4954   230    19121.0000    17466.0722  1184280    8.66%
    514   470    18133.0000   103    19121.0000    17466.0722  1195713    8.66%
    522   474    17502.4591   426    19121.0000    17468.8082  1215255    8.64%
Elapsed time = 257.89 sec. (309411.35 ticks, tree = 6.37 MB, solutions = 7)
    524   476    17519.4158   439    19121.0000    17468.8082  1243942    8.64%
    526   478    17559.3298   327    19121.0000    17468.8082  1255288    8.64%
    529   481    17622.8936   360    19121.0000    17468.8082  1265470    8.64%

Performing restart 1

Repeating presolve.
Tried aggregator 2 times.
MIP Presolve eliminated 12 rows and 0 columns.
MIP Presolve modified 1364 coefficients.
Aggregator did 22 substitutions.
Reduced MIP has 24797 rows, 24340 columns, and 86521 nonzeros.
Reduced MIP has 24340 binaries, 0 generals, 0 SOSs, and 0 indicators.
Presolve time = 0.11 sec. (114.32 ticks)
Tried aggregator 1 time.
MIP Presolve modified 48 coefficients.
Reduced MIP has 24797 rows, 24340 columns, and 86521 nonzeros.
Reduced MIP has 24340 binaries, 0 generals, 0 SOSs, and 0 indicators.
Presolve time = 0.10 sec. (95.83 ticks)
Represolve time = 0.55 sec. (487.46 ticks)
    532     0    17462.1369   557    19121.0000      Cuts: 23  1308480    8.64%
    532     0    17464.7766   571    19121.0000      Cuts: 52  1319991    8.64%
    532     0    17466.6368   595    19121.0000      Cuts: 32  1330329    8.64%
    532     0    17466.7018   571    19121.0000      Cuts: 43  1338705    8.64%
    532     0    17468.1593   577    19121.0000      Cuts: 38  1347913    8.64%
    532     0    17468.5060   607    19121.0000      Cuts: 43  1358744    8.64%
    532     0    17470.2467   591    19121.0000      Cuts: 33  1368193    8.63%
    532     0    17470.3545   564    19121.0000      Cuts: 21  1375618    8.63%
    532     0    17470.4594   542    19121.0000      Cuts: 27  1381926    8.63%
    532     0    17471.4399   598    19121.0000      Cuts: 31  1388300    8.63%
    532     0    17471.9600   603    19121.0000      Cuts: 22  1397879    8.62%
    532     0    17471.9611   614    19121.0000      Cuts: 18  1403350    8.62%
    532     0    17472.3933   579    19121.0000      Cuts: 13  1409276    8.62%
    532     0    17472.8404   613    19121.0000      Cuts: 35  1417366    8.62%
    532     0    17472.9292   567    19121.0000      Cuts: 13  1439059    8.62%
    532     0    17472.9417   629    19121.0000      Cuts: 34  1455451    8.62%
    532     0    17473.1467   550    19121.0000      Cuts: 19  1460186    8.62%
    532     0    17473.2325   617    19121.0000      Cuts: 39  1469097    8.62%
    532     2    17473.2325   516    19121.0000    17473.3627  1469097    8.62%
    533     3    17475.3592   503    19121.0000    17474.7074  1476658    8.61%
    534     4    17489.6936   559    19121.0000    17474.7074  1490725    8.61%
    535     5    17499.4267   505    19121.0000    17474.7074  1505313    8.61%
    536     6    17495.4488   587    19121.0000    17474.7074  1512867    8.61%
    537     7    17508.1357   408    19121.0000    17474.7074  1518775    8.61%
    539     9    17512.5861   413    19121.0000    17474.7074  1543547    8.61%
Elapsed time = 435.08 sec. (523590.10 ticks, tree = 0.08 MB, solutions = 7)
    543    13    17520.8206   437    19121.0000    17474.7074  1551159    8.61%
    547    17    17543.0813   436    19121.0000    17474.7074  1569226    8.61%
    554    24    17571.8613   411    19121.0000    17474.7074  1577474    8.61%
    562    32    17587.1498   332    19121.0000    17474.7074  1589805    8.61%
    571    41    17695.5537   386    19121.0000    17474.7074  1605429    8.61%
    576    45    17969.3239   344    19121.0000    17474.7074  1626343    8.61%
    591    55    17483.6018   406    19121.0000    17478.2579  1651255    8.59%
    596    60    17509.5930   401    19121.0000    17478.2579  1662862    8.59%
    602    66    17703.2221   327    19121.0000    17478.2579  1679696    8.59%
    610    74    17821.8672   377    19121.0000    17478.2579  1697084    8.59%
Elapsed time = 473.90 sec. (573221.05 ticks, tree = 0.88 MB, solutions = 7)
    616    80    17856.7072   145    19121.0000    17478.2579  1721098    8.59%
    629    93    17919.3331   229    19121.0000    17478.2579  1740269    8.59%
    645   109    18344.9265   224    19121.0000    17478.2579  1753673    8.59%
    659   119    17497.0939   530    19121.0000    17484.9043  1772857    8.56%
    660   120    17521.6255   519    19121.0000    17484.9043  1781744    8.56%
    661   121    17521.8434   562    19121.0000    17484.9043  1791394    8.56%
    662   122    17536.4782   394    19121.0000    17484.9043  1800478    8.56%
    663   123    17540.6762   615    19121.0000    17484.9043  1814342    8.56%
    664   124    17540.7477   584    19121.0000    17484.9043  1823624    8.56%
    665   125    17547.7135   585    19121.0000    17484.9043  1835901    8.56%
Elapsed time = 530.17 sec. (639841.68 ticks, tree = 1.51 MB, solutions = 7)
    666   126    17550.5377   466    19121.0000    17484.9043  1843430    8.56%
    667   127    17555.5766   556    19121.0000    17484.9043  1853915    8.56%
    668   128    17556.5775   559    19121.0000    17484.9043  1862958    8.56%
    670   130    17558.2569   617    19121.0000    17484.9043  1880472    8.56%
    671   131    17565.5576   522    19121.0000    17484.9043  1890640    8.56%
    679   139    17578.2658   368    19121.0000    17484.9043  1906024    8.56%
    692   152    17661.5540   386    19121.0000    17484.9043  1917230    8.56%
    710   170    17862.1175   260    19121.0000    17484.9043  1931077    8.56%
    734   190    17499.8383   389    19121.0000    17485.8751  1940986    8.55%
    738   194    17545.5578   547    19121.0000    17485.8751  1966888    8.55%
Elapsed time = 576.39 sec. (695911.61 ticks, tree = 2.54 MB, solutions = 7)
    746   202    17602.4282   394    19121.0000    17485.8751  1987798    8.55%
    751   207    17698.5702   362    19121.0000    17485.8751  2007812    8.55%
    755   211    17714.2673   377    19121.0000    17485.8751  2026081    8.55%
    773   229    17811.2412   288    19121.0000    17485.8751  2038421    8.55%
    814   266    19071.0000    42    19121.0000    17485.8751  2044779    8.55%
    855   297    17499.1031   487    19121.0000    17497.8738  2055281    8.49%
    864   306    17548.2579   405    19121.0000    17497.8738  2077321    8.49%
    873   315    17646.1036   361    19121.0000    17497.8738  2098948    8.49%
    885   327    17817.4560   211    19121.0000    17497.8738  2124965    8.49%
    910   351    18633.7143   104    19121.0000    17497.8738  2134527    8.49%
Elapsed time = 613.77 sec. (745069.13 ticks, tree = 4.57 MB, solutions = 7)
    915   352    17497.9583   502    19121.0000    17498.1713  2138477    8.49%
    919   356    17509.4374   379    19121.0000    17499.6599  2154236    8.48%
    926   363    17551.7977   312    19121.0000    17499.6599  2180463    8.48%
    939   376    17691.0605   236    19121.0000    17499.6599  2205923    8.48%
    971   408    17784.0000    69    19121.0000    17499.6599  2220694    8.48%
   1007   444    17784.0000    82    19121.0000    17499.6599  2232813    8.48%
   1030   467    17784.0000    46    19121.0000    17499.6599  2244612    8.48%
   1052   489    17789.1576   194    19121.0000    17499.6599  2261655    8.48%
   1077   510    17950.5714   133    19121.0000    17499.6599  2273774    8.48%
   1097   520    17504.4826   533    19121.0000    17499.7205  2298097    8.48%
Elapsed time = 672.36 sec. (821324.77 ticks, tree = 6.66 MB, solutions = 7)
   1099   522    17504.4826   544    19121.0000    17499.7205  2309864    8.48%
   1105   528    17516.2214   445    19121.0000    17499.7205  2330064    8.48%
   1112   535    17523.8832   423    19121.0000    17499.7205  2351331    8.48%
   1116   539    17562.3203   357    19121.0000    17499.7205  2370533    8.48%
   1130   553    18106.0000    41    19121.0000    17499.7205  2401551    8.48%
   1148   571    18106.0000    53    19121.0000    17499.7205  2438994    8.48%
   1165   588    18106.0000    52    19121.0000    17499.7205  2478486    8.48%
   1182   605    18106.0000    30    19121.0000    17499.7205  2517622    8.48%
   1202   625    18136.6000   290    19121.0000    17499.7205  2535933    8.48%
   1229   648    18205.0314   217    19121.0000    17499.7205  2541562    8.48%
Elapsed time = 704.99 sec. (862881.64 ticks, tree = 8.24 MB, solutions = 7)
   1246   655    17509.0853   404    19121.0000    17499.9698  2553643    8.48%
   1252   661    17562.5528   355    19121.0000    17499.9698  2572570    8.48%
   1262   671    17719.5344   351    19121.0000    17499.9698  2600046    8.48%
   1283   690    18119.3600   231    19121.0000    17499.9698  2617140    8.48%
   1315   722    18373.2314   152    19121.0000    17499.9698  2622740    8.48%
   1342   735    17522.0461   405    19121.0000    17500.0607  2637696    8.48%
   1347   740    17554.1785   354    19121.0000    17500.0607  2674316    8.48%
   1349   742    17560.4917   291    19121.0000    17500.0607  2698723    8.48%
   1355   748    17630.4345   384    19121.0000    17500.0607  2715609    8.48%
   1370   763    17802.1488   220    19121.0000    17500.0607  2734648    8.48%
Elapsed time = 767.04 sec. (937754.85 ticks, tree = 9.65 MB, solutions = 7)
   1392   778    17606.1622   557    19121.0000    17500.1046  2758932    8.48%
   1393   779    17613.1142   576    19121.0000    17500.1046  2770123    8.48%
   1396   780    17640.9178   488    19121.0000    17500.1046  2784129    8.48%
   1405   787    17688.4881   376    19121.0000    17500.1046  2805735    8.48%
   1413   795    18153.8573   358    19121.0000    17500.1046  2825733    8.48%
   1424   806    18442.5841   236    19121.0000    17500.1046  2853877    8.48%
   1440   815    17571.2143   566    19121.0000    17501.1821  2885220    8.47%
   1442   817    17590.9715   552    19121.0000    17501.1821  2895621    8.47%
   1444   819    17590.9715   531    19121.0000    17501.1821  2906633    8.47%
   1447   822    17604.3432   430    19121.0000    17501.1821  2920595    8.47%
Elapsed time = 826.09 sec. (1006443.57 ticks, tree = 10.38 MB, solutions = 7)
   1459   834    17700.9631   380    19121.0000    17501.1821  2941972    8.47%
   1474   849    18073.3731   300    19121.0000    17501.1821  2963885    8.47%
   1500   868    19019.2136   222    19121.0000    17501.1821  2975120    8.47%
   1505   869    17571.8607   483    19121.0000    17502.2828  2995417    8.47%
   1511   875    17590.4164   352    19121.0000    17502.2828  3020172    8.47%
   1516   880    17625.5301   430    19121.0000    17502.2828  3042659    8.47%
   1525   889    17797.5706   299    19121.0000    17502.2828  3066284    8.47%
Starting limited solution polishing.
   1542   906    18323.3636   197    19121.0000    17502.2828  3084136    8.47%
   1567   922    18408.3810   221    19121.0000    17502.2828  3089749    8.47%
   1583   930    17588.6356   467    19121.0000    17504.4759  3102750    8.45%
Elapsed time = 879.76 sec. (1072526.38 ticks, tree = 11.72 MB, solutions = 7)
   1592   939    17689.1672   301    19121.0000    17504.4759  3125936    8.45%
   1606   951    17836.5844   322    19121.0000    17504.4759  3143538    8.45%
   1629   974    18002.8500    99    19121.0000    17504.4759  3160068    8.45%
   1652   991    19063.0000    81    19121.0000    17504.4759  3180422    8.45%
   1654   991    17517.3706   357    19121.0000    17504.4826  3184919    8.45%
   1667  1004    17567.2915   366    19121.0000    17504.4826  3205952    8.45%

Clique cuts applied:  11
Cover cuts applied:  34
Flow cuts applied:  2
Mixed integer rounding cuts applied:  116
Zero-half cuts applied:  7
Gomory fractional cuts applied:  1

Root node processing (before b&c):
  Real time             =  157.96 sec. (187535.74 ticks)
Sequential b&c:
  Real time             =  742.05 sec. (912234.04 ticks)
                          ------------
Total (root+branch&cut) =  900.01 sec. (1099769.78 ticks)
MIP: [1;32mCPLEX finished.[0m
MIP: [1;32mCPLEX status: Feasible[0m
MIP: [1;32mSolution: 
Indexes: [11, 3, 5, 5, 2, 11, 8, 0, 3, 1, 15, 6, 5, 1, 2, 7, 4, 16, 17, 12, 4, 3, 16, 0, 11, 4, 0, 8, 0, 6][1, 14, 3, 0, 7, 6, 0, 16, 14, -1, -1, 15, 3, -1, -1, 6, 6, 16][4, 12, -1, 0, -1, -1, 2, 12, -1, -1, -1, -1, -1, -1, 4, 0, 2], P Variables: [0, 0, 0][0, 0, 0][0, 0, 0][0, 0, 0][0, 0, 0][0, 0, 0][0, 0, 0][0, 0, 0][0, 0, 0][0, 0, 0][0, 0, 0][0, 0, 0][0, 0, 0][0, 0, 0][0, 0, 0][0, 0, 0][0, 0, 0][0, 0, 0][0, 0, 0][0, 0, 0][0, 0, 0][0, 0, 0][0, 0, 0][0, 0, 0][0, 0, 0][0, 0, 0][0, 0, 0][0, 0, 0][0, 0, 0][0, 0, 0], Flow leaving each bin: Level: 0, Item: 0 => [0]
Level: 0, Item: 1 => [1]
Level: 0, Item: 2 => [2]
Level: 0, Item: 3 => [3]
Level: 0, Item: 4 => [4]
Level: 0, Item: 5 => [5]
Level: 0, Item: 6 => [6]
Level: 0, Item: 7 => [7]
Level: 0, Item: 8 => [8]
Level: 0, Item: 9 => [9]
Level: 0, Item: 10 => [10]
Level: 0, Item: 11 => [11]
Level: 0, Item: 12 => [12]
Level: 0, Item: 13 => [13]
Level: 0, Item: 14 => [14]
Level: 0, Item: 15 => [15]
Level: 0, Item: 16 => [16]
Level: 0, Item: 17 => [17]
Level: 0, Item: 18 => [18]
Level: 0, Item: 19 => [19]
Level: 0, Item: 20 => [20]
Level: 0, Item: 21 => [21]
Level: 0, Item: 22 => [22]
Level: 0, Item: 23 => [23]
Level: 0, Item: 24 => [24]
Level: 0, Item: 25 => [25]
Level: 0, Item: 26 => [26]
Level: 0, Item: 27 => [27]
Level: 0, Item: 28 => [28]
Level: 0, Item: 29 => [29]
Level: 1, Bin: 0 => [7, 23, 26, 28]
Level: 1, Bin: 1 => [9, 13]
Level: 1, Bin: 2 => [4, 14]
Level: 1, Bin: 3 => [1, 8, 21]
Level: 1, Bin: 4 => [16, 20, 25]
Level: 1, Bin: 5 => [2, 3, 12]
Level: 1, Bin: 6 => [11, 29]
Level: 1, Bin: 7 => [15]
Level: 1, Bin: 8 => [6, 27]
Level: 1, Bin: 11 => [0, 5, 24]
Level: 1, Bin: 12 => [19]
Level: 1, Bin: 15 => [10]
Level: 1, Bin: 16 => [17, 22]
Level: 1, Bin: 17 => [18]
Level: 2, Bin: 0 => [1, 8, 11, 21, 29]
Level: 2, Bin: 1 => [7, 23, 26, 28]
Level: 2, Bin: 3 => [4, 14, 19]
Level: 2, Bin: 6 => [2, 3, 10, 12, 17, 22]
Level: 2, Bin: 7 => [16, 20, 25]
Level: 2, Bin: 14 => [6, 9, 13, 27]
Level: 2, Bin: 15 => [0, 5, 24]
Level: 2, Bin: 16 => [15, 18]
Level: 3, Bin: 0 => [0, 4, 5, 14, 19, 24]
Level: 3, Bin: 2 => [2, 3, 10, 12, 15, 17, 18, 22]
Level: 3, Bin: 4 => [1, 6, 8, 9, 11, 13, 21, 27, 29]
Level: 3, Bin: 12 => [7, 16, 20, 23, 25, 26, 28]
[0m
MIP: [1;32mObjective value: 19121[0m
MIP: [1;32mLower Bound: 17504.5[0m
MIP: [1;32mBranch-and-Bound nodes: 1678[0m

# best solution:
best objective value:	19121
best dual bound value:	17504
optimality gap:	8.45667%
CPU time:	897.59
