ifile	/scratch/csagturk/mlbppo_inst/n0030_m01_p100__093.inst
prob	NFMLBPPO
threads	1
ttime	900
instance: /scratch/csagturk/mlbppo_inst/n0030_m01_p100__093.inst
	m=1, n=[30, 21], #pos=30
MIP: [1;32minit CPLEX[0m
CAN: [1;35mcreated 630 x_{ijk} variables[0m
CAN: [1;35mcreated 51 y_{ij} variables[0m
CAN: [1;35mcreated 1530 f_{ijkh} variables[0m
MIP: [1;32mcreated decision variables[0m
CAN: [1;35madded 30 constraints to enforce the packing of each item[0m
CAN: [1;35madded 0 constraints to enforce the packing of each item[0m
CAN: [1;35madded 21 capacity constraints[0m
MIP: [1;32mcreated constraints[0m
MIP: [1;32mcreated objective function[0m
MIP: [1;32mcalling CPLEX solve ...[0m
Version identifier: 22.1.0.0 | 2022-03-09 | 1a383f8ce
CPXPARAM_Threads                                 1
CPXPARAM_TimeLimit                               900
Tried aggregator 2 times.
MIP Presolve eliminated 6266 rows and 6404 columns.
MIP Presolve modified 1318 coefficients.
Aggregator did 110 substitutions.
Reduced MIP has 13865 rows, 13667 columns, and 52973 nonzeros.
Reduced MIP has 13667 binaries, 0 generals, 0 SOSs, and 0 indicators.
Presolve time = 0.07 sec. (69.36 ticks)
Probing fixed 12449 vars, tightened 0 bounds.
Probing changed sense of 1394 constraints.
Probing time = 0.66 sec. (734.21 ticks)
Tried aggregator 1 time.
MIP Presolve eliminated 13505 rows and 13241 columns.
MIP Presolve modified 853 coefficients.
Reduced MIP has 344 rows, 426 columns, and 4855 nonzeros.
Reduced MIP has 426 binaries, 0 generals, 0 SOSs, and 0 indicators.
Presolve time = 0.01 sec. (15.62 ticks)
Probing time = 0.00 sec. (2.55 ticks)
Tried aggregator 1 time.
Detecting symmetries...
MIP Presolve modified 11 coefficients.
Reduced MIP has 344 rows, 426 columns, and 4850 nonzeros.
Reduced MIP has 426 binaries, 0 generals, 0 SOSs, and 0 indicators.
Presolve time = 0.00 sec. (3.27 ticks)
Probing time = 0.00 sec. (2.64 ticks)
Clique table members: 2416.
MIP emphasis: balance optimality and feasibility.
MIP search method: dynamic search.
Parallel mode: none, using 1 thread.
Root relaxation solution time = 0.00 sec. (3.68 ticks)

        Nodes                                         Cuts/
   Node  Left     Objective  IInf  Best Integer    Best Bound    ItCnt     Gap

      0     0     7445.5500    24                   7445.5500      240         
      0     0     7472.0000    29                    Cuts: 46      366         
      0     0     7472.0000    57                    Cuts: 35      480         
      0     0     7472.0000    12                     Cuts: 5      552         
*     0+    0                         8388.0000     7472.0000            10.92%
      0     0     7472.0000    33     8388.0000      Cuts: 14      657   10.92%
*     0+    0                         8366.0000     7472.0000            10.69%
*     0+    0                         8164.0000     7472.0000             8.48%
Detecting symmetries...
      0     2     7472.0000    13     8164.0000     7472.0000      657    8.48%
Elapsed time = 1.01 sec. (1082.96 ticks, tree = 0.01 MB, solutions = 3)
*    20+   18                         7941.0000     7472.0000             5.91%
*    40+   38                         7919.0000     7472.0000             5.64%
    450   325     7679.1385    34     7919.0000     7472.0000     8515    5.64%
*   540+  360                         7828.0000     7472.0000             4.55%
*   547   314      integral     0     7768.0000     7472.0000    10635    3.81%
    630   378     7555.8125    38     7768.0000     7472.0000    14752    3.81%
    768   468     7472.0000    44     7768.0000     7472.0000    22237    3.81%
*   789   419      integral     0     7695.0000     7472.0000    23123    2.90%
    914   503     7557.9658    59     7695.0000     7472.0000    29930    2.90%
   1026   577     7522.6889    73     7695.0000     7472.0000    37336    2.90%

Performing restart 1

Repeating presolve.
Tried aggregator 1 time.
MIP Presolve eliminated 1 rows and 6 columns.
MIP Presolve modified 3486 coefficients.
Reduced MIP has 343 rows, 420 columns, and 3122 nonzeros.
Reduced MIP has 420 binaries, 0 generals, 0 SOSs, and 0 indicators.
Presolve time = 0.01 sec. (4.48 ticks)
Tried aggregator 1 time.
Reduced MIP has 343 rows, 420 columns, and 3122 nonzeros.
Reduced MIP has 420 binaries, 0 generals, 0 SOSs, and 0 indicators.
Presolve time = 0.00 sec. (2.79 ticks)
Represolve time = 0.03 sec. (26.24 ticks)
   1031     0     7472.0000    41     7695.0000      Cuts: 11    38270    2.90%
   1031     0     7472.0000    47     7695.0000      Cuts: 35    38410    2.90%
   1031     0     7472.0000    50     7695.0000      Cuts: 10    38521    2.90%
   1031     0     7472.0000    43     7695.0000      Cuts: 10    38619    2.90%
   1031     0     7472.0000    54     7695.0000      Cuts: 41    38709    2.90%
   1031     0     7472.0000    27     7695.0000       Cuts: 6    38799    2.90%
   1031     0     7472.0000    52     7695.0000      Cuts: 42    38903    2.90%
   1031     2     7472.0000    11     7695.0000     7472.0000    38903    2.90%
   1160   100     7712.4375    39     7695.0000     7472.0000    41062    2.90%
   1231   137     7472.0000    37     7695.0000     7472.0000    43497    2.90%
   1331   221     7492.0000    32     7695.0000     7472.0000    45795    2.90%
   1631   438     7548.3958    55     7695.0000     7472.0000    53965    2.90%
Elapsed time = 4.28 sec. (4979.00 ticks, tree = 0.57 MB, solutions = 8)
*  1831+  549                         7635.0000     7472.0000             2.13%
   1831   551     7472.0000    56     7635.0000     7472.0000    62808    2.13%
   2185   802     7502.0586    88     7635.0000     7472.0000    82364    2.13%
*  2254     0      integral     0     7472.0000     7472.0000    84894    0.00%

GUB cover cuts applied:  12
Clique cuts applied:  2
Cover cuts applied:  78
Implied bound cuts applied:  2
Flow cuts applied:  3
Mixed integer rounding cuts applied:  45
Zero-half cuts applied:  2
Gomory fractional cuts applied:  1

Root node processing (before b&c):
  Real time             =    1.02 sec. (1084.70 ticks)
Sequential b&c:
  Real time             =    4.98 sec. (6012.19 ticks)
                          ------------
Total (root+branch&cut) =    5.99 sec. (7096.89 ticks)
MIP: [1;32mCPLEX finished.[0m
MIP: [1;32mCPLEX status: Optimal[0m
MIP: [1;32mSolution: 
Indexes: [17, 6, 17, 2, 20, 9, 6, 4, 10, 5, 12, 5, 4, 2, 19, 12, 12, 20, 9, 19, 15, 8, 3, 17, 8, 4, 15, 3, 2, 17], P Variables: [0][0][0][0][0][0][0][0][0][0][0][0][0][0][0][0][0][0][0][0][0][0][0][0][0][0][0][0][0][0], Flow leaving each bin: Level: 0, Item: 0 => [0]
Level: 0, Item: 1 => [1]
Level: 0, Item: 2 => [2]
Level: 0, Item: 3 => [3]
Level: 0, Item: 4 => [4]
Level: 0, Item: 5 => [5]
Level: 0, Item: 6 => [6]
Level: 0, Item: 7 => [7]
Level: 0, Item: 8 => [8]
Level: 0, Item: 9 => [9]
Level: 0, Item: 10 => [10]
Level: 0, Item: 11 => [11]
Level: 0, Item: 12 => [12]
Level: 0, Item: 13 => [13]
Level: 0, Item: 14 => [14]
Level: 0, Item: 15 => [15]
Level: 0, Item: 16 => [16]
Level: 0, Item: 17 => [17]
Level: 0, Item: 18 => [18]
Level: 0, Item: 19 => [19]
Level: 0, Item: 20 => [20]
Level: 0, Item: 21 => [21]
Level: 0, Item: 22 => [22]
Level: 0, Item: 23 => [23]
Level: 0, Item: 24 => [24]
Level: 0, Item: 25 => [25]
Level: 0, Item: 26 => [26]
Level: 0, Item: 27 => [27]
Level: 0, Item: 28 => [28]
Level: 0, Item: 29 => [29]
Level: 1, Bin: 2 => [3, 13, 28]
Level: 1, Bin: 3 => [22, 27]
Level: 1, Bin: 4 => [7, 12, 25]
Level: 1, Bin: 5 => [9, 11]
Level: 1, Bin: 6 => [1, 6]
Level: 1, Bin: 8 => [21, 24]
Level: 1, Bin: 9 => [5, 18]
Level: 1, Bin: 10 => [8]
Level: 1, Bin: 12 => [10, 15, 16]
Level: 1, Bin: 15 => [20, 26]
Level: 1, Bin: 17 => [0, 2, 23, 29]
Level: 1, Bin: 19 => [14, 19]
Level: 1, Bin: 20 => [4, 17]
[0m
MIP: [1;32mObjective value: 7472[0m
MIP: [1;32mLower Bound: 7472[0m
MIP: [1;32mBranch-and-Bound nodes: 2255[0m

# best solution:
best objective value:	7472
best dual bound value:	7472
optimality gap:	0%
CPU time:	6.00174
