ifile	/scratch/csagturk/mlbppo_inst/n0030_m03_p200__091.inst
prob	NFMLBPPO
threads	1
ttime	900
instance: /scratch/csagturk/mlbppo_inst/n0030_m03_p200__091.inst
	m=3, n=[30, 26, 30, 28], #pos=60
MIP: [1;32minit CPLEX[0m
CAN: [1;35mcreated 2400 x_{ijk} variables[0m
CAN: [1;35mcreated 114 y_{ij} variables[0m
CAN: [1;35mcreated 3420 f_{ijkh} variables[0m
MIP: [1;32mcreated decision variables[0m
CAN: [1;35madded 30 constraints to enforce the packing of each item[0m
CAN: [1;35madded 56 constraints to enforce the packing of each item[0m
CAN: [1;35madded 84 capacity constraints[0m
MIP: [1;32mcreated constraints[0m
MIP: [1;32mcreated objective function[0m
MIP: [1;32mcalling CPLEX solve ...[0m
Version identifier: 22.1.0.0 | 2022-03-09 | 1a383f8ce
CPXPARAM_Threads                                 1
CPXPARAM_TimeLimit                               900
Tried aggregator 2 times.
MIP Presolve eliminated 18023 rows and 18569 columns.
MIP Presolve modified 3446 coefficients.
Aggregator did 198 substitutions.
Reduced MIP has 58654 rows, 57117 columns, and 249913 nonzeros.
Reduced MIP has 56949 binaries, 0 generals, 0 SOSs, and 110 indicators.
Presolve time = 0.36 sec. (309.39 ticks)
Elapsed time = 13.45 sec. (10000.11 ticks) for 16% of probing (2596 vars fixed)
Elapsed time = 25.88 sec. (20000.13 ticks) for 71% of probing (3909 vars fixed)
Probing fixed 3909 vars, tightened 112 bounds.
Probing changed sense of 299 constraints.
Probing time = 26.31 sec. (20445.51 ticks)
Tried aggregator 1 time.
Detecting symmetries...
MIP Presolve eliminated 5000 rows and 4894 columns.
Reduced MIP has 53654 rows, 52223 columns, and 230058 nonzeros.
Reduced MIP has 52223 binaries, 0 generals, 0 SOSs, and 0 indicators.
Presolve time = 0.35 sec. (268.81 ticks)
Probing time = 0.05 sec. (20.82 ticks)
Clique table members: 156822.
MIP emphasis: balance optimality and feasibility.
MIP search method: dynamic search.
Parallel mode: none, using 1 thread.
Root relaxation solution time = 23.22 sec. (21813.37 ticks)

        Nodes                                         Cuts/
   Node  Left     Objective  IInf  Best Integer    Best Bound    ItCnt     Gap

      0     0    15392.7505   685                  15392.7505    23845         
      0     0    15483.7600   532                    Cuts: 23    53155         
      0     0    15484.8846   526                    Cuts: 75    86233         
      0     0    15490.2847   536                    Cuts: 51   114828         
      0     0    15491.7624   623                    Cuts: 42   142856         
      0     0    15501.9779   584                    Cuts: 50   173097         
      0     0    15505.8967   646                    Cuts: 60   197003         
      0     0    15510.8362   634                    Cuts: 53   238132         
      0     0    15514.7216   677                    Cuts: 53   278106         
      0     0    15517.9271   773                    Cuts: 54   327806         
      0     0    15518.8491   719                    Cuts: 54   351122         
      0     0    15519.9388   689                    Cuts: 50   372275         
      0     0    15522.7570   659                    Cuts: 42   396319         
      0     0    15524.1565   590                    Cuts: 42   415683         
      0     0    15525.4994   582                    Cuts: 44   441222         
      0     0    15525.5739   703                    Cuts: 27   476598         
Heuristic still looking.
Heuristic still looking.
Heuristic still looking.
      0     2    15525.5739   514                  15525.5739   476598         
Elapsed time = 714.60 sec. (610681.24 ticks, tree = 0.01 MB, solutions = 0)
      1     3    15525.5739   599                  15525.5739   499787         
      2     4    15525.5739   624                  15525.5739   525237         
      3     5    15525.5739   496                  15525.5739   547020         
      4     6    15525.5739   506                  15525.5739   562960         
      5     7    15525.5739   449                  15525.5739   568755         
      6     8    15525.5739   420                  15525.5739   580342         
      7     9    15525.5739   392                  15525.5739   585449         
      8    10    15525.5739   434                  15525.5739   589813         
      9    11    15525.5739   393                  15525.5739   590024         
     10    12    15541.2316   455                  15525.5739   593539         
Elapsed time = 788.09 sec. (682408.63 ticks, tree = 1.01 MB, solutions = 0)
     11    13    15525.5739   385                  15525.5739   600786         
     13    15    15525.5739   372                  15525.5739   614730         
     15    17    15525.5739   390                  15525.5739   644011         
     16    18    15526.1325   420                  15525.5739   660480         
     17    19    15539.2748   429                  15525.5739   682659         
     18    20    15526.1325   412                  15525.5739   689879         
     19    21    15529.7423   441                  15525.5739   695151         
     20    22    15544.7165   447                  15525.5739   720766         
     21    23    15529.7423   376                  15525.5739   730018         
     23    25    15529.7423   367                  15525.5739   747992         
Elapsed time = 827.24 sec. (724542.55 ticks, tree = 1.71 MB, solutions = 0)
     24    26    15529.7423   349                  15525.5739   760712         
     25    27    15529.7423   342                  15525.5739   763852         
     26    28    15529.7423   346                  15525.5739   767141         
     27    29    15529.7423   344                  15525.5739   776176         
     28    30    15529.7423   390                  15525.5739   794362         
     29    31    15529.7423   352                  15525.5739   802708         
     30    32    15529.7423   345                  15525.5739   804785         
     32    34    15529.7423   349                  15525.5739   824482         
     33    35    15577.6473   493                  15525.5739   899972         
     34    36    15529.7423   334                  15525.5739   905047         
Elapsed time = 861.26 sec. (757645.55 ticks, tree = 2.01 MB, solutions = 0)
     36    38    15529.7423   360                  15525.5739   949552         
     37    39    15529.7423   344                  15525.5739   952508         
     38    40    15529.7423   323                  15525.5739   968921         
     39    41    15529.7423   314                  15525.5739   974684         
     40    42    15529.7423   317                  15525.5739   977481         
     41    43    15529.8011   453                  15525.5739   998329         
     42    44    15529.7423   325                  15525.5739  1003600         
     43    45    15529.7423   350                  15525.5739  1028012         
     44    46    15529.7423   317                  15525.5739  1030983         
     46    48    15529.7423   329                  15525.5739  1036474         
Elapsed time = 883.00 sec. (782145.19 ticks, tree = 2.72 MB, solutions = 0)
     48    50    15547.2043   331                  15525.5739  1051174         
     50    52    15547.2043   348                  15525.5739  1069987         
     51    53    15529.7423   311                  15525.5739  1073200         
     52    54    15529.7423   319                  15525.5739  1078266         
     53    55    15529.7423   312                  15525.5739  1089210         
     54    56    15529.7423   330                  15525.5739  1103947         
     56    58    15529.7423   320                  15525.5739  1114100         
     58    60    15529.7423   318                  15525.5739  1123523         
     59    61    15529.8011   516                  15525.5739  1149291         
     60    62    15529.7423   348                  15525.5739  1152564         
Elapsed time = 897.83 sec. (799389.73 ticks, tree = 3.06 MB, solutions = 0)

Clique cuts applied:  9
Cover cuts applied:  19
Mixed integer rounding cuts applied:  56
Zero-half cuts applied:  6
Gomory fractional cuts applied:  2

Root node processing (before b&c):
  Real time             =  696.86 sec. (598474.60 ticks)
Sequential b&c:
  Real time             =  203.16 sec. (203250.74 ticks)
                          ------------
Total (root+branch&cut) =  900.02 sec. (801725.34 ticks)
MIP: [1;32mCPLEX finished.[0m
MIP: [1;32mCPLEX status: Unknown[0m
MIP: [1;32mNo feasible solution exits[0m
