ifile	/scratch/csagturk/mlbppo_inst/n0030_m02_p150__087.inst
prob	NFMLBPPO
threads	1
ttime	900
instance: /scratch/csagturk/mlbppo_inst/n0030_m02_p150__087.inst
	m=2, n=[30, 22, 23], #pos=45
MIP: [1;32minit CPLEX[0m
CAN: [1;35mcreated 1166 x_{ijk} variables[0m
CAN: [1;35mcreated 75 y_{ij} variables[0m
CAN: [1;35mcreated 2250 f_{ijkh} variables[0m
MIP: [1;32mcreated decision variables[0m
CAN: [1;35madded 30 constraints to enforce the packing of each item[0m
CAN: [1;35madded 22 constraints to enforce the packing of each item[0m
CAN: [1;35madded 45 capacity constraints[0m
MIP: [1;32mcreated constraints[0m
MIP: [1;32mcreated objective function[0m
MIP: [1;32mcalling CPLEX solve ...[0m
Version identifier: 22.1.0.0 | 2022-03-09 | 1a383f8ce
CPXPARAM_Threads                                 1
CPXPARAM_TimeLimit                               900
Tried aggregator 2 times.
MIP Presolve eliminated 8996 rows and 9238 columns.
MIP Presolve added 4 rows and 0 columns.
MIP Presolve modified 2069 coefficients.
Aggregator did 118 substitutions.
Reduced MIP has 28567 rows, 27745 columns, and 114675 nonzeros.
Reduced MIP has 27679 binaries, 0 generals, 0 SOSs, and 42 indicators.
Presolve time = 0.17 sec. (144.56 ticks)
Probing fixed 5370 vars, tightened 44 bounds.
Probing changed sense of 526 constraints.
Probing time = 8.32 sec. (6197.01 ticks)
Tried aggregator 2 times.
MIP Presolve eliminated 6284 rows and 6057 columns.
MIP Presolve modified 1397 coefficients.
Aggregator did 23 substitutions.
Reduced MIP has 22228 rows, 21665 columns, and 88363 nonzeros.
Reduced MIP has 21665 binaries, 0 generals, 0 SOSs, and 0 indicators.
Presolve time = 0.15 sec. (134.64 ticks)
Probing time = 0.02 sec. (9.88 ticks)
Tried aggregator 2 times.
Detecting symmetries...
Aggregator did 3 substitutions.
Reduced MIP has 22225 rows, 21662 columns, and 88357 nonzeros.
Reduced MIP has 21662 binaries, 0 generals, 0 SOSs, and 0 indicators.
Presolve time = 0.10 sec. (90.41 ticks)
Probing time = 0.02 sec. (9.89 ticks)
Clique table members: 71004.
MIP emphasis: balance optimality and feasibility.
MIP search method: dynamic search.
Parallel mode: none, using 1 thread.
Root relaxation solution time = 1.62 sec. (2044.68 ticks)

        Nodes                                         Cuts/
   Node  Left     Objective  IInf  Best Integer    Best Bound    ItCnt     Gap

      0     0    12873.4455   646                  12873.4455     5156         
      0     0    12879.2321   277                    Cuts: 17    10078         
      0     0    12879.2321   493                    Cuts: 47    14246         
      0     0    12879.2321   401                    Cuts: 28    19093         
      0     0    12879.2321   460                    Cuts: 40    24694         
*     0+    0                        21075.0000    12879.2321            38.89%
*     0+    0                        20586.0000    12879.2321            37.44%
*     0+    0                        19732.0000    12879.2321            34.73%
*     0+    0                        18630.0000    12879.2321            30.87%
*     0+    0                        17128.0000    12879.2321            24.81%
      0     0  -1.00000e+75     0    17128.0000    12879.2321    24694   24.81%
Detecting symmetries...
      0     2    12879.2321   210    17128.0000    12879.2321    24694   24.81%
Elapsed time = 35.95 sec. (35965.92 ticks, tree = 0.01 MB, solutions = 5)
      1     3    12879.2321   220    17128.0000    12879.2321    30364   24.81%
      2     4    12879.2321   248    17128.0000    12879.2321    34664   24.81%
      3     5    12879.2321   421    17128.0000    12879.2321    38542   24.81%
      4     6    12879.2321   209    17128.0000    12879.2321    39685   24.81%
      5     7    12879.2321   170    17128.0000    12879.2321    43271   24.81%
      6     8    12879.2321   137    17128.0000    12879.2321    48764   24.81%
      7     9    12879.2321   214    17128.0000    12879.2321    51993   24.81%
      9    11    12879.2321   171    17128.0000    12879.2321    53918   24.81%
     11    13    12879.2321   171    17128.0000    12879.2321    59859   24.81%
     13    15    12879.2321   286    17128.0000    12879.2321    66326   24.81%
Elapsed time = 44.05 sec. (45459.94 ticks, tree = 0.81 MB, solutions = 5)
     18    20    12879.2321   233    17128.0000    12879.2321    81881   24.81%
     25    27    12879.2321   187    17128.0000    12879.2321    94085   24.81%
     27    29    12879.2321   226    17128.0000    12879.2321   103255   24.81%
     30    32    12879.2321   224    17128.0000    12879.2321   109045   24.81%
     34    36    12879.2890   210    17128.0000    12879.2321   117044   24.81%
     39    41    12886.2362   267    17128.0000    12879.2321   127776   24.81%
     44    46    12886.2362   288    17128.0000    12879.2321   145307   24.81%
     47    49    12962.3143   198    17128.0000    12879.2321   155680   24.81%
     50    52    12978.0701   194    17128.0000    12879.2321   161075   24.81%
     54    56    13010.2313   213    17128.0000    12879.2321   171842   24.81%
Elapsed time = 55.30 sec. (57897.50 ticks, tree = 3.12 MB, solutions = 5)
*    70+   70                        16682.0000    12879.2321            22.80%
     79    81    13948.5981    70    16682.0000    12879.2321   181333   22.80%
*   100+  100                        15796.0000    12879.2321            18.47%
    118   120    15320.2565    59    15796.0000    12879.2321   189014   18.47%
    135   129    12879.2321   510    15796.0000    12879.2321   204796   18.47%
    136   130    12879.2321   602    15796.0000    12879.2321   219398   18.47%
    137   131    12879.2321   493    15796.0000    12879.2321   231295   18.47%
    138   132    12879.2321   442    15796.0000    12879.2321   236925   18.47%
    139   133    12879.2321   446    15796.0000    12879.2321   249179   18.47%
    140   134    12879.2321   487    15796.0000    12879.2321   255607   18.47%
    141   135    12879.2321   428    15796.0000    12879.2321   266734   18.47%
    142   136    12879.2321   429    15796.0000    12879.2321   280337   18.47%
Elapsed time = 121.08 sec. (128645.90 ticks, tree = 4.06 MB, solutions = 7)
    143   137    12938.1971   376    15796.0000    12879.2321   292067   18.47%
    144   138    12879.2321   497    15796.0000    12879.2321   306181   18.47%
    145   139    12879.2321   416    15796.0000    12879.2321   319822   18.47%
    146   140    12879.2321   347    15796.0000    12879.2321   342027   18.47%
    147   141    12879.2321   357    15796.0000    12879.2321   350454   18.47%
    148   142    12879.2321   358    15796.0000    12879.2321   353931   18.47%
    149   143    12879.2321   303    15796.0000    12879.2321   358305   18.47%
    150   144    12879.2321   299    15796.0000    12879.2321   366079   18.47%
    153   147    12879.2321   389    15796.0000    12879.2321   381429   18.47%
    158   152    12879.2321   326    15796.0000    12879.2321   390068   18.47%
Elapsed time = 187.01 sec. (195814.35 ticks, tree = 4.58 MB, solutions = 7)
    159   153    12879.2321   338    15796.0000    12879.2321   394970   18.47%
    160   154    12879.2321   327    15796.0000    12879.2321   398343   18.47%
    163   157    12879.2321   324    15796.0000    12879.2321   405352   18.47%
    164   158    12879.2321   381    15796.0000    12879.2321   408036   18.47%
    167   161    12882.8917   268    15796.0000    12879.2321   415322   18.47%
    170   164    12921.3209   347    15796.0000    12879.2321   428934   18.47%
    173   167    12896.7401   313    15796.0000    12879.2321   436590   18.47%
    177   171    12904.3889   392    15796.0000    12879.2321   446258   18.47%
    180   174    12917.9660   390    15796.0000    12879.2321   452040   18.47%
    183   177    12944.2389   249    15796.0000    12879.2321   455897   18.47%
Elapsed time = 203.52 sec. (212843.28 ticks, tree = 5.71 MB, solutions = 7)
    184   178    12933.0998   312    15796.0000    12879.2321   460017   18.47%
    186   180    12956.8129   274    15796.0000    12879.2321   462761   18.47%
    188   182    12970.8109   258    15796.0000    12879.2321   464904   18.47%
    191   185    13305.6578   259    15796.0000    12879.2321   468890   18.47%
    194   188    13167.2822   261    15796.0000    12879.2321   473223   18.47%
    231   211    12892.4686   429    15796.0000    12879.2321   487973   18.47%
    232   212    12892.6169   483    15796.0000    12879.2321   504905   18.47%
    233   213    12892.6169   471    15796.0000    12879.2321   512871   18.47%
    234   214    12892.6169   430    15796.0000    12879.2321   521433   18.47%
    235   215    12892.6169   393    15796.0000    12879.2321   528573   18.47%
Elapsed time = 239.08 sec. (246267.87 ticks, tree = 6.17 MB, solutions = 7)
    236   216    12892.6169   367    15796.0000    12879.2321   536357   18.47%
    237   217    12892.6603   409    15796.0000    12879.2321   542317   18.47%
    238   218    12892.6603   413    15796.0000    12879.2321   545556   18.47%
    239   219    12903.2442   397    15796.0000    12879.2321   552742   18.47%
    240   220    12907.6752   396    15796.0000    12879.2321   558145   18.47%
    241   221    12913.5561   402    15796.0000    12879.2321   561378   18.47%
    243   223    13017.2549   411    15796.0000    12879.2321   572618   18.47%
    244   224    13018.6732   408    15796.0000    12879.2321   578110   18.47%
    245   225    13018.6732   407    15796.0000    12879.2321   583625   18.47%
    246   226    13018.6732   389    15796.0000    12879.2321   585887   18.47%
Elapsed time = 261.84 sec. (269992.97 ticks, tree = 6.46 MB, solutions = 7)
    247   227    13018.6732   421    15796.0000    12879.2321   590538   18.47%
    248   228    13018.6732   404    15796.0000    12879.2321   595361   18.47%
    250   230    13018.6732   430    15796.0000    12879.2321   603463   18.47%
    251   231    13018.6732   395    15796.0000    12879.2321   608648   18.47%
    259   239    13018.6732   279    15796.0000    12879.2321   612658   18.47%
    260   240    13018.6732   271    15796.0000    12879.2321   613557   18.47%
    265   245    13020.5495   299    15796.0000    12879.2321   616699   18.47%
    271   251    13020.6078   342    15796.0000    12879.2321   621474   18.47%
    278   258    13035.2711   311    15796.0000    12879.2321   626266   18.47%
    282   262    13088.7220   300    15796.0000    12879.2321   630278   18.47%
Elapsed time = 286.13 sec. (294958.93 ticks, tree = 7.71 MB, solutions = 7)
    285   265    13113.9841   343    15796.0000    12879.2321   632451   18.47%
    289   269    13168.7619   278    15796.0000    12879.2321   637177   18.47%
    296   276    13453.3270   343    15796.0000    12879.2321   642168   18.47%
    301   281    13658.1488   293    15796.0000    12879.2321   646120   18.47%
    311   291    14612.0605    71    15796.0000    12879.2321   651255   18.47%
    327   297    12892.4686   524    15796.0000    12879.2321   679360   18.47%
    328   298    12892.4686   424    15796.0000    12879.2321   680826   18.47%
    331   301    12892.4686   319    15796.0000    12879.2321   684807   18.47%
    335   305    12892.4686   412    15796.0000    12879.2321   693305   18.47%
    336   306    12892.4686   403    15796.0000    12879.2321   698254   18.47%
Elapsed time = 313.76 sec. (323371.64 ticks, tree = 8.22 MB, solutions = 7)
    339   309    12892.5112   400    15796.0000    12879.2321   701940   18.47%
    340   310    12893.8898   411    15796.0000    12879.2321   703123   18.47%
    341   311    12894.0064   399    15796.0000    12879.2321   707334   18.47%
    342   312    12895.0116   373    15796.0000    12879.2321   709507   18.47%
    343   313    12895.2291   454    15796.0000    12879.2321   713627   18.47%
    344   314    12895.8360   463    15796.0000    12879.2321   715239   18.47%
    346   316    12933.6585   299    15796.0000    12879.2321   719495   18.47%
    350   320    12940.1143   293    15796.0000    12879.2321   723703   18.47%
    354   324    13038.0050   357    15796.0000    12879.2321   730208   18.47%
    370   340    13072.5542   374    15796.0000    12879.2321   743163   18.47%
Elapsed time = 329.43 sec. (339649.75 ticks, tree = 8.59 MB, solutions = 7)
    385   355    13442.7554   278    15796.0000    12879.2321   758779   18.47%
    404   370    12880.2771   494    15796.0000    12879.2321   790277   18.47%
    407   373    12880.2771   383    15796.0000    12879.2321   795208   18.47%
    414   380    12881.2829   418    15796.0000    12879.2321   809982   18.47%
    419   385    12892.4686   504    15796.0000    12879.2321   829293   18.47%
    422   388    12893.5923   468    15796.0000    12879.2321   838771   18.47%
    433   399    12940.6144   377    15796.0000    12879.2321   862643   18.47%
    437   403    13043.7344   507    15796.0000    12879.2321   877751   18.47%
    439   405    13043.7344   512    15796.0000    12879.2321   886536   18.47%
    440   406    13043.7344   442    15796.0000    12879.2321   896872   18.47%
Elapsed time = 386.45 sec. (398110.61 ticks, tree = 11.01 MB, solutions = 7)
    450   416    13108.7151   402    15796.0000    12879.2321   922185   18.47%
    469   435    13808.3167   214    15796.0000    12879.2321   959415   18.47%
    510   472    12880.4821   472    15796.0000    12879.2321   994188   18.47%
    511   473    12880.4821   465    15796.0000    12879.2321  1005941   18.47%
    513   475    12880.5371   372    15796.0000    12879.2321  1019845   18.47%
    520   482    12883.2146   289    15796.0000    12879.2321  1045861   18.47%
    522   484    12896.5229   374    15796.0000    12879.2321  1058651   18.47%
*   523+  477                        15389.0000    12879.2321            16.31%
    524   480    12887.7643   422    15389.0000    12879.2321  1073662   16.31%
    526   482    12896.6292   397    15389.0000    12879.2321  1085945   16.31%
    529   485    12935.9542   447    15389.0000    12879.2321  1100556   16.31%
Elapsed time = 437.32 sec. (452174.67 ticks, tree = 11.73 MB, solutions = 8)
    532   488    12955.4541   393    15389.0000    12879.2321  1117169   16.31%
    533   489    12971.8923   375    15389.0000    12879.2321  1129839   16.31%
    536   492    12990.3842   426    15389.0000    12879.2321  1140579   16.31%
    556   512    14723.8965   211    15389.0000    12879.2321  1160964   16.31%
    563   516    12882.5292   487    15389.0000    12879.2321  1174079   16.31%
    565   518    12888.7777   492    15389.0000    12879.2321  1186073   16.31%
    567   520    12888.7777   470    15389.0000    12879.2321  1197724   16.31%
    568   521    12894.9204   389    15389.0000    12879.2321  1209524   16.31%
    570   523    12899.1372   394    15389.0000    12879.2321  1220111   16.31%
    573   526    12899.1372   353    15389.0000    12879.2321  1230922   16.31%
Elapsed time = 481.78 sec. (497766.75 ticks, tree = 12.22 MB, solutions = 8)
    575   528    12899.9116   450    15389.0000    12879.2321  1241716   16.31%
    580   533    12921.9965   358    15389.0000    12879.2321  1255302   16.31%
    595   548    13116.1521   238    15389.0000    12879.2321  1270715   16.31%
    625   574    12882.0677   446    15389.0000    12879.2321  1302988   16.31%
    626   575    12882.6371   468    15389.0000    12879.2321  1309618   16.31%
    627   576    12938.1971   456    15389.0000    12879.2321  1327026   16.31%
    630   579    12882.6371   444    15389.0000    12879.2321  1338294   16.31%

Performing restart 1

Repeating presolve.
Tried aggregator 2 times.
MIP Presolve eliminated 119 rows and 46 columns.
MIP Presolve modified 9189 coefficients.
Aggregator did 24 substitutions.
Reduced MIP has 22082 rows, 21592 columns, and 84482 nonzeros.
Reduced MIP has 21592 binaries, 0 generals, 0 SOSs, and 0 indicators.
Presolve time = 0.12 sec. (131.43 ticks)
Tried aggregator 2 times.
MIP Presolve eliminated 53 rows and 49 columns.
MIP Presolve modified 430 coefficients.
Aggregator did 3 substitutions.
Reduced MIP has 22026 rows, 21540 columns, and 83683 nonzeros.
Reduced MIP has 21540 binaries, 0 generals, 0 SOSs, and 0 indicators.
Presolve time = 0.12 sec. (129.62 ticks)
Represolve time = 2.30 sec. (2059.46 ticks)
    633     0    12905.7195   610    15389.0000      Cuts: 26  1374672   16.14%
    633     0    12926.9378   549    15389.0000      Cuts: 43  1393828   16.00%
    633     0    12941.0514   506    15389.0000      Cuts: 26  1411251   15.91%
    633     0    12945.4750   617    15389.0000      Cuts: 46  1425984   15.88%
    633     0    12946.4397   629    15389.0000      Cuts: 30  1443646   15.87%
    633     0    12949.4270   666    15389.0000      Cuts: 28  1459031   15.85%
    633     0    12955.6101   591    15389.0000      Cuts: 38  1473313   15.81%
    633     0    12961.6982   675    15389.0000      Cuts: 35  1489034   15.77%
    633     0    12965.8889   623    15389.0000      Cuts: 36  1501511   15.75%
    633     0    12967.2947   529    15389.0000      Cuts: 23  1513420   15.74%
    633     0    12969.3808   648    15389.0000      Cuts: 27  1526274   15.72%
    633     0    12970.3235   593    15389.0000      Cuts: 28  1538009   15.72%
    633     0    12971.4137   727    15389.0000      Cuts: 26  1550008   15.71%
    633     0    12973.8078   669    15389.0000      Cuts: 28  1562280   15.69%
    633     0    12975.7562   634    15389.0000      Cuts: 22  1576146   15.68%
    633     0    12977.2757   664    15389.0000      Cuts: 23  1590351   15.67%
    633     0    12978.1155   666    15389.0000      Cuts: 22  1601039   15.67%
    633     0    12979.1489   604    15389.0000      Cuts: 17  1606155   15.66%
    633     0    12985.8778   551    15389.0000      Cuts: 27  1621116   15.62%
    633     0    12986.4828   543    15389.0000      Cuts: 24  1635351   15.61%
    633     0    12987.7993   563    15389.0000      Cuts: 23  1649337   15.60%
    633     0    12988.5347   543    15389.0000      Cuts: 20  1663464   15.60%
    633     2    12988.5347   406    15389.0000    12988.5664  1663464   15.60%
    634     3    12993.7330   441    15389.0000    12993.9826  1670361   15.56%
    635     4    12994.4883   508    15389.0000    12993.9826  1693858   15.56%
Elapsed time = 760.18 sec. (842644.27 ticks, tree = 0.02 MB, solutions = 8)
    636     5    13050.3146   605    15389.0000    12993.9826  1707846   15.56%
    637     6    12998.3295   544    15389.0000    12993.9826  1739201   15.56%
    639     8    13001.3096   391    15389.0000    12993.9826  1759222   15.56%
    644    13    13012.2705   321    15389.0000    12993.9826  1764361   15.56%
    649    18    13048.5133   329    15389.0000    12993.9826  1776507   15.56%
    652    21    13033.3571   347    15389.0000    12993.9826  1785989   15.56%
    658    27    13093.4860   271    15389.0000    12993.9826  1807718   15.56%
    664    33    13083.6603   268    15389.0000    12993.9826  1821228   15.56%
    671    40    13091.2115   290    15389.0000    12993.9826  1832213   15.56%
    681    50    13110.9189   265    15389.0000    12993.9826  1850831   15.56%
Elapsed time = 822.79 sec. (917421.03 ticks, tree = 0.48 MB, solutions = 8)
    691    60    13142.1250   252    15389.0000    12993.9826  1872238   15.56%
    706    75    13356.7431   275    15389.0000    12993.9826  1891474   15.56%
    729    96    13770.0000   204    15389.0000    12993.9826  1902040   15.56%
Starting limited solution polishing.
    733   100    13770.0000   178    15389.0000    12993.9826  1902833   15.56%
    760   120    13026.2385   493    15389.0000    13010.5386  1930105   15.46%
    767   127    13050.4567   304    15389.0000    13010.5386  1951439   15.46%
    773   133    13086.4749   312    15389.0000    13010.5386  1965016   15.46%
    783   143    13153.6990   262    15389.0000    13010.5386  1983842   15.46%
    794   154    13153.3226   264    15389.0000    13010.5386  2006309   15.46%
    813   173    13550.6739   155    15389.0000    13010.5386  2028124   15.46%
Elapsed time = 874.25 sec. (983080.01 ticks, tree = 1.85 MB, solutions = 8)
*   833+  191                        15291.0000    13010.5386            14.91%
*   833+  191                        15261.0000    13010.5386            14.75%
    833   193    13506.7447   152    15261.0000    13010.5386  2039120   14.75%
    848   204    13072.3181   345    15261.0000    13012.4274  2063791   14.73%
    858   214    13128.6648   224    15261.0000    13012.4274  2086257   14.73%
    878   234    13406.7099   193    15261.0000    13012.4274  2103934   14.73%

Cover cuts applied:  26
Mixed integer rounding cuts applied:  81
Zero-half cuts applied:  6
Gomory fractional cuts applied:  3

Root node processing (before b&c):
  Real time             =   34.86 sec. (35331.39 ticks)
Sequential b&c:
  Real time             =  865.15 sec. (981629.36 ticks)
                          ------------
Total (root+branch&cut) =  900.01 sec. (1016960.75 ticks)
MIP: [1;32mCPLEX finished.[0m
MIP: [1;32mCPLEX status: Feasible[0m
MIP: [1;32mSolution: 
Indexes: [12, 20, 7, 20, 2, 21, 8, 14, 8, 9, 18, 20, 13, 13, 21, 12, 18, 4, 4, 1, 18, 20, 7, 5, 16, 5, 13, 2, 12, 0][14, 5, 16, -1, 17, 0, -1, 16, 14, 9, -1, -1, 9, 0, 14, -1, 7, -1, 19, -1, 7, 5], P Variables: [0, 0][0, 0][0, 0][0, 0][0, 0][0, 0][0, 0][0, 0][0, 0][0, 0][0, 0][0, 0][0, 0][0, 0][0, 0][0, 0][0, 0][0, 0][0, 0][0, 0][0, 0][0, 0][0, 0][0, 0][0, 0][0, 0][0, 0][0, 0][0, 0][0, 0], Flow leaving each bin: Level: 0, Item: 0 => [0]
Level: 0, Item: 1 => [1]
Level: 0, Item: 2 => [2]
Level: 0, Item: 3 => [3]
Level: 0, Item: 4 => [4]
Level: 0, Item: 5 => [5]
Level: 0, Item: 6 => [6]
Level: 0, Item: 7 => [7]
Level: 0, Item: 8 => [8]
Level: 0, Item: 9 => [9]
Level: 0, Item: 10 => [10]
Level: 0, Item: 11 => [11]
Level: 0, Item: 12 => [12]
Level: 0, Item: 13 => [13]
Level: 0, Item: 14 => [14]
Level: 0, Item: 15 => [15]
Level: 0, Item: 16 => [16]
Level: 0, Item: 17 => [17]
Level: 0, Item: 18 => [18]
Level: 0, Item: 19 => [19]
Level: 0, Item: 20 => [20]
Level: 0, Item: 21 => [21]
Level: 0, Item: 22 => [22]
Level: 0, Item: 23 => [23]
Level: 0, Item: 24 => [24]
Level: 0, Item: 25 => [25]
Level: 0, Item: 26 => [26]
Level: 0, Item: 27 => [27]
Level: 0, Item: 28 => [28]
Level: 0, Item: 29 => [29]
Level: 1, Bin: 0 => [29]
Level: 1, Bin: 1 => [19]
Level: 1, Bin: 2 => [4, 27]
Level: 1, Bin: 4 => [17, 18]
Level: 1, Bin: 5 => [23, 25]
Level: 1, Bin: 7 => [2, 22]
Level: 1, Bin: 8 => [6, 8]
Level: 1, Bin: 9 => [9]
Level: 1, Bin: 12 => [0, 15, 28]
Level: 1, Bin: 13 => [12, 13, 26]
Level: 1, Bin: 14 => [7]
Level: 1, Bin: 16 => [24]
Level: 1, Bin: 18 => [10, 16, 20]
Level: 1, Bin: 20 => [1, 3, 11, 21]
Level: 1, Bin: 21 => [5, 14]
Level: 2, Bin: 0 => [12, 13, 23, 25, 26]
Level: 2, Bin: 5 => [5, 14, 19]
Level: 2, Bin: 7 => [1, 3, 11, 21, 24]
Level: 2, Bin: 9 => [0, 9, 15, 28]
Level: 2, Bin: 14 => [6, 7, 8, 29]
Level: 2, Bin: 16 => [2, 4, 22, 27]
Level: 2, Bin: 17 => [17, 18]
Level: 2, Bin: 19 => [10, 16, 20]
[0m
MIP: [1;32mObjective value: 15261[0m
MIP: [1;32mLower Bound: 13012.4[0m
MIP: [1;32mBranch-and-Bound nodes: 883[0m

# best solution:
best objective value:	15261
best dual bound value:	13012
optimality gap:	14.7369%
CPU time:	897.229
