ifile	/scratch/csagturk/mlbppo_inst/n0030_m05_p200__033.inst
prob	NFMLBPPO
threads	1
ttime	900
instance: /scratch/csagturk/mlbppo_inst/n0030_m05_p200__033.inst
	m=5, n=[30, 24, 27, 29, 26, 26], #pos=60
MIP: [1;32minit CPLEX[0m
CAN: [1;35mcreated 3581 x_{ijk} variables[0m
CAN: [1;35mcreated 162 y_{ij} variables[0m
CAN: [1;35mcreated 4860 f_{ijkh} variables[0m
MIP: [1;32mcreated decision variables[0m
CAN: [1;35madded 30 constraints to enforce the packing of each item[0m
CAN: [1;35madded 106 constraints to enforce the packing of each item[0m
CAN: [1;35madded 132 capacity constraints[0m
MIP: [1;32mcreated constraints[0m
MIP: [1;32mcreated objective function[0m
MIP: [1;32mcalling CPLEX solve ...[0m
Version identifier: 22.1.0.0 | 2022-03-09 | 1a383f8ce
CPXPARAM_Threads                                 1
CPXPARAM_TimeLimit                               900
Tried aggregator 2 times.
MIP Presolve eliminated 30046 rows and 30969 columns.
MIP Presolve modified 3508 coefficients.
Aggregator did 379 substitutions.
Reduced MIP has 83749 rows, 81635 columns, and 340243 nonzeros.
Reduced MIP has 81317 binaries, 0 generals, 0 SOSs, and 208 indicators.
Presolve time = 0.52 sec. (467.52 ticks)
Elapsed time = 12.02 sec. (10000.06 ticks) for 19% of probing (348 vars fixed)
Probing fixed 348 vars, tightened 212 bounds.
Probing time = 13.48 sec. (11389.14 ticks)
Tried aggregator 2 times.
Detecting symmetries...
MIP Presolve eliminated 1459 rows and 1513 columns.
MIP Presolve modified 106 coefficients.
Aggregator did 4 substitutions.
Reduced MIP has 82392 rows, 80118 columns, and 335368 nonzeros.
Reduced MIP has 80118 binaries, 0 generals, 0 SOSs, and 0 indicators.
Presolve time = 0.62 sec. (510.01 ticks)
Probing time = 0.06 sec. (27.55 ticks)
Clique table members: 236956.
MIP emphasis: balance optimality and feasibility.
MIP search method: dynamic search.
Parallel mode: none, using 1 thread.
Root relaxation solution time = 38.79 sec. (33789.99 ticks)

        Nodes                                         Cuts/
   Node  Left     Objective  IInf  Best Integer    Best Bound    ItCnt     Gap

      0     0    21279.5144   775                  21279.5144    39337         
      0     0    21460.9216   877                    Cuts: 75    87230         
      0     0    21531.5526  1006                    Cuts: 78   140458         
      0     0    21684.3921   908                    Cuts: 62   177041         
      0     0    21751.7316  1219                    Cuts: 79   223768         
      0     0    21826.9426  1098                    Cuts: 66   261275         
      0     0    21892.2051   993                    Cuts: 70   294032         
      0     0    21986.3323  1085                    Cuts: 78   346437         
      0     0    22051.4263  1243                    Cuts: 59   405709         
      0     0    22105.0398   989                    Cuts: 60   449613         

Clique cuts applied:  26
Cover cuts applied:  46
Flow cuts applied:  3
Mixed integer rounding cuts applied:  107
Zero-half cuts applied:  41
Gomory fractional cuts applied:  2

Root node processing (before b&c):
  Real time             =  900.03 sec. (617492.44 ticks)
Sequential b&c:
  Real time             =    0.00 sec. (0.00 ticks)
                          ------------
Total (root+branch&cut) =  900.03 sec. (617492.44 ticks)
MIP: [1;32mCPLEX finished.[0m
MIP: [1;32mCPLEX status: Unknown[0m
MIP: [1;32mNo feasible solution exits[0m
