ifile	/scratch/csagturk/mlbppo_inst/n0040_m04_p100__065.inst
prob	NFMLBPPO
threads	1
ttime	900
instance: /scratch/csagturk/mlbppo_inst/n0040_m04_p100__065.inst
	m=4, n=[40, 27, 27, 23, 26], #pos=40
MIP: [1;32minit CPLEX[0m
CAN: [1;35mcreated 3028 x_{ijk} variables[0m
CAN: [1;35mcreated 143 y_{ij} variables[0m
CAN: [1;35mcreated 5720 f_{ijkh} variables[0m
MIP: [1;32mcreated decision variables[0m
CAN: [1;35madded 40 constraints to enforce the packing of each item[0m
CAN: [1;35madded 77 constraints to enforce the packing of each item[0m
CAN: [1;35madded 103 capacity constraints[0m
MIP: [1;32mcreated constraints[0m
MIP: [1;32mcreated objective function[0m
MIP: [1;32mcalling CPLEX solve ...[0m
Version identifier: 22.1.0.0 | 2022-03-09 | 1a383f8ce
CPXPARAM_Threads                                 1
CPXPARAM_TimeLimit                               900
Tried aggregator 2 times.
MIP Presolve eliminated 28244 rows and 28946 columns.
MIP Presolve added 4 rows and 0 columns.
MIP Presolve modified 2484 coefficients.
Aggregator did 456 substitutions.
Reduced MIP has 98537 rows, 96659 columns, and 370184 nonzeros.
Reduced MIP has 96428 binaries, 0 generals, 0 SOSs, and 146 indicators.
Presolve time = 0.60 sec. (516.75 ticks)
Elapsed time = 13.15 sec. (10000.05 ticks) for 28% of probing (2029 vars fixed)
Probing fixed 2029 vars, tightened 154 bounds.
Probing time = 23.83 sec. (16535.78 ticks)
Tried aggregator 2 times.
Detecting symmetries...
MIP Presolve eliminated 3576 rows and 3473 columns.
MIP Presolve modified 8 coefficients.
Aggregator did 35 substitutions.
Reduced MIP has 94934 rows, 93151 columns, and 354962 nonzeros.
Reduced MIP has 93151 binaries, 0 generals, 0 SOSs, and 0 indicators.
Presolve time = 0.77 sec. (590.96 ticks)
Probing time = 0.08 sec. (33.67 ticks)
Clique table members: 260047.
MIP emphasis: balance optimality and feasibility.
MIP search method: dynamic search.
Parallel mode: none, using 1 thread.
Root relaxation solution time = 261.97 sec. (249628.32 ticks)

        Nodes                                         Cuts/
   Node  Left     Objective  IInf  Best Integer    Best Bound    ItCnt     Gap

      0     0    28548.0395  1347                  28548.0395   114676         
      0     0    28725.1467   853                    Cuts: 61   195450         
      0     0    28862.0665   927                   Cuts: 109   258736         
      0     0    28968.8943  1067                   Cuts: 127   319813         
      0     0    29080.8977  1012                    Cuts: 77   375313         
      0     0    29140.2730  1246                    Cuts: 94   424248         

Clique cuts applied:  20
Cover cuts applied:  65
Flow cuts applied:  6
Mixed integer rounding cuts applied:  85
Zero-half cuts applied:  56
Gomory fractional cuts applied:  2

Root node processing (before b&c):
  Real time             =  900.02 sec. (704561.80 ticks)
Sequential b&c:
  Real time             =    0.00 sec. (0.00 ticks)
                          ------------
Total (root+branch&cut) =  900.02 sec. (704561.80 ticks)
MIP: [1;32mCPLEX finished.[0m
MIP: [1;32mCPLEX status: Unknown[0m
MIP: [1;32mNo feasible solution exits[0m
