ifile	/scratch/csagturk/mlbppo_inst/n0040_m04_p200__086.inst
prob	NFMLBPPO
threads	1
ttime	900
instance: /scratch/csagturk/mlbppo_inst/n0040_m04_p200__086.inst
	m=4, n=[40, 38, 41, 40, 40], #pos=80
MIP: [1;32minit CPLEX[0m
CAN: [1;35mcreated 6318 x_{ijk} variables[0m
CAN: [1;35mcreated 199 y_{ij} variables[0m
CAN: [1;35mcreated 7960 f_{ijkh} variables[0m
MIP: [1;32mcreated decision variables[0m
CAN: [1;35madded 40 constraints to enforce the packing of each item[0m
CAN: [1;35madded 119 constraints to enforce the packing of each item[0m
CAN: [1;35madded 159 capacity constraints[0m
MIP: [1;32mcreated constraints[0m
MIP: [1;32mcreated objective function[0m
MIP: [1;32mcalling CPLEX solve ...[0m
Version identifier: 22.1.0.0 | 2022-03-09 | 1a383f8ce
CPXPARAM_Threads                                 1
CPXPARAM_TimeLimit                               900
Tried aggregator 2 times.
MIP Presolve eliminated 76145 rows and 77941 columns.
MIP Presolve modified 6507 coefficients.
Aggregator did 438 substitutions.
Reduced MIP has 187088 rows, 183608 columns, and 797823 nonzeros.
Reduced MIP has 183251 binaries, 0 generals, 0 SOSs, and 237 indicators.
Presolve time = 1.27 sec. (1111.15 ticks)
Elapsed time = 16.90 sec. (10002.14 ticks) for 3% of probing (2540 vars fixed)
Elapsed time = 33.40 sec. (20002.41 ticks) for 6% of probing (3680 vars fixed)
Elapsed time = 48.82 sec. (30003.42 ticks) for 8% of probing (4216 vars fixed)
Elapsed time = 64.78 sec. (40004.41 ticks) for 10% of probing (4780 vars fixed)
Elapsed time = 79.91 sec. (50005.10 ticks) for 12% of probing (5238 vars fixed)
Elapsed time = 96.33 sec. (60006.32 ticks) for 14% of probing (5686 vars fixed)
Elapsed time = 111.34 sec. (70006.36 ticks) for 23% of probing (6677 vars fixed)
Probing fixed 6677 vars, tightened 238 bounds.
Probing time = 113.48 sec. (71461.42 ticks)
Tried aggregator 2 times.
Detecting symmetries...
MIP Presolve eliminated 8685 rows and 8526 columns.
MIP Presolve modified 119 coefficients.
Aggregator did 1 substitutions.
Reduced MIP has 178521 rows, 175081 columns, and 758510 nonzeros.
Reduced MIP has 175081 binaries, 0 generals, 0 SOSs, and 0 indicators.
Presolve time = 1.65 sec. (1203.40 ticks)
Probing time = 0.15 sec. (55.28 ticks)
Clique table members: 526797.
MIP emphasis: balance optimality and feasibility.
MIP search method: dynamic search.
Parallel mode: none, using 1 thread.
Root relaxation solution time = 779.26 sec. (407761.94 ticks)

        Nodes                                         Cuts/
   Node  Left     Objective  IInf  Best Integer    Best Bound    ItCnt     Gap

      0     0  -1.00000e+37     0                      0.0000   174034         

Root node processing (before b&c):
  Real time             =  900.14 sec. (484443.16 ticks)
Sequential b&c:
  Real time             =    0.00 sec. (0.00 ticks)
                          ------------
Total (root+branch&cut) =  900.14 sec. (484443.16 ticks)
MIP: [1;32mCPLEX finished.[0m
MIP: [1;32mCPLEX status: Unknown[0m
MIP: [1;32mNo feasible solution exits[0m
