ifile	/scratch/csagturk/mlbppo_inst/n0040_m05_p050__030.inst
prob	NFMLBPPO
threads	1
ttime	900
instance: /scratch/csagturk/mlbppo_inst/n0040_m05_p050__030.inst
	m=5, n=[40, 27, 21, 20, 20, 16], #pos=20
MIP: [1;32minit CPLEX[0m
CAN: [1;35mcreated 2787 x_{ijk} variables[0m
CAN: [1;35mcreated 144 y_{ij} variables[0m
CAN: [1;35mcreated 5760 f_{ijkh} variables[0m
MIP: [1;32mcreated decision variables[0m
CAN: [1;35madded 40 constraints to enforce the packing of each item[0m
CAN: [1;35madded 88 constraints to enforce the packing of each item[0m
CAN: [1;35madded 104 capacity constraints[0m
MIP: [1;32mcreated constraints[0m
MIP: [1;32mcreated objective function[0m
MIP: [1;32mcalling CPLEX solve ...[0m
Version identifier: 22.1.0.0 | 2022-03-09 | 1a383f8ce
CPXPARAM_Threads                                 1
CPXPARAM_TimeLimit                               900
Tried aggregator 2 times.
MIP Presolve eliminated 24280 rows and 24887 columns.
MIP Presolve modified 1149 coefficients.
Aggregator did 519 substitutions.
Reduced MIP has 92245 rows, 90485 columns, and 327029 nonzeros.
Reduced MIP has 90221 binaries, 0 generals, 0 SOSs, and 165 indicators.
Presolve time = 0.55 sec. (467.37 ticks)
Probing fixed 0 vars, tightened 176 bounds.
Probing time = 8.98 sec. (7442.32 ticks)
Tried aggregator 2 times.
Detecting symmetries...
MIP Presolve eliminated 1313 rows and 1361 columns.
MIP Presolve modified 88 coefficients.
Aggregator did 11 substitutions.
Reduced MIP has 91009 rows, 89113 columns, and 323606 nonzeros.
Reduced MIP has 89113 binaries, 0 generals, 0 SOSs, and 0 indicators.
Presolve time = 0.72 sec. (542.85 ticks)
Probing time = 0.07 sec. (31.90 ticks)
Clique table members: 242030.
MIP emphasis: balance optimality and feasibility.
MIP search method: dynamic search.
Parallel mode: none, using 1 thread.
Root relaxation solution time = 177.70 sec. (149950.14 ticks)

        Nodes                                         Cuts/
   Node  Left     Objective  IInf  Best Integer    Best Bound    ItCnt     Gap

      0     0    31203.6532  1392                  31203.6532    90361         
      0     0    31592.5212  1234                   Cuts: 136   184940         
      0     0    31656.9811  1484                   Cuts: 143   257052         
      0     0    31705.1512  1414                    Cuts: 99   333341         
      0     0    31840.7779  1340                   Cuts: 132   375656         
      0     0    31945.0873  1380                   Cuts: 103   415569         

Clique cuts applied:  32
Cover cuts applied:  61
Flow cuts applied:  2
Mixed integer rounding cuts applied:  97
Zero-half cuts applied:  56
Gomory fractional cuts applied:  1

Root node processing (before b&c):
  Real time             =  900.02 sec. (646396.95 ticks)
Sequential b&c:
  Real time             =    0.00 sec. (0.00 ticks)
                          ------------
Total (root+branch&cut) =  900.02 sec. (646396.95 ticks)
MIP: [1;32mCPLEX finished.[0m
MIP: [1;32mCPLEX status: Unknown[0m
MIP: [1;32mNo feasible solution exits[0m
