ifile	/scratch/csagturk/mlbppo_inst/n0040_m03_p050__080.inst
prob	NFMLBPPO
threads	1
ttime	900
instance: /scratch/csagturk/mlbppo_inst/n0040_m03_p050__080.inst
	m=3, n=[40, 21, 19, 21], #pos=20
MIP: [1;32minit CPLEX[0m
CAN: [1;35mcreated 1638 x_{ijk} variables[0m
CAN: [1;35mcreated 101 y_{ij} variables[0m
CAN: [1;35mcreated 4040 f_{ijkh} variables[0m
MIP: [1;32mcreated decision variables[0m
CAN: [1;35madded 40 constraints to enforce the packing of each item[0m
CAN: [1;35madded 40 constraints to enforce the packing of each item[0m
CAN: [1;35madded 61 capacity constraints[0m
MIP: [1;32mcreated constraints[0m
MIP: [1;32mcreated objective function[0m
MIP: [1;32mcalling CPLEX solve ...[0m
Version identifier: 22.1.0.0 | 2022-03-09 | 1a383f8ce
CPXPARAM_Threads                                 1
CPXPARAM_TimeLimit                               900
Tried aggregator 2 times.
MIP Presolve eliminated 8600 rows and 8815 columns.
MIP Presolve modified 1305 coefficients.
Aggregator did 400 substitutions.
Reduced MIP has 59941 rows, 59244 columns, and 210443 nonzeros.
Reduced MIP has 59124 binaries, 0 generals, 0 SOSs, and 74 indicators.
Presolve time = 0.34 sec. (296.25 ticks)
Probing fixed 0 vars, tightened 80 bounds.
Probing time = 7.63 sec. (5971.44 ticks)
Tried aggregator 2 times.
Detecting symmetries...
MIP Presolve eliminated 1038 rows and 1038 columns.
MIP Presolve modified 6 coefficients.
Aggregator did 6 substitutions.
Reduced MIP has 58903 rows, 58200 columns, and 207591 nonzeros.
Reduced MIP has 58200 binaries, 0 generals, 0 SOSs, and 0 indicators.
Presolve time = 0.46 sec. (359.30 ticks)
Probing time = 0.05 sec. (23.94 ticks)
Clique table members: 153177.
MIP emphasis: balance optimality and feasibility.
MIP search method: dynamic search.
Parallel mode: none, using 1 thread.
Root relaxation solution time = 20.95 sec. (23214.74 ticks)

        Nodes                                         Cuts/
   Node  Left     Objective  IInf  Best Integer    Best Bound    ItCnt     Gap

      0     0    22224.1180   794                  22224.1180    20621         
      0     0    22255.0623   480                    Cuts: 49    44407         
      0     0    22268.4780   737                    Cuts: 98    68476         
      0     0    22300.1682   784                    Cuts: 72    95301         
      0     0    22310.9500   634                    Cuts: 66   131227         
      0     0    22315.8138   799                    Cuts: 71   155572         
      0     0    22323.7585   759                    Cuts: 70   186422         
      0     0    22332.9164   702                   Cuts: 107   228333         
      0     0    22338.0412   745                    Cuts: 82   249717         
      0     0    22351.5733   829                    Cuts: 55   275945         
      0     0    22361.0433   723                    Cuts: 65   310519         
      0     0    22372.0202   742                    Cuts: 64   347004         
      0     0    22395.3360   822                    Cuts: 78   370263         
      0     0    22396.5722   808                    Cuts: 55   402610         
      0     0    22398.2032   821                    Cuts: 71   428156         
      0     0    22398.9614   711                    Cuts: 28   459620         
      0     0    22400.2324   690                    Cuts: 50   499375         
      0     0    22401.1279   761                    Cuts: 46   538437         
Heuristic still looking.
Heuristic still looking.
*     0+    0                        38735.0000    22401.1279            42.17%
*     0+    0                        36587.0000    22401.1279            38.77%
      0     2    22401.1279   633    36587.0000    22401.2653   538437   38.77%
Elapsed time = 750.34 sec. (754633.94 ticks, tree = 0.01 MB, solutions = 2)
      1     3    22409.3053   692    36587.0000    22401.2653   556558   38.77%
      2     4    22417.6612   640    36587.0000    22409.4090   574958   38.75%
      3     5    22414.1954   699    36587.0000    22409.4989   594117   38.75%
      4     6    22410.1843   682    36587.0000    22410.1843   606863   38.75%
      5     7    22410.1843   626    36587.0000    22410.1843   609960   38.75%
      6     8    22410.1843   504    36587.0000    22410.1843   636994   38.75%
      7     9    22410.6465   442    36587.0000    22410.1843   642948   38.75%
      8    10    22410.6465   450    36587.0000    22410.1843   644595   38.75%
      9    11    22410.6465   460    36587.0000    22410.1843   646460   38.75%
     10    12    22410.6465   472    36587.0000    22410.1843   652847   38.75%
Elapsed time = 818.65 sec. (822910.89 ticks, tree = 1.58 MB, solutions = 2)
     12    14    22410.6465   460    36587.0000    22410.1843   668330   38.75%
     14    16    22412.1250   383    36587.0000    22410.1843   673653   38.75%
     17    19    22416.4544   400    36587.0000    22410.1843   681207   38.75%
     18    20    22420.2764   411    36587.0000    22410.1843   683764   38.75%
     20    22    22416.4544   425    36587.0000    22410.1843   695630   38.75%
     21    23    22416.4544   407    36587.0000    22410.1843   707648   38.75%
     23    25    22416.4544   424    36587.0000    22410.1843   712754   38.75%
     25    27    22416.4544   407    36587.0000    22410.1843   714124   38.75%
     30    32    22416.4544   417    36587.0000    22410.1843   717836   38.75%
     32    34    22417.8621   436    36587.0000    22410.1843   735240   38.75%
Elapsed time = 844.31 sec. (850423.51 ticks, tree = 4.88 MB, solutions = 2)
     33    35    22417.6649   402    36587.0000    22410.1843   746197   38.75%
     34    36    22417.6649   405    36587.0000    22410.1843   752711   38.75%
     35    37    22417.6649   411    36587.0000    22410.1843   789984   38.75%
     37    39    22417.6649   409    36587.0000    22410.1843   791267   38.75%
     39    41    22418.2742   398    36587.0000    22410.1843   796845   38.75%
     41    43    22425.5547   409    36587.0000    22410.1843   804351   38.75%
     43    45    22425.5547   427    36587.0000    22410.1843   817740   38.75%
     45    47    22418.2742   390    36587.0000    22410.1843   826852   38.75%
     46    48    22420.1406   434    36587.0000    22410.1843   834114   38.75%
     47    49    22481.1172   341    36587.0000    22410.1843   838366   38.75%
Elapsed time = 859.60 sec. (868544.36 ticks, tree = 7.57 MB, solutions = 2)
     50    52    22496.7215   347    36587.0000    22410.1843   850111   38.75%
     52    54    22491.7038   320    36587.0000    22410.1843   860074   38.75%
     58    60    22491.7038   320    36587.0000    22410.1843   868493   38.75%
     60    62    22491.7038   336    36587.0000    22410.1843   871322   38.75%
     64    66    22491.7038   351    36587.0000    22410.1843   879694   38.75%
     67    69    22491.7038   371    36587.0000    22410.1843   889696   38.75%
     72    74    22491.7038   365    36587.0000    22410.1843   896616   38.75%
     77    79    22491.7038   332    36587.0000    22410.1843   902872   38.75%
     79    81    22491.7038   342    36587.0000    22410.1843   918354   38.75%
     81    83    22491.7038   341    36587.0000    22410.1843   925602   38.75%
Elapsed time = 869.09 sec. (880839.79 ticks, tree = 8.51 MB, solutions = 2)
     84    86    22491.7038   330    36587.0000    22410.1843   933675   38.75%
     87    89    22502.5169   352    36587.0000    22410.1843   943196   38.75%
     89    91    22777.5787   288    36587.0000    22410.1843   952973   38.75%
*    90+   90                        26507.0000    22410.1843            15.46%
     90    92    22555.3713   305    26507.0000    22410.1843   957116   15.46%
     93    95    22589.8305   318    26507.0000    22410.1843   964874   15.46%
     96    98    22631.8304   273    26507.0000    22410.1843   973815   15.46%
     99   101    22637.8640   264    26507.0000    22410.1843   987679   15.46%
Starting limited solution polishing.
    100   102    22642.1735   262    26507.0000    22410.1843   989869   15.46%
    104   106    22778.7360   220    26507.0000    22410.1843  1000741   15.46%
    108   110    22778.7471   235    26507.0000    22410.1843  1009131   15.46%
Elapsed time = 877.66 sec. (892284.38 ticks, tree = 9.29 MB, solutions = 3)
    110   112    22851.6652   237    26507.0000    22410.1843  1011975   15.46%
    117   119    22809.5308   191    26507.0000    22410.1843  1023341   15.46%
*   120+  120                        25574.0000    22410.1843            12.37%
    120   122    22802.0187   176    25574.0000    22410.1843  1027634   12.37%
    129   131    22802.0187   209    25574.0000    22410.1843  1039356   12.37%
    133   135    22802.0187   205    25574.0000    22410.1843  1050472   12.37%
    138   140    22999.2679   319    25574.0000    22410.1843  1057998   12.37%
    143   145    22802.0187   191    25574.0000    22410.1843  1064494   12.37%
    147   149    22816.8573   310    25574.0000    22410.1843  1073775   12.37%
    149   151    22828.7207   197    25574.0000    22410.1843  1086213   12.37%
    150   152    22842.1419   196    25574.0000    22410.1843  1089570   12.37%
Elapsed time = 887.74 sec. (905576.53 ticks, tree = 10.53 MB, solutions = 4)
    153   155    23676.2805   257    25574.0000    22410.1843  1099229   12.37%
    157   159    22939.1042   213    25574.0000    22410.1843  1107923   12.37%
    164   166    22965.6671   140    25574.0000    22410.1843  1116517   12.37%
    170   172    23148.4815   119    25574.0000    22410.1843  1124600   12.37%
    180   182    23260.7630   124    25574.0000    22410.1843  1131432   12.37%
    191   193    24204.8609    62    25574.0000    22410.1843  1138052   12.37%

Clique cuts applied:  9
Cover cuts applied:  31
Flow cuts applied:  2
Mixed integer rounding cuts applied:  56
Zero-half cuts applied:  19
Gomory fractional cuts applied:  3

Root node processing (before b&c):
  Real time             =  738.53 sec. (748279.01 ticks)
Sequential b&c:
  Real time             =  161.49 sec. (171996.24 ticks)
                          ------------
Total (root+branch&cut) =  900.01 sec. (920275.25 ticks)
MIP: [1;32mCPLEX finished.[0m
MIP: [1;32mCPLEX status: Feasible[0m
MIP: [1;32mSolution: 
Indexes: [12, 10, 7, 15, 1, 14, 0, 9, 10, 19, 2, 4, 0, 7, 5, 18, 1, 8, 6, 12, 15, 3, 2, 9, 13, 13, 14, 11, 11, 17, 6, 5, 0, 19, 18, 8, 17, 4, 15, 10][13, 3, 15, 3, 4, 13, 18, 9, 5, 14, 6, 5, 0, 9, 11, 11, -1, 14, 15, 4, -1][8, -1, -1, 14, 15, 8, 16, -1, -1, 15, -1, 11, -1, 16, 14, 11, -1, -1, 6], P Variables: [0, 0, 0][0, 0, 0][0, 0, 0][0, 0, 0][0, 0, 0][0, 0, 0][0, 0, 0][0, 0, 0][0, 0, 0][0, 0, 0][0, 0, 0][0, 0, 0][0, 0, 0][0, 0, 0][0, 0, 0][0, 0, 0][0, 0, 0][0, 0, 0][0, 0, 0][0, 0, 0][0, 0, 0][0, 0, 0][0, 0, 0][0, 0, 0][0, 0, 0][0, 0, 0][0, 0, 0][0, 0, 0][0, 0, 0][0, 0, 0][0, 0, 0][0, 0, 0][0, 0, 0][0, 0, 0][0, 0, 0][0, 0, 0][0, 0, 0][0, 0, 0][0, 0, 0][0, 0, 0], Flow leaving each bin: Level: 0, Item: 0 => [0]
Level: 0, Item: 1 => [1]
Level: 0, Item: 2 => [2]
Level: 0, Item: 3 => [3]
Level: 0, Item: 4 => [4]
Level: 0, Item: 5 => [5]
Level: 0, Item: 6 => [6]
Level: 0, Item: 7 => [7]
Level: 0, Item: 8 => [8]
Level: 0, Item: 9 => [9]
Level: 0, Item: 10 => [10]
Level: 0, Item: 11 => [11]
Level: 0, Item: 12 => [12]
Level: 0, Item: 13 => [13]
Level: 0, Item: 14 => [14]
Level: 0, Item: 15 => [15]
Level: 0, Item: 16 => [16]
Level: 0, Item: 17 => [17]
Level: 0, Item: 18 => [18]
Level: 0, Item: 19 => [19]
Level: 0, Item: 20 => [20]
Level: 0, Item: 21 => [21]
Level: 0, Item: 22 => [22]
Level: 0, Item: 23 => [23]
Level: 0, Item: 24 => [24]
Level: 0, Item: 25 => [25]
Level: 0, Item: 26 => [26]
Level: 0, Item: 27 => [27]
Level: 0, Item: 28 => [28]
Level: 0, Item: 29 => [29]
Level: 0, Item: 30 => [30]
Level: 0, Item: 31 => [31]
Level: 0, Item: 32 => [32]
Level: 0, Item: 33 => [33]
Level: 0, Item: 34 => [34]
Level: 0, Item: 35 => [35]
Level: 0, Item: 36 => [36]
Level: 0, Item: 37 => [37]
Level: 0, Item: 38 => [38]
Level: 0, Item: 39 => [39]
Level: 1, Bin: 0 => [6, 12, 32]
Level: 1, Bin: 1 => [4, 16]
Level: 1, Bin: 2 => [10, 22]
Level: 1, Bin: 3 => [21]
Level: 1, Bin: 4 => [11, 37]
Level: 1, Bin: 5 => [14, 31]
Level: 1, Bin: 6 => [18, 30]
Level: 1, Bin: 7 => [2, 13]
Level: 1, Bin: 8 => [17, 35]
Level: 1, Bin: 9 => [7, 23]
Level: 1, Bin: 10 => [1, 8, 39]
Level: 1, Bin: 11 => [27, 28]
Level: 1, Bin: 12 => [0, 19]
Level: 1, Bin: 13 => [24, 25]
Level: 1, Bin: 14 => [5, 26]
Level: 1, Bin: 15 => [3, 20, 38]
Level: 1, Bin: 17 => [29, 36]
Level: 1, Bin: 18 => [15, 34]
Level: 1, Bin: 19 => [9, 33]
Level: 2, Bin: 0 => [0, 19]
Level: 2, Bin: 3 => [4, 16, 21]
Level: 2, Bin: 4 => [9, 11, 33, 37]
Level: 2, Bin: 5 => [17, 27, 28, 35]
Level: 2, Bin: 6 => [1, 8, 39]
Level: 2, Bin: 9 => [2, 13, 24, 25]
Level: 2, Bin: 11 => [3, 5, 20, 26, 38]
Level: 2, Bin: 13 => [6, 12, 14, 31, 32]
Level: 2, Bin: 14 => [7, 23, 29, 36]
Level: 2, Bin: 15 => [10, 15, 22, 34]
Level: 2, Bin: 18 => [18, 30]
Level: 3, Bin: 6 => [18, 30]
Level: 3, Bin: 8 => [0, 17, 19, 27, 28, 35]
Level: 3, Bin: 11 => [3, 5, 10, 15, 20, 22, 26, 34, 38]
Level: 3, Bin: 14 => [4, 7, 16, 21, 23, 29, 36]
Level: 3, Bin: 15 => [2, 9, 11, 13, 24, 25, 33, 37]
Level: 3, Bin: 16 => [1, 6, 8, 12, 14, 31, 32, 39]
[0m
MIP: [1;32mObjective value: 25574[0m
MIP: [1;32mLower Bound: 22410.2[0m
MIP: [1;32mBranch-and-Bound nodes: 208[0m

# best solution:
best objective value:	25574
best dual bound value:	22410
optimality gap:	12.3719%
CPU time:	897.624
