ifile	/scratch/csagturk/mlbppo_inst/n0040_m02_p050__013.inst
prob	NFMLBPPO
threads	1
ttime	900
instance: /scratch/csagturk/mlbppo_inst/n0040_m02_p050__013.inst
	m=2, n=[40, 22, 18], #pos=20
MIP: [1;32minit CPLEX[0m
CAN: [1;35mcreated 1276 x_{ijk} variables[0m
CAN: [1;35mcreated 80 y_{ij} variables[0m
CAN: [1;35mcreated 3200 f_{ijkh} variables[0m
MIP: [1;32mcreated decision variables[0m
CAN: [1;35madded 40 constraints to enforce the packing of each item[0m
CAN: [1;35madded 22 constraints to enforce the packing of each item[0m
CAN: [1;35madded 40 capacity constraints[0m
MIP: [1;32mcreated constraints[0m
MIP: [1;32mcreated objective function[0m
MIP: [1;32mcalling CPLEX solve ...[0m
Version identifier: 22.1.0.0 | 2022-03-09 | 1a383f8ce
CPXPARAM_Threads                                 1
CPXPARAM_TimeLimit                               900
Tried aggregator 2 times.
MIP Presolve eliminated 5378 rows and 5494 columns.
MIP Presolve modified 904 coefficients.
Aggregator did 361 substitutions.
Reduced MIP has 47622 rows, 47441 columns, and 160292 nonzeros.
Reduced MIP has 47375 binaries, 0 generals, 0 SOSs, and 42 indicators.
Presolve time = 0.23 sec. (228.53 ticks)
Elapsed time = 11.83 sec. (10000.04 ticks) for 64% of probing (2993 vars fixed)
Probing fixed 2993 vars, tightened 44 bounds.
Probing changed sense of 836 constraints.
Probing time = 16.08 sec. (13759.59 ticks)
Tried aggregator 1 time.
Detecting symmetries...
MIP Presolve eliminated 4066 rows and 3965 columns.
Reduced MIP has 43556 rows, 43476 columns, and 146950 nonzeros.
Reduced MIP has 43476 binaries, 0 generals, 0 SOSs, and 0 indicators.
Presolve time = 0.23 sec. (206.56 ticks)
Probing time = 0.03 sec. (20.53 ticks)
Clique table members: 109026.
MIP emphasis: balance optimality and feasibility.
MIP search method: dynamic search.
Parallel mode: none, using 1 thread.
Root relaxation solution time = 2.39 sec. (3562.73 ticks)

        Nodes                                         Cuts/
   Node  Left     Objective  IInf  Best Integer    Best Bound    ItCnt     Gap

      0     0    17445.7597   458                  17445.7597     6302         
      0     0    17488.5576   425                    Cuts: 66    21943         
      0     0    17510.9777   434                    Cuts: 71    33170         
      0     0    17518.0120   466                    Cuts: 67    51782         
      0     0    17520.6335   452                    Cuts: 54    63792         
      0     0    17527.7000   377                    Cuts: 48    76813         
      0     0    17535.8818   403                    Cuts: 47    96271         
      0     0    17545.9362   395                    Cuts: 58   110415         
      0     0    17551.2124   491                    Cuts: 48   121685         
      0     0    17552.1166   575                    Cuts: 42   132689         
      0     0    17554.1050   430                    Cuts: 24   143475         
      0     0    17554.9263   500                    Cuts: 48   154738         
*     0+    0                        18988.0000    17554.9263             7.55%
      0     2    17554.9263   416    18988.0000    17554.9641   154738    7.55%
Elapsed time = 156.05 sec. (180059.63 ticks, tree = 0.01 MB, solutions = 1)
      1     3    17577.2129   408    18988.0000    17554.9641   160262    7.55%
      2     4    17555.2075   328    18988.0000    17555.2075   164097    7.55%
      3     5    17555.2075   363    18988.0000    17555.2075   167042    7.55%
      4     6    17555.2075   282    18988.0000    17555.2075   169138    7.55%
      5     7    17555.2075   290    18988.0000    17555.2075   173682    7.55%
      6     8    17555.2075   293    18988.0000    17555.2075   175131    7.55%
      7     9    17555.2075   261    18988.0000    17555.2075   176391    7.55%
      8    10    17555.2075   273    18988.0000    17555.2075   177615    7.55%
     10    12    17555.2075   276    18988.0000    17555.2075   180016    7.55%
     12    14    17555.2075   289    18988.0000    17555.2075   187642    7.55%
Elapsed time = 174.14 sec. (199330.23 ticks, tree = 0.22 MB, solutions = 1)
     14    16    17555.2075   297    18988.0000    17555.2075   198166    7.55%
     15    17    17555.2075   400    18988.0000    17555.2075   202429    7.55%
     17    19    17555.2075   316    18988.0000    17555.2075   206712    7.55%
     19    21    17555.2075   341    18988.0000    17555.2075   210856    7.55%
     20    22    17555.2075   309    18988.0000    17555.2075   213584    7.55%
     22    24    17557.3654   286    18988.0000    17555.2075   219330    7.55%
     26    28    17562.3543   262    18988.0000    17555.2075   227845    7.55%
     32    34    17562.3543   258    18988.0000    17555.2075   234803    7.55%
     37    39    17562.5663   268    18988.0000    17555.2075   242041    7.55%
     42    44    17563.0272   245    18988.0000    17555.2075   245608    7.55%
Elapsed time = 183.44 sec. (211072.00 ticks, tree = 4.55 MB, solutions = 1)
     44    46    17575.4506   309    18988.0000    17555.2075   249739    7.55%
     49    51    17730.7781   215    18988.0000    17555.2075   258391    7.55%
     55    57    17655.7640   228    18988.0000    17555.2075   264562    7.55%
     63    65    17721.9231   176    18988.0000    17555.2075   272666    7.55%
     77    77    17721.9231    79    18988.0000    17555.2075   278788    7.55%
    103    93    17555.7469   358    18988.0000    17555.2075   288225    7.55%
    106    96    17559.2646   397    18988.0000    17555.2075   294628    7.55%
    108    98    17563.4240   294    18988.0000    17555.2075   300208    7.55%
    109    99    17563.4240   287    18988.0000    17555.2075   303946    7.55%
    112   102    17563.4240   293    18988.0000    17555.2075   310573    7.55%
Elapsed time = 193.72 sec. (223696.24 ticks, tree = 6.80 MB, solutions = 1)
    116   106    17563.4240   233    18988.0000    17555.2075   319547    7.55%
    119   109    17563.4240   243    18988.0000    17555.2075   326267    7.55%
    120   110    17563.9097   279    18988.0000    17555.2075   329665    7.55%
    126   116    17563.4240   227    18988.0000    17555.2075   336154    7.55%
    130   120    17566.6050   271    18988.0000    17555.2075   341900    7.55%
    132   122    17576.0772   266    18988.0000    17555.2075   350320    7.55%
    135   125    17576.2500   158    18988.0000    17555.2075   355780    7.55%
    140   130    17576.2500   126    18988.0000    17555.2075   359525    7.55%
    151   141    17576.2500   110    18988.0000    17555.2075   365636    7.55%
    166   156    17576.2500   188    18988.0000    17555.2075   371807    7.55%
Elapsed time = 207.53 sec. (238650.43 ticks, tree = 8.63 MB, solutions = 1)
    180   170    17633.3551   243    18988.0000    17555.2075   379888    7.55%
    190   180    17845.0710   153    18988.0000    17555.2075   389323    7.55%
*   200+  186                        18853.0000    17555.2075             6.88%
    210   196    18838.3830    75    18853.0000    17555.2075   393188    6.88%
    218   196    17556.7329   437    18853.0000    17555.2075   399336    6.88%
    219   197    17559.9542   451    18853.0000    17555.2075   404067    6.88%
    220   198    17567.6645   336    18853.0000    17555.2075   408257    6.88%
    222   200    17567.6645   334    18853.0000    17555.2075   415211    6.88%
    224   202    17567.6645   309    18853.0000    17555.2075   420769    6.88%
    226   204    17567.6645   341    18853.0000    17555.2075   428369    6.88%
    227   205    17567.6645   314    18853.0000    17555.2075   432524    6.88%
Elapsed time = 221.68 sec. (254919.36 ticks, tree = 9.76 MB, solutions = 2)
    229   207    17567.6645   246    18853.0000    17555.2075   437396    6.88%
    230   208    17567.6645   328    18853.0000    17555.2075   440848    6.88%
    233   211    17567.6645   335    18853.0000    17555.2075   447400    6.88%
    235   213    17567.6645   338    18853.0000    17555.2075   453461    6.88%
    237   215    17567.6645   394    18853.0000    17555.2075   460449    6.88%
    239   217    17567.6645   336    18853.0000    17555.2075   467717    6.88%
    240   218    17567.6645   293    18853.0000    17555.2075   471309    6.88%
    243   221    17567.6645   311    18853.0000    17555.2075   476209    6.88%
    245   223    17567.6645   330    18853.0000    17555.2075   481771    6.88%
    247   225    17567.6645   335    18853.0000    17555.2075   486871    6.88%
Elapsed time = 233.65 sec. (267570.69 ticks, tree = 10.18 MB, solutions = 2)
    250   228    17567.6645   296    18853.0000    17555.2075   495073    6.88%
    252   230    17567.6645   309    18853.0000    17555.2075   501291    6.88%
    254   232    17567.6645   300    18853.0000    17555.2075   508003    6.88%
    257   235    17567.6645   249    18853.0000    17555.2075   513882    6.88%
    260   238    17567.6645   296    18853.0000    17555.2075   519619    6.88%
    262   240    17567.6645   314    18853.0000    17555.2075   524941    6.88%
    265   243    17567.6645   355    18853.0000    17555.2075   531034    6.88%
    268   246    17567.6645   318    18853.0000    17555.2075   539344    6.88%
    270   248    17567.6645   287    18853.0000    17555.2075   545079    6.88%
    274   252    17567.6645   269    18853.0000    17555.2075   550381    6.88%
Elapsed time = 250.08 sec. (284868.80 ticks, tree = 10.75 MB, solutions = 2)
    277   255    17567.6645   282    18853.0000    17555.2075   558089    6.88%
    279   257    17567.6645   318    18853.0000    17555.2075   562919    6.88%
    280   258    17567.6645   249    18853.0000    17555.2075   563799    6.88%
    283   261    17616.6861   341    18853.0000    17555.2075   570752    6.88%
    284   262    17622.4777   361    18853.0000    17555.2075   574746    6.88%
    287   265    17623.9341   281    18853.0000    17555.2075   580772    6.88%
    291   269    17636.8745   224    18853.0000    17555.2075   587094    6.88%
    298   276    17693.2800   247    18853.0000    17555.2075   595057    6.88%
    302   280    17708.0301   289    18853.0000    17555.2075   602435    6.88%
    308   282    17556.7329   451    18853.0000    17555.2075   618695    6.88%
Elapsed time = 267.11 sec. (303465.78 ticks, tree = 11.40 MB, solutions = 2)
    309   283    17556.7329   468    18853.0000    17555.2075   628867    6.88%
    310   284    17556.7329   380    18853.0000    17555.2075   639521    6.88%
    311   285    17556.7329   536    18853.0000    17555.2075   652158    6.88%
    312   286    17556.7329   410    18853.0000    17555.2075   663826    6.88%
    313   287    17556.7329   495    18853.0000    17555.2075   677809    6.88%
    314   288    17556.7329   472    18853.0000    17555.2075   692275    6.88%
    315   289    17556.7329   445    18853.0000    17555.2075   707452    6.88%
    316   290    17556.7329   441    18853.0000    17555.2075   721530    6.88%
    317   291    17556.7329   501    18853.0000    17555.2075   734960    6.88%
    318   292    17556.7329   465    18853.0000    17555.2075   750404    6.88%
Elapsed time = 350.95 sec. (397359.01 ticks, tree = 11.60 MB, solutions = 2)
    319   293    17556.7329   482    18853.0000    17555.2075   766685    6.88%
    320   294    17556.7329   460    18853.0000    17555.2075   778976    6.88%
    321   295    17556.7329   457    18853.0000    17555.2075   790938    6.88%
    322   296    17601.7654   412    18853.0000    17555.2075   806282    6.88%
    323   297    17601.7654   455    18853.0000    17555.2075   818878    6.88%
    324   298    17601.7654   434    18853.0000    17555.2075   836108    6.88%
    325   299    17601.7654   495    18853.0000    17555.2075   848235    6.88%
    326   300    17601.7654   452    18853.0000    17555.2075   860684    6.88%
    327   301    17601.7654   406    18853.0000    17555.2075   872979    6.88%
    328   302    17601.7654   437    18853.0000    17555.2075   890484    6.88%
Elapsed time = 462.37 sec. (516348.28 ticks, tree = 11.81 MB, solutions = 2)
    329   303    17601.7654   499    18853.0000    17555.2075   903431    6.88%
    330   304    17601.7654   428    18853.0000    17555.2075   916869    6.88%
    331   305    17601.7654   461    18853.0000    17555.2075   931909    6.88%
    332   306    17601.7654   476    18853.0000    17555.2075   944654    6.88%
    333   307    17601.7654   561    18853.0000    17555.2075   959780    6.88%
    334   308    17601.7654   500    18853.0000    17555.2075   974643    6.88%
    335   309    17601.7654   419    18853.0000    17555.2075   987710    6.88%
    336   310    17601.7654   432    18853.0000    17555.2075  1002662    6.88%
    337   311    17601.7654   441    18853.0000    17555.2075  1014619    6.88%
    338   312    17601.7654   413    18853.0000    17555.2075  1026962    6.88%
Elapsed time = 553.31 sec. (609531.22 ticks, tree = 12.02 MB, solutions = 2)
    339   313    17601.7654   460    18853.0000    17555.2075  1040457    6.88%
    340   314    17601.7654   436    18853.0000    17555.2075  1054027    6.88%
    341   315    17601.7654   423    18853.0000    17555.2075  1066829    6.88%
    342   316    17601.7654   485    18853.0000    17555.2075  1084620    6.88%
    352   326    17617.6186   281    18853.0000    17555.2075  1104015    6.88%
    360   334    17617.6186   237    18853.0000    17555.2075  1115538    6.88%
    377   351    17723.4290   214    18853.0000    17555.2075  1147237    6.88%
    400   374    17728.2286   210    18853.0000    17555.2075  1165149    6.88%
    423   395    17897.4727   211    18853.0000    17555.2075  1199583    6.88%
    447   419    17948.3580   281    18853.0000    17555.2075  1225026    6.88%
Elapsed time = 610.41 sec. (673095.92 ticks, tree = 14.61 MB, solutions = 2)
    460   430    18205.5609   166    18853.0000    17555.2075  1256187    6.88%
    484   454    18464.3904   152    18853.0000    17555.2075  1281220    6.88%

Performing restart 1

Repeating presolve.
Tried aggregator 2 times.
MIP Presolve modified 1109 coefficients.
Aggregator did 4 substitutions.
Reduced MIP has 43552 rows, 43472 columns, and 146902 nonzeros.
Reduced MIP has 43472 binaries, 0 generals, 0 SOSs, and 0 indicators.
Presolve time = 0.22 sec. (222.06 ticks)
Tried aggregator 1 time.
MIP Presolve modified 386 coefficients.
Reduced MIP has 43552 rows, 43472 columns, and 146902 nonzeros.
Reduced MIP has 43472 binaries, 0 generals, 0 SOSs, and 0 indicators.
Presolve time = 0.21 sec. (185.79 ticks)
Represolve time = 0.90 sec. (724.85 ticks)
    511     0    17526.7023   455    18853.0000      Cuts: 51  1331213    6.88%
    511     0    17553.8678   467    18853.0000      Cuts: 90  1342358    6.88%
    511     0    17565.7682   492    18853.0000      Cuts: 78  1367908    6.83%
    511     0    17568.3682   477    18853.0000      Cuts: 72  1379447    6.81%
    511     0    17568.9115   445    18853.0000      Cuts: 62  1389945    6.81%
    511     0    17569.0719   401    18853.0000      Cuts: 60  1405964    6.81%
    511     0    17569.1094   539    18853.0000      Cuts: 64  1422240    6.81%
    511     0    17569.2950   491    18853.0000      Cuts: 49  1433579    6.81%
    511     0    17569.3068   500    18853.0000      Cuts: 57  1448905    6.81%
    511     0    17569.3191   565    18853.0000      Cuts: 54  1462904    6.81%
    511     0    17569.3191   544    18853.0000      Cuts: 24  1472588    6.81%
    511     0    17569.3191   537    18853.0000      Cuts: 17  1486509    6.81%
    511     0    17569.3191   454    18853.0000      Cuts: 19  1491028    6.81%
    511     0    17569.3191   441    18853.0000      Cuts: 31  1498287    6.81%
    511     0    17569.3191   428    18853.0000      Cuts: 23  1504009    6.81%
    511     0    17569.3191   478    18853.0000      Cuts: 30  1509348    6.81%
Starting limited solution polishing.
    511     2    17569.3191   393    18853.0000    17569.4048  1509348    6.81%
    515     6    17589.2526   252    18853.0000    17571.2861  1515954    6.80%
    516     7    17574.5828   413    18853.0000    17571.2861  1524148    6.80%
    517     8    17576.7077   332    18853.0000    17573.6642  1529249    6.79%
    520    11    17602.5527   344    18853.0000    17573.6642  1541807    6.79%
    522    13    17634.1677   364    18853.0000    17573.6642  1551545    6.79%
    524    15    17595.4061   280    18853.0000    17573.6642  1563973    6.79%
    527    18    17596.0000   149    18853.0000    17573.6642  1581929    6.79%
Elapsed time = 893.43 sec. (987992.96 ticks, tree = 0.95 MB, solutions = 2)
    533    24    17596.0000    97    18853.0000    17573.6642  1592157    6.79%

Clique cuts applied:  4
Cover cuts applied:  30
Mixed integer rounding cuts applied:  30
Zero-half cuts applied:  7
Lift and project cuts applied:  1
Gomory fractional cuts applied:  4

Root node processing (before b&c):
  Real time             =  144.73 sec. (174025.57 ticks)
Sequential b&c:
  Real time             =  755.28 sec. (821516.27 ticks)
                          ------------
Total (root+branch&cut) =  900.01 sec. (995541.84 ticks)
MIP: [1;32mCPLEX finished.[0m
MIP: [1;32mCPLEX status: Feasible[0m
MIP: [1;32mSolution: 
Indexes: [10, 17, 3, 10, 8, 16, 12, 6, 1, 11, 2, 5, 8, 0, 18, 7, 21, 12, 5, 14, 6, 19, 14, 0, 1, 7, 21, 4, 19, 8, 2, 17, 16, 15, 6, 15, 0, 21, 4, 3][16, 3, 9, 6, 1, 7, 4, 6, 2, -1, 11, 11, 1, -1, 17, 9, 17, 4, 3, 4, -1, 10], P Variables: [0, 0][0, 0][0, 0][0, 0][0, 0][0, 0][0, 0][0, 0][0, 0][0, 0][0, 0][0, 0][0, 0][0, 0][0, 0][0, 0][0, 0][0, 0][0, 0][0, 0][0, 0][0, 0][0, 0][0, 0][0, 0][0, 0][0, 0][0, 0][0, 0][0, 0][0, 0][0, 0][0, 0][0, 0][0, 0][0, 0][0, 0][0, 0][0, 0][0, 0], Flow leaving each bin: Level: 0, Item: 0 => [0]
Level: 0, Item: 1 => [1]
Level: 0, Item: 2 => [2]
Level: 0, Item: 3 => [3]
Level: 0, Item: 4 => [4]
Level: 0, Item: 5 => [5]
Level: 0, Item: 6 => [6]
Level: 0, Item: 7 => [7]
Level: 0, Item: 8 => [8]
Level: 0, Item: 9 => [9]
Level: 0, Item: 10 => [10]
Level: 0, Item: 11 => [11]
Level: 0, Item: 12 => [12]
Level: 0, Item: 13 => [13]
Level: 0, Item: 14 => [14]
Level: 0, Item: 15 => [15]
Level: 0, Item: 16 => [16]
Level: 0, Item: 17 => [17]
Level: 0, Item: 18 => [18]
Level: 0, Item: 19 => [19]
Level: 0, Item: 20 => [20]
Level: 0, Item: 21 => [21]
Level: 0, Item: 22 => [22]
Level: 0, Item: 23 => [23]
Level: 0, Item: 24 => [24]
Level: 0, Item: 25 => [25]
Level: 0, Item: 26 => [26]
Level: 0, Item: 27 => [27]
Level: 0, Item: 28 => [28]
Level: 0, Item: 29 => [29]
Level: 0, Item: 30 => [30]
Level: 0, Item: 31 => [31]
Level: 0, Item: 32 => [32]
Level: 0, Item: 33 => [33]
Level: 0, Item: 34 => [34]
Level: 0, Item: 35 => [35]
Level: 0, Item: 36 => [36]
Level: 0, Item: 37 => [37]
Level: 0, Item: 38 => [38]
Level: 0, Item: 39 => [39]
Level: 1, Bin: 0 => [13, 23, 36]
Level: 1, Bin: 1 => [8, 24]
Level: 1, Bin: 2 => [10, 30]
Level: 1, Bin: 3 => [2, 39]
Level: 1, Bin: 4 => [27, 38]
Level: 1, Bin: 5 => [11, 18]
Level: 1, Bin: 6 => [7, 20, 34]
Level: 1, Bin: 7 => [15, 25]
Level: 1, Bin: 8 => [4, 12, 29]
Level: 1, Bin: 10 => [0, 3]
Level: 1, Bin: 11 => [9]
Level: 1, Bin: 12 => [6, 17]
Level: 1, Bin: 14 => [19, 22]
Level: 1, Bin: 15 => [33, 35]
Level: 1, Bin: 16 => [5, 32]
Level: 1, Bin: 17 => [1, 31]
Level: 1, Bin: 18 => [14]
Level: 1, Bin: 19 => [21, 28]
Level: 1, Bin: 21 => [16, 26, 37]
Level: 2, Bin: 1 => [6, 17, 27, 38]
Level: 2, Bin: 2 => [4, 12, 29]
Level: 2, Bin: 3 => [8, 14, 24]
Level: 2, Bin: 4 => [1, 7, 20, 21, 28, 31, 34]
Level: 2, Bin: 6 => [2, 15, 25, 39]
Level: 2, Bin: 7 => [11, 18]
Level: 2, Bin: 9 => [10, 30, 33, 35]
Level: 2, Bin: 10 => [16, 26, 37]
Level: 2, Bin: 11 => [0, 3, 9]
Level: 2, Bin: 16 => [13, 23, 36]
Level: 2, Bin: 17 => [5, 19, 22, 32]
[0m
MIP: [1;32mObjective value: 18853[0m
MIP: [1;32mLower Bound: 17573.7[0m
MIP: [1;32mBranch-and-Bound nodes: 546[0m

# best solution:
best objective value:	18853
best dual bound value:	17573
optimality gap:	6.78937%
CPU time:	897.254
