ifile	/scratch/csagturk/mlbppo_inst/n0040_m03_p150__006.inst
prob	NFMLBPPO
threads	1
ttime	900
instance: /scratch/csagturk/mlbppo_inst/n0040_m03_p150__006.inst
	m=3, n=[40, 29, 28, 29], #pos=60
MIP: [1;32minit CPLEX[0m
CAN: [1;35mcreated 2784 x_{ijk} variables[0m
CAN: [1;35mcreated 126 y_{ij} variables[0m
CAN: [1;35mcreated 5040 f_{ijkh} variables[0m
MIP: [1;32mcreated decision variables[0m
CAN: [1;35madded 40 constraints to enforce the packing of each item[0m
CAN: [1;35madded 57 constraints to enforce the packing of each item[0m
CAN: [1;35madded 86 capacity constraints[0m
MIP: [1;32mcreated constraints[0m
MIP: [1;32mcreated objective function[0m
MIP: [1;32mcalling CPLEX solve ...[0m
Version identifier: 22.1.0.0 | 2022-03-09 | 1a383f8ce
CPXPARAM_Threads                                 1
CPXPARAM_TimeLimit                               900
Tried aggregator 2 times.
MIP Presolve eliminated 22929 rows and 23493 columns.
MIP Presolve modified 3986 coefficients.
Aggregator did 239 substitutions.
Reduced MIP has 94088 rows, 92228 columns, and 373466 nonzeros.
Reduced MIP has 92057 binaries, 0 generals, 0 SOSs, and 113 indicators.
Presolve time = 0.58 sec. (504.96 ticks)
Elapsed time = 14.83 sec. (10000.37 ticks) for 10% of probing (543 vars fixed)
Probing fixed 1138 vars, tightened 114 bounds.
Probing time = 28.20 sec. (19767.36 ticks)
Tried aggregator 2 times.
Detecting symmetries...
MIP Presolve eliminated 2430 rows and 2416 columns.
MIP Presolve modified 61 coefficients.
Aggregator did 1 substitutions.
Reduced MIP has 91714 rows, 89811 columns, and 365397 nonzeros.
Reduced MIP has 89811 binaries, 0 generals, 0 SOSs, and 0 indicators.
Presolve time = 0.76 sec. (581.89 ticks)
Probing time = 0.08 sec. (33.57 ticks)
Clique table members: 255762.
MIP emphasis: balance optimality and feasibility.
MIP search method: dynamic search.
Parallel mode: none, using 1 thread.
Root relaxation solution time = 335.31 sec. (294240.47 ticks)

        Nodes                                         Cuts/
   Node  Left     Objective  IInf  Best Integer    Best Bound    ItCnt     Gap

      0     0    24761.6193  1550                  24761.6193   121041         
      0     0    24820.1668  1129                    Cuts: 89   238341         

Clique cuts applied:  56
Cover cuts applied:  41
Mixed integer rounding cuts applied:  36
Zero-half cuts applied:  13
Lift and project cuts applied:  1
Gomory fractional cuts applied:  3

Root node processing (before b&c):
  Real time             =  900.03 sec. (675795.00 ticks)
Sequential b&c:
  Real time             =    0.00 sec. (0.00 ticks)
                          ------------
Total (root+branch&cut) =  900.03 sec. (675795.00 ticks)
MIP: [1;32mCPLEX finished.[0m
MIP: [1;32mCPLEX status: Unknown[0m
MIP: [1;32mNo feasible solution exits[0m
