ifile	/scratch/csagturk/mlbppo_inst/n0040_m01_p050__070.inst
prob	NFMLBPPO
threads	1
ttime	900
instance: /scratch/csagturk/mlbppo_inst/n0040_m01_p050__070.inst
	m=1, n=[40, 25], #pos=20
MIP: [1;32minit CPLEX[0m
CAN: [1;35mcreated 1000 x_{ijk} variables[0m
CAN: [1;35mcreated 65 y_{ij} variables[0m
CAN: [1;35mcreated 2600 f_{ijkh} variables[0m
MIP: [1;32mcreated decision variables[0m
CAN: [1;35madded 40 constraints to enforce the packing of each item[0m
CAN: [1;35madded 0 constraints to enforce the packing of each item[0m
CAN: [1;35madded 25 capacity constraints[0m
MIP: [1;32mcreated constraints[0m
MIP: [1;32mcreated objective function[0m
MIP: [1;32mcalling CPLEX solve ...[0m
Version identifier: 22.1.0.0 | 2022-03-09 | 1a383f8ce
CPXPARAM_Threads                                 1
CPXPARAM_TimeLimit                               900
Tried aggregator 2 times.
MIP Presolve eliminated 19505 rows and 19612 columns.
MIP Presolve modified 1387 coefficients.
Aggregator did 448 substitutions.
Reduced MIP has 21672 rows, 21965 columns, and 76929 nonzeros.
Reduced MIP has 21965 binaries, 0 generals, 0 SOSs, and 0 indicators.
Presolve time = 0.17 sec. (151.79 ticks)
Probing fixed 19807 vars, tightened 0 bounds.
Probing changed sense of 1109 constraints.
Probing time = 1.20 sec. (1316.12 ticks)
Tried aggregator 1 time.
MIP Presolve eliminated 21278 rows and 21107 columns.
MIP Presolve modified 490 coefficients.
Reduced MIP has 389 rows, 858 columns, and 8202 nonzeros.
Reduced MIP has 858 binaries, 0 generals, 0 SOSs, and 0 indicators.
Presolve time = 0.02 sec. (23.46 ticks)
Probing time = 0.00 sec. (2.91 ticks)
Tried aggregator 1 time.
Detecting symmetries...
MIP Presolve modified 5 coefficients.
Reduced MIP has 389 rows, 858 columns, and 8197 nonzeros.
Reduced MIP has 858 binaries, 0 generals, 0 SOSs, and 0 indicators.
Presolve time = 0.00 sec. (4.96 ticks)
Probing time = 0.00 sec. (3.00 ticks)
Clique table members: 4295.
MIP emphasis: balance optimality and feasibility.
MIP search method: dynamic search.
Parallel mode: none, using 1 thread.
Root relaxation solution time = 0.00 sec. (3.59 ticks)

        Nodes                                         Cuts/
   Node  Left     Objective  IInf  Best Integer    Best Bound    ItCnt     Gap

      0     0     9239.4000    38                   9239.4000      172         
      0     0     9239.4000    30                    Cuts: 26      209         
      0     0     9286.0000    46                    Cuts: 55      329         
*     0+    0                        10340.0000     9286.0000            10.19%
      0     0     9286.0000    49    10340.0000      Cuts: 43      421   10.19%
      0     0     9286.0000    34    10340.0000      Cuts: 23      474   10.19%
*     0+    0                         9821.0000     9286.0000             5.45%
      0     0     9286.0000    44     9821.0000      Cuts: 35      531    5.45%
*     0+    0                         9352.0000     9286.0000             0.71%
      0     0  -1.00000e+75     0     9352.0000     9286.0000      531    0.71%
      0     2     9286.0000    24     9352.0000     9286.0000      531    0.71%
Elapsed time = 1.81 sec. (1904.97 ticks, tree = 0.01 MB, solutions = 3)
    504   433     9286.0000    27     9352.0000     9286.0000     6550    0.71%
    779   634     9286.0000    48     9352.0000     9286.0000    12894    0.71%
*   902   505      integral     0     9302.0000     9286.0000    17674    0.17%

GUB cover cuts applied:  4
Clique cuts applied:  2
Cover cuts applied:  124
Implied bound cuts applied:  3
Flow cuts applied:  1
Mixed integer rounding cuts applied:  2
Zero-half cuts applied:  4
Gomory fractional cuts applied:  2

Root node processing (before b&c):
  Real time             =    1.81 sec. (1906.94 ticks)
Sequential b&c:
  Real time             =    0.53 sec. (693.03 ticks)
                          ------------
Total (root+branch&cut) =    2.34 sec. (2599.97 ticks)
MIP: [1;32mCPLEX finished.[0m
MIP: [1;32mCPLEX status: Optimal[0m
MIP: [1;32mSolution: 
Indexes: [22, 14, 18, 2, 15, 20, 24, 4, 0, 14, 23, 24, 23, 4, 7, 16, 18, 9, 0, 24, 16, 14, 2, 7, 20, 11, 7, 5, 2, 6, 6, 8, 24, 24, 20, 6, 9, 7, 8, 9], P Variables: [0][0][0][0][0][0][0][0][0][0][0][0][0][0][0][0][0][0][0][0][0][0][0][0][0][0][0][0][0][0][0][0][0][0][0][0][0][0][0][0], Flow leaving each bin: Level: 0, Item: 0 => [0]
Level: 0, Item: 1 => [1]
Level: 0, Item: 2 => [2]
Level: 0, Item: 3 => [3]
Level: 0, Item: 4 => [4]
Level: 0, Item: 5 => [5]
Level: 0, Item: 6 => [6]
Level: 0, Item: 7 => [7]
Level: 0, Item: 8 => [8]
Level: 0, Item: 9 => [9]
Level: 0, Item: 10 => [10]
Level: 0, Item: 11 => [11]
Level: 0, Item: 12 => [12]
Level: 0, Item: 13 => [13]
Level: 0, Item: 14 => [14]
Level: 0, Item: 15 => [15]
Level: 0, Item: 16 => [16]
Level: 0, Item: 17 => [17]
Level: 0, Item: 18 => [18]
Level: 0, Item: 19 => [19]
Level: 0, Item: 20 => [20]
Level: 0, Item: 21 => [21]
Level: 0, Item: 22 => [22]
Level: 0, Item: 23 => [23]
Level: 0, Item: 24 => [24]
Level: 0, Item: 25 => [25]
Level: 0, Item: 26 => [26]
Level: 0, Item: 27 => [27]
Level: 0, Item: 28 => [28]
Level: 0, Item: 29 => [29]
Level: 0, Item: 30 => [30]
Level: 0, Item: 31 => [31]
Level: 0, Item: 32 => [32]
Level: 0, Item: 33 => [33]
Level: 0, Item: 34 => [34]
Level: 0, Item: 35 => [35]
Level: 0, Item: 36 => [36]
Level: 0, Item: 37 => [37]
Level: 0, Item: 38 => [38]
Level: 0, Item: 39 => [39]
Level: 1, Bin: 0 => [8, 18]
Level: 1, Bin: 2 => [3, 22, 28]
Level: 1, Bin: 4 => [7, 13]
Level: 1, Bin: 5 => [27]
Level: 1, Bin: 6 => [29, 30, 35]
Level: 1, Bin: 7 => [14, 23, 26, 37]
Level: 1, Bin: 8 => [31, 38]
Level: 1, Bin: 9 => [17, 36, 39]
Level: 1, Bin: 11 => [25]
Level: 1, Bin: 14 => [1, 9, 21]
Level: 1, Bin: 15 => [4]
Level: 1, Bin: 16 => [15, 20]
Level: 1, Bin: 18 => [2, 16]
Level: 1, Bin: 20 => [5, 24, 34]
Level: 1, Bin: 22 => [0]
Level: 1, Bin: 23 => [10, 12]
Level: 1, Bin: 24 => [6, 11, 19, 32, 33]
[0m
MIP: [1;32mObjective value: 9302[0m
MIP: [1;32mLower Bound: 9302[0m
MIP: [1;32mBranch-and-Bound nodes: 1408[0m

# best solution:
best objective value:	9302
best dual bound value:	9302
optimality gap:	0%
CPU time:	2.40037
