ifile	/scratch/csagturk/mlbppo_inst/n0040_m03_p150__041.inst
prob	NFMLBPPO
threads	1
ttime	900
instance: /scratch/csagturk/mlbppo_inst/n0040_m03_p150__041.inst
	m=3, n=[40, 36, 33, 30], #pos=60
MIP: [1;32minit CPLEX[0m
CAN: [1;35mcreated 3618 x_{ijk} variables[0m
CAN: [1;35mcreated 139 y_{ij} variables[0m
CAN: [1;35mcreated 5560 f_{ijkh} variables[0m
MIP: [1;32mcreated decision variables[0m
CAN: [1;35madded 40 constraints to enforce the packing of each item[0m
CAN: [1;35madded 69 constraints to enforce the packing of each item[0m
CAN: [1;35madded 99 capacity constraints[0m
MIP: [1;32mcreated constraints[0m
MIP: [1;32mcreated objective function[0m
MIP: [1;32mcalling CPLEX solve ...[0m
Version identifier: 22.1.0.0 | 2022-03-09 | 1a383f8ce
CPXPARAM_Threads                                 1
CPXPARAM_TimeLimit                               900
Tried aggregator 2 times.
MIP Presolve eliminated 36161 rows and 37023 columns.
MIP Presolve modified 3770 coefficients.
Aggregator did 400 substitutions.
Reduced MIP has 114769 rows, 112904 columns, and 451815 nonzeros.
Reduced MIP has 112697 binaries, 0 generals, 0 SOSs, and 137 indicators.
Presolve time = 0.77 sec. (629.05 ticks)
Elapsed time = 16.73 sec. (10000.13 ticks) for 7% of probing (1861 vars fixed)
Elapsed time = 32.55 sec. (20000.15 ticks) for 14% of probing (3988 vars fixed)
Elapsed time = 46.79 sec. (30000.17 ticks) for 38% of probing (4272 vars fixed)
Probing fixed 4272 vars, tightened 138 bounds.
Probing time = 50.76 sec. (32251.04 ticks)
Tried aggregator 2 times.
Detecting symmetries...
MIP Presolve eliminated 6001 rows and 5849 columns.
MIP Presolve modified 1 coefficients.
Aggregator did 10 substitutions.
Reduced MIP has 108759 rows, 107045 columns, and 426626 nonzeros.
Reduced MIP has 107045 binaries, 0 generals, 0 SOSs, and 0 indicators.
Presolve time = 0.87 sec. (690.90 ticks)
Probing time = 0.09 sec. (38.66 ticks)
Clique table members: 303115.
MIP emphasis: balance optimality and feasibility.
MIP search method: dynamic search.
Parallel mode: none, using 1 thread.
Root relaxation solution time = 342.76 sec. (278975.31 ticks)

        Nodes                                         Cuts/
   Node  Left     Objective  IInf  Best Integer    Best Bound    ItCnt     Gap

      0     0    22686.6645  1262                  22686.6645   109852         
      0     0    22735.5400  1274                    Cuts: 72   204415         

Clique cuts applied:  23
Cover cuts applied:  30
Flow cuts applied:  1
Mixed integer rounding cuts applied:  42
Zero-half cuts applied:  5
Gomory fractional cuts applied:  3

Root node processing (before b&c):
  Real time             =  900.03 sec. (625075.91 ticks)
Sequential b&c:
  Real time             =    0.00 sec. (0.00 ticks)
                          ------------
Total (root+branch&cut) =  900.03 sec. (625075.91 ticks)
MIP: [1;32mCPLEX finished.[0m
MIP: [1;32mCPLEX status: Unknown[0m
MIP: [1;32mNo feasible solution exits[0m
