ifile	/scratch/csagturk/mlbppo_inst/n0040_m04_p200__024.inst
prob	NFMLBPPO
threads	1
ttime	900
instance: /scratch/csagturk/mlbppo_inst/n0040_m04_p200__024.inst
	m=4, n=[40, 41, 38, 33, 35], #pos=80
MIP: [1;32minit CPLEX[0m
CAN: [1;35mcreated 5607 x_{ijk} variables[0m
CAN: [1;35mcreated 187 y_{ij} variables[0m
CAN: [1;35mcreated 7480 f_{ijkh} variables[0m
MIP: [1;32mcreated decision variables[0m
CAN: [1;35madded 40 constraints to enforce the packing of each item[0m
CAN: [1;35madded 112 constraints to enforce the packing of each item[0m
CAN: [1;35madded 147 capacity constraints[0m
MIP: [1;32mcreated constraints[0m
MIP: [1;32mcreated objective function[0m
MIP: [1;32mcalling CPLEX solve ...[0m
Version identifier: 22.1.0.0 | 2022-03-09 | 1a383f8ce
CPXPARAM_Threads                                 1
CPXPARAM_TimeLimit                               900
Tried aggregator 2 times.
MIP Presolve eliminated 57737 rows and 59081 columns.
MIP Presolve modified 6113 coefficients.
Aggregator did 376 substitutions.
Reduced MIP has 176156 rows, 173097 columns, and 722441 nonzeros.
Reduced MIP has 172761 binaries, 0 generals, 0 SOSs, and 219 indicators.
Presolve time = 1.22 sec. (1023.07 ticks)
Elapsed time = 17.77 sec. (10002.39 ticks) for 3% of probing (1504 vars fixed)
Elapsed time = 34.38 sec. (20003.23 ticks) for 6% of probing (1877 vars fixed)
Elapsed time = 49.76 sec. (30004.32 ticks) for 9% of probing (2253 vars fixed)
Elapsed time = 63.05 sec. (40005.96 ticks) for 11% of probing (2529 vars fixed)
Probing fixed 2746 vars, tightened 224 bounds.
Probing time = 73.85 sec. (47267.93 ticks)
Tried aggregator 2 times.
Detecting symmetries...
MIP Presolve eliminated 4700 rows and 4684 columns.
MIP Presolve modified 4838 coefficients.
Aggregator did 42 substitutions.
Reduced MIP has 171464 rows, 168371 columns, and 701223 nonzeros.
Reduced MIP has 168371 binaries, 0 generals, 0 SOSs, and 0 indicators.
Presolve time = 1.51 sec. (1155.92 ticks)
Probing time = 0.13 sec. (51.58 ticks)
Clique table members: 501012.
MIP emphasis: balance optimality and feasibility.
MIP search method: dynamic search.
Parallel mode: none, using 1 thread.
Root relaxation solution time = 819.65 sec. (422484.57 ticks)

        Nodes                                         Cuts/
   Node  Left     Objective  IInf  Best Integer    Best Bound    ItCnt     Gap

      0     0  -1.00000e+37     0                      0.0000   164571         

Root node processing (before b&c):
  Real time             =  900.14 sec. (474683.40 ticks)
Sequential b&c:
  Real time             =    0.00 sec. (0.00 ticks)
                          ------------
Total (root+branch&cut) =  900.14 sec. (474683.40 ticks)
MIP: [1;32mCPLEX finished.[0m
MIP: [1;32mCPLEX status: Unknown[0m
MIP: [1;32mNo feasible solution exits[0m
