ifile	/scratch/csagturk/mlbppo_inst/n0040_m02_p100__023.inst
prob	NFMLBPPO
threads	1
ttime	900
instance: /scratch/csagturk/mlbppo_inst/n0040_m02_p100__023.inst
	m=2, n=[40, 27, 24], #pos=40
MIP: [1;32minit CPLEX[0m
CAN: [1;35mcreated 1728 x_{ijk} variables[0m
CAN: [1;35mcreated 91 y_{ij} variables[0m
CAN: [1;35mcreated 3640 f_{ijkh} variables[0m
MIP: [1;32mcreated decision variables[0m
CAN: [1;35madded 40 constraints to enforce the packing of each item[0m
CAN: [1;35madded 27 constraints to enforce the packing of each item[0m
CAN: [1;35madded 51 capacity constraints[0m
MIP: [1;32mcreated constraints[0m
MIP: [1;32mcreated objective function[0m
MIP: [1;32mcalling CPLEX solve ...[0m
Version identifier: 22.1.0.0 | 2022-03-09 | 1a383f8ce
CPXPARAM_Threads                                 1
CPXPARAM_TimeLimit                               900
Tried aggregator 2 times.
MIP Presolve eliminated 19969 rows and 20418 columns.
MIP Presolve modified 1860 coefficients.
Aggregator did 213 substitutions.
Reduced MIP has 52341 rows, 51498 columns, and 191848 nonzeros.
Reduced MIP has 51417 binaries, 0 generals, 0 SOSs, and 50 indicators.
Presolve time = 0.33 sec. (270.71 ticks)
Elapsed time = 15.57 sec. (10000.02 ticks) for 70% of probing (12055 vars fixed)
Probing fixed 12055 vars, tightened 54 bounds.
Probing changed sense of 809 constraints.
Probing time = 18.39 sec. (12555.07 ticks)
Tried aggregator 2 times.
MIP Presolve eliminated 13512 rows and 13077 columns.
MIP Presolve modified 420 coefficients.
Aggregator did 12 substitutions.
Reduced MIP has 38815 rows, 38409 columns, and 140280 nonzeros.
Reduced MIP has 38409 binaries, 0 generals, 0 SOSs, and 0 indicators.
Presolve time = 0.31 sec. (271.29 ticks)
Probing time = 0.03 sec. (15.45 ticks)
Tried aggregator 2 times.
Detecting symmetries...
MIP Presolve eliminated 10 rows and 0 columns.
Aggregator did 4 substitutions.
Reduced MIP has 38801 rows, 38405 columns, and 140006 nonzeros.
Reduced MIP has 38405 binaries, 0 generals, 0 SOSs, and 0 indicators.
Presolve time = 0.19 sec. (162.92 ticks)
Probing time = 0.03 sec. (15.39 ticks)
Clique table members: 121135.
MIP emphasis: balance optimality and feasibility.
MIP search method: dynamic search.
Parallel mode: none, using 1 thread.
Root relaxation solution time = 4.34 sec. (5882.52 ticks)

        Nodes                                         Cuts/
   Node  Left     Objective  IInf  Best Integer    Best Bound    ItCnt     Gap

      0     0    15101.1863   792                  15101.1863     8547         
      0     0    15134.7783   388                    Cuts: 25    16669         
      0     0    15140.7053   606                    Cuts: 58    28716         
      0     0    15159.9911   580                    Cuts: 67    50504         
      0     0    15166.3531   550                    Cuts: 43    77739         
      0     0    15172.0408   665                    Cuts: 51   102702         
      0     0    15173.1062   649                    Cuts: 48   126331         
      0     0    15175.0620   720                    Cuts: 48   145245         
      0     0    15179.9554   692                    Cuts: 40   172817         
      0     0    15181.0816   812                    Cuts: 48   190955         
      0     0    15182.4151   584                    Cuts: 31   200905         
      0     0    15184.0053   649                    Cuts: 60   226190         
Heuristic still looking.
*     0+    0                        21157.0000    15184.0053            28.23%
*     0+    0                        20123.0000    15184.0053            24.54%
*     0+    0                        19718.0000    15184.0053            22.99%
*     0+    0                        19203.0000    15184.0053            20.93%
*     0+    0                        19004.0000    15184.0053            20.10%
*     0+    0                        18084.0000    15184.0053            16.04%
*     0+    0                        17555.0000    15184.0053            13.51%
*     0+    0                        16597.0000    15184.0053             8.51%
      0     0  -1.00000e+75     0    16597.0000    15184.0053   226190    8.51%
      0     2    15184.0053   436    16597.0000    15184.0053   226190    8.51%
Elapsed time = 255.27 sec. (283013.81 ticks, tree = 0.01 MB, solutions = 8)
      1     3    15184.0053   419    16597.0000    15184.0053   232568    8.51%
      2     4    15184.0053   417    16597.0000    15184.0053   243271    8.51%
      3     5    15184.0053   438    16597.0000    15184.0053   246111    8.51%
      4     6    15184.0053   335    16597.0000    15184.0053   252696    8.51%
      5     7    15184.0053   330    16597.0000    15184.0053   261320    8.51%
      6     8    15184.0053   331    16597.0000    15184.0053   264644    8.51%
      7     9    15184.0053   313    16597.0000    15184.0053   266576    8.51%
      8    10    15211.8585   380    16597.0000    15184.0053   275239    8.51%
      9    11    15184.0053   340    16597.0000    15184.0053   277896    8.51%
     11    13    15184.0053   312    16597.0000    15184.0053   281613    8.51%
Elapsed time = 273.10 sec. (303926.26 ticks, tree = 0.21 MB, solutions = 8)
     14    16    15184.0053   298    16597.0000    15184.0053   288707    8.51%
     16    18    15189.1848   343    16597.0000    15184.0053   295961    8.51%
     18    20    15184.0214   341    16597.0000    15184.0053   309480    8.51%
     20    22    15185.1134   289    16597.0000    15184.0053   313838    8.51%
     22    24    15185.1134   311    16597.0000    15184.0053   318063    8.51%
     24    26    15185.1134   324    16597.0000    15184.0053   328041    8.51%
     27    29    15185.1134   285    16597.0000    15184.0053   334930    8.51%
     30    32    15185.1134   293    16597.0000    15184.0053   347117    8.51%
     34    36    15185.1134   265    16597.0000    15184.0053   353775    8.51%
     35    37    15185.1134   309    16597.0000    15184.0053   363540    8.51%
Elapsed time = 282.96 sec. (316276.58 ticks, tree = 0.63 MB, solutions = 8)
     39    41    15189.6061   314    16597.0000    15184.0053   372069    8.51%
     40    42    15211.8921   387    16597.0000    15184.0053   380002    8.51%
     42    44    15189.9874   305    16597.0000    15184.0053   386477    8.51%
     46    48    15189.9874   305    16597.0000    15184.0053   393972    8.51%
     49    51    15191.1453   358    16597.0000    15184.0053   399221    8.51%
     52    54    15190.7412   351    16597.0000    15184.0053   406127    8.51%
     55    57    15191.0903   315    16597.0000    15184.0053   412356    8.51%
     59    61    15191.6119   284    16597.0000    15184.0053   423255    8.51%
     60    62    15213.3959   304    16597.0000    15184.0053   431717    8.51%
     63    65    15224.8296   290    16597.0000    15184.0053   441147    8.51%
Elapsed time = 297.06 sec. (332121.98 ticks, tree = 2.64 MB, solutions = 8)
     65    67    15227.3770   320    16597.0000    15184.0053   447321    8.51%
     67    69    15237.4651   337    16597.0000    15184.0053   455387    8.51%
     69    71    15243.9725   274    16597.0000    15184.0053   465608    8.51%
     70    72    15282.4630   289    16597.0000    15184.0053   469768    8.51%
     73    75    15272.7555   362    16597.0000    15184.0053   479597    8.51%
     75    77    15267.7525   199    16597.0000    15184.0053   487940    8.51%
     78    80    15273.5452   235    16597.0000    15184.0053   496697    8.51%
     82    84    15273.5527   255    16597.0000    15184.0053   507146    8.51%
     86    88    15280.4744   285    16597.0000    15184.0053   518238    8.51%
     90    92    15366.3078   267    16597.0000    15184.0053   526592    8.51%
Elapsed time = 307.29 sec. (343689.46 ticks, tree = 3.77 MB, solutions = 8)
     96    98    15351.8638   218    16597.0000    15184.0053   536321    8.51%
    101   103    15382.4859   224    16597.0000    15184.0053   539315    8.51%
    108   110    15427.4754   166    16597.0000    15184.0053   547006    8.51%
    114   116    15427.4754   171    16597.0000    15184.0053   553516    8.51%
    124   126    15456.3795   155    16597.0000    15184.0053   560436    8.51%
    160   162    16194.0000    24    16597.0000    15184.0053   564292    8.51%
    172   167    15184.0192   371    16597.0000    15184.0053   574336    8.51%
    173   168    15184.0192   401    16597.0000    15184.0053   583697    8.51%
    174   169    15184.0192   409    16597.0000    15184.0053   589678    8.51%
    175   170    15184.0192   446    16597.0000    15184.0053   602395    8.51%
Elapsed time = 331.82 sec. (370010.10 ticks, tree = 5.31 MB, solutions = 8)
    176   171    15184.0192   412    16597.0000    15184.0053   614112    8.51%
    177   172    15184.0192   423    16597.0000    15184.0053   625008    8.51%
    178   173    15184.7379   511    16597.0000    15184.0053   640200    8.51%
    179   174    15184.0192   504    16597.0000    15184.0053   655988    8.51%
    180   175    15184.0192   442    16597.0000    15184.0053   673116    8.51%
    181   176    15184.0192   416    16597.0000    15184.0053   690908    8.51%
    182   177    15184.0192   400    16597.0000    15184.0053   707640    8.51%
    183   178    15184.0192   455    16597.0000    15184.0053   724574    8.51%
    184   179    15184.0192   328    16597.0000    15184.0053   739278    8.51%
    186   181    15184.1313   278    16597.0000    15184.0053   744789    8.51%
Elapsed time = 418.92 sec. (457833.06 ticks, tree = 5.53 MB, solutions = 8)
    187   182    15184.1313   318    16597.0000    15184.0053   753849    8.51%
    188   183    15184.1313   323    16597.0000    15184.0053   761948    8.51%
    189   184    15184.1313   388    16597.0000    15184.0053   768754    8.51%
    190   185    15184.3715   311    16597.0000    15184.0053   770845    8.51%
    192   187    15211.9320   466    16597.0000    15184.0053   782659    8.51%
    193   188    15189.7282   417    16597.0000    15184.0053   788784    8.51%
    194   189    15189.7282   457    16597.0000    15184.0053   792978    8.51%
    195   190    15189.7282   394    16597.0000    15184.0053   799072    8.51%
    197   192    15189.7288   376    16597.0000    15184.0053   808413    8.51%
    199   194    15189.7288   368    16597.0000    15184.0053   815182    8.51%
Elapsed time = 441.74 sec. (480658.99 ticks, tree = 5.76 MB, solutions = 8)
*   200+  193                        16524.0000    15184.0053             8.11%
    200   195    15189.7288   364    16524.0000    15184.0053   817315    8.11%
    202   197    15189.7288   384    16524.0000    15184.0053   823417    8.11%
    205   200    15189.7288   296    16524.0000    15184.0053   829062    8.11%
    208   203    15189.7724   431    16524.0000    15184.0053   836776    8.11%
    210   205    15190.5532   340    16524.0000    15184.0053   842097    8.11%
    215   210    15190.5532   338    16524.0000    15184.0053   848182    8.11%
    218   213    15191.3848   440    16524.0000    15184.0053   856862    8.11%
    220   215    15192.8587   378    16524.0000    15184.0053   862575    8.11%
    222   217    15196.9985   398    16524.0000    15184.0053   869610    8.11%
    226   221    15201.6093   322    16524.0000    15184.0053   875122    8.11%
Elapsed time = 466.37 sec. (503455.18 ticks, tree = 6.29 MB, solutions = 9)
    228   223    15208.7949   352    16524.0000    15184.0053   881799    8.11%
    231   226    15218.6459   298    16524.0000    15184.0053   888735    8.11%
    238   233    15277.4066   183    16524.0000    15184.0053   897346    8.11%
    243   238    15278.3654   219    16524.0000    15184.0053   905736    8.11%
    250   245    15279.3271   186    16524.0000    15184.0053   912319    8.11%
    258   253    15327.8145   196    16524.0000    15184.0053   922274    8.11%
    269   264    15560.6000    35    16524.0000    15184.0053   928802    8.11%
*   270+  235                        15922.0000    15184.0053             4.64%
*   290+  251                        15864.0000    15184.0053             4.29%
    290   253    15683.1000    41    15864.0000    15184.0053   935389    4.29%
    313   260    15184.0192   435    15864.0000    15184.0053   949810    4.29%
    314   261    15184.0192   444    15864.0000    15184.0053   964251    4.29%
Elapsed time = 490.96 sec. (529709.57 ticks, tree = 7.11 MB, solutions = 11)
    315   262    15184.0192   590    15864.0000    15184.0053   983862    4.29%
    316   263    15184.0192   536    15864.0000    15184.0053  1004605    4.29%
    317   264    15184.0192   517    15864.0000    15184.0053  1022483    4.29%
    318   265    15184.0192   442    15864.0000    15184.0053  1040925    4.29%
    319   266    15184.0192   527    15864.0000    15184.0053  1060152    4.29%
    320   267    15184.0192   497    15864.0000    15184.0053  1075977    4.29%
    321   268    15184.0192   507    15864.0000    15184.0053  1093010    4.29%
    322   269    15184.0192   477    15864.0000    15184.0053  1112590    4.29%
    323   270    15184.0192   532    15864.0000    15184.0053  1127971    4.29%
    324   271    15184.0192   529    15864.0000    15184.0053  1143360    4.29%
Elapsed time = 633.99 sec. (669693.81 ticks, tree = 7.59 MB, solutions = 11)
    325   272    15184.0192   555    15864.0000    15184.0053  1163370    4.29%
    326   273    15184.0192   475    15864.0000    15184.0053  1176905    4.29%
    327   274    15184.0192   446    15864.0000    15184.0053  1193493    4.29%
    328   275    15184.0192   452    15864.0000    15184.0053  1207672    4.29%
    329   276    15184.0192   499    15864.0000    15184.0053  1220523    4.29%
    330   277    15184.0192   506    15864.0000    15184.0053  1235664    4.29%
    331   278    15184.0192   479    15864.0000    15184.0053  1248518    4.29%
    332   279    15184.0192   474    15864.0000    15184.0053  1262321    4.29%
    333   280    15184.0192   366    15864.0000    15184.0053  1275880    4.29%
    334   281    15184.0192   464    15864.0000    15184.0053  1288914    4.29%
Elapsed time = 722.61 sec. (762364.64 ticks, tree = 7.78 MB, solutions = 11)
    335   282    15184.0192   462    15864.0000    15184.0053  1309649    4.29%
    336   283    15184.0192   421    15864.0000    15184.0053  1321332    4.29%
    337   284    15184.0192   419    15864.0000    15184.0053  1335514    4.29%
    338   285    15184.0192   437    15864.0000    15184.0053  1349726    4.29%
    340   287    15184.0192   305    15864.0000    15184.0053  1366261    4.29%
    344   291    15189.7520   387    15864.0000    15184.0053  1387817    4.29%
    349   296    15189.7520   331    15864.0000    15184.0053  1417200    4.29%
    353   300    15190.0021   298    15864.0000    15184.0053  1442672    4.29%
    360   307    15190.7134   325    15864.0000    15184.0053  1472854    4.29%
    366   313    15243.8866   343    15864.0000    15184.0053  1503155    4.29%
Elapsed time = 791.40 sec. (832845.78 ticks, tree = 8.39 MB, solutions = 11)
    380   327    15311.5691   303    15864.0000    15184.0053  1527550    4.29%
    401   344    15184.0192   492    15864.0000    15184.0053  1557109    4.29%
    402   345    15184.0192   478    15864.0000    15184.0053  1575234    4.29%
    403   346    15184.0192   517    15864.0000    15184.0053  1594146    4.29%
    404   347    15184.0192   502    15864.0000    15184.0053  1612666    4.29%
    405   348    15184.0192   500    15864.0000    15184.0053  1633447    4.29%
    410   353    15184.0192   352    15864.0000    15184.0053  1646014    4.29%
    417   360    15184.0305   353    15864.0000    15184.0053  1669923    4.29%
    425   368    15184.4827   385    15864.0000    15184.0053  1687959    4.29%
    434   377    15190.9780   338    15864.0000    15184.0053  1706204    4.29%
Elapsed time = 884.24 sec. (932679.84 ticks, tree = 9.63 MB, solutions = 11)
    442   385    15209.1987   291    15864.0000    15184.0053  1726975    4.29%
    447   390    15289.4505   174    15864.0000    15184.0053  1739925    4.29%
    452   395    15292.2460   200    15864.0000    15184.0053  1751945    4.29%

Cover cuts applied:  44
Flow cuts applied:  2
Mixed integer rounding cuts applied:  40
Zero-half cuts applied:  13
Gomory fractional cuts applied:  2

Root node processing (before b&c):
  Real time             =  248.57 sec. (279909.63 ticks)
Sequential b&c:
  Real time             =  651.45 sec. (667941.02 ticks)
                          ------------
Total (root+branch&cut) =  900.02 sec. (947850.64 ticks)
MIP: [1;32mCPLEX finished.[0m
MIP: [1;32mCPLEX status: Feasible[0m
MIP: [1;32mSolution: 
Indexes: [25, 23, 7, 22, 13, 1, 14, 24, 14, 13, 17, 5, 22, 4, 17, 4, 9, 21, 14, 11, 6, 11, 19, 1, 7, 6, 15, 25, 23, 9, 22, 7, 22, 19, 13, 17, 15, 5, 3, 25][-1, 8, -1, 10, 19, 12, 6, 10, -1, 19, -1, 10, -1, 2, 21, 10, -1, 5, -1, 2, -1, 23, 23, 2, 8, 12, -1], P Variables: [0, 0][0, 0][0, 0][0, 0][0, 0][0, 0][0, 0][0, 0][0, 0][0, 0][0, 0][0, 0][0, 0][0, 0][0, 0][0, 0][0, 0][0, 0][0, 0][0, 0][0, 0][0, 0][0, 0][0, 0][0, 0][0, 0][0, 0][0, 0][0, 0][0, 0][0, 0][0, 0][0, 0][0, 0][0, 0][0, 0][0, 0][0, 0][0, 0][0, 0], Flow leaving each bin: Level: 0, Item: 0 => [0]
Level: 0, Item: 1 => [1]
Level: 0, Item: 2 => [2]
Level: 0, Item: 3 => [3]
Level: 0, Item: 4 => [4]
Level: 0, Item: 5 => [5]
Level: 0, Item: 6 => [6]
Level: 0, Item: 7 => [7]
Level: 0, Item: 8 => [8]
Level: 0, Item: 9 => [9]
Level: 0, Item: 10 => [10]
Level: 0, Item: 11 => [11]
Level: 0, Item: 12 => [12]
Level: 0, Item: 13 => [13]
Level: 0, Item: 14 => [14]
Level: 0, Item: 15 => [15]
Level: 0, Item: 16 => [16]
Level: 0, Item: 17 => [17]
Level: 0, Item: 18 => [18]
Level: 0, Item: 19 => [19]
Level: 0, Item: 20 => [20]
Level: 0, Item: 21 => [21]
Level: 0, Item: 22 => [22]
Level: 0, Item: 23 => [23]
Level: 0, Item: 24 => [24]
Level: 0, Item: 25 => [25]
Level: 0, Item: 26 => [26]
Level: 0, Item: 27 => [27]
Level: 0, Item: 28 => [28]
Level: 0, Item: 29 => [29]
Level: 0, Item: 30 => [30]
Level: 0, Item: 31 => [31]
Level: 0, Item: 32 => [32]
Level: 0, Item: 33 => [33]
Level: 0, Item: 34 => [34]
Level: 0, Item: 35 => [35]
Level: 0, Item: 36 => [36]
Level: 0, Item: 37 => [37]
Level: 0, Item: 38 => [38]
Level: 0, Item: 39 => [39]
Level: 1, Bin: 1 => [5, 23]
Level: 1, Bin: 3 => [38]
Level: 1, Bin: 4 => [13, 15]
Level: 1, Bin: 5 => [11, 37]
Level: 1, Bin: 6 => [20, 25]
Level: 1, Bin: 7 => [2, 24, 31]
Level: 1, Bin: 9 => [16, 29]
Level: 1, Bin: 11 => [19, 21]
Level: 1, Bin: 13 => [4, 9, 34]
Level: 1, Bin: 14 => [6, 8, 18]
Level: 1, Bin: 15 => [26, 36]
Level: 1, Bin: 17 => [10, 14, 35]
Level: 1, Bin: 19 => [22, 33]
Level: 1, Bin: 21 => [17]
Level: 1, Bin: 22 => [3, 12, 30, 32]
Level: 1, Bin: 23 => [1, 28]
Level: 1, Bin: 24 => [7]
Level: 1, Bin: 25 => [0, 27, 39]
Level: 2, Bin: 2 => [1, 4, 9, 22, 28, 33, 34]
Level: 2, Bin: 5 => [10, 14, 35]
Level: 2, Bin: 6 => [20, 25]
Level: 2, Bin: 8 => [5, 7, 23]
Level: 2, Bin: 10 => [2, 19, 21, 24, 26, 31, 36, 38]
Level: 2, Bin: 12 => [0, 11, 27, 37, 39]
Level: 2, Bin: 19 => [13, 15, 16, 29]
Level: 2, Bin: 21 => [6, 8, 18]
Level: 2, Bin: 23 => [3, 12, 17, 30, 32]
[0m
MIP: [1;32mObjective value: 15864[0m
MIP: [1;32mLower Bound: 15184[0m
MIP: [1;32mBranch-and-Bound nodes: 454[0m

# best solution:
best objective value:	15864
best dual bound value:	15184
optimality gap:	4.28643%
CPU time:	897.198
