ifile	/scratch/csagturk/mlbppo_inst/n0040_m04_p050__076.inst
prob	NFMLBPPO
threads	1
ttime	900
instance: /scratch/csagturk/mlbppo_inst/n0040_m04_p050__076.inst
	m=4, n=[40, 29, 23, 24, 21], #pos=20
MIP: [1;32minit CPLEX[0m
CAN: [1;35mcreated 2883 x_{ijk} variables[0m
CAN: [1;35mcreated 137 y_{ij} variables[0m
CAN: [1;35mcreated 5480 f_{ijkh} variables[0m
MIP: [1;32mcreated decision variables[0m
CAN: [1;35madded 40 constraints to enforce the packing of each item[0m
CAN: [1;35madded 76 constraints to enforce the packing of each item[0m
CAN: [1;35madded 97 capacity constraints[0m
MIP: [1;32mcreated constraints[0m
MIP: [1;32mcreated objective function[0m
MIP: [1;32mcalling CPLEX solve ...[0m
Version identifier: 22.1.0.0 | 2022-03-09 | 1a383f8ce
CPXPARAM_Threads                                 1
CPXPARAM_TimeLimit                               900
Tried aggregator 2 times.
MIP Presolve eliminated 28561 rows and 29274 columns.
MIP Presolve added 2 rows and 0 columns.
MIP Presolve modified 1158 coefficients.
Aggregator did 528 substitutions.
Reduced MIP has 91490 rows, 90098 columns, and 326684 nonzeros.
Reduced MIP has 89870 binaries, 0 generals, 0 SOSs, and 139 indicators.
Presolve time = 0.58 sec. (480.40 ticks)
Elapsed time = 14.40 sec. (10000.01 ticks) for 33% of probing (1547 vars fixed)
Probing fixed 1547 vars, tightened 151 bounds.
Probing time = 23.12 sec. (14458.15 ticks)
Tried aggregator 2 times.
Detecting symmetries...
MIP Presolve eliminated 2990 rows and 2958 columns.
MIP Presolve modified 12 coefficients.
Aggregator did 16 substitutions.
Reduced MIP has 88497 rows, 87124 columns, and 316722 nonzeros.
Reduced MIP has 87124 binaries, 0 generals, 0 SOSs, and 0 indicators.
Presolve time = 0.77 sec. (541.94 ticks)
Probing time = 0.08 sec. (31.50 ticks)
Clique table members: 234417.
MIP emphasis: balance optimality and feasibility.
MIP search method: dynamic search.
Parallel mode: none, using 1 thread.
Root relaxation solution time = 283.32 sec. (243800.39 ticks)

        Nodes                                         Cuts/
   Node  Left     Objective  IInf  Best Integer    Best Bound    ItCnt     Gap

      0     0    28311.8383  1438                  28311.8383   116277         
      0     0    28366.6023  1005                    Cuts: 62   177614         
      0     0    28379.7752  1118                   Cuts: 112   240282         
      0     0    28386.1859  1158                    Cuts: 88   303545         
      0     0    28443.8315  1227                    Cuts: 96   356255         

Clique cuts applied:  20
Cover cuts applied:  55
Flow cuts applied:  6
Mixed integer rounding cuts applied:  79
Zero-half cuts applied:  33
Gomory fractional cuts applied:  2

Root node processing (before b&c):
  Real time             =  900.02 sec. (673480.82 ticks)
Sequential b&c:
  Real time             =    0.00 sec. (0.00 ticks)
                          ------------
Total (root+branch&cut) =  900.02 sec. (673480.82 ticks)
MIP: [1;32mCPLEX finished.[0m
MIP: [1;32mCPLEX status: Unknown[0m
MIP: [1;32mNo feasible solution exits[0m
