ifile	/scratch/csagturk/mlbppo_inst/n0040_m04_p150__006.inst
prob	NFMLBPPO
threads	1
ttime	900
instance: /scratch/csagturk/mlbppo_inst/n0040_m04_p150__006.inst
	m=4, n=[40, 33, 30, 24, 33], #pos=60
MIP: [1;32minit CPLEX[0m
CAN: [1;35mcreated 3822 x_{ijk} variables[0m
CAN: [1;35mcreated 160 y_{ij} variables[0m
CAN: [1;35mcreated 6400 f_{ijkh} variables[0m
MIP: [1;32mcreated decision variables[0m
CAN: [1;35madded 40 constraints to enforce the packing of each item[0m
CAN: [1;35madded 87 constraints to enforce the packing of each item[0m
CAN: [1;35madded 120 capacity constraints[0m
MIP: [1;32mcreated constraints[0m
MIP: [1;32mcreated objective function[0m
MIP: [1;32mcalling CPLEX solve ...[0m
Version identifier: 22.1.0.0 | 2022-03-09 | 1a383f8ce
CPXPARAM_Threads                                 1
CPXPARAM_TimeLimit                               900
Tried aggregator 2 times.
MIP Presolve eliminated 49569 rows and 50758 columns.
MIP Presolve added 2 rows and 0 columns.
MIP Presolve modified 4034 coefficients.
Aggregator did 382 substitutions.
Reduced MIP has 110762 rows, 107872 columns, and 449171 nonzeros.
Reduced MIP has 107611 binaries, 0 generals, 0 SOSs, and 168 indicators.
Presolve time = 0.75 sec. (633.58 ticks)
Elapsed time = 16.81 sec. (10000.68 ticks) for 9% of probing (2822 vars fixed)
Elapsed time = 30.53 sec. (20000.76 ticks) for 34% of probing (4520 vars fixed)
Probing fixed 4520 vars, tightened 173 bounds.
Probing changed sense of 256 constraints.
Probing time = 42.19 sec. (26414.76 ticks)
Tried aggregator 2 times.
Detecting symmetries...
MIP Presolve eliminated 6204 rows and 6050 columns.
Aggregator did 32 substitutions.
Reduced MIP has 104526 rows, 101790 columns, and 420463 nonzeros.
Reduced MIP has 101790 binaries, 0 generals, 0 SOSs, and 0 indicators.
Presolve time = 0.89 sec. (677.64 ticks)
Probing time = 0.09 sec. (35.27 ticks)
Clique table members: 299384.
MIP emphasis: balance optimality and feasibility.
MIP search method: dynamic search.
Parallel mode: none, using 1 thread.
Root relaxation solution time = 239.39 sec. (175319.07 ticks)

        Nodes                                         Cuts/
   Node  Left     Objective  IInf  Best Integer    Best Bound    ItCnt     Gap

      0     0    24302.0605  1381                  24302.0605    87479         
      0     0    24436.9413  1212                    Cuts: 63   159297         
      0     0    24445.6570   993                    Cuts: 83   212385         
      0     0    24530.1003  1006                    Cuts: 92   262929         
      0     0    24554.0150  1088                    Cuts: 88   307433         

Clique cuts applied:  22
Cover cuts applied:  44
Flow cuts applied:  2
Mixed integer rounding cuts applied:  61
Zero-half cuts applied:  39
Gomory fractional cuts applied:  4

Root node processing (before b&c):
  Real time             =  900.03 sec. (580077.70 ticks)
Sequential b&c:
  Real time             =    0.00 sec. (0.00 ticks)
                          ------------
Total (root+branch&cut) =  900.03 sec. (580077.70 ticks)
MIP: [1;32mCPLEX finished.[0m
MIP: [1;32mCPLEX status: Unknown[0m
MIP: [1;32mNo feasible solution exits[0m
