ifile	/scratch/csagturk/mlbppo_inst/n0040_m05_p200__010.inst
prob	NFMLBPPO
threads	1
ttime	900
instance: /scratch/csagturk/mlbppo_inst/n0040_m05_p200__010.inst
	m=5, n=[40, 34, 39, 39, 44, 44], #pos=80
MIP: [1;32minit CPLEX[0m
CAN: [1;35mcreated 7859 x_{ijk} variables[0m
CAN: [1;35mcreated 240 y_{ij} variables[0m
CAN: [1;35mcreated 9600 f_{ijkh} variables[0m
MIP: [1;32mcreated decision variables[0m
CAN: [1;35madded 40 constraints to enforce the packing of each item[0m
CAN: [1;35madded 156 constraints to enforce the packing of each item[0m
CAN: [1;35madded 200 capacity constraints[0m
MIP: [1;32mcreated constraints[0m
MIP: [1;32mcreated objective function[0m
MIP: [1;32mcalling CPLEX solve ...[0m
Version identifier: 22.1.0.0 | 2022-03-09 | 1a383f8ce
CPXPARAM_Threads                                 1
CPXPARAM_TimeLimit                               900
Tried aggregator 2 times.
MIP Presolve eliminated 83226 rows and 85198 columns.
MIP Presolve modified 8131 coefficients.
Aggregator did 549 substitutions.
Reduced MIP has 243906 rows, 239992 columns, and 1049449 nonzeros.
Reduced MIP has 239524 binaries, 0 generals, 0 SOSs, and 304 indicators.
Presolve time = 1.89 sec. (1527.11 ticks)
Elapsed time = 24.26 sec. (10002.23 ticks) for 2% of probing (207 vars fixed)
Elapsed time = 41.76 sec. (20002.55 ticks) for 3% of probing (315 vars fixed)
Elapsed time = 56.84 sec. (30002.84 ticks) for 4% of probing (394 vars fixed)
Elapsed time = 71.90 sec. (40003.65 ticks) for 6% of probing (503 vars fixed)
Elapsed time = 86.80 sec. (50004.22 ticks) for 7% of probing (587 vars fixed)
Probing fixed 609 vars, tightened 296 bounds.
Probing time = 91.01 sec. (52652.05 ticks)
Tried aggregator 2 times.
Detecting symmetries...
MIP Presolve eliminated 2435 rows and 2518 columns.
MIP Presolve modified 172 coefficients.
Aggregator did 56 substitutions.
Reduced MIP has 241555 rows, 237418 columns, and 1036280 nonzeros.
Reduced MIP has 237402 binaries, 16 generals, 0 SOSs, and 32 indicators.
Presolve time = 2.82 sec. (1602.72 ticks)
Probing time = 0.29 sec. (70.51 ticks)
Clique table members: 716648.
MIP emphasis: balance optimality and feasibility.
MIP search method: dynamic search.
Parallel mode: none, using 1 thread.
Root relaxation solution time = 798.68 sec. (398204.58 ticks)

        Nodes                                         Cuts/
   Node  Left     Objective  IInf  Best Integer    Best Bound    ItCnt     Gap

      0     0  -1.00000e+37     0                      0.0000   170152         

Root node processing (before b&c):
  Real time             =  900.19 sec. (457321.28 ticks)
Sequential b&c:
  Real time             =    0.00 sec. (0.00 ticks)
                          ------------
Total (root+branch&cut) =  900.19 sec. (457321.28 ticks)
MIP: [1;32mCPLEX finished.[0m
MIP: [1;32mCPLEX status: Unknown[0m
MIP: [1;32mNo feasible solution exits[0m
