ifile	/scratch/csagturk/mlbppo_inst/n0040_m01_p050__048.inst
prob	NFMLBPPO
threads	1
ttime	900
instance: /scratch/csagturk/mlbppo_inst/n0040_m01_p050__048.inst
	m=1, n=[40, 26], #pos=20
MIP: [1;32minit CPLEX[0m
CAN: [1;35mcreated 1040 x_{ijk} variables[0m
CAN: [1;35mcreated 66 y_{ij} variables[0m
CAN: [1;35mcreated 2640 f_{ijkh} variables[0m
MIP: [1;32mcreated decision variables[0m
CAN: [1;35madded 40 constraints to enforce the packing of each item[0m
CAN: [1;35madded 0 constraints to enforce the packing of each item[0m
CAN: [1;35madded 26 capacity constraints[0m
MIP: [1;32mcreated constraints[0m
MIP: [1;32mcreated objective function[0m
MIP: [1;32mcalling CPLEX solve ...[0m
Version identifier: 22.1.0.0 | 2022-03-09 | 1a383f8ce
CPXPARAM_Threads                                 1
CPXPARAM_TimeLimit                               900
Tried aggregator 2 times.
MIP Presolve eliminated 19458 rows and 19644 columns.
MIP Presolve modified 1356 coefficients.
Aggregator did 407 substitutions.
Reduced MIP has 23421 rows, 23655 columns, and 82981 nonzeros.
Reduced MIP has 23655 binaries, 0 generals, 0 SOSs, and 0 indicators.
Presolve time = 0.17 sec. (150.21 ticks)
Found incumbent of value 12615.000000 after 0.32 sec. (280.18 ticks)
Probing fixed 21524 vars, tightened 0 bounds.
Probing changed sense of 1091 constraints.
Probing time = 1.28 sec. (1429.33 ticks)
Tried aggregator 1 time.
MIP Presolve eliminated 23049 rows and 22825 columns.
MIP Presolve modified 426 coefficients.
Reduced MIP has 370 rows, 830 columns, and 7564 nonzeros.
Reduced MIP has 830 binaries, 0 generals, 0 SOSs, and 0 indicators.
Presolve time = 0.02 sec. (24.17 ticks)
Probing time = 0.00 sec. (2.67 ticks)
Tried aggregator 1 time.
Detecting symmetries...
MIP Presolve modified 4 coefficients.
Reduced MIP has 370 rows, 830 columns, and 7560 nonzeros.
Reduced MIP has 830 binaries, 0 generals, 0 SOSs, and 0 indicators.
Presolve time = 0.00 sec. (4.47 ticks)
Probing time = 0.00 sec. (2.68 ticks)
Clique table members: 2069.
MIP emphasis: balance optimality and feasibility.
MIP search method: dynamic search.
Parallel mode: none, using 1 thread.
Root relaxation solution time = 0.00 sec. (6.28 ticks)

        Nodes                                         Cuts/
   Node  Left     Objective  IInf  Best Integer    Best Bound    ItCnt     Gap

*     0+    0                        12615.0000        0.0000           100.00%
      0     0    10144.8500    46    12615.0000    10144.8500      305   19.58%
      0     0    10162.2000    58    12615.0000      Cuts: 59      457   19.44%
*     0+    0                        11198.0000    10162.2000             9.25%
      0     0    10162.2000    71    11198.0000      Cuts: 67      676    9.25%
      0     0    10162.2000    44    11198.0000      Cuts: 15      813    9.25%
      0     0    10162.2000    47    11198.0000      Cuts: 39      921    9.25%
*     0+    0                        11125.0000    10162.2000             8.65%
      0     2    10162.2000    28    11125.0000    10162.2000      921    8.65%
Elapsed time = 1.77 sec. (1908.61 ticks, tree = 0.01 MB, solutions = 3)
*    60+   58                        10751.0000    10162.2000             5.48%
*   130+  116                        10651.0000    10162.2000             4.59%
    285   253    10165.5385    29    10651.0000    10162.2000     6751    4.59%
*   432   313      integral     0    10291.0000    10162.2000     9501    1.25%
    543   404    10162.2000    60    10291.0000    10162.2000    13899    1.25%

Performing restart 1

Repeating presolve.
Tried aggregator 1 time.
MIP Presolve eliminated 0 rows and 9 columns.
MIP Presolve modified 5405 coefficients.
Reduced MIP has 370 rows, 821 columns, and 4854 nonzeros.
Reduced MIP has 821 binaries, 0 generals, 0 SOSs, and 0 indicators.
Presolve time = 0.01 sec. (6.10 ticks)
Tried aggregator 1 time.
Reduced MIP has 370 rows, 821 columns, and 4854 nonzeros.
Reduced MIP has 821 binaries, 0 generals, 0 SOSs, and 0 indicators.
Presolve time = 0.00 sec. (3.57 ticks)
Represolve time = 0.04 sec. (42.73 ticks)
    545     0    10190.9565   118    10291.0000      Cuts: 37    14850    0.97%
    545     0    10190.9565   125    10291.0000      Cuts: 76    15189    0.97%
    545     0    10190.9565    68    10291.0000      Cuts: 17    15355    0.97%
    545     0    10190.9565    80    10291.0000      Cuts: 75    15549    0.97%
    545     0    10194.8734    52    10291.0000      Cuts: 14    15680    0.93%
    545     0    10194.8734    74    10291.0000      Cuts: 58    16023    0.93%
    545     0    10194.8734    37    10291.0000       Cuts: 9    16115    0.93%
    545     0    10194.8734    47    10291.0000      Cuts: 43    16312    0.93%
    545     2    10194.8734    32    10291.0000    10195.6923    16312    0.93%
    645    78    10204.0000    22    10291.0000    10204.0000    17571    0.85%
*   807     0      integral     0    10204.0000    10204.0000    19146    0.00%

GUB cover cuts applied:  8
Clique cuts applied:  1
Cover cuts applied:  24
Implied bound cuts applied:  1
Flow cuts applied:  2
Mixed integer rounding cuts applied:  4
Zero-half cuts applied:  7
Gomory fractional cuts applied:  6

Root node processing (before b&c):
  Real time             =    1.77 sec. (1911.52 ticks)
Sequential b&c:
  Real time             =    2.33 sec. (2921.36 ticks)
                          ------------
Total (root+branch&cut) =    4.11 sec. (4832.87 ticks)
MIP: [1;32mCPLEX finished.[0m
MIP: [1;32mCPLEX status: Optimal[0m
MIP: [1;32mSolution: 
Indexes: [0, 12, 7, 15, 11, 2, 2, 3, 7, 21, 20, 6, 25, 13, 21, 6, 1, 23, 25, 16, 13, 16, 12, 2, 25, 14, 23, 14, 11, 2, 22, 22, 13, 6, 15, 1, 15, 9, 20, 16], P Variables: [0][0][0][0][0][0][0][0][0][0][0][0][0][0][0][0][0][0][0][0][0][0][0][0][0][0][0][0][0][0][0][0][0][0][0][0][0][0][0][0], Flow leaving each bin: Level: 0, Item: 0 => [0]
Level: 0, Item: 1 => [1]
Level: 0, Item: 2 => [2]
Level: 0, Item: 3 => [3]
Level: 0, Item: 4 => [4]
Level: 0, Item: 5 => [5]
Level: 0, Item: 6 => [6]
Level: 0, Item: 7 => [7]
Level: 0, Item: 8 => [8]
Level: 0, Item: 9 => [9]
Level: 0, Item: 10 => [10]
Level: 0, Item: 11 => [11]
Level: 0, Item: 12 => [12]
Level: 0, Item: 13 => [13]
Level: 0, Item: 14 => [14]
Level: 0, Item: 15 => [15]
Level: 0, Item: 16 => [16]
Level: 0, Item: 17 => [17]
Level: 0, Item: 18 => [18]
Level: 0, Item: 19 => [19]
Level: 0, Item: 20 => [20]
Level: 0, Item: 21 => [21]
Level: 0, Item: 22 => [22]
Level: 0, Item: 23 => [23]
Level: 0, Item: 24 => [24]
Level: 0, Item: 25 => [25]
Level: 0, Item: 26 => [26]
Level: 0, Item: 27 => [27]
Level: 0, Item: 28 => [28]
Level: 0, Item: 29 => [29]
Level: 0, Item: 30 => [30]
Level: 0, Item: 31 => [31]
Level: 0, Item: 32 => [32]
Level: 0, Item: 33 => [33]
Level: 0, Item: 34 => [34]
Level: 0, Item: 35 => [35]
Level: 0, Item: 36 => [36]
Level: 0, Item: 37 => [37]
Level: 0, Item: 38 => [38]
Level: 0, Item: 39 => [39]
Level: 1, Bin: 0 => [0]
Level: 1, Bin: 1 => [16, 35]
Level: 1, Bin: 2 => [5, 6, 23, 29]
Level: 1, Bin: 3 => [7]
Level: 1, Bin: 6 => [11, 15, 33]
Level: 1, Bin: 7 => [2, 8]
Level: 1, Bin: 9 => [37]
Level: 1, Bin: 11 => [4, 28]
Level: 1, Bin: 12 => [1, 22]
Level: 1, Bin: 13 => [13, 20, 32]
Level: 1, Bin: 14 => [25, 27]
Level: 1, Bin: 15 => [3, 34, 36]
Level: 1, Bin: 16 => [19, 21, 39]
Level: 1, Bin: 20 => [10, 38]
Level: 1, Bin: 21 => [9, 14]
Level: 1, Bin: 22 => [30, 31]
Level: 1, Bin: 23 => [17, 26]
Level: 1, Bin: 25 => [12, 18, 24]
[0m
MIP: [1;32mObjective value: 10204[0m
MIP: [1;32mLower Bound: 10204[0m
MIP: [1;32mBranch-and-Bound nodes: 808[0m

# best solution:
best objective value:	10204
best dual bound value:	10204
optimality gap:	0%
CPU time:	4.1581
