ifile	/scratch/csagturk/mlbppo_inst/n0050_m03_p150__016.inst
prob	NFMLBPPO
threads	1
ttime	900
instance: /scratch/csagturk/mlbppo_inst/n0050_m03_p150__016.inst
	m=3, n=[50, 39, 39, 36], #pos=75
MIP: [1;32minit CPLEX[0m
CAN: [1;35mcreated 4875 x_{ijk} variables[0m
CAN: [1;35mcreated 164 y_{ij} variables[0m
CAN: [1;35mcreated 8200 f_{ijkh} variables[0m
MIP: [1;32mcreated decision variables[0m
CAN: [1;35madded 50 constraints to enforce the packing of each item[0m
CAN: [1;35madded 78 constraints to enforce the packing of each item[0m
CAN: [1;35madded 114 capacity constraints[0m
MIP: [1;32mcreated constraints[0m
MIP: [1;32mcreated objective function[0m
MIP: [1;32mcalling CPLEX solve ...[0m
Version identifier: 22.1.0.0 | 2022-03-09 | 1a383f8ce
CPXPARAM_Threads                                 1
CPXPARAM_TimeLimit                               900
Tried aggregator 2 times.
MIP Presolve eliminated 59739 rows and 60843 columns.
MIP Presolve modified 5731 coefficients.
Aggregator did 389 substitutions.
Reduced MIP has 192993 rows, 190087 columns, and 764334 nonzeros.
Reduced MIP has 189853 binaries, 0 generals, 0 SOSs, and 150 indicators.
Presolve time = 1.43 sec. (1109.74 ticks)
Elapsed time = 16.13 sec. (10000.20 ticks) for 4% of probing (3723 vars fixed)
Elapsed time = 32.41 sec. (20000.47 ticks) for 6% of probing (4049 vars fixed)
Elapsed time = 58.35 sec. (30001.59 ticks) for 7% of probing (4224 vars fixed)
Elapsed time = 75.25 sec. (40002.60 ticks) for 9% of probing (4427 vars fixed)
Elapsed time = 91.53 sec. (50004.06 ticks) for 11% of probing (4638 vars fixed)
Elapsed time = 108.95 sec. (60004.29 ticks) for 13% of probing (4875 vars fixed)
Elapsed time = 131.42 sec. (70004.42 ticks) for 17% of probing (5788 vars fixed)
Probing fixed 5788 vars, tightened 156 bounds.
Probing time = 138.50 sec. (74767.91 ticks)
Tried aggregator 2 times.
Detecting symmetries...
MIP Presolve eliminated 7983 rows and 7806 columns.
MIP Presolve modified 78 coefficients.
Aggregator did 11 substitutions.
Reduced MIP has 185077 rows, 182270 columns, and 731145 nonzeros.
Reduced MIP has 182270 binaries, 0 generals, 0 SOSs, and 0 indicators.
Presolve time = 1.77 sec. (1216.17 ticks)
Probing time = 0.19 sec. (60.75 ticks)
Clique table members: 518568.
MIP emphasis: balance optimality and feasibility.
MIP search method: dynamic search.
Parallel mode: none, using 1 thread.
Root relaxation solution time = 754.86 sec. (475187.69 ticks)

        Nodes                                         Cuts/
   Node  Left     Objective  IInf  Best Integer    Best Bound    ItCnt     Gap

      0     0  -1.00000e+37     0                      0.0000   138823         

Root node processing (before b&c):
  Real time             =  900.20 sec. (555234.58 ticks)
Sequential b&c:
  Real time             =    0.00 sec. (0.00 ticks)
                          ------------
Total (root+branch&cut) =  900.20 sec. (555234.58 ticks)
MIP: [1;32mCPLEX finished.[0m
MIP: [1;32mCPLEX status: Unknown[0m
MIP: [1;32mNo feasible solution exits[0m
