ifile	/scratch/csagturk/mlbppo_inst/n0050_m01_p100__068.inst
prob	NFMLBPPO
threads	1
ttime	900
instance: /scratch/csagturk/mlbppo_inst/n0050_m01_p100__068.inst
	m=1, n=[50, 32], #pos=50
MIP: [1;32minit CPLEX[0m
CAN: [1;35mcreated 1600 x_{ijk} variables[0m
CAN: [1;35mcreated 82 y_{ij} variables[0m
CAN: [1;35mcreated 4100 f_{ijkh} variables[0m
MIP: [1;32mcreated decision variables[0m
CAN: [1;35madded 50 constraints to enforce the packing of each item[0m
CAN: [1;35madded 0 constraints to enforce the packing of each item[0m
CAN: [1;35madded 32 capacity constraints[0m
MIP: [1;32mcreated constraints[0m
MIP: [1;32mcreated objective function[0m
MIP: [1;32mcalling CPLEX solve ...[0m
Version identifier: 22.1.0.0 | 2022-03-09 | 1a383f8ce
CPXPARAM_Threads                                 1
CPXPARAM_TimeLimit                               900
Tried aggregator 2 times.
MIP Presolve eliminated 20546 rows and 20726 columns.
MIP Presolve modified 3334 coefficients.
Aggregator did 267 substitutions.
Reduced MIP has 62520 rows, 62239 columns, and 233726 nonzeros.
Reduced MIP has 62239 binaries, 0 generals, 0 SOSs, and 0 indicators.
Presolve time = 0.44 sec. (351.52 ticks)
Probing fixed 58785 vars, tightened 0 bounds.
Probing changed sense of 5520 constraints.
Probing time = 8.60 sec. (8649.74 ticks)
Tried aggregator 1 time.
MIP Presolve eliminated 61601 rows and 61030 columns.
MIP Presolve modified 2408 coefficients.
Reduced MIP has 894 rows, 1209 columns, and 21092 nonzeros.
Reduced MIP has 1209 binaries, 0 generals, 0 SOSs, and 0 indicators.
Presolve time = 0.07 sec. (68.53 ticks)
Probing time = 0.00 sec. (3.80 ticks)
Tried aggregator 1 time.
Detecting symmetries...
MIP Presolve modified 4 coefficients.
Reduced MIP has 894 rows, 1209 columns, and 21088 nonzeros.
Reduced MIP has 1209 binaries, 0 generals, 0 SOSs, and 0 indicators.
Presolve time = 0.01 sec. (10.71 ticks)
Probing time = 0.00 sec. (3.78 ticks)
Clique table members: 2982.
MIP emphasis: balance optimality and feasibility.
MIP search method: dynamic search.
Parallel mode: none, using 1 thread.
Root relaxation solution time = 0.01 sec. (13.43 ticks)

        Nodes                                         Cuts/
   Node  Left     Objective  IInf  Best Integer    Best Bound    ItCnt     Gap

      0     0    11782.7619    89                  11782.7619      356         
*     0+    0                        13635.0000    11782.7619            13.58%
      0     0    11788.2500   113    13635.0000      Cuts: 73      719   13.54%
      0     0    11788.2500    99    13635.0000      Cuts: 67     1170   13.54%
      0     0    11788.2500   120    13635.0000      Cuts: 94     1567   13.54%
      0     0    11788.2500    85    13635.0000      Cuts: 25     1795   13.54%
*     0+    0                        12765.0000    11788.2500             7.65%
      0     0  -1.00000e+75     0    12765.0000    11788.2500     1795    7.65%
      0     0    11788.2500   122    12765.0000      Cuts: 76     2138    7.65%
*     0+    0                        12606.0000    11788.2500             6.49%
*     0+    0                        12353.0000    11788.2500             4.57%
      0     0  -1.00000e+75     0    12353.0000    11788.2500     2138    4.57%
      0     2    11788.2500    78    12353.0000    11788.2500     2138    4.57%
Elapsed time = 10.71 sec. (10592.74 ticks, tree = 0.01 MB, solutions = 4)
*   110+   98                        12182.0000    11788.2500             3.23%
    196   158    11942.3318    20    12182.0000    11788.2500     5622    3.23%
    400   343    11834.7354    24    12182.0000    11788.2500     8414    3.23%
*   519+  282                        11918.0000    11788.2500             1.09%
    606   366    11799.2667    40    11918.0000    11788.2500    11871    1.09%
    750   479    11788.2500    29    11918.0000    11788.2500    15991    1.09%
    892   602    11809.5344    48    11918.0000    11788.2500    20339    1.09%
   1000   687    11832.0800    22    11918.0000    11788.2500    23712    1.09%
   1109   773    11789.0500    71    11918.0000    11788.2500    27688    1.09%

Performing restart 1

Repeating presolve.
Tried aggregator 1 time.
MIP Presolve eliminated 0 rows and 9 columns.
MIP Presolve modified 17598 coefficients.
Reduced MIP has 894 rows, 1200 columns, and 12531 nonzeros.
Reduced MIP has 1200 binaries, 0 generals, 0 SOSs, and 0 indicators.
Presolve time = 0.02 sec. (17.87 ticks)
Tried aggregator 2 times.
MIP Presolve eliminated 5 rows and 2 columns.
MIP Presolve modified 41 coefficients.
Aggregator did 2 substitutions.
Reduced MIP has 887 rows, 1196 columns, and 12387 nonzeros.
Reduced MIP has 1196 binaries, 0 generals, 0 SOSs, and 0 indicators.
Presolve time = 0.01 sec. (12.07 ticks)
Represolve time = 0.11 sec. (107.33 ticks)
   1146     0    11788.2500    80    11918.0000      Cuts: 33    31841    1.09%
   1146     0    11788.2500   110    11918.0000      Cuts: 94    32192    1.09%
   1146     0    11788.2500    76    11918.0000      Cuts: 20    32544    1.09%
   1146     0    11788.2500    91    11918.0000     Cuts: 104    32887    1.09%
   1146     0    11788.2500    74    11918.0000      Cuts: 27    33191    1.09%
   1146     0    11788.2500   104    11918.0000      Cuts: 90    33651    1.09%
   1146     0    11788.2500    65    11918.0000      Cuts: 19    33846    1.09%
   1146     0    11788.2500    79    11918.0000      Cuts: 88    34171    1.09%
   1146     2    11788.2500    23    11918.0000    11789.2500    34171    1.08%
   1192    36    11811.0000    35    11918.0000    11811.0000    34950    0.90%
*  1346+   68                        11834.0000    11811.0000             0.19%
   1346    67    11834.0000     0    11834.0000    11811.0000    38696    0.19%
Elapsed time = 15.52 sec. (16881.36 ticks, tree = 0.14 MB, solutions = 7)
   1572   220    11813.5556    46    11834.0000    11811.0000    48837    0.19%
   1960   368    infeasible          11834.0000    11811.0000    57293    0.19%
   2466   586    11811.0000    37    11834.0000    11811.0000    71227    0.19%
   2788   740    11811.0000    29    11834.0000    11811.0000    85400    0.19%
   3114   934    11811.0000    65    11834.0000    11811.0000    98203    0.19%
   3360  1046        cutoff          11834.0000    11811.0000   113532    0.19%
   3544  1136    11811.0000    56    11834.0000    11811.0000   129717    0.19%
   3714  1212    11811.0000    37    11834.0000    11811.0000   145447    0.19%
   3965  1374    infeasible          11834.0000    11811.0000   158485    0.19%
   4184  1512    11828.9031    71    11834.0000    11811.0000   171818    0.19%
Elapsed time = 22.72 sec. (26437.92 ticks, tree = 2.20 MB, solutions = 7)
   4327  1561    11811.0000    44    11834.0000    11811.0000   187956    0.19%
*  4346+    0                        11811.0000    11811.0000             0.00%

GUB cover cuts applied:  10
Clique cuts applied:  11
Cover cuts applied:  114
Implied bound cuts applied:  1
Flow cuts applied:  2
Mixed integer rounding cuts applied:  80
Zero-half cuts applied:  3
Gomory fractional cuts applied:  3

Root node processing (before b&c):
  Real time             =   10.71 sec. (10598.83 ticks)
Sequential b&c:
  Real time             =   12.85 sec. (16944.57 ticks)
                          ------------
Total (root+branch&cut) =   23.56 sec. (27543.40 ticks)
MIP: [1;32mCPLEX finished.[0m
MIP: [1;32mCPLEX status: Optimal[0m
MIP: [1;32mSolution: 
Indexes: [7, 21, 27, 18, 18, 16, 21, 31, 8, 5, 12, 18, 7, 8, 25, 19, 22, 14, 1, 19, 7, 3, 15, 9, 30, 8, 14, 5, 27, 1, 9, 30, 0, 22, 16, 30, 0, 21, 9, 30, 25, 26, 17, 12, 29, 31, 26, 15, 15, 29], P Variables: [0][0][0][0][0][0][0][0][0][0][0][0][0][0][0][0][0][0][0][0][0][0][0][0][0][0][0][0][0][0][0][0][0][0][0][0][0][0][0][0][0][0][0][0][0][0][0][0][0][0], Flow leaving each bin: Level: 0, Item: 0 => [0]
Level: 0, Item: 1 => [1]
Level: 0, Item: 2 => [2]
Level: 0, Item: 3 => [3]
Level: 0, Item: 4 => [4]
Level: 0, Item: 5 => [5]
Level: 0, Item: 6 => [6]
Level: 0, Item: 7 => [7]
Level: 0, Item: 8 => [8]
Level: 0, Item: 9 => [9]
Level: 0, Item: 10 => [10]
Level: 0, Item: 11 => [11]
Level: 0, Item: 12 => [12]
Level: 0, Item: 13 => [13]
Level: 0, Item: 14 => [14]
Level: 0, Item: 15 => [15]
Level: 0, Item: 16 => [16]
Level: 0, Item: 17 => [17]
Level: 0, Item: 18 => [18]
Level: 0, Item: 19 => [19]
Level: 0, Item: 20 => [20]
Level: 0, Item: 21 => [21]
Level: 0, Item: 22 => [22]
Level: 0, Item: 23 => [23]
Level: 0, Item: 24 => [24]
Level: 0, Item: 25 => [25]
Level: 0, Item: 26 => [26]
Level: 0, Item: 27 => [27]
Level: 0, Item: 28 => [28]
Level: 0, Item: 29 => [29]
Level: 0, Item: 30 => [30]
Level: 0, Item: 31 => [31]
Level: 0, Item: 32 => [32]
Level: 0, Item: 33 => [33]
Level: 0, Item: 34 => [34]
Level: 0, Item: 35 => [35]
Level: 0, Item: 36 => [36]
Level: 0, Item: 37 => [37]
Level: 0, Item: 38 => [38]
Level: 0, Item: 39 => [39]
Level: 0, Item: 40 => [40]
Level: 0, Item: 41 => [41]
Level: 0, Item: 42 => [42]
Level: 0, Item: 43 => [43]
Level: 0, Item: 44 => [44]
Level: 0, Item: 45 => [45]
Level: 0, Item: 46 => [46]
Level: 0, Item: 47 => [47]
Level: 0, Item: 48 => [48]
Level: 0, Item: 49 => [49]
Level: 1, Bin: 0 => [32, 36]
Level: 1, Bin: 1 => [18, 29]
Level: 1, Bin: 3 => [21]
Level: 1, Bin: 5 => [9, 27]
Level: 1, Bin: 7 => [0, 12, 20]
Level: 1, Bin: 8 => [8, 13, 25]
Level: 1, Bin: 9 => [23, 30, 38]
Level: 1, Bin: 12 => [10, 43]
Level: 1, Bin: 14 => [17, 26]
Level: 1, Bin: 15 => [22, 47, 48]
Level: 1, Bin: 16 => [5, 34]
Level: 1, Bin: 17 => [42]
Level: 1, Bin: 18 => [3, 4, 11]
Level: 1, Bin: 19 => [15, 19]
Level: 1, Bin: 21 => [1, 6, 37]
Level: 1, Bin: 22 => [16, 33]
Level: 1, Bin: 25 => [14, 40]
Level: 1, Bin: 26 => [41, 46]
Level: 1, Bin: 27 => [2, 28]
Level: 1, Bin: 29 => [44, 49]
Level: 1, Bin: 30 => [24, 31, 35, 39]
Level: 1, Bin: 31 => [7, 45]
[0m
MIP: [1;32mObjective value: 11811[0m
MIP: [1;32mLower Bound: 11811[0m
MIP: [1;32mBranch-and-Bound nodes: 4346[0m

# best solution:
best objective value:	11811
best dual bound value:	11811
optimality gap:	0%
CPU time:	23.6308
