ifile	/scratch/csagturk/mlbppo_inst/n0050_m02_p050__083.inst
prob	NFMLBPPO
threads	1
ttime	900
instance: /scratch/csagturk/mlbppo_inst/n0050_m02_p050__083.inst
	m=2, n=[50, 28, 23], #pos=25
MIP: [1;32minit CPLEX[0m
CAN: [1;35mcreated 2044 x_{ijk} variables[0m
CAN: [1;35mcreated 101 y_{ij} variables[0m
CAN: [1;35mcreated 5050 f_{ijkh} variables[0m
MIP: [1;32mcreated decision variables[0m
CAN: [1;35madded 50 constraints to enforce the packing of each item[0m
CAN: [1;35madded 28 constraints to enforce the packing of each item[0m
CAN: [1;35madded 51 capacity constraints[0m
MIP: [1;32mcreated constraints[0m
MIP: [1;32mcreated objective function[0m
MIP: [1;32mcalling CPLEX solve ...[0m
Version identifier: 22.1.0.0 | 2022-03-09 | 1a383f8ce
CPXPARAM_Threads                                 1
CPXPARAM_TimeLimit                               900
Tried aggregator 2 times.
MIP Presolve eliminated 15650 rows and 15963 columns.
MIP Presolve modified 1330 coefficients.
Aggregator did 574 substitutions.
Reduced MIP has 89557 rows, 89188 columns, and 304960 nonzeros.
Reduced MIP has 89104 binaries, 0 generals, 0 SOSs, and 54 indicators.
Presolve time = 0.56 sec. (462.77 ticks)
Elapsed time = 22.54 sec. (10000.31 ticks) for 13% of probing (6914 vars fixed)
Elapsed time = 42.74 sec. (20000.47 ticks) for 41% of probing (10545 vars fixed)
Elapsed time = 56.53 sec. (30000.62 ticks) for 78% of probing (10545 vars fixed)
Probing fixed 10545 vars, tightened 56 bounds.
Probing changed sense of 1156 constraints.
Probing time = 63.39 sec. (35241.69 ticks)
Tried aggregator 2 times.
MIP Presolve eliminated 12195 rows and 11948 columns.
MIP Presolve modified 265 coefficients.
Aggregator did 12 substitutions.
Reduced MIP has 77348 rows, 77228 columns, and 263338 nonzeros.
Reduced MIP has 77228 binaries, 0 generals, 0 SOSs, and 0 indicators.
Presolve time = 0.53 sec. (448.94 ticks)
Probing time = 0.05 sec. (27.32 ticks)
Tried aggregator 2 times.
Detecting symmetries...
MIP Presolve eliminated 4 rows and 0 columns.
Aggregator did 8 substitutions.
Reduced MIP has 77336 rows, 77220 columns, and 263256 nonzeros.
Reduced MIP has 77220 binaries, 0 generals, 0 SOSs, and 0 indicators.
Presolve time = 0.50 sec. (361.53 ticks)
Probing time = 0.06 sec. (27.32 ticks)
Clique table members: 211260.
MIP emphasis: balance optimality and feasibility.
MIP search method: dynamic search.
Parallel mode: none, using 1 thread.
Root relaxation solution time = 11.25 sec. (13068.85 ticks)

        Nodes                                         Cuts/
   Node  Left     Objective  IInf  Best Integer    Best Bound    ItCnt     Gap

      0     0    21320.1261   640                  21320.1261    12171         
      0     0    21345.5172   445                    Cuts: 47    27046         
      0     0    21345.5172   686                   Cuts: 104    54408         
      0     0    21345.5172   624                    Cuts: 65    76548         
      0     0    21348.0287   766                    Cuts: 84   104964         
      0     0    21348.6033   645                    Cuts: 84   123692         
      0     0    21348.8130   752                    Cuts: 64   140854         
*     0+    0                        24476.0000    21348.8130            12.78%
Heuristic still looking.
      0     2    21348.8130   445    24476.0000    21348.8130   140854   12.78%
Elapsed time = 350.44 sec. (315744.94 ticks, tree = 0.01 MB, solutions = 1)
      1     3    21348.8130   489    24476.0000    21348.8130   157178   12.78%
      2     4    21348.8130   435    24476.0000    21348.8130   171809   12.78%
      3     5    21348.8130   355    24476.0000    21348.8130   185033   12.78%
      4     6    21348.8130   243    24476.0000    21348.8130   190681   12.78%
      5     7    21348.8130   188    24476.0000    21348.8130   198569   12.78%
      6     8    21348.8130   227    24476.0000    21348.8130   200284   12.78%
      7     9    21348.8130   231    24476.0000    21348.8130   204529   12.78%
      8    10    21348.8130   233    24476.0000    21348.8130   205137   12.78%
      9    11    21348.8130   186    24476.0000    21348.8130   209224   12.78%
     11    13    21348.8130   244    24476.0000    21348.8130   213563   12.78%
Elapsed time = 388.04 sec. (358188.14 ticks, tree = 1.57 MB, solutions = 1)
     15    17    21348.8130   184    24476.0000    21348.8130   224660   12.78%
     17    19    21348.8130   186    24476.0000    21348.8130   227837   12.78%
     21    23    21348.8130   176    24476.0000    21348.8130   232541   12.78%
     27    29    21348.8130   179    24476.0000    21348.8130   239803   12.78%
     33    35    21348.8130   189    24476.0000    21348.8130   246940   12.78%
     36    38    21348.8130   218    24476.0000    21348.8130   256073   12.78%
     39    41    21348.8130   159    24476.0000    21348.8130   258870   12.78%
     40    42    21348.8130   197    24476.0000    21348.8130   260498   12.78%
     43    45    21348.8130   169    24476.0000    21348.8130   268795   12.78%
     46    48    21348.8130   162    24476.0000    21348.8130   276184   12.78%
Elapsed time = 395.93 sec. (369798.18 ticks, tree = 2.88 MB, solutions = 1)
     48    50    21348.8130   229    24476.0000    21348.8130   282767   12.78%
     52    54    21348.8130   181    24476.0000    21348.8130   289034   12.78%
     57    59    21348.8130   200    24476.0000    21348.8130   297360   12.78%
     60    62    21348.8130   133    24476.0000    21348.8130   301665   12.78%
     63    65    21348.8130   145    24476.0000    21348.8130   311562   12.78%
     64    66    21348.8130   149    24476.0000    21348.8130   312195   12.78%
     71    73    21348.8130   179    24476.0000    21348.8130   322612   12.78%
     73    75    21400.7976   270    24476.0000    21348.8130   331881   12.78%
     75    77    21360.8950   308    24476.0000    21348.8130   343099   12.78%
     77    79    21362.0186   265    24476.0000    21348.8130   347955   12.78%
Elapsed time = 404.04 sec. (382271.47 ticks, tree = 5.24 MB, solutions = 1)
     80    82    21365.2285   262    24476.0000    21348.8130   359737   12.78%
     82    84    21362.7485   290    24476.0000    21348.8130   368799   12.78%
     86    88    21375.3773   193    24476.0000    21348.8130   374493   12.78%
     89    91    21383.1098   180    24476.0000    21348.8130   382321   12.78%
     94    96    21383.1622   194    24476.0000    21348.8130   388135   12.78%
    100   102    21469.8723   223    24476.0000    21348.8130   396508   12.78%
    106   108    21441.5789   180    24476.0000    21348.8130   403066   12.78%
    112   114    21394.8565   140    24476.0000    21348.8130   409264   12.78%
    118   120    21394.8565   132    24476.0000    21348.8130   417210   12.78%
    120   122    21394.8565   121    24476.0000    21348.8130   418842   12.78%
Elapsed time = 415.11 sec. (397031.12 ticks, tree = 6.88 MB, solutions = 1)
    124   126    21394.8565   146    24476.0000    21348.8130   427107   12.78%
    128   130    21445.0825   162    24476.0000    21348.8130   436875   12.78%
    130   132    21446.9457   164    24476.0000    21348.8130   444720   12.78%
    134   136    21458.4204   137    24476.0000    21348.8130   453106   12.78%
    136   138    21465.9762   110    24476.0000    21348.8130   460852   12.78%
    141   143    21466.2822   165    24476.0000    21348.8130   470162   12.78%
    148   150    21475.1363   145    24476.0000    21348.8130   476846   12.78%
    155   157    21480.4744   115    24476.0000    21348.8130   483099   12.78%
*   160+  160                        24112.0000    21348.8130            11.46%
    160   162    21719.9298   108    24112.0000    21348.8130   491011   11.46%
    167   169    21482.3243    95    24112.0000    21348.8130   496829   11.46%
Elapsed time = 422.31 sec. (408041.12 ticks, tree = 8.81 MB, solutions = 2)
    170   172    21484.0596   121    24112.0000    21348.8130   501075   11.46%
    174   176    21665.6002   192    24112.0000    21348.8130   513299   11.46%
    183   185    21760.2450    93    24112.0000    21348.8130   518163   11.46%
    191   191    infeasible          24112.0000    21348.8130   519530   11.46%
    205   205    21996.1359    57    24112.0000    21348.8130   521400   11.46%
    218   218    22637.7727    64    24112.0000    21348.8130   523507   11.46%
    220   220    22402.2251    42    24112.0000    21348.8130   524272   11.46%
    234   234    23077.0000    33    24112.0000    21348.8130   527613   11.46%
    247   245    23393.0000    32    24112.0000    21348.8130   530648   11.46%
    254   252    23393.0000    22    24112.0000    21348.8130   531146   11.46%
Elapsed time = 429.08 sec. (418426.85 ticks, tree = 12.28 MB, solutions = 2)
*   260+  252                        23437.0000    21348.8130             8.91%
    261   252    21348.8130   511    23437.0000    21348.8130   543606    8.91%
    263   254    21348.8130   320    23437.0000    21348.8130   550345    8.91%
    267   258    21348.8130   278    23437.0000    21348.8130   557195    8.91%
    270   261    21348.8130   291    23437.0000    21348.8130   561651    8.91%
    272   263    21425.2004   243    23437.0000    21348.8130   569226    8.91%
    275   266    21425.2004   214    23437.0000    21348.8130   576670    8.91%
    280   271    21440.5447   166    23437.0000    21348.8130   584495    8.91%
    286   277    21440.5447   149    23437.0000    21348.8130   590875    8.91%
    294   285    21440.5447   161    23437.0000    21348.8130   595669    8.91%
    300   291    21440.5447   146    23437.0000    21348.8130   602723    8.91%
Elapsed time = 455.90 sec. (449147.11 ticks, tree = 13.78 MB, solutions = 3)
    308   299    21440.5447   181    23437.0000    21348.8130   612420    8.91%
    313   304    21440.5447   187    23437.0000    21348.8130   619908    8.91%
    317   308    21440.5447   193    23437.0000    21348.8130   626813    8.91%
    321   312    21440.5447   206    23437.0000    21348.8130   634954    8.91%
    325   316    21440.5447   209    23437.0000    21348.8130   643938    8.91%
    327   318    21454.4186   276    23437.0000    21348.8130   651454    8.91%
    330   321    21454.3974   252    23437.0000    21348.8130   662572    8.91%
    332   323    21500.3802   284    23437.0000    21348.8130   669787    8.91%
    336   327    21528.5024   164    23437.0000    21348.8130   675305    8.91%
    340   331    21528.5024   245    23437.0000    21348.8130   681949    8.91%
Elapsed time = 463.85 sec. (461101.08 ticks, tree = 15.33 MB, solutions = 3)
    344   335    21694.8182   148    23437.0000    21348.8130   686809    8.91%
    355   346    21694.8182   130    23437.0000    21348.8130   691001    8.91%
    361   352    21747.3954   181    23437.0000    21348.8130   694248    8.91%
    366   357    21823.6474   128    23437.0000    21348.8130   701520    8.91%
    373   364    21851.6753   110    23437.0000    21348.8130   707025    8.91%
    380   371    21851.9892   133    23437.0000    21348.8130   711994    8.91%
    390   381    21947.8552   142    23437.0000    21348.8130   717078    8.91%
    401   392    21971.2755   129    23437.0000    21348.8130   720772    8.91%
    410   401    22133.4486    74    23437.0000    21348.8130   725187    8.91%
*   420+  398                        23217.0000    21348.8130             8.05%
    420   400    22193.0466    92    23217.0000    21348.8130   728525    8.05%
Elapsed time = 470.76 sec. (472052.36 ticks, tree = 18.22 MB, solutions = 4)
    439   419    22696.1429    25    23217.0000    21348.8130   729539    8.05%
    454   434    22514.9524    25    23217.0000    21348.8130   729964    8.05%
    468   448    22849.0000    12    23217.0000    21348.8130   730585    8.05%
    483   461    22849.0000    16    23217.0000    21348.8130   731689    8.05%
    498   474    infeasible          23217.0000    21348.8130   732760    8.05%
    507   477    21348.8130   350    23217.0000    21348.8130   749874    8.05%
    508   478    21348.8130   497    23217.0000    21348.8130   768990    8.05%
    510   480    21349.2805   399    23217.0000    21348.8130   774709    8.05%
    512   482    21350.5514   373    23217.0000    21348.8130   782729    8.05%
    519   489    21356.8911   347    23217.0000    21348.8130   800958    8.05%
Elapsed time = 502.35 sec. (509250.74 ticks, tree = 22.09 MB, solutions = 4)
    525   495    21361.5999   341    23217.0000    21348.8130   806807    8.05%
    531   501    21349.0760   467    23217.0000    21348.8130   836032    8.05%
    532   502    21349.0317   414    23217.0000    21348.8130   851310    8.05%

Performing restart 1

Repeating presolve.
Tried aggregator 3 times.
MIP Presolve eliminated 16 rows and 4 columns.
MIP Presolve modified 5383 coefficients.
Aggregator did 20 substitutions.
Reduced MIP has 77300 rows, 77196 columns, and 261869 nonzeros.
Reduced MIP has 77196 binaries, 0 generals, 0 SOSs, and 0 indicators.
Presolve time = 0.58 sec. (538.23 ticks)
Tried aggregator 1 time.
MIP Presolve modified 110 coefficients.
Reduced MIP has 77300 rows, 77196 columns, and 261869 nonzeros.
Reduced MIP has 77196 binaries, 0 generals, 0 SOSs, and 0 indicators.
Presolve time = 0.48 sec. (355.42 ticks)
Represolve time = 1.77 sec. (1303.38 ticks)
    533     0    21363.0847   589    23217.0000      Cuts: 80   936921    7.99%
    533     0    21377.6463   664    23217.0000      Cuts: 90   966180    7.92%
    533     0    21380.1297   706    23217.0000      Cuts: 88   997585    7.91%
    533     0    21384.0544   736    23217.0000      Cuts: 68  1027557    7.89%
    533     0    21385.5906   738    23217.0000      Cuts: 75  1058242    7.89%
    533     0    21386.3991   777    23217.0000      Cuts: 68  1085310    7.88%

Cover cuts applied:  58
Flow cuts applied:  2
Mixed integer rounding cuts applied:  95
Zero-half cuts applied:  31
Lift and project cuts applied:  7
Gomory fractional cuts applied:  7

Root node processing (before b&c):
  Real time             =  325.56 sec. (306330.01 ticks)
Sequential b&c:
  Real time             =  574.46 sec. (608542.98 ticks)
                          ------------
Total (root+branch&cut) =  900.02 sec. (914872.99 ticks)
MIP: [1;32mCPLEX finished.[0m
MIP: [1;32mCPLEX status: Feasible[0m
MIP: [1;32mSolution: 
Indexes: [22, 2, 2, 4, 19, 14, 5, 22, 12, 8, 0, 1, 21, 24, 23, 4, 7, 6, 23, 23, 18, 21, 26, 10, 3, 12, 16, 6, 7, 26, 19, 2, 12, 25, 0, 3, 14, 7, 5, 11, 13, 10, 23, 19, 10, 23, 1, 27, 13, 11][21, 19, 9, 10, 19, 3, 11, 16, 21, -1, 10, 6, 17, 2, 17, -1, 16, -1, 11, 18, -1, 3, 6, 1, 9, 20, 16, 22], P Variables: [0, 0][0, 0][0, 0][0, 0][0, 0][0, 0][0, 0][0, 0][0, 0][0, 0][0, 0][0, 0][0, 0][0, 0][0, 0][0, 0][0, 0][0, 0][0, 0][0, 0][0, 0][0, 0][0, 0][0, 0][0, 0][0, 0][0, 0][0, 0][0, 0][0, 0][0, 0][0, 0][0, 0][0, 0][0, 0][0, 0][0, 0][0, 0][0, 0][0, 0][0, 0][0, 0][0, 0][0, 0][0, 0][0, 0][0, 0][0, 0][0, 0][0, 0], Flow leaving each bin: Level: 0, Item: 0 => [0]
Level: 0, Item: 1 => [1]
Level: 0, Item: 2 => [2]
Level: 0, Item: 3 => [3]
Level: 0, Item: 4 => [4]
Level: 0, Item: 5 => [5]
Level: 0, Item: 6 => [6]
Level: 0, Item: 7 => [7]
Level: 0, Item: 8 => [8]
Level: 0, Item: 9 => [9]
Level: 0, Item: 10 => [10]
Level: 0, Item: 11 => [11]
Level: 0, Item: 12 => [12]
Level: 0, Item: 13 => [13]
Level: 0, Item: 14 => [14]
Level: 0, Item: 15 => [15]
Level: 0, Item: 16 => [16]
Level: 0, Item: 17 => [17]
Level: 0, Item: 18 => [18]
Level: 0, Item: 19 => [19]
Level: 0, Item: 20 => [20]
Level: 0, Item: 21 => [21]
Level: 0, Item: 22 => [22]
Level: 0, Item: 23 => [23]
Level: 0, Item: 24 => [24]
Level: 0, Item: 25 => [25]
Level: 0, Item: 26 => [26]
Level: 0, Item: 27 => [27]
Level: 0, Item: 28 => [28]
Level: 0, Item: 29 => [29]
Level: 0, Item: 30 => [30]
Level: 0, Item: 31 => [31]
Level: 0, Item: 32 => [32]
Level: 0, Item: 33 => [33]
Level: 0, Item: 34 => [34]
Level: 0, Item: 35 => [35]
Level: 0, Item: 36 => [36]
Level: 0, Item: 37 => [37]
Level: 0, Item: 38 => [38]
Level: 0, Item: 39 => [39]
Level: 0, Item: 40 => [40]
Level: 0, Item: 41 => [41]
Level: 0, Item: 42 => [42]
Level: 0, Item: 43 => [43]
Level: 0, Item: 44 => [44]
Level: 0, Item: 45 => [45]
Level: 0, Item: 46 => [46]
Level: 0, Item: 47 => [47]
Level: 0, Item: 48 => [48]
Level: 0, Item: 49 => [49]
Level: 1, Bin: 0 => [10, 34]
Level: 1, Bin: 1 => [11, 46]
Level: 1, Bin: 2 => [1, 2, 31]
Level: 1, Bin: 3 => [24, 35]
Level: 1, Bin: 4 => [3, 15]
Level: 1, Bin: 5 => [6, 38]
Level: 1, Bin: 6 => [17, 27]
Level: 1, Bin: 7 => [16, 28, 37]
Level: 1, Bin: 8 => [9]
Level: 1, Bin: 10 => [23, 41, 44]
Level: 1, Bin: 11 => [39, 49]
Level: 1, Bin: 12 => [8, 25, 32]
Level: 1, Bin: 13 => [40, 48]
Level: 1, Bin: 14 => [5, 36]
Level: 1, Bin: 16 => [26]
Level: 1, Bin: 18 => [20]
Level: 1, Bin: 19 => [4, 30, 43]
Level: 1, Bin: 21 => [12, 21]
Level: 1, Bin: 22 => [0, 7]
Level: 1, Bin: 23 => [14, 18, 19, 42, 45]
Level: 1, Bin: 24 => [13]
Level: 1, Bin: 25 => [33]
Level: 1, Bin: 26 => [22, 29]
Level: 1, Bin: 27 => [47]
Level: 2, Bin: 1 => [14, 18, 19, 42, 45]
Level: 2, Bin: 2 => [40, 48]
Level: 2, Bin: 3 => [6, 12, 21, 38]
Level: 2, Bin: 6 => [0, 7, 39, 49]
Level: 2, Bin: 9 => [1, 2, 13, 31]
Level: 2, Bin: 10 => [23, 24, 35, 41, 44]
Level: 2, Bin: 11 => [17, 20, 27]
Level: 2, Bin: 16 => [16, 22, 26, 28, 29, 37]
Level: 2, Bin: 17 => [5, 8, 25, 32, 36]
Level: 2, Bin: 18 => [4, 30, 43]
Level: 2, Bin: 19 => [3, 11, 15, 46]
Level: 2, Bin: 20 => [33]
Level: 2, Bin: 21 => [9, 10, 34]
Level: 2, Bin: 22 => [47]
[0m
MIP: [1;32mObjective value: 23217[0m
MIP: [1;32mLower Bound: 21386.4[0m
MIP: [1;32mBranch-and-Bound nodes: 533[0m

# best solution:
best objective value:	23217
best dual bound value:	21386
optimality gap:	7.88646%
CPU time:	897.542
