ifile	/scratch/csagturk/mlbppo_inst/n0050_m05_p050__039.inst
prob	NFMLBPPO
threads	1
ttime	900
instance: /scratch/csagturk/mlbppo_inst/n0050_m05_p050__039.inst
	m=5, n=[50, 32, 24, 18, 18, 20], #pos=25
MIP: [1;32minit CPLEX[0m
CAN: [1;35mcreated 3484 x_{ijk} variables[0m
CAN: [1;35mcreated 162 y_{ij} variables[0m
CAN: [1;35mcreated 8100 f_{ijkh} variables[0m
MIP: [1;32mcreated decision variables[0m
CAN: [1;35madded 50 constraints to enforce the packing of each item[0m
CAN: [1;35madded 92 constraints to enforce the packing of each item[0m
CAN: [1;35madded 112 capacity constraints[0m
MIP: [1;32mcreated constraints[0m
MIP: [1;32mcreated objective function[0m
MIP: [1;32mcalling CPLEX solve ...[0m
Version identifier: 22.1.0.0 | 2022-03-09 | 1a383f8ce
CPXPARAM_Threads                                 1
CPXPARAM_TimeLimit                               900
Tried aggregator 2 times.
MIP Presolve eliminated 32370 rows and 32997 columns.
MIP Presolve modified 1632 coefficients.
Aggregator did 688 substitutions.
Reduced MIP has 148400 rows, 146031 columns, and 519645 nonzeros.
Reduced MIP has 145755 binaries, 0 generals, 0 SOSs, and 175 indicators.
Presolve time = 1.73 sec. (785.61 ticks)
Elapsed time = 25.67 sec. (10000.16 ticks) for 19% of probing
Probing fixed 0 vars, tightened 184 bounds.
Probing time = 30.33 sec. (11755.56 ticks)
Tried aggregator 2 times.
Detecting symmetries...
MIP Presolve eliminated 1825 rows and 1867 columns.
MIP Presolve modified 92 coefficients.
Aggregator did 9 substitutions.
Reduced MIP has 146658 rows, 144155 columns, and 514744 nonzeros.
Reduced MIP has 144155 binaries, 0 generals, 0 SOSs, and 0 indicators.
Presolve time = 2.39 sec. (944.30 ticks)
Probing time = 0.27 sec. (51.18 ticks)
Clique table members: 388588.
MIP emphasis: balance optimality and feasibility.
MIP search method: dynamic search.
Parallel mode: none, using 1 thread.
Root relaxation solution time = 861.31 sec. (313843.40 ticks)

        Nodes                                         Cuts/
   Node  Left     Objective  IInf  Best Integer    Best Bound    ItCnt     Gap

      0     0  -1.00000e+37     0                      0.0000   112977         

Root node processing (before b&c):
  Real time             =  900.29 sec. (329819.71 ticks)
Sequential b&c:
  Real time             =    0.00 sec. (0.00 ticks)
                          ------------
Total (root+branch&cut) =  900.29 sec. (329819.71 ticks)
MIP: [1;32mCPLEX finished.[0m
MIP: [1;32mCPLEX status: Unknown[0m
MIP: [1;32mNo feasible solution exits[0m
