ifile	/scratch/csagturk/mlbppo_inst/n0050_m02_p200__062.inst
prob	NFMLBPPO
threads	1
ttime	900
instance: /scratch/csagturk/mlbppo_inst/n0050_m02_p200__062.inst
	m=2, n=[50, 44, 45], #pos=100
MIP: [1;32minit CPLEX[0m
CAN: [1;35mcreated 4180 x_{ijk} variables[0m
CAN: [1;35mcreated 139 y_{ij} variables[0m
CAN: [1;35mcreated 6950 f_{ijkh} variables[0m
MIP: [1;32mcreated decision variables[0m
CAN: [1;35madded 50 constraints to enforce the packing of each item[0m
CAN: [1;35madded 44 constraints to enforce the packing of each item[0m
CAN: [1;35madded 89 capacity constraints[0m
MIP: [1;32mcreated constraints[0m
MIP: [1;32mcreated objective function[0m
MIP: [1;32mcalling CPLEX solve ...[0m
Version identifier: 22.1.0.0 | 2022-03-09 | 1a383f8ce
CPXPARAM_Threads                                 1
CPXPARAM_TimeLimit                               900
Tried aggregator 2 times.
MIP Presolve eliminated 56640 rows and 57732 columns.
MIP Presolve modified 9127 coefficients.
Aggregator did 233 substitutions.
Reduced MIP has 161656 rows, 157994 columns, and 740018 nonzeros.
Reduced MIP has 157862 binaries, 0 generals, 0 SOSs, and 88 indicators.
Presolve time = 1.37 sec. (999.26 ticks)
Elapsed time = 20.90 sec. (10004.66 ticks) for 3% of probing (3517 vars fixed)
Elapsed time = 46.70 sec. (20008.86 ticks) for 5% of probing (6014 vars fixed)
Elapsed time = 67.54 sec. (30011.77 ticks) for 7% of probing (7698 vars fixed)
Elapsed time = 87.33 sec. (40013.07 ticks) for 8% of probing (9509 vars fixed)
Elapsed time = 108.94 sec. (50013.31 ticks) for 9% of probing (11445 vars fixed)
Elapsed time = 130.62 sec. (60014.14 ticks) for 11% of probing (13381 vars fixed)
Elapsed time = 151.83 sec. (70014.16 ticks) for 14% of probing (15438 vars fixed)
Elapsed time = 172.36 sec. (80015.89 ticks) for 16% of probing (17101 vars fixed)
Elapsed time = 193.93 sec. (90016.11 ticks) for 17% of probing (18330 vars fixed)
Elapsed time = 216.60 sec. (100021.86 ticks) for 19% of probing (19664 vars fixed)
Elapsed time = 240.58 sec. (110024.74 ticks) for 20% of probing (20940 vars fixed)
Elapsed time = 263.91 sec. (120024.93 ticks) for 22% of probing (22228 vars fixed)
Elapsed time = 285.89 sec. (130025.22 ticks) for 23% of probing (23808 vars fixed)
Elapsed time = 307.96 sec. (140027.16 ticks) for 25% of probing (27712 vars fixed)
Elapsed time = 329.89 sec. (150027.38 ticks) for 31% of probing (37458 vars fixed)
Elapsed time = 353.38 sec. (160027.39 ticks) for 47% of probing (37458 vars fixed)
Probing fixed 37458 vars, tightened 88 bounds.
Probing time = 361.79 sec. (165403.50 ticks)
Tried aggregator 2 times.
MIP Presolve eliminated 40698 rows and 39520 columns.
MIP Presolve modified 11933 coefficients.
Aggregator did 44 substitutions.
Reduced MIP has 120819 rows, 118430 columns, and 538350 nonzeros.
Reduced MIP has 118430 binaries, 0 generals, 0 SOSs, and 0 indicators.
Presolve time = 1.07 sec. (901.35 ticks)
Probing time = 0.09 sec. (39.24 ticks)
Tried aggregator 2 times.
Detecting symmetries...
MIP Presolve eliminated 7 rows and 0 columns.
Aggregator did 10 substitutions.
Reduced MIP has 120802 rows, 118420 columns, and 538003 nonzeros.
Reduced MIP has 118420 binaries, 0 generals, 0 SOSs, and 0 indicators.
Presolve time = 0.77 sec. (583.66 ticks)
Probing time = 0.10 sec. (39.31 ticks)
Clique table members: 440512.
MIP emphasis: balance optimality and feasibility.
MIP search method: dynamic search.
Parallel mode: none, using 1 thread.
Root relaxation solution time = 155.86 sec. (134207.21 ticks)

        Nodes                                         Cuts/
   Node  Left     Objective  IInf  Best Integer    Best Bound    ItCnt     Gap

      0     0    20887.4784  1587                  20887.4784    50370         
      0     0    20890.6661   628                    Cuts: 24   100601         

Clique cuts applied:  3
Cover cuts applied:  36
Flow cuts applied:  3
Mixed integer rounding cuts applied:  38
Zero-half cuts applied:  23
Gomory fractional cuts applied:  2

Root node processing (before b&c):
  Real time             =  900.04 sec. (613241.91 ticks)
Sequential b&c:
  Real time             =    0.00 sec. (0.00 ticks)
                          ------------
Total (root+branch&cut) =  900.04 sec. (613241.91 ticks)
MIP: [1;32mCPLEX finished.[0m
MIP: [1;32mCPLEX status: Unknown[0m
MIP: [1;32mNo feasible solution exits[0m
