ifile	/scratch/csagturk/mlbppo_inst/n0050_m01_p050__093.inst
prob	NFMLBPPO
threads	1
ttime	900
instance: /scratch/csagturk/mlbppo_inst/n0050_m01_p050__093.inst
	m=1, n=[50, 29], #pos=25
MIP: [1;32minit CPLEX[0m
CAN: [1;35mcreated 1450 x_{ijk} variables[0m
CAN: [1;35mcreated 79 y_{ij} variables[0m
CAN: [1;35mcreated 3950 f_{ijkh} variables[0m
MIP: [1;32mcreated decision variables[0m
CAN: [1;35madded 50 constraints to enforce the packing of each item[0m
CAN: [1;35madded 0 constraints to enforce the packing of each item[0m
CAN: [1;35madded 29 capacity constraints[0m
MIP: [1;32mcreated constraints[0m
MIP: [1;32mcreated objective function[0m
MIP: [1;32mcalling CPLEX solve ...[0m
Version identifier: 22.1.0.0 | 2022-03-09 | 1a383f8ce
CPXPARAM_Threads                                 1
CPXPARAM_TimeLimit                               900
Tried aggregator 2 times.
MIP Presolve eliminated 32564 rows and 32722 columns.
MIP Presolve modified 1942 coefficients.
Aggregator did 582 substitutions.
Reduced MIP has 41683 rows, 42125 columns, and 145257 nonzeros.
Reduced MIP has 42125 binaries, 0 generals, 0 SOSs, and 0 indicators.
Presolve time = 0.37 sec. (274.67 ticks)
Probing fixed 38961 vars, tightened 0 bounds.
Probing changed sense of 2284 constraints.
Probing time = 3.27 sec. (3288.32 ticks)
Tried aggregator 1 time.
MIP Presolve eliminated 41138 rows and 40897 columns.
MIP Presolve modified 1003 coefficients.
Reduced MIP has 532 rows, 1228 columns, and 13192 nonzeros.
Reduced MIP has 1228 binaries, 0 generals, 0 SOSs, and 0 indicators.
Presolve time = 0.04 sec. (42.70 ticks)
Probing time = 0.00 sec. (3.12 ticks)
Tried aggregator 1 time.
Detecting symmetries...
MIP Presolve modified 4 coefficients.
Reduced MIP has 532 rows, 1228 columns, and 13188 nonzeros.
Reduced MIP has 1228 binaries, 0 generals, 0 SOSs, and 0 indicators.
Presolve time = 0.01 sec. (7.46 ticks)
Probing time = 0.00 sec. (3.15 ticks)
Clique table members: 961.
MIP emphasis: balance optimality and feasibility.
MIP search method: dynamic search.
Parallel mode: none, using 1 thread.
Root relaxation solution time = 0.01 sec. (7.16 ticks)

        Nodes                                         Cuts/
   Node  Left     Objective  IInf  Best Integer    Best Bound    ItCnt     Gap

      0     0    11762.0000    49                  11762.0000      281         
      0     0    11762.0000    42                    Cuts: 65      456         
      0     0    11762.0000    66                    Cuts: 63      646         
      0     0    11762.0000    52                    Cuts: 45      743         
      0     0    11762.0000    75                    Cuts: 72      957         
*     0+    0                        12956.0000    11762.0000             9.22%
*     0+    0                        12467.0000    11762.0000             5.65%
*     0+    0                        12424.0000    11762.0000             5.33%
      0     0  -1.00000e+75     0    12424.0000    11762.0000      957    5.33%
      0     2    11762.0000    28    12424.0000    11762.0000      957    5.33%
Elapsed time = 4.48 sec. (4315.60 ticks, tree = 0.01 MB, solutions = 3)
    260   229    12182.7273    12    12424.0000    11762.0000     5605    5.33%
*   300+  242                        12251.0000    11762.0000             3.99%
*   330+  214                        12093.0000    11762.0000             2.74%
*   483+    0                        11762.0000    11762.0000             0.00%

GUB cover cuts applied:  1
Clique cuts applied:  4
Cover cuts applied:  62
Implied bound cuts applied:  1
Flow cuts applied:  1
Mixed integer rounding cuts applied:  3
Zero-half cuts applied:  11
Lift and project cuts applied:  1

Root node processing (before b&c):
  Real time             =    4.49 sec. (4320.11 ticks)
Sequential b&c:
  Real time             =    0.66 sec. (809.89 ticks)
                          ------------
Total (root+branch&cut) =    5.15 sec. (5130.00 ticks)
MIP: [1;32mCPLEX finished.[0m
MIP: [1;32mCPLEX status: Optimal[0m
MIP: [1;32mSolution: 
Indexes: [9, 18, 7, 5, 24, 26, 22, 13, 23, 8, 21, 26, 19, 11, 6, 4, 12, 24, 28, 16, 21, 24, 13, 12, 9, 6, 5, 20, 4, 22, 25, 17, 16, 17, 18, 17, 11, 13, 25, 8, 23, 18, 15, 11, 21, 15, 7, 14, 20, 28], P Variables: [0][0][0][0][0][0][0][0][0][0][0][0][0][0][0][0][0][0][0][0][0][0][0][0][0][0][0][0][0][0][0][0][0][0][0][0][0][0][0][0][0][0][0][0][0][0][0][0][0][0], Flow leaving each bin: Level: 0, Item: 0 => [0]
Level: 0, Item: 1 => [1]
Level: 0, Item: 2 => [2]
Level: 0, Item: 3 => [3]
Level: 0, Item: 4 => [4]
Level: 0, Item: 5 => [5]
Level: 0, Item: 6 => [6]
Level: 0, Item: 7 => [7]
Level: 0, Item: 8 => [8]
Level: 0, Item: 9 => [9]
Level: 0, Item: 10 => [10]
Level: 0, Item: 11 => [11]
Level: 0, Item: 12 => [12]
Level: 0, Item: 13 => [13]
Level: 0, Item: 14 => [14]
Level: 0, Item: 15 => [15]
Level: 0, Item: 16 => [16]
Level: 0, Item: 17 => [17]
Level: 0, Item: 18 => [18]
Level: 0, Item: 19 => [19]
Level: 0, Item: 20 => [20]
Level: 0, Item: 21 => [21]
Level: 0, Item: 22 => [22]
Level: 0, Item: 23 => [23]
Level: 0, Item: 24 => [24]
Level: 0, Item: 25 => [25]
Level: 0, Item: 26 => [26]
Level: 0, Item: 27 => [27]
Level: 0, Item: 28 => [28]
Level: 0, Item: 29 => [29]
Level: 0, Item: 30 => [30]
Level: 0, Item: 31 => [31]
Level: 0, Item: 32 => [32]
Level: 0, Item: 33 => [33]
Level: 0, Item: 34 => [34]
Level: 0, Item: 35 => [35]
Level: 0, Item: 36 => [36]
Level: 0, Item: 37 => [37]
Level: 0, Item: 38 => [38]
Level: 0, Item: 39 => [39]
Level: 0, Item: 40 => [40]
Level: 0, Item: 41 => [41]
Level: 0, Item: 42 => [42]
Level: 0, Item: 43 => [43]
Level: 0, Item: 44 => [44]
Level: 0, Item: 45 => [45]
Level: 0, Item: 46 => [46]
Level: 0, Item: 47 => [47]
Level: 0, Item: 48 => [48]
Level: 0, Item: 49 => [49]
Level: 1, Bin: 4 => [15, 28]
Level: 1, Bin: 5 => [3, 26]
Level: 1, Bin: 6 => [14, 25]
Level: 1, Bin: 7 => [2, 46]
Level: 1, Bin: 8 => [9, 39]
Level: 1, Bin: 9 => [0, 24]
Level: 1, Bin: 11 => [13, 36, 43]
Level: 1, Bin: 12 => [16, 23]
Level: 1, Bin: 13 => [7, 22, 37]
Level: 1, Bin: 14 => [47]
Level: 1, Bin: 15 => [42, 45]
Level: 1, Bin: 16 => [19, 32]
Level: 1, Bin: 17 => [31, 33, 35]
Level: 1, Bin: 18 => [1, 34, 41]
Level: 1, Bin: 19 => [12]
Level: 1, Bin: 20 => [27, 48]
Level: 1, Bin: 21 => [10, 20, 44]
Level: 1, Bin: 22 => [6, 29]
Level: 1, Bin: 23 => [8, 40]
Level: 1, Bin: 24 => [4, 17, 21]
Level: 1, Bin: 25 => [30, 38]
Level: 1, Bin: 26 => [5, 11]
Level: 1, Bin: 28 => [18, 49]
[0m
MIP: [1;32mObjective value: 11762[0m
MIP: [1;32mLower Bound: 11762[0m
MIP: [1;32mBranch-and-Bound nodes: 483[0m

# best solution:
best objective value:	11762
best dual bound value:	11762
optimality gap:	0%
CPU time:	5.26896
