ifile	/scratch/csagturk/mlbppo_inst/n0050_m05_p050__082.inst
prob	NFMLBPPO
threads	1
ttime	900
instance: /scratch/csagturk/mlbppo_inst/n0050_m05_p050__082.inst
	m=5, n=[50, 36, 26, 20, 13, 13], #pos=25
MIP: [1;32minit CPLEX[0m
CAN: [1;35mcreated 3685 x_{ijk} variables[0m
CAN: [1;35mcreated 158 y_{ij} variables[0m
CAN: [1;35mcreated 7900 f_{ijkh} variables[0m
MIP: [1;32mcreated decision variables[0m
CAN: [1;35madded 50 constraints to enforce the packing of each item[0m
CAN: [1;35madded 95 constraints to enforce the packing of each item[0m
CAN: [1;35madded 108 capacity constraints[0m
MIP: [1;32mcreated constraints[0m
MIP: [1;32mcreated objective function[0m
MIP: [1;32mcalling CPLEX solve ...[0m
Version identifier: 22.1.0.0 | 2022-03-09 | 1a383f8ce
CPXPARAM_Threads                                 1
CPXPARAM_TimeLimit                               900
Tried aggregator 2 times.
MIP Presolve eliminated 34200 rows and 34884 columns.
MIP Presolve modified 1273 coefficients.
Aggregator did 506 substitutions.
Reduced MIP has 156452 rows, 154253 columns, and 540052 nonzeros.
Reduced MIP has 153968 binaries, 0 generals, 0 SOSs, and 173 indicators.
Presolve time = 1.07 sec. (811.23 ticks)
Elapsed time = 16.66 sec. (10000.10 ticks) for 17% of probing
Probing fixed 0 vars, tightened 190 bounds.
Probing time = 21.73 sec. (12982.05 ticks)
Tried aggregator 2 times.
Detecting symmetries...
MIP Presolve eliminated 1976 rows and 2021 columns.
MIP Presolve modified 95 coefficients.
Aggregator did 17 substitutions.
Reduced MIP has 154554 rows, 152215 columns, and 534681 nonzeros.
Reduced MIP has 152215 binaries, 0 generals, 0 SOSs, and 0 indicators.
Presolve time = 1.53 sec. (967.57 ticks)
Probing time = 0.16 sec. (53.60 ticks)
Clique table members: 410043.
MIP emphasis: balance optimality and feasibility.
MIP search method: dynamic search.
Parallel mode: none, using 1 thread.
Root relaxation solution time = 871.63 sec. (575911.15 ticks)

        Nodes                                         Cuts/
   Node  Left     Objective  IInf  Best Integer    Best Bound    ItCnt     Gap

      0     0  -1.00000e+37     0                      0.0000   202020         

Root node processing (before b&c):
  Real time             =  900.13 sec. (593231.38 ticks)
Sequential b&c:
  Real time             =    0.00 sec. (0.00 ticks)
                          ------------
Total (root+branch&cut) =  900.13 sec. (593231.38 ticks)
MIP: [1;32mCPLEX finished.[0m
MIP: [1;32mCPLEX status: Unknown[0m
MIP: [1;32mNo feasible solution exits[0m
