ifile	/scratch/csagturk/mlbppo_inst/n0050_m02_p050__024.inst
prob	NFMLBPPO
threads	1
ttime	900
instance: /scratch/csagturk/mlbppo_inst/n0050_m02_p050__024.inst
	m=2, n=[50, 27, 19], #pos=25
MIP: [1;32minit CPLEX[0m
CAN: [1;35mcreated 1863 x_{ijk} variables[0m
CAN: [1;35mcreated 96 y_{ij} variables[0m
CAN: [1;35mcreated 4800 f_{ijkh} variables[0m
MIP: [1;32mcreated decision variables[0m
CAN: [1;35madded 50 constraints to enforce the packing of each item[0m
CAN: [1;35madded 27 constraints to enforce the packing of each item[0m
CAN: [1;35madded 46 capacity constraints[0m
MIP: [1;32mcreated constraints[0m
MIP: [1;32mcreated objective function[0m
MIP: [1;32mcalling CPLEX solve ...[0m
Version identifier: 22.1.0.0 | 2022-03-09 | 1a383f8ce
CPXPARAM_Threads                                 1
CPXPARAM_TimeLimit                               900
Tried aggregator 2 times.
MIP Presolve eliminated 12319 rows and 12546 columns.
MIP Presolve modified 1025 coefficients.
Aggregator did 347 substitutions.
Reduced MIP has 83701 rows, 83386 columns, and 279135 nonzeros.
Reduced MIP has 83305 binaries, 0 generals, 0 SOSs, and 52 indicators.
Presolve time = 0.42 sec. (404.93 ticks)
Elapsed time = 15.31 sec. (10000.39 ticks) for 15% of probing (6524 vars fixed)
Elapsed time = 31.53 sec. (20000.49 ticks) for 50% of probing (7930 vars fixed)
Elapsed time = 43.93 sec. (30000.53 ticks) for 90% of probing (7930 vars fixed)
Probing fixed 7930 vars, tightened 54 bounds.
Probing changed sense of 935 constraints.
Probing time = 44.02 sec. (30059.51 ticks)
Tried aggregator 1 time.
MIP Presolve eliminated 9493 rows and 9294 columns.
Reduced MIP has 74208 rows, 74092 columns, and 248057 nonzeros.
Reduced MIP has 74092 binaries, 0 generals, 0 SOSs, and 0 indicators.
Presolve time = 0.38 sec. (308.19 ticks)
Probing time = 0.07 sec. (33.68 ticks)
Tried aggregator 1 time.
Detecting symmetries...
Reduced MIP has 74208 rows, 74092 columns, and 248057 nonzeros.
Reduced MIP has 74092 binaries, 0 generals, 0 SOSs, and 0 indicators.
Presolve time = 0.36 sec. (272.97 ticks)
Probing time = 0.07 sec. (33.68 ticks)
Clique table members: 185407.
MIP emphasis: balance optimality and feasibility.
MIP search method: dynamic search.
Parallel mode: none, using 1 thread.
Root relaxation solution time = 9.18 sec. (12693.44 ticks)

        Nodes                                         Cuts/
   Node  Left     Objective  IInf  Best Integer    Best Bound    ItCnt     Gap

      0     0    21732.8610   801                  21732.8610    11365         
      0     0    21743.5957   607                    Cuts: 55    36696         
      0     0    21743.7328   535                    Cuts: 68    65687         
      0     0    21745.2380   583                    Cuts: 73    89809         
      0     0    21760.0677   624                    Cuts: 98   114317         
      0     0    21775.8538   677                    Cuts: 84   136499         
      0     0    21787.9766   583                    Cuts: 78   166505         
      0     0    21805.3027   747                    Cuts: 74   206952         
      0     0    21819.7059   671                    Cuts: 85   238191         
      0     0    21839.5564   641                    Cuts: 74   266776         
      0     0    21844.5766   675                    Cuts: 51   302317         
      0     0    21848.7628   670                    Cuts: 58   334163         
      0     0    21853.8129   641                    Cuts: 66   363411         
      0     0    21857.3349   636                    Cuts: 53   402888         
      0     0    21857.7552   725                    Cuts: 68   439448         
      0     0    21859.3188   656                    Cuts: 33   452776         
      0     0    21859.9128   695                    Cuts: 54   481305         
Heuristic still looking.
*     0+    0                        24967.0000    21859.9128            12.44%
*     0+    0                        24785.0000    21859.9128            11.80%
*     0+    0                        24095.0000    21859.9128             9.28%
*     0+    0                        23387.0000    21859.9128             6.53%
*     0+    0                        23013.0000    21859.9128             5.01%
*     0+    0                        23000.0000    21859.9128             4.96%
      0     0  -1.00000e+75     0    23000.0000    21859.9128   481305    4.96%
      0     2    21859.9128   517    23000.0000    21859.9128   481305    4.96%
Elapsed time = 726.03 sec. (759089.66 ticks, tree = 0.01 MB, solutions = 6)
      1     3    21859.9128   513    23000.0000    21859.9128   488904    4.96%
      2     4    21859.9128   506    23000.0000    21859.9128   498250    4.96%
      3     5    21859.9128   501    23000.0000    21859.9128   505658    4.96%
      4     6    21859.9128   395    23000.0000    21859.9128   510609    4.96%
      5     7    21859.9128   364    23000.0000    21859.9128   525356    4.96%
      6     8    21859.9128   404    23000.0000    21859.9128   530657    4.96%
      7     9    21859.9128   374    23000.0000    21859.9128   533034    4.96%
      8    10    21864.1635   373    23000.0000    21859.9128   535197    4.96%
      9    11    21871.9879   382    23000.0000    21859.9128   541718    4.96%
     10    12    21864.1635   378    23000.0000    21859.9128   544436    4.96%
Elapsed time = 747.39 sec. (783304.09 ticks, tree = 0.32 MB, solutions = 6)
     11    13    21864.1635   362    23000.0000    21859.9128   549613    4.96%
     12    14    21864.1635   355    23000.0000    21859.9128   555224    4.96%
     14    16    21864.1635   318    23000.0000    21859.9128   564711    4.96%
     16    18    21864.1635   410    23000.0000    21859.9128   594646    4.96%
     18    20    21864.1635   337    23000.0000    21859.9128   600875    4.96%
     20    22    21864.4346   358    23000.0000    21859.9128   614539    4.96%
     23    25    21864.1635   357    23000.0000    21859.9128   617222    4.96%
     27    29    21869.8769   459    23000.0000    21859.9128   624224    4.96%
     29    31    21864.8732   366    23000.0000    21859.9128   627849    4.96%
     30    32    21864.8732   446    23000.0000    21859.9128   631110    4.96%
Elapsed time = 765.69 sec. (804697.18 ticks, tree = 2.74 MB, solutions = 6)
     32    34    21864.8732   389    23000.0000    21859.9128   638029    4.96%
     34    36    21864.8732   438    23000.0000    21859.9128   641388    4.96%
     36    38    21864.8732   384    23000.0000    21859.9128   646036    4.96%
     37    39    21866.1408   387    23000.0000    21859.9128   649685    4.96%
     39    41    21866.1408   382    23000.0000    21859.9128   654732    4.96%
     44    46    21866.1638   395    23000.0000    21859.9128   659225    4.96%
     46    48    21866.1638   448    23000.0000    21859.9128   664062    4.96%
     48    50    21866.1638   414    23000.0000    21859.9128   667091    4.96%
     49    51    21866.1638   467    23000.0000    21859.9128   671530    4.96%
     51    53    21866.1638   401    23000.0000    21859.9128   676981    4.96%
Elapsed time = 777.50 sec. (817913.97 ticks, tree = 6.91 MB, solutions = 6)
     57    59    21866.6975   349    23000.0000    21859.9128   681862    4.96%
     59    61    21876.0112   368    23000.0000    21859.9128   688102    4.96%
     61    63    21879.8064   404    23000.0000    21859.9128   693485    4.96%
     65    67    21901.3065   327    23000.0000    21859.9128   699209    4.96%
     69    71    21901.3065   330    23000.0000    21859.9128   705228    4.96%
     70    72    21910.7727   241    23000.0000    21859.9128   709424    4.96%
     72    74    21910.7727   137    23000.0000    21859.9128   713786    4.96%
     80    82    21910.7727   136    23000.0000    21859.9128   720658    4.96%
     90    92    21910.7727   134    23000.0000    21859.9128   726752    4.96%
    101   103    21910.7727   132    23000.0000    21859.9128   732766    4.96%
Elapsed time = 792.88 sec. (834542.17 ticks, tree = 9.97 MB, solutions = 6)
    108   110    21964.9242   120    23000.0000    21859.9128   739536    4.96%
    110   112    21910.7727    96    23000.0000    21859.9128   739943    4.96%
    117   119    21910.7727   166    23000.0000    21859.9128   747680    4.96%
    123   125    22019.0758   230    23000.0000    21859.9128   754597    4.96%
    132   134    22019.0758    95    23000.0000    21859.9128   761077    4.96%
    140   142    22019.0758   146    23000.0000    21859.9128   768462    4.96%
    147   149    22073.2273    65    23000.0000    21859.9128   775113    4.96%
    153   155    22019.0758   192    23000.0000    21859.9128   783017    4.96%
    159   161    22019.0758   241    23000.0000    21859.9128   789596    4.96%
    160   162    22019.0758   147    23000.0000    21859.9128   789866    4.96%
Elapsed time = 806.48 sec. (849875.63 ticks, tree = 12.19 MB, solutions = 6)
    167   169    22193.2143   116    23000.0000    21859.9128   795739    4.96%
    176   178    22407.4675   157    23000.0000    21859.9128   802266    4.96%
    183   185    22193.2143   102    23000.0000    21859.9128   806882    4.96%
    190   191    22200.9508   344    23000.0000    21859.9128   819079    4.96%
    197   196    infeasible          23000.0000    21859.9128   825670    4.96%
Starting limited solution polishing.
    203   200    22198.3329   345    23000.0000    21859.9128   832975    4.96%
    209   206    22193.2143   194    23000.0000    21859.9128   838190    4.96%
    212   209    22193.2143   246    23000.0000    21859.9128   844586    4.96%
    216   213    22194.4458   252    23000.0000    21859.9128   850168    4.96%
    220   217    22397.4330   266    23000.0000    21859.9128   855796    4.96%
Elapsed time = 815.93 sec. (861807.09 ticks, tree = 14.38 MB, solutions = 6)
    233   230    22929.2778    57    23000.0000    21859.9128   858343    4.96%
    246   243    22933.3108    98    23000.0000    21859.9128   861289    4.96%
    260   245    21859.9128   563    23000.0000    21859.9128   880379    4.96%
    261   246    21859.9128   592    23000.0000    21859.9128   891895    4.96%
    262   247    21859.9128   574    23000.0000    21859.9128   903646    4.96%
    263   248    21859.9128   510    23000.0000    21859.9128   912754    4.96%
    264   249    21859.9128   523    23000.0000    21859.9128   921896    4.96%
    265   250    21859.9128   532    23000.0000    21859.9128   929586    4.96%
    266   251    21859.9128   524    23000.0000    21859.9128   937649    4.96%
    267   252    21859.9128   494    23000.0000    21859.9128   944703    4.96%
Elapsed time = 855.04 sec. (903900.49 ticks, tree = 15.78 MB, solutions = 6)
    268   253    21859.9128   489    23000.0000    21859.9128   953396    4.96%
    269   254    21859.9128   479    23000.0000    21859.9128   959905    4.96%
    270   255    21859.9128   489    23000.0000    21859.9128   967308    4.96%
    271   256    21859.9128   463    23000.0000    21859.9128   976194    4.96%
    272   257    21864.1635   446    23000.0000    21859.9128   983045    4.96%
    275   260    21864.1635   436    23000.0000    21859.9128   992347    4.96%
    278   263    21869.8769   406    23000.0000    21859.9128   998348    4.96%
    279   264    21864.1635   454    23000.0000    21859.9128  1003727    4.96%
    280   265    21864.1635   418    23000.0000    21859.9128  1009067    4.96%
    282   267    21864.1635   419    23000.0000    21859.9128  1014031    4.96%
Elapsed time = 877.88 sec. (926897.51 ticks, tree = 16.34 MB, solutions = 6)
    285   270    21864.1646   452    23000.0000    21859.9128  1021010    4.96%
    287   272    21864.1901   436    23000.0000    21859.9128  1026158    4.96%
    288   273    21864.1901   447    23000.0000    21859.9128  1030108    4.96%
    289   274    21869.2821   451    23000.0000    21859.9128  1038111    4.96%
    290   275    21864.5382   425    23000.0000    21859.9128  1042084    4.96%
    291   276    21868.4130   477    23000.0000    21859.9128  1046995    4.96%
    292   277    21869.2821   494    23000.0000    21859.9128  1051885    4.96%
    293   278    21870.8711   439    23000.0000    21859.9128  1057493    4.96%
    294   279    21870.8711   456    23000.0000    21859.9128  1061392    4.96%
    295   280    21870.8711   433    23000.0000    21859.9128  1064428    4.96%
Elapsed time = 890.14 sec. (939316.61 ticks, tree = 16.81 MB, solutions = 6)
    297   282    21870.8711   423    23000.0000    21859.9128  1069447    4.96%
    299   284    21871.8656   461    23000.0000    21859.9128  1078808    4.96%
    300   285    21876.4032   455    23000.0000    21859.9128  1085935    4.96%
    303   288    21871.8656   382    23000.0000    21859.9128  1092451    4.96%

Clique cuts applied:  19
Cover cuts applied:  39
Flow cuts applied:  1
Mixed integer rounding cuts applied:  59
Zero-half cuts applied:  17

Root node processing (before b&c):
  Real time             =  690.14 sec. (745228.30 ticks)
Sequential b&c:
  Real time             =  209.88 sec. (203237.73 ticks)
                          ------------
Total (root+branch&cut) =  900.02 sec. (948466.03 ticks)
MIP: [1;32mCPLEX finished.[0m
MIP: [1;32mCPLEX status: Feasible[0m
MIP: [1;32mSolution: 
Indexes: [24, 24, 19, 23, 0, 14, 16, 23, 5, 6, 2, 26, 8, 17, 26, 21, 0, 3, 1, 18, 14, 12, 23, 7, 6, 25, 6, 17, 3, 7, 3, 20, 25, 23, 13, 13, 8, 13, 21, 8, 12, 25, 6, 22, 17, 7, 4, 12, 4, 5][17, 15, 4, 8, 14, 18, 2, 18, 2, -1, -1, -1, 17, 0, 0, -1, 12, 5, 13, 12, 4, 14, 8, 6, 13, 15, 3], P Variables: [0, 0][0, 0][0, 0][0, 0][0, 0][0, 0][0, 0][0, 0][0, 0][0, 0][0, 0][0, 0][0, 0][0, 0][0, 0][0, 0][0, 0][0, 0][0, 0][0, 0][0, 0][0, 0][0, 0][0, 0][0, 0][0, 0][0, 0][0, 0][0, 0][0, 0][0, 0][0, 0][0, 0][0, 0][0, 0][0, 0][0, 0][0, 0][0, 0][0, 0][0, 0][0, 0][0, 0][0, 0][0, 0][0, 0][0, 0][0, 0][0, 0][0, 0], Flow leaving each bin: Level: 0, Item: 0 => [0]
Level: 0, Item: 1 => [1]
Level: 0, Item: 2 => [2]
Level: 0, Item: 3 => [3]
Level: 0, Item: 4 => [4]
Level: 0, Item: 5 => [5]
Level: 0, Item: 6 => [6]
Level: 0, Item: 7 => [7]
Level: 0, Item: 8 => [8]
Level: 0, Item: 9 => [9]
Level: 0, Item: 10 => [10]
Level: 0, Item: 11 => [11]
Level: 0, Item: 12 => [12]
Level: 0, Item: 13 => [13]
Level: 0, Item: 14 => [14]
Level: 0, Item: 15 => [15]
Level: 0, Item: 16 => [16]
Level: 0, Item: 17 => [17]
Level: 0, Item: 18 => [18]
Level: 0, Item: 19 => [19]
Level: 0, Item: 20 => [20]
Level: 0, Item: 21 => [21]
Level: 0, Item: 22 => [22]
Level: 0, Item: 23 => [23]
Level: 0, Item: 24 => [24]
Level: 0, Item: 25 => [25]
Level: 0, Item: 26 => [26]
Level: 0, Item: 27 => [27]
Level: 0, Item: 28 => [28]
Level: 0, Item: 29 => [29]
Level: 0, Item: 30 => [30]
Level: 0, Item: 31 => [31]
Level: 0, Item: 32 => [32]
Level: 0, Item: 33 => [33]
Level: 0, Item: 34 => [34]
Level: 0, Item: 35 => [35]
Level: 0, Item: 36 => [36]
Level: 0, Item: 37 => [37]
Level: 0, Item: 38 => [38]
Level: 0, Item: 39 => [39]
Level: 0, Item: 40 => [40]
Level: 0, Item: 41 => [41]
Level: 0, Item: 42 => [42]
Level: 0, Item: 43 => [43]
Level: 0, Item: 44 => [44]
Level: 0, Item: 45 => [45]
Level: 0, Item: 46 => [46]
Level: 0, Item: 47 => [47]
Level: 0, Item: 48 => [48]
Level: 0, Item: 49 => [49]
Level: 1, Bin: 0 => [4, 16]
Level: 1, Bin: 1 => [18]
Level: 1, Bin: 2 => [10]
Level: 1, Bin: 3 => [17, 28, 30]
Level: 1, Bin: 4 => [46, 48]
Level: 1, Bin: 5 => [8, 49]
Level: 1, Bin: 6 => [9, 24, 26, 42]
Level: 1, Bin: 7 => [23, 29, 45]
Level: 1, Bin: 8 => [12, 36, 39]
Level: 1, Bin: 12 => [21, 40, 47]
Level: 1, Bin: 13 => [34, 35, 37]
Level: 1, Bin: 14 => [5, 20]
Level: 1, Bin: 16 => [6]
Level: 1, Bin: 17 => [13, 27, 44]
Level: 1, Bin: 18 => [19]
Level: 1, Bin: 19 => [2]
Level: 1, Bin: 20 => [31]
Level: 1, Bin: 21 => [15, 38]
Level: 1, Bin: 22 => [43]
Level: 1, Bin: 23 => [3, 7, 22, 33]
Level: 1, Bin: 24 => [0, 1]
Level: 1, Bin: 25 => [25, 32, 41]
Level: 1, Bin: 26 => [11, 14]
Level: 2, Bin: 0 => [5, 20, 34, 35, 37]
Level: 2, Bin: 2 => [9, 12, 24, 26, 36, 39, 42]
Level: 2, Bin: 3 => [11, 14]
Level: 2, Bin: 4 => [10, 31]
Level: 2, Bin: 5 => [13, 27, 44]
Level: 2, Bin: 6 => [3, 7, 22, 33]
Level: 2, Bin: 8 => [17, 28, 30, 43]
Level: 2, Bin: 12 => [2, 6]
Level: 2, Bin: 13 => [0, 1, 19]
Level: 2, Bin: 14 => [15, 38, 46, 48]
Level: 2, Bin: 15 => [18, 25, 32, 41]
Level: 2, Bin: 17 => [4, 16, 21, 40, 47]
Level: 2, Bin: 18 => [8, 23, 29, 45, 49]
[0m
MIP: [1;32mObjective value: 23000[0m
MIP: [1;32mLower Bound: 21859.9[0m
MIP: [1;32mBranch-and-Bound nodes: 305[0m

# best solution:
best objective value:	23000
best dual bound value:	21859
optimality gap:	4.96087%
CPU time:	896.232
