ifile	/scratch/csagturk/mlbppo_inst/n0050_m05_p150__023.inst
prob	NFMLBPPO
threads	1
ttime	900
instance: /scratch/csagturk/mlbppo_inst/n0050_m05_p150__023.inst
	m=5, n=[50, 36, 38, 41, 46, 46], #pos=75
MIP: [1;32minit CPLEX[0m
CAN: [1;35mcreated 8728 x_{ijk} variables[0m
CAN: [1;35mcreated 257 y_{ij} variables[0m
CAN: [1;35mcreated 12850 f_{ijkh} variables[0m
MIP: [1;32mcreated decision variables[0m
CAN: [1;35madded 50 constraints to enforce the packing of each item[0m
CAN: [1;35madded 161 constraints to enforce the packing of each item[0m
CAN: [1;35madded 207 capacity constraints[0m
MIP: [1;32mcreated constraints[0m
MIP: [1;32mcreated objective function[0m
MIP: [1;32mcalling CPLEX solve ...[0m
Version identifier: 22.1.0.0 | 2022-03-09 | 1a383f8ce
CPXPARAM_Threads                                 1
CPXPARAM_TimeLimit                               900
Tried aggregator 2 times.
MIP Presolve eliminated 115966 rows and 118269 columns.
MIP Presolve modified 7948 coefficients.
Aggregator did 584 substitutions.
Reduced MIP has 335542 rows, 330392 columns, and 1386051 nonzeros.
Reduced MIP has 329909 binaries, 0 generals, 0 SOSs, and 317 indicators.
Presolve time = 2.56 sec. (2126.26 ticks)
Elapsed time = 22.33 sec. (10002.39 ticks) for 2% of probing (2115 vars fixed)
Elapsed time = 44.10 sec. (20002.59 ticks) for 3% of probing (2115 vars fixed)
Elapsed time = 65.76 sec. (30003.42 ticks) for 4% of probing (2115 vars fixed)
Elapsed time = 84.25 sec. (40003.45 ticks) for 5% of probing (2115 vars fixed)
Elapsed time = 102.26 sec. (50006.40 ticks) for 6% of probing (2115 vars fixed)
Elapsed time = 120.55 sec. (60009.07 ticks) for 7% of probing (2115 vars fixed)
Elapsed time = 138.48 sec. (70013.06 ticks) for 7% of probing (2115 vars fixed)
Elapsed time = 158.56 sec. (80016.05 ticks) for 8% of probing (2115 vars fixed)
Probing fixed 2115 vars, tightened 306 bounds.
Probing time = 166.88 sec. (84051.71 ticks)
Tried aggregator 2 times.
Detecting symmetries...
MIP Presolve eliminated 4434 rows and 4420 columns.
MIP Presolve modified 177 coefficients.
Aggregator did 53 substitutions.
Reduced MIP has 331200 rows, 325919 columns, and 1365751 nonzeros.
Reduced MIP has 325903 binaries, 16 generals, 0 SOSs, and 32 indicators.
Presolve time = 3.09 sec. (2222.16 ticks)
Probing time = 0.30 sec. (94.23 ticks)
Clique table members: 957634.
MIP emphasis: balance optimality and feasibility.
MIP search method: dynamic search.
Parallel mode: none, using 1 thread.
Root relaxation solution time = 721.09 sec. (256449.45 ticks)

        Nodes                                         Cuts/
   Node  Left     Objective  IInf  Best Integer    Best Bound    ItCnt     Gap

      0     0  -1.00000e+37     0                      0.0000   117197         

Root node processing (before b&c):
  Real time             =  900.34 sec. (348961.32 ticks)
Sequential b&c:
  Real time             =    0.00 sec. (0.00 ticks)
                          ------------
Total (root+branch&cut) =  900.34 sec. (348961.32 ticks)
MIP: [1;32mCPLEX finished.[0m
MIP: [1;32mCPLEX status: Unknown[0m
MIP: [1;32mNo feasible solution exits[0m
