ifile	/scratch/csagturk/mlbppo_inst/n0050_m02_p050__008.inst
prob	NFMLBPPO
threads	1
ttime	900
instance: /scratch/csagturk/mlbppo_inst/n0050_m02_p050__008.inst
	m=2, n=[50, 29, 22], #pos=25
MIP: [1;32minit CPLEX[0m
CAN: [1;35mcreated 2088 x_{ijk} variables[0m
CAN: [1;35mcreated 101 y_{ij} variables[0m
CAN: [1;35mcreated 5050 f_{ijkh} variables[0m
MIP: [1;32mcreated decision variables[0m
CAN: [1;35madded 50 constraints to enforce the packing of each item[0m
CAN: [1;35madded 29 constraints to enforce the packing of each item[0m
CAN: [1;35madded 51 capacity constraints[0m
MIP: [1;32mcreated constraints[0m
MIP: [1;32mcreated objective function[0m
MIP: [1;32mcalling CPLEX solve ...[0m
Version identifier: 22.1.0.0 | 2022-03-09 | 1a383f8ce
CPXPARAM_Threads                                 1
CPXPARAM_TimeLimit                               900
Tried aggregator 2 times.
MIP Presolve eliminated 18900 rows and 19278 columns.
MIP Presolve modified 1188 coefficients.
Aggregator did 494 substitutions.
Reduced MIP has 88572 rows, 88157 columns, and 300875 nonzeros.
Reduced MIP has 88070 binaries, 0 generals, 0 SOSs, and 57 indicators.
Presolve time = 0.49 sec. (437.21 ticks)
Elapsed time = 14.52 sec. (10000.15 ticks) for 15% of probing (11362 vars fixed)
Elapsed time = 28.34 sec. (20000.22 ticks) for 47% of probing (13483 vars fixed)
Elapsed time = 40.05 sec. (30000.26 ticks) for 87% of probing (13483 vars fixed)
Probing fixed 13483 vars, tightened 58 bounds.
Probing changed sense of 1212 constraints.
Probing time = 44.48 sec. (33611.87 ticks)
Tried aggregator 2 times.
MIP Presolve eliminated 15191 rows and 14877 columns.
MIP Presolve modified 148 coefficients.
Aggregator did 8 substitutions.
Reduced MIP has 73372 rows, 73272 columns, and 249149 nonzeros.
Reduced MIP has 73272 binaries, 0 generals, 0 SOSs, and 0 indicators.
Presolve time = 0.43 sec. (422.80 ticks)
Probing time = 0.05 sec. (25.82 ticks)
Tried aggregator 2 times.
Detecting symmetries...
Aggregator did 1 substitutions.
Reduced MIP has 73371 rows, 73271 columns, and 249147 nonzeros.
Reduced MIP has 73271 binaries, 0 generals, 0 SOSs, and 0 indicators.
Presolve time = 0.38 sec. (349.66 ticks)
Probing time = 0.05 sec. (25.78 ticks)
Clique table members: 204444.
MIP emphasis: balance optimality and feasibility.
MIP search method: dynamic search.
Parallel mode: none, using 1 thread.
Root relaxation solution time = 9.03 sec. (12306.22 ticks)

        Nodes                                         Cuts/
   Node  Left     Objective  IInf  Best Integer    Best Bound    ItCnt     Gap

      0     0    20247.4643   665                  20247.4643    12083         
      0     0    20254.5487   732                    Cuts: 47    37625         
      0     0    20254.5487   763                    Cuts: 70    53395         
      0     0    20254.5487   557                    Cuts: 38    65971         
      0     0    20254.5487   558                    Cuts: 78    86439         
Heuristic still looking.
*     0+    0                        26080.0000    20254.5487            22.34%
      0     2    20254.5487   290    26080.0000    20254.5487    86439   22.34%
Elapsed time = 191.86 sec. (196560.07 ticks, tree = 0.01 MB, solutions = 1)
      1     3    20254.5487   388    26080.0000    20254.5487    95973   22.34%
      2     4    20254.5487   367    26080.0000    20254.5487   104572   22.34%
      3     5    20254.5487   378    26080.0000    20254.5487   114581   22.34%
      4     6    20254.5487   320    26080.0000    20254.5487   116788   22.34%
      5     7    20254.5487   279    26080.0000    20254.5487   121049   22.34%
      6     8    20254.5487   255    26080.0000    20254.5487   126417   22.34%
      8    10    20254.5487   253    26080.0000    20254.5487   127743   22.34%
     10    12    20256.3211   234    26080.0000    20254.5487   131822   22.34%
     12    14    20254.5487   204    26080.0000    20254.5487   133421   22.34%
     13    15    20254.5487   207    26080.0000    20254.5487   144243   22.34%
Elapsed time = 211.52 sec. (219608.42 ticks, tree = 1.58 MB, solutions = 1)
     17    19    20254.5487   181    26080.0000    20254.5487   152011   22.34%
     20    22    20254.5487   181    26080.0000    20254.5487   156539   22.34%
     29    31    20258.5922   172    26080.0000    20254.5487   163866   22.34%
     32    34    20258.5922   182    26080.0000    20254.5487   168967   22.34%
     40    42    20261.0757   151    26080.0000    20254.5487   176076   22.34%
     51    53    20261.0757   150    26080.0000    20254.5487   181314   22.34%
     59    61    20261.0757   181    26080.0000    20254.5487   189125   22.34%
     67    69    20261.1548   186    26080.0000    20254.5487   198707   22.34%
     71    73    20261.1548   160    26080.0000    20254.5487   202464   22.34%
     75    77    20296.0275   144    26080.0000    20254.5487   209541   22.34%
Elapsed time = 221.04 sec. (232561.48 ticks, tree = 3.80 MB, solutions = 1)
     81    83    20313.3220   149    26080.0000    20254.5487   217411   22.34%
     91    93    20326.7682   132    26080.0000    20254.5487   222367   22.34%
    100   102    20326.7682   126    26080.0000    20254.5487   227471   22.34%
    110   112    20326.7682   104    26080.0000    20254.5487   234129   22.34%
    123   125    20386.3845    54    26080.0000    20254.5487   239767   22.34%
    134   136    20386.3845   102    26080.0000    20254.5487   245021   22.34%
    143   145    20386.3845    52    26080.0000    20254.5487   250226   22.34%
    155   157    20477.3368    96    26080.0000    20254.5487   254890   22.34%
    170   172    20565.4500    43    26080.0000    20254.5487   257219   22.34%
*   180+  180                        21512.0000    20254.5487             5.85%
*   180+  180                        21248.0000    20254.5487             4.68%
    180   182    20565.4500    70    21248.0000    20254.5487   260191    4.68%
Elapsed time = 227.63 sec. (242750.91 ticks, tree = 7.90 MB, solutions = 3)
    193   195    20565.4500    74    21248.0000    20254.5487   263811    4.68%
    206   208    20786.5476    92    21248.0000    20254.5487   268119    4.68%
    218   218    infeasible          21248.0000    20254.5487   270813    4.68%
    232   224    20254.5487   361    21248.0000    20254.5487   280872    4.68%
    235   227    20254.5487   288    21248.0000    20254.5487   283812    4.68%
    237   229    20256.3211   250    21248.0000    20254.5487   289074    4.68%
    242   234    20256.3211   231    21248.0000    20254.5487   294590    4.68%
    247   239    20256.3211   210    21248.0000    20254.5487   302202    4.68%
    251   243    20256.3211   185    21248.0000    20254.5487   309346    4.68%
    262   254    20256.3211   175    21248.0000    20254.5487   314576    4.68%
Elapsed time = 244.35 sec. (263843.13 ticks, tree = 10.72 MB, solutions = 3)
    268   260    20256.8383   189    21248.0000    20254.5487   325163    4.68%
    270   262    20256.8383   196    21248.0000    20254.5487   326969    4.68%
    273   265    20256.8383   218    21248.0000    20254.5487   332009    4.68%
    281   273    20270.3545   181    21248.0000    20254.5487   338844    4.68%
    289   281    20256.8383   163    21248.0000    20254.5487   345364    4.68%
    295   287    20256.8383   182    21248.0000    20254.5487   353235    4.68%
    303   295    20268.0073   164    21248.0000    20254.5487   357817    4.68%
    312   304    20267.6338   140    21248.0000    20254.5487   364774    4.68%
    320   312    20299.2366   156    21248.0000    20254.5487   369565    4.68%
    328   320    20271.1328   146    21248.0000    20254.5487   375964    4.68%
Elapsed time = 252.47 sec. (275598.53 ticks, tree = 14.23 MB, solutions = 3)
    340   332    20271.1328   120    21248.0000    20254.5487   381598    4.68%
    351   343    20360.0747   111    21248.0000    20254.5487   387688    4.68%
    360   352    20364.2095    76    21248.0000    20254.5487   390906    4.68%
    377   369    20374.1429    79    21248.0000    20254.5487   394527    4.68%
    392   382    20462.0909    80    21248.0000    20254.5487   397250    4.68%
    404   390    20374.1429    74    21248.0000    20254.5487   401151    4.68%
    419   401    20375.1286    86    21248.0000    20254.5487   405645    4.68%
    434   414    20411.8571    78    21248.0000    20254.5487   409235    4.68%
    450   428    20412.8429    77    21248.0000    20254.5487   412441    4.68%
    462   436    21210.5115    86    21248.0000    20254.5487   416390    4.68%
Elapsed time = 259.27 sec. (285915.11 ticks, tree = 18.85 MB, solutions = 3)
    469   437    20254.5487   476    21248.0000    20254.5487   429541    4.68%
    470   438    20254.5487   613    21248.0000    20254.5487   444364    4.68%
    472   440    20254.5487   477    21248.0000    20254.5487   446666    4.68%
    474   442    20254.5487   269    21248.0000    20254.5487   450482    4.68%
    480   448    20254.5487   265    21248.0000    20254.5487   453578    4.68%
    484   452    20254.5487   273    21248.0000    20254.5487   457434    4.68%
    487   455    20254.5487   296    21248.0000    20254.5487   463247    4.68%
    490   458    20254.5487   281    21248.0000    20254.5487   469180    4.68%
    494   462    20254.5487   240    21248.0000    20254.5487   473768    4.68%
    497   465    20254.5487   259    21248.0000    20254.5487   481419    4.68%
Elapsed time = 300.02 sec. (331937.94 ticks, tree = 19.93 MB, solutions = 3)
    502   470    20254.5487   237    21248.0000    20254.5487   486978    4.68%
    511   479    20254.5487   218    21248.0000    20254.5487   494204    4.68%
    518   486    20254.5487   256    21248.0000    20254.5487   499207    4.68%
    525   493    20254.5487   284    21248.0000    20254.5487   502718    4.68%
    529   497    20254.5487   252    21248.0000    20254.5487   506639    4.68%
    540   508    20254.5487   263    21248.0000    20254.5487   511322    4.68%
    546   514    20254.5487   244    21248.0000    20254.5487   517016    4.68%
    550   518    20261.5232   277    21248.0000    20254.5487   522151    4.68%
    554   522    20275.4723   281    21248.0000    20254.5487   526778    4.68%
    559   525    20365.6408   227    21248.0000    20254.5487   538684    4.68%
Elapsed time = 308.88 sec. (343438.74 ticks, tree = 22.08 MB, solutions = 3)
    560   526    20365.6408   238    21248.0000    20254.5487   539596    4.68%
    565   531    20365.6408   228    21248.0000    20254.5487   545971    4.68%
    573   537    20392.2338   197    21248.0000    20254.5487   551063    4.68%
    581   543    20393.8140   199    21248.0000    20254.5487   557385    4.68%
    589   551    20405.9795   188    21248.0000    20254.5487   562844    4.68%
    594   556    20475.6065   179    21248.0000    20254.5487   568020    4.68%
    600   558    20697.2397   147    21248.0000    20254.5487   573605    4.68%
    602   560    20254.5487   632    21248.0000    20254.5487   587040    4.68%
    603   561    20254.5487   402    21248.0000    20254.5487   589131    4.68%
    605   563    20254.5487   341    21248.0000    20254.5487   592672    4.68%
Elapsed time = 336.66 sec. (374971.35 ticks, tree = 23.45 MB, solutions = 3)
    607   565    20263.2668   318    21248.0000    20254.5487   599078    4.68%
    608   566    20263.2668   316    21248.0000    20254.5487   599756    4.68%
    610   568    20280.7032   279    21248.0000    20254.5487   605517    4.68%
    614   572    20289.4214   235    21248.0000    20254.5487   609169    4.68%
    618   576    20289.4214   254    21248.0000    20254.5487   617158    4.68%
    621   579    20289.4214   248    21248.0000    20254.5487   624570    4.68%
    624   582    20289.4214   250    21248.0000    20254.5487   630349    4.68%
    628   586    20289.4214   241    21248.0000    20254.5487   636889    4.68%
    632   590    20294.0788   196    21248.0000    20254.5487   642716    4.68%
    660   618    20298.3421   200    21248.0000    20254.5487   661844    4.68%
Elapsed time = 347.74 sec. (389912.41 ticks, tree = 25.99 MB, solutions = 3)
    690   648    20302.7429   127    21248.0000    20254.5487   683796    4.68%
    720   676    20385.2731   166    21248.0000    20254.5487   705867    4.68%
    761   713    20542.1362   161    21248.0000    20254.5487   731396    4.68%
    802   748    20254.5487   624    21248.0000    20254.5487   772024    4.68%
    810   756    20254.5487   310    21248.0000    20254.5487   790932    4.68%
    828   774    20263.4694   204    21248.0000    20254.5487   810152    4.68%
    858   804    20434.2455   152    21248.0000    20254.5487   836144    4.68%
    893   839    20415.6364    99    21248.0000    20254.5487   859447    4.68%
    940   886    20673.5290    57    21248.0000    20254.5487   877646    4.68%
    943   889    20254.5487   579    21248.0000    20254.5487   901937    4.68%
Elapsed time = 421.96 sec. (475877.89 ticks, tree = 36.19 MB, solutions = 3)

Performing restart 1

Repeating presolve.
Tried aggregator 3 times.
MIP Presolve eliminated 31 rows and 2 columns.
MIP Presolve modified 4096 coefficients.
Aggregator did 20 substitutions.
Reduced MIP has 73320 rows, 73249 columns, and 247473 nonzeros.
Reduced MIP has 73249 binaries, 0 generals, 0 SOSs, and 0 indicators.
Presolve time = 0.40 sec. (357.47 ticks)
Tried aggregator 2 times.
MIP Presolve eliminated 5 rows and 5 columns.
MIP Presolve modified 84 coefficients.
Aggregator did 1 substitutions.
Reduced MIP has 73314 rows, 73243 columns, and 247395 nonzeros.
Reduced MIP has 73243 binaries, 0 generals, 0 SOSs, and 0 indicators.
Presolve time = 0.54 sec. (365.74 ticks)
Represolve time = 2.67 sec. (1684.15 ticks)
    945     0    20261.1406   426    21248.0000      Cuts: 50   973785    4.64%
    945     0    20262.5084   769    21248.0000     Cuts: 116  1000725    4.64%
    945     0    20266.0993   698    21248.0000      Cuts: 67  1019807    4.62%
    945     0    20266.0993   619    21248.0000      Cuts: 76  1039874    4.62%
    945     0    20266.0993   606    21248.0000      Cuts: 68  1061002    4.62%
    945     0    20266.0993   742    21248.0000      Cuts: 55  1081352    4.62%
    945     0    20266.0993   482    21248.0000      Cuts: 42  1094601    4.62%
    945     0    20266.0993   768    21248.0000     Cuts: 117  1115772    4.62%
    945     0    20267.6338   603    21248.0000      Cuts: 26  1132017    4.61%
    945     0    20267.6338   592    21248.0000      Cuts: 94  1152124    4.61%
    945     0    20267.6338   591    21248.0000      Cuts: 72  1175495    4.61%
    945     0    20267.6338   573    21248.0000      Cuts: 41  1192009    4.61%

Cover cuts applied:  55
Flow cuts applied:  6
Mixed integer rounding cuts applied:  53
Zero-half cuts applied:  54
Lift and project cuts applied:  1
Gomory fractional cuts applied:  4

Root node processing (before b&c):
  Real time             =  179.95 sec. (191461.73 ticks)
Sequential b&c:
  Real time             =  720.06 sec. (727397.56 ticks)
                          ------------
Total (root+branch&cut) =  900.02 sec. (918859.29 ticks)
MIP: [1;32mCPLEX finished.[0m
MIP: [1;32mCPLEX status: Feasible[0m
MIP: [1;32mSolution: 
Indexes: [17, 27, 11, 20, 24, 15, 5, 22, 19, 22, 6, 10, 22, 15, 27, 24, 22, 25, 7, 20, 21, 23, 16, 17, 10, 11, 27, 1, 2, 25, 9, 4, 19, 23, 5, 26, 23, 5, 20, 18, 23, 19, 12, 21, 2, 9, 18, 1, 12, 14][-1, 17, 8, -1, 20, 20, 10, 19, -1, 7, 14, 2, 18, -1, 6, 14, 6, 11, 11, 13, 19, 18, 2, 10, 17, 14, 13, 8, -1], P Variables: [0, 0][0, 0][0, 0][0, 0][0, 0][0, 0][0, 0][0, 0][0, 0][0, 0][0, 0][0, 0][0, 0][0, 0][0, 0][0, 0][0, 0][0, 0][0, 0][0, 0][0, 0][0, 0][0, 0][0, 0][0, 0][0, 0][0, 0][0, 0][0, 0][0, 0][0, 0][0, 0][0, 0][0, 0][0, 0][0, 0][0, 0][0, 0][0, 0][0, 0][0, 0][0, 0][0, 0][0, 0][0, 0][0, 0][0, 0][0, 0][0, 0][0, 0], Flow leaving each bin: Level: 0, Item: 0 => [0]
Level: 0, Item: 1 => [1]
Level: 0, Item: 2 => [2]
Level: 0, Item: 3 => [3]
Level: 0, Item: 4 => [4]
Level: 0, Item: 5 => [5]
Level: 0, Item: 6 => [6]
Level: 0, Item: 7 => [7]
Level: 0, Item: 8 => [8]
Level: 0, Item: 9 => [9]
Level: 0, Item: 10 => [10]
Level: 0, Item: 11 => [11]
Level: 0, Item: 12 => [12]
Level: 0, Item: 13 => [13]
Level: 0, Item: 14 => [14]
Level: 0, Item: 15 => [15]
Level: 0, Item: 16 => [16]
Level: 0, Item: 17 => [17]
Level: 0, Item: 18 => [18]
Level: 0, Item: 19 => [19]
Level: 0, Item: 20 => [20]
Level: 0, Item: 21 => [21]
Level: 0, Item: 22 => [22]
Level: 0, Item: 23 => [23]
Level: 0, Item: 24 => [24]
Level: 0, Item: 25 => [25]
Level: 0, Item: 26 => [26]
Level: 0, Item: 27 => [27]
Level: 0, Item: 28 => [28]
Level: 0, Item: 29 => [29]
Level: 0, Item: 30 => [30]
Level: 0, Item: 31 => [31]
Level: 0, Item: 32 => [32]
Level: 0, Item: 33 => [33]
Level: 0, Item: 34 => [34]
Level: 0, Item: 35 => [35]
Level: 0, Item: 36 => [36]
Level: 0, Item: 37 => [37]
Level: 0, Item: 38 => [38]
Level: 0, Item: 39 => [39]
Level: 0, Item: 40 => [40]
Level: 0, Item: 41 => [41]
Level: 0, Item: 42 => [42]
Level: 0, Item: 43 => [43]
Level: 0, Item: 44 => [44]
Level: 0, Item: 45 => [45]
Level: 0, Item: 46 => [46]
Level: 0, Item: 47 => [47]
Level: 0, Item: 48 => [48]
Level: 0, Item: 49 => [49]
Level: 1, Bin: 1 => [27, 47]
Level: 1, Bin: 2 => [28, 44]
Level: 1, Bin: 4 => [31]
Level: 1, Bin: 5 => [6, 34, 37]
Level: 1, Bin: 6 => [10]
Level: 1, Bin: 7 => [18]
Level: 1, Bin: 9 => [30, 45]
Level: 1, Bin: 10 => [11, 24]
Level: 1, Bin: 11 => [2, 25]
Level: 1, Bin: 12 => [42, 48]
Level: 1, Bin: 14 => [49]
Level: 1, Bin: 15 => [5, 13]
Level: 1, Bin: 16 => [22]
Level: 1, Bin: 17 => [0, 23]
Level: 1, Bin: 18 => [39, 46]
Level: 1, Bin: 19 => [8, 32, 41]
Level: 1, Bin: 20 => [3, 19, 38]
Level: 1, Bin: 21 => [20, 43]
Level: 1, Bin: 22 => [7, 9, 12, 16]
Level: 1, Bin: 23 => [21, 33, 36, 40]
Level: 1, Bin: 24 => [4, 15]
Level: 1, Bin: 25 => [17, 29]
Level: 1, Bin: 26 => [35]
Level: 1, Bin: 27 => [1, 14, 26]
Level: 2, Bin: 2 => [2, 7, 9, 12, 16, 25]
Level: 2, Bin: 6 => [22, 49]
Level: 2, Bin: 7 => [30, 45]
Level: 2, Bin: 8 => [1, 14, 26, 28, 44]
Level: 2, Bin: 10 => [10, 21, 33, 36, 40]
Level: 2, Bin: 11 => [0, 23, 39, 46]
Level: 2, Bin: 13 => [8, 32, 35, 41]
Level: 2, Bin: 14 => [5, 11, 13, 17, 24, 29]
Level: 2, Bin: 17 => [4, 15, 27, 47]
Level: 2, Bin: 18 => [20, 42, 43, 48]
Level: 2, Bin: 19 => [3, 18, 19, 38]
Level: 2, Bin: 20 => [6, 31, 34, 37]
[0m
MIP: [1;32mObjective value: 21248[0m
MIP: [1;32mLower Bound: 20267.6[0m
MIP: [1;32mBranch-and-Bound nodes: 945[0m

# best solution:
best objective value:	21248
best dual bound value:	20267
optimality gap:	4.61691%
CPU time:	897.529
