ifile	/scratch/csagturk/mlbppo_inst/n0050_m02_p150__014.inst
prob	NFMLBPPO
threads	1
ttime	900
instance: /scratch/csagturk/mlbppo_inst/n0050_m02_p150__014.inst
	m=2, n=[50, 30, 28], #pos=75
MIP: [1;32minit CPLEX[0m
CAN: [1;35mcreated 2340 x_{ijk} variables[0m
CAN: [1;35mcreated 108 y_{ij} variables[0m
CAN: [1;35mcreated 5400 f_{ijkh} variables[0m
MIP: [1;32mcreated decision variables[0m
CAN: [1;35madded 50 constraints to enforce the packing of each item[0m
CAN: [1;35madded 30 constraints to enforce the packing of each item[0m
CAN: [1;35madded 58 capacity constraints[0m
MIP: [1;32mcreated constraints[0m
MIP: [1;32mcreated objective function[0m
MIP: [1;32mcalling CPLEX solve ...[0m
Version identifier: 22.1.0.0 | 2022-03-09 | 1a383f8ce
CPXPARAM_Threads                                 1
CPXPARAM_TimeLimit                               900
Tried aggregator 2 times.
MIP Presolve eliminated 18990 rows and 19329 columns.
MIP Presolve modified 4282 coefficients.
Aggregator did 292 substitutions.
Reduced MIP has 103152 rows, 101477 columns, and 391197 nonzeros.
Reduced MIP has 101387 binaries, 0 generals, 0 SOSs, and 59 indicators.
Presolve time = 0.61 sec. (554.42 ticks)
Elapsed time = 13.28 sec. (10001.19 ticks) for 7% of probing (2105 vars fixed)
Elapsed time = 27.22 sec. (20001.70 ticks) for 14% of probing (3916 vars fixed)
Elapsed time = 45.33 sec. (30002.00 ticks) for 22% of probing (10209 vars fixed)
Elapsed time = 62.89 sec. (40002.22 ticks) for 49% of probing (10209 vars fixed)
Probing fixed 10209 vars, tightened 60 bounds.
Probing changed sense of 595 constraints.
Probing time = 71.69 sec. (46708.95 ticks)
Tried aggregator 2 times.
MIP Presolve eliminated 12099 rows and 11729 columns.
MIP Presolve modified 48 coefficients.
Aggregator did 1 substitutions.
Reduced MIP has 91052 rows, 89747 columns, and 342841 nonzeros.
Reduced MIP has 89747 binaries, 0 generals, 0 SOSs, and 0 indicators.
Presolve time = 0.63 sec. (542.79 ticks)
Probing time = 0.06 sec. (31.52 ticks)
Tried aggregator 1 time.
Detecting symmetries...
Reduced MIP has 91052 rows, 89747 columns, and 342841 nonzeros.
Reduced MIP has 89747 binaries, 0 generals, 0 SOSs, and 0 indicators.
Presolve time = 0.43 sec. (349.24 ticks)
Probing time = 0.07 sec. (31.52 ticks)
Clique table members: 260557.
MIP emphasis: balance optimality and feasibility.
MIP search method: dynamic search.
Parallel mode: none, using 1 thread.
Root relaxation solution time = 28.17 sec. (32740.97 ticks)

        Nodes                                         Cuts/
   Node  Left     Objective  IInf  Best Integer    Best Bound    ItCnt     Gap

      0     0    19655.1659  1261                  19655.1659    20475         
      0     0    19705.2960   847                    Cuts: 22    47954         
      0     0    19707.5780  1230                    Cuts: 72    76530         
      0     0    19707.9572  1492                    Cuts: 63   119077         
      0     0    19710.2487   983                    Cuts: 18   154934         
      0     0    19713.2224  1773                    Cuts: 60   196466         
      0     0    19713.9509  1654                    Cuts: 46   240473         
      0     0    19714.0357  1506                    Cuts: 43   276701         

Cover cuts applied:  38
Mixed integer rounding cuts applied:  70
Zero-half cuts applied:  8
Gomory fractional cuts applied:  2

Root node processing (before b&c):
  Real time             =  900.03 sec. (777271.26 ticks)
Sequential b&c:
  Real time             =    0.00 sec. (0.00 ticks)
                          ------------
Total (root+branch&cut) =  900.03 sec. (777271.26 ticks)
MIP: [1;32mCPLEX finished.[0m
MIP: [1;32mCPLEX status: Unknown[0m
MIP: [1;32mNo feasible solution exits[0m
