ifile	/scratch/csagturk/mlbppo_inst/n0050_m04_p050__064.inst
prob	NFMLBPPO
threads	1
ttime	900
instance: /scratch/csagturk/mlbppo_inst/n0050_m04_p050__064.inst
	m=4, n=[50, 29, 24, 22, 19], #pos=25
MIP: [1;32minit CPLEX[0m
CAN: [1;35mcreated 3092 x_{ijk} variables[0m
CAN: [1;35mcreated 144 y_{ij} variables[0m
CAN: [1;35mcreated 7200 f_{ijkh} variables[0m
MIP: [1;32mcreated decision variables[0m
CAN: [1;35madded 50 constraints to enforce the packing of each item[0m
CAN: [1;35madded 75 constraints to enforce the packing of each item[0m
CAN: [1;35madded 94 capacity constraints[0m
MIP: [1;32mcreated constraints[0m
MIP: [1;32mcreated objective function[0m
MIP: [1;32mcalling CPLEX solve ...[0m
Version identifier: 22.1.0.0 | 2022-03-09 | 1a383f8ce
CPXPARAM_Threads                                 1
CPXPARAM_TimeLimit                               900
Tried aggregator 2 times.
MIP Presolve eliminated 25851 rows and 26294 columns.
MIP Presolve modified 1600 coefficients.
Aggregator did 581 substitutions.
Reduced MIP has 134312 rows, 132611 columns, and 469710 nonzeros.
Reduced MIP has 132386 binaries, 0 generals, 0 SOSs, and 147 indicators.
Presolve time = 0.99 sec. (701.67 ticks)
Elapsed time = 10.45 sec. (10000.11 ticks) for 17% of probing (460 vars fixed)
Probing fixed 460 vars, tightened 148 bounds.
Probing time = 14.88 sec. (14712.93 ticks)
Tried aggregator 3 times.
Detecting symmetries...
MIP Presolve eliminated 2171 rows and 2173 columns.
MIP Presolve modified 74 coefficients.
Aggregator did 7 substitutions.
Reduced MIP has 132208 rows, 130431 columns, and 463320 nonzeros.
Reduced MIP has 130430 binaries, 1 generals, 0 SOSs, and 2 indicators.
Presolve time = 1.39 sec. (1112.23 ticks)
Probing time = 0.10 sec. (48.70 ticks)
Cover probing fixed 0 vars, tightened 1 bounds.
Clique table members: 348055.
MIP emphasis: balance optimality and feasibility.
MIP search method: dynamic search.
Parallel mode: none, using 1 thread.
Root relaxation solution time = 537.35 sec. (575019.73 ticks)

        Nodes                                         Cuts/
   Node  Left     Objective  IInf  Best Integer    Best Bound    ItCnt     Gap

      0     0    40450.6756  1751                  40450.6756   180241         
      0     0    40683.8943  1236                   Cuts: 122   267496         

Clique cuts applied:  55
Cover cuts applied:  52
Implied bound cuts applied:  1
Flow cuts applied:  1
Mixed integer rounding cuts applied:  41
Zero-half cuts applied:  97
Gomory fractional cuts applied:  5

Root node processing (before b&c):
  Real time             =  900.03 sec. (887865.29 ticks)
Sequential b&c:
  Real time             =    0.00 sec. (0.00 ticks)
                          ------------
Total (root+branch&cut) =  900.03 sec. (887865.29 ticks)
MIP: [1;32mCPLEX finished.[0m
MIP: [1;32mCPLEX status: Unknown[0m
MIP: [1;32mNo feasible solution exits[0m
