ifile	/scratch/csagturk/mlbppo_inst/n0050_m05_p050__097.inst
prob	NFMLBPPO
threads	1
ttime	900
instance: /scratch/csagturk/mlbppo_inst/n0050_m05_p050__097.inst
	m=5, n=[50, 32, 27, 21, 17, 14], #pos=25
MIP: [1;32minit CPLEX[0m
CAN: [1;35mcreated 3626 x_{ijk} variables[0m
CAN: [1;35mcreated 161 y_{ij} variables[0m
CAN: [1;35mcreated 8050 f_{ijkh} variables[0m
MIP: [1;32mcreated decision variables[0m
CAN: [1;35madded 50 constraints to enforce the packing of each item[0m
CAN: [1;35madded 97 constraints to enforce the packing of each item[0m
CAN: [1;35madded 111 capacity constraints[0m
MIP: [1;32mcreated constraints[0m
MIP: [1;32mcreated objective function[0m
MIP: [1;32mcalling CPLEX solve ...[0m
Version identifier: 22.1.0.0 | 2022-03-09 | 1a383f8ce
CPXPARAM_Threads                                 1
CPXPARAM_TimeLimit                               900
Tried aggregator 2 times.
MIP Presolve eliminated 30064 rows and 30651 columns.
MIP Presolve modified 1432 coefficients.
Aggregator did 614 substitutions.
Reduced MIP has 157729 rows, 155442 columns, and 550657 nonzeros.
Reduced MIP has 155151 binaries, 0 generals, 0 SOSs, and 187 indicators.
Presolve time = 1.04 sec. (831.31 ticks)
Elapsed time = 15.12 sec. (10000.10 ticks) for 17% of probing
Probing fixed 0 vars, tightened 194 bounds.
Probing time = 19.12 sec. (12640.27 ticks)
Tried aggregator 2 times.
Detecting symmetries...
MIP Presolve eliminated 1890 rows and 1937 columns.
MIP Presolve modified 97 coefficients.
Aggregator did 7 substitutions.
Reduced MIP has 155929 rows, 153498 columns, and 545594 nonzeros.
Reduced MIP has 153498 binaries, 0 generals, 0 SOSs, and 0 indicators.
Presolve time = 1.52 sec. (981.40 ticks)
Probing time = 0.14 sec. (54.03 ticks)
Clique table members: 416699.
MIP emphasis: balance optimality and feasibility.
MIP search method: dynamic search.
Parallel mode: none, using 1 thread.
Root relaxation solution time = 664.02 sec. (459948.79 ticks)

        Nodes                                         Cuts/
   Node  Left     Objective  IInf  Best Integer    Best Bound    ItCnt     Gap

      0     0    43258.4885  1611                  43258.4885   166989         

Clique cuts applied:  35
Cover cuts applied:  36
Flow cuts applied:  4
Mixed integer rounding cuts applied:  22
Zero-half cuts applied:  66
Lift and project cuts applied:  1
Gomory fractional cuts applied:  8

Root node processing (before b&c):
  Real time             =  900.04 sec. (594811.56 ticks)
Sequential b&c:
  Real time             =    0.00 sec. (0.00 ticks)
                          ------------
Total (root+branch&cut) =  900.04 sec. (594811.56 ticks)
MIP: [1;32mCPLEX finished.[0m
MIP: [1;32mCPLEX status: Unknown[0m
MIP: [1;32mNo feasible solution exits[0m
