ifile	/scratch/csagturk/mlbppo_inst/n0050_m01_p050__092.inst
prob	NFMLBPPO
threads	1
ttime	900
instance: /scratch/csagturk/mlbppo_inst/n0050_m01_p050__092.inst
	m=1, n=[50, 28], #pos=25
MIP: [1;32minit CPLEX[0m
CAN: [1;35mcreated 1400 x_{ijk} variables[0m
CAN: [1;35mcreated 78 y_{ij} variables[0m
CAN: [1;35mcreated 3900 f_{ijkh} variables[0m
MIP: [1;32mcreated decision variables[0m
CAN: [1;35madded 50 constraints to enforce the packing of each item[0m
CAN: [1;35madded 0 constraints to enforce the packing of each item[0m
CAN: [1;35madded 28 capacity constraints[0m
MIP: [1;32mcreated constraints[0m
MIP: [1;32mcreated objective function[0m
MIP: [1;32mcalling CPLEX solve ...[0m
Version identifier: 22.1.0.0 | 2022-03-09 | 1a383f8ce
CPXPARAM_Threads                                 1
CPXPARAM_TimeLimit                               900
Tried aggregator 2 times.
MIP Presolve eliminated 28576 rows and 28753 columns.
MIP Presolve modified 1802 coefficients.
Aggregator did 482 substitutions.
Reduced MIP has 43195 rows, 43593 columns, and 148303 nonzeros.
Reduced MIP has 43593 binaries, 0 generals, 0 SOSs, and 0 indicators.
Presolve time = 0.33 sec. (270.32 ticks)
Probing fixed 40444 vars, tightened 0 bounds.
Probing changed sense of 1216 constraints.
Probing time = 3.54 sec. (3719.92 ticks)
Tried aggregator 1 time.
MIP Presolve eliminated 42628 rows and 42383 columns.
MIP Presolve modified 541 coefficients.
Reduced MIP has 563 rows, 1210 columns, and 13958 nonzeros.
Reduced MIP has 1210 binaries, 0 generals, 0 SOSs, and 0 indicators.
Presolve time = 0.04 sec. (44.86 ticks)
Probing time = 0.00 sec. (3.10 ticks)
Tried aggregator 1 time.
Detecting symmetries...
MIP Presolve modified 1 coefficients.
Reduced MIP has 563 rows, 1210 columns, and 13957 nonzeros.
Reduced MIP has 1210 binaries, 0 generals, 0 SOSs, and 0 indicators.
Presolve time = 0.01 sec. (7.47 ticks)
Probing time = 0.00 sec. (3.13 ticks)
Clique table members: 1813.
MIP emphasis: balance optimality and feasibility.
MIP search method: dynamic search.
Parallel mode: none, using 1 thread.
Root relaxation solution time = 0.01 sec. (7.79 ticks)

        Nodes                                         Cuts/
   Node  Left     Objective  IInf  Best Integer    Best Bound    ItCnt     Gap

      0     0    11953.2000    41                  11953.2000      296         
      0     0    11953.2000    69                    Cuts: 69      555         
      0     0    11953.2000    50                    Cuts: 68      756         
      0     0    11953.2000    81                    Cuts: 56      995         
*     0+    0                        12430.0000    11953.2000             3.84%
*     0+    0                        12329.0000    11953.2000             3.05%
      0     0  -1.00000e+75     0    12329.0000    11953.2000      995    3.05%
      0     2    11953.2000    28    12329.0000    11953.2000      995    3.05%
Elapsed time = 4.70 sec. (4727.27 ticks, tree = 0.01 MB, solutions = 2)
    313   242    11953.2000    26    12329.0000    11953.2000     5255    3.05%
*   454+  373                        12311.0000    11953.2000             2.91%
    454   375    11953.2000    56    12311.0000    11953.2000     7997    2.91%
*   455+  359                        12214.0000    11953.2000             2.14%
    455   361    11953.2000    36    12214.0000    11953.2000     8092    2.14%
    645   524    11983.0000    48    12214.0000    11953.2000    12701    2.14%
    800   653    11953.2308    29    12214.0000    11953.2000    18490    2.14%
    988   828    11953.2000    48    12214.0000    11953.2000    24102    2.14%

Performing restart 1

Repeating presolve.
Tried aggregator 1 time.
MIP Presolve eliminated 0 rows and 10 columns.
MIP Presolve modified 11053 coefficients.
Reduced MIP has 563 rows, 1200 columns, and 8522 nonzeros.
Reduced MIP has 1200 binaries, 0 generals, 0 SOSs, and 0 indicators.
Presolve time = 0.01 sec. (11.12 ticks)
Tried aggregator 1 time.
Reduced MIP has 563 rows, 1200 columns, and 8522 nonzeros.
Reduced MIP has 1200 binaries, 0 generals, 0 SOSs, and 0 indicators.
Presolve time = 0.01 sec. (5.29 ticks)
Represolve time = 0.06 sec. (59.64 ticks)
   1017     0    11953.2000    59    12214.0000      Cuts: 28    25951    2.14%
   1017     0    11953.2000    58    12214.0000      Cuts: 69    26185    2.14%
   1017     0    11953.2000    39    12214.0000      Cuts: 26    26324    2.14%
   1017     0    11953.2000    56    12214.0000      Cuts: 61    26449    2.14%
   1017     0    11953.2000    37    12214.0000      Cuts: 25    26582    2.14%
   1017     0    11953.2000    61    12214.0000      Cuts: 47    26755    2.14%
   1017     0    11953.2000    52    12214.0000      Cuts: 23    26887    2.14%
   1017     0    11953.2000    53    12214.0000      Cuts: 66    27021    2.14%
   1017     2    11953.2000    26    12214.0000    11953.2000    27021    2.14%
   1111    78    12043.0000    25    12214.0000    11955.1579    28186    2.12%
   1117    84    12043.0000    21    12214.0000    11955.1579    28290    2.12%
   1417   288    11970.0000    21    12214.0000    11970.0000    30886    2.00%
Elapsed time = 8.33 sec. (9259.09 ticks, tree = 0.21 MB, solutions = 4)
   1796   538    11970.0000    21    12214.0000    11970.0000    34851    2.00%
   2517   942    11970.0000    40    12214.0000    11970.0000    51627    2.00%
*  2702     0      integral     0    11970.0000    11970.0000    59713    0.00%

GUB cover cuts applied:  6
Clique cuts applied:  9
Cover cuts applied:  110
Flow cuts applied:  2
Mixed integer rounding cuts applied:  5
Zero-half cuts applied:  4

Root node processing (before b&c):
  Real time             =    4.71 sec. (4731.16 ticks)
Sequential b&c:
  Real time             =    5.44 sec. (6877.07 ticks)
                          ------------
Total (root+branch&cut) =   10.15 sec. (11608.24 ticks)
MIP: [1;32mCPLEX finished.[0m
MIP: [1;32mCPLEX status: Optimal[0m
MIP: [1;32mSolution: 
Indexes: [9, 23, 16, 9, 12, 9, 24, 6, 4, 0, 27, 10, 2, 27, 22, 16, 0, 20, 12, 16, 5, 21, 26, 17, 1, 0, 6, 5, 24, 2, 5, 4, 15, 26, 12, 3, 12, 19, 6, 17, 16, 22, 27, 15, 3, 21, 10, 18, 23, 20], P Variables: [0][0][0][0][0][0][0][0][0][0][0][0][0][0][0][0][0][0][0][0][0][0][0][0][0][0][0][0][0][0][0][0][0][0][0][0][0][0][0][0][0][0][0][0][0][0][0][0][0][0], Flow leaving each bin: Level: 0, Item: 0 => [0]
Level: 0, Item: 1 => [1]
Level: 0, Item: 2 => [2]
Level: 0, Item: 3 => [3]
Level: 0, Item: 4 => [4]
Level: 0, Item: 5 => [5]
Level: 0, Item: 6 => [6]
Level: 0, Item: 7 => [7]
Level: 0, Item: 8 => [8]
Level: 0, Item: 9 => [9]
Level: 0, Item: 10 => [10]
Level: 0, Item: 11 => [11]
Level: 0, Item: 12 => [12]
Level: 0, Item: 13 => [13]
Level: 0, Item: 14 => [14]
Level: 0, Item: 15 => [15]
Level: 0, Item: 16 => [16]
Level: 0, Item: 17 => [17]
Level: 0, Item: 18 => [18]
Level: 0, Item: 19 => [19]
Level: 0, Item: 20 => [20]
Level: 0, Item: 21 => [21]
Level: 0, Item: 22 => [22]
Level: 0, Item: 23 => [23]
Level: 0, Item: 24 => [24]
Level: 0, Item: 25 => [25]
Level: 0, Item: 26 => [26]
Level: 0, Item: 27 => [27]
Level: 0, Item: 28 => [28]
Level: 0, Item: 29 => [29]
Level: 0, Item: 30 => [30]
Level: 0, Item: 31 => [31]
Level: 0, Item: 32 => [32]
Level: 0, Item: 33 => [33]
Level: 0, Item: 34 => [34]
Level: 0, Item: 35 => [35]
Level: 0, Item: 36 => [36]
Level: 0, Item: 37 => [37]
Level: 0, Item: 38 => [38]
Level: 0, Item: 39 => [39]
Level: 0, Item: 40 => [40]
Level: 0, Item: 41 => [41]
Level: 0, Item: 42 => [42]
Level: 0, Item: 43 => [43]
Level: 0, Item: 44 => [44]
Level: 0, Item: 45 => [45]
Level: 0, Item: 46 => [46]
Level: 0, Item: 47 => [47]
Level: 0, Item: 48 => [48]
Level: 0, Item: 49 => [49]
Level: 1, Bin: 0 => [9, 16, 25]
Level: 1, Bin: 1 => [24]
Level: 1, Bin: 2 => [12, 29]
Level: 1, Bin: 3 => [35, 44]
Level: 1, Bin: 4 => [8, 31]
Level: 1, Bin: 5 => [20, 27, 30]
Level: 1, Bin: 6 => [7, 26, 38]
Level: 1, Bin: 9 => [0, 3, 5]
Level: 1, Bin: 10 => [11, 46]
Level: 1, Bin: 12 => [4, 18, 34, 36]
Level: 1, Bin: 15 => [32, 43]
Level: 1, Bin: 16 => [2, 15, 19, 40]
Level: 1, Bin: 17 => [23, 39]
Level: 1, Bin: 18 => [47]
Level: 1, Bin: 19 => [37]
Level: 1, Bin: 20 => [17, 49]
Level: 1, Bin: 21 => [21, 45]
Level: 1, Bin: 22 => [14, 41]
Level: 1, Bin: 23 => [1, 48]
Level: 1, Bin: 24 => [6, 28]
Level: 1, Bin: 26 => [22, 33]
Level: 1, Bin: 27 => [10, 13, 42]
[0m
MIP: [1;32mObjective value: 11970[0m
MIP: [1;32mLower Bound: 11970[0m
MIP: [1;32mBranch-and-Bound nodes: 2703[0m

# best solution:
best objective value:	11970
best dual bound value:	11970
optimality gap:	0%
CPU time:	10.2067
