ifile	/scratch/csagturk/mlbppo_inst/n0050_m02_p050__081.inst
prob	NFMLBPPO
threads	1
ttime	900
instance: /scratch/csagturk/mlbppo_inst/n0050_m02_p050__081.inst
	m=2, n=[50, 25, 21], #pos=25
MIP: [1;32minit CPLEX[0m
CAN: [1;35mcreated 1775 x_{ijk} variables[0m
CAN: [1;35mcreated 96 y_{ij} variables[0m
CAN: [1;35mcreated 4800 f_{ijkh} variables[0m
MIP: [1;32mcreated decision variables[0m
CAN: [1;35madded 50 constraints to enforce the packing of each item[0m
CAN: [1;35madded 25 constraints to enforce the packing of each item[0m
CAN: [1;35madded 46 capacity constraints[0m
MIP: [1;32mcreated constraints[0m
MIP: [1;32mcreated objective function[0m
MIP: [1;32mcalling CPLEX solve ...[0m
Version identifier: 22.1.0.0 | 2022-03-09 | 1a383f8ce
CPXPARAM_Threads                                 1
CPXPARAM_TimeLimit                               900
Tried aggregator 2 times.
MIP Presolve eliminated 9371 rows and 9537 columns.
MIP Presolve modified 1198 coefficients.
Aggregator did 565 substitutions.
Reduced MIP has 82061 rows, 81769 columns, and 277125 nonzeros.
Reduced MIP has 81694 binaries, 0 generals, 0 SOSs, and 50 indicators.
Presolve time = 0.50 sec. (420.77 ticks)
Elapsed time = 12.38 sec. (10000.36 ticks) for 15% of probing (4485 vars fixed)
Elapsed time = 25.92 sec. (20000.43 ticks) for 51% of probing (6463 vars fixed)
Probing fixed 6463 vars, tightened 50 bounds.
Probing changed sense of 684 constraints.
Probing time = 34.24 sec. (27315.91 ticks)
Tried aggregator 2 times.
Detecting symmetries...
MIP Presolve eliminated 7926 rows and 7767 columns.
MIP Presolve modified 520 coefficients.
Aggregator did 13 substitutions.
Reduced MIP has 74115 rows, 73989 columns, and 250435 nonzeros.
Reduced MIP has 73989 binaries, 0 generals, 0 SOSs, and 0 indicators.
Presolve time = 0.60 sec. (511.08 ticks)
Probing time = 0.05 sec. (27.14 ticks)
Clique table members: 196523.
MIP emphasis: balance optimality and feasibility.
MIP search method: dynamic search.
Parallel mode: none, using 1 thread.
Root relaxation solution time = 6.80 sec. (7755.84 ticks)

        Nodes                                         Cuts/
   Node  Left     Objective  IInf  Best Integer    Best Bound    ItCnt     Gap

      0     0    20764.1695   638                  20764.1695     8235         
      0     0    20776.1909   416                    Cuts: 31    21018         
      0     0    20796.4347   666                    Cuts: 88    46693         
      0     0    20796.8002   624                    Cuts: 54    63978         
      0     0    20812.1459   593                    Cuts: 76    94891         
      0     0    20847.4448   586                    Cuts: 75   119777         
      0     0    20859.7281   599                    Cuts: 54   144025         
      0     0    20871.5910   599                    Cuts: 61   167475         
      0     0    20878.1273   650                    Cuts: 51   192472         
      0     0    20879.4035   580                    Cuts: 39   213702         
      0     0    20885.5256   610                    Cuts: 51   237710         
      0     0    20887.9539   668                    Cuts: 57   261634         
      0     0    20888.4547   637                    Cuts: 53   287388         
      0     0    20888.6347   567                    Cuts: 50   346489         
      0     0    20888.7471   561                    Cuts: 57   374902         
      0     0    20888.8015   539                    Cuts: 30   390662         
      0     0    20889.1940   614                    Cuts: 61   414105         
Heuristic still looking.
*     0+    0                        24185.0000    20889.1940            13.63%
      0     2    20889.1940   482    24185.0000    20889.2189   414105   13.63%
Elapsed time = 580.17 sec. (659393.39 ticks, tree = 0.01 MB, solutions = 1)
      1     3    20893.6159   433    24185.0000    20889.2189   420889   13.63%
      2     4    20893.6159   416    24185.0000    20889.2189   427541   13.63%
      3     5    20893.6159   397    24185.0000    20889.2189   430965   13.63%
      4     6    20893.6159   341    24185.0000    20889.2189   435763   13.63%
      5     7    20893.6159   369    24185.0000    20889.2189   442961   13.63%
      6     8    20893.6159   318    24185.0000    20889.2189   445950   13.63%
      7     9    20894.1164   356    24185.0000    20889.2189   448425   13.63%
      8    10    20893.6159   322    24185.0000    20889.2189   449153   13.63%
      9    11    20893.6159   335    24185.0000    20889.2189   455630   13.63%
     10    12    20893.6159   336    24185.0000    20889.2189   457480   13.63%
Elapsed time = 597.76 sec. (679665.21 ticks, tree = 0.36 MB, solutions = 1)
     11    13    20893.6159   320    24185.0000    20889.2189   463971   13.63%
     12    14    20898.5925   338    24185.0000    20889.2189   485316   13.63%
     13    15    20893.6159   355    24185.0000    20889.2189   493143   13.63%
     14    16    20927.0415   408    24185.0000    20889.2189   501702   13.63%
     15    17    20903.3469   456    24185.0000    20889.2189   505215   13.63%
     16    18    20936.2299   252    24185.0000    20889.2189   512052   13.63%
     17    19    21030.7125   449    24185.0000    20889.2189   517280   13.63%
     18    20    20948.8929   109    24185.0000    20889.2189   524567   13.63%
     20    22    20948.8929    98    24185.0000    20889.2189   528910   13.63%
     22    24    20948.8929    96    24185.0000    20889.2189   537216   13.63%
Elapsed time = 614.68 sec. (698735.62 ticks, tree = 3.06 MB, solutions = 1)
     23    25    20948.8929   145    24185.0000    20889.2189   541638   13.63%
     24    26    20948.8929    89    24185.0000    20889.2189   546574   13.63%
     28    30    20948.8929   103    24185.0000    20889.2189   549475   13.63%
*    30+   30                        23325.0000    20889.2189            10.44%
     30    32    20948.8929    90    23325.0000    20889.2189   550769   10.44%
     38    40    20948.8929    91    23325.0000    20889.2189   554182   10.44%
     40    42    20948.8929    86    23325.0000    20889.2189   555513   10.44%
     44    46    20948.8929   105    23325.0000    20889.2189   558806   10.44%
     49    51    20948.8929   101    23325.0000    20889.2189   562238   10.44%
     55    57    20948.8929    95    23325.0000    20889.2189   565002   10.44%
     62    64    20948.8929    80    23325.0000    20889.2189   567370   10.44%
Elapsed time = 647.55 sec. (729572.50 ticks, tree = 26.04 MB, solutions = 2)
     64    66    20951.0751   208    23325.0000    20889.2189   570874   10.44%
     65    67    21064.1847   210    23325.0000    20889.2189   575748   10.44%
     67    69    20951.0751   199    23325.0000    20889.2189   578821   10.44%
     70    72    20951.0751   184    23325.0000    20889.2189   582291   10.44%
     73    75    20951.0751   183    23325.0000    20889.2189   588734   10.44%
     76    78    20951.0751   199    23325.0000    20889.2189   596351   10.44%
     83    85    20951.0751   148    23325.0000    20889.2189   599486   10.44%
     87    89    20955.1489    53    23325.0000    20889.2189   604844   10.44%
     90    92    20955.1489    80    23325.0000    20889.2189   607310   10.44%
     96    98    20955.1489    70    23325.0000    20889.2189   610057   10.44%
Elapsed time = 666.12 sec. (746926.81 ticks, tree = 46.01 MB, solutions = 2)
     97    99    21118.4156   353    23325.0000    20889.2189   616501   10.44%
    100   102    20955.1489    64    23325.0000    20889.2189   618642   10.44%
    101   103    20957.9905   301    23325.0000    20889.2189   622254   10.44%
    104   106    20959.0678    55    23325.0000    20889.2189   627520   10.44%
    109   111    20959.0678    64    23325.0000    20889.2189   632042   10.44%
    110   112    20959.2456   310    23325.0000    20889.2189   638434   10.44%
    114   116    21010.9576    44    23325.0000    20889.2189   644422   10.44%
    116   118    21066.7588    55    23325.0000    20889.2189   650588   10.44%
    119   120    21110.4284   113    23325.0000    20889.2189   654995   10.44%
    124   125    21533.3419   275    23325.0000    20889.2189   659562   10.44%
Elapsed time = 686.45 sec. (766606.33 ticks, tree = 58.41 MB, solutions = 2)
    129   130    21537.2500    42    23325.0000    20889.2189   662906   10.44%
    133   134    21538.1429    13    23325.0000    20889.2189   665584   10.44%
    140   141    21577.0000    41    23325.0000    20889.2189   669018   10.44%
    147   148    21887.0000    56    23325.0000    20889.2189   673637   10.44%
    158   157    infeasible          23325.0000    20889.2189   677321   10.44%
    165   160    infeasible          23325.0000    20889.2189   680522   10.44%
    175   164    infeasible          23325.0000    20889.2189   683505   10.44%
    177   164    20903.8494   505    23325.0000    20893.6159   707570   10.42%
    178   165    20903.8494   463    23325.0000    20893.6159   716751   10.42%
    179   166    20903.8494   499    23325.0000    20893.6159   730253   10.42%
Elapsed time = 741.26 sec. (824120.25 ticks, tree = 83.33 MB, solutions = 2)
    180   167    20903.8494   443    23325.0000    20893.6159   741694   10.42%
    181   168    20903.8494   612    23325.0000    20893.6159   759376   10.42%
    182   169    20903.8494   452    23325.0000    20893.6159   774679   10.42%
    183   170    20903.8494   426    23325.0000    20893.6159   784427   10.42%
    184   171    20903.8494   475    23325.0000    20893.6159   796667   10.42%
    185   172    20903.8494   485    23325.0000    20893.6159   806665   10.42%
    186   173    20905.9892   511    23325.0000    20893.6159   817739   10.42%
    187   174    20974.7865   485    23325.0000    20893.6159   834145   10.42%
    188   175    20905.9892   500    23325.0000    20893.6159   842585   10.42%
    189   176    20905.9892   547    23325.0000    20893.6159   852261   10.42%
Elapsed time = 829.39 sec. (913670.54 ticks, tree = 86.49 MB, solutions = 2)
    190   177    20905.9892   454    23325.0000    20893.6159   859843   10.42%
    191   178    20911.3991   392    23325.0000    20893.6159   866802   10.42%
    192   179    20911.3991   387    23325.0000    20893.6159   871767   10.42%
    193   180    20911.3991   425    23325.0000    20893.6159   878757   10.42%
    194   181    20911.3991   430    23325.0000    20893.6159   889406   10.42%
    195   182    20911.3991   369    23325.0000    20893.6159   894872   10.42%
    196   183    20911.3991   412    23325.0000    20893.6159   900122   10.42%
    197   184    20911.3991   430    23325.0000    20893.6159   912473   10.42%
    198   185    20911.3991   437    23325.0000    20893.6159   920267   10.42%
    199   186    20911.3991   429    23325.0000    20893.6159   927563   10.42%
Elapsed time = 879.80 sec. (962712.40 ticks, tree = 91.99 MB, solutions = 2)
Starting limited solution polishing.
    200   187    20911.3991   452    23325.0000    20893.6159   934893   10.42%
    201   188    20911.3991   480    23325.0000    20893.6159   941443   10.42%
    202   189    20911.3991   410    23325.0000    20893.6159   947156   10.42%
    203   190    20911.3991   372    23325.0000    20893.6159   951835   10.42%

Cover cuts applied:  55
Flow cuts applied:  4
Mixed integer rounding cuts applied:  41
Zero-half cuts applied:  22

Root node processing (before b&c):
  Real time             =  558.78 sec. (650649.40 ticks)
Sequential b&c:
  Real time             =  341.24 sec. (331385.77 ticks)
                          ------------
Total (root+branch&cut) =  900.02 sec. (982035.16 ticks)
MIP: [1;32mCPLEX finished.[0m
MIP: [1;32mCPLEX status: Feasible[0m
MIP: [1;32mSolution: 
Indexes: [23, 6, 21, 9, 23, 21, 4, 3, 12, 6, 3, 18, 21, 8, 10, 1, 8, 18, 14, 20, 6, 11, 22, 1, 22, 13, 4, 6, 0, 13, 24, 23, 5, 11, 10, 24, 3, 20, 12, 19, 8, 15, 5, 6, 13, 5, 17, 9, 14, 12][10, 14, -1, 2, 8, 4, 9, -1, 0, 5, 14, 12, 9, 3, 5, 19, -1, 15, 3, 12, 18, 18, 0, 8, 10], P Variables: [0, 0][0, 0][0, 0][0, 0][0, 0][0, 0][0, 0][0, 0][0, 0][0, 0][0, 0][0, 0][0, 0][0, 0][0, 0][0, 0][0, 0][0, 0][0, 0][0, 0][0, 0][0, 0][0, 0][0, 0][0, 0][0, 0][0, 0][0, 0][0, 0][0, 0][0, 0][0, 0][0, 0][0, 0][0, 0][0, 0][0, 0][0, 0][0, 0][0, 0][0, 0][0, 0][0, 0][0, 0][0, 0][0, 0][0, 0][0, 0][0, 0][0, 0], Flow leaving each bin: Level: 0, Item: 0 => [0]
Level: 0, Item: 1 => [1]
Level: 0, Item: 2 => [2]
Level: 0, Item: 3 => [3]
Level: 0, Item: 4 => [4]
Level: 0, Item: 5 => [5]
Level: 0, Item: 6 => [6]
Level: 0, Item: 7 => [7]
Level: 0, Item: 8 => [8]
Level: 0, Item: 9 => [9]
Level: 0, Item: 10 => [10]
Level: 0, Item: 11 => [11]
Level: 0, Item: 12 => [12]
Level: 0, Item: 13 => [13]
Level: 0, Item: 14 => [14]
Level: 0, Item: 15 => [15]
Level: 0, Item: 16 => [16]
Level: 0, Item: 17 => [17]
Level: 0, Item: 18 => [18]
Level: 0, Item: 19 => [19]
Level: 0, Item: 20 => [20]
Level: 0, Item: 21 => [21]
Level: 0, Item: 22 => [22]
Level: 0, Item: 23 => [23]
Level: 0, Item: 24 => [24]
Level: 0, Item: 25 => [25]
Level: 0, Item: 26 => [26]
Level: 0, Item: 27 => [27]
Level: 0, Item: 28 => [28]
Level: 0, Item: 29 => [29]
Level: 0, Item: 30 => [30]
Level: 0, Item: 31 => [31]
Level: 0, Item: 32 => [32]
Level: 0, Item: 33 => [33]
Level: 0, Item: 34 => [34]
Level: 0, Item: 35 => [35]
Level: 0, Item: 36 => [36]
Level: 0, Item: 37 => [37]
Level: 0, Item: 38 => [38]
Level: 0, Item: 39 => [39]
Level: 0, Item: 40 => [40]
Level: 0, Item: 41 => [41]
Level: 0, Item: 42 => [42]
Level: 0, Item: 43 => [43]
Level: 0, Item: 44 => [44]
Level: 0, Item: 45 => [45]
Level: 0, Item: 46 => [46]
Level: 0, Item: 47 => [47]
Level: 0, Item: 48 => [48]
Level: 0, Item: 49 => [49]
Level: 1, Bin: 0 => [28]
Level: 1, Bin: 1 => [15, 23]
Level: 1, Bin: 3 => [7, 10, 36]
Level: 1, Bin: 4 => [6, 26]
Level: 1, Bin: 5 => [32, 42, 45]
Level: 1, Bin: 6 => [1, 9, 20, 27, 43]
Level: 1, Bin: 8 => [13, 16, 40]
Level: 1, Bin: 9 => [3, 47]
Level: 1, Bin: 10 => [14, 34]
Level: 1, Bin: 11 => [21, 33]
Level: 1, Bin: 12 => [8, 38, 49]
Level: 1, Bin: 13 => [25, 29, 44]
Level: 1, Bin: 14 => [18, 48]
Level: 1, Bin: 15 => [41]
Level: 1, Bin: 17 => [46]
Level: 1, Bin: 18 => [11, 17]
Level: 1, Bin: 19 => [39]
Level: 1, Bin: 20 => [19, 37]
Level: 1, Bin: 21 => [2, 5, 12]
Level: 1, Bin: 22 => [22, 24]
Level: 1, Bin: 23 => [0, 4, 31]
Level: 1, Bin: 24 => [30, 35]
Level: 2, Bin: 0 => [13, 16, 22, 24, 40]
Level: 2, Bin: 2 => [7, 10, 36]
Level: 2, Bin: 3 => [11, 17, 25, 29, 44]
Level: 2, Bin: 4 => [32, 42, 45]
Level: 2, Bin: 5 => [3, 18, 47, 48]
Level: 2, Bin: 8 => [0, 4, 6, 26, 31]
Level: 2, Bin: 9 => [1, 8, 9, 20, 27, 38, 43, 49]
Level: 2, Bin: 10 => [28, 30, 35]
Level: 2, Bin: 12 => [21, 33, 39]
Level: 2, Bin: 14 => [14, 15, 23, 34]
Level: 2, Bin: 15 => [46]
Level: 2, Bin: 18 => [2, 5, 12, 19, 37]
Level: 2, Bin: 19 => [41]
[0m
MIP: [1;32mObjective value: 23325[0m
MIP: [1;32mLower Bound: 20893.6[0m
MIP: [1;32mBranch-and-Bound nodes: 204[0m

# best solution:
best objective value:	23325
best dual bound value:	20893
optimality gap:	10.4266%
CPU time:	895.616
