ifile	/scratch/csagturk/mlbppo_inst/n0050_m02_p200__034.inst
prob	NFMLBPPO
threads	1
ttime	900
instance: /scratch/csagturk/mlbppo_inst/n0050_m02_p200__034.inst
	m=2, n=[50, 44, 45], #pos=100
MIP: [1;32minit CPLEX[0m
CAN: [1;35mcreated 4180 x_{ijk} variables[0m
CAN: [1;35mcreated 139 y_{ij} variables[0m
CAN: [1;35mcreated 6950 f_{ijkh} variables[0m
MIP: [1;32mcreated decision variables[0m
CAN: [1;35madded 50 constraints to enforce the packing of each item[0m
CAN: [1;35madded 44 constraints to enforce the packing of each item[0m
CAN: [1;35madded 89 capacity constraints[0m
MIP: [1;32mcreated constraints[0m
MIP: [1;32mcreated objective function[0m
MIP: [1;32mcalling CPLEX solve ...[0m
Version identifier: 22.1.0.0 | 2022-03-09 | 1a383f8ce
CPXPARAM_Threads                                 1
CPXPARAM_TimeLimit                               900
Tried aggregator 2 times.
MIP Presolve eliminated 57165 rows and 58140 columns.
MIP Presolve modified 8813 coefficients.
Aggregator did 233 substitutions.
Reduced MIP has 161134 rows, 157586 columns, and 729297 nonzeros.
Reduced MIP has 157454 binaries, 0 generals, 0 SOSs, and 88 indicators.
Presolve time = 1.50 sec. (953.66 ticks)
Elapsed time = 26.06 sec. (10003.26 ticks) for 3% of probing (3085 vars fixed)
Elapsed time = 44.57 sec. (20003.52 ticks) for 5% of probing (5146 vars fixed)
Elapsed time = 63.16 sec. (30006.39 ticks) for 6% of probing (6651 vars fixed)
Elapsed time = 84.12 sec. (40011.11 ticks) for 7% of probing (8067 vars fixed)
Elapsed time = 111.81 sec. (50011.96 ticks) for 9% of probing (10430 vars fixed)
Elapsed time = 130.25 sec. (60012.55 ticks) for 10% of probing (11790 vars fixed)
Elapsed time = 146.71 sec. (70012.91 ticks) for 13% of probing (13621 vars fixed)
Elapsed time = 175.58 sec. (80014.52 ticks) for 14% of probing (14893 vars fixed)
Elapsed time = 192.85 sec. (90014.57 ticks) for 16% of probing (16027 vars fixed)
Elapsed time = 211.08 sec. (100015.50 ticks) for 17% of probing (17330 vars fixed)
Elapsed time = 225.36 sec. (110016.54 ticks) for 19% of probing (18640 vars fixed)
Elapsed time = 253.10 sec. (120016.89 ticks) for 21% of probing (20039 vars fixed)
Elapsed time = 270.99 sec. (130019.45 ticks) for 23% of probing (21465 vars fixed)
Elapsed time = 290.16 sec. (140021.27 ticks) for 24% of probing (34019 vars fixed)
Elapsed time = 319.74 sec. (150021.28 ticks) for 40% of probing (34790 vars fixed)
Probing fixed 34790 vars, tightened 88 bounds.
Probing time = 333.39 sec. (158805.79 ticks)
Tried aggregator 2 times.
MIP Presolve eliminated 38206 rows and 37200 columns.
MIP Presolve modified 8527 coefficients.
Aggregator did 38 substitutions.
Reduced MIP has 122839 rows, 120348 columns, and 544986 nonzeros.
Reduced MIP has 120348 binaries, 0 generals, 0 SOSs, and 0 indicators.
Presolve time = 1.45 sec. (1182.04 ticks)
Probing time = 0.10 sec. (40.23 ticks)
Tried aggregator 2 times.
Detecting symmetries...
MIP Presolve eliminated 14 rows and 0 columns.
Aggregator did 8 substitutions.
Reduced MIP has 122817 rows, 120340 columns, and 544450 nonzeros.
Reduced MIP has 120340 binaries, 0 generals, 0 SOSs, and 0 indicators.
Presolve time = 0.79 sec. (601.29 ticks)
Probing time = 0.10 sec. (40.21 ticks)
Clique table members: 436125.
MIP emphasis: balance optimality and feasibility.
MIP search method: dynamic search.
Parallel mode: none, using 1 thread.
Root relaxation solution time = 146.36 sec. (103141.12 ticks)

        Nodes                                         Cuts/
   Node  Left     Objective  IInf  Best Integer    Best Bound    ItCnt     Gap

      0     0    19633.3067  2011                  19633.3067    42929         
      0     0    19644.7019  1270                    Cuts: 32   128566         

Clique cuts applied:  1
Cover cuts applied:  20
Flow cuts applied:  2
Mixed integer rounding cuts applied:  41
Zero-half cuts applied:  9
Gomory fractional cuts applied:  2

Root node processing (before b&c):
  Real time             =  900.02 sec. (554797.04 ticks)
Sequential b&c:
  Real time             =    0.00 sec. (0.00 ticks)
                          ------------
Total (root+branch&cut) =  900.02 sec. (554797.04 ticks)
MIP: [1;32mCPLEX finished.[0m
MIP: [1;32mCPLEX status: Unknown[0m
MIP: [1;32mNo feasible solution exits[0m
