ifile	/scratch/csagturk/mlbppo_inst/n0050_m03_p150__095.inst
prob	NFMLBPPO
threads	1
ttime	900
instance: /scratch/csagturk/mlbppo_inst/n0050_m03_p150__095.inst
	m=3, n=[50, 40, 35, 43], #pos=75
MIP: [1;32minit CPLEX[0m
CAN: [1;35mcreated 4905 x_{ijk} variables[0m
CAN: [1;35mcreated 168 y_{ij} variables[0m
CAN: [1;35mcreated 8400 f_{ijkh} variables[0m
MIP: [1;32mcreated decision variables[0m
CAN: [1;35madded 50 constraints to enforce the packing of each item[0m
CAN: [1;35madded 75 constraints to enforce the packing of each item[0m
CAN: [1;35madded 118 capacity constraints[0m
MIP: [1;32mcreated constraints[0m
MIP: [1;32mcreated objective function[0m
MIP: [1;32mcalling CPLEX solve ...[0m
Version identifier: 22.1.0.0 | 2022-03-09 | 1a383f8ce
CPXPARAM_Threads                                 1
CPXPARAM_TimeLimit                               900
Tried aggregator 2 times.
MIP Presolve eliminated 67606 rows and 68850 columns.
MIP Presolve modified 6589 coefficients.
Aggregator did 378 substitutions.
Reduced MIP has 187336 rows, 183945 columns, and 780639 nonzeros.
Reduced MIP has 183720 binaries, 0 generals, 0 SOSs, and 149 indicators.
Presolve time = 1.34 sec. (1105.67 ticks)
Elapsed time = 19.20 sec. (10000.59 ticks) for 3% of probing (1898 vars fixed)
Elapsed time = 36.24 sec. (20002.61 ticks) for 5% of probing (3348 vars fixed)
Elapsed time = 53.63 sec. (30002.78 ticks) for 7% of probing (4347 vars fixed)
Elapsed time = 70.27 sec. (40003.10 ticks) for 9% of probing (5377 vars fixed)
Elapsed time = 87.72 sec. (50003.15 ticks) for 12% of probing (6417 vars fixed)
Elapsed time = 104.88 sec. (60004.65 ticks) for 14% of probing (7314 vars fixed)
Elapsed time = 123.01 sec. (70004.76 ticks) for 18% of probing (10114 vars fixed)
Elapsed time = 138.19 sec. (80005.01 ticks) for 30% of probing (10114 vars fixed)
Probing fixed 10114 vars, tightened 150 bounds.
Probing time = 142.46 sec. (81848.48 ticks)
Tried aggregator 2 times.
Detecting symmetries...
MIP Presolve eliminated 12492 rows and 12163 columns.
MIP Presolve modified 3401 coefficients.
Aggregator did 63 substitutions.
Reduced MIP has 174749 rows, 171719 columns, and 716516 nonzeros.
Reduced MIP has 171719 binaries, 0 generals, 0 SOSs, and 0 indicators.
Presolve time = 1.68 sec. (1261.58 ticks)
Probing time = 0.13 sec. (53.59 ticks)
Clique table members: 522282.
MIP emphasis: balance optimality and feasibility.
MIP search method: dynamic search.
Parallel mode: none, using 1 thread.
Root relaxation solution time = 750.38 sec. (540390.23 ticks)

        Nodes                                         Cuts/
   Node  Left     Objective  IInf  Best Integer    Best Bound    ItCnt     Gap

      0     0  -1.00000e+37     0                      0.0000   160607         

Root node processing (before b&c):
  Real time             =  900.14 sec. (627495.88 ticks)
Sequential b&c:
  Real time             =    0.00 sec. (0.00 ticks)
                          ------------
Total (root+branch&cut) =  900.14 sec. (627495.88 ticks)
MIP: [1;32mCPLEX finished.[0m
MIP: [1;32mCPLEX status: Unknown[0m
MIP: [1;32mNo feasible solution exits[0m
