ifile	/scratch/csagturk/mlbppo_inst/n0050_m05_p100__037.inst
prob	NFMLBPPO
threads	1
ttime	900
instance: /scratch/csagturk/mlbppo_inst/n0050_m05_p100__037.inst
	m=5, n=[50, 38, 29, 28, 29, 36], #pos=50
MIP: [1;32minit CPLEX[0m
CAN: [1;35mcreated 5670 x_{ijk} variables[0m
CAN: [1;35mcreated 210 y_{ij} variables[0m
CAN: [1;35mcreated 10500 f_{ijkh} variables[0m
MIP: [1;32mcreated decision variables[0m
CAN: [1;35madded 50 constraints to enforce the packing of each item[0m
CAN: [1;35madded 124 constraints to enforce the packing of each item[0m
CAN: [1;35madded 160 capacity constraints[0m
MIP: [1;32mcreated constraints[0m
MIP: [1;32mcreated objective function[0m
MIP: [1;32mcalling CPLEX solve ...[0m
Version identifier: 22.1.0.0 | 2022-03-09 | 1a383f8ce
CPXPARAM_Threads                                 1
CPXPARAM_TimeLimit                               900
Tried aggregator 2 times.
MIP Presolve eliminated 53648 rows and 54570 columns.
MIP Presolve added 4 rows and 0 columns.
MIP Presolve modified 4009 coefficients.
Aggregator did 562 substitutions.
Reduced MIP has 240598 rows, 237238 columns, and 914341 nonzeros.
Reduced MIP has 236866 binaries, 0 generals, 0 SOSs, and 245 indicators.
Presolve time = 1.61 sec. (1352.52 ticks)
Elapsed time = 19.80 sec. (10000.43 ticks) for 4% of probing (2785 vars fixed)
Elapsed time = 36.03 sec. (20000.55 ticks) for 8% of probing (3653 vars fixed)
Elapsed time = 52.47 sec. (30000.67 ticks) for 14% of probing (4632 vars fixed)
Elapsed time = 69.97 sec. (40000.84 ticks) for 22% of probing (4632 vars fixed)
Probing fixed 4632 vars, tightened 248 bounds.
Probing time = 83.51 sec. (47677.61 ticks)
Tried aggregator 2 times.
Detecting symmetries...
MIP Presolve eliminated 7057 rows and 6971 columns.
MIP Presolve modified 124 coefficients.
Aggregator did 22 substitutions.
Reduced MIP has 233643 rows, 230245 columns, and 887034 nonzeros.
Reduced MIP has 230245 binaries, 0 generals, 0 SOSs, and 0 indicators.
Presolve time = 2.17 sec. (1512.38 ticks)
Probing time = 0.21 sec. (72.83 ticks)
Clique table members: 642186.
MIP emphasis: balance optimality and feasibility.
MIP search method: dynamic search.
Parallel mode: none, using 1 thread.
Root relaxation solution time = 807.62 sec. (404203.30 ticks)

        Nodes                                         Cuts/
   Node  Left     Objective  IInf  Best Integer    Best Bound    ItCnt     Gap

      0     0  -1.00000e+37     0                      0.0000   135716         

Root node processing (before b&c):
  Real time             =  900.20 sec. (458057.82 ticks)
Sequential b&c:
  Real time             =    0.00 sec. (0.00 ticks)
                          ------------
Total (root+branch&cut) =  900.20 sec. (458057.82 ticks)
MIP: [1;32mCPLEX finished.[0m
MIP: [1;32mCPLEX status: Unknown[0m
MIP: [1;32mNo feasible solution exits[0m
