ifile	/scratch/csagturk/mlbp_inst/n0020_m03__063.inst
prob	TNFMLBP
threads	1
ttime	900
instance: /scratch/csagturk/mlbp_inst/n0020_m03__063.inst
	m=3, n=[20, 14, 13, 9]
MIP: [1;32minit CPLEX[0m
CAN: [1;35mcreated 579 x_{ijk} and f_{ijk} variables[0m
CAN: [1;35mcreated 56 y_{ij} variables[0m
MIP: [1;32mcreated decision variables[0m
MIP: [1;32mcreated constraints[0m
MIP: [1;32mcreated objective function[0m
MIP: [1;32mcalling CPLEX solve ...[0m
Version identifier: 22.1.0.0 | 2022-03-09 | 1a383f8ce
CPXPARAM_Threads                                 1
CPXPARAM_TimeLimit                               900
Tried aggregator 3 times.
MIP Presolve eliminated 21 rows and 642 columns.
MIP Presolve modified 230 coefficients.
Aggregator did 108 substitutions.
Reduced MIP has 245 rows, 714 columns, and 1419 nonzeros.
Reduced MIP has 633 binaries, 0 generals, 0 SOSs, and 36 indicators.
Presolve time = 0.01 sec. (5.11 ticks)
Found incumbent of value 24540.000000 after 0.01 sec. (7.81 ticks)
Probing fixed 0 vars, tightened 37 bounds.
Probing changed sense of 27 constraints.
Probing time = 0.00 sec. (1.89 ticks)
Tried aggregator 1 time.
MIP Presolve eliminated 162 rows and 189 columns.
Reduced MIP has 83 rows, 525 columns, and 1041 nonzeros.
Reduced MIP has 525 binaries, 0 generals, 0 SOSs, and 0 indicators.
Presolve time = 0.00 sec. (1.49 ticks)
Probing time = 0.00 sec. (0.75 ticks)
Tried aggregator 1 time.
Detecting symmetries...
Reduced MIP has 83 rows, 525 columns, and 1041 nonzeros.
Reduced MIP has 525 binaries, 0 generals, 0 SOSs, and 0 indicators.
Presolve time = 0.00 sec. (1.08 ticks)
Probing time = 0.00 sec. (0.75 ticks)
Clique table members: 279.
MIP emphasis: balance optimality and feasibility.
MIP search method: dynamic search.
Parallel mode: none, using 1 thread.
Root relaxation solution time = 0.00 sec. (1.51 ticks)

        Nodes                                         Cuts/
   Node  Left     Objective  IInf  Best Integer    Best Bound    ItCnt     Gap

*     0+    0                        24540.0000        0.0000           100.00%
      0     0    13233.4293    31    24540.0000    13233.4293      224   46.07%
      0     0    13440.8305    51    24540.0000      Cuts: 53      382   45.23%
      0     0    13482.6341    56    24540.0000      Cuts: 58      499   45.06%
      0     0    13507.5704    60    24540.0000      Cuts: 35      605   44.96%
      0     0    13526.5554    60    24540.0000      Cuts: 40      699   44.88%
      0     0    13588.1049    73    24540.0000      Cuts: 33      799   44.63%
*     0+    0                        16835.0000    13588.1049            19.29%
      0     0    13649.4483    52    16835.0000      Cuts: 34      917   18.92%
      0     0    13654.3520    55    16835.0000      Cuts: 22     1011   18.89%
*     0+    0                        14452.0000    13654.3520             5.52%
      0     0    13665.7655    69    14452.0000      Cuts: 23     1062    5.44%
      0     0    13678.7351    77    14452.0000      Cuts: 24     1094    5.35%
      0     0    13682.1549    76    14452.0000      Cuts: 25     1122    5.33%
      0     0    13689.4156    88    14452.0000      Cuts: 29     1144    5.28%
      0     0    13697.9503    83    14452.0000      Cuts: 28     1219    5.22%
      0     0    13702.0599    86    14452.0000      Cuts: 29     1306    5.19%
      0     0    13705.8954    85    14452.0000      Cuts: 26     1387    5.16%
      0     0    13707.3500    84    14452.0000      Cuts: 24     1417    5.15%
      0     0    13707.5455    88    14452.0000      Cuts: 24     1478    5.15%
*     0+    0                        14436.0000    13707.5455             5.05%
      0     2    13707.5455    64    14436.0000    13714.3636     1478    5.00%
Elapsed time = 0.14 sec. (108.61 ticks, tree = 0.01 MB, solutions = 4)
*    82    43      integral     0    13954.0000    13731.2538     2776    1.60%
*   182+   97                        13938.0000    13761.3326             1.27%
    410   224    13837.3773    74    13938.0000    13788.5053    11075    1.07%
    726   367    13932.8511    31    13938.0000    13806.4000    20219    0.94%
   1095   361        cutoff          13938.0000    13846.4809    28835    0.66%
   1476   391    13916.3333     9    13938.0000    13870.3333    37951    0.49%

Performing restart 1

Repeating presolve.
Tried aggregator 2 times.
MIP Presolve eliminated 0 rows and 83 columns.
MIP Presolve modified 507 coefficients.
Aggregator did 1 substitutions.
Reduced MIP has 82 rows, 441 columns, and 875 nonzeros.
Reduced MIP has 441 binaries, 0 generals, 0 SOSs, and 0 indicators.
Presolve time = 0.01 sec. (3.85 ticks)
Tried aggregator 1 time.
MIP Presolve modified 196 coefficients.
Reduced MIP has 82 rows, 441 columns, and 875 nonzeros.
Reduced MIP has 441 binaries, 0 generals, 0 SOSs, and 0 indicators.
Presolve time = 0.01 sec. (2.52 ticks)
Represolve time = 0.02 sec. (11.82 ticks)
   1928     0    13764.7697    84    13938.0000      Cuts: 10    44203    0.49%
   1928     0    13769.9894    78    13938.0000      Cuts: 23    44271    0.49%
   1928     0    13779.3166    88    13938.0000      Cuts: 26    44311    0.49%
   1928     0    13826.1168    84    13938.0000      Cuts: 21    44454    0.49%
   1928     0    13829.4931    92    13938.0000      Cuts: 27    44521    0.49%
   1928     0    13830.0210    70    13938.0000      Cuts: 11    44577    0.49%
   1928     0    13831.1753    90    13938.0000      Cuts: 24    44639    0.49%
   1928     0    13831.6895    88    13938.0000      Cuts: 15    44659    0.49%
   1928     2    13833.2727    64    13938.0000    13870.3333    44659    0.49%

Clique cuts applied:  10
Cover cuts applied:  41
Flow cuts applied:  2
Mixed integer rounding cuts applied:  26
Zero-half cuts applied:  6
Gomory fractional cuts applied:  3

Root node processing (before b&c):
  Real time             =    0.14 sec. (108.68 ticks)
Sequential b&c:
  Real time             =    1.26 sec. (1427.50 ticks)
                          ------------
Total (root+branch&cut) =    1.40 sec. (1536.19 ticks)
MIP: [1;32mCPLEX finished.[0m
MIP: [1;32mCPLEX status: Optimal[0m
MIP: [1;32mSolution: 
[4, 7, 13, 0, 1, 0, 8, 1, 12, 8, 12, 12, 7, 9, 10, 0, 3, 9, 13, 13][0, 4, -1, 4, 5, -1, -1, 0, 10, 10, 1, -1, 11, 2][8, 8, 6, -1, 1, 6, -1, -1, -1, -1, 0, 6, -1][0m
MIP: [1;32mObjective value: 13938[0m
MIP: [1;32mLower Bound: 13938[0m
MIP: [1;32mBranch-and-Bound nodes: 1956[0m

# best solution:
best objective value:	13938
best dual bound value:	13938
optimality gap:	0%
CPU time:	1.37959
