ifile	/scratch/csagturk/mlbp_inst/n0030_m03__052.inst
prob	TNFMLBP
threads	1
ttime	900
instance: /scratch/csagturk/mlbp_inst/n0030_m03__052.inst
	m=3, n=[30, 16, 10, 7]
MIP: [1;32minit CPLEX[0m
CAN: [1;35mcreated 710 x_{ijk} and f_{ijk} variables[0m
CAN: [1;35mcreated 63 y_{ij} variables[0m
MIP: [1;32mcreated decision variables[0m
MIP: [1;32mcreated constraints[0m
MIP: [1;32mcreated objective function[0m
MIP: [1;32mcalling CPLEX solve ...[0m
Version identifier: 22.1.0.0 | 2022-03-09 | 1a383f8ce
CPXPARAM_Threads                                 1
CPXPARAM_TimeLimit                               900
Tried aggregator 3 times.
MIP Presolve eliminated 31 rows and 787 columns.
MIP Presolve modified 106 coefficients.
Aggregator did 104 substitutions.
Reduced MIP has 245 rows, 822 columns, and 1637 nonzeros.
Reduced MIP has 744 binaries, 0 generals, 0 SOSs, and 37 indicators.
Presolve time = 0.01 sec. (5.96 ticks)
Found incumbent of value 22631.000000 after 0.01 sec. (9.06 ticks)
Probing fixed 0 vars, tightened 28 bounds.
Probing changed sense of 26 constraints.
Probing time = 0.00 sec. (2.16 ticks)
Tried aggregator 1 time.
MIP Presolve eliminated 156 rows and 182 columns.
Reduced MIP has 89 rows, 640 columns, and 1273 nonzeros.
Reduced MIP has 640 binaries, 0 generals, 0 SOSs, and 0 indicators.
Presolve time = 0.00 sec. (1.62 ticks)
Probing time = 0.00 sec. (1.00 ticks)
Tried aggregator 1 time.
Detecting symmetries...
Reduced MIP has 89 rows, 640 columns, and 1273 nonzeros.
Reduced MIP has 640 binaries, 0 generals, 0 SOSs, and 0 indicators.
Presolve time = 0.00 sec. (1.26 ticks)
Probing time = 0.00 sec. (1.00 ticks)
Clique table members: 501.
MIP emphasis: balance optimality and feasibility.
MIP search method: dynamic search.
Parallel mode: none, using 1 thread.
Root relaxation solution time = 0.00 sec. (1.69 ticks)

        Nodes                                         Cuts/
   Node  Left     Objective  IInf  Best Integer    Best Bound    ItCnt     Gap

*     0+    0                        22631.0000        0.0000           100.00%
      0     0    15945.0017    43    22631.0000    15945.0017      190   29.54%
      0     0    16293.9707    68    22631.0000      Cuts: 72      316   28.00%
      0     0    16333.1116    84    22631.0000      Cuts: 70      417   27.83%
*     0+    0                        20283.0000    16333.1116            19.47%
      0     0    16369.8088    82    20283.0000      Cuts: 41      549   19.29%
      0     0    16386.4156    77    20283.0000      Cuts: 56      647   19.21%
      0     0    16395.5137    81    20283.0000      Cuts: 46      738   19.17%
      0     0    16406.6060    74    20283.0000      Cuts: 54      845   19.11%
      0     0    16418.5727    93    20283.0000      Cuts: 36      944   19.05%
      0     0    16420.2770   101    20283.0000      Cuts: 37     1042   19.04%
      0     0    16435.7242   100    20283.0000      Cuts: 37     1115   18.97%
      0     0    16439.5625   109    20283.0000      Cuts: 26     1174   18.95%
      0     0    16443.7603    94    20283.0000      Cuts: 35     1248   18.93%
      0     0    16444.5275    99    20283.0000      Cuts: 31     1318   18.92%
      0     0    16449.8227   104    20283.0000      Cuts: 17     1360   18.90%
*     0+    0                        20238.0000    16449.8227            18.72%
      0     0    16451.0526   100    20238.0000      Cuts: 35     1426   18.71%
*     0+    0                        17537.0000    16451.0526             6.19%
      0     2    16451.0526    93    17537.0000    16451.0526     1426    6.19%
Elapsed time = 0.15 sec. (136.55 ticks, tree = 0.01 MB, solutions = 4)
*    10+   10                        17492.0000    16451.0526             5.95%
*   100+   81                        17214.0000    16451.0526             4.43%
*   200+  169                        17176.0000    16451.0526             4.22%
*   418   340      integral     0    17078.0000    16451.1754     6475    3.67%
*   518+  424                        17072.0000    16451.1754             3.64%
    518   426    16820.3023    45    17072.0000    16451.1754     8127    3.64%
*   630+  480                        16925.0000    16451.1754             2.80%
    737   575    16493.4676    91    16925.0000    16451.4745    11367    2.80%

Performing restart 1

Repeating presolve.
Tried aggregator 1 time.
MIP Presolve eliminated 0 rows and 3 columns.
MIP Presolve modified 320 coefficients.
Reduced MIP has 89 rows, 637 columns, and 1267 nonzeros.
Reduced MIP has 637 binaries, 0 generals, 0 SOSs, and 0 indicators.
Presolve time = 0.01 sec. (2.82 ticks)
Tried aggregator 1 time.
MIP Presolve modified 186 coefficients.
Reduced MIP has 89 rows, 637 columns, and 1267 nonzeros.
Reduced MIP has 637 binaries, 0 generals, 0 SOSs, and 0 indicators.
Presolve time = 0.00 sec. (2.75 ticks)
Represolve time = 0.02 sec. (12.84 ticks)
    740     0    16424.7785   109    16925.0000      Cuts: 38    12113    2.80%
    740     0    16434.9753   102    16925.0000      Cuts: 62    12243    2.80%
    740     0    16445.0152   110    16925.0000      Cuts: 53    12401    2.80%
    740     0    16451.9085   110    16925.0000      Cuts: 60    12519    2.80%
    740     0    16455.3694   109    16925.0000      Cuts: 61    12646    2.77%
    740     0    16457.8102   123    16925.0000      Cuts: 55    12771    2.76%
    740     0    16460.4187   113    16925.0000      Cuts: 38    12835    2.74%
    740     0    16462.4418   111    16925.0000      Cuts: 33    12897    2.73%
    740     0    16464.6976   116    16925.0000      Cuts: 44    12969    2.72%
    740     0    16466.4159   106    16925.0000      Cuts: 58    13046    2.71%
    740     0    16467.5762   107    16925.0000      Cuts: 50    13157    2.70%
    740     0    16467.9410   119    16925.0000      Cuts: 40    13267    2.70%
    740     0    16468.0520   122    16925.0000      Cuts: 29    13342    2.70%
    740     0    16468.2214   126    16925.0000      Cuts: 30    13437    2.70%
    740     0    16468.2513   110    16925.0000      Cuts: 27    13585    2.70%
    740     0    16468.4784   111    16925.0000      Cuts: 43    13655    2.70%
    740     0    16468.4938   117    16925.0000      Cuts: 27    13720    2.70%
    740     2    16468.4938   108    16925.0000    16468.5364    13720    2.70%
    766    22    16643.5840    99    16925.0000    16512.8621    14895    2.44%
    841    64    16615.3178    88    16925.0000    16557.6585    16955    2.17%
    979   150    16635.9422    85    16925.0000    16609.7835    20914    1.86%
*  1089   185      integral     0    16887.0000    16621.8015    22750    1.57%
   1156   210    16778.6857   100    16887.0000    16642.6068    24614    1.45%
   1338   297    16721.2546    83    16887.0000    16674.4041    28491    1.26%
   1461   332    16827.0917    83    16887.0000    16690.6855    32987    1.16%
*  1770+  353                        16874.0000    16747.0667             0.75%
   2150   608    16847.1410    80    16874.0000    16754.6162    49724    0.71%
Elapsed time = 2.81 sec. (3501.28 ticks, tree = 0.63 MB, solutions = 12)
*  2330+  587                        16858.0000    16761.6667             0.57%
*  2390+  287                        16845.0000    16765.3503             0.47%
   2648   200    16819.0000    17    16845.0000    16819.0000    67310    0.15%
*  2709     1      integral     0    16819.0000    16819.0000    68072    0.00%

Clique cuts applied:  25
Cover cuts applied:  124
Flow cuts applied:  7
Mixed integer rounding cuts applied:  82
Zero-half cuts applied:  28
Gomory fractional cuts applied:  5

Root node processing (before b&c):
  Real time             =    0.15 sec. (136.75 ticks)
Sequential b&c:
  Real time             =    3.44 sec. (4363.16 ticks)
                          ------------
Total (root+branch&cut) =    3.59 sec. (4499.91 ticks)
MIP: [1;32mCPLEX finished.[0m
MIP: [1;32mCPLEX status: Optimal[0m
MIP: [1;32mSolution: 
[10, 12, 2, 7, 0, 9, 13, 2, 14, 0, 13, 9, 14, 15, 12, 15, 3, 3, 4, 1, 13, 7, 6, 12, 7, 0, 1, 0, 10, 0][7, 2, 1, 4, 4, -1, 0, 9, -1, 0, 9, -1, 1, 5, 2, 8][4, 6, 5, -1, 1, 6, -1, 4, 4, 5][0m
MIP: [1;32mObjective value: 16819[0m
MIP: [1;32mLower Bound: 16819[0m
MIP: [1;32mBranch-and-Bound nodes: 2710[0m

# best solution:
best objective value:	16819
best dual bound value:	16819
optimality gap:	0%
CPU time:	3.54558
