ifile	/scratch/csagturk/mlbp_inst/n0030_m04__086.inst
prob	TNFMLBP
threads	1
ttime	900
instance: /scratch/csagturk/mlbp_inst/n0030_m04__086.inst
	m=4, n=[30, 19, 16, 14, 10]
MIP: [1;32minit CPLEX[0m
CAN: [1;35mcreated 1238 x_{ijk} and f_{ijk} variables[0m
CAN: [1;35mcreated 89 y_{ij} variables[0m
MIP: [1;32mcreated decision variables[0m
MIP: [1;32mcreated constraints[0m
MIP: [1;32mcreated objective function[0m
MIP: [1;32mcalling CPLEX solve ...[0m
Version identifier: 22.1.0.0 | 2022-03-09 | 1a383f8ce
CPXPARAM_Threads                                 1
CPXPARAM_TimeLimit                               900
Tried aggregator 4 times.
MIP Presolve eliminated 31 rows and 1461 columns.
MIP Presolve modified 224 coefficients.
Aggregator did 198 substitutions.
Reduced MIP has 432 rows, 1366 columns, and 2726 nonzeros.
Reduced MIP has 1221 binaries, 0 generals, 0 SOSs, and 77 indicators.
Presolve time = 0.01 sec. (11.27 ticks)
Found incumbent of value 46885.000000 after 0.02 sec. (18.34 ticks)
Probing fixed 0 vars, tightened 47 bounds.
Probing changed sense of 53 constraints.
Probing time = 0.01 sec. (4.20 ticks)
Tried aggregator 1 time.
MIP Presolve eliminated 296 rows and 343 columns.
Reduced MIP has 136 rows, 1023 columns, and 2036 nonzeros.
Reduced MIP has 1023 binaries, 0 generals, 0 SOSs, and 0 indicators.
Presolve time = 0.00 sec. (2.53 ticks)
Probing time = 0.00 sec. (1.72 ticks)
Tried aggregator 1 time.
Detecting symmetries...
Reduced MIP has 136 rows, 1023 columns, and 2036 nonzeros.
Reduced MIP has 1023 binaries, 0 generals, 0 SOSs, and 0 indicators.
Presolve time = 0.00 sec. (1.92 ticks)
Probing time = 0.00 sec. (1.72 ticks)
Clique table members: 863.
MIP emphasis: balance optimality and feasibility.
MIP search method: dynamic search.
Parallel mode: none, using 1 thread.
Root relaxation solution time = 0.00 sec. (3.46 ticks)

        Nodes                                         Cuts/
   Node  Left     Objective  IInf  Best Integer    Best Bound    ItCnt     Gap

*     0+    0                        46885.0000        0.0000           100.00%
      0     0    19706.6639    42    46885.0000    19706.6639      322   57.97%
      0     0    19898.3502    69    46885.0000      Cuts: 83      481   57.56%
      0     0    20103.4987    87    46885.0000      Cuts: 91      691   57.12%
*     0+    0                        27950.0000    20103.4987            28.07%
      0     0    20250.2272    79    27950.0000      Cuts: 59      818   27.55%
      0     0    20428.6360   102    27950.0000      Cuts: 57      968   26.91%
      0     0    20558.4713   114    27950.0000      Cuts: 67     1105   26.45%
      0     0    20619.5283   118    27950.0000      Cuts: 70     1265   26.23%
      0     0    20692.3397   102    27950.0000      Cuts: 51     1384   25.97%
      0     0    20726.3262   111    27950.0000      Cuts: 43     1486   25.84%
      0     0    20755.5278   132    27950.0000      Cuts: 34     1580   25.74%
      0     0    20771.5989   116    27950.0000      Cuts: 37     1678   25.68%
*     0+    0                        26462.0000    20771.5989            21.50%
      0     0    20793.0995   119    26462.0000      Cuts: 39     1792   21.42%
      0     0    20803.4264   127    26462.0000      Cuts: 42     1909   21.38%
      0     0    20818.4460   121    26462.0000      Cuts: 45     2091   21.33%
      0     0    20822.5944   127    26462.0000      Cuts: 42     2198   21.31%
*     0+    0                        22528.0000    20822.5944             7.57%
      0     0    20831.0236   115    22528.0000      Cuts: 35     2273    7.53%
      0     0    20835.6778   131    22528.0000      Cuts: 36     2398    7.51%
      0     0    20851.6960   136    22528.0000      Cuts: 42     2498    7.44%
      0     0    20856.9833   123    22528.0000      Cuts: 40     2608    7.42%
      0     0    20866.9737   132    22528.0000      Cuts: 28     2689    7.37%
      0     0    20876.0494   112    22528.0000      Cuts: 24     2751    7.33%
      0     0    20877.7025   124    22528.0000      Cuts: 29     2793    7.33%
      0     0    20881.4563   103    22528.0000      Cuts: 22     2891    7.31%
*     0+    0                        22167.0000    20881.4563             5.80%
*     0+    0                        22154.0000    20881.4563             5.74%
*     0+    0                        22076.0000    20881.4563             5.41%
*     0+    0                        22052.0000    20881.4563             5.31%
      0     0  -1.00000e+75     0    22052.0000    20881.4563     2891    5.31%
      0     2    20881.4563   100    22052.0000    20881.5155     2891    5.31%
Elapsed time = 0.43 sec. (417.20 ticks, tree = 0.01 MB, solutions = 8)
    222   208    20961.4772    94    22052.0000    20896.2684     8108    5.24%
    454   401    21209.0412    94    22052.0000    20912.2511    13385    5.17%

Performing restart 1

Repeating presolve.
Tried aggregator 1 time.
MIP Presolve eliminated 0 rows and 1 columns.
MIP Presolve modified 593 coefficients.
Reduced MIP has 136 rows, 1022 columns, and 2035 nonzeros.
Reduced MIP has 1022 binaries, 0 generals, 0 SOSs, and 0 indicators.
Presolve time = 0.01 sec. (6.71 ticks)
Tried aggregator 1 time.
MIP Presolve modified 210 coefficients.
Reduced MIP has 136 rows, 1022 columns, and 2035 nonzeros.
Reduced MIP has 1022 binaries, 0 generals, 0 SOSs, and 0 indicators.
Presolve time = 0.01 sec. (5.89 ticks)
Represolve time = 0.04 sec. (23.96 ticks)
    498     0    20881.6204   109    22052.0000      Cuts: 60    15390    5.16%
    498     0    20882.6479   114    22052.0000      Cuts: 41    15462    5.16%
    498     0    20882.8789   141    22052.0000      Cuts: 35    15542    5.16%
    498     0    20883.4504   127    22052.0000      Cuts: 21    15593    5.16%
    498     0    20883.5188   129    22052.0000      Cuts: 37    15702    5.16%
    498     0    20884.1500   102    22052.0000      Cuts: 48    15830    5.16%
    498     0    20912.8618   114    22052.0000      Cuts: 35    16031    5.16%
    498     0    20923.1036   124    22052.0000      Cuts: 48    16139    5.12%
    498     0    20926.6710   117    22052.0000      Cuts: 46    16208    5.10%
    498     0    20928.6950   115    22052.0000      Cuts: 51    16340    5.09%
    498     0    20931.0576   149    22052.0000      Cuts: 50    16425    5.08%
    498     0    20936.2540   117    22052.0000      Cuts: 45    16538    5.06%
    498     0    20937.2882   133    22052.0000      Cuts: 34    16657    5.05%
    498     0    20938.6494   111    22052.0000      Cuts: 49    16754    5.05%
    498     0    20943.2315   113    22052.0000      Cuts: 25    16855    5.03%
    498     0    20944.7443   105    22052.0000      Cuts: 30    16918    5.02%
    498     0    20945.4052   109    22052.0000      Cuts: 44    17126    5.02%
*   498+    0                        21386.0000    20945.4052             2.06%
    498     2    20945.4052    99    21386.0000    20945.7598    17126    2.06%
    509    13    21055.4148    99    21386.0000    20948.1193    17627    2.05%
    531    22    21037.6486   100    21386.0000    20953.8122    18578    2.02%
    620    94    21226.0000    19    21386.0000    20972.3169    20151    1.93%
    705   158    21256.8452    92    21386.0000    21005.8332    23306    1.78%
    775   210    21302.6500    71    21386.0000    21013.8245    26170    1.74%
    865   268    21161.9857   100    21386.0000    21037.3584    29221    1.63%
   1347   615    21466.8076    89    21386.0000    21100.4176    44595    1.34%
Elapsed time = 3.27 sec. (4108.47 ticks, tree = 0.50 MB, solutions = 9)
   1725   875    21246.0490    87    21386.0000    21118.3780    59395    1.25%
   2100  1114    21365.8181    68    21386.0000    21140.0714    72429    1.15%
*  2548+ 1102                        21328.0000    21158.4577             0.79%
   2567  1116    21217.6706    75    21328.0000    21158.7851    88485    0.79%
   2910  1266    21238.1141    77    21328.0000    21170.1729   107056    0.74%
*  2966  1075      integral     0    21302.0000    21170.1729   108288    0.62%
   3194  1107    21268.2970    53    21302.0000    21187.3008   122971    0.54%
*  3458+  227                        21225.0000    21191.6667             0.16%
   3712    56    21216.6667    30    21225.0000    21216.6667   142409    0.04%

Clique cuts applied:  22
Cover cuts applied:  134
Flow cuts applied:  8
Mixed integer rounding cuts applied:  150
Zero-half cuts applied:  48
Lift and project cuts applied:  2
Gomory fractional cuts applied:  8

Root node processing (before b&c):
  Real time             =    0.43 sec. (417.46 ticks)
Sequential b&c:
  Real time             =    7.15 sec. (9533.03 ticks)
                          ------------
Total (root+branch&cut) =    7.59 sec. (9950.49 ticks)
MIP: [1;32mCPLEX finished.[0m
MIP: [1;32mCPLEX status: Optimal[0m
MIP: [1;32mSolution: 
[1, 15, 8, 16, 7, 7, 14, 16, 9, 11, 4, 11, 16, 17, 10, 15, 12, 4, 17, 10, 0, 17, 5, 10, 12, 8, 10, 13, 14, 13][14, 0, -1, -1, 0, 2, -1, 15, 15, 3, 14, 15, 12, 5, 10, 5, 2, 12, -1][11, -1, 10, 10, -1, 7, -1, -1, -1, -1, 13, -1, 13, -1, 11, 13][-1, -1, -1, -1, -1, -1, -1, 9, -1, -1, 8, 9, -1, 9][0m
MIP: [1;32mObjective value: 21225[0m
MIP: [1;32mLower Bound: 21223[0m
MIP: [1;32mBranch-and-Bound nodes: 3765[0m

# best solution:
best objective value:	21225
best dual bound value:	21225
optimality gap:	0%
CPU time:	7.55052
