ifile	/scratch/csagturk/mlbp_inst/n0030_m04__081.inst
prob	TNFMLBP
threads	1
ttime	900
instance: /scratch/csagturk/mlbp_inst/n0030_m04__081.inst
	m=4, n=[30, 17, 12, 12, 11]
MIP: [1;32minit CPLEX[0m
CAN: [1;35mcreated 990 x_{ijk} and f_{ijk} variables[0m
CAN: [1;35mcreated 82 y_{ij} variables[0m
MIP: [1;32mcreated decision variables[0m
MIP: [1;32mcreated constraints[0m
MIP: [1;32mcreated objective function[0m
MIP: [1;32mcalling CPLEX solve ...[0m
Version identifier: 22.1.0.0 | 2022-03-09 | 1a383f8ce
CPXPARAM_Threads                                 1
CPXPARAM_TimeLimit                               900
Tried aggregator 4 times.
MIP Presolve eliminated 31 rows and 1132 columns.
MIP Presolve modified 266 coefficients.
Aggregator did 164 substitutions.
Reduced MIP has 369 rows, 1146 columns, and 2281 nonzeros.
Reduced MIP has 1023 binaries, 0 generals, 0 SOSs, and 61 indicators.
Presolve time = 0.01 sec. (9.40 ticks)
Found incumbent of value 43347.000000 after 0.02 sec. (14.99 ticks)
Probing fixed 0 vars, tightened 50 bounds.
Probing changed sense of 41 constraints.
Probing time = 0.01 sec. (3.17 ticks)
Tried aggregator 1 time.
MIP Presolve eliminated 246 rows and 287 columns.
Reduced MIP has 123 rows, 859 columns, and 1707 nonzeros.
Reduced MIP has 859 binaries, 0 generals, 0 SOSs, and 0 indicators.
Presolve time = 0.00 sec. (2.13 ticks)
Probing time = 0.00 sec. (1.37 ticks)
Tried aggregator 1 time.
Detecting symmetries...
Reduced MIP has 123 rows, 859 columns, and 1707 nonzeros.
Reduced MIP has 859 binaries, 0 generals, 0 SOSs, and 0 indicators.
Presolve time = 0.00 sec. (1.60 ticks)
Probing time = 0.00 sec. (1.37 ticks)
Clique table members: 653.
MIP emphasis: balance optimality and feasibility.
MIP search method: dynamic search.
Parallel mode: none, using 1 thread.
Root relaxation solution time = 0.00 sec. (3.11 ticks)

        Nodes                                         Cuts/
   Node  Left     Objective  IInf  Best Integer    Best Bound    ItCnt     Gap

*     0+    0                        43347.0000        0.0000           100.00%
      0     0    21015.3910    41    43347.0000    21015.3910      338   51.52%
      0     0    21391.0287    72    43347.0000     Cuts: 107      509   50.65%
      0     0    21531.1965   102    43347.0000     Cuts: 102      688   50.33%
*     0+    0                        29514.0000    21531.1965            27.05%
      0     0    21565.5229   101    29514.0000      Cuts: 83      827   26.93%
      0     0    21638.1135   103    29514.0000      Cuts: 51      997   26.69%
      0     0    21706.7221    92    29514.0000      Cuts: 56     1177   26.45%
      0     0    21730.4095   100    29514.0000      Cuts: 55     1254   26.37%
      0     0    21733.0746   106    29514.0000      Cuts: 64     1329   26.36%
      0     0    21733.2697    96    29514.0000      Cuts: 47     1455   26.36%
      0     0    21735.5407   107    29514.0000      Cuts: 46     1562   26.36%
      0     0    21736.5415   117    29514.0000      Cuts: 51     1724   26.35%
      0     0    21738.3701    97    29514.0000      Cuts: 33     1833   26.35%
      0     0    21751.1930    97    29514.0000      Cuts: 61     1959   26.30%
      0     0    21751.2767   108    29514.0000      Cuts: 54     2069   26.30%
*     0+    0                        27062.0000    21751.2767            19.62%
      0     2    21751.2767    84    27062.0000    21752.3587     2069   19.62%
Elapsed time = 0.21 sec. (200.26 ticks, tree = 0.01 MB, solutions = 3)
*    10+   10                        23150.0000    21788.8096             5.88%
    412   376    22701.3883    39    23150.0000    21876.3129     6791    5.50%
    927   829    22170.0799    74    23150.0000    21914.0425    13594    5.34%

Performing restart 1

Repeating presolve.
Tried aggregator 1 time.
MIP Presolve modified 397 coefficients.
Reduced MIP has 123 rows, 859 columns, and 1707 nonzeros.
Reduced MIP has 859 binaries, 0 generals, 0 SOSs, and 0 indicators.
Presolve time = 0.01 sec. (3.77 ticks)
Tried aggregator 1 time.
MIP Presolve modified 145 coefficients.
Reduced MIP has 123 rows, 859 columns, and 1707 nonzeros.
Reduced MIP has 859 binaries, 0 generals, 0 SOSs, and 0 indicators.
Presolve time = 0.01 sec. (3.22 ticks)
Represolve time = 0.03 sec. (15.83 ticks)
    972     0    21737.7394   149    23150.0000      Cuts: 79    15411    5.33%
    972     0    21811.2030   143    23150.0000      Cuts: 74    15575    5.33%
    972     0    21818.1370   117    23150.0000      Cuts: 83    15683    5.33%
    972     0    21846.5441   110    23150.0000      Cuts: 45    15835    5.33%
    972     0    21895.0378   104    23150.0000      Cuts: 48    16025    5.33%
    972     0    21900.2917   117    23150.0000      Cuts: 56    16143    5.33%
    972     0    21908.0023   103    23150.0000      Cuts: 53    16214    5.33%
    972     0    21911.7935   104    23150.0000      Cuts: 37    16272    5.33%
    972     0    21913.8165    97    23150.0000      Cuts: 37    16348    5.33%
    972     0    21914.9556    92    23150.0000      Cuts: 38    16505    5.33%
    972     0    21917.2539   101    23150.0000      Cuts: 34    16585    5.33%
    972     0    21917.9253   100    23150.0000      Cuts: 48    16673    5.32%
    972     0    21920.9982    91    23150.0000      Cuts: 42    16747    5.31%
    972     0    21921.5173    99    23150.0000      Cuts: 27    16800    5.31%
    972     0    21923.7552   104    23150.0000      Cuts: 31    16903    5.30%
    972     0    21923.9097   120    23150.0000      Cuts: 40    17030    5.30%
*   972+    0                        22758.0000    21923.9097             3.67%
    972     0  -1.00000e+75     0    22758.0000    21923.9097    17030    3.67%
    972     0    21924.1985   101    22758.0000      Cuts: 22    17091    3.66%
    972     0    21924.5148   115    22758.0000      Cuts: 44    17178    3.66%
    972     0    21924.5387   101    22758.0000      Cuts: 32    17245    3.66%
    972     2    21924.5387    93    22758.0000    21924.9203    17245    3.66%
    984    14    21972.2898    93    22758.0000    21945.8793    18156    3.57%
   1032    59    22518.8909    40    22758.0000    21945.8793    19578    3.57%
   1122   128    22629.7589    63    22758.0000    21961.1256    22544    3.50%
   1200   194    22620.0322    49    22758.0000    21965.2104    26046    3.48%
   1317   288    22556.8822    94    22758.0000    22003.6793    28309    3.31%
   1410   359    22545.0266    60    22758.0000    22011.0077    31235    3.28%
   1974   808    22474.5856    69    22758.0000    22145.3467    44958    2.69%
Elapsed time = 2.99 sec. (3854.36 ticks, tree = 1.15 MB, solutions = 5)
   2357  1040    22501.5882    47    22758.0000    22197.7304    59563    2.46%
   2874  1401    22651.5879   110    22758.0000    22267.8854    74943    2.15%
   3288  1676    22407.0274    97    22758.0000    22296.8519    87733    2.03%
   3801  2066    22358.6670    86    22758.0000    22315.6808   101456    1.94%
   4455  2606    22376.0294   106    22758.0000    22330.5495   117289    1.88%
   5016  3022        cutoff          22758.0000    22338.2290   134070    1.84%
   5659  3519    22422.9032    74    22758.0000    22346.3950   151732    1.81%
*  5972+ 3735                        22752.0000    22349.9290             1.77%
   6172  3903    22443.1777    65    22752.0000    22352.5882   165854    1.76%
   6838  4420    22574.0971    88    22752.0000    22363.3620   181915    1.71%
   7424  4890    infeasible          22752.0000    22368.3913   197531    1.69%
Elapsed time = 10.07 sec. (13480.73 ticks, tree = 12.52 MB, solutions = 6)
   8114  5453    infeasible          22752.0000    22372.1079   213364    1.67%
   8923  6142    22645.0000    28    22752.0000    22373.2119   232103    1.66%
*  9042+ 1147                        22423.0000    22373.5603             0.22%
   9293  1117    22407.6246    81    22423.0000    22380.0855   245869    0.19%
   9835   764    22404.4144    88    22423.0000    22399.2500   261975    0.11%
* 10509     0      integral     0    22416.0000    22416.0000   277358    0.00%

Clique cuts applied:  46
Cover cuts applied:  230
Flow cuts applied:  5
Mixed integer rounding cuts applied:  107
Zero-half cuts applied:  34
Gomory fractional cuts applied:  8

Root node processing (before b&c):
  Real time             =    0.21 sec. (200.42 ticks)
Sequential b&c:
  Real time             =   13.27 sec. (17862.90 ticks)
                          ------------
Total (root+branch&cut) =   13.48 sec. (18063.32 ticks)
MIP: [1;32mCPLEX finished.[0m
MIP: [1;32mCPLEX status: Optimal[0m
MIP: [1;32mSolution: 
[11, 10, 0, 1, 7, 6, 4, 9, 5, 1, 7, 4, 16, 1, 16, 1, 11, 13, 5, 15, 16, 10, 6, 5, 9, 8, 8, 2, 8, 0][7, 3, 4, -1, 1, 3, 6, 7, 4, 8, 1, 2, -1, 6, -1, 8, 2][-1, 8, 2, 7, 11, -1, 8, 7, 0, -1, -1, -1][1, -1, 9, -1, -1, -1, -1, 9, 6, -1, -1, 6][0m
MIP: [1;32mObjective value: 22416[0m
MIP: [1;32mLower Bound: 22416[0m
MIP: [1;32mBranch-and-Bound nodes: 10510[0m

# best solution:
best objective value:	22416
best dual bound value:	22415
optimality gap:	0.0044611%
CPU time:	13.4089
