ifile	/scratch/csagturk/mlbp_inst/n0030_m04__021.inst
prob	TNFMLBP
threads	1
ttime	900
instance: /scratch/csagturk/mlbp_inst/n0030_m04__021.inst
	m=4, n=[30, 17, 11, 12, 10]
MIP: [1;32minit CPLEX[0m
CAN: [1;35mcreated 949 x_{ijk} and f_{ijk} variables[0m
CAN: [1;35mcreated 80 y_{ij} variables[0m
MIP: [1;32mcreated decision variables[0m
MIP: [1;32mcreated constraints[0m
MIP: [1;32mcreated objective function[0m
MIP: [1;32mcalling CPLEX solve ...[0m
Version identifier: 22.1.0.0 | 2022-03-09 | 1a383f8ce
CPXPARAM_Threads                                 1
CPXPARAM_TimeLimit                               900
Tried aggregator 4 times.
MIP Presolve eliminated 32 rows and 1057 columns.
MIP Presolve modified 242 coefficients.
Aggregator did 160 substitutions.
Reduced MIP has 359 rows, 1131 columns, and 2251 nonzeros.
Reduced MIP has 1011 binaries, 0 generals, 0 SOSs, and 64 indicators.
Presolve time = 0.01 sec. (8.93 ticks)
Found incumbent of value 44353.000000 after 0.07 sec. (16.31 ticks)
Probing fixed 0 vars, tightened 47 bounds.
Probing changed sense of 40 constraints.
Probing time = 0.01 sec. (3.17 ticks)
Tried aggregator 1 time.
MIP Presolve eliminated 240 rows and 289 columns.
Reduced MIP has 119 rows, 842 columns, and 1673 nonzeros.
Reduced MIP has 842 binaries, 0 generals, 0 SOSs, and 0 indicators.
Presolve time = 0.00 sec. (2.11 ticks)
Probing time = 0.00 sec. (1.30 ticks)
Tried aggregator 1 time.
Detecting symmetries...
MIP Presolve eliminated 1 rows and 1 columns.
MIP Presolve modified 13 coefficients.
Reduced MIP has 118 rows, 841 columns, and 1671 nonzeros.
Reduced MIP has 841 binaries, 0 generals, 0 SOSs, and 0 indicators.
Presolve time = 0.00 sec. (2.15 ticks)
Probing time = 0.00 sec. (1.30 ticks)
Clique table members: 689.
MIP emphasis: balance optimality and feasibility.
MIP search method: dynamic search.
Parallel mode: none, using 1 thread.
Root relaxation solution time = 0.00 sec. (2.52 ticks)

        Nodes                                         Cuts/
   Node  Left     Objective  IInf  Best Integer    Best Bound    ItCnt     Gap

*     0+    0                        44353.0000        0.0000           100.00%
      0     0    19686.1629    35    44353.0000    19686.1629      251   55.61%
      0     0    20173.7728    72    44353.0000      Cuts: 91      380   54.52%
      0     0    20243.2275    69    44353.0000      Cuts: 99      505   54.36%
      0     0    20305.5259    90    44353.0000      Cuts: 68      616   54.22%
      0     0    20343.6748    79    44353.0000      Cuts: 46      724   54.13%
      0     0    20368.3877    99    44353.0000      Cuts: 50      861   54.08%
      0     0    20375.9248    88    44353.0000      Cuts: 57      945   54.06%
      0     0    20405.9397    92    44353.0000      Cuts: 54     1026   53.99%
      0     0    20408.3058   101    44353.0000      Cuts: 56     1105   53.99%
      0     0    20408.3058   100    44353.0000      Cuts: 60     1194   53.99%
      0     0    20408.3058    80    44353.0000      Cuts: 24     1237   53.99%
      0     0    20417.1751   109    44353.0000      Cuts: 47     1346   53.97%
      0     0    20418.2684   127    44353.0000      Cuts: 65     1440   53.96%
*     0+    0                        26460.0000    20418.2684            22.83%
*     0+    0                        25541.0000    20418.2684            20.06%
*     0+    0                        24497.0000    20418.2684            16.65%
*     0+    0                        24118.0000    20418.2684            15.34%
      0     0  -1.00000e+75     0    24118.0000    20418.2684     1440   15.34%
      0     2    20418.2684    97    24118.0000    20419.0097     1440   15.34%
Elapsed time = 0.21 sec. (150.03 ticks, tree = 0.01 MB, solutions = 5)
*   130+  108                        24044.0000    20421.7715            15.06%
*   230+  190                        23629.0000    20445.7907            13.47%

Performing restart 1

Repeating presolve.
Tried aggregator 1 time.
MIP Presolve modified 350 coefficients.
Reduced MIP has 118 rows, 841 columns, and 1671 nonzeros.
Reduced MIP has 841 binaries, 0 generals, 0 SOSs, and 0 indicators.
Presolve time = 0.01 sec. (3.05 ticks)
Tried aggregator 1 time.
MIP Presolve modified 98 coefficients.
Reduced MIP has 118 rows, 841 columns, and 1671 nonzeros.
Reduced MIP has 841 binaries, 0 generals, 0 SOSs, and 0 indicators.
Presolve time = 0.01 sec. (2.79 ticks)
Represolve time = 0.02 sec. (13.68 ticks)
    503     0    20407.5324    64    23629.0000     Cuts: 105     7878   13.27%
    503     0    20460.3682   104    23629.0000      Cuts: 67     8030   13.27%
    503     0    20468.0591    95    23629.0000      Cuts: 71     8123   13.27%
    503     0    20473.2321    85    23629.0000      Cuts: 43     8219   13.27%
    503     0    20475.5551   113    23629.0000      Cuts: 57     8345   13.27%
    503     0    20478.2403   126    23629.0000      Cuts: 59     8461   13.27%
    503     0    20479.4870   119    23629.0000      Cuts: 62     8556   13.27%
    503     0    20481.9018   128    23629.0000      Cuts: 58     8682   13.27%
    503     0    20482.3262   113    23629.0000      Cuts: 62     8770   13.27%
    503     0    20482.3262   127    23629.0000      Cuts: 58     8874   13.27%
    503     0    20482.4378   112    23629.0000      Cuts: 21     8926   13.27%
    503     0    20482.6778   123    23629.0000      Cuts: 42     9004   13.27%
    503     0    20482.6778   113    23629.0000      Cuts: 35     9082   13.27%
    503     0    20483.7472   115    23629.0000      Cuts: 38     9187   13.27%
    503     2    20483.7472    92    23629.0000    20494.4089     9187   13.27%
    598    87    20586.9926    57    23629.0000    20522.0640    10315   13.15%
    739   215    20625.4169    79    23629.0000    20528.8452    12163   13.12%
    949   388    23541.6250    37    23629.0000    20538.4642    14396   13.08%
   1177   578    22871.0000    16    23629.0000    20613.7185    17719   12.76%
*  1183+  508                        22871.0000    20613.7185             9.87%
   1330   630    20650.3300   121    22871.0000    20632.6280    20913    9.79%
   1541   815    20997.5410    98    22871.0000    20652.9899    24744    9.70%
   1787  1026    20745.0076   110    22871.0000    20665.1502    29057    9.64%
   2030  1237    20843.4855   124    22871.0000    20666.2279    33064    9.64%
*  2603+  557                        21141.0000    20707.3338             2.05%
   2728   624    20793.6129    99    21141.0000    20725.5213    51172    1.97%
Elapsed time = 2.86 sec. (3732.17 ticks, tree = 0.68 MB, solutions = 9)
   3218   915    20909.7619    65    21141.0000    20754.8965    64666    1.83%
   3725  1252        cutoff          21141.0000    20767.0357    79348    1.77%
*  3763+  686                        20949.0000    20767.1457             0.87%
   4140   761    20874.9386    80    20949.0000    20796.4608    96073    0.73%
*  4384   623      integral     0    20941.0000    20812.7721   105273    0.61%
   4575   575    20938.6533   119    20941.0000    20835.8809   114463    0.50%
   4873   422        cutoff          20941.0000    20875.7191   131435    0.31%

Clique cuts applied:  43
Cover cuts applied:  229
Flow cuts applied:  11
Mixed integer rounding cuts applied:  43
Zero-half cuts applied:  23
Lift and project cuts applied:  4
Gomory fractional cuts applied:  11

Root node processing (before b&c):
  Real time             =    0.21 sec. (150.24 ticks)
Sequential b&c:
  Real time             =    6.51 sec. (8919.36 ticks)
                          ------------
Total (root+branch&cut) =    6.71 sec. (9069.59 ticks)
MIP: [1;32mCPLEX finished.[0m
MIP: [1;32mCPLEX status: Optimal[0m
MIP: [1;32mSolution: 
[16, 4, 5, 6, 0, 10, 7, 12, 14, 15, 9, 7, 2, 12, 12, 9, 14, 11, 6, 0, 14, 1, 1, 6, 10, 10, 4, 5, 4, 1][3, 6, 5, -1, 3, 1, 7, 3, -1, 10, 10, 6, 5, -1, 1, 7, 10][-1, 3, -1, 8, -1, 10, 10, 11, -1, -1, 3][-1, -1, -1, 9, -1, -1, -1, -1, 0, -1, 0, 9][0m
MIP: [1;32mObjective value: 20941[0m
MIP: [1;32mLower Bound: 20939.1[0m
MIP: [1;32mBranch-and-Bound nodes: 5393[0m

# best solution:
best objective value:	20941
best dual bound value:	20941
optimality gap:	0%
CPU time:	6.62985
