ifile	/scratch/csagturk/mlbp_inst/n0030_m05__004.inst
prob	TNFMLBP
threads	1
ttime	900
instance: /scratch/csagturk/mlbp_inst/n0030_m05__004.inst
	m=5, n=[30, 19, 14, 12, 11, 10]
MIP: [1;32minit CPLEX[0m
CAN: [1;35mcreated 1246 x_{ijk} and f_{ijk} variables[0m
CAN: [1;35mcreated 96 y_{ij} variables[0m
MIP: [1;32mcreated decision variables[0m
MIP: [1;32mcreated constraints[0m
MIP: [1;32mcreated objective function[0m
MIP: [1;32mcalling CPLEX solve ...[0m
Version identifier: 22.1.0.0 | 2022-03-09 | 1a383f8ce
CPXPARAM_Threads                                 1
CPXPARAM_TimeLimit                               900
Tried aggregator 5 times.
MIP Presolve eliminated 32 rows and 1375 columns.
MIP Presolve modified 449 coefficients.
Aggregator did 224 substitutions.
Reduced MIP has 487 rows, 1519 columns, and 3029 nonzeros.
Reduced MIP has 1351 binaries, 0 generals, 0 SOSs, and 88 indicators.
Presolve time = 0.01 sec. (12.70 ticks)
Probing fixed 0 vars, tightened 68 bounds.
Probing changed sense of 56 constraints.
Probing time = 0.01 sec. (4.96 ticks)
Tried aggregator 1 time.
MIP Presolve eliminated 336 rows and 392 columns.
Reduced MIP has 151 rows, 1127 columns, and 2245 nonzeros.
Reduced MIP has 1127 binaries, 0 generals, 0 SOSs, and 0 indicators.
Presolve time = 0.00 sec. (2.73 ticks)
Probing time = 0.00 sec. (2.02 ticks)
Tried aggregator 1 time.
Detecting symmetries...
Reduced MIP has 151 rows, 1127 columns, and 2245 nonzeros.
Reduced MIP has 1127 binaries, 0 generals, 0 SOSs, and 0 indicators.
Presolve time = 0.01 sec. (2.06 ticks)
Probing time = 0.00 sec. (2.02 ticks)
Clique table members: 750.
MIP emphasis: balance optimality and feasibility.
MIP search method: dynamic search.
Parallel mode: none, using 1 thread.
Root relaxation solution time = 0.00 sec. (4.05 ticks)

        Nodes                                         Cuts/
   Node  Left     Objective  IInf  Best Integer    Best Bound    ItCnt     Gap

      0     0    28260.1407    60                  28260.1407      392         
      0     0    28517.5160   118                   Cuts: 105      594         
      0     0    29068.5806   125                   Cuts: 109      896         
      0     0    29386.2944   151                    Cuts: 78     1140         
      0     0    29565.8798   133                    Cuts: 93     1385         
      0     0    29647.5395   155                    Cuts: 84     1508         
      0     0    29668.7981   157                    Cuts: 82     1636         
      0     0    29721.9073   156                    Cuts: 72     1756         
      0     0    29800.1598   144                    Cuts: 60     1954         
      0     0    29823.1567   164                    Cuts: 62     2107         
      0     0    29830.6174   152                    Cuts: 74     2244         
      0     0    29838.8449   138                    Cuts: 63     2390         
      0     0    29855.8755   153                    Cuts: 73     2542         
      0     0    29856.7461   140                    Cuts: 57     2617         
      0     0    29868.5972   139                    Cuts: 50     2743         
      0     0    29922.3796   143                    Cuts: 57     2874         
      0     0    29933.8831   148                    Cuts: 53     2995         
      0     0    29935.4636   152                    Cuts: 51     3141         
      0     0    29942.6693   146                    Cuts: 57     3265         
      0     0    29945.1505   141                    Cuts: 56     3365         
*     0+    0                        54918.0000    29945.1505            45.47%
      0     2    29945.1505   127    54918.0000    29946.2626     3365   45.47%
Elapsed time = 0.33 sec. (334.00 ticks, tree = 0.01 MB, solutions = 1)
*   110+  102                        41151.0000    29949.4126            27.22%
*   200+  172                        38339.0000    29993.8729            21.77%
    240   213    34744.4525    51    38339.0000    29993.8729     8340   21.77%
*   300+  266                        38089.0000    29994.9849            21.25%
*   380+  332                        38071.0000    29994.9849            21.21%
    460   402    31422.1001    91    38071.0000    29998.2702    13232   21.20%
*   480+  418                        37993.0000    29998.2702            21.04%
*   520+  453                        37787.0000    29998.2702            20.61%
*   570+  481                        37075.0000    29998.2702            19.09%
*   670+  564                        37015.0000    29998.2702            18.96%
*   670+  562                        36564.0000    29998.2702            17.96%
*   670+  560                        36527.0000    29998.2702            17.87%
    670   562    34953.0780    49    36527.0000    29998.2702    16937   17.87%

Performing restart 1

Repeating presolve.
Tried aggregator 1 time.
MIP Presolve modified 662 coefficients.
Reduced MIP has 151 rows, 1127 columns, and 2245 nonzeros.
Reduced MIP has 1127 binaries, 0 generals, 0 SOSs, and 0 indicators.
Presolve time = 0.01 sec. (4.09 ticks)
Tried aggregator 1 time.
MIP Presolve modified 284 coefficients.
Reduced MIP has 151 rows, 1127 columns, and 2245 nonzeros.
Reduced MIP has 1127 binaries, 0 generals, 0 SOSs, and 0 indicators.
Presolve time = 0.01 sec. (3.87 ticks)
Represolve time = 0.04 sec. (23.00 ticks)
    780     0    30064.3222   171    36527.0000      Cuts: 55    22248   17.69%
    780     0    30084.9011   153    36527.0000      Cuts: 63    22427   17.64%
    780     0    30110.2377   155    36527.0000      Cuts: 67    22627   17.57%
    780     0    30125.0696   160    36527.0000      Cuts: 69    22761   17.53%
    780     0    30244.0822   164    36527.0000      Cuts: 73    22909   17.20%
    780     0    30248.4019   167    36527.0000      Cuts: 64    23134   17.19%
    780     0    30250.8959   165    36527.0000      Cuts: 50    23277   17.18%
    780     0    30255.5674   168    36527.0000      Cuts: 52    23519   17.17%
    780     0    30256.2328   155    36527.0000      Cuts: 48    23768   17.17%
    780     0    30259.4310   177    36527.0000      Cuts: 53    23959   17.16%
    780     0    30259.5662   162    36527.0000      Cuts: 60    24184   17.16%
    780     0    30260.0145   167    36527.0000      Cuts: 72    24274   17.16%
    780     0    30262.8531   154    36527.0000      Cuts: 50    24381   17.15%
    780     0    30263.8722   170    36527.0000      Cuts: 67    24533   17.15%
    780     0    30265.6850   140    36527.0000      Cuts: 39    24597   17.14%
    780     0    30270.5910   163    36527.0000      Cuts: 54    24742   17.13%
    780     0    30270.6269   166    36527.0000      Cuts: 51    24850   17.13%
    780     0    30270.7142   166    36527.0000      Cuts: 35    24946   17.13%
*   780+    0                        33704.0000    30270.7142            10.19%
*   780+    0                        33619.0000    30270.7142             9.96%
*   780+    0                        33603.0000    30270.7142             9.92%
    780     0  -1.00000e+75     0    33603.0000    30270.7142    24946    9.92%
    780     2    30270.7142   141    33603.0000    30280.6595    24946    9.89%
    788    10    31361.6909   110    33603.0000    30381.0548    25387    9.59%
    804    26    31693.8927    87    33603.0000    30381.0548    25819    9.59%
    834    50    30734.8300    92    33603.0000    30381.2317    27155    9.59%
    925   131    31990.8762    78    33603.0000    30395.0548    29316    9.55%
   1039   223    32194.3957    89    33603.0000    30430.1030    31941    9.44%
   1693   774    32196.0000    35    33603.0000    30501.2368    44879    9.23%
Elapsed time = 3.38 sec. (4294.45 ticks, tree = 2.17 MB, solutions = 14)
*  1780+  835                        33553.0000    30506.0851             9.08%
   2354  1321    31165.4730   115    33553.0000    30548.8636    58969    8.95%
   2850  1703    infeasible          33553.0000    30580.5729    74417    8.86%
   3453  2219    32024.4032   114    33553.0000    30610.1397    88316    8.77%
   4017  2694    30637.0683   141    33553.0000    30632.0945   102987    8.71%
   4636  3258    32276.8070    78    33553.0000    30644.8606   118158    8.67%
   5287  3823    32025.3702    84    33553.0000    30650.8517   136016    8.65%
   5774  4250    32336.7775    93    33553.0000    30667.2354   150577    8.60%
   6113  4527    32482.2570    72    33553.0000    30681.5519   164804    8.56%
   6577  4934    32271.2997    90    33553.0000    30690.3526   180253    8.53%
*  6780+ 5071                        33514.0000    30692.6727             8.42%
*  6780+ 4818                        33308.0000    30692.6727             7.85%
   7005  5027    32798.9669    95    33308.0000    30701.4280   194197    7.83%
Elapsed time = 10.09 sec. (13873.33 ticks, tree = 12.92 MB, solutions = 17)
   7361  5321    32075.5387    89    33308.0000    30715.2354   209134    7.78%
   7780  5681    31106.1875    94    33308.0000    30728.4048   224479    7.74%
   8205  6050    32210.0000    49    33308.0000    30737.0528   241414    7.72%
   8504  6306    32759.2557   114    33308.0000    30746.0336   256072    7.69%
*  8780+ 6107                        32971.0000    30754.8649             6.72%
   8787  6116    32472.4103    98    32971.0000    30754.8649   268154    6.72%
*  8880+ 3353                        32297.0000    30755.2813             4.77%
   9008  3460    infeasible          32297.0000    30759.1369   279989    4.76%
   9139  3545    31176.2692   123    32297.0000    30769.8528   290950    4.73%
   9280  3645    32148.0000    30    32297.0000    30776.7825   303574    4.71%
   9404  3729    32196.1048   110    32297.0000    30782.4555   316073    4.69%
   9580  3864    32099.1397    97    32297.0000    30788.7064   329553    4.67%
Elapsed time = 16.63 sec. (23502.01 ticks, tree = 10.50 MB, solutions = 19)
   9689  3932        cutoff          32297.0000    30796.2370   343935    4.65%
   9891  4086    31247.5953   101    32297.0000    30803.2096   359378    4.63%
  10012  4171    31132.3519   167    32297.0000    30814.9180   375594    4.59%
  10173  4284    31825.9884    96    32297.0000    30827.5184   388402    4.55%
  10310  4387    31577.9939   124    32297.0000    30828.9582   399568    4.55%
  10450  4490    32050.9939   134    32297.0000    30832.5726   411046    4.53%
* 10550  3916      integral     0    32205.0000    30832.9449   423284    4.26%
  10560  3922    31114.5985   131    32205.0000    30833.2993   424752    4.26%
* 10601  3260      integral     0    32116.0000    30833.2993   428623    3.99%
* 10701+ 1800                        31763.0000    30835.0010             2.92%
  10735  1823    31361.5000    67    31763.0000    30836.2777   441651    2.92%
  10816  1866    30904.0114   191    31763.0000    30839.1821   452262    2.91%
Elapsed time = 22.72 sec. (32508.03 ticks, tree = 5.46 MB, solutions = 22)
  10917  1921        cutoff          31763.0000    30847.5283   466406    2.88%
* 10920+ 1708                        31693.0000    30847.8288             2.67%
* 10920+ 1250                        31518.0000    30847.8288             2.13%
* 10920+  439                        31123.0000    30847.8288             0.88%
  10920   441    31030.1390   167    31123.0000    30847.8288   466828    0.88%
* 10921+  284                        31053.0000    30847.8288             0.66%
* 10921+  268                        31044.0000    30847.8288             0.63%
  10921   268    31044.0000     0    31044.0000    30848.4754   467394    0.63%
  11011   214    30937.3006   158    31044.0000    30900.2084   476966    0.46%

Performing restart 2

Repeating presolve.
Tried aggregator 1 time.
MIP Presolve eliminated 0 rows and 47 columns.
MIP Presolve modified 272 coefficients.
Reduced MIP has 151 rows, 1080 columns, and 2151 nonzeros.
Reduced MIP has 1080 binaries, 0 generals, 0 SOSs, and 0 indicators.
Presolve time = 0.01 sec. (3.34 ticks)
Tried aggregator 1 time.
MIP Presolve modified 260 coefficients.
Reduced MIP has 151 rows, 1080 columns, and 2151 nonzeros.
Reduced MIP has 1080 binaries, 0 generals, 0 SOSs, and 0 indicators.
Presolve time = 0.01 sec. (3.74 ticks)
Represolve time = 0.08 sec. (48.36 ticks)
  11031     0    30284.2658   216    31044.0000      Cuts: 22   482236    0.44%
  11031     0    30290.5456   182    31044.0000      Cuts: 37   482552    0.44%
  11031     0    30291.1103   188    31044.0000      Cuts: 58   482771    0.44%
  11031     0    30291.1103   170    31044.0000      Cuts: 33   483109    0.44%
  11031     0    30291.1103   183    31044.0000      Cuts: 56   483339    0.44%
  11031     0    30292.5254   175    31044.0000      Cuts: 25   483577    0.44%
  11031     0    30292.8790   150    31044.0000      Cuts: 62   483804    0.44%
  11031     0    30292.9510   175    31044.0000      Cuts: 45   483944    0.44%
  11031     0    30293.0567   151    31044.0000      Cuts: 42   484114    0.44%
  11031     0    30293.2002   171    31044.0000      Cuts: 57   484342    0.44%
  11031     0    30293.2412   181    31044.0000      Cuts: 37   484486    0.44%
  11031     0    30293.2630   156    31044.0000      Cuts: 43   484590    0.44%
  11031     0    30293.2630   170    31044.0000      Cuts: 62   484767    0.44%
  11031     2    30293.2630   150    31044.0000    30907.6849   484767    0.44%
  11064    11    30484.1930   133    31044.0000    30907.6849   486027    0.44%
  11097    16    30697.5435   137    31044.0000    30907.6849   487639    0.44%
  11143    24    30722.4356   117    31044.0000    30907.6849   489345    0.44%
  11203    21    30915.0134   105    31044.0000    30907.6849   492690    0.44%

Clique cuts applied:  7
Cover cuts applied:  85
Flow cuts applied:  14
Mixed integer rounding cuts applied:  64
Zero-half cuts applied:  23
Lift and project cuts applied:  2
Gomory fractional cuts applied:  4

Root node processing (before b&c):
  Real time             =    0.33 sec. (334.55 ticks)
Sequential b&c:
  Real time             =   37.81 sec. (51010.91 ticks)
                          ------------
Total (root+branch&cut) =   38.15 sec. (51345.46 ticks)
MIP: [1;32mCPLEX finished.[0m
MIP: [1;32mCPLEX status: Optimal[0m
MIP: [1;32mSolution: 
[18, 7, 4, 2, 5, 17, 15, 17, 18, 13, 14, 4, 10, 11, 6, 4, 14, 13, 6, 10, 12, 5, 8, 12, 8, 11, 3, 3, 1, 0][3, 13, 5, 3, 11, 11, 7, 7, 5, -1, 2, 9, 9, 0, 1, 13, -1, 2, 0][0, 9, 8, 5, -1, 5, -1, 8, -1, 9, -1, 1, -1, 11][7, 2, -1, -1, -1, 7, -1, -1, 2, 4, -1, 2][-1, -1, 9, -1, 1, -1, -1, 2, -1, -1, -1][0m
MIP: [1;32mObjective value: 31044[0m
MIP: [1;32mLower Bound: 31042.2[0m
MIP: [1;32mBranch-and-Bound nodes: 11304[0m

# best solution:
best objective value:	31044
best dual bound value:	31044
optimality gap:	0%
CPU time:	38.0206
