ifile	/scratch/csagturk/mlbp_inst/n0050_m02__052.inst
prob	TNFMLBP
threads	1
ttime	900
instance: /scratch/csagturk/mlbp_inst/n0050_m02__052.inst
	m=2, n=[50, 29, 16]
MIP: [1;32minit CPLEX[0m
CAN: [1;35mcreated 1914 x_{ijk} and f_{ijk} variables[0m
CAN: [1;35mcreated 95 y_{ij} variables[0m
MIP: [1;32mcreated decision variables[0m
MIP: [1;32mcreated constraints[0m
MIP: [1;32mcreated objective function[0m
MIP: [1;32mcalling CPLEX solve ...[0m
Version identifier: 22.1.0.0 | 2022-03-09 | 1a383f8ce
CPXPARAM_Threads                                 1
CPXPARAM_TimeLimit                               900
Tried aggregator 2 times.
MIP Presolve eliminated 51 rows and 2191 columns.
MIP Presolve modified 33 coefficients.
Aggregator did 116 substitutions.
Reduced MIP has 298 rows, 1856 columns, and 3696 nonzeros.
Reduced MIP has 1769 binaries, 0 generals, 0 SOSs, and 57 indicators.
Presolve time = 0.02 sec. (10.76 ticks)
Found incumbent of value 26229.000000 after 0.02 sec. (16.33 ticks)
Probing fixed 0 vars, tightened 29 bounds.
Probing changed sense of 29 constraints.
Probing time = 0.01 sec. (6.73 ticks)
Tried aggregator 1 time.
MIP Presolve eliminated 174 rows and 203 columns.
Reduced MIP has 124 rows, 1653 columns, and 3290 nonzeros.
Reduced MIP has 1653 binaries, 0 generals, 0 SOSs, and 0 indicators.
Presolve time = 0.00 sec. (3.96 ticks)
Tried aggregator 1 time.
Detecting symmetries...
Reduced MIP has 124 rows, 1653 columns, and 3290 nonzeros.
Reduced MIP has 1653 binaries, 0 generals, 0 SOSs, and 0 indicators.
Presolve time = 0.00 sec. (3.29 ticks)
Probing time = 0.00 sec. (2.30 ticks)
Clique table members: 786.
MIP emphasis: balance optimality and feasibility.
MIP search method: dynamic search.
Parallel mode: none, using 1 thread.
Root relaxation solution time = 0.00 sec. (3.44 ticks)

        Nodes                                         Cuts/
   Node  Left     Objective  IInf  Best Integer    Best Bound    ItCnt     Gap

*     0+    0                        26229.0000        0.0000           100.00%
      0     0    19280.7935    46    26229.0000    19280.7935      278   26.49%
      0     0    19303.9563    56    26229.0000      Cuts: 65      391   26.40%
      0     0    19306.0604    74    26229.0000      Cuts: 77      518   26.39%
      0     0    19306.5650    86    26229.0000      Cuts: 69      692   26.39%
      0     0    19313.3721    85    26229.0000      Cuts: 48      829   26.37%
      0     0    19313.3721   103    26229.0000      Cuts: 80      967   26.37%
*     0+    0                        22109.0000    19313.3721            12.64%
*     0+    0                        20948.0000    19313.3721             7.80%
*     0+    0                        20858.0000    19313.3721             7.41%
      0     0  -1.00000e+75     0    20858.0000    19313.3721      967    7.41%
      0     2    19313.3721    55    20858.0000    19313.3721      967    7.41%
Elapsed time = 0.21 sec. (226.23 ticks, tree = 0.01 MB, solutions = 4)
*   209+  200                        20850.0000    19313.3721             7.37%
    301   294    19566.4128    35    20850.0000    19313.3721     3811    7.37%
*   340+  331                        20730.0000    19313.3721             6.83%
*   340+  315                        20096.0000    19313.3721             3.89%
*   457+  420                        20090.0000    19313.3721             3.87%
*   457+  419                        19962.0000    19313.3721             3.25%
    457   421    19331.5473    78    19962.0000    19313.3721     5793    3.25%
    458   422    19313.3721    67    19962.0000    19313.3721     5906    3.25%

Performing restart 1

Repeating presolve.
Tried aggregator 1 time.
MIP Presolve modified 10 coefficients.
Reduced MIP has 124 rows, 1653 columns, and 3290 nonzeros.
Reduced MIP has 1653 binaries, 0 generals, 0 SOSs, and 0 indicators.
Presolve time = 0.00 sec. (2.71 ticks)
Tried aggregator 1 time.
Reduced MIP has 124 rows, 1653 columns, and 3290 nonzeros.
Reduced MIP has 1653 binaries, 0 generals, 0 SOSs, and 0 indicators.
Presolve time = 0.00 sec. (3.38 ticks)
Represolve time = 0.03 sec. (19.94 ticks)
    567     0    19331.7922    94    19962.0000     Cuts: 109     8302    3.16%
    567     0    19331.7922   114    19962.0000      Cuts: 95     8504    3.16%
    567     0    19337.2928    87    19962.0000      Cuts: 67     8747    3.13%
    567     0    19348.2476    77    19962.0000     Cuts: 115     9024    3.07%
    567     0    19351.0107    86    19962.0000     Cuts: 131     9296    3.06%
    567     0    19351.0107   118    19962.0000     Cuts: 131     9586    3.06%
    567     0    19351.0107    86    19962.0000      Cuts: 81     9858    3.06%
    567     0    19351.4548    87    19962.0000      Cuts: 94    10117    3.06%
    567     0    19352.3600   108    19962.0000      Cuts: 93    10376    3.05%
    567     0    19353.0741   126    19962.0000      Cuts: 94    10584    3.05%
    567     0    19353.0741   119    19962.0000      Cuts: 88    10819    3.05%
    567     0    19353.0741    94    19962.0000      Cuts: 51    10945    3.05%
    567     0    19353.0741   125    19962.0000      Cuts: 74    11157    3.05%
*   567+    0                        19884.0000    19353.0741             2.67%
*   567+    0                        19865.0000    19353.0741             2.58%
    567     0  -1.00000e+75     0    19865.0000    19353.0741    11157    2.58%
    567     2    19353.0741    57    19865.0000    19355.2763    11157    2.57%
    607    34    19590.7587    61    19865.0000    19361.1712    12056    2.54%
*   667+   81                        19862.0000    19366.2250             2.50%
*   667+   79                        19809.0000    19366.2250             2.24%
    667    81    19468.7585    46    19809.0000    19366.2250    12891    2.24%
    767   168    19389.9012    61    19809.0000    19368.8093    13888    2.22%
    867   243    19679.0000    40    19809.0000    19368.8093    14703    2.22%
*   967+  301                        19802.0000    19374.3595             2.16%
    967   303    19434.4919    51    19802.0000    19374.3595    16028    2.16%
   1701   817    19458.9552    69    19802.0000    19408.9117    27272    1.99%
Elapsed time = 4.85 sec. (6615.92 ticks, tree = 2.10 MB, solutions = 14)
   2375  1343    19731.0000    26    19802.0000    19417.9294    39739    1.94%
   3087  1852    19510.0435    69    19802.0000    19433.1919    53743    1.86%
   3729  2341    19441.0652    87    19802.0000    19439.2626    66883    1.83%
   4185  2671    19691.5455    53    19802.0000    19444.6429    79839    1.80%
   4593  2935    19473.5773    83    19802.0000    19451.9555    92097    1.77%
   5187  3396    19471.7407    91    19802.0000    19456.6848   108027    1.74%
   5662  3766    19493.2863   100    19802.0000    19461.2105   123172    1.72%
   6134  4142    19715.2941    61    19802.0000    19466.5682   138063    1.69%
   6712  4630    19537.0518    97    19802.0000    19468.8409   153901    1.68%
   7155  4985    19778.0000    10    19802.0000    19471.6389   168655    1.67%
Elapsed time = 10.63 sec. (16191.13 ticks, tree = 15.92 MB, solutions = 14)
*  7167+ 4233                        19778.0000    19471.6389             1.55%
   7512  4499        cutoff          19778.0000    19474.5789   181248    1.53%
   7897  4784    19481.7120    91    19778.0000    19479.1903   195847    1.51%
   8209  5002    19562.1840   103    19778.0000    19481.8447   210865    1.50%
   8579  5270    19531.0877   117    19778.0000    19485.0301   225875    1.48%
   8947  5550    19571.8088    89    19778.0000    19488.7546   240882    1.46%
   9258  5779    19520.6398   108    19778.0000    19491.3696   253720    1.45%
   9683  6112    19591.3333    98    19778.0000    19494.5455   268305    1.43%
*  9687+ 3623                        19702.0000    19494.5455             1.05%
   9687  3625    19605.0000    78    19702.0000    19494.5455   268474    1.05%
   9957  3805    19579.0216   110    19702.0000    19497.5938   280732    1.04%
   9987  3831    19550.7959   121    19702.0000    19497.7500   281861    1.04%
Elapsed time = 26.61 sec. (36781.74 ticks, tree = 13.38 MB, solutions = 16)
  10161  3939    19515.7862   110    19702.0000    19499.8571   292113    1.03%
  10443  4167    19536.3432   129    19702.0000    19500.6196   303087    1.02%
  10561  4231    19515.6439   144    19702.0000    19502.0930   313348    1.01%
  10685  4308    19527.5348   133    19702.0000    19503.3158   324957    1.01%
  10830  4393    19526.2163   140    19702.0000    19504.4348   335455    1.00%
  10991  4511    19680.5493   132    19702.0000    19505.2143   347814    1.00%
  11198  4659    19619.9820   148    19702.0000    19505.7250   357733    1.00%
  11275  4693    19556.3017   133    19702.0000    19507.0455   367388    0.99%
  11346  4720    19599.4165   150    19702.0000    19507.8250   378374    0.99%
* 11367+ 3966                        19677.0000    19508.1903             0.86%
  11367  3968    19627.9403   159    19677.0000    19508.1903   381507    0.86%
Elapsed time = 32.80 sec. (46810.97 ticks, tree = 15.26 MB, solutions = 17)
  11424  3979    19667.9048   115    19677.0000    19509.4545   391082    0.85%
  11478  3986    19518.4205   159    19677.0000    19510.6250   401118    0.85%
  11550  4021    19536.5221   125    19677.0000    19511.1382   411011    0.84%
  11567  4038    19672.0000    20    19677.0000    19511.1382   411532    0.84%
  11665  4098    19567.6893   153    19677.0000    19511.7422   421995    0.84%
  11757  4144    19630.6080   134    19677.0000    19513.0938   434727    0.83%
  11880  4205    19621.9845   130    19677.0000    19514.3684   448011    0.83%
  12000  4257        cutoff          19677.0000    19515.4175   462687    0.82%
  12066  4260    19547.8121   178    19677.0000    19516.8808   477419    0.81%
  12137  4265    19615.6812   132    19677.0000    19519.0000   490482    0.80%
Elapsed time = 38.91 sec. (56545.19 ticks, tree = 17.59 MB, solutions = 17)
  12226  4317    19607.6675   160    19677.0000    19519.8435   501807    0.80%
  12292  4325    19613.8375   146    19677.0000    19520.6250   514447    0.79%
  12412  4385    19664.1877   123    19677.0000    19521.8571   527789    0.79%
  12490  4418        cutoff          19677.0000    19522.7383   540050    0.78%
  12581  4443    19630.2786   117    19677.0000    19524.0905   552621    0.78%
  12672  4485    19538.4650   108    19677.0000    19525.3684   565199    0.77%
  12749  4504    19583.2068   134    19677.0000    19526.3182   578234    0.77%
  12879  4579    19601.0212    99    19677.0000    19526.7118   590910    0.76%
  12945  4584        cutoff          19677.0000    19528.0114   604419    0.76%
  13035  4614    19563.4765   122    19677.0000    19529.0000   617946    0.75%
Elapsed time = 44.76 sec. (66189.09 ticks, tree = 20.32 MB, solutions = 17)
  13150  4658    19554.4216   158    19677.0000    19529.9545   632510    0.75%
  13238  4674    19610.0285   167    19677.0000    19531.5179   647663    0.74%
  13343  4677    19658.1053    84    19677.0000    19533.8636   662317    0.73%
  13444  4684    19594.7971   104    19677.0000    19535.2271   676419    0.72%
  13544  4708    19549.8627   135    19677.0000    19536.6788   690898    0.71%
  13637  4732    19623.7111   125    19677.0000    19537.7458   705898    0.71%
  13770  4792    19568.3126   154    19677.0000    19539.3704   721494    0.70%
  13879  4804    19631.8998   136    19677.0000    19540.7857   736507    0.69%
  14207  5056    19603.0303   168    19677.0000    19541.2632   751751    0.69%
  14310  5092    19665.8742   134    19677.0000    19542.6575   765300    0.68%
Elapsed time = 50.74 sec. (75901.56 ticks, tree = 24.07 MB, solutions = 17)
  14476  5197    19601.7372   135    19677.0000    19543.7667   778964    0.68%
  14621  5266    19573.3497   165    19677.0000    19545.3285   792301    0.67%
  14713  5282    19666.0000    87    19677.0000    19546.5486   805495    0.66%
  14844  5355    19573.2967   125    19677.0000    19547.7355   818920    0.66%
  14921  5352    19665.5708   135    19677.0000    19549.1000   832625    0.65%
  15017  5382    19652.6023   113    19677.0000    19550.0132   846357    0.65%
  15085  5372    19645.6301   136    19677.0000    19551.2303   859938    0.64%
  15178  5374        cutoff          19677.0000    19552.5675   874073    0.63%
  15348  5466    19654.0000     9    19677.0000    19553.5074   887242    0.63%
  15465  5499    19650.9444   106    19677.0000    19554.4545   901475    0.62%
Elapsed time = 56.61 sec. (85538.32 ticks, tree = 27.28 MB, solutions = 17)
  15604  5587    19559.2157   164    19677.0000    19555.1131   909574    0.62%
  15697  5589    19596.6968   182    19677.0000    19556.1232   924313    0.61%
  15782  5585        cutoff          19677.0000    19558.0000   937737    0.60%
  15930  5646    19606.5325   143    19677.0000    19559.3050   952118    0.60%
  16035  5649    19599.1113   126    19677.0000    19560.8571   966942    0.59%
* 16067+ 2048                        19627.0000    19561.0765             0.34%
  16067  2048    19627.0000     0    19627.0000    19561.0765   971327    0.34%
  16143  2013    19609.8837   149    19627.0000    19563.0203   987007    0.33%
  16240  1993    19620.7986   123    19627.0000    19564.7901  1000881    0.32%
  16342  1954        cutoff          19627.0000    19567.1269  1014762    0.31%
  16424  1924    19589.6409   103    19627.0000    19569.0413  1027933    0.30%
Elapsed time = 63.45 sec. (95743.28 ticks, tree = 9.72 MB, solutions = 18)
  16538  1913    19600.1504   141    19627.0000    19571.0000  1042205    0.29%
  16628  1902        cutoff          19627.0000    19571.7000  1055457    0.28%
  16700  1867    19593.8415   149    19627.0000    19573.1385  1068672    0.27%
  16767  1873    19599.0000    40    19627.0000    19574.1000  1076686    0.27%
  16982  1972        cutoff          19627.0000    19575.4000  1090015    0.26%
  17084  1935    19614.0417   123    19627.0000    19577.3398  1102900    0.25%
  17578  2121        cutoff          19627.0000    19578.0000  1117266    0.25%
  18503  2364        cutoff          19627.0000    19578.0000  1132024    0.25%
  19345  2635    19578.0000     9    19627.0000    19578.0000  1148182    0.25%
* 20286     1      integral     0    19578.0000    19578.0000  1162412    0.00%

Clique cuts applied:  56
Cover cuts applied:  404
Flow cuts applied:  16
Mixed integer rounding cuts applied:  104
Zero-half cuts applied:  35
Lift and project cuts applied:  1
Gomory fractional cuts applied:  5

Root node processing (before b&c):
  Real time             =    0.21 sec. (226.84 ticks)
Sequential b&c:
  Real time             =   70.51 sec. (105932.75 ticks)
                          ------------
Total (root+branch&cut) =   70.73 sec. (106159.59 ticks)
MIP: [1;32mCPLEX finished.[0m
MIP: [1;32mCPLEX status: Optimal[0m
MIP: [1;32mSolution: 
[22, 14, 16, 10, 16, 28, 14, 6, 22, 21, 18, 19, 23, 28, 10, 23, 6, 25, 22, 7, 11, 15, 13, 13, 23, 13, 26, 3, 25, 17, 20, 10, 6, 13, 17, 16, 7, 11, 10, 20, 26, 15, 22, 10, 13, 21, 18, 15, 21, 12][-1, -1, -1, 4, -1, -1, 2, 14, -1, -1, 4, 5, 10, 6, 14, 3, 3, 1, 11, 5, 2, 12, 7, 12, -1, 6, 1, -1, 10][0m
MIP: [1;32mObjective value: 19578[0m
MIP: [1;32mLower Bound: 19578[0m
MIP: [1;32mBranch-and-Bound nodes: 20287[0m

# best solution:
best objective value:	19578
best dual bound value:	19578
optimality gap:	0%
CPU time:	70.4852
