ifile	/scratch/csagturk/mlbp_inst/n0050_m04__058.inst
prob	TNFMLBP
threads	1
ttime	900
instance: /scratch/csagturk/mlbp_inst/n0050_m04__058.inst
	m=4, n=[50, 27, 24, 20, 14]
MIP: [1;32minit CPLEX[0m
CAN: [1;35mcreated 2758 x_{ijk} and f_{ijk} variables[0m
CAN: [1;35mcreated 135 y_{ij} variables[0m
MIP: [1;32mcreated decision variables[0m
MIP: [1;32mcreated constraints[0m
MIP: [1;32mcreated objective function[0m
MIP: [1;32mcalling CPLEX solve ...[0m
Version identifier: 22.1.0.0 | 2022-03-09 | 1a383f8ce
CPXPARAM_Threads                                 1
CPXPARAM_TimeLimit                               900
Tried aggregator 4 times.
MIP Presolve eliminated 51 rows and 2992 columns.
MIP Presolve modified 766 coefficients.
Aggregator did 284 substitutions.
Reduced MIP has 632 rows, 3035 columns, and 6056 nonzeros.
Reduced MIP has 2822 binaries, 0 generals, 0 SOSs, and 138 indicators.
Presolve time = 0.02 sec. (25.63 ticks)
Probing fixed 0 vars, tightened 85 bounds.
Probing changed sense of 71 constraints.
Probing time = 0.02 sec. (14.93 ticks)
Tried aggregator 1 time.
MIP Presolve eliminated 426 rows and 497 columns.
Reduced MIP has 206 rows, 2538 columns, and 5062 nonzeros.
Reduced MIP has 2538 binaries, 0 generals, 0 SOSs, and 0 indicators.
Presolve time = 0.01 sec. (5.88 ticks)
Tried aggregator 1 time.
Detecting symmetries...
Reduced MIP has 206 rows, 2538 columns, and 5062 nonzeros.
Reduced MIP has 2538 binaries, 0 generals, 0 SOSs, and 0 indicators.
Presolve time = 0.00 sec. (4.86 ticks)
Probing time = 0.00 sec. (2.48 ticks)
Clique table members: 861.
MIP emphasis: balance optimality and feasibility.
MIP search method: dynamic search.
Parallel mode: none, using 1 thread.
Root relaxation solution time = 0.01 sec. (7.91 ticks)

        Nodes                                         Cuts/
   Node  Left     Objective  IInf  Best Integer    Best Bound    ItCnt     Gap

      0     0    39130.5115    94                  39130.5115      530         
      0     0    39296.4400   131                   Cuts: 151      829         
      0     0    39431.8076   126                   Cuts: 141     1125         
      0     0    39489.8101   151                   Cuts: 119     1489         
      0     0    39575.6566   164                   Cuts: 114     1828         
      0     0    39583.5902   162                   Cuts: 102     2211         
      0     0    39591.1160   159                    Cuts: 95     2370         
      0     0    39606.9127   177                    Cuts: 81     2556         
      0     0    39625.4831   161                    Cuts: 96     2739         
      0     0    39641.2805   176                    Cuts: 93     2927         
      0     0    39662.8741   176                    Cuts: 71     3117         
      0     0    39673.5538   204                    Cuts: 82     3280         
      0     0    39697.0955   190                    Cuts: 82     3535         
      0     0    39713.5398   177                    Cuts: 69     3699         
      0     0    39734.6953   158                    Cuts: 75     3894         
      0     0    39751.1922   187                    Cuts: 84     4067         
      0     0    39780.9579   178                    Cuts: 65     4191         
      0     0    39791.7827   189                    Cuts: 58     4329         
      0     0    39830.0469   172                    Cuts: 55     4455         
      0     0    39855.2363   174                    Cuts: 71     4612         
      0     0    39861.2575   173                    Cuts: 57     4769         
      0     0    39863.9243   166                    Cuts: 45     4885         
*     0+    0                        71625.0000    39863.9243            44.34%
*     0+    0                        52719.0000    39863.9243            24.38%
*     0+    0                        50986.0000    39863.9243            21.81%
*     0+    0                        50880.0000    39863.9243            21.65%
*     0+    0                        49231.0000    39863.9243            19.03%
*     0+    0                        47294.0000    39863.9243            15.71%
*     0+    0                        47261.0000    39863.9243            15.65%
*     0+    0                        46037.0000    39863.9243            13.41%
*     0+    0                        45655.0000    39863.9243            12.68%
*     0+    0                        45494.0000    39863.9243            12.38%
*     0+    0                        45365.0000    39863.9243            12.13%
*     0+    0                        45321.0000    39863.9243            12.04%
*     0+    0                        45319.0000    39863.9243            12.04%
*     0+    0                        45223.0000    39863.9243            11.85%
      0     0  -1.00000e+75     0    45223.0000    39863.9243     4885   11.85%
      0     2    39863.9243   145    45223.0000    39864.1254     4885   11.85%
Elapsed time = 1.05 sec. (1182.39 ticks, tree = 0.01 MB, solutions = 14)
    100    97    41172.8987    85    45223.0000    39870.0378     7213   11.84%
    246   231    40039.4194   123    45223.0000    39870.8161     9394   11.84%
    448   421    39879.1677   173    45223.0000    39879.1677    12431   11.82%

Performing restart 1

Repeating presolve.
Tried aggregator 1 time.
MIP Presolve modified 1333 coefficients.
Reduced MIP has 206 rows, 2538 columns, and 5062 nonzeros.
Reduced MIP has 2538 binaries, 0 generals, 0 SOSs, and 0 indicators.
Presolve time = 0.01 sec. (7.70 ticks)
Tried aggregator 1 time.
MIP Presolve modified 470 coefficients.
Reduced MIP has 206 rows, 2538 columns, and 5062 nonzeros.
Reduced MIP has 2538 binaries, 0 generals, 0 SOSs, and 0 indicators.
Presolve time = 0.01 sec. (7.75 ticks)
Represolve time = 0.07 sec. (49.57 ticks)
    463     0    39813.1126   210    45223.0000     Cuts: 151    14882   11.82%
    463     0    39968.9123   211    45223.0000      Cuts: 93    15456   11.62%
    463     0    39979.0767   203    45223.0000      Cuts: 87    15755   11.60%
*   463+    0                        44686.0000    39979.0767            10.53%
*   463+    0                        43529.0000    39979.0767             8.16%
*   463+    0                        43105.0000    39979.0767             7.25%
*   463+    0                        42984.0000    39979.0767             6.99%
    463     0  -1.00000e+75     0    42984.0000    39979.0767    15755    6.99%
    463     0    39994.7508   199    42984.0000      Cuts: 72    15996    6.95%
    463     0    40006.0250   204    42984.0000      Cuts: 96    16319    6.93%
    463     0    40123.2696   199    42984.0000      Cuts: 99    16649    6.66%
    463     0    40136.9533   203    42984.0000      Cuts: 86    16947    6.62%
    463     0    40143.2398   204    42984.0000      Cuts: 80    17211    6.61%
    463     0    40152.6747   197    42984.0000      Cuts: 93    17471    6.59%
    463     0    40158.1065   184    42984.0000      Cuts: 70    17693    6.57%
    463     0    40158.8758   196    42984.0000      Cuts: 68    17896    6.57%
    463     0    40163.6098   196    42984.0000      Cuts: 57    18053    6.56%
    463     0    40164.2653   173    42984.0000      Cuts: 53    18195    6.56%
    463     0    40164.8948   180    42984.0000      Cuts: 46    18413    6.56%
    463     0    40164.9609   169    42984.0000      Cuts: 36    18512    6.56%
    463     0    40165.3179   176    42984.0000      Cuts: 42    18757    6.56%
    463     0    40165.3179   164    42984.0000      Cuts: 28    18889    6.56%
*   463+    0                        42929.0000    40165.3179             6.44%
    463     0  -1.00000e+75     0    42929.0000    40165.3179    18889    6.44%
    463     2    40165.3179   148    42929.0000    40166.0225    18889    6.44%
    466     5    40246.5648   163    42929.0000    40197.5999    19328    6.36%
    470     9    40319.8207   172    42929.0000    40209.3574    19578    6.34%
    474    13    40336.2263   168    42929.0000    40209.3574    19835    6.34%
    480    19    40429.9290   135    42929.0000    40209.3574    20099    6.34%
    487    26    40513.9384   148    42929.0000    40209.3574    20568    6.34%
    562    91    41141.6778   114    42929.0000    40209.8848    24508    6.33%
Elapsed time = 5.13 sec. (6911.62 ticks, tree = 0.41 MB, solutions = 19)
    722   229    40271.0230   172    42929.0000    40249.8210    30272    6.24%
    923   418    42656.9871    65    42929.0000    40251.0965    36458    6.24%
   1083   559    41806.4150   128    42929.0000    40280.7035    42675    6.17%
   1391   841    40757.9959   109    42929.0000    40321.0238    49657    6.08%
*  1463+  895                        42907.0000    40323.0287             6.02%
*  1463+  894                        42753.0000    40323.0287             5.68%
*  1463+  893                        42740.0000    40323.0287             5.66%
*  1463+  893                        42685.0000    40323.0287             5.53%
   1463   895    40687.3395   165    42685.0000    40323.0287    53564    5.53%
   1693  1098    40849.5346   110    42685.0000    40341.1520    62190    5.49%
   1873  1254    40541.3462   174    42685.0000    40359.9652    69272    5.45%
   2133  1499    40565.8007   170    42685.0000    40373.3241    76780    5.42%
   2372  1710    40487.8504   158    42685.0000    40405.0379    84754    5.34%
   2463  1797    41493.9733    66    42685.0000    40405.0379    88292    5.34%
Elapsed time = 11.49 sec. (16903.68 ticks, tree = 9.03 MB, solutions = 23)
   2718  2026    40806.0000    59    42685.0000    40408.1631    96930    5.33%
   2894  2186    40451.8962   160    42685.0000    40408.5524   106219    5.33%
   3217  2485    40568.5864   173    42685.0000    40410.6688   115488    5.33%
   3463  2714    40933.0000    19    42685.0000    40415.2398   123283    5.32%
   3691  2920    40498.7816   181    42685.0000    40426.3075   130731    5.29%
   3972  3172    40842.3106   139    42685.0000    40428.5040   139485    5.29%
   4158  3332    40712.4623   182    42685.0000    40431.3379   147275    5.28%
   4415  3559    42596.2655   141    42685.0000    40433.8300   155639    5.27%
*  4463+ 3593                        42654.0000    40433.9071             5.20%
   4569  3680    40764.3221   197    42654.0000    40435.8872   159923    5.20%
   4785  3878    41175.0000    29    42654.0000    40437.3206   168785    5.20%
Elapsed time = 17.96 sec. (27198.15 ticks, tree = 20.99 MB, solutions = 24)
*  4823  2236      integral     0    41175.0000    40437.3206   169122    1.79%
   4954  2348    40808.7481   153    41175.0000    40442.1627   176097    1.78%
   5070  2446    41123.9097   145    41175.0000    40446.7660   182765    1.77%
   5212  2555    40906.7578   143    41175.0000    40452.2645   190992    1.76%
   5397  2705    40639.0389   134    41175.0000    40455.0008   197949    1.75%
*  5463+ 1515                        40850.0000    40455.8461             0.96%
   5464  1515    40645.9186   168    40850.0000    40458.0674   200597    0.96%
   5612  1620    40510.8942   156    40850.0000    40471.1482   207169    0.93%
   5750  1709    40605.7781   191    40850.0000    40480.0385   213815    0.91%
   5886  1808    40730.0000    87    40850.0000    40487.6968   219994    0.89%
   5953  1842    40550.9293   168    40850.0000    40491.9219   224787    0.88%
   6061  1906    40751.3005   149    40850.0000    40495.7157   230510    0.87%
Elapsed time = 24.04 sec. (36971.58 ticks, tree = 10.92 MB, solutions = 26)
   6210  2014    40518.8007   161    40850.0000    40499.1215   237060    0.86%
   6291  2066    40591.6064   143    40850.0000    40503.0897   243686    0.85%
   6375  2121    40601.9785   168    40850.0000    40510.4243   248967    0.83%
*  6463+ 1958                        40819.0000    40512.0137             0.75%
   6466  1956    40546.5420   165    40819.0000    40514.1774   253789    0.75%
   6555  2001    40582.1316   164    40819.0000    40519.8374   259207    0.73%
   6663  2068    40624.3615   159    40819.0000    40523.2298   265296    0.72%
   6724  2104    40648.4448   186    40819.0000    40524.5404   272089    0.72%
   6830  2180    40722.7743   130    40819.0000    40527.5565   277792    0.71%
   6903  2218    40770.6310   143    40819.0000    40530.3966   283546    0.71%
   6984  2268    40798.1502   168    40819.0000    40531.7470   289348    0.70%
Elapsed time = 30.37 sec. (47070.15 ticks, tree = 13.93 MB, solutions = 27)
   7132  2364    40600.7959   157    40819.0000    40535.9207   295919    0.69%
   7175  2380    40770.9923   165    40819.0000    40540.2834   302498    0.68%
   7232  2413    40605.1025   173    40819.0000    40542.0428   308654    0.68%
   7294  2439    40657.3722   162    40819.0000    40545.6057   315215    0.67%
   7380  2475        cutoff          40819.0000    40548.8359   321886    0.66%
   7435  2495    40760.8879   155    40819.0000    40550.9971   327872    0.66%
   7484  2522    40637.0874   217    40819.0000    40551.8100   333664    0.65%
   7562  2562        cutoff          40819.0000    40554.1542   340193    0.65%
   7628  2597    40735.8726   177    40819.0000    40557.0067   344934    0.64%
   7699  2637    40600.7442   161    40819.0000    40557.7841   350603    0.64%
Elapsed time = 36.84 sec. (57356.11 ticks, tree = 17.12 MB, solutions = 27)
   7760  2661    40642.8750   175    40819.0000    40560.0818   356709    0.63%
   7795  2675    40729.0764   175    40819.0000    40561.2988   361767    0.63%
   7865  2712    40618.1519   144    40819.0000    40564.7764   366505    0.62%
   7913  2725    40811.3748   189    40819.0000    40566.7248   372207    0.62%
   7948  2721    40715.3795   165    40819.0000    40568.4184   377229    0.61%
   8009  2742    40663.0559   186    40819.0000    40569.8911   382932    0.61%
   8056  2761    40787.7721   175    40819.0000    40571.0231   388584    0.61%
   8106  2781    40669.3493   185    40819.0000    40572.7705   394772    0.60%
   8181  2829        cutoff          40819.0000    40574.3791   400711    0.60%
   8234  2845    40692.4946   168    40819.0000    40576.5088   406910    0.59%
Elapsed time = 43.06 sec. (67379.99 ticks, tree = 19.21 MB, solutions = 27)
   8280  2856    40595.3614   166    40819.0000    40577.7177   412529    0.59%
   8355  2876    40612.8173   147    40819.0000    40581.6205   419369    0.58%
   8406  2893    40610.0652   195    40819.0000    40583.2363   424520    0.58%
   8463  2923    40702.1481   196    40819.0000    40584.2369   429657    0.58%
   8516  2947    40680.0125   189    40819.0000    40586.0257   434628    0.57%
   8569  2959        cutoff          40819.0000    40589.2363   441069    0.56%
   8627  2980    40771.8594   207    40819.0000    40591.4489   447740    0.56%
   8683  2988        cutoff          40819.0000    40592.5200   454719    0.55%
   8726  3003    40735.7254   174    40819.0000    40593.4417   459994    0.55%
   8758  3014    40770.7857   212    40819.0000    40593.6958   464631    0.55%
Elapsed time = 49.46 sec. (77469.50 ticks, tree = 21.15 MB, solutions = 27)
   8802  3016    40644.5208   205    40819.0000    40595.6474   471719    0.55%
   8846  3030    40690.7387   236    40819.0000    40596.2354   477304    0.55%
   8881  3047    40812.9188   201    40819.0000    40596.8705   481995    0.54%
   8942  3070    40719.6365   160    40819.0000    40597.8177   487653    0.54%
   8978  3074    40907.9584   186    40819.0000    40599.5649   493386    0.54%
   9012  3079    40783.6800   130    40819.0000    40600.9508   499799    0.53%
   9098  3140    40812.0000    53    40819.0000    40600.9677   507038    0.53%
   9146  3152    40649.3819   180    40819.0000    40601.5958   513146    0.53%
   9203  3160        cutoff          40819.0000    40603.1940   519142    0.53%
   9262  3190    40704.4523   213    40819.0000    40604.2367   525572    0.53%
Elapsed time = 55.84 sec. (87612.34 ticks, tree = 23.27 MB, solutions = 27)
   9303  3199    40702.9637   226    40819.0000    40605.2283   531508    0.52%
   9364  3226    40648.7516   191    40819.0000    40605.8983   537218    0.52%
   9419  3241    40785.7321   159    40819.0000    40606.4769   543228    0.52%
   9469  3256    40708.7128   192    40819.0000    40607.2435   548841    0.52%
   9502  3264    40796.1762   188    40819.0000    40607.9293   555511    0.52%
   9599  3339    40612.5845   220    40819.0000    40608.1112   562402    0.52%
   9671  3357    40677.7926   197    40819.0000    40610.6441   570931    0.51%
   9723  3362        cutoff          40819.0000    40611.5522   578167    0.51%

Performing restart 2

Repeating presolve.
Tried aggregator 1 time.
MIP Presolve eliminated 0 rows and 32 columns.
MIP Presolve modified 452 coefficients.
Reduced MIP has 206 rows, 2506 columns, and 4998 nonzeros.
Reduced MIP has 2506 binaries, 0 generals, 0 SOSs, and 0 indicators.
Presolve time = 0.01 sec. (6.49 ticks)
Tried aggregator 1 time.
MIP Presolve modified 452 coefficients.
Reduced MIP has 206 rows, 2506 columns, and 4998 nonzeros.
Reduced MIP has 2506 binaries, 0 generals, 0 SOSs, and 0 indicators.
Presolve time = 0.01 sec. (7.63 ticks)
Represolve time = 0.15 sec. (98.73 ticks)
   9726     0    40188.6047   212    40819.0000      Cuts: 27   582135    0.51%
   9726     0    40206.0099   235    40819.0000      Cuts: 43   582658    0.51%
   9726     0    40206.4483   216    40819.0000      Cuts: 27   582995    0.51%
   9726     0    40208.4581   203    40819.0000      Cuts: 65   583376    0.51%
   9726     0    40208.4584   219    40819.0000      Cuts: 83   583586    0.51%
   9726     0    40228.2752   187    40819.0000      Cuts: 56   583812    0.51%
   9726     0    40231.0840   196    40819.0000      Cuts: 65   584008    0.51%
   9726     0    40235.0966   168    40819.0000      Cuts: 42   584168    0.51%
   9726     0    40239.2708   177    40819.0000      Cuts: 63   584310    0.51%
   9726     0    40239.2708   190    40819.0000      Cuts: 50   584471    0.51%
   9726     0    40239.2947   193    40819.0000      Cuts: 64   584660    0.51%

Repeating presolve.
Tried aggregator 1 time.
MIP Presolve eliminated 0 rows and 30 columns.
MIP Presolve modified 440 coefficients.
Reduced MIP has 206 rows, 2476 columns, and 4938 nonzeros.
Reduced MIP has 2476 binaries, 0 generals, 0 SOSs, and 0 indicators.
Presolve time = 0.01 sec. (6.41 ticks)
Tried aggregator 1 time.
MIP Presolve modified 440 coefficients.
Reduced MIP has 206 rows, 2476 columns, and 4938 nonzeros.
Reduced MIP has 2476 binaries, 0 generals, 0 SOSs, and 0 indicators.
Presolve time = 0.01 sec. (7.55 ticks)
Represolve time = 0.17 sec. (111.39 ticks)
   9726     0    40239.3646   185    40819.0000     Cuts: 108   586622    0.51%
   9726     0    40239.4776   175    40819.0000      Cuts: 69   586811    0.51%
   9726     0    40240.6792   188    40819.0000      Cuts: 73   587007    0.51%
   9726     0    40243.9850   163    40819.0000      Cuts: 85   587214    0.51%
   9726     0    40244.9569   178    40819.0000      Cuts: 70   587448    0.51%
*  9726+    0                        40802.0000    40611.5710             0.47%
   9726     0  -1.00000e+75     0    40802.0000    40611.5710   587448    0.47%
   9726     0    40250.0694   174    40802.0000      Cuts: 65   587564    0.47%
   9726     0    40250.6206   173    40802.0000      Cuts: 77   587656    0.47%
   9726     0    40251.0157   179    40802.0000      Cuts: 75   587800    0.47%
   9726     2    40251.0157   149    40802.0000    40611.5710   587800    0.47%
   9900   109    40357.7032   147    40802.0000    40611.5710   593874    0.47%
Elapsed time = 77.01 sec. (115977.19 ticks, tree = 0.41 MB, solutions = 28)
  10398   421    40736.5047   147    40802.0000    40611.5710   610528    0.47%
  10921   731    40615.1988   138    40802.0000    40611.5710   632030    0.47%
  11248   932    40694.4327   184    40802.0000    40611.5710   653217    0.47%
  11571  1079    40768.3947   154    40802.0000    40611.5710   676283    0.47%
  11955  1269    40793.0000    68    40802.0000    40613.3074   704429    0.46%
  12207  1356    40671.0394   175    40802.0000    40622.0467   730788    0.44%
  12431  1435        cutoff          40802.0000    40630.6481   755648    0.42%
* 12553   476      integral     0    40694.0000    40633.3081   763986    0.15%
  12726   455    40692.1328   174    40694.0000    40646.0749   785008    0.12%
  13037   340        cutoff          40694.0000    40671.6605   816687    0.05%
  13698   324    40685.0000    53    40694.0000    40685.0000   864793    0.02%
Elapsed time = 101.24 sec. (154525.43 ticks, tree = 2.55 MB, solutions = 29)
* 13834     1      integral     0    40685.0000    40685.0000   873608    0.00%

Clique cuts applied:  66
Cover cuts applied:  476
Flow cuts applied:  22
Mixed integer rounding cuts applied:  108
Zero-half cuts applied:  48
Lift and project cuts applied:  3
Gomory fractional cuts applied:  13

Root node processing (before b&c):
  Real time             =    1.04 sec. (1176.94 ticks)
Sequential b&c:
  Real time             =  100.63 sec. (153951.36 ticks)
                          ------------
Total (root+branch&cut) =  101.67 sec. (155128.30 ticks)
MIP: [1;32mCPLEX finished.[0m
MIP: [1;32mCPLEX status: Optimal[0m
MIP: [1;32mSolution: 
[13, 21, 2, 10, 13, 6, 22, 18, 20, 11, 12, 7, 21, 14, 18, 21, 7, 19, 1, 1, 26, 9, 3, 3, 4, 8, 8, 14, 4, 17, 12, 17, 1, 20, 16, 22, 2, 5, 16, 15, 19, 19, 10, 6, 23, 19, 23, 18, 5, 10][-1, 3, 11, 3, 15, 1, 5, 23, 22, 22, 18, 12, 10, 4, 20, 15, 5, 6, 23, 21, 8, 16, 9, 1, -1, -1, 12][-1, 15, -1, 6, 2, 2, 12, -1, 9, 16, 18, 7, 15, -1, -1, 16, 7, -1, 7, -1, 18, 7, 12, 9][-1, -1, 7, -1, -1, -1, 7, 2, -1, 2, -1, -1, 3, -1, -1, 12, 7, -1, 3, -1][0m
MIP: [1;32mObjective value: 40685[0m
MIP: [1;32mLower Bound: 40685[0m
MIP: [1;32mBranch-and-Bound nodes: 13835[0m

# best solution:
best objective value:	40685
best dual bound value:	40685
optimality gap:	0%
CPU time:	101.376
