ifile	/scratch/csagturk/mlbp_inst/n0050_m01__065.inst
prob	TNFMLBP
threads	1
ttime	900
instance: /scratch/csagturk/mlbp_inst/n0050_m01__065.inst
	m=1, n=[50, 28]
MIP: [1;32minit CPLEX[0m
CAN: [1;35mcreated 1400 x_{ijk} and f_{ijk} variables[0m
CAN: [1;35mcreated 78 y_{ij} variables[0m
MIP: [1;32mcreated decision variables[0m
MIP: [1;32mcreated constraints[0m
MIP: [1;32mcreated objective function[0m
MIP: [1;32mcalling CPLEX solve ...[0m
Version identifier: 22.1.0.0 | 2022-03-09 | 1a383f8ce
CPXPARAM_Threads                                 1
CPXPARAM_TimeLimit                               900
Tried aggregator 1 time.
MIP Presolve eliminated 51 rows and 1600 columns.
Reduced MIP has 78 rows, 1228 columns, and 2428 nonzeros.
Reduced MIP has 1228 binaries, 0 generals, 0 SOSs, and 0 indicators.
Presolve time = 0.01 sec. (4.94 ticks)
Found incumbent of value 14270.000000 after 0.02 sec. (9.10 ticks)
Probing time = 0.00 sec. (2.26 ticks)
Tried aggregator 1 time.
Detecting symmetries...
Reduced MIP has 78 rows, 1228 columns, and 2428 nonzeros.
Reduced MIP has 1228 binaries, 0 generals, 0 SOSs, and 0 indicators.
Presolve time = 0.00 sec. (2.74 ticks)
Probing time = 0.00 sec. (2.26 ticks)
Clique table members: 499.
MIP emphasis: balance optimality and feasibility.
MIP search method: dynamic search.
Parallel mode: none, using 1 thread.
Root relaxation solution time = 0.00 sec. (2.94 ticks)

        Nodes                                         Cuts/
   Node  Left     Objective  IInf  Best Integer    Best Bound    ItCnt     Gap

*     0+    0                        14270.0000        0.0000           100.00%
      0     0    12401.4667    33    14270.0000    12401.4667      224   13.09%
      0     0    12404.0000    49    14270.0000      Cuts: 68      355   13.08%
      0     0    12404.0000    47    14270.0000      Cuts: 56      455   13.08%
      0     0    12404.0000    52    14270.0000      Cuts: 56      559   13.08%
      0     0    12404.2857    45    14270.0000      Cuts: 45      657   13.07%
      0     0    12404.2857    41    14270.0000      Cuts: 45      771   13.07%
*     0+    0                        13210.0000    12404.2857             6.10%
*     0+    0                        13158.0000    12404.2857             5.73%
      0     2    12404.2857    18    13158.0000    12404.2857      771    5.73%
Elapsed time = 0.10 sec. (108.28 ticks, tree = 0.01 MB, solutions = 3)
*    70+   70                        12798.0000    12404.2857             3.08%
*    70+   70                        12786.0000    12404.2857             2.99%
*    90+   90                        12734.0000    12404.2857             2.59%
*    92    84      integral     0    12562.0000    12404.2857     1616    1.26%
    503   376    12406.2368    66    12562.0000    12404.2857     6225    1.26%
    890   699    12406.9579    40    12562.0000    12404.2857    12285    1.26%

Performing restart 1

Repeating presolve.
Tried aggregator 1 time.
MIP Presolve eliminated 0 rows and 7 columns.
Reduced MIP has 78 rows, 1221 columns, and 2421 nonzeros.
Reduced MIP has 1221 binaries, 0 generals, 0 SOSs, and 0 indicators.
Presolve time = 0.00 sec. (2.13 ticks)
Tried aggregator 1 time.
Reduced MIP has 78 rows, 1221 columns, and 2421 nonzeros.
Reduced MIP has 1221 binaries, 0 generals, 0 SOSs, and 0 indicators.
Presolve time = 0.00 sec. (2.79 ticks)
Represolve time = 0.02 sec. (15.47 ticks)
   1013     0    12421.9798    45    12562.0000      Cuts: 63    14931    1.11%
   1013     0    12434.3516    58    12562.0000      Cuts: 69    15050    1.02%
   1013     0    12434.3516    77    12562.0000      Cuts: 78    15256    1.02%
   1013     0    12437.3863    40    12562.0000      Cuts: 45    15366    0.99%
   1013     0    12437.3863    47    12562.0000      Cuts: 61    15479    0.99%
   1013     0    12437.3863    44    12562.0000      Cuts: 45    15602    0.99%
   1013     0    12437.3863    41    12562.0000      Cuts: 22    15671    0.99%
   1013     2    12437.3863    28    12562.0000    12438.0507    15671    0.99%
   1113    65    12559.0000    21    12562.0000    12460.6000    16258    0.81%
   1213   134    12561.0000    32    12562.0000    12465.6667    17186    0.77%
*  1313+   64                        12552.0000    12465.9333             0.69%
   1313    64    12552.0000     0    12552.0000    12465.9333    18023    0.69%
   1522   163    12516.0000    38    12552.0000    12516.0000    19880    0.29%
*  1558     1      integral     0    12516.0000    12516.0000    20049    0.00%

Clique cuts applied:  6
Cover cuts applied:  34
Flow cuts applied:  1
Mixed integer rounding cuts applied:  9
Zero-half cuts applied:  8
Lift and project cuts applied:  4
Gomory fractional cuts applied:  14

Root node processing (before b&c):
  Real time             =    0.10 sec. (108.52 ticks)
Sequential b&c:
  Real time             =    2.88 sec. (3576.17 ticks)
                          ------------
Total (root+branch&cut) =    2.98 sec. (3684.69 ticks)
MIP: [1;32mCPLEX finished.[0m
MIP: [1;32mCPLEX status: Optimal[0m
MIP: [1;32mSolution: 
[27, 23, 11, 9, 25, 14, 21, 11, 26, 20, 9, 19, 1, 27, 12, 27, 10, 8, 16, 19, 7, 9, 11, 20, 13, 12, 26, 21, 24, 13, 0, 7, 23, 6, 12, 15, 8, 1, 25, 22, 22, 15, 21, 18, 25, 26, 6, 24, 0, 19][0m
MIP: [1;32mObjective value: 12516[0m
MIP: [1;32mLower Bound: 12516[0m
MIP: [1;32mBranch-and-Bound nodes: 1559[0m

# best solution:
best objective value:	12516
best dual bound value:	12516
optimality gap:	0%
CPU time:	2.94534
