ifile	/scratch/csagturk/mlbp_inst/n0050_m02__089.inst
prob	TNFMLBP
threads	1
ttime	900
instance: /scratch/csagturk/mlbp_inst/n0050_m02__089.inst
	m=2, n=[50, 26, 18]
MIP: [1;32minit CPLEX[0m
CAN: [1;35mcreated 1768 x_{ijk} and f_{ijk} variables[0m
CAN: [1;35mcreated 94 y_{ij} variables[0m
MIP: [1;32mcreated decision variables[0m
MIP: [1;32mcreated constraints[0m
MIP: [1;32mcreated objective function[0m
MIP: [1;32mcalling CPLEX solve ...[0m
Version identifier: 22.1.0.0 | 2022-03-09 | 1a383f8ce
CPXPARAM_Threads                                 1
CPXPARAM_TimeLimit                               900
Tried aggregator 2 times.
MIP Presolve eliminated 51 rows and 2011 columns.
MIP Presolve modified 94 coefficients.
Aggregator did 104 substitutions.
Reduced MIP has 276 rows, 1725 columns, and 3432 nonzeros.
Reduced MIP has 1647 binaries, 0 generals, 0 SOSs, and 52 indicators.
Presolve time = 0.01 sec. (11.32 ticks)
Found incumbent of value 26612.000000 after 0.02 sec. (21.05 ticks)
Probing fixed 0 vars, tightened 26 bounds.
Probing changed sense of 26 constraints.
Probing time = 0.01 sec. (6.21 ticks)
Tried aggregator 1 time.
MIP Presolve eliminated 156 rows and 182 columns.
Reduced MIP has 120 rows, 1543 columns, and 3068 nonzeros.
Reduced MIP has 1543 binaries, 0 generals, 0 SOSs, and 0 indicators.
Presolve time = 0.00 sec. (3.69 ticks)
Probing time = 0.00 sec. (2.26 ticks)
Tried aggregator 1 time.
Detecting symmetries...
Reduced MIP has 120 rows, 1543 columns, and 3068 nonzeros.
Reduced MIP has 1543 binaries, 0 generals, 0 SOSs, and 0 indicators.
Presolve time = 0.00 sec. (3.06 ticks)
Probing time = 0.00 sec. (2.26 ticks)
Clique table members: 735.
MIP emphasis: balance optimality and feasibility.
MIP search method: dynamic search.
Parallel mode: none, using 1 thread.
Root relaxation solution time = 0.00 sec. (4.54 ticks)

        Nodes                                         Cuts/
   Node  Left     Objective  IInf  Best Integer    Best Bound    ItCnt     Gap

*     0+    0                        26612.0000        0.0000           100.00%
      0     0    20390.4314    53    26612.0000    20390.4314      345   23.38%
      0     0    20395.0526    72    26612.0000      Cuts: 83      487   23.36%
      0     0    20395.0526    77    26612.0000      Cuts: 94      665   23.36%
      0     0    20395.0526    72    26612.0000      Cuts: 50      811   23.36%
      0     0    20395.0526    93    26612.0000      Cuts: 73      991   23.36%
*     0+    0                        22752.0000    20395.0526            10.36%
*     0+    0                        22332.0000    20395.0526             8.67%
*     0+    0                        21677.0000    20395.0526             5.91%
      0     0  -1.00000e+75     0    21677.0000    20395.0526      991    5.91%
      0     2    20395.0526    42    21677.0000    20395.0526      991    5.91%
Elapsed time = 0.15 sec. (179.22 ticks, tree = 0.01 MB, solutions = 4)
*   204   186      integral     0    21177.0000    20395.0526     2825    3.69%
*   340+  267                        20987.0000    20395.0526             2.82%
    420   342    20395.0526    57    20987.0000    20395.0526     5148    2.82%
*   453+  372                        20972.0000    20395.0526             2.75%
*   454+  370                        20963.0000    20395.0526             2.71%
    454   372    20395.0526    52    20963.0000    20395.0526     5732    2.71%

Performing restart 1

Repeating presolve.
Tried aggregator 1 time.
MIP Presolve modified 227 coefficients.
Reduced MIP has 120 rows, 1543 columns, and 3068 nonzeros.
Reduced MIP has 1543 binaries, 0 generals, 0 SOSs, and 0 indicators.
Presolve time = 0.01 sec. (4.19 ticks)
Tried aggregator 1 time.
MIP Presolve modified 119 coefficients.
Reduced MIP has 120 rows, 1543 columns, and 3068 nonzeros.
Reduced MIP has 1543 binaries, 0 generals, 0 SOSs, and 0 indicators.
Presolve time = 0.01 sec. (4.81 ticks)
Represolve time = 0.03 sec. (20.77 ticks)
    564     0    20383.5469    78    20963.0000      Cuts: 96     8040    2.71%
    564     0    20386.1942    97    20963.0000      Cuts: 90     8251    2.71%
    564     0    20387.4381   118    20963.0000     Cuts: 123     8567    2.71%
    564     0    20391.1456    98    20963.0000     Cuts: 111     8790    2.71%
    564     0    20398.5037   120    20963.0000     Cuts: 100     9055    2.69%
    564     0    20399.1565    80    20963.0000      Cuts: 83     9248    2.69%
    564     0    20399.2676   101    20963.0000      Cuts: 97     9445    2.69%
    564     0    20399.3115    95    20963.0000      Cuts: 96     9620    2.69%
    564     0    20399.4290    82    20963.0000     Cuts: 102     9801    2.69%
    564     0    20399.4290    87    20963.0000      Cuts: 89    10050    2.69%
    564     0    20399.4290    82    20963.0000      Cuts: 45    10326    2.69%
    564     0    20399.4290    84    20963.0000      Cuts: 33    10492    2.69%
    564     0    20399.4290   103    20963.0000      Cuts: 45    10675    2.69%
    564     2    20399.4290    76    20963.0000    20399.8033    10675    2.69%
    616    49    20552.7765    73    20963.0000    20410.2857    11439    2.64%
*   664+   52                        20647.0000    20416.3358             1.12%
    664    54    20428.8763    55    20647.0000    20416.3358    11922    1.12%
    764   102    20486.0824    62    20647.0000    20425.5082    12766    1.07%
    864   164    20590.1188    58    20647.0000    20433.3601    13874    1.03%
    964   231    20512.1919    69    20647.0000    20436.4656    15067    1.02%
   1124   319    20588.0000    39    20647.0000    20445.0239    16986    0.98%
   1562   514    20508.5558    96    20647.0000    20468.1801    27205    0.87%
Elapsed time = 3.78 sec. (5039.58 ticks, tree = 1.37 MB, solutions = 9)
   1867   630    20499.2086    78    20647.0000    20486.5346    39306    0.78%
   2089   674    20566.3840    83    20647.0000    20496.8182    51867    0.73%
   2203   667    20609.1652   127    20647.0000    20507.4762    63718    0.68%
   2326   689    20550.6159   134    20647.0000    20513.5727    75680    0.65%
   2413   689    20545.6534   158    20647.0000    20520.0000    87424    0.62%
   2477   688    20621.9954   144    20647.0000    20522.5238    99165    0.60%
   2561   685    20622.2916   101    20647.0000    20525.9778   110317    0.59%
   2646   670    20626.1697   101    20647.0000    20531.6667   122191    0.56%
   2748   648    20543.2995   131    20647.0000    20539.2738   132463    0.52%
   2868   679    20588.0569   155    20647.0000    20543.8750   143930    0.50%
Elapsed time = 9.97 sec. (14776.33 ticks, tree = 2.32 MB, solutions = 9)
   2973   694        cutoff          20647.0000    20547.2548   156537    0.48%
   3033   665    20594.5281   129    20647.0000    20552.5089   167474    0.46%
   3118   644    20563.4876   161    20647.0000    20559.9474   179261    0.42%
   3207   616    20643.9273   135    20647.0000    20567.1984   193423    0.39%
   3290   594    20570.0000   135    20647.0000    20570.0000   207599    0.37%
   3427   674    20570.0000   128    20647.0000    20570.0000   220403    0.37%
   3796   922    20570.0000    73    20647.0000    20570.0000   232262    0.37%
   4194  1096    infeasible          20647.0000    20570.0000   247244    0.37%
   4472  1224    infeasible          20647.0000    20570.0000   263707    0.37%
   4914  1380    20570.1770    98    20647.0000    20570.0000   280676    0.37%
Elapsed time = 16.27 sec. (24420.07 ticks, tree = 7.29 MB, solutions = 9)
   5064  1507    20570.0000   100    20647.0000    20570.0000   285887    0.37%
   5544  1902    20570.0000    75    20647.0000    20570.0000   305231    0.37%
   5960  2245    20570.0000    54    20647.0000    20570.0000   321816    0.37%
   6414  2614    20570.0000    71    20647.0000    20570.0000   338709    0.37%
   6975  3061    20570.0000    89    20647.0000    20570.0000   356165    0.37%
   7386  3259    20570.0000    65    20647.0000    20570.0000   375050    0.37%
   7855  3404    20570.0000    71    20647.0000    20570.0000   394589    0.37%
   8324  3539    20570.0000    24    20647.0000    20570.0000   414355    0.37%
   8829  3748    infeasible          20647.0000    20570.0000   433377    0.37%
   9261  3920    20570.0000    52    20647.0000    20570.0000   450977    0.37%
Elapsed time = 23.55 sec. (35239.60 ticks, tree = 23.82 MB, solutions = 9)
   9604  4063    20570.0000    35    20647.0000    20570.0000   464761    0.37%
  10105  4248    20570.0000    46    20647.0000    20570.0000   484892    0.37%
  10609  4422    infeasible          20647.0000    20570.0000   504759    0.37%
  11133  4592    20570.0000    36    20647.0000    20570.0000   525349    0.37%
  11640  4779    20570.0000    64    20647.0000    20570.0000   545928    0.37%
  12118  4943    20570.0000    70    20647.0000    20570.0000   565577    0.37%
  12544  5093    20570.0000    52    20647.0000    20570.0000   584165    0.37%
  13033  5290    20570.0000    52    20647.0000    20570.0000   602544    0.37%
  13542  5469    20570.0000    71    20647.0000    20570.0000   622635    0.37%
  14028  5627    infeasible          20647.0000    20570.0000   643287    0.37%
Elapsed time = 34.67 sec. (49588.73 ticks, tree = 35.05 MB, solutions = 9)
  14504  5803    20570.0000    45    20647.0000    20570.0000   664001    0.37%
  15025  6020    20570.0000    76    20647.0000    20570.0000   684614    0.37%
  15534  6205    infeasible          20647.0000    20570.0000   705073    0.37%
  16006  6377    20570.0000    68    20647.0000    20570.0000   723614    0.37%
  16468  6540    20570.0000    39    20647.0000    20570.0000   742079    0.37%
  16947  6685    20570.0000    34    20647.0000    20570.0000   761987    0.37%
  17462  6865    20570.0000    83    20647.0000    20570.0000   782437    0.37%
  17989  7032    20570.0000    57    20647.0000    20570.0000   803396    0.37%
  18506  7221    20570.0000    77    20647.0000    20570.0000   823470    0.37%
  18975  7419    20570.0000    29    20647.0000    20570.0000   842676    0.37%
Elapsed time = 41.07 sec. (59147.62 ticks, tree = 46.66 MB, solutions = 9)
  19475  7581    20570.0000    58    20647.0000    20570.0000   863190    0.37%
  19951  7756    infeasible          20647.0000    20570.0000   883465    0.37%
  20442  7959    20570.0000    71    20647.0000    20570.0000   902580    0.37%
  20914  8093    infeasible          20647.0000    20570.0000   922541    0.37%
  21389  8260    20570.0000    56    20647.0000    20570.0000   942173    0.37%
  21914  8498    20570.0000    71    20647.0000    20570.0000   961672    0.37%
  22422  8667    20570.0000    72    20647.0000    20570.0000   982860    0.37%
  22930  8813    20570.0000    70    20647.0000    20570.0000  1003988    0.37%
  23364  8953    20570.0000    35    20647.0000    20570.0000  1020991    0.37%
  23900  9119    20570.0000    73    20647.0000    20570.0000  1042759    0.37%
Elapsed time = 48.20 sec. (69669.79 ticks, tree = 58.03 MB, solutions = 9)
  24399  9266    20570.0000    25    20647.0000    20570.0000  1064047    0.37%
  24862  9452    20570.0000    28    20647.0000    20570.0000  1083591    0.37%
  25344  9596    infeasible          20647.0000    20570.0000  1103428    0.37%
  25801  9738    infeasible          20647.0000    20570.0000  1122852    0.37%
  26296  9877    20570.0000    76    20647.0000    20570.0000  1143645    0.37%
  26860 10045    20570.0000    39    20647.0000    20570.0000  1163926    0.37%
  27413 10221    20570.0000    69    20647.0000    20570.0000  1185034    0.37%
  27942 10378    20570.0000    56    20647.0000    20570.0000  1206065    0.37%
  28516 10527    20570.0000    30    20647.0000    20570.0000  1226676    0.37%
  29047 10709    20570.0000    56    20647.0000    20570.0000  1247687    0.37%
Elapsed time = 54.64 sec. (79217.97 ticks, tree = 68.36 MB, solutions = 9)
  29590 10848    20570.0000    42    20647.0000    20570.0000  1268735    0.37%
  30156 10996    20570.0000    73    20647.0000    20570.0000  1287564    0.37%
  30719 11112    20570.0000    63    20647.0000    20570.0000  1306204    0.37%
  31208 11270    20570.0000    64    20647.0000    20570.0000  1325420    0.37%
  31762 11458    infeasible          20647.0000    20570.0000  1345446    0.37%
  32304 11608    20570.0000    53    20647.0000    20570.0000  1366453    0.37%
  32839 11740    20570.0000    62    20647.0000    20570.0000  1387704    0.37%
  33418 11901    20570.0000    68    20647.0000    20570.0000  1408454    0.37%
  33965 12048    20570.0000    65    20647.0000    20570.0000  1429629    0.37%
  34164 12117    20570.0000    26    20647.0000    20570.0000  1436955    0.37%
Elapsed time = 61.59 sec. (89426.19 ticks, tree = 77.51 MB, solutions = 9)
  34720 12263    20570.0000    40    20647.0000    20570.0000  1458351    0.37%
  35263 12390    20570.0000    31    20647.0000    20570.0000  1478815    0.37%
  35795 12534    infeasible          20647.0000    20570.0000  1498459    0.37%
  36341 12702    20570.0000    53    20647.0000    20570.0000  1517264    0.37%
  36847 12836    infeasible          20647.0000    20570.0000  1536892    0.37%
  37366 12964    20570.0000    71    20647.0000    20570.0000  1557452    0.37%
  37959 13190    20570.0000    75    20647.0000    20570.0000  1576198    0.37%
  38584 13418    20570.0000    61    20647.0000    20570.0000  1596675    0.37%
  39169 13616    20570.0000    64    20647.0000    20570.0000  1617637    0.37%
  41330 14285    20570.0000    77    20647.0000    20570.0000  1700461    0.37%
Elapsed time = 70.00 sec. (101858.37 ticks, tree = 91.61 MB, solutions = 9)
  43499 14992    20570.0000    67    20647.0000    20570.0000  1779693    0.37%
  45758 15631    20570.0000    61    20647.0000    20570.0000  1863211    0.37%
  47464 16170    20570.0000    40    20647.0000    20570.0000  1923213    0.37%
  49528 16723    20570.0000    56    20647.0000    20570.0000  2003954    0.37%
  51894 17305    20570.0000    61    20647.0000    20570.0000  2086607    0.37%
  54114 17970    20570.0000    56    20647.0000    20570.0000  2169852    0.37%
  56287 18619    infeasible          20647.0000    20570.0000  2252431    0.37%
  58461 19333        cutoff          20647.0000    20570.0000  2337571    0.37%
  60660 20046    infeasible          20647.0000    20570.0000  2425631    0.37%
  62164 20473    20570.0000    24    20647.0000    20570.0000  2487904    0.37%
Elapsed time = 96.51 sec. (140629.49 ticks, tree = 132.55 MB, solutions = 9)
  64437 21222    20570.0000    48    20647.0000    20570.0000  2568586    0.37%
  67199 21630        cutoff          20647.0000    20570.0000  2649932    0.37%
  69900 22003    20570.0000    29    20647.0000    20570.0000  2732687    0.37%
  73107 22350    infeasible          20647.0000    20570.0000  2803846    0.37%
  76806 22638        cutoff          20647.0000    20570.0000  2875411    0.37%
  80386 22828    infeasible          20647.0000    20570.0000  2950784    0.37%
  83364 22756    20570.0000    25    20647.0000    20570.0000  3020345    0.37%
  86385 22941    20570.0000    22    20647.0000    20570.0000  3102530    0.37%
  89519 23219    20570.0000    40    20647.0000    20570.0000  3185332    0.37%
  92942 23434    20570.0000    37    20647.0000    20570.0000  3260739    0.37%
Elapsed time = 123.93 sec. (179263.16 ticks, tree = 151.82 MB, solutions = 9)
  96679 23645    20570.0000    11    20647.0000    20570.0000  3331961    0.37%
 100064 24049    20570.0000    24    20647.0000    20570.0000  3400257    0.37%
 103524 24352    20570.0000     9    20647.0000    20570.0000  3474178    0.37%
 106821 24628    20570.0000    20    20647.0000    20570.0000  3544264    0.37%
 110137 24842    infeasible          20647.0000    20570.0000  3609664    0.37%
 113737 24970        cutoff          20647.0000    20570.0000  3681221    0.37%
 117291 25249    infeasible          20647.0000    20570.0000  3756562    0.37%
 120908 25376    20570.0000     7    20647.0000    20570.0000  3825083    0.37%
 124081 25526    20570.0000     5    20647.0000    20570.0000  3892683    0.37%
 126899 25668    20570.0000    41    20647.0000    20570.0000  3961346    0.37%
Elapsed time = 153.89 sec. (218968.47 ticks, tree = 166.39 MB, solutions = 9)
 130458 25762    infeasible          20647.0000    20570.0000  4029779    0.37%
 133809 25773    infeasible          20647.0000    20570.0000  4100352    0.37%
 135705 25803    20570.0000    27    20647.0000    20570.0000  4142237    0.37%
 139287 25728    20570.0000    38    20647.0000    20570.0000  4220487    0.37%
 142989 25784    20570.0000     9    20647.0000    20570.0000  4293227    0.37%
 146432 25981    20570.0000    12    20647.0000    20570.0000  4360046    0.37%
 149753 26024        cutoff          20647.0000    20570.0000  4436178    0.37%
 153403 25991        cutoff          20647.0000    20570.0000  4511385    0.37%
 156568 25866        cutoff          20647.0000    20570.0000  4596310    0.37%
 159622 26153    20570.0000     9    20647.0000    20570.0000  4675457    0.37%
Elapsed time = 181.84 sec. (257123.08 ticks, tree = 169.54 MB, solutions = 9)
 163329 26272    20570.0000    32    20647.0000    20570.0000  4748868    0.37%
 166464 26347    20570.0000    17    20647.0000    20570.0000  4819593    0.37%
 169743 26639    20570.0000    11    20647.0000    20570.0000  4893127    0.37%
 173023 26611        cutoff          20647.0000    20570.0000  4964228    0.37%
 176101 26865    infeasible          20647.0000    20570.0000  5042515    0.37%
 179119 26911    infeasible          20647.0000    20570.0000  5116007    0.37%
 183427 27079    infeasible          20647.0000    20570.0000  5177788    0.37%
 188014 27179    20570.0000    40    20647.0000    20570.0000  5243587    0.37%
 190699 27221        cutoff          20647.0000    20570.0000  5280436    0.37%
 194675 27339    infeasible          20647.0000    20570.0000  5349098    0.37%
Elapsed time = 210.52 sec. (295942.42 ticks, tree = 177.26 MB, solutions = 9)
 197724 27414    infeasible          20647.0000    20570.0000  5427326    0.37%
 201374 27869    20570.0000    18    20647.0000    20570.0000  5497677    0.37%
 205111 28229    infeasible          20647.0000    20570.0000  5566606    0.37%
 209024 28488    20570.0000    13    20647.0000    20570.0000  5637033    0.37%
 212892 28665    20570.0000     6    20647.0000    20570.0000  5705109    0.37%
 216322 28801    infeasible          20647.0000    20570.0000  5769187    0.37%
 219578 29162    infeasible          20647.0000    20570.0000  5833694    0.37%
 223366 29216    20570.0000    10    20647.0000    20570.0000  5903044    0.37%
 227317 29282    infeasible          20647.0000    20570.0000  5970986    0.37%
 230535 29418    20570.0000    30    20647.0000    20570.0000  6033489    0.37%
Elapsed time = 239.21 sec. (334096.83 ticks, tree = 190.79 MB, solutions = 9)
 234982 29487    infeasible          20647.0000    20570.0000  6098942    0.37%
 238963 29580    infeasible          20647.0000    20570.0000  6166464    0.37%
 241564 29484    20570.0000    16    20647.0000    20570.0000  6214989    0.37%
 245555 29688    infeasible          20647.0000    20570.0000  6287566    0.37%
 249262 29968        cutoff          20647.0000    20570.0000  6361817    0.37%
 252870 29765    20570.0000    26    20647.0000    20570.0000  6428133    0.37%
 257107 29822        cutoff          20647.0000    20570.0000  6499207    0.37%
 260956 29894    20570.0000    37    20647.0000    20570.0000  6569332    0.37%
 265228 29756    20570.0000    35    20647.0000    20570.0000  6643751    0.37%
 269401 29531    20570.0000    12    20647.0000    20570.0000  6720226    0.37%
Elapsed time = 267.76 sec. (372479.49 ticks, tree = 191.52 MB, solutions = 9)
 272468 29800        cutoff          20647.0000    20570.0000  6796347    0.37%
 274464 29898    20570.0000    38    20647.0000    20570.0000  6851617    0.37%
 277492 30333    20570.0000    37    20647.0000    20570.0000  6933797    0.37%
 280919 30251    20570.0000    14    20647.0000    20570.0000  7008463    0.37%
 284090 30042    infeasible          20647.0000    20570.0000  7084646    0.37%
 288165 30029        cutoff          20647.0000    20570.0000  7161381    0.37%
 291773 30281    infeasible          20647.0000    20570.0000  7223210    0.37%
 295293 30564        cutoff          20647.0000    20570.0000  7297505    0.37%
 298932 30893    20570.0000    14    20647.0000    20570.0000  7367848    0.37%
 301459 30952    infeasible          20647.0000    20570.0000  7414473    0.37%
Elapsed time = 295.97 sec. (410636.98 ticks, tree = 200.78 MB, solutions = 9)
 305114 30953    20570.0000    23    20647.0000    20570.0000  7481301    0.37%
 308586 31123    infeasible          20647.0000    20570.0000  7553540    0.37%
 311694 31269    infeasible          20647.0000    20570.0000  7630639    0.37%
 315671 31091    20570.0000    26    20647.0000    20570.0000  7702192    0.37%
 319014 31086    20570.0000    19    20647.0000    20570.0000  7763971    0.37%
 323181 30957    infeasible          20647.0000    20570.0000  7836967    0.37%
 326572 31028    20570.0000    28    20647.0000    20570.0000  7903582    0.37%
 330214 30913    20570.0000    34    20647.0000    20570.0000  7972724    0.37%
 333922 30893    20570.0000    18    20647.0000    20570.0000  8049573    0.37%
 336767 31178    20570.0000    38    20647.0000    20570.0000  8130870    0.37%
Elapsed time = 324.99 sec. (448793.96 ticks, tree = 202.25 MB, solutions = 9)
 338838 31320    20570.0000    31    20647.0000    20570.0000  8195536    0.37%
 341557 31472        cutoff          20647.0000    20570.0000  8278273    0.37%
 344789 31646    20570.0000    19    20647.0000    20570.0000  8353958    0.37%
 347728 31841    infeasible          20647.0000    20570.0000  8435429    0.37%
 350777 32056    20570.0000    35    20647.0000    20570.0000  8516074    0.37%
 353925 32157        cutoff          20647.0000    20570.0000  8589945    0.37%
 356470 32594    20570.0000     3    20647.0000    20570.0000  8654736    0.37%
 359297 33179        cutoff          20647.0000    20570.0000  8736067    0.37%
 362094 33796    20570.0000    46    20647.0000    20570.0000  8815920    0.37%
 364772 34262    20570.0000    31    20647.0000    20570.0000  8895965    0.37%
Elapsed time = 352.77 sec. (486947.90 ticks, tree = 223.72 MB, solutions = 9)
 367564 34545    20570.0000    15    20647.0000    20570.0000  8977845    0.37%
 370206 34930    infeasible          20647.0000    20570.0000  9062654    0.37%
 373321 35054    infeasible          20647.0000    20570.0000  9143618    0.37%
 376244 35085    20570.0000     8    20647.0000    20570.0000  9225588    0.37%
 378557 35031    20570.0000    35    20647.0000    20570.0000  9286176    0.37%
 381856 34701    infeasible          20647.0000    20570.0000  9370644    0.37%
 384615 34757    20570.0000    37    20647.0000    20570.0000  9451775    0.37%
 387603 35272    20570.0000     9    20647.0000    20570.0000  9533733    0.37%
 390838 35786        cutoff          20647.0000    20570.0000  9613270    0.37%
 393947 36361    20570.0000    37    20647.0000    20570.0000  9694162    0.37%
Elapsed time = 380.48 sec. (525550.62 ticks, tree = 237.38 MB, solutions = 9)
 396964 36866    20570.0000     5    20647.0000    20570.0000  9773003    0.37%
 400315 37333    infeasible          20647.0000    20570.0000  9852463    0.37%
 403797 37387    infeasible          20647.0000    20570.0000  9933822    0.37%
 406905 37873    20570.0000    38    20647.0000    20570.0000 10012904    0.37%
 409907 38566    infeasible          20647.0000    20570.0000 10093944    0.37%
 413204 39089    20570.0000    32    20647.0000    20570.0000 10175048    0.37%
 416515 39563    20570.0000    13    20647.0000    20570.0000 10252290    0.37%
 420071 40146    infeasible          20647.0000    20570.0000 10333219    0.37%
 423497 40162    20570.0000    24    20647.0000    20570.0000 10409816    0.37%
 426654 40843    20570.0000     7    20647.0000    20570.0000 10487843    0.37%
Elapsed time = 408.96 sec. (565312.83 ticks, tree = 266.58 MB, solutions = 9)
 429208 41541    infeasible          20647.0000    20570.0000 10565745    0.37%
 431306 41883    infeasible          20647.0000    20570.0000 10625183    0.37%
 434501 42482    20570.0000    32    20647.0000    20570.0000 10702520    0.37%
 437323 42892    20570.0000    23    20647.0000    20570.0000 10781320    0.37%
 439806 43478    20570.0000    42    20647.0000    20570.0000 10864947    0.37%
 442634 43793        cutoff          20647.0000    20570.0000 10944124    0.37%
 445071 44339    20570.0000    47    20647.0000    20570.0000 11021793    0.37%
 447585 44653    20570.0000    22    20647.0000    20570.0000 11101115    0.37%
 450168 45036    20570.0000    39    20647.0000    20570.0000 11168826    0.37%
 453179 45422    20570.0000    32    20647.0000    20570.0000 11250100    0.37%
Elapsed time = 437.13 sec. (603474.42 ticks, tree = 296.49 MB, solutions = 9)
 456004 45767    20570.0000    26    20647.0000    20570.0000 11334437    0.37%
 459121 46486    20570.0000    17    20647.0000    20570.0000 11412790    0.37%
 461388 46922    infeasible          20647.0000    20570.0000 11463373    0.37%
 464548 47372    20570.0000    22    20647.0000    20570.0000 11545610    0.37%
 467899 48016    20570.0000    22    20647.0000    20570.0000 11625578    0.37%
 470942 48435    20570.0000    24    20647.0000    20570.0000 11706750    0.37%
 474134 48391    20570.0000    11    20647.0000    20570.0000 11785931    0.37%
 477388 48656    infeasible          20647.0000    20570.0000 11865640    0.37%
 480227 49173    infeasible          20647.0000    20570.0000 11949608    0.37%
 483556 49615    20570.0000    21    20647.0000    20570.0000 12031421    0.37%
Elapsed time = 464.21 sec. (641637.22 ticks, tree = 323.81 MB, solutions = 9)
 486264 49551    20570.0000    28    20647.0000    20570.0000 12104895    0.37%
 488502 49939    20570.0000    38    20647.0000    20570.0000 12190373    0.37%
 490603 50294    infeasible          20647.0000    20570.0000 12278022    0.37%
 493166 50015    20570.0000    41    20647.0000    20570.0000 12365267    0.37%
 495366 50158    20570.0000    37    20647.0000    20570.0000 12452221    0.37%
 497876 50627    20570.0000    33    20647.0000    20570.0000 12539620    0.37%
 499964 50977    20570.0000    40    20647.0000    20570.0000 12626763    0.37%
 502045 51388    infeasible          20647.0000    20570.0000 12713372    0.37%
 503864 51851    20570.0000     8    20647.0000    20570.0000 12798724    0.37%
 506025 52116    infeasible          20647.0000    20570.0000 12887797    0.37%
Elapsed time = 492.31 sec. (681393.86 ticks, tree = 340.11 MB, solutions = 9)
 508160 52101    20570.0000     3    20647.0000    20570.0000 12979114    0.37%
 510873 51919    20570.0000    19    20647.0000    20570.0000 13062031    0.37%
 512947 52383    20570.0000    35    20647.0000    20570.0000 13139760    0.37%
 515007 52808    20570.0000    36    20647.0000    20570.0000 13225987    0.37%
 516971 52694    infeasible          20647.0000    20570.0000 13319295    0.37%
 518354 52395    20570.0000    38    20647.0000    20570.0000 13367784    0.37%
 520333 52686    20570.0000    23    20647.0000    20570.0000 13454464    0.37%
 522077 52947    infeasible          20647.0000    20570.0000 13542063    0.37%
 524260 53378    20570.0000    35    20647.0000    20570.0000 13627497    0.37%
 526335 53991    20570.0000    34    20647.0000    20570.0000 13715370    0.37%
Elapsed time = 519.79 sec. (719553.37 ticks, tree = 352.34 MB, solutions = 9)
 528640 54347    20570.0000    29    20647.0000    20570.0000 13800957    0.37%
 530870 54764    infeasible          20647.0000    20570.0000 13891185    0.37%
 533344 55258    20570.0000     7    20647.0000    20570.0000 13975541    0.37%
 535639 55698    infeasible          20647.0000    20570.0000 14061747    0.37%
 537686 56272    20570.0000    40    20647.0000    20570.0000 14151690    0.37%
 539127 56457    20570.0000    32    20647.0000    20570.0000 14214186    0.37%
 541383 56796    20570.0000    32    20647.0000    20570.0000 14300618    0.37%
 543293 56654    20570.0000     5    20647.0000    20570.0000 14391141    0.37%
 545003 56938    20570.0000    33    20647.0000    20570.0000 14484359    0.37%
 547115 57096    infeasible          20647.0000    20570.0000 14572408    0.37%
Elapsed time = 546.73 sec. (757715.13 ticks, tree = 372.60 MB, solutions = 9)
 549422 56598    infeasible          20647.0000    20570.0000 14662124    0.37%
 551589 56755    20570.0000    34    20647.0000    20570.0000 14753191    0.37%
 552894 56699    20570.0000    36    20647.0000    20570.0000 14809301    0.37%
 554987 56459    20570.0000     5    20647.0000    20570.0000 14897615    0.37%
 557649 55055    infeasible          20647.0000    20570.0000 14988362    0.37%
 560076 55099    20570.0000    33    20647.0000    20570.0000 15078873    0.37%
 562626 54756    20570.0000    32    20647.0000    20570.0000 15166280    0.37%
 565097 54632    20570.0000    28    20647.0000    20570.0000 15252589    0.37%
 568106 53774    infeasible          20647.0000    20570.0000 15341779    0.37%
 570621 54165        cutoff          20647.0000    20570.0000 15429541    0.37%
Elapsed time = 573.86 sec. (795876.96 ticks, tree = 353.49 MB, solutions = 9)
 573064 54048    20570.0000    33    20647.0000    20570.0000 15515236    0.37%
 575449 52447    20570.0000    39    20647.0000    20570.0000 15610320    0.37%
 577801 52533    20570.0000    29    20647.0000    20570.0000 15700754    0.37%
 579491 52383    20570.0000    24    20647.0000    20570.0000 15768122    0.37%
 581662 52595    20570.0000    34    20647.0000    20570.0000 15856742    0.37%
 584097 52525    infeasible          20647.0000    20570.0000 15944188    0.37%
 586216 52733    20570.0000    36    20647.0000    20570.0000 16029936    0.37%
 588119 52691    20570.0000    30    20647.0000    20570.0000 16096747    0.37%
 590390 52971    infeasible          20647.0000    20570.0000 16183769    0.37%
 592922 53006    infeasible          20647.0000    20570.0000 16270729    0.37%
Elapsed time = 601.26 sec. (834941.31 ticks, tree = 345.94 MB, solutions = 9)
 595601 53439    infeasible          20647.0000    20570.0000 16355745    0.37%
 598500 53813    20570.0000     7    20647.0000    20570.0000 16437232    0.37%
 601085 54181    20570.0000    39    20647.0000    20570.0000 16522571    0.37%
 602214 54068    20570.0000     3    20647.0000    20570.0000 16568301    0.37%
 604522 54111    infeasible          20647.0000    20570.0000 16657412    0.37%
 606654 54106    infeasible          20647.0000    20570.0000 16746197    0.37%
 608727 54437    infeasible          20647.0000    20570.0000 16835860    0.37%
 610914 53291    20570.0000    29    20647.0000    20570.0000 16926838    0.37%
 613388 53274    20570.0000    31    20647.0000    20570.0000 17007738    0.37%
 616378 53468        cutoff          20647.0000    20570.0000 17091620    0.37%
Elapsed time = 628.20 sec. (873105.33 ticks, tree = 348.92 MB, solutions = 9)
 619524 53520    20570.0000    39    20647.0000    20570.0000 17174510    0.37%
 622212 53403    infeasible          20647.0000    20570.0000 17261198    0.37%
 625409 53380    infeasible          20647.0000    20570.0000 17340599    0.37%
 629371 53635    infeasible          20647.0000    20570.0000 17408832    0.37%
 633270 53797    infeasible          20647.0000    20570.0000 17479239    0.37%
 636497 53875    infeasible          20647.0000    20570.0000 17535169    0.37%
 640543 53950    infeasible          20647.0000    20570.0000 17606005    0.37%
 644854 53885    20570.0000     7    20647.0000    20570.0000 17671102    0.37%
 649349 53955        cutoff          20647.0000    20570.0000 17735545    0.37%
 653506 53925    20570.0000    15    20647.0000    20570.0000 17803480    0.37%
Elapsed time = 656.59 sec. (911260.80 ticks, tree = 351.88 MB, solutions = 9)
 656264 53942    20570.0000    22    20647.0000    20570.0000 17851882    0.37%
 659859 53875        cutoff          20647.0000    20570.0000 17930343    0.37%
 662534 54004    20570.0000    41    20647.0000    20570.0000 18012273    0.37%
 664903 54194    infeasible          20647.0000    20570.0000 18098052    0.37%
 667170 54433    infeasible          20647.0000    20570.0000 18183053    0.37%
 670631 54437    20570.0000    20    20647.0000    20570.0000 18252699    0.37%
 674494 54478    infeasible          20647.0000    20570.0000 18321625    0.37%
 678908 54590    infeasible          20647.0000    20570.0000 18390242    0.37%
 682858 54617    infeasible          20647.0000    20570.0000 18464566    0.37%
 685540 54662    infeasible          20647.0000    20570.0000 18546578    0.37%
Elapsed time = 685.12 sec. (950067.06 ticks, tree = 356.69 MB, solutions = 9)
 688882 54811    20570.0000    35    20647.0000    20570.0000 18624496    0.37%
 692223 55085        cutoff          20647.0000    20570.0000 18703446    0.37%
 694992 55434    20570.0000     7    20647.0000    20570.0000 18788534    0.37%
 696878 55739        cutoff          20647.0000    20570.0000 18848690    0.37%
 699353 56000    20570.0000     7    20647.0000    20570.0000 18934080    0.37%
 702462 56026    20570.0000     3    20647.0000    20570.0000 19017441    0.37%
 704824 56338    20570.0000    10    20647.0000    20570.0000 19106256    0.37%
 707680 56433    20570.0000    44    20647.0000    20570.0000 19191401    0.37%
 711219 56619    20570.0000    14    20647.0000    20570.0000 19272934    0.37%
 714367 56853    20570.0000    29    20647.0000    20570.0000 19356415    0.37%
Elapsed time = 712.70 sec. (988222.15 ticks, tree = 370.93 MB, solutions = 9)
 716807 56841        cutoff          20647.0000    20570.0000 19404458    0.37%
 719344 56920    20570.0000     7    20647.0000    20570.0000 19489217    0.37%
 721754 57197    20570.0000    38    20647.0000    20570.0000 19577450    0.37%
 723649 57791    20570.0000     5    20647.0000    20570.0000 19665635    0.37%
 725759 58114    20570.0000    41    20647.0000    20570.0000 19755875    0.37%
 727863 58539    20570.0000    38    20647.0000    20570.0000 19844897    0.37%
 730039 58963    20570.0000    18    20647.0000    20570.0000 19935338    0.37%
 732302 59308    20570.0000    37    20647.0000    20570.0000 20023047    0.37%
 734459 59412    20570.0000    35    20647.0000    20570.0000 20111640    0.37%
 735963 59663    infeasible          20647.0000    20570.0000 20170496    0.37%
Elapsed time = 739.74 sec. (1026383.92 ticks, tree = 389.22 MB, solutions = 9)
 738143 59783    20570.0000    46    20647.0000    20570.0000 20258502    0.37%
 739987 60032    20570.0000    36    20647.0000    20570.0000 20350276    0.37%
 742042 60298    20570.0000    44    20647.0000    20570.0000 20440024    0.37%
 743864 60697    20570.0000    38    20647.0000    20570.0000 20527800    0.37%
 746032 60949    20570.0000     9    20647.0000    20570.0000 20616399    0.37%
 748225 61457    20570.0000     3    20647.0000    20570.0000 20703911    0.37%
 749766 61718    20570.0000    32    20647.0000    20570.0000 20769140    0.37%
 751655 62092    infeasible          20647.0000    20570.0000 20859873    0.37%
 753835 62507    infeasible          20647.0000    20570.0000 20947959    0.37%
 756021 62726    infeasible          20647.0000    20570.0000 21036124    0.37%
Elapsed time = 766.86 sec. (1064561.00 ticks, tree = 409.17 MB, solutions = 9)
 758185 63006    20570.0000    31    20647.0000    20570.0000 21125486    0.37%
 760310 63133        cutoff          20647.0000    20570.0000 21213240    0.37%
 762602 63173    20570.0000    40    20647.0000    20570.0000 21299921    0.37%
 764289 63520    infeasible          20647.0000    20570.0000 21369072    0.37%
 766432 63634    20570.0000    25    20647.0000    20570.0000 21459218    0.37%
 768681 63333    20570.0000    54    20647.0000    20570.0000 21545226    0.37%
 771192 63725    20570.0000    38    20647.0000    20570.0000 21631919    0.37%
 773581 63898    infeasible          20647.0000    20570.0000 21718956    0.37%
 776764 63841    20570.0000     7    20647.0000    20570.0000 21790512    0.37%
 779287 63935    infeasible          20647.0000    20570.0000 21876327    0.37%
Elapsed time = 794.77 sec. (1103519.39 ticks, tree = 417.05 MB, solutions = 9)
 781603 64301    20570.0000    42    20647.0000    20570.0000 21960801    0.37%
 784082 64506    infeasible          20647.0000    20570.0000 22046657    0.37%
 786294 64617    infeasible          20647.0000    20570.0000 22133645    0.37%
 788328 64985    infeasible          20647.0000    20570.0000 22224136    0.37%
 790693 65010    infeasible          20647.0000    20570.0000 22313486    0.37%
Starting limited solution polishing.
 793023 64784    infeasible          20647.0000    20570.0000 22401637    0.37%
 794064 64989    20570.0000    15    20647.0000    20570.0000 22449192    0.37%
 795327 64619    infeasible          20647.0000    20570.0000 22500858    0.37%
 796164 64794    20570.0000    39    20647.0000    20570.0000 22538931    0.37%
 796969 64983    20570.0000    33    20647.0000    20570.0000 22576256    0.37%
Elapsed time = 823.84 sec. (1143588.75 ticks, tree = 423.86 MB, solutions = 9)
 797411 64823    infeasible          20647.0000    20570.0000 22596545    0.37%
 797864 64925    20570.0000    39    20647.0000    20570.0000 22616958    0.37%
 798664 65000    20570.0000    39    20647.0000    20570.0000 22654325    0.37%
 799664 65046    20570.0000    23    20647.0000    20570.0000 22695174    0.37%
 800464 65074    20570.0000    11    20647.0000    20570.0000 22724741    0.37%
 801264 65104    20570.0000    23    20647.0000    20570.0000 22754119    0.37%
 802364 65101    20570.0000    30    20647.0000    20570.0000 22786860    0.37%
 803118 65113        cutoff          20647.0000    20570.0000 22818475    0.37%
 804164 65265    20570.0000    10    20647.0000    20570.0000 22848515    0.37%
 804868 65291    20570.0000    21    20647.0000    20570.0000 22864455    0.37%
Elapsed time = 853.82 sec. (1184904.79 ticks, tree = 425.87 MB, solutions = 9)
 805464 65313    20570.0000    22    20647.0000    20570.0000 22877565    0.37%
 806923 65411    20570.0000    10    20647.0000    20570.0000 22916078    0.37%
 809897 65290        cutoff          20647.0000    20570.0000 23001205    0.37%
 812767 65310    infeasible          20647.0000    20570.0000 23085879    0.37%
 814373 65618    20570.0000    38    20647.0000    20570.0000 23138327    0.37%
 816794 65855    infeasible          20647.0000    20570.0000 23227153    0.37%
 818970 66239    infeasible          20647.0000    20570.0000 23316971    0.37%
 821060 66593    20570.0000    36    20647.0000    20570.0000 23406783    0.37%
 822928 66705    infeasible          20647.0000    20570.0000 23480045    0.37%
 825483 66798    20570.0000    43    20647.0000    20570.0000 23570133    0.37%
Elapsed time = 881.78 sec. (1223867.29 ticks, tree = 438.52 MB, solutions = 9)
 827293 66984    infeasible          20647.0000    20570.0000 23628158    0.37%
 829829 67295    infeasible          20647.0000    20570.0000 23713634    0.37%
 831564 67533    20570.0000    13    20647.0000    20570.0000 23788814    0.37%
 833645 67691        cutoff          20647.0000    20570.0000 23878556    0.37%
 835583 68029    20570.0000    34    20647.0000    20570.0000 23971534    0.37%
 838263 68331    infeasible          20647.0000    20570.0000 24058731    0.37%

Clique cuts applied:  39
Cover cuts applied:  466
Flow cuts applied:  11
Mixed integer rounding cuts applied:  41
Zero-half cuts applied:  33
Lift and project cuts applied:  3
Gomory fractional cuts applied:  13

Root node processing (before b&c):
  Real time             =    0.15 sec. (179.53 ticks)
Sequential b&c:
  Real time             =  899.85 sec. (1250259.93 ticks)
                          ------------
Total (root+branch&cut) =  900.00 sec. (1250439.47 ticks)
MIP: [1;32mCPLEX finished.[0m
MIP: [1;32mCPLEX status: Feasible[0m
MIP: [1;32mSolution: 
[4, 7, 15, 20, 6, 15, 17, 1, 18, 16, 21, 16, 19, 16, 14, 22, 9, 25, 21, 19, 11, 14, 19, 8, 17, 10, 6, 10, 20, 6, 7, 15, 8, 20, 21, 4, 8, 13, 24, 25, 23, 7, 19, 20, 4, 9, 11, 23, 1, 8][-1, 5, -1, -1, 10, -1, 9, 13, 10, 5, 9, 7, -1, 13, 12, 17, 6, 7, 16, 12, 14, 17, 14, 6, 16, 0][0m
MIP: [1;32mObjective value: 20647[0m
MIP: [1;32mLower Bound: 20570[0m
MIP: [1;32mBranch-and-Bound nodes: 840321[0m

# best solution:
best objective value:	20647
best dual bound value:	20569
optimality gap:	0.377779%
CPU time:	896.693
