ifile	/scratch/csagturk/mlbp_inst/n0050_m02__090.inst
prob	TNFMLBP
threads	1
ttime	900
instance: /scratch/csagturk/mlbp_inst/n0050_m02__090.inst
	m=2, n=[50, 32, 23]
MIP: [1;32minit CPLEX[0m
CAN: [1;35mcreated 2336 x_{ijk} and f_{ijk} variables[0m
CAN: [1;35mcreated 105 y_{ij} variables[0m
MIP: [1;32mcreated decision variables[0m
MIP: [1;32mcreated constraints[0m
MIP: [1;32mcreated objective function[0m
MIP: [1;32mcalling CPLEX solve ...[0m
Version identifier: 22.1.0.0 | 2022-03-09 | 1a383f8ce
CPXPARAM_Threads                                 1
CPXPARAM_TimeLimit                               900
Tried aggregator 2 times.
MIP Presolve eliminated 51 rows and 2756 columns.
MIP Presolve modified 65 coefficients.
Aggregator did 128 substitutions.
Reduced MIP has 329 rows, 2163 columns, and 4303 nonzeros.
Reduced MIP has 2067 binaries, 0 generals, 0 SOSs, and 63 indicators.
Presolve time = 0.01 sec. (13.96 ticks)
Probing fixed 0 vars, tightened 32 bounds.
Probing changed sense of 32 constraints.
Probing time = 0.01 sec. (9.13 ticks)
Tried aggregator 1 time.
MIP Presolve eliminated 192 rows and 224 columns.
Reduced MIP has 137 rows, 1939 columns, and 3855 nonzeros.
Reduced MIP has 1939 binaries, 0 generals, 0 SOSs, and 0 indicators.
Presolve time = 0.00 sec. (4.77 ticks)
Tried aggregator 1 time.
Detecting symmetries...
Reduced MIP has 137 rows, 1939 columns, and 3855 nonzeros.
Reduced MIP has 1939 binaries, 0 generals, 0 SOSs, and 0 indicators.
Presolve time = 0.00 sec. (3.93 ticks)
Probing time = 0.00 sec. (2.37 ticks)
Clique table members: 704.
MIP emphasis: balance optimality and feasibility.
MIP search method: dynamic search.
Parallel mode: none, using 1 thread.
Root relaxation solution time = 0.00 sec. (5.34 ticks)

        Nodes                                         Cuts/
   Node  Left     Objective  IInf  Best Integer    Best Bound    ItCnt     Gap

      0     0    23669.9130    61                  23669.9130      378         
      0     0    23673.3096   117                   Cuts: 110      627         
      0     0    23673.3096   135                   Cuts: 112      878         
      0     0    23673.3096    99                    Cuts: 63     1065         
      0     0    23673.3096   125                   Cuts: 101     1368         
*     0+    0                        30954.0000    23673.3096            23.52%
*     0+    0                        29758.0000    23673.3096            20.45%
      0     0  -1.00000e+75     0    29758.0000    23673.3096     1368   20.45%
      0     2    23673.3096    71    29758.0000    23673.3096     1368   20.45%
Elapsed time = 0.26 sec. (303.08 ticks, tree = 0.01 MB, solutions = 2)
*    40+   40                        26308.0000    23673.3096            10.01%
*   197+  186                        26026.0000    23673.3096             9.04%
*   220+  209                        25684.0000    23673.3096             7.83%
*   240+  229                        25603.0000    23673.3096             7.54%
*   250+  239                        25517.0000    23673.3096             7.23%
    288   269    24135.7500    43    25517.0000    23673.3096     4675    7.23%
*   380+  331                        25426.0000    23673.3096             6.89%
*   380+  331                        25374.0000    23673.3096             6.70%
*   430+  366                        25247.0000    23673.3096             6.23%
    520   451    24575.5283    22    25247.0000    23673.3096     7438    6.23%
*   530+  453                        25130.0000    23673.3096             5.80%
*   641+  502                        24919.0000    23673.3096             5.00%
*   641+  496                        24888.0000    23673.3096             4.88%
*   642+  489                        24840.0000    23673.3096             4.70%
*   642+  482                        24796.0000    23673.3096             4.53%
    642   484    23697.4605    93    24796.0000    23673.3096     9123    4.53%

Performing restart 1

Repeating presolve.
Tried aggregator 1 time.
MIP Presolve modified 57 coefficients.
Reduced MIP has 137 rows, 1939 columns, and 3855 nonzeros.
Reduced MIP has 1939 binaries, 0 generals, 0 SOSs, and 0 indicators.
Presolve time = 0.01 sec. (4.31 ticks)
Tried aggregator 1 time.
MIP Presolve modified 28 coefficients.
Reduced MIP has 137 rows, 1939 columns, and 3855 nonzeros.
Reduced MIP has 1939 binaries, 0 generals, 0 SOSs, and 0 indicators.
Presolve time = 0.01 sec. (5.28 ticks)
Represolve time = 0.04 sec. (27.78 ticks)
    752     0    23673.3096   129    24796.0000      Cuts: 91    12744    4.53%
    752     0    23673.3096   139    24796.0000      Cuts: 70    13026    4.53%
    752     0    23674.0675    96    24796.0000      Cuts: 57    13250    4.52%
    752     0    23678.6046   133    24796.0000     Cuts: 120    13662    4.51%
    752     0    23678.6918   111    24796.0000     Cuts: 123    14042    4.51%
    752     0    23678.6918   149    24796.0000     Cuts: 124    14356    4.51%
    752     0    23678.6918   143    24796.0000      Cuts: 68    14708    4.51%
    752     2    23678.6918   105    24796.0000    23678.7391    14708    4.51%
    772    22    23919.7333    78    24796.0000    23678.9565    16173    4.50%
    845    95    23948.0000    77    24796.0000    23678.9565    17841    4.50%
    892   142    24161.1043    66    24796.0000    23678.9565    18899    4.50%
*   952+  157                        24242.0000    23679.4320             2.32%
    952   159    23969.0588    72    24242.0000    23679.4320    19746    2.32%
   1052   250    24173.0000    64    24242.0000    23679.4320    20959    2.32%
   1712   831    23998.4194    73    24242.0000    23686.5469    28524    2.29%
Elapsed time = 5.07 sec. (6403.21 ticks, tree = 2.44 MB, solutions = 16)
   2558  1556    23688.6511    72    24242.0000    23690.0851    39371    2.28%
   3618  2499    23730.0030    75    24242.0000    23690.6161    51022    2.27%
   4713  3460    23988.7922    69    24242.0000    23690.6161    64798    2.27%
   5886  4506    24227.0000    71    24242.0000    23690.6161    79645    2.27%
   6752  5273    23788.6153    89    24242.0000    23690.9089    90959    2.27%
   7583  6012    23692.6625   123    24242.0000    23692.6625   103397    2.27%
   8102  6488    23820.1418    90    24242.0000    23692.6625   116832    2.27%
   8794  7088    23700.9484   118    24242.0000    23693.0487   130100    2.26%
   9580  7789    23704.9538   123    24242.0000    23693.0893   144363    2.26%
   9941  8103    23926.7681   110    24242.0000    23693.3199   153805    2.26%
Elapsed time = 12.14 sec. (16019.04 ticks, tree = 24.72 MB, solutions = 16)
  10305  8432    23805.0594   157    24242.0000    23693.3429   164488    2.26%
* 10352+ 5658                        24034.0000    23693.3429             1.42%
* 10352+ 5316                        24012.0000    23693.3429             1.33%
  10352  5318    23743.9448   173    24012.0000    23693.3429   165703    1.33%
  10517  5451    23946.0863   136    24012.0000    23693.3429   174645    1.33%
  10625  5526    23721.8214   172    24012.0000    23693.7907   183438    1.33%
  10818  5709    23745.0000    87    24012.0000    23694.1612   193545    1.32%
  10974  5836    23804.5603   123    24012.0000    23694.7554   201496    1.32%
  11152  5987    23777.0898   131    24012.0000    23694.7554   210318    1.32%
  11297  6108    23764.1444   168    24012.0000    23694.7554   218526    1.32%
  11437  6229    23972.1521   125    24012.0000    23695.2257   226662    1.32%
  11550  6320    23803.9974   155    24012.0000    23695.2741   233685    1.32%
Elapsed time = 28.33 sec. (35887.96 ticks, tree = 22.23 MB, solutions = 18)
  11699  6449    23762.2960   110    24012.0000    23695.9703   241285    1.32%
  11858  6568    23790.0857   147    24012.0000    23696.3348   249593    1.31%
  12001  6685    23813.6474   109    24012.0000    23697.3276   257734    1.31%
  12155  6804    23745.0000   128    24012.0000    23697.5149   265551    1.31%
  12383  7009    23745.0000   113    24012.0000    23697.9498   275263    1.31%
  12452  7073    23701.2610   158    24012.0000    23697.9530   277308    1.31%
  12732  7339    23770.7103   101    24012.0000    23697.9549   286743    1.31%
  12955  7546    23745.0000    74    24012.0000    23698.1485   295883    1.31%
  13170  7741    23745.0000    53    24012.0000    23698.8637   305485    1.30%
  13360  7905    23740.6245   180    24012.0000    23699.2357   316087    1.30%
Elapsed time = 34.90 sec. (46145.95 ticks, tree = 32.44 MB, solutions = 18)
  13480  8011    23747.4781   171    24012.0000    23699.2357   322863    1.30%
  13582  8096    23962.3156   118    24012.0000    23700.2103   331001    1.30%
  13783  8258    23818.4534   163    24012.0000    23700.3818   341715    1.30%
  14086  8528    23827.5701   150    24012.0000    23700.5979   351391    1.30%
  14372  8787    23745.0000    88    24012.0000    23700.7109   361334    1.30%
  14668  9052    23745.0000    72    24012.0000    23700.8688   373077    1.30%
  14921  9270    23740.0438   168    24012.0000    23701.0129   385342    1.30%
  15117  9446    23741.1288   147    24012.0000    23701.4532   396108    1.29%
  15152  9478    23748.3960   122    24012.0000    23701.4532   397191    1.29%
  15296  9599    23937.0000   116    24012.0000    23701.4532   407406    1.29%
Elapsed time = 41.62 sec. (56390.10 ticks, tree = 44.14 MB, solutions = 18)
  15410  9694    23937.0000   136    24012.0000    23701.4532   416707    1.29%
  15538  9798    23721.7185   216    24012.0000    23701.4901   426798    1.29%
  15726  9973    23927.9380   153    24012.0000    23701.8878   436554    1.29%
  15904 10129    23745.7690   133    24012.0000    23702.0370   445660    1.29%
  16163 10340    23745.0000   118    24012.0000    23702.1977   455999    1.29%
  16406 10547    23875.5882   162    24012.0000    23703.6534   466902    1.28%
  16484 10601    23786.8621   184    24012.0000    23703.6534   475921    1.28%
  16568 10665    23796.3591   158    24012.0000    23703.7862   486493    1.28%
  16820 10878    23708.2480   154    24012.0000    23704.4883   496039    1.28%
  17081 11106    23740.9193   191    24012.0000    23704.5787   506525    1.28%
Elapsed time = 47.83 sec. (66151.36 ticks, tree = 55.27 MB, solutions = 18)
  17313 11298    23829.2533   164    24012.0000    23704.8450   516685    1.28%
  17499 11455    23991.6562   150    24012.0000    23704.9525   528236    1.28%
  17629 11544    23760.5236   193    24012.0000    23706.0370   538762    1.27%
  17752 11641    23794.2241   165    24012.0000    23706.6735   547532    1.27%
  17891 11750    23799.0313   169    24012.0000    23706.6735   558591    1.27%
  18053 11875    23780.0486   135    24012.0000    23706.8339   569544    1.27%
  18315 12092    23708.1772   143    24012.0000    23708.1725   581283    1.27%
  18637 12384    23745.0000    53    24012.0000    23708.4016   594697    1.26%
  18919 12640    23970.0000   107    24012.0000    23708.9049   606473    1.26%
  19174 12831    23880.0000   119    24012.0000    23709.3939   619134    1.26%
Elapsed time = 55.23 sec. (77333.55 ticks, tree = 68.08 MB, solutions = 18)
  19329 12956    23790.2582   201    24012.0000    23709.3939   632309    1.26%
  19451 13055    23822.5830   177    24012.0000    23709.4419   642879    1.26%
  19567 13131    23863.3753   154    24012.0000    23710.9179   653930    1.25%
  19761 13259    23739.7535   163    24012.0000    23712.0481   667633    1.25%
  19957 13440    23968.0000    74    24012.0000    23712.3987   678151    1.25%
  20111 13565    23740.4459   204    24012.0000    23713.1818   690304    1.24%

Performing restart 2

Repeating presolve.
Tried aggregator 1 time.
MIP Presolve eliminated 0 rows and 3 columns.
MIP Presolve modified 28 coefficients.
Reduced MIP has 137 rows, 1936 columns, and 3849 nonzeros.
Reduced MIP has 1936 binaries, 0 generals, 0 SOSs, and 0 indicators.
Presolve time = 0.01 sec. (4.26 ticks)
Tried aggregator 1 time.
MIP Presolve modified 28 coefficients.
Reduced MIP has 137 rows, 1936 columns, and 3849 nonzeros.
Reduced MIP has 1936 binaries, 0 generals, 0 SOSs, and 0 indicators.
Presolve time = 0.01 sec. (5.26 ticks)
Represolve time = 0.12 sec. (74.04 ticks)
  20172     0    23695.1909   184    24012.0000      Cuts: 36   696378    1.24%
  20172     0    23695.9491   164    24012.0000      Cuts: 45   696551    1.24%
  20172     0    23698.1581   124    24012.0000      Cuts: 49   696733    1.24%
  20172     0    23700.3835   127    24012.0000      Cuts: 56   696911    1.24%
  20172     0    23702.1269   141    24012.0000      Cuts: 69   697154    1.24%
  20172     0    23702.7214   124    24012.0000      Cuts: 46   697422    1.24%
  20172     0    23703.0010   135    24012.0000      Cuts: 43   697654    1.24%
  20172     0    23703.5057   141    24012.0000      Cuts: 50   697863    1.24%
  20172     0    23703.6961   116    24012.0000      Cuts: 54   698074    1.24%
  20172     0    23703.7568   133    24012.0000      Cuts: 71   698216    1.24%
  20172     0    23704.0925   147    24012.0000      Cuts: 39   698431    1.24%
  20172     0    23704.8062   139    24012.0000      Cuts: 47   698652    1.24%
  20172     0    23705.1331   131    24012.0000      Cuts: 24   698804    1.24%
  20172     2    23705.1331   114    24012.0000    23713.1818   698804    1.24%
  20249    76    23745.0000    66    24012.0000    23713.1818   701664    1.24%
  20414   225    23943.5429    63    24012.0000    23713.1818   706768    1.24%
  20561   349    23839.5740   108    24012.0000    23715.0627   711216    1.24%
Elapsed time = 62.94 sec. (89096.58 ticks, tree = 1.03 MB, solutions = 18)
  20754   512    23886.8372   102    24012.0000    23718.8679   719052    1.22%
  21048   766    23735.9795   105    24012.0000    23720.0875   728841    1.22%
  21373  1017    23980.0626   103    24012.0000    23721.5012   737881    1.21%
  21632  1230    23752.2623   108    24012.0000    23724.0081   749680    1.20%
  21971  1491    23762.6489   101    24012.0000    23729.0242   763997    1.18%
  22303  1748    23874.0000    69    24012.0000    23730.5313   777733    1.17%
  22658  2020    23731.7951   101    24012.0000    23731.7951   791258    1.17%
  22948  2229    23836.3084   112    24012.0000    23733.2688   805546    1.16%
  23324  2494    23737.1733    98    24012.0000    23734.1343   820388    1.16%
  23766  2841    23873.6261   107    24012.0000    23735.6813   838690    1.15%
Elapsed time = 69.30 sec. (98677.01 ticks, tree = 8.49 MB, solutions = 18)
  24112  3084    23940.7526    98    24012.0000    23736.6875   853294    1.15%
  24383  3272    23793.9027   115    24012.0000    23737.5734   869926    1.14%
  24723  3500    23777.1987    97    24012.0000    23741.2523   884062    1.13%
  25000  3708    23815.3035   102    24012.0000    23742.5403   895893    1.12%
  25181  3819    23787.7795    96    24012.0000    23743.0406   905031    1.12%
  25331  3920    23999.6745   121    24012.0000    23744.4683   914430    1.11%
  25573  4054    23745.0000    36    24012.0000    23745.0000   926265    1.11%
  26012  4228    23745.0000    11    24012.0000    23745.0000   937666    1.11%
  26376  4289    infeasible          24012.0000    23745.0000   950957    1.11%
* 26947     1      integral     0    23745.0000    23745.0000   981690    0.00%

Clique cuts applied:  6
Cover cuts applied:  147
Mixed integer rounding cuts applied:  102
Zero-half cuts applied:  15
Gomory fractional cuts applied:  7

Root node processing (before b&c):
  Real time             =    0.26 sec. (303.81 ticks)
Sequential b&c:
  Real time             =   76.19 sec. (109014.99 ticks)
                          ------------
Total (root+branch&cut) =   76.45 sec. (109318.80 ticks)
MIP: [1;32mCPLEX finished.[0m
MIP: [1;32mCPLEX status: Optimal[0m
MIP: [1;32mSolution: 
[26, 28, 31, 18, 28, 21, 22, 30, 17, 31, 19, 15, 25, 8, 12, 19, 7, 19, 5, 10, 8, 16, 27, 6, 10, 11, 13, 21, 1, 15, 11, 24, 24, 20, 10, 13, 5, 12, 17, 20, 6, 27, 22, 27, 1, 25, 18, 23, 31, 26][-1, 10, -1, -1, -1, 17, 6, 17, 8, -1, 22, 15, 14, 18, -1, 8, 12, 18, 5, 13, 5, 15, 21, 22, 12, 21, 10, 13, 14, -1, 6, 2][0m
MIP: [1;32mObjective value: 23745[0m
MIP: [1;32mLower Bound: 23745[0m
MIP: [1;32mBranch-and-Bound nodes: 26948[0m

# best solution:
best objective value:	23745
best dual bound value:	23745
optimality gap:	0%
CPU time:	76.2106
