ifile	/scratch/csagturk/mlbp_inst/n0050_m03__024.inst
prob	TNFMLBP
threads	1
ttime	900
instance: /scratch/csagturk/mlbp_inst/n0050_m03__024.inst
	m=3, n=[50, 30, 24, 19]
MIP: [1;32minit CPLEX[0m
CAN: [1;35mcreated 2676 x_{ijk} and f_{ijk} variables[0m
CAN: [1;35mcreated 123 y_{ij} variables[0m
MIP: [1;32mcreated decision variables[0m
MIP: [1;32mcreated constraints[0m
MIP: [1;32mcreated objective function[0m
MIP: [1;32mcalling CPLEX solve ...[0m
Version identifier: 22.1.0.0 | 2022-03-09 | 1a383f8ce
CPXPARAM_Threads                                 1
CPXPARAM_TimeLimit                               900
Tried aggregator 3 times.
MIP Presolve eliminated 51 rows and 3058 columns.
MIP Presolve modified 457 coefficients.
Aggregator did 216 substitutions.
Reduced MIP has 501 rows, 2691 columns, and 5363 nonzeros.
Reduced MIP has 2529 binaries, 0 generals, 0 SOSs, and 107 indicators.
Presolve time = 0.02 sec. (21.50 ticks)
Probing fixed 0 vars, tightened 56 bounds.
Probing changed sense of 54 constraints.
Probing time = 0.02 sec. (12.35 ticks)
Tried aggregator 1 time.
MIP Presolve eliminated 324 rows and 378 columns.
Reduced MIP has 177 rows, 2313 columns, and 4607 nonzeros.
Reduced MIP has 2313 binaries, 0 generals, 0 SOSs, and 0 indicators.
Presolve time = 0.01 sec. (5.45 ticks)
Tried aggregator 1 time.
Detecting symmetries...
Reduced MIP has 177 rows, 2313 columns, and 4607 nonzeros.
Reduced MIP has 2313 binaries, 0 generals, 0 SOSs, and 0 indicators.
Presolve time = 0.00 sec. (4.44 ticks)
Probing time = 0.00 sec. (2.42 ticks)
Clique table members: 843.
MIP emphasis: balance optimality and feasibility.
MIP search method: dynamic search.
Parallel mode: none, using 1 thread.
Root relaxation solution time = 0.00 sec. (5.93 ticks)

        Nodes                                         Cuts/
   Node  Left     Objective  IInf  Best Integer    Best Bound    ItCnt     Gap

      0     0    30914.6945    77                  30914.6945      404         
      0     0    30971.3956   118                   Cuts: 107      636         
      0     0    30985.9990   127                   Cuts: 140      895         
      0     0    31005.1402   160                   Cuts: 124     1190         
      0     0    31019.9515   152                   Cuts: 114     1435         
      0     0    31054.7920   156                    Cuts: 91     1678         
      0     0    31066.7272   151                   Cuts: 106     2019         
      0     0    31066.7569   171                    Cuts: 91     2352         
      0     0    31068.0360   172                    Cuts: 58     2687         
*     0+    0                        35058.0000    31068.0360            11.38%
*     0+    0                        33040.0000    31068.0360             5.97%
*     0+    0                        32967.0000    31068.0360             5.76%
*     0+    0                        32868.0000    31068.0360             5.48%
      0     0  -1.00000e+75     0    32868.0000    31068.0360     2687    5.48%
      0     2    31068.0360   145    32868.0000    31068.0360     2687    5.48%
Elapsed time = 0.71 sec. (762.48 ticks, tree = 0.01 MB, solutions = 4)
    231   210    31069.1604   154    32868.0000    31068.0360     5739    5.48%
    459   438    32831.4636    37    32868.0000    31068.0360     9431    5.48%
    470   445    31070.7902   175    32868.0000    31068.0360     9951    5.48%
    471   446    31070.7902   169    32868.0000    31068.0360    10108    5.48%

Performing restart 1

Repeating presolve.
Tried aggregator 1 time.
MIP Presolve modified 931 coefficients.
Reduced MIP has 177 rows, 2313 columns, and 4607 nonzeros.
Reduced MIP has 2313 binaries, 0 generals, 0 SOSs, and 0 indicators.
Presolve time = 0.01 sec. (6.44 ticks)
Tried aggregator 1 time.
MIP Presolve modified 579 coefficients.
Reduced MIP has 177 rows, 2313 columns, and 4607 nonzeros.
Reduced MIP has 2313 binaries, 0 generals, 0 SOSs, and 0 indicators.
Presolve time = 0.01 sec. (6.97 ticks)
Represolve time = 0.05 sec. (34.11 ticks)
    472     0    31059.5445   174    32868.0000     Cuts: 105    11755    5.48%
    472     0    31101.5391   157    32868.0000      Cuts: 93    12009    5.37%
    472     0    31121.9943   144    32868.0000     Cuts: 116    12192    5.31%
    472     0    31131.1957   140    32868.0000     Cuts: 125    12435    5.28%
    472     0    31136.0322   189    32868.0000     Cuts: 118    12773    5.27%
    472     0    31156.9050   167    32868.0000     Cuts: 100    13041    5.21%
    472     0    31169.2782   179    32868.0000     Cuts: 109    13327    5.17%
    472     0    31170.4337   173    32868.0000      Cuts: 66    13515    5.16%
    472     0    31170.7751   157    32868.0000      Cuts: 80    13851    5.16%
    472     0    31170.9523   189    32868.0000      Cuts: 88    14113    5.16%
    472     0    31171.1296   173    32868.0000      Cuts: 77    14333    5.16%
    472     0    31171.3510   184    32868.0000      Cuts: 61    14538    5.16%
    472     0    31171.4077   164    32868.0000      Cuts: 52    14723    5.16%
    472     0    31171.4077   181    32868.0000      Cuts: 56    14869    5.16%
    472     0    31171.4077   157    32868.0000      Cuts: 46    15033    5.16%
    472     0    31171.4077   165    32868.0000      Cuts: 64    15267    5.16%
    472     0    31171.4077   162    32868.0000      Cuts: 58    15570    5.16%
    472     2    31171.4077   132    32868.0000    31171.4588    15570    5.16%
    483    13    31178.0065   105    32868.0000    31176.1776    16102    5.15%
    514    44    31201.9000    55    32868.0000    31176.1776    16602    5.15%
    533    59    31208.3586   124    32868.0000    31178.3921    17366    5.14%
    559    85    31327.4667    71    32868.0000    31178.3921    18040    5.14%
    672   187    32733.5556    54    32868.0000    31178.3921    18897    5.14%
Elapsed time = 5.83 sec. (7412.77 ticks, tree = 0.74 MB, solutions = 4)
    900   391    31323.0476   103    32868.0000    31181.9064    24346    5.13%
   1419   860    31204.0734    90    32868.0000    31184.9475    33254    5.12%
   1856  1248    32424.0000    40    32868.0000    31188.0270    41650    5.11%
   2212  1564    31492.9180   135    32868.0000    31193.3988    52177    5.09%
   2765  2033    31265.8676   137    32868.0000    31197.9104    62726    5.08%
   3182  2414    32170.2197   102    32868.0000    31198.9938    71985    5.08%
   3547  2727    31771.0000    77    32868.0000    31202.3356    81640    5.07%
   3799  2916    31403.3733   123    32868.0000    31207.1958    90920    5.05%
   4057  3133    infeasible          32868.0000    31210.8211   100870    5.04%
   4358  3395    31474.6116   106    32868.0000    31213.2165   110105    5.03%
Elapsed time = 11.78 sec. (17005.43 ticks, tree = 15.75 MB, solutions = 4)
   4652  3661    31625.5320   115    32868.0000    31213.6409   118783    5.03%
   5132  4097    31362.5698   123    32868.0000    31216.0692   130074    5.03%
   5522  4412    32528.0000    69    32868.0000    31216.6036   140148    5.02%
   5933  4716    31236.6855   158    32868.0000    31222.3454   149507    5.01%
   6217  4969    31532.3144   142    32868.0000    31224.8875   162044    5.00%
   6562  5267    31477.6522   116    32868.0000    31227.9608   172332    4.99%
   6882  5498    32615.7234    93    32868.0000    31229.9708   182787    4.98%
   7116  5697    31437.7647   132    32868.0000    31231.3961   192657    4.98%
   7387  5892    31357.8462   185    32868.0000    31232.4799   200796    4.98%
   7637  6110    31377.9603   130    32868.0000    31233.8547   209434    4.97%
Elapsed time = 17.93 sec. (26762.68 ticks, tree = 31.84 MB, solutions = 4)
*  7912+ 6270                        32827.0000    31234.3800             4.85%
   7953  6303    31373.6667   108    32827.0000    31234.9822   218189    4.85%
   8172  6497    31359.9615   177    32827.0000    31235.1680   227302    4.85%
   8392  6670    31380.7253   143    32827.0000    31236.3234   234879    4.85%
   8679  6923    32628.0000    42    32827.0000    31236.9084   244298    4.84%
   8963  7177    31387.2854   178    32827.0000    31237.1775   254522    4.84%
   9364  7518    31614.0520   109    32827.0000    31238.3971   264224    4.84%
   9610  7737    31711.7212   121    32827.0000    31238.5938   275487    4.84%
*  9852+ 7890                        32812.0000    31238.9795             4.79%
*  9852+ 5805                        32496.0000    31238.9795             3.87%
*  9852+ 5769                        32482.0000    31238.9795             3.83%
*  9852+ 5665                        32438.0000    31238.9795             3.70%
*  9852+ 5367                        32379.0000    31238.9795             3.52%
*  9852+ 3786                        32014.0000    31238.9795             2.42%
   9852  3785    32014.0000     0    32014.0000    31238.9795   283849    2.42%
   9986  3904    31337.1858   175    32014.0000    31239.9406   292812    2.42%
  10153  4043    31569.2911   147    32014.0000    31240.5168   300916    2.42%
Elapsed time = 38.65 sec. (52003.74 ticks, tree = 22.48 MB, solutions = 11)
  10294  4145        cutoff          32014.0000    31241.9939   309440    2.41%
  10399  4213    31350.2946   172    32014.0000    31242.7472   316649    2.41%
  10484  4277    31411.2061   155    32014.0000    31243.9562   325643    2.41%
  10583  4358    31823.7692   106    32014.0000    31244.4894   335035    2.40%
  10715  4469    31780.3316   143    32014.0000    31244.8947   343299    2.40%
  10879  4602    31294.3835   174    32014.0000    31245.0097   350660    2.40%
  11041  4740    31504.6360   160    32014.0000    31245.3913   359156    2.40%
  11183  4857    31383.1206   171    32014.0000    31245.9298   368288    2.40%
  11318  4972    31967.7240   115    32014.0000    31246.3804   376214    2.40%
  11482  5111    31269.2740   161    32014.0000    31246.9575   383461    2.40%
Elapsed time = 44.78 sec. (61794.93 ticks, tree = 30.83 MB, solutions = 11)
  11574  5173    31666.1808   150    32014.0000    31248.1724   389756    2.39%
  11714  5285    31432.5846   170    32014.0000    31249.5565   398505    2.39%
  11912  5462    31853.6314   132    32014.0000    31249.9090   406531    2.39%
  12073  5587    infeasible          32014.0000    31250.7179   414216    2.38%
  12237  5719    31953.4546   129    32014.0000    31251.8600   423314    2.38%
  12350  5813    31340.5088   179    32014.0000    31253.0755   429728    2.38%
  12492  5938    31550.0001   187    32014.0000    31253.5144   437108    2.38%
  12639  6067    31440.3442   159    32014.0000    31254.1192   446667    2.37%
  12758  6170    31372.8117    96    32014.0000    31255.3398   453767    2.37%
  12853  6244    31385.1940   164    32014.0000    31255.5527   462666    2.37%
Elapsed time = 51.15 sec. (71633.02 ticks, tree = 40.66 MB, solutions = 11)
  12977  6354    31412.2518   189    32014.0000    31256.2022   471683    2.37%
  13145  6496    31612.4842   125    32014.0000    31256.6128   481113    2.37%
* 13172+ 6495                        32008.0000    31256.7721             2.35%
  13172  6497    31554.1783   128    32008.0000    31256.7721   483215    2.35%
* 13272+ 5882                        31903.0000    31256.7922             2.03%
  13273  5882    31459.1739   163    31903.0000    31257.1363   488246    2.02%
  13346  5937    31441.1343   174    31903.0000    31257.4735   497201    2.02%
  13445  6025    31375.5915   116    31903.0000    31257.7449   502567    2.02%
  13498  6071    31475.9347   179    31903.0000    31258.1711   505095    2.02%
  13679  6231    31630.1818    89    31903.0000    31258.2566   513372    2.02%
  13806  6323    31371.9153   113    31903.0000    31259.1810   521065    2.02%
  13981  6471    31386.4580   134    31903.0000    31259.9464   530167    2.02%
Elapsed time = 58.07 sec. (81857.48 ticks, tree = 44.41 MB, solutions = 13)
  14082  6556    31379.8567   137    31903.0000    31261.2688   539109    2.01%
  14187  6643    31706.1317   199    31903.0000    31262.0242   546936    2.01%
  14272  6713    31601.0000    95    31903.0000    31262.4458   554026    2.01%
  14411  6817    31426.8274   164    31903.0000    31262.9720   562577    2.01%
  14509  6901    31556.0000    49    31903.0000    31263.0750   571624    2.01%
  14632  6989    31329.5911   146    31903.0000    31263.7008   580701    2.00%
  14747  7085    31790.4385   135    31903.0000    31264.3723   588164    2.00%
  14863  7180    31533.2725   200    31903.0000    31264.6849   596970    2.00%
  14872  7185    31678.1885   164    31903.0000    31264.8456   598384    2.00%
  14928  7230    31550.0025   111    31903.0000    31266.3784   607095    2.00%
Elapsed time = 64.68 sec. (92270.66 ticks, tree = 51.55 MB, solutions = 13)
  15087  7361    31350.3830   187    31903.0000    31267.5890   616994    1.99%
  15277  7525    31707.7895    90    31903.0000    31268.2347   626415    1.99%
  15424  7627    31365.8348   171    31903.0000    31269.9529   638281    1.98%
  15634  7807    31608.0357   140    31903.0000    31270.8022   648393    1.98%
  15790  7932    31563.3439   180    31903.0000    31271.6668   657792    1.98%
  15974  8087    31658.0173   154    31903.0000    31272.3551   668782    1.98%
  16142  8209    31317.5000   137    31903.0000    31273.0209   679492    1.97%
  16297  8325        cutoff          31903.0000    31273.7159   690285    1.97%
  16372  8394    31866.4665   110    31903.0000    31274.1317   696474    1.97%
  16505  8490    31539.4139   128    31903.0000    31275.0639   707494    1.97%
Elapsed time = 71.50 sec. (102778.80 ticks, tree = 63.91 MB, solutions = 13)
  16639  8598        cutoff          31903.0000    31275.5688   718259    1.97%
  16791  8715    31643.1073   153    31903.0000    31277.5593   729489    1.96%
  16996  8874    31552.1961   145    31903.0000    31279.2141   740797    1.96%
  17087  8942    31572.8325   209    31903.0000    31279.8814   751720    1.95%
  17211  9042    31512.0671   148    31903.0000    31281.2868   762595    1.95%
  17359  9158    31400.6021   209    31903.0000    31281.2868   774000    1.95%
  17587  9345    31445.5588   169    31903.0000    31281.3971   785129    1.95%
  17814  9542    31562.3019   141    31903.0000    31281.4077   795485    1.95%
  17963  9661    31282.0000    31    31903.0000    31282.0000   805984    1.95%
  18443  9805    31343.9625   126    31903.0000    31282.0000   846859    1.95%
Elapsed time = 79.83 sec. (115267.51 ticks, tree = 76.46 MB, solutions = 13)
  18974  9951    31386.3805   142    31903.0000    31282.0000   908419    1.95%
  19452 10064    infeasible          31903.0000    31282.0000   973597    1.95%
  19853 10126    31288.5060   114    31903.0000    31282.0000  1033142    1.95%
  20247 10199    31357.6667   104    31903.0000    31282.0000  1098416    1.95%
  20847 10544    31344.7193   131    31903.0000    31282.0000  1161809    1.95%
  21592 10984    31295.7917    56    31903.0000    31282.0000  1228755    1.95%
  21997 11096    31436.9539    96    31903.0000    31282.0000  1292770    1.95%
  22460 11302    31346.0794    97    31903.0000    31282.0000  1360831    1.95%
  22866 11408    31287.6420    68    31903.0000    31282.0000  1433421    1.95%
  23282 11532    31302.6875    99    31903.0000    31282.0000  1501995    1.95%
Elapsed time = 106.31 sec. (153514.34 ticks, tree = 92.83 MB, solutions = 13)
* 23377     1      integral     0    31282.0000    31282.0000  1520323    0.00%

Clique cuts applied:  66
Cover cuts applied:  549
Flow cuts applied:  16
Mixed integer rounding cuts applied:  207
Zero-half cuts applied:  43
Lift and project cuts applied:  4
Gomory fractional cuts applied:  9

Root node processing (before b&c):
  Real time             =    0.71 sec. (763.16 ticks)
Sequential b&c:
  Real time             =  106.34 sec. (153861.84 ticks)
                          ------------
Total (root+branch&cut) =  107.06 sec. (154625.00 ticks)
MIP: [1;32mCPLEX finished.[0m
MIP: [1;32mCPLEX status: Optimal[0m
MIP: [1;32mSolution: 
[6, 18, 25, 22, 28, 20, 2, 26, 20, 6, 25, 21, 27, 14, 11, 21, 12, 1, 14, 6, 11, 24, 8, 18, 28, 29, 29, 27, 24, 15, 20, 10, 7, 16, 13, 23, 1, 10, 23, 23, 7, 12, 2, 19, 22, 12, 17, 18, 26, 28][-1, 19, 4, -1, -1, -1, 3, 0, 19, -1, 22, 7, 6, 3, 1, 12, 12, 10, 15, 0, 20, 10, 23, 21, 1, 4, 15, 23, 22, 21][18, 8, -1, 5, 15, -1, 15, 0, -1, -1, 9, -1, 7, -1, -1, 18, -1, -1, -1, 8, 0, 7, 5, 10][0m
MIP: [1;32mObjective value: 31282[0m
MIP: [1;32mLower Bound: 31282[0m
MIP: [1;32mBranch-and-Bound nodes: 23378[0m

# best solution:
best objective value:	31282
best dual bound value:	31282
optimality gap:	0%
CPU time:	106.648
