ifile	/scratch/csagturk/mlbp_inst/n0050_m03__055.inst
prob	TNFMLBP
threads	1
ttime	900
instance: /scratch/csagturk/mlbp_inst/n0050_m03__055.inst
	m=3, n=[50, 29, 21, 17]
MIP: [1;32minit CPLEX[0m
CAN: [1;35mcreated 2416 x_{ijk} and f_{ijk} variables[0m
CAN: [1;35mcreated 117 y_{ij} variables[0m
MIP: [1;32mcreated decision variables[0m
MIP: [1;32mcreated constraints[0m
MIP: [1;32mcreated objective function[0m
MIP: [1;32mcalling CPLEX solve ...[0m
Version identifier: 22.1.0.0 | 2022-03-09 | 1a383f8ce
CPXPARAM_Threads                                 1
CPXPARAM_TimeLimit                               900
Tried aggregator 3 times.
MIP Presolve eliminated 51 rows and 2711 columns.
MIP Presolve modified 411 coefficients.
Aggregator did 200 substitutions.
Reduced MIP has 467 rows, 2488 columns, and 4959 nonzeros.
Reduced MIP has 2338 binaries, 0 generals, 0 SOSs, and 96 indicators.
Presolve time = 0.02 sec. (19.39 ticks)
Probing fixed 0 vars, tightened 58 bounds.
Probing changed sense of 50 constraints.
Probing time = 0.01 sec. (10.73 ticks)
Tried aggregator 1 time.
MIP Presolve eliminated 300 rows and 350 columns.
Reduced MIP has 167 rows, 2138 columns, and 4259 nonzeros.
Reduced MIP has 2138 binaries, 0 generals, 0 SOSs, and 0 indicators.
Presolve time = 0.01 sec. (4.97 ticks)
Tried aggregator 1 time.
Detecting symmetries...
Reduced MIP has 167 rows, 2138 columns, and 4259 nonzeros.
Reduced MIP has 2138 binaries, 0 generals, 0 SOSs, and 0 indicators.
Presolve time = 0.00 sec. (4.20 ticks)
Probing time = 0.00 sec. (2.40 ticks)
Clique table members: 772.
MIP emphasis: balance optimality and feasibility.
MIP search method: dynamic search.
Parallel mode: none, using 1 thread.
Root relaxation solution time = 0.00 sec. (6.30 ticks)

        Nodes                                         Cuts/
   Node  Left     Objective  IInf  Best Integer    Best Bound    ItCnt     Gap

      0     0    29794.9229    70                  29794.9229      393         
      0     0    29875.6962   128                   Cuts: 119      617         
      0     0    29913.3314   117                   Cuts: 138      890         
      0     0    29934.8768   126                   Cuts: 119     1240         
      0     0    29951.6912   136                   Cuts: 101     1558         
      0     0    29967.2478   146                   Cuts: 113     2069         
      0     0    29996.5403   163                   Cuts: 102     2371         
      0     0    30037.5897   145                    Cuts: 86     2738         
      0     0    30048.5757   160                    Cuts: 89     2956         
      0     0    30056.1402   158                    Cuts: 77     3144         
      0     0    30062.4189   171                    Cuts: 73     3424         
      0     0    30069.6927   174                    Cuts: 92     3772         
      0     0    30073.0259   177                    Cuts: 84     3985         
      0     0    30081.8528   180                    Cuts: 73     4269         
      0     0    30088.0832   173                    Cuts: 81     4550         
      0     0    30096.8792   184                    Cuts: 87     4843         
      0     0    30104.9372   199                    Cuts: 91     5208         
      0     0    30141.0904   174                    Cuts: 85     5537         
      0     0    30147.1492   167                    Cuts: 81     5827         
      0     0    30150.5194   162                    Cuts: 73     6043         
*     0+    0                        34153.0000    30150.5194            11.72%
*     0+    0                        33615.0000    30150.5194            10.31%
      0     2    30150.5194   135    33615.0000    30150.5462     6043   10.31%
Elapsed time = 0.65 sec. (802.43 ticks, tree = 0.01 MB, solutions = 2)
*    80+   80                        33069.0000    30150.6389             8.83%
*   150+  150                        32952.0000    30150.6389             8.50%
    150   152    31604.7089    50    32952.0000    30150.6389     8726    8.50%
*   250+  236                        32905.0000    30174.1775             8.30%
    300   288    30598.9446    75    32905.0000    30174.1775    12382    8.30%
    477   448    30217.8900   144    32905.0000    30175.6369    16180    8.29%

Performing restart 1

Repeating presolve.
Tried aggregator 1 time.
MIP Presolve modified 898 coefficients.
Reduced MIP has 167 rows, 2138 columns, and 4259 nonzeros.
Reduced MIP has 2138 binaries, 0 generals, 0 SOSs, and 0 indicators.
Presolve time = 0.01 sec. (6.32 ticks)
Tried aggregator 1 time.
MIP Presolve modified 694 coefficients.
Reduced MIP has 167 rows, 2138 columns, and 4259 nonzeros.
Reduced MIP has 2138 binaries, 0 generals, 0 SOSs, and 0 indicators.
Presolve time = 0.01 sec. (6.74 ticks)
Represolve time = 0.06 sec. (39.71 ticks)
    504     0    30091.1822   167    32905.0000      Cuts: 87    18923    8.29%
    504     0    30156.6535   170    32905.0000      Cuts: 81    19232    8.29%
    504     0    30159.9679   167    32905.0000      Cuts: 69    19541    8.29%
    504     0    30162.9408   170    32905.0000      Cuts: 66    19802    8.29%
    504     0    30166.1671   162    32905.0000      Cuts: 73    20044    8.29%
    504     0    30166.6820   159    32905.0000      Cuts: 57    20278    8.29%
*   504+    0                        31864.0000    30175.6369             5.30%
    504     0  -1.00000e+75     0    31864.0000    30175.6369    20278    5.30%
    504     0    30168.4350   147    31864.0000      Cuts: 67    20447    5.30%
    504     0    30175.6855   164    31864.0000      Cuts: 57    20615    5.30%
    504     0    30179.1332   170    31864.0000      Cuts: 83    20899    5.29%
    504     0    30180.4841   172    31864.0000      Cuts: 63    21176    5.28%
    504     0    30182.5478   186    31864.0000      Cuts: 66    21462    5.28%
    504     0    30184.1053   209    31864.0000      Cuts: 68    21643    5.27%
    504     0    30185.2528   172    31864.0000      Cuts: 53    21822    5.27%
    504     0    30186.5310   164    31864.0000      Cuts: 53    21977    5.26%
    504     0    30188.0460   180    31864.0000      Cuts: 47    22160    5.26%
    504     0    30200.7200   173    31864.0000      Cuts: 66    22391    5.22%
    504     0    30202.9955   163    31864.0000      Cuts: 65    22607    5.21%
    504     0    30204.2463   169    31864.0000      Cuts: 34    22741    5.21%
    504     0    30204.9914   180    31864.0000      Cuts: 44    22899    5.21%
    504     0    30205.4132   159    31864.0000      Cuts: 44    22999    5.21%
    504     0    30206.5108   170    31864.0000      Cuts: 47    23108    5.20%
*   504+    0                        31627.0000    30206.5108             4.49%
*   504+    0                        31495.0000    30206.5108             4.09%
*   504+    0                        31462.0000    30206.5108             3.99%
*   504+    0                        31281.0000    30206.5108             3.43%
    504     0  -1.00000e+75     0    31281.0000    30206.5108    23108    3.43%
    504     2    30206.5108   151    31281.0000    30206.9399    23108    3.43%
    507     5    30260.1120   145    31281.0000    30231.1356    23409    3.36%
    514    12    30332.4789   120    31281.0000    30231.1356    23717    3.36%
    527    25    30379.1404   120    31281.0000    30231.1356    23991    3.36%
    539    37    30654.2396   113    31281.0000    30231.1356    24840    3.36%
    564    60    30865.7269    87    31281.0000    30231.1356    25676    3.36%
    886   343    30747.9826    66    31281.0000    30247.1692    33501    3.30%
Elapsed time = 4.69 sec. (6265.80 ticks, tree = 1.41 MB, solutions = 10)
   1288   700    30410.1285    99    31281.0000    30263.3001    43365    3.25%
   1504   892    30840.0000    71    31281.0000    30269.6936    51825    3.23%
   1899  1251    30461.9980   126    31281.0000    30274.1222    61012    3.22%
   2199  1511    31184.2555   109    31281.0000    30277.1378    72141    3.21%
   2574  1848    30451.7127   105    31281.0000    30280.4101    83646    3.20%
   2848  2080    30457.3154   122    31281.0000    30283.6575    94633    3.19%
   3227  2414    30628.3100   135    31281.0000    30291.5008   106273    3.16%
   3504  2662    30541.2955   121    31281.0000    30292.5631   114694    3.16%
   3854  2976    30898.0000    68    31281.0000    30296.2169   124808    3.15%
   4129  3207    30938.3243    93    31281.0000    30301.2346   135967    3.13%
Elapsed time = 12.01 sec. (17122.84 ticks, tree = 14.52 MB, solutions = 10)
   4468  3510    30965.2500    22    31281.0000    30305.9193   146598    3.12%
   4725  3731    30344.1333   144    31281.0000    30308.4894   158053    3.11%
   5131  4065    30857.3333    78    31281.0000    30309.7768   168524    3.10%
   5441  4288    30440.7571   145    31281.0000    30314.4131   179833    3.09%
   5840  4631    30361.2852   155    31281.0000    30317.8141   190566    3.08%
   6226  4971    30342.0611   162    31281.0000    30319.2809   204396    3.07%
   6510  5217    30410.7922   145    31281.0000    30322.6297   215002    3.06%
   6756  5419    30768.8737    99    31281.0000    30323.2737   229885    3.06%
   7118  5718    30384.7907   142    31281.0000    30326.1531   241330    3.05%
   7372  5937    30542.6998   148    31281.0000    30327.9881   252686    3.05%
Elapsed time = 18.37 sec. (26748.97 ticks, tree = 28.39 MB, solutions = 10)
*  7504+ 5429                        31117.0000    30328.9703             2.53%
   7526  5441    30565.5664   172    31117.0000    30328.9949   258611    2.53%
   7758  5639    30395.5173   171    31117.0000    30331.2917   269772    2.53%
   7994  5844    30520.9454   168    31117.0000    30333.5052   280931    2.52%
   8372  6199    30898.0000    30    31117.0000    30334.8507   291998    2.51%
   8505  6301    30775.2724    90    31117.0000    30337.2668   300348    2.51%
   8719  6475    30776.0636   109    31117.0000    30337.7311   311193    2.50%
   9026  6737    30428.1661   114    31117.0000    30338.5047   321953    2.50%
   9297  6967    30374.4865   138    31117.0000    30339.3417   333344    2.50%
   9509  7146    30373.6688   126    31117.0000    30339.9273   344059    2.50%
   9735  7327    30462.5308   169    31117.0000    30340.9795   354611    2.49%
Elapsed time = 24.73 sec. (36388.37 ticks, tree = 36.37 MB, solutions = 11)
   9983  7537    30511.9348   170    31117.0000    30341.5945   367378    2.49%
  10328  7829    30939.9571    80    31117.0000    30342.5370   380103    2.49%
  10504  7959    30754.7513   127    31117.0000    30343.9006   389896    2.48%
* 10584+ 7972                        31104.0000    30344.0245             2.44%
  10584  7974    31067.0000    51    31104.0000    30344.0245   392598    2.44%
  10585  7975    30501.6627   127    31104.0000    30344.2408   392832    2.44%
  10756  8126    30833.4769    82    31104.0000    30344.3960   402224    2.44%
  10968  8295        cutoff          31104.0000    30344.9079   412575    2.44%
  11176  8469    30511.4831   156    31104.0000    30345.4212   424081    2.44%
  11341  8606    30411.3647   148    31104.0000    30345.4212   435514    2.44%
  11446  8687    30842.3203   109    31104.0000    30345.4722   445454    2.44%
Elapsed time = 48.20 sec. (64111.61 ticks, tree = 44.64 MB, solutions = 12)
  11673  8869    30542.4272   137    31104.0000    30346.4069   456446    2.44%
  11897  9056    30684.4195   137    31104.0000    30347.4985   467023    2.43%
  12092  9226    30988.2500    64    31104.0000    30347.9751   478508    2.43%
  12309  9402    30426.2665   147    31104.0000    30348.6171   489891    2.43%
  12455  9519    30431.3041   163    31104.0000    30349.0711   498944    2.43%
  12504  9568    30958.0000    53    31104.0000    30349.0711   501550    2.43%
  12654  9681    31098.0000    32    31104.0000    30349.2165   512356    2.43%
  12811  9801    30559.5710   147    31104.0000    30350.0058   522127    2.42%
  12934  9907        cutoff          31104.0000    30350.3910   532141    2.42%
  13099 10048    30445.6155   145    31104.0000    30351.0085   542909    2.42%
Elapsed time = 54.64 sec. (73858.45 ticks, tree = 53.35 MB, solutions = 12)
  13237 10155    30412.1438   159    31104.0000    30351.6107   551518    2.42%
  13350 10251    30512.4052   117    31104.0000    30351.8161   561784    2.42%
* 13504+ 4406                        30660.0000    30352.1334             1.00%
  13504  4405    30660.0000     0    30660.0000    30352.1334   570512    1.00%
  13575  4453    30644.9840   123    30660.0000    30352.4674   579547    1.00%
  13656  4510    30396.3899   147    30660.0000    30352.9852   587146    1.00%
  13770  4580    30457.7652   166    30660.0000    30353.8850   595889    1.00%
  13864  4632    30385.8882   133    30660.0000    30354.8843   606492    1.00%
  14010  4741    30580.9372   123    30660.0000    30355.2919   616736    0.99%
  14064  4765    30391.2718   133    30660.0000    30356.0727   625005    0.99%
  14120  4794    30376.4968   173    30660.0000    30356.5009   632332    0.99%
Elapsed time = 61.43 sec. (84121.14 ticks, tree = 26.31 MB, solutions = 13)
  14168  4813    30611.8616   125    30660.0000    30356.6334   641747    0.99%
  14233  4843    30456.9754   130    30660.0000    30357.9345   651164    0.99%
  14276  4864    30469.0629   106    30660.0000    30358.3186   659634    0.98%
  14352  4905    30403.6810   184    30660.0000    30359.3378   669074    0.98%
  14428  4953    30394.3991   168    30660.0000    30360.0832   678370    0.98%
  14503  4998    30508.7666   151    30660.0000    30361.1418   687080    0.97%
  14585  5046    30416.6536   156    30660.0000    30361.5463   695359    0.97%
  14640  5075    infeasible          30660.0000    30361.8819   703758    0.97%
  14698  5101    30465.7645   141    30660.0000    30363.1424   711123    0.97%
  14766  5145    30546.7191   168    30660.0000    30363.3965   719743    0.97%
Elapsed time = 67.87 sec. (94005.58 ticks, tree = 29.37 MB, solutions = 13)
  14826  5171    30475.0000   127    30660.0000    30363.6871   729274    0.97%
  14898  5216    30385.1792   140    30660.0000    30364.3995   736591    0.96%
  14956  5248    30504.7324   154    30660.0000    30365.0311   744164    0.96%
  15077  5349        cutoff          30660.0000    30365.0836   754082    0.96%
  15190  5422        cutoff          30660.0000    30366.0894   764061    0.96%
  15264  5463    30598.3315   115    30660.0000    30366.7959   774378    0.96%
  15391  5531    30446.2131   186    30660.0000    30368.0474   785075    0.95%
  15498  5604    30401.8094   151    30660.0000    30368.4958   794955    0.95%
  15594  5658    30389.2601   175    30660.0000    30369.1365   804864    0.95%
  15676  5700        cutoff          30660.0000    30369.5047   816490    0.95%
Elapsed time = 74.36 sec. (104007.75 ticks, tree = 34.55 MB, solutions = 13)
  15734  5733    30491.5648   219    30660.0000    30370.0064   826625    0.95%
  15806  5760    30593.3071   177    30660.0000    30370.7299   837110    0.94%
  15876  5793    30615.6842   169    30660.0000    30370.9786   847184    0.94%
  15970  5847    30426.4962   195    30660.0000    30371.8001   856613    0.94%
  16028  5869    30557.8021   203    30660.0000    30372.0910   867006    0.94%
  16079  5901    30410.9081   194    30660.0000    30372.2137   876580    0.94%
  16170  5945    30525.8591   162    30660.0000    30372.7235   887145    0.94%
  16261  5996    infeasible          30660.0000    30373.5231   897909    0.93%
  16351  6046    30548.5585   157    30660.0000    30373.8640   908800    0.93%
  16657  6213    30463.5552   183    30660.0000    30375.3561   952499    0.93%
Elapsed time = 82.58 sec. (116704.33 ticks, tree = 39.48 MB, solutions = 13)
  16992  6377    30525.0661   168    30660.0000    30377.6824   999070    0.92%
  17381  6568    30465.4673   135    30660.0000    30380.7630  1045801    0.91%
  17682  6694    30554.4414   114    30660.0000    30383.5703  1095551    0.90%
  18083  6887    30449.8459   184    30660.0000    30386.1443  1145744    0.89%
  18529  7129    30592.6394   153    30660.0000    30387.9656  1192450    0.89%
  18685  7167    30520.3819   180    30660.0000    30388.0264  1232305    0.89%
  19121  7416    30587.8213   142    30660.0000    30390.2771  1277384    0.88%
  19489  7602    infeasible          30660.0000    30392.0572  1321201    0.87%
  19783  7716    30435.4348   127    30660.0000    30394.0197  1363244    0.87%
  20163  7899    30525.5176   163    30660.0000    30396.1891  1407211    0.86%
Elapsed time = 107.53 sec. (155100.82 ticks, tree = 55.79 MB, solutions = 13)
  20504  8048    30659.0000    54    30660.0000    30398.0958  1453692    0.85%
  20906  8226        cutoff          30660.0000    30400.8155  1503112    0.85%
  21354  8397    30572.8894   159    30660.0000    30404.4497  1553671    0.83%
  21665  8486    30578.6158   193    30660.0000    30407.0965  1602219    0.82%
  22062  8660        cutoff          30660.0000    30409.1196  1648710    0.82%
  22470  8817    30517.0425   144    30660.0000    30411.7272  1697277    0.81%
  22839  8947    30484.8165   171    30660.0000    30413.5923  1740447    0.80%
  23222  9108    30532.9139   126    30660.0000    30415.8027  1784563    0.80%
  23574  9249    30545.9503   181    30660.0000    30417.8061  1829175    0.79%
  23983  9433    30593.3558   139    30660.0000    30419.7759  1873632    0.78%
Elapsed time = 132.87 sec. (193437.49 ticks, tree = 70.81 MB, solutions = 13)
  24199  9475    30462.1851   189    30660.0000    30420.5076  1916642    0.78%
  24504  9554    30647.1523   146    30660.0000    30422.8720  1958828    0.77%
  24847  9652    30517.0959   151    30660.0000    30425.6430  2005821    0.76%
  25225  9765    30647.9960   207    30660.0000    30427.9757  2053173    0.76%
  25581  9870        cutoff          30660.0000    30430.4586  2100755    0.75%
  26086 10109    30622.8333   122    30660.0000    30432.5202  2151451    0.74%
  26567 10315    30563.0000    36    30660.0000    30434.6196  2202415    0.74%
  27053 10519    30585.0321   137    30660.0000    30436.8267  2253559    0.73%
  27462 10618    30449.5213   114    30660.0000    30439.1724  2304950    0.72%
  27871 10800    30623.1024   156    30660.0000    30440.4626  2351264    0.72%
Elapsed time = 158.26 sec. (231737.79 ticks, tree = 84.41 MB, solutions = 13)
  28263 10931        cutoff          30660.0000    30442.2193  2397149    0.71%
  28628 11040    30561.3259   138    30660.0000    30443.9530  2439816    0.70%
  29002 11192    30644.0000    93    30660.0000    30445.3061  2484965    0.70%
  29361 11282        cutoff          30660.0000    30446.8298  2529614    0.70%
  29733 11434    30552.9574   193    30660.0000    30448.1669  2569614    0.69%
  30187 11610    30577.2006   151    30660.0000    30449.8389  2614508    0.69%
  30613 11781        cutoff          30660.0000    30451.3746  2660138    0.68%
  31127 11961    30654.1637   179    30660.0000    30452.9144  2709024    0.68%
  31575 12077    30551.9648   199    30660.0000    30454.4725  2758239    0.67%
  32010 12238        cutoff          30660.0000    30455.9025  2808090    0.67%
Elapsed time = 183.39 sec. (270049.29 ticks, tree = 98.38 MB, solutions = 13)
  32483 12386        cutoff          30660.0000    30457.6900  2858561    0.66%
  32926 12577        cutoff          30660.0000    30459.3360  2904260    0.65%
  33428 12737    30497.5863   153    30660.0000    30461.1358  2955267    0.65%
  33947 12936    30515.9045   247    30660.0000    30463.1051  3005270    0.64%
  34480 13091    30633.1249   168    30660.0000    30464.8818  3057668    0.64%
  34949 13241    30521.2548   172    30660.0000    30466.4084  3105302    0.63%
  35397 13388    30497.2042   184    30660.0000    30467.9540  3150464    0.63%
  35762 13602    30580.0780   161    30660.0000    30468.5491  3188854    0.62%
  36210 13746        cutoff          30660.0000    30469.7929  3233376    0.62%
  36645 13892    30615.5221   158    30660.0000    30470.9654  3276359    0.62%
Elapsed time = 208.77 sec. (308406.05 ticks, tree = 113.97 MB, solutions = 13)
  37113 14060    30536.6333   134    30660.0000    30472.4663  3321692    0.61%
  37504 14162    30546.0403   188    30660.0000    30473.8197  3368098    0.61%
  37923 14276    30595.6939   142    30660.0000    30475.4002  3412819    0.60%
  38433 14459    30648.4151   140    30660.0000    30476.6255  3461493    0.60%
  38905 14575        cutoff          30660.0000    30478.4827  3509707    0.59%
  39457 14740    30580.0879   142    30660.0000    30480.1503  3561747    0.59%
  39954 14861    30512.6542   146    30660.0000    30481.7733  3610964    0.58%
  40483 15046    30582.3881   187    30660.0000    30483.2283  3662005    0.58%
  41032 15222    30636.8010   130    30660.0000    30484.5550  3713320    0.57%
  41496 15395    30641.0000    66    30660.0000    30485.6753  3762234    0.57%
Elapsed time = 234.05 sec. (346701.09 ticks, tree = 128.12 MB, solutions = 13)
* 41504+14058                        30641.0000    30485.6753             0.51%
  41888 14261    infeasible          30641.0000    30486.4375  3799242    0.50%
  42394 14464    30511.7786   163    30641.0000    30487.7422  3851342    0.50%
  42931 14623        cutoff          30641.0000    30489.0000  3898432    0.50%
* 43017     1      integral     0    30489.0000    30489.0000  3904878    0.00%

Clique cuts applied:  63
Cover cuts applied:  489
Flow cuts applied:  20
Mixed integer rounding cuts applied:  199
Zero-half cuts applied:  61
Gomory fractional cuts applied:  5

Root node processing (before b&c):
  Real time             =    0.65 sec. (797.77 ticks)
Sequential b&c:
  Real time             =  241.58 sec. (357806.71 ticks)
                          ------------
Total (root+branch&cut) =  242.23 sec. (358604.48 ticks)
MIP: [1;32mCPLEX finished.[0m
MIP: [1;32mCPLEX status: Optimal[0m
MIP: [1;32mSolution: 
[2, 7, 11, 6, 16, 28, 8, 4, 10, 26, 9, 2, 17, 13, 14, 24, 27, 18, 10, 16, 11, 17, 0, 0, 4, 15, 22, 21, 14, 18, 18, 12, 4, 19, 12, 8, 17, 6, 7, 16, 28, 11, 22, 21, 23, 23, 27, 11, 9, 3][18, -1, 18, 7, 2, -1, 1, 17, 10, 7, 17, 6, 16, 14, 16, 0, 13, 6, 14, 10, -1, 0, 12, 13, 12, -1, 1, 20, 20][5, 9, 15, -1, -1, -1, 14, 2, -1, -1, 2, -1, 16, 12, 11, -1, 9, 16, 14, -1, 15][0m
MIP: [1;32mObjective value: 30489[0m
MIP: [1;32mLower Bound: 30489[0m
MIP: [1;32mBranch-and-Bound nodes: 43018[0m

# best solution:
best objective value:	30489
best dual bound value:	30489
optimality gap:	0%
CPU time:	241.28
