ifile	/scratch/csagturk/mlbp_inst/n0060_m05__098.inst
prob	TNFMLBP
threads	1
ttime	900
instance: /scratch/csagturk/mlbp_inst/n0060_m05__098.inst
	m=5, n=[60, 33, 25, 19, 15, 14]
MIP: [1;32minit CPLEX[0m
CAN: [1;35mcreated 3775 x_{ijk} and f_{ijk} variables[0m
CAN: [1;35mcreated 166 y_{ij} variables[0m
MIP: [1;32mcreated decision variables[0m
MIP: [1;32mcreated constraints[0m
MIP: [1;32mcreated objective function[0m
MIP: [1;32mcalling CPLEX solve ...[0m
Version identifier: 22.1.0.0 | 2022-03-09 | 1a383f8ce
CPXPARAM_Threads                                 1
CPXPARAM_TimeLimit                               900
Tried aggregator 5 times.
MIP Presolve eliminated 62 rows and 4249 columns.
MIP Presolve modified 892 coefficients.
Aggregator did 369 substitutions.
Reduced MIP has 809 rows, 3958 columns, and 7905 nonzeros.
Reduced MIP has 3683 binaries, 0 generals, 0 SOSs, and 170 indicators.
Presolve time = 0.03 sec. (37.08 ticks)
Probing fixed 0 vars, tightened 100 bounds.
Probing changed sense of 94 constraints.
Probing time = 0.03 sec. (19.37 ticks)
Tried aggregator 1 time.
MIP Presolve eliminated 553 rows and 644 columns.
Reduced MIP has 256 rows, 3314 columns, and 6615 nonzeros.
Reduced MIP has 3314 binaries, 0 generals, 0 SOSs, and 0 indicators.
Presolve time = 0.01 sec. (7.58 ticks)
Tried aggregator 1 time.
Detecting symmetries...
Reduced MIP has 256 rows, 3314 columns, and 6615 nonzeros.
Reduced MIP has 3314 binaries, 0 generals, 0 SOSs, and 0 indicators.
Presolve time = 0.01 sec. (6.41 ticks)
Probing time = 0.00 sec. (2.62 ticks)
Clique table members: 1128.
MIP emphasis: balance optimality and feasibility.
MIP search method: dynamic search.
Parallel mode: none, using 1 thread.
Root relaxation solution time = 0.01 sec. (14.65 ticks)

        Nodes                                         Cuts/
   Node  Left     Objective  IInf  Best Integer    Best Bound    ItCnt     Gap

      0     0    51707.6338   102                  51707.6338      727         
      0     0    52023.5594   140                   Cuts: 153     1118         
      0     0    52228.8553   170                   Cuts: 164     1574         
      0     0    52357.6009   171                   Cuts: 134     2081         
      0     0    52468.7340   213                   Cuts: 136     2670         
      0     0    52503.4900   250                   Cuts: 134     3124         
      0     0    52581.1153   258                   Cuts: 137     3624         
      0     0    52677.2865   295                   Cuts: 116     4097         
      0     0    52736.0089   269                   Cuts: 115     4542         
      0     0    52802.6115   253                   Cuts: 110     4862         
      0     0    52828.5340   262                    Cuts: 88     5177         
      0     0    52850.5717   276                    Cuts: 86     5713         
      0     0    52870.8825   255                    Cuts: 94     6015         
      0     0    52905.7311   288                    Cuts: 88     6336         
      0     0    52915.9736   285                    Cuts: 87     6617         
      0     0    52940.8302   288                    Cuts: 81     6910         
      0     0    52957.2361   282                    Cuts: 71     7297         
      0     0    52970.9750   269                    Cuts: 82     7549         
      0     0    52978.9676   282                    Cuts: 57     7799         
      0     0    52990.3511   259                    Cuts: 70     8066         
      0     0    53002.8605   254                    Cuts: 66     8379         
      0     0    53010.7211   255                    Cuts: 76     8607         
*     0+    0                        67301.0000    53010.7211            21.23%
*     0+    0                        66593.0000    53010.7211            20.40%
*     0+    0                        61915.0000    53010.7211            14.38%
*     0+    0                        61854.0000    53010.7211            14.30%
      0     0  -1.00000e+75     0    61854.0000    53010.7211     8607   14.30%
      0     2    53010.7211   240    61854.0000    53011.1756     8607   14.30%
Elapsed time = 1.57 sec. (2012.61 ticks, tree = 0.01 MB, solutions = 4)
     30    32    53225.7012   165    61854.0000    53013.1944     9836   14.29%
    117   119    54995.9392   105    61854.0000    53013.1944    11868   14.29%
    208   200    53252.3479   198    61854.0000    53035.4637    14416   14.26%
    260   252    53490.8936   109    61854.0000    53035.4637    16573   14.26%
    360   348    57292.7256    74    61854.0000    53035.4637    19903   14.26%
    489   459    53209.9739   194    61854.0000    53054.9649    22209   14.23%
    601   569        cutoff          61854.0000    53054.9649    24873   14.23%
    670   638    54953.3243   125    61854.0000    53055.2096    27052   14.23%
    800   757    53146.1009   214    61854.0000    53058.2236    29554   14.22%
*   840+  717                        59383.0000    53058.2236            10.65%

Performing restart 1

Repeating presolve.
Tried aggregator 1 time.
MIP Presolve modified 2208 coefficients.
Reduced MIP has 256 rows, 3314 columns, and 6615 nonzeros.
Reduced MIP has 3314 binaries, 0 generals, 0 SOSs, and 0 indicators.
Presolve time = 0.02 sec. (11.68 ticks)
Tried aggregator 1 time.
MIP Presolve modified 1669 coefficients.
Reduced MIP has 256 rows, 3314 columns, and 6615 nonzeros.
Reduced MIP has 3314 binaries, 0 generals, 0 SOSs, and 0 indicators.
Presolve time = 0.01 sec. (11.59 ticks)
Represolve time = 0.08 sec. (60.10 ticks)
    958     0    52699.2907   260    59383.0000     Cuts: 120    37700   10.65%
    958     0    52799.3793   273    59383.0000      Cuts: 96    38116   10.65%
    958     0    52834.6653   303    59383.0000     Cuts: 113    38569   10.65%
*   958+    0                        59119.0000    53058.2236            10.25%
    958     0  -1.00000e+75     0    59119.0000    53058.2236    38569   10.25%
    958     0    52905.5592   284    59119.0000      Cuts: 92    39097   10.25%
    958     0    52935.8383   263    59119.0000     Cuts: 100    39547   10.25%
    958     0    52965.5240   253    59119.0000      Cuts: 77    39808   10.25%
    958     0    52978.3613   274    59119.0000      Cuts: 75    40084   10.25%
    958     0    52995.4392   283    59119.0000      Cuts: 81    40380   10.25%
    958     0    53001.3305   283    59119.0000      Cuts: 81    40690   10.25%
    958     0    53008.1010   288    59119.0000      Cuts: 83    41122   10.25%
    958     0    53017.6803   293    59119.0000      Cuts: 94    41441   10.25%
    958     0    53046.4178   266    59119.0000      Cuts: 90    41840   10.25%
    958     0    53054.1639   297    59119.0000      Cuts: 74    42200   10.25%
    958     0    53059.3547   301    59119.0000      Cuts: 92    42495   10.25%
    958     0    53062.1453   312    59119.0000      Cuts: 73    42708   10.25%
    958     0    53065.6028   295    59119.0000      Cuts: 90    43001   10.24%
    958     0    53066.0538   277    59119.0000      Cuts: 85    43243   10.24%
    958     0    53066.9108   277    59119.0000      Cuts: 59    43516   10.24%
    958     0    53067.2961   259    59119.0000      Cuts: 64    43839   10.24%
    958     0    53067.3472   216    59119.0000      Cuts: 33    43947   10.24%
    958     0    53068.0166   288    59119.0000      Cuts: 45    44088   10.24%
*   958+    0                        58465.0000    53068.0166             9.23%
*   958+    0                        58463.0000    53068.0166             9.23%
    958     0  -1.00000e+75     0    58463.0000    53068.0166    44088    9.23%
    958     2    53068.0166   253    58463.0000    53068.0826    44088    9.23%
Elapsed time = 7.78 sec. (10422.03 ticks, tree = 0.01 MB, solutions = 8)
    964     8    53167.4650   223    58463.0000    53092.2162    44626    9.19%
    978    22    53594.6163   187    58463.0000    53092.2162    45324    9.19%
   1048    92    55515.0783   146    58463.0000    53092.2162    47502    9.19%
*  1101+  137                        58372.0000    53092.2162             9.05%
   1140   173    55167.6622   163    58372.0000    53092.8741    50880    9.04%
   1265   287    54151.5181   198    58372.0000    53097.5695    55415    9.04%
   1398   414    54075.6938   161    58372.0000    53108.0646    61327    9.02%
   1575   583    56511.4204   115    58372.0000    53117.4077    67135    9.00%
   1750   743    53231.5015   253    58372.0000    53128.1117    72768    8.98%
   1928   913    55812.0156   153    58372.0000    53130.9835    78991    8.98%
   2168  1138    53333.0403   239    58372.0000    53138.5920    86378    8.97%
Elapsed time = 13.22 sec. (20315.03 ticks, tree = 6.90 MB, solutions = 9)
   2310  1275    54298.3949   159    58372.0000    53141.6189    94745    8.96%
   2488  1437    53749.0854   233    58372.0000    53146.2252   103693    8.95%
   2799  1734    53765.3131   148    58372.0000    53151.2686   110088    8.94%
*  2958+ 1883                        58363.0000    53155.7409             8.92%
   2958  1885    54884.6054   134    58363.0000    53155.7409   116283    8.92%
   3189  2096    53789.9011   156    58363.0000    53167.8635   122836    8.90%
   3469  2360    54612.2099   153    58363.0000    53169.4320   130120    8.90%
   3679  2557    54466.3569   170    58363.0000    53170.3173   138496    8.90%
   3797  2659    53437.4234   190    58363.0000    53173.4043   146190    8.89%
*  3958+ 1840                        54817.0000    53173.4043             3.00%
   3958  1840    54793.5565   110    54817.0000    53173.4043   150100    3.00%
   4037  1912    53274.1554   245    54817.0000    53174.6139   156081    3.00%
Elapsed time = 19.21 sec. (30256.25 ticks, tree = 11.94 MB, solutions = 11)
   4199  2059    54075.9208   185    54817.0000    53179.3900   162712    2.99%
   4354  2200    53891.5721   171    54817.0000    53181.8554   169366    2.98%
   4522  2353    53350.7227   235    54817.0000    53185.8034   176158    2.98%
   4618  2441    53649.0058   213    54817.0000    53189.5053   183669    2.97%
   4764  2564    53195.7627   207    54817.0000    53194.7572   190030    2.96%
   4907  2690    53442.8728   226    54817.0000    53195.8477   196322    2.96%
   5052  2827    53916.6728   180    54817.0000    53199.3072   202739    2.95%
   5179  2939    53425.1288   199    54817.0000    53200.8619   208910    2.95%
   5280  3031    53639.5208   244    54817.0000    53201.2550   216491    2.95%
   5380  3121    54730.4813   179    54817.0000    53202.9082   224149    2.94%
Elapsed time = 24.75 sec. (39947.25 ticks, tree = 20.13 MB, solutions = 11)
   5444  3173    53435.4947   247    54817.0000    53206.0328   230472    2.94%
   5598  3317    53936.7246   161    54817.0000    53207.9062   236556    2.94%
   5698  3397    53265.5992   216    54817.0000    53208.9810   245500    2.93%
   5805  3494    53670.0865   228    54817.0000    53210.4004   252782    2.93%
   5918  3597    54671.2556   154    54817.0000    53213.9061   259131    2.92%
   6045  3711        cutoff          54817.0000    53215.0136   263355    2.92%
   6151  3805        cutoff          54817.0000    53219.5363   270043    2.91%
   6323  3964    53524.7327   173    54817.0000    53221.7050   277017    2.91%
   6428  4058    53409.5239   251    54817.0000    53233.6772   283755    2.89%
   6557  4167    53269.9558   228    54817.0000    53236.0156   290406    2.88%
Elapsed time = 30.75 sec. (50074.46 ticks, tree = 28.08 MB, solutions = 11)
   6795  4395    53544.7008   233    54817.0000    53236.1036   297556    2.88%
   6882  4470    53271.6567   255    54817.0000    53238.6473   304129    2.88%
   6958  4542    53773.3730   202    54817.0000    53239.3412   309022    2.88%
   7073  4647    53272.6578   232    54817.0000    53240.2843   316003    2.88%
   7176  4740    53494.2946   206    54817.0000    53241.2740   322444    2.87%
   7291  4846    53443.6666   198    54817.0000    53243.3879   328070    2.87%
   7355  4903    54115.7511   195    54817.0000    53243.5975   333794    2.87%
   7493  5027    53267.0120   189    54817.0000    53243.7604   340565    2.87%
   7603  5128    53583.5558   241    54817.0000    53247.2579   346665    2.86%
   7716  5229    53991.5160   194    54817.0000    53247.6095   352388    2.86%
Elapsed time = 37.39 sec. (60950.73 ticks, tree = 36.40 MB, solutions = 11)
   7798  5299    53389.0082   225    54817.0000    53250.0412   358449    2.86%
   7926  5412        cutoff          54817.0000    53250.7270   365651    2.86%
*  7958+ 4700                        54307.0000    53250.8124             1.94%
   7958  4702    53548.2446   184    54307.0000    53250.8124   367099    1.94%
   8109  4842    53853.7860   201    54307.0000    53252.2082   373627    1.94%
   8198  4923    53426.7382   225    54307.0000    53253.2171   378035    1.94%
   8294  5003    53931.9645   194    54307.0000    53256.1741   384341    1.93%
   8455  5139    53533.8463   175    54307.0000    53258.6080   392113    1.93%
   8551  5222    53442.0954   204    54307.0000    53258.8582   397834    1.93%
   8622  5279    54116.8973   234    54307.0000    53259.8451   403626    1.93%
   8737  5379    53917.0063   250    54307.0000    53262.2085   409311    1.92%
Elapsed time = 43.47 sec. (70816.60 ticks, tree = 38.59 MB, solutions = 12)
   8781  5412    53758.6278   261    54307.0000    53264.0540   414066    1.92%
   8872  5490    53518.3191   229    54307.0000    53265.1601   419052    1.92%
   8943  5553    53454.7388   185    54307.0000    53265.7096   424647    1.92%
   9011  5617    53448.3501   225    54307.0000    53265.7358   428343    1.92%
   9064  5662    53512.2304   246    54307.0000    53266.3471   434174    1.92%
   9167  5749    53910.8087   190    54307.0000    53267.0120   439359    1.92%
   9257  5823    53579.6078   261    54307.0000    53268.1001   444661    1.91%
   9336  5892    53472.4654   248    54307.0000    53268.3100   451368    1.91%
   9442  5984    53469.9492   220    54307.0000    53269.7672   456467    1.91%
   9532  6054    53343.0311   221    54307.0000    53270.1215   461816    1.91%
Elapsed time = 49.72 sec. (81280.20 ticks, tree = 44.36 MB, solutions = 12)
   9586  6098    53565.1392   224    54307.0000    53270.4560   466804    1.91%
   9662  6166    54172.1748   246    54307.0000    53271.5100   470994    1.91%
   9766  6262    53829.8200   181    54307.0000    53271.8473   477232    1.91%
   9852  6340    53773.3445   242    54307.0000    53272.7852   482247    1.90%
   9926  6404    53772.6973   255    54307.0000    53273.0384   486765    1.90%
   9958  6430    53523.4238   221    54307.0000    53274.0543   488771    1.90%
  10038  6502    53335.0253   254    54307.0000    53274.4255   492763    1.90%
  10122  6568    53365.8761   212    54307.0000    53275.7353   497917    1.90%
  10191  6629    53736.1306   249    54307.0000    53276.1137   504095    1.90%
  10284  6709    53563.6921   247    54307.0000    53276.6743   509572    1.90%
Elapsed time = 56.55 sec. (92200.01 ticks, tree = 50.40 MB, solutions = 12)
  10360  6768    54207.2784   232    54307.0000    53277.0298   515208    1.90%
  10417  6806    53687.7924   205    54307.0000    53277.2667   521258    1.90%
  10492  6871    53948.2619   223    54307.0000    53278.0606   526032    1.89%
  10527  6892    53399.1461   261    54307.0000    53279.4401   531104    1.89%
* 10538+ 6854                        54292.0000    53279.4401             1.87%
* 10538+ 6670                        54232.0000    53279.4401             1.76%
  10538  6672    53802.2030   240    54232.0000    53279.4401   531908    1.76%
  10539  6673    53370.9610   201    54232.0000    53279.6125   532583    1.76%
  10571  6699    53496.1629   281    54232.0000    53280.1480   536524    1.76%
  10687  6795    53442.0790   186    54232.0000    53280.4210   542051    1.75%
  10798  6898    53319.4613   254    54232.0000    53281.2097   549539    1.75%
  10958  7022    53581.2190   157    54232.0000    53283.2040   562120    1.75%
Elapsed time = 89.90 sec. (133620.91 ticks, tree = 53.94 MB, solutions = 14)
  11251  7267    53673.7814   205    54232.0000    53286.5305   582332    1.74%
  11529  7491    53762.0186   233    54232.0000    53288.7003   603855    1.74%
  11736  7646    54230.8608   246    54232.0000    53290.5067   622195    1.74%
  11938  7801    53477.8049   214    54232.0000    53293.6766   638678    1.73%
  12166  7998    53318.8170   244    54232.0000    53294.6902   653961    1.73%
  12361  8148    53501.1733   240    54232.0000    53296.0834   671552    1.73%
  12543  8292    53517.0758   244    54232.0000    53298.7791   692285    1.72%
  12769  8488    53698.3249   205    54232.0000    53300.1788   710218    1.72%
  12958  8641    53515.6724   192    54232.0000    53301.0225   725856    1.72%
  13232  8862    53436.4020   232    54232.0000    53303.4347   745587    1.71%
Elapsed time = 114.49 sec. (173438.64 ticks, tree = 73.92 MB, solutions = 14)
  13374  8964    53585.4422   301    54232.0000    53304.6390   760210    1.71%
  13619  9175    53515.4431   285    54232.0000    53306.3360   779816    1.71%
  13833  9362    53952.6970   198    54232.0000    53307.8012   798978    1.70%
  13958  9460    53811.2150   202    54232.0000    53308.5954   813679    1.70%
  14071  9532    53331.5151   212    54232.0000    53309.0720   830022    1.70%
  14207  9636    53742.8659   209    54232.0000    53310.4431   845637    1.70%
  14391  9787    54179.2158   220    54232.0000    53312.3257   861103    1.70%
  14533  9893    53478.4236   267    54232.0000    53313.9407   878038    1.69%
  14696 10010    53521.4899   228    54232.0000    53316.3611   896198    1.69%
  14808 10086    54023.5334   238    54232.0000    53318.2641   911787    1.68%
Elapsed time = 139.23 sec. (213522.24 ticks, tree = 89.17 MB, solutions = 14)
  14958 10204    54211.7605   182    54232.0000    53319.9958   925998    1.68%
  15087 10302        cutoff          54232.0000    53320.5908   943976    1.68%
  15245 10428    53453.6637   209    54232.0000    53321.8944   962420    1.68%
  15414 10567    53720.7346   238    54232.0000    53323.2669   986896    1.68%
  15639 10746    53339.4614   239    54232.0000    53325.4068  1009523    1.67%
  15855 10916    53589.6786   251    54232.0000    53326.8331  1032298    1.67%
* 15958+ 7086                        53818.0000    53326.8331             0.91%
  15983  7092    53767.7609   247    53818.0000    53327.0655  1045099    0.91%
  16158  7194    53787.0950   209    53818.0000    53329.0591  1065504    0.91%
  16313  7270    53471.8681   236    53818.0000    53332.1553  1087729    0.90%
  16446  7349    53716.2530   233    53818.0000    53335.4579  1110800    0.90%
Elapsed time = 164.48 sec. (252919.51 ticks, tree = 69.96 MB, solutions = 15)
  16595  7428    53444.8814   231    53818.0000    53336.7743  1133655    0.89%
  16785  7571    53725.5358   279    53818.0000    53338.5717  1156827    0.89%
  16937  7657    53467.7323   192    53818.0000    53341.9502  1179894    0.88%
  17062  7718    53486.7310   293    53818.0000    53343.4189  1202760    0.88%
  17238  7809    53626.4600   206    53818.0000    53347.3864  1225418    0.87%
  17409  7894        cutoff          53818.0000    53349.6541  1247978    0.87%
  17614  8010        cutoff          53818.0000    53350.8233  1272582    0.87%
  17812  8123    53740.8145   201    53818.0000    53354.7227  1296500    0.86%
  17984  8212    53746.8448   286    53818.0000    53357.8200  1319504    0.86%
  18178  8331    53565.0819   273    53818.0000    53360.8081  1343123    0.85%
Elapsed time = 189.41 sec. (291816.58 ticks, tree = 84.11 MB, solutions = 15)
  18317  8385    53573.0691   255    53818.0000    53364.6763  1364526    0.84%
  18457  8447    53524.6777   271    53818.0000    53366.9067  1388000    0.84%
  18613  8537    53742.1290   265    53818.0000    53368.5527  1410377    0.84%
  18787  8652    53515.2648   206    53818.0000    53370.1468  1433597    0.83%
  18960  8736    53742.9058   223    53818.0000    53372.4895  1456152    0.83%
  19105  8790    53805.9643   247    53818.0000    53374.9039  1479898    0.82%
  19268  8875    53520.1764   298    53818.0000    53377.3306  1503000    0.82%
  19386  8915    54520.0311   181    53818.0000    53378.8948  1525824    0.82%
  19525  8964    53777.5427   205    53818.0000    53381.2910  1549030    0.81%
  19691  9013    53668.6297   261    53818.0000    53384.4782  1572699    0.81%
Elapsed time = 213.95 sec. (330438.29 ticks, tree = 94.30 MB, solutions = 15)
  19854  9095    53642.7320   156    53818.0000    53386.7648  1596282    0.80%
  20056  9228    53600.6006   205    53818.0000    53388.4866  1618141    0.80%
  20254  9351    53695.4993   234    53818.0000    53391.3075  1642186    0.79%

Performing restart 2

Repeating presolve.
Tried aggregator 1 time.
MIP Presolve eliminated 0 rows and 64 columns.
MIP Presolve modified 1484 coefficients.
Reduced MIP has 256 rows, 3250 columns, and 6488 nonzeros.
Reduced MIP has 3250 binaries, 0 generals, 0 SOSs, and 0 indicators.
Presolve time = 0.01 sec. (9.37 ticks)
Tried aggregator 1 time.
MIP Presolve modified 1481 coefficients.
Reduced MIP has 256 rows, 3250 columns, and 6488 nonzeros.
Reduced MIP has 3250 binaries, 0 generals, 0 SOSs, and 0 indicators.
Presolve time = 0.01 sec. (10.95 ticks)
Represolve time = 0.13 sec. (88.34 ticks)
  20338     0    53089.7783   300    53818.0000      Cuts: 48  1657010    0.79%
  20338     0    53091.4823   298    53818.0000      Cuts: 52  1657343    0.79%
  20338     0    53098.1209   277    53818.0000      Cuts: 53  1657895    0.79%
  20338     0    53105.0899   290    53818.0000      Cuts: 58  1658320    0.79%
  20338     0    53109.4851   277    53818.0000      Cuts: 46  1658611    0.79%
  20338     0    53110.4759   272    53818.0000      Cuts: 73  1658762    0.79%
  20338     0    53111.4306   290    53818.0000      Cuts: 65  1658999    0.79%
  20338     0    53116.5270   283    53818.0000      Cuts: 82  1659216    0.79%
  20338     0    53125.5330   265    53818.0000      Cuts: 84  1659526    0.79%
  20338     0    53135.0486   276    53818.0000      Cuts: 83  1659894    0.79%
  20338     0    53135.6970   281    53818.0000      Cuts: 60  1660112    0.79%
  20338     2    53135.6970   258    53818.0000    53392.2940  1660112    0.79%
  20350    13    53735.5589   221    53818.0000    53392.2940  1660886    0.79%
  20372    24    53520.9480   189    53818.0000    53392.2940  1661963    0.79%
  20482   102    53212.9475   236    53818.0000    53392.2940  1664720    0.79%
  20704   267    53809.5021   157    53818.0000    53392.2940  1674553    0.79%
  21071   550    53551.3068   208    53818.0000    53392.2940  1687509    0.79%
  21513   890    53675.4610   180    53818.0000    53392.2940  1703596    0.79%
Elapsed time = 238.46 sec. (371680.72 ticks, tree = 5.04 MB, solutions = 15)
  21796  1092    53742.5274   180    53818.0000    53392.2940  1719005    0.79%
  22093  1296        cutoff          53818.0000    53392.2940  1739686    0.79%
  22322  1455    53332.0132   227    53818.0000    53392.2940  1756795    0.79%
  22547  1609    53592.0394   231    53818.0000    53392.2940  1773555    0.79%
  22757  1757    53273.1559   237    53818.0000    53392.2940  1790584    0.79%
  22997  1934    53640.3705   215    53818.0000    53392.2940  1807201    0.79%
  23228  2085    53526.2261   235    53818.0000    53392.2940  1824873    0.79%
  23450  2249    53564.8788   221    53818.0000    53392.2940  1841815    0.79%
  23692  2434    53684.2161   134    53818.0000    53392.2940  1858141    0.79%
  23864  2548    53706.0781   225    53818.0000    53392.2940  1876904    0.79%
Elapsed time = 261.81 sec. (410207.33 ticks, tree = 17.84 MB, solutions = 15)
  24091  2678    53693.2098   184    53818.0000    53392.2940  1897952    0.79%
  24247  2792    53468.9206   237    53818.0000    53392.2940  1915960    0.79%
  24379  2858        cutoff          53818.0000    53392.2940  1934115    0.79%
  24489  2915    53577.4379   243    53818.0000    53392.2940  1953117    0.79%
  24628  2970    53665.0489   243    53818.0000    53392.2940  1972006    0.79%
  24800  3073    53418.3465   274    53818.0000    53392.2940  1993498    0.79%
  24930  3136    53370.9348   260    53818.0000    53392.2940  2013972    0.79%
  25160  3314    53613.1065   273    53818.0000    53392.2940  2035863    0.79%
  25302  3409    53599.1964   272    53818.0000    53392.2940  2056214    0.79%
  25435  3494    53721.4534   251    53818.0000    53392.2940  2070561    0.79%
Elapsed time = 286.66 sec. (449187.79 ticks, tree = 28.69 MB, solutions = 15)
  25543  3549    53489.0923   202    53818.0000    53392.2940  2089327    0.79%
  25730  3660    53613.6692   267    53818.0000    53392.2940  2110122    0.79%
  25898  3756    53557.5035   284    53818.0000    53392.2940  2128746    0.79%
  26021  3818    53470.1264   243    53818.0000    53392.2940  2148110    0.79%
  26204  3948    53576.1396   118    53818.0000    53392.2940  2170145    0.79%
  26327  4013    53426.7518   239    53818.0000    53392.2940  2191784    0.79%
  26467  4114    53478.9227   278    53818.0000    53392.2940  2205494    0.79%
  26664  4222    53586.8894   287    53818.0000    53392.2940  2230258    0.79%
  26834  4311    53413.6528   310    53818.0000    53392.2940  2256415    0.79%
  27028  4415    53570.5886   302    53818.0000    53392.2940  2283558    0.79%
Elapsed time = 312.14 sec. (488102.64 ticks, tree = 41.67 MB, solutions = 15)
  27208  4485    53664.0661   212    53818.0000    53392.2940  2309775    0.79%
  27411  4607    53568.2396   176    53818.0000    53392.2940  2337770    0.79%
  27629  4719    53777.6944   273    53818.0000    53392.2940  2364768    0.79%
  27840  4844    53521.0049   254    53818.0000    53392.2940  2391435    0.79%
  28019  4950    53640.4888   220    53818.0000    53392.2940  2417906    0.79%
  28338  5181    53527.2999   135    53818.0000    53395.1343  2445066    0.79%
  28614  5377    53588.3742   273    53818.0000    53398.7326  2473672    0.78%
  28808  5479        cutoff          53818.0000    53402.4505  2500282    0.77%
  29037  5609    53564.4163   262    53818.0000    53406.6214  2528263    0.76%
  29282  5766    53762.5542   220    53818.0000    53408.4623  2557362    0.76%
Elapsed time = 337.69 sec. (526635.32 ticks, tree = 60.92 MB, solutions = 15)
  29511  5889        cutoff          53818.0000    53412.9093  2582613    0.75%
  29670  5994    53726.7985   268    53818.0000    53414.6589  2609748    0.75%
  29921  6173    53499.0075   198    53818.0000    53417.4295  2635104    0.74%
  30123  6302    53577.3852   193    53818.0000    53419.5213  2665018    0.74%
  30379  6487    53564.4648   217    53818.0000    53420.9971  2692226    0.74%
  30552  6580    53467.7938   232    53818.0000    53423.3235  2721661    0.73%
  30776  6741    53476.0666   167    53818.0000    53425.0437  2751380    0.73%
  31046  6900    53674.7448   187    53818.0000    53427.6803  2780864    0.73%
  31233  6987        cutoff          53818.0000    53430.7749  2809449    0.72%
  31469  7120        cutoff          53818.0000    53433.7483  2837593    0.71%
Elapsed time = 363.12 sec. (565204.67 ticks, tree = 79.97 MB, solutions = 15)
  31715  7250        cutoff          53818.0000    53436.4341  2865090    0.71%
  31924  7343    53775.9707   171    53818.0000    53439.9211  2893693    0.70%
  32216  7556    53674.2722   208    53818.0000    53441.8558  2922412    0.70%
  32395  7639    53785.6829   222    53818.0000    53443.4585  2949466    0.70%
  32608  7738    53765.0188   188    53818.0000    53448.2108  2978367    0.69%
  32864  7906    53632.3274   189    53818.0000    53449.5640  3006755    0.68%
  33101  8046    53560.3323   293    53818.0000    53451.7140  3037393    0.68%
  33348  8176    53766.7439   216    53818.0000    53454.0557  3067502    0.68%
  33591  8336    53775.0460   245    53818.0000    53455.8509  3097791    0.67%
  33779  8441    53724.1637   231    53818.0000    53456.9372  3128521    0.67%
Elapsed time = 388.53 sec. (603615.45 ticks, tree = 98.99 MB, solutions = 15)
  34021  8564        cutoff          53818.0000    53458.1509  3159295    0.67%
  34272  8718    53739.6226   169    53818.0000    53459.6537  3190770    0.67%
  34501  8826        cutoff          53818.0000    53461.2911  3220864    0.66%
  34734  8971    53510.7996   220    53818.0000    53462.7772  3251137    0.66%
  34997  9133    53549.7143   240    53818.0000    53463.4258  3280196    0.66%
  35267  9292        cutoff          53818.0000    53465.7402  3311923    0.65%
  35489  9423        cutoff          53818.0000    53466.8495  3343440    0.65%
  35659  9504    53523.5030   228    53818.0000    53467.7516  3376608    0.65%
  35839  9582    53513.8660   212    53818.0000    53469.1238  3406506    0.65%
  36033  9672    53587.7318   187    53818.0000    53470.7456  3437025    0.65%
Elapsed time = 414.11 sec. (642443.33 ticks, tree = 116.23 MB, solutions = 15)
  36293  9834    53792.1450   152    53818.0000    53471.9156  3468824    0.64%
  36435  9918    53543.5627   202    53818.0000    53472.6611  3489194    0.64%
  36691 10055    53777.5366   196    53818.0000    53473.6548  3519613    0.64%
  36871 10159    53535.3140   214    53818.0000    53474.3758  3551331    0.64%
* 36998  7399      integral     0    53681.0000    53474.4658  3563179    0.38%
  37199  7560    53510.8846   210    53681.0000    53474.9272  3587153    0.38%
  37503  7759    53644.0384   131    53681.0000    53475.6577  3620307    0.38%
  37596  7778    53603.9300   209    53681.0000    53476.4466  3651850    0.38%
  37825  7904    53514.7966   228    53681.0000    53477.6671  3681797    0.38%
  38040  8016    53611.9101   242    53681.0000    53479.0129  3712812    0.38%
  38292  8134    53667.0000    48    53681.0000    53480.6797  3744912    0.37%
Elapsed time = 439.50 sec. (680877.43 ticks, tree = 99.66 MB, solutions = 16)
  38548  8225    53578.7116   200    53681.0000    53482.2822  3776097    0.37%
  38879  8417    53488.2607   185    53681.0000    53483.2386  3806416    0.37%
  39090  8524    53576.8961   175    53681.0000    53484.1816  3838648    0.37%
  39396  8625        cutoff          53681.0000    53486.3251  3869338    0.36%
  39611  8694    53665.9128   275    53681.0000    53487.6277  3900490    0.36%
  39829  8741        cutoff          53681.0000    53489.7349  3930363    0.36%
  40014  8751        cutoff          53681.0000    53491.2977  3961929    0.35%
  40338  8920    53624.0000    42    53681.0000    53492.3261  3992708    0.35%
  40672  9095    53565.6305   192    53681.0000    53493.4820  4025259    0.35%
  41054  9320    53660.6560   239    53681.0000    53494.4397  4059046    0.35%
Elapsed time = 465.92 sec. (720162.78 ticks, tree = 116.55 MB, solutions = 16)
  41348  9427        cutoff          53681.0000    53495.5997  4090786    0.35%
  41563  9478        cutoff          53681.0000    53496.7538  4123285    0.34%
  41945  9714    53667.0000    17    53681.0000    53497.7958  4157329    0.34%
  42201  9847    53585.2519   179    53681.0000    53498.3228  4189356    0.34%
  42463 10006    53563.0558   195    53681.0000    53499.1187  4216538    0.34%
  42777 10150    53668.0611   164    53681.0000    53500.3548  4247254    0.34%
  43326 10548    53608.3957   136    53681.0000    53501.2500  4284497    0.33%
  43751 10846    53667.0000    23    53681.0000    53502.1644  4318025    0.33%
* 43797  9595      integral     0    53667.0000    53502.1644  4323330    0.31%
  43989  9636    53591.8235   176    53667.0000    53503.1260  4351374    0.31%
  44341  9839    53580.5518   130    53667.0000    53504.0161  4382859    0.30%
Elapsed time = 491.54 sec. (758497.23 ticks, tree = 124.72 MB, solutions = 17)
  44791 10107        cutoff          53667.0000    53505.3281  4415000    0.30%
  45116 10251    53582.5463   173    53667.0000    53506.7563  4448856    0.30%
  45385 10403    53651.0750   233    53667.0000    53507.6088  4476430    0.30%
  45723 10616    53629.8801   296    53667.0000    53508.7990  4511468    0.29%
  46012 10775    53623.6437   179    53667.0000    53509.6133  4545657    0.29%
  46303 10882    53599.0573   162    53667.0000    53510.9816  4578344    0.29%
  46656 11079    53570.0000    37    53667.0000    53511.3758  4612884    0.29%
  46966 11207    53637.8383   220    53667.0000    53512.4907  4647778    0.29%
  47257 11314    53647.9564   170    53667.0000    53513.5031  4679469    0.29%
  47573 11477        cutoff          53667.0000    53514.1897  4713299    0.28%
Elapsed time = 517.44 sec. (797090.72 ticks, tree = 147.42 MB, solutions = 17)
  47820 11542        cutoff          53667.0000    53515.2989  4746310    0.28%
  48107 11636    53543.9844   147    53667.0000    53516.2675  4779721    0.28%
  48391 11766        cutoff          53667.0000    53516.8967  4813381    0.28%
  48678 11857        cutoff          53667.0000    53517.7078  4845855    0.28%
  49005 12020    53579.8007    82    53667.0000    53518.5190  4880500    0.28%
  49317 12069    53520.0829   146    53667.0000    53519.8448  4913733    0.27%
  49654 12251        cutoff          53667.0000    53520.5111  4948036    0.27%
  49858 12272    53547.5954   205    53667.0000    53521.4198  4980817    0.27%
* 50158+ 4507                        53570.0000    53521.8600             0.09%
  50183  4501        cutoff          53570.0000    53521.9906  5015737    0.09%
  50586  4547    53548.8353   184    53570.0000    53523.8742  5037658    0.09%
Elapsed time = 543.18 sec. (835449.69 ticks, tree = 59.84 MB, solutions = 18)
  51219  4710    53526.0000    19    53570.0000    53526.0000  5069450    0.08%
* 51281     0      integral     0    53526.0000    53526.0000  5075492    0.00%

Clique cuts applied:  88
Cover cuts applied:  918
Flow cuts applied:  14
Mixed integer rounding cuts applied:  198
Zero-half cuts applied:  62
Gomory fractional cuts applied:  5

Root node processing (before b&c):
  Real time             =    1.56 sec. (2004.37 ticks)
Sequential b&c:
  Real time             =  544.58 sec. (837835.61 ticks)
                          ------------
Total (root+branch&cut) =  546.14 sec. (839839.99 ticks)
MIP: [1;32mCPLEX finished.[0m
MIP: [1;32mCPLEX status: Optimal[0m
MIP: [1;32mSolution: 
[6, 9, 18, 26, 17, 27, 12, 2, 16, 29, 29, 24, 28, 23, 19, 30, 16, 20, 20, 27, 18, 5, 0, 22, 5, 29, 7, 0, 32, 14, 6, 22, 11, 30, 23, 19, 23, 25, 12, 31, 29, 26, 32, 28, 4, 14, 3, 32, 23, 14, 25, 1, 9, 6, 15, 14, 11, 1, 16, 22][15, 7, 21, 4, 13, 6, 11, 12, -1, 4, -1, 18, 14, -1, 0, 7, 24, 16, 23, 20, 20, -1, 23, 11, 6, 13, 15, 16, 17, 12, 8, 21, 24][18, -1, -1, -1, 18, -1, 10, 16, 8, -1, -1, 1, 12, 6, 3, 10, 16, 17, 11, -1, 11, 17, -1, 8, 3][-1, 12, -1, 12, -1, -1, 5, -1, 7, -1, 5, 1, 14, -1, -1, -1, 14, 12, 3][-1, 7, -1, 13, -1, 13, -1, 7, -1, -1, -1, -1, 7, -1, 12][0m
MIP: [1;32mObjective value: 53526[0m
MIP: [1;32mLower Bound: 53526[0m
MIP: [1;32mBranch-and-Bound nodes: 51282[0m

# best solution:
best objective value:	53526
best dual bound value:	53525
optimality gap:	0.00186825%
CPU time:	544.71
