ifile	/scratch/csagturk/mlbp_inst/n0060_m04__072.inst
prob	TNFMLBP
threads	1
ttime	900
instance: /scratch/csagturk/mlbp_inst/n0060_m04__072.inst
	m=4, n=[60, 32, 22, 13, 11]
MIP: [1;32minit CPLEX[0m
CAN: [1;35mcreated 3053 x_{ijk} and f_{ijk} variables[0m
CAN: [1;35mcreated 138 y_{ij} variables[0m
MIP: [1;32mcreated decision variables[0m
MIP: [1;32mcreated constraints[0m
MIP: [1;32mcreated objective function[0m
MIP: [1;32mcalling CPLEX solve ...[0m
Version identifier: 22.1.0.0 | 2022-03-09 | 1a383f8ce
CPXPARAM_Threads                                 1
CPXPARAM_TimeLimit                               900
Tried aggregator 4 times.
MIP Presolve eliminated 61 rows and 3393 columns.
MIP Presolve modified 314 coefficients.
Aggregator did 268 substitutions.
Reduced MIP has 607 rows, 3193 columns, and 6375 nonzeros.
Reduced MIP has 2992 binaries, 0 generals, 0 SOSs, and 125 indicators.
Presolve time = 0.02 sec. (27.50 ticks)
Probing fixed 0 vars, tightened 74 bounds.
Probing changed sense of 67 constraints.
Probing time = 0.02 sec. (14.00 ticks)
Tried aggregator 1 time.
MIP Presolve eliminated 402 rows and 469 columns.
Reduced MIP has 205 rows, 2724 columns, and 5437 nonzeros.
Reduced MIP has 2724 binaries, 0 generals, 0 SOSs, and 0 indicators.
Presolve time = 0.01 sec. (6.18 ticks)
Tried aggregator 1 time.
Detecting symmetries...
Reduced MIP has 205 rows, 2724 columns, and 5437 nonzeros.
Reduced MIP has 2724 binaries, 0 generals, 0 SOSs, and 0 indicators.
Presolve time = 0.01 sec. (5.51 ticks)
Probing time = 0.00 sec. (2.50 ticks)
Clique table members: 1071.
MIP emphasis: balance optimality and feasibility.
MIP search method: dynamic search.
Parallel mode: none, using 1 thread.
Root relaxation solution time = 0.00 sec. (7.62 ticks)

        Nodes                                         Cuts/
   Node  Left     Objective  IInf  Best Integer    Best Bound    ItCnt     Gap

      0     0    38595.8465    95                  38595.8465      415         
      0     0    38692.9505   123                   Cuts: 116      689         
      0     0    38773.3607   127                   Cuts: 148     1092         
      0     0    38787.5059   137                   Cuts: 125     1490         
      0     0    38790.3985   132                   Cuts: 114     1842         
      0     0    38790.6867   169                   Cuts: 112     2177         
      0     0    38805.3803   189                    Cuts: 94     2649         
      0     0    38815.7406   192                   Cuts: 130     3037         
      0     0    38825.1053   172                   Cuts: 130     3431         
      0     0    38837.3640   147                   Cuts: 123     3831         
      0     0    38855.2170   158                   Cuts: 129     4080         
      0     0    38877.6411   175                   Cuts: 113     4383         
      0     0    38904.4523   156                    Cuts: 99     4653         
      0     0    38915.4300   172                   Cuts: 111     4914         
      0     0    38929.8571   181                   Cuts: 114     5294         
      0     0    38937.8368   235                    Cuts: 97     5723         
      0     0    38968.5409   185                   Cuts: 115     6235         
      0     0    38986.0073   217                   Cuts: 118     6510         
      0     0    39003.6150   145                   Cuts: 132     6923         
      0     0    39014.7873   167                   Cuts: 109     7172         
      0     0    39021.9374   197                    Cuts: 97     7400         
*     0+    0                        50454.0000    39021.9374            22.66%
*     0+    0                        47130.0000    39021.9374            17.20%
      0     0  -1.00000e+75     0    47130.0000    39021.9374     7400   17.20%
      0     2    39021.9374   169    47130.0000    39022.2026     7400   17.20%
Elapsed time = 0.81 sec. (1171.81 ticks, tree = 0.01 MB, solutions = 2)
    107   109    39858.5045    76    47130.0000    39024.0970     9158   17.20%
*   200+  179                        42703.0000    39025.9112             8.61%
    236   217    39323.8558   123    42703.0000    39025.9112    11776    8.61%
    384   347    39080.6647   157    42703.0000    39028.9365    13776    8.60%

Performing restart 1

Repeating presolve.
Tried aggregator 1 time.
MIP Presolve modified 572 coefficients.
Reduced MIP has 205 rows, 2724 columns, and 5437 nonzeros.
Reduced MIP has 2724 binaries, 0 generals, 0 SOSs, and 0 indicators.
Presolve time = 0.01 sec. (9.08 ticks)
Tried aggregator 1 time.
MIP Presolve modified 198 coefficients.
Reduced MIP has 205 rows, 2724 columns, and 5437 nonzeros.
Reduced MIP has 2724 binaries, 0 generals, 0 SOSs, and 0 indicators.
Presolve time = 0.01 sec. (8.77 ticks)
Represolve time = 0.07 sec. (50.10 ticks)
    483     0    39016.8966   226    42703.0000     Cuts: 151    17665    8.59%
    483     0    39031.2160   218    42703.0000     Cuts: 124    18360    8.59%
    483     0    39040.3933   236    42703.0000     Cuts: 106    18778    8.58%
*   483+    0                        42701.0000    39040.3933             8.57%
*   483+    0                        42224.0000    39040.3933             7.54%
    483     0  -1.00000e+75     0    42224.0000    39040.3933    18778    7.54%
    483     0    39046.8040   211    42224.0000     Cuts: 113    19082    7.52%
    483     0    39056.7188   224    42224.0000     Cuts: 120    19502    7.50%
    483     0    39071.7496   175    42224.0000     Cuts: 106    20085    7.47%
    483     0    39081.8355   208    42224.0000     Cuts: 109    20417    7.44%
    483     0    39089.4404   216    42224.0000     Cuts: 110    20833    7.42%
    483     0    39093.3408   226    42224.0000      Cuts: 87    21154    7.41%
    483     0    39094.3057   207    42224.0000     Cuts: 100    21520    7.41%
    483     0    39095.7612   223    42224.0000     Cuts: 101    21883    7.41%
    483     0    39096.6889   238    42224.0000      Cuts: 83    22224    7.41%
    483     0    39096.9161   260    42224.0000      Cuts: 83    22477    7.41%
    483     0    39099.2508   204    42224.0000      Cuts: 56    22657    7.40%
    483     0    39100.5731   205    42224.0000      Cuts: 67    22946    7.40%
    483     0    39104.7427   194    42224.0000      Cuts: 65    23298    7.39%
    483     0    39105.1280   239    42224.0000      Cuts: 92    23626    7.39%
    483     0    39110.3216   214    42224.0000      Cuts: 73    24126    7.37%
    483     0    39115.3331   215    42224.0000     Cuts: 108    24411    7.36%
    483     0    39116.0156   242    42224.0000      Cuts: 91    24736    7.36%
    483     2    39116.0156   198    42224.0000    39116.8249    24736    7.36%
    486     5    39122.6570   146    42224.0000    39124.4064    25113    7.34%
    490     9    39194.7746   149    42224.0000    39124.4064    25459    7.34%
    501    20    39397.7516   136    42224.0000    39124.4064    25711    7.34%
    513    32    39531.4893   149    42224.0000    39124.4064    26002    7.34%
    527    44    40501.0930   102    42224.0000    39124.4064    27133    7.34%
    612   122    40139.3560   121    42224.0000    39134.8583    31279    7.32%
Elapsed time = 5.39 sec. (8328.60 ticks, tree = 0.57 MB, solutions = 5)
    699   195    40326.2306   146    42224.0000    39170.5278    36915    7.23%
    864   347    39952.5814   153    42224.0000    39193.0183    42284    7.18%
    939   408    39790.0304   167    42224.0000    39194.9545    48247    7.17%
   1116   570    40870.0025   105    42224.0000    39202.3054    58289    7.16%
   1382   817    40729.1396   161    42224.0000    39212.7793    65572    7.13%
   1483   898    40599.3528   134    42224.0000    39216.0506    74640    7.12%
   1724  1119    39249.6286   184    42224.0000    39229.1572    82655    7.09%
   2007  1392    40252.4069   159    42224.0000    39241.3988    91817    7.06%
   2231  1599    40375.8476   142    42224.0000    39244.5920   100068    7.06%
   2396  1754    39414.7382   187    42224.0000    39253.6715   110380    7.03%
Elapsed time = 11.23 sec. (18848.96 ticks, tree = 9.58 MB, solutions = 5)
   2649  1995    40234.4600    87    42224.0000    39256.9099   120840    7.03%
   2807  2137    39531.6234   171    42224.0000    39266.0419   132981    7.01%
   3083  2395    39536.0545   176    42224.0000    39269.0480   142428    7.00%
   3250  2547    40568.9280   155    42224.0000    39276.7302   153268    6.98%
   3378  2656    40523.0568   165    42224.0000    39283.8203   164450    6.96%
   3483  2757    40732.0000    61    42224.0000    39285.2836   169652    6.96%
   3709  2962    39538.3791   194    42224.0000    39298.7414   180959    6.93%
   3863  3105    40938.6111   105    42224.0000    39301.8654   190854    6.92%
   3977  3203    40297.9737   174    42224.0000    39314.6216   200729    6.89%
   4034  3246    40254.2543   144    42224.0000    39318.1664   209552    6.88%
Elapsed time = 16.83 sec. (28917.02 ticks, tree = 18.67 MB, solutions = 5)
   4168  3366    39323.6683   188    42224.0000    39324.0458   219589    6.87%
   4266  3452    39572.3669   199    42224.0000    39331.5080   229355    6.85%
   4368  3544    40817.6787   175    42224.0000    39331.5453   239099    6.85%
   4460  3625    39628.3166   183    42224.0000    39339.1819   247009    6.83%
   4531  3694    40937.8902   133    42224.0000    39339.1819   254830    6.83%
   4636  3784    39630.5597   202    42224.0000    39339.5154   263922    6.83%
   4776  3914    39611.3013   198    42224.0000    39339.5154   273932    6.83%
   4867  4000    40655.7398   148    42224.0000    39339.5154   283409    6.83%
   5100  4220    39509.8378   150    42224.0000    39339.7129   292352    6.83%
   5208  4324    40373.5273   119    42224.0000    39346.2067   299926    6.82%
Elapsed time = 22.23 sec. (38980.88 ticks, tree = 26.22 MB, solutions = 5)
   5387  4491    39920.3468   194    42224.0000    39351.5122   308186    6.80%
   5443  4537    40451.7710   173    42224.0000    39356.1646   316124    6.79%
*  5483+ 4486                        41902.0000    39358.7633             6.07%
   5483  4488    40035.0696   190    41902.0000    39358.7633   321382    6.07%
   5559  4555    41816.7188   141    41902.0000    39361.6098   331441    6.06%
   5629  4610    40035.0310   179    41902.0000    39363.1364   339493    6.06%
   5799  4771    39591.6133   233    41902.0000    39363.3817   347908    6.06%
   5835  4802    40730.4510   173    41902.0000    39365.5507   354963    6.05%
   5987  4931    39523.3955   217    41902.0000    39365.9828   363790    6.05%
   6118  5053    39566.9891   181    41902.0000    39366.8308   372933    6.05%
   6193  5120    40437.0432   159    41902.0000    39367.4355   381224    6.05%
Elapsed time = 28.19 sec. (49541.93 ticks, tree = 32.34 MB, solutions = 6)
   6332  5251    41283.6322   178    41902.0000    39369.1278   390553    6.04%
   6394  5305    39629.9499   212    41902.0000    39369.5602   399588    6.04%
   6462  5369    40480.4278   188    41902.0000    39374.4520   407934    6.03%
   6507  5406    40525.6192   165    41902.0000    39374.8179   414082    6.03%
   6608  5504    40009.9866   249    41902.0000    39374.8299   422466    6.03%
   6631  5523    40320.0066   158    41902.0000    39375.1959   431286    6.03%
   6716  5598    40523.0375   207    41902.0000    39376.8626   438801    6.03%
   6772  5644    39774.1817   207    41902.0000    39380.4098   449488    6.02%
   6796  5664    40318.6414   169    41902.0000    39380.7999   457697    6.02%
   6929  5784    40536.4877   169    41902.0000    39381.7317   467814    6.01%
Elapsed time = 33.63 sec. (59341.53 ticks, tree = 37.54 MB, solutions = 6)
   7029  5878        cutoff          41902.0000    39385.9791   478543    6.00%
   7222  6056    39778.5332   216    41902.0000    39394.8556   488234    5.98%
   7311  6140    40186.9637   138    41902.0000    39394.9228   496055    5.98%
   7409  6226    39751.6117   213    41902.0000    39394.9228   503727    5.98%
   7468  6281    39656.5947   237    41902.0000    39394.9228   513342    5.98%
   7526  6335    39680.3353   251    41902.0000    39394.9228   516266    5.98%
   7571  6375    41868.4179   159    41902.0000    39394.9228   525126    5.98%
   7631  6422    39619.6599   192    41902.0000    39396.4193   533476    5.98%
   7738  6519    39671.4901   210    41902.0000    39400.1309   541344    5.97%
   7812  6589    40225.1719   216    41902.0000    39400.4560   549220    5.97%
Elapsed time = 39.38 sec. (69645.74 ticks, tree = 44.10 MB, solutions = 6)
   7868  6635    39446.8585   186    41902.0000    39400.4968   558629    5.97%
   7934  6697    40609.3759   268    41902.0000    39401.0804   567465    5.97%
   7968  6723    40267.8578   190    41902.0000    39401.6348   576244    5.97%
   8023  6770    40059.5008   228    41902.0000    39402.7278   585734    5.96%
   8059  6802        cutoff          41902.0000    39402.7278   595496    5.96%
   8071  6808    40406.7635   167    41902.0000    39409.5675   603213    5.95%
   8105  6836    40010.7540   229    41902.0000    39411.8922   612301    5.94%
   8199  6920    infeasible          41902.0000    39412.5686   621550    5.94%
   8257  6970    39959.6535   195    41902.0000    39413.7242   629537    5.94%
   8327  7031    39464.1790   199    41902.0000    39414.6355   636086    5.94%
Elapsed time = 44.81 sec. (79411.00 ticks, tree = 47.85 MB, solutions = 6)
   8383  7075    39889.6667   236    41902.0000    39415.6436   644908    5.93%
   8412  7100    40466.8241   178    41902.0000    39417.9085   653486    5.93%
   8486  7166    39707.5194   225    41902.0000    39418.2064   661070    5.93%
   8539  7215    40669.4246   170    41902.0000    39421.1889   669479    5.92%
   8563  7235    40306.4408   141    41902.0000    39428.1468   676426    5.90%
   8615  7281    39595.0320   185    41902.0000    39435.3482   685540    5.89%
   8707  7367    39922.3637   196    41902.0000    39435.5064   692644    5.89%
   8844  7496    40714.1093   163    41902.0000    39439.7508   700537    5.88%
   8916  7562    40136.1027   171    41902.0000    39441.7789   708325    5.87%
   8987  7621        cutoff          41902.0000    39441.7789   718373    5.87%
Elapsed time = 50.37 sec. (89337.17 ticks, tree = 53.02 MB, solutions = 6)
   9067  7695    40374.3391   211    41902.0000    39442.3001   726452    5.87%
   9119  7742    40553.1437   182    41902.0000    39443.2676   734506    5.87%
   9178  7797    40591.6746   171    41902.0000    39444.6358   742042    5.86%
   9260  7868    39724.4680   215    41902.0000    39447.5397   750110    5.86%
   9301  7899    40609.0248   133    41902.0000    39448.4138   760429    5.86%
   9342  7923    39646.5707   231    41902.0000    39453.0312   768418    5.84%
   9370  7947    40613.3782   221    41902.0000    39454.2194   776380    5.84%
   9424  7993    40326.8092   165    41902.0000    39455.5587   785008    5.84%
   9476  8038    40580.0736   257    41902.0000    39458.1936   794034    5.83%
   9660  8210    39613.4149   188    41902.0000    39464.5256   809072    5.82%
Elapsed time = 57.82 sec. (102271.94 ticks, tree = 58.67 MB, solutions = 6)
   9833  8363    39690.8821   210    41902.0000    39470.9051   841174    5.80%
  10131  8613    39769.3283   218    41902.0000    39473.5398   872897    5.80%
* 10143+ 8565                        41821.0000    39473.5398             5.61%
* 10143+ 8539                        41779.0000    39473.5398             5.52%
* 10143+ 8370                        41621.0000    39473.5398             5.16%
* 10143+ 8314                        41579.0000    39473.5398             5.06%
  10143  8316    39961.3328   201    41579.0000    39473.5398   873633    5.06%
* 10145+ 7808                        41220.0000    39473.5398             4.24%
  10145  7810    39847.9779   203    41220.0000    39473.5398   876092    4.24%
  10247  7888    39670.6883   225    41220.0000    39473.5398   904923    4.24%
  10483  8101    41070.7533   231    41220.0000    39475.3150   929327    4.23%
  10729  8329    40813.7049   137    41220.0000    39480.2515   957585    4.22%
  10952  8527    40929.1527   191    41220.0000    39485.9408   986794    4.21%
  11137  8687    40807.7332   192    41220.0000    39493.0479  1014798    4.19%
  11300  8827    40274.7892   277    41220.0000    39499.9154  1042928    4.17%
Elapsed time = 98.77 sec. (162458.14 ticks, tree = 66.51 MB, solutions = 11)
* 11483+ 8704                        41099.0000    39502.5471             3.88%
  11520  8739    40439.3888   268    41099.0000    39502.6691  1062989    3.88%
* 11583+ 8158                        40942.0000    39502.6691             3.52%
  11777  8334    39793.8407   265    40942.0000    39508.7387  1091011    3.50%
  11875  8418    39677.6904   242    40942.0000    39511.4783  1119948    3.49%
  12066  8581    40208.8051   187    40942.0000    39518.5888  1151031    3.48%
  12261  8746    40381.2225   194    40942.0000    39520.1267  1182282    3.47%
  12457  8915    40262.5168   245    40942.0000    39521.2839  1213842    3.47%
  12483  8932    39638.3466   248    40942.0000    39522.1614  1221054    3.47%
  12584  9014    39992.1770   214    40942.0000    39524.1682  1254497    3.46%
  12773  9173    39939.1204   234    40942.0000    39525.8727  1291654    3.46%
  12899  9275    40794.6331   199    40942.0000    39525.8727  1326762    3.46%
Elapsed time = 121.46 sec. (201240.10 ticks, tree = 74.26 MB, solutions = 13)
  13133  9482    40390.2182   210    40942.0000    39525.8727  1364292    3.46%
  13276  9586    40083.8888   225    40942.0000    39525.8727  1397669    3.46%
  13392  9665    39696.9120   211    40942.0000    39531.7587  1428828    3.44%
* 13483+ 9199                        40878.0000    39532.1035             3.29%
  13620  9320    40378.9440   178    40878.0000    39532.6578  1452709    3.29%
  13776  9445    40776.4053   155    40878.0000    39535.5352  1483131    3.28%
  14076  9712    40817.8483   186    40878.0000    39538.0125  1517165    3.28%
  14299  9911    40251.9141   136    40878.0000    39540.8464  1546767    3.27%
  14479 10051    39705.6288   257    40878.0000    39543.9853  1577065    3.26%
  14536 10095    39730.3182   275    40878.0000    39545.9404  1588530    3.26%
  14721 10257    40229.6629   208    40878.0000    39547.8145  1621537    3.25%
Elapsed time = 143.91 sec. (240082.52 ticks, tree = 86.19 MB, solutions = 14)
  14846 10363    40567.6414   209    40878.0000    39549.8725  1652975    3.25%
  15024 10510    39985.4075   231    40878.0000    39557.2815  1685486    3.23%
  15167 10627    40487.7266   188    40878.0000    39558.8041  1717520    3.23%
  15289 10720    40173.0419   145    40878.0000    39564.0590  1748303    3.21%
  15509 10909    40515.0108   154    40878.0000    39565.1294  1781604    3.21%
  15661 11036    40036.2185   176    40878.0000    39567.7690  1818470    3.21%
  15854 11201    39857.6833   226    40878.0000    39570.0375  1853969    3.20%
  16113 11413    40279.4640   226    40878.0000    39574.1052  1889374    3.19%
  16384 11635    40569.1855   160    40878.0000    39577.4291  1927929    3.18%
* 16483+10981                        40794.0000    39578.1979             2.98%
  16549 11036    40470.1999   223    40794.0000    39578.8360  1946450    2.98%
Elapsed time = 166.21 sec. (278709.26 ticks, tree = 96.18 MB, solutions = 15)
  16725 11172        cutoff          40794.0000    39581.8727  1982486    2.97%
  16901 11307    40070.3794   250    40794.0000    39581.8727  2018883    2.97%
  17040 11410    40206.5682   179    40794.0000    39582.3514  2053412    2.97%
  17278 11613    40503.2668   213    40794.0000    39588.4605  2089962    2.96%
  17468 11764        cutoff          40794.0000    39591.1378  2128258    2.95%
  17878 12135    40771.5809   155    40794.0000    39594.0795  2166083    2.94%
  18109 12320    40394.1599   238    40794.0000    39596.2825  2202019    2.94%
  18383 12562    39902.2978   241    40794.0000    39597.4025  2236107    2.93%
  18552 12703    40500.2273   229    40794.0000    39601.8030  2268904    2.92%
  18735 12847    39907.0715   279    40794.0000    39606.8820  2301275    2.91%
Elapsed time = 188.17 sec. (317374.87 ticks, tree = 115.92 MB, solutions = 15)
  18950 13027    39915.3862   225    40794.0000    39611.4657  2331916    2.90%
  19083 13128    39717.8643   238    40794.0000    39613.6781  2363645    2.89%
  19248 13258        cutoff          40794.0000    39616.3528  2396401    2.89%
  19432 13413    39748.7067   202    40794.0000    39618.4424  2427301    2.88%
  19552 13490    40249.5139   219    40794.0000    39621.9627  2458513    2.87%
  19743 13637    40476.4880   227    40794.0000    39627.5164  2489516    2.86%
  19947 13801    40457.7889   205    40794.0000    39630.3109  2521655    2.85%
  20205 14009    infeasible          40794.0000    39633.4524  2554455    2.84%
  20435 14196    40775.3970   267    40794.0000    39635.0624  2587356    2.84%
  20483 14228    40213.0219   226    40794.0000    39637.5573  2598634    2.83%
Elapsed time = 210.79 sec. (356227.62 ticks, tree = 130.95 MB, solutions = 15)
  20632 14355    40468.1515   186    40794.0000    39639.1279  2629970    2.83%
  20834 14521    40693.6579   140    40794.0000    39643.6329  2665549    2.82%
  21109 14736    40111.7532   217    40794.0000    39647.2176  2702854    2.81%
  21312 14897    39997.5000   160    40794.0000    39650.0290  2737350    2.80%
  21483 15026    39789.2010   210    40794.0000    39651.6291  2766719    2.80%
  21665 15170    40117.2422   195    40794.0000    39653.6591  2805275    2.80%
  21830 15294    40052.7125   205    40794.0000    39656.9560  2842330    2.79%
  21963 15407    40549.7163   159    40794.0000    39658.6158  2878807    2.78%
  22266 15674    40212.5958   212    40794.0000    39659.9327  2914318    2.78%
  22493 15855        cutoff          40794.0000    39662.8950  2948191    2.77%
Elapsed time = 233.80 sec. (395932.85 ticks, tree = 148.67 MB, solutions = 15)
  22717 16033        cutoff          40794.0000    39665.9223  2986134    2.77%
  22904 16179    39870.5252   210    40794.0000    39667.3873  3025355    2.76%
  23113 16356        cutoff          40794.0000    39669.5859  3064641    2.76%
  23384 16593    40023.2076   129    40794.0000    39671.5679  3101214    2.75%
  23679 16834        cutoff          40794.0000    39673.5363  3136146    2.75%
  23978 17085    39980.1152   196    40794.0000    39675.0915  3176222    2.74%
  24219 17297    40680.2258   216    40794.0000    39675.0915  3208490    2.74%
  24434 17462        cutoff          40794.0000    39678.0115  3241882    2.74%
  24743 17731    39725.5390   291    40794.0000    39680.5380  3275204    2.73%
  25032 17954    39913.3111   197    40794.0000    39682.5959  3308998    2.72%
Elapsed time = 255.91 sec. (434521.86 ticks, tree = 172.15 MB, solutions = 15)
  25301 18153    39952.3202   232    40794.0000    39684.8048  3342471    2.72%
  25437 18244        cutoff          40794.0000    39688.0033  3376085    2.71%
  25657 18408    infeasible          40794.0000    39690.2220  3404243    2.71%
  25953 18672    40330.3357   172    40794.0000    39690.4693  3438431    2.71%
  26146 18819    40112.7758   156    40794.0000    39691.6230  3471549    2.70%
  26420 19043        cutoff          40794.0000    39692.1504  3506647    2.70%
  26678 19257    40009.8000   130    40794.0000    39693.2741  3530460    2.70%
  26955 19475    40140.9292   178    40794.0000    39694.6472  3564287    2.69%
  27258 19736    40092.2143   145    40794.0000    39695.4462  3597531    2.69%
  27613 20037    40116.5136   230    40794.0000    39696.5156  3634709    2.69%
Elapsed time = 277.99 sec. (472983.27 ticks, tree = 194.79 MB, solutions = 15)
  27909 20286    40565.5532   243    40794.0000    39698.0546  3671308    2.69%
  28154 20469    40164.4615   162    40794.0000    39699.5279  3708279    2.68%
  28483 20752    39706.0031   154    40794.0000    39701.0808  3742808    2.68%
  28813 21000    40765.4441   169    40794.0000    39701.7580  3782666    2.68%
  29103 21230    40066.0251   170    40794.0000    39702.5440  3820700    2.68%
  29353 21429    39817.1740   145    40794.0000    39702.9022  3859246    2.67%
  29548 21561    40631.3089   223    40794.0000    39703.1630  3894155    2.67%
  29834 21779    40290.8707   158    40794.0000    39703.5736  3933941    2.67%
  30335 22174    40134.2382   161    40794.0000    39703.9894  3974481    2.67%
  30600 22358    40529.3199   198    40794.0000    39704.1535  4005005    2.67%
Elapsed time = 300.28 sec. (511481.70 ticks, tree = 219.98 MB, solutions = 15)
  30838 22515    40745.8621   226    40794.0000    39705.0298  4044510    2.67%
  31186 22814    40184.9764   180    40794.0000    39705.5767  4081125    2.67%
  31435 23002    40424.6560   223    40794.0000    39706.8635  4119233    2.66%
  31733 23227    40732.0000    29    40794.0000    39709.0000  4155942    2.66%
  32206 23576    infeasible          40794.0000    39709.0000  4203844    2.66%
  32795 24032    39850.2273   106    40794.0000    39709.0000  4244621    2.66%
  33244 24361    39871.7222   116    40794.0000    39709.0000  4289853    2.66%
  33727 24749    39709.3495   135    40794.0000    39709.0000  4331032    2.66%
  34166 25064    39849.0803   119    40794.0000    39709.0000  4371722    2.66%
  34572 25378    39713.6992   161    40794.0000    39709.0000  4412467    2.66%
Elapsed time = 322.45 sec. (549694.72 ticks, tree = 252.74 MB, solutions = 15)
  34953 25675    39981.0000    86    40794.0000    39709.4080  4447770    2.66%
  35368 26021    39902.3333    94    40794.0000    39709.6709  4484959    2.66%
  35734 26264    39928.1515   119    40794.0000    39710.3779  4522165    2.66%
  36197 26587    39955.1667   125    40794.0000    39711.6330  4562626    2.65%
  36533 26831    39813.4048   109    40794.0000    39712.2867  4600573    2.65%
  37051 27228    39832.3182   116    40794.0000    39713.0746  4643033    2.65%
  37475 27544    40371.0000    94    40794.0000    39713.9079  4683119    2.65%
  37893 27849    40208.9116   193    40794.0000    39714.7188  4720425    2.65%
  38083 27962    39861.4236   130    40794.0000    39715.1722  4756267    2.64%
  38411 28225    39915.8064   257    40794.0000    39715.7743  4792921    2.64%
Elapsed time = 344.79 sec. (588134.56 ticks, tree = 283.64 MB, solutions = 15)
  38681 28428    40348.5000   125    40794.0000    39716.3017  4828375    2.64%
  39113 28722    39875.6120   205    40794.0000    39717.0049  4864986    2.64%
  39535 29020    39794.3333   114    40794.0000    39717.5378  4906157    2.64%

Performing restart 2

Repeating presolve.
Tried aggregator 1 time.
MIP Presolve modified 247 coefficients.
Reduced MIP has 205 rows, 2724 columns, and 5437 nonzeros.
Reduced MIP has 2724 binaries, 0 generals, 0 SOSs, and 0 indicators.
Presolve time = 0.01 sec. (7.53 ticks)
Tried aggregator 1 time.
MIP Presolve modified 196 coefficients.
Reduced MIP has 205 rows, 2724 columns, and 5437 nonzeros.
Reduced MIP has 2724 binaries, 0 generals, 0 SOSs, and 0 indicators.
Presolve time = 0.01 sec. (8.77 ticks)
Represolve time = 0.17 sec. (107.94 ticks)
  39571     0    39143.7268   266    40794.0000      Cuts: 62  4912598    2.64%
  39571     0    39146.6887   236    40794.0000      Cuts: 70  4913126    2.64%
  39571     0    39153.3887   229    40794.0000      Cuts: 94  4913928    2.64%
  39571     0    39154.3085   212    40794.0000     Cuts: 103  4914456    2.64%
  39571     0    39155.4794   203    40794.0000      Cuts: 97  4914829    2.64%
  39571     0    39155.6293   215    40794.0000     Cuts: 111  4915131    2.64%
  39571     0    39155.7052   208    40794.0000      Cuts: 76  4915511    2.64%
  39571     0    39156.5404   211    40794.0000      Cuts: 91  4915860    2.64%
  39571     0    39159.7608   179    40794.0000      Cuts: 76  4916102    2.64%
  39571     0    39160.1806   237    40794.0000     Cuts: 115  4916432    2.64%
  39571     0    39160.2075   233    40794.0000      Cuts: 57  4916725    2.64%
  39571     0    39161.4057   199    40794.0000      Cuts: 73  4917020    2.64%
  39571     0    39161.4057   222    40794.0000     Cuts: 136  4917254    2.64%
  39571     0    39161.4239   212    40794.0000      Cuts: 86  4917461    2.64%
  39571     2    39161.4239   191    40794.0000    39717.5407  4917461    2.64%
  39813   193    40526.7464   111    40794.0000    39717.5407  4926898    2.64%
  40223   546    39668.0210   232    40794.0000    39717.5407  4951477    2.64%
  40566   829    39609.7233   215    40794.0000    39717.5407  4977474    2.64%
  40815  1036    39760.7251   230    40794.0000    39717.5407  5007979    2.64%
  41114  1287    39846.1211   231    40794.0000    39717.5407  5040303    2.64%
  41438  1556    40045.2326   163    40794.0000    39717.5407  5070402    2.64%
Elapsed time = 366.70 sec. (627919.95 ticks, tree = 7.78 MB, solutions = 15)
  41639  1726        cutoff          40794.0000    39717.5407  5092145    2.64%
  42074  2122    39748.7980   252    40794.0000    39717.5407  5119134    2.64%
  42459  2466    39829.0336   247    40794.0000    39717.5407  5154261    2.64%
  42741  2705    40372.1981   205    40794.0000    39717.5407  5188793    2.64%
  43085  2999        cutoff          40794.0000    39717.5407  5222892    2.64%
  43267  3135    39702.4992   216    40794.0000    39717.5407  5256625    2.64%
  43510  3330    40707.8881   243    40794.0000    39717.5407  5292084    2.64%
  43690  3472    39776.2947   247    40794.0000    39717.5407  5317228    2.64%
  44037  3777    40095.5497   174    40794.0000    39717.5407  5344368    2.64%
  44396  4089        cutoff          40794.0000    39717.5407  5374050    2.64%
Elapsed time = 388.19 sec. (666637.38 ticks, tree = 25.62 MB, solutions = 15)
  44551  4210        cutoff          40794.0000    39717.5407  5407152    2.64%
  44717  4348    40424.9998   189    40794.0000    39717.5407  5432682    2.64%
  44964  4545    40121.5741   241    40794.0000    39717.5407  5464635    2.64%
  45157  4693    39607.6534   233    40794.0000    39717.5407  5499117    2.64%
  45422  4927    40482.9167   207    40794.0000    39717.5407  5530304    2.64%
  45602  5057    39896.9530   280    40794.0000    39717.5407  5561744    2.64%
  45897  5314        cutoff          40794.0000    39717.5407  5593736    2.64%
  46111  5488    40197.7808   204    40794.0000    39717.5407  5623646    2.64%
  46305  5634        cutoff          40794.0000    39717.5407  5652631    2.64%
  46454  5755    39803.3605   227    40794.0000    39717.5407  5683392    2.64%
Elapsed time = 409.75 sec. (705314.25 ticks, tree = 40.27 MB, solutions = 15)
  46730  5992    39667.2733   230    40794.0000    39717.5407  5711979    2.64%
  47028  6243    40365.0659   230    40794.0000    39717.5407  5745756    2.64%
  47438  6607    40077.5938   267    40794.0000    39717.5407  5780183    2.64%
  47689  6825    40279.2538   237    40794.0000    39717.5407  5807449    2.64%
  47879  6979    39846.0959   209    40794.0000    39717.5407  5838831    2.64%
  48063  7132    40475.7068   238    40794.0000    39717.5407  5868274    2.64%
  48193  7237    40727.0147   146    40794.0000    39717.5407  5900388    2.64%
  48373  7388    40358.9553   212    40794.0000    39717.5407  5931788    2.64%
  48571  7557    40394.4745   196    40794.0000    39717.5407  5950724    2.64%
  48764  7703    40141.9549   241    40794.0000    39717.5407  5982612    2.64%
Elapsed time = 432.91 sec. (745489.40 ticks, tree = 58.45 MB, solutions = 15)
  48933  7823    40431.9758   216    40794.0000    39717.5407  6017718    2.64%
  49104  7961    40580.6237   220    40794.0000    39717.5407  6051394    2.64%
  49228  8052    40009.0645   230    40794.0000    39717.5407  6082011    2.64%
  49428  8232        cutoff          40794.0000    39717.5407  6111067    2.64%
  49571  8340    39917.0337   119    40794.0000    39717.5407  6139885    2.64%
  49707  8442    40707.5438   254    40794.0000    39717.5407  6170008    2.64%
  49845  8551    40035.7411   220    40794.0000    39717.5407  6201142    2.64%
  50065  8746    40139.4798   201    40794.0000    39717.5407  6230313    2.64%
  50294  8929    39845.2757   209    40794.0000    39717.5407  6259989    2.64%
  50582  9177    39893.4644   204    40794.0000    39717.5407  6290374    2.64%
Elapsed time = 455.18 sec. (784989.80 ticks, tree = 74.00 MB, solutions = 15)
  50822  9389    40081.9667   256    40794.0000    39717.5407  6323309    2.64%
  51134  9667    40654.9452   208    40794.0000    39717.5407  6355349    2.64%
  51360  9857    39884.9319   235    40794.0000    39717.5407  6391021    2.64%
  51705 10149    infeasible          40794.0000    39717.5407  6428145    2.64%
  52016 10393    40222.3111   155    40794.0000    39717.5407  6468732    2.64%
  52176 10508    40512.9954   255    40794.0000    39717.5407  6508577    2.64%
  52407 10700    40269.5175   139    40794.0000    39717.5407  6547693    2.64%
  52640 10897    40010.6091   247    40794.0000    39717.5407  6585477    2.64%
  52910 11090    39806.0000   118    40794.0000    39717.5407  6625742    2.64%
  53168 11280        cutoff          40794.0000    39717.5407  6668233    2.64%
Elapsed time = 477.21 sec. (823674.58 ticks, tree = 96.82 MB, solutions = 15)
  53376 11433    40057.3529    84    40794.0000    39717.5407  6711562    2.64%
  53642 11624    39913.7727   145    40794.0000    39717.5407  6753777    2.64%
  53880 11784    39735.8592   186    40794.0000    39717.5407  6797642    2.64%
  54190 12014    infeasible          40794.0000    39717.5407  6839463    2.64%
  54431 12171    39732.5570   144    40794.0000    39717.5407  6882953    2.64%
  54686 12323        cutoff          40794.0000    39717.5407  6923056    2.64%
  54875 12438    39721.9605   162    40794.0000    39717.5407  6962475    2.64%
  55155 12629    39988.3059   138    40794.0000    39717.5407  6998005    2.64%
  55373 12778    39926.1667   131    40794.0000    39717.5407  7033537    2.64%
  55564 12913    infeasible          40794.0000    39717.5407  7069280    2.64%
Elapsed time = 502.94 sec. (862145.18 ticks, tree = 114.53 MB, solutions = 15)
  55870 13144    40350.0404   282    40794.0000    39717.5407  7104414    2.64%
  56447 13645    39788.9333   134    40794.0000    39717.5407  7141082    2.64%
  56808 13919    39938.3333   105    40794.0000    39717.5407  7177314    2.64%
  57329 14322    39849.1891   114    40794.0000    39717.5407  7212528    2.64%
  57927 14842    39779.9411   206    40794.0000    39717.5407  7247732    2.64%
  58472 15277    39899.2727   141    40794.0000    39717.5407  7289932    2.64%
  58949 15674    40110.4286   155    40794.0000    39717.5407  7326518    2.64%
  59351 16013    40222.1667   136    40794.0000    39717.5407  7362144    2.64%
  59700 16312    40213.8834   146    40794.0000    39717.5407  7396639    2.64%
  60062 16608    39813.2174   119    40794.0000    39717.5407  7434822    2.64%
Elapsed time = 535.62 sec. (900539.76 ticks, tree = 155.37 MB, solutions = 15)
  60348 16818    39772.4543   158    40794.0000    39717.5407  7473457    2.64%
  60629 17044    39818.1395   125    40794.0000    39717.5407  7502518    2.64%
  60981 17331    39828.5549   145    40794.0000    39717.5407  7537069    2.64%
  61336 17619    39788.9333   129    40794.0000    39717.5407  7573015    2.64%
  61637 17857    39932.1594   145    40794.0000    39717.5407  7603505    2.64%
  62179 18258    39848.1731    94    40794.0000    39717.5407  7642964    2.64%
  62723 18723    39849.1891   136    40794.0000    39717.5407  7679590    2.64%
  63135 19048    40050.0212   179    40794.0000    39717.5407  7716929    2.64%
  63522 19344    39948.0000    71    40794.0000    39717.5426  7754016    2.64%
  64072 19826    39967.9032   124    40794.0000    39718.1824  7792743    2.64%
Elapsed time = 568.31 sec. (939069.92 ticks, tree = 190.34 MB, solutions = 15)
  64405 20091    39819.5832   188    40794.0000    39718.5927  7827573    2.64%
  64828 20426    39899.0750   136    40794.0000    39718.9765  7865409    2.64%
  65489 20988    40092.1818    98    40794.0000    39719.4301  7903039    2.63%
  65731 21155    39955.7500    94    40794.0000    39719.8913  7936351    2.63%
  66131 21472    39943.6667    97    40794.0000    39720.5230  7970691    2.63%
  66580 21840    39948.0000    97    40794.0000    39720.9424  8005545    2.63%
  66971 22127    39919.6429   107    40794.0000    39721.2487  8041649    2.63%
  67336 22405    infeasible          40794.0000    39721.7394  8077933    2.63%
  67765 22747    infeasible          40794.0000    39721.9915  8110121    2.63%
  68028 22941        cutoff          40794.0000    39722.4225  8144198    2.63%
Elapsed time = 600.70 sec. (977316.74 ticks, tree = 224.25 MB, solutions = 15)
  68547 23358    39804.2367   170    40794.0000    39723.0550  8183243    2.63%
  68935 23627        cutoff          40794.0000    39723.7432  8219399    2.62%
  69263 23866    infeasible          40794.0000    39724.3998  8255362    2.62%
* 69571+16338                        40226.0000    39724.7509             1.25%
  69571 16337    40226.0000     0    40226.0000    39724.7509  8288935    1.25%
  69886 16579    39797.1310   149    40226.0000    39725.3166  8324147    1.24%
  70285 16903    40031.4701   246    40226.0000    39726.1822  8361512    1.24%
  70637 17205    39949.2500   103    40226.0000    39726.4398  8387907    1.24%
  71152 17642    40049.1190   257    40226.0000    39727.3176  8425789    1.24%
  71655 18035    40075.6667    83    40226.0000    39728.2091  8461261    1.24%
  72156 18399    39916.4255   120    40226.0000    39729.1246  8497645    1.24%
Elapsed time = 633.55 sec. (1016294.84 ticks, tree = 191.54 MB, solutions = 16)
  72593 18768    39849.1891   142    40226.0000    39729.8744  8533382    1.23%
  73087 19145    40102.4211   103    40226.0000    39730.6764  8570013    1.23%
  73462 19432    40118.8182   110    40226.0000    39731.6332  8606322    1.23%
  73929 19799    40027.0555   282    40226.0000    39732.5574  8643236    1.23%
  74266 20030    40067.9231    87    40226.0000    39733.8916  8680085    1.22%
  74704 20370    40191.0000    89    40226.0000    39734.3231  8714812    1.22%
  75200 20770    39829.1861   144    40226.0000    39735.2027  8750643    1.22%
  75442 20941    40039.2995   239    40226.0000    39735.9221  8784016    1.22%
  75803 21243    40022.3212   149    40226.0000    39736.1513  8813363    1.22%
  76143 21480    40042.1667    98    40226.0000    39737.1009  8850465    1.22%
Elapsed time = 666.28 sec. (1054927.85 ticks, tree = 225.18 MB, solutions = 16)
  76556 21768    39944.1811   116    40226.0000    39738.6308  8888586    1.21%
  76907 22029    40183.0000   103    40226.0000    39739.6956  8926906    1.21%
  77406 22396    39919.6429    95    40226.0000    39740.6494  8964344    1.21%
  77960 22839    39810.7500   132    40226.0000    39741.5895  9001016    1.20%
  78365 23146        cutoff          40226.0000    39742.7745  9039044    1.20%
  78643 23316    39797.4984   222    40226.0000    39744.0108  9075057    1.20%
  79041 23618    infeasible          40226.0000    39745.3634  9109592    1.19%
  79344 23871    39903.2167   177    40226.0000    39746.2116  9141872    1.19%
  79778 24170        cutoff          40226.0000    39747.7694  9176045    1.19%
  80091 24412    39831.7869   168    40226.0000    39748.5137  9209873    1.19%
Elapsed time = 698.52 sec. (1093333.20 ticks, tree = 257.20 MB, solutions = 16)
  80453 24692    40076.9742   158    40226.0000    39748.9592  9244189    1.19%
  80663 24811    40170.2541   114    40226.0000    39750.3998  9278700    1.18%
  81081 25120    39767.8134   178    40226.0000    39752.4662  9312030    1.18%
  81510 25461    39959.2315   177    40226.0000    39753.3750  9346923    1.17%
  81912 25762    40183.1059   216    40226.0000    39755.1139  9379067    1.17%
  82423 26137    39917.1228   280    40226.0000    39756.5627  9414590    1.17%
  82717 26361    39942.7618   212    40226.0000    39757.7371  9448338    1.16%
  83050 26596        cutoff          40226.0000    39759.5252  9483834    1.16%
  83498 26939        cutoff          40226.0000    39761.4988  9520119    1.15%
  83901 27251    39970.7614   191    40226.0000    39763.1363  9554953    1.15%
Elapsed time = 731.06 sec. (1131739.36 ticks, tree = 288.24 MB, solutions = 16)
  84175 27464    39767.7956   162    40226.0000    39763.4735  9585540    1.15%
  84443 27648    39769.0900   156    40226.0000    39764.0145  9616916    1.15%
  84755 27876    39833.3512   107    40226.0000    39764.7355  9648349    1.15%
  85084 28130    infeasible          40226.0000    39765.5183  9679045    1.14%
  85432 28389    39806.7009   187    40226.0000    39766.6999  9712026    1.14%
  85754 28617    39982.1328   203    40226.0000    39767.5817  9744782    1.14%
  86054 28818    40185.8082   235    40226.0000    39768.9091  9777821    1.14%
  86408 29089        cutoff          40226.0000    39769.5368  9810958    1.13%
  86616 29245    39960.8813   207    40226.0000    39769.7778  9833351    1.13%
  86804 29374    40065.9286   132    40226.0000    39770.3192  9864423    1.13%
Elapsed time = 763.40 sec. (1170162.78 ticks, tree = 311.36 MB, solutions = 16)
  87293 29776        cutoff          40226.0000    39771.0000  9902254    1.13%
  87612 29979    39968.6221   121    40226.0000    39771.0000  9940298    1.13%
  87901 30148    39897.0293   170    40226.0000    39771.0000  9978454    1.13%
  88205 30357    40037.2000   117    40226.0000    39771.0000 10016282    1.13%
  88549 30581    40127.9286   144    40226.0000    39771.0000 10055725    1.13%
  88857 30783    infeasible          40226.0000    39771.0000 10092666    1.13%
  89117 30937    39910.6143   149    40226.0000    39771.0000 10129888    1.13%
  89421 31136    39918.4788   130    40226.0000    39771.0000 10168445    1.13%
  89733 31360    39864.6193   174    40226.0000    39771.0000 10205736    1.13%
  89928 31509    infeasible          40226.0000    39771.0000 10238794    1.13%
Elapsed time = 795.08 sec. (1208676.83 ticks, tree = 334.57 MB, solutions = 16)
  90201 31702    39771.0000   117    40226.0000    39771.0000 10275241    1.13%
  90513 31940    39810.5802   142    40226.0000    39771.0000 10317064    1.13%
  90821 32165    infeasible          40226.0000    39771.0000 10356711    1.13%
  91135 32376    39836.6296   159    40226.0000    39771.0000 10396092    1.13%
Starting limited solution polishing.
  91376 32539    40119.2292   141    40226.0000    39771.0000 10431801    1.13%
  91578 32689    39814.0691   122    40226.0000    39771.0000 10457032    1.13%
  91771 32843    40105.0000    71    40226.0000    39771.0000 10476858    1.13%
  91871 32927    39778.7464   159    40226.0000    39771.0000 10483079    1.13%
  92071 33068    39771.1105   159    40226.0000    39771.0000 10508384    1.13%
  92271 33212    39801.4755   151    40226.0000    39771.0000 10525253    1.13%
Elapsed time = 828.94 sec. (1251844.57 ticks, tree = 354.47 MB, solutions = 16)
  92471 33360    39782.9853   149    40226.0000    39771.0000 10546615    1.13%
  92679 33502    39779.2971   136    40226.0000    39771.0000 10571093    1.13%
  92851 33623    39982.3077   143    40226.0000    39771.0000 10594726    1.13%
  92971 33716    40190.0000    95    40226.0000    39771.0000 10608023    1.13%
  93167 33866    39911.1250   111    40226.0000    39771.0000 10625904    1.13%
  93281 33961    40135.0000    75    40226.0000    39771.0000 10633054    1.13%
  93459 34084    39774.7169   146    40226.0000    39771.0000 10648604    1.13%
  93507 34120    40003.0000    91    40226.0000    39771.0000 10654614    1.13%
  93670 34235    infeasible          40226.0000    39771.0000 10670573    1.13%
  93771 34317    40189.0588   104    40226.0000    39771.0000 10679721    1.13%
Elapsed time = 859.35 sec. (1292885.78 ticks, tree = 366.49 MB, solutions = 16)
  93971 34465    39955.7319   115    40226.0000    39771.0000 10698108    1.13%
  94071 34542    40036.7375   125    40226.0000    39771.0000 10707379    1.13%
  94171 34604    40042.7538    93    40226.0000    39771.0000 10723577    1.13%
  94274 34672    39911.5410   114    40226.0000    39771.0000 10735848    1.13%
  94471 34810    39978.5000    98    40226.0000    39771.0000 10761210    1.13%
  94640 34925    39779.6190   158    40226.0000    39771.0000 10783446    1.13%
  94671 34944    40076.7500   126    40226.0000    39771.0000 10788229    1.13%
  94871 35098    39809.3072   147    40226.0000    39771.0000 10810645    1.13%
  95071 35247    39999.3333   110    40226.0000    39771.0000 10839471    1.13%
  95268 35394    39876.4301   128    40226.0000    39771.0000 10861142    1.13%
Elapsed time = 897.09 sec. (1345589.09 ticks, tree = 378.21 MB, solutions = 16)

Clique cuts applied:  112
Cover cuts applied:  660
Flow cuts applied:  17
Mixed integer rounding cuts applied:  192
Zero-half cuts applied:  40
Lift and project cuts applied:  1
Gomory fractional cuts applied:  9

Root node processing (before b&c):
  Real time             =    0.80 sec. (1165.45 ticks)
Sequential b&c:
  Real time             =  899.20 sec. (1348358.93 ticks)
                          ------------
Total (root+branch&cut) =  900.00 sec. (1349524.38 ticks)
MIP: [1;32mCPLEX finished.[0m
MIP: [1;32mCPLEX status: Feasible[0m
MIP: [1;32mSolution: 
[31, 30, 18, 16, 19, 3, 16, 15, 0, 19, 31, 6, 15, 26, 22, 25, 4, 24, 26, 9, 16, 28, 18, 21, 18, 5, 23, 3, 21, 5, 9, 28, 15, 17, 22, 25, 3, 0, 7, 14, 24, 25, 8, 8, 28, 17, 7, 20, 31, 23, 6, 22, 3, 15, 6, 20, 29, 30, 4, 24][7, -1, -1, 5, 11, 4, 19, 16, 17, 1, -1, -1, -1, -1, 2, 7, 6, 11, 1, 4, 6, 9, 17, 14, 13, 1, 18, -1, 2, 5, 16, 14][-1, 3, 8, -1, 10, 10, 4, 4, -1, 6, -1, 5, -1, 6, 2, -1, 8, 5, 3, 2, -1, -1][-1, -1, 5, 1, 2, 1, 5, -1, 10, -1, 2, -1, -1][0m
MIP: [1;32mObjective value: 40226[0m
MIP: [1;32mLower Bound: 39771[0m
MIP: [1;32mBranch-and-Bound nodes: 95471[0m

# best solution:
best objective value:	40226
best dual bound value:	39771
optimality gap:	1.13111%
CPU time:	897.614
