ifile	/scratch/csagturk/mlbp_inst/n0060_m05__079.inst
prob	TNFMLBP
threads	1
ttime	900
instance: /scratch/csagturk/mlbp_inst/n0060_m05__079.inst
	m=5, n=[60, 36, 26, 21, 19, 12]
MIP: [1;32minit CPLEX[0m
CAN: [1;35mcreated 4269 x_{ijk} and f_{ijk} variables[0m
CAN: [1;35mcreated 174 y_{ij} variables[0m
MIP: [1;32mcreated decision variables[0m
MIP: [1;32mcreated constraints[0m
MIP: [1;32mcreated objective function[0m
MIP: [1;32mcalling CPLEX solve ...[0m
Version identifier: 22.1.0.0 | 2022-03-09 | 1a383f8ce
CPXPARAM_Threads                                 1
CPXPARAM_TimeLimit                               900
Tried aggregator 5 times.
MIP Presolve eliminated 61 rows and 4757 columns.
MIP Presolve modified 930 coefficients.
Aggregator did 409 substitutions.
Reduced MIP has 888 rows, 4506 columns, and 9002 nonzeros.
Reduced MIP has 4201 binaries, 0 generals, 0 SOSs, and 195 indicators.
Presolve time = 0.04 sec. (42.27 ticks)
Probing fixed 0 vars, tightened 101 bounds.
Probing changed sense of 104 constraints.
Probing time = 0.03 sec. (24.65 ticks)
Tried aggregator 1 time.
MIP Presolve eliminated 613 rows and 714 columns.
Reduced MIP has 275 rows, 3792 columns, and 7572 nonzeros.
Reduced MIP has 3792 binaries, 0 generals, 0 SOSs, and 0 indicators.
Presolve time = 0.01 sec. (8.85 ticks)
Tried aggregator 1 time.
Detecting symmetries...
Reduced MIP has 275 rows, 3792 columns, and 7572 nonzeros.
Reduced MIP has 3792 binaries, 0 generals, 0 SOSs, and 0 indicators.
Presolve time = 0.01 sec. (7.57 ticks)
Probing time = 0.00 sec. (2.73 ticks)
Clique table members: 992.
MIP emphasis: balance optimality and feasibility.
MIP search method: dynamic search.
Parallel mode: none, using 1 thread.
Root relaxation solution time = 0.01 sec. (14.68 ticks)

        Nodes                                         Cuts/
   Node  Left     Objective  IInf  Best Integer    Best Bound    ItCnt     Gap

      0     0    55247.5164   113                  55247.5164      741         
      0     0    55464.2594   152                   Cuts: 168     1133         
      0     0    55571.8176   177                   Cuts: 168     1565         
      0     0    55642.0140   226                   Cuts: 136     1991         
      0     0    55742.6839   247                   Cuts: 130     2446         
      0     0    55785.9828   248                   Cuts: 160     2866         
      0     0    55832.9426   289                   Cuts: 134     3273         
      0     0    55904.3628   285                   Cuts: 157     3997         
      0     0    55967.9862   243                   Cuts: 148     4410         
      0     0    56064.1868   249                   Cuts: 162     4818         
      0     0    56103.0259   291                   Cuts: 140     5329         
      0     0    56140.2418   302                   Cuts: 128     5950         
      0     0    56194.7844   308                   Cuts: 127     6539         
      0     0    56220.1056   290                   Cuts: 112     6870         
      0     0    56237.9377   275                   Cuts: 114     7132         
      0     0    56259.4943   292                   Cuts: 103     7475         
      0     0    56281.3077   288                    Cuts: 88     7790         
      0     0    56309.7691   306                    Cuts: 96     8303         
      0     0    56327.3180   288                   Cuts: 124     8570         
      0     0    56356.5745   289                   Cuts: 103     8921         
      0     0    56377.6887   281                    Cuts: 98     9182         
      0     0    56403.7048   267                    Cuts: 99     9654         
      0     0    56412.3895   289                   Cuts: 117    10001         
      0     0    56427.0701   291                    Cuts: 75    10270         
      0     0    56430.8344   289                    Cuts: 97    10587         
*     0+    0                        77593.0000    56430.8344            27.27%
*     0+    0                        71763.0000    56430.8344            21.37%
*     0+    0                        70729.0000    56430.8344            20.22%
*     0+    0                        70357.0000    56430.8344            19.79%
*     0+    0                        69969.0000    56430.8344            19.35%
*     0+    0                        66998.0000    56430.8344            15.77%
*     0+    0                        66936.0000    56430.8344            15.69%
*     0+    0                        65123.0000    56430.8344            13.35%
*     0+    0                        64414.0000    56430.8344            12.39%
*     0+    0                        63939.0000    56430.8344            11.74%
*     0+    0                        62703.0000    56430.8344            10.00%
*     0+    0                        61444.0000    56430.8344             8.16%
*     0+    0                        61405.0000    56430.8344             8.10%
      0     0  -1.00000e+75     0    61405.0000    56430.8344    10587    8.10%
      0     2    56430.8344   270    61405.0000    56431.1303    10587    8.10%
Elapsed time = 2.58 sec. (3043.02 ticks, tree = 0.01 MB, solutions = 13)
     61    63    56560.4915   187    61405.0000    56433.7749    12169    8.10%
    116   118    57186.1774   128    61405.0000    56433.7749    13983    8.10%
    290   292    59401.8712    58    61405.0000    56433.7749    15937    8.10%
    358   353    56657.8368   198    61405.0000    56434.5475    17868    8.09%
    422   417    57144.3357   151    61405.0000    56434.5475    19440    8.09%
    520   515    57337.4503    92    61405.0000    56434.5475    21413    8.09%

Performing restart 1

Repeating presolve.
Tried aggregator 1 time.
MIP Presolve modified 2168 coefficients.
Reduced MIP has 275 rows, 3792 columns, and 7572 nonzeros.
Reduced MIP has 3792 binaries, 0 generals, 0 SOSs, and 0 indicators.
Presolve time = 0.02 sec. (11.96 ticks)
Tried aggregator 1 time.
MIP Presolve modified 1490 coefficients.
Reduced MIP has 275 rows, 3792 columns, and 7572 nonzeros.
Reduced MIP has 3792 binaries, 0 generals, 0 SOSs, and 0 indicators.
Presolve time = 0.02 sec. (12.23 ticks)
Represolve time = 0.12 sec. (81.54 ticks)
    536     0    56332.1460   304    61405.0000     Cuts: 143    24566    8.09%
    536     0    56360.4064   290    61405.0000     Cuts: 132    24986    8.09%
    536     0    56400.9438   263    61405.0000      Cuts: 94    25344    8.09%
*   536+    0                        60939.0000    56434.5475             7.39%
    536     0  -1.00000e+75     0    60939.0000    56434.5475    25344    7.39%
    536     0    56418.0682   271    60939.0000     Cuts: 110    25610    7.39%
    536     0    56471.3468   289    60939.0000     Cuts: 107    26200    7.33%
    536     0    56489.9161   310    60939.0000     Cuts: 111    26768    7.30%
    536     0    56518.0406   283    60939.0000     Cuts: 100    27137    7.25%
    536     0    56527.3439   294    60939.0000     Cuts: 101    27562    7.24%
    536     0    56530.2636   298    60939.0000      Cuts: 95    27855    7.23%
    536     0    56531.9018   299    60939.0000     Cuts: 109    28107    7.23%
    536     0    56532.4248   322    60939.0000      Cuts: 66    28366    7.23%
    536     0    56532.8641   247    60939.0000      Cuts: 48    28560    7.23%
    536     0    56534.0430   283    60939.0000      Cuts: 65    28893    7.23%
    536     0    56534.3787   253    60939.0000      Cuts: 41    29066    7.23%
    536     0    56539.7642   252    60939.0000      Cuts: 71    29281    7.22%
    536     0    56539.8065   290    60939.0000      Cuts: 70    29463    7.22%
    536     0    56547.2152   255    60939.0000      Cuts: 49    29741    7.21%
    536     0    56549.5829   246    60939.0000      Cuts: 76    30016    7.20%
    536     2    56549.5829   229    60939.0000    56550.0212    30016    7.20%
    537     3    56561.4337   199    60939.0000    56567.9909    30053    7.17%
    539     5    56577.0304   224    60939.0000    56577.0619    30120    7.16%
    547    13    56797.5280   173    60939.0000    56577.0619    30623    7.16%
Elapsed time = 8.95 sec. (11597.99 ticks, tree = 0.07 MB, solutions = 14)
    586    52    58205.6316   138    60939.0000    56577.0619    32684    7.16%
    651   117    59979.9017   153    60939.0000    56577.0619    36377    7.16%
    693   154    57383.7617   184    60939.0000    56585.9257    39035    7.14%
    784   235    57099.2013   193    60939.0000    56594.6617    44378    7.13%
    863   304    58124.1515   141    60939.0000    56596.7013    50587    7.13%
    972   408        cutoff          60939.0000    56598.8713    57013    7.12%
   1086   514    57974.3591   153    60939.0000    56606.7522    62986    7.11%
   1208   626    57430.9015   137    60939.0000    56617.7146    68896    7.09%
   1316   726    56962.9997   194    60939.0000    56619.2338    75108    7.09%
   1448   850    56670.1658   184    60939.0000    56631.9307    80887    7.07%
Elapsed time = 14.73 sec. (21323.99 ticks, tree = 5.73 MB, solutions = 14)
   1646  1043    57054.6624   194    60939.0000    56635.8891    86356    7.06%
   1745  1126        cutoff          60939.0000    56639.7538    93704    7.05%
   1805  1166        cutoff          60939.0000    56641.7438   101144    7.05%
   1900  1251    57151.9030   222    60939.0000    56642.2690   107808    7.05%
   1983  1330    57449.5747   192    60939.0000    56643.6376   114736    7.05%
   2171  1513    57165.6520   188    60939.0000    56643.7862   120409    7.05%
   2284  1618    56735.1617   206    60939.0000    56644.0823   125960    7.05%
   2414  1740    56805.6218   208    60939.0000    56647.9287   132516    7.04%
   2501  1817    57070.9701   190    60939.0000    56651.3207   139937    7.04%
*  2536+ 1847                        60778.0000    56651.3207             6.79%
   2536  1849    57264.0383   173    60778.0000    56651.3207   141001    6.79%
Elapsed time = 20.92 sec. (31090.55 ticks, tree = 12.77 MB, solutions = 15)
   2607  1910    56909.0378   202    60778.0000    56653.5408   147779    6.79%
   2718  2007        cutoff          60778.0000    56655.8987   155851    6.78%
   2811  2092    57222.1646   151    60778.0000    56656.6035   162727    6.78%
   2977  2246    56714.2681   243    60778.0000    56657.6757   168516    6.78%
   3079  2344    57638.3884   176    60778.0000    56658.6366   176523    6.78%
   3197  2448    56932.0461   218    60778.0000    56659.3865   183785    6.78%
   3338  2578    57881.6339   148    60778.0000    56659.7151   192019    6.78%
   3444  2672    56891.3986   205    60778.0000    56663.3172   199778    6.77%
*  3536+ 2754                        60736.0000    56663.6359             6.71%
*  3536+ 2747                        60586.0000    56663.6359             6.47%
   3536  2749    57921.5442   209    60586.0000    56663.6359   207140    6.47%
   3688  2893    58769.5010   195    60586.0000    56665.9788   214914    6.47%
Elapsed time = 27.24 sec. (41112.37 ticks, tree = 20.75 MB, solutions = 17)
   3931  3129    57099.6602   200    60586.0000    56668.2842   221396    6.47%
   4002  3188    56921.1007   231    60586.0000    56670.4856   229387    6.46%
   4061  3241    56910.9465   206    60586.0000    56671.6588   236674    6.46%
   4174  3346    57593.4796   191    60586.0000    56671.9909   243088    6.46%
   4298  3460    56749.9777   224    60586.0000    56673.0059   250115    6.46%
   4435  3588    57082.0828   201    60586.0000    56673.1881   256168    6.46%
   4522  3670    58274.0688   183    60586.0000    56673.6468   263481    6.46%
   4536  3682    58375.4737   166    60586.0000    56673.6468   264076    6.46%
   4637  3773    56856.3247   227    60586.0000    56676.1528   270522    6.45%
   4720  3850    57040.9960   224    60586.0000    56676.2862   279144    6.45%
Elapsed time = 34.22 sec. (52045.61 ticks, tree = 28.18 MB, solutions = 17)
   4836  3961    58029.4699   189    60586.0000    56676.4264   285770    6.45%
   4968  4086    59971.8042   176    60586.0000    56676.7634   292064    6.45%
   5042  4154    56790.0525   225    60586.0000    56677.3651   299275    6.45%
   5114  4222    56738.5455   207    60586.0000    56678.2526   305995    6.45%
   5267  4359    infeasible          60586.0000    56678.2526   312749    6.45%
   5417  4495    56769.2873   208    60586.0000    56680.3879   320128    6.45%
*  5536+ 4606                        60569.0000    56681.1489             6.42%
*  5536+ 4606                        60553.0000    56681.1489             6.39%
*  5536+ 4605                        60503.0000    56681.1489             6.32%
   5536  4607    57453.5962   206    60503.0000    56681.1489   326539    6.32%
   5604  4669    59277.2714   182    60503.0000    56682.2997   333674    6.31%
   5709  4756    57087.6194   241    60503.0000    56683.9068   340405    6.31%
   5877  4916    57648.8598   158    60503.0000    56683.9068   346627    6.31%
Elapsed time = 40.68 sec. (62406.16 ticks, tree = 36.92 MB, solutions = 20)
   5994  5024    57968.6478   218    60503.0000    56683.9068   352803    6.31%
   6079  5097    infeasible          60503.0000    56683.9068   360890    6.31%
   6134  5152    57593.8604   199    60503.0000    56683.9068   367144    6.31%
   6220  5218    56858.9707   218    60503.0000    56683.9068   374687    6.31%
   6327  5321    57435.1508   192    60503.0000    56683.9068   380698    6.31%
   6536  5515    58167.5908   220    60503.0000    56684.3985   386270    6.31%
   6755  5719    60132.7062   140    60503.0000    56684.9318   392722    6.31%
   6914  5869    57278.7551   216    60503.0000    56686.7186   398816    6.31%
   7040  5981    58696.4519   192    60503.0000    56686.8418   405270    6.31%
   7215  6147    58287.0000    61    60503.0000    56687.7513   412314    6.31%
Elapsed time = 48.15 sec. (73915.71 ticks, tree = 47.35 MB, solutions = 20)
   7371  6282    60099.7226   149    60503.0000    56687.7869   421900    6.31%
   7506  6399    56956.2581   197    60503.0000    56688.9492   428147    6.30%
*  7536+ 6377                        60333.0000    56688.9492             6.04%
   7576  6419    57416.1481   165    60333.0000    56688.9492   429611    6.04%
   7696  6527    57002.7631   269    60333.0000    56690.0018   436223    6.04%
   7871  6696    57209.4544   161    60333.0000    56690.4858   441676    6.04%
   7963  6781    59518.0901   173    60333.0000    56692.4197   449062    6.03%
   8095  6897    56855.2962   203    60333.0000    56692.9817   454900    6.03%
   8189  6985    57060.0835   216    60333.0000    56693.3088   461450    6.03%
   8352  7138    57032.2006   211    60333.0000    56693.5829   468284    6.03%
   8469  7249    57085.5035   229    60333.0000    56694.9896   474043    6.03%
Elapsed time = 54.48 sec. (83562.62 ticks, tree = 56.88 MB, solutions = 21)
   8536  7316    57911.2482   226    60333.0000    56694.9896   477022    6.03%
   8640  7416    58527.5729   157    60333.0000    56695.1403   482939    6.03%
   8766  7536    infeasible          60333.0000    56695.5185   490014    6.03%
   8914  7682    59840.1367   111    60333.0000    56695.6421   497207    6.03%
   9129  7882    58752.0396   236    60333.0000    56695.8990   504802    6.03%
   9253  7997    60135.8213   233    60333.0000    56696.0160   511651    6.03%
   9401  8131    60291.0000    40    60333.0000    56696.0240   518106    6.03%
   9544  8245    60234.6291   149    60333.0000    56696.8510   523143    6.03%
   9613  8301    56942.3872   253    60333.0000    56697.3194   529969    6.03%
   9695  8383    58973.2070   167    60333.0000    56697.3194   536707    6.03%
Elapsed time = 62.65 sec. (95593.14 ticks, tree = 67.51 MB, solutions = 21)
   9778  8454    58028.0229   160    60333.0000    56698.2578   542662    6.02%
   9866  8532    56950.3834   272    60333.0000    56698.6852   548484    6.02%
   9941  8605    59859.4756   197    60333.0000    56698.6852   555669    6.02%
  10029  8681    56860.7653   274    60333.0000    56698.8461   560821    6.02%
  10106  8754    57273.6545   200    60333.0000    56698.9983   566117    6.02%
  10333  8969    59846.5968   179    60333.0000    56699.4343   572121    6.02%
  10400  9023    56983.8213   236    60333.0000    56701.8032   577574    6.02%
  10519  9136    56819.2337   270    60333.0000    56702.3466   584466    6.02%
  10536  9153    57211.0419   225    60333.0000    56702.3466   585872    6.02%
  10950  9545    60255.0000    72    60333.0000    56702.5791   613787    6.02%
Elapsed time = 72.08 sec. (109951.37 ticks, tree = 78.83 MB, solutions = 21)
* 11256+ 9711                        60258.0000    56704.2742             5.90%
* 11256+ 9500                        60237.0000    56704.2742             5.86%
* 11256+ 9458                        60181.0000    56704.2742             5.78%
* 11256+ 8990                        59855.0000    56704.2742             5.26%
  11256  8992    58930.3134   153    59855.0000    56704.2742   624803    5.26%
  11258  8994    56742.9313   267    59855.0000    56704.4080   625686    5.26%
  11536  9255    56964.2308   239    59855.0000    56706.0500   643976    5.26%
  12008  9688    56949.3183   292    59855.0000    56709.2464   668274    5.26%
  12305  9964    57074.4414   238    59855.0000    56710.3927   688250    5.25%
  12536 10179    57189.1174   257    59855.0000    56711.3240   703124    5.25%
  12866 10481    59285.9894   213    59855.0000    56713.9616   727873    5.25%
  13128 10716    57381.5063   261    59855.0000    56715.6341   749670    5.24%
  13551 11111    57841.6264   148    59855.0000    56716.8845   773136    5.24%
  13817 11364    59586.4903   235    59855.0000    56718.9351   796402    5.24%
Elapsed time = 126.22 sec. (178050.60 ticks, tree = 99.10 MB, solutions = 25)
  14166 11689        cutoff          59855.0000    56719.5048   818295    5.24%
  14536 12042    57369.1203   242    59855.0000    56721.7125   839985    5.23%
  14924 12414    58818.3660   227    59855.0000    56722.7448   864528    5.23%
  15185 12650    58434.1971   242    59855.0000    56723.6405   886437    5.23%
  15439 12878    56879.4721   250    59855.0000    56724.1335   910528    5.23%
* 15536+12964                        59852.0000    56724.4960             5.23%
* 15536+12334                        59421.0000    56724.4960             4.54%
  15546 12346    58682.9214   176    59421.0000    56724.4960   921743    4.54%
  15800 12577    57022.6952   288    59421.0000    56725.8233   942464    4.54%
  16248 13011    57763.1676   220    59421.0000    56726.6772   965206    4.53%
  16536 13279    58803.8085   193    59421.0000    56727.8936   985915    4.53%
  16904 13626    57804.0580   224    59421.0000    56729.7231  1009020    4.53%
Elapsed time = 153.69 sec. (218825.99 ticks, tree = 127.31 MB, solutions = 27)
  17133 13838    58055.1964   199    59421.0000    56730.5849  1031249    4.53%
* 17536+12960                        58814.0000    56731.9696             3.54%
  17536 12962    58674.3868   151    58814.0000    56731.9696  1050230    3.54%
  17807 13208    58080.5147   145    58814.0000    56733.0512  1071824    3.54%
  18102 13464    57547.4391   249    58814.0000    56733.9827  1096070    3.54%
  18433 13779    57316.2564   205    58814.0000    56736.6898  1118033    3.53%
  18542 13870    56826.0045   226    58814.0000    56736.8694  1127986    3.53%
  18858 14166    58379.8912   127    58814.0000    56737.0830  1151929    3.53%
  19077 14355    56980.2461   288    58814.0000    56738.1861  1172213    3.53%
  19336 14594    57156.6206   225    58814.0000    56738.7229  1191072    3.53%
  19605 14844    57262.3188   200    58814.0000    56739.6415  1207927    3.53%
Elapsed time = 180.36 sec. (258087.18 ticks, tree = 146.61 MB, solutions = 28)
  19921 15143    infeasible          58814.0000    56740.0632  1228396    3.53%
  20181 15374    58029.0186   142    58814.0000    56740.4734  1248196    3.53%
  20398 15555    57051.8457   212    58814.0000    56741.6733  1271591    3.52%
  20633 15772    56992.2544   296    58814.0000    56741.9976  1289448    3.52%
  20879 16009    57847.6489   251    58814.0000    56742.3421  1310924    3.52%
  21202 16303    56795.1449   308    58814.0000    56743.5848  1330892    3.52%
  21402 16482    58138.9050   235    58814.0000    56743.9286  1350482    3.52%
  21536 16601    56914.1052   300    58814.0000    56744.3202  1364220    3.52%
  21799 16839    57005.0244   267    58814.0000    56745.3989  1384618    3.52%
  22089 17110    57038.4634   326    58814.0000    56745.9777  1406099    3.52%
Elapsed time = 207.78 sec. (298244.27 ticks, tree = 178.79 MB, solutions = 28)
  22381 17379    57653.3015   143    58814.0000    56747.8900  1426954    3.51%
  22663 17637    57144.4305   328    58814.0000    56748.4974  1444028    3.51%
  22843 17801    57157.6626   253    58814.0000    56748.8961  1466334    3.51%
  23078 18015    57012.4851   212    58814.0000    56749.4260  1489206    3.51%
  23466 18377    57095.6705   265    58814.0000    56750.5628  1512158    3.51%
* 23536+13091                        57686.0000    56750.5628             1.62%
  23690 13228    56902.3555   258    57686.0000    56751.9343  1528370    1.62%
  23979 13482    57115.8194   241    57686.0000    56752.8782  1550433    1.62%
  24179 13661    57493.4458   229    57686.0000    56753.9331  1571378    1.62%
  24436 13871    56959.7525   255    57686.0000    56754.9617  1592936    1.61%
  24601 14014    57313.8116   233    57686.0000    56755.3552  1608393    1.61%
Elapsed time = 234.24 sec. (336563.82 ticks, tree = 153.64 MB, solutions = 29)
  24922 14300    56907.5590   220    57686.0000    56756.5036  1630198    1.61%
  25226 14568    57206.8066   234    57686.0000    56757.8654  1651147    1.61%
  25497 14805    57019.9969   273    57686.0000    56759.4834  1674054    1.61%
  25795 15063    57219.3779   268    57686.0000    56760.6402  1692474    1.60%
  25986 15228    57642.7518   212    57686.0000    56761.0310  1715080    1.60%
  26206 15417    56848.7206   242    57686.0000    56761.7261  1737174    1.60%
  26473 15656    57012.4164   261    57686.0000    56762.4901  1759886    1.60%
  26650 15811    57059.0443   200    57686.0000    56762.9110  1772769    1.60%
  27047 16168    56858.1344   283    57686.0000    56763.8297  1796493    1.60%
  27334 16425    57169.0102   249    57686.0000    56764.4517  1819844    1.60%
Elapsed time = 260.73 sec. (374851.04 ticks, tree = 188.70 MB, solutions = 29)
  27594 16650    57106.9662   258    57686.0000    56764.7708  1841306    1.60%
  27990 17007    57161.3702   277    57686.0000    56765.4309  1865410    1.60%
  28271 17246    57231.3431   255    57686.0000    56766.2883  1890768    1.59%
  28587 17515    57083.3578   317    57686.0000    56767.0956  1911168    1.59%
  28880 17765    57365.6448   253    57686.0000    56767.6919  1936111    1.59%
  29239 18072    57095.8477   207    57686.0000    56768.5402  1961182    1.59%
  29536 18322    57104.6148   217    57686.0000    56769.0184  1984315    1.59%
  29736 18497    57022.4424   222    57686.0000    56769.4126  2008251    1.59%
  30013 18736    56814.4571   251    57686.0000    56770.0843  2035452    1.59%
  30320 19003    57183.3720   270    57686.0000    56770.8617  2060637    1.59%
Elapsed time = 287.53 sec. (413851.26 ticks, tree = 226.19 MB, solutions = 29)
  30536 19194    57446.6134   191    57686.0000    56770.9858  2081326    1.59%
  30878 19490    57299.2307   270    57686.0000    56771.5111  2103363    1.59%
  31197 19777    57095.4855   212    57686.0000    56772.0802  2124456    1.58%
  31442 19997        cutoff          57686.0000    56772.7460  2147443    1.58%
  31536 20073    57118.5209   206    57686.0000    56773.2105  2159797    1.58%
  31757 20265    57146.6336   222    57686.0000    56773.6531  2179703    1.58%
  32018 20482    57579.8238   194    57686.0000    56774.5316  2201706    1.58%
  32346 20766    56832.0604   270    57686.0000    56775.0435  2224647    1.58%
  32536 20940    57076.8452   225    57686.0000    56775.2996  2238768    1.58%
  32718 21100    56933.7072   213    57686.0000    56775.9732  2258569    1.58%
Elapsed time = 317.42 sec. (456720.53 ticks, tree = 256.69 MB, solutions = 29)
  32963 21313    57268.9691   264    57686.0000    56776.2932  2279661    1.58%
  33326 21632    57452.0375   233    57686.0000    56777.1436  2303047    1.58%
  33600 21872    57548.2120   233    57686.0000    56777.8677  2321840    1.57%
  33915 22144    56830.6962   299    57686.0000    56778.8486  2343579    1.57%
  34190 22385        cutoff          57686.0000    56779.4424  2365633    1.57%
  34497 22644    57667.7363   192    57686.0000    56780.0441  2387545    1.57%
  34668 22792    57540.8413   180    57686.0000    56781.0913  2403529    1.57%
  34973 23066    57574.6389   151    57686.0000    56781.6987  2425963    1.57%
  35247 23295    57245.4400   256    57686.0000    56782.1323  2449424    1.57%
  35469 23480    57020.3641   259    57686.0000    56783.0947  2471102    1.57%
Elapsed time = 343.71 sec. (495093.32 ticks, tree = 291.29 MB, solutions = 29)
  35772 23745    57113.9780   181    57686.0000    56783.5580  2491825    1.56%
  36039 23967    56970.0940   238    57686.0000    56783.8897  2513983    1.56%
  36307 24198    57130.5766   314    57686.0000    56784.8444  2536555    1.56%
  36630 24481    56996.7317   324    57686.0000    56785.2990  2557237    1.56%
  36913 24725    57197.7630   265    57686.0000    56786.3277  2580338    1.56%
  37245 25008    57412.4015   268    57686.0000    56787.1180  2605187    1.56%
  37526 25247    57050.7392   258    57686.0000    56787.5217  2627954    1.56%
  37648 25361    57356.7086   191    57686.0000    56787.6655  2637540    1.56%
  37961 25624    57144.1434   159    57686.0000    56788.4681  2663402    1.56%
  38256 25876    57171.6009   241    57686.0000    56789.2431  2688365    1.55%
Elapsed time = 370.54 sec. (533627.20 ticks, tree = 326.08 MB, solutions = 29)
  38554 26144    57085.9413   259    57686.0000    56789.7549  2707394    1.55%
  38887 26438    57059.3010   236    57686.0000    56790.4022  2733496    1.55%
  39147 26668    57164.7280   245    57686.0000    56790.9260  2757697    1.55%
  39464 26944    57538.3550   307    57686.0000    56791.2701  2781444    1.55%
  39671 27125    57016.3530   257    57686.0000    56791.3846  2796565    1.55%
  40005 27416    57436.5867   231    57686.0000    56792.1781  2822354    1.55%
  40295 27667    56916.5863   246    57686.0000    56792.4852  2848776    1.55%
  40536 27872    56891.1784   213    57686.0000    56792.7520  2871392    1.55%
  41077 28359    57030.4913   240    57686.0000    56793.2885  2896359    1.55%
  41474 28721    57110.0995   204    57686.0000    56793.8581  2921814    1.55%
Elapsed time = 397.99 sec. (572443.88 ticks, tree = 367.39 MB, solutions = 29)
  41566 28791    57147.4433   302    57686.0000    56794.0144  2935934    1.55%
  41850 29033    57661.6313   286    57686.0000    56794.2537  2959924    1.55%
  42360 29481    57043.2806   239    57686.0000    56795.0335  2985081    1.54%
  42536 29629    57460.2757   198    57686.0000    56795.5240  3001179    1.54%
  42880 29927    57300.3101   188    57686.0000    56796.3550  3026317    1.54%
  43240 30254    57512.5218   238    57686.0000    56796.7594  3051545    1.54%
  43584 30545    57679.0826   127    57686.0000    56797.2580  3074622    1.54%
  43858 30779    57381.5856   201    57686.0000    56797.6353  3098919    1.54%
  44264 31125        cutoff          57686.0000    56797.8125  3125226    1.54%
  44536 31362    57004.2160   204    57686.0000    56798.3751  3147210    1.54%
Elapsed time = 426.36 sec. (612423.81 ticks, tree = 405.79 MB, solutions = 29)
  44849 31634    57320.6366   199    57686.0000    56798.8720  3172911    1.54%
  45092 31839    57324.9602   214    57686.0000    56799.3931  3199815    1.54%
  45385 32095    57129.0129   176    57686.0000    56800.0047  3225747    1.54%
  45536 32224    56999.5270   230    57686.0000    56800.2607  3236559    1.54%
  45934 32585    57096.0613   246    57686.0000    56800.8230  3261419    1.53%
  46172 32779    57006.3272   280    57686.0000    56801.9179  3283372    1.53%
  46517 33089    57443.0533   278    57686.0000    56802.2632  3307561    1.53%
  46802 33319    57082.0093   312    57686.0000    56803.1658  3330582    1.53%
  47003 33487    56968.7825   250    57686.0000    56803.5621  3353475    1.53%
  47345 33794    57106.8417   266    57686.0000    56804.0941  3375821    1.53%
Elapsed time = 453.82 sec. (651974.59 ticks, tree = 442.54 MB, solutions = 29)
  47536 33954    57096.9589   231    57686.0000    56804.3818  3388276    1.53%
  47867 34240    57306.8104   304    57686.0000    56804.9665  3411148    1.53%
  48127 34450    57072.6619   218    57686.0000    56805.5360  3435012    1.53%
  48498 34788    57334.0150   256    57686.0000    56805.9166  3458016    1.53%
  48558 34842    57508.8065   241    57686.0000    56805.9864  3465409    1.53%
  48871 35115        cutoff          57686.0000    56806.1824  3490052    1.53%
  49133 35328    56986.5173   223    57686.0000    56806.3580  3512162    1.52%
  49436 35580    57463.2359   167    57686.0000    56806.8806  3534548    1.52%
  49693 35795        cutoff          57686.0000    56807.1877  3554204    1.52%
  50037 36081    57107.9263   247    57686.0000    56807.9186  3576467    1.52%
Elapsed time = 480.92 sec. (690990.01 ticks, tree = 475.75 MB, solutions = 29)
  50383 36385    57571.7300   278    57686.0000    56809.3211  3599266    1.52%
  50536 36506    57191.8334   227    57686.0000    56809.5088  3621603    1.52%
  50707 36640    57650.1344   234    57686.0000    56810.1717  3646981    1.52%
  50952 36836    57421.5077   237    57686.0000    56811.0057  3671191    1.52%
  51198 37035    57269.9357   208    57686.0000    56811.7812  3693981    1.52%
  51464 37262    57061.1398   275    57686.0000    56812.4727  3717600    1.51%
  51650 37404    57016.6750   319    57686.0000    56813.0619  3738934    1.51%
  51905 37624    57191.6644   216    57686.0000    56813.5707  3762091    1.51%
  52101 37772    56980.5123   296    57686.0000    56814.2867  3785244    1.51%
  52479 38111    57262.9019   205    57686.0000    56814.5470  3808354    1.51%
Elapsed time = 508.52 sec. (730936.40 ticks, tree = 505.34 MB, solutions = 29)
  52571 38191    57335.5512   272    57686.0000    56814.9192  3816817    1.51%
  52875 38460    56985.0715   244    57686.0000    56815.1404  3839750    1.51%
  53149 38695        cutoff          57686.0000    56815.5073  3863823    1.51%
  53428 38926    57187.2806   241    57686.0000    56816.2481  3887721    1.51%
  53735 39185    57516.0000   107    57686.0000    56816.7112  3912624    1.51%
  53980 39390    57172.2163   222    57686.0000    56817.3600  3940519    1.51%
  54254 39614    57246.5224   215    57686.0000    56818.0346  3966111    1.50%
  54475 39798    57298.2392   237    57686.0000    56818.6196  3992538    1.50%
  54627 39922    57246.2758   243    57686.0000    56818.8586  4007365    1.50%
  55031 40278    57666.7117   177    57686.0000    56819.4220  4033351    1.50%
Elapsed time = 535.49 sec. (769335.91 ticks, tree = 536.83 MB, solutions = 29)
  55373 40565        cutoff          57686.0000    56820.1185  4058344    1.50%
  55536 40700    57130.6154   251    57686.0000    56820.4138  4076636    1.50%
  55820 40931    56948.5932   278    57686.0000    56821.2203  4102882    1.50%
  56146 41204        cutoff          57686.0000    56821.5790  4128960    1.50%
  56368 41396    57067.1327   182    57686.0000    56822.0434  4155085    1.50%
  56536 41527    57609.5758   177    57686.0000    56822.3915  4172044    1.50%
  56909 41846    57155.2137   166    57686.0000    56823.0183  4198042    1.50%
  57249 42142    57478.5446   265    57686.0000    56823.5794  4225972    1.50%
  57545 42391        cutoff          57686.0000    56823.9687  4247220    1.49%
  57824 42622    57186.6319   230    57686.0000    56824.4465  4273992    1.49%
Elapsed time = 565.73 sec. (811730.63 ticks, tree = 570.96 MB, solutions = 29)
  58161 42922    57098.6879   270    57686.0000    56824.6510  4298912    1.49%
  58499 43208    57445.8662   213    57686.0000    56825.2660  4324556    1.49%
  58536 43236    57243.7377   292    57686.0000    56825.4059  4327138    1.49%
  58936 43585    57652.4615   142    57686.0000    56825.8613  4354018    1.49%
  59283 43882    57207.1091   229    57686.0000    56826.3035  4380157    1.49%
  59656 44205        cutoff          57686.0000    56826.6850  4404399    1.49%
  59857 44364    57001.1064   304    57686.0000    56827.0276  4430579    1.49%
  60207 44657    57498.5526   204    57686.0000    56827.4359  4455829    1.49%
  60467 44849    56889.0108   324    57686.0000    56827.6636  4481797    1.49%
  60768 45103    57271.3034   313    57686.0000    56827.9361  4506118    1.49%
Elapsed time = 593.07 sec. (850452.48 ticks, tree = 606.98 MB, solutions = 29)
  60987 45279    57584.0920   190    57686.0000    56828.2818  4534160    1.49%
  61359 45611    57035.0815   265    57686.0000    56828.6400  4561185    1.49%
  61710 45906    57255.0445   178    57686.0000    56829.1556  4587856    1.49%
  62004 46150    57248.7792   251    57686.0000    56829.8224  4613697    1.48%
  62333 46430    57304.6398   225    57686.0000    56830.1968  4639130    1.48%
  62536 46601    57087.7171   351    57686.0000    56830.5921  4655390    1.48%
  62754 46784    57669.7047   195    57686.0000    56830.7790  4681598    1.48%
  63023 46989    57509.6270   254    57686.0000    56831.3216  4709800    1.48%
  63374 47286    57391.8790   234    57686.0000    56831.6987  4734818    1.48%
  63638 47505    57402.1202   205    57686.0000    56831.9385  4753199    1.48%
Elapsed time = 621.87 sec. (891256.37 ticks, tree = 641.91 MB, solutions = 29)
  63940 47751    56853.4287   253    57686.0000    56832.2260  4775756    1.48%
  64214 47988    57101.8036   229    57686.0000    56832.5731  4799424    1.48%
  64448 48180    57405.8111   265    57686.0000    56832.8389  4822512    1.48%
  64657 48356    57503.1980   272    57686.0000    56833.1608  4837335    1.48%
  64992 48623    57206.9119   270    57686.0000    56833.3930  4861665    1.48%
  65245 48826    56952.5346   234    57686.0000    56833.6413  4885963    1.48%
  65515 49064    57117.5199   313    57686.0000    56833.9778  4909706    1.48%
  65630 49161    57234.9066   235    57686.0000    56834.0623  4920803    1.48%
  65758 49261        cutoff          57686.0000    56834.2440  4944885    1.48%
  65970 49430    57374.2777   324    57686.0000    56834.5089  4968536    1.48%
Elapsed time = 648.89 sec. (929979.05 ticks, tree = 669.90 MB, solutions = 29)
  66310 49722    57420.3589   205    57686.0000    56834.7284  4996224    1.48%
  66536 49910    56975.0649   233    57686.0000    56835.1775  5017221    1.47%
  66775 50104    57354.3646   251    57686.0000    56835.5390  5041358    1.47%
  67079 50373    57420.3607   216    57686.0000    56835.9228  5063631    1.47%
  67342 50572    57369.8998   248    57686.0000    56836.6420  5087318    1.47%
  67549 50735        cutoff          57686.0000    56837.0708  5106708    1.47%
  67806 50945    57326.0655   192    57686.0000    56837.9486  5131879    1.47%
  68101 51177    56931.1382   229    57686.0000    56838.3191  5155156    1.47%
  68417 51440    57132.2269   274    57686.0000    56838.7081  5178371    1.47%
  68671 51665    57570.9623   168    57686.0000    56838.8742  5197658    1.47%
Elapsed time = 676.01 sec. (968982.54 ticks, tree = 702.34 MB, solutions = 29)
  68956 51913    56876.1345   210    57686.0000    56839.2711  5220836    1.47%
  69265 52175    57395.4319   274    57686.0000    56839.4853  5244571    1.47%
  69545 52415    57388.3164   261    57686.0000    56839.6498  5267883    1.47%
  69883 52689    57308.2558   296    57686.0000    56839.9485  5291541    1.47%
  70182 52939    57635.1500   129    57686.0000    56840.1986  5314411    1.47%
  70442 53149    57111.1472   244    57686.0000    56840.3649  5338069    1.47%
  70576 53259    57208.2492   252    57686.0000    56840.4606  5351941    1.47%
  70837 53481    57547.8609   252    57686.0000    56840.8393  5375019    1.47%
  71097 53693    57541.9195   175    57686.0000    56841.1741  5398393    1.46%
  71377 53916        cutoff          57686.0000    56841.5420  5422689    1.46%
Elapsed time = 702.42 sec. (1007308.88 ticks, tree = 735.02 MB, solutions = 29)
  71546 54031    57178.5846   278    57686.0000    56841.7424  5442768    1.46%
  71795 54222        cutoff          57686.0000    56842.1187  5466842    1.46%
  72050 54431    57253.1873   197    57686.0000    56842.5965  5491313    1.46%
  72386 54705    57413.5588   279    57686.0000    56842.9241  5516563    1.46%
  72647 54932    57490.9910   199    57686.0000    56843.0911  5539800    1.46%
  73009 55232    57370.4038   227    57686.0000    56843.4353  5564965    1.46%
  73391 55548    57276.4674   218    57686.0000    56843.8239  5590174    1.46%
  73536 55663    57157.6618   202    57686.0000    56844.0184  5601184    1.46%
  73811 55878    56911.3487   241    57686.0000    56844.8527  5628261    1.46%
  74089 56111    57403.2977   231    57686.0000    56845.0661  5654315    1.46%
Elapsed time = 729.63 sec. (1046061.58 ticks, tree = 766.89 MB, solutions = 29)
  74358 56334    56884.9569   262    57686.0000    56845.3619  5679388    1.46%
  74668 56617    57101.0164   295    57686.0000    56845.4476  5698389    1.46%
  74979 56870    57390.2559   186    57686.0000    56846.3365  5724490    1.46%
  75270 57106    57468.8463   158    57686.0000    56846.6519  5751075    1.46%
  75536 57306    57105.7995   223    57686.0000    56846.9959  5771063    1.45%
  75795 57498    56871.6351   259    57686.0000    56847.6148  5798276    1.45%
  76013 57676    57462.0461   246    57686.0000    56847.9156  5825264    1.45%
  76413 58009        cutoff          57686.0000    56848.3232  5851290    1.45%
  76593 58151    57428.8713   245    57686.0000    56848.6960  5871187    1.45%
  76817 58323    57204.5414   255    57686.0000    56849.1734  5902375    1.45%
Elapsed time = 757.54 sec. (1085610.29 ticks, tree = 799.01 MB, solutions = 29)
  77181 58622    57454.5435   188    57686.0000    56849.4321  5929692    1.45%
  77518 58891    57459.9317   240    57686.0000    56849.7779  5956712    1.45%
  77866 59193    57157.1224   231    57686.0000    56850.1035  5981894    1.45%
  78149 59432    57537.0573   260    57686.0000    56850.5954  6009030    1.45%
  78435 59659    57432.9760   223    57686.0000    56850.9460  6035903    1.45%
  78550 59759    57245.4434   239    57686.0000    56851.0656  6046017    1.45%
  78933 60074    57087.9729   209    57686.0000    56851.5040  6072228    1.45%
  79253 60343    56978.5495   282    57686.0000    56851.7780  6099597    1.45%
  79582 60625    57504.4619   226    57686.0000    56852.2121  6127579    1.45%
  79846 60828    56976.0141   248    57686.0000    56852.5999  6153469    1.44%
Elapsed time = 784.64 sec. (1124304.66 ticks, tree = 835.40 MB, solutions = 29)
  80202 61131    57306.9709   234    57686.0000    56853.0564  6179010    1.44%
  80539 61429    57505.6539   188    57686.0000    56853.1744  6204577    1.44%
  80874 61697    57189.3454   207    57686.0000    56853.4129  6230323    1.44%
  81106 61879    57250.3860   252    57686.0000    56853.7021  6258110    1.44%
  81502 62232    57358.5337   241    57686.0000    56854.0029  6284007    1.44%
  81775 62455    57079.0510   221    57686.0000    56854.4009  6310804    1.44%
  82097 62733        cutoff          57686.0000    56854.5164  6336880    1.44%
  82463 63046    57577.1737   246    57686.0000    56854.7125  6362685    1.44%
  82796 63332    57062.4672   245    57686.0000    56855.0346  6384768    1.44%
Starting limited solution polishing.
  83092 63574    57328.8734   189    57686.0000    56855.3178  6409555    1.44%
Elapsed time = 811.46 sec. (1162799.08 ticks, tree = 875.23 MB, solutions = 29)
  83136 63606    56973.0368   310    57686.0000    56855.3949  6412917    1.44%
  83415 63855    56874.8060   306    57686.0000    56855.6258  6429026    1.44%
  83436 63876    57281.2839   229    57686.0000    56855.6258  6430744    1.44%
  83720 64128    56918.6377   281    57686.0000    56855.8164  6450224    1.44%
  83736 64144    57229.0759   248    57686.0000    56855.8164  6451278    1.44%
  83869 64252    56867.8737   264    57686.0000    56855.8887  6465578    1.44%
  84021 64377    57332.9569   165    57686.0000    56856.0454  6478885    1.44%
  84036 64388    57079.5764   228    57686.0000    56856.0855  6480452    1.44%
  84136 64479    57311.2164   215    57686.0000    56856.1497  6486890    1.44%
  84336 64658    57558.1804   175    57686.0000    56856.2721  6498195    1.44%
Elapsed time = 844.49 sec. (1205748.68 ticks, tree = 890.96 MB, solutions = 29)
  84436 64735    56962.7030   280    57686.0000    56856.3708  6506225    1.44%
  84616 64895    57166.3060   206    57686.0000    56856.4267  6519467    1.44%
  84736 64989    57379.0632   220    57686.0000    56856.5760  6531443    1.44%
  84836 65066    57171.9730   257    57686.0000    56856.7277  6540833    1.44%
  84936 65143    57463.5521   169    57686.0000    56856.7510  6546988    1.44%
  85036 65228    56873.9299   324    57686.0000    56856.7995  6553480    1.44%
  85236 65391    57442.4873   291    57686.0000    56856.9510  6570778    1.44%
  85436 65546    57069.1031   245    57686.0000    56857.0649  6585698    1.44%
  85536 65619    57614.6708   254    57686.0000    56857.1992  6596095    1.44%
* 85636+64598                        57649.0000    56857.2367             1.37%
  85636 64600    57344.3047   215    57649.0000    56857.2367  6604574    1.37%
Elapsed time = 884.90 sec. (1258245.95 ticks, tree = 894.04 MB, solutions = 30)
  85779 64713    57054.1597   185    57649.0000    56857.3516  6618686    1.37%
  85936 64839    57556.6458   158    57649.0000    56857.4432  6628444    1.37%
  86036 64907    56920.7604   224    57649.0000    56857.6935  6637094    1.37%

Clique cuts applied:  106
Cover cuts applied:  845
Implied bound cuts applied:  2
Flow cuts applied:  25
Mixed integer rounding cuts applied:  302
Zero-half cuts applied:  90
Lift and project cuts applied:  1
Gomory fractional cuts applied:  7

Root node processing (before b&c):
  Real time             =    2.57 sec. (3033.23 ticks)
Sequential b&c:
  Real time             =  897.44 sec. (1274371.63 ticks)
                          ------------
Total (root+branch&cut) =  900.01 sec. (1277404.85 ticks)
MIP: [1;32mCPLEX finished.[0m
MIP: [1;32mCPLEX status: Feasible[0m
MIP: [1;32mSolution: 
[15, 6, 11, 25, 1, 33, 12, 34, 13, 16, 14, 19, 35, 8, 28, 29, 17, 28, 5, 0, 31, 6, 33, 14, 32, 30, 4, 7, 18, 1, 22, 4, 16, 29, 23, 32, 25, 13, 30, 11, 35, 35, 25, 3, 18, 27, 19, 14, 13, 15, 3, 5, 2, 17, 33, 7, 5, 24, 17, 9][12, 13, 3, 5, 16, 9, 24, 23, 5, 8, -1, 4, 7, 9, 18, 19, 7, 0, 25, 25, -1, -1, 6, 13, 10, 1, -1, 21, 8, 6, 8, 3, 12, 23, 4, 10][9, 13, -1, 13, 8, 8, 19, 11, 4, 10, 16, -1, 16, 7, -1, -1, 7, -1, 9, 11, -1, 19, -1, 18, 6, 20][-1, -1, -1, -1, 7, -1, 15, 2, 8, 5, 5, 14, -1, 15, -1, -1, 4, -1, 2, 2, 8][-1, -1, 7, -1, 5, 5, -1, 7, 10, -1, -1, -1, -1, -1, 7, 10, -1, -1, -1][0m
MIP: [1;32mObjective value: 57649[0m
MIP: [1;32mLower Bound: 56857.7[0m
MIP: [1;32mBranch-and-Bound nodes: 86136[0m

# best solution:
best objective value:	57649
best dual bound value:	56857
optimality gap:	1.37383%
CPU time:	895.608
