ifile	/scratch/csagturk/mlbp_inst/n0060_m03__022.inst
prob	TNFMLBP
threads	1
ttime	900
instance: /scratch/csagturk/mlbp_inst/n0060_m03__022.inst
	m=3, n=[60, 32, 21, 17]
MIP: [1;32minit CPLEX[0m
CAN: [1;35mcreated 2949 x_{ijk} and f_{ijk} variables[0m
CAN: [1;35mcreated 130 y_{ij} variables[0m
MIP: [1;32mcreated decision variables[0m
MIP: [1;32mcreated constraints[0m
MIP: [1;32mcreated objective function[0m
MIP: [1;32mcalling CPLEX solve ...[0m
Version identifier: 22.1.0.0 | 2022-03-09 | 1a383f8ce
CPXPARAM_Threads                                 1
CPXPARAM_TimeLimit                               900
Tried aggregator 3 times.
MIP Presolve eliminated 61 rows and 3225 columns.
MIP Presolve modified 408 coefficients.
Aggregator did 212 substitutions.
Reduced MIP has 501 rows, 3061 columns, and 6105 nonzeros.
Reduced MIP has 2902 binaries, 0 generals, 0 SOSs, and 103 indicators.
Presolve time = 0.02 sec. (24.22 ticks)
Probing fixed 0 vars, tightened 56 bounds.
Probing changed sense of 53 constraints.
Probing time = 0.02 sec. (14.29 ticks)
Tried aggregator 1 time.
MIP Presolve eliminated 318 rows and 371 columns.
Reduced MIP has 183 rows, 2690 columns, and 5363 nonzeros.
Reduced MIP has 2690 binaries, 0 generals, 0 SOSs, and 0 indicators.
Presolve time = 0.01 sec. (6.32 ticks)
Tried aggregator 1 time.
Detecting symmetries...
Reduced MIP has 183 rows, 2690 columns, and 5363 nonzeros.
Reduced MIP has 2690 binaries, 0 generals, 0 SOSs, and 0 indicators.
Presolve time = 0.01 sec. (5.37 ticks)
Probing time = 0.00 sec. (2.51 ticks)
Clique table members: 914.
MIP emphasis: balance optimality and feasibility.
MIP search method: dynamic search.
Parallel mode: none, using 1 thread.
Root relaxation solution time = 0.00 sec. (7.77 ticks)

        Nodes                                         Cuts/
   Node  Left     Objective  IInf  Best Integer    Best Bound    ItCnt     Gap

      0     0    36645.5488    81                  36645.5488      466         
      0     0    36706.6269   108                   Cuts: 127      724         
      0     0    36728.5549   141                   Cuts: 130      988         
      0     0    36748.5853   146                   Cuts: 116     1300         
      0     0    36754.4994   166                   Cuts: 128     1613         
      0     0    36759.4987   195                   Cuts: 114     1927         
      0     0    36769.2432   192                   Cuts: 125     2252         
      0     0    36778.2095   173                   Cuts: 109     2583         
      0     0    36790.3314   182                   Cuts: 105     2898         
      0     0    36792.1481   207                   Cuts: 104     3215         
      0     0    36793.7921   194                    Cuts: 64     3511         
      0     0    36793.9661   198                   Cuts: 113     3859         
*     0+    0                        43192.0000    36793.9661            14.81%
*     0+    0                        42223.0000    36793.9661            12.86%
*     0+    0                        41892.0000    36793.9661            12.17%
*     0+    0                        41292.0000    36793.9661            10.89%
      0     0  -1.00000e+75     0    41292.0000    36793.9661     3859   10.89%
      0     2    36793.9661   130    41292.0000    36804.7679     3859   10.87%
Elapsed time = 0.54 sec. (699.59 ticks, tree = 0.01 MB, solutions = 4)
    215   217    37343.8989    57    41292.0000    36816.3063     6285   10.84%
*   400+  379                        40783.0000    36816.3063             9.73%
    468   425    36948.8447   103    40783.0000    36816.3063     8427    9.73%

Performing restart 1

Repeating presolve.
Tried aggregator 1 time.
MIP Presolve modified 758 coefficients.
Reduced MIP has 183 rows, 2690 columns, and 5363 nonzeros.
Reduced MIP has 2690 binaries, 0 generals, 0 SOSs, and 0 indicators.
Presolve time = 0.01 sec. (6.82 ticks)
Tried aggregator 1 time.
MIP Presolve modified 462 coefficients.
Reduced MIP has 183 rows, 2690 columns, and 5363 nonzeros.
Reduced MIP has 2690 binaries, 0 generals, 0 SOSs, and 0 indicators.
Presolve time = 0.01 sec. (7.75 ticks)
Represolve time = 0.06 sec. (43.95 ticks)
    522     0    36787.9536   186    40783.0000     Cuts: 140    10518    9.73%
    522     0    36792.3428   219    40783.0000     Cuts: 132    10877    9.73%
    522     0    36802.7169   227    40783.0000     Cuts: 133    11187    9.73%
    522     0    36809.9088   216    40783.0000     Cuts: 112    11738    9.73%
*   522+    0                        39533.0000    36816.3063             6.87%
*   522+    0                        39515.0000    36816.3063             6.83%
*   522+    0                        39336.0000    36816.3063             6.41%
    522     0  -1.00000e+75     0    39336.0000    36816.3063    11738    6.41%
    522     0    36821.3262   213    39336.0000     Cuts: 110    12432    6.39%
    522     0    36830.3886   194    39336.0000     Cuts: 112    13000    6.37%
    522     0    36832.2284   228    39336.0000     Cuts: 116    13453    6.37%
    522     0    36833.3360   173    39336.0000     Cuts: 116    13930    6.36%
    522     0    36834.7968   205    39336.0000     Cuts: 104    14202    6.36%
    522     0    36837.5690   202    39336.0000     Cuts: 108    14510    6.35%
    522     0    36837.9648   212    39336.0000      Cuts: 92    14740    6.35%
    522     0    36838.4607   188    39336.0000      Cuts: 89    14990    6.35%
    522     0    36839.3343   189    39336.0000      Cuts: 89    15164    6.35%
    522     0    36839.9206   186    39336.0000      Cuts: 50    15328    6.35%
    522     0    36842.1700   197    39336.0000      Cuts: 48    15455    6.34%
    522     0    36845.3981   185    39336.0000      Cuts: 66    15665    6.33%
    522     0    36845.6515   184    39336.0000      Cuts: 75    15795    6.33%
    522     0    36847.1781   188    39336.0000      Cuts: 47    15992    6.33%
*   522+    0                        39175.0000    36847.1781             5.94%
*   522+    0                        38613.0000    36847.1781             4.57%
*   522+    0                        38610.0000    36847.1781             4.57%
*   522+    0                        38604.0000    36847.1781             4.55%
*   522+    0                        38575.0000    36847.1781             4.48%
    522     0  -1.00000e+75     0    38575.0000    36847.1781    15992    4.48%
    522     2    36847.1781   171    38575.0000    36847.6321    15992    4.48%
    529     9    36975.0830   160    38575.0000    36848.7754    16723    4.47%
    541    21    37135.0090   132    38575.0000    36848.7754    17677    4.47%
    555    35    37162.1440   134    38575.0000    36848.7754    18761    4.47%
    575    55    37282.5965   126    38575.0000    36848.7754    19498    4.47%
    616    92    36859.2931   135    38575.0000    36853.4518    20137    4.46%
    631   107    36957.0857   149    38575.0000    36854.2928    21924    4.46%
    802   260    36911.4640   126    38575.0000    36859.8053    28912    4.45%
Elapsed time = 5.88 sec. (7325.16 ticks, tree = 1.14 MB, solutions = 13)
   1134   573    37736.7688   106    38575.0000    36863.9718    38071    4.44%
   1494   898    37270.5914   111    38575.0000    36870.2362    48214    4.42%
   1737  1117    37248.6290   126    38575.0000    36875.4125    59134    4.41%
   2211  1543    37849.6905   119    38575.0000    36879.4431    68969    4.40%
*  2522+ 1826                        38548.0000    36880.3283             4.33%
*  2522+ 1820                        38513.0000    36880.3283             4.24%
*  2522+ 1624                        38282.0000    36880.3283             3.66%
*  2522+ 1602                        38219.0000    36880.3283             3.50%
   2522  1604    37218.9170   131    38219.0000    36880.3283    75508    3.50%
   2882  1938    37894.1174   149    38219.0000    36881.9330    83919    3.50%
   3132  2158    36978.0543   139    38219.0000    36884.6566    91338    3.49%
   3440  2427    36931.0098   166    38219.0000    36886.0396   100642    3.49%
   3576  2555    37775.4881   179    38219.0000    36890.0445   111162    3.48%
   3744  2710    36909.4796   191    38219.0000    36890.7947   122166    3.48%
Elapsed time = 13.55 sec. (17545.57 ticks, tree = 12.43 MB, solutions = 17)
   3937  2886    37065.2106   144    38219.0000    36892.3841   134764    3.47%
   4255  3178    38187.5882   109    38219.0000    36897.2114   144532    3.46%
   4445  3352    37925.7442   141    38219.0000    36898.5033   156001    3.46%
   4632  3525    37900.3660   141    38219.0000    36901.1542   164844    3.45%
   4903  3774    37125.8326   139    38219.0000    36903.2221   174496    3.44%
   5166  4001    37042.4972   157    38219.0000    36907.7225   185718    3.43%
   5370  4189    37538.2417    98    38219.0000    36908.0813   194349    3.43%
   5518  4318    37806.6491   174    38219.0000    36909.0836   202857    3.43%
   5589  4377    37086.5891   190    38219.0000    36909.9086   208944    3.43%
   5799  4547    37298.4947   140    38219.0000    36911.2961   216733    3.42%
Elapsed time = 20.10 sec. (27144.87 ticks, tree = 21.87 MB, solutions = 17)
   6007  4731    37012.5073   173    38219.0000    36912.5863   226528    3.42%
   6224  4935    38048.0469   134    38219.0000    36913.4583   235841    3.42%
   6425  5105    37114.8826   174    38219.0000    36914.6912   244427    3.41%
   6681  5339    36940.1657   168    38219.0000    36916.5439   252500    3.41%
   6970  5600    37062.3571   189    38219.0000    36918.5154   263994    3.40%
   7226  5833    36974.6848   188    38219.0000    36920.2334   274579    3.40%
   7522  6105    37893.1250   115    38219.0000    36920.9873   284744    3.40%
   7765  6329    37238.7585   144    38219.0000    36922.5488   295195    3.39%
   7949  6492    37482.5995   174    38219.0000    36923.0983   303178    3.39%
   8051  6581    37090.5049   182    38219.0000    36924.6406   310136    3.39%
Elapsed time = 27.74 sec. (37906.66 ticks, tree = 33.40 MB, solutions = 17)
   8271  6790    37435.7566   157    38219.0000    36925.0358   317761    3.39%
   8415  6913    37018.0764   181    38219.0000    36926.0876   324493    3.38%
   8575  7063    37158.7494   157    38219.0000    36926.1809   328416    3.38%
   8706  7178    36986.3338   186    38219.0000    36926.5103   334795    3.38%
   8884  7335    37416.6511   187    38219.0000    36926.9203   342539    3.38%
   9064  7503    37380.4489   172    38219.0000    36927.2536   349189    3.38%
   9179  7603    37186.7133   184    38219.0000    36927.7713   356339    3.38%
   9290  7705    37084.0326   164    38219.0000    36928.0645   363018    3.38%
   9420  7818    37049.8886   169    38219.0000    36928.3935   371173    3.38%
   9522  7907    37008.3162   184    38219.0000    36928.6130   375561    3.38%
Elapsed time = 34.16 sec. (48654.29 ticks, tree = 41.82 MB, solutions = 17)
   9775  8140    36979.6444   199    38219.0000    36928.8436   384074    3.38%
   9960  8311    37206.0810   162    38219.0000    36929.9057   391682    3.37%
  10096  8430    37077.0194   198    38219.0000    36930.2141   398419    3.37%
  10264  8577        cutoff          38219.0000    36930.3157   406774    3.37%
  10311  8619    37009.8728   189    38219.0000    36930.8739   413963    3.37%
  10442  8740    37235.6129   131    38219.0000    36931.5159   422803    3.37%
* 10522+ 8155                        38055.0000    36931.6774             2.95%
  10522  8154    38055.0000     0    38055.0000    36931.6774   427420    2.95%
* 10622+ 8099                        38020.0000    36931.8235             2.86%
  10640  8115    36993.4827   194    38020.0000    36931.9864   433847    2.86%
  10843  8295    37153.4186   120    38020.0000    36932.3576   441347    2.86%
* 10962+ 7610                        37812.0000    36932.8474             2.33%
* 10962+ 7583                        37802.0000    36932.8474             2.30%
  10962  7585    37400.0696   158    37802.0000    36932.8474   446982    2.30%
Elapsed time = 60.74 sec. (81722.24 ticks, tree = 42.08 MB, solutions = 21)
  10963  7586    37037.8966   191    37802.0000    36932.9056   448114    2.30%
* 10964+ 7535                        37785.0000    36932.9056             2.26%
  10964  7537    37080.8577   217    37785.0000    36932.9164   448609    2.26%
  11088  7650    37100.0314   195    37785.0000    36933.8858   455908    2.25%
  11169  7717    37017.1903   187    37785.0000    36934.1111   463376    2.25%
  11324  7860    37045.9956   199    37785.0000    36935.0166   471496    2.25%
  11408  7923    37051.9428   183    37785.0000    36935.4389   479529    2.25%
  11492  7996    37050.5509   200    37785.0000    36935.8072   487819    2.25%
  11522  8022    37282.0099   163    37785.0000    36935.9154   490951    2.25%
  11725  8196    37123.9931   156    37785.0000    36936.9151   498563    2.24%
  11895  8352    37094.4096   132    37785.0000    36937.0213   506735    2.24%
Elapsed time = 68.99 sec. (94716.18 ticks, tree = 47.95 MB, solutions = 22)
  12026  8465    36996.3279   178    37785.0000    36937.5074   515150    2.24%
  12165  8591    37040.7438   166    37785.0000    36938.0611   522457    2.24%
  12364  8774    37476.8141    83    37785.0000    36938.6267   529410    2.24%
  12515  8900    37172.6053   189    37785.0000    36939.4752   536638    2.24%
  12667  9042    37697.3216   141    37785.0000    36939.9484   543832    2.24%
  12796  9162    37552.1227   183    37785.0000    36940.0159   550744    2.24%
  12900  9251    37010.8558   184    37785.0000    36940.3386   557732    2.24%
  13033  9369    37106.8278   172    37785.0000    36940.8595   566070    2.23%
  13191  9507    37101.7945   182    37785.0000    36941.1476   574331    2.23%
  13365  9668    37280.5882   121    37785.0000    36941.4904   582147    2.23%
Elapsed time = 74.81 sec. (104593.37 ticks, tree = 58.79 MB, solutions = 22)
  13522  9807    37372.8530   174    37785.0000    36941.7415   588152    2.23%
  13650  9918    37155.6193   178    37785.0000    36942.1031   594143    2.23%
  13732  9992    37332.1795   172    37785.0000    36942.1569   599693    2.23%
  13810 10057    37744.0000    90    37785.0000    36942.8169   607303    2.23%
  13922 10144    37146.3085   205    37785.0000    36943.4034   614155    2.23%
  14024 10229    37694.1206   135    37785.0000    36943.4586   621361    2.23%
  14123 10314    37122.1822   206    37785.0000    36944.1502   625646    2.23%
  14274 10448    37121.0210   208    37785.0000    36944.6545   632666    2.22%
  14402 10558    37015.1714   253    37785.0000    36944.9676   642122    2.22%
  14493 10643    37108.4436   190    37785.0000    36945.1120   648297    2.22%
Elapsed time = 81.69 sec. (115918.39 ticks, tree = 67.52 MB, solutions = 22)
  14639 10773    37068.0793   222    37785.0000    36945.2427   655541    2.22%
  14721 10843    37095.7448   208    37785.0000    36945.9953   661793    2.22%
  14790 10905    37136.6471   142    37785.0000    36946.0081   667569    2.22%
  14871 10977    37192.7647   138    37785.0000    36946.3307   673837    2.22%
  15037 11137    37128.0292   197    37785.0000    36946.4152   680346    2.22%
  15189 11277    37250.0733   216    37785.0000    36946.7763   687158    2.22%
  15304 11379    37069.4696   180    37785.0000    36947.3009   692689    2.22%
  15462 11510    37684.7067   158    37785.0000    36947.4520   698031    2.22%
* 15522+11341                        37758.0000    36947.7669             2.15%
  15522 11342    37675.0882   159    37758.0000    36947.7669   701777    2.15%
  15887 11655    37327.3031   168    37758.0000    36949.8653   726988    2.14%
Elapsed time = 90.09 sec. (129758.37 ticks, tree = 77.71 MB, solutions = 23)
  16255 11962    37380.1172   148    37758.0000    36951.0246   758522    2.14%
* 16522+11904                        37724.0000    36952.2416             2.05%
  16522 11906    37296.5789   134    37724.0000    36952.2416   774897    2.05%
  16897 12204    37109.0297   185    37724.0000    36954.5453   808855    2.04%
  17322 12560    37456.8026   199    37724.0000    36956.2971   844897    2.04%
  17691 12859    37247.7523   194    37724.0000    36958.7876   882883    2.03%
  18206 13308    37139.0449   200    37724.0000    36960.1565   920932    2.02%
  18522 13582    37084.9562   222    37724.0000    36960.8448   946189    2.02%
  19027 14009    37695.0366   154    37724.0000    36961.9763   982873    2.02%
  19393 14308    37184.0986   169    37724.0000    36963.4684  1014539    2.02%
  19559 14445    37436.0993   197    37724.0000    36964.0047  1028282    2.01%
Elapsed time = 114.51 sec. (169611.63 ticks, tree = 106.21 MB, solutions = 24)
  20021 14834    37225.5831   221    37724.0000    36966.1666  1061314    2.01%
  20366 15122    37269.6617   144    37724.0000    36967.0519  1093536    2.01%
  20703 15407    37471.1041   182    37724.0000    36968.2357  1122980    2.00%
  21084 15721    37711.8650   183    37724.0000    36970.7233  1155273    2.00%
  21482 16058    37558.2066   191    37724.0000    36972.6580  1193302    1.99%
  21730 16247    37339.9614   197    37724.0000    36973.7752  1229472    1.99%
  22192 16636    37512.7381   181    37724.0000    36974.2658  1265089    1.99%
  22561 16915    37392.0453   153    37724.0000    36975.8309  1301738    1.98%
  23060 17327    37471.8210   217    37724.0000    36977.9432  1340716    1.98%
  23522 17712    37232.9282   165    37724.0000    36979.0884  1378263    1.97%
Elapsed time = 137.92 sec. (208810.81 ticks, tree = 139.55 MB, solutions = 24)
  23955 18068    37349.7995   204    37724.0000    36980.4935  1415891    1.97%
  24370 18407    37085.9912   190    37724.0000    36981.9420  1449673    1.97%
  24522 18543    37440.3836   173    37724.0000    36982.3372  1465460    1.97%
  24870 18821    37346.9620   179    37724.0000    36983.4286  1499056    1.96%
  25191 19079    37265.8671   112    37724.0000    36984.7457  1533797    1.96%
  25612 19427    37334.1248   163    37724.0000    36985.5899  1567562    1.96%
  25953 19708    37162.5936   215    37724.0000    36986.8003  1600681    1.95%
  26333 20010    37378.0551   191    37724.0000    36988.4780  1634385    1.95%
  26522 20159    37071.3079   226    37724.0000    36989.7052  1647709    1.95%
  26959 20511    37262.3769   147    37724.0000    36991.6524  1682585    1.94%
Elapsed time = 162.32 sec. (248709.69 ticks, tree = 167.48 MB, solutions = 24)
  27377 20835    37470.1756   183    37724.0000    36992.9124  1717588    1.94%
  27688 21096    37061.5671   221    37724.0000    36993.2629  1739034    1.94%
  28207 21524        cutoff          37724.0000    36995.4341  1775393    1.93%
  28727 21943    37136.4037   235    37724.0000    36996.6548  1810415    1.93%
  29258 22395    37093.2604   197    37724.0000    36998.5304  1848063    1.92%
  29772 22832        cutoff          37724.0000    37000.0494  1884461    1.92%
  30175 23142    37207.0080   188    37724.0000    37001.5163  1923423    1.92%
  30499 23402    37362.7842   127    37724.0000    37002.2506  1960271    1.91%
  30972 23790    37402.0962   214    37724.0000    37003.0338  1994027    1.91%
  31422 24167    37542.0528   158    37724.0000    37004.1912  2026414    1.91%
Elapsed time = 185.24 sec. (286976.36 ticks, tree = 203.93 MB, solutions = 24)
  31859 24505        cutoff          37724.0000    37005.5377  2060699    1.90%
  32227 24801    37280.8172   176    37724.0000    37006.6518  2095519    1.90%
  32547 25067    37247.0222   145    37724.0000    37007.5010  2113797    1.90%
  32873 25336    37055.4657   189    37724.0000    37008.0861  2147686    1.90%
  33339 25716    37413.7349   200    37724.0000    37009.0825  2181264    1.90%
  33656 25994    37239.4496   164    37724.0000    37009.3370  2199463    1.89%
  33947 26226    37186.5072   193    37724.0000    37009.7894  2236437    1.89%
  34522 26718    37384.5364   194    37724.0000    37010.4874  2275024    1.89%
  34951 27063    37466.2410   174    37724.0000    37011.2771  2311826    1.89%
  35434 27450    37402.5000    95    37724.0000    37012.3667  2349303    1.89%
Elapsed time = 209.16 sec. (326014.28 ticks, tree = 236.61 MB, solutions = 24)
  35795 27730    37711.5848   192    37724.0000    37012.6004  2382420    1.89%
  36282 28126    37443.0961   154    37724.0000    37012.9798  2420710    1.88%
  36522 28329    37425.5959   175    37724.0000    37013.5071  2436102    1.88%
  37031 28751    37262.5343   169    37724.0000    37014.6104  2474923    1.88%
  37522 29178    37395.1134   160    37724.0000    37015.2257  2502972    1.88%
  37990 29565    37563.9610   183    37724.0000    37016.4034  2542703    1.88%
  38469 29933    37361.5070   192    37724.0000    37017.4237  2577299    1.87%
  38893 30285    37502.7079   167    37724.0000    37018.1894  2603778    1.87%
  39200 30510    37216.2204   180    37724.0000    37018.5356  2639111    1.87%
  39607 30838    37020.4713   208    37724.0000    37019.0578  2671259    1.87%
Elapsed time = 233.25 sec. (364835.66 ticks, tree = 270.32 MB, solutions = 24)
  40058 31201    37122.0184   184    37724.0000    37020.4432  2703635    1.87%
  40522 31603    37502.0000    63    37724.0000    37021.2664  2736218    1.86%
  41047 32015    37444.3065   186    37724.0000    37022.8197  2771101    1.86%
  41522 32402    37258.9571   128    37724.0000    37023.4870  2805102    1.86%
  41895 32689    37650.6013   198    37724.0000    37024.3083  2840783    1.85%
  42349 33039    37026.9802   173    37724.0000    37025.3629  2877434    1.85%
* 42522+31607                        37653.0000    37025.7167             1.67%
  42921 31932    37190.0864   164    37653.0000    37026.8002  2911636    1.66%
  43298 32219    37271.1687   201    37653.0000    37027.3844  2948414    1.66%
  43696 32532    37203.7365   149    37653.0000    37027.9965  2977562    1.66%
  44178 32934    37303.7322   197    37653.0000    37028.7101  3015525    1.66%
Elapsed time = 257.87 sec. (405254.96 ticks, tree = 294.02 MB, solutions = 25)
  44598 33280    37041.6543   220    37653.0000    37029.4596  3042682    1.66%
  45057 33653    37244.4897   134    37653.0000    37030.2291  3080634    1.65%
  45555 34040    37370.7085   205    37653.0000    37031.0544  3116384    1.65%
  45986 34386    37177.0780   186    37653.0000    37032.1375  3155632    1.65%
  46424 34696    37164.1453   181    37653.0000    37033.3618  3194962    1.65%
  46859 35050    37481.5215   184    37653.0000    37034.1977  3234320    1.64%
  47340 35404    37319.8889   118    37653.0000    37035.3387  3268934    1.64%
* 47522+10281                        37209.0000    37035.7288             0.47%
  47581 10289    37155.7907   189    37209.0000    37036.1328  3294672    0.46%
  47884 10418    37162.1012   192    37209.0000    37037.6869  3329344    0.46%
  48195 10529    37161.1837   192    37209.0000    37039.7351  3363797    0.45%
Elapsed time = 280.94 sec. (443548.17 ticks, tree = 93.56 MB, solutions = 26)
  48522 10671    37106.3421   240    37209.0000    37041.2300  3396316    0.45%
  48889 10818        cutoff          37209.0000    37043.7362  3429734    0.44%
  49341 11044    37152.9425   178    37209.0000    37045.6981  3461225    0.44%
  49693 11211    37172.7291   180    37209.0000    37047.3016  3489601    0.43%
  50037 11346    37188.0694   200    37209.0000    37049.1534  3522717    0.43%
  50437 11521        cutoff          37209.0000    37051.1987  3556112    0.42%
  50816 11653    37115.8225   231    37209.0000    37052.9602  3591595    0.42%
  51172 11807    37204.3750   131    37209.0000    37054.0192  3625345    0.42%
  51502 11889        cutoff          37209.0000    37055.7197  3662629    0.41%
  51842 11998    37142.3529   138    37209.0000    37057.2450  3697774    0.41%
Elapsed time = 304.67 sec. (482316.51 ticks, tree = 109.09 MB, solutions = 26)
  52240 12115    37207.1795   214    37209.0000    37058.9501  3733872    0.40%
  52621 12194    37123.3402   154    37209.0000    37060.6975  3770709    0.40%
  53091 12402        cutoff          37209.0000    37062.1465  3807652    0.39%
  53535 12542    37172.5882   101    37209.0000    37064.0472  3845324    0.39%
  53969 12626    37172.8868   188    37209.0000    37065.9965  3883371    0.38%
  54412 12745    37165.2167   126    37209.0000    37068.0749  3919685    0.38%
  54830 12851    37177.7846   203    37209.0000    37069.8230  3956579    0.37%
  55224 12963        cutoff          37209.0000    37071.2359  3991130    0.37%
  55657 13099    37092.7269   147    37209.0000    37072.8342  4023561    0.37%
  56002 13200    37101.5083   163    37209.0000    37074.0670  4057042    0.36%
Elapsed time = 327.85 sec. (520599.75 ticks, tree = 121.73 MB, solutions = 26)
  56473 13357    37143.4119   202    37209.0000    37075.2671  4091037    0.36%
  56958 13445    37143.7880   148    37209.0000    37076.7940  4125312    0.36%
  57356 13528    37159.5522   174    37209.0000    37078.7227  4158408    0.35%
  57848 13646        cutoff          37209.0000    37080.3209  4191305    0.35%
  58165 13682    37203.3569   178    37209.0000    37081.6231  4225135    0.34%
  58519 13746        cutoff          37209.0000    37082.6065  4260515    0.34%
  58887 13787        cutoff          37209.0000    37083.9201  4295539    0.34%
  59191 13836    37150.6804   151    37209.0000    37084.6718  4332062    0.33%
  59546 13881    37198.0000   118    37209.0000    37085.7689  4368963    0.33%
  59870 13927        cutoff          37209.0000    37086.6378  4407273    0.33%
Elapsed time = 350.84 sec. (559068.28 ticks, tree = 129.67 MB, solutions = 26)
  60273 14003    37107.0205   164    37209.0000    37088.0851  4443117    0.32%
  60721 14089        cutoff          37209.0000    37089.4387  4478360    0.32%
  61218 14239    37150.5222   177    37209.0000    37090.4969  4516040    0.32%
  61702 14391    37145.9342   202    37209.0000    37091.7452  4556669    0.32%
  62079 14409    infeasible          37209.0000    37092.7269  4595186    0.31%
  62564 14465    37105.3060   182    37209.0000    37094.4104  4632255    0.31%
  63120 14644    infeasible          37209.0000    37095.5524  4671426    0.30%
  63478 14732    37202.7585   181    37209.0000    37096.2483  4713863    0.30%
  64003 14848        cutoff          37209.0000    37097.5000  4752811    0.30%
  64513 14938        cutoff          37209.0000    37098.7751  4789069    0.30%
Elapsed time = 374.13 sec. (597340.01 ticks, tree = 140.46 MB, solutions = 26)
  64954 14950    37192.6145   180    37209.0000    37100.0901  4824538    0.29%
  65426 14991    37200.2459   143    37209.0000    37101.1486  4859793    0.29%
  65931 15185    37129.5899   167    37209.0000    37101.7991  4901577    0.29%
  66406 15317    37188.8660   152    37209.0000    37102.6157  4940026    0.29%
  66870 15365    37157.1429    96    37209.0000    37103.8832  4977196    0.28%
  67306 15337    37203.4825   187    37209.0000    37105.2432  5010779    0.28%
  67667 15380    37142.6110   176    37209.0000    37106.1557  5048273    0.28%
  67982 15380    37166.2353   115    37209.0000    37107.1095  5084495    0.27%
  68339 15389    37175.9764   141    37209.0000    37108.1636  5118124    0.27%
  68778 15402        cutoff          37209.0000    37109.2636  5153711    0.27%
Elapsed time = 397.30 sec. (635791.88 ticks, tree = 145.71 MB, solutions = 26)
  69247 15375        cutoff          37209.0000    37110.8078  5188928    0.26%
  69627 15370        cutoff          37209.0000    37111.6565  5226769    0.26%
  70067 15344    37127.9529   212    37209.0000    37112.7211  5264675    0.26%
  70449 15361    37184.6727   169    37209.0000    37113.5913  5304541    0.26%
  70891 15354    37178.4800   122    37209.0000    37114.7895  5340733    0.25%
  71426 15289    37133.5629   168    37209.0000    37116.3605  5377727    0.25%
  71757 15317        cutoff          37209.0000    37117.0406  5421077    0.25%
  72187 15374    37140.0319   198    37209.0000    37117.8415  5460634    0.24%
  72632 15375    37135.6602   160    37209.0000    37118.7552  5499409    0.24%
  73046 15316    37203.0000   117    37209.0000    37120.0588  5537272    0.24%
Elapsed time = 420.49 sec. (674143.05 ticks, tree = 145.49 MB, solutions = 26)
  73475 15309    37146.5901   201    37209.0000    37120.9942  5575421    0.24%
  73903 15230    37178.6121   178    37209.0000    37122.3465  5614184    0.23%
  74353 15183    37204.7393   178    37209.0000    37123.2524  5654512    0.23%
  74902 15164    37138.8502   165    37209.0000    37124.5735  5690738    0.23%
  75284 15148        cutoff          37209.0000    37125.4472  5726173    0.22%
  75618 15090    37138.1644   166    37209.0000    37126.0284  5762771    0.22%
  76044 15013    37197.7857   127    37209.0000    37127.0700  5799601    0.22%
  76524 14903        cutoff          37209.0000    37128.3164  5835286    0.22%
  77047 14814    37202.8084   135    37209.0000    37129.8330  5869049    0.21%
  77490 14707    37175.2459   176    37209.0000    37131.0645  5904690    0.21%
Elapsed time = 443.44 sec. (712446.85 ticks, tree = 140.51 MB, solutions = 26)
  77940 14624    37162.8222   147    37209.0000    37132.2819  5939326    0.21%
  78319 14527        cutoff          37209.0000    37133.2724  5974777    0.20%
  78686 14475    37168.9340   152    37209.0000    37134.0628  6011080    0.20%
  79139 14381        cutoff          37209.0000    37135.0877  6044826    0.20%
  79573 14239    37153.6840   178    37209.0000    37136.2579  6075836    0.20%
  79949 14122        cutoff          37209.0000    37137.2470  6111666    0.19%
  80332 14034    37183.9761   155    37209.0000    37138.0857  6149556    0.19%
  80701 13937    37176.1656   158    37209.0000    37139.0201  6187715    0.19%
  81219 13861        cutoff          37209.0000    37140.3531  6225329    0.18%
  81748 13700    37200.1667   156    37209.0000    37141.8824  6262252    0.18%
Elapsed time = 466.62 sec. (750813.65 ticks, tree = 131.40 MB, solutions = 26)
  82177 13586    37148.0539   172    37209.0000    37142.9048  6297288    0.18%
  82616 13431        cutoff          37209.0000    37143.9675  6336884    0.17%
  83191 13272        cutoff          37209.0000    37145.1232  6374443    0.17%
  83646 13093    37167.2201   160    37209.0000    37146.5260  6411329    0.17%
  84144 12914        cutoff          37209.0000    37147.7924  6450045    0.16%
  84670 12716    37170.7608   223    37209.0000    37149.3019  6488729    0.16%
  85118 12555    37181.8480   174    37209.0000    37150.4574  6524398    0.16%
  85634 12368    37172.1112   149    37209.0000    37151.6849  6562597    0.15%
  86150 12125    37155.8235   132    37209.0000    37153.2353  6600758    0.15%
  86617 11888        cutoff          37209.0000    37154.6026  6640706    0.15%
Elapsed time = 490.14 sec. (789070.74 ticks, tree = 114.56 MB, solutions = 26)
  87096 11679    37199.1538   143    37209.0000    37155.9000  6678302    0.14%
  87559 11462        cutoff          37209.0000    37157.1475  6714146    0.14%
  88146 11140    37204.9761   161    37209.0000    37159.0914  6749431    0.13%
  88687 10853    37177.8111   132    37209.0000    37160.9226  6784216    0.13%
  89212 10558    37195.8816   171    37209.0000    37162.4299  6817604    0.13%
  89688 10295    37166.6565   160    37209.0000    37163.6667  6850425    0.12%
  90284 10012        cutoff          37209.0000    37165.1649  6885993    0.12%
  90743  9762    37204.6543   126    37209.0000    37166.2253  6921825    0.11%
  91232  9537    37184.6718   122    37209.0000    37167.2201  6958752    0.11%
  91814  9188    37196.0453   210    37209.0000    37168.8982  6993504    0.11%
Elapsed time = 514.02 sec. (827483.75 ticks, tree = 89.33 MB, solutions = 26)
  92382  8817        cutoff          37209.0000    37170.4865  7028254    0.10%
  93088  8388    37184.5556   124    37209.0000    37172.6548  7062292    0.10%
  93795  7926    37183.6424   205    37209.0000    37175.1981  7094160    0.09%
  94488  7487        cutoff          37209.0000    37177.0000  7129007    0.09%
  95115  7035        cutoff          37209.0000    37178.6882  7168202    0.08%
  95805  6530        cutoff          37209.0000    37180.9999  7204094    0.08%
  96632  6122        cutoff          37209.0000    37183.4545  7243102    0.07%
  97356  5809    37185.3917   125    37209.0000    37185.3577  7284605    0.06%
  98194  5161    37189.0997   144    37209.0000    37188.0888  7320713    0.06%
  98999  4496    37205.2837   156    37209.0000    37191.3858  7355262    0.05%
Elapsed time = 538.12 sec. (865754.54 ticks, tree = 45.22 MB, solutions = 26)
  99945  3731    37197.0338   131    37209.0000    37194.9745  7391540    0.04%
 100851  3307    37198.0000    72    37209.0000    37198.0000  7433109    0.03%
 101355  3681    37198.0000    97    37209.0000    37198.0000  7484704    0.03%
 101958  3962    37198.0000    34    37209.0000    37198.0000  7546658    0.03%
*102126     0      integral     0    37198.0000    37198.0000  7555685    0.00%

Clique cuts applied:  80
Cover cuts applied:  530
Flow cuts applied:  19
Mixed integer rounding cuts applied:  224
Zero-half cuts applied:  56
Lift and project cuts applied:  1
Gomory fractional cuts applied:  9

Root node processing (before b&c):
  Real time             =    0.53 sec. (693.20 ticks)
Sequential b&c:
  Real time             =  547.71 sec. (880987.32 ticks)
                          ------------
Total (root+branch&cut) =  548.24 sec. (881680.53 ticks)
MIP: [1;32mCPLEX finished.[0m
MIP: [1;32mCPLEX status: Optimal[0m
MIP: [1;32mSolution: 
[27, 30, 13, 17, 3, 30, 7, 31, 10, 10, 8, 31, 14, 23, 26, 4, 3, 21, 10, 29, 0, 20, 3, 4, 26, 12, 25, 18, 4, 19, 21, 9, 25, 9, 0, 20, 21, 5, 10, 29, 17, 1, 10, 16, 8, 27, 11, 13, 5, 7, 28, 18, 14, 19, 21, 28, 7, 21, 1, 23][3, 13, -1, 14, 16, 2, -1, 15, 19, 13, 15, 20, 7, 20, 19, -1, 6, 0, 15, 2, 9, 18, -1, 3, -1, 18, 17, 14, 17, 9, 6, 7][12, -1, 5, 11, -1, -1, 3, 5, -1, 15, -1, -1, -1, 8, 15, 3, 11, 12, 10, 0, 0][0m
MIP: [1;32mObjective value: 37198[0m
MIP: [1;32mLower Bound: 37198[0m
MIP: [1;32mBranch-and-Bound nodes: 102127[0m

# best solution:
best objective value:	37198
best dual bound value:	37198
optimality gap:	0%
CPU time:	546.73
