ifile	/scratch/csagturk/mlbp_inst/n0060_m02__011.inst
prob	TNFMLBP
threads	1
ttime	900
instance: /scratch/csagturk/mlbp_inst/n0060_m02__011.inst
	m=2, n=[60, 36, 23]
MIP: [1;32minit CPLEX[0m
CAN: [1;35mcreated 2988 x_{ijk} and f_{ijk} variables[0m
CAN: [1;35mcreated 119 y_{ij} variables[0m
MIP: [1;32mcreated decision variables[0m
MIP: [1;32mcreated constraints[0m
MIP: [1;32mcreated objective function[0m
MIP: [1;32mcalling CPLEX solve ...[0m
Version identifier: 22.1.0.0 | 2022-03-09 | 1a383f8ce
CPXPARAM_Threads                                 1
CPXPARAM_TimeLimit                               900
Tried aggregator 2 times.
MIP Presolve eliminated 61 rows and 3322 columns.
MIP Presolve modified 194 coefficients.
Aggregator did 144 substitutions.
Reduced MIP has 371 rows, 2929 columns, and 5835 nonzeros.
Reduced MIP has 2821 binaries, 0 generals, 0 SOSs, and 72 indicators.
Presolve time = 0.02 sec. (20.54 ticks)
Probing fixed 0 vars, tightened 36 bounds.
Probing changed sense of 36 constraints.
Probing time = 0.02 sec. (14.45 ticks)
Tried aggregator 1 time.
Detecting symmetries...
MIP Presolve eliminated 216 rows and 252 columns.
Reduced MIP has 155 rows, 2677 columns, and 5331 nonzeros.
Reduced MIP has 2677 binaries, 0 generals, 0 SOSs, and 0 indicators.
Presolve time = 0.01 sec. (8.19 ticks)
Probing time = 0.00 sec. (2.54 ticks)
Clique table members: 867.
MIP emphasis: balance optimality and feasibility.
MIP search method: dynamic search.
Parallel mode: none, using 1 thread.
Root relaxation solution time = 0.01 sec. (8.87 ticks)

        Nodes                                         Cuts/
   Node  Left     Objective  IInf  Best Integer    Best Bound    ItCnt     Gap

      0     0    25852.8513    71                  25852.8513      554         
      0     0    25857.2851   118                   Cuts: 118      829         
      0     0    25859.7737   140                   Cuts: 131     1126         
      0     0    25859.9746   155                   Cuts: 124     1373         
      0     0    25862.2858   125                    Cuts: 47     1679         
      0     0    25862.2858   145                    Cuts: 90     1968         
*     0+    0                        31545.0000    25862.2858            18.01%
*     0+    0                        29238.0000    25862.2858            11.55%
*     0+    0                        28470.0000    25862.2858             9.16%
*     0+    0                        28408.0000    25862.2858             8.96%
      0     0  -1.00000e+75     0    28408.0000    25862.2858     1968    8.96%
      0     2    25862.2858    72    28408.0000    25862.9100     1968    8.96%
Elapsed time = 0.33 sec. (452.00 ticks, tree = 0.01 MB, solutions = 4)
    150   152    25924.2216    61    28408.0000    25863.4362     4605    8.96%
*   260+  260                        27975.0000    25863.4362             7.55%
*   260+  260                        27944.0000    25863.4362             7.45%
*   280+  280                        27897.0000    25863.4362             7.29%
*   340+  338                        27887.0000    25863.4362             7.26%
    410   405    infeasible          27887.0000    25863.4362     7330    7.26%
*   440+  424                        27716.0000    25863.4362             6.68%

Performing restart 1

Repeating presolve.
Tried aggregator 1 time.
MIP Presolve modified 49 coefficients.
Reduced MIP has 155 rows, 2677 columns, and 5331 nonzeros.
Reduced MIP has 2677 binaries, 0 generals, 0 SOSs, and 0 indicators.
Presolve time = 0.01 sec. (4.54 ticks)
Tried aggregator 1 time.
Reduced MIP has 155 rows, 2677 columns, and 5331 nonzeros.
Reduced MIP has 2677 binaries, 0 generals, 0 SOSs, and 0 indicators.
Presolve time = 0.01 sec. (5.72 ticks)
Represolve time = 0.04 sec. (35.59 ticks)
    550     0    25873.8986   120    27716.0000      Cuts: 95    10809    6.65%
    550     0    25880.4317   142    27716.0000     Cuts: 138    11201    6.62%
    550     0    25881.2711   162    27716.0000     Cuts: 138    11738    6.62%
    550     0    25881.2711   173    27716.0000     Cuts: 122    12116    6.62%
    550     0    25881.3425   156    27716.0000     Cuts: 102    12485    6.62%
    550     0    25886.2272   134    27716.0000     Cuts: 111    13004    6.60%
    550     0    25887.0244   157    27716.0000     Cuts: 138    13531    6.60%
    550     0    25887.0826   191    27716.0000     Cuts: 130    14358    6.60%
    550     0    25887.0826   195    27716.0000     Cuts: 100    14763    6.60%
    550     0    25887.1152   161    27716.0000      Cuts: 99    15022    6.60%
    550     0    25888.1727   174    27716.0000     Cuts: 102    15745    6.59%
    550     0    25889.7188   186    27716.0000     Cuts: 100    16104    6.59%
    550     0    25901.1222   170    27716.0000      Cuts: 93    16526    6.55%
    550     0    25906.2385   142    27716.0000      Cuts: 89    16763    6.53%
    550     0    25908.2521   159    27716.0000      Cuts: 79    17018    6.52%
    550     0    25909.7004   173    27716.0000      Cuts: 65    17316    6.52%
    550     0    25910.7491   145    27716.0000      Cuts: 50    17471    6.51%
    550     0    25910.9477   146    27716.0000      Cuts: 67    17600    6.51%
    550     0    25912.0807   144    27716.0000      Cuts: 45    17733    6.51%
*   550+    0                        27345.0000    25912.0807             5.24%
    550     0  -1.00000e+75     0    27345.0000    25912.0807    17733    5.24%
    550     2    25912.0807   117    27345.0000    25912.5356    17733    5.24%
    561    13    25942.8375   117    27345.0000    25915.6725    18045    5.23%
    574    26    25966.6548   101    27345.0000    25915.6725    18394    5.23%
    602    54    26331.6000    89    27345.0000    25915.6725    19031    5.23%
    678   130    26892.0000    27    27345.0000    25915.6725    20141    5.23%
    786   215    25938.1129   118    27345.0000    25918.3668    21188    5.22%
    825   253    26144.0629   101    27345.0000    25918.3668    22289    5.22%
   1259   645    26464.0000    29    27345.0000    25922.3964    29363    5.20%
Elapsed time = 3.97 sec. (5828.53 ticks, tree = 2.48 MB, solutions = 10)
   1550   926    27207.0000    16    27345.0000    25923.4884    34395    5.20%
   2217  1484    26680.0000    56    27345.0000    25928.1258    45188    5.18%
*  2550+ 1438                        27069.0000    25930.4529             4.21%
*  2550+ 1437                        27056.0000    25930.4529             4.16%
   2550  1439    26054.9751   109    27056.0000    25930.4529    49224    4.16%
*  3136  1900      integral     0    27043.0000    25931.1815    56288    4.11%
*  3236+ 1936                        26967.0000    25931.4231             3.84%
   3236  1938    25935.9212   124    26967.0000    25931.4231    58832    3.84%
   3937  2567    26680.0000    75    26967.0000    25933.2634    70345    3.83%
   4558  3123    25981.2272   119    26967.0000    25934.0435    82079    3.83%
   5226  3705    26908.0000    31    26967.0000    25934.2988    95773    3.83%
   6047  4461    25956.0371   114    26967.0000    25934.7005   105853    3.83%
   6842  5208    25942.1194    94    26967.0000    25934.9436   116974    3.83%
   7553  5888    26218.4545   100    26967.0000    25934.9968   129578    3.83%
Elapsed time = 10.29 sec. (15765.34 ticks, tree = 22.73 MB, solutions = 14)
   8244  6487    26148.3138    82    26967.0000    25935.7075   142443    3.82%
   8950  7110    26539.0000    74    26967.0000    25936.1708   153596    3.82%
   9647  7731    infeasible          26967.0000    25936.4781   164616    3.82%
  10298  8333    26680.0000    60    26967.0000    25936.7834   174844    3.82%
* 10550+ 8384                        26918.0000    25936.7932             3.65%
  10577  8401    26014.9039    83    26918.0000    25936.9811   181296    3.64%
* 10970+ 5074                        26618.0000    25937.3374             2.56%
* 10970+ 3743                        26532.0000    25937.3374             2.24%
* 10970+ 3543                        26503.0000    25937.3374             2.13%
* 10970+ 3258                        26429.0000    25937.3374             1.86%
* 10970+ 3212                        26417.0000    25937.3374             1.82%
  10970  3211    26417.0000     0    26417.0000    25937.3374   191792    1.82%
  10971  3212    25942.0172    97    26417.0000    25937.4381   191868    1.82%
  11462  3655    26009.6717   110    26417.0000    25938.2268   199610    1.81%
  11550  3730    25980.1826   102    26417.0000    25938.2371   202502    1.81%
  11966  4090    26048.2081   113    26417.0000    25939.4906   214334    1.81%
Elapsed time = 29.63 sec. (39756.76 ticks, tree = 16.25 MB, solutions = 20)
  12466  4521    25965.1453   112    26417.0000    25939.8421   224331    1.81%
  12787  4794    25961.3957   129    26417.0000    25940.2010   235937    1.80%
  13211  5142    25953.9245   122    26417.0000    25940.5825   246856    1.80%
  13642  5521    25959.9348   118    26417.0000    25940.9096   257855    1.80%
  14018  5847    26044.5938   111    26417.0000    25941.2890   270346    1.80%
  14356  6137    26094.7500   117    26417.0000    25941.5809   283594    1.80%
  14641  6378    25981.4340   109    26417.0000    25942.1268   293450    1.80%
  15071  6758    26301.2500    64    26417.0000    25942.3372   306077    1.80%
  15464  7095    26139.1144   102    26417.0000    25942.5533   318242    1.80%
  15704  7295    26047.3941   111    26417.0000    25942.7703   327614    1.80%
Elapsed time = 36.91 sec. (49345.43 ticks, tree = 29.21 MB, solutions = 20)
  16125  7655    26142.1573   102    26417.0000    25942.9673   340150    1.79%
  16452  7905    26064.7447   111    26417.0000    25943.2514   351257    1.79%
  16550  7989    25963.0939   126    26417.0000    25943.3739   353618    1.79%
  16805  8210    26077.7195    99    26417.0000    25943.7624   366224    1.79%
  17167  8522    26143.7551    99    26417.0000    25944.1088   377861    1.79%
  17373  8683    26162.0000    91    26417.0000    25944.2316   392005    1.79%
  17711  8970    26089.4230   101    26417.0000    25944.3559   403893    1.79%
  17960  9181    26081.0000   117    26417.0000    25944.5329   415939    1.79%
  18259  9423    25996.7199   114    26417.0000    25944.6755   427367    1.79%
  18549  9670    25996.4648   140    26417.0000    25944.8145   438505    1.79%
Elapsed time = 44.31 sec. (59177.69 ticks, tree = 39.69 MB, solutions = 20)
  18820  9880    26079.3098   114    26417.0000    25945.0927   449781    1.79%
  19182 10179    26051.4845   120    26417.0000    25945.2075   462433    1.79%
  19529 10471    26313.9706   105    26417.0000    25945.5229   473808    1.78%
  19550 10482    26041.2255   110    26417.0000    25945.6562   475236    1.78%
  19851 10724    26109.6453   132    26417.0000    25946.0489   488719    1.78%
  20195 11019    26035.9481   107    26417.0000    25946.2190   500209    1.78%
  20469 11245    26372.0000   119    26417.0000    25946.3021   514276    1.78%
  20844 11564    26044.3382   137    26417.0000    25946.5046   527948    1.78%
  21191 11852    26369.7468   104    26417.0000    25946.7112   538405    1.78%
  21374 11997        cutoff          26417.0000    25946.8090   552174    1.78%
Elapsed time = 51.72 sec. (69133.09 ticks, tree = 50.56 MB, solutions = 20)
  21606 12178    26102.1542   131    26417.0000    25946.9603   564170    1.78%

Performing restart 2

Repeating presolve.
Tried aggregator 1 time.
MIP Presolve eliminated 0 rows and 1 columns.
Reduced MIP has 155 rows, 2676 columns, and 5329 nonzeros.
Reduced MIP has 2676 binaries, 0 generals, 0 SOSs, and 0 indicators.
Presolve time = 0.01 sec. (4.31 ticks)
Tried aggregator 1 time.
Reduced MIP has 155 rows, 2676 columns, and 5329 nonzeros.
Reduced MIP has 2676 binaries, 0 generals, 0 SOSs, and 0 indicators.
Presolve time = 0.01 sec. (5.72 ticks)
Represolve time = 0.18 sec. (114.05 ticks)
  21610     0    25916.5436   166    26417.0000      Cuts: 87   566502    1.78%
  21610     0    25916.9650   154    26417.0000      Cuts: 92   566788    1.78%
  21610     0    25917.6837   165    26417.0000     Cuts: 110   567127    1.78%
  21610     0    25918.2959   153    26417.0000      Cuts: 68   567406    1.78%
  21610     0    25918.2959   186    26417.0000      Cuts: 79   567633    1.78%
  21610     0    25918.2959   161    26417.0000      Cuts: 54   567856    1.78%
  21610     0    25918.4548   144    26417.0000      Cuts: 74   568171    1.78%
  21610     0    25918.4548   145    26417.0000      Cuts: 92   568358    1.78%
  21610     0    25918.4548   133    26417.0000      Cuts: 55   568545    1.78%
  21610     0    25918.4548   139    26417.0000      Cuts: 82   568763    1.78%
  21610     0    25918.4548   142    26417.0000      Cuts: 37   568908    1.78%
  21610     0    25918.4548   132    26417.0000      Cuts: 46   569023    1.78%
  21610     2    25918.4548   102    26417.0000    25946.9603   569023    1.78%
  21657    46    26137.5943   106    26417.0000    25946.9603   570211    1.78%
  21709    89    26293.3932   117    26417.0000    25946.9603   572937    1.78%
  21782   147    25952.9112   119    26417.0000    25946.9603   575503    1.78%
  21884   226    25951.1514   113    26417.0000    25946.9603   578875    1.78%
  21996   325    26158.0960   118    26417.0000    25946.9603   581527    1.78%
  22154   454    26006.3222   130    26417.0000    25946.9603   584574    1.78%
  22317   591    26365.7895   114    26417.0000    25946.9603   589204    1.78%
  22578   812    25997.8895   114    26417.0000    25946.9603   595146    1.78%
Elapsed time = 59.89 sec. (79965.06 ticks, tree = 2.80 MB, solutions = 20)
  22808  1032    26388.0000    90    26417.0000    25946.9603   601109    1.78%
  23048  1242    26319.8333    77    26417.0000    25946.9603   609732    1.78%
  23354  1500    26006.4914   127    26417.0000    25948.5151   616653    1.77%
  23710  1767    25968.8062   110    26417.0000    25951.2121   623823    1.76%
  24036  2012    26406.0000    51    26417.0000    25951.9212   630411    1.76%
  24317  2255    26037.6053   119    26417.0000    25952.0813   637551    1.76%
  24605  2497    26055.1983   116    26417.0000    25953.0187   646069    1.76%
  24919  2778    26408.0000    28    26417.0000    25953.5050   654177    1.75%
  25156  2964    25980.2923   136    26417.0000    25954.2139   662591    1.75%
  25367  3141    26391.0000    36    26417.0000    25955.7452   669105    1.75%
Elapsed time = 67.29 sec. (89533.87 ticks, tree = 11.26 MB, solutions = 20)
  25594  3300    26267.9728   114    26417.0000    25956.3679   677404    1.74%
  25836  3502    26139.0729   125    26417.0000    25957.1521   685877    1.74%
  26118  3753    26034.1201   116    26417.0000    25957.4485   693862    1.74%
  26351  3949    26054.6474   132    26417.0000    25957.9081   701456    1.74%
  26582  4139    26055.8022   121    26417.0000    25958.5296   708186    1.74%
  26610  4158    26072.2830   119    26417.0000    25958.5305   709094    1.74%
  26791  4297    26339.0000    94    26417.0000    25959.2345   717402    1.73%
  27030  4515    25974.6275   119    26417.0000    25959.8537   725004    1.73%
  27227  4690    26340.5000   114    26417.0000    25960.1886   735407    1.73%
  27401  4821    26022.8482   122    26417.0000    25960.3282   744128    1.73%
Elapsed time = 75.19 sec. (99712.33 ticks, tree = 18.72 MB, solutions = 20)
  27619  5004    26164.0438   128    26417.0000    25961.1200   752830    1.73%
  27850  5200    26195.2933   120    26417.0000    25961.4050   760606    1.72%
  28004  5305    26083.7333   134    26417.0000    25962.4493   770884    1.72%
  28196  5453    25971.4849   136    26417.0000    25963.4626   780685    1.72%
  28394  5616    26154.7692   120    26417.0000    25964.2413   790020    1.71%
  28774  5956    26007.5000   114    26417.0000    25964.8963   798605    1.71%
  28992  6133    26078.0045   124    26417.0000    25965.4343   809132    1.71%
  29193  6302    26272.0000    31    26417.0000    25965.8067   817975    1.71%
  29397  6477    26032.1984   134    26417.0000    25966.5548   826677    1.71%
  30052  7012    26076.8783   139    26417.0000    25967.4417   858978    1.70%
Elapsed time = 84.84 sec. (112218.07 ticks, tree = 29.44 MB, solutions = 20)
  30608  7447        cutoff          26417.0000    25969.0894   891243    1.70%
  30975  7735    26066.9166   119    26417.0000    25971.1370   913443    1.69%
  31611  8254    26101.1502   129    26417.0000    25972.3488   945890    1.68%
  32460  8967    26339.0000    33    26417.0000    25973.9309   980133    1.68%
  33041  9430        cutoff          26417.0000    25976.1484  1011360    1.67%
  33480  9767    26338.0000    48    26417.0000    25976.8233  1038767    1.67%
  34148 10349    26188.6358   131    26417.0000    25977.7144  1066885    1.66%
  34610 10744    26338.0000    20    26417.0000    25978.4455  1086656    1.66%
  35244 11271    26335.8000   104    26417.0000    25979.4088  1118083    1.66%
  35912 11860    26031.5626   156    26417.0000    25979.7393  1148981    1.66%
Elapsed time = 111.00 sec. (150929.56 ticks, tree = 60.22 MB, solutions = 20)
  36718 12549    25994.6789   147    26417.0000    25980.2457  1179773    1.65%
  37284 13024    26203.4200    94    26417.0000    25981.3440  1212033    1.65%
  37818 13485    26032.7656   147    26417.0000    25982.2340  1240124    1.65%
  38347 13936    infeasible          26417.0000    25982.8717  1266372    1.64%
  38963 14467        cutoff          26417.0000    25983.1442  1296710    1.64%
  39459 14886    26132.9755   153    26417.0000    25984.4685  1328957    1.64%
  40050 15383    26126.9675   161    26417.0000    25984.8472  1360892    1.64%
  40610 15885    26051.2496   140    26417.0000    25985.3412  1383584    1.63%
  41046 16232    26207.9808   151    26417.0000    25985.9414  1411181    1.63%
  41531 16616    26260.4301   170    26417.0000    25986.8251  1444873    1.63%
Elapsed time = 134.68 sec. (189544.40 ticks, tree = 97.57 MB, solutions = 20)
  41923 16950    26352.4789   110    26417.0000    25987.4316  1475409    1.63%
  42360 17310    26016.4152   148    26417.0000    25988.3952  1505255    1.62%
  42615 17529    26091.0825   135    26417.0000    25988.9361  1523562    1.62%
  43239 18066    26047.0000    40    26417.0000    25989.9618  1555981    1.62%
  43634 18374    26129.9424   137    26417.0000    25991.2601  1589106    1.61%
  44195 18829    26047.5415   132    26417.0000    25992.3333  1625779    1.61%
  44610 19157    26145.4083   165    26417.0000    25993.1991  1651663    1.60%
  45194 19644    26078.4809   151    26417.0000    25994.5714  1689490    1.60%
  45811 20175    26028.0531   131    26417.0000    25995.2177  1725065    1.60%
  46376 20655    26414.0000   128    26417.0000    25995.6045  1758438    1.60%
Elapsed time = 158.37 sec. (228295.72 ticks, tree = 132.42 MB, solutions = 20)
  46812 21016    26166.8156   137    26417.0000    25996.0491  1790468    1.59%
  47425 21556    26195.3783   128    26417.0000    25996.6875  1820173    1.59%
  47835 21901    26120.0000   175    26417.0000    25997.5714  1845968    1.59%
  48301 22275    26186.4596   147    26417.0000    25998.1941  1879314    1.59%
  48633 22521    26109.3772   125    26417.0000    25998.4455  1904180    1.58%
  49317 23088    26082.5860   156    26417.0000    25999.3494  1944428    1.58%
  49929 23589    26357.5714   113    26417.0000    26000.1432  1983249    1.58%
  50427 23982    26082.1154   206    26417.0000    26000.8874  2023504    1.58%
  50909 24378    26126.3290   177    26417.0000    26001.3677  2054937    1.57%
  51381 24779    26050.1343   127    26417.0000    26001.9721  2086502    1.57%
Elapsed time = 181.64 sec. (266585.52 ticks, tree = 168.03 MB, solutions = 20)
  51880 25179    26082.9653   136    26417.0000    26002.5592  2118361    1.57%
  52620 25817        cutoff          26417.0000    26003.1512  2150707    1.57%
  53124 26218    26294.0000    64    26417.0000    26003.7627  2186234    1.56%
  53766 26740    26406.2302   124    26417.0000    26004.3552  2223276    1.56%
  54345 27190    26239.7222   131    26417.0000    26004.9600  2261263    1.56%
  54679 27455    26303.1633   115    26417.0000    26005.3411  2287682    1.56%
  55295 27960    26138.5263   109    26417.0000    26006.0000  2328427    1.56%
  56369 28852    26074.4449    80    26417.0000    26006.0000  2373618    1.56%
* 56390     0      integral     0    26006.0000    26006.0000  2375108    0.00%

Clique cuts applied:  75
Cover cuts applied:  480
Flow cuts applied:  11
Mixed integer rounding cuts applied:  132
Zero-half cuts applied:  58
Lift and project cuts applied:  3
Gomory fractional cuts applied:  18

Root node processing (before b&c):
  Real time             =    0.33 sec. (453.10 ticks)
Sequential b&c:
  Real time             =  200.31 sec. (296942.76 ticks)
                          ------------
Total (root+branch&cut) =  200.63 sec. (297395.87 ticks)
MIP: [1;32mCPLEX finished.[0m
MIP: [1;32mCPLEX status: Optimal[0m
MIP: [1;32mSolution: 
[20, 14, 35, 31, 32, 31, 33, 17, 24, 18, 1, 18, 11, 7, 20, 0, 4, 27, 11, 13, 34, 30, 21, 19, 35, 23, 13, 16, 14, 22, 14, 19, 17, 12, 23, 24, 4, 27, 12, 21, 5, 10, 20, 30, 5, 11, 10, 29, 1, 33, 15, 32, 27, 34, 29, 27, 13, 7, 24, 34][15, 8, -1, -1, 22, 0, -1, 4, -1, -1, 3, 16, 1, 9, 18, 4, 10, 11, 22, 3, 15, 1, 9, 6, 6, -1, -1, 11, -1, 10, 17, 18, 0, 8, 16, 17][0m
MIP: [1;32mObjective value: 26006[0m
MIP: [1;32mLower Bound: 26006[0m
MIP: [1;32mBranch-and-Bound nodes: 56391[0m

# best solution:
best objective value:	26006
best dual bound value:	26006
optimality gap:	0%
CPU time:	200.044
