ifile	/scratch/csagturk/mlbp_inst/n0060_m02__001.inst
prob	TNFMLBP
threads	1
ttime	900
instance: /scratch/csagturk/mlbp_inst/n0060_m02__001.inst
	m=2, n=[60, 36, 25]
MIP: [1;32minit CPLEX[0m
CAN: [1;35mcreated 3060 x_{ijk} and f_{ijk} variables[0m
CAN: [1;35mcreated 121 y_{ij} variables[0m
MIP: [1;32mcreated decision variables[0m
MIP: [1;32mcreated constraints[0m
MIP: [1;32mcreated objective function[0m
MIP: [1;32mcalling CPLEX solve ...[0m
Version identifier: 22.1.0.0 | 2022-03-09 | 1a383f8ce
CPXPARAM_Threads                                 1
CPXPARAM_TimeLimit                               900
Tried aggregator 2 times.
MIP Presolve eliminated 61 rows and 3445 columns.
MIP Presolve modified 247 coefficients.
Aggregator did 144 substitutions.
Reduced MIP has 373 rows, 2952 columns, and 5879 nonzeros.
Reduced MIP has 2844 binaries, 0 generals, 0 SOSs, and 70 indicators.
Presolve time = 0.02 sec. (20.28 ticks)
Probing fixed 0 vars, tightened 36 bounds.
Probing changed sense of 36 constraints.
Probing time = 0.02 sec. (15.10 ticks)
Tried aggregator 1 time.
Detecting symmetries...
MIP Presolve eliminated 216 rows and 252 columns.
Reduced MIP has 157 rows, 2700 columns, and 5375 nonzeros.
Reduced MIP has 2700 binaries, 0 generals, 0 SOSs, and 0 indicators.
Presolve time = 0.01 sec. (8.47 ticks)
Probing time = 0.00 sec. (2.54 ticks)
Clique table members: 711.
MIP emphasis: balance optimality and feasibility.
MIP search method: dynamic search.
Parallel mode: none, using 1 thread.
Root relaxation solution time = 0.00 sec. (7.40 ticks)

        Nodes                                         Cuts/
   Node  Left     Objective  IInf  Best Integer    Best Bound    ItCnt     Gap

      0     0    27783.3271    75                  27783.3271      408         
      0     0    27805.4260   124                    Cuts: 93      673         
      0     0    27805.5795   146                   Cuts: 139     1034         
      0     0    27805.8238   136                    Cuts: 86     1304         
      0     0    27806.3015   154                   Cuts: 105     1639         
*     0+    0                        35183.0000    27806.3015            20.97%
*     0+    0                        32754.0000    27806.3015            15.11%
      0     0  -1.00000e+75     0    32754.0000    27806.3015     1639   15.11%
      0     2    27806.3015    72    32754.0000    27806.3015     1639   15.11%
Elapsed time = 0.30 sec. (369.18 ticks, tree = 0.01 MB, solutions = 2)
*    50+   50                        31215.0000    27806.3015            10.92%
*    80+   80                        31103.0000    27806.3015            10.60%
*    90+   90                        29490.0000    27806.3015             5.71%
    180   175    28366.7659    37    29490.0000    27806.3015     3918    5.71%
    437   427    27807.4699    45    29490.0000    27806.3015     6875    5.71%
*   492+  477                        29262.0000    27806.3015             4.97%
    492   479    27806.5455    79    29262.0000    27806.3015     8100    4.97%

Performing restart 1

Repeating presolve.
Tried aggregator 1 time.
MIP Presolve modified 455 coefficients.
Reduced MIP has 157 rows, 2700 columns, and 5375 nonzeros.
Reduced MIP has 2700 binaries, 0 generals, 0 SOSs, and 0 indicators.
Presolve time = 0.01 sec. (6.80 ticks)
Tried aggregator 1 time.
MIP Presolve modified 426 coefficients.
Reduced MIP has 157 rows, 2700 columns, and 5375 nonzeros.
Reduced MIP has 2700 binaries, 0 generals, 0 SOSs, and 0 indicators.
Presolve time = 0.01 sec. (8.10 ticks)
Represolve time = 0.05 sec. (38.52 ticks)
    602     0    27800.3029   123    29262.0000      Cuts: 91    10833    4.97%
    602     0    27805.9650   105    29262.0000     Cuts: 111    11150    4.97%
    602     0    27807.1050   139    29262.0000     Cuts: 104    11656    4.97%
    602     0    27807.3799   166    29262.0000      Cuts: 92    12025    4.97%
    602     0    27808.7697   165    29262.0000     Cuts: 100    12423    4.97%
    602     0    27809.9013   155    29262.0000      Cuts: 99    12777    4.96%
    602     0    27810.6209   161    29262.0000     Cuts: 114    13170    4.96%
    602     0    27811.3556   145    29262.0000     Cuts: 131    13418    4.96%
    602     0    27811.5769   151    29262.0000     Cuts: 112    13678    4.96%
    602     0    27811.6542   157    29262.0000      Cuts: 94    13957    4.96%
    602     0    27811.7767   161    29262.0000      Cuts: 78    14206    4.96%
    602     0    27812.1530   145    29262.0000      Cuts: 51    14405    4.95%
    602     0    27812.2102   165    29262.0000      Cuts: 84    14688    4.95%
    602     0    27812.9755   147    29262.0000      Cuts: 59    14940    4.95%
    602     0    27817.3311   158    29262.0000      Cuts: 93    15360    4.94%
    602     0    27817.5886   141    29262.0000      Cuts: 82    15671    4.94%
    602     0    27817.6539   151    29262.0000      Cuts: 77    15861    4.94%
    602     0    27817.7873   166    29262.0000      Cuts: 66    16108    4.94%
*   602+    0                        28858.0000    27817.7873             3.60%
    602     2    27817.7873   134    28858.0000    27818.0624    16108    3.60%
    608     8    27820.3272   140    28858.0000    27819.8369    16559    3.60%
    616    16    27843.3317    99    28858.0000    27820.4317    16889    3.60%
    625    25    27874.5067    99    28858.0000    27820.4317    18057    3.60%
    648    48    28054.0000    83    28858.0000    27820.4317    18683    3.60%
    696    95    28773.0000    64    28858.0000    27820.4317    20201    3.60%
    765   156    28144.4444    70    28858.0000    27821.0697    22631    3.59%
Elapsed time = 4.66 sec. (6419.30 ticks, tree = 0.62 MB, solutions = 7)
    802   192    28827.0000    54    28858.0000    27821.0697    24914    3.59%
   1152   464    28219.2036    95    28858.0000    27822.1086    31252    3.59%
   1532   829    28810.0000    44    28858.0000    27824.3298    40438    3.58%
   1805  1069    28243.2353    53    28858.0000    27825.2895    49092    3.58%
   2209  1437    28077.0000    72    28858.0000    27828.6807    58286    3.57%
   2674  1831    27953.7310   112    28858.0000    27829.9769    69530    3.56%
   3102  2241    28230.0000    87    28858.0000    27830.9263    80087    3.56%
   3563  2659    27843.5124   119    28858.0000    27831.4230    90656    3.56%
   4017  3097    28065.1538    80    28858.0000    27832.3642   101004    3.55%
   4421  3469    28147.3863   135    28858.0000    27833.3947   111810    3.55%
Elapsed time = 10.75 sec. (16004.39 ticks, tree = 14.82 MB, solutions = 7)
   4896  3907    28024.4799   104    28858.0000    27833.6351   121771    3.55%
   5209  4183    28192.0000    85    28858.0000    27834.6347   133860    3.55%
   5785  4704    27854.2635   129    28858.0000    27835.2673   144384    3.54%
   6407  5230    28200.3333    75    28858.0000    27836.3378   154992    3.54%
   6869  5665    28230.0000    74    28858.0000    27838.2161   165749    3.53%
   7403  6147    27859.6743   122    28858.0000    27838.6095   176059    3.53%
   7957  6663    28243.3077    79    28858.0000    27838.7736   185640    3.53%
   8463  7115    28217.8421    66    28858.0000    27838.9343   196764    3.53%
   9030  7607    27849.9732   141    28858.0000    27839.2002   207260    3.53%
   9509  8011    28011.3077    86    28858.0000    27839.7781   217731    3.53%
Elapsed time = 16.65 sec. (25576.11 ticks, tree = 34.82 MB, solutions = 7)
   9850  8321    27858.2699   111    28858.0000    27839.9200   228588    3.53%
* 10422+ 7524                        28682.0000    27840.1787             2.94%
* 10422+ 7197                        28635.0000    27840.1787             2.78%
* 10422+ 7078                        28584.0000    27840.1787             2.60%
* 10422+ 7012                        28573.0000    27840.1787             2.56%
* 10422+ 6968                        28555.0000    27840.1787             2.50%
* 10422+ 6461                        28466.0000    27840.1787             2.20%
* 10422+ 6444                        28460.0000    27840.1787             2.18%
* 10422+ 6051                        28446.0000    27840.1787             2.13%
* 10422+ 6034                        28439.0000    27840.1787             2.11%
* 10422+ 5959                        28419.0000    27840.1787             2.04%
* 10422+ 4208                        28292.0000    27840.1787             1.60%
  10422  4206    28292.0000     0    28292.0000    27840.1787   238078    1.60%
  10673  4432    27876.2382   128    28292.0000    27841.0767   248560    1.59%
  10956  4704    28195.2667    86    28292.0000    27841.6418   258828    1.59%
  11406  5128    27862.2672   126    28292.0000    27842.3611   268740    1.59%
  11697  5394    27987.3465   107    28292.0000    27842.4614   280226    1.59%
  11959  5615    27845.6607   130    28292.0000    27842.7867   289339    1.59%
  12313  5933    27843.2177   125    28292.0000    27842.9344   299639    1.59%
  12700  6297    27845.0504   142    28292.0000    27843.0625   308377    1.59%
  13057  6628    28206.0000    84    28292.0000    27843.2926   319094    1.59%
Elapsed time = 37.09 sec. (50379.54 ticks, tree = 30.31 MB, solutions = 18)
  13320  6868    27868.0541   146    28292.0000    27843.6641   330314    1.58%
  13659  7185    27864.6655   133    28292.0000    27844.3195   342338    1.58%
* 13702+ 6716                        28263.0000    27844.3581             1.48%
  13702  6718    28024.6429    72    28263.0000    27844.3581   344334    1.48%
  14122  7113    28226.0000    61    28263.0000    27844.5079   354907    1.48%
  14449  7414    27868.7201   121    28263.0000    27844.8706   365685    1.48%
  14772  7715    27943.8176   121    28263.0000    27845.3066   376516    1.48%
  15134  8044    28020.0000    78    28263.0000    27845.7888   388171    1.48%
  15538  8415    27866.8170   143    28263.0000    27846.2254   398595    1.47%
  15860  8710    27867.6072   106    28263.0000    27846.3781   409634    1.47%
  16093  8910    28036.1783   115    28263.0000    27846.8321   421236    1.47%
Elapsed time = 43.81 sec. (60797.60 ticks, tree = 42.13 MB, solutions = 19)
  16202  9008    28034.0514   118    28263.0000    27846.8669   426925    1.47%
  16435  9208    27977.2421   111    28263.0000    27847.1180   436034    1.47%
  16626  9371    27903.5598   139    28263.0000    27847.3748   446361    1.47%
  16981  9703    28146.6667    93    28263.0000    27847.6061   458314    1.47%
  17228  9915    27892.8535   124    28263.0000    27847.9639   468503    1.47%
  17439 10094    27853.4113   123    28263.0000    27848.4616   478532    1.47%
  17734 10360    infeasible          28263.0000    27848.6751   488619    1.47%
  17938 10539    27862.8788   101    28263.0000    27848.8733   498753    1.47%
  18233 10821    27970.5528   109    28263.0000    27849.0813   508459    1.46%
  18432 10992    28028.4986   128    28263.0000    27849.3518   518757    1.46%
Elapsed time = 50.59 sec. (71609.41 ticks, tree = 53.18 MB, solutions = 19)
  18613 11155    28209.0000    67    28263.0000    27850.1600   528231    1.46%
  18776 11300    27944.8327   125    28263.0000    27850.3853   539430    1.46%
  19081 11584    27965.0741   132    28263.0000    27850.6361   549771    1.46%
  19302 11783    27995.6583   124    28263.0000    27850.8505   559970    1.46%
  19526 11983    27868.4928   131    28263.0000    27850.9362   569872    1.46%
  19737 12163    27920.7352   125    28263.0000    27851.2840   579400    1.46%
  19995 12398    28070.5894   110    28263.0000    27851.4727   591174    1.46%
  20336 12712    27979.6865    90    28263.0000    27851.6263   601709    1.46%
  20610 12964    28073.0000    76    28263.0000    27851.9831   610759    1.45%
  20811 13142    27875.2670   143    28263.0000    27852.1651   619801    1.45%
Elapsed time = 56.36 sec. (81202.68 ticks, tree = 65.15 MB, solutions = 19)
  20902 13219    27949.3551   152    28263.0000    27852.3642   624464    1.45%
  21026 13316    28013.0244   132    28263.0000    27852.4733   634060    1.45%
  21194 13457    27884.0203   154    28263.0000    27852.6846   643519    1.45%
  21505 13750    27891.9318   153    28263.0000    27852.9357   655716    1.45%
  21641 13866    27909.5919   133    28263.0000    27853.2104   665535    1.45%
  21826 14024    27897.0050   143    28263.0000    27853.2512   675908    1.45%
  22072 14253    28185.0000    57    28263.0000    27853.6208   687736    1.45%
  22215 14381    27947.4644   133    28263.0000    27853.7162   697369    1.45%
  22357 14498        cutoff          28263.0000    27853.8344   707796    1.45%
  22562 14686    27884.1737   161    28263.0000    27853.9825   721343    1.45%
Elapsed time = 63.22 sec. (92042.04 ticks, tree = 74.64 MB, solutions = 19)
  22778 14882    27876.5872   123    28263.0000    27854.0423   733031    1.45%
  22913 15007    28036.0000    97    28263.0000    27854.3951   741807    1.45%
  23186 15251    27872.0410   127    28263.0000    27854.6885   754052    1.44%
  23422 15466    28094.0000    72    28263.0000    27854.7437   764496    1.44%
  23589 15617    28116.8163   119    28263.0000    27855.1461   775877    1.44%
  23868 15861    28185.0000   100    28263.0000    27855.3060   786110    1.44%
  24177 16154    28022.1204   110    28263.0000    27855.3917   798286    1.44%
  24302 16254    28232.8322    68    28263.0000    27855.5661   806223    1.44%
  24426 16363    28260.0000    53    28263.0000    27855.5933   817271    1.44%
  24714 16606    28019.0000    51    28263.0000    27855.6835   828485    1.44%
Elapsed time = 69.26 sec. (101731.16 ticks, tree = 87.90 MB, solutions = 19)
  24907 16786    27915.2474   136    28263.0000    27855.8379   838605    1.44%
  25069 16938    28061.4134   148    28263.0000    27855.8859   847905    1.44%
  25196 17056    28256.3333   130    28263.0000    27855.8859   855773    1.44%
  25369 17212    27903.2935   153    28263.0000    27855.8859   864886    1.44%
  25528 17357    27875.0012   194    28263.0000    27855.8859   875538    1.44%
  25602 17417    28024.8588   158    28263.0000    27855.8983   880709    1.44%
  25787 17579    28201.8750   119    28263.0000    27855.9853   891439    1.44%
  26000 17753    28071.0000    85    28263.0000    27856.0890   900898    1.44%
  26128 17866    27981.7699   156    28263.0000    27856.0953   910485    1.44%
  26919 18549    infeasible          28263.0000    27856.3097   949809    1.44%
Elapsed time = 77.67 sec. (115224.61 ticks, tree = 100.95 MB, solutions = 19)
  27674 19222    27865.4000   140    28263.0000    27856.9026   992612    1.44%
  28265 19749    27908.5070   144    28263.0000    27857.2302  1031628    1.44%
  28609 20050    27890.0344   163    28263.0000    27857.7192  1054284    1.43%
  29429 20808    28194.0000    83    28263.0000    27858.2534  1097232    1.43%
  30012 21315    28167.1538   105    28263.0000    27858.9491  1140355    1.43%
  30812 22035    27867.0678   151    28263.0000    27859.2497  1181990    1.43%
* 31402+11730                        28118.0000    27859.4667             0.92%
  31402 11729    28118.0000     0    28118.0000    27859.4667  1218445    0.92%
  31781 12030    28078.0000    95    28118.0000    27859.8283  1254955    0.92%
* 32002+ 9120                        28078.0000    27860.2823             0.78%
  32002  9119    28078.0000     0    28078.0000    27860.2823  1284979    0.78%
  32202  9296    27970.4882   128    28078.0000    27860.4575  1307911    0.77%
Elapsed time = 104.60 sec. (156375.09 ticks, tree = 55.55 MB, solutions = 21)
  32572  9583    28062.6469   119    28078.0000    27860.9590  1343240    0.77%
  32863  9798    27957.8430   156    28078.0000    27861.5057  1375305    0.77%
  33287 10159    27873.5179   158    28078.0000    27861.7470  1410721    0.77%
  33818 10616    28073.0000    77    28078.0000    27862.1548  1447130    0.77%
* 34102+10209                        28073.0000    27862.3420             0.75%
  34159 10248    27913.1597   143    28073.0000    27862.6381  1479858    0.75%
* 34202+ 9918                        28065.0000    27862.7029             0.72%
  34295  9993    27912.9512   127    28065.0000    27862.7680  1498688    0.72%
  34720 10333    27911.4540   156    28065.0000    27863.2028  1529981    0.72%
  35169 10728    27925.0898   169    28065.0000    27863.4684  1568910    0.72%
  35463 10918    27887.0940   201    28065.0000    27863.9551  1609240    0.72%
  35634 11043    27890.3143   170    28065.0000    27864.2160  1635312    0.72%
Elapsed time = 130.26 sec. (194673.80 ticks, tree = 72.55 MB, solutions = 23)
  35990 11318    27917.0169   187    28065.0000    27864.3961  1679605    0.71%
  36375 11608    27894.2128   168    28065.0000    27864.8243  1723330    0.71%
  36756 11913    28049.0909   179    28065.0000    27865.0975  1766285    0.71%
  36907 12032    27885.6405   170    28065.0000    27865.3177  1785703    0.71%
  37270 12326    28020.4922   121    28065.0000    27865.6074  1825129    0.71%
  37638 12617    28041.7573   122    28065.0000    27866.0728  1865537    0.71%
  37989 12876    28003.0000   109    28065.0000    27866.5164  1905987    0.71%
  38357 13133        cutoff          28065.0000    27867.1096  1945660    0.71%
* 38402+10259                        28029.0000    27867.2917             0.58%
  38555 10374        cutoff          28029.0000    27867.5422  1963968    0.58%
  38917 10629    27908.7861   208    28029.0000    27868.1612  2002909    0.57%
Elapsed time = 155.24 sec. (233259.66 ticks, tree = 73.54 MB, solutions = 24)
  39065 10714    27984.4474   105    28029.0000    27868.3611  2031752    0.57%
  39320 10900    27891.1645   162    28029.0000    27868.3611  2072999    0.57%
  39477 11010    27948.3000    84    28029.0000    27868.3611  2102714    0.57%
  39745 11192    27881.0499   171    28029.0000    27868.7520  2146001    0.57%
  40155 11489    28005.2857   140    28029.0000    27869.4367  2190207    0.57%
  40461 11726    infeasible          28029.0000    27869.7370  2216421    0.57%
  40896 12073    27926.9220   154    28029.0000    27870.1208  2260333    0.57%
  41293 12372    27988.5913   117    28029.0000    27870.4746  2304664    0.57%
  41515 12509    27953.1771   186    28029.0000    27870.9545  2343742    0.56%
  41765 12700    27897.3448   187    28029.0000    27871.2655  2378832    0.56%
Elapsed time = 179.97 sec. (271503.44 ticks, tree = 91.77 MB, solutions = 24)
* 41902+ 8797                        27990.0000    27871.6722             0.42%
  41902  8799    27882.9660   164    27990.0000    27871.6722  2402249    0.42%
  42123  8923    27959.1724   133    27990.0000    27872.3775  2437721    0.42%
  42384  9078    27900.1696   158    27990.0000    27872.8955  2468696    0.42%
  42694  9300    27985.2857   162    27990.0000    27873.2747  2506565    0.42%
  43049  9561    27908.7160   220    27990.0000    27873.8773  2545279    0.41%
  43250  9673    27906.1479   167    27990.0000    27874.4603  2583569    0.41%
  43476  9780    27893.6145   153    27990.0000    27875.1802  2623841    0.41%
  43702  9897    27900.6460   182    27990.0000    27875.8004  2663136    0.41%
  43928 10011    27896.9427   189    27990.0000    27876.4314  2704583    0.41%
  44202 10147    27901.7191   175    27990.0000    27876.9949  2746415    0.40%
Elapsed time = 206.83 sec. (312727.22 ticks, tree = 76.39 MB, solutions = 25)
  44302 10200    27980.9181   146    27990.0000    27877.1343  2766677    0.40%
  44617 10378    27931.0000   121    27990.0000    27877.8788  2809972    0.40%
  44927 10547    27973.6179   124    27990.0000    27878.5559  2853336    0.40%
  45215 10677    27946.3368   150    27990.0000    27879.2061  2896380    0.40%
  45439 10779    27893.6338   158    27990.0000    27879.6190  2938561    0.39%
  45701 10899    27917.8231   164    27990.0000    27880.3279  2980776    0.39%
  45866 10965    27940.9666   114    27990.0000    27880.8736  3010297    0.39%
  46085 11052    27953.4984   172    27990.0000    27881.2842  3048514    0.39%
  46288 11147    27924.0437   133    27990.0000    27881.7813  3078290    0.39%
  46986 11704    27949.3508   178    27990.0000    27882.1779  3119674    0.39%
Elapsed time = 231.72 sec. (351247.74 ticks, tree = 90.28 MB, solutions = 25)
  47350 11922    27970.5990   151    27990.0000    27882.7144  3159615    0.38%
  47552 11995    27952.2544   166    27990.0000    27883.1951  3190749    0.38%
  47802 12078    27970.7762   144    27990.0000    27883.8958  3228381    0.38%
  48026 12130    27952.2182   196    27990.0000    27884.2118  3268665    0.38%
* 48302+ 8791                        27962.0000    27884.5088             0.28%
  48341  8794        cutoff          27962.0000    27884.6598  3304020    0.28%
  48472  8860    27918.3978   168    27962.0000    27885.0561  3325472    0.28%
  48703  8938    27899.5096   185    27962.0000    27885.5222  3367354    0.27%
  49089  9184    27896.6241   178    27962.0000    27885.8186  3405643    0.27%
  49302  9236    27908.5405   196    27962.0000    27886.4732  3440652    0.27%
  49561  9289    27930.1168   169    27962.0000    27887.1177  3483685    0.27%
Elapsed time = 257.97 sec. (391235.61 ticks, tree = 73.14 MB, solutions = 26)
  49830  9350    27909.7621   180    27962.0000    27888.1396  3526233    0.26%
  50130  9406    27909.8655   158    27962.0000    27889.1803  3568520    0.26%
  50423  9507    27949.7810   157    27962.0000    27889.6998  3611447    0.26%
  50681  9597    27904.2402   154    27962.0000    27890.2804  3651875    0.26%
  50994  9714    27908.7776   181    27962.0000    27890.8955  3695955    0.25%
  51252  9806    27927.5744   171    27962.0000    27891.3630  3736021    0.25%
  51554  9865        cutoff          27962.0000    27892.1829  3774631    0.25%
  51742  9915        cutoff          27962.0000    27892.6016  3812393    0.25%
  52022  9977    27954.2149   138    27962.0000    27893.2222  3852114    0.25%
  52325 10025    27928.0395   180    27962.0000    27893.8430  3890956    0.24%
Elapsed time = 282.07 sec. (429551.83 ticks, tree = 80.11 MB, solutions = 26)
  52678 10183    27943.1701   162    27962.0000    27894.3611  3931072    0.24%
  52800 10191    27938.7689   179    27962.0000    27894.3611  3968942    0.24%
  53047 10241    27956.0000   113    27962.0000    27894.4147  4007442    0.24%
  53317 10329    27908.3000   102    27962.0000    27894.9120  4046280    0.24%
  53602 10380    27911.4455   200    27962.0000    27895.4211  4086136    0.24%
  54010 10539    27949.8953   159    27962.0000    27896.0021  4127704    0.24%
  54349 10623        cutoff          27962.0000    27896.6708  4171204    0.23%
  54835 10884    27950.4142   181    27962.0000    27897.1220  4217050    0.23%
  55279 11064    27948.6429   117    27962.0000    27897.6844  4260657    0.23%
  55750 11231    27904.1373   154    27962.0000    27898.1538  4305898    0.23%
Elapsed time = 306.12 sec. (467941.89 ticks, tree = 91.13 MB, solutions = 26)
  56211 11463    27932.5093   155    27962.0000    27898.6633  4352382    0.23%
  56662 11688    27929.5699   144    27962.0000    27899.1586  4398116    0.22%
  56947 11684    27955.1200   142    27962.0000    27899.7773  4441694    0.22%
  57302 11764        cutoff          27962.0000    27900.2807  4485194    0.22%
  57512 11746    27939.4158   173    27962.0000    27900.5139  4526656    0.22%
  57933 11966    27932.8880   193    27962.0000    27900.8178  4569141    0.22%
  58161 11971    27931.4655   178    27962.0000    27901.2160  4607842    0.22%
  58422 12004    27924.4737   131    27962.0000    27901.6901  4647157    0.22%
  58714 11982    27958.3226   141    27962.0000    27902.2430  4686502    0.21%
  58859 11953    27957.3437   166    27962.0000    27902.2430  4725727    0.21%
Elapsed time = 330.22 sec. (506388.99 ticks, tree = 98.07 MB, solutions = 26)
  59052 11845        cutoff          27962.0000    27902.2430  4764010    0.21%
  59366 11917    27935.1745   149    27962.0000    27902.6582  4805320    0.21%
  59726 12004    27939.6985   184    27962.0000    27903.1688  4845558    0.21%
  60124 12177    27939.4793   173    27962.0000    27903.5075  4880608    0.21%
  60459 12248        cutoff          27962.0000    27903.9706  4923921    0.21%
  60965 12528    27904.0000    67    27962.0000    27904.0000  4966074    0.21%
  61283 12547    27904.0000    74    27962.0000    27904.0000  4998406    0.21%
  61660 12706    27905.0454   117    27962.0000    27904.0000  5024456    0.21%
  62022 12807    infeasible          27962.0000    27904.0000  5052522    0.21%
  62307 12933    27912.7806   128    27962.0000    27904.0000  5082418    0.21%
Elapsed time = 358.83 sec. (544744.78 ticks, tree = 106.87 MB, solutions = 26)
  62699 13074        cutoff          27962.0000    27904.0000  5109339    0.21%
  63056 13195        cutoff          27962.0000    27904.0000  5138018    0.21%
  63345 13313        cutoff          27962.0000    27904.0000  5167117    0.21%
  63670 13392    27913.1398   105    27962.0000    27904.0000  5196458    0.21%
  64103 13511    27955.8536   136    27962.0000    27904.0000  5231569    0.21%
  64631 13673    27942.4286   103    27962.0000    27904.0000  5275169    0.21%
  65105 13756    27905.0591   133    27962.0000    27904.0000  5320602    0.21%
  65587 13925    27906.2965   134    27962.0000    27904.0000  5361887    0.21%
  66013 14046    27950.5988   128    27962.0000    27904.0000  5403551    0.21%
  66474 14168    27924.4846   110    27962.0000    27904.0000  5443068    0.21%
Elapsed time = 388.44 sec. (583085.03 ticks, tree = 117.51 MB, solutions = 26)
  66868 14253    27913.1138   119    27962.0000    27904.0000  5482553    0.21%
  67352 14385    27905.5909   118    27962.0000    27904.0000  5524121    0.21%
  67742 14477    27907.6687    89    27962.0000    27904.0000  5561635    0.21%
  68076 14566    27915.2176   132    27962.0000    27904.0000  5594770    0.21%
  68312 14607    27908.0466   148    27962.0000    27904.0000  5628052    0.21%
  68672 14716    27904.0000   106    27962.0000    27904.0000  5665420    0.21%
  68949 14784    infeasible          27962.0000    27904.0000  5703311    0.21%
  69169 14813    infeasible          27962.0000    27904.0000  5736764    0.21%
  69527 14930    27925.2260   139    27962.0000    27904.0000  5774743    0.21%
  69895 15031    27914.3750   147    27962.0000    27904.0000  5813477    0.21%
Elapsed time = 416.36 sec. (621319.76 ticks, tree = 124.93 MB, solutions = 26)
  70211 15130    27905.8904   143    27962.0000    27904.0000  5849687    0.21%
  70602 15211    27904.0000   109    27962.0000    27904.0000  5894155    0.21%
  70961 15294    27906.8485   118    27962.0000    27904.0000  5934155    0.21%
  71362 15335    27957.3597   135    27962.0000    27904.3113  5973181    0.21%
  71722 15324    27935.6250   139    27962.0000    27904.6960  6016891    0.20%
  72152 15432    27905.0000    63    27962.0000    27905.0000  6060770    0.20%
  72844 15836    27905.0000    24    27962.0000    27905.0000  6112527    0.20%
  73572 16108    27935.9392    74    27962.0000    27905.0000  6169050    0.20%
  74160 16453        cutoff          27962.0000    27905.0000  6221266    0.20%
  74601 16741    27947.4853   157    27962.0000    27905.0000  6270795    0.20%
Elapsed time = 443.12 sec. (659576.23 ticks, tree = 139.81 MB, solutions = 26)
  75060 16998        cutoff          27962.0000    27905.0000  6319123    0.20%
  75513 17239    27905.0000    40    27962.0000    27905.0000  6367682    0.20%
  76176 17682    27916.1257   113    27962.0000    27905.0000  6415909    0.20%
  76892 18087    27905.0000    37    27962.0000    27905.0000  6467563    0.20%
* 77445     0      integral     0    27905.0000    27905.0000  6506835    0.00%

Clique cuts applied:  48
Cover cuts applied:  544
Flow cuts applied:  23
Mixed integer rounding cuts applied:  100
Zero-half cuts applied:  65
Lift and project cuts applied:  1
Gomory fractional cuts applied:  9

Root node processing (before b&c):
  Real time             =    0.30 sec. (370.51 ticks)
Sequential b&c:
  Real time             =  455.78 sec. (677487.58 ticks)
                          ------------
Total (root+branch&cut) =  456.08 sec. (677858.08 ticks)
MIP: [1;32mCPLEX finished.[0m
MIP: [1;32mCPLEX status: Optimal[0m
MIP: [1;32mSolution: 
[13, 32, 15, 4, 6, 29, 16, 10, 20, 32, 1, 18, 13, 11, 10, 11, 2, 18, 29, 24, 23, 34, 27, 12, 31, 22, 35, 29, 30, 9, 3, 18, 14, 35, 16, 28, 34, 30, 27, 23, 1, 8, 18, 19, 15, 7, 23, 20, 2, 33, 13, 34, 23, 2, 22, 6, 24, 23, 11, 31][-1, 18, 16, 24, 12, -1, 5, 23, 5, 4, 24, 13, 7, 8, 17, 19, 7, -1, 12, 19, 21, -1, 23, 2, 18, -1, -1, 15, 11, 4, 8, 21, 10, 16, 17, 11][0m
MIP: [1;32mObjective value: 27905[0m
MIP: [1;32mLower Bound: 27905[0m
MIP: [1;32mBranch-and-Bound nodes: 77446[0m

# best solution:
best objective value:	27905
best dual bound value:	27904
optimality gap:	0.00358359%
CPU time:	454.111
