ifile	/scratch/csagturk/mlbp_inst/n0070_m04__053.inst
prob	TNFMLBP
threads	1
ttime	900
instance: /scratch/csagturk/mlbp_inst/n0070_m04__053.inst
	m=4, n=[70, 36, 25, 21, 17]
MIP: [1;32minit CPLEX[0m
CAN: [1;35mcreated 4302 x_{ijk} and f_{ijk} variables[0m
CAN: [1;35mcreated 169 y_{ij} variables[0m
MIP: [1;32mcreated decision variables[0m
MIP: [1;32mcreated constraints[0m
MIP: [1;32mcreated objective function[0m
MIP: [1;32mcalling CPLEX solve ...[0m
Version identifier: 22.1.0.0 | 2022-03-09 | 1a383f8ce
CPXPARAM_Threads                                 1
CPXPARAM_TimeLimit                               900
Tried aggregator 4 times.
MIP Presolve eliminated 71 rows and 4792 columns.
MIP Presolve modified 698 coefficients.
Aggregator did 328 substitutions.
Reduced MIP has 743 rows, 4403 columns, and 8789 nonzeros.
Reduced MIP has 4157 binaries, 0 generals, 0 SOSs, and 156 indicators.
Presolve time = 0.04 sec. (40.10 ticks)
Probing fixed 0 vars, tightened 92 bounds.
Probing changed sense of 82 constraints.
Probing time = 0.03 sec. (22.96 ticks)
Tried aggregator 1 time.
MIP Presolve eliminated 492 rows and 574 columns.
Reduced MIP has 251 rows, 3829 columns, and 7641 nonzeros.
Reduced MIP has 3829 binaries, 0 generals, 0 SOSs, and 0 indicators.
Presolve time = 0.01 sec. (9.02 ticks)
Tried aggregator 1 time.
Detecting symmetries...
Reduced MIP has 251 rows, 3829 columns, and 7641 nonzeros.
Reduced MIP has 3829 binaries, 0 generals, 0 SOSs, and 0 indicators.
Presolve time = 0.01 sec. (7.98 ticks)
Probing time = 0.00 sec. (2.72 ticks)
Clique table members: 1155.
MIP emphasis: balance optimality and feasibility.
MIP search method: dynamic search.
Parallel mode: none, using 1 thread.
Root relaxation solution time = 0.01 sec. (14.88 ticks)

        Nodes                                         Cuts/
   Node  Left     Objective  IInf  Best Integer    Best Bound    ItCnt     Gap

      0     0    53088.9085   114                  53088.9085      695         
      0     0    53372.1763   154                   Cuts: 157     1188         
      0     0    53499.7578   168                   Cuts: 162     1561         
      0     0    53588.6760   205                   Cuts: 108     2072         
      0     0    53625.3859   196                   Cuts: 129     2553         
      0     0    53681.5141   239                   Cuts: 153     3059         
      0     0    53769.8485   224                   Cuts: 139     3964         
      0     0    53837.6156   251                   Cuts: 121     4436         
      0     0    53863.7328   242                   Cuts: 120     4890         
      0     0    53870.6225   230                   Cuts: 125     5453         
      0     0    53891.3054   262                   Cuts: 119     5934         
      0     0    53907.9371   278                   Cuts: 115     6764         
      0     0    53918.6946   245                   Cuts: 112     7128         
      0     0    53925.3092   249                    Cuts: 97     7421         
      0     0    53944.8219   262                    Cuts: 89     7677         
      0     0    53961.0254   256                   Cuts: 102     7997         
      0     0    53981.0436   253                   Cuts: 117     8395         
      0     0    53991.2315   273                    Cuts: 94     8855         
      0     0    54001.5530   282                    Cuts: 99     9323         
      0     0    54013.1853   274                   Cuts: 106     9814         
      0     0    54018.4864   257                   Cuts: 102    10109         
*     0+    0                        63890.0000    54018.4864            15.45%
*     0+    0                        59882.0000    54018.4864             9.79%
*     0+    0                        59382.0000    54018.4864             9.03%
      0     0  -1.00000e+75     0    59382.0000    54018.4864    10109    9.03%
      0     2    54018.4864   240    59382.0000    54018.7949    10109    9.03%
Elapsed time = 1.40 sec. (1899.11 ticks, tree = 0.01 MB, solutions = 3)
     32    34    54242.5594   155    59382.0000    54072.9081    12143    8.94%
     60    62    54388.4002   131    59382.0000    54072.9081    13755    8.94%
    111   113    54703.7486   102    59382.0000    54072.9081    16075    8.94%
    268   254    57835.8227    49    59382.0000    54072.9081    18344    8.94%
    296   274    54290.3078   217    59382.0000    54073.6363    21501    8.94%
    340   318    54228.6460   119    59382.0000    54073.6363    23464    8.94%
    422   400    54735.2934    81    59382.0000    54073.6363    25890    8.94%
    565   521    54079.6902   236    59382.0000    54073.7205    28401    8.94%
    614   570    54132.9557   186    59382.0000    54078.2912    30667    8.93%

Performing restart 1

Repeating presolve.
Tried aggregator 1 time.
MIP Presolve modified 1509 coefficients.
Reduced MIP has 251 rows, 3829 columns, and 7641 nonzeros.
Reduced MIP has 3829 binaries, 0 generals, 0 SOSs, and 0 indicators.
Presolve time = 0.02 sec. (11.25 ticks)
Tried aggregator 1 time.
MIP Presolve modified 1048 coefficients.
Reduced MIP has 251 rows, 3829 columns, and 7641 nonzeros.
Reduced MIP has 3829 binaries, 0 generals, 0 SOSs, and 0 indicators.
Presolve time = 0.01 sec. (12.10 ticks)
Represolve time = 0.09 sec. (68.60 ticks)
    988     0    53972.6655   257    59382.0000     Cuts: 132    41798    8.93%
    988     0    53997.9890   283    59382.0000     Cuts: 120    42568    8.93%
    988     0    54022.8566   319    59382.0000     Cuts: 112    42933    8.93%
    988     0    54034.9226   283    59382.0000     Cuts: 113    43876    8.93%
    988     0    54047.6925   302    59382.0000      Cuts: 95    44325    8.93%
    988     0    54063.1405   293    59382.0000      Cuts: 94    44686    8.93%
    988     0    54066.1223   276    59382.0000      Cuts: 95    45032    8.93%
    988     0    54071.4523   292    59382.0000      Cuts: 95    45604    8.93%
    988     0    54083.3084   263    59382.0000      Cuts: 86    45984    8.92%
    988     0    54089.6093   262    59382.0000      Cuts: 82    46396    8.91%
    988     0    54095.0399   260    59382.0000      Cuts: 69    46705    8.90%
    988     0    54105.6803   261    59382.0000      Cuts: 84    47042    8.89%
    988     0    54118.2612   288    59382.0000      Cuts: 82    47452    8.86%
    988     0    54122.0936   308    59382.0000      Cuts: 86    47785    8.86%
    988     0    54123.9725   277    59382.0000      Cuts: 75    48006    8.85%
    988     0    54124.1982   295    59382.0000      Cuts: 82    48286    8.85%
    988     0    54124.9907   276    59382.0000      Cuts: 66    48743    8.85%
    988     0    54136.6293   266    59382.0000      Cuts: 95    49165    8.83%
    988     0    54140.3354   267    59382.0000      Cuts: 67    49436    8.83%
    988     0    54151.7655   248    59382.0000      Cuts: 50    49777    8.81%
    988     0    54169.1521   231    59382.0000      Cuts: 89    50440    8.78%
    988     0    54169.6282   224    59382.0000      Cuts: 81    50680    8.78%
    988     0    54171.2431   239    59382.0000      Cuts: 77    51051    8.77%
    988     2    54171.2431   201    59382.0000    54176.4864    51051    8.77%
Elapsed time = 7.94 sec. (11004.39 ticks, tree = 0.01 MB, solutions = 3)
    994     8    54315.9084   194    59382.0000    54194.2462    51586    8.74%
   1004    18    54447.0382   192    59382.0000    54194.2462    52220    8.74%
   1043    57    55006.5113   161    59382.0000    54194.2462    53722    8.74%
   1102   111    54231.1938   173    59382.0000    54199.1107    55857    8.73%
   1197   206    55189.8713   109    59382.0000    54199.1107    59238    8.73%
   1306   303    54332.8664   224    59382.0000    54213.4075    63566    8.70%
   1390   379    54491.9957   197    59382.0000    54225.4014    68891    8.68%
   1439   422    54296.4570   236    59382.0000    54229.5146    76254    8.68%
   1508   487    54336.0426   171    59382.0000    54230.3252    82883    8.68%
   1656   625    57195.8628   132    59382.0000    54230.3252    88581    8.68%
Elapsed time = 13.52 sec. (20849.72 ticks, tree = 4.19 MB, solutions = 3)
   1872   819    54276.5459   217    59382.0000    54230.9842    94554    8.67%
   2017   956    55169.1974   184    59382.0000    54233.8597   102509    8.67%
   2112  1043    54293.9821   190    59382.0000    54235.5428   110788    8.67%
   2232  1153    55162.7448   190    59382.0000    54235.6912   121236    8.67%
   2472  1387    56921.5882    98    59382.0000    54235.9098   128685    8.67%
   2706  1606    54290.2484   214    59382.0000    54237.5329   135703    8.66%
   2914  1800    56074.2942   148    59382.0000    54238.0949   144202    8.66%
   3219  2087    54318.5113   203    59382.0000    54239.3064   151080    8.66%
   3540  2403    57254.5882    75    59382.0000    54240.6245   160658    8.66%
   3774  2629    56185.5049   138    59382.0000    54242.3208   167714    8.66%
Elapsed time = 19.48 sec. (30713.28 ticks, tree = 18.63 MB, solutions = 3)
   3915  2751    54695.0071   151    59382.0000    54242.3228   179398    8.66%
   4166  2991    55233.4785   157    59382.0000    54245.5700   186779    8.65%
   4370  3188    55401.8449   205    59382.0000    54246.5197   196665    8.65%
   4557  3360    54282.8315   208    59382.0000    54247.6156   205151    8.65%
   4808  3590    56322.4036   143    59382.0000    54249.1629   214156    8.64%
   4932  3698    54281.3814   219    59382.0000    54251.6550   224304    8.64%
   5039  3801    54714.9897   182    59382.0000    54251.6865   231981    8.64%
   5216  3969    54943.7093   142    59382.0000    54252.2236   240989    8.64%
   5334  4075    54397.0018   139    59382.0000    54254.4768   250711    8.63%
   5663  4398    57834.0000    47    59382.0000    54255.4453   259390    8.63%
Elapsed time = 25.31 sec. (40369.03 ticks, tree = 31.46 MB, solutions = 3)
   5888  4610    56576.9154   164    59382.0000    54255.9782   268712    8.63%
   6138  4844    54473.7458   174    59382.0000    54257.6701   278719    8.63%
   6360  5056    55383.5882    72    59382.0000    54259.3903   287058    8.63%
   6659  5326    54306.9521   218    59382.0000    54260.0495   295302    8.63%
   6832  5483    54492.5980   157    59382.0000    54262.7165   305460    8.62%
   7054  5691    54616.8855   176    59382.0000    54264.7804   313763    8.62%
   7222  5840    55756.7864   192    59382.0000    54265.2092   323914    8.62%
   7346  5953    54847.9907   210    59382.0000    54266.2065   332986    8.62%
   7499  6094    55966.7638   217    59382.0000    54266.7401   340293    8.61%
   7729  6309    59153.7778    76    59382.0000    54267.4446   349951    8.61%
Elapsed time = 31.14 sec. (50009.20 ticks, tree = 45.38 MB, solutions = 3)
   7918  6493    56916.5882    83    59382.0000    54267.9376   359400    8.61%
   8131  6694    56182.3980   122    59382.0000    54268.2592   366126    8.61%
   8323  6877    55564.5240   160    59382.0000    54269.9784   375927    8.61%
   8440  6988    55121.8873   180    59382.0000    54270.3242   387842    8.61%
   8737  7270    54539.6844   177    59382.0000    54270.8553   396837    8.61%
   8988  7515    56906.0000    79    59382.0000    54270.8763   404485    8.61%
   9156  7671        cutoff          59382.0000    54270.9390   414056    8.61%
   9388  7897    55443.5882    88    59382.0000    54271.1649   423875    8.61%
   9564  8065    54543.9011   189    59382.0000    54271.5904   431575    8.61%
   9701  8188        cutoff          59382.0000    54272.5885   441306    8.60%
Elapsed time = 37.86 sec. (60662.07 ticks, tree = 59.75 MB, solutions = 3)
   9777  8252    54482.9759   191    59382.0000    54272.9684   449352    8.60%
*  9988+ 8122                        58918.0000    54273.1659             7.88%
*  9988+ 8100                        58657.0000    54273.1659             7.47%
*  9988+ 8032                        58403.0000    54273.1659             7.07%
   9988  8034    54503.3884   179    58403.0000    54273.1659   457038    7.07%
  10052  8090    55754.6776   174    58403.0000    54273.5369   466063    7.07%
  10182  8210    55261.7621   188    58403.0000    54273.7651   473482    7.07%
  10316  8334    55559.7224   186    58403.0000    54274.1589   481651    7.07%
  10464  8468    54281.5246   177    58403.0000    54274.3073   488624    7.07%
  10615  8608    55414.8043    95    58403.0000    54275.2264   497800    7.07%
  10764  8743    54708.9914   183    58403.0000    54275.6004   506490    7.07%
* 10868+ 8723                        58103.0000    54275.6133             6.59%
* 10868+ 8721                        58069.0000    54275.6133             6.53%
* 10868+ 8389                        57609.0000    54275.6133             5.79%
* 10868+ 8379                        57580.0000    54275.6133             5.74%
* 10868+ 8026                        57468.0000    54275.6133             5.56%
* 10868+ 7996                        57415.0000    54275.6133             5.47%
* 10868+ 7988                        57399.0000    54275.6133             5.44%
* 10868+ 7858                        57320.0000    54275.6133             5.31%
* 10868+ 6492                        56603.0000    54275.6133             4.11%
* 10868+ 6261                        56488.0000    54275.6133             3.92%
  10868  6263    55632.4508   196    56488.0000    54275.6133   511498    3.92%
  10869  6264    54332.9750   178    56488.0000    54276.1470   512184    3.92%
Elapsed time = 69.96 sec. (100070.11 ticks, tree = 46.50 MB, solutions = 16)
* 10870+ 6179                        56399.0000    54276.1470             3.76%
  10870  6181    54769.1541   184    56399.0000    54276.2884   513543    3.76%
  10988  6289    55641.3515   104    56399.0000    54276.7563   519270    3.76%
  11111  6396    54548.3876   160    56399.0000    54276.9205   527061    3.76%
  11232  6492    54504.5504   196    56399.0000    54277.1347   534603    3.76%
  11350  6599    56100.6958   152    56399.0000    54277.5105   543233    3.76%
  11545  6784    55119.4366   182    56399.0000    54277.7084   550504    3.76%
  11646  6865    56362.0746   165    56399.0000    54277.8551   558147    3.76%
  11788  6996    55439.6105   124    56399.0000    54278.6046   565096    3.76%
  11891  7092    54478.3834   171    56399.0000    54278.8479   572296    3.76%
  11988  7181    54504.0226   227    56399.0000    54279.2272   577476    3.76%
Elapsed time = 78.39 sec. (112942.30 ticks, tree = 54.06 MB, solutions = 17)
  12155  7329    54375.1266   235    56399.0000    54279.4217   585827    3.76%
  12269  7437    55355.0358   172    56399.0000    54279.6390   593446    3.76%
  12408  7563    54759.8667   108    56399.0000    54279.7419   599714    3.76%
  12643  7786    54743.5551   202    56399.0000    54280.3787   607074    3.76%
  12898  8031    54613.0082   167    56399.0000    54280.8224   614532    3.76%
  12999  8118    54316.0639   239    56399.0000    54281.2115   621597    3.76%
  13092  8206    55307.0882   193    56399.0000    54281.2662   628219    3.75%
  13192  8292    55352.0243   221    56399.0000    54281.7723   635247    3.75%
  13368  8459    55518.0889   116    56399.0000    54281.9617   644559    3.75%
  13519  8602    55039.1242   192    56399.0000    54282.1662   652372    3.75%
Elapsed time = 84.44 sec. (122887.96 ticks, tree = 66.19 MB, solutions = 17)
  13616  8684    54644.6911   220    56399.0000    54282.2554   660586    3.75%
  13715  8773    54427.0993   202    56399.0000    54282.5968   667571    3.75%
  13788  8840    55457.6177   154    56399.0000    54282.7934   674181    3.75%
  13891  8925    54309.1950   283    56399.0000    54282.8315   682292    3.75%
  14011  9040    54530.8438   168    56399.0000    54283.0607   689305    3.75%
  14154  9170    54774.6452   211    56399.0000    54283.3567   695585    3.75%
  14192  9198    54593.8932   178    56399.0000    54283.4776   703030    3.75%
  14329  9324    54406.8005   203    56399.0000    54283.6280   710310    3.75%
  14368  9355    54747.9172   222    56399.0000    54283.9627   716478    3.75%
  14826  9786    54454.4620   218    56399.0000    54284.7684   742263    3.75%
Elapsed time = 92.26 sec. (135781.12 ticks, tree = 77.08 MB, solutions = 17)
  14988  9928    54758.2041   158    56399.0000    54285.8046   759570    3.75%
  15244 10157    54347.1449   215    56399.0000    54287.6164   784391    3.74%
  15539 10432    55227.1486   179    56399.0000    54288.0968   808501    3.74%
  15858 10722    54673.8184   242    56399.0000    54288.9113   834336    3.74%
  15988 10840    54587.8601   204    56399.0000    54288.9206   843665    3.74%
  16372 11189    54393.0410   247    56399.0000    54290.1151   869785    3.74%
  16693 11484    54645.2351   247    56399.0000    54291.0853   896742    3.74%
  17056 11808    54308.9420   255    56399.0000    54291.9148   925847    3.74%
  17333 12065    54568.0926   203    56399.0000    54293.7532   952604    3.73%
  17555 12271    54612.7115   232    56399.0000    54293.9080   979097    3.73%
Elapsed time = 116.69 sec. (174785.62 ticks, tree = 101.90 MB, solutions = 17)
  17794 12479    54648.4921   228    56399.0000    54294.7289  1003566    3.73%
  17988 12661    54332.7001   261    56399.0000    54295.2393  1014027    3.73%
  18257 12911    54319.1442   250    56399.0000    54296.2480  1038069    3.73%
  18501 13133    55711.3392   222    56399.0000    54296.8162  1059951    3.73%
  18757 13361    55694.5004   197    56399.0000    54297.3252  1082300    3.73%
  19127 13717    55902.4887   239    56399.0000    54297.6659  1106151    3.73%
  19311 13871    54461.5118   270    56399.0000    54299.2592  1128345    3.72%
  19656 14192    55709.4764   154    56399.0000    54299.7279  1154607    3.72%
  19865 14381    54344.9865   236    56399.0000    54300.3468  1175836    3.72%
  20095 14599    55745.7902   135    56399.0000    54300.5497  1195873    3.72%
Elapsed time = 140.99 sec. (214131.40 ticks, tree = 127.18 MB, solutions = 17)
  20269 14752    54815.6883   188    56399.0000    54300.9071  1216903    3.72%
  20503 14971    54332.3746   230    56399.0000    54301.1081  1239750    3.72%
  20701 15152    56034.0272   184    56399.0000    54301.4194  1262147    3.72%

Performing restart 2

Repeating presolve.
Tried aggregator 1 time.
MIP Presolve modified 1044 coefficients.
Reduced MIP has 251 rows, 3829 columns, and 7641 nonzeros.
Reduced MIP has 3829 binaries, 0 generals, 0 SOSs, and 0 indicators.
Presolve time = 0.01 sec. (10.11 ticks)
Tried aggregator 1 time.
MIP Presolve modified 1044 coefficients.
Reduced MIP has 251 rows, 3829 columns, and 7641 nonzeros.
Reduced MIP has 3829 binaries, 0 generals, 0 SOSs, and 0 indicators.
Presolve time = 0.01 sec. (12.09 ticks)
Represolve time = 0.16 sec. (110.73 ticks)
  20972     0    54180.2553   302    56399.0000      Cuts: 43  1283018    3.72%
  20972     0    54180.8661   271    56399.0000      Cuts: 75  1283346    3.72%
  20972     0    54191.1217   276    56399.0000      Cuts: 68  1283799    3.72%
  20972     0    54195.0908   267    56399.0000      Cuts: 65  1284183    3.72%
  20972     0    54199.4443   285    56399.0000      Cuts: 85  1284503    3.72%
  20972     0    54201.5556   282    56399.0000      Cuts: 54  1284830    3.72%
  20972     0    54203.0893   264    56399.0000      Cuts: 64  1285109    3.72%
  20972     0    54203.5290   273    56399.0000     Cuts: 103  1285359    3.72%
  20972     0    54204.8504   249    56399.0000      Cuts: 83  1285625    3.72%
  20972     0    54205.6728   273    56399.0000      Cuts: 69  1285897    3.72%
  20972     0    54205.8966   262    56399.0000      Cuts: 31  1286118    3.72%
  20972     0    54209.9531   273    56399.0000      Cuts: 60  1286562    3.72%
* 20972+    0                        55476.0000    54301.4899             2.12%
  20972     0  -1.00000e+75     0    55476.0000    54301.4899  1286562    2.12%
  20972     2    54209.9531   240    55476.0000    54301.4899  1286562    2.12%
  21002    32    54729.7331   187    55476.0000    54301.4899  1288228    2.12%
  21132   144    55517.9235   173    55476.0000    54301.4899  1292719    2.12%
  21399   377    54481.4513   194    55476.0000    54301.4899  1299929    2.12%
  21762   707    54547.0907   175    55476.0000    54301.4899  1314448    2.12%
  22213  1091    54810.9752   195    55476.0000    54301.4899  1329096    2.12%
  22795  1621    54879.2596   144    55476.0000    54301.4899  1347202    2.12%
Elapsed time = 166.79 sec. (257619.15 ticks, tree = 9.22 MB, solutions = 18)
  23342  2109    54561.8966   163    55476.0000    54301.4899  1369803    2.12%
  23850  2553    54327.4549   238    55476.0000    54301.4899  1392318    2.12%
  24374  3034    54410.9464   146    55476.0000    54301.4899  1418855    2.12%
  24866  3485    55333.2862   194    55476.0000    54301.4899  1441756    2.12%
  25281  3844    55453.3714   166    55476.0000    54301.4899  1458555    2.12%
  25703  4228    54775.4939   198    55476.0000    54301.4899  1476807    2.12%
  25972  4476    54702.4934   177    55476.0000    54304.4928  1489104    2.11%
  26489  4944    54374.4696   235    55476.0000    54306.2052  1511307    2.11%
  27051  5464    54321.5350   231    55476.0000    54309.8822  1533037    2.10%
  27398  5769    54566.1710   237    55476.0000    54311.3918  1555495    2.10%
Elapsed time = 191.05 sec. (296108.66 ticks, tree = 37.48 MB, solutions = 18)
  27878  6220    55258.0588    88    55476.0000    54312.2636  1579312    2.10%
  28129  6437    54623.7366   220    55476.0000    54313.7807  1597965    2.09%
  28567  6839    54585.7066   230    55476.0000    54314.9776  1624797    2.09%
  28805  7049    54728.9479   264    55476.0000    54316.7489  1646335    2.09%
  28972  7208    55025.4826   229    55476.0000    54316.9531  1654202    2.09%
  29314  7513    54674.5503   244    55476.0000    54323.5296  1678409    2.08%
  29828  7980    54466.2785   276    55476.0000    54324.3212  1702134    2.08%
  30257  8370    54379.6859   191    55476.0000    54327.1423  1729151    2.07%
  30772  8858    54631.0541   189    55476.0000    54328.1773  1755923    2.07%
  31145  9189    55300.2158   154    55476.0000    54329.8275  1780263    2.07%
Elapsed time = 215.78 sec. (334856.58 ticks, tree = 66.54 MB, solutions = 18)
  31480  9492    54928.0000   134    55476.0000    54330.0550  1809675    2.07%
  31960  9956    55021.7028   189    55476.0000    54331.6353  1837402    2.06%
  32415 10373    55019.7647    86    55476.0000    54332.8506  1860372    2.06%
  32913 10849    55053.8331   185    55476.0000    54334.5763  1889727    2.06%
  33211 11116    54527.4530   269    55476.0000    54336.0864  1912637    2.05%
  33469 11351    54849.1791   241    55476.0000    54336.5949  1931996    2.05%
  33747 11587    54445.1482   212    55476.0000    54337.3572  1960060    2.05%
  34182 12008    54617.9781   193    55476.0000    54338.0488  1985017    2.05%
  34516 12324    54777.1176   104    55476.0000    54338.2674  2011878    2.05%
  34893 12671    54522.0981   123    55476.0000    54339.2546  2037190    2.05%
Elapsed time = 239.85 sec. (373256.50 ticks, tree = 100.84 MB, solutions = 18)
  34972 12737    54997.9844   211    55476.0000    54339.4618  2043508    2.05%
  35301 13044    54423.8251   250    55476.0000    54341.4888  2069628    2.05%
  35642 13361    54478.8722   248    55476.0000    54342.5225  2093374    2.04%
  36000 13696    55420.3736   178    55476.0000    54343.6141  2121435    2.04%
  36320 13988    54637.3533   216    55476.0000    54344.4303  2144774    2.04%
  36622 14269    54608.9678   243    55476.0000    54345.2328  2167088    2.04%
  36972 14596    54588.8900   241    55476.0000    54345.9185  2192578    2.04%
  37200 14792    54743.4407   236    55476.0000    54347.1650  2215996    2.03%
  37421 14987    54597.9323   239    55476.0000    54348.1926  2239257    2.03%
  37794 15331    54416.2660   281    55476.0000    54348.7637  2267085    2.03%
Elapsed time = 266.05 sec. (414119.84 ticks, tree = 130.79 MB, solutions = 18)
  37972 15503    54879.8796   197    55476.0000    54349.0363  2277776    2.03%
  38216 15722    54677.0313   214    55476.0000    54350.5079  2298772    2.03%
  38390 15866    54499.0367   267    55476.0000    54351.7039  2321933    2.03%
  38753 16192    54922.4682   172    55476.0000    54352.0182  2352216    2.03%
  39023 16445    54904.8246   223    55476.0000    54352.5083  2381059    2.03%
  39249 16645    54543.0781   272    55476.0000    54353.1975  2401778    2.02%
  39491 16853    54507.5019   216    55476.0000    54353.8477  2424763    2.02%
  39715 17056    54895.8435   220    55476.0000    54354.2830  2448667    2.02%
  39955 17268        cutoff          55476.0000    54354.7961  2473220    2.02%
  40000 17305    55068.6420   253    55476.0000    54355.0842  2479257    2.02%
Elapsed time = 292.57 sec. (455033.47 ticks, tree = 155.84 MB, solutions = 18)
  40246 17530    54388.2496   219    55476.0000    54355.4552  2502785    2.02%
  40479 17734    55468.0000   135    55476.0000    54356.2127  2528738    2.02%
  40714 17947    54539.3987   251    55476.0000    54356.7801  2550918    2.02%
  40971 18173    54373.1123   254    55476.0000    54357.1974  2575167    2.02%
  41170 18346    54506.4890   288    55476.0000    54357.5979  2598949    2.02%
  41397 18554    54986.2035   174    55476.0000    54357.9611  2619729    2.02%
  41749 18885    54833.9820   151    55476.0000    54358.1613  2647064    2.01%
  42147 19266    54962.5627   100    55476.0000    54358.3010  2674370    2.01%
  42339 19441    54614.2993   221    55476.0000    54358.8493  2697904    2.01%
  42562 19641    55044.2450   205    55476.0000    54359.3473  2719311    2.01%
Elapsed time = 316.86 sec. (493449.46 ticks, tree = 186.26 MB, solutions = 18)
  42852 19909    54976.4845   203    55476.0000    54359.6572  2746003    2.01%
  43046 20072    54646.1025   208    55476.0000    54360.2749  2761020    2.01%
  43272 20265    55159.0837   252    55476.0000    54361.3319  2789984    2.01%
  43512 20482    54448.5006   282    55476.0000    54362.5586  2819311    2.01%
  43755 20683    55037.0834   187    55476.0000    54363.1987  2849820    2.01%
  43972 20881    54814.1176   144    55476.0000    54363.5362  2874287    2.01%
  44285 21164    54674.1011   171    55476.0000    54365.2219  2900784    2.00%
  44629 21474    55219.9365   165    55476.0000    54365.9850  2928776    2.00%
  44965 21785    54936.4706   121    55476.0000    54366.2580  2957908    2.00%
  45248 22042    54883.2938   219    55476.0000    54366.4956  2985985    2.00%
Elapsed time = 342.23 sec. (532811.68 ticks, tree = 218.56 MB, solutions = 18)
  45506 22275    54851.3227   274    55476.0000    54367.5745  3016022    2.00%
  45919 22656    54805.3079   239    55476.0000    54368.3045  3042073    2.00%
  46009 22737    55065.1770   228    55476.0000    54368.3180  3053035    2.00%
  46303 23008    55206.6183   178    55476.0000    54368.6873  3083176    2.00%
  46697 23369    54929.9628   151    55476.0000    54369.5199  3114765    1.99%
  47017 23667    55400.5335   232    55476.0000    54370.3880  3142695    1.99%
  47218 23830    54661.7539   244    55476.0000    54370.9257  3171848    1.99%
  47468 24054    54809.5524   197    55476.0000    54371.1421  3201527    1.99%
  47664 24226    55401.7439   157    55476.0000    54371.6484  3230651    1.99%
  47873 24400    54793.8806   199    55476.0000    54372.2447  3258705    1.99%
Elapsed time = 367.04 sec. (571288.09 ticks, tree = 250.33 MB, solutions = 18)
  47972 24479    54649.3109   252    55476.0000    54372.8625  3278147    1.99%
  48307 24795    55296.5294   163    55476.0000    54373.3109  3307908    1.99%
  48478 24930    54719.5121   216    55476.0000    54374.6367  3339895    1.99%
  48739 25165    55401.0863   179    55476.0000    54375.2225  3369915    1.98%
  48955 25340    54521.3695   277    55476.0000    54376.0883  3398937    1.98%
  49071 25446    54598.9305   180    55476.0000    54376.4764  3408925    1.98%
  49370 25710    54464.9261   322    55476.0000    54376.7963  3441877    1.98%
  49669 25980        cutoff          55476.0000    54377.8629  3468946    1.98%
  50073 26351    55048.3069   213    55476.0000    54378.5849  3500428    1.98%
  50366 26617    54724.9667   142    55476.0000    54378.9509  3529232    1.98%
Elapsed time = 392.91 sec. (611367.56 ticks, tree = 280.11 MB, solutions = 18)
  50722 26942    infeasible          55476.0000    54379.4770  3559552    1.98%
* 50972+26579                        55433.0000    54380.0611             1.90%
  50972 26581    54777.4029   256    55433.0000    54380.0611  3584756    1.90%
  51257 26843    54965.6573   208    55433.0000    54380.5446  3614811    1.90%
  51419 26982    55087.4132   114    55433.0000    54381.2174  3643089    1.90%
  51701 27241    54584.2485   243    55433.0000    54381.7384  3674780    1.90%
  51962 27480    54861.1176   137    55433.0000    54382.0515  3701502    1.90%
  52240 27735    54797.1176   119    55433.0000    54382.1940  3730516    1.90%
  52577 28032    54668.2853   209    55433.0000    54382.8358  3758602    1.89%
  52814 28221    54716.6035   222    55433.0000    54383.7404  3790809    1.89%
  53096 28481    54627.1549   228    55433.0000    54384.0654  3817872    1.89%
Elapsed time = 418.25 sec. (651049.12 ticks, tree = 306.35 MB, solutions = 19)
  53356 28696    54901.6670   178    55433.0000    54384.3613  3846571    1.89%
  53720 29025    54453.1843   242    55433.0000    54384.4655  3876061    1.89%
  53972 29250    54850.3603   144    55433.0000    54384.7356  3899560    1.89%
  54246 29502    54448.0048   230    55433.0000    54385.0054  3928977    1.89%
  54556 29764    54592.4049   264    55433.0000    54385.7848  3958781    1.89%
  54836 30010    54731.2874   229    55433.0000    54386.0359  3987431    1.89%
  55174 30321    54740.5354   239    55433.0000    54386.2907  4016614    1.89%
  55458 30571    54518.8877   331    55433.0000    54386.6689  4044036    1.89%
  55704 30784    54400.8235   168    55433.0000    54387.3811  4073655    1.89%
  56078 31125    54714.4258   256    55433.0000    54387.7478  4101408    1.89%
Elapsed time = 443.38 sec. (690374.54 ticks, tree = 341.88 MB, solutions = 19)
  56380 31408    54753.0961   188    55433.0000    54388.0713  4134749    1.89%
  56728 31724    54775.0057   199    55433.0000    54388.5158  4164393    1.88%
  56972 31945    54720.5962   220    55433.0000    54388.6674  4181972    1.88%
  57294 32236    54893.5919    97    55433.0000    54389.0349  4210081    1.88%
  57522 32426    54461.2304   284    55433.0000    54389.4371  4241240    1.88%
  57769 32642        cutoff          55433.0000    54390.3544  4270157    1.88%
  58033 32857    54446.5747   180    55433.0000    54391.0164  4302644    1.88%
  58439 33220        cutoff          55433.0000    54391.5243  4333285    1.88%
  58737 33481    54639.9123   220    55433.0000    54392.4688  4361044    1.88%
  58972 33696    54928.5971   204    55433.0000    54392.8103  4380777    1.88%
Elapsed time = 468.93 sec. (730090.65 ticks, tree = 377.83 MB, solutions = 19)
  59188 33887    54611.0805   171    55433.0000    54393.1849  4408761    1.88%
  59700 34379    54935.7059   127    55433.0000    54393.5689  4439971    1.88%
  60065 34711    54833.0000   108    55433.0000    54393.9567  4462651    1.87%
  60493 35115    54764.3825   156    55433.0000    54394.0881  4491797    1.87%
  60793 35387    54675.4742   291    55433.0000    54394.3471  4520904    1.87%
  60972 35542    54725.7595   193    55433.0000    54394.4808  4542557    1.87%
  61349 35876    54762.4949   281    55433.0000    54394.9433  4571021    1.87%
  61595 36106    54526.6114   283    55433.0000    54395.3497  4599841    1.87%
  61810 36298    54411.2584   246    55433.0000    54395.9592  4629307    1.87%
  61972 36427    54831.9600   241    55433.0000    54396.2800  4649793    1.87%
Elapsed time = 494.64 sec. (769566.13 ticks, tree = 414.49 MB, solutions = 19)
  62298 36719    55066.7569   145    55433.0000    54396.8193  4677880    1.87%
  62633 37018    54546.5210   260    55433.0000    54396.9971  4709227    1.87%
  62931 37282    54510.1779   142    55433.0000    54397.5471  4737183    1.87%
  63075 37408    55107.8939   228    55433.0000    54397.6671  4757668    1.87%
  63439 37743    54803.3456   243    55433.0000    54398.0330  4786728    1.87%
  63747 38006    54674.0708   289    55433.0000    54398.4402  4818974    1.87%
  63972 38195    54521.3737   245    55433.0000    54398.7503  4843889    1.87%
  64306 38502    54859.3604   213    55433.0000    54398.8953  4871646    1.87%
  64525 38683    54535.8031   218    55433.0000    54399.1621  4900858    1.87%
  64722 38858    55058.4623   221    55433.0000    54399.7221  4929910    1.86%
Elapsed time = 520.60 sec. (809829.63 ticks, tree = 447.14 MB, solutions = 19)
* 64972+36825                        55315.0000    54399.9772             1.65%
  64972 36827    54924.2700   189    55315.0000    54399.9772  4956364    1.65%
  65287 37102    54432.2858   156    55315.0000    54400.2663  4988035    1.65%
  65575 37330    54956.8234   234    55315.0000    54400.4870  5019000    1.65%
  65972 37643    54630.4375   114    55315.0000    54400.6391  5048409    1.65%
  66366 37926    54662.4416   267    55315.0000    54400.8235  5086059    1.65%
  66639 38140    54630.4375    99    55315.0000    54400.8235  5120016    1.65%
  66889 38322    54726.8824   136    55315.0000    54400.8235  5154773    1.65%
  67094 38485    54695.0964   119    55315.0000    54400.8235  5186930    1.65%
  67320 38653    54496.1176   144    55315.0000    54400.8235  5221818    1.65%
  67562 38831    infeasible          55315.0000    54400.8235  5255911    1.65%
Elapsed time = 545.71 sec. (849860.21 ticks, tree = 450.53 MB, solutions = 20)
  67823 39030    54459.7365   120    55315.0000    54400.8235  5291406    1.65%
  68135 39288    54770.7059   119    55315.0000    54400.8235  5326648    1.65%
  68451 39536    54480.2682   148    55315.0000    54400.8235  5363109    1.65%
  68758 39779    54715.3750   132    55315.0000    54400.8235  5399012    1.65%
  68972 39949    54630.4375   151    55315.0000    54400.8235  5424358    1.65%
  69288 40201    54630.4375   147    55315.0000    54400.8235  5460434    1.65%
  69635 40504    54922.5013   211    55315.0000    54400.9786  5493419    1.65%
  69888 40710    54587.6020   138    55315.0000    54401.1717  5523297    1.65%
  70087 40876    55030.9669   259    55315.0000    54401.5225  5547224    1.65%
  70372 41112    54523.4748   214    55315.0000    54401.7786  5577835    1.65%
Elapsed time = 570.04 sec. (888582.15 ticks, tree = 481.08 MB, solutions = 20)
  70575 41269    54790.2529   199    55315.0000    54402.3543  5609164    1.65%
  70949 41615    54697.8193   198    55315.0000    54402.6073  5637731    1.65%
* 70972+41461                        55304.0000    54402.7343             1.63%
  71173 41618        cutoff          55304.0000    54403.2024  5664848    1.63%
  71508 41911    54425.4686   257    55304.0000    54403.6792  5690867    1.63%
  71795 42156    54613.0137   223    55304.0000    54404.1397  5721435    1.63%
  72060 42379    55062.6369   177    55304.0000    54404.3324  5750299    1.63%
  72292 42579    54698.2637   204    55304.0000    54404.5545  5778527    1.63%
  72631 42878    54788.1375   252    55304.0000    54404.6717  5808150    1.63%
  72972 43176    54881.1482   291    55304.0000    54404.8758  5834919    1.63%
  73235 43394    54806.3674   198    55304.0000    54405.2043  5863652    1.63%
Elapsed time = 594.64 sec. (927411.54 ticks, tree = 512.10 MB, solutions = 21)
  73541 43675    55138.5443   146    55304.0000    54405.5665  5891873    1.62%
  73817 43933    55081.3327   216    55304.0000    54405.6861  5922094    1.62%
  73972 44069    54717.1908   223    55304.0000    54405.9145  5938636    1.62%
  74340 44379    54411.4407   207    55304.0000    54406.3979  5968584    1.62%
  74739 44750    54848.9642   256    55304.0000    54406.5638  6001197    1.62%
  74972 44941    54792.3458   157    55304.0000    54406.8247  6025273    1.62%
  75434 45369    54516.5600   263    55304.0000    54407.2017  6053669    1.62%
  75655 45562    54609.3963   262    55304.0000    54407.2969  6081991    1.62%
  76068 45939    54677.7474   159    55304.0000    54407.5870  6100217    1.62%
  76440 46271    54610.4883   215    55304.0000    54407.8821  6128881    1.62%
Elapsed time = 621.09 sec. (968095.29 ticks, tree = 550.77 MB, solutions = 21)
  76744 46534    55232.3529   124    55304.0000    54408.2125  6157084    1.62%
  76972 46732    54743.0440   204    55304.0000    54408.3767  6181048    1.62%
  77372 47069    54591.3818   203    55304.0000    54408.6672  6211018    1.62%
  77747 47401    55102.3144   154    55304.0000    54409.1652  6244273    1.62%
  78098 47727    54746.1862   144    55304.0000    54409.4841  6264316    1.62%
  78465 48056    54838.6560   242    55304.0000    54409.7692  6295869    1.62%
  78763 48324    54745.2862   227    55304.0000    54410.2086  6325793    1.62%
  79176 48700    54715.3750   108    55304.0000    54410.5847  6352875    1.62%
  79369 48867    54947.8580   203    55304.0000    54410.7428  6382699    1.62%
  79690 49149    54962.7512   197    55304.0000    54410.9188  6411977    1.61%
Elapsed time = 646.41 sec. (1007754.24 ticks, tree = 589.42 MB, solutions = 21)
  80044 49461    54789.7059   126    55304.0000    54411.1966  6440305    1.61%
  80413 49795    55026.4706   157    55304.0000    54411.3995  6471797    1.61%
  80682 50021    54999.3757   229    55304.0000    54412.1177  6502109    1.61%
  80972 50289    54607.1409   154    55304.0000    54412.4440  6523393    1.61%
  81282 50540    54577.8025   219    55304.0000    54413.0056  6551416    1.61%
  81617 50827    54507.0789   133    55304.0000    54413.1712  6578397    1.61%
  82019 51199    54771.3350   232    55304.0000    54413.3083  6606504    1.61%
  82370 51502    54499.8409   168    55304.0000    54413.5410  6636043    1.61%
  82832 51922    54576.0851   172    55304.0000    54413.9447  6668693    1.61%
  83185 52239        cutoff          55304.0000    54414.2560  6698890    1.61%
Elapsed time = 670.85 sec. (1046105.50 ticks, tree = 630.88 MB, solutions = 21)
  83595 52606    54604.4642   199    55304.0000    54414.4816  6725374    1.61%
  83798 52786        cutoff          55304.0000    54414.6523  6757160    1.61%
  84058 53006    54598.3609   284    55304.0000    54414.9699  6787268    1.61%
  84381 53284    54780.5000   131    55304.0000    54415.2147  6815834    1.61%
  84785 53640        cutoff          55304.0000    54415.5770  6845760    1.61%
  84972 53805    54555.1850   168    55304.0000    54415.8181  6860261    1.61%
  85424 54216    54479.2004   263    55304.0000    54416.2301  6890647    1.61%
  85760 54499    54515.1176   119    55304.0000    54416.7635  6921953    1.60%
  86021 54731    54946.9907   175    55304.0000    54417.0123  6947266    1.60%
  86604 55294    55020.4706    86    55304.0000    54417.1379  6977851    1.60%
Elapsed time = 696.62 sec. (1086039.28 ticks, tree = 671.83 MB, solutions = 21)
  86972 55612    54532.1570   205    55304.0000    54417.3840  7004454    1.60%
  87419 56007    54672.3873   191    55304.0000    54417.6393  7033964    1.60%
  87755 56308    54520.6890   244    55304.0000    54417.7624  7066946    1.60%
  88148 56645    54470.5168   129    55304.0000    54418.0073  7092637    1.60%
  88624 57063    54735.9234   156    55304.0000    54418.2736  7124129    1.60%
  89040 57419    54550.7201   262    55304.0000    54418.4713  7151273    1.60%
  89414 57737        cutoff          55304.0000    54418.7243  7184701    1.60%
  89782 58023    54474.6175   253    55304.0000    54418.9272  7217291    1.60%
  90139 58317        cutoff          55304.0000    54419.2541  7248253    1.60%
  90603 58726    54505.6671   122    55304.0000    54419.3994  7280918    1.60%
Elapsed time = 721.94 sec. (1125778.94 ticks, tree = 717.78 MB, solutions = 21)
  90972 59030    54745.8824    94    55304.0000    54419.8235  7317014    1.60%
  91372 59345    54538.6724   131    55304.0000    54419.8235  7355773    1.60%
  91648 59552    54527.7902   134    55304.0000    54419.8235  7394137    1.60%
  91983 59818    54604.2677   277    55304.0000    54419.9094  7430494    1.60%
  92490 60242    55012.3776   250    55304.0000    54420.2514  7463140    1.60%
  92743 60425    54699.5675   170    55304.0000    54420.4023  7494318    1.60%
  92972 60647    54583.4096   283    55304.0000    54420.4390  7506656    1.60%
  93227 60837    54942.1943   190    55304.0000    54420.8960  7534742    1.60%
  93660 61212    54745.8824   118    55304.0000    54421.1175  7565476    1.60%
  93972 61502    54496.1176   141    55304.0000    54421.2541  7594939    1.60%
Elapsed time = 747.56 sec. (1166022.69 ticks, tree = 755.03 MB, solutions = 21)
  94302 61785    54576.4695   223    55304.0000    54421.4772  7625128    1.60%
  94684 62127    54716.5068   141    55304.0000    54421.7043  7656588    1.60%
  94972 62371    54891.8309   156    55304.0000    54421.9737  7679824    1.59%
  95337 62697    55198.7077   260    55304.0000    54422.0920  7709524    1.59%
  95627 62948    54754.4444   111    55304.0000    54422.1829  7739932    1.59%
  95881 63162    55228.4218   223    55304.0000    54422.4667  7769347    1.59%
  96135 63392    54810.3529   107    55304.0000    54422.6042  7790034    1.59%
  96633 63843    55019.6909   202    55304.0000    54422.7804  7822219    1.59%
  96965 64117    55134.0490   228    55304.0000    54422.9445  7853558    1.59%
  97349 64444    54921.4610   186    55304.0000    54423.1177  7882864    1.59%
Elapsed time = 772.89 sec. (1205775.49 ticks, tree = 794.46 MB, solutions = 21)
  97627 64675    55036.3910   187    55304.0000    54423.3388  7910537    1.59%
  97951 64971    54872.6626   170    55304.0000    54423.4513  7941076    1.59%
  98262 65250    54771.8299   173    55304.0000    54423.5851  7959152    1.59%
  98772 65709    54561.3429   265    55304.0000    54423.7337  7989746    1.59%
  99089 65992    55052.7031   217    55304.0000    54423.8628  8017891    1.59%
  99348 66213    54672.9755   178    55304.0000    54424.1233  8048350    1.59%
  99706 66521    infeasible          55304.0000    54424.3556  8078560    1.59%
  99985 66784    55135.6471   128    55304.0000    54424.4829  8092970    1.59%
 100329 67066    54550.3144   136    55304.0000    54424.6021  8125869    1.59%
 100705 67391    54604.5713   293    55304.0000    54424.9449  8156200    1.59%
Elapsed time = 797.46 sec. (1244137.19 ticks, tree = 836.75 MB, solutions = 21)
 100972 67620    55133.3313   172    55304.0000    54425.1506  8184262    1.59%
 101318 67906    54456.7030   260    55304.0000    54425.4099  8215664    1.59%
 101578 68126    55055.2058   203    55304.0000    54425.5704  8245894    1.59%
 101935 68414    54777.7545   229    55304.0000    54425.8423  8275518    1.59%
Starting limited solution polishing.
 101972 68447    54837.2876   220    55304.0000    54425.8585  8279721    1.59%
 102172 68603    55141.6522   223    55304.0000    54426.0621  8305676    1.59%
 102357 68747    54470.0635   138    55304.0000    54426.2435  8319990    1.59%
*102372+68521                        55297.0000    54426.2435             1.57%
 102436 68581    54741.2581   148    55297.0000    54426.2564  8324422    1.57%
 102561 68686    54487.8445   223    55297.0000    54426.4470  8338210    1.57%
 102593 68718    55071.1163   174    55297.0000    54426.4470  8340900    1.57%
Elapsed time = 826.33 sec. (1286361.87 ticks, tree = 854.73 MB, solutions = 22)
 102677 68774    54901.3365   240    55297.0000    54426.5791  8348512    1.57%
 102872 68939    54656.7869   192    55297.0000    54426.5999  8365219    1.57%
 103054 69109    54764.6264   232    55297.0000    54426.6424  8375213    1.57%
 103072 69127    54784.4987   248    55297.0000    54426.6424  8375602    1.57%
 103172 69217    54640.8419   201    55297.0000    54426.6862  8380635    1.57%
 103329 69357    54750.4016   293    55297.0000    54426.7554  8390282    1.57%
*103372+67880                        55254.0000    54426.8036             1.50%
 103420 67930    55138.3751   154    55254.0000    54426.8036  8400889    1.50%
 103572 68065    54976.6483   237    55254.0000    54426.9062  8414776    1.50%
*103672+67700                        55239.0000    54426.9565             1.47%
 103672 67702    54593.8081   171    55239.0000    54426.9565  8420723    1.47%
 103872 67887    54722.6465   182    55239.0000    54427.0536  8436181    1.47%
Elapsed time = 859.97 sec. (1332746.33 ticks, tree = 845.66 MB, solutions = 24)
 104072 68087    55059.0000   105    55239.0000    54427.0536  8446991    1.47%
 104272 68267    54787.8528   126    55239.0000    54427.1430  8457441    1.47%
 104412 68389        cutoff          55239.0000    54427.1921  8466214    1.47%
 104572 68524    54716.7475   203    55239.0000    54427.5357  8481845    1.47%
 104807 68712    54638.2284   158    55239.0000    54427.6455  8495854    1.47%
 104972 68857    54789.7059   118    55239.0000    54427.8174  8508654    1.47%
 105098 68963    55118.6961   179    55239.0000    54427.9329  8524043    1.47%
*105172+64670                        55142.0000    54428.1162             1.29%
 105172 64672    55073.3696   220    55142.0000    54428.1162  8533236    1.29%
 105372 64852    54756.7155   178    55142.0000    54428.3181  8546451    1.29%
 105672 65086    54500.1354   130    55142.0000    54428.7902  8560140    1.29%
Elapsed time = 893.79 sec. (1378956.11 ticks, tree = 813.09 MB, solutions = 25)
 105772 65171    54698.3605   141    55142.0000    54428.8488  8568831    1.29%

Clique cuts applied:  114
Cover cuts applied:  771
Flow cuts applied:  27
Mixed integer rounding cuts applied:  275
Zero-half cuts applied:  61
Lift and project cuts applied:  1
Gomory fractional cuts applied:  8

Root node processing (before b&c):
  Real time             =    1.39 sec. (1889.20 ticks)
Sequential b&c:
  Real time             =  898.61 sec. (1385843.90 ticks)
                          ------------
Total (root+branch&cut) =  900.00 sec. (1387733.10 ticks)
MIP: [1;32mCPLEX finished.[0m
MIP: [1;32mCPLEX status: Feasible[0m
MIP: [1;32mSolution: 
[28, 11, 0, 3, 20, 5, 35, 14, 23, 9, 4, 22, 6, 25, 14, 7, 22, 5, 34, 18, 28, 5, 32, 4, 5, 12, 16, 12, 11, 12, 13, 7, 27, 21, 12, 26, 31, 28, 15, 31, 32, 17, 11, 13, 34, 27, 32, 10, 1, 33, 18, 24, 21, 9, 23, 11, 16, 3, 12, 27, 17, 15, 24, 20, 7, 17, 0, 20, 4, 27][20, 19, -1, 20, 22, 17, 15, 15, -1, 13, 5, 12, 14, 18, 0, 11, 23, 7, 23, -1, 10, 9, 5, 18, 12, 13, 11, 17, 8, -1, -1, 4, 3, 19, 13, 5][1, -1, -1, 17, 0, 4, -1, 17, 14, 14, 20, 11, 1, 19, 18, 8, -1, 9, 20, 20, 5, -1, 8, 11, -1][16, 14, -1, -1, 12, 2, -1, -1, 7, 14, -1, 2, -1, -1, 12, -1, -1, 2, 7, 6, 16][0m
MIP: [1;32mObjective value: 55142[0m
MIP: [1;32mLower Bound: 54428.9[0m
MIP: [1;32mBranch-and-Bound nodes: 105872[0m

# best solution:
best objective value:	55142
best dual bound value:	54428
optimality gap:	1.29484%
CPU time:	897.841
