ifile	/scratch/csagturk/mlbp_inst/n0070_m02__023.inst
prob	TNFMLBP
threads	1
ttime	900
instance: /scratch/csagturk/mlbp_inst/n0070_m02__023.inst
	m=2, n=[70, 36, 24]
MIP: [1;32minit CPLEX[0m
CAN: [1;35mcreated 3384 x_{ijk} and f_{ijk} variables[0m
CAN: [1;35mcreated 130 y_{ij} variables[0m
MIP: [1;32mcreated decision variables[0m
MIP: [1;32mcreated constraints[0m
MIP: [1;32mcreated objective function[0m
MIP: [1;32mcalling CPLEX solve ...[0m
Version identifier: 22.1.0.0 | 2022-03-09 | 1a383f8ce
CPXPARAM_Threads                                 1
CPXPARAM_TimeLimit                               900
Tried aggregator 2 times.
MIP Presolve eliminated 71 rows and 3757 columns.
MIP Presolve modified 173 coefficients.
Aggregator did 144 substitutions.
Reduced MIP has 382 rows, 3287 columns, and 6550 nonzeros.
Reduced MIP has 3179 binaries, 0 generals, 0 SOSs, and 71 indicators.
Presolve time = 0.02 sec. (23.06 ticks)
Probing fixed 0 vars, tightened 36 bounds.
Probing changed sense of 36 constraints.
Probing time = 0.02 sec. (16.64 ticks)
Tried aggregator 1 time.
Detecting symmetries...
MIP Presolve eliminated 216 rows and 252 columns.
Reduced MIP has 166 rows, 3035 columns, and 6046 nonzeros.
Reduced MIP has 3035 binaries, 0 generals, 0 SOSs, and 0 indicators.
Presolve time = 0.01 sec. (9.53 ticks)
Probing time = 0.00 sec. (2.58 ticks)
Clique table members: 947.
MIP emphasis: balance optimality and feasibility.
MIP search method: dynamic search.
Parallel mode: none, using 1 thread.
Root relaxation solution time = 0.00 sec. (7.61 ticks)

        Nodes                                         Cuts/
   Node  Left     Objective  IInf  Best Integer    Best Bound    ItCnt     Gap

      0     0    28462.6687    78                  28462.6687      407         
      0     0    28504.1802   129                   Cuts: 104      699         
      0     0    28504.3771   136                   Cuts: 130      980         
      0     0    28504.6748   113                    Cuts: 70     1198         
      0     0    28504.7063   149                    Cuts: 93     1503         
*     0+    0                        32396.0000    28504.7063            12.01%
*     0+    0                        31963.0000    28504.7063            10.82%
*     0+    0                        31495.0000    28504.7063             9.49%
*     0+    0                        31424.0000    28504.7063             9.29%
*     0+    0                        31380.0000    28504.7063             9.16%
*     0+    0                        31287.0000    28504.7063             8.89%
*     0+    0                        31049.0000    28504.7063             8.19%
      0     0  -1.00000e+75     0    31049.0000    28504.7063     1503    8.19%
      0     2    28504.7063    75    31049.0000    28504.7063     1503    8.19%
Elapsed time = 0.42 sec. (486.36 ticks, tree = 0.01 MB, solutions = 7)
*   200+  200                        30641.0000    28504.7063             6.97%
    200   202    28545.1917    45    30641.0000    28504.7063     3330    6.97%
    420   391    28504.7063    71    30641.0000    28504.7063     5281    6.97%
*   466+  433                        30566.0000    28504.7063             6.74%
    466   435    28504.7063    64    30566.0000    28504.7063     5867    6.74%
*   467+  415                        30204.0000    28504.7063             5.63%
*   467+  399                        29888.0000    28504.7063             4.63%
*   500+  429                        29618.0000    28504.7063             3.76%

Performing restart 1

Repeating presolve.
Tried aggregator 1 time.
MIP Presolve modified 168 coefficients.
Reduced MIP has 166 rows, 3035 columns, and 6046 nonzeros.
Reduced MIP has 3035 binaries, 0 generals, 0 SOSs, and 0 indicators.
Presolve time = 0.01 sec. (7.07 ticks)
Tried aggregator 1 time.
MIP Presolve modified 112 coefficients.
Reduced MIP has 166 rows, 3035 columns, and 6046 nonzeros.
Reduced MIP has 3035 binaries, 0 generals, 0 SOSs, and 0 indicators.
Presolve time = 0.01 sec. (8.69 ticks)
Represolve time = 0.05 sec. (43.97 ticks)
    610     0    28474.4085   131    29618.0000     Cuts: 141     8619    3.76%
    610     0    28495.0789   144    29618.0000     Cuts: 141     8942    3.76%
    610     0    28498.2773   155    29618.0000     Cuts: 138     9215    3.76%
    610     0    28504.1293   126    29618.0000     Cuts: 140     9489    3.76%
    610     0    28504.6414   136    29618.0000     Cuts: 141     9857    3.76%
    610     0    28504.7063   150    29618.0000     Cuts: 125    10208    3.76%
    610     0    28504.7170   149    29618.0000     Cuts: 122    10468    3.76%
    610     0    28504.7170   167    29618.0000     Cuts: 128    10867    3.76%
    610     0    28504.7170   141    29618.0000      Cuts: 98    11146    3.76%
    610     0    28504.7170   158    29618.0000     Cuts: 124    11417    3.76%
    610     0    28504.7170   114    29618.0000      Cuts: 41    11603    3.76%
    610     0    28504.7170   157    29618.0000      Cuts: 96    11869    3.76%
    610     0    28504.7170   150    29618.0000      Cuts: 65    12130    3.76%
*   610+    0                        29600.0000    28504.7170             3.70%
    610     2    28504.7170    92    29600.0000    28504.7170    12130    3.70%
    667    59    28513.6000    65    29600.0000    28504.7389    12562    3.70%
    710    75    28510.8240    86    29600.0000    28505.5102    13051    3.70%
    775   119    28981.1258    82    29600.0000    28505.5102    13532    3.70%
    810   151    29488.0000    62    29600.0000    28505.5102    13836    3.70%
    885   213    28596.1713    78    29600.0000    28505.5102    14717    3.70%
   1330   597    28677.8012    81    29600.0000    28506.5277    18888    3.69%
Elapsed time = 5.44 sec. (7060.32 ticks, tree = 2.08 MB, solutions = 13)
   1978  1184    29377.0000    51    29600.0000    28509.3531    25230    3.68%
   2752  1854    28621.3570    96    29600.0000    28509.6989    32802    3.68%
   3730  2748    28839.0000    64    29600.0000    28510.6799    41038    3.68%
   4779  3710        cutoff          29600.0000    28511.2904    50240    3.68%
   5869  4708    infeasible          29600.0000    28511.7621    59402    3.68%
   6860  5611    28532.6251    86    29600.0000    28513.1652    68539    3.67%
*  7622  5632      integral     0    29502.0000    28513.2350    75198    3.35%
*  7722+ 4690                        29377.0000    28513.2350             2.94%
   7860  4813    29333.0000    68    29377.0000    28513.4612    77324    2.94%
*  8808  4990      integral     0    29355.0000    28513.6000    85289    2.87%
   8874  5046    28533.0710    84    29355.0000    28513.6000    85776    2.87%
*  9910+ 5158                        29285.0000    28513.6000             2.63%
   9910  5160    29086.9103    62    29285.0000    28513.6000    94424    2.63%
* 10010+ 4583                        29185.0000    28513.6000             2.30%
  10780  5259    29170.0000    63    29185.0000    28513.6045   104096    2.30%
Elapsed time = 23.37 sec. (28928.58 ticks, tree = 18.46 MB, solutions = 18)
  11734  6103    28680.2384    80    29185.0000    28513.6514   114057    2.30%
  12708  6951    28514.2332    79    29185.0000    28514.3334   123249    2.30%
  13763  7894    29170.0000    48    29185.0000    28514.8293   134451    2.30%
  14805  8768    28667.5556    70    29185.0000    28515.4581   142795    2.29%
  15243  9151    28677.4895   132    29185.0000    28515.6508   151553    2.29%
  15615  9463    28731.5564   118    29185.0000    28516.2722   160616    2.29%
  16002  9810    28570.9293    97    29185.0000    28516.3785   168339    2.29%
  16451 10221    29153.0000    56    29185.0000    28516.6412   176937    2.29%
  16747 10469    28592.3923   153    29185.0000    28516.8012   185071    2.29%
  16977 10670    28519.9497   152    29185.0000    28517.3354   192997    2.29%
Elapsed time = 29.64 sec. (38706.89 ticks, tree = 39.38 MB, solutions = 18)
  17162 10817    28606.9832   128    29185.0000    28517.3865   200963    2.29%
  17369 10999    28836.1421   131    29185.0000    28517.5150   209470    2.29%
  17581 11184    28590.4622   155    29185.0000    28518.1364   218163    2.28%
  17767 11345    28569.6383   168    29185.0000    28518.7579   225317    2.28%
  17923 11474    28721.5333   118    29185.0000    28518.9125   234089    2.28%
  18181 11713    29153.0000    21    29185.0000    28518.9389   242459    2.28%
  18490 11974    28668.3949   112    29185.0000    28519.3605   251146    2.28%
  18744 12205    28760.0000    73    29185.0000    28519.5998   260476    2.28%
  18960 12400    28969.0000    95    29185.0000    28519.8765   269450    2.28%
  19165 12579    28582.2218   170    29185.0000    28519.8765   280471    2.28%
Elapsed time = 35.42 sec. (48511.77 ticks, tree = 52.13 MB, solutions = 18)
  19420 12796    28633.5709   159    29185.0000    28520.0273   289529    2.28%
  19518 12871    29090.4423   127    29185.0000    28520.6638   298482    2.28%

Performing restart 2

Repeating presolve.
Tried aggregator 1 time.
MIP Presolve eliminated 0 rows and 1 columns.
MIP Presolve modified 112 coefficients.
Reduced MIP has 166 rows, 3034 columns, and 6044 nonzeros.
Reduced MIP has 3034 binaries, 0 generals, 0 SOSs, and 0 indicators.
Presolve time = 0.01 sec. (6.99 ticks)
Tried aggregator 1 time.
MIP Presolve modified 112 coefficients.
Reduced MIP has 166 rows, 3034 columns, and 6044 nonzeros.
Reduced MIP has 3034 binaries, 0 generals, 0 SOSs, and 0 indicators.
Presolve time = 0.01 sec. (8.68 ticks)
Represolve time = 0.22 sec. (142.53 ticks)
  19630     0    28504.8033   211    29185.0000      Cuts: 98   305932    2.28%
  19630     0    28504.8128   135    29185.0000      Cuts: 47   306132    2.28%
  19630     0    28504.9031   165    29185.0000     Cuts: 118   306422    2.28%
  19630     0    28504.9538   144    29185.0000      Cuts: 74   306746    2.28%
  19630     0    28504.9538   162    29185.0000     Cuts: 101   306964    2.28%
  19630     0    28504.9538   122    29185.0000      Cuts: 71   307240    2.28%
  19630     0    28504.9538   135    29185.0000     Cuts: 105   307531    2.28%
  19630     0    28504.9538   111    29185.0000      Cuts: 61   307820    2.28%
  19630     0    28504.9538   165    29185.0000      Cuts: 92   308062    2.28%
  19630     0    28504.9538   105    29185.0000      Cuts: 51   308151    2.28%
  19630     0    28504.9538   122    29185.0000      Cuts: 73   308279    2.28%
  19630     2    28504.9538    74    29185.0000    28520.9685   308279    2.28%
  19934   257    29177.0000    34    29185.0000    28520.9685   310422    2.28%
  20272   510    28732.2941    63    29185.0000    28520.9685   313301    2.28%
  20543   723    28581.5785    66    29185.0000    28520.9685   316815    2.28%
  20936  1080    28687.0000    53    29185.0000    28520.9685   320850    2.28%
  21360  1435    28626.0870    77    29185.0000    28520.9685   325514    2.28%
  21775  1764    infeasible          29185.0000    28520.9685   331228    2.28%
  22238  2179    28669.4282    84    29185.0000    28521.5945   337983    2.27%
Elapsed time = 43.82 sec. (60669.00 ticks, tree = 7.09 MB, solutions = 18)
  22655  2538    28779.5385    78    29185.0000    28523.0682   346499    2.27%
  23259  3067    28946.0000    77    29185.0000    28524.4572   353519    2.26%
  23703  3435    28595.2991    86    29185.0000    28525.4083   359648    2.26%
  24154  3818    28545.1455    94    29185.0000    28526.6890   364746    2.26%
  24606  4198    infeasible          29185.0000    28528.3737   371007    2.25%
  25043  4557    29156.0000    44    29185.0000    28528.4413   376895    2.25%
  25544  4948    29139.3750    70    29185.0000    28529.1034   383896    2.25%
  25844  5144    28599.4737    85    29185.0000    28529.1034   390641    2.25%
  26048  5314    28554.8696   102    29185.0000    28529.6795   396951    2.25%
  26280  5518    28641.6281   108    29185.0000    28529.7814   402262    2.25%
Elapsed time = 49.69 sec. (70297.66 ticks, tree = 19.23 MB, solutions = 18)
  26448  5661    28629.8691   130    29185.0000    28530.0762   407923    2.24%
  26601  5791    28684.2857    85    29185.0000    28530.0762   413471    2.24%
  26768  5939    28599.4737   115    29185.0000    28530.4989   418729    2.24%
  26974  6120    28538.4318   138    29185.0000    28530.9620   425146    2.24%
  27234  6368    28852.4448   124    29185.0000    28531.2846   431445    2.24%
  27402  6521    28720.3517   110    29185.0000    28531.4236   437386    2.24%
  27535  6636    28547.0658   122    29185.0000    28531.8828   444111    2.24%
  27649  6712    28609.9250   134    29185.0000    28532.8304   450305    2.23%
  27805  6853    28593.0433   138    29185.0000    28532.9798   455424    2.23%
  27961  6992    28626.6839   121    29185.0000    28533.0952   460679    2.23%
Elapsed time = 55.55 sec. (80039.26 ticks, tree = 26.53 MB, solutions = 18)
  28020  7034    28618.9455   134    29185.0000    28533.1091   466474    2.23%
  28090  7090    28630.7228   106    29185.0000    28533.5484   472032    2.23%
  28233  7222    28854.6667    80    29185.0000    28533.5785   477862    2.23%
  28400  7370    28535.1528   136    29185.0000    28533.8800   484366    2.23%
  28609  7566    29133.0000    27    29185.0000    28534.3587   490275    2.23%
  28694  7623    28640.0000   139    29185.0000    28534.3587   495902    2.23%
  28799  7717    28861.2142   114    29185.0000    28534.3658   501932    2.23%
  28944  7839    28596.8542   165    29185.0000    28534.5435   508058    2.23%
  29058  7946    28659.1339   125    29185.0000    28534.8513   514615    2.23%
  29130  8001    28662.4071   131    29185.0000    28535.0724   521280    2.23%
Elapsed time = 61.50 sec. (89949.58 ticks, tree = 32.86 MB, solutions = 18)
  29345  8190    29090.0000    97    29185.0000    28535.1067   528724    2.23%
  29473  8292    28623.7423   163    29185.0000    28535.1528   535753    2.23%
  29530  8343    28759.1010   115    29185.0000    28535.5606   538865    2.23%
  29632  8429    28796.8571   116    29185.0000    28535.6919   544334    2.22%
  29763  8547    28567.9423   123    29185.0000    28535.7714   551780    2.22%
  29876  8649    28727.0222   161    29185.0000    28535.9011   558625    2.22%
  29975  8734    28587.9020   163    29185.0000    28536.0522   565254    2.22%
  30212  8947    28605.3550   155    29185.0000    28536.2000   571584    2.22%
  30316  9038    28631.7500   149    29185.0000    28536.2000   578251    2.22%
  30372  9084    28710.0444   103    29185.0000    28536.2149   585910    2.22%
Elapsed time = 68.07 sec. (100546.74 ticks, tree = 40.88 MB, solutions = 18)
  30480  9182    28797.7791   136    29185.0000    28536.2368   592306    2.22%
  30568  9255    28632.5294   123    29185.0000    28536.3174   598867    2.22%
  30643  9318    infeasible          29185.0000    28536.3431   606819    2.22%
  30805  9467    28640.3868   113    29185.0000    28536.5000   614488    2.22%
  30950  9592    28661.4870   118    29185.0000    28536.7092   622340    2.22%
  31046  9679    28594.0806   153    29185.0000    28536.9231   629584    2.22%
  31153  9778    28676.0000    94    29185.0000    28536.9231   635297    2.22%
  31332  9938    28606.5346   142    29185.0000    28537.2780   643206    2.22%
  31420 10018    28636.7711   177    29185.0000    28537.4365   650593    2.22%
  31807 10348    28738.7955   192    29185.0000    28537.7304   676925    2.22%
Elapsed time = 75.68 sec. (113273.89 ticks, tree = 51.30 MB, solutions = 18)
  32130 10603    28651.0000   100    29185.0000    28538.2159   696759    2.22%
  33002 11418    28881.0000    47    29185.0000    28538.4176   726706    2.22%
  33605 11939    28637.4762   117    29185.0000    28539.2305   757920    2.21%
  34413 12675    28728.6667   125    29185.0000    28539.4876   792705    2.21%
  35047 13238    28795.8839   147    29185.0000    28539.7446   828561    2.21%
  35966 14083    28841.8104   135    29185.0000    28540.0924   863435    2.21%
  36578 14650    28895.6992   161    29185.0000    28540.8711   890527    2.21%
  37019 15023    28884.6667   140    29185.0000    28541.1829   910321    2.21%
  37693 15634    28646.0000    95    29185.0000    28541.6571   941946    2.20%
  38240 16135    29170.0000    26    29185.0000    28542.0556   974439    2.20%
Elapsed time = 100.06 sec. (151971.60 ticks, tree = 103.95 MB, solutions = 18)
  38731 16522    28610.7013   154    29185.0000    28542.2795  1011181    2.20%
  39330 17045    28699.0000    26    29185.0000    28542.5909  1039154    2.20%
  39998 17644    28690.7742    99    29185.0000    28542.9785  1068630    2.20%
  40343 17925    28609.6667   149    29185.0000    28543.0318  1097483    2.20%
  41172 18696    28606.3172   119    29185.0000    28543.2922  1129519    2.20%
  41652 19106    28753.8975   164    29185.0000    28544.2592  1162060    2.20%
* 41930+18121                        29155.0000    28544.3967             2.09%
  42030 18217    28582.0461   201    29155.0000    28544.4145  1181748    2.09%
* 42430+17757                        29140.0000    28544.5523             2.04%
  42630 17942    29053.0000    29    29140.0000    28544.5523  1214735    2.04%
  43145 18394    28708.9974   191    29140.0000    28544.8710  1243518    2.04%
  43620 18810    28604.4475   201    29140.0000    28545.1661  1272484    2.04%
Elapsed time = 125.77 sec. (192736.23 ticks, tree = 132.53 MB, solutions = 20)
  44114 19247    infeasible          29140.0000    28545.5422  1302264    2.04%
  44588 19654    28552.4787   139    29140.0000    28545.7733  1331572    2.04%
  44968 19997    28583.3388   154    29140.0000    28546.0830  1353126    2.04%
  45565 20525    28735.1570   155    29140.0000    28546.6235  1388497    2.04%
  46215 21111    28726.7950   143    29140.0000    28547.3741  1426757    2.03%
  46608 21459    29086.0000    64    29140.0000    28547.5909  1457940    2.03%
* 46930+19241                        29077.0000    28547.8147             1.82%
  46930 19243    28978.9167   155    29077.0000    28547.8147  1482341    1.82%
  47270 19549    28684.9285   135    29077.0000    28548.0000  1498902    1.82%
  47785 20016    28624.0000   126    29077.0000    28548.2360  1530402    1.82%
  48430 20603    28637.5900   131    29077.0000    28548.4813  1564110    1.82%
Elapsed time = 150.78 sec. (232090.96 ticks, tree = 152.58 MB, solutions = 21)
  48996 21099    28588.4825   183    29077.0000    28548.9701  1603462    1.82%
  49616 21642    28623.0000   137    29077.0000    28549.2353  1641001    1.82%
  50423 22361    28590.3618   186    29077.0000    28549.7661  1676486    1.81%
  50934 22807    28571.7741   183    29077.0000    28550.3911  1706196    1.81%
  51275 23122    28769.0000   113    29077.0000    28550.4792  1724571    1.81%
  52034 23816    28786.0000   102    29077.0000    28550.6827  1753537    1.81%
  52546 24265    28684.9044   216    29077.0000    28550.8475  1786529    1.81%
  53170 24843    28943.8992    92    29077.0000    28550.9324  1821075    1.81%
  54082 25667    29047.4295   123    29077.0000    28551.2079  1861596    1.81%
  54715 26206    28632.7778   141    29077.0000    28551.5625  1898209    1.81%
Elapsed time = 174.65 sec. (270499.31 ticks, tree = 203.73 MB, solutions = 21)
  55085 26533    28810.0000   114    29077.0000    28551.5901  1934541    1.81%
  55295 26710    28674.0000    68    29077.0000    28551.5901  1955654    1.81%
* 55842 20152      integral     0    28876.0000    28551.5909  1973117    1.12%
  55967 20245    28622.2072   145    28876.0000    28552.0857  1987177    1.12%
  56371 20559    28824.4000   131    28876.0000    28552.4123  2016665    1.12%
  56959 21098    28671.8475   190    28876.0000    28552.7900  2049010    1.12%
  57330 21398    28646.0000   115    28876.0000    28553.0158  2075567    1.12%
  58010 21985    28658.0000   137    28876.0000    28553.7113  2115265    1.12%
  58573 22498    28682.6875   134    28876.0000    28554.2583  2151748    1.11%
  58885 22741    28694.2854   142    28876.0000    28554.7233  2190953    1.11%
* 58930+19786                        28814.0000    28554.7233             0.90%
* 59130+ 3110                        28612.0000    28554.8696             0.20%
  59130  3109    28612.0000     0    28612.0000    28554.8696  2214545    0.20%
Elapsed time = 198.91 sec. (309222.46 ticks, tree = 24.16 MB, solutions = 24)
  59452  3261    28590.7327   189    28612.0000    28556.0000  2238787    0.20%
  59732  3360    28593.0000   134    28612.0000    28557.0628  2262196    0.19%
  60078  3489    28588.4000   126    28612.0000    28558.2727  2293847    0.19%
  60399  3505        cutoff          28612.0000    28560.1205  2326019    0.18%
* 60530+ 2247                        28600.0000    28560.8300             0.14%
  60688  2313    28582.8462   129    28600.0000    28561.3008  2349943    0.14%
  61079  2392    28581.6071   212    28600.0000    28563.5240  2376017    0.13%
  61399  2352        cutoff          28600.0000    28566.0352  2412962    0.12%
  61720  2263        cutoff          28600.0000    28568.4266  2450659    0.11%
  62230  2436        cutoff          28600.0000    28569.6804  2488171    0.11%
  62828  2634        cutoff          28600.0000    28572.1667  2522079    0.10%
Elapsed time = 222.73 sec. (347501.29 ticks, tree = 23.02 MB, solutions = 25)
  63095  2554    28594.0000   155    28600.0000    28574.3665  2552829    0.09%
  63437  2474    28598.1582   168    28600.0000    28577.5787  2584786    0.08%
  63805  2306    28586.9434   184    28600.0000    28581.0000  2615492    0.07%
  64175  2076        cutoff          28600.0000    28585.1160  2649165    0.05%
  65432  2174        cutoff          28600.0000    28587.0000  2687328    0.05%
* 67990+    1                        28587.0000    28587.0000             0.00%

Clique cuts applied:  52
Cover cuts applied:  613
Flow cuts applied:  15
Mixed integer rounding cuts applied:  109
Zero-half cuts applied:  32
Lift and project cuts applied:  3
Gomory fractional cuts applied:  8

Root node processing (before b&c):
  Real time             =    0.42 sec. (487.80 ticks)
Sequential b&c:
  Real time             =  236.00 sec. (370052.29 ticks)
                          ------------
Total (root+branch&cut) =  236.42 sec. (370540.09 ticks)
MIP: [1;32mCPLEX finished.[0m
MIP: [1;32mCPLEX status: Optimal[0m
MIP: [1;32mSolution: 
[18, 9, 16, 15, 28, 13, 24, 6, 20, 17, 9, 7, 10, 8, 29, 34, 24, 28, 16, 26, 10, 32, 33, 4, 11, 30, 14, 11, 6, 27, 0, 30, 32, 23, 5, 27, 35, 17, 25, 24, 15, 31, 5, 16, 20, 31, 25, 34, 14, 14, 29, 17, 34, 14, 4, 35, 29, 31, 6, 26, 23, 35, 33, 28, 27, 21, 18, 32, 19, 28][8, -1, -1, -1, 22, 1, 13, 18, 3, 19, 11, 4, -1, 14, 6, 1, 23, 6, 16, 20, 14, 4, -1, 2, 18, 11, 3, 5, 9, 19, 2, 8, 20, 20, 22, 13][0m
MIP: [1;32mObjective value: 28587[0m
MIP: [1;32mLower Bound: 28587[0m
MIP: [1;32mBranch-and-Bound nodes: 67990[0m

# best solution:
best objective value:	28587
best dual bound value:	28587
optimality gap:	0%
CPU time:	235.256
