ifile	/scratch/csagturk/mlbp_inst/n0070_m05__023.inst
prob	TNFMLBP
threads	1
ttime	900
instance: /scratch/csagturk/mlbp_inst/n0070_m05__023.inst
	m=5, n=[70, 34, 26, 21, 17, 14]
MIP: [1;32minit CPLEX[0m
CAN: [1;35mcreated 4405 x_{ijk} and f_{ijk} variables[0m
CAN: [1;35mcreated 182 y_{ij} variables[0m
MIP: [1;32mcreated decision variables[0m
MIP: [1;32mcreated constraints[0m
MIP: [1;32mcreated objective function[0m
MIP: [1;32mcalling CPLEX solve ...[0m
Version identifier: 22.1.0.0 | 2022-03-09 | 1a383f8ce
CPXPARAM_Threads                                 1
CPXPARAM_TimeLimit                               900
Tried aggregator 5 times.
MIP Presolve eliminated 71 rows and 4844 columns.
MIP Presolve modified 1124 coefficients.
Aggregator did 392 substitutions.
Reduced MIP has 868 rows, 4666 columns, and 9318 nonzeros.
Reduced MIP has 4372 binaries, 0 generals, 0 SOSs, and 186 indicators.
Presolve time = 0.04 sec. (42.63 ticks)
Probing fixed 0 vars, tightened 110 bounds.
Probing changed sense of 98 constraints.
Probing time = 0.03 sec. (23.96 ticks)
Tried aggregator 1 time.
MIP Presolve eliminated 588 rows and 686 columns.
Reduced MIP has 280 rows, 3980 columns, and 7946 nonzeros.
Reduced MIP has 3980 binaries, 0 generals, 0 SOSs, and 0 indicators.
Presolve time = 0.01 sec. (9.07 ticks)
Tried aggregator 1 time.
Detecting symmetries...
Reduced MIP has 280 rows, 3980 columns, and 7946 nonzeros.
Reduced MIP has 3980 binaries, 0 generals, 0 SOSs, and 0 indicators.
Presolve time = 0.01 sec. (8.06 ticks)
Probing time = 0.00 sec. (2.74 ticks)
Clique table members: 1407.
MIP emphasis: balance optimality and feasibility.
MIP search method: dynamic search.
Parallel mode: none, using 1 thread.
Root relaxation solution time = 0.01 sec. (15.21 ticks)

        Nodes                                         Cuts/
   Node  Left     Objective  IInf  Best Integer    Best Bound    ItCnt     Gap

      0     0    55383.7723    97                  55383.7723      731         
      0     0    55579.2851   138                   Cuts: 151     1000         
      0     0    55614.4716   177                   Cuts: 139     1257         
      0     0    55695.7520   193                   Cuts: 143     1608         
      0     0    55738.8012   176                   Cuts: 146     1945         
      0     0    55827.7482   180                   Cuts: 146     2343         
      0     0    55957.0312   209                   Cuts: 115     2764         
      0     0    56015.5313   219                   Cuts: 109     3275         
      0     0    56057.3591   216                   Cuts: 121     3725         
      0     0    56078.9078   229                   Cuts: 114     4087         
      0     0    56120.8782   248                    Cuts: 96     5172         
      0     0    56164.8341   240                   Cuts: 122     5570         
      0     0    56182.7775   234                    Cuts: 97     5836         
      0     0    56197.7890   247                    Cuts: 90     6123         
      0     0    56215.0999   277                   Cuts: 108     6792         
      0     0    56239.1415   282                   Cuts: 110     7109         
      0     0    56253.0664   244                   Cuts: 118     7525         
      0     0    56283.7019   254                    Cuts: 96     8054         
      0     0    56300.2964   253                   Cuts: 122     8366         
      0     0    56342.7958   242                    Cuts: 94     8607         
      0     0    56388.8035   247                    Cuts: 90     9058         
      0     0    56400.8100   280                   Cuts: 109     9552         
      0     0    56417.2444   269                    Cuts: 87     9810         
      0     0    56427.3630   280                   Cuts: 107    10344         
      0     0    56440.6449   251                    Cuts: 74    10635         
      0     0    56456.8923   269                   Cuts: 109    10934         
      0     0    56468.3435   289                    Cuts: 82    11157         
*     0+    0                        65934.0000    56468.3435            14.36%
*     0+    0                        65259.0000    56468.3435            13.47%
*     0+    0                        64319.0000    56468.3435            12.21%
*     0+    0                        64116.0000    56468.3435            11.93%
*     0+    0                        63932.0000    56468.3435            11.67%
*     0+    0                        63921.0000    56468.3435            11.66%
      0     0  -1.00000e+75     0    63921.0000    56468.3435    11157   11.66%
      0     2    56468.3435   257    63921.0000    56468.5617    11157   11.66%
Elapsed time = 1.52 sec. (2043.93 ticks, tree = 0.01 MB, solutions = 6)
     70    72    56793.7890   136    63921.0000    56478.7100    13160   11.64%
    160   162    57484.6949    72    63921.0000    56478.7100    14545   11.64%
    283   264    56581.4557   213    63921.0000    56481.3326    16524   11.64%
    360   341    57897.2288   136    63921.0000    56481.3326    18827   11.64%

Performing restart 1

Repeating presolve.
Tried aggregator 1 time.
MIP Presolve modified 2385 coefficients.
Reduced MIP has 280 rows, 3980 columns, and 7946 nonzeros.
Reduced MIP has 3980 binaries, 0 generals, 0 SOSs, and 0 indicators.
Presolve time = 0.02 sec. (11.82 ticks)
Tried aggregator 1 time.
MIP Presolve modified 1662 coefficients.
Reduced MIP has 280 rows, 3980 columns, and 7946 nonzeros.
Reduced MIP has 3980 binaries, 0 generals, 0 SOSs, and 0 indicators.
Presolve time = 0.01 sec. (12.43 ticks)
Represolve time = 0.10 sec. (75.91 ticks)
    469     0    56366.6896   251    63921.0000     Cuts: 140    23248   11.64%
    469     0    56393.0252   274    63921.0000     Cuts: 118    23588   11.64%
    469     0    56433.4022   244    63921.0000     Cuts: 116    23896   11.64%
*   469+    0                        63878.0000    56481.3326            11.58%
*   469+    0                        63867.0000    56481.3326            11.56%
    469     0  -1.00000e+75     0    63867.0000    56481.3326    23896   11.56%
    469     0    56488.0109   241    63867.0000      Cuts: 90    24253   11.55%
    469     0    56502.1920   252    63867.0000      Cuts: 90    24566   11.53%
    469     0    56514.3171   250    63867.0000      Cuts: 75    24805   11.51%
    469     0    56521.6516   260    63867.0000      Cuts: 87    25126   11.50%
    469     0    56522.8401   263    63867.0000      Cuts: 98    25424   11.50%
    469     0    56523.1634   282    63867.0000      Cuts: 66    25653   11.50%
    469     0    56523.5397   268    63867.0000      Cuts: 67    25815   11.50%
    469     0    56526.8451   274    63867.0000      Cuts: 71    26031   11.49%
    469     0    56530.3309   288    63867.0000      Cuts: 63    26407   11.49%
    469     0    56532.5444   229    63867.0000      Cuts: 71    26655   11.48%
    469     0    56532.6954   245    63867.0000      Cuts: 70    26845   11.48%
    469     0    56535.0834   242    63867.0000      Cuts: 48    27044   11.48%
    469     0    56535.9660   255    63867.0000      Cuts: 55    27267   11.48%
    469     0    56536.4445   291    63867.0000      Cuts: 74    27564   11.48%
*   469+    0                        62462.0000    56536.4445             9.49%
    469     0  -1.00000e+75     0    62462.0000    56536.4445    27564    9.49%
    469     2    56536.4445   248    62462.0000    56538.3681    27564    9.48%
    470     3    56578.0994   218    62462.0000    56578.9812    27666    9.42%
    472     5    56667.2827   228    62462.0000    56591.3472    27771    9.40%
    475     8    56626.3969   221    62462.0000    56591.3472    27884    9.40%
    477    10    56652.4029   190    62462.0000    56591.3472    27989    9.40%
    499    32    57224.4847   207    62462.0000    56591.3472    28926    9.40%
Elapsed time = 6.71 sec. (9767.39 ticks, tree = 0.18 MB, solutions = 9)
    559    80    59461.7304   121    62462.0000    56591.3472    31826    9.40%
    633   149    59945.7967   198    62462.0000    56596.5140    35738    9.39%
    720   230    57185.7030   204    62462.0000    56602.2524    39120    9.38%
    866   362    56844.2994   189    62462.0000    56637.9960    43772    9.32%
    958   450    58214.1932   211    62462.0000    56638.2939    48710    9.32%
   1044   528    56914.1767   229    62462.0000    56641.2574    54757    9.32%
   1173   653    58764.3490   178    62462.0000    56641.4354    59580    9.32%
   1346   808    57466.0334   226    62462.0000    56642.2207    63749    9.32%
   1469   931    59815.9772   113    62462.0000    56642.2207    67843    9.32%
   1617  1067        cutoff          62462.0000    56643.7939    74219    9.31%
Elapsed time = 13.04 sec. (20543.13 ticks, tree = 6.96 MB, solutions = 9)
   1769  1206    60569.8343   147    62462.0000    56643.8987    80160    9.31%
   1870  1293    58162.2947   179    62462.0000    56654.8961    87966    9.30%
   2090  1506    58767.4182   162    62462.0000    56656.9296    94294    9.29%
   2231  1629    56678.9061   233    62462.0000    56657.7839   103166    9.29%
   2393  1781    58577.6752   116    62462.0000    56659.9337   111815    9.29%
   2608  1983    58952.7623   142    62462.0000    56664.6390   118999    9.28%
   2744  2106        cutoff          62462.0000    56665.3972   128206    9.28%
   2869  2216    58306.4881   199    62462.0000    56667.4823   135388    9.28%
   3069  2406    58517.7451   155    62462.0000    56668.4346   142968    9.28%
   3203  2530    58024.5851   192    62462.0000    56669.8574   150575    9.27%
Elapsed time = 18.62 sec. (30305.28 ticks, tree = 16.87 MB, solutions = 9)
   3407  2722    56735.1706   208    62462.0000    56673.1560   158201    9.27%
*  3469+ 2737                        62068.0000    56673.1560             8.69%
*  3469+ 2737                        62039.0000    56673.1560             8.65%
   3469  2739    58880.2870   187    62039.0000    56673.1560   159527    8.65%
*  3569+ 2829                        62027.0000    56675.3937             8.63%
   3648  2904    59249.6842   180    62027.0000    56675.5886   166404    8.63%
   3872  3120    58479.0168   157    62027.0000    56678.6991   173771    8.62%
   4061  3298    57962.4174   206    62027.0000    56683.7452   181272    8.61%
   4362  3590    57203.1059   194    62027.0000    56693.7389   188118    8.60%
*  4469+ 3452                        61239.0000    56694.7496             7.42%
*  4469+ 3355                        60838.0000    56694.7496             6.81%
*  4469+ 3349                        60804.0000    56694.7496             6.76%
   4469  3351    56958.5469   178    60804.0000    56694.7496   193241    6.76%
   4661  3531    56741.8344   215    60804.0000    56697.6300   201659    6.75%
   4796  3656    58478.3156   198    60804.0000    56698.6415   209283    6.75%
   4904  3746    58799.4747   196    60804.0000    56700.6125   219708    6.75%
Elapsed time = 25.71 sec. (41630.85 ticks, tree = 25.47 MB, solutions = 15)
   5030  3855    58571.3274   196    60804.0000    56701.9496   226758    6.75%
   5155  3969    56990.2943   211    60804.0000    56703.7079   235153    6.74%
   5321  4120        cutoff          60804.0000    56705.4922   243588    6.74%
   5466  4257    58796.2623    99    60804.0000    56708.5132   250534    6.74%
   5469  4260    58800.8688    96    60804.0000    56708.5132   250609    6.74%
   5669  4457    58876.5703   143    60804.0000    56709.1356   258192    6.73%
   5866  4638    59152.7377   118    60804.0000    56709.3398   265661    6.73%
   6041  4798    56789.8734   217    60804.0000    56710.1026   276023    6.73%
   6279  5017    56752.7970   266    60804.0000    56710.5496   285270    6.73%
   6469  5199    59999.6898   128    60804.0000    56712.8070   293642    6.73%
Elapsed time = 32.03 sec. (52122.54 ticks, tree = 36.35 MB, solutions = 15)
   6586  5306    58808.3449   167    60804.0000    56715.3023   301335    6.72%
   6741  5444    56778.4058   279    60804.0000    56718.5499   309029    6.72%
   6872  5567        cutoff          60804.0000    56718.6642   316154    6.72%
   6952  5641    59228.9376   117    60804.0000    56718.7532   323706    6.72%
   7077  5749    56975.9380   206    60804.0000    56720.0628   329616    6.72%
   7198  5858    56836.2992   224    60804.0000    56722.3728   338290    6.71%
   7350  6004    59064.2000    52    60804.0000    56722.8166   345352    6.71%
   7462  6106    56744.6579   265    60804.0000    56724.5328   351703    6.71%
*  7469+ 6014                        60594.0000    56724.5328             6.39%
   7469  6016    56913.3789   256    60594.0000    56724.5328   352065    6.39%
   7600  6143    57211.0885   201    60594.0000    56724.8513   359155    6.39%
Elapsed time = 38.47 sec. (62771.58 ticks, tree = 43.55 MB, solutions = 16)
   7691  6222    56993.5308   230    60594.0000    56728.5244   367166    6.38%
   7809  6332    58024.6417   180    60594.0000    56729.9413   373198    6.38%
   7949  6454    56971.0257   226    60594.0000    56732.0358   381310    6.37%
   8028  6527    58001.3683   199    60594.0000    56732.1290   388371    6.37%
   8099  6594    58036.3630   192    60594.0000    56732.9262   394883    6.37%
   8203  6683    57027.8171   246    60594.0000    56735.2002   401404    6.37%
   8328  6800    58324.9033   159    60594.0000    56735.9146   408445    6.37%
   8469  6935    56976.4236   192    60594.0000    56736.6647   412644    6.37%
   8554  7016    59480.0356   157    60594.0000    56737.6226   419778    6.36%
   8632  7084    58798.8722   183    60594.0000    56738.3638   427340    6.36%
Elapsed time = 44.91 sec. (73560.71 ticks, tree = 51.05 MB, solutions = 16)
   8690  7134    56883.6664   235    60594.0000    56738.8148   433662    6.36%
   8789  7225    57177.6687   230    60594.0000    56739.5009   441286    6.36%
   8931  7357    58869.8110   152    60594.0000    56740.2200   448232    6.36%
   9009  7423    60021.8536   139    60594.0000    56740.3135   455799    6.36%
   9156  7562    59176.9489   165    60594.0000    56740.5577   462292    6.36%
   9242  7640    56837.0164   205    60594.0000    56742.6241   470520    6.36%
   9388  7775        cutoff          60594.0000    56743.0912   477573    6.36%
   9469  7850    57082.6697   265    60594.0000    56743.4266   482640    6.35%
   9616  7988    56931.3337   247    60594.0000    56744.8991   490007    6.35%
   9756  8123    59251.2043   176    60594.0000    56745.0457   496296    6.35%
Elapsed time = 51.75 sec. (84977.97 ticks, tree = 59.79 MB, solutions = 16)
*  9849+ 8102                        60510.0000    56745.6465             6.22%
*  9849+ 7878                        60181.0000    56745.6465             5.71%
*  9849+ 7845                        60126.0000    56745.6465             5.62%
*  9849+ 7789                        60038.0000    56745.6465             5.48%
*  9849+ 7738                        59954.0000    56745.6465             5.35%
*  9849+ 7719                        59925.0000    56745.6465             5.31%
*  9849+ 7512                        59692.0000    56745.6465             4.94%
*  9849+ 6956                        59368.0000    56745.6465             4.42%
   9849  6958    57061.6069   174    59368.0000    56745.6465   503441    4.42%
   9850  6959    57092.2255   237    59368.0000    56746.1173   504137    4.42%
   9852  6961    56831.2642   264    59368.0000    56746.8545   504930    4.42%
*  9949+ 5805                        58934.0000    56746.9397             3.71%
   9959  5812    57477.3303   232    58934.0000    56747.2244   511537    3.71%
  10033  5878    56941.2945   245    58934.0000    56747.6911   517192    3.71%
  10091  5927    56826.0541   223    58934.0000    56747.7788   524884    3.71%
  10192  6017    58705.3362   195    58934.0000    56747.9792   531724    3.71%
  10304  6117    57020.8163   237    58934.0000    56750.8493   537663    3.70%
  10437  6245    56966.8445   251    58934.0000    56750.9237   544740    3.70%
  10550  6352    57412.6331   209    58934.0000    56750.9818   549216    3.70%
Elapsed time = 85.65 sec. (126982.43 ticks, tree = 48.03 MB, solutions = 25)
  10623  6411    58053.6199   257    58934.0000    56751.3172   556457    3.70%
  10674  6451    57198.7032   249    58934.0000    56752.7180   563270    3.70%
  10763  6528    58816.7668   196    58934.0000    56753.1328   569427    3.70%
  10844  6597    58339.9728   257    58934.0000    56753.9812   575450    3.70%
  10941  6682    57386.1875   282    58934.0000    56754.2625   581477    3.70%
  11018  6751    58510.1882   190    58934.0000    56754.7460   587724    3.70%
  11086  6804    56867.4710   235    58934.0000    56755.2533   592529    3.70%
  11189  6899    56924.2085   255    58934.0000    56755.5781   598423    3.70%
  11269  6975    58782.5154   208    58934.0000    56755.8377   603939    3.70%
  11469  7148    56849.5491   293    58934.0000    56757.1744   622917    3.69%
Elapsed time = 94.54 sec. (141535.52 ticks, tree = 55.30 MB, solutions = 25)
  11714  7363    58263.3576   187    58934.0000    56759.4062   645571    3.69%
  11979  7593    57055.0092   212    58934.0000    56760.8365   667958    3.69%
  12265  7840    56991.1706   252    58934.0000    56762.8472   692099    3.68%
  12495  8040    58257.8339   180    58934.0000    56764.3801   712304    3.68%
  12827  8341    57547.8797   267    58934.0000    56765.8358   735254    3.68%
  13169  8650    58850.1142   160    58934.0000    56768.8938   757801    3.67%
  13469  8914    58351.8168   173    58934.0000    56770.6164   779928    3.67%
  13724  9142    57631.5061   247    58934.0000    56772.6068   800496    3.67%
  13948  9344    58611.9524   183    58934.0000    56775.2080   820437    3.66%
  14326  9690    58377.9790   142    58934.0000    56776.2788   841194    3.66%
Elapsed time = 118.78 sec. (181333.88 ticks, tree = 81.72 MB, solutions = 25)
  14469  9813    57066.0668   233    58934.0000    56776.5279   855170    3.66%
  14638  9953    56940.7117   288    58934.0000    56778.5338   878484    3.66%
  15012 10305    58698.9761   218    58934.0000    56781.5255   901090    3.65%
  15241 10508    58714.8353   206    58934.0000    56782.5894   922866    3.65%
  15458 10700        cutoff          58934.0000    56784.1962   942806    3.65%
  15681 10902    58240.7683   224    58934.0000    56784.5848   961060    3.65%
  15919 11122    56971.1456   282    58934.0000    56784.9490   983515    3.65%
  16154 11350    58285.5475   176    58934.0000    56785.3731  1005176    3.65%
  16277 11449    56890.8754   254    58934.0000    56786.0198  1023169    3.64%
  16451 11609    57538.4046   207    58934.0000    56786.0198  1042979    3.64%
Elapsed time = 142.85 sec. (220459.64 ticks, tree = 104.33 MB, solutions = 25)
  16538 11681    57175.8500   219    58934.0000    56786.2893  1054942    3.64%
  16673 11791    58893.7657   221    58934.0000    56786.8493  1076591    3.64%
  16860 11951    56993.8625   236    58934.0000    56789.0536  1097270    3.64%
  17012 12088    57797.1583   282    58934.0000    56790.5486  1118133    3.64%
  17268 12321    57799.3626   230    58934.0000    56791.7760  1140423    3.63%
  17419 12458    57826.4374   244    58934.0000    56794.5520  1161809    3.63%
  17498 12531    57098.6302   224    58934.0000    56794.7447  1171994    3.63%
  17608 12618    57016.7576   204    58934.0000    56795.3115  1193413    3.63%
  17776 12770        cutoff          58934.0000    56795.3425  1216117    3.63%
  17887 12862    57159.0045   251    58934.0000    56797.4250  1238094    3.63%
Elapsed time = 167.41 sec. (259526.25 ticks, tree = 120.53 MB, solutions = 25)
  18095 13053    57261.9984   297    58934.0000    56798.0176  1259002    3.62%
  18222 13162    57285.2352   242    58934.0000    56798.6600  1278975    3.62%
  18377 13295    57824.2667   276    58934.0000    56799.7120  1301256    3.62%
  18506 13414    57202.4367   298    58934.0000    56799.8811  1312434    3.62%
  18684 13572    57359.0343   252    58934.0000    56800.6718  1335995    3.62%
  18781 13654    57646.9012   265    58934.0000    56802.1485  1352041    3.62%
  18925 13778    57704.5870   229    58934.0000    56802.3178  1371184    3.62%
  19087 13918    57791.6210   214    58934.0000    56802.6970  1388220    3.62%
  19410 14218    57927.0204   231    58934.0000    56802.8009  1409260    3.62%
  19469 14269    58691.3375   196    58934.0000    56802.8277  1420373    3.62%
Elapsed time = 192.74 sec. (299452.60 ticks, tree = 139.63 MB, solutions = 25)

Performing restart 2

Repeating presolve.
Tried aggregator 1 time.
MIP Presolve modified 1662 coefficients.
Reduced MIP has 280 rows, 3980 columns, and 7946 nonzeros.
Reduced MIP has 3980 binaries, 0 generals, 0 SOSs, and 0 indicators.
Presolve time = 0.01 sec. (10.45 ticks)
Tried aggregator 1 time.
MIP Presolve modified 1662 coefficients.
Reduced MIP has 280 rows, 3980 columns, and 7946 nonzeros.
Reduced MIP has 3980 binaries, 0 generals, 0 SOSs, and 0 indicators.
Presolve time = 0.01 sec. (12.43 ticks)
Represolve time = 0.17 sec. (113.02 ticks)
  19649     0    56589.9724   334    58934.0000      Cuts: 41  1443789    3.61%
  19649     0    56591.9059   256    58934.0000      Cuts: 70  1444046    3.61%
  19649     0    56606.7414   236    58934.0000      Cuts: 65  1444366    3.61%
* 19649+    0                        58657.0000    56804.7144             3.16%
  19649     0  -1.00000e+75     0    58657.0000    56804.7144  1444366    3.16%
  19649     0    56621.9372   249    58657.0000      Cuts: 97  1444687    3.16%
  19649     0    56624.8005   248    58657.0000      Cuts: 51  1444868    3.16%
  19649     0    56631.1502   299    58657.0000      Cuts: 82  1445193    3.16%
  19649     0    56632.5100   291    58657.0000      Cuts: 76  1445585    3.16%
  19649     0    56636.0338   273    58657.0000      Cuts: 97  1445878    3.16%
  19649     0    56638.8734   255    58657.0000      Cuts: 91  1446177    3.16%
  19649     0    56639.9103   276    58657.0000      Cuts: 76  1446522    3.16%
  19649     0    56641.6098   262    58657.0000      Cuts: 59  1446836    3.16%
  19649     0    56641.6098   263    58657.0000      Cuts: 66  1447037    3.16%
  19649     0    56641.6632   256    58657.0000      Cuts: 28  1447157    3.16%
* 19649+    0                        58646.0000    56804.7144             3.14%
  19649     0  -1.00000e+75     0    58646.0000    56804.7144  1447157    3.14%
  19649     2    56641.6632   228    58646.0000    56804.7144  1447157    3.14%
  19675    28    57876.2101   192    58646.0000    56804.7144  1449249    3.14%
  19753   102    57475.9881   178    58646.0000    56804.7144  1454589    3.14%
  19982   307    56830.3828   209    58646.0000    56804.7144  1463106    3.14%
  20500   786    56877.6247   216    58646.0000    56804.7144  1478878    3.14%
  21010  1237    57270.7762   190    58646.0000    56804.7144  1498274    3.14%
  21450  1621    58072.7963   198    58646.0000    56804.7144  1521998    3.14%
  21649  1796    57137.1774   237    58646.0000    56804.7144  1535496    3.14%
  22204  2304    58107.6350   226    58646.0000    56804.7144  1556724    3.14%
  22669  2717    56858.9978   245    58646.0000    56806.1316  1579208    3.14%
Elapsed time = 218.66 sec. (341601.09 ticks, tree = 17.01 MB, solutions = 27)
  23169  3170    57275.5383   236    58646.0000    56811.6870  1602818    3.13%
  23676  3638    58631.9011   160    58646.0000    56818.8108  1626824    3.12%
  23995  3907    58107.0840   235    58646.0000    56823.2129  1646910    3.11%
  24407  4253    57581.1225   196    58646.0000    56825.2901  1668827    3.10%
  24649  4462    57024.2688   199    58646.0000    56828.3688  1678029    3.10%
  25031  4784    57030.1856   197    58646.0000    56831.6889  1701929    3.09%
  25295  4995    57918.9247   207    58646.0000    56836.3706  1728637    3.09%
  25649  5268    57002.8647   218    58646.0000    56842.5111  1757361    3.08%
  26017  5584    57436.0622   238    58646.0000    56851.3942  1780917    3.06%
  26449  5928    58586.7438   112    58646.0000    56860.1554  1811590    3.05%
Elapsed time = 245.90 sec. (383475.59 ticks, tree = 42.38 MB, solutions = 27)
  26897  6319    57454.3624   251    58646.0000    56864.3171  1837730    3.04%
  27286  6640    57886.9137   177    58646.0000    56867.8141  1866768    3.03%
  27637  6926        cutoff          58646.0000    56875.3082  1895512    3.02%
  27860  7105    58060.4280   213    58646.0000    56878.4536  1920246    3.01%
  28235  7442    57559.1806   245    58646.0000    56883.2863  1943474    3.01%
  28478  7623    57353.0368   242    58646.0000    56884.3706  1974240    3.00%
  28649  7775    58412.9491   138    58646.0000    56884.3706  1987871    3.00%
  28853  7944    57870.5905   219    58646.0000    56885.4702  2010545    3.00%
  28979  8013    58463.4800   232    58646.0000    56885.6085  2038149    3.00%
  29250  8247    57194.3102   270    58646.0000    56887.2808  2063334    3.00%
Elapsed time = 270.89 sec. (422570.62 ticks, tree = 64.69 MB, solutions = 27)
  29456  8408        cutoff          58646.0000    56892.7634  2090348    2.99%
  29689  8579    infeasible          58646.0000    56896.9453  2114556    2.98%
  29824  8658    58510.2513   233    58646.0000    56899.3755  2142188    2.98%
  30097  8895    57339.6917   287    58646.0000    56902.2359  2169041    2.97%
  30392  9145    58054.4621   262    58646.0000    56905.8461  2192502    2.97%
  30649  9375    58617.3428   171    58646.0000    56907.0232  2213233    2.97%
  30865  9561    58251.8797   261    58646.0000    56908.2676  2237057    2.96%
  31194  9844    58011.2052   232    58646.0000    56908.2676  2265782    2.96%
  31507 10112    57456.6215   165    58646.0000    56909.4782  2291532    2.96%
  31639 10219    58003.1864   305    58646.0000    56912.1611  2315574    2.96%
Elapsed time = 297.96 sec. (464446.03 ticks, tree = 87.13 MB, solutions = 27)
  31741 10313    57003.0945   234    58646.0000    56912.2511  2322600    2.96%
  32027 10559    58115.0242   291    58646.0000    56914.5004  2347631    2.95%
  32214 10696    58413.9613   213    58646.0000    56920.2749  2374300    2.94%
  32382 10829    58026.8111   181    58646.0000    56924.3899  2401859    2.94%
  32750 11136    58619.0271   199    58646.0000    56925.3051  2433082    2.93%
  33054 11377    57106.4975   272    58646.0000    56926.1992  2459278    2.93%
  33262 11552    58587.3678   241    58646.0000    56926.7202  2491107    2.93%
  33368 11624    57385.0573   314    58646.0000    56927.9677  2512796    2.93%
  33574 11795    57390.3401   274    58646.0000    56931.1026  2538830    2.92%
  33830 12003    58345.5398   291    58646.0000    56933.7432  2565935    2.92%
Elapsed time = 323.18 sec. (503176.67 ticks, tree = 109.32 MB, solutions = 27)
  34045 12179    56971.4575   272    58646.0000    56936.6655  2588749    2.91%
  34264 12367    58543.8136   172    58646.0000    56936.8219  2619991    2.91%
  34479 12553    57116.0512   265    58646.0000    56937.8560  2648775    2.91%
  34558 12607    57875.7111   217    58646.0000    56940.2878  2682582    2.91%
  34731 12751    58035.5019   257    58646.0000    56942.3890  2704745    2.90%
  34949 12933        cutoff          58646.0000    56943.4725  2729904    2.90%
  35205 13152    58206.4114   261    58646.0000    56945.8910  2757218    2.90%
  35455 13368    58188.3156   204    58646.0000    56947.8728  2781674    2.90%
  35578 13460    58413.5139   222    58646.0000    56949.5852  2810659    2.89%
  35649 13507    58170.6345   248    58646.0000    56950.6078  2824402    2.89%
Elapsed time = 348.56 sec. (542325.25 ticks, tree = 129.14 MB, solutions = 27)
  35809 13634    58074.6199   299    58646.0000    56953.0034  2849107    2.89%
  36042 13843    57830.6031   206    58646.0000    56955.2010  2870989    2.88%
  36158 13922    58571.1377   241    58646.0000    56957.7950  2893503    2.88%
  36315 14056    57948.2947   286    58646.0000    56959.2621  2914879    2.88%
  36418 14128    58361.3918   223    58646.0000    56961.9473  2938125    2.87%
  36621 14292    58517.9958   232    58646.0000    56965.4645  2964889    2.87%
  36815 14462    58017.2449   295    58646.0000    56965.4645  2985386    2.87%
  36983 14606    58555.8424   131    58646.0000    56965.4645  3012393    2.87%
  37166 14757    58338.5119   239    58646.0000    56966.8727  3039270    2.86%
  37277 14833    57907.3356   336    58646.0000    56966.8727  3057547    2.86%
Elapsed time = 373.99 sec. (581801.80 ticks, tree = 147.60 MB, solutions = 27)
  37385 14874    57796.4127   279    58646.0000    56970.0819  3085649    2.86%
  37632 15064    57727.2084   264    58646.0000    56973.1095  3114614    2.85%
  37807 15193    58536.4375   238    58646.0000    56973.5327  3141953    2.85%
  37980 15328    58037.2573   227    58646.0000    56974.8188  3167189    2.85%
  38137 15447    57753.7935   274    58646.0000    56976.9209  3192981    2.85%
  38284 15569    57950.2742   260    58646.0000    56977.4103  3219532    2.85%
  38350 15599    57399.4419   244    58646.0000    56980.9663  3245063    2.84%
  38450 15658    58540.0037   173    58646.0000    56983.2929  3270534    2.84%
  38595 15765    57094.4210   270    58646.0000    56985.8589  3291710    2.83%
  38681 15842    58102.3166   247    58646.0000    56985.9095  3301432    2.83%
Elapsed time = 400.38 sec. (622245.05 ticks, tree = 162.58 MB, solutions = 27)
  38923 16005        cutoff          58646.0000    56987.9816  3332816    2.83%
  39082 16129    57156.0663   223    58646.0000    56991.1037  3354043    2.82%
  39224 16236    58076.0941   231    58646.0000    56992.2228  3382784    2.82%
  39463 16434    57479.3820   281    58646.0000    56994.0849  3410883    2.82%
  39590 16530    57397.1532   259    58646.0000    56995.4455  3433406    2.81%
  39703 16632    57412.4177   204    58646.0000    56996.0442  3446294    2.81%
  39817 16713    58613.5178   218    58646.0000    57001.0229  3472112    2.80%
  39923 16784    58332.9330   205    58646.0000    57002.9442  3496912    2.80%
  40048 16854    58121.8608   317    58646.0000    57005.2880  3527221    2.80%
  40220 16999        cutoff          58646.0000    57007.0581  3555322    2.79%
Elapsed time = 425.77 sec. (661217.09 ticks, tree = 180.71 MB, solutions = 27)
  40418 17170    58577.2717   166    58646.0000    57009.8209  3583935    2.79%
  40616 17310        cutoff          58646.0000    57015.5661  3615010    2.78%
  40748 17424    58449.4769   240    58646.0000    57016.6396  3630523    2.78%
  40909 17556    57170.1434   252    58646.0000    57018.1338  3658616    2.78%
  41130 17731    58609.5053   286    58646.0000    57021.7925  3689041    2.77%
  41426 17967    57801.3192   269    58646.0000    57023.2919  3721357    2.77%
  41564 18071    58491.8416   242    58646.0000    57024.0571  3751422    2.77%
  41723 18185    57731.3804   187    58646.0000    57026.8897  3779859    2.76%
  41878 18304    57241.0604   294    58646.0000    57030.8994  3809364    2.75%
  41989 18365    57633.6429   253    58646.0000    57032.9972  3839902    2.75%
Elapsed time = 451.11 sec. (699938.18 ticks, tree = 201.43 MB, solutions = 27)
  42125 18468    58346.0163   152    58646.0000    57035.7099  3870358    2.75%
  42246 18549    58527.7404   245    58646.0000    57037.2794  3901669    2.74%
  42371 18634    57624.3023   215    58646.0000    57038.5483  3932768    2.74%
  42514 18739    58491.6949   172    58646.0000    57041.4338  3962085    2.74%
  42702 18896    57128.5775   281    58646.0000    57045.1650  3982611    2.73%
  42807 18937    58642.1254   224    58646.0000    57048.7987  4013760    2.72%
  43016 19108    58641.6078   309    58646.0000    57050.8878  4044637    2.72%
  43166 19226    58459.3371   268    58646.0000    57051.9849  4075857    2.72%
  43324 19349    58002.4769   258    58646.0000    57054.8984  4105388    2.71%
  43543 19538        cutoff          58646.0000    57056.7425  4134440    2.71%
Elapsed time = 476.40 sec. (738751.44 ticks, tree = 219.30 MB, solutions = 27)
  43727 19698    58195.1110   211    58646.0000    57057.4375  4160504    2.71%
  43871 19802    57302.8144   314    58646.0000    57058.4414  4191039    2.71%
  44065 19948        cutoff          58646.0000    57059.7822  4221362    2.70%
  44193 20038        cutoff          58646.0000    57061.8889  4252057    2.70%
  44320 20118    57652.6270   286    58646.0000    57063.5912  4282839    2.70%
  44420 20174    infeasible          58646.0000    57066.3052  4311717    2.69%
  44629 20342    infeasible          58646.0000    57067.1662  4342205    2.69%
  44758 20450    58569.6116   286    58646.0000    57069.4938  4359850    2.69%
  44928 20591    58257.8233   211    58646.0000    57070.7352  4384545    2.69%
  45091 20715    58552.1968   308    58646.0000    57072.8388  4417224    2.68%
Elapsed time = 501.94 sec. (777739.77 ticks, tree = 237.16 MB, solutions = 27)
  45154 20730    58638.1410   239    58646.0000    57075.0595  4447348    2.68%
  45258 20790    58510.1918   273    58646.0000    57079.0254  4478433    2.67%
  45463 20929    57847.2141   231    58646.0000    57080.8657  4507291    2.67%
  45649 21072    58598.9673   205    58646.0000    57082.6515  4533493    2.67%
  45807 21197    58427.8305   214    58646.0000    57085.1981  4562836    2.66%
  45999 21343    58617.3552   123    58646.0000    57087.7830  4593708    2.66%
  46156 21457        cutoff          58646.0000    57090.1317  4622868    2.65%
  46254 21520    58426.8197   216    58646.0000    57092.8418  4652970    2.65%
  46393 21593    58578.6070   202    58646.0000    57095.9562  4682632    2.64%
  46495 21655        cutoff          58646.0000    57095.9562  4713277    2.64%
Elapsed time = 528.28 sec. (817619.20 ticks, tree = 251.78 MB, solutions = 27)
  46630 21756    58451.3717   250    58646.0000    57095.9562  4742980    2.64%
  46733 21836    58517.4233   150    58646.0000    57096.4760  4765240    2.64%
  46888 21962    58483.1108   166    58646.0000    57096.4760  4794001    2.64%
  47042 22094    58206.6005   191    58646.0000    57096.4760  4824471    2.64%
  47281 22296        cutoff          58646.0000    57096.4760  4853507    2.64%
  47469 22468    58297.7011   203    58646.0000    57096.4760  4884386    2.64%
  47649 22636    58448.5386   180    58646.0000    57096.4760  4906444    2.64%
  47753 22697    58373.4254   197    58646.0000    57099.0788  4937204    2.64%
  47919 22832    57920.5840   313    58646.0000    57100.2501  4967652    2.64%
  48083 22962    58593.6438   324    58646.0000    57101.3926  4995675    2.63%
Elapsed time = 554.03 sec. (856591.37 ticks, tree = 271.49 MB, solutions = 27)
  48242 23086    58524.9464   196    58646.0000    57101.3926  5025298    2.63%
  48395 23199        cutoff          58646.0000    57101.3926  5054288    2.63%
  48538 23282    58497.8132   254    58646.0000    57101.8657  5085354    2.63%
  48649 23348    58534.9749   207    58646.0000    57105.2253  5114992    2.63%
  48782 23435    57241.8573   291    58646.0000    57107.8307  5145082    2.62%
  48932 23553    58245.8497   278    58646.0000    57108.4775  5175937    2.62%
  49092 23672    58559.9680   228    58646.0000    57112.6315  5205559    2.61%
  49283 23823    57523.3871   225    58646.0000    57114.5379  5234996    2.61%
  49449 23950    58591.4594   305    58646.0000    57116.1589  5264719    2.61%
  49557 24007        cutoff          58646.0000    57118.0875  5295794    2.61%
Elapsed time = 581.09 sec. (897428.25 ticks, tree = 287.52 MB, solutions = 27)
  49612 24005    58644.1091   144    58646.0000    57118.4414  5324618    2.60%
  49690 24031        cutoff          58646.0000    57120.3270  5345544    2.60%
  49762 24071    58351.1705   253    58646.0000    57123.3402  5377181    2.60%
  49873 24151    58223.4879   187    58646.0000    57125.3394  5408333    2.59%
  50007 24229        cutoff          58646.0000    57128.9051  5439811    2.59%
  50081 24267    58581.2836   202    58646.0000    57131.5521  5470808    2.58%
  50184 24332    58323.9764   240    58646.0000    57133.6929  5500396    2.58%
  50329 24431    57417.1122   178    58646.0000    57136.3164  5530501    2.57%
  50503 24548        cutoff          58646.0000    57140.1595  5560256    2.57%
  50684 24698    58107.8236   290    58646.0000    57141.5046  5589524    2.57%
Elapsed time = 607.15 sec. (936395.12 ticks, tree = 298.43 MB, solutions = 27)
  50762 24740    58050.8456   271    58646.0000    57143.2765  5619708    2.56%
  50867 24811        cutoff          58646.0000    57146.6157  5649971    2.56%
  50976 24896    57778.7513   208    58646.0000    57147.6029  5680584    2.55%
  51146 25032    57635.7186   300    58646.0000    57149.7070  5710847    2.55%
  51274 25107    58300.6351   250    58646.0000    57151.6371  5741458    2.55%
  51339 25080        cutoff          58646.0000    57152.5652  5773213    2.55%
  51421 25130        cutoff          58646.0000    57156.1745  5802812    2.54%
  51547 25220    57824.0583   255    58646.0000    57158.4821  5833770    2.54%
  51715 25352    58344.1705   222    58646.0000    57160.9037  5863701    2.53%
  51841 25433    57728.6287   258    58646.0000    57162.6434  5894474    2.53%
Elapsed time = 632.77 sec. (975177.63 ticks, tree = 309.84 MB, solutions = 27)
  52003 25548    58288.5247   225    58646.0000    57165.0835  5925205    2.53%
  52109 25603    58518.8001   264    58646.0000    57167.1443  5955834    2.52%
  52168 25618    58596.9228   272    58646.0000    57167.1443  5985191    2.52%
  52298 25699    58609.4462   206    58646.0000    57169.5103  6015528    2.52%
  52489 25840    58640.2836   246    58646.0000    57172.8593  6047158    2.51%
  52616 25931    58474.9561   266    58646.0000    57174.7721  6076577    2.51%
  52721 26008    57933.4473   321    58646.0000    57175.7304  6098849    2.51%
  52948 26185    57832.4947   328    58646.0000    57179.4172  6129133    2.50%
  53048 26255    58446.9873   242    58646.0000    57179.9206  6160492    2.50%
  53258 26433    58472.8232   312    58646.0000    57179.9574  6193284    2.50%
Elapsed time = 658.77 sec. (1014172.27 ticks, tree = 325.21 MB, solutions = 27)
  53387 26520    58241.2836   229    58646.0000    57181.8632  6223381    2.50%
  53498 26594        cutoff          58646.0000    57182.5968  6253690    2.50%
  53649 26696    58595.7794   211    58646.0000    57183.9862  6283090    2.49%
  53838 26847    58365.6966   260    58646.0000    57186.2718  6314327    2.49%
  54058 27010    57239.4264   201    58646.0000    57189.1380  6342349    2.48%
  54285 27203    58336.3044   266    58646.0000    57189.5735  6370497    2.48%
  54517 27389    58481.8070   243    58646.0000    57191.1057  6398501    2.48%
  54636 27467    58453.9866   217    58646.0000    57193.0692  6429272    2.48%
  54710 27517    58543.6780   223    58646.0000    57193.8723  6451276    2.48%
  54814 27592    58507.5158   207    58646.0000    57194.2350  6480478    2.48%
Elapsed time = 686.30 sec. (1055638.94 ticks, tree = 342.75 MB, solutions = 27)
  54980 27714    57990.6411   329    58646.0000    57194.2350  6512554    2.48%
  55188 27898    58487.7775   196    58646.0000    57194.2350  6541427    2.48%
  55343 28008    58641.6078   263    58646.0000    57194.2547  6571448    2.48%
  55562 28184    57271.7387   145    58646.0000    57195.6253  6601464    2.47%
  55649 28261    58399.5863   197    58646.0000    57195.8464  6612209    2.47%
  55797 28377        cutoff          58646.0000    57198.0293  6643199    2.47%
  56004 28546    58069.8916   290    58646.0000    57199.6656  6672847    2.47%
  56198 28706    58316.2325   189    58646.0000    57200.3857  6702054    2.46%
  56444 28914    58412.7744   212    58646.0000    57203.0055  6732466    2.46%
  56541 28971    58413.2089   281    58646.0000    57205.9797  6761809    2.46%
Elapsed time = 712.24 sec. (1094886.42 ticks, tree = 363.49 MB, solutions = 27)
  56649 29056    58528.8256   203    58646.0000    57205.9797  6784986    2.46%
  56779 29151    58208.8868   301    58646.0000    57205.9797  6814209    2.46%
  57061 29383        cutoff          58646.0000    57207.8003  6843899    2.45%
  57302 29572    57602.6678   249    58646.0000    57212.6437  6874725    2.44%
  57470 29693        cutoff          58646.0000    57214.6931  6906359    2.44%
  57646 29831    57698.0843   216    58646.0000    57215.3453  6936089    2.44%
* 57649+29414                        58632.0000    57215.3453             2.42%
  57801 29541    58395.4342   197    58632.0000    57216.4128  6953959    2.41%
  57928 29619        cutoff          58632.0000    57219.1014  6985218    2.41%
  58034 29684    58583.2447   248    58632.0000    57219.1014  7015516    2.41%
  58175 29785    58590.5759   179    58632.0000    57219.1014  7045077    2.41%
Elapsed time = 738.65 sec. (1134621.12 ticks, tree = 376.88 MB, solutions = 28)
  58322 29864    57957.4342   211    58632.0000    57221.5807  7078027    2.41%
  58516 30021    58481.9666   211    58632.0000    57222.6620  7108361    2.40%
  58649 30132    58279.8031   233    58632.0000    57223.8935  7133310    2.40%
  58838 30281    58142.3314   203    58632.0000    57224.9803  7161976    2.40%
  58988 30410    58497.6898   180    58632.0000    57224.9803  7191458    2.40%
  59187 30575    57701.2663   276    58632.0000    57224.9803  7222677    2.40%
  59470 30826    58396.7083   204    58632.0000    57224.9803  7249744    2.40%
  59649 30973    58184.6362   237    58632.0000    57224.9803  7275879    2.40%
  59829 31117    57730.5247   253    58632.0000    57224.9803  7308190    2.40%
  60096 31362    58083.8530   218    58632.0000    57224.9803  7339085    2.40%
Elapsed time = 765.80 sec. (1176035.38 ticks, tree = 400.53 MB, solutions = 28)
  60303 31531    57698.1783   278    58632.0000    57225.0251  7370182    2.40%
  60466 31652    58443.0311   215    58632.0000    57225.5361  7400753    2.40%
  60587 31733    58207.9484   242    58632.0000    57225.5361  7432104    2.40%
  60730 31840    58281.8020   248    58632.0000    57225.5361  7459690    2.40%
  60837 31916    58047.8466   332    58632.0000    57225.5361  7489039    2.40%
  61009 32046        cutoff          58632.0000    57225.7776  7519879    2.40%
  61367 32336        cutoff          58632.0000    57227.1343  7551128    2.40%
  61524 32439    58170.7013   240    58632.0000    57229.0256  7583418    2.39%
  61649 32528    58556.3270   179    58632.0000    57230.0905  7604530    2.39%
  61787 32619    58388.6881   236    58632.0000    57231.6122  7634744    2.39%
Elapsed time = 791.77 sec. (1215407.94 ticks, tree = 419.52 MB, solutions = 28)
  61950 32739    58105.9801   301    58632.0000    57233.4789  7664987    2.39%
  62103 32845    58557.9900   261    58632.0000    57234.8906  7696635    2.38%
  62316 33008    58365.4559   229    58632.0000    57237.3338  7727598    2.38%
  62649 33270    57559.8718    87    58632.0000    57238.5407  7757692    2.38%
  62882 33452    58608.0272   215    58632.0000    57239.4264  7788634    2.38%
  63219 33725    57706.2942   195    58632.0000    57240.9191  7818820    2.37%
Starting limited solution polishing.
  63456 33912    58403.4745   154    58632.0000    57241.5763  7847815    2.37%
  63649 34054    58347.3178   211    58632.0000    57243.1605  7872743    2.37%
* 63749+22081                        58380.0000    57243.9736             1.95%
  63787 22102    57616.5435   263    58380.0000    57244.2153  7894866    1.95%
  63849 22112    57379.8093   273    58380.0000    57246.8455  7913102    1.94%
Elapsed time = 821.58 sec. (1259699.14 ticks, tree = 283.30 MB, solutions = 29)
  64049 22257    57882.9605   187    58380.0000    57248.2175  7932679    1.94%
  64159 22333    57662.5676   274    58380.0000    57248.6264  7943544    1.94%
  64249 22392    58011.4290   232    58380.0000    57249.1880  7953686    1.94%
  64430 22502    58333.6117   291    58380.0000    57250.4760  7985776    1.93%
  64472 22524    58351.7387   133    58380.0000    57250.4760  8000056    1.93%
  64649 22660    57268.1711   182    58380.0000    57251.3281  8022538    1.93%
* 64749+21275                        58345.0000    57252.6295             1.87%
  64849 21348    58311.2208   172    58345.0000    57252.9488  8038846    1.87%
  65053 21482    57641.3975   219    58345.0000    57255.5307  8057732    1.87%
  65164 21569        cutoff          58345.0000    57255.8080  8067835    1.87%
  65305 21684    58201.3238   244    58345.0000    57256.4380  8078446    1.87%
Elapsed time = 851.80 sec. (1301324.36 ticks, tree = 279.01 MB, solutions = 30)
  65449 21803    57423.0000   116    58345.0000    57257.1853  8090543    1.86%
  65649 21981    57784.6503   172    58345.0000    57257.2471  8104483    1.86%
  65801 22068    57344.2028   163    58345.0000    57259.8352  8129687    1.86%
  65987 22204    57459.1616   218    58345.0000    57260.8347  8144823    1.86%
  66049 22253    57389.9155   280    58345.0000    57261.1277  8151913    1.86%
  66160 22343    57704.4774   197    58345.0000    57261.8658  8160540    1.86%
* 66249+21383                        58319.0000    57262.9129             1.81%
  66249 21385    57550.1255   245    58319.0000    57262.9129  8173797    1.81%
  66449 21550    57269.3909   200    58319.0000    57263.7708  8193079    1.81%
  66549 21634    58168.6396   276    58319.0000    57264.3126  8199563    1.81%
  66649 21691    57520.2121   247    58319.0000    57265.7525  8219636    1.81%
Elapsed time = 885.86 sec. (1347366.01 ticks, tree = 280.89 MB, solutions = 31)
* 66849+19005                        58225.0000    57269.7331             1.64%
  66849 19007    57780.9333   292    58225.0000    57269.7331  8243637    1.64%
  67049 19131    57499.9311   250    58225.0000    57270.9683  8266854    1.64%
* 67249+16558                        58105.0000    57272.1637             1.43%
  67249 16560    57477.0436   124    58105.0000    57272.1637  8283332    1.43%

Clique cuts applied:  106
Cover cuts applied:  937
Flow cuts applied:  23
Mixed integer rounding cuts applied:  272
Zero-half cuts applied:  57
Lift and project cuts applied:  2
Gomory fractional cuts applied:  6

Root node processing (before b&c):
  Real time             =    1.51 sec. (2034.47 ticks)
Sequential b&c:
  Real time             =  898.50 sec. (1365281.98 ticks)
                          ------------
Total (root+branch&cut) =  900.01 sec. (1367316.46 ticks)
MIP: [1;32mCPLEX finished.[0m
MIP: [1;32mCPLEX status: Feasible[0m
MIP: [1;32mSolution: 
[33, 5, 21, 22, 4, 25, 11, 11, 28, 27, 16, 33, 7, 7, 3, 10, 21, 26, 5, 18, 16, 30, 13, 25, 3, 23, 7, 23, 13, 0, 26, 8, 5, 33, 13, 8, 4, 10, 15, 11, 19, 25, 24, 30, 19, 29, 21, 26, 22, 17, 14, 3, 30, 4, 28, 18, 24, 17, 12, 27, 16, 12, 20, 14, 24, 15, 12, 28, 9, 16][9, -1, -1, 0, 17, 11, -1, 13, 7, 23, 13, 12, 14, 18, 25, 22, 5, 11, 7, 10, 1, 11, 23, 12, 9, 25, 10, 24, 14, 0, 1, -1, -1, 15][19, 4, -1, -1, -1, 7, -1, 15, -1, 7, 14, 1, 3, 20, 1, 14, -1, 15, 4, -1, -1, -1, 19, 17, 8, 10][-1, 4, -1, 16, 13, -1, -1, 3, 4, -1, 13, -1, -1, -1, 7, 9, -1, 4, -1, 16, 13][-1, -1, -1, 13, 13, -1, -1, 3, -1, 2, -1, -1, -1, 2, -1, -1, 2][0m
MIP: [1;32mObjective value: 58105[0m
MIP: [1;32mLower Bound: 57275.1[0m
MIP: [1;32mBranch-and-Bound nodes: 67449[0m

# best solution:
best objective value:	58105
best dual bound value:	57275
optimality gap:	1.42845%
CPU time:	897.471
