ifile	/scratch/csagturk/mlbp_inst/n0070_m03__099.inst
prob	TNFMLBP
threads	1
ttime	900
instance: /scratch/csagturk/mlbp_inst/n0070_m03__099.inst
	m=3, n=[70, 42, 29, 19]
MIP: [1;32minit CPLEX[0m
CAN: [1;35mcreated 4709 x_{ijk} and f_{ijk} variables[0m
CAN: [1;35mcreated 160 y_{ij} variables[0m
MIP: [1;32mcreated decision variables[0m
MIP: [1;32mcreated constraints[0m
MIP: [1;32mcreated objective function[0m
MIP: [1;32mcalling CPLEX solve ...[0m
Version identifier: 22.1.0.0 | 2022-03-09 | 1a383f8ce
CPXPARAM_Threads                                 1
CPXPARAM_TimeLimit                               900
Tried aggregator 3 times.
MIP Presolve eliminated 71 rows and 5387 columns.
MIP Presolve modified 325 coefficients.
Aggregator did 284 substitutions.
Reduced MIP has 657 rows, 4547 columns, and 9075 nonzeros.
Reduced MIP has 4334 binaries, 0 generals, 0 SOSs, and 140 indicators.
Presolve time = 0.03 sec. (37.19 ticks)
Probing fixed 0 vars, tightened 78 bounds.
Probing changed sense of 71 constraints.
Probing time = 0.03 sec. (25.88 ticks)
Tried aggregator 1 time.
MIP Presolve eliminated 426 rows and 497 columns.
Reduced MIP has 231 rows, 4050 columns, and 8081 nonzeros.
Reduced MIP has 4050 binaries, 0 generals, 0 SOSs, and 0 indicators.
Presolve time = 0.01 sec. (9.82 ticks)
Tried aggregator 1 time.
Detecting symmetries...
Reduced MIP has 231 rows, 4050 columns, and 8081 nonzeros.
Reduced MIP has 4050 binaries, 0 generals, 0 SOSs, and 0 indicators.
Presolve time = 0.01 sec. (8.51 ticks)
Probing time = 0.00 sec. (2.80 ticks)
Clique table members: 1070.
MIP emphasis: balance optimality and feasibility.
MIP search method: dynamic search.
Parallel mode: none, using 1 thread.
Root relaxation solution time = 0.01 sec. (13.13 ticks)

        Nodes                                         Cuts/
   Node  Left     Objective  IInf  Best Integer    Best Bound    ItCnt     Gap

      0     0    42000.0453    99                  42000.0453      605         
      0     0    42008.5819   172                   Cuts: 157     1032         
      0     0    42031.8571   192                   Cuts: 157     1424         
      0     0    42031.8571   184                   Cuts: 141     1805         
      0     0    42031.8571   222                   Cuts: 129     2175         
      0     0    42037.9130   179                    Cuts: 73     2697         
      0     0    42037.9130   194                   Cuts: 123     3113         
*     0+    0                        51033.0000    42037.9130            17.63%
*     0+    0                        49943.0000    42037.9130            15.83%
*     0+    0                        47916.0000    42037.9130            12.27%
*     0+    0                        47896.0000    42037.9130            12.23%
*     0+    0                        47705.0000    42037.9130            11.88%
      0     0  -1.00000e+75     0    47705.0000    42037.9130     3113   11.88%
      0     2    42037.9130   109    47705.0000    42037.9130     3113   11.88%
Elapsed time = 0.61 sec. (841.32 ticks, tree = 0.01 MB, solutions = 5)
     87    89    42041.3720    79    47705.0000    42037.9130     4862   11.88%
    210   212    42332.2835    69    47705.0000    42037.9130     7611   11.88%
    392   389    44935.0745    45    47705.0000    42037.9130     9535   11.88%
*   517+  504                        46888.0000    42037.9130            10.34%
*   517+  504                        46247.0000    42037.9130             9.10%
    517   506    42037.9130   150    46247.0000    42037.9130    11088    9.10%
*   617+  577                        45778.0000    42037.9130             8.17%
*   617+  576                        45740.0000    42037.9130             8.09%
    680   641    42038.3197   135    45740.0000    42037.9130    13420    8.09%

Performing restart 1

Repeating presolve.
Tried aggregator 1 time.
MIP Presolve modified 668 coefficients.
Reduced MIP has 231 rows, 4050 columns, and 8081 nonzeros.
Reduced MIP has 4050 binaries, 0 generals, 0 SOSs, and 0 indicators.
Presolve time = 0.01 sec. (9.92 ticks)
Tried aggregator 1 time.
MIP Presolve modified 486 coefficients.
Reduced MIP has 231 rows, 4050 columns, and 8081 nonzeros.
Reduced MIP has 4050 binaries, 0 generals, 0 SOSs, and 0 indicators.
Presolve time = 0.01 sec. (11.70 ticks)
Represolve time = 0.07 sec. (66.02 ticks)
    727     0    41920.7279   191    45740.0000     Cuts: 156    16421    8.09%
    727     0    41976.5112   190    45740.0000     Cuts: 157    17726    8.09%
    727     0    42009.3535   188    45740.0000     Cuts: 157    18360    8.09%
    727     0    42017.9761   216    45740.0000     Cuts: 157    18667    8.09%
    727     0    42023.2038   223    45740.0000     Cuts: 127    19041    8.09%
    727     0    42027.2577   203    45740.0000     Cuts: 156    19383    8.09%
    727     0    42029.8872   227    45740.0000     Cuts: 131    19690    8.09%
    727     0    42033.4089   213    45740.0000     Cuts: 149    20182    8.09%
    727     0    42034.5395   218    45740.0000     Cuts: 148    20604    8.09%
    727     0    42035.7624   218    45740.0000     Cuts: 128    21009    8.09%
    727     0    42036.3650   198    45740.0000     Cuts: 114    21297    8.09%
    727     0    42036.5157   203    45740.0000      Cuts: 80    21551    8.09%
    727     0    42036.7421   202    45740.0000      Cuts: 70    21802    8.09%
    727     0    42036.9470   191    45740.0000      Cuts: 83    22146    8.09%
    727     0    42037.0494   195    45740.0000      Cuts: 74    22385    8.09%
*   727+    0                        44159.0000    42037.9130             4.80%
    727     0  -1.00000e+75     0    44159.0000    42037.9130    22385    4.80%
    727     2    42037.0494   172    44159.0000    42037.9130    22385    4.80%
    730     5    42041.9769   165    44159.0000    42040.7938    22500    4.80%
    738    13    42053.4325   157    44159.0000    42042.1323    22715    4.79%
    750    25    42066.0565   152    44159.0000    42042.1323    23336    4.79%
    795    69    42781.8884   142    44159.0000    42042.1323    26180    4.79%
Elapsed time = 4.57 sec. (7026.12 ticks, tree = 0.36 MB, solutions = 10)
    827    99    43133.0000    62    44159.0000    42042.1323    27375    4.79%
   1007   261    42453.9295   156    44159.0000    42042.2566    31750    4.79%
   1148   397    42086.2607   179    44159.0000    42044.7686    39166    4.79%
   1439   644    43422.2684   121    44159.0000    42045.0150    45771    4.79%
   1635   812    42045.8967   166    44159.0000    42045.9759    50765    4.79%
   1886  1047    42562.3391   173    44159.0000    42052.0263    57894    4.77%
   2077  1231    42458.6191   144    44159.0000    42052.5596    66349    4.77%
   2281  1400    42404.4420   173    44159.0000    42054.0625    74137    4.77%
   2465  1565    42082.2681   169    44159.0000    42057.3437    81921    4.76%
   2736  1804    infeasible          44159.0000    42057.4949    90145    4.76%
Elapsed time = 10.53 sec. (17920.17 ticks, tree = 9.88 MB, solutions = 10)
   3004  2063    43706.2070   132    44159.0000    42057.6797    99308    4.76%
   3267  2315    42746.1069   129    44159.0000    42059.2215   105895    4.76%
*  3427+ 2460                        44046.0000    42059.5366             4.51%
   3427  2462    42216.7903   149    44046.0000    42059.5366   110916    4.51%
   3692  2716    42193.7855   159    44046.0000    42059.5366   119740    4.51%
   4003  3018    42147.5550   154    44046.0000    42061.3099   127548    4.51%
   4235  3237    42612.3519   125    44046.0000    42061.3099   137041    4.51%
   4365  3356    42378.8346   157    44046.0000    42061.6862   146411    4.51%
   4558  3540    42796.6035   142    44046.0000    42062.8537   156354    4.50%
   4840  3799    42674.1342   164    44046.0000    42063.2153   167738    4.50%
   4927  3872    42269.8117   139    44046.0000    42063.2153   169439    4.50%
Elapsed time = 17.09 sec. (29433.39 ticks, tree = 21.20 MB, solutions = 11)
   5182  4113    42966.6923   140    44046.0000    42063.5459   177206    4.50%
   5501  4416    infeasible          44046.0000    42065.2822   186554    4.50%
   5878  4780    42447.4000   112    44046.0000    42065.7507   195273    4.50%
   6017  4901    infeasible          44046.0000    42066.0782   204898    4.50%
   6279  5139    42124.8122   169    44046.0000    42067.6481   214507    4.49%
   6508  5364    43278.1411   112    44046.0000    42067.7381   222675    4.49%
   6680  5523    42730.4745   127    44046.0000    42068.4149   230842    4.49%
   6953  5770    42094.7461   165    44046.0000    42070.5392   239015    4.48%
   7324  6096    42396.0000   120    44046.0000    42071.5926   247140    4.48%
   7550  6310    42195.6509   178    44046.0000    42071.7639   254271    4.48%
Elapsed time = 22.12 sec. (39083.72 ticks, tree = 34.93 MB, solutions = 11)
   7747  6498    43528.8939   103    44046.0000    42071.8342   262409    4.48%
   7956  6693    42998.5747   137    44046.0000    42071.9601   269239    4.48%
   8220  6941    42152.3589   173    44046.0000    42072.3226   275947    4.48%
   8327  7037    42254.7986   152    44046.0000    42072.3226   279624    4.48%
   8474  7179    42300.5307   144    44046.0000    42072.3226   286456    4.48%
   8590  7289    42407.0000   130    44046.0000    42072.3945   295658    4.48%
   8812  7487    infeasible          44046.0000    42072.7013   304359    4.48%
   9000  7660    43170.4766   162    44046.0000    42072.9592   311681    4.48%
   9263  7911    42118.2565   156    44046.0000    42074.1264   320806    4.48%
   9606  8231    43631.0000   114    44046.0000    42074.2094   328551    4.48%
Elapsed time = 27.87 sec. (49681.84 ticks, tree = 46.34 MB, solutions = 11)
   9982  8578    42192.3244   182    44046.0000    42074.2620   337044    4.48%
  10304  8882    43233.1731   139    44046.0000    42074.4899   347641    4.48%
  10539  9073    43656.7143   117    44046.0000    42074.7318   356479    4.48%
  10775  9294    43532.1667   158    44046.0000    42074.7318   366438    4.48%
  10911  9413    42141.0852   174    44046.0000    42074.7318   375358    4.48%
* 11027+ 9180                        43957.0000    42075.0268             4.28%
* 11027+ 9153                        43919.0000    42075.0268             4.20%
* 11027+ 9072                        43845.0000    42075.0268             4.04%
* 11027+ 8972                        43731.0000    42075.0268             3.79%
* 11027+ 8887                        43674.0000    42075.0268             3.66%
  11027  8889    42113.5839   172    43674.0000    42075.0268   378171    3.66%
  11236  9087    43498.0000    66    43674.0000    42075.9913   386920    3.66%
  11462  9296    42121.4324   191    43674.0000    42076.3869   393480    3.66%
  11601  9421    42139.9356   164    43674.0000    42076.3869   401695    3.66%
  11832  9643    42175.5551   210    43674.0000    42076.3869   410070    3.66%
Elapsed time = 52.16 sec. (82176.23 ticks, tree = 54.91 MB, solutions = 16)
* 11927+ 9457                        43619.0000    42076.3869             3.54%
  11927  9459    42952.5238   143    43619.0000    42076.3869   415985    3.54%
  12163  9678    43147.8444   176    43619.0000    42076.3869   424654    3.54%
  12377  9873    infeasible          43619.0000    42076.3869   432750    3.54%
  12598 10087    42954.4219   147    43619.0000    42077.0593   440488    3.54%
  12787 10262    42194.0014   178    43619.0000    42077.7823   448219    3.53%
  12984 10442    42082.7184   191    43619.0000    42077.8517   455597    3.53%
  13296 10742    42123.0838   169    43619.0000    42078.0730   462993    3.53%
  13520 10928    43358.4286   132    43619.0000    42078.1649   471241    3.53%
  13527 10935    43391.5000   132    43619.0000    42078.1649   471875    3.53%
  13875 11267        cutoff          43619.0000    42078.1649   480612    3.53%
Elapsed time = 59.30 sec. (94544.77 ticks, tree = 64.81 MB, solutions = 17)
  14162 11538    42177.7632   173    43619.0000    42078.1649   489044    3.53%
  14374 11729    42164.3473   186    43619.0000    42078.1649   498326    3.53%
  14628 11966    42232.2490   151    43619.0000    42078.3041   507171    3.53%
  14877 12206    43449.0932   117    43619.0000    42078.5961   517439    3.53%
  15062 12383    42155.9392   177    43619.0000    42078.9956   524479    3.53%
  15210 12515    43233.2308   161    43619.0000    42079.0830   533225    3.53%
  15444 12737    42912.5843   183    43619.0000    42079.1169   542636    3.53%
  15680 12954    42511.1057   156    43619.0000    42079.6135   550729    3.53%
  15876 13143    43110.7716   124    43619.0000    42079.7053   562669    3.53%
  15994 13251    42909.4336   147    43619.0000    42079.7135   573672    3.53%
Elapsed time = 64.37 sec. (104216.30 ticks, tree = 77.04 MB, solutions = 17)
  16211 13441    42121.1124   192    43619.0000    42079.8675   582801    3.53%
  16460 13678    42144.2616   193    43619.0000    42080.0404   590496    3.53%
  16667 13863    42995.4615   115    43619.0000    42080.0609   599746    3.53%
  16870 14055    42294.6959   202    43619.0000    42080.5083   606676    3.53%
  16927 14110    42621.9278   165    43619.0000    42080.5083   611738    3.53%
  17034 14205    43435.4933   181    43619.0000    42080.5207   621446    3.53%
  17227 14377    43294.0769    92    43619.0000    42080.5464   630006    3.53%
  17412 14548    42694.6422   194    43619.0000    42080.9557   639542    3.53%
  17644 14741    42256.7748   203    43619.0000    42081.0931   646774    3.53%
  17846 14916    42157.9551   190    43619.0000    42081.1690   655497    3.53%
Elapsed time = 69.73 sec. (114147.53 ticks, tree = 87.76 MB, solutions = 17)
  17967 15025    infeasible          43619.0000    42081.1699   665020    3.53%
  18139 15191    43262.0425   151    43619.0000    42081.2697   673954    3.53%
  18227 15277    43569.0000   112    43619.0000    42081.2697   677542    3.53%
  18368 15411    42222.5187   175    43619.0000    42081.5241   685261    3.52%
  18536 15564    43066.1480   166    43619.0000    42081.5394   693560    3.52%
  18796 15813    43034.0628   169    43619.0000    42081.5394   703395    3.52%
  18975 15988    43283.7212   140    43619.0000    42081.6102   710769    3.52%
  19155 16140    43282.8182   108    43619.0000    42081.6402   718545    3.52%
  19502 16479    43079.0628   183    43619.0000    42081.6402   727344    3.52%
  20338 17287    43079.0628   169    43619.0000    42081.6402   761432    3.52%
Elapsed time = 77.08 sec. (127415.09 ticks, tree = 103.95 MB, solutions = 17)
  21081 17995    42208.4570   189    43619.0000    42082.3101   794583    3.52%
  21528 18404    42478.6701   190    43619.0000    42082.6038   817814    3.52%
  22071 18904    42277.7564   193    43619.0000    42082.8795   849341    3.52%
  22827 19595    infeasible          43619.0000    42083.0721   880394    3.52%
* 23527+20128                        43584.0000    42083.4292             3.44%
  23535 20138    43283.0000   127    43584.0000    42083.4292   904847    3.44%
* 23627+19663                        43571.0000    42083.4292             3.41%
  23764 19778    42086.1311   172    43571.0000    42083.4833   915537    3.41%
  24662 20633    42155.4435   206    43571.0000    42083.7841   946381    3.41%
  25663 21560    42107.5105   200    43571.0000    42084.1830   979692    3.41%
  26527 22378    42315.8201   193    43571.0000    42084.4424  1008673    3.41%
  27359 23176    42156.1592   219    43571.0000    42084.8588  1043118    3.41%
Elapsed time = 100.31 sec. (167631.56 ticks, tree = 145.60 MB, solutions = 19)
  28066 23808    infeasible          43571.0000    42085.0249  1079824    3.41%
  28498 24186    42191.6215   211    43571.0000    42085.5813  1112520    3.41%
  29294 24937    42372.8105   190    43571.0000    42086.1056  1144634    3.41%
  29827 25421    42486.5105   142    43571.0000    42086.3220  1177919    3.41%
  30503 26038    42169.0464   199    43571.0000    42086.4162  1212493    3.41%
  31123 26623    42963.5556   125    43571.0000    42086.4162  1240954    3.41%
  31763 27217    42955.0000    66    43571.0000    42086.4604  1268991    3.41%
  32210 27609    42336.3154   189    43571.0000    42086.6037  1300600    3.41%
  32827 28183    42270.2249   174    43571.0000    42086.6763  1321550    3.41%
  33372 28667    42149.0250   215    43571.0000    42087.0314  1354898    3.41%
Elapsed time = 122.96 sec. (208345.67 ticks, tree = 190.05 MB, solutions = 19)
  33883 29144    42195.6277   191    43571.0000    42087.1344  1385180    3.41%
  34599 29823    43291.0116   114    43571.0000    42087.3464  1414617    3.41%
  35305 30483    43130.4922   206    43571.0000    42087.7694  1444672    3.40%
  36073 31223    43532.0000   132    43571.0000    42087.8364  1484226    3.40%
  36729 31835    43198.0000    49    43571.0000    42087.8533  1509888    3.40%
  37360 32426    42377.7360   152    43571.0000    42088.2429  1545068    3.40%
  37913 32913    42275.1559   192    43571.0000    42088.5422  1577445    3.40%
  38554 33520    42432.0000   142    43571.0000    42088.6544  1612307    3.40%
* 39027+21599                        43150.0000    42088.7363             2.46%
  39027 21601    42355.4780   202    43150.0000    42088.7363  1639907    2.46%
  39579 22111    42274.5612   268    43150.0000    42089.4848  1672381    2.46%
Elapsed time = 145.94 sec. (248479.32 ticks, tree = 154.39 MB, solutions = 20)
  39927 22429    42911.7500   169    43150.0000    42089.5202  1692281    2.46%
  40372 22848    42528.0058   172    43150.0000    42090.0487  1722093    2.46%
  40799 23236    42815.2851   210    43150.0000    42090.3182  1750498    2.46%
  41024 23407    43117.6304   212    43150.0000    42090.5111  1783320    2.46%
  41541 23861    42282.2264   198    43150.0000    42090.6643  1814241    2.46%
  41927 24207    42360.9454   184    43150.0000    42090.8110  1847067    2.45%
  42396 24637    42206.4873   208    43150.0000    42091.1311  1876548    2.45%
  42797 25009    42167.7857   249    43150.0000    42091.2453  1902731    2.45%
  43127 25309    42121.3463   214    43150.0000    42091.3775  1926268    2.45%
  43440 25605    42356.7221   202    43150.0000    42091.8249  1952881    2.45%
Elapsed time = 170.00 sec. (290927.23 ticks, tree = 188.64 MB, solutions = 20)
  43760 25905    42202.7047   212    43150.0000    42092.0340  1977296    2.45%
  44027 26150    42994.6667   115    43150.0000    42092.0915  1998248    2.45%
  44407 26504    42752.1007   174    43150.0000    42092.1700  2026608    2.45%
  44787 26851    43017.7241   196    43150.0000    42092.3820  2055624    2.45%
  44927 26978    42291.5839   204    43150.0000    42092.6839  2071797    2.45%
  45219 27239    42773.6499   179    43150.0000    42092.7472  2097177    2.45%
  45559 27552    42328.9773   223    43150.0000    42093.0000  2122349    2.45%
  45928 27892    42171.1774   226    43150.0000    42093.2302  2148734    2.45%
  46167 28097    42196.4480   276    43150.0000    42093.5363  2176754    2.45%
  46348 28260    42173.1558   232    43150.0000    42093.8708  2203024    2.45%
Elapsed time = 192.76 sec. (331372.66 ticks, tree = 218.09 MB, solutions = 20)
  46536 28414        cutoff          43150.0000    42094.1681  2229235    2.45%
  46727 28567    42687.8558   136    43150.0000    42094.6892  2252024    2.45%
  47012 28804    42522.5590   202    43150.0000    42095.0179  2278613    2.44%
  47306 29054    43099.3617   212    43150.0000    42095.0508  2307124    2.44%
  47357 29075    42164.5248   278    43150.0000    42095.2102  2320446    2.44%
  47640 29330    43111.6887   189    43150.0000    42095.2885  2346405    2.44%
  48033 29690    42117.8017   254    43150.0000    42095.5283  2375792    2.44%
  48418 30055    42201.9563   241    43150.0000    42095.7594  2399565    2.44%
  48549 30173    infeasible          43150.0000    42095.7937  2417087    2.44%
  48893 30478    42217.3752   312    43150.0000    42096.1664  2446422    2.44%
Elapsed time = 215.51 sec. (370124.75 ticks, tree = 245.19 MB, solutions = 20)
  49210 30763        cutoff          43150.0000    42096.3661  2476914    2.44%
  49544 31083    42271.5811   220    43150.0000    42096.3777  2507370    2.44%
  49837 31358    42326.2636   206    43150.0000    42096.4350  2525172    2.44%
  50302 31801    infeasible          43150.0000    42096.7912  2556769    2.44%
  50569 32036    42392.0944   202    43150.0000    42097.0395  2587525    2.44%
  50890 32339    42983.9252   224    43150.0000    42097.2296  2617989    2.44%
  51047 32477    42938.7101   179    43150.0000    42097.2296  2631436    2.44%
  51501 32915        cutoff          43150.0000    42097.2296  2661502    2.44%
  51957 33341    42217.7778   288    43150.0000    42097.2944  2690383    2.44%
  52479 33814    42130.5694   245    43150.0000    42097.4437  2721405    2.44%
Elapsed time = 237.63 sec. (408541.00 ticks, tree = 287.14 MB, solutions = 20)
  52848 34153    42997.0000    95    43150.0000    42097.8515  2748551    2.44%
  53051 34343    43038.0000    33    43150.0000    42097.9881  2763888    2.44%
  53448 34715    42343.4202   265    43150.0000    42098.4192  2794014    2.44%
  53662 34870    42141.0274   334    43150.0000    42098.7083  2823469    2.44%
  53990 35175    43105.0000   103    43150.0000    42098.7083  2849131    2.44%
  54392 35549    infeasible          43150.0000    42098.7508  2878184    2.44%
  54673 35810    42398.7479   228    43150.0000    42098.7649  2900757    2.44%
  55012 36100    43129.7143   196    43150.0000    42098.9672  2929637    2.44%
  55221 36264    42118.0533   263    43150.0000    42099.2455  2953991    2.44%
  55647 36676    42717.0000    55    43150.0000    42099.3213  2979797    2.43%
Elapsed time = 259.83 sec. (446898.41 ticks, tree = 323.18 MB, solutions = 20)
  55901 36905    43011.0000   122    43150.0000    42099.5588  3002431    2.43%
  56240 37218    43111.0000   111    43150.0000    42099.6418  3027417    2.43%
  56604 37553    42203.1979   319    43150.0000    42099.6435  3056104    2.43%
  56632 37579        cutoff          43150.0000    42099.6435  3062951    2.43%
  56863 37785    42186.9838   303    43150.0000    42099.6435  3089109    2.43%
  57194 38102    42343.3899   246    43150.0000    42099.6435  3116871    2.43%
  57493 38379    42497.5925   237    43150.0000    42099.6441  3144624    2.43%
  57928 38782    42504.9612   216    43150.0000    42099.6891  3176827    2.43%
  58238 39055    43142.2946   215    43150.0000    42099.7990  3209283    2.43%
  58427 39187    42970.0000    84    43150.0000    42099.8308  3237831    2.43%
Elapsed time = 282.29 sec. (485869.75 ticks, tree = 354.77 MB, solutions = 20)
  58649 39388    42198.5907   286    43150.0000    42099.9551  3267532    2.43%
  59027 39753    43028.0000    64    43150.0000    42100.0275  3293926    2.43%
  59423 40112    42145.6700   285    43150.0000    42100.1072  3326643    2.43%
  59835 40491    42302.8759   236    43150.0000    42100.1072  3357973    2.43%
  60328 40962    42163.4398   306    43150.0000    42100.2449  3388683    2.43%
  60662 41269    42772.0000   105    43150.0000    42100.4484  3420919    2.43%
  60980 41571    43111.0000   112    43150.0000    42100.4484  3448156    2.43%
  61212 41785    42312.5866   254    43150.0000    42100.6097  3476952    2.43%
  61512 42076    43044.0000   114    43150.0000    42100.6097  3492526    2.43%
  61814 42343    42180.0641   288    43150.0000    42100.6333  3523943    2.43%
Elapsed time = 305.24 sec. (525899.75 ticks, tree = 394.44 MB, solutions = 20)
  62238 42728    42207.6699   226    43150.0000    42100.8711  3555248    2.43%
  62431 42904    43119.8670   218    43150.0000    42101.0199  3582564    2.43%
  62725 43172    42400.7667   175    43150.0000    42101.2587  3611716    2.43%
  62850 43286    43016.0000    59    43150.0000    42101.2587  3631927    2.43%
  63097 43506    42239.1516   230    43150.0000    42101.4896  3660156    2.43%
  63320 43706    42181.8198   295    43150.0000    42101.5341  3687189    2.43%
  63727 44092    42432.0000    78    43150.0000    42101.6148  3714190    2.43%
  64070 44405    42313.7404   257    43150.0000    42101.8040  3741991    2.43%
  64163 44490    43050.2463   171    43150.0000    42101.8475  3753470    2.43%
  64464 44762    43076.0000   110    43150.0000    42102.0517  3780822    2.43%
Elapsed time = 327.25 sec. (564441.64 ticks, tree = 424.87 MB, solutions = 20)
  64869 45133    42537.8507   186    43150.0000    42102.2239  3806423    2.43%
  65305 45551    42969.0000   105    43150.0000    42102.2239  3835892    2.43%
  65808 46028    42114.8582   286    43150.0000    42102.2239  3864379    2.43%
  66015 46212    42155.3077   244    43150.0000    42102.2336  3889957    2.43%
  66326 46504    42280.7013   269    43150.0000    42102.4547  3916134    2.43%
  66527 46668    43044.0000   177    43150.0000    42102.5969  3938329    2.43%
  66959 47080    42772.0000   128    43150.0000    42102.8912  3966246    2.43%
  67179 47284    42264.7794   258    43150.0000    42103.1095  3993034    2.43%
  67526 47595    42727.5706   173    43150.0000    42103.2942  4023816    2.43%
  67699 47742    42474.4975   174    43150.0000    42103.4542  4052390    2.43%
Elapsed time = 350.20 sec. (604966.60 ticks, tree = 462.34 MB, solutions = 20)
  68209 48200    42211.3364   249    43150.0000    42103.6638  4082729    2.42%
  68485 48444    42173.4710   268    43150.0000    42103.8115  4112917    2.42%
  68637 48586    42804.0000    94    43150.0000    42103.8115  4128914    2.42%
  69027 48940    42297.8714   284    43150.0000    42104.2429  4161272    2.42%
  69475 49356    42190.0392   280    43150.0000    42104.3561  4192393    2.42%
  69727 49590    43005.0000   134    43150.0000    42104.4060  4223270    2.42%
  69949 49791    42919.6310   220    43150.0000    42104.4076  4254738    2.42%
  70037 49867    42148.0467   293    43150.0000    42104.4076  4279090    2.42%
  70359 50174    42276.8597   261    43150.0000    42104.4076  4310784    2.42%
  70520 50322        cutoff          43150.0000    42104.4801  4340397    2.42%
Elapsed time = 372.21 sec. (643699.04 ticks, tree = 494.81 MB, solutions = 20)
  70849 50611    42274.8964   244    43150.0000    42104.8207  4371733    2.42%
  70927 50684    42273.5110   258    43150.0000    42104.8258  4385706    2.42%
  71118 50847    42323.2368   180    43150.0000    42104.9126  4416035    2.42%
  71276 50980    43104.8425   176    43150.0000    42105.0681  4449183    2.42%
  71547 51208    42378.1379   259    43150.0000    42105.2886  4480972    2.42%
  71848 51478    42206.0577   287    43150.0000    42105.3620  4510950    2.42%
  72127 51739    42343.3427   247    43150.0000    42105.6147  4529450    2.42%
  72371 51960    42849.9643   196    43150.0000    42105.8904  4561001    2.42%
  72675 52227    42296.4764   232    43150.0000    42105.9867  4597326    2.42%
  73028 52550    42251.5906   304    43150.0000    42105.9867  4624863    2.42%
Elapsed time = 395.13 sec. (683416.79 ticks, tree = 522.94 MB, solutions = 20)
  73193 52679    42240.3593   262    43150.0000    42106.0277  4654095    2.42%
  73376 52850    42218.0436   272    43150.0000    42106.0432  4681083    2.42%
  73531 52987    42237.1529   227    43150.0000    42106.0432  4700657    2.42%
  73708 53152    42924.0000   149    43150.0000    42106.0810  4726926    2.42%
  74102 53509    43104.8425   199    43150.0000    42106.2639  4755271    2.42%
  74387 53765    42345.4844   222    43150.0000    42106.5352  4783722    2.42%
  74718 54061    42359.7593   251    43150.0000    42106.6105  4813551    2.42%
  75054 54382    42306.8749   242    43150.0000    42106.8318  4835814    2.42%
  75467 54764    43010.0000    82    43150.0000    42107.0845  4864074    2.42%
  75701 54972    42159.9921   271    43150.0000    42107.1581  4891960    2.42%
Elapsed time = 416.94 sec. (722129.01 ticks, tree = 553.41 MB, solutions = 20)
  76028 55276    42911.0925   178    43150.0000    42107.2457  4918560    2.42%
  76563 55763    42361.2876   205    43150.0000    42107.4223  4948974    2.42%
  76727 55907    42471.2634   263    43150.0000    42107.4723  4961447    2.42%
  77158 56288    42412.1471   234    43150.0000    42107.8059  4991486    2.42%
  77444 56535    42180.1667   223    43150.0000    42108.1467  5019887    2.41%
  77829 56860        cutoff          43150.0000    42108.1840  5047118    2.41%
  78270 57263    42510.2324   200    43150.0000    42108.2582  5075410    2.41%
  78398 57346    42939.8462   168    43150.0000    42108.2582  5102436    2.41%
  78627 57531    43143.0000   134    43150.0000    42108.5416  5128937    2.41%
  79043 57922    42221.3673   244    43150.0000    42108.5416  5158342    2.41%
Elapsed time = 440.59 sec. (762588.31 ticks, tree = 590.57 MB, solutions = 20)
  79490 58350    42954.0000   133    43150.0000    42108.5705  5189925    2.41%
  79826 58659    42216.3768   283    43150.0000    42108.8890  5221570    2.41%
  79993 58799    42745.2517   295    43150.0000    42108.8890  5250062    2.41%
  80394 59161    43049.0000   118    43150.0000    42108.9943  5282987    2.41%
  80427 59188    42871.5038   192    43150.0000    42108.9943  5292152    2.41%
  80660 59388    42872.8000   162    43150.0000    42109.0399  5324140    2.41%
  81117 59793    42975.4937   217    43150.0000    42109.0399  5357518    2.41%
  81479 60099    43003.3264   139    43150.0000    42109.0943  5391459    2.41%
  81828 60409    42271.6366   296    43150.0000    42109.3537  5421629    2.41%
  82075 60621    42226.6235   259    43150.0000    42109.5768  5452412    2.41%
Elapsed time = 462.49 sec. (801118.80 ticks, tree = 624.50 MB, solutions = 20)
  82402 60925    42873.0000    68    43150.0000    42109.9136  5483187    2.41%
  82667 61159    42247.5738   210    43150.0000    42110.0030  5508470    2.41%
  82932 61399    42945.1891   175    43150.0000    42110.0117  5538646    2.41%
  83274 61706    42282.9860   247    43150.0000    42110.0576  5570148    2.41%
  83400 61817    42345.7687   204    43150.0000    42110.0593  5589661    2.41%
  83784 62173    42176.2764   259    43150.0000    42110.0593  5620239    2.41%

Performing restart 2

Repeating presolve.
Tried aggregator 1 time.
MIP Presolve modified 486 coefficients.
Reduced MIP has 231 rows, 4050 columns, and 8081 nonzeros.
Reduced MIP has 4050 binaries, 0 generals, 0 SOSs, and 0 indicators.
Presolve time = 0.01 sec. (9.60 ticks)
Tried aggregator 1 time.
MIP Presolve modified 486 coefficients.
Reduced MIP has 231 rows, 4050 columns, and 8081 nonzeros.
Reduced MIP has 4050 binaries, 0 generals, 0 SOSs, and 0 indicators.
Presolve time = 0.01 sec. (11.70 ticks)
Represolve time = 0.29 sec. (182.90 ticks)
  84007     0    42044.7223   337    43150.0000      Cuts: 81  5650471    2.41%
  84007     0    42047.8147   271    43150.0000      Cuts: 50  5651054    2.41%
  84007     0    42048.5577   247    43150.0000      Cuts: 88  5651552    2.41%
  84007     0    42049.8658   236    43150.0000      Cuts: 97  5651893    2.41%
  84007     0    42050.5931   237    43150.0000      Cuts: 91  5652174    2.41%
  84007     0    42051.2635   225    43150.0000      Cuts: 61  5652368    2.41%
  84007     0    42052.5670   250    43150.0000      Cuts: 96  5652618    2.41%
  84007     0    42052.8126   277    43150.0000      Cuts: 79  5652958    2.41%
  84007     0    42053.3157   239    43150.0000      Cuts: 59  5653294    2.41%
  84007     0    42053.5324   275    43150.0000      Cuts: 82  5653533    2.41%
  84007     0    42053.7080   272    43150.0000      Cuts: 59  5653878    2.41%
  84007     2    42053.7080   216    43150.0000    42110.0675  5653878    2.41%
  84107    91    42208.7264   168    43150.0000    42110.0675  5661029    2.41%
  84455   392    42920.4613   145    43150.0000    42110.0675  5673088    2.41%
  84849   727    42079.7382   190    43150.0000    42110.0675  5689883    2.41%
Elapsed time = 488.45 sec. (842755.88 ticks, tree = 3.77 MB, solutions = 20)
  85341  1176    42196.4000   156    43150.0000    42110.0675  5710157    2.41%
  85988  1768    42671.2326   169    43150.0000    42110.0675  5730626    2.41%
  86513  2240    43099.9831   153    43150.0000    42110.0675  5755165    2.41%
  87074  2744    43082.0000    83    43150.0000    42110.0675  5777267    2.41%
  87664  3257    42245.0750   186    43150.0000    42110.0675  5803420    2.41%
  88016  3569    42313.9090   191    43150.0000    42110.0675  5823688    2.41%
  88436  3937    42280.1210   184    43150.0000    42113.9152  5843270    2.40%
  89116  4560    42136.6243   196    43150.0000    42115.7538  5868641    2.40%
  89413  4806    42235.9272   180    43150.0000    42117.2064  5885778    2.39%
  90066  5406    42122.7580   192    43150.0000    42118.9815  5909324    2.39%
Elapsed time = 510.82 sec. (881098.09 ticks, tree = 29.39 MB, solutions = 20)
  90627  5920    42217.1176   180    43150.0000    42119.5042  5940503    2.39%
  91392  6625    43132.0000    72    43150.0000    42120.0286  5971173    2.39%
  91966  7147    43117.1857   140    43150.0000    42121.3602  6000011    2.38%
  92500  7637        cutoff          43150.0000    42121.9763  6030319    2.38%
  93007  8092    42319.4577   189    43150.0000    42124.8772  6055543    2.38%
  93357  8385    42520.1465   161    43150.0000    42128.1037  6082476    2.37%
  93691  8654    42205.8642   204    43150.0000    42129.8251  6112768    2.36%
  93956  8882    42996.2476   190    43150.0000    42130.7926  6140432    2.36%
  94413  9274    42648.0000   129    43150.0000    42131.6890  6168780    2.36%
  94814  9620    42259.3498   170    43150.0000    42132.1892  6198096    2.36%
Elapsed time = 532.69 sec. (921082.54 ticks, tree = 54.41 MB, solutions = 20)
  95171  9915    43114.4615   119    43150.0000    42132.8735  6221351    2.36%
  95581 10272    43124.4978   141    43150.0000    42133.2323  6246293    2.36%
  95930 10583    43094.0000   107    43150.0000    42133.4472  6272066    2.36%
  96107 10739    42805.4563   148    43150.0000    42133.6166  6288940    2.36%
  96555 11127    42532.1339   160    43150.0000    42134.0963  6313846    2.35%
  96857 11387    42215.3950   184    43150.0000    42134.4490  6343030    2.35%
  97169 11655    42229.7832   202    43150.0000    42135.3575  6371569    2.35%
  97798 12194    43074.0000   152    43150.0000    42135.7623  6400295    2.35%
  98117 12482    42328.6903   196    43150.0000    42136.2055  6428961    2.35%
  98357 12651    43074.0000   108    43150.0000    42136.7373  6457854    2.35%
Elapsed time = 553.97 sec. (960188.85 ticks, tree = 74.45 MB, solutions = 20)
  98821 13064    43072.0992   194    43150.0000    42137.1807  6482569    2.35%
  99181 13385    42139.0342   219    43150.0000    42137.8893  6507303    2.35%
  99448 13617    42259.7542   210    43150.0000    42138.1499  6530141    2.34%
  99640 13765    42239.6137   209    43150.0000    42138.1602  6548472    2.34%
 100067 14115    42297.2908   212    43150.0000    42138.2880  6572868    2.34%
 100451 14462    42188.8137   242    43150.0000    42138.4696  6596449    2.34%
 100748 14744        cutoff          43150.0000    42138.6614  6621556    2.34%
 101062 15030    42190.9269   232    43150.0000    42139.1489  6649699    2.34%
 101374 15307    43049.6899   174    43150.0000    42139.5454  6675731    2.34%
 101753 15640    42150.6757   221    43150.0000    42139.8750  6695928    2.34%
Elapsed time = 575.32 sec. (999053.61 ticks, tree = 95.91 MB, solutions = 20)
 101954 15808    43121.6000   204    43150.0000    42140.4388  6722475    2.34%
 102326 16153    42777.0403   165    43150.0000    42140.9677  6747876    2.34%
 102559 16358    42473.2111   171    43150.0000    42141.3214  6773439    2.34%
 102807 16583    42445.4265   242    43150.0000    42141.5038  6787982    2.34%
 103006 16738    infeasible          43150.0000    42141.7876  6811764    2.34%
 103208 16913    42383.3413   259    43150.0000    42142.0878  6835966    2.34%
 103412 17076    42821.9263   196    43150.0000    42142.3725  6858679    2.34%
 103568 17185    42315.1429   191    43150.0000    42142.9541  6879535    2.33%
 104012 17599    42203.0976   182    43150.0000    42143.3142  6901237    2.33%
 104103 17665    43124.7724   186    43150.0000    42143.4612  6928167    2.33%
Elapsed time = 596.97 sec. (1038373.87 ticks, tree = 113.38 MB, solutions = 20)
 104369 17894    42253.8272   229    43150.0000    42144.0119  6954383    2.33%
 104476 17969    42460.8287   227    43150.0000    42144.1974  6980641    2.33%
 104607 18066    42867.8000   134    43150.0000    42144.6079  7006261    2.33%
 104805 18209    43095.7724   207    43150.0000    42144.9038  7030651    2.33%
 104956 18326    42864.7234   216    43150.0000    42145.0880  7052969    2.33%
 105092 18429    42520.7018   205    43150.0000    42145.6677  7078837    2.33%
 105234 18550    42414.6000   161    43150.0000    42145.6677  7103829    2.33%
 105344 18640    42566.5000   182    43150.0000    42145.6677  7131193    2.33%
 105462 18746    42685.8528   164    43150.0000    42145.7615  7153802    2.33%
 105828 19085    42382.6500   266    43150.0000    42146.8056  7176105    2.32%
Elapsed time = 619.52 sec. (1079423.50 ticks, tree = 127.26 MB, solutions = 20)
 106078 19301    42194.3398   237    43150.0000    42147.7082  7199192    2.32%
 106237 19446    42685.1406   200    43150.0000    42147.7678  7223183    2.32%
 106422 19606    42159.0139   229    43150.0000    42148.5666  7243300    2.32%
 106731 19881    42310.1356   265    43150.0000    42148.9123  7267055    2.32%
 106809 19956    42798.5401   228    43150.0000    42148.9612  7278003    2.32%
 106921 20020    42255.1344   252    43150.0000    42149.4378  7302222    2.32%
 107106 20181    42380.3332   211    43150.0000    42149.6070  7327066    2.32%
 107367 20415    42967.0000   114    43150.0000    42149.9041  7351387    2.32%
 107636 20653    42816.6986   189    43150.0000    42150.4267  7376211    2.32%
 107896 20892    43032.0000    91    43150.0000    42150.5816  7405662    2.32%
Elapsed time = 642.04 sec. (1119038.17 ticks, tree = 146.44 MB, solutions = 20)
 108096 21063    42243.9506   238    43150.0000    42150.8743  7432374    2.32%
 108257 21195    42277.7643   248    43150.0000    42151.0752  7459562    2.32%
*108307+12822                        42941.0000    42151.1363             1.84%
 108407 12907    42399.0000   145    42941.0000    42151.2545  7475225    1.84%
 108507 12999    42400.2912   223    42941.0000    42151.3017  7485790    1.84%
 108651 13110    42536.0149   215    42941.0000    42151.4559  7511604    1.84%
 108754 13181    42257.9461   264    42941.0000    42151.6433  7533785    1.84%
 108898 13303    42542.9905   229    42941.0000    42151.8412  7554226    1.84%
 109013 13383    42194.3507   279    42941.0000    42152.1823  7575058    1.84%
 109158 13511    42285.8956   253    42941.0000    42152.2784  7597225    1.84%
 109254 13588    42271.9192   292    42941.0000    42152.3211  7616774    1.84%
Elapsed time = 666.19 sec. (1160503.81 ticks, tree = 99.48 MB, solutions = 21)
 109307 13627    42832.1030   192    42941.0000    42152.5556  7631456    1.84%
 109411 13703    42179.2152   256    42941.0000    42153.0427  7651927    1.83%
 109583 13842    42401.8095   196    42941.0000    42153.1354  7671651    1.83%
 109855 14070    42648.8009   179    42941.0000    42153.6692  7692576    1.83%
 109918 14121    42290.4837   325    42941.0000    42153.8391  7712806    1.83%
 110007 14203    42478.2000   169    42941.0000    42154.4084  7736223    1.83%
 110139 14312    42244.9794   240    42941.0000    42155.0763  7759331    1.83%
 110278 14433    42556.8393   191    42941.0000    42155.1154  7783581    1.83%
 110356 14492    42223.9064   251    42941.0000    42155.2937  7804257    1.83%
 110504 14602    42255.2654   289    42941.0000    42155.6977  7830638    1.83%
Elapsed time = 688.92 sec. (1199832.94 ticks, tree = 112.15 MB, solutions = 21)
 110713 14788    42898.0000   116    42941.0000    42155.7656  7857282    1.83%
 110811 14856    42247.1335   280    42941.0000    42155.9521  7872536    1.83%
 111080 15096    42297.1788   272    42941.0000    42156.0111  7902918    1.83%
 111440 15442    42781.8846   129    42941.0000    42156.1398  7928308    1.83%
 111544 15525    42233.9854   267    42941.0000    42156.8804  7952656    1.83%
 111690 15643    42562.3750   190    42941.0000    42157.0686  7973124    1.83%
 111792 15719    42288.0152   270    42941.0000    42157.0686  7995246    1.83%
 111831 15752    42441.9248   271    42941.0000    42157.0686  8007085    1.83%
 111953 15850    42345.0000   184    42941.0000    42157.1098  8029770    1.83%
 112139 16013    42811.7482   231    42941.0000    42157.4188  8051682    1.82%
Elapsed time = 711.44 sec. (1238725.20 ticks, tree = 130.07 MB, solutions = 21)
 112290 16140    42318.7108   234    42941.0000    42157.5123  8074285    1.82%
 112678 16484    42310.6137   307    42941.0000    42157.7665  8099155    1.82%
 112877 16652    42296.2481   301    42941.0000    42157.9215  8125463    1.82%
 113007 16762    42196.9643   313    42941.0000    42157.9215  8151945    1.82%
 113251 16987    42625.0000   177    42941.0000    42157.9865  8179471    1.82%
 113525 17230    42834.2550   187    42941.0000    42158.3359  8209989    1.82%
 113749 17428    42281.4046   236    42941.0000    42158.5162  8236961    1.82%
 114026 17686    42831.7857   226    42941.0000    42158.6763  8269758    1.82%
 114218 17859        cutoff          42941.0000    42158.8306  8298645    1.82%
 114307 17923    42333.0014   199    42941.0000    42158.9843  8323309    1.82%
Elapsed time = 735.36 sec. (1279542.34 ticks, tree = 154.27 MB, solutions = 21)
 114469 18059    42269.2459   291    42941.0000    42159.0445  8349307    1.82%
 114578 18154    42531.6712   239    42941.0000    42159.2354  8372106    1.82%
 114677 18234    42245.0363   287    42941.0000    42159.2889  8387764    1.82%
 114756 18302    42864.6189   238    42941.0000    42159.3589  8413025    1.82%
 114881 18398    42282.5952   185    42941.0000    42159.4586  8433826    1.82%
 114989 18492    42722.6706   172    42941.0000    42159.5222  8457897    1.82%
 115063 18553    42204.3487   249    42941.0000    42159.5967  8474643    1.82%
 115121 18591    42330.0480   315    42941.0000    42159.7321  8500495    1.82%
 115309 18759    42549.3182   195    42941.0000    42159.8376  8527170    1.82%
 115507 18924    42272.9239   295    42941.0000    42159.9320  8551776    1.82%
Elapsed time = 758.03 sec. (1318945.33 ticks, tree = 166.99 MB, solutions = 21)
 115829 19216    42758.0651   185    42941.0000    42160.0394  8577104    1.82%
 115957 19320    42873.8017   268    42941.0000    42160.1784  8606065    1.82%
 116107 19451    42721.0000   129    42941.0000    42160.2709  8624980    1.82%
 116247 19566    42202.3505   316    42941.0000    42160.4892  8654808    1.82%
 116549 19836    42309.6875   215    42941.0000    42160.7110  8684033    1.82%
 116758 20011    42301.6889   288    42941.0000    42160.8087  8711096    1.82%
 116927 20131    42192.6631   263    42941.0000    42161.0000  8741243    1.82%
 117122 20297    42384.5185   222    42941.0000    42161.1457  8768617    1.82%
 117258 20404    42237.8145   291    42941.0000    42161.4740  8795453    1.82%
 117367 20492    42696.3175   175    42941.0000    42161.7822  8818766    1.81%
Elapsed time = 781.51 sec. (1359514.27 ticks, tree = 186.87 MB, solutions = 21)
 117489 20593    42274.0962   233    42941.0000    42161.9742  8838222    1.81%
 117627 20709    42336.9701   224    42941.0000    42162.2717  8861348    1.81%
 117712 20785    42315.1429   174    42941.0000    42162.3690  8871147    1.81%
 117833 20881    42203.3091   306    42941.0000    42162.5278  8894380    1.81%
 117925 20951    42483.0559   236    42941.0000    42162.7022  8917895    1.81%
 118016 21021        cutoff          42941.0000    42162.7405  8943552    1.81%
 118125 21116    42363.0464   205    42941.0000    42162.8039  8964660    1.81%
 118255 21227    42544.5714   211    42941.0000    42162.9500  8990009    1.81%
 118590 21523    42234.8402   252    42941.0000    42163.1188  9016661    1.81%
 118776 21673    42272.8432   239    42941.0000    42163.3271  9043373    1.81%
Elapsed time = 803.77 sec. (1398201.06 ticks, tree = 201.90 MB, solutions = 21)
 118832 21721    42585.8318   261    42941.0000    42163.4572  9055567    1.81%
 119016 21874    42387.8381   271    42941.0000    42163.7949  9081520    1.81%
 119183 22010    infeasible          42941.0000    42163.9005  9108012    1.81%
Starting limited solution polishing.
 119446 22231    42821.0078   258    42941.0000    42164.2089  9136032    1.81%
*119607+21487                        42911.0000    42164.3501             1.74%
 119624 21504    42843.5147   213    42911.0000    42164.3501  9164405    1.74%
 119763 21619    42251.5776   276    42911.0000    42164.8464  9190762    1.74%
 119807 21658    42331.4492   162    42911.0000    42164.8967  9206478    1.74%
 119907 21731    42672.4352   189    42911.0000    42164.9912  9230989    1.74%
 120107 21916    42195.7801   252    42911.0000    42164.9994  9245739    1.74%
 120214 22004    42346.5941   231    42911.0000    42165.0452  9271142    1.74%
Elapsed time = 828.39 sec. (1439225.97 ticks, tree = 207.90 MB, solutions = 22)
 120307 22087    42700.3357   260    42911.0000    42165.1812  9287455    1.74%
 120407 22159    42229.8942   262    42911.0000    42165.2890  9308713    1.74%
 120529 22261    42871.3073   264    42911.0000    42165.3970  9330334    1.74%
 120609 22319    42296.1638   230    42911.0000    42165.6400  9347854    1.74%
 120755 22432    42829.4098   206    42911.0000    42165.9211  9371222    1.74%
 120884 22539    42894.1033   261    42911.0000    42166.2272  9391580    1.74%
 120976 22617    42261.3148   248    42911.0000    42166.2655  9406318    1.74%
 121025 22658    42452.7157   268    42911.0000    42166.2655  9423446    1.74%
 121107 22728    42767.0000   135    42911.0000    42166.2655  9445775    1.74%
 121248 22853    42606.8143   257    42911.0000    42166.4736  9460969    1.74%
Elapsed time = 853.46 sec. (1481262.58 ticks, tree = 218.70 MB, solutions = 22)
 121341 22928    42581.2797   207    42911.0000    42166.4736  9476347    1.74%
 121407 22981    42288.8933   281    42911.0000    42166.4736  9491026    1.74%
 121507 23058    42368.7182   240    42911.0000    42166.4736  9513156    1.74%
 121607 23135    42350.2832   220    42911.0000    42166.6241  9540865    1.73%
 121706 23210    42185.9169   316    42911.0000    42166.7308  9568112    1.73%
 121894 23373    42249.8629   257    42911.0000    42166.8436  9591171    1.73%
 121926 23396    42345.2242   291    42911.0000    42166.9326  9600352    1.73%
 122007 23466    42328.9753   233    42911.0000    42167.0184  9625934    1.73%
 122125 23560    42307.2408   169    42911.0000    42167.2279  9649735    1.73%
 122241 23642    42503.0252   217    42911.0000    42167.2446  9672259    1.73%
Elapsed time = 879.29 sec. (1523646.79 ticks, tree = 228.85 MB, solutions = 22)
 122332 23720    42193.5832   151    42911.0000    42167.3916  9689478    1.73%
 122507 23869    42370.9694   176    42911.0000    42167.7098  9709316    1.73%
 122703 24027    42579.3938   251    42911.0000    42168.2271  9737830    1.73%
*122807+23337                        42880.0000    42168.6529             1.66%
 122808 23340    42592.1330   203    42880.0000    42168.6529  9764068    1.66%
 122953 23464    42336.8173   257    42880.0000    42168.7756  9784704    1.66%
 123069 23572    42732.0000   138    42880.0000    42168.8596  9801229    1.66%
 123178 23655    42188.1687   225    42880.0000    42169.1760  9822520    1.66%
 123280 23729    42275.4044   247    42880.0000    42169.5577  9839885    1.66%

Clique cuts applied:  77
Cover cuts applied:  827
Flow cuts applied:  13
Mixed integer rounding cuts applied:  164
Zero-half cuts applied:  63
Gomory fractional cuts applied:  15

Root node processing (before b&c):
  Real time             =    0.60 sec. (832.72 ticks)
Sequential b&c:
  Real time             =  899.40 sec. (1557160.06 ticks)
                          ------------
Total (root+branch&cut) =  900.00 sec. (1557992.77 ticks)
MIP: [1;32mCPLEX finished.[0m
MIP: [1;32mCPLEX status: Feasible[0m
MIP: [1;32mSolution: 
[8, 21, 22, 20, 20, 36, 26, 27, 0, 12, 14, 30, 35, 22, 23, 15, 22, 17, 41, 37, 8, 40, 6, 25, 25, 34, 19, 5, 16, 31, 11, 14, 41, 37, 11, 7, 40, 12, 8, 28, 40, 38, 11, 23, 6, 29, 38, 19, 27, 6, 30, 29, 34, 10, 0, 38, 12, 7, 15, 31, 21, 21, 32, 41, 33, 26, 1, 22, 33, 36][1, 5, -1, -1, -1, 15, 17, 10, 15, -1, 25, 3, 18, -1, 11, 26, 10, 14, -1, 21, 11, 20, 25, 16, -1, 27, 20, 24, 19, 19, 23, 16, 17, 1, 14, 24, 27, 21, 26, -1, 5, 6][-1, 3, -1, 1, -1, 9, 18, -1, -1, -1, 17, 0, -1, -1, 18, 7, 14, 7, 1, 16, 3, 18, -1, 16, 17, 7, 12, 9, -1][0m
MIP: [1;32mObjective value: 42880[0m
MIP: [1;32mLower Bound: 42169.7[0m
MIP: [1;32mBranch-and-Bound nodes: 123307[0m

# best solution:
best objective value:	42880
best dual bound value:	42169
optimality gap:	1.65812%
CPU time:	897.464
