ifile	/scratch/csagturk/mlbp_inst/n0070_m02__015.inst
prob	TNFMLBP
threads	1
ttime	900
instance: /scratch/csagturk/mlbp_inst/n0070_m02__015.inst
	m=2, n=[70, 41, 28]
MIP: [1;32minit CPLEX[0m
CAN: [1;35mcreated 4018 x_{ijk} and f_{ijk} variables[0m
CAN: [1;35mcreated 139 y_{ij} variables[0m
MIP: [1;32mcreated decision variables[0m
MIP: [1;32mcreated constraints[0m
MIP: [1;32mcreated objective function[0m
MIP: [1;32mcalling CPLEX solve ...[0m
Version identifier: 22.1.0.0 | 2022-03-09 | 1a383f8ce
CPXPARAM_Threads                                 1
CPXPARAM_TimeLimit                               900
Tried aggregator 2 times.
MIP Presolve eliminated 71 rows and 4615 columns.
MIP Presolve modified 331 coefficients.
Aggregator did 164 substitutions.
Reduced MIP has 426 rows, 3736 columns, and 7444 nonzeros.
Reduced MIP has 3613 binaries, 0 generals, 0 SOSs, and 82 indicators.
Presolve time = 0.02 sec. (27.03 ticks)
Probing fixed 0 vars, tightened 42 bounds.
Probing changed sense of 41 constraints.
Probing time = 0.02 sec. (20.78 ticks)
Tried aggregator 1 time.
Detecting symmetries...
MIP Presolve eliminated 246 rows and 287 columns.
Reduced MIP has 180 rows, 3449 columns, and 6870 nonzeros.
Reduced MIP has 3449 binaries, 0 generals, 0 SOSs, and 0 indicators.
Presolve time = 0.01 sec. (10.88 ticks)
Probing time = 0.00 sec. (2.70 ticks)
Clique table members: 868.
MIP emphasis: balance optimality and feasibility.
MIP search method: dynamic search.
Parallel mode: none, using 1 thread.
Root relaxation solution time = 0.01 sec. (11.42 ticks)

        Nodes                                         Cuts/
   Node  Left     Objective  IInf  Best Integer    Best Bound    ItCnt     Gap

      0     0    32889.2500    93                  32889.2500      544         
      0     0    32907.7186   139                   Cuts: 145      856         
      0     0    32908.6767   121                   Cuts: 145     1160         
      0     0    32911.2444   157                   Cuts: 127     1564         
      0     0    32911.8913   140                   Cuts: 128     1919         
      0     0    32911.8913   160                   Cuts: 144     2179         
      0     0    32911.8913   143                    Cuts: 95     2464         
      0     0    32911.8913   187                   Cuts: 109     2781         
*     0+    0                        36439.0000    32911.8913             9.68%
*     0+    0                        35586.0000    32911.8913             7.51%
*     0+    0                        34863.0000    32911.8913             5.60%
      0     0  -1.00000e+75     0    34863.0000    32911.8913     2781    5.60%
      0     2    32911.8913    60    34863.0000    32911.8913     2781    5.60%
Elapsed time = 1.43 sec. (1919.41 ticks, tree = 0.01 MB, solutions = 3)
    180   182    32911.8913    54    34863.0000    32911.8913     4938    5.60%
*   260+  260                        34751.0000    32911.8913             5.29%
*   260+  260                        34351.0000    32911.8913             4.19%
*   340+  328                        34291.0000    32911.8913             4.02%
*   370+  342                        34242.0000    32911.8913             3.88%
    419   378    infeasible          34242.0000    32911.8913     6747    3.88%
*   509+  382                        33659.0000    32911.8913             2.22%
    510   385    32911.8913    67    33659.0000    32911.8913     8075    2.22%

Performing restart 1

Repeating presolve.
Tried aggregator 1 time.
MIP Presolve modified 896 coefficients.
Reduced MIP has 180 rows, 3449 columns, and 6870 nonzeros.
Reduced MIP has 3449 binaries, 0 generals, 0 SOSs, and 0 indicators.
Presolve time = 0.01 sec. (9.17 ticks)
Tried aggregator 1 time.
MIP Presolve modified 730 coefficients.
Reduced MIP has 180 rows, 3449 columns, and 6870 nonzeros.
Reduced MIP has 3449 binaries, 0 generals, 0 SOSs, and 0 indicators.
Presolve time = 0.01 sec. (10.73 ticks)
Represolve time = 0.07 sec. (57.09 ticks)
    619     0    32882.0936   103    33659.0000     Cuts: 145    10754    2.22%
    619     0    32892.7577   137    33659.0000     Cuts: 145    11056    2.22%
    619     0    32897.7753   138    33659.0000     Cuts: 145    11290    2.22%
    619     0    32903.4755   160    33659.0000     Cuts: 140    11635    2.22%
    619     0    32904.1012   137    33659.0000     Cuts: 140    12157    2.22%
    619     0    32904.8796   176    33659.0000     Cuts: 141    12603    2.22%
    619     0    32909.0580   153    33659.0000     Cuts: 117    12977    2.22%
    619     0    32909.4838   183    33659.0000     Cuts: 143    13615    2.22%
    619     0    32911.7326   192    33659.0000     Cuts: 145    14146    2.22%
    619     0    32912.4250   190    33659.0000     Cuts: 139    14622    2.22%
    619     0    32913.4910   197    33659.0000     Cuts: 119    15040    2.21%
    619     0    32915.8688   188    33659.0000     Cuts: 126    15565    2.21%
    619     0    32916.0072   237    33659.0000     Cuts: 114    16025    2.21%
    619     0    32916.2312   152    33659.0000      Cuts: 80    16522    2.21%
    619     0    32916.5136   181    33659.0000      Cuts: 99    16839    2.21%
    619     0    32916.9143   172    33659.0000      Cuts: 75    17112    2.20%
    619     2    32916.9143   116    33659.0000    32917.3533    17112    2.20%
    630    13    32934.2591    95    33659.0000    32920.5185    17589    2.19%
    672    55    33302.6667    68    33659.0000    32920.5185    18188    2.19%
    702    61    32922.8874   114    33659.0000    32922.4352    18723    2.19%
    744   102    33102.2058    78    33659.0000    32922.4352    19279    2.19%
    821   169    33535.0000    51    33659.0000    32922.4352    19958    2.19%
   1155   467    infeasible          33659.0000    32925.8584    24257    2.18%
Elapsed time = 7.12 sec. (9593.76 ticks, tree = 2.00 MB, solutions = 8)
   1556   822    32970.3765   101    33659.0000    32932.8079    29459    2.16%
   2125  1334    32970.6925    93    33659.0000    32936.1667    37554    2.15%
   2727  1855    32984.7282   122    33659.0000    32938.6299    45792    2.14%
   3349  2413    33043.2857    88    33659.0000    32939.5847    55535    2.14%
   3929  2927    32976.7282   113    33659.0000    32944.7140    62604    2.12%
   4544  3456    33035.7307    99    33659.0000    32946.9595    69876    2.12%
   5128  3984    33606.0000    64    33659.0000    32948.3183    79149    2.11%
   5604  4397    33258.0000    95    33659.0000    32951.8009    88190    2.10%
   6259  4976    33560.0000    38    33659.0000    32952.8521    95965    2.10%
   6808  5477    33060.2397   109    33659.0000    32956.1174   103722    2.09%
Elapsed time = 13.92 sec. (19243.06 ticks, tree = 24.51 MB, solutions = 8)
   7413  6010    33541.0000    71    33659.0000    32958.0257   111922    2.08%
   8155  6666    33435.0000    73    33659.0000    32959.8854   120845    2.08%
   8789  7206    33278.9565   106    33659.0000    32960.6478   129527    2.07%
   9445  7756    32985.1862    91    33659.0000    32963.8816   138133    2.07%
  10191  8443    33199.0000    81    33659.0000    32965.3247   147147    2.06%
* 10779+ 8319                        33583.0000    32965.8388             1.84%
* 10779+ 8229                        33573.0000    32965.8388             1.81%
  10779  8231    33454.0000    84    33573.0000    32965.8388   154181    1.81%
  11348  8739    infeasible          33573.0000    32966.6688   163017    1.81%
  11969  9316    33441.0000    52    33573.0000    32968.0212   172149    1.80%
  12684  9954    33031.7035   108    33573.0000    32969.0567   182502    1.80%
  13335 10534    33046.7583   104    33573.0000    32969.6490   191619    1.80%
Elapsed time = 32.49 sec. (41576.41 ticks, tree = 47.80 MB, solutions = 10)
  14016 11131    33257.0000    71    33573.0000    32970.9138   201466    1.79%
  14860 11886    33535.0000    71    33573.0000    32971.3843   212869    1.79%
  15515 12466    33096.4500   108    33573.0000    32972.6162   221567    1.79%
  16144 13035    33278.0909    89    33573.0000    32973.2782   232286    1.79%
  16789 13646    33550.0000    61    33573.0000    32974.0000   243178    1.78%
  17404 14220    33234.0000    72    33573.0000    32974.4100   251822    1.78%
  18018 14753    33211.0000   116    33573.0000    32974.9246   261333    1.78%
  18644 15320    33397.7806    73    33573.0000    32975.7371   270996    1.78%
  19305 15933    33516.6667    87    33573.0000    32976.2292   279419    1.78%
  19983 16562    33267.0000    61    33573.0000    32976.9650   289024    1.78%
Elapsed time = 39.23 sec. (51138.55 ticks, tree = 76.08 MB, solutions = 10)
  20657 17181        cutoff          33573.0000    32977.5260   299323    1.77%

Performing restart 2

Repeating presolve.
Tried aggregator 1 time.
MIP Presolve modified 730 coefficients.
Reduced MIP has 180 rows, 3449 columns, and 6870 nonzeros.
Reduced MIP has 3449 binaries, 0 generals, 0 SOSs, and 0 indicators.
Presolve time = 0.01 sec. (8.94 ticks)
Tried aggregator 1 time.
MIP Presolve modified 730 coefficients.
Reduced MIP has 180 rows, 3449 columns, and 6870 nonzeros.
Reduced MIP has 3449 binaries, 0 generals, 0 SOSs, and 0 indicators.
Presolve time = 0.01 sec. (10.73 ticks)
Represolve time = 0.23 sec. (153.52 ticks)
  21159     0    32917.6112   174    33573.0000     Cuts: 145   309792    1.77%
  21159     0    32918.4361   166    33573.0000      Cuts: 91   310284    1.77%
  21159     0    32918.8337   194    33573.0000     Cuts: 145   310718    1.77%
  21159     0    32920.2452   150    33573.0000      Cuts: 73   311000    1.77%
  21159     0    32920.2452   182    33573.0000     Cuts: 117   311270    1.77%
  21159     0    32920.2452   170    33573.0000      Cuts: 74   311583    1.77%
  21159     0    32920.2452   179    33573.0000     Cuts: 121   311873    1.77%
  21159     0    32920.7857   143    33573.0000      Cuts: 58   312105    1.77%
  21159     0    32920.8182   188    33573.0000     Cuts: 135   312381    1.77%
  21159     0    32920.8187   158    33573.0000      Cuts: 94   312680    1.77%
  21159     0    32920.8268   170    33573.0000     Cuts: 112   313003    1.77%
  21159     2    32920.8268   117    33573.0000    32977.9293   313003    1.77%
  21328   151    32991.7381    88    33573.0000    32977.9293   314992    1.77%
  21531   313    33100.0205   108    33573.0000    32977.9293   317250    1.77%
  21840   580    33488.0000    71    33573.0000    32977.9293   319716    1.77%
  22190   863    33234.0000    70    33573.0000    32977.9293   322397    1.77%
  22550  1170    32938.7513   108    33573.0000    32977.9293   326265    1.77%
  23060  1629    33036.8391    82    33573.0000    32977.9293   331403    1.77%
  23575  2087        cutoff          33573.0000    32977.9293   336846    1.77%
  24272  2697    33118.4861   101    33573.0000    32977.9293   342388    1.77%
Elapsed time = 48.12 sec. (63914.27 ticks, tree = 9.60 MB, solutions = 10)
  24809  3171    32998.7934   124    33573.0000    32977.9293   349146    1.77%
  25211  3545    33200.0000    76    33573.0000    32977.9293   354190    1.77%
  25654  3950    32966.7777   111    33573.0000    32977.9293   359531    1.77%
  26211  4461    33006.7059   100    33573.0000    32977.9293   365780    1.77%
  26786  4982    33163.4082   103    33573.0000    32977.9293   372944    1.77%
  27384  5534    33181.6686   105    33573.0000    32977.9293   379355    1.77%
  27965  6057    33259.6667    86    33573.0000    32977.9293   385798    1.77%
  28597  6601    33571.0000    78    33573.0000    32977.9293   394059    1.77%
  29184  7139    33206.0000    90    33573.0000    32977.9293   400386    1.77%
  29582  7496    32972.5286    99    33573.0000    32977.9293   407093    1.77%
Elapsed time = 54.82 sec. (73477.75 ticks, tree = 27.15 MB, solutions = 10)
  30219  8068    33200.0000    90    33573.0000    32977.9293   414513    1.77%
  30884  8676    32980.6259   101    33573.0000    32977.9293   421831    1.77%
  31591  9330    33509.0000    65    33573.0000    32977.9293   429692    1.77%
  32339 10028    33322.0000    75    33573.0000    32977.9293   438648    1.77%
  33119 10761    33267.0000    81    33573.0000    32977.9293   446228    1.77%
  34012 11590    33376.0000    51    33573.0000    32977.9293   455331    1.77%
  34881 12380    33451.0000    88    33573.0000    32977.9293   464621    1.77%
  35813 13256    33145.3481    79    33573.0000    32977.9293   473482    1.77%
  36460 13861    33009.4633   122    33573.0000    32977.9293   481141    1.77%
  36990 14369    33263.0916   116    33573.0000    32977.9293   491322    1.77%
Elapsed time = 61.60 sec. (83056.64 ticks, tree = 52.90 MB, solutions = 10)
  37303 14645    33031.2797   110    33573.0000    32977.9293   500323    1.77%
  37820 15111    32996.0338   140    33573.0000    32977.9293   509616    1.77%
  38259 15534    33004.3872   126    33573.0000    32977.9293   518121    1.77%
  38706 15928    32982.6355   150    33573.0000    32977.9293   527407    1.77%
  39174 16371    33273.0000    68    33573.0000    32977.9293   538178    1.77%
  39638 16790    33283.7500   101    33573.0000    32977.9293   547458    1.77%
  40122 17223    33007.1195   109    33573.0000    32977.9293   556149    1.77%
  40546 17616    33267.0000    95    33573.0000    32977.9293   565404    1.77%
  40949 17994    33430.0000    63    33573.0000    32977.9293   575573    1.77%
  41383 18388    33157.0000   109    33573.0000    32977.9293   583440    1.77%
Elapsed time = 68.62 sec. (92753.07 ticks, tree = 70.96 MB, solutions = 10)
  41841 18798    33130.2198   116    33573.0000    32977.9293   593816    1.77%
  42156 19086    33195.8306   141    33573.0000    32977.9293   602151    1.77%
  42566 19457    32982.4381   158    33573.0000    32977.9293   612074    1.77%
  43030 19886    33257.3355   109    33573.0000    32978.0766   620866    1.77%
  43393 20233    33370.0000    71    33573.0000    32978.3309   628642    1.77%
  43657 20479    33389.0000   100    33573.0000    32979.5000   636936    1.77%
  43994 20793    33060.4386   131    33573.0000    32980.2500   645573    1.77%
  44283 21056    33034.2661   154    33573.0000    32980.5750   653728    1.76%
  44588 21348    33257.2621   174    33573.0000    32980.6716   663334    1.76%
  44768 21512    33280.0000    91    33573.0000    32981.0046   673476    1.76%
Elapsed time = 75.71 sec. (102422.87 ticks, tree = 85.96 MB, solutions = 10)
  45092 21817    33029.8333   143    33573.0000    32981.2468   681790    1.76%
  45159 21879    33345.0000    90    33573.0000    32981.2590   687271    1.76%
  45398 22098    33111.9543   134    33573.0000    32981.6810   695439    1.76%
  45659 22356    33560.0000    88    33573.0000    32981.8525   704868    1.76%
  45973 22654    33239.0000   117    33573.0000    32982.0000   712928    1.76%
  46365 23034    33427.0000    83    33573.0000    32982.3639   722665    1.76%
  46480 23134    33149.4625   157    33573.0000    32982.6333   730745    1.76%
  46709 23352    33402.0000    96    33573.0000    32982.6333   740493    1.76%
  47086 23699    33039.0984   196    33573.0000    32983.0541   750673    1.76%
  47598 24163    33123.5147   167    33573.0000    32983.2091   775104    1.76%
Elapsed time = 85.30 sec. (115471.61 ticks, tree = 101.96 MB, solutions = 10)
  48187 24677    33029.8690   178    33573.0000    32983.7172   805585    1.76%
  48795 25242    33173.7586    81    33573.0000    32984.0126   835966    1.75%
  49633 26051    33302.0000    65    33573.0000    32984.6083   867975    1.75%
  50225 26594    33340.0000   130    33573.0000    32985.2240   896113    1.75%
* 50459+26527                        33568.0000    32985.3810             1.74%
  50559 26620    33487.0000   100    33568.0000    32985.4641   913896    1.74%
  51576 27598    33240.0000   114    33568.0000    32986.0371   948171    1.73%
  51885 27855    33264.3750   127    33568.0000    32986.3113   973112    1.73%
  52256 28171    33018.2730   146    33568.0000    32986.8082   997964    1.73%
  52848 28736    33140.2000   183    33568.0000    32987.1828  1028165    1.73%
  53202 29049    33035.5382   201    33568.0000    32987.6408  1055764    1.73%
Elapsed time = 112.60 sec. (156522.51 ticks, tree = 141.37 MB, solutions = 11)
  53800 29613    33402.7143    99    33568.0000    32987.8095  1081701    1.73%
  54359 30130    33332.0000   115    33568.0000    32988.2843  1108988    1.73%
  54720 30444    33069.3380   231    33568.0000    32988.5133  1134071    1.73%
  55059 30764    33445.0000    62    33568.0000    32988.7500  1153689    1.73%
  55546 31218    33216.1456   170    33568.0000    32988.8368  1181444    1.73%
  56049 31683    33159.6429   167    33568.0000    32989.0000  1209829    1.72%
  56376 31971    33231.1623   190    33568.0000    32989.4792  1233457    1.72%
  56879 32428    33000.7159   212    33568.0000    32989.6613  1264316    1.72%
  57389 32898    33154.0000   117    33568.0000    32990.1818  1294556    1.72%
  57899 33379    33376.0000   103    33568.0000    32990.2945  1325716    1.72%
Elapsed time = 136.45 sec. (196434.67 ticks, tree = 184.16 MB, solutions = 11)
  58394 33850    33097.3556   165    33568.0000    32990.3524  1349758    1.72%
  58759 34193    33433.0000    75    33568.0000    32990.7500  1371668    1.72%
  59493 34888    33348.6792   148    33568.0000    32991.2568  1400117    1.72%
  59992 35331    33196.1333   196    33568.0000    32991.8316  1426205    1.72%
  60618 35919    33470.0000   105    33568.0000    32991.9538  1457807    1.72%
  60899 36170    33114.7473   210    33568.0000    32992.0245  1485277    1.72%
  61159 36405    33164.8387   158    33568.0000    32992.2045  1506896    1.72%
  61890 37089    33431.0000   131    33568.0000    32992.7576  1540650    1.71%
  62413 37551    33088.8214   175    33568.0000    32993.0434  1577096    1.71%
  62883 37968    33421.0000    92    33568.0000    32993.7451  1608857    1.71%
Elapsed time = 160.83 sec. (235488.52 ticks, tree = 230.09 MB, solutions = 11)
  63506 38561    33209.2000   170    33568.0000    32994.0000  1634852    1.71%
  63959 38981    33564.0000   121    33568.0000    32994.1539  1658828    1.71%
  64619 39606    33443.0000   109    33568.0000    32994.2716  1685327    1.71%
  64950 39887    33097.2279   192    33568.0000    32994.7634  1717368    1.71%
  65215 40101    33105.3896   207    33568.0000    32994.8688  1749855    1.71%
  65941 40800    33056.2908   183    33568.0000    32995.0967  1786842    1.71%
  66388 41195    33035.0312   165    33568.0000    32995.3137  1820279    1.71%
  66871 41645    33478.3333   201    33568.0000    32995.6567  1853160    1.71%
  67448 42170    33270.7368   193    33568.0000    32996.1903  1885846    1.70%
  67893 42567    33072.1169   203    33568.0000    32996.5791  1913534    1.70%
Elapsed time = 185.44 sec. (275734.67 ticks, tree = 276.13 MB, solutions = 11)
  68099 42761    33503.0000   198    33568.0000    32996.7830  1928465    1.70%
  68506 43131    33041.2500   168    33568.0000    32997.0168  1954141    1.70%
  68799 43383    33169.7619    95    33568.0000    32997.2025  1980709    1.70%
  69261 43777    33445.0000   107    33568.0000    32997.3273  2011457    1.70%
  69665 44141    33360.3333    75    33568.0000    32997.4231  2039503    1.70%
* 70159+26526                        33382.0000    32997.7648             1.15%
  70159 26527    33346.1250   131    33382.0000    32997.7648  2066009    1.15%
  70377 26731    33271.0000   186    33382.0000    32997.7795  2077793    1.15%
  70804 27099    33113.9538   204    33382.0000    32998.3257  2108750    1.15%
  71251 27453    33351.0000   112    33382.0000    32998.9392  2140570    1.15%
  71586 27749    33106.8420   187    33382.0000    32999.5455  2174123    1.15%
Elapsed time = 210.13 sec. (315611.29 ticks, tree = 180.40 MB, solutions = 12)
  71968 28086    33077.3382   193    33382.0000    33000.1831  2210239    1.14%
  72148 28249    33247.0000   100    33382.0000    33000.2723  2223636    1.14%
  72586 28642    33029.6923   181    33382.0000    33000.7419  2252373    1.14%
  72784 28789    33196.0000   143    33382.0000    33000.9890  2277964    1.14%
  73099 29062    33039.9489   165    33382.0000    33001.6351  2304185    1.14%
  73320 29252    33284.2500   150    33382.0000    33001.6351  2331267    1.14%
  73666 29558    33117.2599   257    33382.0000    33001.6351  2359091    1.14%
  73992 29844    33374.0000    84    33382.0000    33001.8903  2388664    1.14%
  74405 30205    33041.4233   228    33382.0000    33001.9444  2420011    1.14%
  74759 30535    33377.0000   123    33382.0000    33002.0255  2436695    1.14%
Elapsed time = 233.58 sec. (354176.72 ticks, tree = 208.52 MB, solutions = 12)
  75179 30896    33035.8235   211    33382.0000    33002.4031  2469884    1.14%
  75573 31254    33282.0000   120    33382.0000    33002.8049  2504328    1.14%
  76039 31695    33096.3896   217    33382.0000    33002.9098  2539243    1.14%
  76355 31966    33378.1300   202    33382.0000    33003.1433  2569948    1.13%
  76669 32235    33127.1333   168    33382.0000    33003.3966  2597557    1.13%
  76959 32497    33277.0000   121    33382.0000    33003.7564  2619130    1.13%
  77388 32903    33157.0000   121    33382.0000    33003.9053  2649665    1.13%
  77769 33236    33105.2143   226    33382.0000    33004.3333  2676950    1.13%
  78331 33756    33355.1667   146    33382.0000    33004.6468  2709731    1.13%
  78746 34146        cutoff          33382.0000    33004.7616  2742043    1.13%
Elapsed time = 257.37 sec. (393736.02 ticks, tree = 244.83 MB, solutions = 12)
  79276 34638    33045.0864   210    33382.0000    33005.1190  2770810    1.13%
  79610 34932    33059.9332   161    33382.0000    33005.3556  2800830    1.13%
  79998 35276    33294.9883   257    33382.0000    33005.7264  2833563    1.13%
  80429 35650    33123.3257   219    33382.0000    33006.0975  2864347    1.13%
  81039 36216    33363.0000   132    33382.0000    33006.2960  2900222    1.13%
  81462 36601    33070.0429   189    33382.0000    33006.5000  2919638    1.12%
  81735 36826    33075.3387   149    33382.0000    33006.6529  2947728    1.12%
  82052 37110    33051.8506   251    33382.0000    33006.7614  2976511    1.12%
  82276 37309    33209.4370   122    33382.0000    33007.0897  3003219    1.12%
  82678 37659    33353.3333   114    33382.0000    33007.2296  3032461    1.12%
Elapsed time = 280.56 sec. (432144.43 ticks, tree = 280.16 MB, solutions = 12)
  82851 37792    33114.6434   153    33382.0000    33007.6030  3060564    1.12%
  83067 37972    infeasible          33382.0000    33007.7664  3073542    1.12%
  83468 38351    33113.5513   219    33382.0000    33008.2208  3103419    1.12%
  83984 38811    33090.1667   229    33382.0000    33008.6527  3138382    1.12%
  84284 39056    33137.5821   205    33382.0000    33008.9184  3170610    1.12%
  84735 39457    33071.9929   147    33382.0000    33009.2465  3201857    1.12%
  85196 39818    33038.1241   209    33382.0000    33009.7527  3236270    1.12%
  85716 40293    33338.0000    83    33382.0000    33010.1787  3265280    1.11%
  86031 40566    33032.6367   196    33382.0000    33010.6715  3298888    1.11%
  86198 40685    33079.6960   210    33382.0000    33010.8978  3320183    1.11%
Elapsed time = 304.03 sec. (470525.24 ticks, tree = 310.68 MB, solutions = 12)
  86573 41004    33088.7905   156    33382.0000    33011.1986  3351140    1.11%
  86878 41270    33129.8352   180    33382.0000    33011.4288  3377518    1.11%
  87265 41612    33367.0000   111    33382.0000    33011.7401  3404337    1.11%
  87664 41983    33347.7306   174    33382.0000    33011.9367  3432611    1.11%
  87759 42053    33318.1273   149    33382.0000    33012.2506  3444482    1.11%
  87996 42251    33095.2206   190    33382.0000    33012.6022  3472658    1.11%
  88508 42722    33060.5926   156    33382.0000    33012.9462  3501492    1.11%
  88762 42927    33305.6875   104    33382.0000    33013.1986  3529657    1.10%
  89168 43300    33164.5484   182    33382.0000    33013.4354  3562053    1.10%
  89723 43818    33363.1818   239    33382.0000    33013.6364  3595258    1.10%
Elapsed time = 327.14 sec. (509210.03 ticks, tree = 342.21 MB, solutions = 12)
  90303 44370    33226.0000   116    33382.0000    33014.0134  3630621    1.10%
  90753 44778    33075.7046   186    33382.0000    33014.5000  3663035    1.10%
  91089 45094    33085.0863   172    33382.0000    33014.7212  3680230    1.10%
  91761 45722    33372.0000   143    33382.0000    33014.9764  3716150    1.10%
  92052 45957    33095.9395   186    33382.0000    33015.1888  3750944    1.10%
  92416 46282    33374.0000   121    33382.0000    33015.5521  3780411    1.10%
  92690 46511    33213.0000   136    33382.0000    33016.0000  3808804    1.10%
  93191 46975    33128.2556   188    33382.0000    33016.1310  3838341    1.10%
  93392 47162    33105.5008   196    33382.0000    33016.1449  3856525    1.10%
  93707 47446    33096.1508   161    33382.0000    33016.2815  3884114    1.10%
Elapsed time = 350.33 sec. (547564.21 ticks, tree = 378.65 MB, solutions = 12)
  94111 47812    33098.4654   237    33382.0000    33016.5109  3914378    1.09%
  94530 48197    33020.3243   213    33382.0000    33016.8061  3944550    1.09%
  94959 48575    33264.0000   102    33382.0000    33017.1667  3974258    1.09%
  95301 48860    33045.8687   196    33382.0000    33017.5882  4008331    1.09%
  95359 48908    33173.5102   131    33382.0000    33017.6100  4016817    1.09%
  95702 49204    33357.0000   112    33382.0000    33017.9375  4050787    1.09%
  96171 49619    33293.6429   189    33382.0000    33018.2730  4085485    1.09%
  96944 50341    33319.4000   132    33382.0000    33018.6786  4123250    1.09%
  97356 50680    33043.0670   229    33382.0000    33019.0556  4157978    1.09%
  98187 51460    33072.6415   214    33382.0000    33019.2619  4196233    1.09%
Elapsed time = 374.33 sec. (586485.50 ticks, tree = 418.85 MB, solutions = 12)
  98545 51773    33258.0000   145    33382.0000    33019.5184  4225909    1.09%
  99064 52258    33196.1667   120    33382.0000    33019.8101  4255668    1.08%
  99396 52549    33267.2104   159    33382.0000    33020.0993  4282467    1.08%
  99790 52896    33256.0000   142    33382.0000    33020.3971  4310756    1.08%
 100159 53213    33114.9217   190    33382.0000    33020.6932  4333860    1.08%
 100464 53476    33032.6875   216    33382.0000    33020.8448  4366202    1.08%
 100629 53609    33195.5000   183    33382.0000    33021.0041  4393311    1.08%
 101006 53931    33304.0909   126    33382.0000    33021.2178  4423338    1.08%
 101591 54467    33339.0000   104    33382.0000    33021.4094  4455878    1.08%
 101986 54814    33345.0000    95    33382.0000    33021.7259  4488291    1.08%
Elapsed time = 397.98 sec. (626094.03 ticks, tree = 452.48 MB, solutions = 12)
 102320 55097    33024.8970   227    33382.0000    33022.0014  4522431    1.08%
 102659 55402    33175.2822   161    33382.0000    33022.2778  4545650    1.08%
 102937 55633    33237.3636   198    33382.0000    33022.5321  4580466    1.08%
 103409 56053    33373.0000    44    33382.0000    33022.6883  4618702    1.08%
 103959 56530    33023.0893   199    33382.0000    33023.0576  4655806    1.08%
 104417 56961    33298.0000   157    33382.0000    33023.1118  4690463    1.08%
 104588 57101    infeasible          33382.0000    33023.1118  4718338    1.08%
 104695 57165    33196.7143   163    33382.0000    33023.1118  4745951    1.08%
 104860 57281    33094.2379   221    33382.0000    33023.1118  4776800    1.08%
 105093 57472        cutoff          33382.0000    33023.1118  4804218    1.08%
Elapsed time = 422.52 sec. (666804.95 ticks, tree = 479.28 MB, solutions = 12)
 105489 57803    33122.4377   169    33382.0000    33023.1713  4833117    1.07%
 106016 58307    33344.6667   117    33382.0000    33023.3333  4857778    1.07%
 106427 58662    33187.5854   200    33382.0000    33023.6969  4887845    1.07%
 107288 59464    33040.9914   219    33382.0000    33023.8497  4923077    1.07%
 107457 59582    33366.6667   105    33382.0000    33024.0994  4942742    1.07%
 108085 60169    33041.0026   223    33382.0000    33024.2216  4976145    1.07%
 108398 60414    33076.2931   197    33382.0000    33024.4667  5009314    1.07%
 108964 60917    infeasible          33382.0000    33024.7110  5046760    1.07%
*109259+44479                        33333.0000    33024.9912             0.92%
 109259 44481    33041.9429   185    33333.0000    33024.9912  5074726    0.92%
*109359+38890                        33309.0000    33025.0694             0.85%
 109376 38905    33030.8605   225    33309.0000    33025.1053  5085216    0.85%
Elapsed time = 446.70 sec. (705509.22 ticks, tree = 322.73 MB, solutions = 14)
 109559 39062    33101.1667   186    33309.0000    33025.2048  5101411    0.85%
 109810 39265    33070.0392   218    33309.0000    33025.4286  5122825    0.85%
 110112 39505    33111.6481   181    33309.0000    33025.7614  5156824    0.85%
 110338 39705    infeasible          33309.0000    33026.0240  5174087    0.85%
 110579 39884    33220.3636   165    33309.0000    33026.2442  5206287    0.85%
 110745 39999    33065.8006   153    33309.0000    33026.4883  5234774    0.85%
 111236 40440    33136.6621   163    33309.0000    33026.7167  5263886    0.85%
 111711 40875    33204.2308   163    33309.0000    33026.8900  5294133    0.85%
 112027 41120    33177.7917   180    33309.0000    33027.3806  5325563    0.85%
 112502 41552    33233.0000   139    33309.0000    33027.4946  5354077    0.85%
Elapsed time = 470.70 sec. (744005.94 ticks, tree = 349.34 MB, solutions = 14)
 112775 41763    33095.8829   152    33309.0000    33027.7778  5383399    0.84%
 112861 41816    33187.3250   209    33309.0000    33028.1591  5400748    0.84%
 113176 42082    infeasible          33309.0000    33028.3810  5430304    0.84%
 113450 42295    33225.0000   125    33309.0000    33028.7000  5463297    0.84%
 113908 42722    33124.3640   205    33309.0000    33028.8345  5500515    0.84%
 114250 43007    33067.3564   145    33309.0000    33029.0219  5534885    0.84%
 114590 43299    33121.7670   170    33309.0000    33029.2549  5566323    0.84%
 115018 43663    33239.0000   113    33309.0000    33029.4739  5598397    0.84%
 115359 43930    33195.0000    80    33309.0000    33029.6667  5629690    0.84%
 115872 44379    33117.9111   124    33309.0000    33029.9036  5663662    0.84%
Elapsed time = 495.20 sec. (783880.36 ticks, tree = 377.74 MB, solutions = 14)
 116322 44722    33165.9207   241    33309.0000    33030.4196  5697877    0.84%
 116555 44905    33072.5716   157    33309.0000    33030.6241  5728901    0.84%
 116832 45125    33235.0000   144    33309.0000    33030.7219  5759042    0.84%
 117500 45743    33036.9608   198    33309.0000    33031.1833  5790727    0.83%
 117934 46114    33226.0000   156    33309.0000    33031.3701  5818452    0.83%
 118259 46398    33109.9257   185    33309.0000    33031.4786  5839638    0.83%
 118579 46654    33056.7917   173    33309.0000    33031.7917  5870467    0.83%
 118937 46958    33284.0000   152    33309.0000    33031.8936  5901247    0.83%
 119408 47379    33093.0773   199    33309.0000    33032.1299  5933153    0.83%
 119866 47770        cutoff          33309.0000    33032.3000  5963516    0.83%
Elapsed time = 518.56 sec. (822430.82 ticks, tree = 411.72 MB, solutions = 14)
 120059 47902    33163.1951   165    33309.0000    33032.4904  5987745    0.83%
 120496 48283    33081.3999   256    33309.0000    33032.6875  6023716    0.83%
 120852 48563    33266.0000    92    33309.0000    33032.9821  6057605    0.83%
 121273 48924    33248.0000   223    33309.0000    33033.2837  6089588    0.83%
 121632 49205    33245.9103   218    33309.0000    33033.6354  6126062    0.83%
 122000 49501    33217.7189   208    33309.0000    33033.6859  6160685    0.83%
 122143 49562    33198.3250   217    33309.0000    33033.6859  6195879    0.83%
*122159+38270                        33265.0000    33033.6859             0.70%
 122213 38308    33238.0000    89    33265.0000    33033.6859  6210222    0.70%
 122333 38383        cutoff          33265.0000    33033.6859  6235796    0.70%
 122453 38435    33228.2672   185    33265.0000    33033.6859  6269506    0.70%
Elapsed time = 543.26 sec. (862547.12 ticks, tree = 332.97 MB, solutions = 15)
 122601 38541    33256.0000   115    33265.0000    33033.7307  6288444    0.70%
 123210 39090    33264.0000    83    33265.0000    33034.0002  6319446    0.69%
 123566 39365    33211.0000   219    33265.0000    33034.4151  6349785    0.69%
 123956 39704    33240.2500   165    33265.0000    33034.5536  6380874    0.69%
 124431 40105    33234.5000   214    33265.0000    33034.8095  6412177    0.69%
 124718 40350    33133.7143   203    33265.0000    33034.9882  6431840    0.69%
 124867 40444    33260.7000   146    33265.0000    33035.0776  6459389    0.69%
 125098 40606    33242.2877   167    33265.0000    33035.4129  6490567    0.69%
 125447 40866    33051.3734   152    33265.0000    33035.8743  6520411    0.69%
 125859 41211    33072.5000   164    33265.0000    33036.0838  6549315    0.69%
Elapsed time = 566.86 sec. (901080.73 ticks, tree = 360.90 MB, solutions = 15)
 126170 41396    33088.9812   151    33265.0000    33036.4541  6581589    0.69%
*126459+36362                        33250.0000    33036.6193             0.64%
 126459 36364    33083.8571   119    33250.0000    33036.6193  6608307    0.64%
 126583 36465    33116.5124   217    33250.0000    33036.7118  6620085    0.64%
 126877 36690    33198.9202   193    33250.0000    33036.9860  6652798    0.64%
 127155 36896    33219.9403   184    33250.0000    33036.9860  6690297    0.64%
 127332 36995    33137.0619   173    33250.0000    33036.9860  6725686    0.64%
 127459 37076    33216.7500   151    33250.0000    33036.9860  6746077    0.64%
 127669 37194    33186.0000   100    33250.0000    33037.0462  6781648    0.64%
 128040 37481    33120.5375   243    33250.0000    33037.3194  6817113    0.64%
 128599 37965    33045.9878   171    33250.0000    33037.4721  6852753    0.64%
Elapsed time = 591.45 sec. (940776.38 ticks, tree = 334.13 MB, solutions = 16)
 129009 38301        cutoff          33250.0000    33037.6918  6883702    0.64%
 129442 38637    33189.8571   169    33250.0000    33037.9250  6914246    0.64%
 129618 38761        cutoff          33250.0000    33038.0649  6942351    0.64%
 129883 38961        cutoff          33250.0000    33038.2822  6974113    0.64%
 130159 39218    33047.3182   198    33250.0000    33038.3036  6990440    0.64%
 130721 39708    33094.8679   181    33250.0000    33038.4330  7021227    0.64%
 131336 40246    33061.9514   217    33250.0000    33038.5731  7054731    0.64%
 131725 40579    33039.0977   245    33250.0000    33038.6553  7083765    0.64%
 132112 40914    33077.7135   175    33250.0000    33038.9118  7114886    0.63%
 132631 41363    33047.9453   201    33250.0000    33039.0119  7147651    0.63%
Elapsed time = 615.39 sec. (979878.83 ticks, tree = 368.23 MB, solutions = 16)
 132859 41505    33094.2720   170    33250.0000    33039.2879  7181232    0.63%
 133316 41858    33197.0000   123    33250.0000    33039.6646  7215628    0.63%
 133893 42366    33206.0000   134    33250.0000    33039.8305  7253662    0.63%
 134161 42574    infeasible          33250.0000    33039.9529  7282251    0.63%
 134654 42996    33247.0000    25    33250.0000    33040.0000  7319112    0.63%
 135264 43519    33062.0000   222    33250.0000    33040.1996  7357933    0.63%
 135534 43744    33204.2816   166    33250.0000    33040.3278  7381543    0.63%
 135858 43976    33170.5023   215    33250.0000    33040.5185  7417110    0.63%
 136403 44399    33116.8893   168    33250.0000    33040.8538  7453123    0.63%
 136672 44578    33063.0000   198    33250.0000    33041.1725  7484550    0.63%
Elapsed time = 638.86 sec. (1018452.14 ticks, tree = 400.60 MB, solutions = 16)
 136777 44646    33235.6446   208    33250.0000    33041.3750  7498336    0.63%
 137256 45037        cutoff          33250.0000    33041.5833  7531506    0.63%
 137591 45285    33209.0000   102    33250.0000    33041.7427  7560040    0.63%
 137952 45553    33087.2151   166    33250.0000    33042.0000  7591222    0.63%
 138224 45737    33095.0000   149    33250.0000    33042.2335  7621522    0.62%
 138554 46006    33240.0000   115    33250.0000    33042.5051  7651733    0.62%
 138859 46196    33081.5815   170    33250.0000    33042.7500  7679418    0.62%
 139258 46491    33147.0000   164    33250.0000    33043.0053  7710582    0.62%
 139467 46639    33085.1338   216    33250.0000    33043.1810  7741966    0.62%
 139858 46950    33183.8723   173    33250.0000    33043.4250  7775026    0.62%
Elapsed time = 662.66 sec. (1058003.51 ticks, tree = 424.50 MB, solutions = 16)
 140124 47093    33108.1339   168    33250.0000    33043.6674  7808485    0.62%
 140501 47374    33090.7135   193    33250.0000    33044.0397  7843406    0.62%
 140774 47578    33073.7045   147    33250.0000    33044.2143  7868556    0.62%
 141062 47760    33130.7832   186    33250.0000    33044.3619  7906135    0.62%
 141294 47877    33108.0644   191    33250.0000    33044.7086  7940372    0.62%
 141490 47994    33196.5833   106    33250.0000    33044.8667  7974097    0.62%
 141751 48205    33092.2462   174    33250.0000    33044.9836  7997090    0.62%
 142154 48478    33129.8571   129    33250.0000    33045.2356  8033639    0.62%
 142445 48671        cutoff          33250.0000    33045.4979  8067334    0.62%
 142842 49005    33240.0000   136    33250.0000    33045.7126  8099808    0.61%
Elapsed time = 685.67 sec. (1096322.71 ticks, tree = 445.31 MB, solutions = 16)
*143059+28710                        33196.0000    33045.9200             0.45%
 143097 28735    33167.0000   119    33196.0000    33045.9662  8125612    0.45%
 143359 28932    33099.5279   195    33196.0000    33046.1808  8148358    0.45%
 143561 29004        cutoff          33196.0000    33046.5007  8177136    0.45%
 143749 29125    33182.0000    86    33196.0000    33046.6519  8193067    0.45%
 144001 29245    33052.4583   150    33196.0000    33046.9587  8223204    0.45%
 144249 29344    33078.0474   217    33196.0000    33047.2444  8253642    0.45%
 144533 29512    33182.0000   143    33196.0000    33047.4801  8284592    0.45%
 144832 29695    33073.6941   187    33196.0000    33047.7500  8314400    0.45%
 145049 29806    33080.9845   169    33196.0000    33047.9669  8346114    0.45%
 145159 29856    33169.7000   173    33196.0000    33048.0943  8358733    0.45%
Elapsed time = 710.69 sec. (1136945.75 ticks, tree = 273.36 MB, solutions = 17)
 145528 30127    33137.1163   143    33196.0000    33048.2931  8391468    0.44%
 145749 30256    33136.2779   267    33196.0000    33048.4638  8426967    0.44%
 146196 30567    33132.9203   229    33196.0000    33048.6586  8466310    0.44%
 146489 30747    33071.0000    59    33196.0000    33049.0213  8501360    0.44%
 146781 30932    33139.8311   192    33196.0000    33049.2998  8536840    0.44%
 147190 31191    33138.0000   163    33196.0000    33049.6905  8571737    0.44%
 147559 31489    33130.0000    60    33196.0000    33049.9000  8595969    0.44%
 147881 31672    33176.1694   205    33196.0000    33050.2346  8633678    0.44%
 148189 31813    33087.5124   175    33196.0000    33050.6151  8667467    0.44%
 148521 32055    33089.0375   192    33196.0000    33050.7885  8703431    0.44%
Elapsed time = 734.90 sec. (1176640.75 ticks, tree = 295.58 MB, solutions = 17)
 148827 32239    33142.4468   201    33196.0000    33051.0696  8739752    0.44%
 149109 32422    33057.4491   212    33196.0000    33051.2658  8773098    0.44%
 149259 32508    33131.4274   176    33196.0000    33051.4145  8792326    0.44%
 149548 32625    33095.2673   172    33196.0000    33051.8678  8822254    0.43%
 149760 32744    33181.2429   226    33196.0000    33052.0320  8854022    0.43%
 149999 32838    33131.7635   219    33196.0000    33052.2333  8887003    0.43%
 150213 32935    33153.0000   187    33196.0000    33052.5007  8916877    0.43%
 150652 33267    33169.0000   139    33196.0000    33052.7292  8946260    0.43%
 151024 33541    33175.0000   125    33196.0000    33052.8694  8981053    0.43%
 151159 33595    33142.6875   159    33196.0000    33053.0000  8998451    0.43%
Elapsed time = 758.96 sec. (1216264.87 ticks, tree = 311.20 MB, solutions = 17)
 151558 33903    33187.0000    59    33196.0000    33053.1931  9030801    0.43%
 151937 34149    33053.4538   172    33196.0000    33053.4667  9063981    0.43%
 152221 34281    33063.4380   147    33196.0000    33053.8381  9096827    0.43%
 152576 34501    33169.0000   118    33196.0000    33054.0234  9132690    0.43%
 152976 34732    33059.8321   171    33196.0000    33054.3057  9167432    0.43%
 153504 35152    33096.2917   208    33196.0000    33054.4367  9204664    0.43%
 153766 35280    33057.4182   189    33196.0000    33054.6847  9237979    0.43%
 153963 35397    33104.2551   222    33196.0000    33054.7767  9268852    0.43%
 154327 35629        cutoff          33196.0000    33055.0540  9298526    0.42%
 154527 35710    33101.8000   215    33196.0000    33055.3335  9334020    0.42%
Elapsed time = 781.99 sec. (1254667.59 ticks, tree = 332.51 MB, solutions = 17)
 154773 35806    33128.4726   182    33196.0000    33055.5714  9367405    0.42%
*154859+28895                        33180.0000    33055.6233             0.37%
 154974 28953    33068.1634   195    33180.0000    33055.7012  9390096    0.37%
 155159 29025    33173.6000   149    33180.0000    33055.9174  9416550    0.37%
 155548 29278    33164.5695   146    33180.0000    33056.2234  9451585    0.37%
 155829 29429    33074.0192   113    33180.0000    33056.4185  9482163    0.37%
 156059 29564    33065.7292   197    33180.0000    33056.4865  9509517    0.37%
 156273 29640    33109.2603   171    33180.0000    33056.7313  9539094    0.37%
 156498 29724    33152.5208   142    33180.0000    33057.0000  9569189    0.37%
 156788 29810    33065.1944   156    33180.0000    33057.3373  9599085    0.37%
 157068 29933    33117.6884   176    33180.0000    33057.5996  9630968    0.37%
Elapsed time = 808.09 sec. (1297683.68 ticks, tree = 277.66 MB, solutions = 18)
 157356 30058    33097.4444   166    33180.0000    33057.8632  9661155    0.37%
Starting limited solution polishing.
 157626 30178    33092.8000   144    33180.0000    33058.1365  9690542    0.37%
 157816 30245    33063.3708   178    33180.0000    33058.3404  9715323    0.37%
 157959 30289    33086.1277   175    33180.0000    33058.5555  9733633    0.37%
 158140 30367    33058.7333   159    33180.0000    33058.7949  9759034    0.37%
 158384 30487    33179.0000   120    33180.0000    33059.0804  9790356    0.36%
 158559 30563    33087.9903   177    33180.0000    33059.2966  9813267    0.36%
 158759 30655    33098.9545   162    33180.0000    33059.4516  9836747    0.36%
 158959 30741    33124.7519   151    33180.0000    33059.6400  9858812    0.36%
 159059 30717    33158.0625   216    33180.0000    33059.6405  9888414    0.36%
Elapsed time = 834.93 sec. (1340516.51 ticks, tree = 285.91 MB, solutions = 18)
 159186 30670    33132.0000   186    33180.0000    33059.6619  9923985    0.36%
 159502 30846    33075.0361   207    33180.0000    33059.8800  9959026    0.36%
 159653 30918    33178.1107   139    33180.0000    33060.0400  9983500    0.36%
 159820 30972    33092.4500   199    33180.0000    33060.3233 10001070    0.36%
 160080 31152    infeasible          33180.0000    33060.3750 10023157    0.36%
 160345 31290    33081.4144   217    33180.0000    33060.6250 10056902    0.36%
 160459 31334    33177.0000    91    33180.0000    33060.7039 10072290    0.36%
 160659 31457    33110.7150   160    33180.0000    33060.8571 10090102    0.36%
 160982 31610    33083.6000   182    33180.0000    33061.1277 10115922    0.36%
 161348 31880        cutoff          33180.0000    33061.2857 10136711    0.36%
Elapsed time = 860.25 sec. (1379905.87 ticks, tree = 297.90 MB, solutions = 18)
 161438 31908    33119.6123   176    33180.0000    33061.3929 10153794    0.36%
 161601 31959    33086.0000   152    33180.0000    33061.6000 10174034    0.36%
 161783 32035    33074.9167   217    33180.0000    33061.7551 10190154    0.36%
 162036 32231    33061.8279   182    33180.0000    33061.8285 10208712    0.36%
 162159 32285    33172.0000   110    33180.0000    33061.9150 10220831    0.36%
 162259 32346    33159.6889   141    33180.0000    33061.9436 10229319    0.36%
 162503 32481    33093.7341   218    33180.0000    33062.1352 10256005    0.36%
 162659 32580    33111.3969   240    33180.0000    33062.2581 10270655    0.35%
 162859 32684    33171.0000   162    33180.0000    33062.4554 10290115    0.35%
 163065 32757    33077.3725   176    33180.0000    33062.6786 10311248    0.35%
Elapsed time = 888.32 sec. (1422685.08 ticks, tree = 306.77 MB, solutions = 18)
 163259 32829    33154.0000   125    33180.0000    33062.9131 10334946    0.35%
 163524 32970    33073.3429   218    33180.0000    33063.0571 10362384    0.35%
 163773 33086    33169.5152   165    33180.0000    33063.1979 10388096    0.35%
 163959 33203    33154.0000    88    33180.0000    33063.3039 10408165    0.35%

Clique cuts applied:  70
Cover cuts applied:  602
Flow cuts applied:  32
Mixed integer rounding cuts applied:  134
Zero-half cuts applied:  53
Lift and project cuts applied:  2
Gomory fractional cuts applied:  17

Root node processing (before b&c):
  Real time             =    1.43 sec. (1920.69 ticks)
Sequential b&c:
  Real time             =  898.57 sec. (1439412.15 ticks)
                          ------------
Total (root+branch&cut) =  900.00 sec. (1441332.84 ticks)
MIP: [1;32mCPLEX finished.[0m
MIP: [1;32mCPLEX status: Feasible[0m
MIP: [1;32mSolution: 
[37, 28, 26, 22, 17, 36, 33, 25, 0, 10, 20, 2, 5, 9, 34, 1, 27, 10, 9, 39, 14, 10, 27, 35, 25, 29, 38, 33, 26, 27, 30, 17, 26, 23, 34, 31, 20, 24, 15, 12, 30, 32, 28, 36, 15, 23, 36, 40, 11, 2, 18, 22, 39, 34, 29, 18, 39, 33, 22, 14, 8, 11, 4, 39, 27, 1, 13, 38, 40, 28][18, 27, 11, -1, 15, 16, -1, -1, 15, 8, 27, 26, 18, 18, 21, 17, -1, 12, 13, -1, 21, -1, 9, 11, 24, 9, 26, 16, 24, 25, 10, 7, 17, 8, 25, 12, 3, 14, 7, 20, 23][0m
MIP: [1;32mObjective value: 33180[0m
MIP: [1;32mLower Bound: 33063.3[0m
MIP: [1;32mBranch-and-Bound nodes: 164059[0m

# best solution:
best objective value:	33180
best dual bound value:	33063
optimality gap:	0.352622%
CPU time:	897.438
