ifile	/scratch/csagturk/mlbp_inst/n0080_m05__044.inst
prob	TNFMLBP
threads	1
ttime	900
instance: /scratch/csagturk/mlbp_inst/n0080_m05__044.inst
	m=5, n=[80, 44, 29, 23, 19, 17]
MIP: [1;32minit CPLEX[0m
CAN: [1;35mcreated 6223 x_{ijk} and f_{ijk} variables[0m
CAN: [1;35mcreated 212 y_{ij} variables[0m
MIP: [1;32mcreated decision variables[0m
MIP: [1;32mcreated constraints[0m
MIP: [1;32mcreated objective function[0m
MIP: [1;32mcalling CPLEX solve ...[0m
Version identifier: 22.1.0.0 | 2022-03-09 | 1a383f8ce
CPXPARAM_Threads                                 1
CPXPARAM_TimeLimit                               900
Tried aggregator 5 times.
MIP Presolve eliminated 81 rows and 6879 columns.
MIP Presolve modified 824 coefficients.
Aggregator did 460 substitutions.
Reduced MIP has 1017 rows, 6389 columns, and 12761 nonzeros.
Reduced MIP has 6044 binaries, 0 generals, 0 SOSs, and 224 indicators.
Presolve time = 0.05 sec. (60.48 ticks)
Probing fixed 0 vars, tightened 127 bounds.
Probing changed sense of 115 constraints.
Probing time = 0.04 sec. (39.33 ticks)
Tried aggregator 1 time.
MIP Presolve eliminated 690 rows and 805 columns.
Reduced MIP has 327 rows, 5584 columns, and 11151 nonzeros.
Reduced MIP has 5584 binaries, 0 generals, 0 SOSs, and 0 indicators.
Presolve time = 0.01 sec. (13.37 ticks)
Tried aggregator 1 time.
Detecting symmetries...
Reduced MIP has 327 rows, 5584 columns, and 11151 nonzeros.
Reduced MIP has 5584 binaries, 0 generals, 0 SOSs, and 0 indicators.
Presolve time = 0.01 sec. (11.88 ticks)
Probing time = 0.00 sec. (3.08 ticks)
Clique table members: 1420.
MIP emphasis: balance optimality and feasibility.
MIP search method: dynamic search.
Parallel mode: none, using 1 thread.
Root relaxation solution time = 0.01 sec. (22.61 ticks)

        Nodes                                         Cuts/
   Node  Left     Objective  IInf  Best Integer    Best Bound    ItCnt     Gap

      0     0    70849.2311   135                  70849.2311      838         
      0     0    71039.6336   166                   Cuts: 163     1329         
      0     0    71130.3534   169                   Cuts: 181     1825         
      0     0    71158.5115   260                   Cuts: 181     2352         
      0     0    71239.9747   249                   Cuts: 171     3027         
      0     0    71323.6493   274                   Cuts: 181     3630         
      0     0    71422.0391   313                   Cuts: 178     4865         
      0     0    71540.5241   279                   Cuts: 181     5599         
      0     0    71629.9809   303                   Cuts: 177     6389         
      0     0    71775.0882   323                   Cuts: 171     7595         
      0     0    71838.4129   322                   Cuts: 181     8433         
      0     0    71983.1764   322                   Cuts: 152     9769         
      0     0    72060.2225   364                   Cuts: 167    10418         
      0     0    72137.0157   319                   Cuts: 161    11269         
      0     0    72184.3631   325                   Cuts: 137    12074         
      0     0    72234.7016   328                   Cuts: 135    12870         
      0     0    72261.8164   350                   Cuts: 140    13375         
      0     0    72292.5641   362                   Cuts: 136    13948         
      0     0    72314.2231   385                   Cuts: 140    14352         
      0     0    72344.1315   352                   Cuts: 144    14901         
      0     0    72354.0923   366                   Cuts: 115    15276         
      0     0    72398.4682   336                    Cuts: 95    15795         
      0     0    72412.7442   318                   Cuts: 117    16088         
*     0+    0                       110971.0000    72412.7442            34.75%
*     0+    0                       101161.0000    72412.7442            28.42%
*     0+    0                       100048.0000    72412.7442            27.62%
*     0+    0                        88640.0000    72412.7442            18.31%
*     0+    0                        88267.0000    72412.7442            17.96%
*     0+    0                        88157.0000    72412.7442            17.86%
*     0+    0                        87076.0000    72412.7442            16.84%
*     0+    0                        85139.0000    72412.7442            14.95%
*     0+    0                        82703.0000    72412.7442            12.44%
      0     0  -1.00000e+75     0    82703.0000    72412.7442    16088   12.44%
      0     2    72412.7442   268    82703.0000    72412.8298    16088   12.44%
Elapsed time = 4.12 sec. (4931.31 ticks, tree = 0.01 MB, solutions = 9)
     20    22    72612.2930   277    82703.0000    72425.6451    17813   12.43%
     50    52    72635.9540   247    82703.0000    72425.6451    19709   12.43%
     90    92    72916.7946   212    82703.0000    72425.6451    20998   12.43%
    124   126    73356.5185   181    82703.0000    72425.6451    21715   12.43%
    173   175    74020.3990   156    82703.0000    72425.6451    23435   12.43%
    265   267    75118.7824   127    82703.0000    72425.6451    24535   12.43%
    362   364    75488.3670   118    82703.0000    72425.6451    26633   12.43%
    451   436    79377.5565   117    82703.0000    72425.6451    29083   12.43%

Performing restart 1

Repeating presolve.
Tried aggregator 1 time.
MIP Presolve modified 1610 coefficients.
Reduced MIP has 327 rows, 5584 columns, and 11151 nonzeros.
Reduced MIP has 5584 binaries, 0 generals, 0 SOSs, and 0 indicators.
Presolve time = 0.02 sec. (15.13 ticks)
Tried aggregator 1 time.
MIP Presolve modified 1029 coefficients.
Reduced MIP has 327 rows, 5584 columns, and 11151 nonzeros.
Reduced MIP has 5584 binaries, 0 generals, 0 SOSs, and 0 indicators.
Presolve time = 0.02 sec. (16.69 ticks)
Represolve time = 0.14 sec. (112.45 ticks)
    485     0    72137.6822   288    82703.0000     Cuts: 162    34115   12.43%
    485     0    72295.1723   355    82703.0000     Cuts: 162    34781   12.43%
    485     0    72396.3677   331    82703.0000     Cuts: 162    35332   12.43%
*   485+    0                        82684.0000    72425.6451            12.41%
    485     0  -1.00000e+75     0    82684.0000    72425.6451    35332   12.41%
    485     0    72428.0937   349    82684.0000     Cuts: 130    35810   12.40%
    485     0    72444.1846   319    82684.0000     Cuts: 130    36195   12.38%
    485     0    72459.1895   331    82684.0000      Cuts: 95    36618   12.37%
    485     0    72473.9338   324    82684.0000     Cuts: 125    37060   12.35%
    485     0    72495.2161   319    82684.0000     Cuts: 127    37488   12.32%
    485     0    72500.0443   359    82684.0000     Cuts: 132    37835   12.32%
    485     0    72526.6667   368    82684.0000      Cuts: 99    38297   12.28%
    485     0    72542.3246   373    82684.0000      Cuts: 93    38700   12.27%
    485     0    72563.0451   323    82684.0000      Cuts: 95    39092   12.24%
    485     0    72572.7545   378    82684.0000      Cuts: 91    39441   12.23%
    485     0    72613.4734   350    82684.0000      Cuts: 93    40065   12.18%
    485     0    72634.5856   359    82684.0000      Cuts: 83    40641   12.15%
    485     0    72647.1956   321    82684.0000     Cuts: 112    41048   12.14%
    485     0    72653.8139   337    82684.0000      Cuts: 83    41316   12.13%
    485     0    72661.4482   367    82684.0000      Cuts: 95    41675   12.12%
    485     0    72663.9036   375    82684.0000     Cuts: 110    42116   12.12%
    485     0    72672.7139   344    82684.0000      Cuts: 65    42573   12.11%
    485     0    72675.3123   341    82684.0000      Cuts: 95    43159   12.10%
    485     0    72677.3028   364    82684.0000      Cuts: 69    43699   12.10%
    485     0    72683.2657   344    82684.0000      Cuts: 94    44126   12.10%
*   485+    0                        82032.0000    72683.2657            11.40%
    485     0  -1.00000e+75     0    82032.0000    72683.2657    44126   11.40%
    485     2    72683.2657   297    82032.0000    72683.3616    44126   11.40%
    486     3    72694.3771   290    82032.0000    72694.4343    44233   11.38%
Elapsed time = 14.27 sec. (16749.75 ticks, tree = 0.02 MB, solutions = 11)
    488     5    72711.9867   295    82032.0000    72694.6761    44417   11.38%
    492     9    72951.0066   273    82032.0000    72694.6761    45259   11.38%
    495    12    73242.5679   268    82032.0000    72694.6761    45607   11.38%
    510    27    73858.5294   271    82032.0000    72694.6761    46638   11.38%
    523    40    74229.6248   242    82032.0000    72694.6761    48057   11.38%
    535    52    74598.9018   185    82032.0000    72694.6761    49397   11.38%
    546    63    75649.7573   211    82032.0000    72694.6761    53827   11.38%
    580    97    77126.3275   197    82032.0000    72694.6761    55958   11.38%
    618   135    77440.3463   180    82032.0000    72694.6761    58871   11.38%
    649   161    72933.0318   284    82032.0000    72699.4102    61624   11.38%
Elapsed time = 23.46 sec. (27761.43 ticks, tree = 1.41 MB, solutions = 11)
    667   179    73831.6895   274    82032.0000    72699.4102    63765   11.38%
    709   221    74345.8427   231    82032.0000    72699.4102    65612   11.38%
    748   260    75650.1001   215    82032.0000    72699.4102    70839   11.38%
    793   297    infeasible          82032.0000    72699.4102    77505   11.38%
    863   351    80475.8182   124    82032.0000    72699.4102    80605   11.38%
    885   370    73047.0609   248    82032.0000    72708.8823    83061   11.37%
    918   403    74145.2911   232    82032.0000    72708.9306    86352   11.37%
    988   473    75604.4328   158    82032.0000    72708.9306    90187   11.37%
   1013   491    73201.7255   243    82032.0000    72710.9985    94535   11.36%
   1073   551    75913.7173   192    82032.0000    72710.9985    98778   11.36%
Elapsed time = 31.40 sec. (37513.01 ticks, tree = 4.95 MB, solutions = 11)
*  1125+  601                        81612.0000    72710.9985            10.91%
   1145   621    78344.5838   204    81612.0000    72710.9985   102350   10.91%
   1209   685    80126.6651   157    81612.0000    72710.9985   104702   10.91%
*  1259+  726                        81564.0000    72710.9985            10.85%
*  1259+  726                        81379.0000    72710.9985            10.65%
*  1259+  726                        81369.0000    72710.9985            10.64%
   1259   728    72734.9735   235    81369.0000    72712.0378   106080   10.64%
   1325   794    74325.2987   206    81369.0000    72712.0378   111342   10.64%
   1405   870    infeasible          81369.0000    72712.0378   116922   10.64%
   1457   920    74227.2686   245    81369.0000    72718.6154   121642   10.63%
*  1485+  806                        80009.0000    72718.7511             9.11%
*  1485+  785                        79663.0000    72718.7511             8.72%
*  1485+  743                        78545.0000    72718.7511             7.42%
*  1485+  743                        78509.0000    72718.7511             7.38%
   1485   745    73026.9434   288    78509.0000    72718.7511   125944    7.38%
   1543   799    76079.7320   228    78509.0000    72718.7511   132685    7.38%
   1603   852    73568.6274   290    78509.0000    72719.1727   138513    7.37%
   1648   897    74231.3852   229    78509.0000    72719.1727   142907    7.37%
Elapsed time = 40.77 sec. (49064.82 ticks, tree = 8.10 MB, solutions = 19)
   1739   982    73460.4197   266    78509.0000    72723.9209   148802    7.37%
   1820  1063    76387.5183   182    78509.0000    72723.9209   154291    7.37%
   1849  1086    73127.4202   285    78509.0000    72728.4362   159966    7.36%
   1919  1156    75946.0908   217    78509.0000    72728.4362   167270    7.36%
   1989  1220    73630.0115   216    78509.0000    72730.0665   173587    7.36%
   2115  1333    73472.7477   217    78509.0000    72734.1185   178082    7.36%
   2245  1452    74349.0725   232    78509.0000    72734.9735   184558    7.35%
   2377  1576    72734.9899   242    78509.0000    72734.9915   190255    7.35%
   2485  1683    75853.5542   214    78509.0000    72735.0169   194886    7.35%
   2571  1765    74604.2324   204    78509.0000    72735.7000   203291    7.35%
Elapsed time = 49.23 sec. (59419.49 ticks, tree = 16.04 MB, solutions = 19)
   2641  1831        cutoff          78509.0000    72735.7000   212571    7.35%
   2729  1914    77017.1953   202    78509.0000    72736.4697   218916    7.35%
   2849  2031    77173.5054   208    78509.0000    72736.5634   227078    7.35%
   2910  2087    74446.6291   208    78509.0000    72737.7723   232221    7.35%
   3070  2238    74044.6874   273    78509.0000    72737.7949   239264    7.35%
   3126  2290    73101.7780   269    78509.0000    72738.6644   247305    7.35%
   3199  2361    76803.2794   204    78509.0000    72738.6644   255942    7.35%
   3291  2443    73975.4610   253    78509.0000    72740.8224   263726    7.35%
   3418  2567    72796.3304   304    78509.0000    72740.9349   269807    7.35%
   3485  2634    74984.3875   218    78509.0000    72740.9349   274523    7.35%
Elapsed time = 58.90 sec. (71450.19 ticks, tree = 24.05 MB, solutions = 19)
   3594  2739    74497.8676   211    78509.0000    72743.8573   282012    7.34%
   3686  2825    73056.9769   277    78509.0000    72744.0966   287254    7.34%
   3813  2951    77274.9048   108    78509.0000    72744.0966   292497    7.34%
   3940  3068    73520.8062   299    78509.0000    72744.5029   297003    7.34%
   3982  3110    76824.4783   215    78509.0000    72744.5029   304880    7.34%
   4055  3175    74599.8773   231    78509.0000    72745.4139   312251    7.34%
   4190  3303    72920.8436   293    78509.0000    72747.4073   318932    7.34%
   4285  3394    72922.6691   291    78509.0000    72748.0592   324736    7.34%
   4373  3478    73542.4296   276    78509.0000    72748.2339   332997    7.34%
   4485  3590    76873.4052   191    78509.0000    72748.2339   340989    7.34%
Elapsed time = 68.28 sec. (83029.80 ticks, tree = 32.88 MB, solutions = 19)
   4545  3644    74783.3419   260    78509.0000    72748.4002   349214    7.34%
   4608  3703        cutoff          78509.0000    72748.4002   359604    7.34%
   4716  3805    73825.7297   279    78509.0000    72749.3660   367507    7.34%
   4833  3918    73151.5357   270    78509.0000    72749.6744   374082    7.34%
   4919  3998    72959.0335   287    78509.0000    72752.9053   383091    7.33%
   4964  4039    73049.7375   284    78509.0000    72753.2424   392091    7.33%
   5028  4103    75156.6999   236    78509.0000    72753.2424   401059    7.33%
   5088  4147    73255.2681   266    78509.0000    72753.7225   408044    7.33%
   5192  4248    75254.7703   205    78509.0000    72757.9440   416057    7.33%
   5329  4376    73798.7505   255    78509.0000    72757.9440   421037    7.33%
Elapsed time = 76.58 sec. (92977.68 ticks, tree = 40.34 MB, solutions = 19)
   5465  4506    74798.2650   241    78509.0000    72761.4366   427267    7.32%
   5498  4533    infeasible          78509.0000    72761.4366   431580    7.32%
   5577  4608    74827.0670   228    78509.0000    72763.0110   439068    7.32%
   5655  4682        cutoff          78509.0000    72763.0110   449135    7.32%
   5724  4745    75711.5220   292    78509.0000    72764.9592   454610    7.32%
   5802  4813        cutoff          78509.0000    72765.2366   463830    7.32%
   5910  4916    74492.2319   238    78509.0000    72765.7031   471639    7.32%
   6008  5004    75794.0371   239    78509.0000    72771.0519   481220    7.31%
   6085  5078    73176.5079   272    78509.0000    72771.0519   487088    7.31%
   6149  5132    72944.2849   283    78509.0000    72771.5834   494776    7.31%
Elapsed time = 84.84 sec. (102911.16 ticks, tree = 47.51 MB, solutions = 19)
   6253  5232    72881.8338   279    78509.0000    72772.2407   502106    7.31%
   6286  5259    72936.8342   313    78509.0000    72772.6133   510858    7.31%
   6374  5347    74760.6731   205    78509.0000    72772.6133   518858    7.31%
   6437  5400    75413.0786   248    78509.0000    72772.6626   527418    7.31%
   6485  5446    75910.0723   233    78509.0000    72772.6626   530464    7.31%
   6607  5562    76422.5029   241    78509.0000    72772.8178   538647    7.31%
   6680  5627        cutoff          78509.0000    72772.8178   548115    7.31%
   6835  5779    76285.7655   208    78509.0000    72773.3569   553131    7.31%
   6998  5937    74622.8998   156    78509.0000    72773.6656   559108    7.31%
   7364  6272    72892.2939   298    78509.0000    72775.7173   588599    7.30%
Elapsed time = 96.18 sec. (116717.87 ticks, tree = 58.68 MB, solutions = 19)
*  7485+ 6382                        78408.0000    72775.7173             7.18%
   7649  6533    75307.7194   276    78408.0000    72776.8889   604830    7.18%
   7950  6816    73324.2276   295    78408.0000    72777.8241   637604    7.18%
   8156  7002    76281.3855   258    78408.0000    72779.2359   672881    7.18%
   8401  7229    74554.3328   277    78408.0000    72781.2492   704706    7.18%
   8485  7303    73644.3445   266    78408.0000    72781.3852   715841    7.18%
   8785  7588    72994.2162   243    78408.0000    72783.0257   744295    7.17%
   9186  7972    72872.1374   287    78408.0000    72786.3655   774011    7.17%
   9423  8187    72888.8996   260    78408.0000    72787.4683   803534    7.17%
   9599  8360    74655.1903   306    78408.0000    72788.0532   814115    7.17%
   9905  8645    73650.8937   275    78408.0000    72790.1387   838109    7.16%
Elapsed time = 128.62 sec. (156024.97 ticks, tree = 83.24 MB, solutions = 20)
  10180  8892    76147.1421   200    78408.0000    72791.5704   871652    7.16%
* 10185+ 8782                        78108.0000    72791.5704             6.81%
* 10185+ 5766                        75252.0000    72791.5704             3.27%
  10185  5765    75252.0000     0    75252.0000    72791.5704   872133    3.27%
  10187  5767    72890.1848   287    75252.0000    72793.8932   873427    3.27%
  10489  6052    74347.0779   238    75252.0000    72795.6232   899544    3.26%
  10755  6296    74411.4337   227    75252.0000    72796.9868   927665    3.26%
  11016  6540    74312.4836   266    75252.0000    72800.0425   955804    3.26%
  11276  6780    73440.3618   254    75252.0000    72800.9572   985776    3.26%
  11513  7000    75189.5620   261    75252.0000    72803.9659  1013582    3.25%
  11726  7201    74519.1668   242    75252.0000    72808.8598  1038153    3.25%
  11998  7455    74753.2402   239    75252.0000    72813.2326  1067556    3.24%
Elapsed time = 184.89 sec. (223303.88 ticks, tree = 73.52 MB, solutions = 22)
  12195  7626    74419.5719   260    75252.0000    72818.5506  1095947    3.23%
  12428  7841        cutoff          75252.0000    72819.0463  1123219    3.23%
* 12485+ 7509                        75046.0000    72819.1069             2.97%
* 12609+ 7604                        75035.0000    72819.1069             2.95%
  12728  7721    73363.6267   256    75035.0000    72820.1756  1144759    2.95%
  13030  8001    73006.0443   335    75035.0000    72823.3043  1170005    2.95%
  13316  8271    74251.5198   259    75035.0000    72823.9011  1199162    2.95%
  13525  8454    73014.7243   273    75035.0000    72827.2212  1220560    2.94%
  13735  8635    74226.3925   297    75035.0000    72827.8092  1250945    2.94%
  14086  8960    73177.4938   278    75035.0000    72830.4426  1279901    2.94%
  14299  9147    73112.7971   293    75035.0000    72832.3329  1308075    2.94%
  14485  9322    73852.9193   278    75035.0000    72832.8573  1326884    2.93%
Elapsed time = 219.19 sec. (263876.70 ticks, tree = 94.69 MB, solutions = 24)
  14745  9556    73192.5922   283    75035.0000    72835.8448  1356793    2.93%
  15065  9858    74584.3183   242    75035.0000    72837.1474  1384304    2.93%
  15485 10254    74218.1925   212    75035.0000    72837.7269  1409373    2.93%
  15721 10460    74418.3021   254    75035.0000    72839.1539  1436222    2.93%
  15977 10697    73198.9326   329    75035.0000    72839.6600  1467402    2.93%
  16314 11014    74312.3840   275    75035.0000    72840.5140  1495289    2.92%
  16611 11295    74039.6026   287    75035.0000    72842.0281  1523184    2.92%
  16923 11591    73028.2714   301    75035.0000    72844.3228  1548267    2.92%
  17200 11848    73808.1715   269    75035.0000    72848.0733  1578652    2.91%
* 17485+11898                        74919.0000    72849.4294             2.76%
  17485 11900    73786.6366   269    74919.0000    72849.4294  1606260    2.76%
Elapsed time = 254.62 sec. (305104.52 ticks, tree = 123.89 MB, solutions = 25)
  17759 12156    73050.7962   319    74919.0000    72851.7693  1638852    2.76%
  18085 12454    73153.6820   236    74919.0000    72852.1556  1663793    2.76%
  18441 12792    73768.2739   270    74919.0000    72852.8996  1687575    2.76%
  18585 12926    73121.7224   268    74919.0000    72855.2835  1695827    2.75%
  18867 13188    72950.3442   310    74919.0000    72856.7885  1724600    2.75%
  19116 13427    73332.2147   335    74919.0000    72857.1570  1749383    2.75%
  19391 13687        cutoff          74919.0000    72857.9667  1777585    2.75%
  19644 13912    74834.4692   215    74919.0000    72860.0932  1803748    2.75%
  19850 14096    72933.7612   249    74919.0000    72862.5221  1826432    2.74%
  20059 14293    73776.3820   267    74919.0000    72863.1532  1852859    2.74%
Elapsed time = 288.66 sec. (344638.47 ticks, tree = 152.30 MB, solutions = 25)
  20227 14447    73024.3514   309    74919.0000    72864.3797  1875734    2.74%
  20485 14689    74817.4368   232    74919.0000    72866.1905  1900286    2.74%
  20711 14901        cutoff          74919.0000    72867.3034  1923514    2.74%
  20906 15078    73974.0374   286    74919.0000    72869.1595  1948459    2.74%
  21062 15218    73086.4304   326    74919.0000    72869.9849  1974445    2.73%
  21339 15481    73435.1245   249    74919.0000    72870.7953  2001595    2.73%
  21485 15623    74414.2910   250    74919.0000    72870.7953  2022122    2.73%
  21706 15820    73129.3461   311    74919.0000    72871.0534  2048499    2.73%
  21887 15980    72960.7286   241    74919.0000    72871.6835  2075301    2.73%
  22180 16261        cutoff          74919.0000    72872.4752  2103230    2.73%
Elapsed time = 323.09 sec. (384137.50 ticks, tree = 177.30 MB, solutions = 25)
  22356 16420    73903.6096   271    74919.0000    72872.8889  2131214    2.73%
  22485 16545    74214.4677   267    74919.0000    72873.0406  2141942    2.73%
  22748 16791        cutoff          74919.0000    72874.3514  2167477    2.73%
  23053 17080    73277.6460   295    74919.0000    72876.1623  2189672    2.73%
  23305 17304    74298.9257   218    74919.0000    72876.3394  2218794    2.73%
  23485 17474    73626.4754   345    74919.0000    72876.4195  2233162    2.73%
  23739 17712    72958.6536   321    74919.0000    72877.2794  2259034    2.73%
  24072 18035    74877.0820   283    74919.0000    72877.2844  2285300    2.73%
  24423 18363    73201.8450   324    74919.0000    72877.9852  2308941    2.72%
* 24485+17315                        74680.0000    72878.1632             2.41%
  24485 17317    73814.7130   225    74680.0000    72878.1632  2319033    2.41%
Elapsed time = 358.53 sec. (426193.03 ticks, tree = 194.46 MB, solutions = 26)
  24708 17523    73204.1512   305    74680.0000    72879.3286  2343237    2.41%
  24911 17696    73099.3194   274    74680.0000    72879.5562  2372863    2.41%
  25204 17976        cutoff          74680.0000    72879.6018  2401943    2.41%
  25425 18183    74273.4254   295    74680.0000    72879.6840  2424097    2.41%
  25562 18312    73456.9430   314    74680.0000    72879.7817  2439593    2.41%
  25762 18492    73303.2694   327    74680.0000    72880.1372  2467825    2.41%
  25965 18683    72925.9825   304    74680.0000    72880.5846  2492452    2.41%
  26144 18854    74251.1057   209    74680.0000    72881.5413  2518664    2.41%
  26385 19076    73076.9615   362    74680.0000    72882.0316  2542226    2.41%
  26485 19168    73727.8220   286    74680.0000    72882.0491  2563908    2.41%
Elapsed time = 394.08 sec. (467571.68 ticks, tree = 219.65 MB, solutions = 26)
  26680 19352    73485.4833   316    74680.0000    72882.4569  2590158    2.41%
  26892 19543    73514.8569   345    74680.0000    72882.9926  2615881    2.41%
  27065 19708    73572.0740   283    74680.0000    72883.3126  2638728    2.41%
  27174 19809    73980.4165   312    74680.0000    72883.9790  2662456    2.40%
  27436 20059    73505.1734   226    74680.0000    72884.7395  2685577    2.40%
  27485 20102    74322.8688   250    74680.0000    72884.8702  2695374    2.40%
  27636 20240    73161.6323   322    74680.0000    72885.6292  2716144    2.40%
  27749 20344    74053.3592   351    74680.0000    72885.7410  2740133    2.40%
  27898 20475    73366.4239   311    74680.0000    72886.0130  2763103    2.40%
  28073 20639    72994.1891   337    74680.0000    72886.8641  2784442    2.40%
Elapsed time = 430.30 sec. (508985.98 ticks, tree = 241.08 MB, solutions = 26)
  28230 20772    73341.7215   205    74680.0000    72887.8128  2808330    2.40%
  28342 20872    72943.2669   311    74680.0000    72888.8996  2832293    2.40%
  28485 20999    73468.4820   190    74680.0000    72889.0273  2850525    2.40%
  28558 21060    74192.7939   320    74680.0000    72889.5584  2873837    2.40%
  28689 21173    74198.4171   293    74680.0000    72890.1848  2895037    2.40%
  28894 21368    74545.9228   251    74680.0000    72891.2241  2919710    2.40%
  29007 21474    74640.8840   272    74680.0000    72891.6232  2942987    2.39%
  29124 21584    74009.4262   280    74680.0000    72891.9091  2965058    2.39%
  29254 21706    74309.0771   244    74680.0000    72892.3145  2988282    2.39%
  29355 21800    73644.4521   283    74680.0000    72892.5498  3008852    2.39%
Elapsed time = 465.94 sec. (549347.34 ticks, tree = 259.11 MB, solutions = 26)
  29454 21879    73379.8645   325    74680.0000    72893.7196  3030602    2.39%
  29510 21930    73148.7195   341    74680.0000    72894.2048  3036747    2.39%
  29599 22012    74066.7426   322    74680.0000    72894.6992  3057080    2.39%
  29734 22133    73955.9507   257    74680.0000    72894.9240  3079089    2.39%
  29828 22218    74222.5051   232    74680.0000    72896.1633  3103355    2.39%
  29965 22342    73180.8156   317    74680.0000    72896.4088  3125631    2.39%
  30176 22543        cutoff          74680.0000    72896.4140  3147321    2.39%
  30265 22616        cutoff          74680.0000    72896.7908  3169107    2.39%
  30379 22722        cutoff          74680.0000    72897.2644  3191937    2.39%
  30485 22803    73154.3653   288    74680.0000    72898.0005  3213131    2.39%
Elapsed time = 502.49 sec. (591230.81 ticks, tree = 275.72 MB, solutions = 26)
  30630 22934    72898.9813   225    74680.0000    72898.7138  3237186    2.39%
  30782 23078    73275.9548   346    74680.0000    72898.7923  3263446    2.39%
  30918 23203    73316.2305   332    74680.0000    72900.0501  3287021    2.38%
  31023 23296    73130.2885   275    74680.0000    72900.3160  3309794    2.38%
  31126 23387    74362.1911   305    74680.0000    72900.5483  3328294    2.38%
  31249 23488    73458.8069   251    74680.0000    72901.1963  3348473    2.38%
  31413 23643    73906.5832   243    74680.0000    72901.6123  3366988    2.38%
* 31485+18899                        74216.0000    72901.7833             1.77%
  31485 18901    73291.0186   325    74216.0000    72901.7833  3383931    1.77%
  31601 19007    73623.8416   283    74216.0000    72902.4911  3406172    1.77%
  31691 19084    72962.3336   349    74216.0000    72902.7863  3427891    1.77%
Elapsed time = 538.92 sec. (631847.35 ticks, tree = 235.12 MB, solutions = 27)
  31771 19157    74125.0420   341    74216.0000    72903.1840  3448997    1.77%
  31859 19235        cutoff          74216.0000    72903.5096  3471614    1.77%
  32050 19406    73785.4365   282    74216.0000    72904.0758  3494707    1.77%
  32221 19567    73467.6944   232    74216.0000    72904.2450  3516356    1.77%
  32320 19657    73896.2534   337    74216.0000    72904.4037  3538843    1.77%
  32483 19808    73434.0068   271    74216.0000    72906.1510  3555905    1.76%
  32485 19810    73576.1421   263    74216.0000    72906.1510  3556332    1.76%
  32590 19897    73293.6113   409    74216.0000    72906.4030  3580148    1.76%
  32721 20014    73146.1582   307    74216.0000    72906.7235  3607082    1.76%
  32892 20171    74103.1868   267    74216.0000    72906.8841  3630592    1.76%
Elapsed time = 573.78 sec. (671315.70 ticks, tree = 254.26 MB, solutions = 27)
  33028 20295    73985.7833   234    74216.0000    72907.7702  3654575    1.76%
  33143 20394    73222.6848   296    74216.0000    72909.1555  3681712    1.76%
  33226 20463    73678.9713   241    74216.0000    72909.9087  3706979    1.76%
  33297 20523    73811.8869   278    74216.0000    72910.3360  3731540    1.76%
  33485 20691    73957.5455   165    74216.0000    72910.9862  3756324    1.76%
  33628 20814    73728.1726   316    74216.0000    72911.6678  3782640    1.76%
  33754 20924    73125.2833   329    74216.0000    72913.1962  3809218    1.76%
  33837 20993    74126.7634   274    74216.0000    72913.5806  3836204    1.75%
  33977 21117    73657.6037   327    74216.0000    72914.6586  3863109    1.75%
  34131 21247    73891.7229   328    74216.0000    72915.0396  3889433    1.75%
Elapsed time = 610.97 sec. (713205.94 ticks, tree = 273.35 MB, solutions = 27)
  34260 21364        cutoff          74216.0000    72916.4111  3914985    1.75%
  34356 21441    73226.0203   331    74216.0000    72916.6566  3941608    1.75%
  34425 21503    74156.0841   255    74216.0000    72917.1306  3966692    1.75%
  34490 21557    73940.9074   350    74216.0000    72917.3385  3985430    1.75%
  34620 21678    74138.3457   297    74216.0000    72917.3723  4011302    1.75%
  34723 21769    73591.1415   266    74216.0000    72918.4968  4037703    1.75%
  34824 21856    73795.0054   316    74216.0000    72919.7106  4064165    1.75%
  34934 21954    73328.2730   349    74216.0000    72920.7655  4088659    1.75%
  35076 22075    74100.7206   308    74216.0000    72921.0909  4115452    1.74%
  35157 22145    73323.8746   273    74216.0000    72921.9708  4140436    1.74%
Elapsed time = 646.04 sec. (752409.15 ticks, tree = 289.30 MB, solutions = 27)
  35251 22225    73906.7891   271    74216.0000    72922.6691  4167620    1.74%
  35360 22320    74064.3047   361    74216.0000    72922.9209  4193678    1.74%
  35471 22407        cutoff          74216.0000    72923.5954  4217442    1.74%
  35511 22439    73994.3181   357    74216.0000    72924.0931  4232931    1.74%
  35608 22524    73746.2412   310    74216.0000    72924.3696  4259448    1.74%
  35745 22640    74207.1589   301    74216.0000    72925.9466  4285693    1.74%
  35861 22746    73183.9313   299    74216.0000    72926.2754  4311947    1.74%
  36031 22905    73220.5975   386    74216.0000    72926.5331  4337654    1.74%
  36114 22968    73702.4803   244    74216.0000    72926.6491  4364245    1.74%
  36255 23089    73733.0049   335    74216.0000    72926.8489  4390148    1.74%
Elapsed time = 681.05 sec. (791559.26 ticks, tree = 306.07 MB, solutions = 27)
  36357 23176    73964.1570   221    74216.0000    72927.1702  4416710    1.74%
  36485 23287    73230.9663   315    74216.0000    72928.2852  4442021    1.74%
  36586 23373        cutoff          74216.0000    72929.0712  4469004    1.73%
  36776 23553    73452.3164   244    74216.0000    72929.5270  4494566    1.73%
  36954 23721    73666.0909   346    74216.0000    72929.7638  4519642    1.73%
  37097 23844    73019.0808   376    74216.0000    72930.4874  4546035    1.73%
  37233 23970    73149.2441   234    74216.0000    72930.6510  4572193    1.73%
  37365 24090    73863.3108   256    74216.0000    72931.2184  4598278    1.73%
  37478 24191    73482.7116   225    74216.0000    72931.2768  4624933    1.73%
  37549 24238    73408.3284   302    74216.0000    72931.7958  4643587    1.73%
Elapsed time = 719.47 sec. (835297.96 ticks, tree = 326.40 MB, solutions = 27)
  37693 24354    72978.7240   361    74216.0000    72932.6588  4669578    1.73%
  37843 24494    73288.2816   233    74216.0000    72932.8179  4694751    1.73%
  38030 24669    73523.3383   282    74216.0000    72932.9620  4719938    1.73%
  38186 24812    73112.7630   305    74216.0000    72933.3784  4745178    1.73%
  38310 24916    73045.5080   291    74216.0000    72933.9611  4771641    1.73%
  38453 25031    73109.1428   274    74216.0000    72934.3354  4797962    1.73%
  38579 25150    74039.8526   322    74216.0000    72934.3439  4819164    1.73%
  38724 25283    73965.3270   173    74216.0000    72935.0310  4844729    1.73%
  38864 25403    73868.5796   280    74216.0000    72935.6801  4869106    1.73%
  38956 25477    72963.8870   396    74216.0000    72936.1419  4896187    1.72%
Elapsed time = 754.18 sec. (873915.01 ticks, tree = 348.31 MB, solutions = 27)
  39021 25538    73280.8969   345    74216.0000    72936.3631  4920491    1.72%
  39231 25741    73714.3430   215    74216.0000    72936.5249  4945574    1.72%
  39377 25874    73478.3555   224    74216.0000    72936.8654  4969304    1.72%
  39485 25979    73342.5881   216    74216.0000    72936.8775  4984709    1.72%
  39578 26062    73418.8322   326    74216.0000    72936.9628  5012121    1.72%
  39643 26108    73562.7173   311    74216.0000    72937.6260  5037566    1.72%
  39759 26205    73549.9040   313    74216.0000    72938.1499  5062166    1.72%
  39871 26307    74107.2185   272    74216.0000    72938.2205  5088333    1.72%
  40045 26459    73043.7701   286    74216.0000    72938.6009  5113694    1.72%
  40139 26549    73705.4921   254    74216.0000    72938.6799  5137730    1.72%
Elapsed time = 789.32 sec. (913177.26 ticks, tree = 367.24 MB, solutions = 27)
  40278 26672    74021.6967   258    74216.0000    72939.2612  5162937    1.72%
  40431 26805    74045.7872   256    74216.0000    72939.4857  5187703    1.72%
  40485 26855    73851.5541   244    74216.0000    72939.6497  5213023    1.72%
  40603 26960    73311.4264   387    74216.0000    72940.1084  5240513    1.72%
  40686 27014    73486.0196   363    74216.0000    72940.7053  5268147    1.72%
  40833 27147    73008.7721   316    74216.0000    72940.8594  5293501    1.72%
Starting limited solution polishing.
  40968 27266    73494.4643   283    74216.0000    72941.3315  5317876    1.72%
  40985 27283    73560.2771   213    74216.0000    72941.3315  5319080    1.72%
  41168 27456    73813.4614   367    74216.0000    72941.6978  5343489    1.72%
  41185 27473    73940.0607   266    74216.0000    72941.6978  5346924    1.72%
Elapsed time = 824.69 sec. (954820.83 ticks, tree = 383.58 MB, solutions = 27)
  41286 27559    73234.7804   422    74216.0000    72941.9953  5373051    1.72%
  41369 27627    73828.7162   251    74216.0000    72942.2644  5398763    1.72%
  41385 27643    74058.9010   219    74216.0000    72942.2644  5400076    1.72%
  41586 27824    73165.8497   379    74216.0000    72942.5198  5427028    1.72%
  41693 27916    73756.0852   280    74216.0000    72943.1426  5450642    1.72%
  41783 27995    73869.6906   379    74216.0000    72943.4135  5476445    1.71%
  41885 28090    73975.0212   213    74216.0000    72943.4769  5497746    1.71%
  41985 28173    73498.4212   280    74216.0000    72943.4769  5520808    1.71%
  42085 28267    73683.8535   266    74216.0000    72943.4964  5533142    1.71%
  42165 28330    73298.8058   339    74216.0000    72944.2504  5558688    1.71%
Elapsed time = 863.08 sec. (1000354.33 ticks, tree = 398.82 MB, solutions = 27)
* 42285+27119                        74131.0000    72944.2849             1.60%
  42285 27121    73955.9494   211    74131.0000    72944.2849  5580949    1.60%
  42414 27239    73131.2464   311    74131.0000    72944.4724  5601201    1.60%
  42485 27290    73261.1483   269    74131.0000    72944.6879  5626348    1.60%
  42610 27403    73942.0921   273    74131.0000    72944.9160  5646930    1.60%
  42672 27449    74115.9156   334    74131.0000    72945.0591  5671851    1.60%
  42685 27458    73386.5624   312    74131.0000    72945.6189  5673906    1.60%
  42789 27557    73452.6668   279    74131.0000    72945.6246  5681211    1.60%
  42885 27636    73617.3578   290    74131.0000    72945.8933  5698307    1.60%

Clique cuts applied:  146
Cover cuts applied:  954
Implied bound cuts applied:  3
Flow cuts applied:  44
Mixed integer rounding cuts applied:  356
Zero-half cuts applied:  125
Lift and project cuts applied:  7
Gomory fractional cuts applied:  9

Root node processing (before b&c):
  Real time             =    4.10 sec. (4913.73 ticks)
Sequential b&c:
  Real time             =  895.91 sec. (1040759.90 ticks)
                          ------------
Total (root+branch&cut) =  900.01 sec. (1045673.62 ticks)
MIP: [1;32mCPLEX finished.[0m
MIP: [1;32mCPLEX status: Feasible[0m
MIP: [1;32mSolution: 
[31, 26, 35, 34, 21, 9, 36, 28, 12, 35, 19, 29, 28, 39, 31, 21, 5, 16, 10, 39, 10, 11, 34, 43, 3, 38, 2, 11, 17, 12, 30, 2, 29, 15, 30, 3, 32, 23, 27, 15, 19, 28, 28, 38, 8, 1, 18, 30, 43, 5, 27, 38, 32, 26, 9, 25, 20, 20, 16, 34, 37, 21, 33, 42, 10, 1, 28, 23, 36, 24, 16, 12, 18, 42, 7, 11, 7, 37, 13, 3][-1, 15, 12, 23, -1, 5, -1, 3, 5, 24, 25, 28, 6, 18, -1, 22, 24, 20, 26, 12, 22, 14, -1, 7, 21, 20, 21, 4, 13, 21, 9, 7, 16, 2, 15, 2, 11, 18, 14, 28, -1, -1, 4, 16][-1, -1, 7, 12, 1, 16, 12, 7, -1, 6, -1, 2, 8, 2, 20, 21, 19, -1, 16, -1, 12, 22, 8, 13, 9, 21, 9, -1, 5][-1, 18, 12, -1, -1, 13, 12, 2, 8, 2, -1, -1, 0, 12, -1, -1, 13, -1, -1, 14, 0, 2, 18][9, -1, 6, -1, -1, -1, -1, -1, 9, -1, -1, -1, 7, 14, 14, -1, -1, -1, 14][0m
MIP: [1;32mObjective value: 74131[0m
MIP: [1;32mLower Bound: 72946.3[0m
MIP: [1;32mBranch-and-Bound nodes: 42985[0m

# best solution:
best objective value:	74131
best dual bound value:	72946
optimality gap:	1.59852%
CPU time:	897.642
