ifile	/scratch/csagturk/mlbp_inst/n0080_m05__014.inst
prob	TNFMLBP
threads	1
ttime	900
instance: /scratch/csagturk/mlbp_inst/n0080_m05__014.inst
	m=5, n=[80, 45, 29, 21, 18, 12]
MIP: [1;32minit CPLEX[0m
CAN: [1;35mcreated 6108 x_{ijk} and f_{ijk} variables[0m
CAN: [1;35mcreated 205 y_{ij} variables[0m
MIP: [1;32mcreated decision variables[0m
MIP: [1;32mcreated constraints[0m
MIP: [1;32mcreated objective function[0m
MIP: [1;32mcalling CPLEX solve ...[0m
Version identifier: 22.1.0.0 | 2022-03-09 | 1a383f8ce
CPXPARAM_Threads                                 1
CPXPARAM_TimeLimit                               900
Tried aggregator 5 times.
MIP Presolve eliminated 81 rows and 6698 columns.
MIP Presolve modified 814 coefficients.
Aggregator did 452 substitutions.
Reduced MIP has 996 rows, 6321 columns, and 12630 nonzeros.
Reduced MIP has 5982 binaries, 0 generals, 0 SOSs, and 216 indicators.
Presolve time = 0.05 sec. (60.10 ticks)
Probing fixed 0 vars, tightened 122 bounds.
Probing changed sense of 113 constraints.
Probing time = 0.05 sec. (39.18 ticks)
Tried aggregator 1 time.
MIP Presolve eliminated 678 rows and 791 columns.
Reduced MIP has 318 rows, 5530 columns, and 11048 nonzeros.
Reduced MIP has 5530 binaries, 0 generals, 0 SOSs, and 0 indicators.
Presolve time = 0.01 sec. (13.16 ticks)
Tried aggregator 1 time.
Detecting symmetries...
Reduced MIP has 318 rows, 5530 columns, and 11048 nonzeros.
Reduced MIP has 5530 binaries, 0 generals, 0 SOSs, and 0 indicators.
Presolve time = 0.01 sec. (11.66 ticks)
Probing time = 0.00 sec. (3.09 ticks)
Clique table members: 1409.
MIP emphasis: balance optimality and feasibility.
MIP search method: dynamic search.
Parallel mode: none, using 1 thread.
Root relaxation solution time = 0.01 sec. (20.02 ticks)

        Nodes                                         Cuts/
   Node  Left     Objective  IInf  Best Integer    Best Bound    ItCnt     Gap

      0     0    67768.8286   137                  67768.8286      762         
      0     0    68137.2463   247                   Cuts: 173     1473         
      0     0    68164.5536   266                   Cuts: 179     2070         
      0     0    68227.5582   238                   Cuts: 179     2767         
      0     0    68245.8920   268                   Cuts: 179     3358         
      0     0    68277.6468   256                   Cuts: 179     3938         
      0     0    68328.7287   241                   Cuts: 163     4560         
      0     0    68349.7906   234                   Cuts: 153     5287         
      0     0    68396.4668   260                   Cuts: 163     5973         
      0     0    68416.8688   314                   Cuts: 153     6484         
      0     0    68429.5102   312                   Cuts: 152     7010         
      0     0    68464.2400   349                   Cuts: 170     7641         
      0     0    68499.6847   338                   Cuts: 173     8272         
      0     0    68524.8989   269                   Cuts: 160     8791         
      0     0    68578.5819   284                   Cuts: 159     9502         
      0     0    68595.8925   295                   Cuts: 155    10191         
      0     0    68616.0568   296                   Cuts: 152    10816         
      0     0    68628.2465   321                   Cuts: 140    11319         
      0     0    68634.7520   306                   Cuts: 147    11778         
      0     0    68646.8683   323                    Cuts: 88    12186         
*     0+    0                        90025.0000    68646.8683            23.75%
*     0+    0                        81411.0000    68646.8683            15.68%
*     0+    0                        80930.0000    68646.8683            15.18%
*     0+    0                        79885.0000    68646.8683            14.07%
*     0+    0                        79253.0000    68646.8683            13.38%
*     0+    0                        77212.0000    68646.8683            11.09%
*     0+    0                        77130.0000    68646.8683            11.00%
*     0+    0                        76696.0000    68646.8683            10.49%
*     0+    0                        76689.0000    68646.8683            10.49%
*     0+    0                        76565.0000    68646.8683            10.34%
      0     0  -1.00000e+75     0    76565.0000    68646.8683    12186   10.34%
      0     2    68646.8683   238    76565.0000    68646.8745    12186   10.34%
Elapsed time = 2.89 sec. (3473.41 ticks, tree = 0.01 MB, solutions = 10)
     64    66    69281.3423   171    76565.0000    68646.8745    14199   10.34%
    140   142    68992.5090   115    76565.0000    68646.8745    15422   10.34%
    258   260    70523.1765    88    76565.0000    68646.8745    17055   10.34%
    388   390    71609.9013    64    76565.0000    68646.8745    19290   10.34%
    518   518    68658.9526   213    76565.0000    68659.3329    20454   10.33%

Performing restart 1

Repeating presolve.
Tried aggregator 1 time.
MIP Presolve modified 1259 coefficients.
Reduced MIP has 318 rows, 5530 columns, and 11048 nonzeros.
Reduced MIP has 5530 binaries, 0 generals, 0 SOSs, and 0 indicators.
Presolve time = 0.02 sec. (14.46 ticks)
Tried aggregator 1 time.
MIP Presolve modified 816 coefficients.
Reduced MIP has 318 rows, 5530 columns, and 11048 nonzeros.
Reduced MIP has 5530 binaries, 0 generals, 0 SOSs, and 0 indicators.
Presolve time = 0.02 sec. (16.32 ticks)
Represolve time = 0.14 sec. (111.38 ticks)
    520     0    68266.0547   294    76565.0000     Cuts: 179    23181   10.32%
    520     0    68547.8273   266    76565.0000     Cuts: 179    23799   10.32%
    520     0    68597.2774   314    76565.0000     Cuts: 179    24625   10.32%
    520     0    68630.6002   298    76565.0000     Cuts: 174    25590   10.32%
    520     0    68667.9709   339    76565.0000     Cuts: 175    26629   10.31%
    520     0    68683.1462   337    76565.0000     Cuts: 164    27200   10.29%
    520     0    68709.3864   361    76565.0000     Cuts: 136    27740   10.26%
    520     0    68733.7218   365    76565.0000     Cuts: 125    29197   10.23%
    520     0    68749.2189   371    76565.0000     Cuts: 112    29830   10.21%
    520     0    68756.8255   362    76565.0000     Cuts: 104    30380   10.20%
    520     0    68758.4458   389    76565.0000     Cuts: 109    30832   10.20%
    520     0    68779.9290   351    76565.0000     Cuts: 116    31358   10.17%
    520     0    68786.7022   383    76565.0000     Cuts: 124    31954   10.16%
    520     0    68794.4630   378    76565.0000     Cuts: 111    32531   10.15%
    520     0    68804.1960   387    76565.0000     Cuts: 128    32992   10.14%
    520     0    68809.4446   327    76565.0000      Cuts: 92    33659   10.13%
    520     0    68810.6698   363    76565.0000     Cuts: 122    34352   10.13%
    520     0    68811.0120   287    76565.0000      Cuts: 79    34763   10.13%
    520     0    68812.7806   310    76565.0000     Cuts: 106    35320   10.13%
    520     0    68813.7848   305    76565.0000      Cuts: 77    35700   10.12%
    520     0    68814.0956   308    76565.0000      Cuts: 84    36231   10.12%
*   520+    0                        76409.0000    68814.0956             9.94%
*   520+    0                        76300.0000    68814.0956             9.81%
*   520+    0                        76210.0000    68814.0956             9.70%
*   520+    0                        75922.0000    68814.0956             9.36%
*   520+    0                        75907.0000    68814.0956             9.34%
    520     0  -1.00000e+75     0    75907.0000    68814.0956    36231    9.34%
    520     2    68814.0956   251    75907.0000    68814.2629    36231    9.34%
    522     4    68818.7446   223    75907.0000    68819.3808    36294    9.34%
    525     7    68863.9490   224    75907.0000    68822.7300    36453    9.33%
    527     9    68883.6186   204    75907.0000    68822.7300    36533    9.33%
    540    22    68948.5795   180    75907.0000    68822.7300    37287    9.33%
Elapsed time = 11.00 sec. (14084.53 ticks, tree = 0.14 MB, solutions = 15)
    574    56    69397.0087   205    75907.0000    68822.7300    38945    9.33%
    634    95    68839.7168   220    75907.0000    68845.7601    41000    9.30%
    730   189        cutoff          75907.0000    68845.7601    44570    9.30%
    850   300    69468.0655   196    75907.0000    68866.0213    47062    9.28%
    932   376    71586.0434   185    75907.0000    68874.0112    50851    9.27%
   1017   453    69096.0970   193    75907.0000    68887.4399    54722    9.25%
   1126   552    68912.9735   224    75907.0000    68894.0686    58672    9.24%
   1258   680    69039.5404   162    75907.0000    68903.2328    63342    9.23%
   1460   876    70486.0222   133    75907.0000    68903.5975    67747    9.23%
   1520   936    70822.4045   159    75907.0000    68903.5975    68014    9.23%
Elapsed time = 17.67 sec. (25375.57 ticks, tree = 7.02 MB, solutions = 15)
   1700  1105    69621.5426   162    75907.0000    68905.1391    72617    9.22%
   1861  1253    68996.9935   199    75907.0000    68909.2584    77447    9.22%
   2021  1409    71502.3100   167    75907.0000    68911.8502    82591    9.22%
   2274  1600    69885.5027   222    75907.0000    68917.4536    86391    9.21%
   2410  1725    69141.1657   252    75907.0000    68921.1473    93507    9.20%
   2572  1877    70061.8232   256    75907.0000    68928.0430    97900    9.19%
   2738  2030    69149.3566   214    75907.0000    68928.4784   103891    9.19%
   2844  2129    69040.9584   198    75907.0000    68930.5579   109641    9.19%
   2916  2195        cutoff          75907.0000    68931.4588   115094    9.19%
   2959  2229    69004.7347   235    75907.0000    68932.5563   119672    9.19%
Elapsed time = 23.37 sec. (35621.91 ticks, tree = 16.85 MB, solutions = 15)
   3021  2285    69031.4011   262    75907.0000    68934.0625   125688    9.19%
   3136  2394    69110.3438   294    75907.0000    68934.8251   131963    9.19%
   3184  2438    69011.3363   252    75907.0000    68936.3107   136197    9.18%
   3276  2526    69257.8694   225    75907.0000    68937.7247   140824    9.18%
   3337  2583    69327.3674   209    75907.0000    68937.9611   147772    9.18%
   3498  2735    infeasible          75907.0000    68937.9611   153615    9.18%
   3582  2809    70519.2783   215    75907.0000    68938.2380   159734    9.18%
   3640  2863    70620.1338   189    75907.0000    68938.4716   163165    9.18%
   3742  2959    infeasible          75907.0000    68942.2187   169098    9.18%
   3818  3029    68992.5351   259    75907.0000    68944.6861   175286    9.17%
Elapsed time = 28.93 sec. (45714.12 ticks, tree = 23.61 MB, solutions = 15)
   3876  3085    71609.2654   212    75907.0000    68944.6861   181950    9.17%
   3910  3112    72736.6346   189    75907.0000    68944.6861   189863    9.17%
   3948  3144        cutoff          75907.0000    68944.8185   197597    9.17%
   3978  3168    68963.9281   245    75907.0000    68945.4621   205561    9.17%
   4079  3266    69239.0018   305    75907.0000    68946.0039   210831    9.17%
   4092  3275    69224.6246   290    75907.0000    68947.8735   215176    9.17%
   4151  3332    72601.6108   223    75907.0000    68947.8735   222369    9.17%
   4245  3414    69224.9271   241    75907.0000    68948.0910   227327    9.17%
   4400  3556    74351.6667    98    75907.0000    68948.0910   233106    9.17%
   4520  3634    69590.2608   248    75907.0000    68948.5694   237432    9.17%
Elapsed time = 36.54 sec. (58515.05 ticks, tree = 29.17 MB, solutions = 15)
   4651  3756    69772.1285   320    75907.0000    68950.2985   242875    9.16%
   4676  3777    72430.4976   245    75907.0000    68950.2985   250782    9.16%
   4711  3806    68969.2713   336    75907.0000    68952.2759   257038    9.16%
   4786  3872    69031.6704   256    75907.0000    68952.6926   262604    9.16%
   4857  3939    69336.5568   318    75907.0000    68953.0533   269285    9.16%
   4915  3995        cutoff          75907.0000    68953.0533   276231    9.16%
   4950  4024    74090.3763   174    75907.0000    68953.0533   282456    9.16%
   4991  4049    69025.6548   254    75907.0000    68953.4110   288545    9.16%
   5152  4198    69066.7041   282    75907.0000    68953.4110   293526    9.16%
   5244  4287    69066.7041   331    75907.0000    68953.5097   299148    9.16%
Elapsed time = 42.85 sec. (69693.25 ticks, tree = 35.82 MB, solutions = 15)
   5338  4378    69198.0793   284    75907.0000    68953.8847   305794    9.16%
   5403  4441    72004.4837   282    75907.0000    68953.8847   311741    9.16%
   5540  4574    69017.2844   348    75907.0000    68954.8789   316381    9.16%
   5595  4629    70194.8652   245    75907.0000    68954.8789   322127    9.16%
   5623  4651    infeasible          75907.0000    68954.8789   328932    9.16%
   5661  4689    69867.3608   241    75907.0000    68956.1401   333165    9.16%
   5699  4723    72231.5835   152    75907.0000    68956.1401   340654    9.16%
   5722  4739    69014.9411   309    75907.0000    68956.6689   346372    9.16%
   5759  4768    69015.6847   261    75907.0000    68959.5202   351722    9.15%
   5817  4817    69463.5600   353    75907.0000    68959.5555   360395    9.15%
Elapsed time = 49.03 sec. (80806.62 ticks, tree = 41.31 MB, solutions = 15)
   5890  4888    72247.8816   184    75907.0000    68959.5555   367948    9.15%
   6038  5032    74778.2083   158    75907.0000    68959.5555   375384    9.15%
   6062  5050    69563.9902   245    75907.0000    68962.6258   380410    9.15%
   6120  5108    72303.2218   210    75907.0000    68962.6258   385646    9.15%
   6155  5138    68986.2727   295    75907.0000    68963.2574   393952    9.15%
   6217  5197    69416.4537   328    75907.0000    68963.4450   400482    9.15%
   6333  5309    73244.4444   154    75907.0000    68963.4450   407439    9.15%
   6416  5389    69770.1812   296    75907.0000    68963.8658   411858    9.15%
   6463  5434    72511.2305   200    75907.0000    68963.8658   418855    9.15%
   6492  5457    69640.7523   296    75907.0000    68963.9181   427331    9.15%
Elapsed time = 54.99 sec. (91471.62 ticks, tree = 48.20 MB, solutions = 15)
   6520  5485    70412.8020   211    75907.0000    68963.9181   429003    9.15%
   6581  5539    69025.6352   310    75907.0000    68965.2927   432142    9.15%
   6601  5559    69568.1812   206    75907.0000    68965.2927   437673    9.15%
   6633  5591    70459.9391   290    75907.0000    68965.2927   444047    9.15%
   6707  5664    73420.4815   171    75907.0000    68965.2927   450309    9.15%
   6736  5685    69116.7089   332    75907.0000    68966.3918   454996    9.14%
   6827  5772    69140.9386   318    75907.0000    68966.7003   458551    9.14%
   6932  5873        cutoff          75907.0000    68966.7003   463878    9.14%
   6934  5875    69681.8782   342    75907.0000    68966.8460   467287    9.14%
   6954  5895    70694.5146   293    75907.0000    68966.8460   472773    9.14%
Elapsed time = 62.24 sec. (103643.41 ticks, tree = 53.15 MB, solutions = 15)
   6977  5918    71385.8748   339    75907.0000    68966.8460   478732    9.14%
   6993  5930    69311.1490   325    75907.0000    68968.8661   483068    9.14%
   7043  5980    70823.6090   334    75907.0000    68968.8661   487637    9.14%
   7063  5992    69184.4085   294    75907.0000    68969.4571   493064    9.14%
   7096  6025    69384.2319   274    75907.0000    68969.4571   498040    9.14%
   7129  6058    69921.8846   268    75907.0000    68969.4571   504515    9.14%
   7134  6059    68977.3933   312    75907.0000    68969.5329   510903    9.14%
   7177  6102    69231.8107   240    75907.0000    68969.5329   515334    9.14%
   7230  6146    69089.4914   281    75907.0000    68970.6565   522068    9.14%
   7720  6558    70202.9206   312    75907.0000    68972.2294   541633    9.14%
Elapsed time = 70.38 sec. (117695.15 ticks, tree = 60.97 MB, solutions = 15)
   7877  6704    70067.7207   313    75907.0000    68975.0342   564294    9.13%
   8066  6881    69227.6345   295    75907.0000    68975.2591   583519    9.13%
   8281  7084    72541.0798   183    75907.0000    68975.5750   600503    9.13%
   8359  7157    69848.9563   288    75907.0000    68977.0761   620244    9.13%
   8493  7281    74378.0000   150    75907.0000    68977.0761   644041    9.13%
   8547  7329    69066.4248   240    75907.0000    68977.1067   651123    9.13%
   8703  7473    69606.5334   252    75907.0000    68977.4606   671889    9.13%
   9050  7791    74937.1667   122    75907.0000    68980.0905   693592    9.13%
   9424  8143    70812.2039   271    75907.0000    68980.8250   713501    9.12%
   9520  8226    69299.9544   260    75907.0000    68981.6056   731143    9.12%
Elapsed time = 94.20 sec. (158099.50 ticks, tree = 81.69 MB, solutions = 15)
   9814  8511    69465.7884   292    75907.0000    68981.9637   749280    9.12%
  10270  8934    69602.9529   251    75907.0000    68983.1139   768863    9.12%
  10397  9052    72701.6412   283    75907.0000    68983.4924   789852    9.12%
  10520  9167    69630.2502   261    75907.0000    68983.9286   801267    9.12%
  10837  9469    69095.3652   290    75907.0000    68984.7086   821531    9.12%
* 10860+ 9473                        75755.0000    68984.7086             8.94%
* 10860+ 9472                        75745.0000    68984.7086             8.93%
* 10860+ 9439                        75562.0000    68984.7086             8.70%
* 10860+ 9425                        75514.0000    68984.7086             8.65%
* 10860+ 9377                        75456.0000    68984.7086             8.58%
* 10860+ 9373                        75436.0000    68984.7086             8.55%
* 10860+ 9371                        75431.0000    68984.7086             8.55%
* 10860+ 9356                        75345.0000    68984.7086             8.44%
* 10860+ 9355                        75330.0000    68984.7086             8.42%
* 10860+ 9344                        75266.0000    68984.7086             8.35%
* 10860+ 8867                        74611.0000    68984.7086             7.54%
* 10860+ 8861                        74591.0000    68984.7086             7.52%
* 10860+ 8781                        74560.0000    68984.7086             7.48%
  10860  8783    69228.6841   251    74560.0000    68984.7086   824899    7.48%
  10862  8785    69003.1760   318    74560.0000    68985.3294   827646    7.48%
  11186  9090    73278.7483   187    74560.0000    68986.5438   846308    7.48%
  11349  9243    70399.9546   323    74560.0000    68986.9259   866335    7.47%
  11469  9354    69100.8995   298    74560.0000    68987.3600   884622    7.47%
Elapsed time = 149.01 sec. (233900.50 ticks, tree = 96.88 MB, solutions = 28)
  11564  9443    71282.7497   334    74560.0000    68988.4361   897802    7.47%
  11808  9682    70470.0470   322    74560.0000    68988.9521   919504    7.47%
  11991  9852    69404.3054   302    74560.0000    68990.2742   935933    7.47%
  12248 10095        cutoff          74560.0000    68991.6812   954765    7.47%
  12291 10133    71277.8361   292    74560.0000    68991.8796   969787    7.47%
  12391 10221    71344.3607   293    74560.0000    68992.9156   992493    7.47%
* 12520+ 9520                        74136.0000    68993.7724             6.94%
* 12520+ 9513                        74130.0000    68993.7724             6.93%
  12520  9515    69479.6045   289    74130.0000    68993.7724  1000117    6.93%
  12709  9682    69185.3292   320    74130.0000    68994.1068  1019077    6.93%
  12850  9817        cutoff          74130.0000    68995.3227  1038611    6.93%
  13215 10127    70949.1475   249    74130.0000    68997.4007  1061198    6.92%
Elapsed time = 173.12 sec. (273891.65 ticks, tree = 109.16 MB, solutions = 30)
  13346 10243    69169.2739   412    74130.0000    68997.9051  1078664    6.92%
  13594 10461    69196.8967   348    74130.0000    68997.9097  1098206    6.92%
  13681 10538    71342.6528   259    74130.0000    68997.9097  1119601    6.92%
  13846 10686    69262.7248   402    74130.0000    68998.3483  1133281    6.92%
  14139 10968    69114.5478   362    74130.0000    68998.8465  1151870    6.92%
  14389 11197    69871.6035   376    74130.0000    68999.7620  1168168    6.92%
  14453 11253    69051.7695   330    74130.0000    68999.9092  1187547    6.92%
* 14520+11029                        74086.0000    68999.9092             6.87%
  14562 11069    infeasible          74086.0000    68999.9092  1195835    6.87%
  14674 11173    72859.2076   270    74086.0000    68999.9575  1214214    6.87%
  14717 11203        cutoff          74086.0000    69000.1799  1234651    6.86%
Elapsed time = 197.93 sec. (314433.61 ticks, tree = 124.91 MB, solutions = 31)
  14815 11294    69326.5072   303    74086.0000    69000.8619  1249375    6.86%
  14879 11356        cutoff          74086.0000    69000.8619  1269701    6.86%
  15017 11486    69604.1563   303    74086.0000    69001.0053  1287649    6.86%
  15176 11633    69081.4321   411    74086.0000    69001.8192  1308406    6.86%
  15424 11871    69073.6674   385    74086.0000    69002.3978  1328119    6.86%
  15520 11962    70324.6667   101    74086.0000    69002.3978  1341162    6.86%
  15724 12111    69592.9192   277    74086.0000    69002.5559  1358217    6.86%
  15942 12304    71933.9235   254    74086.0000    69002.5880  1378838    6.86%
  16001 12358    72308.0407   245    74086.0000    69002.5880  1398986    6.86%
  16169 12514    71777.5473   325    74086.0000    69003.2308  1417730    6.86%
Elapsed time = 223.06 sec. (355823.27 ticks, tree = 144.46 MB, solutions = 31)
  16373 12707    69230.2139   390    74086.0000    69003.4638  1433699    6.86%
  16490 12812    69146.4642   291    74086.0000    69003.5422  1451788    6.86%
  16520 12842    69672.3644   209    74086.0000    69003.5422  1455723    6.86%
  16727 13036    73364.0000   146    74086.0000    69003.5437  1473809    6.86%
  16796 13101    69354.9208   331    74086.0000    69003.7284  1493507    6.86%
  16989 13288    70283.4816   270    74086.0000    69003.8766  1511017    6.86%
  17060 13355    73291.5773   224    74086.0000    69004.3894  1528223    6.86%
  17329 13612    73776.0000   108    74086.0000    69004.7920  1548586    6.86%
  17520 13791    69392.9670   302    74086.0000    69005.1688  1564324    6.86%
  17664 13922    69415.7346   285    74086.0000    69005.2855  1583915    6.86%
Elapsed time = 248.31 sec. (396808.86 ticks, tree = 165.77 MB, solutions = 31)
  17719 13967    69203.2274   386    74086.0000    69005.6832  1602634    6.86%
  17840 14082    70135.6956   290    74086.0000    69005.7335  1617231    6.86%
  17982 14220    73204.8298   275    74086.0000    69005.9978  1636091    6.86%
  18073 14305    infeasible          74086.0000    69006.2362  1654449    6.86%
  18221 14441    69197.3187   432    74086.0000    69006.3937  1673105    6.86%
  18291 14505    73277.7442   345    74086.0000    69006.3937  1694080    6.86%
  18337 14547    69879.3945   398    74086.0000    69007.8277  1709605    6.85%
  18463 14662    69514.7279   235    74086.0000    69007.9532  1727867    6.85%
  18576 14763    69163.1235   411    74086.0000    69008.2136  1746605    6.85%
  18712 14889    69571.0618   223    74086.0000    69008.4588  1763319    6.85%
Elapsed time = 272.26 sec. (436354.98 ticks, tree = 180.55 MB, solutions = 31)
  18842 15012    70292.0843   305    74086.0000    69008.6133  1778071    6.85%
  18920 15085    69280.0680   232    74086.0000    69008.7481  1793264    6.85%
  19118 15278    69991.5548   369    74086.0000    69008.8542  1811647    6.85%
  19280 15428    69304.0198   372    74086.0000    69009.1507  1831304    6.85%
  19375 15518    72180.9838   302    74086.0000    69009.7545  1849447    6.85%
  19471 15606    71575.2333   311    74086.0000    69009.9698  1870898    6.85%
* 19520+15456                        73953.0000    69010.0238             6.68%
* 19520+15392                        73908.0000    69010.0238             6.63%
* 19520+15389                        73904.0000    69010.0238             6.62%
  19520 15391    69168.5759   372    73904.0000    69010.0238  1880361    6.62%
  19741 15599    69209.6688   414    73904.0000    69011.0132  1899826    6.62%
  19941 15786        cutoff          73904.0000    69011.1883  1921537    6.62%
  20024 15863    69672.3759   238    73904.0000    69011.2174  1940270    6.62%
Elapsed time = 297.06 sec. (476932.69 ticks, tree = 196.21 MB, solutions = 34)
  20231 16066    69312.2395   392    73904.0000    69011.3616  1954597    6.62%
  20329 16158    69550.7785   312    73904.0000    69011.4326  1972231    6.62%
  20486 16305    71349.1904   365    73904.0000    69011.9806  1990752    6.62%
* 20520+16241                        73886.0000    69011.9806             6.60%
  20525 16248    73153.8123   379    73886.0000    69011.9806  2004355    6.60%
  20607 16316    71191.7997   370    73886.0000    69012.5834  2022398    6.60%
  20642 16343    71191.7997   357    73886.0000    69012.6484  2041291    6.60%
  20673 16370    71248.8437   424    73886.0000    69012.6586  2061707    6.60%
  20749 16442    71556.5444   364    73886.0000    69012.7340  2080919    6.60%
  20850 16531    69866.7857   231    73886.0000    69012.7523  2098944    6.60%
  21024 16696    73200.5333   186    73886.0000    69012.9602  2116392    6.60%
Elapsed time = 321.15 sec. (516451.02 ticks, tree = 210.35 MB, solutions = 35)
  21173 16832    69270.5193   423    73886.0000    69013.6915  2133686    6.59%
  21286 16940    69481.1621   344    73886.0000    69013.7459  2149932    6.59%
  21371 17017    70077.9110   230    73886.0000    69013.9296  2168178    6.59%
  21505 17141    69097.4268   355    73886.0000    69014.1149  2185050    6.59%
  21525 17161    69190.6092   280    73886.0000    69014.1149  2190194    6.59%
  21634 17266    69512.1947   405    73886.0000    69014.1491  2207081    6.59%
  21702 17329    69369.7156   358    73886.0000    69014.2967  2222300    6.59%
  21771 17398    72273.4686   291    73886.0000    69014.2967  2244973    6.59%
  21897 17510    69989.0000   123    73886.0000    69014.3357  2261071    6.59%
  22096 17699    69561.0822   286    73886.0000    69014.8560  2280898    6.59%
Elapsed time = 346.44 sec. (556837.06 ticks, tree = 226.45 MB, solutions = 35)
  22222 17821    69709.1846   275    73886.0000    69014.9088  2297743    6.59%
  22335 17925        cutoff          73886.0000    69015.8109  2314260    6.59%
  22377 17967    70594.0927   258    73886.0000    69015.9273  2330375    6.59%
  22504 18086    69347.7797   303    73886.0000    69015.9819  2349039    6.59%
* 22520+17768                        73723.0000    69015.9819             6.38%
  22587 17831    infeasible          73723.0000    69016.1219  2362737    6.38%
  22820 18053    69048.5291   354    73723.0000    69016.4861  2381209    6.38%
  22943 18167    69820.1589   326    73723.0000    69016.6255  2399332    6.38%
  23053 18263    69325.3385   235    73723.0000    69017.5036  2416398    6.38%
  23115 18317    69429.3491   340    73723.0000    69017.8443  2437605    6.38%
  23227 18421    69328.3715   410    73723.0000    69017.8443  2456057    6.38%
Elapsed time = 371.46 sec. (597339.73 ticks, tree = 238.74 MB, solutions = 36)
  23520 18711    73650.0000   104    73723.0000    69017.8443  2471881    6.38%
  23910 19088    69188.3793   396    73723.0000    69017.8850  2495190    6.38%
  23993 19164    69041.2683   374    73723.0000    69017.9610  2514061    6.38%
  24052 19223    71290.3841   172    73723.0000    69017.9610  2531540    6.38%
  24229 19391    69475.3867   267    73723.0000    69018.0030  2547820    6.38%
* 24520+18446                        73393.0000    69018.0477             5.96%
  24521 18446    69169.2073   393    73393.0000    69018.2193  2561389    5.96%
  24639 18557    69349.4098   401    73393.0000    69018.3368  2578671    5.96%
  24797 18704    69069.5521   370    73393.0000    69018.7120  2597355    5.96%
  25028 18925    69045.6071   457    73393.0000    69018.7665  2614516    5.96%
  25134 19025    71274.9778   408    73393.0000    69018.8402  2635330    5.96%
Elapsed time = 397.49 sec. (639316.82 ticks, tree = 251.03 MB, solutions = 37)
  25190 19077    69664.7439   344    73393.0000    69018.8518  2652978    5.96%
  25387 19267    72751.4421   153    73393.0000    69018.9399  2672474    5.96%
* 25520+19204                        73355.0000    69019.4274             5.91%
  25520 19206    71181.8877   245    73355.0000    69019.4274  2689640    5.91%
  25589 19263        cutoff          73355.0000    69019.6062  2710256    5.91%
  25661 19319    70916.7995   413    73355.0000    69019.9600  2731813    5.91%
  25727 19379    69646.3758   384    73355.0000    69019.9600  2753003    5.91%
  25857 19505    70049.5676   389    73355.0000    69019.9614  2769373    5.91%
  25954 19587    69266.6205   368    73355.0000    69020.0280  2795056    5.91%
  26010 19643    71671.0565   376    73355.0000    69020.0280  2815082    5.91%
  26077 19696    72038.7232   293    73355.0000    69020.0522  2836406    5.91%
Elapsed time = 422.95 sec. (680047.94 ticks, tree = 262.56 MB, solutions = 38)
  26188 19800        cutoff          73355.0000    69020.3629  2856251    5.91%
  26214 19820    71824.4080   364    73355.0000    69020.3629  2879111    5.91%
  26252 19850    69677.6169   482    73355.0000    69020.5023  2898780    5.91%
  26336 19925    72944.8713   239    73355.0000    69020.5023  2922887    5.91%
  26476 20053    infeasible          73355.0000    69020.7184  2948342    5.91%
  26520 20093    69127.8996   323    73355.0000    69020.8674  2962119    5.91%
  26611 20175    69219.4412   477    73355.0000    69020.9572  2985719    5.91%
  26754 20313    69960.4094   375    73355.0000    69020.9935  3006740    5.91%
  26875 20423    70749.7554   340    73355.0000    69020.9935  3032311    5.91%
  26978 20518    69845.8975   294    73355.0000    69021.2952  3057442    5.91%
Elapsed time = 453.56 sec. (727930.52 ticks, tree = 276.52 MB, solutions = 38)
  27026 20558    71436.7956   314    73355.0000    69021.3745  3077193    5.91%
  27081 20607    71341.3171   356    73355.0000    69021.4636  3095383    5.91%
  27121 20642    71775.5156   311    73355.0000    69021.4636  3113520    5.91%
  27190 20705    72775.8073   207    73355.0000    69021.6478  3132654    5.91%
  27376 20873    70109.5970   499    73355.0000    69022.0577  3152236    5.91%
  27446 20933    71586.9915   446    73355.0000    69022.7206  3167383    5.91%
  27520 21001    69402.2671   261    73355.0000    69022.7221  3178408    5.91%
  27623 21098    69440.0621   413    73355.0000    69023.2493  3196635    5.91%
  27771 21241        cutoff          73355.0000    69023.3484  3215006    5.91%
  27874 21332    72836.4831   285    73355.0000    69024.6465  3234792    5.90%
Elapsed time = 479.48 sec. (768836.14 ticks, tree = 290.51 MB, solutions = 38)
  27906 21361    69645.9635   419    73355.0000    69024.9904  3253705    5.90%
  27946 21401    70265.5425   362    73355.0000    69024.9904  3270965    5.90%
  27995 21441    71440.6289   329    73355.0000    69025.0794  3290758    5.90%
  28076 21514    69750.1033   379    73355.0000    69025.2255  3309690    5.90%
  28360 21784    71127.9778   427    73355.0000    69025.2890  3330117    5.90%
  28404 21824    72450.2647   389    73355.0000    69025.2890  3349242    5.90%
  28473 21881    71466.0430   333    73355.0000    69025.5754  3369461    5.90%
  28584 21979    71473.9286   332    73355.0000    69025.8925  3381539    5.90%
  28790 22172    69139.5955   378    73355.0000    69025.9104  3398936    5.90%
  28867 22249    72974.9286   325    73355.0000    69025.9104  3416294    5.90%
Elapsed time = 504.70 sec. (808860.67 ticks, tree = 306.19 MB, solutions = 38)
  28978 22353    73039.0601   301    73355.0000    69026.2178  3434350    5.90%
  29116 22480    71440.4462   430    73355.0000    69026.3832  3452198    5.90%
  29235 22589    71061.9378   359    73355.0000    69026.3893  3473159    5.90%
  29289 22633    69182.5522   403    73355.0000    69026.5965  3491716    5.90%
  29418 22758    69746.8851   339    73355.0000    69027.0264  3504165    5.90%
  29520 22856    69516.8816   287    73355.0000    69027.0274  3520016    5.90%
  29616 22940    69198.9883   403    73355.0000    69027.6643  3540284    5.90%
  29732 23056    69753.0000    94    73355.0000    69027.6643  3559213    5.90%
  29879 23193    70480.2888   304    73355.0000    69027.9447  3577814    5.90%
  30006 23308    71063.1525   203    73355.0000    69027.9992  3595944    5.90%
Elapsed time = 532.12 sec. (852498.53 ticks, tree = 324.26 MB, solutions = 38)
  30132 23424    69580.8838   424    73355.0000    69028.0457  3614115    5.90%
  30208 23500    72521.3090   288    73355.0000    69028.0457  3631590    5.90%
  30258 23542    72910.1836   331    73355.0000    69028.1667  3651735    5.90%
  30289 23563    71475.4462   421    73355.0000    69028.2257  3669474    5.90%
  30418 23680    69341.9457   433    73355.0000    69028.6800  3688357    5.90%
  30452 23714    72117.6340   355    73355.0000    69028.6800  3704109    5.90%
  30520 23778    69972.8823   215    73355.0000    69028.7276  3716257    5.90%
  30587 23836    71318.3623   351    73355.0000    69029.1817  3734084    5.90%
  30702 23943    72824.6285   363    73355.0000    69029.3367  3752911    5.90%
  30786 24021    70833.2065   365    73355.0000    69029.3387  3772060    5.90%
Elapsed time = 557.93 sec. (893595.17 ticks, tree = 336.46 MB, solutions = 38)
  30858 24080    69385.2519   435    73355.0000    69029.5479  3789663    5.90%
  31079 24298    69250.6464   388    73355.0000    69029.5898  3807565    5.90%
  31292 24501    70769.9181   355    73355.0000    69029.6079  3829419    5.90%
  31459 24658    69290.6921   412    73355.0000    69030.1000  3848093    5.90%
  31500 24697    71709.5199   343    73355.0000    69030.1000  3868786    5.90%
  31520 24709    69101.3680   391    73355.0000    69030.2715  3873243    5.90%
  31669 24850    69769.9355   310    73355.0000    69030.4007  3894673    5.90%
  31869 25028    69386.1644   443    73355.0000    69030.7385  3914063    5.89%
  31916 25075    69906.0123   437    73355.0000    69030.7385  3932247    5.89%
  32089 25226    69076.3819   315    73355.0000    69030.8379  3952819    5.89%
Elapsed time = 585.08 sec. (936163.84 ticks, tree = 357.05 MB, solutions = 38)
  32284 25412    69444.9967   347    73355.0000    69031.0728  3972353    5.89%
  32404 25523    72910.8383   252    73355.0000    69031.2751  3994698    5.89%
  32520 25631    69426.1978   314    73355.0000    69031.4627  4004513    5.89%
  32597 25701    73180.3742   348    73355.0000    69031.5800  4025891    5.89%
  32688 25780        cutoff          73355.0000    69031.7144  4048726    5.89%
  32721 25804        cutoff          73355.0000    69031.7144  4075621    5.89%
  32815 25887    71026.0738   402    73355.0000    69032.1517  4101116    5.89%
  33045 26104    72886.6641   332    73355.0000    69032.7651  4122629    5.89%
  33087 26136    72040.7436   397    73355.0000    69033.5327  4143563    5.89%
  33233 26270    71645.5381   339    73355.0000    69033.6436  4164778    5.89%
Elapsed time = 612.68 sec. (979695.59 ticks, tree = 374.90 MB, solutions = 38)
  33369 26393    72966.8035   260    73355.0000    69033.9197  4186605    5.89%
  33459 26475    70141.4933   382    73355.0000    69034.0333  4210582    5.89%
  33665 26663        cutoff          73355.0000    69034.0738  4228284    5.89%
  33767 26759    69152.4706   363    73355.0000    69034.2393  4248249    5.89%
  33862 26846        cutoff          73355.0000    69034.6329  4270444    5.89%
  33930 26906        cutoff          73355.0000    69034.6329  4292756    5.89%
  34028 26992    69508.1423   376    73355.0000    69034.6922  4316280    5.89%
  34173 27125    69456.3739   463    73355.0000    69034.7725  4337909    5.89%
  34321 27263    infeasible          73355.0000    69035.5330  4361419    5.89%
  34341 27276        cutoff          73355.0000    69035.8027  4381603    5.89%
Elapsed time = 637.53 sec. (1019415.12 ticks, tree = 392.15 MB, solutions = 38)
  34429 27353    69285.6336   420    73355.0000    69035.8158  4403318    5.89%
  34520 27440    70236.5726   292    73355.0000    69036.1770  4423077    5.89%
  34694 27602    72783.6472   260    73355.0000    69036.4131  4444317    5.89%
  34884 27782    69805.4585   310    73355.0000    69036.8110  4467089    5.89%
  34990 27875    69234.5459   421    73355.0000    69037.9882  4488380    5.89%
  35220 28095    71044.9655   375    73355.0000    69038.1037  4510656    5.88%
  35306 28169    71069.3964   374    73355.0000    69038.1880  4531974    5.88%
  35381 28240    70137.9776   275    73355.0000    69038.4889  4549273    5.88%
  35511 28360    72226.2680   364    73355.0000    69038.7180  4571861    5.88%
  35575 28416    69639.1769   445    73355.0000    69038.7874  4594568    5.88%
Elapsed time = 664.43 sec. (1062059.91 ticks, tree = 411.60 MB, solutions = 38)
  35689 28509    69801.6062   326    73355.0000    69038.7905  4617665    5.88%
  35815 28630    72254.9970   393    73355.0000    69039.2565  4637452    5.88%
  35921 28730    73018.8543   313    73355.0000    69039.3894  4660139    5.88%
  36018 28819    71414.1798   439    73355.0000    69039.3894  4683196    5.88%
  36114 28909    72661.8140   295    73355.0000    69039.5668  4705665    5.88%
  36264 29045    69553.3680   355    73355.0000    69039.6449  4727917    5.88%
  36338 29115    70477.0691   335    73355.0000    69039.7870  4751093    5.88%
* 36520+29029                        73310.0000    69040.3206             5.82%
  36520 29031    69146.0225   369    73310.0000    69040.3206  4771883    5.82%
  36637 29136    69102.6917   287    73310.0000    69040.4228  4793753    5.82%
  36728 29221    70257.9611   304    73310.0000    69040.6029  4815745    5.82%
Elapsed time = 690.07 sec. (1103110.87 ticks, tree = 425.74 MB, solutions = 39)
  36882 29360    71314.2387   337    73310.0000    69041.0804  4838523    5.82%
  37003 29470    69260.1116   249    73310.0000    69041.6129  4861357    5.82%
  37114 29572    70521.4420   371    73310.0000    69042.0101  4882213    5.82%
  37180 29629    69265.2692   406    73310.0000    69042.1868  4904409    5.82%
  37295 29739    71719.4789   276    73310.0000    69042.2464  4923939    5.82%
  37342 29780    72920.4376   309    73310.0000    69042.9969  4941319    5.82%
  37404 29831    71554.8810   290    73310.0000    69043.0206  4960175    5.82%
  37544 29962    72046.5336   436    73310.0000    69043.1119  4972567    5.82%
  37592 30006    69698.6616   360    73310.0000    69043.1123  4990508    5.82%
  37622 30027    69587.9817   397    73310.0000    69043.3083  5009398    5.82%
Elapsed time = 714.89 sec. (1142974.67 ticks, tree = 439.56 MB, solutions = 39)
  37668 30069        cutoff          73310.0000    69043.3083  5032472    5.82%
  37777 30172    71925.6950   270    73310.0000    69043.4381  5050545    5.82%
  37840 30223    70972.3594   366    73310.0000    69043.6861  5070343    5.82%
  38011 30386    69400.7480   446    73310.0000    69044.5060  5091357    5.82%
  38065 30440    70930.0868   356    73310.0000    69044.5060  5109978    5.82%
  38201 30568    70123.2935   312    73310.0000    69044.5900  5129424    5.82%
  38357 30710        cutoff          73310.0000    69044.6568  5149847    5.82%
  38415 30763    71648.7774   362    73310.0000    69044.7197  5167405    5.82%
  38447 30791    71648.7774   310    73310.0000    69044.7843  5185789    5.82%
  38479 30815    69329.1415   367    73310.0000    69045.0028  5205722    5.82%
Elapsed time = 740.01 sec. (1183503.25 ticks, tree = 453.03 MB, solutions = 39)
* 38520+30629                        73268.0000    69045.0028             5.76%
  38520 30631    69595.2015   380    73268.0000    69045.0028  5210408    5.76%
  38650 30748    71465.9601   369    73268.0000    69045.0388  5230263    5.76%
  38728 30814    70079.8334   320    73268.0000    69045.0891  5249708    5.76%
  38816 30896    69810.0472   313    73268.0000    69045.0913  5267783    5.76%
  38850 30924        cutoff          73268.0000    69045.0913  5287006    5.76%
  38924 30978    69818.2264   481    73268.0000    69045.1407  5308985    5.76%
  39101 31148    70543.5207   283    73268.0000    69045.5359  5326934    5.76%
  39276 31308    69296.5096   348    73268.0000    69045.9650  5346059    5.76%
  39369 31395    69375.5819   393    73268.0000    69045.9661  5365444    5.76%
  39486 31504    69314.0712   388    73268.0000    69045.9909  5384065    5.76%
Elapsed time = 766.98 sec. (1225836.83 ticks, tree = 465.29 MB, solutions = 40)
  39495 31507    69576.8570   292    73268.0000    69045.9909  5401279    5.76%
  39520 31526    69266.2589   351    73268.0000    69046.0069  5409508    5.76%
  39628 31628    72238.8994   332    73268.0000    69046.1893  5429093    5.76%
  39671 31665        cutoff          73268.0000    69046.2204  5454005    5.76%
  39771 31755    69226.5693   284    73268.0000    69046.2230  5471129    5.76%
  39857 31831    71323.4462   409    73268.0000    69046.5767  5490100    5.76%
  39949 31918    71744.3263   333    73268.0000    69046.5767  5509502    5.76%
  39983 31945    infeasible          73268.0000    69046.5767  5528604    5.76%
  40064 32016    72339.9762   252    73268.0000    69046.7271  5548110    5.76%
  40226 32169    70007.2799   430    73268.0000    69047.4136  5564879    5.76%
Elapsed time = 794.10 sec. (1268484.98 ticks, tree = 476.68 MB, solutions = 40)
  40233 32176    70429.0568   439    73268.0000    69047.4136  5583255    5.76%
  40335 32270    71939.7223   324    73268.0000    69047.4136  5600558    5.76%
  40400 32323    69170.8518   380    73268.0000    69047.5019  5619360    5.76%
  40500 32415    69240.8043   384    73268.0000    69047.5663  5638438    5.76%
Starting limited solution polishing.
  40520 32431    69921.9130   370    73268.0000    69047.7664  5644937    5.76%
  40688 32585    69181.6598   400    73268.0000    69047.9740  5667769    5.76%
  40720 32617    70573.6230   208    73268.0000    69047.9740  5673236    5.76%
  40828 32715    72720.6027   204    73268.0000    69048.1022  5691001    5.76%
  40920 32807    72803.0000   128    73268.0000    69048.1022  5703293    5.76%
  41020 32901    70437.9396   322    73268.0000    69048.1967  5720310    5.76%
Elapsed time = 827.58 sec. (1319186.46 ticks, tree = 490.60 MB, solutions = 40)
  41120 32995    70733.2611   212    73268.0000    69048.3292  5738658    5.76%
  41193 33057        cutoff          73268.0000    69048.7800  5759842    5.76%
  41220 33084    72897.9309   255    73268.0000    69048.7800  5766830    5.76%
  41320 33175    71638.2032   300    73268.0000    69048.8282  5779341    5.76%
  41448 33294    69809.7830   391    73268.0000    69048.8656  5788698    5.76%
  41520 33366    72690.2000    62    73268.0000    69048.8656  5793229    5.76%
  41620 33463    72927.0000   114    73268.0000    69048.8656  5795373    5.76%
* 41720+33459                        73248.0000    69048.9422             5.73%
  41720 33461    69663.0584   299    73248.0000    69048.9422  5804780    5.73%
  41820 33554    71671.1254   324    73248.0000    69049.1419  5821995    5.73%
  41866 33596    70736.6165   378    73248.0000    69049.1667  5841491    5.73%
Elapsed time = 875.28 sec. (1388190.12 ticks, tree = 502.73 MB, solutions = 41)
  41899 33623    71856.5731   383    73248.0000    69049.1667  5864773    5.73%
  41920 33641    72091.2407   293    73248.0000    69049.1667  5869275    5.73%
  42020 33722    72057.1482   286    73248.0000    69049.3479  5886353    5.73%
  42120 33803    69466.3955   274    73248.0000    69049.4073  5900549    5.73%
  42162 33837    69627.5820   372    73248.0000    69049.8368  5924224    5.73%
  42220 33891    70582.7777   302    73248.0000    69049.8368  5937152    5.73%

Clique cuts applied:  93
Cover cuts applied:  1056
Implied bound cuts applied:  1
Flow cuts applied:  35
Mixed integer rounding cuts applied:  286
Zero-half cuts applied:  111
Lift and project cuts applied:  1
Gomory fractional cuts applied:  8

Root node processing (before b&c):
  Real time             =    2.87 sec. (3456.46 ticks)
Sequential b&c:
  Real time             =  897.13 sec. (1421128.99 ticks)
                          ------------
Total (root+branch&cut) =  900.00 sec. (1424585.45 ticks)
MIP: [1;32mCPLEX finished.[0m
MIP: [1;32mCPLEX status: Feasible[0m
MIP: [1;32mSolution: 
[18, 26, 28, 10, 40, 44, 32, 36, 32, 17, 13, 14, 18, 24, 9, 2, 38, 6, 4, 20, 22, 31, 5, 19, 43, 9, 23, 25, 41, 3, 30, 18, 42, 40, 14, 6, 29, 21, 12, 9, 33, 44, 39, 8, 7, 24, 32, 39, 44, 5, 40, 4, 26, 25, 27, 20, 15, 21, 33, 28, 5, 31, 31, 25, 2, 17, 19, 25, 24, 38, 8, 17, 7, 13, 27, 41, 23, 26, 30, 15][-1, -1, 12, 10, 3, 19, 20, 3, 13, 28, 2, -1, 20, 7, 9, 10, -1, 16, 14, 13, 21, 15, 8, 0, 24, 15, 14, 9, 25, 16, 1, 12, 11, 28, -1, -1, 11, -1, 5, 5, 0, 1, 8, 16, 2][15, 20, 11, 15, -1, 16, -1, 11, 13, 19, 13, 12, 18, 14, 10, 3, 16, -1, -1, 1, 18, 1, -1, -1, 20, 6, -1, -1, 6][-1, 16, -1, 8, -1, -1, 13, -1, -1, -1, 11, 17, 16, 14, 3, 17, 11, -1, 3, 14, 14][-1, -1, -1, 8, -1, -1, -1, -1, 1, -1, -1, 6, -1, 5, 6, -1, 8, 5][0m
MIP: [1;32mObjective value: 73248[0m
MIP: [1;32mLower Bound: 69050.4[0m
MIP: [1;32mBranch-and-Bound nodes: 42259[0m

# best solution:
best objective value:	73248
best dual bound value:	69050
optimality gap:	5.73121%
CPU time:	897.393
