ifile	/scratch/csagturk/mlbp_inst/n0080_m02__013.inst
prob	TNFMLBP
threads	1
ttime	900
instance: /scratch/csagturk/mlbp_inst/n0080_m02__013.inst
	m=2, n=[80, 46, 28]
MIP: [1;32minit CPLEX[0m
CAN: [1;35mcreated 4968 x_{ijk} and f_{ijk} variables[0m
CAN: [1;35mcreated 154 y_{ij} variables[0m
MIP: [1;32mcreated decision variables[0m
MIP: [1;32mcreated constraints[0m
MIP: [1;32mcreated objective function[0m
MIP: [1;32mcalling CPLEX solve ...[0m
Version identifier: 22.1.0.0 | 2022-03-09 | 1a383f8ce
CPXPARAM_Threads                                 1
CPXPARAM_TimeLimit                               900
Tried aggregator 2 times.
MIP Presolve eliminated 81 rows and 5693 columns.
MIP Presolve modified 223 coefficients.
Aggregator did 184 substitutions.
Reduced MIP has 476 rows, 4593 columns, and 9158 nonzeros.
Reduced MIP has 4455 binaries, 0 generals, 0 SOSs, and 92 indicators.
Presolve time = 0.03 sec. (34.47 ticks)
Probing fixed 0 vars, tightened 46 bounds.
Probing changed sense of 46 constraints.
Probing time = 0.03 sec. (27.48 ticks)
Tried aggregator 1 time.
Detecting symmetries...
MIP Presolve eliminated 276 rows and 322 columns.
Reduced MIP has 200 rows, 4271 columns, and 8514 nonzeros.
Reduced MIP has 4271 binaries, 0 generals, 0 SOSs, and 0 indicators.
Presolve time = 0.01 sec. (13.85 ticks)
Probing time = 0.00 sec. (2.84 ticks)
Clique table members: 1233.
MIP emphasis: balance optimality and feasibility.
MIP search method: dynamic search.
Parallel mode: none, using 1 thread.
Root relaxation solution time = 0.01 sec. (8.57 ticks)

        Nodes                                         Cuts/
   Node  Left     Objective  IInf  Best Integer    Best Bound    ItCnt     Gap

      0     0    36452.6788    96                  36452.6788      366         
      0     0    36482.7726   146                   Cuts: 115      695         
      0     0    36482.7726   180                   Cuts: 150     1043         
      0     0    36482.7726   154                    Cuts: 73     1256         
      0     0    36482.7726   211                   Cuts: 144     1601         
*     0+    0                        43919.0000    36482.7726            16.93%
*     0+    0                        41932.0000    36482.7726            13.00%
*     0+    0                        41918.0000    36482.7726            12.97%
      0     0  -1.00000e+75     0    41918.0000    36482.7726     1601   12.97%
      0     2    36482.7726    83    41918.0000    36482.7726     1601   12.97%
Elapsed time = 0.56 sec. (664.78 ticks, tree = 0.01 MB, solutions = 3)
*    60+   60                        40001.0000    36482.7726             8.80%
    120   122    36484.8501    55    40001.0000    36482.7726     3049    8.80%
*   240+  240                        39274.0000    36482.7726             7.11%
    260   262    36487.5095    68    39274.0000    36482.7726     5420    7.11%
*   300+  300                        39102.0000    36482.7726             6.70%
*   330+  330                        38903.0000    36482.7726             6.22%
*   340+  340                        38839.0000    36482.7726             6.07%
    370   372    37015.5292    36    38839.0000    36482.7726     6971    6.07%
*   491+  439                        38462.0000    36482.7726             5.15%
*   491+  432                        38218.0000    36482.7726             4.54%
    546   489    36482.7726    59    38218.0000    36482.7726     8256    4.54%
    720   658    36594.3681    58    38218.0000    36482.7726    10291    4.54%
    871   796    36482.7726    70    38218.0000    36482.7726    12716    4.54%
    971   896    36482.7726   131    38218.0000    36482.7726    15790    4.54%
*   972+  887                        38120.0000    36482.7726             4.29%
    972   889    36482.7726   116    38120.0000    36482.7726    16039    4.29%
   1000   917    36500.4670    63    38120.0000    36482.7726    16842    4.29%

Performing restart 1

Repeating presolve.
Tried aggregator 1 time.
MIP Presolve modified 243 coefficients.
Reduced MIP has 200 rows, 4271 columns, and 8514 nonzeros.
Reduced MIP has 4271 binaries, 0 generals, 0 SOSs, and 0 indicators.
Presolve time = 0.01 sec. (10.38 ticks)
Tried aggregator 1 time.
MIP Presolve modified 160 coefficients.
Reduced MIP has 200 rows, 4271 columns, and 8514 nonzeros.
Reduced MIP has 4271 binaries, 0 generals, 0 SOSs, and 0 indicators.
Presolve time = 0.01 sec. (12.58 ticks)
Represolve time = 0.08 sec. (67.37 ticks)
   1082     0    36481.7258   203    38120.0000     Cuts: 150    20009    4.29%
   1082     0    36483.5157   220    38120.0000     Cuts: 148    20397    4.29%
   1082     0    36490.6793   226    38120.0000     Cuts: 150    21049    4.27%
   1082     0    36492.8941   224    38120.0000     Cuts: 134    21547    4.27%
   1082     0    36492.8941   223    38120.0000     Cuts: 129    21974    4.27%
   1082     0    36492.8941   150    38120.0000      Cuts: 65    22340    4.27%
   1082     0    36492.8941   171    38120.0000     Cuts: 111    22928    4.27%
   1082     0    36492.8941   181    38120.0000      Cuts: 87    23305    4.27%
   1082     0    36492.8941   172    38120.0000      Cuts: 71    23842    4.27%
   1082     0    36492.8941   167    38120.0000     Cuts: 130    24256    4.27%
   1082     2    36492.8941    69    38120.0000    36497.0577    24256    4.26%
Elapsed time = 6.29 sec. (8212.81 ticks, tree = 0.01 MB, solutions = 11)
   1230   121    36522.9323    81    38120.0000    36502.8245    26079    4.24%
   1447   314    36644.4439    65    38120.0000    36504.7461    28731    4.24%
   1817   645    36518.3277    67    38120.0000    36509.3054    32103    4.23%
   2292  1082    36729.0000    61    38120.0000    36511.3575    37492    4.22%
   2792  1486    36734.4714    74    38120.0000    36513.3459    42032    4.21%
   3432  2011    36560.0658    67    38120.0000    36514.5380    48014    4.21%
   4154  2651    37872.0000    71    38120.0000    36515.3190    53896    4.21%
   4890  3347    37674.0000    20    38120.0000    36516.2537    60547    4.21%
   5602  4000    37492.0000    60    38120.0000    36519.0581    65929    4.20%
   6353  4698    36542.0000    63    38120.0000    36523.9070    71339    4.19%
Elapsed time = 12.67 sec. (17810.95 ticks, tree = 20.85 MB, solutions = 11)
   7105  5371    36593.0542    61    38120.0000    36525.6259    78154    4.18%
   7831  6037    37316.0000    71    38120.0000    36525.6869    84552    4.18%
   8487  6596    36557.9829    95    38120.0000    36526.0063    91467    4.18%
   9192  7247    36637.7982    91    38120.0000    36526.1818    97595    4.18%
   9915  7879    36611.3333    81    38120.0000    36526.5930   104057    4.18%
  10682  8601    36745.0000    64    38120.0000    36527.1613   111832    4.18%
* 10782+ 8336                        37779.0000    36527.1613             3.31%
* 10782+ 6458                        37352.0000    36527.1613             2.21%
  10782  6458        cutoff          37352.0000    36527.1613   113137    2.21%
  11426  7034    36958.4118    86    37352.0000    36527.8000   119774    2.21%
  12194  7681    36553.8099    96    37352.0000    36528.1726   127193    2.21%
  12918  8347    36640.4680    76    37352.0000    36528.1726   133699    2.21%
Elapsed time = 30.74 sec. (39855.46 ticks, tree = 37.49 MB, solutions = 13)
  13584  8896    36877.7460    86    37352.0000    36528.5000   140800    2.20%
  14192  9418    36975.0000    74    37352.0000    36528.5000   148183    2.20%
  14832  9898    36542.0000    64    37352.0000    36528.5000   154981    2.20%
  15476 10394    36598.2857    73    37352.0000    36528.6000   161938    2.20%
  16316 11182    36848.3004    78    37352.0000    36529.4096   169031    2.20%
  17287 12069    37162.0000    65    37352.0000    36529.5086   175205    2.20%
  18214 12928    36585.3948    81    37352.0000    36529.5539   183179    2.20%
  19028 13681    36560.7370    84    37352.0000    36530.0883   190174    2.20%
  19832 14410    36575.8251   118    37352.0000    36530.8333   196957    2.20%
  20396 14898    36875.6803    64    37352.0000    36530.9070   203448    2.20%
Elapsed time = 37.53 sec. (49476.97 ticks, tree = 67.04 MB, solutions = 13)

Performing restart 2

Repeating presolve.
Tried aggregator 1 time.
MIP Presolve modified 213 coefficients.
Reduced MIP has 200 rows, 4271 columns, and 8514 nonzeros.
Reduced MIP has 4271 binaries, 0 generals, 0 SOSs, and 0 indicators.
Presolve time = 0.01 sec. (10.51 ticks)
Tried aggregator 1 time.
MIP Presolve modified 160 coefficients.
Reduced MIP has 200 rows, 4271 columns, and 8514 nonzeros.
Reduced MIP has 4271 binaries, 0 generals, 0 SOSs, and 0 indicators.
Presolve time = 0.01 sec. (12.58 ticks)
Represolve time = 0.22 sec. (155.43 ticks)
  20702     0    36494.0046   194    37352.0000     Cuts: 146   208605    2.20%
  20702     0    36497.1800   190    37352.0000     Cuts: 106   209212    2.20%
  20702     0    36497.3055   215    37352.0000     Cuts: 150   209625    2.20%
  20702     0    36500.1042   178    37352.0000      Cuts: 95   210177    2.20%
  20702     0    36500.3698   201    37352.0000     Cuts: 129   210689    2.20%
  20702     0    36500.9049   155    37352.0000      Cuts: 77   211029    2.20%
  20702     0    36500.9763   149    37352.0000     Cuts: 139   211571    2.20%
  20702     0    36500.9916   168    37352.0000      Cuts: 93   211977    2.20%
  20702     0    36501.0588   183    37352.0000      Cuts: 82   212350    2.20%
  20702     2    36501.0588    97    37352.0000    36530.9121   212350    2.20%
  20837   137    36605.0000    74    37352.0000    36530.9121   214238    2.20%
  21080   315    36624.5818    87    37352.0000    36530.9121   216130    2.20%
  21340   518    36775.0000    70    37352.0000    36530.9121   217725    2.20%
  21653   749    36581.3390    74    37352.0000    36530.9121   220775    2.20%
  21913   967    37270.0000    91    37352.0000    36530.9121   223162    2.20%
  22292  1305    36935.0000    71    37352.0000    36530.9121   225439    2.20%
  22749  1671    36729.0000    65    37352.0000    36530.9121   228391    2.20%
  23267  2155    37121.0000    71    37352.0000    36530.9121   231865    2.20%
  23805  2671    36729.0000    79    37352.0000    36530.9121   235520    2.20%
Elapsed time = 46.17 sec. (62025.12 ticks, tree = 10.35 MB, solutions = 13)
  24461  3232    36729.0000    65    37352.0000    36530.9121   239268    2.20%
  25019  3714    36729.0000    53    37352.0000    36530.9121   242425    2.20%
  25429  4090    37248.0000    81    37352.0000    36530.9121   248083    2.20%
  26058  4643    36831.1818    79    37352.0000    36530.9121   251906    2.20%
  26601  5145    37248.0000    72    37352.0000    36530.9121   254655    2.20%
  27167  5623    37248.0000    68    37352.0000    36530.9121   258289    2.20%
  27716  6149    36729.0000    64    37352.0000    36530.9121   261685    2.20%
  28329  6733    36729.0000    62    37352.0000    36530.9121   266008    2.20%
  28911  7260    37248.0000    67    37352.0000    36530.9121   270009    2.20%
  29517  7835    37248.0000    68    37352.0000    36530.9121   273996    2.20%
Elapsed time = 53.27 sec. (71569.42 ticks, tree = 30.24 MB, solutions = 13)
  30138  8426    36518.1629    85    37352.0000    36530.9121   278430    2.20%
  30768  9031    36896.0000    87    37352.0000    36530.9121   282193    2.20%
  31482  9697    37248.0000    66    37352.0000    36530.9121   286492    2.20%
  32025 10191    36874.0000    68    37352.0000    36530.9121   290072    2.20%
  32657 10761    36531.5000    80    37352.0000    36530.9121   293607    2.20%
  33402 11464    36526.1748    92    37352.0000    36530.9121   297267    2.20%
  34078 12121    37311.0000    81    37352.0000    36530.9121   300712    2.20%
  34698 12719    36596.3942    69    37352.0000    36530.9121   304709    2.20%
  35261 13235    36729.0000    79    37352.0000    36530.9121   308801    2.20%
  35920 13839    36540.3712    96    37352.0000    36530.9121   312693    2.20%
Elapsed time = 60.87 sec. (81136.40 ticks, tree = 53.51 MB, solutions = 13)
  36624 14508    37236.0000    67    37352.0000    36530.9121   317240    2.20%
  37441 15262    36717.0000    77    37352.0000    36530.9121   321607    2.20%
  38202 15999    36530.9070    84    37352.0000    36530.9121   326514    2.20%
  39005 16760    37121.0000    62    37352.0000    36530.9121   331140    2.20%
  39802 17510    36717.0000    77    37352.0000    36530.9121   335315    2.20%
  40644 18324    37236.0000    65    37352.0000    36530.9121   339257    2.20%
  41423 19082    37252.5996    90    37352.0000    36530.9121   343942    2.20%
  42282 19899    36900.0855    64    37352.0000    36530.9121   348145    2.20%
  43162 20728    36522.3636    80    37352.0000    36530.9121   352583    2.20%
  44083 21618    36717.0000    76    37352.0000    36530.9121   357058    2.20%
Elapsed time = 68.79 sec. (90738.22 ticks, tree = 83.93 MB, solutions = 13)
  44883 22374    37333.0000    71    37352.0000    36530.9121   361582    2.20%
  45647 23083    36580.0349   108    37352.0000    36530.9121   365621    2.20%
  46388 23804    36698.0000    73    37352.0000    36530.9121   369026    2.20%
  47176 24546    36816.0000    79    37352.0000    36530.9121   372944    2.20%
  48086 25431    36816.0000    72    37352.0000    36530.9121   376695    2.20%
  48966 26274    36772.0000    80    37352.0000    36530.9121   380520    2.20%
  49675 26939    36722.8621    88    37352.0000    36530.9121   384441    2.20%
  50505 27695    37298.0000    77    37352.0000    36530.9121   388059    2.20%
  51218 28381    37217.0000    28    37352.0000    36530.9121   392624    2.20%
  51932 29074    36851.0000    89    37352.0000    36530.9121   396497    2.20%
Elapsed time = 76.66 sec. (100282.55 ticks, tree = 112.42 MB, solutions = 13)
  52666 29781    36707.6416    84    37352.0000    36530.9121   401041    2.20%
  53392 30440    36698.0000    83    37352.0000    36530.9121   405234    2.20%
  54106 31104    36698.0000    75    37352.0000    36530.9121   409460    2.20%
  54869 31827    36826.2500    86    37352.0000    36530.9121   414256    2.20%
  55662 32575    36698.0000    74    37352.0000    36530.9121   418353    2.20%
  56390 33265    36550.1267   114    37352.0000    36530.9121   422364    2.20%
  57090 33934    36828.0000    85    37352.0000    36530.9121   426358    2.20%
  57960 34768    37323.0000    62    37352.0000    36530.9121   430493    2.20%
  58842 35611    37240.0000    64    37352.0000    36530.9121   434436    2.20%
  61970 38595    36789.1538    90    37352.0000    36530.9121   451149    2.20%
Elapsed time = 87.11 sec. (112690.36 ticks, tree = 150.20 MB, solutions = 13)
  63775 40300    36650.7600    80    37352.0000    36531.2428   459834    2.20%
  67422 43732    36788.2353    79    37352.0000    36531.2428   476115    2.20%
  71025 47148    36650.0000    80    37352.0000    36531.7731   492149    2.20%
  74138 50109    36660.1260    85    37352.0000    36531.7731   507963    2.20%
  77359 53175    36808.0000    92    37352.0000    36531.7731   525637    2.20%
  80568 56236    37212.0000    64    37352.0000    36531.7731   541961    2.20%
  83586 59110    36788.3500    80    37352.0000    36531.8076   558042    2.20%
  86532 61948    36671.0000    95    37352.0000    36532.9140   572950    2.19%
  89580 64863    36564.7605   101    37352.0000    36533.5592   590270    2.19%
  93036 68172    37253.0000    73    37352.0000    36534.5744   608310    2.19%
Elapsed time = 119.08 sec. (150912.97 ticks, tree = 266.06 MB, solutions = 13)
  96518 71482    37248.0000    70    37352.0000    36535.6000   625185    2.19%
  99818 74633    36602.0000    72    37352.0000    36535.7827   641795    2.19%
 102610 77321    37219.0606    76    37352.0000    36535.9310   657422    2.18%
 105966 80514    37253.0000    70    37352.0000    36535.9310   673989    2.18%
 107544 82014    37327.0000    52    37352.0000    36535.9310   681586    2.18%
 110909 85218    infeasible          37352.0000    36536.1366   698473    2.18%
 114352 88477    37208.0000    62    37352.0000    36536.1538   716478    2.18%
 117548 91516    37242.0000    65    37352.0000    36536.1538   732826    2.18%
 120791 94574    37208.0000    76    37352.0000    36536.1538   749446    2.18%
 123489 97148    37205.2222    84    37352.0000    36536.1538   765519    2.18%
Elapsed time = 150.40 sec. (189067.65 ticks, tree = 377.19 MB, solutions = 13)
 126342 99883    36677.2530   113    37352.0000    36536.1538   784951    2.18%
 129224 102620    37326.0000    74    37352.0000    36536.1538   805179    2.18%
 132215 105512    37208.0000    78    37352.0000    36536.1538   825708    2.18%
 135217 108428    37129.5714    86    37352.0000    36536.1538   842926    2.18%
 138098 111205    36802.4059    98    37352.0000    36536.3636   858993    2.18%
 140972 113935    37192.0000    73    37352.0000    36536.3636   876625    2.18%
 143968 116805    37184.0000    76    37352.0000    36536.5846   894172    2.18%
 147087 119827    37184.0000    79    37352.0000    36536.5846   912663    2.18%
 149552 122176    37087.0000    74    37352.0000    36536.7657   927825    2.18%
 152538 125002    37268.0000    82    37352.0000    36536.7683   945922    2.18%
Elapsed time = 182.56 sec. (227238.68 ticks, tree = 490.53 MB, solutions = 13)
 155609 127862    36542.0000   100    37352.0000    36536.7683   960530    2.18%
 158539 130585    36816.1731   100    37352.0000    36536.8000   975887    2.18%
 161444 133293    36542.0000    95    37352.0000    36537.1029   991726    2.18%
 164089 135730    36542.0000   114    37352.0000    36537.5000  1007132    2.18%
 165902 137386    36542.0000   106    37352.0000    36538.0418  1021033    2.18%
 168385 139740    37280.0000    89    37352.0000    36538.3533  1038190    2.18%
 170855 142091    37132.2428    90    37352.0000    36538.8260  1057366    2.18%
 173522 144626    36567.0962   128    37352.0000    36539.1681  1078076    2.18%
 175692 146691    36720.8926   127    37352.0000    36539.4248  1096316    2.18%
 178078 148962    37206.0000    79    37352.0000    36539.8286  1115150    2.17%
Elapsed time = 215.55 sec. (266727.94 ticks, tree = 594.60 MB, solutions = 13)
 179893 150649    37208.0000    70    37352.0000    36540.3892  1138559    2.17%
 181907 152550    36669.4357   121    37352.0000    36540.5451  1161897    2.17%
 184434 154974    36717.0000    89    37352.0000    36540.5455  1183165    2.17%
 186262 156672    36644.0000    92    37352.0000    36540.7516  1206334    2.17%
 188441 158749    36619.2907   141    37352.0000    36541.5486  1227761    2.17%
 190211 160425    36552.3450   115    37352.0000    36541.7410  1249342    2.17%
 191567 161668    36852.0000   107    37352.0000    36542.0000  1268145    2.17%
 192609 162619    37343.0000   103    37352.0000    36542.0000  1285167    2.17%
 193293 163253    36542.0000   180    37352.0000    36542.0000  1304592    2.17%
 193982 163894    36852.0000   116    37352.0000    36542.0000  1322382    2.17%
Elapsed time = 246.53 sec. (305077.60 ticks, tree = 670.80 MB, solutions = 13)
 194302 164194    36542.0000   160    37352.0000    36542.0000  1335131    2.17%
 195066 164919    36542.0000   164    37352.0000    36542.0000  1356505    2.17%
 195844 165658    infeasible          37352.0000    36542.0000  1379362    2.17%
 196714 166436    36542.0000    37    37352.0000    36542.0000  1408781    2.17%
 197543 167190    36730.4739    85    37352.0000    36542.0000  1445617    2.17%
 198582 168138    36644.3333    74    37352.0000    36542.0000  1486914    2.17%
 199548 169027    36561.9919    93    37352.0000    36542.0000  1525352    2.17%
 200430 169828    36738.3355    86    37352.0000    36542.0000  1561717    2.17%
 201331 170637    36644.3333    67    37352.0000    36542.0000  1599135    2.17%
 201945 171179    36601.1760   102    37352.0000    36542.0000  1636930    2.17%
Elapsed time = 275.94 sec. (344544.23 ticks, tree = 736.60 MB, solutions = 13)
 202769 171912    37063.3000    48    37352.0000    36542.0000  1676833    2.17%
 203102 172197    37219.0000    32    37352.0000    36542.0000  1699898    2.17%
 204028 173051    36542.0000    37    37352.0000    36542.0000  1732595    2.17%
 204756 173697        cutoff          37352.0000    36542.0000  1766840    2.17%
 205596 174471    36765.5051    81    37352.0000    36542.0000  1801122    2.17%
 206556 175342    36645.1176    62    37352.0000    36542.0000  1839823    2.17%
 207334 176021    36543.2500   127    37352.0000    36542.0000  1876484    2.17%
 207989 176612    36644.3333    49    37352.0000    36542.0000  1907439    2.17%
 208610 177145    36748.2556   123    37352.0000    36542.0000  1944151    2.17%
 209417 177859    37035.8000    66    37352.0000    36542.0000  1984307    2.17%
Elapsed time = 304.75 sec. (383659.22 ticks, tree = 803.47 MB, solutions = 13)
 210300 178660    36544.9319   102    37352.0000    36542.0000  2024356    2.17%
 210781 179091    36601.3075   124    37352.0000    36542.0000  2046655    2.17%
 211408 179650    36542.6570   132    37352.0000    36542.0000  2081440    2.17%
 212181 180353    36752.0169    97    37352.0000    36542.0000  2114952    2.17%
*212701 168178      integral     0    37316.0000    36542.0000  2133114    2.07%
 212999 168436    37074.8333   101    37316.0000    36542.0000  2150072    2.07%
*213322+160673                        37278.0000    36542.0000             1.97%
*213422+160157                        37270.0000    36542.0000             1.95%
 213554 160275    37218.0000    65    37270.0000    36542.0000  2184230    1.95%
 214023 160680    36552.1015   105    37270.0000    36542.0000  2219044    1.95%
 214602 161195    37248.4118   112    37270.0000    36542.0000  2254361    1.95%
 214992 161529    36612.5556   104    37270.0000    36542.0000  2285715    1.95%
 215328 161827    36875.7725   106    37270.0000    36542.0000  2315881    1.95%
Elapsed time = 333.49 sec. (421956.15 ticks, tree = 743.50 MB, solutions = 16)
 215701 162140    36766.0973   155    37270.0000    36542.0000  2346445    1.95%
 216160 162530    36962.8111    97    37270.0000    36542.0000  2382591    1.95%
 216685 162957    37248.0000    36    37270.0000    36542.0000  2419192    1.95%
*216802+108134                        37173.0000    36542.0000             1.70%
*217002+    1                        36542.0000    36542.0000             0.00%

Clique cuts applied:  48
Cover cuts applied:  646
Flow cuts applied:  8
Mixed integer rounding cuts applied:  245
Zero-half cuts applied:  42
Lift and project cuts applied:  1
Gomory fractional cuts applied:  14

Root node processing (before b&c):
  Real time             =    0.56 sec. (666.54 ticks)
Sequential b&c:
  Real time             =  343.95 sec. (435553.57 ticks)
                          ------------
Total (root+branch&cut) =  344.51 sec. (436220.11 ticks)
MIP: [1;32mCPLEX finished.[0m
MIP: [1;32mCPLEX status: Optimal[0m
MIP: [1;32mSolution: 
[28, 45, 8, 0, 25, 44, 21, 22, 26, 23, 41, 9, 1, 12, 15, 44, 17, 34, 21, 41, 41, 5, 9, 27, 22, 23, 14, 9, 44, 35, 34, 42, 41, 10, 0, 40, 43, 38, 7, 13, 12, 42, 28, 19, 4, 27, 10, 11, 39, 29, 21, 6, 18, 4, 6, 26, 17, 35, 37, 40, 36, 36, 43, 12, 18, 13, 14, 45, 15, 39, 45, 3, 11, 25, 23, 38, 32, 42, 37, 1][24, 22, -1, 11, 2, 8, 7, 0, 16, 16, 8, 4, 10, 22, 6, 7, -1, 24, 19, 6, -1, 19, 14, 18, -1, 13, 23, 13, 5, 21, -1, -1, 4, -1, 23, 5, 10, 27, 5, 11, 17, 17, 21, 14, 7, 0][0m
MIP: [1;32mObjective value: 36542[0m
MIP: [1;32mLower Bound: 36542[0m
MIP: [1;32mBranch-and-Bound nodes: 217002[0m

# best solution:
best objective value:	36542
best dual bound value:	36542
optimality gap:	0%
CPU time:	343.149
