ifile	/scratch/csagturk/mlbp_inst/n0080_m04__021.inst
prob	TNFMLBP
threads	1
ttime	900
instance: /scratch/csagturk/mlbp_inst/n0080_m04__021.inst
	m=4, n=[80, 45, 30, 23, 17]
MIP: [1;32minit CPLEX[0m
CAN: [1;35mcreated 6031 x_{ijk} and f_{ijk} variables[0m
CAN: [1;35mcreated 195 y_{ij} variables[0m
MIP: [1;32mcreated decision variables[0m
MIP: [1;32mcreated constraints[0m
MIP: [1;32mcreated objective function[0m
MIP: [1;32mcalling CPLEX solve ...[0m
Version identifier: 22.1.0.0 | 2022-03-09 | 1a383f8ce
CPXPARAM_Threads                                 1
CPXPARAM_TimeLimit                               900
Tried aggregator 4 times.
MIP Presolve eliminated 81 rows and 6785 columns.
MIP Presolve modified 700 coefficients.
Aggregator did 392 substitutions.
Reduced MIP has 881 rows, 5980 columns, and 11943 nonzeros.
Reduced MIP has 5686 binaries, 0 generals, 0 SOSs, and 194 indicators.
Presolve time = 0.05 sec. (55.34 ticks)
Probing fixed 0 vars, tightened 98 bounds.
Probing changed sense of 98 constraints.
Probing time = 0.04 sec. (37.07 ticks)
Tried aggregator 1 time.
MIP Presolve eliminated 588 rows and 686 columns.
Reduced MIP has 293 rows, 5294 columns, and 10571 nonzeros.
Reduced MIP has 5294 binaries, 0 generals, 0 SOSs, and 0 indicators.
Presolve time = 0.01 sec. (13.01 ticks)
Tried aggregator 1 time.
Detecting symmetries...
Reduced MIP has 293 rows, 5294 columns, and 10571 nonzeros.
Reduced MIP has 5294 binaries, 0 generals, 0 SOSs, and 0 indicators.
Presolve time = 0.01 sec. (11.50 ticks)
Probing time = 0.00 sec. (3.04 ticks)
Clique table members: 1437.
MIP emphasis: balance optimality and feasibility.
MIP search method: dynamic search.
Parallel mode: none, using 1 thread.
Root relaxation solution time = 0.01 sec. (20.71 ticks)

        Nodes                                         Cuts/
   Node  Left     Objective  IInf  Best Integer    Best Bound    ItCnt     Gap

      0     0    63342.3093   131                  63342.3093      738         
      0     0    63374.0428   185                   Cuts: 173     1352         
      0     0    63397.5827   189                   Cuts: 173     1888         
      0     0    63409.9214   238                   Cuts: 173     2414         
      0     0    63415.9272   238                   Cuts: 173     2943         
      0     0    63419.0050   278                   Cuts: 170     3612         
      0     0    63430.5132   216                   Cuts: 138     4137         
      0     0    63440.5216   243                   Cuts: 155     4762         
      0     0    63474.5169   279                   Cuts: 167     5613         
      0     0    63479.9782   305                   Cuts: 173     6147         
*     0+    0                        98043.0000    63479.9782            35.25%
*     0+    0                        89960.0000    63479.9782            29.44%
*     0+    0                        85927.0000    63479.9782            26.12%
      0     0  -1.00000e+75     0    85927.0000    63479.9782     6147   26.12%
      0     2    63479.9782   178    85927.0000    63479.9782     6147   26.12%
Elapsed time = 1.31 sec. (1754.84 ticks, tree = 0.01 MB, solutions = 3)
     70    72    63535.9824   127    85927.0000    63479.9782     7309   26.12%
    185   187    63727.5461   100    85927.0000    63479.9782     8960   26.12%
    285   285    64509.4245    81    85927.0000    63479.9782    10664   26.12%
    416   407    63482.6353   219    85927.0000    63482.7222    12420   26.12%

Performing restart 1

Repeating presolve.
Tried aggregator 1 time.
MIP Presolve modified 1318 coefficients.
Reduced MIP has 293 rows, 5294 columns, and 10571 nonzeros.
Reduced MIP has 5294 binaries, 0 generals, 0 SOSs, and 0 indicators.
Presolve time = 0.02 sec. (14.34 ticks)
Tried aggregator 1 time.
MIP Presolve modified 774 coefficients.
Reduced MIP has 293 rows, 5294 columns, and 10571 nonzeros.
Reduced MIP has 5294 binaries, 0 generals, 0 SOSs, and 0 indicators.
Presolve time = 0.02 sec. (15.94 ticks)
Represolve time = 0.11 sec. (83.28 ticks)
    476     0    62964.0159   214    85927.0000     Cuts: 173    17543   26.12%
    476     0    63197.2370   253    85927.0000     Cuts: 173    18212   26.12%
    476     0    63302.8545   290    85927.0000     Cuts: 173    18951   26.12%
*   476+    0                        78637.0000    63486.4400            19.27%
*   476+    0                        77085.0000    63486.4400            17.64%
*   476+    0                        75144.0000    63486.4400            15.51%
*   476+    0                        75025.0000    63486.4400            15.38%
    476     0  -1.00000e+75     0    75025.0000    63486.4400    18951   15.38%
    476     0    63390.3990   220    75025.0000     Cuts: 173    19661   15.38%
    476     0    63508.1562   242    75025.0000     Cuts: 173    20300   15.35%
    476     0    63553.1869   276    75025.0000     Cuts: 166    20922   15.29%
    476     0    63561.3002   310    75025.0000     Cuts: 166    21429   15.28%
    476     0    63582.6477   286    75025.0000     Cuts: 169    22137   15.25%
    476     0    63591.5479   240    75025.0000     Cuts: 133    22731   15.24%
    476     0    63592.5919   294    75025.0000     Cuts: 173    23184   15.24%
    476     0    63595.2446   280    75025.0000     Cuts: 139    23623   15.23%
    476     0    63596.7452   307    75025.0000     Cuts: 129    24167   15.23%
    476     0    63606.7354   242    75025.0000     Cuts: 129    24746   15.22%
    476     0    63617.2433   284    75025.0000     Cuts: 151    25244   15.21%
    476     0    63621.5388   283    75025.0000     Cuts: 142    25740   15.20%
    476     0    63625.6187   306    75025.0000     Cuts: 131    26335   15.19%
    476     0    63627.4641   281    75025.0000     Cuts: 127    26839   15.19%
    476     0    63628.6394   299    75025.0000     Cuts: 121    27485   15.19%
    476     0    63630.2794   331    75025.0000      Cuts: 90    27891   15.19%
    476     0    63630.8899   307    75025.0000     Cuts: 101    28301   15.19%
    476     0    63631.5114   324    75025.0000     Cuts: 136    28737   15.19%
    476     0    63631.7082   328    75025.0000      Cuts: 91    29067   15.19%
*   476+    0                        72267.0000    63631.7082            11.95%
*   476+    0                        72096.0000    63631.7082            11.74%
    476     0  -1.00000e+75     0    72096.0000    63631.7082    29067   11.74%
    476     2    63631.7082   265    72096.0000    63632.2730    29067   11.74%
    478     4    63649.3817   205    72096.0000    63649.4730    29138   11.72%
    481     7    63818.5135   204    72096.0000    63649.4730    29278   11.72%
    487    13    63866.8851   198    72096.0000    63649.4730    29362   11.72%
    492    18    63918.9222   184    72096.0000    63649.4730    29656   11.72%
    517    43    64009.2725   173    72096.0000    63649.4730    30599   11.72%
Elapsed time = 8.34 sec. (11465.80 ticks, tree = 0.28 MB, solutions = 9)
    556    75    63708.2085   175    72096.0000    63657.9626    33303   11.70%
    663   179    66082.6677   106    72096.0000    63657.9626    37327   11.70%
    796   296    63700.5144   181    72096.0000    63660.5039    40700   11.70%
    901   395    64212.9912   115    72096.0000    63664.5948    46921   11.69%
   1035   521    63971.7228   176    72096.0000    63668.1386    52252   11.69%
   1093   571        cutoff          72096.0000    63676.2618    58032   11.68%
   1155   624        cutoff          72096.0000    63678.3856    64588   11.68%
   1292   755        cutoff          72096.0000    63680.3685    69785   11.67%
   1437   888    67899.0455    79    72096.0000    63687.0223    76977   11.66%
*  1476+  920                        69556.0000    63687.4354             8.44%
   1476   922    65107.5621   174    69556.0000    63687.4354    78445    8.44%
Elapsed time = 15.13 sec. (22935.24 ticks, tree = 6.52 MB, solutions = 10)
*  1624+ 1059                        69271.0000    63687.4354             8.06%
*  1624+ 1059                        69022.0000    63687.4354             7.73%
   1644  1081    64133.4475   211    69022.0000    63691.5665    84847    7.72%
   1856  1284    64404.2603   188    69022.0000    63691.8089    89970    7.72%
   2029  1443    63706.0182   183    69022.0000    63694.4850    96057    7.72%
   2207  1608    64239.5816   144    69022.0000    63697.0518   102776    7.71%
   2381  1764    infeasible          69022.0000    63697.1178   109741    7.71%
   2630  1989        cutoff          69022.0000    63698.3640   116759    7.71%
   2844  2190    63888.2301   180    69022.0000    63701.0505   122527    7.71%
   3028  2360    64375.4052   187    69022.0000    63701.5892   129510    7.71%
   3179  2495    65232.3955   139    69022.0000    63706.8412   136349    7.70%
   3344  2648    63812.6567   177    69022.0000    63708.9547   143437    7.70%
Elapsed time = 20.51 sec. (32566.24 ticks, tree = 19.03 MB, solutions = 12)
   3530  2825    63742.0402   175    69022.0000    63709.3275   151379    7.70%
   3746  3026    63870.1100   137    69022.0000    63709.6794   157588    7.70%
   3906  3173    63946.1237   164    69022.0000    63710.5558   163067    7.70%
   4198  3438    65665.1587   146    69022.0000    63711.9063   171067    7.69%
   4371  3594    64088.9621   168    69022.0000    63713.7310   177677    7.69%
*  4476+ 3130                        66516.0000    63713.9025             4.21%
   4476  3132    64124.2085   166    66516.0000    63713.9025   181502    4.21%
   4666  3312    63983.7376   165    66516.0000    63715.3691   187183    4.21%
   4836  3473    64681.3278   167    66516.0000    63716.6190   192847    4.21%
   4988  3598    63887.6148   195    66516.0000    63716.7867   198688    4.21%
   5246  3802    64288.9090   185    66516.0000    63716.7873   205017    4.21%
Elapsed time = 27.65 sec. (44629.19 ticks, tree = 27.42 MB, solutions = 13)
   5376  3921    64159.2060   183    66516.0000    63719.2881   210768    4.20%
   5565  4104    64110.5026   187    66516.0000    63719.3031   216746    4.20%
   5682  4212    64008.9185   164    66516.0000    63719.4152   221761    4.20%
   5864  4381    63815.0085   274    66516.0000    63719.5283   228319    4.20%
   5986  4503    65983.6106   121    66516.0000    63719.5283   235070    4.20%
   6078  4586    63779.6083   241    66516.0000    63720.4405   240200    4.20%
   6249  4745    63802.4085   204    66516.0000    63720.8564   245586    4.20%
   6456  4947    65648.0533   133    66516.0000    63720.8734   251113    4.20%
   6476  4967    65920.9161   126    66516.0000    63720.8734   252212    4.20%
   6721  5200    infeasible          66516.0000    63721.2204   258594    4.20%
Elapsed time = 35.44 sec. (57316.74 ticks, tree = 38.54 MB, solutions = 13)
   6878  5348    64528.5698   125    66516.0000    63722.7893   263935    4.20%
   7029  5490    63884.4412   224    66516.0000    63723.7791   270627    4.20%
   7143  5600    64042.7697   171    66516.0000    63723.8040   275916    4.20%
   7246  5699    65198.3137   144    66516.0000    63723.9196   281926    4.20%
*  7276+ 5617                        66345.0000    63724.0431             3.95%
   7351  5689    63787.8426   211    66345.0000    63724.1716   288231    3.95%
   7468  5800    64365.5013   190    66345.0000    63724.5556   293893    3.95%
   7569  5891    63771.2862   219    66345.0000    63724.9050   300400    3.95%
   7668  5984    63785.2931   205    66345.0000    63725.5831   305571    3.95%
   7786  6096    64220.6303   172    66345.0000    63726.0716   310509    3.95%
   7855  6158    63822.2463   229    66345.0000    63726.2102   316180    3.95%
Elapsed time = 41.21 sec. (67643.38 ticks, tree = 46.70 MB, solutions = 14)
   7941  6237    63860.7048   219    66345.0000    63727.7617   320995    3.94%
   8136  6411    63952.9906   158    66345.0000    63729.9509   326979    3.94%
   8235  6505    64692.7926   165    66345.0000    63731.5309   332685    3.94%
   8286  6548    65798.8768   144    66345.0000    63731.7966   339652    3.94%
   8366  6622    63872.3730   261    66345.0000    63732.2507   344925    3.94%
   8496  6749    63812.9593   190    66345.0000    63732.4497   350214    3.94%
   8663  6910    64916.9688   128    66345.0000    63732.8425   355259    3.94%
   8795  7030    63736.7311   264    66345.0000    63732.9935   361399    3.94%
   8861  7096    65384.0320   222    66345.0000    63732.9935   368850    3.94%
   8969  7192    63812.6994   235    66345.0000    63733.4899   374969    3.94%
Elapsed time = 46.90 sec. (77861.90 ticks, tree = 56.29 MB, solutions = 14)
   9049  7267    64007.2993   208    66345.0000    63733.7092   380152    3.94%
   9136  7344    63911.7484   232    66345.0000    63734.4883   386589    3.93%
   9244  7444    64033.9803   249    66345.0000    63734.7543   391494    3.93%
   9328  7521    66296.4954   115    66345.0000    63734.7543   397701    3.93%
   9378  7565    63929.0221   179    66345.0000    63734.8230   403003    3.93%
   9450  7631    64032.6726   165    66345.0000    63736.1489   408818    3.93%
   9476  7657    64318.9951   178    66345.0000    63736.1489   410249    3.93%
   9538  7710    64680.8700   206    66345.0000    63736.1512   415672    3.93%
   9582  7746    64248.4475   205    66345.0000    63736.1530   421666    3.93%
   9676  7836    64082.7582   260    66345.0000    63736.5384   426217    3.93%
Elapsed time = 54.17 sec. (89818.52 ticks, tree = 62.69 MB, solutions = 14)
   9745  7902    63755.4622   230    66345.0000    63737.0519   433499    3.93%
   9853  8002    63907.7333   263    66345.0000    63737.6800   438138    3.93%
   9958  8100    64017.1674   242    66345.0000    63737.7151   443751    3.93%
*  9996+ 7876                        66171.0000    63737.7151             3.68%
   9996  7878    65945.9064   170    66171.0000    63737.7151   446364    3.68%
   9997  7879    64035.5359   226    66171.0000    63739.1111   447493    3.68%
   9998  7880    63920.2224   296    66171.0000    63739.1376   448545    3.68%
  10077  7955    63860.2518   265    66171.0000    63739.9384   454357    3.67%
  10199  8069    63743.5060   246    66171.0000    63740.3174   459900    3.67%
  10301  8165    63744.3921   257    66171.0000    63740.5987   466606    3.67%
  10369  8229    63915.9295   252    66171.0000    63740.7153   471786    3.67%
Elapsed time = 89.11 sec. (134383.54 ticks, tree = 67.84 MB, solutions = 15)
  10431  8285        cutoff          66171.0000    63740.7153   478620    3.67%
* 10476+ 8290                        66123.0000    63741.5387             3.60%
  10476  8292    63974.4437   172    66123.0000    63741.5387   483576    3.60%
  10557  8369    64120.1310   170    66123.0000    63741.7926   489331    3.60%
  10591  8399    63959.5458   186    66123.0000    63741.9244   494122    3.60%
  10662  8463    63872.9230   229    66123.0000    63741.9490   499076    3.60%
  10740  8537    63805.2477   230    66123.0000    63742.0486   503490    3.60%
  10807  8595    63752.1060   279    66123.0000    63742.1560   510935    3.60%
  10926  8708    63752.7972   235    66123.0000    63742.4045   516380    3.60%
  11019  8794    63767.4929   295    66123.0000    63743.4985   522320    3.60%
  11285  9042    66105.9727   129    66123.0000    63743.8523   545990    3.60%
Elapsed time = 97.03 sec. (148031.09 ticks, tree = 77.03 MB, solutions = 16)
  11476  9219    64682.2647   147    66123.0000    63744.0671   560208    3.60%
  11714  9434    63761.8793   192    66123.0000    63744.4816   579864    3.60%
  12061  9757    63868.7485   274    66123.0000    63744.8454   602876    3.60%
  12259  9940    64022.4966   159    66123.0000    63744.9707   623883    3.60%
  12476 10137    63761.5547   215    66123.0000    63745.6348   636381    3.60%
  12668 10310    63809.0499   211    66123.0000    63745.7782   658766    3.60%
  12908 10526    64264.9513   185    66123.0000    63746.4340   679522    3.59%
  13131 10736        cutoff          66123.0000    63746.8708   698530    3.59%
  13490 11068    64458.6165   199    66123.0000    63747.0877   717447    3.59%
  13693 11255    64183.1586   167    66123.0000    63747.4487   740140    3.59%
Elapsed time = 122.01 sec. (189521.11 ticks, tree = 103.44 MB, solutions = 16)
  13852 11399    63846.1479   176    66123.0000    63747.9313   761660    3.59%
  14076 11607    63797.0707   229    66123.0000    63748.1185   782474    3.59%
  14291 11807    63757.0053   190    66123.0000    63748.9039   803141    3.59%
  14476 11978    63896.1075   166    66123.0000    63748.9246   813783    3.59%
  14833 12298    64697.2087   188    66123.0000    63749.5242   833341    3.59%
  15179 12606    64216.6073   168    66123.0000    63749.7350   853454    3.59%
  15393 12799    64858.0775   187    66123.0000    63750.2735   874120    3.59%
  15476 12874    63863.7277   193    66123.0000    63750.4782   879998    3.59%
  15634 13017    64562.8546   209    66123.0000    63750.9619   901345    3.59%
  15816 13185    63867.3356   192    66123.0000    63751.4589   919159    3.59%
Elapsed time = 145.53 sec. (228424.44 ticks, tree = 128.25 MB, solutions = 16)
  16054 13402    63804.3066   207    66123.0000    63752.0878   940676    3.59%
  16256 13592    63775.4364   218    66123.0000    63752.2196   961945    3.59%
  16496 13815    65458.8655   180    66123.0000    63752.3017   983795    3.59%
  16679 13983    63936.5118   245    66123.0000    63752.8338  1001952    3.58%
  16853 14142    64022.9848   250    66123.0000    63753.0570  1021996    3.58%
  17008 14287    64411.6442   220    66123.0000    63753.4989  1041441    3.58%
  17296 14543    63807.4512   206    66123.0000    63753.9211  1061410    3.58%
  17425 14662    64162.1483   229    66123.0000    63754.5086  1078654    3.58%
  17476 14697    63787.5934   250    66123.0000    63754.5151  1089327    3.58%
  17762 14956    63782.3639   314    66123.0000    63754.7533  1109879    3.58%
Elapsed time = 169.24 sec. (268110.09 ticks, tree = 152.63 MB, solutions = 16)
  17915 15096    65703.2060   188    66123.0000    63754.7689  1129815    3.58%
  18071 15236        cutoff          66123.0000    63755.4162  1149691    3.58%
  18305 15456    64031.7867   155    66123.0000    63755.4978  1169621    3.58%
  18470 15598    64543.4958   223    66123.0000    63755.6370  1191204    3.58%
  18477 15605    64728.5108   246    66123.0000    63755.6370  1191408    3.58%
  18720 15813    63811.6285   268    66123.0000    63755.7697  1214654    3.58%
  18902 15981    64007.6566   236    66123.0000    63755.9284  1236160    3.58%
  19066 16132    65985.8148   132    66123.0000    63756.2749  1252737    3.58%
  19201 16259    63921.3098   182    66123.0000    63756.3558  1273207    3.58%
  19620 16659    65971.4419   137    66123.0000    63756.4269  1296233    3.58%
Elapsed time = 192.40 sec. (306739.06 ticks, tree = 178.23 MB, solutions = 16)
  19768 16789        cutoff          66123.0000    63756.5125  1319085    3.58%
  19893 16898    63881.6704   307    66123.0000    63756.6591  1340351    3.58%
  20162 17145    63990.0049   294    66123.0000    63756.7928  1359451    3.58%
  20330 17301    63912.9473   342    66123.0000    63757.0137  1379203    3.58%
  20517 17471    63884.1310   234    66123.0000    63757.3036  1390805    3.58%
  20709 17650    64065.7344   208    66123.0000    63757.7095  1412281    3.58%
  20911 17829    63799.0303   325    66123.0000    63757.8946  1427839    3.58%
  21069 17972    63828.6736   143    66123.0000    63757.9735  1449401    3.58%
  21254 18139    63830.9822   275    66123.0000    63758.1591  1467705    3.58%
  21429 18303    63775.5505   237    66123.0000    63758.3759  1489184    3.58%
Elapsed time = 215.71 sec. (345695.97 ticks, tree = 203.17 MB, solutions = 16)
  21508 18381    65916.1452   119    66123.0000    63758.3759  1493494    3.58%
  21746 18589    infeasible          66123.0000    63758.4763  1516989    3.58%
  21906 18737    63782.0511   242    66123.0000    63758.6434  1536110    3.58%
  22284 19094    63832.4321   357    66123.0000    63758.7179  1557350    3.58%
  22476 19273    63793.6967   204    66123.0000    63758.8318  1575196    3.58%
  22744 19526    63842.1704   311    66123.0000    63758.9600  1598063    3.58%
  22814 19582    64914.7320   265    66123.0000    63758.9803  1625907    3.58%
  23077 19821    64089.0088   260    66123.0000    63759.2272  1651489    3.57%
  23251 19972    65911.2353   135    66123.0000    63759.3363  1675862    3.57%
  23398 20105        cutoff          66123.0000    63759.5466  1698261    3.57%
Elapsed time = 241.17 sec. (386528.77 ticks, tree = 231.71 MB, solutions = 16)
  23476 20177    64977.5000   115    66123.0000    63759.6110  1711835    3.57%
  23699 20362    64042.0768   208    66123.0000    63759.7405  1733118    3.57%
  23929 20579    65107.5783   271    66123.0000    63759.7829  1753725    3.57%
  24050 20693    63965.4269   298    66123.0000    63759.7945  1775647    3.57%
  24303 20924    63828.3555   343    66123.0000    63759.9753  1796034    3.57%
  24447 21056    64020.0896   210    66123.0000    63760.0797  1817569    3.57%
  24476 21083    65827.1429   198    66123.0000    63760.0797  1821542    3.57%
  24691 21280    64238.8807   283    66123.0000    63760.2563  1842636    3.57%
  24812 21389    64650.8462   152    66123.0000    63760.2703  1864268    3.57%
  25037 21594    64103.7086   257    66123.0000    63760.4130  1885995    3.57%
Elapsed time = 266.52 sec. (427581.33 ticks, tree = 255.46 MB, solutions = 16)
  25233 21776        cutoff          66123.0000    63760.9784  1907214    3.57%
  25484 22006    63911.8473   168    66123.0000    63761.1063  1926331    3.57%
  25606 22119    64845.1006   257    66123.0000    63761.1994  1948708    3.57%
  25786 22284    64041.4475   252    66123.0000    63761.2587  1966362    3.57%
  26007 22478    63780.4445   240    66123.0000    63761.4740  1988986    3.57%
  26109 22568    64157.4903   370    66123.0000    63761.5593  2011515    3.57%
  26260 22709    63839.0754   236    66123.0000    63761.6866  2033170    3.57%
  26436 22874    64721.9177   179    66123.0000    63761.9334  2053704    3.57%
  26561 22975    63818.6590   190    66123.0000    63762.0689  2070623    3.57%
  26735 23127    63853.9359   290    66123.0000    63762.1226  2092094    3.57%
Elapsed time = 289.85 sec. (466043.51 ticks, tree = 279.90 MB, solutions = 16)
  26920 23301    65954.0878   152    66123.0000    63762.2063  2112488    3.57%
  27116 23475    64248.4788   246    66123.0000    63762.2876  2136380    3.57%
  27230 23576    64558.5281   215    66123.0000    63762.5179  2160038    3.57%
  27476 23794    63977.4108   217    66123.0000    63762.9902  2178697    3.57%
  27689 23974    64692.1289   206    66123.0000    63763.3041  2201552    3.57%
  27890 24162    64189.6833   340    66123.0000    63763.4888  2226457    3.57%
  28053 24307    64406.9465   260    66123.0000    63763.5933  2251534    3.57%
  28260 24497    64167.9979   319    66123.0000    63763.9845  2276484    3.57%
  28476 24697    65521.4545   141    66123.0000    63764.2229  2299985    3.57%
  28667 24865    65236.4388   268    66123.0000    63764.2547  2324238    3.57%
Elapsed time = 316.31 sec. (508817.06 ticks, tree = 307.61 MB, solutions = 16)
  28830 24998    63847.8796   210    66123.0000    63764.4314  2351341    3.57%
  29013 25168    65317.7209   197    66123.0000    63764.4679  2374377    3.57%
  29178 25311    65566.4694   256    66123.0000    63764.5552  2399939    3.57%
  29384 25499    65281.2080   190    66123.0000    63764.8926  2425361    3.57%
  29476 25583    64043.8572   210    66123.0000    63764.9379  2437000    3.57%
  29711 25798    63935.8552   221    66123.0000    63765.1725  2462342    3.57%
  29815 25894    63954.3349   201    66123.0000    63765.2959  2487176    3.57%
  30122 26188    63954.1220   300    66123.0000    63765.4602  2514537    3.57%
  30252 26305    64188.4221   239    66123.0000    63765.5047  2539207    3.57%
  30476 26507    63892.3952   145    66123.0000    63765.7004  2563262    3.57%
Elapsed time = 342.62 sec. (550805.84 ticks, tree = 333.77 MB, solutions = 16)
  30747 26756    65716.9707   219    66123.0000    63765.9705  2590428    3.56%
  30939 26932    64114.1167   383    66123.0000    63766.0229  2616622    3.56%
  31238 27214    64980.4928   228    66123.0000    63766.1157  2641215    3.56%
  31336 27294    63964.3815   326    66123.0000    63766.4336  2666199    3.56%
  31476 27426    63828.9984   228    66123.0000    63766.4619  2682297    3.56%
  31671 27610    63845.4036   331    66123.0000    63766.6693  2707134    3.56%
  31810 27736    64456.2716   221    66123.0000    63766.6974  2731344    3.56%
  31966 27876    65006.3422   277    66123.0000    63766.8005  2754739    3.56%
  32082 27979    64377.3254   237    66123.0000    63766.8837  2776551    3.56%
  32272 28146    63783.7519   274    66123.0000    63767.1764  2800590    3.56%
Elapsed time = 367.57 sec. (591150.56 ticks, tree = 359.89 MB, solutions = 16)
  32411 28274        cutoff          66123.0000    63767.3964  2823436    3.56%
  32623 28463    63795.3971   307    66123.0000    63767.6882  2845467    3.56%
  32918 28715    63921.1881   226    66123.0000    63768.0884  2867561    3.56%
  33022 28808    63783.5767   334    66123.0000    63768.2533  2891207    3.56%
  33223 28993    infeasible          66123.0000    63768.3706  2914575    3.56%
  33314 29065    63853.1495   192    66123.0000    63768.4120  2936567    3.56%
  33521 29254    64025.2324   302    66123.0000    63768.4749  2957760    3.56%
  33716 29437    65512.2864   180    66123.0000    63768.5013  2979735    3.56%
  33881 29588    63862.4959   199    66123.0000    63768.6949  3002083    3.56%
  34023 29719    63842.2087   197    66123.0000    63768.7547  3025246    3.56%
Elapsed time = 391.26 sec. (630267.46 ticks, tree = 384.95 MB, solutions = 16)
  34233 29922    65683.3333   193    66123.0000    63768.8558  3051001    3.56%
  34407 30074    64298.5136   261    66123.0000    63769.0079  3073363    3.56%
  34674 30322    63802.5425   190    66123.0000    63769.1230  3094653    3.56%
  34933 30564    63873.6779   298    66123.0000    63769.2450  3116878    3.56%
  35211 30817    63794.3543   305    66123.0000    63769.3618  3140809    3.56%
  35488 31076    64392.0000    62    66123.0000    63769.3652  3162663    3.56%
  35557 31135    63985.9166   253    66123.0000    63769.5093  3185139    3.56%
  35700 31264    64491.5391   291    66123.0000    63769.6421  3206519    3.56%
  35813 31358    64685.7306   237    66123.0000    63769.6908  3230381    3.56%
  36154 31677    64315.6047   139    66123.0000    63769.7351  3252894    3.56%
Elapsed time = 415.11 sec. (669254.13 ticks, tree = 416.21 MB, solutions = 16)
  36387 31896    63794.9588   287    66123.0000    63769.9655  3277123    3.56%
  36476 31978    64665.5434   216    66123.0000    63770.0643  3299172    3.56%
  36641 32117    63998.8825   312    66123.0000    63770.1842  3325118    3.56%
  36809 32267    64031.0437   363    66123.0000    63770.2860  3350464    3.56%
  36977 32417    64145.5783   197    66123.0000    63770.5326  3373629    3.56%
  37176 32593    63783.4074   230    66123.0000    63770.5975  3399641    3.56%
  37435 32833    63829.2965   322    66123.0000    63770.7708  3421711    3.56%
  37552 32946    64317.7164   240    66123.0000    63770.7874  3438502    3.56%
  37735 33102    63783.4074   297    66123.0000    63770.9978  3466630    3.56%
  37986 33341    64206.2221   250    66123.0000    63771.1286  3490662    3.56%
Elapsed time = 441.61 sec. (712153.49 ticks, tree = 444.16 MB, solutions = 16)
  38208 33541    63818.3599   378    66123.0000    63771.2146  3516198    3.56%
  38463 33775    64338.8438   144    66123.0000    63771.2862  3542057    3.56%
* 38476+32762                        66076.0000    63771.2862             3.49%
  38637 32918    64464.0258   214    66076.0000    63771.3520  3555273    3.49%
  38914 33170    63936.5007   212    66076.0000    63771.6023  3580549    3.49%
  39145 33375    63805.8908   202    66076.0000    63771.7423  3606960    3.49%
  39315 33532        cutoff          66076.0000    63771.8200  3634582    3.49%
  39476 33673    63872.8771   235    66076.0000    63772.0133  3652739    3.49%
  39669 33851    64762.5059   220    66076.0000    63772.2088  3679379    3.49%
  39901 34062    63935.6802   237    66076.0000    63772.3173  3704979    3.49%
  40100 34247        cutoff          66076.0000    63772.3572  3731763    3.49%
Elapsed time = 467.21 sec. (753325.30 ticks, tree = 460.16 MB, solutions = 17)
  40414 34536    64051.0495   212    66076.0000    63772.3857  3758076    3.49%
  40533 34645    63794.7332   332    66076.0000    63772.5583  3769838    3.49%
  40628 34726    64502.6629   288    66076.0000    63772.7431  3793963    3.49%
  40892 34967    65929.7778   130    66076.0000    63772.8242  3818939    3.49%
  41077 35136    64240.5230   178    66076.0000    63772.9498  3845166    3.49%
  41281 35315    64226.1576   282    66076.0000    63773.0418  3871832    3.49%
  41430 35442    64435.7917   250    66076.0000    63773.0906  3898490    3.49%
  41548 35547    63940.0875   237    66076.0000    63773.1494  3919841    3.49%
  41681 35667    63821.2928   195    66076.0000    63773.3293  3946531    3.48%
  41860 35828        cutoff          66076.0000    63773.3917  3975834    3.48%
Elapsed time = 490.76 sec. (791953.12 ticks, tree = 485.35 MB, solutions = 17)
  42132 36081    64193.5225   296    66076.0000    63773.4611  4004867    3.48%
  42282 36219    64581.5782   274    66076.0000    63773.6455  4030688    3.48%
  42431 36344        cutoff          66076.0000    63773.7162  4055139    3.48%
  42476 36389    63861.3425   189    66076.0000    63773.7162  4059016    3.48%
  42733 36624    65928.6302   221    66076.0000    63773.7559  4081839    3.48%
  42966 36832    64137.8504   293    66076.0000    63774.0010  4104185    3.48%
  43116 36969    65290.2329   202    66076.0000    63774.1516  4126749    3.48%
* 43476+31339                        65541.0000    63774.1791             2.70%
  43494 31351    63813.0496   334    65541.0000    63774.1791  4148942    2.70%
  43661 31506    64478.6738   242    65541.0000    63774.3166  4170920    2.70%
  43752 31571    63796.3452   323    65541.0000    63774.4002  4190188    2.70%
Elapsed time = 515.82 sec. (831879.42 ticks, tree = 429.35 MB, solutions = 18)
  43910 31707    63901.2439   231    65541.0000    63774.8407  4212581    2.69%
  44075 31854        cutoff          65541.0000    63774.8850  4235565    2.69%
  44285 32047        cutoff          65541.0000    63775.1383  4260068    2.69%
  44384 32139    63850.4372   268    65541.0000    63775.4049  4282799    2.69%
  44708 32445    63876.8603   288    65541.0000    63775.4172  4305583    2.69%
  45005 32723    64006.4833   257    65541.0000    63775.5409  4329630    2.69%
  45216 32910    63810.4356   211    65541.0000    63775.7282  4351495    2.69%
  45335 33020    63822.3530   263    65541.0000    63775.7481  4372791    2.69%
  45484 33153    64042.2799   292    65541.0000    63775.8026  4389949    2.69%
  45741 33376    65204.0616   254    65541.0000    63775.8272  4412865    2.69%
Elapsed time = 539.65 sec. (870924.61 ticks, tree = 458.12 MB, solutions = 18)
  45934 33549    64114.8786   213    65541.0000    63776.0266  4435298    2.69%
  46146 33727    65241.1320   203    65541.0000    63776.0813  4457269    2.69%
  46260 33825    63847.0238   278    65541.0000    63776.2808  4479359    2.69%
  46496 34051    infeasible          65541.0000    63776.3128  4498037    2.69%
  46650 34186    63838.4780   279    65541.0000    63776.3988  4519698    2.69%
  46816 34335    63909.7260   155    65541.0000    63776.4589  4542174    2.69%
  46931 34437    65217.7238   211    65541.0000    63776.4906  4564855    2.69%
  47083 34562    64973.0132   214    65541.0000    63776.5149  4585382    2.69%
  47232 34693    64633.7115   257    65541.0000    63776.6023  4609301    2.69%
  47475 34910    65434.3419   264    65541.0000    63776.6719  4631679    2.69%
Elapsed time = 563.39 sec. (909763.77 ticks, tree = 482.55 MB, solutions = 18)
  47671 35084    64062.7323   250    65541.0000    63776.7649  4654413    2.69%
  47784 35181    64004.9908   170    65541.0000    63776.8652  4678963    2.69%
  47951 35324    63847.8012   231    65541.0000    63776.8884  4704196    2.69%
  48146 35507    64859.6530   242    65541.0000    63776.9268  4729706    2.69%
  48329 35670    63876.1111   162    65541.0000    63776.9677  4754001    2.69%
  48523 35840    63991.3883   266    65541.0000    63777.1817  4775359    2.69%
  48762 36058    64140.3818   195    65541.0000    63777.2800  4800935    2.69%
  48978 36259    63940.0056   217    65541.0000    63777.3617  4827422    2.69%
  49146 36407    65316.5684   260    65541.0000    63777.3801  4853081    2.69%
  49347 36580    63847.5408   330    65541.0000    63777.5307  4878899    2.69%
Elapsed time = 586.95 sec. (948596.38 ticks, tree = 509.15 MB, solutions = 18)
  49476 36698    63965.5316   186    65541.0000    63777.6305  4894921    2.69%
  49708 36900    63893.9230   201    65541.0000    63777.7104  4920494    2.69%
  49850 37024        cutoff          65541.0000    63777.7421  4946114    2.69%
  50118 37267    64650.4976   227    65541.0000    63777.8708  4973083    2.69%
  50352 37475    63883.2839   254    65541.0000    63778.0382  4999382    2.69%
  50578 37683    65096.8464   303    65541.0000    63778.1516  5021422    2.69%
  50741 37824    64134.5824   231    65541.0000    63778.2523  5046645    2.69%
  50902 37959    63809.2455   286    65541.0000    63778.3198  5073081    2.69%
  51064 38098    63889.0889   196    65541.0000    63778.3661  5099323    2.69%
  51344 38360    64600.0466   158    65541.0000    63778.5080  5123399    2.69%
Elapsed time = 614.14 sec. (991975.62 ticks, tree = 537.44 MB, solutions = 18)
  51476 38478    63853.6016   221    65541.0000    63778.5430  5130900    2.69%
  51686 38660    63829.1507   231    65541.0000    63778.6253  5154273    2.69%
  51861 38819    64626.2824   206    65541.0000    63778.7257  5179566    2.69%
  52099 39023        cutoff          65541.0000    63778.8425  5205638    2.69%
  52232 39140    63854.8728   226    65541.0000    63778.9231  5233639    2.69%
  52436 39314    63843.7813   202    65541.0000    63779.0173  5260082    2.69%
  52476 39348    63915.6028   248    65541.0000    63779.0274  5262594    2.69%
  52755 39596    63831.0440   213    65541.0000    63779.1445  5288796    2.69%
  52974 39802    64294.2929   247    65541.0000    63779.2485  5311621    2.69%
  53227 40021    63833.3021   272    65541.0000    63779.3238  5339090    2.69%
Elapsed time = 640.91 sec. (1034065.49 ticks, tree = 563.82 MB, solutions = 18)
  53476 40254    63844.5470   244    65541.0000    63779.3977  5359570    2.69%
  53638 40393    63823.8133   311    65541.0000    63779.5045  5386205    2.69%
  54002 40720    64243.2477   197    65541.0000    63779.5788  5411490    2.69%
  54240 40926    infeasible          65541.0000    63779.7299  5436399    2.69%
  54458 41125    63959.6309   241    65541.0000    63779.8049  5462426    2.69%
  54546 41204    65142.6419   177    65541.0000    63779.8295  5474566    2.69%
  54763 41389    64438.1295   202    65541.0000    63779.9380  5500341    2.69%
  54929 41535    63908.7168   192    65541.0000    63780.0338  5521795    2.69%
  55110 41698    63834.6619   186    65541.0000    63780.1412  5545224    2.69%
  55357 41925    64525.8452   291    65541.0000    63780.3190  5568840    2.69%
Elapsed time = 670.57 sec. (1081098.91 ticks, tree = 594.13 MB, solutions = 18)
  55476 42023    63887.7415   243    65541.0000    63780.3622  5585077    2.69%
  55572 42104    64160.7092   270    65541.0000    63780.3686  5608413    2.69%
  55661 42177    63945.9906   170    65541.0000    63780.4020  5631195    2.69%
  55871 42359    64105.0484   224    65541.0000    63780.6042  5654827    2.69%
  56114 42574    64280.1458   208    65541.0000    63780.7422  5679148    2.69%
  56407 42840    63808.0514   217    65541.0000    63780.8099  5701551    2.69%
  56541 42962    64301.6766   236    65541.0000    63780.9044  5713315    2.69%
  56688 43089    63922.3325   196    65541.0000    63780.9155  5737263    2.69%
  56839 43225    64160.7861   226    65541.0000    63781.0930  5761170    2.69%
  57048 43417    64339.0000   128    65541.0000    63781.1591  5784721    2.69%
Elapsed time = 696.61 sec. (1122774.09 ticks, tree = 617.87 MB, solutions = 18)
  57189 43548    64774.0808   173    65541.0000    63781.2091  5807594    2.69%
  57396 43735    64264.9455   139    65541.0000    63781.3491  5829418    2.68%
  57476 43811    64774.4105   189    65541.0000    63781.3597  5845741    2.68%
  57814 44117    63830.3503   240    65541.0000    63781.4419  5872379    2.68%
  57946 44235    64649.7551   238    65541.0000    63781.5002  5896716    2.68%
  58128 44394    65172.8419   183    65541.0000    63781.5594  5919190    2.68%
  58248 44502    63981.4472   245    65541.0000    63781.6107  5941709    2.68%
  58408 44641    64119.3098   171    65541.0000    63781.7492  5963910    2.68%
  58486 44712    64558.3921   230    65541.0000    63781.7623  5976390    2.68%
  58695 44890    64165.6779   258    65541.0000    63781.9918  6001327    2.68%
Elapsed time = 720.10 sec. (1161775.07 ticks, tree = 641.34 MB, solutions = 18)
  58879 45055    65370.1600   227    65541.0000    63782.1202  6024830    2.68%
  58983 45148    65211.8974   198    65541.0000    63782.1359  6049017    2.68%
  59226 45372    64748.8437   230    65541.0000    63782.3633  6072786    2.68%
  59437 45552    63954.5283   325    65541.0000    63782.4905  6096682    2.68%
  59486 45599    64898.9293   289    65541.0000    63782.4905  6107286    2.68%
  59648 45743    65032.1430   216    65541.0000    63782.5734  6130346    2.68%
  59782 45858    63814.4830   234    65541.0000    63782.6241  6154138    2.68%
  59983 46025        cutoff          65541.0000    63782.7824  6178895    2.68%
  60175 46190    64387.2556   223    65541.0000    63783.0004  6201693    2.68%
  60424 46421    64763.4338   158    65541.0000    63783.0462  6225165    2.68%
Elapsed time = 743.60 sec. (1200543.96 ticks, tree = 665.74 MB, solutions = 18)
  60508 46501    63944.4117   184    65541.0000    63783.0462  6236600    2.68%
  60849 46810    65483.5866   316    65541.0000    63783.1649  6265144    2.68%
  61039 46978    65518.1667   232    65541.0000    63783.3387  6289863    2.68%
  61261 47173    63851.1106   184    65541.0000    63783.4526  6314900    2.68%
  61454 47345    64032.0581   170    65541.0000    63783.5741  6338366    2.68%
  61742 47610        cutoff          65541.0000    63783.6062  6362795    2.68%
  61888 47738    63809.5575   276    65541.0000    63783.6594  6389769    2.68%
  62078 47911    64002.6563   179    65541.0000    63783.7804  6413962    2.68%
  62219 48033    63808.3002   220    65541.0000    63783.7969  6439255    2.68%
  62326 48125    64051.6611   259    65541.0000    63783.8394  6465700    2.68%
Elapsed time = 767.40 sec. (1239400.77 ticks, tree = 692.89 MB, solutions = 18)
  62483 48262    64564.2931   193    65541.0000    63783.8583  6488490    2.68%
  62727 48476    64004.1324   161    65541.0000    63783.9419  6513700    2.68%
  62996 48716    63866.1931   244    65541.0000    63783.9784  6539293    2.68%
  63210 48902    65283.1429   184    65541.0000    63784.0676  6565662    2.68%
  63400 49073    64302.7051   198    65541.0000    63784.1224  6588576    2.68%
  63492 49156    63872.8896   222    65541.0000    63784.1672  6598286    2.68%
  63753 49391    63996.5555   204    65541.0000    63784.2197  6627515    2.68%
  63970 49570    63840.9974   188    65541.0000    63784.3524  6653218    2.68%
  64164 49742    64004.6066   216    65541.0000    63784.4380  6679607    2.68%
  64359 49906    63948.0783   213    65541.0000    63784.5001  6705467    2.68%
Elapsed time = 790.97 sec. (1278040.98 ticks, tree = 721.25 MB, solutions = 18)
  64466 50000    64352.5154   318    65541.0000    63784.5359  6731952    2.68%
  64476 50006    63895.3135   264    65541.0000    63784.5441  6734304    2.68%
  64607 50124    64900.5069   295    65541.0000    63784.5945  6759899    2.68%
  64846 50335    64069.4286   151    65541.0000    63784.6590  6785492    2.68%
  65065 50528    64116.0570   244    65541.0000    63784.8141  6811755    2.68%
  65152 50593    63975.8855   211    65541.0000    63784.8443  6837391    2.68%
  65276 50704    63868.1501   232    65541.0000    63784.9560  6861486    2.68%
  65465 50876    64495.5542   160    65541.0000    63784.9626  6889148    2.68%
Starting limited solution polishing.
  65676 51059    63900.3811   192    65541.0000    63785.0654  6910725    2.68%
  65776 51148    65423.7058   189    65541.0000    63785.0885  6927664    2.68%
Elapsed time = 818.67 sec. (1321732.27 ticks, tree = 741.00 MB, solutions = 18)
  65876 51239    63913.9685   178    65541.0000    63785.1097  6940712    2.68%
  65976 51319    63892.4796   205    65541.0000    63785.2194  6965110    2.68%
  66076 51405    63843.1798   203    65541.0000    63785.2705  6976288    2.68%
  66176 51495    64002.0000   135    65541.0000    63785.3029  6988893    2.68%
  66334 51647    infeasible          65541.0000    63785.3029  6996391    2.68%
  66376 51689    64061.5648   203    65541.0000    63785.3303  7006194    2.68%
  66476 51778    63979.8023   307    65541.0000    63785.3364  7013920    2.68%
  66576 51871    63910.1682   146    65541.0000    63785.3755  7027581    2.68%
  66676 51961    63803.6304   221    65541.0000    63785.3978  7032415    2.68%
  66776 52055    64151.0140   198    65541.0000    63785.4091  7049578    2.68%
Elapsed time = 861.94 sec. (1383195.02 ticks, tree = 755.43 MB, solutions = 18)
  66876 52147    64059.8831   210    65541.0000    63785.4285  7062072    2.68%
  66993 52256    64078.5168   190    65541.0000    63785.4506  7075167    2.68%
  67076 52326    63926.6080   208    65541.0000    63785.4912  7086273    2.68%
  67176 52418    64417.2298   221    65541.0000    63785.5139  7102870    2.68%
  67276 52500    64560.1006   241    65541.0000    63785.5509  7120531    2.68%
  67376 52590    63922.7821   206    65541.0000    63785.5714  7131511    2.68%
  67476 52674    63798.0891   256    65541.0000    63785.6191  7141982    2.68%
  67576 52766    64058.4920   176    65541.0000    63785.6425  7156032    2.68%
  67800 52966    infeasible          65541.0000    63785.7737  7184083    2.68%

Clique cuts applied:  115
Cover cuts applied:  1010
Flow cuts applied:  37
Mixed integer rounding cuts applied:  184
Zero-half cuts applied:  105
Lift and project cuts applied:  10
Gomory fractional cuts applied:  16

Root node processing (before b&c):
  Real time             =    1.29 sec. (1737.33 ticks)
Sequential b&c:
  Real time             =  898.72 sec. (1436467.63 ticks)
                          ------------
Total (root+branch&cut) =  900.00 sec. (1438204.96 ticks)
MIP: [1;32mCPLEX finished.[0m
MIP: [1;32mCPLEX status: Feasible[0m
MIP: [1;32mSolution: 
[4, 6, 3, 27, 6, 42, 26, 39, 29, 19, 34, 9, 15, 8, 0, 15, 14, 26, 20, 12, 25, 5, 38, 38, 24, 5, 11, 37, 0, 17, 9, 21, 39, 8, 11, 0, 7, 34, 6, 38, 21, 24, 1, 42, 1, 36, 23, 40, 12, 40, 6, 37, 31, 41, 7, 2, 7, 29, 10, 28, 43, 36, 21, 36, 14, 23, 4, 13, 32, 14, 41, 21, 27, 25, 28, 8, 43, 17, 43, 5][20, 13, 16, 14, 21, 5, 16, 20, 14, 24, 17, 18, 21, 20, 2, 13, -1, 8, -1, 4, 7, 17, -1, 26, 24, 23, 3, 11, 4, 26, -1, 25, 22, -1, 27, -1, 8, 27, 1, 2, 18, 25, 17, 22, -1][-1, 9, 19, 7, 17, 8, -1, 11, 9, -1, -1, 0, -1, 20, 6, -1, 7, 11, 4, -1, 17, 0, 18, 6, 20, 8, 4, 5, -1, -1][0, -1, -1, -1, 11, 6, 16, 4, 8, 4, -1, 0, -1, -1, -1, -1, -1, 12, 6, 16, 5, -1, -1][0m
MIP: [1;32mObjective value: 65541[0m
MIP: [1;32mLower Bound: 63785.8[0m
MIP: [1;32mBranch-and-Bound nodes: 67902[0m

# best solution:
best objective value:	65541
best dual bound value:	63785
optimality gap:	2.67924%
CPU time:	897.49
