ifile	/scratch/csagturk/mlbp_inst/n0090_m02__036.inst
prob	TNFMLBP
threads	1
ttime	900
instance: /scratch/csagturk/mlbp_inst/n0090_m02__036.inst
	m=2, n=[90, 46, 30]
MIP: [1;32minit CPLEX[0m
CAN: [1;35mcreated 5520 x_{ijk} and f_{ijk} variables[0m
CAN: [1;35mcreated 166 y_{ij} variables[0m
MIP: [1;32mcreated decision variables[0m
MIP: [1;32mcreated constraints[0m
MIP: [1;32mcreated objective function[0m
MIP: [1;32mcalling CPLEX solve ...[0m
Version identifier: 22.1.0.0 | 2022-03-09 | 1a383f8ce
CPXPARAM_Threads                                 1
CPXPARAM_TimeLimit                               900
Tried aggregator 2 times.
MIP Presolve eliminated 91 rows and 5844 columns.
MIP Presolve modified 301 coefficients.
Aggregator did 184 substitutions.
Reduced MIP has 488 rows, 5548 columns, and 11066 nonzeros.
Reduced MIP has 5410 binaries, 0 generals, 0 SOSs, and 92 indicators.
Presolve time = 0.04 sec. (37.78 ticks)
Probing fixed 0 vars, tightened 46 bounds.
Probing changed sense of 46 constraints.
Probing time = 0.04 sec. (37.53 ticks)
Tried aggregator 1 time.
Detecting symmetries...
MIP Presolve eliminated 276 rows and 322 columns.
Reduced MIP has 212 rows, 5226 columns, and 10422 nonzeros.
Reduced MIP has 5226 binaries, 0 generals, 0 SOSs, and 0 indicators.
Presolve time = 0.02 sec. (17.35 ticks)
Probing time = 0.00 sec. (3.07 ticks)
Clique table members: 1368.
MIP emphasis: balance optimality and feasibility.
MIP search method: dynamic search.
Parallel mode: none, using 1 thread.
Root relaxation solution time = 0.01 sec. (16.50 ticks)

        Nodes                                         Cuts/
   Node  Left     Objective  IInf  Best Integer    Best Bound    ItCnt     Gap

      0     0    37503.1299    98                  37503.1299      580         
      0     0    37508.2446   150                   Cuts: 113      888         
      0     0    37508.2446   205                   Cuts: 153     1278         
      0     0    37508.2446   172                    Cuts: 95     1601         
      0     0    37508.2446   203                   Cuts: 140     2144         
*     0+    0                        47192.0000    37508.2446            20.52%
      0     2    37508.2446   106    47192.0000    37508.2446     2144   20.52%
Elapsed time = 0.57 sec. (647.17 ticks, tree = 0.01 MB, solutions = 1)
*    40+   40                        40672.0000    37508.2446             7.78%
     70    72    37511.4394    57    40672.0000    37508.2446     3327    7.78%
*   180+  180                        39979.0000    37508.2446             6.18%
    182   184    37798.3235    47    39979.0000    37508.2446     4957    6.18%
*   270+  270                        39802.0000    37508.2446             5.76%
*   280+  280                        39140.0000    37508.2446             4.17%
*   290+  290                        39019.0000    37508.2446             3.87%
    299   301    37720.1404    36    39019.0000    37508.2446     6720    3.87%
*   464+  438                        39006.0000    37508.2446             3.84%
*   464+  437                        38973.0000    37508.2446             3.76%
    464   439    37508.2446   131    38973.0000    37508.2446     7724    3.76%
    590   565    37595.7575    74    38973.0000    37508.2446     9924    3.76%
    740   715    38268.3191    44    38973.0000    37508.2446    12245    3.76%
    814   773    37508.2446   166    38973.0000    37508.2446    14662    3.76%
    900   859    37508.2446    89    38973.0000    37508.2446    16922    3.76%
    925   884    37508.2446   206    38973.0000    37508.2446    17952    3.76%

Performing restart 1

Repeating presolve.
Tried aggregator 1 time.
MIP Presolve modified 268 coefficients.
Reduced MIP has 212 rows, 5226 columns, and 10422 nonzeros.
Reduced MIP has 5226 binaries, 0 generals, 0 SOSs, and 0 indicators.
Presolve time = 0.02 sec. (12.80 ticks)
Tried aggregator 1 time.
MIP Presolve modified 162 coefficients.
Reduced MIP has 212 rows, 5226 columns, and 10422 nonzeros.
Reduced MIP has 5226 binaries, 0 generals, 0 SOSs, and 0 indicators.
Presolve time = 0.02 sec. (15.51 ticks)
Represolve time = 0.09 sec. (80.61 ticks)
    927     0    37515.8142   195    38973.0000     Cuts: 126    20641    3.74%
    927     0    37515.8142   214    38973.0000     Cuts: 153    21080    3.74%
    927     0    37519.4730   177    38973.0000     Cuts: 100    21642    3.73%
    927     0    37519.4730   207    38973.0000     Cuts: 150    22254    3.73%
    927     0    37519.4730   176    38973.0000      Cuts: 99    22778    3.73%
    927     0    37524.0229   191    38973.0000     Cuts: 141    23310    3.72%
    927     0    37524.0229   183    38973.0000     Cuts: 153    23754    3.72%
    927     0    37524.0229   210    38973.0000     Cuts: 153    24300    3.72%
    927     0    37524.0229   168    38973.0000     Cuts: 106    24766    3.72%
    927     0    37524.0229   161    38973.0000     Cuts: 153    25202    3.72%
    927     2    37524.0229    75    38973.0000    37524.3862    25202    3.72%
Elapsed time = 5.78 sec. (7745.85 ticks, tree = 0.01 MB, solutions = 8)
   1033    77    37526.3660    89    38973.0000    37527.4094    26665    3.71%
   1232   269    38399.0000    45    38973.0000    37529.7953    29289    3.70%
   1490   442    37565.9243    95    38973.0000    37534.8016    33044    3.69%
   1839   757    37990.0000    87    38973.0000    37536.8175    37090    3.69%
   2206  1059    37564.1333    69    38973.0000    37537.9112    41111    3.68%
   2607  1431    38123.4118    66    38973.0000    37538.0308    45682    3.68%
   3036  1827    37561.0238    79    38973.0000    37538.8628    49939    3.68%
   3492  2261    38067.4118    57    38973.0000    37539.4118    55210    3.68%
   4022  2774    38005.0000    72    38973.0000    37540.4866    60115    3.68%
   4523  3258    38728.0000    55    38973.0000    37540.6664    66702    3.68%
Elapsed time = 12.27 sec. (17322.16 ticks, tree = 16.57 MB, solutions = 8)
   5037  3732    37920.0000    69    38973.0000    37542.8328    71967    3.67%
   5508  4140    37711.0000    78    38973.0000    37543.6585    77946    3.67%
   6031  4643    38493.0000    64    38973.0000    37544.6098    83789    3.67%
   6537  5130    37893.0000    45    38973.0000    37545.1859    89529    3.66%
   7175  5699    37984.0000    82    38973.0000    37546.0000    95834    3.66%
   7852  6344    38005.0000    75    38973.0000    37547.0135   102804    3.66%
   8393  6867    38431.0000    62    38973.0000    37547.2225   109895    3.66%
   9077  7482    38632.0000    43    38973.0000    37548.5935   116682    3.65%
   9787  8123    38838.0000    46    38973.0000    37548.7385   123247    3.65%
* 10167+ 8453                        38932.0000    37548.7429             3.55%
* 10167+ 8399                        38856.0000    37548.7429             3.36%
* 10167+ 7936                        38775.0000    37548.7429             3.16%
* 10167+ 7597                        38696.0000    37548.7429             2.96%
  10167  7599    37637.4442    83    38696.0000    37548.7429   126284    2.96%
Elapsed time = 31.40 sec. (40332.86 ticks, tree = 38.92 MB, solutions = 12)
  10821  8187    37939.0000    79    38696.0000    37549.0526   132947    2.96%
  11327  8658    37621.6613    78    38696.0000    37549.0651   142272    2.96%
  11938  9217    38410.1765    80    38696.0000    37549.6932   147978    2.96%
  12546  9769    37633.0000    79    38696.0000    37550.0989   154769    2.96%
  13197 10372    38548.0000    38    38696.0000    37550.0989   162825    2.96%
  13884 11004    38614.0000    42    38696.0000    37550.1415   169115    2.96%
  14527 11602    38614.0000    57    38696.0000    37550.1739   175063    2.96%
  15298 12322    37990.0000    79    38696.0000    37550.1739   181450    2.96%
  16109 13041    37990.0000    66    38696.0000    37550.1739   189214    2.96%
  16827 13715    37690.4835    88    38696.0000    37550.3345   195813    2.96%
Elapsed time = 37.84 sec. (49897.02 ticks, tree = 69.79 MB, solutions = 12)
  17507 14325    37596.5610    77    38696.0000    37550.6807   202039    2.96%
  18002 14807    38121.0000    73    38696.0000    37550.8487   209096    2.96%
  18717 15473    38461.0000    60    38696.0000    37550.9862   216767    2.96%
  19472 16155    37556.6340   149    38696.0000    37552.1250   224673    2.96%

Performing restart 2

Repeating presolve.
Tried aggregator 1 time.
MIP Presolve modified 162 coefficients.
Reduced MIP has 212 rows, 5226 columns, and 10422 nonzeros.
Reduced MIP has 5226 binaries, 0 generals, 0 SOSs, and 0 indicators.
Presolve time = 0.01 sec. (12.63 ticks)
Tried aggregator 1 time.
MIP Presolve modified 162 coefficients.
Reduced MIP has 212 rows, 5226 columns, and 10422 nonzeros.
Reduced MIP has 5226 binaries, 0 generals, 0 SOSs, and 0 indicators.
Presolve time = 0.02 sec. (15.51 ticks)
Represolve time = 0.29 sec. (197.84 ticks)
  19627     0    37524.0229   185    38696.0000     Cuts: 153   228171    2.96%
  19627     0    37524.0229   197    38696.0000     Cuts: 129   228805    2.96%
  19627     0    37524.0229   179    38696.0000     Cuts: 143   229306    2.96%
  19627     0    37524.0229   190    38696.0000     Cuts: 100   229742    2.96%
  19627     0    37524.0229   163    38696.0000     Cuts: 103   230367    2.96%
  19627     0    37524.0229   198    38696.0000      Cuts: 96   231065    2.96%
  19627     0    37524.0229   159    38696.0000     Cuts: 117   231496    2.96%
  19627     0    37524.0229   115    38696.0000      Cuts: 72   231994    2.96%
  19627     0    37524.0229   146    38696.0000      Cuts: 91   232499    2.96%
  19627     0    37524.0229   181    38696.0000     Cuts: 124   232925    2.96%
  19627     2    37524.0229    90    38696.0000    37552.1250   232925    2.96%
  19742    79    37525.2792    87    38696.0000    37552.1250   234296    2.96%
  19885   221    37860.0000    62    38696.0000    37552.1250   236508    2.96%
  20054   378    37729.7097    80    38696.0000    37552.1250   238543    2.96%
  20227   530    37868.0000    64    38696.0000    37552.1250   240490    2.96%
  20453   710        cutoff          38696.0000    37552.1250   243486    2.96%
Elapsed time = 47.24 sec. (63571.67 ticks, tree = 2.99 MB, solutions = 12)
  20730   972    38537.0000    61    38696.0000    37552.1250   245633    2.96%
  20977  1182    37533.7690   106    38696.0000    37552.1250   248081    2.96%
  21316  1463    37548.0453   104    38696.0000    37552.1250   251477    2.96%
  21700  1807    37882.2353    89    38696.0000    37552.1250   255209    2.96%
  22109  2191    37864.6522    97    38696.0000    37552.1250   259461    2.96%
  22497  2554    37991.0000    92    38696.0000    37552.1250   263126    2.96%
  22936  2955    38020.0000    77    38696.0000    37552.1250   267448    2.96%
  23385  3372    37950.6891    98    38696.0000    37552.1250   271100    2.96%
  23743  3720    38105.1081    63    38696.0000    37552.1250   274149    2.96%
  24117  4080    38038.2184    71    38696.0000    37552.1250   277158    2.96%
Elapsed time = 53.57 sec. (73138.74 ticks, tree = 17.23 MB, solutions = 12)
  24461  4413    38428.0000    12    38696.0000    37552.1250   280419    2.96%
  24928  4838    38189.0000    89    38696.0000    37552.1250   283555    2.96%
  25410  5273    37558.4848    77    38696.0000    37552.1250   287752    2.96%
  25962  5799    37792.8000    93    38696.0000    37552.1250   291964    2.96%
  26594  6401    37990.0000    70    38696.0000    37552.1250   297292    2.96%
  27227  6986    37999.0000    75    38696.0000    37552.1250   301870    2.96%
  27936  7639    38115.0000    68    38696.0000    37552.1250   307392    2.96%
  28464  8092    37600.8586    77    38696.0000    37552.1250   312434    2.96%
  29070  8648    38139.2333    90    38696.0000    37552.1250   318773    2.96%
  29703  9249    37864.6845    73    38696.0000    37552.1250   324718    2.96%
Elapsed time = 60.07 sec. (82713.95 ticks, tree = 39.41 MB, solutions = 12)
  30409  9890    38214.0000    79    38696.0000    37552.1250   330496    2.96%
  31229 10658    37921.0000    81    38696.0000    37552.1250   335990    2.96%
  31910 11319    37558.1991    87    38696.0000    37552.1250   341709    2.96%
  32701 12087    38614.0000    68    38696.0000    37552.1250   347332    2.96%
  33509 12831    37915.5714    74    38696.0000    37552.1250   353602    2.96%
  34388 13644    37893.0000    61    38696.0000    37552.1250   358463    2.96%
  35115 14330    37847.7222    96    38696.0000    37552.1250   363421    2.96%
  36015 15155    37819.0000    65    38696.0000    37552.1250   369613    2.96%
  36755 15832    37984.4444    76    38696.0000    37552.1250   374911    2.96%
  37383 16428    38614.0000    53    38696.0000    37552.1250   378817    2.96%
Elapsed time = 66.72 sec. (92292.40 ticks, tree = 70.33 MB, solutions = 12)
  37879 16890    37893.0000    72    38696.0000    37552.1250   383023    2.96%
  38298 17298    37903.9946    72    38696.0000    37552.1250   387217    2.96%
  38824 17784    37893.0000    69    38696.0000    37552.1250   391226    2.96%
  39363 18302    37560.8260    76    38696.0000    37552.1250   395604    2.96%
  39985 18899    38614.0000    68    38696.0000    37552.1250   399185    2.96%
  40627 19501    37986.7500    77    38696.0000    37552.1250   403355    2.96%
  41088 19937    infeasible          38696.0000    37552.1250   407105    2.96%
  41694 20525    37893.0000    79    38696.0000    37552.1250   411852    2.96%
  42354 21160    37883.3095    97    38696.0000    37552.1250   416270    2.96%
  42962 21739    37691.7381    72    38696.0000    37552.1250   420946    2.96%
Elapsed time = 74.37 sec. (101836.60 ticks, tree = 92.70 MB, solutions = 12)
  43539 22295    37652.2378    79    38696.0000    37552.1250   425650    2.96%
  44237 22958    38585.0000    36    38696.0000    37552.1250   429984    2.96%
  44745 23433    38525.0000    41    38696.0000    37552.1250   433612    2.96%
  45428 24095    38660.0000    70    38696.0000    37552.1250   437675    2.96%
  46063 24688    38240.8376    86    38696.0000    37552.1250   443006    2.96%
  46819 25401    37628.8799    76    38696.0000    37552.1250   447986    2.96%
  47487 26038    37638.9599    79    38696.0000    37552.1250   452708    2.96%
  48153 26687    38694.0000    72    38696.0000    37552.1250   456294    2.96%
  48773 27269    37893.0000    66    38696.0000    37552.1250   460680    2.96%
  51575 29928    37893.0000    71    38696.0000    37552.1250   477787    2.96%
Elapsed time = 84.54 sec. (114292.30 ticks, tree = 127.21 MB, solutions = 12)
  54106 32332    37910.6058    92    38696.0000    37552.1250   495047    2.96%
  56224 34349    37996.0000    72    38696.0000    37552.3542   509035    2.96%
  58654 36626    37934.0000    83    38696.0000    37553.8040   526740    2.95%
  61378 39218    37893.0000    79    38696.0000    37554.0625   544479    2.95%
  64041 41723    37605.5556    87    38696.0000    37555.5532   562973    2.95%
  65629 43236    37828.0000    66    38696.0000    37555.5532   574249    2.95%
  68145 45605    38652.0000    57    38696.0000    37555.5532   593950    2.95%
  70866 48198    37635.7589    80    38696.0000    37555.5532   611948    2.95%
  73790 50963    37994.7059    72    38696.0000    37555.6667   630824    2.95%
  76631 53701    38029.0000    87    38696.0000    37556.5745   649545    2.94%
Elapsed time = 116.18 sec. (152448.26 ticks, tree = 228.64 MB, solutions = 12)
  79015 55999    38029.0000    80    38696.0000    37556.5745   667350    2.94%
  81558 58466    38653.0000    79    38696.0000    37556.5745   685458    2.94%
  84222 61029    38012.0000    81    38696.0000    37556.5745   703611    2.94%
  86527 63257    38029.0000    67    38696.0000    37556.5745   719816    2.94%
  89249 65858    38029.0000    78    38696.0000    37556.5745   739661    2.94%
  91744 68250    38034.0000    83    38696.0000    37556.9160   756441    2.94%
  94163 70547    37934.0000    81    38696.0000    37557.9333   773147    2.94%
  96827 73099    37880.2928    89    38696.0000    37558.1991   790623    2.94%
  99509 75681    38057.0000    82    38696.0000    37558.8780   807995    2.94%
 102216 78271    37575.1615    91    38696.0000    37558.8780   826977    2.94%
Elapsed time = 148.92 sec. (191617.47 ticks, tree = 334.75 MB, solutions = 12)
 105037 80995    38678.0000    68    38696.0000    37558.8780   846316    2.94%
 107584 83409    38189.0000    78    38696.0000    37558.8780   864690    2.94%
 110107 85834    37732.0000    76    38696.0000    37558.8780   881925    2.94%
 112835 88481    38054.0000    77    38696.0000    37558.8780   901931    2.94%
 114127 89722    37611.3203    87    38696.0000    37558.8780   911428    2.94%
 116915 92378    38028.2632    74    38696.0000    37558.8780   933094    2.94%
 119501 94852    38189.0000    71    38696.0000    37558.8780   951978    2.94%
 122129 97341    38155.0000    77    38696.0000    37558.8780   971250    2.94%
 124702 99823    38054.0000    69    38696.0000    37558.8780   989326    2.94%
 127291 102311    38095.0000    77    38696.0000    37558.8780  1008951    2.94%
Elapsed time = 180.88 sec. (230041.99 ticks, tree = 435.84 MB, solutions = 12)
 129866 104774    38054.0000    81    38696.0000    37558.8780  1026879    2.94%
 132502 107302    38007.1538    95    38696.0000    37558.8780  1046003    2.94%
 135300 110014    38054.0000    68    38696.0000    37558.8780  1064383    2.94%
 138154 112769    38451.0000    82    38696.0000    37558.8780  1085016    2.94%
 140397 114926    37811.2241   104    38696.0000    37558.8780  1104379    2.94%
 141904 116392    38583.0000    72    38696.0000    37559.0244  1121799    2.94%
 143480 117915    38006.0000    99    38696.0000    37559.5685  1142058    2.94%
 145560 119906    37947.0000    87    38696.0000    37559.5685  1166597    2.94%
 147618 121905    38571.0000   103    38696.0000    37559.5685  1188834    2.94%
 149452 123698    37947.0000   101    38696.0000    37559.5685  1210812    2.94%
Elapsed time = 212.32 sec. (268197.32 ticks, tree = 532.34 MB, solutions = 12)
 151467 125664    37906.0000    94    38696.0000    37559.5685  1232598    2.94%
 152126 126309    37947.0000    96    38696.0000    37559.5685  1243492    2.94%
 153971 128128    37947.0000    91    38696.0000    37559.5685  1266179    2.94%
 156112 130251    38291.9268   100    38696.0000    37559.5685  1289046    2.94%
 158007 132107    37947.0000    88    38696.0000    37559.5685  1314011    2.94%
 159984 134025    37947.0000   105    38696.0000    37559.5685  1337109    2.94%
 161809 135782    38571.0000    71    38696.0000    37559.5685  1358866    2.94%
 163781 137651    37967.7970   101    38696.0000    37559.5685  1383236    2.94%
 165426 139228    37610.7880   130    38696.0000    37559.5685  1406616    2.94%
 167597 141322    37947.0000    89    38696.0000    37559.5685  1430910    2.94%
Elapsed time = 243.56 sec. (306366.70 ticks, tree = 622.00 MB, solutions = 12)
 169709 143379    37946.0280   158    38696.0000    37559.5685  1453863    2.94%
 171477 145096    37606.7793   104    38696.0000    37559.5685  1475662    2.94%
 173475 147048    37854.1176   113    38696.0000    37559.5685  1502309    2.94%
 175336 148834    37811.2777   123    38696.0000    37559.5685  1526149    2.94%
 177288 150721    37972.0000    78    38696.0000    37559.5685  1550784    2.94%
 179027 152430    37575.9133   110    38696.0000    37559.5685  1571267    2.94%
 181113 154478    37744.6364   106    38696.0000    37559.5685  1597835    2.94%
 183130 156466    38571.0000    73    38696.0000    37559.5685  1622410    2.94%
 185311 158628    37947.0000    87    38696.0000    37559.5685  1645472    2.94%
 187368 160636    37615.7561   126    38696.0000    37559.5685  1670969    2.94%
Elapsed time = 275.61 sec. (344970.07 ticks, tree = 718.70 MB, solutions = 12)
 189387 162591    37944.0000   111    38696.0000    37559.5685  1693253    2.94%
 190303 163474    37906.0000    88    38696.0000    37559.5685  1704666    2.94%
 192399 165506    37906.0000    76    38696.0000    37559.5685  1727258    2.94%
 194379 167398    38067.0028    83    38696.0000    37559.5685  1750401    2.94%
 196508 169469    37831.3922    74    38696.0000    37559.5685  1775291    2.94%
 198647 171544    37759.5636   103    38696.0000    37559.5685  1797752    2.94%
 200827 173712    37947.0000    80    38696.0000    37559.5685  1821594    2.94%
 203051 175911    37586.1098   117    38696.0000    37559.5685  1844957    2.94%
 205179 178000    37906.0000    96    38696.0000    37559.5685  1867001    2.94%
 207242 180037    37583.1042   123    38696.0000    37559.5685  1888845    2.94%
Elapsed time = 307.30 sec. (383140.32 ticks, tree = 814.17 MB, solutions = 12)
 209462 182216    37900.1429    82    38696.0000    37559.5685  1910793    2.94%
 211682 184399    37947.0000    90    38696.0000    37559.5685  1931099    2.94%
 213967 186616    37947.0000   101    38696.0000    37559.5685  1952806    2.94%
 215220 187842    38571.0000    70    38696.0000    37559.5685  1964813    2.94%
 217502 190082    37968.3415   103    38696.0000    37559.5685  1986372    2.94%
 219805 192337    37854.1176    96    38696.0000    37559.5685  2010028    2.94%
 222072 194556    37854.1176   100    38696.0000    37559.5685  2034923    2.94%
 224336 196781    37947.0000    81    38696.0000    37559.5685  2054862    2.94%
 226466 198886    37764.9527   104    38696.0000    37559.5685  2076476    2.94%
 228601 200955    37723.0000   105    38696.0000    37559.5685  2096988    2.94%
Elapsed time = 339.23 sec. (421302.92 ticks, tree = 919.08 MB, solutions = 12)
 230860 203197    37604.9856   121    38696.0000    37559.5685  2118901    2.94%
 233071 205369    37589.9015   115    38696.0000    37559.5685  2142547    2.94%
 235306 207591    37855.1674   143    38696.0000    37559.5685  2166003    2.94%
 237112 209352    37889.0435   112    38696.0000    37559.5685  2191922    2.94%
 239298 211492    37794.8060   116    38696.0000    37559.5685  2214276    2.94%
 241143 213319    37594.0774   131    38696.0000    37559.5685  2239300    2.94%
 243369 215502    38684.0000    83    38696.0000    37559.5685  2261373    2.94%
 243675 215782    37588.2385   171    38696.0000    37559.5685  2271458    2.94%
 245063 217163    37854.1194   170    38696.0000    37559.5685  2296863    2.94%
 246313 218361    37918.3333   110    38696.0000    37559.5685  2324991    2.94%
Elapsed time = 371.19 sec. (459489.41 ticks, tree = 1005.32 MB, solutions = 12)
 247589 219573    37587.4806   173    38696.0000    37559.5685  2350494    2.94%
 249062 220998    37785.0960   136    38696.0000    37559.5685  2376413    2.94%
 250438 222340    37712.4355   171    38696.0000    37559.5685  2402188    2.94%
 251936 223776    37667.4539   124    38696.0000    37559.5685  2430732    2.94%
 253556 225335    38559.0000    92    38696.0000    37559.5685  2455716    2.94%
 255264 226994    37661.8857   188    38696.0000    37559.5685  2482154    2.94%
 256746 228412    38110.5282   118    38696.0000    37559.5685  2510518    2.94%
 258260 229881    38081.5556    94    38696.0000    37559.5685  2537600    2.94%
 259417 230963    37700.2711   145    38696.0000    37559.5685  2565839    2.94%
 260808 232308    37974.9032    95    38696.0000    37559.5685  2593734    2.94%
Elapsed time = 403.01 sec. (497707.11 ticks, tree = 1079.58 MB, solutions = 12)
 262096 233552    37955.0091   124    38696.0000    37559.5685  2624843    2.94%
 263327 234747    37906.0000    87    38696.0000    37559.5685  2649366    2.94%
 264790 236139    37854.1176   124    38696.0000    37559.5685  2678589    2.94%
 266221 237501    37606.8797   165    38696.0000    37559.5685  2703439    2.94%
 267565 238800    37854.1176    95    38696.0000    37559.5685  2729709    2.94%
 268987 240167    37972.0000   101    38696.0000    37559.5685  2758953    2.94%
 270118 241257    37891.2387   108    38696.0000    37559.5685  2788225    2.94%
*271327+237717                        38662.0000    37559.5685             2.85%
 271327 237719    37925.8947    97    38662.0000    37559.5685  2812559    2.85%
 271771 238147    37854.1429   111    38662.0000    37559.5685  2822153    2.85%
 273061 239396    37895.2941   114    38662.0000    37559.5685  2852465    2.85%
Elapsed time = 435.96 sec. (538333.34 ticks, tree = 1120.07 MB, solutions = 13)
 274377 240621    37854.1176   115    38662.0000    37559.5685  2881969    2.85%
 275830 242003    37843.4972   127    38662.0000    37559.5685  2909875    2.85%
 277266 243410    38097.3671   117    38662.0000    37559.5685  2940546    2.85%
 278639 244721    37672.9482   162    38662.0000    37559.5685  2968380    2.85%
 279917 245952    37819.8259   153    38662.0000    37559.5685  2992904    2.85%
 281017 247012    37869.6471   107    38662.0000    37559.5685  3020672    2.85%
 282404 248349    37649.8809   182    38662.0000    37559.5685  3048760    2.85%
*282827+213980                        38511.0000    37559.5685             2.47%
 282927 214078    37662.8920   166    38511.0000    37559.5685  3060614    2.47%
 283925 215039    37720.4542   159    38511.0000    37559.5685  3084513    2.47%
 285072 216146    37902.6958   137    38511.0000    37559.5685  3116712    2.47%
Elapsed time = 467.70 sec. (577109.93 ticks, tree = 1017.43 MB, solutions = 14)
 285827 216871    37614.5626   205    38511.0000    37559.5685  3136217    2.47%
 286900 217918    37632.6437   185    38511.0000    37559.5685  3166988    2.47%
 288183 219151    38385.1176   118    38511.0000    37559.5685  3194372    2.47%
 289277 220194    37695.9393   176    38511.0000    37559.5685  3225462    2.47%
 290229 221108    37653.4769   175    38511.0000    37559.5685  3255099    2.47%
 290775 221630    37886.8798   195    38511.0000    37559.5685  3287214    2.47%
 291392 222215    37769.4789   199    38511.0000    37559.5685  3315100    2.47%
 291732 222543    37790.8793   150    38511.0000    37559.5685  3345173    2.47%
 292334 223114    37947.0000   147    38511.0000    37559.5685  3375134    2.47%
 292942 223683    37694.7810   196    38511.0000    37559.5685  3402443    2.47%
Elapsed time = 499.96 sec. (616925.59 ticks, tree = 1063.65 MB, solutions = 14)
 293715 224441    37891.2472   181    38511.0000    37559.5685  3427424    2.47%
 294117 224827    37690.2566   247    38511.0000    37559.5685  3454311    2.47%
 294227 224933    37912.9836   212    38511.0000    37559.5685  3476403    2.47%
 294651 225326    37826.8861   197    38511.0000    37559.5685  3505412    2.47%
 295295 225953    38114.3999   212    38511.0000    37559.5685  3533604    2.47%
 295773 226399    37677.1042   264    38511.0000    37559.5685  3559935    2.47%
 296123 226722    37637.4528   325    38511.0000    37559.5685  3583626    2.47%
 296544 227129    37681.5930   274    38511.0000    37559.5685  3606835    2.47%
 296879 227432    37838.2895   200    38511.0000    37559.5685  3629279    2.47%
 297200 227743    38052.0000   111    38511.0000    37559.5685  3653744    2.47%
Elapsed time = 529.17 sec. (658085.78 ticks, tree = 1097.26 MB, solutions = 14)
 297504 228035    37906.0000   193    38511.0000    37559.5685  3676204    2.47%
 297834 228353    37906.0000   117    38511.0000    37559.5685  3698315    2.47%
 298322 228826    38424.4152   167    38511.0000    37559.5685  3720596    2.47%
 298434 228923    37893.3869   227    38511.0000    37559.5685  3731643    2.47%
 298841 229323    37847.1447   214    38511.0000    37559.5685  3753641    2.47%
 299261 229730    37697.4665   195    38511.0000    37559.5685  3777870    2.47%
 299694 230152    38360.2108   176    38511.0000    37559.5685  3799912    2.47%
 300191 230637    37906.0000    98    38511.0000    37559.5685  3821277    2.47%
 300487 230915    37637.8033   324    38511.0000    37559.5685  3846029    2.47%
 300887 231312    37993.4622   239    38511.0000    37559.5685  3868804    2.47%
Elapsed time = 553.32 sec. (696989.54 ticks, tree = 1133.51 MB, solutions = 14)
 301106 231502    37637.7619   356    38511.0000    37559.5685  3892497    2.47%
*301127+148403                        37972.0000    37559.5685             1.09%
 301327 148599    37668.4516   303    37972.0000    37559.5685  3904814    1.09%
 301722 148987    37913.0270   272    37972.0000    37559.5685  3927115    1.09%
 301827 149088    37913.0312   243    37972.0000    37559.5685  3939063    1.09%
 302109 149359    37906.0000   123    37972.0000    37559.5685  3959742    1.09%
 302495 149717    37560.5382   269    37972.0000    37559.6352  3982304    1.09%
 302616 149826    37610.4655   287    37972.0000    37559.6352  3994948    1.09%
 302756 149956    37560.1643   296    37972.0000    37559.6365  4010733    1.09%
 302949 150136        cutoff          37972.0000    37559.6365  4028521    1.09%
 303249 150423    37719.3352   203    37972.0000    37559.6505  4045323    1.09%
Elapsed time = 579.74 sec. (738747.52 ticks, tree = 774.48 MB, solutions = 15)
 303459 150625    37610.5566   389    37972.0000    37559.9166  4064311    1.09%
 303598 150747    37600.4950   297    37972.0000    37559.9802  4082611    1.09%
 303859 150989    37744.1411   370    37972.0000    37560.1036  4099609    1.08%
 303927 151050    37708.8048   299    37972.0000    37560.1113  4110084    1.08%
 304298 151414    37844.2863   264    37972.0000    37560.1273  4130090    1.08%
 304754 151838    37645.7868   389    37972.0000    37560.1377  4153964    1.08%
 305102 152179    37884.3928   251    37972.0000    37560.1377  4179173    1.08%
 305464 152529    37671.8833   282    37972.0000    37560.1377  4203147    1.08%
 305697 152741    37715.3701   226    37972.0000    37560.1377  4224735    1.08%
 305970 152995    37936.0000   106    37972.0000    37560.1643  4245520    1.08%
Elapsed time = 604.43 sec. (777519.52 ticks, tree = 805.51 MB, solutions = 15)
 306277 153293        cutoff          37972.0000    37560.3641  4266694    1.08%
 306553 153550    37674.6073   252    37972.0000    37560.5380  4289023    1.08%
 306827 153805    37789.0000   211    37972.0000    37560.5382  4307029    1.08%
 307015 153965    37616.7838   293    37972.0000    37560.5382  4328129    1.08%
 307213 154131    37897.0000   183    37972.0000    37560.5382  4347062    1.08%
 307393 154288    37629.6229   182    37972.0000    37560.5382  4367514    1.08%
 307691 154552    37841.3403   208    37972.0000    37560.5382  4387399    1.08%
 307960 154792    37616.0298   278    37972.0000    37560.5382  4410251    1.08%
 308056 154883    37920.7129   246    37972.0000    37560.5382  4417658    1.08%
 308292 155089    37632.9021   285    37972.0000    37560.5382  4438833    1.08%
Elapsed time = 629.18 sec. (817690.93 ticks, tree = 830.89 MB, solutions = 15)
 308530 155315    37657.0000   249    37972.0000    37560.5815  4460273    1.08%
 308648 155388    37585.4133   310    37972.0000    37560.6525  4480012    1.08%
 308833 155567    37604.0336   272    37972.0000    37560.6525  4500985    1.08%
 309138 155862    37604.0336   278    37972.0000    37560.7070  4518388    1.08%
 309321 156036    37915.3761   254    37972.0000    37560.7070  4539200    1.08%
 309583 156273    37961.1538   185    37972.0000    37560.7070  4563614    1.08%
 309701 156375    37645.3611   305    37972.0000    37560.7070  4582464    1.08%
 310052 156684    37676.7464   306    37972.0000    37560.7988  4606844    1.08%
 310306 156931    37713.3016   248    37972.0000    37560.8000  4629564    1.08%
 310441 157066    37720.0000   140    37972.0000    37560.8000  4635189    1.08%
Elapsed time = 653.61 sec. (856495.81 ticks, tree = 854.82 MB, solutions = 15)
 310747 157360    37586.9534   244    37972.0000    37560.8000  4658243    1.08%
 311026 157630    37579.1379   302    37972.0000    37560.8260  4679769    1.08%
 311469 158069    37893.0000   146    37972.0000    37560.8260  4699668    1.08%
 311716 158297    37600.4375   286    37972.0000    37560.8260  4722305    1.08%
 312155 158721    37934.0000   124    37972.0000    37560.8260  4745815    1.08%
 312597 159142    37871.4881   250    37972.0000    37560.8260  4768900    1.08%
 313021 159556    37912.0000   122    37972.0000    37560.8260  4791521    1.08%
 313286 159799    37893.0868   157    37972.0000    37560.8260  4814791    1.08%
 313427 159936    37934.0000   153    37972.0000    37560.8260  4822482    1.08%
 314006 160494    infeasible          37972.0000    37560.8260  4850394    1.08%
Elapsed time = 677.96 sec. (895282.13 ticks, tree = 896.23 MB, solutions = 15)
 314391 160863    37906.0000   129    37972.0000    37560.8260  4876448    1.08%
 314890 161353    37934.0000   180    37972.0000    37560.8260  4901552    1.08%
 315227 161672    37893.0000   118    37972.0000    37560.8260  4926068    1.08%
 315535 161963    37781.5621   193    37972.0000    37560.8260  4952485    1.08%
 315866 162284    37871.1333   222    37972.0000    37560.8260  4979241    1.08%
 316361 162743    37729.6696   276    37972.0000    37560.8260  5006011    1.08%
 316639 163000    37649.1427   274    37972.0000    37560.8260  5026639    1.08%
 316987 163339    37912.0000   155    37972.0000    37560.8260  5050564    1.08%
 317274 163609    37905.6429   255    37972.0000    37560.8260  5074191    1.08%
 317639 163962    37591.5768   288    37972.0000    37560.8260  5094096    1.08%
Elapsed time = 701.67 sec. (933795.99 ticks, tree = 938.14 MB, solutions = 15)
 317927 164233    37698.1917   309    37972.0000    37560.8260  5116188    1.08%
 318185 164476    37626.9097   221    37972.0000    37560.8260  5138708    1.08%
 318464 164745    37920.2222   157    37972.0000    37560.8260  5159678    1.08%
 318864 165131    37627.4042   270    37972.0000    37560.8260  5182059    1.08%
 319239 165493    37585.9585   313    37972.0000    37560.8260  5203092    1.08%
 319604 165842    37625.8026   245    37972.0000    37560.8260  5227518    1.08%
 319833 166061    37630.8102   324    37972.0000    37560.8260  5250140    1.08%
 320193 166385    37617.7073   260    37972.0000    37560.8260  5273554    1.08%
 320511 166688    37676.9456   263    37972.0000    37560.8260  5298949    1.08%
 320827 166991    37906.0248   167    37972.0000    37560.8260  5320906    1.08%
Elapsed time = 728.78 sec. (977060.45 ticks, tree = 974.73 MB, solutions = 15)
 321156 167306    37905.2308   213    37972.0000    37560.8260  5343580    1.08%
 321567 167697    37607.5785   297    37972.0000    37560.8287  5368245    1.08%
 322093 168209    37593.9798   282    37972.0000    37560.8287  5389189    1.08%
 322353 168454    37621.7631   274    37972.0000    37560.8310  5410176    1.08%
 322647 168735    37670.2653   327    37972.0000    37560.9590  5431989    1.08%
 322986 169061    37625.4667   171    37972.0000    37561.2083  5449492    1.08%
 323335 169394    37893.5836   221    37972.0000    37561.2762  5473772    1.08%
 323778 169813    37578.1807   390    37972.0000    37561.6759  5500026    1.08%
 324027 170048    37956.0000   100    37972.0000    37561.6759  5517925    1.08%
 324365 170357    37896.8171   248    37972.0000    37561.6829  5543102    1.08%
Elapsed time = 754.17 sec. (1017959.87 ticks, tree = 1015.42 MB, solutions = 15)
 324719 170682    37821.8333   218    37972.0000    37561.6829  5564534    1.08%
 325289 171228    37580.9883   305    37972.0000    37561.7561  5586827    1.08%
 325766 171693    37869.0000   185    37972.0000    37561.7561  5607796    1.08%
 326330 172248    37869.0000    98    37972.0000    37561.7561  5629350    1.08%
 326744 172635    37596.1482   285    37972.0000    37561.7627  5654692    1.08%
 327120 172972    37694.9692   257    37972.0000    37561.8503  5677549    1.08%
 327411 173248    37601.4813   295    37972.0000    37561.8578  5691817    1.08%
 327728 173546    37660.0153   275    37972.0000    37561.9279  5715048    1.08%
 328109 173913    37577.7050   336    37972.0000    37561.9753  5735716    1.08%
 328595 174389    37584.9945   333    37972.0000    37561.9753  5755210    1.08%
Elapsed time = 777.83 sec. (1056183.02 ticks, tree = 1064.05 MB, solutions = 15)
 329012 174783    37745.2114   229    37972.0000    37562.0194  5775289    1.08%
 329227 174986    37721.7812   179    37972.0000    37562.0937  5796464    1.08%
 329473 175217    37869.0000   129    37972.0000    37562.0980  5817941    1.08%
 329783 175513    37869.0000   121    37972.0000    37562.1997  5835861    1.08%
 330093 175812    37954.0000   119    37972.0000    37562.2238  5855598    1.08%
 330662 176371    37738.5774   265    37972.0000    37562.2922  5876292    1.08%
 330788 176479    37592.9942   315    37972.0000    37562.3640  5892857    1.08%
 331078 176765    37795.4377   257    37972.0000    37562.3640  5914363    1.08%
 331200 176879    37830.4768   244    37972.0000    37562.4225  5935389    1.08%
 331506 177162    37662.3374   203    37972.0000    37562.4863  5956053    1.08%
Elapsed time = 801.39 sec. (1095548.01 ticks, tree = 1097.47 MB, solutions = 15)
 331627 177270    37919.0000   136    37972.0000    37562.4863  5965479    1.08%
 332008 177641    37946.0000   110    37972.0000    37562.5370  5988172    1.08%
 332314 177927    37869.0000   118    37972.0000    37562.5615  6009384    1.08%
Starting limited solution polishing.
*332827+175812                        37963.0000    37562.5728             1.05%
 332862 175849    37707.0000   212    37963.0000    37562.5728  6027239    1.05%
*332927+173688                        37954.0000    37562.5728             1.03%
 333027 173783    37837.4121   187    37954.0000    37562.5835  6031900    1.03%
 333227 173962    37690.8045   195    37954.0000    37562.6073  6048807    1.03%
 333427 174145    37604.8519   272    37954.0000    37562.6842  6061059    1.03%
 333527 174236    37605.1248   329    37954.0000    37562.7095  6076060    1.03%
 333727 174428    37720.0000    92    37954.0000    37562.7705  6092006    1.03%
 334035 174731    37869.0000    95    37954.0000    37562.7724  6102380    1.03%
Elapsed time = 829.01 sec. (1136644.31 ticks, tree = 1088.91 MB, solutions = 17)
 334190 174886    37869.4341   123    37954.0000    37562.7724  6105514    1.03%
 334248 174934    37770.4256   166    37954.0000    37562.7752  6120607    1.03%
 334527 175204    37663.3607   270    37954.0000    37562.8236  6132661    1.03%
 334761 175429    37637.7909   289    37954.0000    37562.8236  6151924    1.03%
*334827+143143                        37936.0000    37562.8236             0.98%
 334927 143218    37882.7285   167    37936.0000    37562.8236  6171218    0.98%
 335162 143439    37584.7408   318    37936.0000    37562.8301  6188447    0.98%
 335327 143604    37934.0000   163    37936.0000    37562.8301  6199506    0.98%
 335527 143792    37785.6054   153    37936.0000    37562.8543  6220931    0.98%
 335715 143967        cutoff          37936.0000    37562.8569  6234379    0.98%
 335897 144124    37855.0868   256    37936.0000    37562.8569  6248190    0.98%
Elapsed time = 858.14 sec. (1180195.72 ticks, tree = 938.68 MB, solutions = 18)
*336027+138908                        37925.0000    37562.8618             0.95%
 336027 138910    37584.4367   328    37925.0000    37562.8618  6268377    0.95%
 336127 139000    37880.8462   137    37925.0000    37562.8618  6280960    0.95%
 336227 139098    37893.9806   213    37925.0000    37562.8618  6286455    0.95%
 336427 139295    37919.0000    57    37925.0000    37562.8618  6294304    0.95%
 336545 139389    37690.5412   315    37925.0000    37562.8618  6302702    0.95%
 336627 139468    37900.7633   195    37925.0000    37562.8618  6310925    0.95%
 336827 139655    37919.0000   122    37925.0000    37562.8618  6326778    0.95%
 337035 139853    37751.7500   248    37925.0000    37562.8618  6340194    0.95%
 337294 140095    37639.9791   364    37925.0000    37562.8618  6359795    0.95%
 337527 140321    37919.0000   105    37925.0000    37562.8618  6374868    0.95%
Elapsed time = 886.08 sec. (1220435.28 ticks, tree = 911.12 MB, solutions = 19)
 337727 140515    37919.0000   108    37925.0000    37562.8618  6385694    0.95%
 337827 140609    37801.0249   213    37925.0000    37562.8779  6391253    0.95%
*337927+101388                        37878.0000    37562.8779             0.83%
*337927+95494                        37869.0000    37562.8779             0.81%
 338124 95682    37707.0000   121    37869.0000    37562.8857  6405140    0.81%
*338127+95196                        37867.0000    37562.8857             0.80%
 338392 95455    37707.0000   111    37867.0000    37562.9049  6417018    0.80%

Clique cuts applied:  47
Cover cuts applied:  814
Flow cuts applied:  32
Mixed integer rounding cuts applied:  91
Zero-half cuts applied:  41
Lift and project cuts applied:  4
Gomory fractional cuts applied:  36

Root node processing (before b&c):
  Real time             =    0.58 sec. (649.19 ticks)
Sequential b&c:
  Real time             =  899.43 sec. (1239172.97 ticks)
                          ------------
Total (root+branch&cut) =  900.00 sec. (1239822.16 ticks)
MIP: [1;32mCPLEX finished.[0m
MIP: [1;32mCPLEX status: Feasible[0m
MIP: [1;32mSolution: 
[36, 8, 36, 24, 9, 23, 2, 11, 22, 27, 8, 38, 12, 21, 42, 12, 20, 19, 18, 31, 39, 6, 36, 33, 6, 37, 41, 3, 2, 34, 17, 26, 39, 9, 42, 45, 44, 4, 23, 9, 25, 39, 25, 37, 10, 3, 15, 30, 43, 33, 22, 5, 32, 45, 13, 14, 0, 17, 11, 27, 12, 4, 24, 26, 41, 41, 15, 14, 3, 31, 10, 19, 10, 36, 38, 33, 44, 40, 30, 32, 0, 6, 24, 42, 25, 30, 3, 4, 22, 43][6, -1, 9, 9, 25, 8, 19, -1, 10, 14, 22, 19, 2, 18, 12, 4, -1, 18, 8, 25, 12, 5, 4, 24, 29, 24, 17, 17, -1, -1, 23, 6, 29, 23, 11, -1, 1, 2, 15, 26, 26, 14, 5, 11, 15, 1][0m
MIP: [1;32mObjective value: 37867[0m
MIP: [1;32mLower Bound: 37562.9[0m
MIP: [1;32mBranch-and-Bound nodes: 338649[0m

# best solution:
best objective value:	37867
best dual bound value:	37562
optimality gap:	0.805451%
CPU time:	897.185
