ifile	/scratch/csagturk/mlbp_inst/n0090_m04__040.inst
prob	TNFMLBP
threads	1
ttime	900
instance: /scratch/csagturk/mlbp_inst/n0090_m04__040.inst
	m=4, n=[90, 50, 36, 27, 20]
MIP: [1;32minit CPLEX[0m
CAN: [1;35mcreated 7812 x_{ijk} and f_{ijk} variables[0m
CAN: [1;35mcreated 223 y_{ij} variables[0m
MIP: [1;32mcreated decision variables[0m
MIP: [1;32mcreated constraints[0m
MIP: [1;32mcreated objective function[0m
MIP: [1;32mcalling CPLEX solve ...[0m
Version identifier: 22.1.0.0 | 2022-03-09 | 1a383f8ce
CPXPARAM_Threads                                 1
CPXPARAM_TimeLimit                               900
Tried aggregator 4 times.
MIP Presolve eliminated 91 rows and 8823 columns.
MIP Presolve modified 779 coefficients.
Aggregator did 452 substitutions.
Reduced MIP has 1014 rows, 7612 columns, and 15204 nonzeros.
Reduced MIP has 7273 binaries, 0 generals, 0 SOSs, and 223 indicators.
Presolve time = 0.07 sec. (71.08 ticks)
Probing fixed 0 vars, tightened 133 bounds.
Probing changed sense of 113 constraints.
Probing time = 0.06 sec. (54.40 ticks)
Tried aggregator 1 time.
MIP Presolve eliminated 678 rows and 791 columns.
Reduced MIP has 336 rows, 6821 columns, and 13622 nonzeros.
Reduced MIP has 6821 binaries, 0 generals, 0 SOSs, and 0 indicators.
Presolve time = 0.02 sec. (16.89 ticks)
Tried aggregator 1 time.
Detecting symmetries...
Reduced MIP has 336 rows, 6821 columns, and 13622 nonzeros.
Reduced MIP has 6821 binaries, 0 generals, 0 SOSs, and 0 indicators.
Presolve time = 0.02 sec. (15.51 ticks)
Probing time = 0.00 sec. (3.34 ticks)
Clique table members: 1574.
MIP emphasis: balance optimality and feasibility.
MIP search method: dynamic search.
Parallel mode: none, using 1 thread.
Root relaxation solution time = 0.01 sec. (21.20 ticks)

        Nodes                                         Cuts/
   Node  Left     Objective  IInf  Best Integer    Best Bound    ItCnt     Gap

      0     0    68764.0710   148                  68764.0710      696         
      0     0    68813.0259   229                   Cuts: 184     1527         
      0     0    68855.9516   254                   Cuts: 184     2148         
      0     0    68859.7496   290                   Cuts: 184     3150         
      0     0    68907.7677   270                   Cuts: 184     4088         
      0     0    68933.1402   268                   Cuts: 184     4642         
      0     0    68960.8896   336                   Cuts: 181     5336         
      0     0    68980.9384   293                   Cuts: 178     5912         
      0     0    68994.6060   325                   Cuts: 175     6540         
      0     0    69008.7462   303                   Cuts: 173     7144         
      0     0    69021.1288   325                   Cuts: 149     7742         
      0     0    69034.9367   305                   Cuts: 147     8363         
      0     0    69047.1306   289                   Cuts: 180     8909         
      0     0    69052.9055   326                   Cuts: 153     9491         
      0     0    69059.7849   324                   Cuts: 135     9941         
*     0+    0                        88842.0000    69059.7849            22.27%
*     0+    0                        85367.0000    69059.7849            19.10%
*     0+    0                        83753.0000    69059.7849            17.54%
*     0+    0                        81668.0000    69059.7849            15.44%
*     0+    0                        81294.0000    69059.7849            15.05%
      0     0  -1.00000e+75     0    81294.0000    69059.7849     9941   15.05%
      0     2    69059.7849   232    81294.0000    69059.8670     9941   15.05%
Elapsed time = 2.66 sec. (3636.07 ticks, tree = 0.01 MB, solutions = 5)
     52    54    69160.5202   175    81294.0000    69063.8629    11467   15.04%
     80    82    69160.5202   174    81294.0000    69063.8629    12012   15.04%
    124   126    69478.0214   154    81294.0000    69063.8629    13473   15.04%
    160   162    69386.1920   127    81294.0000    69063.8629    14576   15.04%
    239   241    69857.7581   144    81294.0000    69063.8629    16426   15.04%
    340   342    70699.9031    97    81294.0000    69063.8629    17891   15.04%
    437   437    70574.1460    88    81294.0000    69063.8629    19279   15.04%

Performing restart 1

Repeating presolve.
Tried aggregator 1 time.
MIP Presolve modified 1654 coefficients.
Reduced MIP has 336 rows, 6821 columns, and 13622 nonzeros.
Reduced MIP has 6821 binaries, 0 generals, 0 SOSs, and 0 indicators.
Presolve time = 0.02 sec. (18.35 ticks)
Tried aggregator 1 time.
MIP Presolve modified 1368 coefficients.
Reduced MIP has 336 rows, 6821 columns, and 13622 nonzeros.
Reduced MIP has 6821 binaries, 0 generals, 0 SOSs, and 0 indicators.
Presolve time = 0.02 sec. (21.48 ticks)
Represolve time = 0.15 sec. (124.32 ticks)
    466     0    69012.5067   296    81294.0000     Cuts: 184    23620   15.04%
    466     0    69063.2657   335    81294.0000     Cuts: 184    24487   15.04%
    466     0    69121.5394   364    81294.0000     Cuts: 160    25870   14.97%
*   466+    0                        80726.0000    69121.5394            14.38%
*   466+    0                        79247.0000    69121.5394            12.78%
    466     0  -1.00000e+75     0    79247.0000    69121.5394    25870   12.78%
    466     0    69143.5121   375    79247.0000     Cuts: 177    26758   12.75%
    466     0    69153.3579   357    79247.0000     Cuts: 168    27990   12.74%
    466     0    69163.8273   387    79247.0000     Cuts: 134    28767   12.72%
    466     0    69167.3304   353    79247.0000     Cuts: 145    29730   12.72%
    466     0    69173.3099   373    79247.0000     Cuts: 145    30730   12.71%
    466     0    69174.8913   343    79247.0000     Cuts: 148    31761   12.71%
    466     0    69180.1691   380    79247.0000     Cuts: 143    32481   12.70%
    466     0    69183.1890   370    79247.0000     Cuts: 124    33144   12.70%
    466     0    69185.4024   374    79247.0000     Cuts: 123    33702   12.70%
    466     0    69186.2047   354    79247.0000     Cuts: 110    34313   12.70%
    466     0    69186.3874   352    79247.0000     Cuts: 106    34886   12.70%
    466     0    69188.3728   310    79247.0000      Cuts: 81    35884   12.69%
    466     0    69188.8675   312    79247.0000     Cuts: 121    36605   12.69%
    466     0    69192.6142   322    79247.0000      Cuts: 87    37505   12.69%
    466     0    69192.9926   357    79247.0000      Cuts: 87    38313   12.69%
    466     2    69192.9926   301    79247.0000    69193.8531    38313   12.69%
    467     3    69199.8057   298    79247.0000    69199.9185    38481   12.68%
    471     7    69284.3918   261    79247.0000    69206.8183    40061   12.67%
Elapsed time = 12.55 sec. (15931.02 ticks, tree = 0.05 MB, solutions = 7)
    475    11    69317.7240   305    79247.0000    69206.8183    41870   12.67%
    481    17    69867.1888   279    79247.0000    69206.8183    44599   12.67%
    503    39    69878.0082   252    79247.0000    69206.8183    46644   12.67%
    520    56    70064.0119   243    79247.0000    69206.8183    50155   12.67%
    566   102    70134.5560   206    79247.0000    69206.8183    51958   12.67%
    587   123    70335.6989   201    79247.0000    69206.8183    55963   12.67%
    630   166    70644.5101   251    79247.0000    69206.8183    59745   12.67%
*   633+  163                        78901.0000    69206.8183            12.29%
    647   179    69395.7657   200    78901.0000    69211.8332    62275   12.28%
    680   212    69924.1835   237    78901.0000    69211.8332    67306   12.28%
    755   286    72292.2813   188    78901.0000    69211.8332    70814   12.28%
Elapsed time = 20.30 sec. (26105.10 ticks, tree = 2.56 MB, solutions = 8)
    836   367    72511.5483   164    78901.0000    69211.8332    75278   12.28%
    894   410    69225.3280   276    78901.0000    69220.1707    78648   12.27%
    921   437    69347.8003   274    78901.0000    69220.1707    82737   12.27%
    957   473    69786.2494   244    78901.0000    69220.1707    89519   12.27%
   1066   567    71654.9811   196    78901.0000    69220.1707    94850   12.27%
   1081   581    69294.1516   319    78901.0000    69220.5639    99260   12.27%
   1099   599    69674.6796   262    78901.0000    69220.5639   104530   12.27%
   1125   623    70938.5486   277    78901.0000    69220.5639   113134   12.27%
   1197   693    71662.5213   187    78901.0000    69220.5639   119726   12.27%
   1271   765    69309.4353   294    78901.0000    69225.6334   122567   12.26%
Elapsed time = 28.30 sec. (36163.44 ticks, tree = 6.92 MB, solutions = 8)
   1294   788    69687.7503   257    78901.0000    69225.6334   129701   12.26%
   1356   850    71485.6662   226    78901.0000    69225.6334   135107   12.26%
*  1466+  956                        78808.0000    69225.6334            12.16%
*  1466+  956                        78669.0000    69225.6334            12.00%
   1466   958    71843.9587   174    78669.0000    69225.6334   139141   12.00%
   1478   970    69538.0663   297    78669.0000    69227.6681   145196   12.00%
   1626  1106    71616.3724   193    78669.0000    69227.6681   150208   12.00%
   1689  1164    69563.8920   290    78669.0000    69232.7660   154535   11.99%
   1722  1197    70525.0410   229    78669.0000    69232.7660   161961   11.99%
   1852  1323    69742.7452   286    78669.0000    69235.1479   166638   11.99%
   1873  1344    70863.3409   284    78669.0000    69235.1479   175083   11.99%
   2068  1527    69406.5171   280    78669.0000    69243.4587   179864   11.98%
Elapsed time = 37.17 sec. (47356.99 ticks, tree = 13.82 MB, solutions = 10)
   2172  1630    71696.3185   224    78669.0000    69243.4587   185933   11.98%
   2268  1726    69636.4491   320    78669.0000    69246.4257   190030   11.98%
   2296  1754    70028.8223   236    78669.0000    69246.4257   196789   11.98%
   2364  1815    69517.1363   292    78669.0000    69247.4364   203672   11.98%
   2396  1847    70119.3207   279    78669.0000    69247.4364   210130   11.98%
   2466  1917    71523.0552   221    78669.0000    69247.4364   213169   11.98%
   2668  2119    69380.0440   305    78669.0000    69249.0450   218146   11.97%
   2696  2147    70261.7430   274    78669.0000    69249.0450   225792   11.97%
   2868  2302    69283.4164   333    78669.0000    69249.6784   229837   11.97%
   2899  2333    70075.3880   310    78669.0000    69249.6784   236995   11.97%
Elapsed time = 47.76 sec. (61241.62 ticks, tree = 21.40 MB, solutions = 10)
   2917  2351    71435.0086   272    78669.0000    69249.6784   244708   11.97%
   3007  2434    69383.0546   318    78669.0000    69250.9641   249503   11.97%
   3034  2461    70653.9492   269    78669.0000    69250.9641   256017   11.97%
   3132  2557    71390.1630   213    78669.0000    69250.9641   263224   11.97%
   3272  2688    69475.1084   298    78669.0000    69257.8125   268518   11.96%
   3303  2719    70318.1846   262    78669.0000    69257.8125   277568   11.96%
*  3466+ 2871                        77924.0000    69257.8125            11.12%
   3466  2873    72143.3061   186    77924.0000    69257.8125   283258   11.12%
   3488  2895    69743.5061   289    77924.0000    69258.2465   287141   11.12%
   3511  2914    69368.0769   309    77924.0000    69261.3965   294017   11.12%
   3540  2943    69837.2322   336    77924.0000    69261.3965   302112   11.12%
Elapsed time = 57.70 sec. (73900.25 ticks, tree = 27.31 MB, solutions = 11)
   3572  2975    70263.2493   274    77924.0000    69261.3965   308925   11.12%
   3680  3078    69478.2116   304    77924.0000    69264.0348   314589   11.11%
   3754  3152    72031.3018   222    77924.0000    69264.0348   322431   11.11%
   4022  3420    74196.6581   118    77924.0000    69264.0348   327938   11.11%
   4083  3481    70063.2309   275    77924.0000    69266.7914   333090   11.11%
   4268  3666    69441.9688   329    77924.0000    69268.2215   339573   11.11%
   4288  3686    69897.9651   290    77924.0000    69268.2215   347740   11.11%
   4371  3769    71693.3960   183    77924.0000    69268.2215   355300   11.11%
   4466  3860    72431.7066   170    77924.0000    69268.2215   356973   11.11%
   4488  3882    70282.7706   291    77924.0000    69273.3652   364970   11.10%
Elapsed time = 66.78 sec. (85574.63 ticks, tree = 36.57 MB, solutions = 11)
   4519  3908    69352.3195   293    77924.0000    69274.9547   370254   11.10%
   4547  3936    70382.4354   330    77924.0000    69274.9547   377865   11.10%
   4563  3950    71682.3210   337    77924.0000    69274.9547   386963   11.10%
   4586  3967    69365.8916   339    77924.0000    69275.7082   394219   11.10%
   4616  3997    70563.6277   272    77924.0000    69275.7082   402526   11.10%
   4823  4192    69448.0853   327    77924.0000    69275.7082   407402   11.10%
   4851  4219    69800.2979   312    77924.0000    69275.7082   414292   11.10%
   4943  4301    69503.1744   354    77924.0000    69276.2997   422445   11.10%
   4971  4329    69848.4217   291    77924.0000    69276.2997   429671   11.10%
   5048  4401    69489.2437   336    77924.0000    69278.7429   438986   11.09%
Elapsed time = 76.12 sec. (96969.99 ticks, tree = 42.09 MB, solutions = 11)
   5094  4447    70810.9467   227    77924.0000    69278.7429   446646   11.09%
   5159  4504    69555.7745   382    77924.0000    69280.5397   453371   11.09%
   5188  4533    69914.6327   316    77924.0000    69280.5397   462579   11.09%
   5213  4556    71706.2781   296    77924.0000    69280.5397   472372   11.09%
   5357  4684    69366.6053   348    77924.0000    69283.0384   481222   11.09%
   5385  4712    69959.4962   303    77924.0000    69283.0384   488408   11.09%
   5423  4750    70534.1507   258    77924.0000    69283.0384   496415   11.09%
   5552  4869    69306.6680   301    77924.0000    69283.4498   504109   11.09%
   5612  4929    70078.6947   312    77924.0000    69283.4498   512682   11.09%
   5643  4957    69450.8783   271    77924.0000    69283.4858   518549   11.09%
Elapsed time = 84.93 sec. (107756.86 ticks, tree = 48.09 MB, solutions = 11)
   5666  4980    69970.3451   278    77924.0000    69283.4858   525134   11.09%
   5804  5108    69285.5909   309    77924.0000    69285.9963   531979   11.09%
   5829  5133    70316.1256   271    77924.0000    69285.9963   540184   11.09%
   6057  5346    69338.5676   330    77924.0000    69286.3174   548031   11.08%
   6114  5403    71568.2422   311    77924.0000    69286.3174   556656   11.08%
   6348  5632    74436.7815   152    77924.0000    69286.3174   563002   11.08%
   6363  5643    69551.8077   379    77924.0000    69287.3509   568617   11.08%
   6382  5662    69927.5794   299    77924.0000    69287.3509   576443   11.08%
   6419  5699    71860.5040   283    77924.0000    69287.3509   585627   11.08%
*  6466+ 5744                        77150.0000    69287.3509            10.19%
*  6466+ 5744                        76702.0000    69287.3509             9.67%
   6772  6041    69422.3481   294    76702.0000    69289.3601   595411    9.66%
Elapsed time = 95.37 sec. (120939.22 ticks, tree = 59.89 MB, solutions = 13)
   6967  6230    69942.5299   237    76702.0000    69291.2056   618293    9.66%
   7083  6339    71602.5971   220    76702.0000    69291.7762   642209    9.66%
   7403  6640    69339.4887   385    76702.0000    69292.5155   666293    9.66%
*  7466+ 6639                        74636.0000    69292.5155             7.16%
*  7466+ 6526                        74366.0000    69292.5155             6.82%
*  7466+ 6523                        74354.0000    69292.5155             6.81%
   7506  6565    70251.9701   246    74354.0000    69292.5155   681057    6.81%
   7696  6739    69389.0358   282    74354.0000    69292.7700   705980    6.81%
   7776  6819    72162.4772   254    74354.0000    69292.7700   733423    6.81%
   7963  6990    70553.2144   327    74354.0000    69293.3426   757530    6.81%
   8063  7074    infeasible          74354.0000    69293.3426   784152    6.81%
   8266  7268    72761.6345   176    74354.0000    69293.3426   807036    6.81%
   8452  7446    72245.4649   302    74354.0000    69293.3475   832505    6.81%
Elapsed time = 126.67 sec. (159822.52 ticks, tree = 75.70 MB, solutions = 16)
   8474  7468    72484.8339   280    74354.0000    69293.3475   835729    6.81%
   8670  7653    70112.7079   280    74354.0000    69293.4257   861400    6.81%
   8826  7798    69525.5095   352    74354.0000    69294.2128   885223    6.80%
   9119  8083    69993.0538   317    74354.0000    69295.2748   910196    6.80%
   9293  8249    70291.0738   308    74354.0000    69296.1576   933775    6.80%
   9457  8402    70056.3128   304    74354.0000    69296.3090   957889    6.80%
   9466  8411    70228.4871   262    74354.0000    69296.3090   961519    6.80%
   9697  8631    infeasible          74354.0000    69298.2717   985103    6.80%
   9750  8679    69462.6855   372    74354.0000    69300.5974  1009813    6.80%
*  9786+ 8675                        74159.0000    69300.5974             6.55%
*  9786+ 8669                        74103.0000    69300.5974             6.48%
*  9786+ 8581                        73875.0000    69300.5974             6.19%
*  9786+ 8569                        73766.0000    69300.5974             6.05%
*  9786+ 8512                        73579.0000    69300.5974             5.81%
   9786  8514    70323.7068   281    73579.0000    69300.5974  1023259    5.81%
Elapsed time = 205.37 sec. (261412.52 ticks, tree = 88.36 MB, solutions = 21)
   9788  8516    69438.8691   375    73579.0000    69300.8016  1026255    5.81%
   9883  8605    69402.8138   333    73579.0000    69301.9828  1049534    5.81%
  10134  8852    69900.6520   305    73579.0000    69307.3057  1073981    5.81%
  10260  8974    70089.2335   312    73579.0000    69307.7031  1096806    5.81%
* 10466+ 8945                        73050.0000    69308.1241             5.12%
* 10466+ 8934                        72981.0000    69308.1241             5.03%
* 10466+ 8718                        72682.0000    69308.1241             4.64%
  10466  8720    70440.8607   298    72682.0000    69308.1241  1119923    4.64%
  10647  8895    72017.0577   255    72682.0000    69308.8604  1145501    4.64%
  10788  9023    69575.2565   328    72682.0000    69312.7147  1170567    4.64%
  10934  9160    69885.2340   349    72682.0000    69313.6634  1195480    4.63%
  11099  9317    70738.0078   395    72682.0000    69314.2136  1222179    4.63%
  11372  9567    69377.1640   369    72682.0000    69315.9466  1243257    4.63%
Elapsed time = 239.43 sec. (303713.91 ticks, tree = 101.00 MB, solutions = 24)
  11466  9661    71633.1710   307    72682.0000    69315.9466  1260394    4.63%
  11598  9782    69586.0286   296    72682.0000    69316.2361  1283149    4.63%
  11711  9885    69733.2617   292    72682.0000    69317.7778  1306624    4.63%
  11844 10013    72102.3456   279    72682.0000    69317.8865  1330933    4.63%
  12126 10284    69414.2240   349    72682.0000    69318.8609  1355600    4.63%
  12295 10449    69731.8706   330    72682.0000    69319.3404  1379440    4.63%
  12382 10532    69460.7424   367    72682.0000    69319.6464  1404818    4.63%
  12466 10612    70394.7159   292    72682.0000    69319.6529  1421337    4.63%
  12786 10904    72339.2565   195    72682.0000    69320.7697  1444973    4.62%
  12922 11025    69547.7750   303    72682.0000    69322.5727  1468017    4.62%
Elapsed time = 274.11 sec. (346746.80 ticks, tree = 118.41 MB, solutions = 24)
  13047 11135    infeasible          72682.0000    69322.5727  1493389    4.62%
  13166 11248    69547.4660   349    72682.0000    69322.6286  1512498    4.62%
  13290 11364        cutoff          72682.0000    69322.6286  1538638    4.62%
  13374 11440    71420.6377   306    72682.0000    69322.9337  1561947    4.62%
  13466 11526    71846.5058   225    72682.0000    69323.4827  1582499    4.62%
  13550 11601    70221.7149   303    72682.0000    69324.7303  1603564    4.62%
  13644 11684    70768.5440   273    72682.0000    69324.8605  1624668    4.62%
  13914 11935    69426.9111   289    72682.0000    69325.0773  1646199    4.62%
  13995 12009    69388.9628   439    72682.0000    69326.1382  1668729    4.62%
  14069 12081    71816.3707   265    72682.0000    69326.1382  1691143    4.62%
Elapsed time = 307.69 sec. (387113.18 ticks, tree = 131.43 MB, solutions = 24)
  14234 12237    70484.4566   272    72682.0000    69326.5542  1715019    4.62%
  14310 12307    70257.8562   335    72682.0000    69326.8409  1735251    4.62%
  14408 12396    69555.9471   369    72682.0000    69326.9176  1756947    4.62%
  14466 12454    71104.1777   262    72682.0000    69326.9176  1771969    4.62%
  14587 12568    72071.2821   325    72682.0000    69327.0234  1796530    4.62%
  14789 12751    69521.3151   358    72682.0000    69327.2817  1817761    4.62%
  14894 12847    69610.4547   358    72682.0000    69327.3865  1835427    4.62%
  15021 12968    69920.7296   360    72682.0000    69329.4280  1857984    4.61%
  15196 13138    69385.8080   327    72682.0000    69329.7059  1881686    4.61%
  15336 13266    70115.4717   315    72682.0000    69329.9076  1906098    4.61%
Elapsed time = 343.75 sec. (430580.51 ticks, tree = 146.26 MB, solutions = 24)
  15466 13390    70201.8547   282    72682.0000    69329.9671  1916076    4.61%
  15661 13574    69385.7255   356    72682.0000    69329.9943  1939227    4.61%
  15793 13700    69818.1808   369    72682.0000    69330.2432  1959838    4.61%
  15848 13752    71698.6819   323    72682.0000    69330.2432  1983526    4.61%
  15928 13827    71469.1223   311    72682.0000    69330.3685  2005852    4.61%
  15996 13883    69973.6991   356    72682.0000    69330.8318  2028734    4.61%
  16144 14023    69854.9339   383    72682.0000    69331.8438  2050226    4.61%
  16266 14128    69648.5947   368    72682.0000    69331.8584  2068919    4.61%
  16355 14215    70419.5467   312    72682.0000    69331.8584  2094661    4.61%
  16466 14318    71892.9476   241    72682.0000    69331.8691  2114032    4.61%
Elapsed time = 378.55 sec. (472158.08 ticks, tree = 159.80 MB, solutions = 24)
  16525 14367    70606.3556   345    72682.0000    69332.2387  2134616    4.61%
  16613 14452    70127.1281   283    72682.0000    69332.2396  2153746    4.61%
  16724 14556    69384.1292   430    72682.0000    69332.9953  2172158    4.61%
  16793 14623    infeasible          72682.0000    69332.9953  2194799    4.61%
  16946 14770    72013.4989   214    72682.0000    69333.5058  2216138    4.61%
  17081 14895    69858.1586   364    72682.0000    69334.5537  2237522    4.61%
  17186 14995    70172.8971   316    72682.0000    69334.5763  2260419    4.61%
  17357 15161    69812.0715   388    72682.0000    69335.2209  2284295    4.60%
* 17466+14516                        72405.0000    69335.2209             4.24%
  17466 14518    70808.1999   236    72405.0000    69335.2209  2298569    4.24%
  17655 14681    69411.2244   350    72405.0000    69336.1148  2319185    4.24%
Elapsed time = 412.62 sec. (512535.44 ticks, tree = 165.92 MB, solutions = 25)
  17796 14809    69969.9134   361    72405.0000    69336.9459  2340668    4.24%
  18006 15008    69933.7232   292    72405.0000    69336.9666  2361530    4.24%
  18109 15108    70099.8259   381    72405.0000    69337.1071  2384052    4.24%
  18193 15188    70018.8827   278    72405.0000    69337.3447  2405886    4.24%
  18416 15407    69976.0495   327    72405.0000    69337.3918  2429907    4.24%
  18466 15457    70191.7873   234    72405.0000    69337.3918  2438142    4.24%
  18599 15582    71413.3105   349    72405.0000    69337.6455  2460542    4.24%
  18668 15645    69840.3662   385    72405.0000    69337.9576  2481286    4.24%
  18798 15767    69948.4397   392    72405.0000    69338.4191  2502063    4.24%
  18940 15901    69726.9053   367    72405.0000    69338.4705  2519565    4.24%
Elapsed time = 446.70 sec. (553706.42 ticks, tree = 182.36 MB, solutions = 25)
  19104 16053    69475.8535   338    72405.0000    69338.8038  2542533    4.23%
  19150 16095    71307.6529   296    72405.0000    69338.8038  2565738    4.23%
  19280 16214    71796.1742   344    72405.0000    69338.8928  2583723    4.23%
  19386 16315    69913.1827   340    72405.0000    69339.2618  2603647    4.23%
  19447 16375    71923.8701   266    72405.0000    69339.2618  2626458    4.23%
  19540 16460    69548.7091   331    72405.0000    69340.7438  2636397    4.23%
  19607 16512    69407.1757   350    72405.0000    69340.7553  2657579    4.23%
  19762 16661    69526.5148   324    72405.0000    69340.9366  2677145    4.23%
  19863 16754    69536.9070   426    72405.0000    69341.1634  2699674    4.23%
  19944 16833    71501.7325   352    72405.0000    69341.1634  2722292    4.23%
Elapsed time = 479.83 sec. (593078.60 ticks, tree = 195.92 MB, solutions = 25)
  20022 16901    69996.4982   399    72405.0000    69341.5613  2742912    4.23%
  20100 16975    70151.7441   427    72405.0000    69341.5936  2762291    4.23%
  20120 16991    71503.9896   350    72405.0000    69341.5936  2784782    4.23%
  20195 17063    70290.2474   241    72405.0000    69342.1849  2806697    4.23%
  20338 17198    69843.8160   386    72405.0000    69342.7511  2826393    4.23%
  20407 17262    70148.2296   310    72405.0000    69343.1538  2847024    4.23%
  20519 17364    70922.7124   254    72405.0000    69343.1538  2850558    4.23%
  20596 17429    69921.4232   365    72405.0000    69343.1851  2871157    4.23%
  20727 17540    69502.1694   403    72405.0000    69343.4786  2896486    4.23%
  20958 17766    69358.0644   396    72405.0000    69343.5291  2919793    4.23%
Elapsed time = 513.36 sec. (632971.46 ticks, tree = 209.05 MB, solutions = 25)
  21047 17849    69412.6897   388    72405.0000    69343.7756  2943882    4.23%
  21081 17883    70735.6057   353    72405.0000    69343.7756  2966905    4.23%
  21141 17939    69884.7638   406    72405.0000    69343.9038  2987282    4.23%
  21199 17991    70410.8742   297    72405.0000    69344.1186  3009146    4.23%
  21314 18092        cutoff          72405.0000    69344.2410  3033261    4.23%
  21357 18124    69459.6462   401    72405.0000    69344.3208  3053392    4.23%
  21439 18206    70502.9916   379    72405.0000    69344.3208  3076308    4.23%
  21466 18226    69479.2381   345    72405.0000    69344.6015  3079220    4.23%
  21548 18305    69709.0358   360    72405.0000    69344.8566  3100852    4.23%
  21671 18410    69374.7762   314    72405.0000    69345.8321  3123161    4.23%
Elapsed time = 548.62 sec. (674228.26 ticks, tree = 218.29 MB, solutions = 25)
  21726 18465    71124.5171   323    72405.0000    69345.8321  3149002    4.23%
  21808 18539    69907.8715   272    72405.0000    69345.8697  3169398    4.23%
  21866 18589    69515.4048   376    72405.0000    69346.0595  3191933    4.22%
  21959 18676    70181.8685   328    72405.0000    69346.5407  3215981    4.22%
  22008 18719    69460.4387   384    72405.0000    69347.1798  3242328    4.22%
  22060 18767    69662.2496   322    72405.0000    69347.3673  3267914    4.22%
  22226 18929    70542.7917   294    72405.0000    69347.4323  3290887    4.22%
  22282 18981    70060.8302   359    72405.0000    69347.5573  3316114    4.22%
  22413 19108    70195.7305   375    72405.0000    69347.7329  3338424    4.22%
  22466 19161    70336.8875   369    72405.0000    69347.7329  3341930    4.22%
Elapsed time = 582.05 sec. (713530.91 ticks, tree = 229.08 MB, solutions = 25)
  22519 19210    69764.5856   361    72405.0000    69348.3050  3368195    4.22%
  22593 19277    69452.2185   414    72405.0000    69349.0812  3396144    4.22%
  22686 19361    70138.0977   384    72405.0000    69349.9610  3421250    4.22%
  22793 19463    70110.4941   391    72405.0000    69349.9623  3445046    4.22%
  22891 19554    69957.0084   391    72405.0000    69350.4336  3466490    4.22%
  23016 19670    69680.1416   424    72405.0000    69350.5431  3490129    4.22%
  23090 19734    69630.5427   415    72405.0000    69350.8790  3517211    4.22%
  23122 19763    69480.6806   399    72405.0000    69350.9964  3541937    4.22%
  23262 19895    70050.6780   287    72405.0000    69351.0788  3566627    4.22%
  23371 19998    70123.9736   401    72405.0000    69351.4632  3591353    4.22%
Elapsed time = 617.37 sec. (754320.46 ticks, tree = 241.35 MB, solutions = 25)
  23413 20038    71574.1170   312    72405.0000    69351.4632  3614734    4.22%
  23464 20083    69877.7662   349    72405.0000    69351.5651  3637630    4.22%
  23475 20094    70115.2785   382    72405.0000    69351.5651  3641500    4.22%
  23574 20186    69617.6029   400    72405.0000    69351.6496  3661477    4.22%
  23619 20227    69705.9415   379    72405.0000    69351.7850  3682334    4.22%
  23794 20392    72296.0000   204    72405.0000    69351.7850  3707000    4.22%
  23903 20489        cutoff          72405.0000    69351.9811  3728208    4.22%
  23939 20525    69860.2357   339    72405.0000    69352.3222  3746523    4.22%
  24034 20609    69821.9743   379    72405.0000    69353.1936  3768996    4.21%
  24100 20671    69520.2525   421    72405.0000    69353.3236  3788575    4.21%
Elapsed time = 651.91 sec. (794406.26 ticks, tree = 251.61 MB, solutions = 25)
  24154 20721        cutoff          72405.0000    69353.3236  3811136    4.21%
  24258 20817    69410.6125   408    72405.0000    69354.2571  3832129    4.21%
  24346 20900    69527.0442   383    72405.0000    69354.3109  3855453    4.21%
  24394 20948    70584.8562   280    72405.0000    69354.3109  3877107    4.21%
  24501 21037    69757.7631   427    72405.0000    69354.3488  3893948    4.21%
  24576 21112    70491.0791   387    72405.0000    69354.3488  3916865    4.21%
  24662 21191    70504.9607   407    72405.0000    69354.6379  3937802    4.21%
  24709 21229    70340.6418   312    72405.0000    69354.6966  3960160    4.21%
  24784 21292    69414.2897   340    72405.0000    69354.9137  3979074    4.21%
  24841 21343    69836.3479   422    72405.0000    69355.2026  3998258    4.21%
Elapsed time = 687.04 sec. (834744.70 ticks, tree = 262.01 MB, solutions = 25)
  24899 21401    71292.5986   249    72405.0000    69355.2026  4019258    4.21%
  25048 21542    70171.4281   290    72405.0000    69355.6404  4041352    4.21%
  25129 21619    69936.9507   280    72405.0000    69355.7216  4060034    4.21%
  25287 21772    71832.1497   276    72405.0000    69355.9116  4076150    4.21%
  25333 21811    70456.9594   297    72405.0000    69356.5191  4095833    4.21%
  25351 21823    69722.1902   426    72405.0000    69357.1147  4113545    4.21%
  25381 21853    70063.9898   364    72405.0000    69357.1147  4136174    4.21%
  25439 21899    69425.1273   384    72405.0000    69358.5693  4158208    4.21%
  25466 21926    70740.4222   358    72405.0000    69358.5693  4170692    4.21%
  25530 21980    69518.9954   351    72405.0000    69358.6748  4189633    4.21%
Elapsed time = 721.85 sec. (875286.55 ticks, tree = 272.00 MB, solutions = 25)
  25630 22076    71119.4603   349    72405.0000    69359.2757  4211279    4.21%
  25723 22162    70013.8228   358    72405.0000    69359.4322  4228605    4.21%
  25742 22175    69780.9890   381    72405.0000    69360.1564  4246202    4.21%
  25782 22215    71245.4370   343    72405.0000    69360.1564  4267926    4.21%
  25841 22264        cutoff          72405.0000    69360.5185  4289977    4.20%
  25870 22289    70484.9443   346    72405.0000    69360.5793  4309646    4.20%
  25962 22375    70169.6267   357    72405.0000    69360.9523  4327692    4.20%
  26024 22430    72355.8946   348    72405.0000    69360.9523  4350281    4.20%
  26166 22564    69535.2034   401    72405.0000    69361.6440  4370379    4.20%
  26231 22627    70771.0745   264    72405.0000    69361.6440  4392362    4.20%
Elapsed time = 756.60 sec. (914729.34 ticks, tree = 282.33 MB, solutions = 25)
  26282 22669    71520.5997   343    72405.0000    69361.7857  4414123    4.20%
  26384 22763    69548.4624   417    72405.0000    69362.3968  4437356    4.20%
  26432 22809    71054.1793   370    72405.0000    69362.3968  4458238    4.20%
  26478 22851    71606.7116   284    72405.0000    69362.3968  4475543    4.20%
  26589 22951    71775.5963   309    72405.0000    69362.6057  4496359    4.20%
  26647 23005    70574.2525   384    72405.0000    69362.7721  4515242    4.20%
  26702 23052    69698.8866   372    72405.0000    69363.0985  4535491    4.20%
  26747 23093    69468.4909   462    72405.0000    69363.3504  4555195    4.20%
  26804 23149    71446.7533   311    72405.0000    69363.3504  4574794    4.20%
  26850 23186    69570.8294   381    72405.0000    69364.5151  4593137    4.20%
Elapsed time = 791.44 sec. (954486.73 ticks, tree = 291.36 MB, solutions = 25)
  26975 23299    69618.6624   363    72405.0000    69364.6946  4611150    4.20%
  27044 23362    69568.2365   374    72405.0000    69364.7411  4631533    4.20%
  27146 23456    69499.8718   375    72405.0000    69364.7423  4656520    4.20%
  27233 23536    69854.4277   367    72405.0000    69364.7907  4678990    4.20%
  27416 23704    69415.7628   371    72405.0000    69365.1111  4697606    4.20%
Starting limited solution polishing.
  27466 23754    70296.3374   319    72405.0000    69365.1111  4715778    4.20%
  27566 23848    69529.5220   382    72405.0000    69365.2575  4724969    4.20%
  27628 23905    69366.9890   384    72405.0000    69365.2595  4748391    4.20%
  27666 23943    69673.9091   375    72405.0000    69365.2595  4758617    4.20%
  27761 24029    69505.2794   349    72405.0000    69366.0632  4779284    4.20%
Elapsed time = 829.00 sec. (1000449.80 ticks, tree = 305.21 MB, solutions = 25)
  27864 24126        cutoff          72405.0000    69366.0632  4793951    4.20%
* 27866+15376                        71241.0000    69366.2565             2.63%
  27866 15378    69447.1939   382    71241.0000    69366.2565  4795439    2.63%
  27930 15439    69486.9608   351    71241.0000    69366.2936  4815517    2.63%
* 27966+15000                        71111.0000    69366.3399             2.45%
* 27966+14845                        71058.0000    69366.3399             2.38%
  27966 14847    69512.3818   353    71058.0000    69366.3399  4833052    2.38%
  28066 14947    70899.6923   145    71058.0000    69366.3399  4847159    2.38%
  28129 15005    70525.9864   386    71058.0000    69367.5400  4869472    2.38%
  28167 15038    69464.7954   408    71058.0000    69367.5914  4884747    2.38%
  28209 15080    70732.6299   350    71058.0000    69367.5914  4909857    2.38%
  28266 15129    69804.0900   283    71058.0000    69367.7123  4925161    2.38%
  28366 15223    69845.3802   331    71058.0000    69367.7525  4941957    2.38%
Elapsed time = 872.08 sec. (1055094.24 ticks, tree = 200.65 MB, solutions = 28)
  28451 15299    69519.4198   401    71058.0000    69368.3589  4965577    2.38%
  28466 15314    69623.7916   416    71058.0000    69368.3589  4968373    2.38%
  28501 15345    70173.8358   416    71058.0000    69368.9447  4989715    2.38%
  28560 15397    69691.2280   418    71058.0000    69369.5746  5011363    2.38%
  28566 15403    69876.2541   389    71058.0000    69369.5746  5014846    2.38%

Clique cuts applied:  137
Cover cuts applied:  864
Implied bound cuts applied:  1
Flow cuts applied:  27
Mixed integer rounding cuts applied:  322
Zero-half cuts applied:  107
Gomory fractional cuts applied:  14

Root node processing (before b&c):
  Real time             =    2.63 sec. (3611.45 ticks)
Sequential b&c:
  Real time             =  897.37 sec. (1087104.99 ticks)
                          ------------
Total (root+branch&cut) =  900.00 sec. (1090716.44 ticks)
MIP: [1;32mCPLEX finished.[0m
MIP: [1;32mCPLEX status: Feasible[0m
MIP: [1;32mSolution: 
[37, 5, 28, 44, 12, 1, 45, 15, 21, 40, 19, 16, 43, 11, 6, 32, 23, 4, 46, 20, 36, 24, 23, 20, 3, 31, 13, 37, 47, 15, 35, 10, 23, 45, 21, 24, 27, 8, 42, 12, 41, 48, 7, 43, 34, 22, 11, 27, 8, 35, 34, 25, 1, 38, 46, 20, 34, 19, 39, 31, 33, 4, 15, 47, 27, 36, 24, 25, 12, 0, 20, 48, 42, 26, 1, 36, 21, 44, 40, 28, 3, 30, 28, 26, 7, 38, 26, 30, 46, 22][31, 2, -1, 27, 25, 9, 15, 21, 26, -1, 31, 6, 25, 18, -1, 35, 33, -1, -1, 9, 18, 15, 3, 30, 35, 6, 24, 8, 0, -1, 19, 33, 7, 30, 21, 17, 19, 27, 2, 29, 34, 32, 32, 14, 29, 1, 3, 8, 13, -1][1, 17, 0, 18, -1, -1, 19, 18, 25, 11, -1, -1, -1, 4, 11, 20, -1, 17, 1, 25, -1, 20, -1, -1, 14, 11, 4, 10, -1, 3, 26, 19, 3, 26, 14, 0][19, 17, -1, 0, 16, -1, -1, -1, -1, -1, 17, 9, -1, -1, 17, -1, -1, 10, 19, 0, 10, -1, -1, -1, -1, 16, 19][0m
MIP: [1;32mObjective value: 71058[0m
MIP: [1;32mLower Bound: 69369.6[0m
MIP: [1;32mBranch-and-Bound nodes: 28604[0m

# best solution:
best objective value:	71058
best dual bound value:	69369
optimality gap:	2.37693%
CPU time:	897.477
