ifile	/scratch/csagturk/mlbp_inst/n0090_m02__074.inst
prob	TNFMLBP
threads	1
ttime	900
instance: /scratch/csagturk/mlbp_inst/n0090_m02__074.inst
	m=2, n=[90, 43, 34]
MIP: [1;32minit CPLEX[0m
CAN: [1;35mcreated 5332 x_{ijk} and f_{ijk} variables[0m
CAN: [1;35mcreated 167 y_{ij} variables[0m
MIP: [1;32mcreated decision variables[0m
MIP: [1;32mcreated constraints[0m
MIP: [1;32mcreated objective function[0m
MIP: [1;32mcalling CPLEX solve ...[0m
Version identifier: 22.1.0.0 | 2022-03-09 | 1a383f8ce
CPXPARAM_Threads                                 1
CPXPARAM_TimeLimit                               900
Tried aggregator 2 times.
MIP Presolve eliminated 91 rows and 5802 columns.
MIP Presolve modified 670 coefficients.
Aggregator did 172 substitutions.
Reduced MIP has 468 rows, 5197 columns, and 10360 nonzeros.
Reduced MIP has 5068 binaries, 0 generals, 0 SOSs, and 85 indicators.
Presolve time = 0.03 sec. (38.38 ticks)
Probing fixed 0 vars, tightened 52 bounds.
Probing changed sense of 43 constraints.
Probing time = 0.04 sec. (33.72 ticks)
Tried aggregator 1 time.
Detecting symmetries...
MIP Presolve eliminated 258 rows and 301 columns.
Reduced MIP has 210 rows, 4896 columns, and 9758 nonzeros.
Reduced MIP has 4896 binaries, 0 generals, 0 SOSs, and 0 indicators.
Presolve time = 0.01 sec. (15.90 ticks)
Probing time = 0.00 sec. (3.00 ticks)
Clique table members: 1318.
MIP emphasis: balance optimality and feasibility.
MIP search method: dynamic search.
Parallel mode: none, using 1 thread.
Root relaxation solution time = 0.01 sec. (16.09 ticks)

        Nodes                                         Cuts/
   Node  Left     Objective  IInf  Best Integer    Best Bound    ItCnt     Gap

      0     0    38753.4976    98                  38753.4976      588         
      0     0    38763.6221   139                   Cuts: 126      931         
      0     0    38763.8794   203                   Cuts: 152     1306         
      0     0    38763.8794   163                    Cuts: 84     1743         
      0     0    38763.8794   179                   Cuts: 132     2067         
*     0+    0                        42702.0000    38763.8794             9.22%
*     0+    0                        41449.0000    38763.8794             6.48%
      0     0  -1.00000e+75     0    41449.0000    38763.8794     2067    6.48%
      0     2    38763.8794    95    41449.0000    38763.8794     2067    6.48%
Elapsed time = 0.61 sec. (756.87 ticks, tree = 0.01 MB, solutions = 2)
    100   102    38799.7014    63    41449.0000    38763.8794     3664    6.48%
    269   265    38987.4685    33    41449.0000    38763.8794     6666    6.48%
    445   437    38770.1255    97    41449.0000    38763.8794     8298    6.48%
*   461+  451                        40801.0000    38763.8794             4.99%
    461   453    38764.1590   102    40801.0000    38763.8794     8774    4.99%
    520   512    38770.1779   116    40801.0000    38763.8794     9899    4.99%

Performing restart 1

Repeating presolve.
Tried aggregator 1 time.
MIP Presolve modified 440 coefficients.
Reduced MIP has 210 rows, 4896 columns, and 9758 nonzeros.
Reduced MIP has 4896 binaries, 0 generals, 0 SOSs, and 0 indicators.
Presolve time = 0.01 sec. (11.54 ticks)
Tried aggregator 1 time.
MIP Presolve modified 240 coefficients.
Reduced MIP has 210 rows, 4896 columns, and 9758 nonzeros.
Reduced MIP has 4896 binaries, 0 generals, 0 SOSs, and 0 indicators.
Presolve time = 0.01 sec. (14.15 ticks)
Represolve time = 0.08 sec. (70.19 ticks)
    571     0    38697.7298   163    40801.0000     Cuts: 152    12270    4.99%
    571     0    38729.3686   176    40801.0000     Cuts: 147    12650    4.99%
    571     0    38754.7088   155    40801.0000     Cuts: 152    13103    4.99%
    571     0    38755.9353   143    40801.0000     Cuts: 144    13374    4.99%
    571     0    38759.0797   157    40801.0000     Cuts: 120    13735    4.99%
    571     0    38765.4030   145    40801.0000      Cuts: 98    14144    4.99%
    571     0    38783.4777   164    40801.0000     Cuts: 108    14526    4.94%
    571     0    38785.7500   131    40801.0000     Cuts: 103    14833    4.94%
    571     0    38792.2708   133    40801.0000     Cuts: 105    15148    4.92%
    571     0    38794.0750   143    40801.0000     Cuts: 135    15546    4.92%
    571     0    38794.5390   160    40801.0000      Cuts: 94    15842    4.92%
    571     0    38795.6837   181    40801.0000      Cuts: 97    16200    4.91%
    571     0    38796.3138   157    40801.0000      Cuts: 82    16469    4.91%
    571     0    38797.0638   166    40801.0000      Cuts: 94    16979    4.91%
    571     0    38797.4680   151    40801.0000      Cuts: 62    17382    4.91%
    571     0    38797.6667   165    40801.0000      Cuts: 55    17564    4.91%
    571     0    38798.1194   160    40801.0000      Cuts: 39    17706    4.91%
    571     0    38798.5165   165    40801.0000      Cuts: 51    17951    4.91%
    571     2    38798.5165   131    40801.0000    38798.5222    17951    4.91%
    581    12    38802.4880   121    40801.0000    38799.0175    18539    4.91%
    596    27    38811.4429   123    40801.0000    38799.0175    19007    4.91%
    615    46    38855.7797   126    40801.0000    38799.0175    19397    4.91%
    671    98    38974.9875   103    40801.0000    38800.4393    21004    4.90%
Elapsed time = 5.86 sec. (7601.64 ticks, tree = 0.46 MB, solutions = 3)
    771   198    39560.0000    56    40801.0000    38800.4393    22735    4.90%
   1007   426    39283.5789    64    40801.0000    38804.0522    28245    4.89%
   1412   816    38856.2694   123    40801.0000    38804.4138    33176    4.89%
   1846  1243    39322.0000    78    40801.0000    38804.6722    40743    4.89%
   2351  1720    40258.0000    66    40801.0000    38804.9114    49024    4.89%
   2773  2134    38807.4114   121    40801.0000    38805.5988    56867    4.89%
   3278  2619    39519.0000    82    40801.0000    38805.7613    67626    4.89%
   3789  3128    38891.3443   120    40801.0000    38806.2469    77090    4.89%
   4152  3467    38963.8264   145    40801.0000    38807.2241    86472    4.89%
   4590  3889    39236.1765    84    40801.0000    38807.4114    95181    4.89%
Elapsed time = 13.61 sec. (18339.79 ticks, tree = 19.17 MB, solutions = 3)
   5065  4350    38899.0813   124    40801.0000    38807.7809   103537    4.89%
   5474  4728    40002.0000    67    40801.0000    38807.7856   112869    4.89%
   5891  5124    39252.7368    91    40801.0000    38808.8626   120820    4.88%
   6350  5547    39236.3846    48    40801.0000    38809.2144   130289    4.88%
   6913  6083    38909.1964   118    40801.0000    38809.3906   137123    4.88%
   7461  6618    39486.0000    43    40801.0000    38809.4039   144969    4.88%
*  7541  6132      integral     0    40156.0000    38809.4039   145505    3.35%
   7941  6506    38848.1571   116    40156.0000    38809.6574   152993    3.35%
   8508  7058    39591.0000    85    40156.0000    38809.6772   163065    3.35%
   9019  7550    infeasible          40156.0000    38809.8669   174471    3.35%
   9533  8028    39199.9474   107    40156.0000    38809.9654   184049    3.35%
Elapsed time = 20.35 sec. (27927.36 ticks, tree = 39.63 MB, solutions = 4)
*  9771+ 7403                        40060.0000    38810.0341             3.12%
   9771  7405    39633.0000    93    40060.0000    38810.0341   190856    3.12%
  10269  7874    39504.0000    29    40060.0000    38810.0935   198310    3.12%
  10814  8395    infeasible          40060.0000    38810.2751   208546    3.12%
  11293  8851    40009.0000    70    40060.0000    38810.4942   217686    3.12%
  11821  9362    38814.6353   132    40060.0000    38810.5690   227812    3.12%
  12231  9728    39365.0000    84    40060.0000    38810.6478   238107    3.12%
* 12443  9669      integral     0    40035.0000    38810.6478   240196    3.06%
* 12543+ 9136                        39939.0000    38810.6478             2.83%
  12697  9288    39581.0000    91    39939.0000    38810.6499   246689    2.83%
  13241  9801    39365.0000    69    39939.0000    38810.6729   257070    2.83%
  13760 10283    38988.8658   102    39939.0000    38810.6947   265563    2.83%
  14231 10732    infeasible          39939.0000    38810.7225   275259    2.83%
Elapsed time = 40.45 sec. (52471.81 ticks, tree = 53.18 MB, solutions = 7)
  14769 11241    39621.1765    93    39939.0000    38810.7972   285123    2.82%
  15201 11649    39444.2994   119    39939.0000    38810.8823   295415    2.82%
  15639 12072    39633.0000   104    39939.0000    38810.9492   306084    2.82%
  16048 12451    39583.0000    84    39939.0000    38810.9828   316266    2.82%
  16530 12893    38811.1808   114    39939.0000    38810.9842   327605    2.82%
  16894 13246    39323.8824    82    39939.0000    38811.0341   338848    2.82%
  17453 13774    38811.2579   112    39939.0000    38811.0980   347888    2.82%
  17892 14186    38817.2486   107    39939.0000    38811.1206   357555    2.82%
  18321 14585    39911.0000    10    39939.0000    38811.1315   364974    2.82%
  18866 15073    39633.0000    90    39939.0000    38811.1808   374864    2.82%
Elapsed time = 47.21 sec. (62047.12 ticks, tree = 74.46 MB, solutions = 7)
  19215 15396    38850.7767   148    39939.0000    38811.1997   386224    2.82%
  19571 15721    39443.4828    81    39939.0000    38811.1997   397538    2.82%
  20151 16278    39587.0000    66    39939.0000    38811.2199   407537    2.82%
  20533 16639    infeasible          39939.0000    38811.2199   418074    2.82%
  21009 17076    39344.3333    90    39939.0000    38811.2201   425997    2.82%
  21371 17416    39414.0000    80    39939.0000    38811.2579   433550    2.82%
  21971 17988    39600.2701    93    39939.0000    38811.2579   443351    2.82%
  22551 18536    39454.0000    55    39939.0000    38811.2876   455150    2.82%
  23114 19056    39286.9474    73    39939.0000    38811.3196   465060    2.82%
  23601 19528    39314.2667    67    39939.0000    38811.3196   474656    2.82%
Elapsed time = 54.11 sec. (71763.99 ticks, tree = 96.98 MB, solutions = 7)
  24136 20034    39337.5714    84    39939.0000    38811.3353   484472    2.82%
  24571 20437    39369.3810    78    39939.0000    38811.3604   493730    2.82%
  25131 20964    39545.0000    73    39939.0000    38811.3690   502491    2.82%
  25611 21417    38814.3344    86    39939.0000    38811.3690   514246    2.82%
  26021 21814    39217.3500    98    39939.0000    38811.3737   525370    2.82%
  26547 22314    39740.2941    91    39939.0000    38811.3737   535206    2.82%
  27071 22806    39604.0000    66    39939.0000    38811.3862   544518    2.82%
  27609 23316    38970.0882   118    39939.0000    38811.3909   553295    2.82%
  27951 23638    39314.1765   106    39939.0000    38811.4022   562651    2.82%
  28518 24175    39419.0769    78    39939.0000    38811.4070   571292    2.82%
Elapsed time = 61.99 sec. (82497.70 ticks, tree = 119.77 MB, solutions = 7)
  28971 24610    39286.0000    78    39939.0000    38811.4070   579979    2.82%
  29480 25065    39321.4706    95    39939.0000    38811.4070   590171    2.82%
  30001 25567    39288.1217    82    39939.0000    38811.4247   598275    2.82%
  30505 26012    39696.0000    89    39939.0000    38811.4320   608464    2.82%
  31141 26604    38980.9767   118    39939.0000    38811.4492   619305    2.82%
  31685 27123    39563.9656   106    39939.0000    38811.4695   629043    2.82%
  32171 27575    39609.0000    70    39939.0000    38811.4704   638077    2.82%
  32787 28160    39372.8413    82    39939.0000    38811.4911   648706    2.82%
  33482 28813    38813.3097   112    39939.0000    38811.5009   657603    2.82%
  34068 29376    39328.2313    95    39939.0000    38811.5194   666886    2.82%
Elapsed time = 68.91 sec. (92058.37 ticks, tree = 145.28 MB, solutions = 7)
  34623 29903    38848.2074   100    39939.0000    38811.5205   675983    2.82%
  35280 30539    39440.1034    89    39939.0000    38811.5482   685686    2.82%
  35790 31022    39313.7568    78    39939.0000    38811.5776   697408    2.82%
  36393 31600    39490.1429    90    39939.0000    38811.5776   707474    2.82%
  36901 32083    38936.9033    89    39939.0000    38811.5776   714966    2.82%
  37489 32638    39483.0000    42    39939.0000    38811.5776   724509    2.82%

Performing restart 2

Repeating presolve.
Tried aggregator 1 time.
MIP Presolve modified 240 coefficients.
Reduced MIP has 210 rows, 4896 columns, and 9758 nonzeros.
Reduced MIP has 4896 binaries, 0 generals, 0 SOSs, and 0 indicators.
Presolve time = 0.01 sec. (11.51 ticks)
Tried aggregator 1 time.
MIP Presolve modified 240 coefficients.
Reduced MIP has 210 rows, 4896 columns, and 9758 nonzeros.
Reduced MIP has 4896 binaries, 0 generals, 0 SOSs, and 0 indicators.
Presolve time = 0.01 sec. (14.15 ticks)
Represolve time = 0.30 sec. (194.81 ticks)
  37811     0    38798.5387   218    39939.0000     Cuts: 143   729727    2.82%
  37811     0    38799.8451   197    39939.0000     Cuts: 105   730030    2.82%
  37811     0    38800.5100   197    39939.0000     Cuts: 140   730373    2.82%
  37811     0    38800.5462   180    39939.0000      Cuts: 91   730566    2.82%
  37811     0    38801.7972   183    39939.0000     Cuts: 118   730942    2.82%
  37811     0    38802.6481   209    39939.0000     Cuts: 121   731404    2.82%
  37811     0    38802.8066   179    39939.0000      Cuts: 97   731862    2.82%
  37811     0    38803.0537   223    39939.0000     Cuts: 107   732160    2.82%
  37811     0    38803.3707   191    39939.0000     Cuts: 109   732486    2.82%
  37811     0    38804.0191   187    39939.0000     Cuts: 119   732828    2.82%
  37811     0    38804.4672   172    39939.0000      Cuts: 44   733149    2.82%
  37811     0    38806.0533   159    39939.0000      Cuts: 93   733533    2.82%
  37811     0    38806.6795   169    39939.0000      Cuts: 86   733818    2.82%
* 37811+    0                        39398.0000    38811.5842             1.49%
  37811     2    38806.6795   138    39398.0000    38811.5842   733818    1.49%
  37884    43    39119.1335   143    39398.0000    38811.5842   735077    1.49%
  37962   113    38903.8966   145    39398.0000    38811.5842   737319    1.49%
  38041   177    39095.0000   101    39398.0000    38811.5842   743692    1.49%
Elapsed time = 78.54 sec. (104916.32 ticks, tree = 0.78 MB, solutions = 8)
  38160   276    38895.4876   138    39398.0000    38811.5842   747228    1.49%
  38253   363    38844.4255   163    39398.0000    38811.5842   751590    1.49%
  38473   580    38855.0171   111    39398.0000    38811.5842   753364    1.49%
  38660   747    38979.6806    95    39398.0000    38811.5842   757661    1.49%
  38846   919    38813.4054   158    39398.0000    38813.2157   761924    1.48%
  39113  1181    39396.0000    99    39398.0000    38813.4064   764846    1.48%
  39407  1463    38866.7525   134    39398.0000    38813.5346   770996    1.48%
  39606  1596    39256.0610   143    39398.0000    38814.1478   775615    1.48%
  39842  1803    38892.4749   141    39398.0000    38815.9482   781036    1.48%
  40981  2828    38848.4692   137    39398.0000    38817.9281   804818    1.47%
Elapsed time = 87.16 sec. (117376.53 ticks, tree = 12.84 MB, solutions = 8)
  42071  3789    39347.0000    60    39398.0000    38819.5016   825699    1.47%
  43205  4815    38828.9967   145    39398.0000    38821.0170   846329    1.46%
  44494  5995    39371.0000    90    39398.0000    38822.1357   869535    1.46%
  45475  6862    38932.6605   135    39398.0000    38823.2272   895958    1.46%
  46676  7827    39300.8854   147    39398.0000    38823.8548   925944    1.46%
  48036  9008    38827.5043   102    39398.0000    38824.5321   952454    1.46%
  49211 10060    39118.3124   134    39398.0000    38825.3454   981525    1.45%
  50493 11208    38903.2632   124    39398.0000    38826.2263  1010454    1.45%
  51705 12213    38869.7570   118    39398.0000    38826.8192  1040079    1.45%
  52511 12934    39347.0000    81    39398.0000    38827.4652  1058643    1.45%
Elapsed time = 119.29 sec. (157287.45 ticks, tree = 60.63 MB, solutions = 8)
  53841 14114    39057.5194   137    39398.0000    38827.9155  1091413    1.45%
  54963 15034    39191.6959   125    39398.0000    38828.9200  1117745    1.44%
  55872 15842    38886.5463   154    39398.0000    38829.6849  1149510    1.44%
  56731 16571    39311.9258   151    39398.0000    38829.9901  1175356    1.44%
  57646 17273    38924.6595   150    39398.0000    38830.4019  1197982    1.44%
  58604 18102    39323.1053   117    39398.0000    38830.7863  1225117    1.44%
  59640 18998    infeasible          39398.0000    38830.9844  1253137    1.44%
  60758 20027    39248.0000    95    39398.0000    38831.2825  1283342    1.44%
  61890 21057    39036.6683   144    39398.0000    38831.7319  1314713    1.44%
  62920 21950    infeasible          39398.0000    38831.9399  1344087    1.44%
Elapsed time = 149.84 sec. (195536.58 ticks, tree = 109.69 MB, solutions = 8)
  63918 22849    38983.4696   146    39398.0000    38832.1742  1372119    1.44%
  64831 23616    38836.4557   154    39398.0000    38832.7695  1401553    1.43%
  65369 24063    38884.1699   180    39398.0000    38833.1888  1422005    1.43%
  66611 25223    39364.0000    86    39398.0000    38833.4046  1450981    1.43%
  67673 26184    38956.0970   134    39398.0000    38833.6455  1482270    1.43%
  68711 27118    38987.5763   151    39398.0000    38834.1696  1513125    1.43%
  69826 28141    39245.0000   117    39398.0000    38834.3530  1540754    1.43%
  70813 28998    38908.3936   156    39398.0000    38834.7511  1564570    1.43%
  71887 29991    38980.3228   136    39398.0000    38834.9828  1591381    1.43%
  72933 30889    39374.0000    99    39398.0000    38835.4716  1617620    1.43%
Elapsed time = 179.90 sec. (233713.65 ticks, tree = 163.28 MB, solutions = 8)
  73911 31809    39174.0000   100    39398.0000    38835.7653  1639645    1.43%
  74991 32797    38916.1785   125    39398.0000    38836.1279  1673656    1.43%
  75875 33591    39038.0000   121    39398.0000    38836.5234  1710987    1.43%
  76889 34496    38928.8219   152    39398.0000    38836.9209  1744185    1.42%
  77752 35286    38913.5938   151    39398.0000    38837.1981  1773904    1.42%
  78707 36173    39394.0000    93    39398.0000    38837.4203  1803618    1.42%
  79511 36889    38883.8735   175    39398.0000    38837.8111  1831662    1.42%
  80484 37770    39306.0872   141    39398.0000    38838.1291  1856576    1.42%
  81498 38687    38917.6448   125    39398.0000    38838.4755  1888643    1.42%
  82487 39590    39213.2176   147    39398.0000    38838.6416  1920272    1.42%
Elapsed time = 211.46 sec. (273733.57 ticks, tree = 220.48 MB, solutions = 8)
  83445 40462    38928.2454   155    39398.0000    38838.8902  1949114    1.42%
  84341 41269    38988.6250   186    39398.0000    38838.9177  1979650    1.42%
  85011 41868    38897.6371   147    39398.0000    38839.1150  2006915    1.42%
  85845 42619    38931.1046   174    39398.0000    38839.4315  2033781    1.42%
  86461 43162    38955.7941   113    39398.0000    38840.0215  2064364    1.42%
  86764 43436    38905.2659   168    39398.0000    38840.2677  2076092    1.42%
  87596 44201    38877.1057   174    39398.0000    38840.5433  2102530    1.41%
  88417 44929    38882.1529   163    39398.0000    38840.9451  2129804    1.41%
  88945 45394    38955.5352   128    39398.0000    38841.2930  2156853    1.41%
  89432 45851    39000.0315   169    39398.0000    38841.4129  2182944    1.41%
Elapsed time = 242.07 sec. (312403.06 ticks, tree = 265.02 MB, solutions = 8)
  90016 46381    38911.0898   182    39398.0000    38841.7551  2215160    1.41%
  90532 46815    39381.0000   119    39398.0000    38842.3122  2240450    1.41%
  91187 47409    39058.4157   151    39398.0000    38842.6749  2267734    1.41%
  91720 47854    39003.2689   159    39398.0000    38842.8836  2293402    1.41%
  92504 48608    38853.1113   188    39398.0000    38843.0139  2319760    1.41%
  93251 49290    39060.4681   138    39398.0000    38843.2318  2345181    1.41%
  93904 49887    38933.9274   143    39398.0000    38843.3964  2369784    1.41%
  94273 50182    38879.2755   171    39398.0000    38843.6795  2396148    1.41%
  94485 50356    38991.6797   164    39398.0000    38843.7091  2406526    1.41%
  95311 51100    38906.4353   195    39398.0000    38843.9885  2434063    1.41%
Elapsed time = 271.80 sec. (350733.03 ticks, tree = 307.47 MB, solutions = 8)
  95814 51543    39046.7233   176    39398.0000    38844.5076  2462127    1.40%
  96430 52116    39315.0000   102    39398.0000    38844.7719  2489148    1.40%
  97382 53028    39005.9990   154    39398.0000    38844.7719  2513219    1.40%
  98393 53974    38917.8991   226    39398.0000    38844.7719  2540624    1.40%
  99292 54795    infeasible          39398.0000    38844.8020  2568243    1.40%
 100038 55479    39158.0000    56    39398.0000    38844.9789  2594874    1.40%
 100725 56101    38938.4778   146    39398.0000    38845.1032  2626098    1.40%
 101431 56736    39174.0000   113    39398.0000    38845.4185  2652704    1.40%
 102005 57250    39209.0484   155    39398.0000    38845.5646  2682132    1.40%
 102511 57713    39091.9015   145    39398.0000    38845.6497  2711232    1.40%
Elapsed time = 302.35 sec. (389452.16 ticks, tree = 365.78 MB, solutions = 8)
 103085 58214    38973.4695   149    39398.0000    38846.1197  2737045    1.40%
 103665 58742    39037.1229   138    39398.0000    38846.3123  2765850    1.40%
 104259 59284    39396.0000    90    39398.0000    38846.4507  2791577    1.40%
 104911 59903    39318.7557   150    39398.0000    38846.5351  2806953    1.40%
 105452 60408    38866.5393   208    39398.0000    38846.6658  2832914    1.40%
 105862 60774    38971.3717   188    39398.0000    38846.7707  2859353    1.40%
 106358 61224    39020.0000   122    39398.0000    38846.9178  2886596    1.40%
 106748 61550    39106.3259   158    39398.0000    38847.1177  2911189    1.40%
 107269 62003    38866.0000   143    39398.0000    38847.4657  2936827    1.40%
 107871 62554    39380.0000   125    39398.0000    38847.5373  2963541    1.40%
Elapsed time = 332.87 sec. (428974.47 ticks, tree = 412.82 MB, solutions = 8)
 108271 62911    39258.0000   162    39398.0000    38847.6989  2988763    1.40%
 108870 63454    38858.2907   136    39398.0000    38847.8017  3018409    1.40%
 109488 64006    39064.5864   150    39398.0000    38847.8925  3042190    1.40%
 109824 64302    39239.0000   112    39398.0000    38847.9779  3069672    1.40%
 110311 64739    39376.0443   173    39398.0000    38848.2029  3094641    1.40%
 110901 65290    38977.8695   148    39398.0000    38848.3872  3121264    1.40%
 111583 65893    39000.5567   178    39398.0000    38848.4615  3147519    1.39%
 111890 66153    infeasible          39398.0000    38848.5420  3173857    1.39%
 112660 66895    39091.0000   117    39398.0000    38848.6938  3198869    1.39%
 113432 67623    39371.0000   107    39398.0000    38848.8289  3222632    1.39%
Elapsed time = 364.12 sec. (468671.23 ticks, tree = 469.29 MB, solutions = 8)
 114086 68222    39205.1191   145    39398.0000    38848.9936  3248610    1.39%
 114547 68626    38928.5306   184    39398.0000    38849.1565  3275259    1.39%
 114911 68954    38984.2024   180    39398.0000    38849.2588  3293908    1.39%
 115495 69474    39095.2175   192    39398.0000    38849.3643  3320524    1.39%
 115950 69885    38900.7285   213    39398.0000    38849.6252  3343237    1.39%
 116652 70541    39238.0000   142    39398.0000    38849.7009  3369114    1.39%
 116975 70808    39033.2830   153    39398.0000    38849.7079  3394865    1.39%
 117537 71317    infeasible          39398.0000    38849.7079  3417530    1.39%
 118152 71878    39046.7873   194    39398.0000    38849.8168  3438946    1.39%
 118585 72267    38997.4152   172    39398.0000    38849.8667  3466665    1.39%
Elapsed time = 394.82 sec. (508785.28 ticks, tree = 522.21 MB, solutions = 8)
 119046 72670    39185.4684   167    39398.0000    38849.9742  3492812    1.39%
 119520 73112    39357.0000    33    39398.0000    38850.1883  3517802    1.39%
 120032 73589    38919.6846   241    39398.0000    38850.2465  3542334    1.39%
 120473 73986    39270.0000   132    39398.0000    38850.3060  3570073    1.39%
 121005 74484    38983.5181   167    39398.0000    38850.3786  3598178    1.39%
 121351 74796    38958.9648   180    39398.0000    38850.5808  3619432    1.39%
 121749 75158    39051.4041   187    39398.0000    38850.6769  3647660    1.39%
 122326 75669    38912.0475   209    39398.0000    38850.7191  3673541    1.39%
 122711 76008    38986.1942   166    39398.0000    38850.7693  3693759    1.39%
 123430 76673    38862.8336   172    39398.0000    38851.0375  3720987    1.39%
Elapsed time = 425.97 sec. (549161.33 ticks, tree = 574.59 MB, solutions = 8)
 124191 77398    38998.9266   173    39398.0000    38851.1432  3751853    1.39%
 124959 78123    39136.0000   102    39398.0000    38851.2051  3778061    1.39%
 125539 78657    39384.0000   165    39398.0000    38851.2874  3806092    1.39%
 126076 79131    39272.0000    92    39398.0000    38851.4011  3835754    1.39%
 126670 79684    39256.0000   111    39398.0000    38851.5934  3864937    1.39%
 127649 80624    38969.3274   213    39398.0000    38851.6287  3893889    1.39%
 128451 81367    39229.0000   109    39398.0000    38851.7758  3921714    1.39%
 129071 81956    39319.0000    92    39398.0000    38851.8064  3956473    1.39%
 129740 82567    infeasible          39398.0000    38851.9071  3987383    1.39%
 130316 83095    38866.0000   180    39398.0000    38851.9250  4012886    1.39%
Elapsed time = 456.43 sec. (587489.39 ticks, tree = 650.72 MB, solutions = 8)
 130830 83571    38872.9101   199    39398.0000    38851.9699  4034249    1.39%
 131422 84109    38913.0640   194    39398.0000    38852.1294  4060397    1.39%
 131984 84627    39332.0000   121    39398.0000    38852.2643  4085953    1.39%
 132436 85043    39291.0000    98    39398.0000    38852.3672  4106681    1.38%
 132998 85563    38892.3114   221    39398.0000    38852.4400  4132814    1.38%
 133251 85782    39015.9554   200    39398.0000    38852.4400  4159518    1.38%
 133411 85911    39302.3488   199    39398.0000    38852.4400  4170402    1.38%
 134047 86505    38972.1355   210    39398.0000    38852.4400  4199332    1.38%
 134722 87126    39391.0000   141    39398.0000    38852.4459  4227488    1.38%
 135325 87682    infeasible          39398.0000    38852.5694  4257268    1.38%
Elapsed time = 486.93 sec. (626749.05 ticks, tree = 705.22 MB, solutions = 8)
 135938 88239    38905.9711   195    39398.0000    38852.7507  4286688    1.38%
 136391 88651    39312.0000    71    39398.0000    38852.8579  4315153    1.38%
 137202 89422    39350.0000    34    39398.0000    38852.9982  4344622    1.38%
 137688 89853    infeasible          39398.0000    38853.1458  4377813    1.38%
 138214 90342    38991.8552   167    39398.0000    38853.1724  4412904    1.38%
 138896 90981    infeasible          39398.0000    38853.2967  4445473    1.38%
 139478 91501    38971.7078   205    39398.0000    38853.3805  4475054    1.38%
 139911 91903    39139.1844   142    39398.0000    38853.4335  4506623    1.38%
 140597 92506    39067.7707   234    39398.0000    38853.5904  4536706    1.38%
 141151 93020    38964.3642   152    39398.0000    38853.7401  4562723    1.38%
Elapsed time = 518.68 sec. (666991.03 ticks, tree = 768.64 MB, solutions = 8)
 141742 93563    39117.0000   102    39398.0000    38853.8364  4590419    1.38%
 142510 94296    39304.0000   122    39398.0000    38853.8830  4617877    1.38%
 143042 94785    39383.0000    79    39398.0000    38853.9206  4647114    1.38%
 143876 95563    39384.0000    87    39398.0000    38853.9502  4672108    1.38%
 144851 96484    39375.0000    95    39398.0000    38853.9776  4697145    1.38%
 145362 96942    infeasible          39398.0000    38854.1741  4726379    1.38%
 146011 97502    39337.0000    78    39398.0000    38854.2718  4748680    1.38%
 146644 98095    38861.8244   195    39398.0000    38854.3454  4779009    1.38%
 147267 98662    38858.6798   181    39398.0000    38854.6228  4808374    1.38%
 147763 99089    39281.6436   169    39398.0000    38854.6960  4839059    1.38%
Elapsed time = 550.33 sec. (707855.85 ticks, tree = 840.69 MB, solutions = 8)
 148255 99524    39370.6000   128    39398.0000    38854.8182  4870990    1.38%
 148890 100125    39380.0000   148    39398.0000    38854.9351  4904278    1.38%
 149421 100599    39375.0000   130    39398.0000    38855.1608  4934272    1.38%
 149951 101077    38977.4498   155    39398.0000    38855.2663  4967155    1.38%
 150600 101677    39297.0000    71    39398.0000    38855.3131  5000339    1.38%
 151326 102358    39313.0000    90    39398.0000    38855.5048  5030639    1.38%
 152187 103160    39201.0000   107    39398.0000    38855.5569  5061374    1.38%
 152978 103922    39162.0000    87    39398.0000    38855.6015  5088447    1.38%
 153311 104222    39162.0000   163    39398.0000    38855.7057  5111215    1.38%
 154055 104926    39162.0000    95    39398.0000    38855.8172  5137136    1.38%
Elapsed time = 582.69 sec. (748655.64 ticks, tree = 909.80 MB, solutions = 8)
 154687 105520    39145.5997   183    39398.0000    38855.9706  5163923    1.38%
 155055 105829    39067.6441   195    39398.0000    38856.0813  5191874    1.38%
 155744 106455    38953.3813   195    39398.0000    38856.1413  5218523    1.38%
 156211 106868    38905.5767   204    39398.0000    38856.2298  5247855    1.38%
 156889 107521    39295.0000    91    39398.0000    38856.2865  5277471    1.37%
 157517 108106    infeasible          39398.0000    38856.3507  5310373    1.37%
 158143 108678    39262.0000   139    39398.0000    38856.4756  5338089    1.37%
 158737 109206    39041.3780   176    39398.0000    38856.6086  5370035    1.37%
 159414 109829    38934.1074   207    39398.0000    38856.7386  5398563    1.37%
 159988 110365    39173.1982   193    39398.0000    38856.8454  5429574    1.37%
Elapsed time = 612.63 sec. (787056.61 ticks, tree = 974.33 MB, solutions = 8)
 160565 110910    39155.0000   129    39398.0000    38856.8926  5462503    1.37%
 161111 111394    39243.0000   127    39398.0000    38857.0782  5493062    1.37%
 161605 111822    38870.8899   186    39398.0000    38857.1121  5525218    1.37%
 161986 112167    infeasible          39398.0000    38857.1541  5556543    1.37%
 162891 113030    39384.0000    92    39398.0000    38857.2620  5586108    1.37%
 163311 113413    38921.8195   180    39398.0000    38857.2969  5598541    1.37%
 163921 113949    39340.8696   160    39398.0000    38857.2969  5630209    1.37%
 164700 114673    38990.3327   195    39398.0000    38857.2969  5660395    1.37%
 165240 115162    39043.4946   179    39398.0000    38857.2969  5689781    1.37%
 165612 115473    39231.5581   195    39398.0000    38857.3590  5717709    1.37%
Elapsed time = 643.02 sec. (825741.25 ticks, tree = 1035.13 MB, solutions = 8)
 166131 115947    39106.6559   151    39398.0000    38857.4164  5747214    1.37%
 166481 116248    38922.5708   219    39398.0000    38857.5092  5774782    1.37%
 166953 116687    38859.7550   179    39398.0000    38857.5922  5804135    1.37%
 167465 117149    39248.3370   133    39398.0000    38857.7839  5831677    1.37%
 167811 117433    39092.9293   179    39398.0000    38857.8996  5860017    1.37%
 168335 117903        cutoff          39398.0000    38858.0653  5887904    1.37%
 168950 118459    38869.6681   176    39398.0000    38858.1660  5921864    1.37%
 169567 119029    38891.8368   202    39398.0000    38858.2640  5951365    1.37%
 170231 119645    39254.0000   103    39398.0000    38858.4134  5981901    1.37%
 170953 120324    39162.0000    87    39398.0000    38858.5171  6014275    1.37%
Elapsed time = 674.35 sec. (865765.44 ticks, tree = 1092.75 MB, solutions = 8)
 171483 120806    39093.7235   142    39398.0000    38858.6111  6044971    1.37%
 171811 121100    38868.9907   176    39398.0000    38858.6381  6062939    1.37%
 172615 121834    38913.9464   196    39398.0000    38858.7441  6091825    1.37%
 173183 122356    38909.9223   215    39398.0000    38858.8272  6123621    1.37%
 174021 123144    39375.0000   152    39398.0000    38858.8812  6155983    1.37%
 174750 123800        cutoff          39398.0000    38858.9474  6188818    1.37%
 175170 124169    39179.0000    72    39398.0000    38859.0021  6220931    1.37%
 175829 124757    39133.9691   175    39398.0000    38859.0934  6252712    1.37%
 176299 125174    38914.1054   191    39398.0000    38859.1436  6284608    1.37%
 176720 125515    38898.1336   215    39398.0000    38859.1436  6313608    1.37%
Elapsed time = 705.79 sec. (905664.13 ticks, tree = 1154.39 MB, solutions = 8)
 177083 125791    38921.4712   200    39398.0000    38859.1436  6342422    1.37%
 177544 126182    39125.0351   189    39398.0000    38859.1436  6370720    1.37%
 177937 126513    39391.0000   127    39398.0000    38859.1436  6402870    1.37%
 178411 126918    39162.0000   121    39398.0000    38859.1579  6430357    1.37%
 178791 127276    39155.0000   178    39398.0000    38859.2324  6448454    1.37%
 179459 127893    39207.0000    94    39398.0000    38859.2963  6477348    1.37%
 180074 128455    39312.0000    83    39398.0000    38859.4654  6505652    1.37%
 180570 128890    38934.8119   199    39398.0000    38859.4845  6533434    1.37%
 181087 129319    39377.0000    59    39398.0000    38859.4845  6563315    1.37%
 181511 129676    38894.3168   225    39398.0000    38859.4845  6591886    1.37%
Elapsed time = 737.83 sec. (947004.19 ticks, tree = 1204.02 MB, solutions = 8)
 182165 130270    38918.8354   185    39398.0000    38859.5825  6621917    1.37%
 182678 130718    infeasible          39398.0000    38859.7164  6653299    1.37%
 183484 131465    39332.0000   106    39398.0000    38859.8524  6685642    1.37%
 184094 132010    38999.5324   162    39398.0000    38859.9552  6718683    1.37%
 184717 132589    38891.4427   231    39398.0000    38860.0130  6753788    1.37%
 185388 133219    39315.0000   118    39398.0000    38860.0502  6787463    1.37%
 186112 133895    39228.0000    85    39398.0000    38860.1429  6822559    1.37%
 186608 134323    39317.1349   143    39398.0000    38860.1773  6855761    1.37%
 187214 134865    39263.0000   112    39398.0000    38860.2827  6889498    1.36%
 187925 135503    38921.7472   169    39398.0000    38860.3622  6923768    1.36%
Elapsed time = 768.25 sec. (985500.84 ticks, tree = 1276.21 MB, solutions = 8)
 188556 136082    39305.9600   143    39398.0000    38860.4387  6950315    1.36%
 189005 136489    39137.0000   110    39398.0000    38860.5110  6975513    1.36%
 189510 136955    38907.5720   222    39398.0000    38860.6030  7006142    1.36%
 190140 137546    38997.6069   157    39398.0000    38860.6323  7029828    1.36%
 190470 137829    38892.4728   244    39398.0000    38860.6449  7058684    1.36%
 191011 138353    39083.0000    87    39398.0000    38860.6449  7079607    1.36%
 191793 139105    38936.3562   252    39398.0000    38860.6449  7107854    1.36%
 192413 139689    39083.0000   136    39398.0000    38860.6449  7134522    1.36%
 193300 140536    39356.0000    43    39398.0000    38860.6449  7162437    1.36%
 193799 140974    38926.8248   205    39398.0000    38860.6449  7191416    1.36%
Elapsed time = 799.26 sec. (1024981.18 ticks, tree = 1341.16 MB, solutions = 8)
 194552 141689    39237.0000   150    39398.0000    38860.6449  7219161    1.36%
 195199 142278    39375.0000    96    39398.0000    38860.7126  7250368    1.36%
 195769 142783    39155.0000   133    39398.0000    38860.7859  7282104    1.36%
Starting limited solution polishing.
 195904 142892    39055.4655   192    39398.0000    38860.8704  7295220    1.36%
*196311+138632                        39386.0000    38860.9224             1.33%
 196311 138634    39279.0000   108    39386.0000    38860.9224  7321126    1.33%
 196658 138943    39374.0000    96    39386.0000    38860.9500  7334686    1.33%
 197017 139270    39301.0000   106    39386.0000    38861.0498  7355550    1.33%
 197361 139588    39230.0000   125    39386.0000    38861.1114  7371842    1.33%
 197629 139828    39319.0000   102    39386.0000    38861.2215  7382496    1.33%
 197951 140144    39179.0000   107    39386.0000    38861.2222  7390535    1.33%
Elapsed time = 829.79 sec. (1063413.51 ticks, tree = 1342.34 MB, solutions = 9)
*198111+127089                        39375.0000    38861.2387             1.30%
*198311+110364                        39346.0000    38861.2970             1.23%
 198386 110437    39301.0000    69    39346.0000    38861.2970  7406654    1.23%
*198411+68777                        39196.0000    38861.2970             0.85%
 198611 68946    39000.0000   155    39196.0000    38861.3732  7419557    0.85%
 198911 69206    38885.7557   136    39196.0000    38861.4948  7435457    0.85%
*199211+63326                        39174.0000    38861.6350             0.80%
 199211 63328    39050.4660   184    39174.0000    38861.6350  7461909    0.80%
 199511 63581    38941.9366   167    39174.0000    38861.7164  7475871    0.80%
*199911+49772                        39093.0000    38861.7496             0.59%
 199912 49772    38971.6037   219    39093.0000    38861.7544  7498055    0.59%
 200211 50016    38889.1032   164    39093.0000    38861.8231  7513593    0.59%
 200476 50203    39081.0000   129    39093.0000    38861.9472  7536662    0.59%
 200658 50336    38891.4540   197    39093.0000    38862.0721  7555897    0.59%
 200871 50493    38949.5954   190    39093.0000    38862.1356  7577149    0.59%
Elapsed time = 863.40 sec. (1103608.62 ticks, tree = 460.93 MB, solutions = 14)
 201121 50699    38942.6036   185    39093.0000    38862.1542  7585519    0.59%
 201320 50834    38913.9322   183    39093.0000    38862.3449  7605441    0.59%
 201516 50955    38903.5595   220    39093.0000    38862.5567  7627344    0.59%
*201611+47086                        39081.0000    38862.6078             0.56%
 201711 47156    38958.8956   200    39081.0000    38862.6903  7648313    0.56%
 201953 47334    39029.0000   118    39081.0000    38862.9007  7668214    0.56%
 202241 47539    38900.0069   137    39081.0000    38863.0964  7691570    0.56%
 202511 47758    38990.9171   161    39081.0000    38863.1752  7708327    0.56%
 202751 47927    38888.8486   178    39081.0000    38863.2873  7723978    0.56%
 203008 48112    38964.5426   166    39081.0000    38863.4613  7750745    0.56%
*203111+45907                        39068.0000    38863.5327             0.52%
 203141 45925    38950.2927   208    39068.0000    38863.5368  7764466    0.52%
Elapsed time = 897.71 sec. (1145317.85 ticks, tree = 421.66 MB, solutions = 16)

Clique cuts applied:  115
Cover cuts applied:  679
Flow cuts applied:  23
Mixed integer rounding cuts applied:  145
Zero-half cuts applied:  67
Lift and project cuts applied:  2
Gomory fractional cuts applied:  20

Root node processing (before b&c):
  Real time             =    0.61 sec. (758.43 ticks)
Sequential b&c:
  Real time             =  899.39 sec. (1147607.60 ticks)
                          ------------
Total (root+branch&cut) =  900.00 sec. (1148366.02 ticks)
MIP: [1;32mCPLEX finished.[0m
MIP: [1;32mCPLEX status: Feasible[0m
MIP: [1;32mSolution: 
[8, 13, 18, 31, 26, 6, 38, 19, 16, 6, 14, 24, 8, 38, 29, 13, 34, 9, 30, 16, 37, 34, 28, 0, 40, 23, 27, 21, 42, 5, 14, 22, 16, 27, 36, 4, 9, 24, 33, 38, 7, 25, 24, 20, 32, 6, 5, 17, 3, 5, 42, 0, 35, 21, 14, 17, 39, 37, 37, 18, 29, 18, 42, 36, 30, 33, 29, 15, 39, 34, 12, 21, 27, 16, 15, 28, 20, 22, 7, 7, 14, 25, 31, 35, 39, 15, 19, 20, 8, 26][2, -1, -1, 16, 21, 8, 16, 27, 23, 6, -1, -1, 27, 12, 19, 4, 33, 13, 14, 12, 13, 32, 17, 21, 22, 6, 9, 5, 10, 9, 14, 13, 20, 20, 18, 30, 10, 33, 30, 32, 22, -1, 4][0m
MIP: [1;32mObjective value: 39068[0m
MIP: [1;32mLower Bound: 38863.7[0m
MIP: [1;32mBranch-and-Bound nodes: 203371[0m

# best solution:
best objective value:	39068
best dual bound value:	38863
optimality gap:	0.524726%
CPU time:	897.334
