ifile	/scratch/csagturk/mlbp_inst/n0100_m03__002.inst
prob	TNFMLBP
threads	1
ttime	900
instance: /scratch/csagturk/mlbp_inst/n0100_m03__002.inst
	m=3, n=[100, 53, 34, 28]
MIP: [1;32minit CPLEX[0m
CAN: [1;35mcreated 8054 x_{ijk} and f_{ijk} variables[0m
CAN: [1;35mcreated 215 y_{ij} variables[0m
MIP: [1;32mcreated decision variables[0m
MIP: [1;32mcreated constraints[0m
MIP: [1;32mcreated objective function[0m
MIP: [1;32mcalling CPLEX solve ...[0m
Version identifier: 22.1.0.0 | 2022-03-09 | 1a383f8ce
CPXPARAM_Threads                                 1
CPXPARAM_TimeLimit                               900
Tried aggregator 3 times.
MIP Presolve eliminated 101 rows and 9109 columns.
MIP Presolve modified 464 coefficients.
Aggregator did 348 substitutions.
Reduced MIP has 824 rows, 7636 columns, and 15244 nonzeros.
Reduced MIP has 7375 binaries, 0 generals, 0 SOSs, and 173 indicators.
Presolve time = 0.05 sec. (63.76 ticks)
Probing fixed 0 vars, tightened 101 bounds.
Probing changed sense of 87 constraints.
Probing time = 0.06 sec. (55.78 ticks)
Tried aggregator 1 time.
Detecting symmetries...
MIP Presolve eliminated 522 rows and 609 columns.
Reduced MIP has 302 rows, 7027 columns, and 14026 nonzeros.
Reduced MIP has 7027 binaries, 0 generals, 0 SOSs, and 0 indicators.
Presolve time = 0.02 sec. (22.65 ticks)
Probing time = 0.00 sec. (3.39 ticks)
Clique table members: 1544.
MIP emphasis: balance optimality and feasibility.
MIP search method: dynamic search.
Parallel mode: none, using 1 thread.
Root relaxation solution time = 0.01 sec. (25.28 ticks)

        Nodes                                         Cuts/
   Node  Left     Objective  IInf  Best Integer    Best Bound    ItCnt     Gap

      0     0    61416.7074   148                  61416.7074      780         
      0     0    61416.7074   245                   Cuts: 175     1483         
      0     0    61443.5455   285                   Cuts: 175     2508         
      0     0    61449.9432   258                   Cuts: 175     3176         
      0     0    61454.5316   224                   Cuts: 175     3779         
      0     0    61459.1100   231                   Cuts: 175     4371         
      0     0    61471.9029   220                   Cuts: 161     4992         
      0     0    61479.5054   266                   Cuts: 155     5617         
      0     0    61484.3978   245                   Cuts: 163     6233         
      0     0    61487.5867   302                   Cuts: 175     6763         
*     0+    0                        78512.0000    61487.5867            21.68%
*     0+    0                        75023.0000    61487.5867            18.04%
*     0+    0                        74768.0000    61487.5867            17.76%
      0     0  -1.00000e+75     0    74768.0000    61487.5867     6763   17.76%
      0     2    61487.5867   203    74768.0000    61487.5867     6763   17.76%
Elapsed time = 1.57 sec. (1959.93 ticks, tree = 0.01 MB, solutions = 3)
     70    72    61487.5867   180    74768.0000    61487.5867     8005   17.76%
    149   151    61499.6428   164    74768.0000    61487.5867     9131   17.76%
    215   217    61494.4191   163    74768.0000    61487.5867    10921   17.76%
    306   308    61603.8352   116    74768.0000    61487.5867    12552   17.76%
    390   392    61816.8800   115    74768.0000    61487.5867    14495   17.76%
    504   495    63099.9136    39    74768.0000    61487.5867    16349   17.76%
*   513+  502                        73057.0000    61487.5867            15.84%
*   513+  502                        72990.0000    61487.5867            15.76%
*   514+  503                        72566.0000    61487.5867            15.27%
    514   505    61487.7090   242    72566.0000    61487.5867    16769   15.27%
    587   578    61491.9743   184    72566.0000    61487.5867    18061   15.27%

Performing restart 1

Repeating presolve.
Tried aggregator 1 time.
MIP Presolve modified 1057 coefficients.
Reduced MIP has 302 rows, 7027 columns, and 14026 nonzeros.
Reduced MIP has 7027 binaries, 0 generals, 0 SOSs, and 0 indicators.
Presolve time = 0.02 sec. (17.72 ticks)
Tried aggregator 1 time.
MIP Presolve modified 858 coefficients.
Reduced MIP has 302 rows, 7027 columns, and 14026 nonzeros.
Reduced MIP has 7027 binaries, 0 generals, 0 SOSs, and 0 indicators.
Presolve time = 0.02 sec. (21.12 ticks)
Represolve time = 0.15 sec. (123.85 ticks)
    624     0    61492.3806   232    72566.0000     Cuts: 175    21968   15.26%
    624     0    61500.0004   249    72566.0000     Cuts: 175    22621   15.25%
    624     0    61519.2993   287    72566.0000     Cuts: 175    23600   15.22%
    624     0    61527.5461   229    72566.0000     Cuts: 175    24904   15.21%
    624     0    61531.7530   262    72566.0000     Cuts: 175    25314   15.21%
    624     0    61533.4842   271    72566.0000     Cuts: 155    25865   15.20%
    624     0    61537.3192   294    72566.0000     Cuts: 174    26402   15.20%
    624     0    61543.6536   344    72566.0000     Cuts: 166    27064   15.19%
    624     0    61550.9234   330    72566.0000     Cuts: 166    27765   15.18%
    624     0    61553.0596   339    72566.0000     Cuts: 175    28427   15.18%
    624     0    61555.5904   270    72566.0000     Cuts: 147    28951   15.17%
    624     0    61556.8828   347    72566.0000     Cuts: 124    29379   15.17%
    624     0    61558.0829   336    72566.0000     Cuts: 124    29823   15.17%
    624     0    61560.8250   251    72566.0000     Cuts: 103    30391   15.17%
    624     0    61563.0443   274    72566.0000     Cuts: 110    30877   15.16%
    624     0    61568.0050   332    72566.0000      Cuts: 77    31975   15.16%
    624     0    61569.2053   309    72566.0000     Cuts: 163    32485   15.15%
    624     0    61569.6619   316    72566.0000     Cuts: 152    33072   15.15%
    624     0    61571.0689   239    72566.0000      Cuts: 72    33452   15.15%
    624     0    61571.2109   284    72566.0000     Cuts: 101    33781   15.15%
*   624+    0                        70815.0000    61571.2109            13.05%
*   624+    0                        70728.0000    61571.2109            12.95%
*   624+    0                        70703.0000    61571.2109            12.92%
    624     0  -1.00000e+75     0    70703.0000    61571.2109    33781   12.92%
    624     2    61571.2109   206    70703.0000    61571.2109    33781   12.92%
    642    20    61587.7879   164    70703.0000    61575.4917    34730   12.91%
Elapsed time = 9.63 sec. (12065.79 ticks, tree = 0.13 MB, solutions = 9)
    671    49    61623.9324   155    70703.0000    61575.4917    37036   12.91%
    714    92    61722.3724   146    70703.0000    61575.4917    39143   12.91%
    724   102    61737.0066   143    70703.0000    61575.4917    39428   12.91%
    808   182    61619.5601   194    70703.0000    61576.6073    41828   12.91%
    937   308    61578.9836   203    70703.0000    61577.9765    44729   12.91%
   1039   410    61665.5823   166    70703.0000    61579.2545    49052   12.90%
   1175   540    61783.9978   175    70703.0000    61581.7924    53112   12.90%
   1356   713    61735.6029   156    70703.0000    61581.8296    57272   12.90%
   1547   890    61595.3983   193    70703.0000    61582.8925    61245   12.90%
   1816  1154    62578.0000    79    70703.0000    61583.4158    64291   12.90%
Elapsed time = 18.09 sec. (23331.15 ticks, tree = 8.93 MB, solutions = 9)
   2012  1345    61844.3446   157    70703.0000    61585.7307    67904   12.90%
   2261  1541    61602.1078   182    70703.0000    61586.2589    70379   12.89%
   2530  1799    63404.4138    85    70703.0000    61586.2589    76299   12.89%
   2782  2020    61612.3523   187    70703.0000    61588.1427    81128   12.89%
   3220  2443    63276.6667    86    70703.0000    61588.1562    86780   12.89%
   3477  2697    61884.9291   139    70703.0000    61588.9679    91872   12.89%
   3796  3004    61653.4212   179    70703.0000    61589.7597    96781   12.89%
   4068  3272    61888.6062   164    70703.0000    61590.2128   102571   12.89%
   4426  3626    61609.6964   177    70703.0000    61590.5709   108857   12.89%
   4754  3940    63156.6154   116    70703.0000    61590.6678   116129   12.89%
Elapsed time = 25.30 sec. (33232.72 ticks, tree = 30.44 MB, solutions = 9)
   5077  4258    62036.2547   100    70703.0000    61590.7028   120318   12.89%
   5368  4540    62531.6154   137    70703.0000    61590.9505   127555   12.89%
   5659  4815    61602.1305   156    70703.0000    61591.2473   133392   12.89%
   5967  5103    61788.2228   152    70703.0000    61591.5798   138957   12.89%
   6357  5476    61609.1774   179    70703.0000    61591.9389   146107   12.89%
   6674  5792    61801.1417   132    70703.0000    61592.1001   153436   12.89%
   7057  6159    61797.2228   148    70703.0000    61592.2567   158519   12.89%
   7443  6540    61700.6342   176    70703.0000    61592.2809   164036   12.89%
   7676  6760    61818.2270   166    70703.0000    61592.2852   169911   12.89%
   8027  7107    61630.6171   197    70703.0000    61592.4425   176122   12.89%
Elapsed time = 32.49 sec. (43011.64 ticks, tree = 54.94 MB, solutions = 9)
   8339  7403    62338.0003   163    70703.0000    61592.8092   181168   12.89%
   8674  7724    61788.1429   157    70703.0000    61593.2385   188062   12.88%
   8966  8002    61659.6440   169    70703.0000    61593.4900   193477   12.88%
   9324  8355    61999.4539   142    70703.0000    61593.7126   197549   12.88%
   9594  8617    62507.7418   105    70703.0000    61593.8188   202815   12.88%
   9854  8855    61623.1364   170    70703.0000    61594.2610   208266   12.88%
  10300  9293    64329.0000   107    70703.0000    61594.5492   214059   12.88%
  10584  9544    61623.1852   171    70703.0000    61595.1471   219891   12.88%
  10864  9814    61812.5333   155    70703.0000    61595.7421   225689   12.88%
* 10884+ 9831                        69932.0000    61595.7421            11.92%
* 10884+ 9831                        68076.0000    61595.7421             9.52%
* 10884+ 9831                        67946.0000    61595.7421             9.35%
* 10884+ 9831                        67776.0000    61595.7421             9.12%
* 10884+ 9831                        67652.0000    61595.7421             8.95%
* 10884+ 9830                        67437.0000    61595.7421             8.66%
* 10884+ 9830                        67382.0000    61595.7421             8.59%
  10884  9832    61902.2970   158    67382.0000    61595.7421   225952    8.59%
Elapsed time = 57.19 sec. (73521.52 ticks, tree = 76.31 MB, solutions = 16)
  11221 10167    64605.0000    82    67382.0000    61596.0092   231131    8.59%
  11544 10473    61823.2136   173    67382.0000    61596.0415   235428    8.59%
  12084 10994    64480.0000    69    67382.0000    61597.0558   240845    8.59%
  12331 11207    62394.0642   134    67382.0000    61597.4241   244847    8.58%
  12742 11558    61869.9572   157    67382.0000    61597.5507   250223    8.58%
  13089 11896    61642.3961   214    67382.0000    61597.7514   254849    8.58%
  13444 12226    62728.2692    98    67382.0000    61597.9016   260934    8.58%
  13962 12730    62669.6250   127    67382.0000    61598.2518   265852    8.58%
  14323 13076    63333.7333    90    67382.0000    61598.3911   272086    8.58%
  14727 13465    62488.6900   130    67382.0000    61598.8415   276293    8.58%
Elapsed time = 64.08 sec. (83074.85 ticks, tree = 104.38 MB, solutions = 16)
  15156 13875    62019.4682   159    67382.0000    61598.9560   282267    8.58%
  15455 14146    61814.6945   132    67382.0000    61598.9899   288684    8.58%
  15864 14534    61817.9781   145    67382.0000    61599.2593   294081    8.58%
  16198 14857    63221.0000   142    67382.0000    61599.6281   298581    8.58%
  16539 15177    61739.0614   143    67382.0000    61599.7285   305058    8.58%
  16924 15547    61925.1587   134    67382.0000    61600.3836   310130    8.58%
  17360 15961    63983.7000   100    67382.0000    61600.5350   315904    8.58%
  17808 16392    61682.4171   154    67382.0000    61600.7160   320786    8.58%
  18256 16804    61632.6299   166    67382.0000    61601.0697   326690    8.58%
  18537 17076    63037.4443   139    67382.0000    61601.0919   332913    8.58%
Elapsed time = 71.05 sec. (92658.45 ticks, tree = 132.90 MB, solutions = 16)
  18783 17314    62066.4994   184    67382.0000    61601.1745   337115    8.58%
  19231 17755    65312.0000    67    67382.0000    61601.1745   343044    8.58%
  19572 18072    61608.5018   199    67382.0000    61601.2827   347626    8.58%
  20029 18519    61632.2130   168    67382.0000    61601.4586   353852    8.58%
  20426 18914    61616.4955   169    67382.0000    61601.4661   359182    8.58%
  20854 19340    61696.2927   144    67382.0000    61601.5352   364447    8.58%
  21298 19783    61930.4000   127    67382.0000    61601.6524   370648    8.58%

Performing restart 2

Repeating presolve.
Tried aggregator 1 time.
MIP Presolve modified 858 coefficients.
Reduced MIP has 302 rows, 7027 columns, and 14026 nonzeros.
Reduced MIP has 7027 binaries, 0 generals, 0 SOSs, and 0 indicators.
Presolve time = 0.02 sec. (17.13 ticks)
Tried aggregator 1 time.
MIP Presolve modified 858 coefficients.
Reduced MIP has 302 rows, 7027 columns, and 14026 nonzeros.
Reduced MIP has 7027 binaries, 0 generals, 0 SOSs, and 0 indicators.
Presolve time = 0.02 sec. (21.12 ticks)
Represolve time = 0.37 sec. (255.23 ticks)
  21364     0    61571.3960   316    67382.0000     Cuts: 175   375435    8.58%
  21364     0    61577.2406   322    67382.0000     Cuts: 142   376226    8.58%
  21364     0    61580.6396   367    67382.0000     Cuts: 175   377278    8.58%
  21364     0    61588.3920   374    67382.0000     Cuts: 175   378107    8.58%
  21364     0    61591.2220   331    67382.0000     Cuts: 161   378992    8.58%
  21364     0    61591.9973   372    67382.0000     Cuts: 175   379734    8.58%
  21364     0    61596.0055   335    67382.0000     Cuts: 163   380483    8.58%
  21364     0    61598.9396   324    67382.0000     Cuts: 153   381189    8.58%
  21364     0    61602.3280   347    67382.0000     Cuts: 127   381705    8.58%
  21364     0    61604.1584   349    67382.0000     Cuts: 149   382217    8.57%
  21364     0    61604.2564   330    67382.0000     Cuts: 148   382799    8.57%
  21364     0    61606.2850   330    67382.0000     Cuts: 117   383231    8.57%
  21364     0    61609.2683   319    67382.0000     Cuts: 117   384198    8.57%
  21364     0    61609.9610   341    67382.0000     Cuts: 155   384769    8.57%
  21364     0    61611.1754   319    67382.0000     Cuts: 113   385396    8.56%
  21364     0    61611.9548   309    67382.0000     Cuts: 160   385958    8.56%
  21364     0    61612.1233   325    67382.0000     Cuts: 111   386613    8.56%
  21364     0    61612.4350   337    67382.0000     Cuts: 118   387251    8.56%
* 21364+    0                        66237.0000    61612.4350             6.98%
  21364     0  -1.00000e+75     0    66237.0000    61612.4350   387251    6.98%
  21364     2    61612.4350   250    66237.0000    61612.4645   387251    6.98%
  21378    16    61744.4184   254    66237.0000    61613.0747   388531    6.98%
  21405    43    62209.5653   166    66237.0000    61613.0747   389739    6.98%
Elapsed time = 83.48 sec. (108635.23 ticks, tree = 0.31 MB, solutions = 17)
  21439    75    62395.7525   182    66237.0000    61613.0747   391215    6.98%
  21483   117    62860.7837   127    66237.0000    61613.0747   392747    6.98%
  21554   171    61641.3531   244    66237.0000    61615.2496   394346    6.98%
  21583   200    61808.2516   216    66237.0000    61615.2496   395782    6.98%
  21624   241    62077.6705   198    66237.0000    61615.2496   397011    6.98%
  21717   327    61615.5275   230    66237.0000    61616.3546   398196    6.98%
  21746   356    61689.1211   249    66237.0000    61616.3546   400497    6.98%
  21787   397    61668.7112   229    66237.0000    61617.3445   401505    6.97%
  21869   467    61808.1702   183    66237.0000    61617.3445   402710    6.97%
  21970   565    61622.7741   209    66237.0000    61617.9633   403867    6.97%
Elapsed time = 90.16 sec. (118264.41 ticks, tree = 4.42 MB, solutions = 17)
  22061   656    61682.3712   203    66237.0000    61617.9633   404620    6.97%
  22137   732    61749.3429   224    66237.0000    61617.9633   405894    6.97%
  22187   782    61685.1451   174    66237.0000    61621.1285   407659    6.97%
  22284   877    61936.9352   164    66237.0000    61621.1285   409912    6.97%
  22390   978    61652.5517   200    66237.0000    61622.7741   411277    6.97%
  22546  1133    61903.2870   190    66237.0000    61622.7741   412739    6.97%
  22680  1267    61769.6051   173    66237.0000    61622.7741   414371    6.97%
  22831  1409    61692.5670   196    66237.0000    61624.3775   415775    6.96%
  22929  1503    61633.8768   202    66237.0000    61624.7484   418212    6.96%
  23463  2017    62648.5165   185    66237.0000    61625.8224   429175    6.96%
Elapsed time = 98.98 sec. (130778.62 ticks, tree = 15.77 MB, solutions = 17)
  24163  2700    62843.4000   169    66237.0000    61626.7991   437401    6.96%
  24664  3178    61968.4259   174    66237.0000    61628.3261   446690    6.96%
  25272  3775    62715.8308   191    66237.0000    61629.6672   458380    6.96%
  25934  4422    62212.7469   144    66237.0000    61630.6002   469662    6.95%
  27030  5513    61790.4187   170    66237.0000    61634.1234   482396    6.95%
  27964  6422    62395.0218   189    66237.0000    61635.8355   494856    6.95%
  28968  7396    61746.7450   271    66237.0000    61637.7177   509088    6.94%
  29814  8233    62089.5820   199    66237.0000    61638.5201   522348    6.94%
  30766  9155    61750.8243   254    66237.0000    61639.4063   537287    6.94%
  31782 10165    61708.0193   195    66237.0000    61641.3064   555717    6.94%
Elapsed time = 127.04 sec. (171042.36 ticks, tree = 80.16 MB, solutions = 17)
  32994 11366    61829.8064   185    66237.0000    61642.3615   574110    6.94%
  33910 12264    61701.8486   198    66237.0000    61643.0389   588986    6.94%
  35023 13365    62057.2752   207    66237.0000    61644.9568   605226    6.93%
  35664 13998    62559.5726   198    66237.0000    61646.3280   613711    6.93%
  36426 14754    62758.7000   168    66237.0000    61647.4545   629482    6.93%
  37881 16193    61749.9246   205    66237.0000    61648.7866   651956    6.93%
  39124 17409    62458.4562   188    66237.0000    61649.4750   672100    6.93%
  40208 18469    62001.1002   190    66237.0000    61650.0785   690093    6.93%
  41114 19367    61742.3100   218    66237.0000    61650.4898   706952    6.92%
  42224 20467    62343.7884   181    66237.0000    61651.0425   726536    6.92%
Elapsed time = 155.31 sec. (211168.97 ticks, tree = 161.44 MB, solutions = 17)
  43380 21612    61742.3721   229    66237.0000    61651.3697   744787    6.92%
  44234 22439    62521.0000   180    66237.0000    61651.3697   761505    6.92%
  45425 23600    61825.4692   174    66237.0000    61651.7559   783347    6.92%
  47166 25319    61653.0473   243    66237.0000    61652.3370   802522    6.92%
  48339 26475    62923.7000   153    66237.0000    61652.7390   818888    6.92%
  49391 27511    61786.6224   200    66237.0000    61653.1394   835060    6.92%
  50596 28682    61818.5820   230    66237.0000    61654.3593   852706    6.92%
  51347 29414    62848.7000   146    66237.0000    61654.7738   863451    6.92%
  52402 30454    61870.7820   193    66237.0000    61655.3838   883041    6.92%
  53537 31565    62709.6500   124    66237.0000    61655.7400   904517    6.92%
Elapsed time = 182.36 sec. (249384.40 ticks, tree = 248.41 MB, solutions = 17)
  54722 32724    61766.1998   223    66237.0000    61656.2291   923983    6.92%
  55979 33957    61833.5591   234    66237.0000    61656.5457   945300    6.92%
  57350 35295    63014.0000    97    66237.0000    61657.0048   967199    6.91%
  59024 36945    62928.6251   191    66237.0000    61657.8913   991229    6.91%
  59518 37439    63167.8421   141    66237.0000    61658.3136  1000517    6.91%
  61065 38944    62245.2224   194    66237.0000    61658.6824  1021124    6.91%
  62524 40362    62730.6494   139    66237.0000    61659.1739  1043387    6.91%
  63817 41635    62162.2646   166    66237.0000    61659.6177  1067580    6.91%
  65330 43132    63044.2277   169    66237.0000    61659.6177  1093537    6.91%
  66824 44621    61843.3077   167    66237.0000    61659.9703  1116063    6.91%
Elapsed time = 209.64 sec. (287643.75 ticks, tree = 352.16 MB, solutions = 17)
  68180 45948    62730.2856   171    66237.0000    61660.2108  1139273    6.91%
  69785 47520    61737.0990   239    66237.0000    61661.0123  1162061    6.91%
  70464 48195    63430.6494   149    66237.0000    61661.1215  1175152    6.91%
  72106 49812    61697.6658   179    66237.0000    61661.3804  1199565    6.91%
  73307 50993    63373.6494   145    66237.0000    61661.5529  1222305    6.91%
  74966 52613    61664.6079   215    66237.0000    61662.0503  1241076    6.91%
  76366 54007    61740.5660   220    66237.0000    61662.4275  1260367    6.91%
  77809 55434    61765.8397   176    66237.0000    61662.9604  1280087    6.91%
  79285 56891    63276.9314   160    66237.0000    61662.9604  1302854    6.91%
  81205 58798    62107.0285   265    66237.0000    61662.9604  1322429    6.91%
Elapsed time = 237.65 sec. (326139.39 ticks, tree = 464.83 MB, solutions = 17)
  82784 60367    61765.1040   187    66237.0000    61662.9604  1340404    6.91%
  84215 61769    62041.5321   177    66237.0000    61663.2157  1360755    6.91%
* 84464+62004                        66113.0000    61663.2421             6.73%
  84564 62106    62517.4484   212    66113.0000    61663.2421  1366707    6.73%
  86050 63564    62343.7034   192    66113.0000    61663.4692  1389273    6.73%
  87411 64891    61835.3681   200    66113.0000    61663.7789  1409175    6.73%
  89295 66735    62389.8416   184    66113.0000    61663.8434  1430556    6.73%
  91384 68746    61729.8421   210    66113.0000    61663.8434  1449905    6.73%
  92648 69959    62563.0000   129    66113.0000    61663.9909  1467740    6.73%
  94142 71412    61934.9073   210    66113.0000    61664.2747  1485156    6.73%
* 94464+71720                        65793.0000    61664.2747             6.28%
* 94564+71810                        65585.0000    61664.2747             5.98%
  94664 71912    61723.2661   223    65585.0000    61664.2747  1491935    5.98%
Elapsed time = 268.16 sec. (368086.74 ticks, tree = 573.46 MB, solutions = 20)
  95966 73206    61706.8135   213    65585.0000    61664.2850  1509822    5.98%
  97201 74408    62140.4414   216    65585.0000    61664.3098  1531323    5.98%
  98257 75458    62378.6538   214    65585.0000    61664.7489  1549065    5.98%
  99415 76585    61805.0558   197    65585.0000    61665.0890  1572084    5.98%
 101064 78187    62591.4111   209    65585.0000    61665.6586  1591803    5.98%
 102322 79399    63379.0000   118    65585.0000    61665.6741  1615890    5.98%
 103518 80579    63415.0000   100    65585.0000    61665.7216  1642776    5.98%
 104846 81888    61849.8571   154    65585.0000    61665.8378  1665136    5.98%
 106070 83080    61691.6848   253    65585.0000    61665.8378  1688994    5.98%
 107405 84368    63264.0000   117    65585.0000    61665.8378  1712874    5.98%
Elapsed time = 298.27 sec. (409714.47 ticks, tree = 673.83 MB, solutions = 20)
 108981 85902    61758.3515   219    65585.0000    61665.9949  1737212    5.98%
 110482 87372    62723.2857   111    65585.0000    61666.2478  1756489    5.98%
 111593 88450    61860.6654   193    65585.0000    61666.4598  1775787    5.97%
 112703 89496    63032.0000    97    65585.0000    61667.1228  1797704    5.97%
 113774 90511    61786.0609   265    65585.0000    61667.4802  1818856    5.97%
*113864+90599                        65575.0000    61667.4802             5.96%
*113864+90598                        65535.0000    61667.4802             5.90%
 113964 90693    61873.1569   213    65535.0000    61667.5194  1824029    5.90%
 115277 91959    61751.2076   204    65535.0000    61667.6259  1849030    5.90%
 116867 93522    61705.3937   238    65535.0000    61667.8758  1871789    5.90%
 118172 94819    61771.7701   194    65535.0000    61668.3758  1894078    5.90%
 119504 96142    61978.5005   206    65535.0000    61668.5545  1915955    5.90%
Elapsed time = 326.17 sec. (448781.74 ticks, tree = 768.48 MB, solutions = 22)
 120851 97478    63110.0000   108    65535.0000    61668.6483  1940780    5.90%
 121474 98089    62271.4666   196    65535.0000    61668.6525  1955522    5.90%
 122806 99417    61934.4890   230    65535.0000    61668.8281  1981204    5.90%
 124253 100846    63455.5246   198    65535.0000    61668.8552  2008706    5.90%
 125484 102063    63180.0000   156    65535.0000    61668.8552  2032661    5.90%
 127028 103595    63087.6923   129    65535.0000    61668.8552  2061688    5.90%
 128264 104816    63194.4409   185    65535.0000    61668.8552  2085611    5.90%
 129407 105938    62046.1744   205    65535.0000    61668.8552  2108586    5.90%
 130533 107021    63180.0000   117    65535.0000    61668.8552  2132012    5.90%
 131176 107661    61728.1353   209    65535.0000    61669.1211  2146258    5.90%
Elapsed time = 353.22 sec. (487061.88 ticks, tree = 861.27 MB, solutions = 22)
 132265 108736    62987.9146   182    65535.0000    61669.2153  2168149    5.90%
 133601 110037    61914.1463   251    65535.0000    61669.5062  2189582    5.90%
 134766 111191    61686.6138   224    65535.0000    61669.7584  2212266    5.90%
 136200 112613    61830.9450   224    65535.0000    61670.1346  2236238    5.90%
 136764 113159    62676.9018   139    65535.0000    61670.3042  2241104    5.90%
 138081 114441    62591.8491   197    65535.0000    61670.5181  2262114    5.90%
 139524 115851    63614.8000   117    65535.0000    61670.6209  2289646    5.90%
 141081 117394    63578.7000   172    65535.0000    61670.6209  2314260    5.90%
 142549 118837    65021.0000   165    65535.0000    61670.6209  2341145    5.90%
 143916 120193    62516.5301   184    65535.0000    61670.8130  2362852    5.90%
Elapsed time = 380.98 sec. (525930.01 ticks, tree = 962.15 MB, solutions = 22)
 145209 121441        cutoff          65535.0000    61671.0414  2387817    5.90%
 146564 122764    63777.3000   136    65535.0000    61671.1507  2410611    5.90%
 148205 124383    62002.9858   214    65535.0000    61671.3616  2431809    5.90%
 149824 125975    63068.7000   151    65535.0000    61671.4139  2458895    5.90%
*150464+126565                        65488.0000    61671.4383             5.83%
 150564 126667    62672.2250   126    65488.0000    61671.4383  2471400    5.83%
 151890 127980    61992.2677   206    65488.0000    61671.6289  2492623    5.83%
 153118 129191    61690.3332   220    65488.0000    61671.9488  2513218    5.83%
 153834 129895    61907.4233   211    65488.0000    61672.1165  2531106    5.83%
 155202 131236    61989.2232   202    65488.0000    61672.5900  2551701    5.83%
 156510 132516    62601.4571   176    65488.0000    61672.8396  2570581    5.83%
Elapsed time = 409.08 sec. (564988.54 ticks, tree = 1064.23 MB, solutions = 23)
 157921 133897    61816.9717   211    65488.0000    61673.1438  2591513    5.83%
 159338 135294    63466.7550   170    65488.0000    61673.1438  2617545    5.83%
 160353 136295    63890.9333   137    65488.0000    61673.1438  2638158    5.83%
 161574 137507    61837.0200   208    65488.0000    61673.1438  2664999    5.83%
 162945 138858    61713.4067   208    65488.0000    61673.1864  2691875    5.83%
 164452 140345    61882.4000   164    65488.0000    61673.3009  2716577    5.83%
 165664 141530    62158.5314   219    65488.0000    61673.5933  2735750    5.82%
 166804 142662    62372.9729   210    65488.0000    61673.9449  2751560    5.82%
 168335 144149    63596.7000   144    65488.0000    61674.2185  2772726    5.82%
 169543 145301    61834.3569   205    65488.0000    61674.3732  2798879    5.82%
Elapsed time = 439.15 sec. (606140.65 ticks, tree = 1167.22 MB, solutions = 23)
 171139 146868    62667.3636   167    65488.0000    61674.6997  2820774    5.82%
 172626 148313    62340.4766   183    65488.0000    61675.0669  2842935    5.82%
 174167 149828    61694.4618   211    65488.0000    61675.2324  2867830    5.82%
 175923 151564    62192.0000   101    65488.0000    61675.5053  2890106    5.82%
 177144 152756    62650.4616   166    65488.0000    61675.6659  2910038    5.82%
 178452 154029    61772.7266   219    65488.0000    61675.8703  2933514    5.82%
 179464 155013    61823.7793   188    65488.0000    61675.9712  2947616    5.82%
 180674 156177    62217.8599   179    65488.0000    61676.1579  2969475    5.82%
 182249 157687    62270.7319   196    65488.0000    61676.3385  2992624    5.82%
 183429 158843    61969.7717   216    65488.0000    61676.4511  3014644    5.82%
Elapsed time = 467.94 sec. (646541.00 ticks, tree = 1277.96 MB, solutions = 23)
 184800 160185    62034.0121   218    65488.0000    61676.6899  3037961    5.82%
 186166 161541    61787.1743   211    65488.0000    61676.7676  3060941    5.82%
 187766 163130    61787.1743   222    65488.0000    61676.7676  3083032    5.82%
 189174 164520    61958.4124   237    65488.0000    61676.7676  3105329    5.82%
 190735 166059    infeasible          65488.0000    61676.8176  3128126    5.82%
 192210 167516    62372.1646   215    65488.0000    61676.9981  3152874    5.82%
 193552 168832    62715.0000   133    65488.0000    61677.0813  3174102    5.82%
 195164 170407    62458.1253   176    65488.0000    61677.1125  3198120    5.82%
 196934 172112    61764.8656   167    65488.0000    61677.3023  3222102    5.82%
 198527 173681    62761.0967   150    65488.0000    61677.3023  3248946    5.82%
Elapsed time = 495.65 sec. (685487.73 ticks, tree = 1397.74 MB, solutions = 23)
 200166 175308    61746.4941   203    65488.0000    61677.3023  3274076    5.82%
*201264+176394                        65470.0000    61677.3023             5.79%
 201264 176396    61762.7781   161    65470.0000    61677.3023  3290849    5.79%
*202264+177385                        65417.0000    61677.4193             5.72%
 202264 177387    62641.1240   162    65417.0000    61677.4193  3305312    5.72%
*202864+177792                        65332.0000    61677.5292             5.59%
*202864+177697                        65287.0000    61677.5292             5.53%
 202864 177699    62151.9832   186    65287.0000    61677.5292  3314936    5.53%
 204290 179102    62883.7000   171    65287.0000    61677.5669  3339537    5.53%
 204764 179576    62688.0000   160    65287.0000    61677.5669  3344606    5.53%
 206291 181089    61714.6788   215    65287.0000    61677.5669  3366425    5.53%
 207995 182787    61778.9497   224    65287.0000    61677.5937  3387073    5.53%
 209263 184038    62642.8614   199    65287.0000    61677.6649  3408382    5.53%
 210766 185525    61703.3412   220    65287.0000    61677.8760  3429459    5.53%
Elapsed time = 525.85 sec. (726944.50 ticks, tree = 1493.22 MB, solutions = 27)
 211985 186711    61777.9533   214    65287.0000    61677.9655  3451882    5.53%
 213260 187964    62737.7000   138    65287.0000    61677.9843  3474944    5.53%
 214766 189425    61701.4057   202    65287.0000    61678.0219  3496944    5.53%
 216285 190936    61835.7017   196    65287.0000    61678.0859  3517603    5.53%
 217579 192214    61804.4473   206    65287.0000    61678.2336  3538298    5.53%
 219206 193824    62137.8510   160    65287.0000    61678.2801  3560507    5.53%
*219764+194372                        65272.0000    61678.2801             5.51%
*219764+194255                        65194.0000    61678.2801             5.39%
 219764 194257    62671.1818   109    65194.0000    61678.2801  3570419    5.39%
*220864+194856                        64898.0000    61678.2801             4.96%
 220864 194858    61770.5652   186    64898.0000    61678.2801  3585850    4.96%
*220966+194549                        64675.0000    61678.2801             4.63%
 222607 196164    62680.2457   171    64675.0000    61678.2801  3611352    4.63%
*222764+195881                        64518.0000    61678.2801             4.40%
*222764+195815                        64476.0000    61678.2801             4.34%
*222864+195482                        64370.0000    61678.2801             4.18%
 222964 195583    64319.0000   153    64370.0000    61678.2801  3615832    4.18%
Elapsed time = 554.98 sec. (767207.87 ticks, tree = 1576.08 MB, solutions = 34)
 223690 196299    62249.8862   186    64370.0000    61678.2801  3625705    4.18%
 225354 197922    62803.3473   205    64370.0000    61678.4069  3650079    4.18%
 227125 199662    61930.3253   203    64370.0000    61678.5756  3670829    4.18%
 229094 201617    62055.2535   211    64370.0000    61678.5756  3690583    4.18%
 230784 203274    62077.6973   171    64370.0000    61678.7807  3714351    4.18%
 232310 204740    62519.3077   138    64370.0000    61678.7824  3738182    4.18%
 233622 205995    62941.0000    78    64370.0000    61678.7824  3756798    4.18%
 235160 207478    61816.5800   189    64370.0000    61678.7824  3777042    4.18%
 236876 209142    63500.0756   188    64370.0000    61678.9044  3801581    4.18%
 238199 210449    61766.8585   227    64370.0000    61678.9971  3825416    4.18%
Elapsed time = 582.43 sec. (805379.14 ticks, tree = 1695.94 MB, solutions = 34)
 238767 211007    61737.0302   212    64370.0000    61679.0288  3841165    4.18%
 240287 212480    62321.3232   203    64370.0000    61679.0769  3866415    4.18%
 241298 213474    62470.5322   198    64370.0000    61679.1495  3893099    4.18%
 242586 214736    61829.7063   210    64370.0000    61679.4469  3915614    4.18%
 243818 215949    61838.4000   174    64370.0000    61679.6401  3937411    4.18%
 245183 217299    62285.5324   180    64370.0000    61679.8130  3960913    4.18%
 245364 217468    64098.5556    99    64370.0000    61679.8130  3964935    4.18%
 246800 218880    61928.0931   183    64370.0000    61680.0275  3984208    4.18%
 248166 220231    61721.3222   263    64370.0000    61680.2136  4007543    4.18%
 249414 221441    61794.0985   174    64370.0000    61680.2866  4030424    4.18%
Elapsed time = 609.61 sec. (843569.96 ticks, tree = 1784.29 MB, solutions = 34)
 250997 223007    61745.1112   235    64370.0000    61680.4754  4052434    4.18%
 252712 224685    63856.6000   145    64370.0000    61680.5243  4076377    4.18%
 254114 226072    62161.5086   227    64370.0000    61680.6333  4103460    4.18%
 255704 227603    62719.4444   132    64370.0000    61680.6488  4125605    4.18%
 257372 229260    61792.8299   203    64370.0000    61680.7437  4149052    4.18%
 258766 230625    61727.0646   212    64370.0000    61680.8399  4169570    4.18%
 260235 232085    62456.9760   223    64370.0000    61680.9098  4196021    4.18%
 261501 233308    63263.0241   220    64370.0000    61681.0137  4219358    4.18%
 261964 233771    62853.0000   149    64370.0000    61681.0746  4226629    4.18%
 263613 235387    61804.0620   214    64370.0000    61681.3720  4251132    4.18%
Elapsed time = 637.42 sec. (882375.40 ticks, tree = 1898.92 MB, solutions = 34)
 265406 237166    61787.2780   244    64370.0000    61681.5202  4274247    4.18%
 267166 238882    61748.5606   275    64370.0000    61681.6643  4297152    4.18%
 268518 240216    62855.2322   180    64370.0000    61681.8055  4322534    4.18%
 270183 241843    61833.0239   207    64370.0000    61682.0500  4348454    4.18%
 271645 243259    61776.5008   206    64370.0000    61682.2656  4373072    4.18%
 273337 244913    61799.5178   215    64370.0000    61682.3082  4397696    4.18%
 274904 246464    62243.9459   170    64370.0000    61682.3518  4422389    4.18%
 276365 247872    61898.1741   211    64370.0000    61682.4112  4446544    4.18%
 277981 249473    61882.4636   198    64370.0000    61682.4112  4468179    4.18%
 279464 250923    63705.0000   117    64370.0000    61682.4112  4489792    4.18%
Elapsed time = 664.76 sec. (920914.14 ticks, tree = 2024.10 MB, solutions = 34)
 280912 252351    63600.0000   173    64370.0000    61682.4112  4513566    4.18%
 282371 253787    61748.1250   206    64370.0000    61682.4946  4537222    4.18%
 283264 254669    63903.0000   113    64370.0000    61682.4946  4557872    4.18%
 284636 256008    62202.2906   102    64370.0000    61682.4946  4584392    4.18%
 286099 257464    62214.7931   160    64370.0000    61682.4946  4616193    4.18%
 287303 258647    62284.0651   186    64370.0000    61682.4946  4643141    4.18%
 288771 260103    61748.1250   209    64370.0000    61682.4946  4672477    4.18%
 289847 261155    61712.1596   218    64370.0000    61682.5792  4697689    4.17%
 291364 262655    62961.0769   137    64370.0000    61682.5948  4722317    4.17%
 293069 264339    62804.5294   172    64370.0000    61682.5948  4750459    4.17%
Elapsed time = 695.42 sec. (960076.60 ticks, tree = 2131.49 MB, solutions = 34)
Nodefile size = 83.69 MB (34.14 MB after compression)
 294425 265672    61985.7463   196    64370.0000    61682.7122  4776866    4.17%
 295664 266899    62684.1620   200    64370.0000    61682.7828  4797451    4.17%
 297166 268388    61714.2350   201    64370.0000    61682.9113  4820022    4.17%
 298767 269946    61714.2234   239    64370.0000    61683.0687  4844229    4.17%
 300364 271527    63122.6087   107    64370.0000    61683.1798  4865360    4.17%
 301910 273055    62015.1175   201    64370.0000    61683.2631  4890049    4.17%
 303330 274455    infeasible          64370.0000    61683.3107  4914312    4.17%
 304725 275826    61927.5187   184    64370.0000    61683.3809  4938991    4.17%
 306188 277265    62164.3829   189    64370.0000    61683.4226  4960975    4.17%
 307703 278763    62031.7481   223    64370.0000    61683.5075  4979486    4.17%
Elapsed time = 729.35 sec. (1001175.27 ticks, tree = 2245.99 MB, solutions = 34)
Nodefile size = 198.17 MB (82.55 MB after compression)
 309083 280131    62117.4668   195    64370.0000    61683.6754  5001195    4.17%
 310264 281296    62345.5213   183    64370.0000    61683.6869  5022853    4.17%
 311829 282816    62551.2000   163    64370.0000    61683.8940  5044478    4.17%
 313390 284358    61993.6133   213    64370.0000    61684.1720  5065339    4.17%
 314445 285389    63197.0000    98    64370.0000    61684.2152  5090090    4.17%
 316009 286940    61815.0327   186    64370.0000    61684.2324  5109479    4.17%
 317504 288409    61948.0318   204    64370.0000    61684.2640  5130267    4.17%
 318738 289612    62961.7000   172    64370.0000    61684.3495  5152687    4.17%
 320174 290998    61749.4427   294    64370.0000    61684.5067  5178027    4.17%
 321323 292135    62678.4702   180    64370.0000    61684.5476  5198800    4.17%
Elapsed time = 762.26 sec. (1041442.82 ticks, tree = 2352.65 MB, solutions = 34)
Nodefile size = 304.75 MB (127.97 MB after compression)
 322977 293782    61878.4185   204    64370.0000    61684.6617  5221436    4.17%
 324294 295075    62490.6130   199    64370.0000    61684.7866  5243394    4.17%
 325064 295829    61867.0162   185    64370.0000    61684.8013  5259118    4.17%
 326664 297392    61939.3210   218    64370.0000    61684.8906  5283268    4.17%
 328366 299075    61891.8769   266    64370.0000    61684.9672  5308871    4.17%
 329730 300416    62759.7000   178    64370.0000    61684.9907  5333229    4.17%
 331213 301888        cutoff          64370.0000    61684.9907  5355896    4.17%
 332817 303478    61771.7529   192    64370.0000    61684.9907  5380550    4.17%
 334364 305011    61732.5562   234    64370.0000    61685.0214  5406001    4.17%
*335464+304353                        64162.0000    61685.1066             3.86%
 335464 304355    61867.6484   213    64162.0000    61685.1066  5422878    3.86%
Elapsed time = 796.75 sec. (1082387.37 ticks, tree = 2451.64 MB, solutions = 35)
Nodefile size = 404.27 MB (173.70 MB after compression)
 337001 305872    61895.6631   190    64162.0000    61685.2194  5442839    3.86%
 337966 306828    61903.6466   195    64162.0000    61685.2531  5454378    3.86%
 339426 308264    62063.6494   185    64162.0000    61685.3495  5476092    3.86%
 341166 309966    61794.1204   206    64162.0000    61685.4705  5497831    3.86%
Starting limited solution polishing.
*341464+309996                        64145.0000    61685.4705             3.83%
 341664 310196    61840.2093   196    64145.0000    61685.4705  5506009    3.83%
 341864 310396    61840.2093   171    64145.0000    61685.4705  5508694    3.83%
*341964+309497                        64108.0000    61685.4705             3.78%
 342258 309793    62074.8667   202    64108.0000    61685.4705  5514920    3.78%
*342464+309736                        64092.0000    61685.4705             3.75%
 342564 309836    62680.0000   158    64092.0000    61685.4705  5520296    3.75%
 342864 310130    61999.7402   182    64092.0000    61685.4705  5525099    3.75%
*343164+310169                        64086.0000    61685.4705             3.75%
 343264 310262    63048.4764   176    64086.0000    61685.4705  5531221    3.75%
Elapsed time = 829.99 sec. (1123560.19 ticks, tree = 2500.43 MB, solutions = 39)
Nodefile size = 452.90 MB (196.12 MB after compression)
 343627 310615    61831.2511   185    64086.0000    61685.4705  5535197    3.75%
*343964+310560                        64039.0000    61685.4705             3.68%
 344044 310642    62688.5941   170    64039.0000    61685.4705  5542606    3.68%
 344364 310950    61847.9344   165    64039.0000    61685.4705  5548793    3.68%
*344464+310427                        64004.0000    61685.4705             3.62%
*344564+310274                        63991.0000    61685.4705             3.60%
 344764 310471    61834.9403   181    63991.0000    61685.4705  5554533    3.60%
 344964 310666    61795.7310   189    63991.0000    61685.4705  5557549    3.60%
 345264 310963    63135.6349   178    63991.0000    61685.4705  5561374    3.60%
 345664 311343    61888.9166   184    63991.0000    61685.4705  5566171    3.60%
*345964+310641                        63939.0000    61685.4705             3.52%
 345964 310643    63713.9231   136    63939.0000    61685.4705  5570426    3.52%
 346364 311038    62410.1734   174    63939.0000    61685.4705  5576461    3.52%
 346564 311238    63678.0000    87    63939.0000    61685.4705  5578821    3.52%
Elapsed time = 866.41 sec. (1170532.65 ticks, tree = 2508.96 MB, solutions = 43)
Nodefile size = 461.81 MB (200.55 MB after compression)
*346864+307171                        63793.0000    61685.4705             3.30%
 346864 307173    62067.4966   209    63793.0000    61685.4705  5582184    3.30%
*346964+305643                        63715.0000    61685.4705             3.19%
*347128+293704                        63462.0000    61685.4705             2.80%
*347164+290854                        63361.0000    61685.4705             2.64%
 347164 290856    61881.7715   193    63361.0000    61685.4705  5586186    2.64%
 347464 291147    62423.3077   168    63361.0000    61685.4705  5595124    2.64%
 347664 291338    61892.0149   220    63361.0000    61685.4705  5597971    2.64%
 348064 291725    62277.4078   179    63361.0000    61685.4705  5604722    2.64%
 348464 292110    62591.2861   180    63361.0000    61685.4705  5611406    2.64%
 349839 293435    61919.0159   197    63361.0000    61685.4768  5631357    2.64%
 351029 294576    62498.4395   195    63361.0000    61685.5387  5655518    2.64%
 352385 295891    62003.8303   218    63361.0000    61685.5887  5677878    2.64%

Clique cuts applied:  9
Cover cuts applied:  187
Flow cuts applied:  10
Mixed integer rounding cuts applied:  136
Zero-half cuts applied:  53
Lift and project cuts applied:  3
Gomory fractional cuts applied:  7

Root node processing (before b&c):
  Real time             =    1.54 sec. (1939.85 ticks)
Sequential b&c:
  Real time             =  898.46 sec. (1211554.28 ticks)
                          ------------
Total (root+branch&cut) =  900.01 sec. (1213494.13 ticks)
MIP: [1;32mCPLEX finished.[0m
MIP: [1;32mCPLEX status: Feasible[0m
MIP: [1;32mSolution: 
[7, 43, 6, 10, 15, 29, 47, 47, 46, 9, 29, 40, 14, 6, 19, 24, 26, 31, 5, 10, 35, 44, 46, 4, 16, 8, 13, 29, 30, 20, 39, 17, 44, 51, 17, 45, 49, 14, 8, 38, 39, 8, 9, 39, 3, 19, 11, 51, 11, 46, 7, 47, 16, 38, 38, 30, 20, 1, 41, 52, 26, 34, 8, 45, 48, 52, 48, 11, 14, 6, 38, 25, 26, 27, 48, 50, 18, 49, 21, 48, 44, 44, 50, 28, 30, 10, 1, 25, 45, 13, 4, 14, 33, 52, 23, 43, 41, 28, 27, 49][-1, 24, -1, 24, 9, 6, 30, 31, 8, 21, 3, 5, -1, 2, 7, 5, 21, 14, 1, 8, 28, 15, -1, 13, 7, 2, 0, 17, 19, 6, 4, 3, -1, 3, 32, 16, -1, -1, 20, 32, 33, 11, -1, 33, 15, 11, 18, 13, 10, 9, 26, 30, 0][9, 13, 0, 25, 16, 26, 16, 27, 13, 8, 27, 7, -1, 19, 23, 21, 14, 16, 9, 8, 23, 15, -1, -1, 25, -1, 15, -1, 0, -1, 6, 26, 2, 14][0m
MIP: [1;32mObjective value: 63361[0m
MIP: [1;32mLower Bound: 61685.6[0m
MIP: [1;32mBranch-and-Bound nodes: 353364[0m

# best solution:
best objective value:	63361
best dual bound value:	61685
optimality gap:	2.64516%
CPU time:	896.479
