ifile	/scratch/csagturk/mlbp_inst/n0100_m05__091.inst
prob	TNFMLBP
threads	1
ttime	900
instance: /scratch/csagturk/mlbp_inst/n0100_m05__091.inst
	m=5, n=[100, 49, 32, 22, 20, 15]
MIP: [1;32minit CPLEX[0m
CAN: [1;35mcreated 7912 x_{ijk} and f_{ijk} variables[0m
CAN: [1;35mcreated 238 y_{ij} variables[0m
MIP: [1;32mcreated decision variables[0m
MIP: [1;32mcreated constraints[0m
MIP: [1;32mcreated objective function[0m
MIP: [1;32mcalling CPLEX solve ...[0m
Version identifier: 22.1.0.0 | 2022-03-09 | 1a383f8ce
CPXPARAM_Threads                                 1
CPXPARAM_TimeLimit                               900
Tried aggregator 5 times.
MIP Presolve eliminated 101 rows and 8624 columns.
MIP Presolve modified 744 coefficients.
Aggregator did 492 substitutions.
Reduced MIP has 1099 rows, 8076 columns, and 16137 nonzeros.
Reduced MIP has 7707 binaries, 0 generals, 0 SOSs, and 234 indicators.
Presolve time = 0.06 sec. (75.63 ticks)
Probing fixed 0 vars, tightened 136 bounds.
Probing changed sense of 123 constraints.
Probing time = 0.06 sec. (55.45 ticks)
Tried aggregator 1 time.
MIP Presolve eliminated 738 rows and 861 columns.
Reduced MIP has 361 rows, 7215 columns, and 14415 nonzeros.
Reduced MIP has 7215 binaries, 0 generals, 0 SOSs, and 0 indicators.
Presolve time = 0.02 sec. (17.58 ticks)
Tried aggregator 1 time.
Detecting symmetries...
Reduced MIP has 361 rows, 7215 columns, and 14415 nonzeros.
Reduced MIP has 7215 binaries, 0 generals, 0 SOSs, and 0 indicators.
Presolve time = 0.02 sec. (16.26 ticks)
Probing time = 0.00 sec. (3.41 ticks)
Clique table members: 1742.
MIP emphasis: balance optimality and feasibility.
MIP search method: dynamic search.
Parallel mode: none, using 1 thread.
Root relaxation solution time = 0.02 sec. (29.30 ticks)

        Nodes                                         Cuts/
   Node  Left     Objective  IInf  Best Integer    Best Bound    ItCnt     Gap

      0     0    81780.0880   158                  81780.0880      930         
      0     0    82112.0517   275                   Cuts: 190     1409         
      0     0    82209.6940   271                   Cuts: 190     2098         
      0     0    82257.5986   232                   Cuts: 190     2676         
      0     0    82263.1619   289                   Cuts: 190     3184         
      0     0    82280.4122   316                   Cuts: 186     3884         
      0     0    82290.9906   363                   Cuts: 190     4768         
      0     0    82309.3227   363                   Cuts: 190     5522         
      0     0    82326.2921   336                   Cuts: 190     6425         
      0     0    82374.6654   365                   Cuts: 180     7202         
      0     0    82478.0851   332                   Cuts: 185     8025         
      0     0    82585.1503   383                   Cuts: 163     8995         
      0     0    82630.7130   358                   Cuts: 158     9633         
      0     0    82640.4803   368                   Cuts: 188    10434         
      0     0    82668.5030   291                   Cuts: 125    11169         
      0     0    82681.4889   367                   Cuts: 152    11965         
      0     0    82693.3517   381                   Cuts: 158    12667         
*     0+    0                       123150.0000    82693.3517            32.85%
*     0+    0                       115435.0000    82693.3517            28.36%
*     0+    0                       109834.0000    82693.3517            24.71%
*     0+    0                       107571.0000    82693.3517            23.13%
*     0+    0                       104548.0000    82693.3517            20.90%
*     0+    0                        99015.0000    82693.3517            16.48%
*     0+    0                        96569.0000    82693.3517            14.37%
*     0+    0                        94202.0000    82693.3517            12.22%
*     0+    0                        93772.0000    82693.3517            11.81%
      0     0  -1.00000e+75     0    93772.0000    82693.3517    12667   11.81%
      0     2    82693.3517   242    93772.0000    82693.4356    12667   11.81%
Elapsed time = 3.28 sec. (4137.67 ticks, tree = 0.01 MB, solutions = 9)
     40    42    82743.9953   172    93772.0000    82696.5435    13911   11.81%
     70    72    83018.9140   147    93772.0000    82696.5435    15619   11.81%
    112   114    83689.0247   169    93772.0000    82696.5435    17168   11.81%
    187   189    83333.6844   102    93772.0000    82696.5435    18034   11.81%
    287   289    83347.6481   116    93772.0000    82696.5435    19691   11.81%
    360   362    83383.1071    99    93772.0000    82696.5435    22010   11.81%
    450   449    85599.0347   103    93772.0000    82696.5435    23867   11.81%

Performing restart 1

Repeating presolve.
Tried aggregator 1 time.
MIP Presolve modified 1249 coefficients.
Reduced MIP has 361 rows, 7215 columns, and 14415 nonzeros.
Reduced MIP has 7215 binaries, 0 generals, 0 SOSs, and 0 indicators.
Presolve time = 0.02 sec. (19.24 ticks)
Tried aggregator 1 time.
MIP Presolve modified 756 coefficients.
Reduced MIP has 361 rows, 7215 columns, and 14415 nonzeros.
Reduced MIP has 7215 binaries, 0 generals, 0 SOSs, and 0 indicators.
Presolve time = 0.02 sec. (21.77 ticks)
Represolve time = 0.18 sec. (141.63 ticks)
    460     0    82101.8415   291    93772.0000     Cuts: 190    27804   11.81%
    460     0    82433.3541   334    93772.0000     Cuts: 183    29014   11.81%
    460     0    82489.4842   326    93772.0000     Cuts: 190    29739   11.81%
*   460+    0                        93247.0000    82696.5435            11.31%
*   460+    0                        92633.0000    82696.5435            10.73%
    460     0  -1.00000e+75     0    92633.0000    82696.5435    29739   10.73%
    460     0    82618.4902   359    92633.0000     Cuts: 190    30411   10.73%
    460     0    82650.5996   375    92633.0000     Cuts: 190    31197   10.73%
    460     0    82703.7291   338    92633.0000     Cuts: 173    32048   10.72%
    460     0    82750.1415   349    92633.0000     Cuts: 172    32659   10.67%
    460     0    82766.2560   350    92633.0000     Cuts: 186    33297   10.65%
    460     0    82767.2610   362    92633.0000     Cuts: 164    33838   10.65%
    460     0    82767.6640   360    92633.0000     Cuts: 169    34436   10.65%
    460     0    82769.2606   349    92633.0000     Cuts: 147    35039   10.65%
    460     0    82770.2706   351    92633.0000     Cuts: 140    35710   10.65%
    460     0    82771.9555   298    92633.0000      Cuts: 77    36176   10.65%
    460     0    82772.9386   348    92633.0000     Cuts: 138    36617   10.64%
    460     0    82775.0310   333    92633.0000     Cuts: 102    37196   10.64%
    460     0    82775.1134   344    92633.0000     Cuts: 151    37661   10.64%
    460     0    82775.1918   339    92633.0000     Cuts: 106    38141   10.64%
    460     2    82775.1918   227    92633.0000    82781.4958    38141   10.63%
    462     4    82795.4504   206    92633.0000    82797.6124    38231   10.62%
    472    14    83369.0851   196    92633.0000    82807.7570    39494   10.61%
Elapsed time = 12.74 sec. (16188.80 ticks, tree = 0.10 MB, solutions = 11)
    500    42    84053.9917   160    92633.0000    82807.7570    40573   10.61%
    537    75    83615.8000   155    92633.0000    82845.2703    42609   10.57%
    649   183    82898.5447   188    92633.0000    82864.1597    44485   10.55%
    755   285    83563.5808   146    92633.0000    82873.8376    47091   10.54%
    867   387    83390.3629   162    92633.0000    82909.8990    49333   10.50%
    996   512    84490.0440   163    92633.0000    82911.3043    52566   10.49%
   1125   626    84303.3037   192    92633.0000    82927.3250    55735   10.48%
   1288   773    83290.7641   244    92633.0000    82942.0730    58550   10.46%
   1465   942    84896.5361   126    92633.0000    82965.2997    62812   10.44%
   1654  1115    infeasible          92633.0000    82998.5824    66707   10.40%
Elapsed time = 20.06 sec. (26292.84 ticks, tree = 9.27 MB, solutions = 11)
   1810  1253    83440.9970   156    92633.0000    83011.9777    71875   10.39%
   1969  1391    86280.7563   109    92633.0000    83012.0521    76947   10.39%
   2200  1559    84043.0654   195    92633.0000    83016.9317    80002   10.38%
   2347  1685    83059.9802   214    92633.0000    83017.5345    85332   10.38%
   2550  1871    83167.5729   175    92633.0000    83019.2628    90200   10.38%
   2833  2128    83061.8895   154    92633.0000    83020.7941    94748   10.38%
   3023  2296    83989.4841   112    92633.0000    83025.2272   100084   10.37%
   3195  2448    83213.3029   217    92633.0000    83028.6437   104985   10.37%
   3500  2740    86465.3529   125    92633.0000    83028.7095   110892   10.37%
   3750  2966    86079.6159   171    92633.0000    83033.3422   115624   10.36%
Elapsed time = 27.28 sec. (36308.65 ticks, tree = 24.71 MB, solutions = 11)
   3932  3128    83059.3225   201    92633.0000    83036.1533   121280   10.36%
   4178  3361    83168.1716   185    92633.0000    83037.2781   128368   10.36%
   4451  3621    85940.1874   118    92633.0000    83037.9383   135387   10.36%
   4710  3867    83585.4181   173    92633.0000    83041.4483   140503   10.35%
   4916  4065    85051.2706   131    92633.0000    83041.8185   145362   10.35%
   5169  4300    84914.1642   122    92633.0000    83044.2230   151003   10.35%
   5488  4596    86212.2043   112    92633.0000    83045.1933   156500   10.35%
   5759  4850    85031.8148   122    92633.0000    83047.2827   160980   10.35%
*  5860+ 4946                        92542.0000    83047.2827            10.26%
   6008  5084    84838.3546   167    92542.0000    83050.6660   165609   10.26%
   6266  5318    87561.2807   125    92542.0000    83052.9909   172621   10.25%
Elapsed time = 34.32 sec. (46028.76 ticks, tree = 44.44 MB, solutions = 12)
   6550  5583    85377.2773   166    92542.0000    83053.0719   176800   10.25%
   6759  5776    84245.8766   157    92542.0000    83057.4029   183043   10.25%
   7105  6109    85315.0407   148    92542.0000    83059.3091   189206   10.25%
   7475  6436    87426.2500   114    92542.0000    83059.3225   193398   10.25%
   7748  6685    83200.4181   192    92542.0000    83060.5673   199059   10.25%
   8067  6989    86759.4000   113    92542.0000    83060.9069   205372   10.25%
   8350  7257    89719.9649   118    92542.0000    83061.8302   210866   10.24%
   8665  7543    85875.3114   151    92542.0000    83063.5755   217974   10.24%
   8887  7749    83586.1880   170    92542.0000    83064.8417   223102   10.24%
   9122  7971    84909.1419   158    92542.0000    83068.1260   228746   10.24%
Elapsed time = 41.20 sec. (55647.75 ticks, tree = 66.62 MB, solutions = 12)
   9425  8242    83303.8925   182    92542.0000    83077.4869   234902   10.23%
*  9660+ 8458                        91986.0000    83077.5854             9.68%
*  9660+ 8458                        91889.0000    83077.5854             9.59%
*  9660+ 8163                        90406.0000    83077.5854             8.11%
   9660  8165    85734.3738   159    90406.0000    83077.5854   240216    8.11%
   9661  8166    83271.5698   189    90406.0000    83081.0121   240263    8.10%
   9921  8407    83199.7220   210    90406.0000    83082.5668   247291    8.10%
  10307  8755    88974.7109   122    90406.0000    83083.3752   254179    8.10%
  10575  9014    83394.2830   195    90406.0000    83085.5297   259382    8.10%
  10945  9369    86069.8699   136    90406.0000    83086.9137   264605    8.10%
  11202  9604    87998.7451   130    90406.0000    83088.9340   270304    8.09%
  11459  9836    83827.8827   155    90406.0000    83091.6356   275512    8.09%
  11460  9837    84087.7812   153    90406.0000    83091.6356   275529    8.09%
Elapsed time = 67.96 sec. (89430.58 ticks, tree = 82.49 MB, solutions = 15)
  11704 10062    83963.7284   143    90406.0000    83092.7721   281345    8.09%
  11940 10283    85756.5427   172    90406.0000    83094.5407   286698    8.09%
  12200 10521    85558.0057   123    90406.0000    83094.5407   293558    8.09%
  12449 10759    86308.5795   149    90406.0000    83094.9152   298672    8.09%
  12695 10983    85119.3676   148    90406.0000    83096.3588   305811    8.09%
  12948 11222    89010.4783   153    90406.0000    83096.9755   310939    8.08%
  13275 11521    83206.6257   197    90406.0000    83097.8513   316437    8.08%
  13565 11790    83536.4600   172    90406.0000    83102.6967   324377    8.08%
  13787 11998    85393.5354   159    90406.0000    83103.0636   329225    8.08%
  14036 12225    85915.7361   139    90406.0000    83104.1163   335278    8.08%
Elapsed time = 75.03 sec. (99087.49 ticks, tree = 102.34 MB, solutions = 15)
  14283 12444    83223.9191   215    90406.0000    83105.8835   340460    8.07%
  14514 12659    84396.3703   141    90406.0000    83105.9116   346976    8.07%
  14730 12859    85226.0049   160    90406.0000    83109.2870   352124    8.07%
  15047 13156    83281.8527   168    90406.0000    83110.4180   357545    8.07%
  15250 13351    86409.0389   171    90406.0000    83113.6436   362661    8.07%
  15499 13583    85050.0636   156    90406.0000    83114.5919   368916    8.07%
  15874 13934    90044.0000    69    90406.0000    83115.9166   373141    8.06%
  16086 14129    88251.5916   141    90406.0000    83116.8933   377208    8.06%
  16420 14429    88433.4343   130    90406.0000    83118.6561   383889    8.06%
  16692 14676    83142.5553   198    90406.0000    83119.4073   389709    8.06%
Elapsed time = 82.08 sec. (108908.34 ticks, tree = 122.81 MB, solutions = 15)
  17024 14992    86175.4013   142    90406.0000    83120.3509   395796    8.06%
  17320 15275    87208.4527   116    90406.0000    83120.9074   401821    8.06%
  17615 15541    84040.3132   161    90406.0000    83121.7795   407176    8.06%
  17878 15785    83336.9286   147    90406.0000    83124.1738   413778    8.05%
  18235 16130    83382.0736   155    90406.0000    83124.3447   418075    8.05%
  18502 16383    83786.5036   143    90406.0000    83125.1850   423881    8.05%
  18835 16695    83226.3799   220    90406.0000    83126.5275   428254    8.05%

Performing restart 2

Repeating presolve.
Tried aggregator 1 time.
MIP Presolve modified 756 coefficients.
Reduced MIP has 361 rows, 7215 columns, and 14415 nonzeros.
Reduced MIP has 7215 binaries, 0 generals, 0 SOSs, and 0 indicators.
Presolve time = 0.02 sec. (17.79 ticks)
Tried aggregator 1 time.
MIP Presolve modified 756 coefficients.
Reduced MIP has 361 rows, 7215 columns, and 14415 nonzeros.
Reduced MIP has 7215 binaries, 0 generals, 0 SOSs, and 0 indicators.
Presolve time = 0.02 sec. (21.77 ticks)
Represolve time = 0.29 sec. (212.42 ticks)
  19080     0    82803.5873   333    90406.0000     Cuts: 190   436876    8.05%
  19080     0    82824.0365   356    90406.0000     Cuts: 176   438002    8.05%
  19080     0    82826.3913   364    90406.0000     Cuts: 156   438777    8.05%
  19080     0    82828.3101   317    90406.0000     Cuts: 140   439302    8.05%
  19080     0    82829.0672   377    90406.0000     Cuts: 154   439828    8.05%
  19080     0    82831.6877   359    90406.0000     Cuts: 123   440633    8.05%
  19080     0    82833.8481   404    90406.0000     Cuts: 180   441310    8.05%
  19080     0    82834.6173   328    90406.0000     Cuts: 127   442071    8.05%
  19080     0    82834.6173   362    90406.0000     Cuts: 177   442608    8.05%
  19080     2    82834.6173   248    90406.0000    83126.9027   442608    8.05%
  19091    13    83085.0329   210    90406.0000    83126.9027   443454    8.05%
  19107    29    83892.7533   189    90406.0000    83126.9027   444689    8.05%
Elapsed time = 95.12 sec. (126677.31 ticks, tree = 0.18 MB, solutions = 15)
  19133    55    84984.5127   164    90406.0000    83126.9027   446314    8.05%
  19177    96    82907.1604   201    90406.0000    83126.9027   447641    8.05%
  19206   125    84060.3818   154    90406.0000    83126.9027   449153    8.05%
  19237   156    84357.3864   145    90406.0000    83126.9027   451866    8.05%
  19320   209    84651.0938   112    90406.0000    83126.9027   453071    8.05%
  19458   335    82864.4936   212    90406.0000    83126.9027   454020    8.05%
  19490   367    82881.6059   183    90406.0000    83126.9027   455415    8.05%
  19580   457    84129.5161   131    90406.0000    83126.9027   456635    8.05%
  19685   562    83061.0283   208    90406.0000    83126.9027   457487    8.05%
  19886   759    86494.4790   152    90406.0000    83126.9027   464738    8.05%
Elapsed time = 103.97 sec. (139257.85 ticks, tree = 5.27 MB, solutions = 15)
  20165  1026    87245.5484   162    90406.0000    83126.9027   472002    8.05%
  20448  1274    83777.4846   207    90406.0000    83126.9027   480376    8.05%
  20912  1723    87267.8696   174    90406.0000    83126.9027   488638    8.05%
  21270  2026    85242.7022   164    90406.0000    83126.9027   500416    8.05%
  21647  2381    84035.9173   163    90406.0000    83126.9027   513535    8.05%
  21991  2700    83128.3384   266    90406.0000    83126.9027   529469    8.05%
  22465  3151    88837.0000   127    90406.0000    83126.9027   546221    8.05%
  22872  3538    84696.6073   187    90406.0000    83126.9027   561312    8.05%
  23366  4003    83259.1843   280    90406.0000    83126.9027   576831    8.05%
  23857  4467    84184.5431   206    90406.0000    83126.9027   593981    8.05%
Elapsed time = 131.27 sec. (177726.14 ticks, tree = 33.32 MB, solutions = 15)
  24240  4830    83312.7992   246    90406.0000    83126.9027   608004    8.05%
  24527  5099    84361.5540   200    90406.0000    83126.9027   621827    8.05%
  24926  5477    84032.1335   166    90406.0000    83126.9027   637560    8.05%
  25254  5779    87331.9748   212    90406.0000    83126.9027   654262    8.05%
  25543  6036    83298.1178   202    90406.0000    83126.9027   671394    8.05%
  25843  6318    83216.6816   260    90406.0000    83126.9027   685806    8.05%
  26082  6541    84555.3075   198    90406.0000    83126.9027   706033    8.05%
  26294  6737    83008.4999   300    90406.0000    83126.9027   725688    8.05%
  26569  7003    84214.9879   222    90406.0000    83126.9027   741923    8.05%
  26849  7273    86614.4495   191    90406.0000    83126.9027   759313    8.05%
Elapsed time = 160.68 sec. (216167.23 ticks, tree = 56.13 MB, solutions = 15)
  27205  7611    83688.2790   183    90406.0000    83126.9027   778868    8.05%
  27521  7910    83676.4013   221    90406.0000    83126.9027   799495    8.05%
  28097  8452    83789.4721   203    90406.0000    83126.9027   815182    8.05%
  28524  8854    83247.7253   306    90406.0000    83126.9027   832560    8.05%
  28924  9238    83029.8720   332    90406.0000    83126.9027   850342    8.05%
  29080  9384    84192.8805   318    90406.0000    83126.9027   865546    8.05%
  29315  9605    83713.3307   312    90406.0000    83126.9027   882596    8.05%
  29618  9884    83598.4441   263    90406.0000    83126.9027   898220    8.05%
  29898 10138    86281.4337   180    90406.0000    83126.9027   920002    8.05%
  30080 10312    87259.0646   207    90406.0000    83126.9027   939084    8.05%
Elapsed time = 192.61 sec. (257829.80 ticks, tree = 83.07 MB, solutions = 15)
  30314 10524    83073.5047   303    90406.0000    83126.9027   957069    8.05%
  30766 10963    83777.5629   247    90406.0000    83126.9027   970676    8.05%
  31066 11252    84873.4929   218    90406.0000    83126.9027   987809    8.05%
  31466 11623    83370.1757   353    90406.0000    83126.9027  1002588    8.05%
  31664 11813    83593.2832   340    90406.0000    83126.9027  1018602    8.05%
  31791 11928    85288.1716   255    90406.0000    83126.9027  1037529    8.05%
  32008 12136    83586.3145   314    90406.0000    83126.9027  1056321    8.05%
  32242 12357    83419.1099   304    90406.0000    83126.9027  1072524    8.05%
  32510 12613    83121.9259   364    90406.0000    83126.9027  1089342    8.05%
  32675 12768        cutoff          90406.0000    83126.9027  1107793    8.05%
Elapsed time = 222.54 sec. (296467.89 ticks, tree = 107.79 MB, solutions = 15)
  32783 12865    83893.8008   307    90406.0000    83126.9027  1121519    8.05%
  32854 12932    83259.2194   341    90406.0000    83126.9027  1142874    8.05%
  33060 13133    85687.8075   295    90406.0000    83126.9027  1160497    8.05%
  33107 13174    84378.1628   271    90406.0000    83126.9027  1181527    8.05%
  33270 13328    83171.2262   325    90406.0000    83126.9027  1198495    8.05%
  33356 13410    83868.5265   339    90406.0000    83126.9027  1218105    8.05%
  33467 13517    84321.0025   278    90406.0000    83126.9027  1235334    8.05%
  33534 13580    84143.9348   354    90406.0000    83126.9027  1249013    8.05%
  33614 13654    83423.0820   388    90406.0000    83126.9027  1265893    8.05%
  33681 13715    83496.0656   308    90406.0000    83126.9027  1278337    8.05%
Elapsed time = 253.88 sec. (335967.76 ticks, tree = 118.83 MB, solutions = 15)
  33717 13751    85384.8435   372    90406.0000    83126.9027  1295317    8.05%
  33784 13813    86090.5245   267    90406.0000    83126.9027  1312298    8.05%
  33884 13902    83633.8208   351    90406.0000    83126.9027  1324805    8.05%
  33963 13975    83720.7149   373    90406.0000    83126.9027  1337780    8.05%
  34046 14055    83751.2093   337    90406.0000    83126.9027  1353586    8.05%
  34086 14095    84491.8339   246    90406.0000    83126.9027  1354782    8.05%
  34244 14244    83521.1316   399    90406.0000    83126.9027  1370171    8.05%
  34414 14407    83425.6940   446    90406.0000    83126.9027  1389684    8.05%
  34624 14602    84013.2013   395    90406.0000    83126.9027  1403973    8.05%
  34812 14784    84405.0536   312    90406.0000    83126.9027  1420309    8.05%
Elapsed time = 285.07 sec. (376175.36 ticks, tree = 132.43 MB, solutions = 15)
  35011 14976    87895.5954   188    90406.0000    83126.9027  1433726    8.05%
* 35080+15029                        90271.0000    83126.9027             7.91%
  35195 15138    84546.4260   298    90271.0000    83126.9027  1449954    7.91%
  35440 15365    83958.6652   328    90271.0000    83126.9027  1468523    7.91%
  35530 15449    infeasible          90271.0000    83126.9027  1490069    7.91%
  35557 15476    84769.3816   425    90271.0000    83126.9027  1503805    7.91%
  35657 15570    84148.5222   410    90271.0000    83126.9027  1519273    7.91%
  35816 15721    84145.3627   295    90271.0000    83126.9027  1535640    7.91%
  35901 15800    87040.9146   244    90271.0000    83126.9027  1553061    7.91%
  35930 15826    85375.3241   401    90271.0000    83126.9027  1572733    7.91%
  36054 15928    83992.1064   311    90271.0000    83126.9027  1592375    7.91%
Elapsed time = 316.11 sec. (414965.84 ticks, tree = 148.05 MB, solutions = 16)
  36281 16144    83252.7566   417    90271.0000    83126.9027  1598826    7.91%
  36393 16252    88103.3877   363    90271.0000    83126.9027  1618805    7.91%
  36478 16331    infeasible          90271.0000    83126.9027  1638446    7.91%
  36563 16412    83691.9395   291    90271.0000    83126.9027  1654051    7.91%
  36669 16510    84311.0636   428    90271.0000    83126.9027  1670984    7.91%
  36708 16549    85131.3356   316    90271.0000    83126.9027  1692355    7.91%
  36846 16674    83205.0128   436    90271.0000    83126.9027  1709157    7.91%
  36937 16761    85756.8685   218    90271.0000    83126.9027  1726209    7.91%
  37059 16869    83631.4811   369    90271.0000    83126.9027  1746666    7.91%
  37080 16890    83947.2184   371    90271.0000    83126.9027  1751675    7.91%
Elapsed time = 349.01 sec. (456119.90 ticks, tree = 162.59 MB, solutions = 16)
  37179 16983    83569.4776   433    90271.0000    83126.9027  1772697    7.91%
  37292 17090    84247.8858   425    90271.0000    83126.9027  1792862    7.91%
  37341 17139    87146.3614   356    90271.0000    83126.9027  1815320    7.91%
  37428 17208    83399.3066   399    90271.0000    83126.9027  1837215    7.91%
  37757 17520    83994.3813   387    90271.0000    83126.9027  1851506    7.91%
  38049 17808    90060.8897   216    90271.0000    83126.9027  1871023    7.91%
  38127 17882    84250.5214   434    90271.0000    83126.9027  1886113    7.91%
  38355 18105    89201.0000   145    90271.0000    83126.9027  1901822    7.91%
  38475 18213    84699.3169   354    90271.0000    83126.9027  1921518    7.91%
  38579 18308    87601.6524   213    90271.0000    83126.9027  1941069    7.91%
Elapsed time = 381.68 sec. (496533.80 ticks, tree = 184.35 MB, solutions = 16)
  38648 18370    85532.7609   243    90271.0000    83126.9027  1957484    7.91%
  39065 18767    83776.9179   458    90271.0000    83126.9027  1976676    7.91%
  39080 18782    84448.5606   304    90271.0000    83126.9027  1984291    7.91%
  39341 19036    86089.6234   405    90271.0000    83126.9027  1999709    7.91%
  39427 19116    84311.7054   306    90271.0000    83126.9027  2018476    7.91%
  39578 19259    83992.5278   290    90271.0000    83126.9027  2037099    7.91%
  39684 19355    83469.5238   439    90271.0000    83126.9027  2057683    7.91%
  39823 19490    83721.6574   351    90271.0000    83126.9027  2074331    7.91%
  39895 19556    83876.6541   339    90271.0000    83126.9027  2089730    7.91%
  39971 19628    83921.5220   397    90271.0000    83126.9027  2104849    7.91%
Elapsed time = 413.35 sec. (536282.95 ticks, tree = 205.33 MB, solutions = 16)
  40066 19719    83182.0690   421    90271.0000    83126.9027  2122694    7.91%
* 40080+19719                        90217.0000    83126.9027             7.86%
  40097 19738    83724.5915   337    90217.0000    83126.9027  2143819    7.86%
  40287 19904    83505.2473   442    90217.0000    83126.9027  2166778    7.86%
  40365 19978    83652.6363   401    90217.0000    83126.9027  2187166    7.86%
  40528 20133    83168.9665   471    90217.0000    83126.9027  2209744    7.86%
  40633 20235    84008.5311   432    90217.0000    83126.9027  2231579    7.86%
  40734 20331    85792.3688   347    90217.0000    83126.9027  2253177    7.86%
  40818 20411    86779.1272   316    90217.0000    83126.9027  2271935    7.86%
  40915 20498    83985.2965   440    90217.0000    83126.9027  2289258    7.86%
  41015 20596    87089.0101   311    90217.0000    83126.9027  2310658    7.86%
Elapsed time = 448.45 sec. (578135.88 ticks, tree = 221.43 MB, solutions = 17)
  41069 20646    84058.7667   384    90217.0000    83126.9027  2329759    7.86%
  41101 20678    84144.2856   282    90217.0000    83126.9027  2330701    7.86%
  41179 20754    86634.9365   333    90217.0000    83126.9027  2351890    7.86%
  41205 20776    83995.1898   401    90217.0000    83126.9027  2372454    7.86%
  41292 20859    84179.7277   467    90217.0000    83126.9027  2392346    7.86%
  41391 20958    84636.5989   249    90217.0000    83126.9027  2411639    7.86%
  41422 20985    84397.1514   350    90217.0000    83126.9027  2431151    7.86%
  41512 21063    83185.9186   408    90217.0000    83126.9027  2454532    7.86%
  41603 21150    86213.1394   266    90217.0000    83126.9027  2476558    7.86%
  41715 21254    86163.9365   407    90217.0000    83126.9027  2493658    7.86%
Elapsed time = 482.22 sec. (618604.35 ticks, tree = 232.88 MB, solutions = 17)
  41747 21284    infeasible          90217.0000    83126.9027  2514723    7.86%
  41795 21323    83258.9468   498    90217.0000    83126.9027  2535295    7.86%
  41825 21353    84043.5691   351    90217.0000    83126.9027  2553873    7.86%
  41873 21397    83728.8278   435    90217.0000    83126.9027  2572200    7.86%
  41893 21417    84631.4552   467    90217.0000    83126.9027  2595015    7.86%
  41959 21483    84982.0161   382    90217.0000    83126.9027  2617594    7.86%
* 42080+18474                        88056.0000    83126.9027             5.60%
  42080 18476    84272.0874   402    88056.0000    83126.9027  2635298    5.60%
  42225 18615    85222.6112   365    88056.0000    83126.9027  2653078    5.60%
  42269 18647    86693.2221   360    88056.0000    83126.9027  2668584    5.60%
  42283 18657    84098.4218   392    88056.0000    83126.9027  2682813    5.60%
Elapsed time = 518.37 sec. (660476.03 ticks, tree = 204.92 MB, solutions = 18)
  42341 18711    84553.8678   257    88056.0000    83126.9027  2703663    5.60%
  42433 18796    83915.0028   355    88056.0000    83126.9027  2724965    5.60%
  42479 18842    84036.1563   319    88056.0000    83126.9027  2745349    5.60%
  42547 18910    87541.3243   253    88056.0000    83126.9027  2766868    5.60%
  42584 18944    84492.9777   272    88056.0000    83126.9027  2784297    5.60%
  42667 19021    83791.8061   407    88056.0000    83126.9027  2798958    5.60%
  42808 19157    83466.4855   422    88056.0000    83126.9027  2813541    5.60%
  42819 19168    83605.6786   374    88056.0000    83126.9027  2829952    5.60%
  42835 19184    83781.5384   337    88056.0000    83126.9027  2846284    5.60%
  42902 19249    87173.3504   371    88056.0000    83126.9027  2858100    5.60%
Elapsed time = 552.62 sec. (700161.61 ticks, tree = 216.02 MB, solutions = 18)
  42935 19278    84489.9273   396    88056.0000    83126.9027  2873157    5.60%
  42955 19298    84845.5415   295    88056.0000    83126.9027  2889202    5.60%
  43035 19370    83781.0425   397    88056.0000    83126.9027  2906681    5.60%
  43049 19384    84009.0362   391    88056.0000    83126.9027  2923645    5.60%
  43080 19415    84068.0442   310    88056.0000    83126.9027  2930218    5.60%
  43109 19440    83858.7054   382    88056.0000    83126.9027  2945957    5.60%
  43126 19457    84009.1891   346    88056.0000    83126.9027  2966085    5.60%
  43167 19498    84080.2477   346    88056.0000    83126.9027  2988234    5.60%
  43244 19564    83550.3427   442    88056.0000    83126.9027  3001545    5.60%
  43266 19586    83880.2138   389    88056.0000    83126.9027  3020281    5.60%
Elapsed time = 588.91 sec. (743341.05 ticks, tree = 222.45 MB, solutions = 18)
  43330 19648    87198.1326   360    88056.0000    83126.9027  3039190    5.60%
  43346 19659    83548.8619   438    88056.0000    83126.9027  3057950    5.60%
  43379 19692    85557.3343   355    88056.0000    83126.9027  3077696    5.60%
  43442 19754    86690.1313   299    88056.0000    83126.9027  3093343    5.60%
  43460 19768    83883.7977   381    88056.0000    83126.9027  3110653    5.60%
  43474 19782    84126.5688   285    88056.0000    83126.9027  3131021    5.60%
  43575 19872    84067.8902   403    88056.0000    83126.9027  3147488    5.60%
  43676 19966    83612.7389   470    88056.0000    83126.9027  3167191    5.60%
  43687 19977    83961.1881   417    88056.0000    83126.9027  3188151    5.60%
  43744 20033    86890.0669   350    88056.0000    83126.9027  3208328    5.60%
Elapsed time = 623.82 sec. (784347.46 ticks, tree = 231.06 MB, solutions = 18)
  43815 20098    84482.9481   437    88056.0000    83126.9027  3225820    5.60%
  43850 20129    83261.9510   441    88056.0000    83126.9027  3242930    5.60%
  43992 20267    84140.7410   482    88056.0000    83126.9027  3264374    5.60%
  44017 20292    84965.6826   240    88056.0000    83126.9027  3283424    5.60%
  44073 20338    83663.8927   375    88056.0000    83126.9027  3303715    5.60%
* 44080+17755                        86768.0000    83126.9027             4.20%
  44196 17868    83578.8887   382    86768.0000    83126.9027  3316271    4.20%
  44278 17948    86447.9016   346    86768.0000    83126.9027  3334874    4.20%
  44312 17975    84081.3212   434    86768.0000    83126.9027  3350337    4.20%
  44424 18083    83557.2229   481    86768.0000    83126.9027  3371368    4.20%
  44526 18185    84144.5008   338    86768.0000    83126.9027  3389074    4.20%
Elapsed time = 658.58 sec. (824997.30 ticks, tree = 215.57 MB, solutions = 19)
  44554 18209    84564.2394   411    86768.0000    83126.9027  3409032    4.20%
  44583 18228    84408.2279   487    86768.0000    83126.9027  3433276    4.20%
  44687 18330        cutoff          86768.0000    83126.9027  3451312    4.20%
  44712 18348    83398.9138   440    86768.0000    83126.9027  3467290    4.20%
  44754 18390    84319.5036   377    86768.0000    83126.9027  3481356    4.20%
  44797 18429    83749.6450   342    86768.0000    83126.9027  3497716    4.20%
  44905 18528    84138.4234   394    86768.0000    83126.9027  3512908    4.20%
  44941 18564    86046.1366   349    86768.0000    83126.9027  3527317    4.20%
  45006 18627    infeasible          86768.0000    83126.9027  3548390    4.20%
  45076 18687    84309.8401   271    86768.0000    83126.9027  3562180    4.20%
Elapsed time = 693.92 sec. (866586.53 ticks, tree = 225.47 MB, solutions = 19)
  45080 18691    84318.5061   264    86768.0000    83126.9027  3562343    4.20%
  45198 18777    84641.0920   391    86768.0000    83126.9027  3581108    4.20%
  45227 18805    85184.2510   301    86768.0000    83126.9027  3596036    4.20%
  45250 18823    83841.7629   483    86768.0000    83126.9027  3614865    4.20%
  45316 18885        cutoff          86768.0000    83126.9027  3629014    4.20%
  45412 18979    86104.1227   368    86768.0000    83126.9027  3645362    4.20%
  45442 19002    85191.6271   321    86768.0000    83126.9027  3660745    4.20%
  45470 19023    84279.1919   404    86768.0000    83126.9027  3679468    4.20%
  45487 19040    84447.9076   316    86768.0000    83126.9027  3695319    4.20%
  45564 19112    83879.2540   507    86768.0000    83126.9027  3710405    4.20%
Elapsed time = 727.21 sec. (908046.51 ticks, tree = 233.88 MB, solutions = 19)
  45659 19194    83498.7712   429    86768.0000    83126.9027  3726601    4.20%
  45677 19212    84214.3883   349    86768.0000    83126.9027  3744172    4.20%
  45774 19305    83749.0863   422    86768.0000    83126.9027  3761692    4.20%
  45847 19372    84397.5385   426    86768.0000    83126.9027  3775938    4.20%
  45865 19390    85776.7262   381    86768.0000    83126.9027  3793761    4.20%
  45911 19428    83543.2959   453    86768.0000    83126.9027  3812793    4.20%
  45948 19465    84689.6089   352    86768.0000    83126.9027  3830202    4.20%
  45961 19478    84780.4045   390    86768.0000    83126.9027  3849187    4.20%
  46038 19549    85917.2997   353    86768.0000    83126.9399  3871987    4.20%
  46049 19560    86019.8414   369    86768.0000    83126.9399  3892050    4.20%
Elapsed time = 760.57 sec. (948776.41 ticks, tree = 242.75 MB, solutions = 19)
  46081 19588    84599.0026   375    86768.0000    83128.0192  3914290    4.20%
  46177 19678    84005.3558   388    86768.0000    83128.5342  3931092    4.19%
  46239 19738    85029.5861   293    86768.0000    83128.5342  3949937    4.19%
  46304 19797    85099.6537   333    86768.0000    83129.2362  3966060    4.19%
  46392 19880    84310.7173   391    86768.0000    83129.2825  3985218    4.19%
  46431 19919    84689.4604   295    86768.0000    83129.2825  4004416    4.19%
  46510 19994    85868.9616   428    86768.0000    83131.3781  4024538    4.19%
  46618 20097    83646.5432   244    86768.0000    83131.5543  4042105    4.19%
  46644 20119    84089.8815   403    86768.0000    83132.6558  4062018    4.19%
  46719 20185    84232.8240   333    86768.0000    83134.2267  4082122    4.19%
Elapsed time = 793.95 sec. (989406.13 ticks, tree = 255.12 MB, solutions = 19)
  46743 20209    84573.3660   342    86768.0000    83134.2267  4102418    4.19%
  46894 20352    83599.4832   431    86768.0000    83136.4769  4121549    4.19%
  46911 20369    84492.6072   440    86768.0000    83136.4769  4143985    4.19%
  46985 20435    84598.6009   405    86768.0000    83137.3478  4162749    4.18%
  47030 20474    83719.0460   363    86768.0000    83137.6976  4181733    4.18%
  47060 20503    85625.9203   404    86768.0000    83137.6976  4199876    4.18%
  47079 20522    85722.7380   372    86768.0000    83137.6976  4219850    4.18%
Starting limited solution polishing.
  47108 20546    84300.6526   436    86768.0000    83137.9026  4234728    4.18%
  47147 20583    85178.7717   405    86768.0000    83137.9026  4254772    4.18%
  47180 20608    84117.6616   334    86768.0000    83138.3569  4273776    4.18%
Elapsed time = 830.36 sec. (1035215.09 ticks, tree = 263.47 MB, solutions = 19)
  47208 20634    86317.0535   371    86768.0000    83138.3569  4297611    4.18%
  47223 20647    86854.6542   323    86768.0000    83138.3569  4320337    4.18%
  47257 20677    84375.5926   375    86768.0000    83139.4243  4340798    4.18%
  47279 20699    84442.3162   385    86768.0000    83139.4243  4359081    4.18%
* 47280+20558                        86716.0000    83139.4243             4.12%
  47280 20560    84443.3576   352    86716.0000    83139.4243  4359221    4.12%
  47343 20619    83641.0662   403    86716.0000    83140.4007  4375387    4.12%
  47355 20631    84071.4318   336    86716.0000    83140.4007  4394596    4.12%
  47369 20645    84155.9523   337    86716.0000    83140.4007  4411480    4.12%
  47380 20656    84168.6634   349    86716.0000    83140.4007  4414663    4.12%
  47480 20751    84355.8602   338    86716.0000    83140.9087  4427847    4.12%
Elapsed time = 869.47 sec. (1085706.77 ticks, tree = 267.53 MB, solutions = 20)
  47522 20789    84119.3344   392    86716.0000    83141.3635  4446502    4.12%
  47561 20821    84443.7435   339    86716.0000    83141.9273  4461539    4.12%
* 47580+20774                        86692.0000    83141.9273             4.10%
  47581 20777    84718.6522   252    86692.0000    83141.9273  4474177    4.10%
  47673 20847    83465.9404   483    86692.0000    83142.1632  4491227    4.09%
  47717 20891    86094.2853   390    86692.0000    83142.1632  4507507    4.09%
  47733 20907    86294.0811   332    86692.0000    83142.1632  4524779    4.09%
  47763 20928        cutoff          86692.0000    83143.1891  4540051    4.09%

Clique cuts applied:  57
Cover cuts applied:  1079
Implied bound cuts applied:  2
Flow cuts applied:  37
Mixed integer rounding cuts applied:  542
Zero-half cuts applied:  78
Lift and project cuts applied:  3
Gomory fractional cuts applied:  17

Root node processing (before b&c):
  Real time             =    3.25 sec. (4110.10 ticks)
Sequential b&c:
  Real time             =  896.76 sec. (1121276.77 ticks)
                          ------------
Total (root+branch&cut) =  900.01 sec. (1125386.87 ticks)
MIP: [1;32mCPLEX finished.[0m
MIP: [1;32mCPLEX status: Feasible[0m
MIP: [1;32mSolution: 
[40, 26, 28, 13, 1, 48, 41, 48, 12, 24, 30, 34, 41, 23, 45, 7, 26, 14, 16, 27, 47, 22, 4, 25, 44, 31, 3, 33, 17, 3, 9, 37, 48, 42, 25, 26, 35, 48, 43, 14, 16, 20, 32, 21, 35, 27, 46, 5, 1, 16, 22, 25, 29, 28, 20, 24, 37, 7, 15, 5, 34, 32, 12, 21, 41, 29, 46, 23, 8, 31, 15, 12, 40, 44, 22, 14, 9, 28, 19, 13, 11, 8, 38, 18, 17, 45, 43, 13, 17, 11, 0, 10, 10, 13, 3, 20, 27, 29, 14, 16][18, 30, -1, 12, 20, 2, -1, 0, 27, 10, 31, 15, 24, 2, 23, 18, 21, 11, 10, 22, 24, 16, 11, 7, 8, 26, 20, 14, 8, 13, 15, 23, 21, 29, 26, 19, -1, 29, 8, -1, 30, 6, 8, 14, 4, 7, 4, 1, 22][9, 9, 4, -1, 3, -1, 7, 14, 11, -1, 4, 5, 10, 15, 14, 13, 21, -1, 20, 7, 7, 2, 20, 10, 21, -1, 5, 15, -1, 4, 13, 14][-1, -1, 9, 19, 7, 16, -1, 3, -1, 9, 8, 16, -1, 4, 19, 8, -1, -1, -1, -1, 14, 9][-1, -1, -1, 7, 8, -1, -1, 8, 7, 4, -1, -1, -1, -1, 6, -1, 6, -1, -1, 4][0m
MIP: [1;32mObjective value: 86692[0m
MIP: [1;32mLower Bound: 83143.2[0m
MIP: [1;32mBranch-and-Bound nodes: 47780[0m

# best solution:
best objective value:	86692
best dual bound value:	83143
optimality gap:	4.0938%
CPU time:	897.783
